2015/01/26 07:09:17.417 -----------
2015/01/26 07:09:17.419 API InitInstance 
2015/01/26 07:09:17.420 SKOSQuoteLib_RequestServerTime   SK_ERROR_INITIALIZE_FAIL 
2015/01/26 07:09:45.168 SKOSQuoteLib_RequestServerTime   SK_ERROR_INITIALIZE_FAIL 
2015/01/26 07:09:47.163 SKOSQuoteLib_RequestServerTime   SK_ERROR_INITIALIZE_FAIL 
2015/01/26 07:10:02.164 SKOSQuoteLib_RequestServerTime   SK_ERROR_INITIALIZE_FAIL 
2015/01/26 07:10:17.174 SKOSQuoteLib_RequestServerTime   SK_ERROR_INITIALIZE_FAIL 
2015/01/26 07:10:32.178 SKOSQuoteLib_RequestServerTime   SK_ERROR_INITIALIZE_FAIL 
2015/01/26 07:10:47.192 SKOSQuoteLib_RequestServerTime   SK_ERROR_INITIALIZE_FAIL 
2015/01/26 07:11:02.197 SKOSQuoteLib_RequestServerTime   SK_ERROR_INITIALIZE_FAIL 
2015/01/26 07:11:17.205 SKOSQuoteLib_RequestServerTime   SK_ERROR_INITIALIZE_FAIL 
2015/01/26 07:11:32.212 SKOSQuoteLib_RequestServerTime   SK_ERROR_INITIALIZE_FAIL 
2015/01/26 07:11:47.217 SKOSQuoteLib_RequestServerTime   SK_ERROR_INITIALIZE_FAIL 
2015/01/26 07:12:02.225 SKOSQuoteLib_RequestServerTime   SK_ERROR_INITIALIZE_FAIL 
2015/01/26 07:12:17.237 SKOSQuoteLib_RequestServerTime   SK_ERROR_INITIALIZE_FAIL 
2015/01/26 07:12:32.236 SKOSQuoteLib_RequestServerTime   SK_ERROR_INITIALIZE_FAIL 
2015/01/26 07:12:47.245 SKOSQuoteLib_RequestServerTime   SK_ERROR_INITIALIZE_FAIL 
2015/01/26 07:13:02.250 SKOSQuoteLib_RequestServerTime   SK_ERROR_INITIALIZE_FAIL 
2015/01/26 07:13:17.262 SKOSQuoteLib_RequestServerTime   SK_ERROR_INITIALIZE_FAIL 
2015/01/26 07:13:32.267 SKOSQuoteLib_RequestServerTime   SK_ERROR_INITIALIZE_FAIL 
2015/01/26 07:13:47.276 SKOSQuoteLib_RequestServerTime   SK_ERROR_INITIALIZE_FAIL 
2015/01/26 07:14:02.282 SKOSQuoteLib_RequestServerTime   SK_ERROR_INITIALIZE_FAIL 
2015/01/26 07:14:17.289 SKOSQuoteLib_RequestServerTime   SK_ERROR_INITIALIZE_FAIL 
2015/01/26 07:14:32.299 SKOSQuoteLib_RequestServerTime   SK_ERROR_INITIALIZE_FAIL 
2015/01/26 07:14:47.306 SKOSQuoteLib_RequestServerTime   SK_ERROR_INITIALIZE_FAIL 
2015/01/26 07:15:02.312 SKOSQuoteLib_RequestServerTime   SK_ERROR_INITIALIZE_FAIL 
2015/01/26 07:15:17.322 SKOSQuoteLib_RequestServerTime   SK_ERROR_INITIALIZE_FAIL 
2015/01/26 07:15:32.324 SKOSQuoteLib_RequestServerTime   SK_ERROR_INITIALIZE_FAIL 
2015/01/26 07:15:47.334 SKOSQuoteLib_RequestServerTime   SK_ERROR_INITIALIZE_FAIL 
2015/01/26 07:16:02.338 SKOSQuoteLib_RequestServerTime   SK_ERROR_INITIALIZE_FAIL 
2015/01/26 07:16:17.345 SKOSQuoteLib_RequestServerTime   SK_ERROR_INITIALIZE_FAIL 
2015/01/26 07:16:32.356 SKOSQuoteLib_RequestServerTime   SK_ERROR_INITIALIZE_FAIL 
2015/01/26 07:16:47.363 SKOSQuoteLib_RequestServerTime   SK_ERROR_INITIALIZE_FAIL 
2015/01/26 07:17:02.371 SKOSQuoteLib_RequestServerTime   SK_ERROR_INITIALIZE_FAIL 
2015/01/26 07:17:17.378 SKOSQuoteLib_RequestServerTime   SK_ERROR_INITIALIZE_FAIL 
2015/01/26 07:17:32.384 SKOSQuoteLib_RequestServerTime   SK_ERROR_INITIALIZE_FAIL 
2015/01/26 07:17:47.394 SKOSQuoteLib_RequestServerTime   SK_ERROR_INITIALIZE_FAIL 
2015/01/26 07:18:02.399 SKOSQuoteLib_RequestServerTime   SK_ERROR_INITIALIZE_FAIL 
2015/01/26 07:18:17.403 SKOSQuoteLib_RequestServerTime   SK_ERROR_INITIALIZE_FAIL 
2015/01/26 07:18:32.418 SKOSQuoteLib_RequestServerTime   SK_ERROR_INITIALIZE_FAIL 
2015/01/26 07:18:47.422 SKOSQuoteLib_RequestServerTime   SK_ERROR_INITIALIZE_FAIL 
2015/01/26 07:19:02.430 SKOSQuoteLib_RequestServerTime   SK_ERROR_INITIALIZE_FAIL 
2015/01/26 07:19:05.054 API ExitInstance 
2015/01/26 07:19:37.225 -----------
2015/01/26 07:19:37.226 API InitInstance 
2015/01/26 07:19:37.227 SKOSQuoteLib_RequestServerTime   SK_ERROR_INITIALIZE_FAIL 
2015/01/26 07:19:47.857 API ExitInstance 
2015/01/26 07:40:11.479 -----------
2015/01/26 07:40:11.480 API InitInstance 
2015/01/26 07:40:11.485 SKOSQuoteLib_Initialize  ID：E122828927
2015/01/26 07:40:11.487 SKOSQuoteLib_Initialize  Server：https://order2.capital.com.tw/
2015/01/26 07:40:13.354 SKOSQuoteLib_EnterMonitor(0)
2015/01/26 07:40:13.355 Connect FORT03.capital.com.tw 443
2015/01/26 07:40:13.493 SKOSQuoteLib_AttachConnectCallBack
2015/01/26 07:40:13.495 SKOSQuoteLib_AttachQuoteCallBack
2015/01/26 07:40:13.497 SKOSQuoteLib_AttachTicksCallBack
2015/01/26 07:40:13.499 SKOSQuoteLib_AttachBest5CallBack
2015/01/26 07:40:13.501 SKOSQuoteLib_AttachServerTimeCallBack
2015/01/26 07:40:13.502 SKOSQuoteLib_AttachHistoryTicksGetCallBack
2015/01/26 07:40:15.084 SKOSQuoteLib_EnterMonitor(0)
2015/01/26 07:40:15.085 Connect FORT03.capital.com.tw 443
2015/01/26 07:40:18.158 SK_SUBJECT_CONNECTION_CONNECTED，Code: 0
2015/01/26 07:40:18.164 SK_SUBJECT_CONNECTION_CONNECTED，Code: 0
2015/01/26 07:40:19.349 SKOSQuoteLib_RequestServerTime()
2015/01/26 07:40:30.682 SKOSQuoteLib_RequestServerTime()
2015/01/26 07:40:45.688 SKOSQuoteLib_RequestServerTime()
2015/01/26 07:41:00.698 SKOSQuoteLib_RequestServerTime()
2015/01/26 07:41:15.709 SKOSQuoteLib_RequestServerTime()
2015/01/26 07:41:30.712 SKOSQuoteLib_RequestServerTime()
2015/01/26 07:41:45.721 SKOSQuoteLib_RequestServerTime()
2015/01/26 07:42:00.728 SKOSQuoteLib_RequestServerTime()
2015/01/26 07:42:15.734 SKOSQuoteLib_RequestServerTime()
2015/01/26 07:42:30.742 SKOSQuoteLib_RequestServerTime()
2015/01/26 07:42:45.749 SKOSQuoteLib_RequestServerTime()
2015/01/26 07:43:00.758 SKOSQuoteLib_RequestServerTime()
2015/01/26 07:43:15.767 SKOSQuoteLib_RequestServerTime()
2015/01/26 07:43:30.772 SKOSQuoteLib_RequestServerTime()
2015/01/26 07:43:45.779 SKOSQuoteLib_RequestServerTime()
2015/01/26 07:44:00.787 SKOSQuoteLib_RequestServerTime()
2015/01/26 07:44:15.797 SKOSQuoteLib_RequestServerTime()
2015/01/26 07:44:30.801 SKOSQuoteLib_RequestServerTime()
2015/01/26 07:44:45.809 SKOSQuoteLib_RequestServerTime()
2015/01/26 07:45:00.813 SKOSQuoteLib_RequestServerTime()
2015/01/26 07:45:15.823 SKOSQuoteLib_RequestServerTime()
2015/01/26 07:45:30.835 SKOSQuoteLib_RequestServerTime()
2015/01/26 07:45:45.835 SKOSQuoteLib_RequestServerTime()
2015/01/26 07:46:00.847 SKOSQuoteLib_RequestServerTime()
2015/01/26 07:46:15.853 SKOSQuoteLib_RequestServerTime()
2015/01/26 07:46:30.858 SKOSQuoteLib_RequestServerTime()
2015/01/26 07:46:45.871 SKOSQuoteLib_RequestServerTime()
2015/01/26 07:47:02.524 SKOSQuoteLib_RequestServerTime()
2015/01/26 07:47:17.501 SKOSQuoteLib_RequestServerTime()
2015/01/26 07:47:32.512 SKOSQuoteLib_RequestServerTime()
2015/01/26 07:47:47.523 SKOSQuoteLib_RequestServerTime()
2015/01/26 07:48:02.529 SKOSQuoteLib_RequestServerTime()
2015/01/26 07:48:17.531 SKOSQuoteLib_RequestServerTime()
2015/01/26 07:48:32.541 SKOSQuoteLib_RequestServerTime()
2015/01/26 07:48:47.551 SKOSQuoteLib_RequestServerTime()
2015/01/26 07:49:02.553 SKOSQuoteLib_RequestServerTime()
2015/01/26 07:49:17.566 SKOSQuoteLib_RequestServerTime()
2015/01/26 07:49:32.567 SKOSQuoteLib_RequestServerTime()
2015/01/26 07:49:47.574 SKOSQuoteLib_RequestServerTime()
2015/01/26 07:50:02.588 SKOSQuoteLib_RequestServerTime()
2015/01/26 07:50:17.589 SKOSQuoteLib_RequestServerTime()
2015/01/26 07:50:32.599 SKOSQuoteLib_RequestServerTime()
2015/01/26 07:50:47.604 SKOSQuoteLib_RequestServerTime()
2015/01/26 07:51:02.617 SKOSQuoteLib_RequestServerTime()
2015/01/26 07:51:17.621 SKOSQuoteLib_RequestServerTime()
2015/01/26 07:51:32.625 SKOSQuoteLib_RequestServerTime()
2015/01/26 07:51:47.633 SKOSQuoteLib_RequestServerTime()
2015/01/26 07:52:02.640 SKOSQuoteLib_RequestServerTime()
2015/01/26 07:52:17.648 SKOSQuoteLib_RequestServerTime()
2015/01/26 07:52:32.655 SKOSQuoteLib_RequestServerTime()
2015/01/26 07:52:47.667 SKOSQuoteLib_RequestServerTime()
2015/01/26 07:53:02.670 SKOSQuoteLib_RequestServerTime()
2015/01/26 07:53:17.676 SKOSQuoteLib_RequestServerTime()
2015/01/26 07:53:32.686 SKOSQuoteLib_RequestServerTime()
2015/01/26 07:53:47.694 SKOSQuoteLib_RequestServerTime()
2015/01/26 07:54:02.699 SKOSQuoteLib_RequestServerTime()
2015/01/26 07:54:17.709 SKOSQuoteLib_RequestServerTime()
2015/01/26 07:54:32.712 SKOSQuoteLib_RequestServerTime()
2015/01/26 07:54:47.725 SKOSQuoteLib_RequestServerTime()
2015/01/26 07:55:02.733 SKOSQuoteLib_RequestServerTime()
2015/01/26 07:55:17.738 SKOSQuoteLib_RequestServerTime()
2015/01/26 07:55:32.747 SKOSQuoteLib_RequestServerTime()
2015/01/26 07:55:47.750 SKOSQuoteLib_RequestServerTime()
2015/01/26 07:56:02.762 SKOSQuoteLib_RequestServerTime()
2015/01/26 07:56:17.766 SKOSQuoteLib_RequestServerTime()
2015/01/26 07:56:32.771 SKOSQuoteLib_RequestServerTime()
2015/01/26 07:56:47.778 SKOSQuoteLib_RequestServerTime()
2015/01/26 07:57:02.787 SKOSQuoteLib_RequestServerTime()
2015/01/26 07:57:17.800 SKOSQuoteLib_RequestServerTime()
2015/01/26 07:57:32.808 SKOSQuoteLib_RequestServerTime()
2015/01/26 07:57:47.807 SKOSQuoteLib_RequestServerTime()
2015/01/26 07:58:02.816 SKOSQuoteLib_RequestServerTime()
2015/01/26 07:58:17.823 SKOSQuoteLib_RequestServerTime()
2015/01/26 07:58:32.833 SKOSQuoteLib_RequestServerTime()
2015/01/26 07:58:47.839 SKOSQuoteLib_RequestServerTime()
2015/01/26 07:59:02.844 SKOSQuoteLib_RequestServerTime()
2015/01/26 07:59:17.853 SKOSQuoteLib_RequestServerTime()
2015/01/26 07:59:32.858 SKOSQuoteLib_RequestServerTime()
2015/01/26 07:59:47.866 SKOSQuoteLib_RequestServerTime()
2015/01/26 08:00:02.874 SKOSQuoteLib_RequestServerTime()
2015/01/26 08:00:17.884 SKOSQuoteLib_RequestServerTime()
2015/01/26 08:00:32.893 SKOSQuoteLib_RequestServerTime()
2015/01/26 08:00:47.895 SKOSQuoteLib_RequestServerTime()
2015/01/26 08:01:02.906 SKOSQuoteLib_RequestServerTime()
2015/01/26 08:01:17.911 SKOSQuoteLib_RequestServerTime()
2015/01/26 08:01:32.922 SKOSQuoteLib_RequestServerTime()
2015/01/26 08:01:47.924 SKOSQuoteLib_RequestServerTime()
2015/01/26 08:02:02.932 SKOSQuoteLib_RequestServerTime()
2015/01/26 08:02:17.942 SKOSQuoteLib_RequestServerTime()
2015/01/26 08:02:32.948 SKOSQuoteLib_RequestServerTime()
2015/01/26 08:02:47.955 SKOSQuoteLib_RequestServerTime()
2015/01/26 08:03:02.965 SKOSQuoteLib_RequestServerTime()
2015/01/26 08:03:17.968 SKOSQuoteLib_RequestServerTime()
2015/01/26 08:03:32.975 SKOSQuoteLib_RequestServerTime()
2015/01/26 08:03:47.987 SKOSQuoteLib_RequestServerTime()
2015/01/26 08:04:02.990 SKOSQuoteLib_RequestServerTime()
2015/01/26 08:04:18.001 SKOSQuoteLib_RequestServerTime()
2015/01/26 08:04:33.009 SKOSQuoteLib_RequestServerTime()
2015/01/26 08:04:48.012 SKOSQuoteLib_RequestServerTime()
2015/01/26 08:05:03.020 SKOSQuoteLib_RequestServerTime()
2015/01/26 08:05:18.030 SKOSQuoteLib_RequestServerTime()
2015/01/26 08:05:33.036 SKOSQuoteLib_RequestServerTime()
2015/01/26 08:05:48.043 SKOSQuoteLib_RequestServerTime()
2015/01/26 08:06:03.048 SKOSQuoteLib_RequestServerTime()
2015/01/26 08:06:18.055 SKOSQuoteLib_RequestServerTime()
2015/01/26 08:06:33.063 SKOSQuoteLib_RequestServerTime()
2015/01/26 08:06:48.074 SKOSQuoteLib_RequestServerTime()
2015/01/26 08:07:03.083 SKOSQuoteLib_RequestServerTime()
2015/01/26 08:07:18.088 SKOSQuoteLib_RequestServerTime()
2015/01/26 08:07:33.095 SKOSQuoteLib_RequestServerTime()
2015/01/26 08:07:48.102 SKOSQuoteLib_RequestServerTime()
2015/01/26 08:08:03.107 SKOSQuoteLib_RequestServerTime()
2015/01/26 08:08:18.120 SKOSQuoteLib_RequestServerTime()
2015/01/26 08:08:33.121 SKOSQuoteLib_RequestServerTime()
2015/01/26 08:08:48.133 SKOSQuoteLib_RequestServerTime()
2015/01/26 08:09:03.139 SKOSQuoteLib_RequestServerTime()
2015/01/26 08:09:18.148 SKOSQuoteLib_RequestServerTime()
2015/01/26 08:09:33.158 SKOSQuoteLib_RequestServerTime()
2015/01/26 08:09:48.158 SKOSQuoteLib_RequestServerTime()
2015/01/26 08:10:03.167 SKOSQuoteLib_RequestServerTime()
2015/01/26 08:10:18.173 SKOSQuoteLib_RequestServerTime()
2015/01/26 08:10:33.186 SKOSQuoteLib_RequestServerTime()
2015/01/26 08:10:48.187 SKOSQuoteLib_RequestServerTime()
2015/01/26 08:11:03.197 SKOSQuoteLib_RequestServerTime()
2015/01/26 08:11:18.208 SKOSQuoteLib_RequestServerTime()
2015/01/26 08:11:33.210 SKOSQuoteLib_RequestServerTime()
2015/01/26 08:11:48.217 SKOSQuoteLib_RequestServerTime()
2015/01/26 08:12:03.229 SKOSQuoteLib_RequestServerTime()
2015/01/26 08:12:18.233 SKOSQuoteLib_RequestServerTime()
2015/01/26 08:12:33.240 SKOSQuoteLib_RequestServerTime()
2015/01/26 08:12:48.246 SKOSQuoteLib_RequestServerTime()
2015/01/26 08:13:03.260 SKOSQuoteLib_RequestServerTime()
2015/01/26 08:13:18.262 SKOSQuoteLib_RequestServerTime()
2015/01/26 08:13:33.271 SKOSQuoteLib_RequestServerTime()
2015/01/26 08:13:48.275 SKOSQuoteLib_RequestServerTime()
2015/01/26 08:14:03.283 SKOSQuoteLib_RequestServerTime()
2015/01/26 08:14:18.290 SKOSQuoteLib_RequestServerTime()
2015/01/26 08:14:33.297 SKOSQuoteLib_RequestServerTime()
2015/01/26 08:14:48.306 SKOSQuoteLib_RequestServerTime()
2015/01/26 08:15:03.313 SKOSQuoteLib_RequestServerTime()
2015/01/26 08:15:18.318 SKOSQuoteLib_RequestServerTime()
2015/01/26 08:15:33.325 SKOSQuoteLib_RequestServerTime()
2015/01/26 08:15:48.337 SKOSQuoteLib_RequestServerTime()
2015/01/26 08:16:03.341 SKOSQuoteLib_RequestServerTime()
2015/01/26 08:16:18.352 SKOSQuoteLib_RequestServerTime()
2015/01/26 08:16:33.358 SKOSQuoteLib_RequestServerTime()
2015/01/26 08:16:48.362 SKOSQuoteLib_RequestServerTime()
2015/01/26 08:17:03.370 SKOSQuoteLib_RequestServerTime()
2015/01/26 08:17:18.385 SKOSQuoteLib_RequestServerTime()
2015/01/26 08:17:33.389 SKOSQuoteLib_RequestServerTime()
2015/01/26 08:17:48.391 SKOSQuoteLib_RequestServerTime()
2015/01/26 08:18:03.399 SKOSQuoteLib_RequestServerTime()
2015/01/26 08:18:18.413 SKOSQuoteLib_RequestServerTime()
2015/01/26 08:18:33.414 SKOSQuoteLib_RequestServerTime()
2015/01/26 08:18:48.426 SKOSQuoteLib_RequestServerTime()
2015/01/26 08:19:03.432 SKOSQuoteLib_RequestServerTime()
2015/01/26 08:19:18.436 SKOSQuoteLib_RequestServerTime()
2015/01/26 08:19:33.444 SKOSQuoteLib_RequestServerTime()
2015/01/26 08:19:48.452 SKOSQuoteLib_RequestServerTime()
2015/01/26 08:20:03.463 SKOSQuoteLib_RequestServerTime()
2015/01/26 08:20:18.465 SKOSQuoteLib_RequestServerTime()
2015/01/26 08:20:33.472 SKOSQuoteLib_RequestServerTime()
2015/01/26 08:20:48.481 SKOSQuoteLib_RequestServerTime()
2015/01/26 08:21:03.490 SKOSQuoteLib_RequestServerTime()
2015/01/26 08:21:18.497 SKOSQuoteLib_RequestServerTime()
2015/01/26 08:21:33.501 SKOSQuoteLib_RequestServerTime()
2015/01/26 08:21:48.510 SKOSQuoteLib_RequestServerTime()
2015/01/26 08:22:03.522 SKOSQuoteLib_RequestServerTime()
2015/01/26 08:22:18.526 SKOSQuoteLib_RequestServerTime()
2015/01/26 08:22:33.530 SKOSQuoteLib_RequestServerTime()
2015/01/26 08:22:48.540 SKOSQuoteLib_RequestServerTime()
2015/01/26 08:23:03.552 SKOSQuoteLib_RequestServerTime()
2015/01/26 08:23:18.556 SKOSQuoteLib_RequestServerTime()
2015/01/26 08:23:33.562 SKOSQuoteLib_RequestServerTime()
2015/01/26 08:23:48.569 SKOSQuoteLib_RequestServerTime()
2015/01/26 08:24:03.576 SKOSQuoteLib_RequestServerTime()
2015/01/26 08:24:18.582 SKOSQuoteLib_RequestServerTime()
2015/01/26 08:24:33.589 SKOSQuoteLib_RequestServerTime()
2015/01/26 08:24:48.600 SKOSQuoteLib_RequestServerTime()
2015/01/26 08:25:03.603 SKOSQuoteLib_RequestServerTime()
2015/01/26 08:25:18.610 SKOSQuoteLib_RequestServerTime()
2015/01/26 08:25:33.622 SKOSQuoteLib_RequestServerTime()
2015/01/26 08:25:48.632 SKOSQuoteLib_RequestServerTime()
2015/01/26 08:26:03.636 SKOSQuoteLib_RequestServerTime()
2015/01/26 08:26:18.647 SKOSQuoteLib_RequestServerTime()
2015/01/26 08:26:33.654 SKOSQuoteLib_RequestServerTime()
2015/01/26 08:26:48.654 SKOSQuoteLib_RequestServerTime()
2015/01/26 08:27:03.662 SKOSQuoteLib_RequestServerTime()
2015/01/26 08:27:18.669 SKOSQuoteLib_RequestServerTime()
2015/01/26 08:27:33.679 SKOSQuoteLib_RequestServerTime()
2015/01/26 08:27:48.684 SKOSQuoteLib_RequestServerTime()
2015/01/26 08:28:03.696 SKOSQuoteLib_RequestServerTime()
2015/01/26 08:28:18.699 SKOSQuoteLib_RequestServerTime()
2015/01/26 08:28:33.707 SKOSQuoteLib_RequestServerTime()
2015/01/26 08:28:48.714 SKOSQuoteLib_RequestServerTime()
2015/01/26 08:29:03.725 SKOSQuoteLib_RequestServerTime()
2015/01/26 08:29:18.730 SKOSQuoteLib_RequestServerTime()
2015/01/26 08:29:33.737 SKOSQuoteLib_RequestServerTime()
2015/01/26 08:29:48.746 SKOSQuoteLib_RequestServerTime()
2015/01/26 08:30:03.749 SKOSQuoteLib_RequestServerTime()
2015/01/26 08:30:18.756 SKOSQuoteLib_RequestServerTime()
2015/01/26 08:30:33.769 SKOSQuoteLib_RequestServerTime()
2015/01/26 08:30:48.773 SKOSQuoteLib_RequestServerTime()
2015/01/26 08:31:03.780 SKOSQuoteLib_RequestServerTime()
2015/01/26 08:31:18.786 SKOSQuoteLib_RequestServerTime()
2015/01/26 08:31:33.799 SKOSQuoteLib_RequestServerTime()
2015/01/26 08:31:48.804 SKOSQuoteLib_RequestServerTime()
2015/01/26 08:32:03.807 SKOSQuoteLib_RequestServerTime()
2015/01/26 08:32:18.817 SKOSQuoteLib_RequestServerTime()
2015/01/26 08:32:33.825 SKOSQuoteLib_RequestServerTime()
2015/01/26 08:32:48.831 SKOSQuoteLib_RequestServerTime()
2015/01/26 08:33:03.839 SKOSQuoteLib_RequestServerTime()
2015/01/26 08:33:18.848 SKOSQuoteLib_RequestServerTime()
2015/01/26 08:33:33.852 SKOSQuoteLib_RequestServerTime()
2015/01/26 08:33:48.861 SKOSQuoteLib_RequestServerTime()
2015/01/26 08:34:03.869 SKOSQuoteLib_RequestServerTime()
2015/01/26 08:34:18.876 SKOSQuoteLib_RequestServerTime()
2015/01/26 08:34:33.880 SKOSQuoteLib_RequestServerTime()
2015/01/26 08:34:48.893 SKOSQuoteLib_RequestServerTime()
2015/01/26 08:35:03.894 SKOSQuoteLib_RequestServerTime()
2015/01/26 08:35:18.905 SKOSQuoteLib_RequestServerTime()
2015/01/26 08:35:33.913 SKOSQuoteLib_RequestServerTime()
2015/01/26 08:35:48.923 SKOSQuoteLib_RequestServerTime()
2015/01/26 08:36:03.924 SKOSQuoteLib_RequestServerTime()
2015/01/26 08:36:18.938 SKOSQuoteLib_RequestServerTime()
2015/01/26 08:36:33.942 SKOSQuoteLib_RequestServerTime()
2015/01/26 08:36:48.949 SKOSQuoteLib_RequestServerTime()
2015/01/26 08:37:03.955 SKOSQuoteLib_RequestServerTime()
2015/01/26 08:37:18.962 SKOSQuoteLib_RequestServerTime()
2015/01/26 08:37:33.971 SKOSQuoteLib_RequestServerTime()
2015/01/26 08:37:48.981 SKOSQuoteLib_RequestServerTime()
2015/01/26 08:38:03.985 SKOSQuoteLib_RequestServerTime()
2015/01/26 08:38:18.997 SKOSQuoteLib_RequestServerTime()
2015/01/26 08:38:33.999 SKOSQuoteLib_RequestServerTime()
2015/01/26 08:38:49.007 SKOSQuoteLib_RequestServerTime()
2015/01/26 08:39:04.017 SKOSQuoteLib_RequestServerTime()
2015/01/26 08:39:19.019 SKOSQuoteLib_RequestServerTime()
2015/01/26 08:39:34.031 SKOSQuoteLib_RequestServerTime()
2015/01/26 08:39:49.036 SKOSQuoteLib_RequestServerTime()
2015/01/26 08:40:04.049 SKOSQuoteLib_RequestServerTime()
2015/01/26 08:40:19.054 SKOSQuoteLib_RequestServerTime()
2015/01/26 08:40:34.057 SKOSQuoteLib_RequestServerTime()
2015/01/26 08:40:49.063 SKOSQuoteLib_RequestServerTime()
2015/01/26 08:41:04.075 SKOSQuoteLib_RequestServerTime()
2015/01/26 08:41:19.077 SKOSQuoteLib_RequestServerTime()
2015/01/26 08:41:34.089 SKOSQuoteLib_RequestServerTime()
2015/01/26 08:41:49.096 SKOSQuoteLib_RequestServerTime()
2015/01/26 08:42:04.106 SKOSQuoteLib_RequestServerTime()
2015/01/26 08:42:19.107 SKOSQuoteLib_RequestServerTime()
2015/01/26 08:42:34.116 SKOSQuoteLib_RequestServerTime()
2015/01/26 08:42:49.126 SKOSQuoteLib_RequestServerTime()
2015/01/26 08:43:04.132 SKOSQuoteLib_RequestServerTime()
2015/01/26 08:43:19.142 SKOSQuoteLib_RequestServerTime()
2015/01/26 08:43:34.147 SKOSQuoteLib_RequestServerTime()
2015/01/26 08:43:49.150 SKOSQuoteLib_RequestServerTime()
2015/01/26 08:44:04.157 SKOSQuoteLib_RequestServerTime()
2015/01/26 08:44:19.168 SKOSQuoteLib_RequestServerTime()
2015/01/26 08:44:34.179 SKOSQuoteLib_RequestServerTime()
2015/01/26 08:44:49.180 SKOSQuoteLib_RequestServerTime()
2015/01/26 08:45:04.190 SKOSQuoteLib_RequestServerTime()
2015/01/26 08:45:19.197 SKOSQuoteLib_RequestServerTime()
2015/01/26 08:45:34.204 SKOSQuoteLib_RequestServerTime()
2015/01/26 08:45:49.214 SKOSQuoteLib_RequestServerTime()
2015/01/26 08:46:04.218 SKOSQuoteLib_RequestServerTime()
2015/01/26 10:06:10.774 -----------
2015/01/26 10:06:10.775 API InitInstance 
2015/01/26 10:06:10.776 SKOSQuoteLib_RequestServerTime   SK_ERROR_INITIALIZE_FAIL 
2015/01/26 10:07:01.137 -----------
2015/01/26 10:07:01.138 API InitInstance 
2015/01/26 10:07:01.141 SKOSQuoteLib_Initialize  ID：E122828927
2015/01/26 10:07:01.142 SKOSQuoteLib_Initialize  Server：https://order2.capital.com.tw/
2015/01/26 10:07:02.258 SKOSQuoteLib_EnterMonitor(0)
2015/01/26 10:07:02.259 Connect FORT09.capital.com.tw 443
2015/01/26 10:07:02.298 SKOSQuoteLib_AttachConnectCallBack
2015/01/26 10:07:02.306 SKOSQuoteLib_AttachQuoteCallBack
2015/01/26 10:07:02.315 SKOSQuoteLib_AttachTicksCallBack
2015/01/26 10:07:02.316 SKOSQuoteLib_AttachBest5CallBack
2015/01/26 10:07:02.317 SKOSQuoteLib_AttachServerTimeCallBack
2015/01/26 10:07:02.318 SKOSQuoteLib_AttachHistoryTicksGetCallBack
2015/01/26 10:07:03.199 SKOSQuoteLib_EnterMonitor(0)
2015/01/26 10:07:03.200 Connect FORT09.capital.com.tw 443
2015/01/26 10:07:06.218 SK_SUBJECT_CONNECTION_CONNECTED，Code: 0
2015/01/26 10:07:06.219 SK_SUBJECT_CONNECTION_CONNECTED，Code: 0
2015/01/26 10:07:11.567 SKOSQuoteLib_RequestServerTime()
2015/01/26 10:08:22.031 -----------
2015/01/26 10:08:22.031 API InitInstance 
2015/01/26 10:08:22.034 SKOSQuoteLib_Initialize  ID：E122828927
2015/01/26 10:08:22.035 SKOSQuoteLib_Initialize  Server：https://order2.capital.com.tw/
2015/01/26 10:08:22.548 SKOSQuoteLib_EnterMonitor(0)
2015/01/26 10:08:22.549 Connect FORT05.capital.com.tw 443
2015/01/26 10:08:22.565 SKOSQuoteLib_AttachConnectCallBack
2015/01/26 10:08:22.566 SKOSQuoteLib_AttachQuoteCallBack
2015/01/26 10:08:22.567 SKOSQuoteLib_AttachTicksCallBack
2015/01/26 10:08:22.568 SKOSQuoteLib_AttachBest5CallBack
2015/01/26 10:08:22.570 SKOSQuoteLib_AttachServerTimeCallBack
2015/01/26 10:08:22.571 SKOSQuoteLib_AttachHistoryTicksGetCallBack
2015/01/26 10:08:23.437 SKOSQuoteLib_EnterMonitor(0)
2015/01/26 10:08:23.438 Connect FORT05.capital.com.tw 443
2015/01/26 10:08:26.464 SK_SUBJECT_CONNECTION_CONNECTED，Code: 0
2015/01/26 10:08:26.464 SK_SUBJECT_CONNECTION_CONNECTED，Code: 0
2015/01/26 10:08:27.599 SKOSQuoteLib_RequestServerTime()
2015/01/26 10:08:42.505 SKOSQuoteLib_RequestServerTime()
2015/01/26 10:08:57.517 SKOSQuoteLib_RequestServerTime()
2015/01/26 10:09:04.472 SKOSQuoteLib_AttachOverseaProductsCallBack
2015/01/26 10:09:04.473 SKOSQuoteLib_RequestOverseaProducts()
2015/01/26 10:09:12.520 SKOSQuoteLib_RequestServerTime()
2015/01/26 10:09:12.526 SKOSQuoteLib_AttachKLineDataCallBack
2015/01/26 10:09:12.527 SKOSQuoteLib_RequestKLine (OSE,JNM1503,0)
2015/01/26 10:09:17.345 SKOSQuoteLib_RequestKLine (OSE,JNMPM1503,0)
2015/01/26 10:09:27.528 SKOSQuoteLib_RequestServerTime()
2015/01/26 10:09:42.535 SKOSQuoteLib_RequestServerTime()
2015/01/26 10:20:23.493 -----------
2015/01/26 10:20:23.493 API InitInstance 
2015/01/26 10:20:23.496 SKOSQuoteLib_Initialize  ID：E122828927
2015/01/26 10:20:23.496 SKOSQuoteLib_Initialize  Server：https://order2.capital.com.tw/
2015/01/26 10:20:24.008 SKOSQuoteLib_EnterMonitor(0)
2015/01/26 10:20:24.009 Connect FORT09.capital.com.tw 443
2015/01/26 10:20:24.022 SKOSQuoteLib_AttachConnectCallBack
2015/01/26 10:20:24.024 SKOSQuoteLib_AttachQuoteCallBack
2015/01/26 10:20:24.025 SKOSQuoteLib_AttachTicksCallBack
2015/01/26 10:20:24.026 SKOSQuoteLib_AttachBest5CallBack
2015/01/26 10:20:24.027 SKOSQuoteLib_AttachServerTimeCallBack
2015/01/26 10:20:24.028 SKOSQuoteLib_AttachHistoryTicksGetCallBack
2015/01/26 10:20:24.917 SKOSQuoteLib_EnterMonitor(0)
2015/01/26 10:20:24.918 Connect FORT09.capital.com.tw 443
2015/01/26 10:20:27.933 SK_SUBJECT_CONNECTION_CONNECTED，Code: 0
2015/01/26 10:20:27.934 SK_SUBJECT_CONNECTION_CONNECTED，Code: 0
2015/01/26 10:20:30.055 SKOSQuoteLib_RequestTicks (0,OSE,JNM1503)
2015/01/26 10:20:30.197 通知TICK更新：idx 512,Ptr 164
2015/01/26 10:20:30.199 SKOSQuoteLib_GetTick(512,164)
2015/01/26 10:20:30.204 通知TICK更新：idx 512,Ptr 165
2015/01/26 10:20:30.205 SKOSQuoteLib_GetTick(512,165)
2015/01/26 10:20:30.205 通知TICK更新：idx 512,Ptr 166
2015/01/26 10:20:30.206 SKOSQuoteLib_GetTick(512,166)
2015/01/26 10:20:30.207 通知TICK更新：idx 512,Ptr 167
2015/01/26 10:20:30.207 SKOSQuoteLib_GetTick(512,167)
2015/01/26 10:20:30.208 通知TICK更新：idx 512,Ptr 168
2015/01/26 10:20:30.209 SKOSQuoteLib_GetTick(512,168)
2015/01/26 10:20:30.209 通知TICK更新：idx 512,Ptr 169
2015/01/26 10:20:30.210 SKOSQuoteLib_GetTick(512,169)
2015/01/26 10:20:30.211 通知TICK更新：idx 512,Ptr 170
2015/01/26 10:20:30.212 SKOSQuoteLib_GetTick(512,170)
2015/01/26 10:20:30.212 通知TICK更新：idx 512,Ptr 171
2015/01/26 10:20:30.213 SKOSQuoteLib_GetTick(512,171)
2015/01/26 10:20:30.214 通知TICK更新：idx 512,Ptr 172
2015/01/26 10:20:30.214 SKOSQuoteLib_GetTick(512,172)
2015/01/26 10:20:30.215 通知TICK更新：idx 512,Ptr 173
2015/01/26 10:20:30.216 SKOSQuoteLib_GetTick(512,173)
2015/01/26 10:20:30.216 通知TICK更新：idx 512,Ptr 174
2015/01/26 10:20:30.217 SKOSQuoteLib_GetTick(512,174)
2015/01/26 10:20:30.218 通知TICK更新：idx 512,Ptr 175
2015/01/26 10:20:30.219 SKOSQuoteLib_GetTick(512,175)
2015/01/26 10:20:30.219 通知TICK更新：idx 512,Ptr 176
2015/01/26 10:20:30.220 SKOSQuoteLib_GetTick(512,176)
2015/01/26 10:20:30.221 通知TICK更新：idx 512,Ptr 177
2015/01/26 10:20:30.221 SKOSQuoteLib_GetTick(512,177)
2015/01/26 10:20:30.222 通知TICK更新：idx 512,Ptr 178
2015/01/26 10:20:30.223 SKOSQuoteLib_GetTick(512,178)
2015/01/26 10:20:30.223 通知TICK更新：idx 512,Ptr 179
2015/01/26 10:20:30.224 SKOSQuoteLib_GetTick(512,179)
2015/01/26 10:20:30.225 通知TICK更新：idx 512,Ptr 180
2015/01/26 10:20:30.226 SKOSQuoteLib_GetTick(512,180)
2015/01/26 10:20:30.226 通知TICK更新：idx 512,Ptr 181
2015/01/26 10:20:30.227 SKOSQuoteLib_GetTick(512,181)
2015/01/26 10:20:30.228 通知TICK更新：idx 512,Ptr 182
2015/01/26 10:20:30.228 SKOSQuoteLib_GetTick(512,182)
2015/01/26 10:20:30.229 通知TICK更新：idx 512,Ptr 183
2015/01/26 10:20:30.230 SKOSQuoteLib_GetTick(512,183)
2015/01/26 10:20:30.230 通知TICK更新：idx 512,Ptr 184
2015/01/26 10:20:30.231 SKOSQuoteLib_GetTick(512,184)
2015/01/26 10:20:30.232 通知TICK更新：idx 512,Ptr 185
2015/01/26 10:20:30.233 SKOSQuoteLib_GetTick(512,185)
2015/01/26 10:20:30.233 通知TICK更新：idx 512,Ptr 186
2015/01/26 10:20:30.234 SKOSQuoteLib_GetTick(512,186)
2015/01/26 10:20:30.235 通知TICK更新：idx 512,Ptr 187
2015/01/26 10:20:30.235 SKOSQuoteLib_GetTick(512,187)
2015/01/26 10:20:30.236 通知TICK更新：idx 512,Ptr 188
2015/01/26 10:20:30.237 SKOSQuoteLib_GetTick(512,188)
2015/01/26 10:20:30.237 通知TICK更新：idx 512,Ptr 189
2015/01/26 10:20:30.238 SKOSQuoteLib_GetTick(512,189)
2015/01/26 10:20:30.239 通知TICK更新：idx 512,Ptr 190
2015/01/26 10:20:30.240 SKOSQuoteLib_GetTick(512,190)
2015/01/26 10:20:30.240 通知TICK更新：idx 512,Ptr 191
2015/01/26 10:20:30.241 SKOSQuoteLib_GetTick(512,191)
2015/01/26 10:20:30.242 通知TICK更新：idx 512,Ptr 192
2015/01/26 10:20:30.242 SKOSQuoteLib_GetTick(512,192)
2015/01/26 10:20:30.243 通知TICK更新：idx 512,Ptr 193
2015/01/26 10:20:30.244 SKOSQuoteLib_GetTick(512,193)
2015/01/26 10:20:30.244 通知TICK更新：idx 512,Ptr 194
2015/01/26 10:20:30.245 SKOSQuoteLib_GetTick(512,194)
2015/01/26 10:20:30.246 通知TICK更新：idx 512,Ptr 195
2015/01/26 10:20:30.246 SKOSQuoteLib_GetTick(512,195)
2015/01/26 10:20:30.247 通知TICK更新：idx 512,Ptr 196
2015/01/26 10:20:30.248 SKOSQuoteLib_GetTick(512,196)
2015/01/26 10:20:30.249 通知TICK更新：idx 512,Ptr 197
2015/01/26 10:20:30.249 SKOSQuoteLib_GetTick(512,197)
2015/01/26 10:20:30.250 通知TICK更新：idx 512,Ptr 198
2015/01/26 10:20:30.251 SKOSQuoteLib_GetTick(512,198)
2015/01/26 10:20:30.251 通知TICK更新：idx 512,Ptr 199
2015/01/26 10:20:30.252 SKOSQuoteLib_GetTick(512,199)
2015/01/26 10:20:30.253 通知TICK更新：idx 512,Ptr 200
2015/01/26 10:20:30.253 SKOSQuoteLib_GetTick(512,200)
2015/01/26 10:20:30.254 通知TICK更新：idx 512,Ptr 201
2015/01/26 10:20:30.255 SKOSQuoteLib_GetTick(512,201)
2015/01/26 10:20:30.255 通知TICK更新：idx 512,Ptr 202
2015/01/26 10:20:30.256 SKOSQuoteLib_GetTick(512,202)
2015/01/26 10:20:30.257 通知TICK更新：idx 512,Ptr 203
2015/01/26 10:20:30.258 SKOSQuoteLib_GetTick(512,203)
2015/01/26 10:20:30.258 通知TICK更新：idx 512,Ptr 204
2015/01/26 10:20:30.259 SKOSQuoteLib_GetTick(512,204)
2015/01/26 10:20:30.260 通知TICK更新：idx 512,Ptr 205
2015/01/26 10:20:30.260 SKOSQuoteLib_GetTick(512,205)
2015/01/26 10:20:30.261 通知TICK更新：idx 512,Ptr 206
2015/01/26 10:20:30.262 SKOSQuoteLib_GetTick(512,206)
2015/01/26 10:20:30.262 通知TICK更新：idx 512,Ptr 207
2015/01/26 10:20:30.263 SKOSQuoteLib_GetTick(512,207)
2015/01/26 10:20:30.264 通知TICK更新：idx 512,Ptr 208
2015/01/26 10:20:30.265 SKOSQuoteLib_GetTick(512,208)
2015/01/26 10:20:30.265 通知TICK更新：idx 512,Ptr 209
2015/01/26 10:20:30.266 SKOSQuoteLib_GetTick(512,209)
2015/01/26 10:20:30.267 通知TICK更新：idx 512,Ptr 210
2015/01/26 10:20:30.267 SKOSQuoteLib_GetTick(512,210)
2015/01/26 10:20:30.268 通知TICK更新：idx 512,Ptr 211
2015/01/26 10:20:30.269 SKOSQuoteLib_GetTick(512,211)
2015/01/26 10:20:30.269 通知TICK更新：idx 512,Ptr 212
2015/01/26 10:20:30.270 SKOSQuoteLib_GetTick(512,212)
2015/01/26 10:20:30.271 通知TICK更新：idx 512,Ptr 213
2015/01/26 10:20:30.271 SKOSQuoteLib_GetTick(512,213)
2015/01/26 10:20:30.272 通知TICK更新：idx 512,Ptr 214
2015/01/26 10:20:30.273 SKOSQuoteLib_GetTick(512,214)
2015/01/26 10:20:30.273 通知TICK更新：idx 512,Ptr 215
2015/01/26 10:20:30.274 SKOSQuoteLib_GetTick(512,215)
2015/01/26 10:20:30.275 通知TICK更新：idx 512,Ptr 216
2015/01/26 10:20:30.276 SKOSQuoteLib_GetTick(512,216)
2015/01/26 10:20:30.276 通知TICK更新：idx 512,Ptr 217
2015/01/26 10:20:30.277 SKOSQuoteLib_GetTick(512,217)
2015/01/26 10:20:30.278 通知TICK更新：idx 512,Ptr 218
2015/01/26 10:20:30.278 SKOSQuoteLib_GetTick(512,218)
2015/01/26 10:20:30.279 通知TICK更新：idx 512,Ptr 219
2015/01/26 10:20:30.280 SKOSQuoteLib_GetTick(512,219)
2015/01/26 10:20:30.280 通知TICK更新：idx 512,Ptr 220
2015/01/26 10:20:30.281 SKOSQuoteLib_GetTick(512,220)
2015/01/26 10:20:30.282 通知TICK更新：idx 512,Ptr 221
2015/01/26 10:20:30.282 SKOSQuoteLib_GetTick(512,221)
2015/01/26 10:20:30.283 通知TICK更新：idx 512,Ptr 222
2015/01/26 10:20:30.284 SKOSQuoteLib_GetTick(512,222)
2015/01/26 10:20:30.284 通知TICK更新：idx 512,Ptr 223
2015/01/26 10:20:30.285 SKOSQuoteLib_GetTick(512,223)
2015/01/26 10:20:30.286 通知TICK更新：idx 512,Ptr 224
2015/01/26 10:20:30.287 SKOSQuoteLib_GetTick(512,224)
2015/01/26 10:20:30.287 通知TICK更新：idx 512,Ptr 225
2015/01/26 10:20:30.288 SKOSQuoteLib_GetTick(512,225)
2015/01/26 10:20:30.289 通知TICK更新：idx 512,Ptr 226
2015/01/26 10:20:30.289 SKOSQuoteLib_GetTick(512,226)
2015/01/26 10:20:30.290 通知TICK更新：idx 512,Ptr 227
2015/01/26 10:20:30.291 SKOSQuoteLib_GetTick(512,227)
2015/01/26 10:20:30.291 通知TICK更新：idx 512,Ptr 228
2015/01/26 10:20:30.292 SKOSQuoteLib_GetTick(512,228)
2015/01/26 10:20:30.293 通知TICK更新：idx 512,Ptr 229
2015/01/26 10:20:30.293 SKOSQuoteLib_GetTick(512,229)
2015/01/26 10:20:30.294 通知TICK更新：idx 512,Ptr 230
2015/01/26 10:20:30.295 SKOSQuoteLib_GetTick(512,230)
2015/01/26 10:20:30.295 通知TICK更新：idx 512,Ptr 231
2015/01/26 10:20:30.296 SKOSQuoteLib_GetTick(512,231)
2015/01/26 10:20:30.297 通知TICK更新：idx 512,Ptr 232
2015/01/26 10:20:30.297 通知TICK更新：idx 512,Ptr 233
2015/01/26 10:20:30.298 SKOSQuoteLib_GetTick(512,232)
2015/01/26 10:20:30.299 SKOSQuoteLib_GetTick(512,233)
2015/01/26 10:20:30.300 通知TICK更新：idx 512,Ptr 271
2015/01/26 10:20:30.300 通知TICK更新：idx 512,Ptr 272
2015/01/26 10:20:30.301 SKOSQuoteLib_GetTick(512,271)
2015/01/26 10:20:30.301 SKOSQuoteLib_GetTick(512,272)
2015/01/26 10:20:30.306 通知TICK更新：idx 512,Ptr 849
2015/01/26 10:20:30.307 SKOSQuoteLib_GetTick(512,849)
2015/01/26 10:20:30.308 通知TICK更新：idx 512,Ptr 850
2015/01/26 10:20:30.308 通知TICK更新：idx 512,Ptr 851
2015/01/26 10:20:30.309 SKOSQuoteLib_GetTick(512,850)
2015/01/26 10:20:30.310 SKOSQuoteLib_GetTick(512,851)
2015/01/26 10:20:30.317 通知TICK更新：idx 512,Ptr 1785
2015/01/26 10:20:30.318 通知TICK更新：idx 512,Ptr 1786
2015/01/26 10:20:30.319 SKOSQuoteLib_GetTick(512,1785)
2015/01/26 10:20:30.319 SKOSQuoteLib_GetTick(512,1786)
2015/01/26 10:20:30.325 通知TICK更新：idx 512,Ptr 2443
2015/01/26 10:20:30.326 SKOSQuoteLib_GetTick(512,2443)
2015/01/26 10:20:30.326 通知TICK更新：idx 512,Ptr 2444
2015/01/26 10:20:30.327 SKOSQuoteLib_GetTick(512,2444)
2015/01/26 10:20:30.328 通知TICK更新：idx 512,Ptr 2445
2015/01/26 10:20:30.328 SKOSQuoteLib_GetTick(512,2445)
2015/01/26 10:20:30.329 通知TICK更新：idx 512,Ptr 2446
2015/01/26 10:20:30.330 SKOSQuoteLib_GetTick(512,2446)
2015/01/26 10:20:30.330 通知TICK更新：idx 512,Ptr 2447
2015/01/26 10:20:30.331 SKOSQuoteLib_GetTick(512,2447)
2015/01/26 10:20:30.332 通知TICK更新：idx 512,Ptr 2448
2015/01/26 10:20:30.332 SKOSQuoteLib_GetTick(512,2448)
2015/01/26 10:20:30.333 通知TICK更新：idx 512,Ptr 2449
2015/01/26 10:20:30.334 SKOSQuoteLib_GetTick(512,2449)
2015/01/26 10:20:30.335 通知TICK更新：idx 512,Ptr 2450
2015/01/26 10:20:30.335 SKOSQuoteLib_GetTick(512,2450)
2015/01/26 10:20:30.336 通知TICK更新：idx 512,Ptr 2451
2015/01/26 10:20:30.337 SKOSQuoteLib_GetTick(512,2451)
2015/01/26 10:20:30.338 通知TICK更新：idx 512,Ptr 2452
2015/01/26 10:20:30.338 SKOSQuoteLib_GetTick(512,2452)
2015/01/26 10:20:30.339 通知TICK更新：idx 512,Ptr 2453
2015/01/26 10:20:30.340 SKOSQuoteLib_GetTick(512,2453)
2015/01/26 10:20:30.340 通知TICK更新：idx 512,Ptr 2454
2015/01/26 10:20:30.341 SKOSQuoteLib_GetTick(512,2454)
2015/01/26 10:20:30.342 通知TICK更新：idx 512,Ptr 2455
2015/01/26 10:20:30.342 SKOSQuoteLib_GetTick(512,2455)
2015/01/26 10:20:30.343 通知TICK更新：idx 512,Ptr 2456
2015/01/26 10:20:30.344 SKOSQuoteLib_GetTick(512,2456)
2015/01/26 10:20:30.344 通知TICK更新：idx 512,Ptr 2457
2015/01/26 10:20:30.345 SKOSQuoteLib_GetTick(512,2457)
2015/01/26 10:20:30.346 通知TICK更新：idx 512,Ptr 2458
2015/01/26 10:20:30.347 SKOSQuoteLib_GetTick(512,2458)
2015/01/26 10:20:30.347 通知TICK更新：idx 512,Ptr 2459
2015/01/26 10:20:30.348 SKOSQuoteLib_GetTick(512,2459)
2015/01/26 10:20:30.349 通知TICK更新：idx 512,Ptr 2460
2015/01/26 10:20:30.349 SKOSQuoteLib_GetTick(512,2460)
2015/01/26 10:20:30.350 通知TICK更新：idx 512,Ptr 2461
2015/01/26 10:20:30.351 SKOSQuoteLib_GetTick(512,2461)
2015/01/26 10:20:30.351 通知TICK更新：idx 512,Ptr 2462
2015/01/26 10:20:30.352 SKOSQuoteLib_GetTick(512,2462)
2015/01/26 10:20:30.353 通知TICK更新：idx 512,Ptr 2463
2015/01/26 10:20:30.354 SKOSQuoteLib_GetTick(512,2463)
2015/01/26 10:20:30.354 通知TICK更新：idx 512,Ptr 2464
2015/01/26 10:20:30.355 SKOSQuoteLib_GetTick(512,2464)
2015/01/26 10:20:30.356 通知TICK更新：idx 512,Ptr 2465
2015/01/26 10:20:30.356 SKOSQuoteLib_GetTick(512,2465)
2015/01/26 10:20:30.357 通知TICK更新：idx 512,Ptr 2466
2015/01/26 10:20:30.358 SKOSQuoteLib_GetTick(512,2466)
2015/01/26 10:20:30.358 通知TICK更新：idx 512,Ptr 2467
2015/01/26 10:20:30.359 SKOSQuoteLib_GetTick(512,2467)
2015/01/26 10:20:30.360 通知TICK更新：idx 512,Ptr 2468
2015/01/26 10:20:30.360 SKOSQuoteLib_GetTick(512,2468)
2015/01/26 10:20:30.361 通知TICK更新：idx 512,Ptr 2469
2015/01/26 10:20:30.362 SKOSQuoteLib_GetTick(512,2469)
2015/01/26 10:20:30.362 通知TICK更新：idx 512,Ptr 2470
2015/01/26 10:20:30.363 SKOSQuoteLib_GetTick(512,2470)
2015/01/26 10:20:30.364 通知TICK更新：idx 512,Ptr 2471
2015/01/26 10:20:30.365 SKOSQuoteLib_GetTick(512,2471)
2015/01/26 10:20:30.365 通知TICK更新：idx 512,Ptr 2472
2015/01/26 10:20:30.366 SKOSQuoteLib_GetTick(512,2472)
2015/01/26 10:20:30.367 通知TICK更新：idx 512,Ptr 2473
2015/01/26 10:20:30.367 SKOSQuoteLib_GetTick(512,2473)
2015/01/26 10:20:30.368 通知TICK更新：idx 512,Ptr 2474
2015/01/26 10:20:30.369 SKOSQuoteLib_GetTick(512,2474)
2015/01/26 10:20:30.369 通知TICK更新：idx 512,Ptr 2475
2015/01/26 10:20:30.370 SKOSQuoteLib_GetTick(512,2475)
2015/01/26 10:20:30.371 通知TICK更新：idx 512,Ptr 2476
2015/01/26 10:20:30.372 SKOSQuoteLib_GetTick(512,2476)
2015/01/26 10:20:30.372 通知TICK更新：idx 512,Ptr 2477
2015/01/26 10:20:30.373 SKOSQuoteLib_GetTick(512,2477)
2015/01/26 10:20:30.374 通知TICK更新：idx 512,Ptr 2478
2015/01/26 10:20:30.374 SKOSQuoteLib_GetTick(512,2478)
2015/01/26 10:20:30.375 通知TICK更新：idx 512,Ptr 2479
2015/01/26 10:20:30.376 SKOSQuoteLib_GetTick(512,2479)
2015/01/26 10:20:30.376 通知TICK更新：idx 512,Ptr 2480
2015/01/26 10:20:30.377 SKOSQuoteLib_GetTick(512,2480)
2015/01/26 10:20:30.378 通知TICK更新：idx 512,Ptr 2481
2015/01/26 10:20:30.379 SKOSQuoteLib_GetTick(512,2481)
2015/01/26 10:20:30.379 通知TICK更新：idx 512,Ptr 2482
2015/01/26 10:20:30.380 SKOSQuoteLib_GetTick(512,2482)
2015/01/26 10:20:30.381 通知TICK更新：idx 512,Ptr 2483
2015/01/26 10:20:30.382 SKOSQuoteLib_GetTick(512,2483)
2015/01/26 10:20:30.382 通知TICK更新：idx 512,Ptr 2484
2015/01/26 10:20:30.383 SKOSQuoteLib_GetTick(512,2484)
2015/01/26 10:20:30.384 通知TICK更新：idx 512,Ptr 2485
2015/01/26 10:20:30.385 SKOSQuoteLib_GetTick(512,2485)
2015/01/26 10:20:30.385 通知TICK更新：idx 512,Ptr 2486
2015/01/26 10:20:30.386 SKOSQuoteLib_GetTick(512,2486)
2015/01/26 10:20:30.387 通知TICK更新：idx 512,Ptr 2487
2015/01/26 10:20:30.387 SKOSQuoteLib_GetTick(512,2487)
2015/01/26 10:20:30.388 通知TICK更新：idx 512,Ptr 2488
2015/01/26 10:20:30.389 SKOSQuoteLib_GetTick(512,2488)
2015/01/26 10:20:30.389 通知TICK更新：idx 512,Ptr 2489
2015/01/26 10:20:30.390 SKOSQuoteLib_GetTick(512,2489)
2015/01/26 10:20:30.391 通知TICK更新：idx 512,Ptr 2490
2015/01/26 10:20:30.391 SKOSQuoteLib_GetTick(512,2490)
2015/01/26 10:20:30.392 通知TICK更新：idx 512,Ptr 2491
2015/01/26 10:20:30.393 SKOSQuoteLib_GetTick(512,2491)
2015/01/26 10:20:30.393 通知TICK更新：idx 512,Ptr 2492
2015/01/26 10:20:30.394 SKOSQuoteLib_GetTick(512,2492)
2015/01/26 10:20:30.395 通知TICK更新：idx 512,Ptr 2493
2015/01/26 10:20:30.396 SKOSQuoteLib_GetTick(512,2493)
2015/01/26 10:20:30.396 通知TICK更新：idx 512,Ptr 2494
2015/01/26 10:20:30.397 SKOSQuoteLib_GetTick(512,2494)
2015/01/26 10:20:30.398 通知TICK更新：idx 512,Ptr 2495
2015/01/26 10:20:30.398 SKOSQuoteLib_GetTick(512,2495)
2015/01/26 10:20:30.399 通知TICK更新：idx 512,Ptr 2496
2015/01/26 10:20:30.400 SKOSQuoteLib_GetTick(512,2496)
2015/01/26 10:20:30.400 通知TICK更新：idx 512,Ptr 2497
2015/01/26 10:20:30.401 SKOSQuoteLib_GetTick(512,2497)
2015/01/26 10:20:30.402 通知TICK更新：idx 512,Ptr 2498
2015/01/26 10:20:30.402 SKOSQuoteLib_GetTick(512,2498)
2015/01/26 10:20:30.403 通知TICK更新：idx 512,Ptr 2499
2015/01/26 10:20:30.404 SKOSQuoteLib_GetTick(512,2499)
2015/01/26 10:20:30.404 通知TICK更新：idx 512,Ptr 2500
2015/01/26 10:20:30.405 SKOSQuoteLib_GetTick(512,2500)
2015/01/26 10:20:30.406 通知TICK更新：idx 512,Ptr 2501
2015/01/26 10:20:30.407 SKOSQuoteLib_GetTick(512,2501)
2015/01/26 10:20:30.407 通知TICK更新：idx 512,Ptr 2502
2015/01/26 10:20:30.408 SKOSQuoteLib_GetTick(512,2502)
2015/01/26 10:20:30.409 通知TICK更新：idx 512,Ptr 2503
2015/01/26 10:20:30.409 SKOSQuoteLib_GetTick(512,2503)
2015/01/26 10:20:30.410 通知TICK更新：idx 512,Ptr 2504
2015/01/26 10:20:30.411 SKOSQuoteLib_GetTick(512,2504)
2015/01/26 10:20:30.411 通知TICK更新：idx 512,Ptr 2505
2015/01/26 10:20:30.412 SKOSQuoteLib_GetTick(512,2505)
2015/01/26 10:20:30.413 通知TICK更新：idx 512,Ptr 2506
2015/01/26 10:20:30.414 SKOSQuoteLib_GetTick(512,2506)
2015/01/26 10:20:30.414 通知TICK更新：idx 512,Ptr 2507
2015/01/26 10:20:30.415 SKOSQuoteLib_GetTick(512,2507)
2015/01/26 10:20:30.416 通知TICK更新：idx 512,Ptr 2508
2015/01/26 10:20:30.416 SKOSQuoteLib_GetTick(512,2508)
2015/01/26 10:20:30.417 通知TICK更新：idx 512,Ptr 2509
2015/01/26 10:20:30.418 SKOSQuoteLib_GetTick(512,2509)
2015/01/26 10:20:30.418 通知TICK更新：idx 512,Ptr 2510
2015/01/26 10:20:30.419 SKOSQuoteLib_GetTick(512,2510)
2015/01/26 10:20:30.420 通知TICK更新：idx 512,Ptr 2511
2015/01/26 10:20:30.420 SKOSQuoteLib_GetTick(512,2511)
2015/01/26 10:20:30.421 通知TICK更新：idx 512,Ptr 2512
2015/01/26 10:20:30.422 SKOSQuoteLib_GetTick(512,2512)
2015/01/26 10:20:30.422 通知TICK更新：idx 512,Ptr 2513
2015/01/26 10:20:30.423 SKOSQuoteLib_GetTick(512,2513)
2015/01/26 10:20:30.424 通知TICK更新：idx 512,Ptr 2514
2015/01/26 10:20:30.425 通知TICK更新：idx 512,Ptr 2515
2015/01/26 10:20:30.425 SKOSQuoteLib_GetTick(512,2514)
2015/01/26 10:20:30.426 SKOSQuoteLib_GetTick(512,2515)
2015/01/26 10:20:30.430 通知TICK更新：idx 512,Ptr 2874
2015/01/26 10:20:30.430 通知TICK更新：idx 512,Ptr 2873
2015/01/26 10:20:30.431 SKOSQuoteLib_GetTick(512,2874)
2015/01/26 10:20:30.432 SKOSQuoteLib_GetTick(512,2873)
2015/01/26 10:20:30.433 通知TICK更新：idx 512,Ptr 2953
2015/01/26 10:20:30.433 通知TICK更新：idx 512,Ptr 2954
2015/01/26 10:20:30.434 SKOSQuoteLib_GetTick(512,2953)
2015/01/26 10:20:30.435 SKOSQuoteLib_GetTick(512,2954)
2015/01/26 10:20:30.435 通知TICK更新：idx 512,Ptr 2955
2015/01/26 10:20:30.436 通知TICK更新：idx 512,Ptr 2956
2015/01/26 10:20:30.437 SKOSQuoteLib_GetTick(512,2955)
2015/01/26 10:20:30.437 SKOSQuoteLib_GetTick(512,2956)
2015/01/26 10:22:17.338 -----------
2015/01/26 10:22:17.339 API InitInstance 
2015/01/26 10:22:17.342 SKOSQuoteLib_Initialize  ID：E122828927
2015/01/26 10:22:17.343 SKOSQuoteLib_Initialize  Server：https://order2.capital.com.tw/
2015/01/26 10:22:17.939 SKOSQuoteLib_EnterMonitor(0)
2015/01/26 10:22:17.940 Connect FORT07.capital.com.tw 443
2015/01/26 10:22:17.958 SKOSQuoteLib_AttachConnectCallBack
2015/01/26 10:22:17.961 SKOSQuoteLib_AttachQuoteCallBack
2015/01/26 10:22:17.962 SKOSQuoteLib_AttachTicksCallBack
2015/01/26 10:22:17.963 SKOSQuoteLib_AttachBest5CallBack
2015/01/26 10:22:17.965 SKOSQuoteLib_AttachServerTimeCallBack
2015/01/26 10:22:17.966 SKOSQuoteLib_AttachHistoryTicksGetCallBack
2015/01/26 10:22:18.847 SKOSQuoteLib_EnterMonitor(0)
2015/01/26 10:22:18.848 Connect FORT07.capital.com.tw 443
2015/01/26 10:22:21.915 SK_SUBJECT_CONNECTION_CONNECTED，Code: 0
2015/01/26 10:22:21.916 SK_SUBJECT_CONNECTION_CONNECTED，Code: 0
2015/01/26 10:22:32.703 SKOSQuoteLib_RequestTicks (0,OSE,JNM1503)
2015/01/26 10:22:32.818 SKOSQuoteLib_RequestServerTime()
2015/01/26 10:24:18.407 -----------
2015/01/26 10:24:18.408 API InitInstance 
2015/01/26 10:24:18.411 SKOSQuoteLib_Initialize  ID：E122828927
2015/01/26 10:24:18.412 SKOSQuoteLib_Initialize  Server：https://order2.capital.com.tw/
2015/01/26 10:24:19.054 SKOSQuoteLib_EnterMonitor(0)
2015/01/26 10:24:19.055 Connect FORT03.capital.com.tw 443
2015/01/26 10:24:19.074 SKOSQuoteLib_AttachConnectCallBack
2015/01/26 10:24:19.076 SKOSQuoteLib_AttachQuoteCallBack
2015/01/26 10:24:19.078 SKOSQuoteLib_AttachTicksCallBack
2015/01/26 10:24:19.079 SKOSQuoteLib_AttachBest5CallBack
2015/01/26 10:24:19.081 SKOSQuoteLib_AttachServerTimeCallBack
2015/01/26 10:24:19.083 SKOSQuoteLib_AttachHistoryTicksGetCallBack
2015/01/26 10:24:19.959 SKOSQuoteLib_EnterMonitor(0)
2015/01/26 10:24:19.960 Connect FORT03.capital.com.tw 443
2015/01/26 10:24:23.028 SK_SUBJECT_CONNECTION_CONNECTED，Code: 0
2015/01/26 10:24:23.029 SK_SUBJECT_CONNECTION_CONNECTED，Code: 0
2015/01/26 10:24:26.010 SKOSQuoteLib_RequestTicks (0,OSE,JNM1503)
2015/01/26 10:24:26.133 通知TICK更新：idx 512,Ptr 164
2015/01/26 10:24:26.136 SKOSQuoteLib_GetTick(512,164)
2015/01/26 10:24:26.233 通知TICK更新：idx 512,Ptr 165
2015/01/26 10:24:36.862 SKOSQuoteLib_GetTick(512,165)
2015/01/26 10:24:42.727 通知TICK更新：idx 512,Ptr 166
2015/01/26 10:24:42.728 通知TICK更新：idx 512,Ptr 167
2015/01/26 10:24:42.730 SKOSQuoteLib_GetTick(512,166)
2015/01/26 10:24:42.730 SKOSQuoteLib_GetTick(512,167)
2015/01/26 10:24:42.731 通知TICK更新：idx 512,Ptr 174
2015/01/26 10:24:42.732 通知TICK更新：idx 512,Ptr 175
2015/01/26 10:24:42.737 SKOSQuoteLib_RequestServerTime()
2015/01/26 10:25:40.171 -----------
2015/01/26 10:25:40.172 API InitInstance 
2015/01/26 10:25:40.175 SKOSQuoteLib_Initialize  ID：E122828927
2015/01/26 10:25:40.176 SKOSQuoteLib_Initialize  Server：https://order2.capital.com.tw/
2015/01/26 10:25:40.776 SKOSQuoteLib_EnterMonitor(0)
2015/01/26 10:25:40.777 Connect FORT07.capital.com.tw 443
2015/01/26 10:25:40.794 SKOSQuoteLib_AttachConnectCallBack
2015/01/26 10:25:40.796 SKOSQuoteLib_AttachQuoteCallBack
2015/01/26 10:25:40.797 SKOSQuoteLib_AttachTicksCallBack
2015/01/26 10:25:40.798 SKOSQuoteLib_AttachBest5CallBack
2015/01/26 10:25:40.800 SKOSQuoteLib_AttachServerTimeCallBack
2015/01/26 10:25:40.801 SKOSQuoteLib_AttachHistoryTicksGetCallBack
2015/01/26 10:25:41.664 SKOSQuoteLib_EnterMonitor(0)
2015/01/26 10:25:41.665 Connect FORT07.capital.com.tw 443
2015/01/26 10:25:44.671 SK_SUBJECT_CONNECTION_CONNECTED，Code: 0
2015/01/26 10:25:44.672 連線中斷，Code: 10057 , The socket is not connected.
2015/01/26 10:25:44.673 連線失敗，Code: 10038 , The descriptor specified in the s parameter is not a socket.
2015/01/26 10:25:44.674 SocketDisconnect 斷線CALLBACK通知
2015/01/26 10:25:44.675 SocketDisconnect 斷線CALLBACK通知
2015/01/26 10:25:44.676 SK_SUBJECT_CONNECTION_DISCONNECT，Code: 10038
2015/01/26 10:25:44.677 SK_SUBJECT_CONNECTION_DISCONNECT，Code: 10057
2015/01/26 10:25:46.503 SKOSQuoteLib_RequestTicks (0,OSE,JNM1503)
2015/01/26 10:30:29.880 -----------
2015/01/26 10:30:29.881 API InitInstance 
2015/01/26 10:30:29.885 SKOSQuoteLib_Initialize  ID：E122828927
2015/01/26 10:30:29.886 SKOSQuoteLib_Initialize  Server：https://order2.capital.com.tw/
2015/01/26 10:30:31.689 SKOSQuoteLib_EnterMonitor(0)
2015/01/26 10:30:31.690 Connect FORT03.capital.com.tw 443
2015/01/26 10:30:31.707 SKOSQuoteLib_AttachConnectCallBack
2015/01/26 10:30:31.708 SKOSQuoteLib_AttachQuoteCallBack
2015/01/26 10:30:31.710 SKOSQuoteLib_AttachTicksCallBack
2015/01/26 10:30:31.711 SKOSQuoteLib_AttachBest5CallBack
2015/01/26 10:30:31.712 SKOSQuoteLib_AttachServerTimeCallBack
2015/01/26 10:30:31.714 SKOSQuoteLib_AttachHistoryTicksGetCallBack
2015/01/26 10:30:33.499 SKOSQuoteLib_EnterMonitor(0)
2015/01/26 10:30:33.499 Connect FORT03.capital.com.tw 443
2015/01/26 10:30:36.505 SK_SUBJECT_CONNECTION_CONNECTED，Code: 0
2015/01/26 10:30:36.506 連線中斷，Code: 0 , Connection closed successfully.
2015/01/26 10:30:36.511 SK_SUBJECT_CONNECTION_CONNECTED，Code: 0
2015/01/26 10:30:36.516 SKOSQuoteLib_RequestServerTime()
2015/01/26 10:30:49.025 -----------
2015/01/26 10:30:49.026 API InitInstance 
2015/01/26 10:30:49.029 SKOSQuoteLib_Initialize  ID：E122828927
2015/01/26 10:30:49.031 SKOSQuoteLib_Initialize  Server：https://order2.capital.com.tw/
2015/01/26 10:30:49.596 SKOSQuoteLib_EnterMonitor(0)
2015/01/26 10:30:49.596 Connect FORT03.capital.com.tw 443
2015/01/26 10:30:49.614 SKOSQuoteLib_AttachConnectCallBack
2015/01/26 10:30:49.617 SKOSQuoteLib_AttachQuoteCallBack
2015/01/26 10:30:49.618 SKOSQuoteLib_AttachTicksCallBack
2015/01/26 10:30:49.619 SKOSQuoteLib_AttachBest5CallBack
2015/01/26 10:30:49.621 SKOSQuoteLib_AttachServerTimeCallBack
2015/01/26 10:30:49.622 SKOSQuoteLib_AttachHistoryTicksGetCallBack
2015/01/26 10:30:50.627 SKOSQuoteLib_EnterMonitor(0)
2015/01/26 10:30:50.627 Connect FORT03.capital.com.tw 443
2015/01/26 10:30:53.632 SK_SUBJECT_CONNECTION_CONNECTED，Code: 0
2015/01/26 10:30:53.633 連線中斷，Code: 10057 , The socket is not connected.
2015/01/26 10:30:53.634 SocketDisconnect 斷線CALLBACK通知
2015/01/26 10:30:53.634 連線失敗，Code: 10038 , The descriptor specified in the s parameter is not a socket.
2015/01/26 10:30:53.636 SK_SUBJECT_CONNECTION_DISCONNECT，Code: 10057
[4920] 2015/01/26 10:49:55.517 API InitInstance 
[4920] 2015/01/26 10:49:55.521 SKOSQuoteLib_Initialize  ID：E122828927
[4920] 2015/01/26 10:49:55.523 SKOSQuoteLib_Initialize  Server：https://order2.capital.com.tw/
[4920] 2015/01/26 10:49:56.157 SKOSQuoteLib_EnterMonitor(0)
[4920] 2015/01/26 10:49:56.159 Connect FORT06.capital.com.tw 443
[4920] 2015/01/26 10:49:56.185 SKOSQuoteLib_AttachConnectCallBack
[4920] 2015/01/26 10:49:56.187 SKOSQuoteLib_AttachQuoteCallBack
[4920] 2015/01/26 10:49:56.189 SKOSQuoteLib_AttachTicksCallBack
[4920] 2015/01/26 10:49:56.191 SKOSQuoteLib_AttachBest5CallBack
[4920] 2015/01/26 10:49:56.193 SKOSQuoteLib_AttachServerTimeCallBack
[4920] 2015/01/26 10:49:56.195 SKOSQuoteLib_AttachHistoryTicksGetCallBack
[4920] 2015/01/26 10:49:57.576 SKOSQuoteLib_EnterMonitor(0)
[4920] 2015/01/26 10:49:57.578 Connect FORT06.capital.com.tw 443
[4920] 2015/01/26 10:50:00.650 SK_SUBJECT_CONNECTION_CONNECTED，Code: 0
[4920] 2015/01/26 10:50:00.652 SK_SUBJECT_CONNECTION_CONNECTED，Code: 0
[4920] 2015/01/26 10:50:04.730 SKOSQuoteLib_RequestTicks (0,OSE,JNM1503)
[4920] 2015/01/26 10:50:04.886 連線中斷，Code: 10053 , The virtual circuit was terminated due to a time-out or other failure. The application should close the socket as it is no longer usable.
[4920] 2015/01/26 10:50:04.891 連線中斷，Code: 0 , Connection closed successfully.
[4920] 2015/01/26 10:50:04.893 SocketDisconnect 斷線CALLBACK通知
[4920] 2015/01/26 10:50:04.894 SK_SUBJECT_CONNECTION_DISCONNECT，Code: 10053
[4920] 2015/01/26 10:50:09.485 SKOSQuoteLib_RequestServerTime()
[4164] 2015/01/26 11:00:18.838 API InitInstance 
[4164] 2015/01/26 11:00:18.842 SKOSQuoteLib_Initialize  ID：E122828927
[4164] 2015/01/26 11:00:18.844 SKOSQuoteLib_Initialize  Server：https://order2.capital.com.tw/
[4164] 2015/01/26 11:00:19.608 SKOSQuoteLib_EnterMonitor(0)
[4164] 2015/01/26 11:00:19.609 Connect FORT06.capital.com.tw 443
[4164] 2015/01/26 11:00:19.644 SKOSQuoteLib_AttachConnectCallBack
[4164] 2015/01/26 11:00:19.647 SKOSQuoteLib_AttachQuoteCallBack
[4164] 2015/01/26 11:00:19.649 SKOSQuoteLib_AttachTicksCallBack
[4164] 2015/01/26 11:00:19.651 SKOSQuoteLib_AttachBest5CallBack
[4164] 2015/01/26 11:00:19.653 SKOSQuoteLib_AttachServerTimeCallBack
[4164] 2015/01/26 11:00:19.656 SKOSQuoteLib_AttachHistoryTicksGetCallBack
[4164] 2015/01/26 11:00:20.743 SKOSQuoteLib_EnterMonitor(0)
[4164] 2015/01/26 11:00:20.745 Connect FORT06.capital.com.tw 443
[4164] 2015/01/26 11:00:23.760 SK_SUBJECT_CONNECTION_CONNECTED，Code: 0
[4164] 2015/01/26 11:00:23.762 連線中斷，Code: 10057 , The socket is not connected.
[4164] 2015/01/26 11:00:23.765 SocketDisconnect 斷線CALLBACK通知
[4164] 2015/01/26 11:00:23.768 SK_SUBJECT_CONNECTION_DISCONNECT，Code: 10057
[4164] 2015/01/26 11:00:23.773 SK_SUBJECT_CONNECTION_CONNECTED，Code: 0
[4164] 2015/01/26 11:00:23.775 連線中斷，Code: 0 , Connection closed successfully.
[2916] 2015/01/26 11:55:25.240 API InitInstance 
[2916] 2015/01/26 11:55:25.244 SKOSQuoteLib_Initialize  ID：E122828927
[2916] 2015/01/26 11:55:25.246 SKOSQuoteLib_Initialize  Server：https://order2.capital.com.tw/
[2916] 2015/01/26 11:55:26.135 SKOSQuoteLib_EnterMonitor(0)
[2916] 2015/01/26 11:55:26.137 Connect FORT01.capital.com.tw 443
[2916] 2015/01/26 11:55:26.291 連線通知: RegisterOnConnectCallBack 涵式未註冊
[2916] 2015/01/26 11:55:26.295 SK_SUBJECT_CONNECTION_CONNECTED，Code: 0
[2916] 2015/01/26 11:55:40.188 API ExitInstance 
[4264] 2015/01/26 11:56:50.339 API InitInstance 
[4264] 2015/01/26 11:56:50.343 SKOSQuoteLib_Initialize  ID：E122828927
[4264] 2015/01/26 11:56:50.345 SKOSQuoteLib_Initialize  Server：https://order2.capital.com.tw/
[4264] 2015/01/26 11:56:51.127 SKOSQuoteLib_EnterMonitor(0)
[4264] 2015/01/26 11:56:51.129 Connect FORT09.capital.com.tw 443
[4264] 2015/01/26 11:56:51.163 SKOSQuoteLib_AttachConnectCallBack
[4264] 2015/01/26 11:56:51.166 SKOSQuoteLib_AttachQuoteCallBack
[4264] 2015/01/26 11:56:51.169 SKOSQuoteLib_AttachTicksCallBack
[4264] 2015/01/26 11:56:51.170 SKOSQuoteLib_AttachBest5CallBack
[4264] 2015/01/26 11:56:51.172 SKOSQuoteLib_AttachServerTimeCallBack
[4264] 2015/01/26 11:56:51.175 SKOSQuoteLib_AttachHistoryTicksGetCallBack
[4264] 2015/01/26 11:56:52.425 SKOSQuoteLib_EnterMonitor(0)
[4264] 2015/01/26 11:56:52.426 Connect FORT09.capital.com.tw 443
[4264] 2015/01/26 11:56:55.448 SK_SUBJECT_CONNECTION_CONNECTED，Code: 0
[4264] 2015/01/26 11:56:55.450 SK_SUBJECT_CONNECTION_CONNECTED，Code: 0
[4264] 2015/01/26 11:57:02.075 SKOSQuoteLib_RequestServerTime()
[4128] 2015/01/26 11:59:49.413 API InitInstance 
[4128] 2015/01/26 11:59:49.417 SKOSQuoteLib_Initialize  ID：E122828927
[4128] 2015/01/26 11:59:49.419 SKOSQuoteLib_Initialize  Server：https://order2.capital.com.tw/
[4128] 2015/01/26 11:59:50.224 SKOSQuoteLib_EnterMonitor(0)
[4128] 2015/01/26 11:59:50.225 Connect FORT05.capital.com.tw 443
[4128] 2015/01/26 11:59:50.259 SKOSQuoteLib_AttachConnectCallBack
[4128] 2015/01/26 11:59:50.263 SKOSQuoteLib_AttachQuoteCallBack
[4128] 2015/01/26 11:59:50.265 SKOSQuoteLib_AttachTicksCallBack
[4128] 2015/01/26 11:59:50.267 SKOSQuoteLib_AttachBest5CallBack
[4128] 2015/01/26 11:59:50.269 SKOSQuoteLib_AttachServerTimeCallBack
[4128] 2015/01/26 11:59:50.271 SKOSQuoteLib_AttachHistoryTicksGetCallBack
[4128] 2015/01/26 11:59:52.143 SKOSQuoteLib_EnterMonitor(0)
[4128] 2015/01/26 11:59:52.144 Connect FORT05.capital.com.tw 443
[4128] 2015/01/26 11:59:55.212 SK_SUBJECT_CONNECTION_CONNECTED，Code: 0
[4128] 2015/01/26 11:59:55.214 SK_SUBJECT_CONNECTION_CONNECTED，Code: 0
[4128] 2015/01/26 12:00:02.165 SKOSQuoteLib_RequestServerTime()
[184] 2015/01/26 12:00:15.515 API InitInstance 
[184] 2015/01/26 12:00:15.519 SKOSQuoteLib_Initialize  ID：E122828927
[184] 2015/01/26 12:00:15.521 SKOSQuoteLib_Initialize  Server：https://order2.capital.com.tw/
[184] 2015/01/26 12:00:16.281 SKOSQuoteLib_EnterMonitor(0)
[184] 2015/01/26 12:00:16.283 Connect FORT01.capital.com.tw 443
[184] 2015/01/26 12:00:16.317 SKOSQuoteLib_AttachConnectCallBack
[184] 2015/01/26 12:00:16.320 SKOSQuoteLib_AttachQuoteCallBack
[184] 2015/01/26 12:00:16.322 SKOSQuoteLib_AttachTicksCallBack
[184] 2015/01/26 12:00:16.324 SKOSQuoteLib_AttachBest5CallBack
[184] 2015/01/26 12:00:16.326 SKOSQuoteLib_AttachServerTimeCallBack
[184] 2015/01/26 12:00:16.328 SKOSQuoteLib_AttachHistoryTicksGetCallBack
[184] 2015/01/26 12:00:17.451 SKOSQuoteLib_EnterMonitor(0)
[184] 2015/01/26 12:00:17.453 Connect FORT01.capital.com.tw 443
[184] 2015/01/26 12:00:20.483 SK_SUBJECT_CONNECTION_CONNECTED，Code: 0
[184] 2015/01/26 12:00:20.485 SK_SUBJECT_CONNECTION_CONNECTED，Code: 0
[184] 2015/01/26 12:00:45.838 SKOSQuoteLib_RequestServerTime()
[4968] 2015/01/26 12:17:47.067 API InitInstance 
[4968] 2015/01/26 12:17:47.071 SKOSQuoteLib_Initialize  ID：E122828927
[4968] 2015/01/26 12:17:47.073 SKOSQuoteLib_Initialize  Server：https://order2.capital.com.tw/
[4968] 2015/01/26 12:17:47.837 SKOSQuoteLib_EnterMonitor(0)
[4968] 2015/01/26 12:17:47.838 Connect FORT06.capital.com.tw 443
[4968] 2015/01/26 12:17:47.872 SKOSQuoteLib_AttachConnectCallBack
[4968] 2015/01/26 12:17:47.875 SKOSQuoteLib_AttachQuoteCallBack
[4968] 2015/01/26 12:17:47.878 SKOSQuoteLib_AttachTicksCallBack
[4968] 2015/01/26 12:17:47.879 SKOSQuoteLib_AttachBest5CallBack
[4968] 2015/01/26 12:17:47.882 SKOSQuoteLib_AttachServerTimeCallBack
[4968] 2015/01/26 12:17:47.884 SKOSQuoteLib_AttachHistoryTicksGetCallBack
[4968] 2015/01/26 12:17:49.139 SKOSQuoteLib_EnterMonitor(0)
[4968] 2015/01/26 12:17:49.140 Connect FORT06.capital.com.tw 443
[4968] 2015/01/26 12:17:52.156 SK_SUBJECT_CONNECTION_CONNECTED，Code: 0
[4968] 2015/01/26 12:17:52.163 SK_SUBJECT_CONNECTION_CONNECTED，Code: 0
[576] 2015/01/26 12:26:12.325 API InitInstance 
[576] 2015/01/26 12:26:12.329 SKOSQuoteLib_Initialize  ID：E122828927
[576] 2015/01/26 12:26:12.331 SKOSQuoteLib_Initialize  Server：https://order2.capital.com.tw/
[576] 2015/01/26 12:26:13.049 SKOSQuoteLib_EnterMonitor(0)
[576] 2015/01/26 12:26:13.051 Connect FORT03.capital.com.tw 443
[576] 2015/01/26 12:26:13.085 SKOSQuoteLib_AttachConnectCallBack
[576] 2015/01/26 12:26:13.089 SKOSQuoteLib_AttachQuoteCallBack
[576] 2015/01/26 12:26:13.091 SKOSQuoteLib_AttachTicksCallBack
[576] 2015/01/26 12:26:13.093 SKOSQuoteLib_AttachBest5CallBack
[576] 2015/01/26 12:26:13.095 SKOSQuoteLib_AttachServerTimeCallBack
[576] 2015/01/26 12:26:13.097 SKOSQuoteLib_AttachHistoryTicksGetCallBack
[576] 2015/01/26 12:26:14.232 SKOSQuoteLib_EnterMonitor(0)
[576] 2015/01/26 12:26:14.233 Connect FORT03.capital.com.tw 443
[576] 2015/01/26 12:26:17.255 SK_SUBJECT_CONNECTION_CONNECTED，Code: 0
[576] 2015/01/26 12:26:17.257 SK_SUBJECT_CONNECTION_CONNECTED，Code: 0
[576] 2015/01/26 12:26:21.519 SKOSQuoteLib_RequestServerTime()
[576] 2015/01/26 12:26:21.522 SKOSQuoteLib_LeaveMonitor()
[3760] 2015/01/26 12:28:23.220 API InitInstance 
[3760] 2015/01/26 12:28:23.224 SKOSQuoteLib_Initialize  ID：E122828927
[3760] 2015/01/26 12:28:23.226 SKOSQuoteLib_Initialize  Server：https://order2.capital.com.tw/
[3760] 2015/01/26 12:28:23.891 SKOSQuoteLib_EnterMonitor(0)
[3760] 2015/01/26 12:28:23.893 Connect FORT03.capital.com.tw 443
[3760] 2015/01/26 12:28:23.914 SKOSQuoteLib_AttachConnectCallBack
[3760] 2015/01/26 12:28:23.916 SKOSQuoteLib_AttachQuoteCallBack
[3760] 2015/01/26 12:28:23.918 SKOSQuoteLib_AttachTicksCallBack
[3760] 2015/01/26 12:28:23.924 SKOSQuoteLib_AttachBest5CallBack
[3760] 2015/01/26 12:28:23.927 SKOSQuoteLib_AttachServerTimeCallBack
[3760] 2015/01/26 12:28:23.929 SKOSQuoteLib_AttachHistoryTicksGetCallBack
[3760] 2015/01/26 12:28:24.949 SKOSQuoteLib_EnterMonitor(0)
[3760] 2015/01/26 12:28:24.950 Connect FORT03.capital.com.tw 443
[3760] 2015/01/26 12:28:27.970 SK_SUBJECT_CONNECTION_CONNECTED，Code: 0
[3760] 2015/01/26 12:28:27.971 SK_SUBJECT_CONNECTION_CONNECTED，Code: 0
[3760] 2015/01/26 12:28:29.283 SKOSQuoteLib_RequestServerTime()
[3760] 2015/01/26 12:28:29.285 SKOSQuoteLib_LeaveMonitor()
[3696] 2015/01/26 12:30:49.398 API InitInstance 
[3696] 2015/01/26 12:30:49.402 SKOSQuoteLib_Initialize  ID：E122828927
[3696] 2015/01/26 12:30:49.404 SKOSQuoteLib_Initialize  Server：https://order2.capital.com.tw/
[3696] 2015/01/26 12:30:50.058 SKOSQuoteLib_EnterMonitor(0)
[3696] 2015/01/26 12:30:50.060 Connect FORT06.capital.com.tw 443
[3696] 2015/01/26 12:30:50.086 SKOSQuoteLib_AttachConnectCallBack
[3696] 2015/01/26 12:30:50.088 SKOSQuoteLib_AttachQuoteCallBack
[3696] 2015/01/26 12:30:50.090 SKOSQuoteLib_AttachTicksCallBack
[3696] 2015/01/26 12:30:50.093 SKOSQuoteLib_AttachBest5CallBack
[3696] 2015/01/26 12:30:50.095 SKOSQuoteLib_AttachServerTimeCallBack
[3696] 2015/01/26 12:30:50.097 SKOSQuoteLib_AttachHistoryTicksGetCallBack
[3696] 2015/01/26 12:30:51.146 SKOSQuoteLib_EnterMonitor(0)
[3696] 2015/01/26 12:30:51.147 Connect FORT06.capital.com.tw 443
[3696] 2015/01/26 12:30:54.219 SK_SUBJECT_CONNECTION_CONNECTED，Code: 0
[3696] 2015/01/26 12:30:54.221 SK_SUBJECT_CONNECTION_CONNECTED，Code: 0
[3696] 2015/01/26 12:30:55.492 SKOSQuoteLib_RequestServerTime()
[3696] 2015/01/26 12:31:09.691 SKOSQuoteLib_RequestServerTime()
[3696] 2015/01/26 12:31:24.705 SKOSQuoteLib_RequestServerTime()
[3696] 2015/01/26 12:31:28.012 API ExitInstance 
[4708] 2015/01/26 12:32:13.864 API InitInstance 
[4708] 2015/01/26 12:32:13.868 SKOSQuoteLib_Initialize  ID：E122828927
[4708] 2015/01/26 12:32:13.870 SKOSQuoteLib_Initialize  Server：https://order2.capital.com.tw/
[4708] 2015/01/26 12:32:14.466 SKOSQuoteLib_EnterMonitor(0)
[4708] 2015/01/26 12:32:14.468 Connect FORT03.capital.com.tw 443
[4708] 2015/01/26 12:32:14.493 SKOSQuoteLib_AttachConnectCallBack
[4708] 2015/01/26 12:32:14.495 SKOSQuoteLib_AttachQuoteCallBack
[4708] 2015/01/26 12:32:14.498 SKOSQuoteLib_AttachTicksCallBack
[4708] 2015/01/26 12:32:14.499 SKOSQuoteLib_AttachBest5CallBack
[4708] 2015/01/26 12:32:14.501 SKOSQuoteLib_AttachServerTimeCallBack
[4708] 2015/01/26 12:32:14.504 SKOSQuoteLib_AttachHistoryTicksGetCallBack
[4708] 2015/01/26 12:32:15.539 SKOSQuoteLib_EnterMonitor(0)
[4708] 2015/01/26 12:32:15.540 Connect FORT03.capital.com.tw 443
[4708] 2015/01/26 12:32:18.607 SK_SUBJECT_CONNECTION_CONNECTED，Code: 0
[4708] 2015/01/26 12:32:18.608 SK_SUBJECT_CONNECTION_CONNECTED，Code: 0
[4708] 2015/01/26 12:32:19.821 SKOSQuoteLib_RequestServerTime()
[4708] 2015/01/26 12:32:34.140 SKOSQuoteLib_RequestServerTime()
[4708] 2015/01/26 12:32:49.148 SKOSQuoteLib_RequestServerTime()
[4708] 2015/01/26 12:33:04.153 SKOSQuoteLib_RequestServerTime()
[4708] 2015/01/26 12:33:19.157 SKOSQuoteLib_RequestServerTime()
[4708] 2015/01/26 12:33:20.500 SKOSQuoteLib_LeaveMonitor()
[4708] 2015/01/26 12:33:20.502 連線中斷，Code: 10053 , The virtual circuit was terminated due to a time-out or other failure. The application should close the socket as it is no longer usable.
[4708] 2015/01/26 12:33:20.505 連線中斷，Code: 10053 , The virtual circuit was terminated due to a time-out or other failure. The application should close the socket as it is no longer usable.
[4708] 2015/01/26 12:33:20.509 SocketDisconnect 斷線CALLBACK通知
[4708] 2015/01/26 12:33:20.510 SK_SUBJECT_CONNECTION_DISCONNECT，Code: 10053
[4708] 2015/01/26 12:33:20.512 SocketDisconnect 斷線CALLBACK通知
[4708] 2015/01/26 12:33:20.513 SK_SUBJECT_CONNECTION_DISCONNECT，Code: 10053
[4708] 2015/01/26 12:33:20.561 API ExitInstance 
[1520] 2015/01/26 12:34:51.729 API InitInstance 
[1520] 2015/01/26 12:34:51.733 SKOSQuoteLib_Initialize  ID：E122828927
[1520] 2015/01/26 12:34:51.735 SKOSQuoteLib_Initialize  Server：https://order2.capital.com.tw/
[1520] 2015/01/26 12:34:52.454 SKOSQuoteLib_EnterMonitor(0)
[1520] 2015/01/26 12:34:52.456 Connect FORT09.capital.com.tw 443
[1520] 2015/01/26 12:34:52.482 SKOSQuoteLib_AttachConnectCallBack
[1520] 2015/01/26 12:34:52.484 SKOSQuoteLib_AttachQuoteCallBack
[1520] 2015/01/26 12:34:52.487 SKOSQuoteLib_AttachTicksCallBack
[1520] 2015/01/26 12:34:52.488 SKOSQuoteLib_AttachBest5CallBack
[1520] 2015/01/26 12:34:52.490 SKOSQuoteLib_AttachServerTimeCallBack
[1520] 2015/01/26 12:34:52.492 SKOSQuoteLib_AttachHistoryTicksGetCallBack
[1520] 2015/01/26 12:34:53.581 SKOSQuoteLib_EnterMonitor(0)
[1520] 2015/01/26 12:34:53.582 Connect FORT09.capital.com.tw 443
[1520] 2015/01/26 12:34:56.590 SK_SUBJECT_CONNECTION_CONNECTED，Code: 0
[1520] 2015/01/26 12:34:56.592 連線中斷，Code: 10057 , The socket is not connected.
[1520] 2015/01/26 12:34:56.594 SocketDisconnect 斷線CALLBACK通知
[1520] 2015/01/26 12:34:56.595 SK_SUBJECT_CONNECTION_DISCONNECT，Code: 10057
[1520] 2015/01/26 12:34:56.597 連線失敗，Code: 10038 , The descriptor specified in the s parameter is not a socket.
[4640] 2015/01/26 12:35:04.132 API InitInstance 
[4640] 2015/01/26 12:35:04.136 SKOSQuoteLib_Initialize  ID：E122828927
[4640] 2015/01/26 12:35:04.138 SKOSQuoteLib_Initialize  Server：https://order2.capital.com.tw/
[4640] 2015/01/26 12:35:04.746 SKOSQuoteLib_EnterMonitor(0)
[4640] 2015/01/26 12:35:04.748 Connect FORT03.capital.com.tw 443
[4640] 2015/01/26 12:35:04.775 SKOSQuoteLib_AttachConnectCallBack
[4640] 2015/01/26 12:35:04.777 SKOSQuoteLib_AttachQuoteCallBack
[4640] 2015/01/26 12:35:04.779 SKOSQuoteLib_AttachTicksCallBack
[4640] 2015/01/26 12:35:04.781 SKOSQuoteLib_AttachBest5CallBack
[4640] 2015/01/26 12:35:04.783 SKOSQuoteLib_AttachServerTimeCallBack
[4640] 2015/01/26 12:35:04.785 SKOSQuoteLib_AttachHistoryTicksGetCallBack
[4640] 2015/01/26 12:35:05.825 SKOSQuoteLib_EnterMonitor(0)
[4640] 2015/01/26 12:35:05.827 Connect FORT03.capital.com.tw 443
[4640] 2015/01/26 12:35:08.845 SK_SUBJECT_CONNECTION_CONNECTED，Code: 0
[4640] 2015/01/26 12:35:08.847 SK_SUBJECT_CONNECTION_CONNECTED，Code: 0
[4640] 2015/01/26 12:35:16.788 SKOSQuoteLib_RequestServerTime()
[4640] 2015/01/26 12:35:25.068 API ExitInstance 
[3880] 2015/01/26 12:38:29.873 API InitInstance 
[3880] 2015/01/26 12:38:29.875 SKOSQuoteLib_AttachOverseaProductsCallBack   SK_ERROR_INITIALIZE_FAIL 
[3880] 2015/01/26 12:38:29.878 SKOSQuoteLib_RequestOverseaProducts   SK_ERROR_INITIALIZE_FAIL 
[3880] 2015/01/26 12:38:35.145 SKOSQuoteLib_RequestServerTime   SK_ERROR_INITIALIZE_FAIL 
[3880] 2015/01/26 12:38:35.332 API ExitInstance 
[2108] 2015/01/26 12:39:21.155 API InitInstance 
[2108] 2015/01/26 12:39:21.159 SKOSQuoteLib_Initialize  ID：E122828927
[2108] 2015/01/26 12:39:21.161 SKOSQuoteLib_Initialize  Server：https://order2.capital.com.tw/
[2108] 2015/01/26 12:39:21.770 SKOSQuoteLib_EnterMonitor(0)
[2108] 2015/01/26 12:39:21.772 Connect FORT06.capital.com.tw 443
[2108] 2015/01/26 12:39:21.798 SKOSQuoteLib_AttachConnectCallBack
[2108] 2015/01/26 12:39:21.801 SKOSQuoteLib_AttachQuoteCallBack
[2108] 2015/01/26 12:39:21.803 SKOSQuoteLib_AttachTicksCallBack
[2108] 2015/01/26 12:39:21.804 SKOSQuoteLib_AttachBest5CallBack
[2108] 2015/01/26 12:39:21.806 SKOSQuoteLib_AttachServerTimeCallBack
[2108] 2015/01/26 12:39:21.808 SKOSQuoteLib_AttachHistoryTicksGetCallBack
[2108] 2015/01/26 12:39:22.917 SKOSQuoteLib_EnterMonitor(0)
[2108] 2015/01/26 12:39:22.919 Connect FORT06.capital.com.tw 443
[2108] 2015/01/26 12:39:25.990 SK_SUBJECT_CONNECTION_CONNECTED，Code: 0
[2108] 2015/01/26 12:39:25.992 SK_SUBJECT_CONNECTION_CONNECTED，Code: 0
[2108] 2015/01/26 12:39:27.309 SKOSQuoteLib_RequestServerTime()
[2108] 2015/01/26 12:39:31.141 SKOSQuoteLib_AttachOverseaProductsCallBack
[2108] 2015/01/26 12:39:31.143 SKOSQuoteLib_RequestOverseaProducts()
[2108] 2015/01/26 12:39:41.421 SKOSQuoteLib_RequestServerTime()
[2108] 2015/01/26 12:39:41.429 SKOSQuoteLib_AttachKLineDataCallBack
[2108] 2015/01/26 12:39:41.432 SKOSQuoteLib_RequestKLine (OSE,JNM1503,0)
[2108] 2015/01/26 12:39:49.446 SKOSQuoteLib_RequestKLine (OSE,JNMPM1503,0)
[2108] 2015/01/26 12:39:56.686 SKOSQuoteLib_RequestServerTime()
[2108] 2015/01/26 12:40:11.435 SKOSQuoteLib_RequestServerTime()
[4136] 2015/01/26 12:43:23.356 API InitInstance 
[4136] 2015/01/26 12:43:23.360 SKOSQuoteLib_Initialize  ID：E122828927
[4136] 2015/01/26 12:43:23.362 SKOSQuoteLib_Initialize  Server：https://order2.capital.com.tw/
[4136] 2015/01/26 12:43:23.954 SKOSQuoteLib_EnterMonitor(0)
[4136] 2015/01/26 12:43:23.956 Connect FORT09.capital.com.tw 443
[4136] 2015/01/26 12:43:23.983 SKOSQuoteLib_AttachConnectCallBack
[4136] 2015/01/26 12:43:23.985 SKOSQuoteLib_AttachQuoteCallBack
[4136] 2015/01/26 12:43:23.987 SKOSQuoteLib_AttachTicksCallBack
[4136] 2015/01/26 12:43:23.989 SKOSQuoteLib_AttachBest5CallBack
[4136] 2015/01/26 12:43:23.991 SKOSQuoteLib_AttachServerTimeCallBack
[4136] 2015/01/26 12:43:23.993 SKOSQuoteLib_AttachHistoryTicksGetCallBack
[4136] 2015/01/26 12:43:25.052 SKOSQuoteLib_EnterMonitor(0)
[4136] 2015/01/26 12:43:25.053 Connect FORT09.capital.com.tw 443
[4136] 2015/01/26 12:43:28.072 SK_SUBJECT_CONNECTION_CONNECTED，Code: 0
[4136] 2015/01/26 12:43:28.074 SK_SUBJECT_CONNECTION_CONNECTED，Code: 0
[4136] 2015/01/26 12:43:29.376 SKOSQuoteLib_RequestServerTime()
[4136] 2015/01/26 12:43:29.378 SKOSQuoteLib_LeaveMonitor()
[1912] 2015/01/26 12:43:51.849 API InitInstance 
[1912] 2015/01/26 12:43:51.853 SKOSQuoteLib_Initialize  ID：E122828927
[1912] 2015/01/26 12:43:51.855 SKOSQuoteLib_Initialize  Server：https://order2.capital.com.tw/
[1912] 2015/01/26 12:43:52.647 SKOSQuoteLib_EnterMonitor(0)
[1912] 2015/01/26 12:43:52.648 Connect FORT06.capital.com.tw 443
[1912] 2015/01/26 12:43:52.682 SKOSQuoteLib_AttachConnectCallBack
[1912] 2015/01/26 12:43:52.686 SKOSQuoteLib_AttachQuoteCallBack
[1912] 2015/01/26 12:43:52.688 SKOSQuoteLib_AttachTicksCallBack
[1912] 2015/01/26 12:43:52.690 SKOSQuoteLib_AttachBest5CallBack
[1912] 2015/01/26 12:43:52.692 SKOSQuoteLib_AttachServerTimeCallBack
[1912] 2015/01/26 12:43:52.695 SKOSQuoteLib_AttachHistoryTicksGetCallBack
[1912] 2015/01/26 12:43:53.765 SKOSQuoteLib_EnterMonitor(0)
[1912] 2015/01/26 12:43:53.767 Connect FORT06.capital.com.tw 443
[1912] 2015/01/26 12:43:56.775 SK_SUBJECT_CONNECTION_CONNECTED，Code: 0
[1912] 2015/01/26 12:43:56.777 連線中斷，Code: 10057 , The socket is not connected.
[1912] 2015/01/26 12:43:56.779 SocketDisconnect 斷線CALLBACK通知
[1912] 2015/01/26 12:43:56.781 SK_SUBJECT_CONNECTION_DISCONNECT，Code: 10057
[1912] 2015/01/26 12:43:56.783 連線失敗，Code: 10038 , The descriptor specified in the s parameter is not a socket.
[1912] 2015/01/26 12:44:03.136 SKOSQuoteLib_RequestServerTime()
[4044] 2015/01/26 12:44:29.719 API InitInstance 
[4044] 2015/01/26 12:44:29.723 SKOSQuoteLib_Initialize  ID：E122828927
[4044] 2015/01/26 12:44:29.725 SKOSQuoteLib_Initialize  Server：https://order2.capital.com.tw/
[4044] 2015/01/26 12:44:30.384 SKOSQuoteLib_EnterMonitor(0)
[4044] 2015/01/26 12:44:30.386 Connect FORT07.capital.com.tw 443
[4044] 2015/01/26 12:44:30.412 SKOSQuoteLib_AttachConnectCallBack
[4044] 2015/01/26 12:44:30.415 SKOSQuoteLib_AttachQuoteCallBack
[4044] 2015/01/26 12:44:30.417 SKOSQuoteLib_AttachTicksCallBack
[4044] 2015/01/26 12:44:30.418 SKOSQuoteLib_AttachBest5CallBack
[4044] 2015/01/26 12:44:30.420 SKOSQuoteLib_AttachServerTimeCallBack
[4044] 2015/01/26 12:44:30.422 SKOSQuoteLib_AttachHistoryTicksGetCallBack
[4044] 2015/01/26 12:44:31.514 SKOSQuoteLib_EnterMonitor(0)
[4044] 2015/01/26 12:44:31.516 Connect FORT07.capital.com.tw 443
[4044] 2015/01/26 12:44:34.562 SK_SUBJECT_CONNECTION_CONNECTED，Code: 0
[4044] 2015/01/26 12:44:34.564 SK_SUBJECT_CONNECTION_CONNECTED，Code: 0
[4044] 2015/01/26 12:44:35.584 SKOSQuoteLib_RequestServerTime()
[4044] 2015/01/26 12:44:39.707 SKOSQuoteLib_RequestTicks (0,OSE,JNM1503)
[3600] 2015/01/26 13:22:22.173 API InitInstance 
[3600] 2015/01/26 13:22:22.177 SKOSQuoteLib_Initialize  ID：E122828927
[3600] 2015/01/26 13:22:22.178 SKOSQuoteLib_Initialize  Server：https://order2.capital.com.tw/
[3600] 2015/01/26 13:22:22.996 SKOSQuoteLib_EnterMonitor(0)
[3600] 2015/01/26 13:22:22.998 Connect FORT06.capital.com.tw 443
[3600] 2015/01/26 13:22:23.032 SKOSQuoteLib_AttachConnectCallBack
[3600] 2015/01/26 13:22:23.036 SKOSQuoteLib_AttachQuoteCallBack
[3600] 2015/01/26 13:22:23.038 SKOSQuoteLib_AttachTicksCallBack
[3600] 2015/01/26 13:22:23.040 SKOSQuoteLib_AttachBest5CallBack
[3600] 2015/01/26 13:22:23.042 SKOSQuoteLib_AttachServerTimeCallBack
[3600] 2015/01/26 13:22:23.044 SKOSQuoteLib_AttachHistoryTicksGetCallBack
[3600] 2015/01/26 13:22:25.418 SKOSQuoteLib_EnterMonitor(0)
[3600] 2015/01/26 13:22:25.420 Connect FORT06.capital.com.tw 443
[3600] 2015/01/26 13:22:28.631 SK_SUBJECT_CONNECTION_CONNECTED，Code: 0
[3600] 2015/01/26 13:22:28.633 SK_SUBJECT_CONNECTION_CONNECTED，Code: 0
[3600] 2015/01/26 13:22:31.934 SKOSQuoteLib_RequestTicks (0,OSE,JNM1503)
[3600] 2015/01/26 13:22:32.238 連線中斷，Code: 10053 , The virtual circuit was terminated due to a time-out or other failure. The application should close the socket as it is no longer usable.
[3600] 2015/01/26 13:22:32.243 連線中斷，Code: 10053 , The virtual circuit was terminated due to a time-out or other failure. The application should close the socket as it is no longer usable.
[3600] 2015/01/26 13:22:32.247 SocketDisconnect 斷線CALLBACK通知
[3600] 2015/01/26 13:22:32.249 SK_SUBJECT_CONNECTION_DISCONNECT，Code: 10053
[3600] 2015/01/26 13:22:37.450 SKOSQuoteLib_RequestServerTime()
[2444] 2015/01/26 13:23:26.601 API InitInstance 
[2444] 2015/01/26 13:23:26.605 SKOSQuoteLib_Initialize  ID：E122828927
[2444] 2015/01/26 13:23:26.607 SKOSQuoteLib_Initialize  Server：https://order2.capital.com.tw/
[2444] 2015/01/26 13:23:27.354 SKOSQuoteLib_EnterMonitor(0)
[2444] 2015/01/26 13:23:27.355 Connect FORT03.capital.com.tw 443
[2444] 2015/01/26 13:23:27.390 SKOSQuoteLib_AttachConnectCallBack
[2444] 2015/01/26 13:23:27.393 SKOSQuoteLib_AttachQuoteCallBack
[2444] 2015/01/26 13:23:27.395 SKOSQuoteLib_AttachTicksCallBack
[2444] 2015/01/26 13:23:27.397 SKOSQuoteLib_AttachBest5CallBack
[2444] 2015/01/26 13:23:27.399 SKOSQuoteLib_AttachServerTimeCallBack
[2444] 2015/01/26 13:23:27.402 SKOSQuoteLib_AttachHistoryTicksGetCallBack
[2444] 2015/01/26 13:23:28.482 SKOSQuoteLib_EnterMonitor(0)
[2444] 2015/01/26 13:23:28.483 Connect FORT03.capital.com.tw 443
[2444] 2015/01/26 13:23:31.700 SK_SUBJECT_CONNECTION_CONNECTED，Code: 0
[2444] 2015/01/26 13:23:31.702 SK_SUBJECT_CONNECTION_CONNECTED，Code: 0
[2444] 2015/01/26 13:23:35.374 SKOSQuoteLib_RequestTicks (0,OSE,JNM1503)
[3088] 2015/01/26 14:30:10.154 API InitInstance 
[3088] 2015/01/26 14:30:10.158 SKOSQuoteLib_Initialize  ID：E122828927
[3088] 2015/01/26 14:30:10.160 SKOSQuoteLib_Initialize  Server：https://order2.capital.com.tw/
[3088] 2015/01/26 14:30:10.765 SKOSQuoteLib_EnterMonitor(0)
[3088] 2015/01/26 14:30:10.767 Connect FORT03.capital.com.tw 443
[3088] 2015/01/26 14:30:10.787 SKOSQuoteLib_AttachConnectCallBack
[3088] 2015/01/26 14:30:10.789 SKOSQuoteLib_AttachQuoteCallBack
[3088] 2015/01/26 14:30:10.791 SKOSQuoteLib_AttachTicksCallBack
[3088] 2015/01/26 14:30:10.792 SKOSQuoteLib_AttachBest5CallBack
[3088] 2015/01/26 14:30:10.794 SKOSQuoteLib_AttachServerTimeCallBack
[3088] 2015/01/26 14:30:10.801 SKOSQuoteLib_AttachHistoryTicksGetCallBack
[3088] 2015/01/26 14:30:11.847 SKOSQuoteLib_EnterMonitor(0)
[3088] 2015/01/26 14:30:11.849 Connect FORT03.capital.com.tw 443
[3088] 2015/01/26 14:30:14.919 SK_SUBJECT_CONNECTION_CONNECTED，Code: 0
[3088] 2015/01/26 14:30:14.921 SK_SUBJECT_CONNECTION_CONNECTED，Code: 0
[3088] 2015/01/26 14:30:16.240 SKOSQuoteLib_RequestServerTime()
[3088] 2015/01/26 14:30:20.146 SKOSQuoteLib_RequestTicks (0,OSE,JNM1503)
[1868] 2015/01/26 21:28:32.104 API InitInstance 
[1868] 2015/01/26 21:28:32.108 SKOSQuoteLib_Initialize  ID：E122828927
[1868] 2015/01/26 21:28:32.109 SKOSQuoteLib_Initialize  Server：https://order2.capital.com.tw/
[1868] 2015/01/26 21:28:32.800 SKOSQuoteLib_EnterMonitor(0)
[1868] 2015/01/26 21:28:32.801 Connect FORT05.capital.com.tw 443
[1868] 2015/01/26 21:28:32.878 SKOSQuoteLib_AttachConnectCallBack
[1868] 2015/01/26 21:28:32.880 SKOSQuoteLib_AttachQuoteCallBack
[1868] 2015/01/26 21:28:32.882 SKOSQuoteLib_AttachTicksCallBack
[1868] 2015/01/26 21:28:32.897 SKOSQuoteLib_AttachBest5CallBack
[1868] 2015/01/26 21:28:32.908 SKOSQuoteLib_AttachServerTimeCallBack
[1868] 2015/01/26 21:28:32.910 SKOSQuoteLib_AttachHistoryTicksGetCallBack
[1868] 2015/01/26 21:28:34.152 SKOSQuoteLib_EnterMonitor(0)
[1868] 2015/01/26 21:28:34.153 Connect FORT05.capital.com.tw 443
[1868] 2015/01/26 21:28:37.167 SK_SUBJECT_CONNECTION_CONNECTED，Code: 0
[1868] 2015/01/26 21:28:37.169 連線中斷，Code: 10057 , The socket is not connected.
[1868] 2015/01/26 21:28:37.172 連線失敗，Code: 10038 , The descriptor specified in the s parameter is not a socket.
[1868] 2015/01/26 21:28:37.174 SocketDisconnect 斷線CALLBACK通知
[1868] 2015/01/26 21:28:37.176 SK_SUBJECT_CONNECTION_DISCONNECT，Code: 10038
