[2844] 2015/01/21 02:30:15.276 SKOrderLib ª©¥» 2.1.22
[2844] 2015/01/21 02:30:15.279 Login ID: E122828927
[2844] 2015/01/21 02:30:16.015 CALL SKOrderLib_ReadCertByID(E122828927)
[2844] 2015/01/21 02:30:16.504 CALL RegisterOnAccountCallBack()
[2844] 2015/01/21 02:30:16.506 CALL GetUserAccount()
[2844] 2015/01/21 02:30:16.508 TS,918J,918J,0456453,E122828927,±d§Óºú,0,0
[2844] 2015/01/21 02:30:16.510 TF,F020000,B17,1709003,E122828927,±d§Óºú,0,0
[2844] 2015/01/21 02:30:16.512 OF,F020000,000,1709003,E122828927,±d§Óºú,0,0
[2844] 2015/01/21 02:30:16.515 CALL RegisterOnOrderAsyncReportCallBack()
[2844] 2015/01/21 02:30:16.518 CALL RegisterOnExecutionReportCallBack()
[1388] 2015/01/21 07:40:13.465 SKOrderLib ª©¥» 2.1.22
[1388] 2015/01/21 07:40:13.468 Login ID: E122828927
[1388] 2015/01/21 07:40:14.106 CALL SKOrderLib_ReadCertByID(E122828927)
[1388] 2015/01/21 07:40:14.449 CALL RegisterOnAccountCallBack()
[1388] 2015/01/21 07:40:14.451 CALL GetUserAccount()
[1388] 2015/01/21 07:40:14.452 TS,918J,918J,0456453,E122828927,±d§Óºú,0,0
[1388] 2015/01/21 07:40:14.455 TF,F020000,B17,1709003,E122828927,±d§Óºú,0,0
[1388] 2015/01/21 07:40:14.456 OF,F020000,000,1709003,E122828927,±d§Óºú,0,0
[1388] 2015/01/21 07:40:14.458 CALL RegisterOnOrderAsyncReportCallBack()
[1388] 2015/01/21 07:40:14.461 CALL RegisterOnExecutionReportCallBack()
[3832] 2015/01/21 14:30:12.569 SKOrderLib ª©¥» 2.1.22
[3832] 2015/01/21 14:30:12.571 Login ID: E122828927
[3832] 2015/01/21 14:30:14.495 CALL SKOrderLib_ReadCertByID(E122828927)
[3832] 2015/01/21 14:30:15.895 CALL RegisterOnAccountCallBack()
[3832] 2015/01/21 14:30:15.897 CALL GetUserAccount()
[3832] 2015/01/21 14:30:15.899 TS,918J,918J,0456453,E122828927,±d§Óºú,0,0
[3832] 2015/01/21 14:30:15.901 TF,F020000,B17,1709003,E122828927,±d§Óºú,0,0
[3832] 2015/01/21 14:30:15.903 OF,F020000,000,1709003,E122828927,±d§Óºú,0,0
[3832] 2015/01/21 14:30:15.905 CALL RegisterOnOrderAsyncReportCallBack()
[3832] 2015/01/21 14:30:15.908 CALL RegisterOnExecutionReportCallBack()
