[4916] 2015/01/17 15:00:26.852 SKOrderLib ª©¥» 2.1.22
[4916] 2015/01/17 15:00:26.855 Login ID: E122828927
[4916] 2015/01/17 15:00:27.615 CALL SKOrderLib_ReadCertByID(E122828927)
[4916] 2015/01/17 15:00:29.846 CALL RegisterOnAccountCallBack()
[4916] 2015/01/17 15:00:29.848 CALL GetUserAccount()
[4916] 2015/01/17 15:00:29.850 TS,918J,918J,0456453,E122828927,±d§Óºú,0,0
[4916] 2015/01/17 15:00:29.852 TF,F020000,B17,1709003,E122828927,±d§Óºú,0,0
[4916] 2015/01/17 15:00:29.854 OF,F020000,000,1709003,E122828927,±d§Óºú,0,0
[4916] 2015/01/17 15:00:29.856 CALL RegisterOnOrderAsyncReportCallBack()
[4916] 2015/01/17 15:00:29.860 CALL RegisterOnExecutionReportCallBack()
[4148] 2015/01/17 15:00:50.222 SKOrderLib ª©¥» 2.1.22
[4148] 2015/01/17 15:00:50.225 Login ID: E122828927
[4148] 2015/01/17 15:00:50.914 CALL SKOrderLib_ReadCertByID(E122828927)
[4148] 2015/01/17 15:00:53.245 CALL RegisterOnAccountCallBack()
[4148] 2015/01/17 15:00:53.247 CALL GetUserAccount()
[4148] 2015/01/17 15:00:53.248 TS,918J,918J,0456453,E122828927,±d§Óºú,0,0
[4148] 2015/01/17 15:00:53.250 TF,F020000,B17,1709003,E122828927,±d§Óºú,0,0
[4148] 2015/01/17 15:00:53.252 OF,F020000,000,1709003,E122828927,±d§Óºú,0,0
[4148] 2015/01/17 15:00:53.255 CALL RegisterOnOrderAsyncReportCallBack()
[4148] 2015/01/17 15:00:53.257 CALL RegisterOnExecutionReportCallBack()
[4748] 2015/01/17 15:01:18.530 SKOrderLib ª©¥» 2.1.22
[4748] 2015/01/17 15:01:18.533 Login ID: E122828927
[4748] 2015/01/17 15:01:19.172 CALL SKOrderLib_ReadCertByID(E122828927)
[4748] 2015/01/17 15:01:21.408 CALL RegisterOnAccountCallBack()
[4748] 2015/01/17 15:01:21.410 CALL GetUserAccount()
[4748] 2015/01/17 15:01:21.412 TS,918J,918J,0456453,E122828927,±d§Óºú,0,0
[4748] 2015/01/17 15:01:21.414 TF,F020000,B17,1709003,E122828927,±d§Óºú,0,0
[4748] 2015/01/17 15:01:21.416 OF,F020000,000,1709003,E122828927,±d§Óºú,0,0
[4748] 2015/01/17 15:01:21.418 CALL RegisterOnOrderAsyncReportCallBack()
[4748] 2015/01/17 15:01:21.421 CALL RegisterOnExecutionReportCallBack()
[4928] 2015/01/17 15:14:39.379 SKOrderLib ª©¥» 2.1.22
[4928] 2015/01/17 15:14:39.382 Login ID: E122828927
[4928] 2015/01/17 15:14:40.082 CALL SKOrderLib_ReadCertByID(E122828927)
[4928] 2015/01/17 15:14:42.357 CALL RegisterOnAccountCallBack()
[4928] 2015/01/17 15:14:42.359 CALL GetUserAccount()
[4928] 2015/01/17 15:14:42.360 TS,918J,918J,0456453,E122828927,±d§Óºú,0,0
[4928] 2015/01/17 15:14:42.362 TF,F020000,B17,1709003,E122828927,±d§Óºú,0,0
[4928] 2015/01/17 15:14:42.364 OF,F020000,000,1709003,E122828927,±d§Óºú,0,0
[4928] 2015/01/17 15:14:42.367 CALL RegisterOnOrderAsyncReportCallBack()
[4928] 2015/01/17 15:14:42.369 CALL RegisterOnExecutionReportCallBack()
[4640] 2015/01/17 15:20:01.454 SKOrderLib ª©¥» 2.1.22
[4640] 2015/01/17 15:20:01.457 Login ID: E122828927
[4640] 2015/01/17 15:20:03.313 CALL SKOrderLib_ReadCertByID(E122828927)
[4640] 2015/01/17 15:20:05.236 CALL RegisterOnAccountCallBack()
[4640] 2015/01/17 15:20:05.238 CALL GetUserAccount()
[4640] 2015/01/17 15:20:05.239 TS,918J,918J,0456453,E122828927,±d§Óºú,0,0
[4640] 2015/01/17 15:20:05.241 TF,F020000,B17,1709003,E122828927,±d§Óºú,0,0
[4640] 2015/01/17 15:20:05.243 OF,F020000,000,1709003,E122828927,±d§Óºú,0,0
[4640] 2015/01/17 15:20:05.246 CALL RegisterOnOrderAsyncReportCallBack()
[4640] 2015/01/17 15:20:05.248 CALL RegisterOnExecutionReportCallBack()
