[736] 2015/01/22 02:30:13.471 SKOrderLib ª©¥» 2.1.22
[736] 2015/01/22 02:30:13.473 Login ID: E122828927
[736] 2015/01/22 02:30:14.225 CALL SKOrderLib_ReadCertByID(E122828927)
[736] 2015/01/22 02:30:14.601 CALL RegisterOnAccountCallBack()
[736] 2015/01/22 02:30:14.603 CALL GetUserAccount()
[736] 2015/01/22 02:30:14.605 TS,918J,918J,0456453,E122828927,±d§Óºú,0,0
[736] 2015/01/22 02:30:14.607 TF,F020000,B17,1709003,E122828927,±d§Óºú,0,0
[736] 2015/01/22 02:30:14.609 OF,F020000,000,1709003,E122828927,±d§Óºú,0,0
[736] 2015/01/22 02:30:14.612 CALL RegisterOnOrderAsyncReportCallBack()
[736] 2015/01/22 02:30:14.615 CALL RegisterOnExecutionReportCallBack()
[4860] 2015/01/22 05:36:17.617 SKOrderLib ª©¥» 2.1.22
[4860] 2015/01/22 05:36:17.621 Login ID: E122828927
[4860] 2015/01/22 05:36:19.613 CALL SKOrderLib_ReadCertByID(E122828927)
[4860] 2015/01/22 05:36:21.069 CALL RegisterOnAccountCallBack()
[4860] 2015/01/22 05:36:21.071 CALL GetUserAccount()
[4860] 2015/01/22 05:36:21.072 TS,918J,918J,0456453,E122828927,±d§Óºú,0,0
[4860] 2015/01/22 05:36:21.075 TF,F020000,B17,1709003,E122828927,±d§Óºú,0,0
[4860] 2015/01/22 05:36:21.076 OF,F020000,000,1709003,E122828927,±d§Óºú,0,0
[4860] 2015/01/22 05:36:21.079 CALL RegisterOnOrderAsyncReportCallBack()
[4860] 2015/01/22 05:36:21.082 CALL RegisterOnExecutionReportCallBack()
[4496] 2015/01/22 06:26:11.710 SKOrderLib ª©¥» 2.1.22
[4496] 2015/01/22 06:26:11.713 Login ID: E122828927
[4496] 2015/01/22 06:26:12.511 CALL SKOrderLib_ReadCertByID(E122828927)
[4496] 2015/01/22 06:26:13.767 CALL RegisterOnAccountCallBack()
[4496] 2015/01/22 06:26:13.768 CALL GetUserAccount()
[4496] 2015/01/22 06:26:13.770 TS,918J,918J,0456453,E122828927,±d§Óºú,0,0
[4496] 2015/01/22 06:26:13.772 TF,F020000,B17,1709003,E122828927,±d§Óºú,0,0
[4496] 2015/01/22 06:26:13.774 OF,F020000,000,1709003,E122828927,±d§Óºú,0,0
[4496] 2015/01/22 06:26:13.776 CALL RegisterOnOrderAsyncReportCallBack()
[4496] 2015/01/22 06:26:13.779 CALL RegisterOnExecutionReportCallBack()
[1044] 2015/01/22 06:33:13.584 SKOrderLib ª©¥» 2.1.22
[1044] 2015/01/22 06:33:13.587 Login ID: E122828927
[1044] 2015/01/22 06:33:14.334 CALL SKOrderLib_ReadCertByID(E122828927)
[1044] 2015/01/22 06:33:15.785 CALL RegisterOnAccountCallBack()
[1044] 2015/01/22 06:33:15.787 CALL GetUserAccount()
[1044] 2015/01/22 06:33:15.788 TS,918J,918J,0456453,E122828927,±d§Óºú,0,0
[1044] 2015/01/22 06:33:15.791 TF,F020000,B17,1709003,E122828927,±d§Óºú,0,0
[1044] 2015/01/22 06:33:15.792 OF,F020000,000,1709003,E122828927,±d§Óºú,0,0
[1044] 2015/01/22 06:33:15.795 CALL RegisterOnOrderAsyncReportCallBack()
[1044] 2015/01/22 06:33:15.798 CALL RegisterOnExecutionReportCallBack()
[732] 2015/01/22 06:38:40.826 SKOrderLib ª©¥» 2.1.22
[732] 2015/01/22 06:38:40.828 Login ID: E122828927
[732] 2015/01/22 06:38:41.582 CALL SKOrderLib_ReadCertByID(E122828927)
[732] 2015/01/22 06:38:43.673 CALL RegisterOnAccountCallBack()
[732] 2015/01/22 06:38:43.675 CALL GetUserAccount()
[732] 2015/01/22 06:38:43.677 TS,918J,918J,0456453,E122828927,±d§Óºú,0,0
[732] 2015/01/22 06:38:43.679 TF,F020000,B17,1709003,E122828927,±d§Óºú,0,0
[732] 2015/01/22 06:38:43.681 OF,F020000,000,1709003,E122828927,±d§Óºú,0,0
[732] 2015/01/22 06:38:43.683 CALL RegisterOnOrderAsyncReportCallBack()
[732] 2015/01/22 06:38:43.686 CALL RegisterOnExecutionReportCallBack()
[3948] 2015/01/22 07:40:12.829 SKOrderLib ª©¥» 2.1.22
[3948] 2015/01/22 07:40:12.832 Login ID: E122828927
[3948] 2015/01/22 07:40:13.552 CALL SKOrderLib_ReadCertByID(E122828927)
[3948] 2015/01/22 07:40:13.971 CALL RegisterOnAccountCallBack()
[3948] 2015/01/22 07:40:13.973 CALL GetUserAccount()
[3948] 2015/01/22 07:40:13.974 TS,918J,918J,0456453,E122828927,±d§Óºú,0,0
[3948] 2015/01/22 07:40:13.977 TF,F020000,B17,1709003,E122828927,±d§Óºú,0,0
[3948] 2015/01/22 07:40:13.979 OF,F020000,000,1709003,E122828927,±d§Óºú,0,0
[3948] 2015/01/22 07:40:13.981 CALL RegisterOnOrderAsyncReportCallBack()
[3948] 2015/01/22 07:40:13.983 CALL RegisterOnExecutionReportCallBack()
[2384] 2015/01/22 14:30:11.936 SKOrderLib ª©¥» 2.1.22
[2384] 2015/01/22 14:30:11.937 Login ID: E122828927
[2384] 2015/01/22 14:30:13.664 CALL SKOrderLib_ReadCertByID(E122828927)
[2384] 2015/01/22 14:30:13.846 CALL RegisterOnAccountCallBack()
[2384] 2015/01/22 14:30:13.847 CALL GetUserAccount()
[2384] 2015/01/22 14:30:13.848 TS,918J,918J,0456453,E122828927,±d§Óºú,0,0
[2384] 2015/01/22 14:30:13.849 TF,F020000,B17,1709003,E122828927,±d§Óºú,0,0
[2384] 2015/01/22 14:30:13.850 OF,F020000,000,1709003,E122828927,±d§Óºú,0,0
[2384] 2015/01/22 14:30:13.852 CALL RegisterOnOrderAsyncReportCallBack()
[2384] 2015/01/22 14:30:13.853 CALL RegisterOnExecutionReportCallBack()
