2015/01/20 02:30:17.349 -----------
2015/01/20 02:30:17.350 API InitInstance 
2015/01/20 02:30:22.674 E122828927 連線 Code：0
2015/01/20 02:30:23.676 收到 Head 資訊 {Count 2} {Type C } 
2015/01/20 02:30:23.678 收到 Head 資訊 {Count 2} {Type C } 
2015/01/20 02:30:23.679 收到 Head 資訊 {Count 2} {Type C } 
2015/01/20 02:30:23.681 收到 Head 資訊 {Count 2} {Type C } 
2015/01/20 02:30:23.683 收到 Head 資訊 {Count 2} {Type C } 
2015/01/20 02:30:23.684 收到 Head 資訊 {Count 2} {Type C } 
2015/01/20 02:30:23.686 收到 Head 資訊 {Count 2} {Type C } 
2015/01/20 02:30:23.688 收到 Head 資訊 {Count 2} {Type C } 
2015/01/20 02:30:23.690 收到 Head 資訊 {Count 2} {Type C } 
2015/01/20 02:30:23.692 收到 Head 資訊 {Count 2} {Type C } 
2015/01/20 02:30:23.694 收到 Head 資訊 {Count 2} {Type C } 
2015/01/20 02:30:23.696 收到 Head 資訊 {Count 2} {Type C } 
2015/01/20 02:30:23.698 收到 Head 資訊 {Count 2} {Type C } 
2015/01/20 02:30:23.699 收到 Head 資訊 {Count 2} {Type C } 
2015/01/20 02:30:23.701 收到 Head 資訊 {Count 2} {Type C } 
2015/01/20 02:30:23.703 收到 Head 資訊 {Count 2} {Type C } 
2015/01/20 02:30:23.705 收到 Head 資訊 {Count 2} {Type C } 
2015/01/20 02:30:23.707 收到 Head 資訊 {Count 2} {Type C } 
2015/01/20 02:30:23.709 收到 Head 資訊 {Count 2} {Type C } 
2015/01/20 02:30:23.711 收到 Head 資訊 {Count 2} {Type C } 
2015/01/20 02:30:23.712 收到 Head 資訊 {Count 2} {Type C } 
2015/01/20 02:30:23.714 收到 Head 資訊 {Count 2} {Type C } 
2015/01/20 02:30:23.716 收到 Head 資訊 {Count 2} {Type C } 
2015/01/20 02:30:23.718 收到 Head 資訊 {Count 2} {Type C } 
2015/01/20 02:30:23.720 收到 Head 資訊 {Count 2} {Type C } 
2015/01/20 02:30:23.721 收到 Head 資訊 {Count 2} {Type C } 
2015/01/20 02:30:23.723 收到 Head 資訊 {Count 2} {Type C } 
2015/01/20 02:30:23.725 收到 Head 資訊 {Count 2} {Type C } 
2015/01/20 02:30:23.726 收到 Head 資訊 {Count 2} {Type C } 
2015/01/20 02:30:23.728 收到 Head 資訊 {Count 2} {Type C } 
2015/01/20 02:30:23.730 收到 Head 資訊 {Count 2} {Type C } 
2015/01/20 02:30:23.731 收到 Head 資訊 {Count 2} {Type C } 
2015/01/20 02:30:23.733 收到 Head 資訊 {Count 2} {Type C } 
2015/01/20 02:30:23.734 收到 Head 資訊 {Count 2} {Type C } 
2015/01/20 02:30:23.736 收到 Head 資訊 {Count 2} {Type C } 
2015/01/20 02:30:23.738 收到 Head 資訊 {Count 2} {Type C } 
2015/01/20 02:30:23.739 收到 Head 資訊 {Count 2} {Type C } 
2015/01/20 02:30:23.741 收到 Head 資訊 {Count 2} {Type C } 
2015/01/20 02:30:23.742 收到 Head 資訊 {Count 2} {Type C } 
2015/01/20 02:30:23.744 收到 Head 資訊 {Count 2} {Type C } 
2015/01/20 02:30:23.745 收到 Head 資訊 {Count 2} {Type C } 
2015/01/20 02:30:23.747 收到 Head 資訊 {Count 2} {Type C } 
2015/01/20 02:30:23.749 收到 Head 資訊 {Count 2} {Type C } 
2015/01/20 02:30:23.750 收到 Head 資訊 {Count 2} {Type C } 
2015/01/20 02:30:23.752 收到 Head 資訊 {Count 2} {Type C } 
2015/01/20 02:30:23.753 收到 Head 資訊 {Count 2} {Type C } 
2015/01/20 02:30:23.755 收到 Head 資訊 {Count 2} {Type C } 
2015/01/20 02:30:23.757 收到 Head 資訊 {Count 2} {Type C } 
2015/01/20 02:30:23.758 收到 Head 資訊 {Count 2} {Type C } 
2015/01/20 02:30:23.760 收到 Head 資訊 {Count 2} {Type C } 
2015/01/20 02:30:23.761 收到 Head 資訊 {Count 2} {Type C } 
2015/01/20 02:30:23.763 收到 Head 資訊 {Count 2} {Type C } 
2015/01/20 02:30:23.765 收到 Head 資訊 {Count 2} {Type C } 
2015/01/20 02:30:23.766 收到 Head 資訊 {Count 2} {Type C } 
2015/01/20 02:30:23.768 收到 Head 資訊 {Count 2} {Type C } 
2015/01/20 02:30:23.769 收到 Head 資訊 {Count 2} {Type C } 
2015/01/20 02:30:23.771 收到 Head 資訊 {Count 2} {Type C } 
2015/01/20 02:30:23.773 收到 Head 資訊 {Count 2} {Type C } 
2015/01/20 02:30:23.774 收到 Head 資訊 {Count 2} {Type C } 
2015/01/20 02:30:23.776 收到 Head 資訊 {Count 2} {Type C } 
2015/01/20 02:30:23.777 收到 Head 資訊 {Count 2} {Type C } 
2015/01/20 02:30:23.779 收到 Head 資訊 {Count 2} {Type C } 
2015/01/20 02:30:23.780 收到 Head 資訊 {Count 2} {Type C } 
2015/01/20 02:30:23.782 收到 Head 資訊 {Count 2} {Type C } 
2015/01/20 02:30:23.784 收到 Head 資訊 {Count 2} {Type C } 
2015/01/20 02:30:23.785 收到 Head 資訊 {Count 2} {Type C } 
2015/01/20 02:30:23.787 收到 Head 資訊 {Count 2} {Type C } 
2015/01/20 02:30:23.788 收到 Head 資訊 {Count 2} {Type C } 
2015/01/20 02:30:23.790 收到 Head 資訊 {Count 2} {Type C } 
2015/01/20 02:30:23.792 收到 Head 資訊 {Count 2} {Type C } 
2015/01/20 02:30:23.793 收到 Head 資訊 {Count 2} {Type C } 
2015/01/20 02:30:23.795 收到 Head 資訊 {Count 2} {Type C } 
2015/01/20 02:30:23.796 收到 Head 資訊 {Count 2} {Type C } 
2015/01/20 02:30:23.798 收到 Head 資訊 {Count 2} {Type C } 
2015/01/20 02:30:23.800 收到 Head 資訊 {Count 2} {Type C } 
2015/01/20 02:30:23.801 收到 Head 資訊 {Count 2} {Type C } 
2015/01/20 02:30:23.803 收到 Head 資訊 {Count 2} {Type C } 
2015/01/20 02:30:23.805 收到 Head 資訊 {Count 2} {Type C } 
2015/01/20 02:30:23.806 收到 Head 資訊 {Count 2} {Type C } 
2015/01/20 02:30:23.808 收到 Head 資訊 {Count 2} {Type C } 
2015/01/20 02:30:23.810 收到 Head 資訊 {Count 2} {Type C } 
2015/01/20 02:30:23.811 收到 Head 資訊 {Count 2} {Type C } 
2015/01/20 02:30:23.813 收到 Head 資訊 {Count 2} {Type C } 
2015/01/20 02:30:23.815 收到 Head 資訊 {Count 2} {Type C } 
2015/01/20 02:30:23.816 收到 Head 資訊 {Count 2} {Type C } 
2015/01/20 02:30:23.818 收到 Head 資訊 {Count 2} {Type C } 
2015/01/20 02:30:23.820 收到 Head 資訊 {Count 2} {Type C } 
2015/01/20 02:30:23.822 收到 Head 資訊 {Count 2} {Type C } 
2015/01/20 02:30:23.823 收到 Head 資訊 {Count 2} {Type D } 
2015/01/20 02:30:23.825 收到 Head 資訊 {Count 2} {Type C } 
2015/01/20 02:30:23.827 收到 Head 資訊 {Count 2} {Type C } 
2015/01/20 02:30:23.828 收到 Head 資訊 {Count 2} {Type D } 
2015/01/20 02:30:23.830 收到 Head 資訊 {Count 2} {Type C } 
2015/01/20 02:30:23.832 收到 Head 資訊 {Count 2} {Type C } 
2015/01/20 02:30:23.833 收到 Head 資訊 {Count 2} {Type C } 
2015/01/20 02:30:23.835 收到 Head 資訊 {Count 2} {Type C } 
2015/01/20 02:30:23.837 收到 Head 資訊 {Count 2} {Type C } 
2015/01/20 02:30:23.839 收到 Head 資訊 {Count 2} {Type C } 
2015/01/20 02:30:23.840 收到 Head 資訊 {Count 2} {Type C } 
2015/01/20 02:30:23.842 收到 Head 資訊 {Count 2} {Type C } 
2015/01/20 02:30:23.843 收到 Head 資訊 {Count 2} {Type C } 
2015/01/20 02:30:23.845 收到 Head 資訊 {Count 2} {Type C } 
2015/01/20 02:30:23.846 收到 Head 資訊 {Count 2} {Type C } 
2015/01/20 02:30:23.848 收到 Head 資訊 {Count 2} {Type C } 
2015/01/20 02:30:23.850 收到 Head 資訊 {Count 2} {Type C } 
2015/01/20 02:30:23.852 收到 Head 資訊 {Count 2} {Type C } 
2015/01/20 02:30:23.853 收到 Head 資訊 {Count 2} {Type C } 
2015/01/20 02:30:23.855 收到 Head 資訊 {Count 2} {Type C } 
2015/01/20 02:30:23.857 收到 Head 資訊 {Count 2} {Type C } 
2015/01/20 02:30:23.858 收到 Head 資訊 {Count 2} {Type D } 
2015/01/20 02:30:23.860 收到 Head 資訊 {Count 2} {Type C } 
2015/01/20 02:30:23.862 收到 Head 資訊 {Count 2} {Type C } 
2015/01/20 02:30:23.864 收到 Head 資訊 {Count 2} {Type C } 
2015/01/20 02:30:23.865 收到 Head 資訊 {Count 2} {Type C } 
2015/01/20 02:30:23.867 收到 Head 資訊 {Count 2} {Type C } 
2015/01/20 02:30:23.869 收到 Head 資訊 {Count 2} {Type C } 
2015/01/20 02:30:23.871 收到 Head 資訊 {Count 2} {Type C } 
2015/01/20 02:30:23.872 收到 Head 資訊 {Count 2} {Type C } 
2015/01/20 02:30:23.874 收到 Head 資訊 {Count 2} {Type C } 
2015/01/20 02:30:23.876 收到 Head 資訊 {Count 2} {Type C } 
2015/01/20 02:30:23.878 收到 Head 資訊 {Count 2} {Type C } 
2015/01/20 02:30:23.880 收到 Head 資訊 {Count 2} {Type C } 
2015/01/20 02:30:23.881 收到 Head 資訊 {Count 2} {Type C } 
2015/01/20 02:30:23.883 收到 Head 資訊 {Count 2} {Type C } 
2015/01/20 02:30:23.885 收到 Head 資訊 {Count 2} {Type C } 
2015/01/20 02:30:23.886 收到 Head 資訊 {Count 2} {Type C } 
2015/01/20 02:30:23.888 收到 Head 資訊 {Count 2} {Type C } 
2015/01/20 02:30:23.889 收到 Head 資訊 {Count 2} {Type C } 
2015/01/20 02:30:23.891 收到 Head 資訊 {Count 2} {Type C } 
2015/01/20 02:30:23.893 收到 Head 資訊 {Count 2} {Type C } 
2015/01/20 02:30:23.894 收到 Head 資訊 {Count 2} {Type C } 
2015/01/20 02:30:23.896 收到 Head 資訊 {Count 2} {Type C } 
2015/01/20 02:30:23.897 收到 Head 資訊 {Count 2} {Type C } 
2015/01/20 02:30:23.899 收到 Head 資訊 {Count 2} {Type C } 
2015/01/20 02:30:23.901 收到 Head 資訊 {Count 2} {Type C } 
2015/01/20 02:30:23.903 收到 Head 資訊 {Count 2} {Type C } 
2015/01/20 02:30:23.904 收到 Head 資訊 {Count 2} {Type C } 
2015/01/20 02:30:23.906 收到 Head 資訊 {Count 2} {Type C } 
2015/01/20 02:30:23.908 收到 Head 資訊 {Count 2} {Type C } 
2015/01/20 02:30:23.909 收到 Head 資訊 {Count 2} {Type C } 
2015/01/20 02:30:23.911 收到 Head 資訊 {Count 2} {Type C } 
2015/01/20 02:30:23.913 收到 Head 資訊 {Count 2} {Type C } 
2015/01/20 02:30:23.914 收到 Head 資訊 {Count 2} {Type C } 
2015/01/20 02:30:23.916 收到 Head 資訊 {Count 2} {Type C } 
2015/01/20 02:30:23.918 收到 Head 資訊 {Count 2} {Type D } 
2015/01/20 02:30:23.920 收到 Head 資訊 {Count 2} {Type C } 
2015/01/20 02:30:23.922 收到 Head 資訊 {Count 2} {Type C } 
2015/01/20 02:30:23.923 收到 Head 資訊 {Count 2} {Type C } 
2015/01/20 02:30:23.925 收到 Head 資訊 {Count 2} {Type C } 
2015/01/20 02:30:23.927 收到 Head 資訊 {Count 2} {Type C } 
2015/01/20 02:30:23.929 收到 Head 資訊 {Count 2} {Type C } 
2015/01/20 02:30:23.930 收到 Head 資訊 {Count 2} {Type C } 
2015/01/20 02:30:23.932 收到 Head 資訊 {Count 2} {Type C } 
2015/01/20 02:30:23.934 收到 Head 資訊 {Count 2} {Type C } 
2015/01/20 02:30:23.935 收到 Head 資訊 {Count 2} {Type C } 
2015/01/20 02:30:23.937 收到 Head 資訊 {Count 2} {Type C } 
2015/01/20 02:30:23.939 收到 Head 資訊 {Count 2} {Type C } 
2015/01/20 02:30:23.941 收到 Head 資訊 {Count 2} {Type D } 
2015/01/20 02:30:23.942 收到 Head 資訊 {Count 2} {Type C } 
2015/01/20 02:30:23.944 收到 Head 資訊 {Count 2} {Type C } 
2015/01/20 02:30:23.946 收到 Head 資訊 {Count 2} {Type C } 
2015/01/20 02:30:23.947 收到 Head 資訊 {Count 2} {Type C } 
2015/01/20 02:30:23.949 收到 Head 資訊 {Count 2} {Type D } 
2015/01/20 02:30:23.951 收到 Head 資訊 {Count 2} {Type D } 
2015/01/20 02:30:23.952 收到 Head 資訊 {Count 2} {Type C } 
2015/01/20 02:30:23.954 收到 Head 資訊 {Count 2} {Type C } 
2015/01/20 02:30:23.956 收到 Head 資訊 {Count 2} {Type C } 
2015/01/20 02:30:23.958 收到 Head 資訊 {Count 2} {Type C } 
2015/01/20 02:30:23.959 收到 Head 資訊 {Count 2} {Type C } 
2015/01/20 02:30:23.961 收到 Head 資訊 {Count 2} {Type C } 
2015/01/20 02:30:23.963 收到 Head 資訊 {Count 2} {Type D } 
2015/01/20 02:30:23.965 收到 Head 資訊 {Count 2} {Type D } 
2015/01/20 02:30:23.966 收到 Head 資訊 {Count 2} {Type C } 
2015/01/20 02:30:23.968 收到 Head 資訊 {Count 2} {Type C } 
2015/01/20 02:30:23.970 收到 Head 資訊 {Count 2} {Type C } 
2015/01/20 02:30:23.971 收到 Head 資訊 {Count 2} {Type C } 
2015/01/20 02:30:23.973 收到 Head 資訊 {Count 2} {Type C } 
2015/01/20 02:30:23.975 收到 Head 資訊 {Count 2} {Type C } 
2015/01/20 02:30:23.977 收到 Head 資訊 {Count 2} {Type C } 
2015/01/20 02:30:23.979 收到 Head 資訊 {Count 2} {Type C } 
2015/01/20 02:30:23.980 收到 Head 資訊 {Count 2} {Type C } 
2015/01/20 02:30:23.982 收到 Head 資訊 {Count 2} {Type C } 
2015/01/20 02:30:23.983 收到 Head 資訊 {Count 2} {Type C } 
2015/01/20 02:30:23.985 收到 Head 資訊 {Count 2} {Type C } 
2015/01/20 02:30:23.987 收到 Head 資訊 {Count 2} {Type C } 
2015/01/20 02:30:23.988 收到 Head 資訊 {Count 2} {Type D } 
2015/01/20 02:30:23.990 收到 Head 資訊 {Count 2} {Type D } 
2015/01/20 02:30:23.991 收到 Head 資訊 {Count 2} {Type D } 
2015/01/20 02:30:23.993 收到 Head 資訊 {Count 2} {Type C } 
2015/01/20 02:30:23.994 收到 Head 資訊 {Count 2} {Type C } 
2015/01/20 02:30:23.996 收到 Head 資訊 {Count 2} {Type C } 
2015/01/20 02:30:23.998 收到 Head 資訊 {Count 2} {Type C } 
2015/01/20 02:30:23.999 收到 Head 資訊 {Count 2} {Type C } 
2015/01/20 02:30:24.001 收到 Head 資訊 {Count 2} {Type C } 
2015/01/20 02:30:24.003 收到 Head 資訊 {Count 2} {Type C } 
2015/01/20 02:30:24.004 收到 Head 資訊 {Count 2} {Type D } 
2015/01/20 02:30:24.006 收到 Head 資訊 {Count 2} {Type D } 
2015/01/20 02:30:24.008 收到 Head 資訊 {Count 2} {Type C } 
2015/01/20 02:30:24.010 收到 Head 資訊 {Count 2} {Type C } 
2015/01/20 02:30:24.012 收到 Head 資訊 {Count 2} {Type C } 
2015/01/20 02:30:24.014 收到 Head 資訊 {Count 2} {Type C } 
2015/01/20 02:30:24.015 收到 Head 資訊 {Count 2} {Type C } 
2015/01/20 02:30:24.017 收到 Head 資訊 {Count 2} {Type C } 
2015/01/20 02:30:24.019 收到 Head 資訊 {Count 2} {Type C } 
2015/01/20 02:30:24.020 收到 Head 資訊 {Count 2} {Type C } 
2015/01/20 02:30:24.022 收到 Head 資訊 {Count 2} {Type C } 
2015/01/20 02:30:24.023 收到 Head 資訊 {Count 2} {Type C } 
2015/01/20 02:30:24.025 收到 Head 資訊 {Count 2} {Type C } 
2015/01/20 02:30:24.027 收到 Head 資訊 {Count 2} {Type C } 
2015/01/20 02:30:24.028 收到 Head 資訊 {Count 2} {Type C } 
2015/01/20 02:30:24.030 收到 Head 資訊 {Count 2} {Type C } 
2015/01/20 02:30:24.031 收到 Head 資訊 {Count 2} {Type C } 
2015/01/20 02:30:24.033 收到 Head 資訊 {Count 2} {Type C } 
2015/01/20 02:30:24.035 收到 Head 資訊 {Count 2} {Type C } 
2015/01/20 02:30:24.036 收到 Head 資訊 {Count 2} {Type C } 
2015/01/20 02:30:24.038 收到 Head 資訊 {Count 2} {Type C } 
2015/01/20 02:30:24.039 收到 Head 資訊 {Count 2} {Type C } 
2015/01/20 02:30:24.041 收到 Head 資訊 {Count 2} {Type C } 
2015/01/20 02:30:24.043 收到 Head 資訊 {Count 2} {Type C } 
2015/01/20 02:30:24.044 收到 Head 資訊 {Count 2} {Type C } 
2015/01/20 02:30:24.046 收到 Head 資訊 {Count 2} {Type C } 
2015/01/20 02:30:24.047 收到 Head 資訊 {Count 2} {Type C } 
2015/01/20 02:30:24.049 收到 Head 資訊 {Count 2} {Type C } 
2015/01/20 02:30:24.050 收到 Head 資訊 {Count 2} {Type C } 
2015/01/20 02:30:24.052 收到 Head 資訊 {Count 2} {Type C } 
2015/01/20 02:30:24.054 收到 Head 資訊 {Count 2} {Type C } 
2015/01/20 02:30:24.055 收到 Head 資訊 {Count 2} {Type C } 
2015/01/20 02:30:24.057 收到 Head 資訊 {Count 2} {Type C } 
2015/01/20 02:30:24.058 收到 Head 資訊 {Count 2} {Type C } 
2015/01/20 02:30:24.060 收到 Head 資訊 {Count 2} {Type C } 
2015/01/20 02:30:24.062 收到 Head 資訊 {Count 2} {Type C } 
2015/01/20 02:30:24.063 收到 Head 資訊 {Count 2} {Type C } 
2015/01/20 02:30:24.065 收到 Head 資訊 {Count 2} {Type C } 
2015/01/20 02:30:24.067 收到 Head 資訊 {Count 2} {Type C } 
2015/01/20 02:30:24.069 收到 Head 資訊 {Count 2} {Type C } 
2015/01/20 02:30:24.070 收到 Head 資訊 {Count 2} {Type C } 
2015/01/20 02:30:24.072 收到 Head 資訊 {Count 2} {Type C } 
2015/01/20 02:30:24.074 收到 Head 資訊 {Count 2} {Type C } 
2015/01/20 02:30:24.076 收到 Head 資訊 {Count 2} {Type C } 
2015/01/20 02:30:24.077 收到 Head 資訊 {Count 2} {Type C } 
2015/01/20 02:30:24.079 收到 Head 資訊 {Count 2} {Type C } 
2015/01/20 02:30:24.081 收到 Head 資訊 {Count 2} {Type C } 
2015/01/20 02:30:24.083 收到 Head 資訊 {Count 2} {Type C } 
2015/01/20 02:30:24.084 收到 Head 資訊 {Count 2} {Type C } 
2015/01/20 02:30:24.086 收到 Head 資訊 {Count 2} {Type C } 
2015/01/20 02:30:24.088 收到 Head 資訊 {Count 2} {Type C } 
2015/01/20 02:30:24.089 收到 Head 資訊 {Count 2} {Type C } 
2015/01/20 02:30:24.091 收到 Head 資訊 {Count 2} {Type C } 
2015/01/20 02:30:24.092 收到 Head 資訊 {Count 2} {Type C } 
2015/01/20 02:30:24.094 收到 Head 資訊 {Count 2} {Type C } 
2015/01/20 02:30:24.096 收到 Head 資訊 {Count 2} {Type C } 
2015/01/20 02:30:24.097 收到 Head 資訊 {Count 2} {Type C } 
2015/01/20 02:30:24.099 收到 Head 資訊 {Count 2} {Type C } 
2015/01/20 02:30:24.100 收到 Head 資訊 {Count 2} {Type C } 
2015/01/20 02:30:24.102 收到 Head 資訊 {Count 2} {Type C } 
2015/01/20 02:30:24.103 收到 Head 資訊 {Count 2} {Type C } 
2015/01/20 02:30:24.105 收到 Head 資訊 {Count 2} {Type C } 
2015/01/20 02:30:24.107 收到 Head 資訊 {Count 2} {Type C } 
2015/01/20 02:30:24.108 收到 Head 資訊 {Count 2} {Type C } 
2015/01/20 02:30:24.110 收到 Head 資訊 {Count 2} {Type C } 
2015/01/20 02:30:24.112 收到 Head 資訊 {Count 2} {Type C } 
2015/01/20 02:30:24.113 收到 Head 資訊 {Count 2} {Type C } 
2015/01/20 02:30:24.115 收到 Head 資訊 {Count 2} {Type C } 
2015/01/20 02:30:24.117 收到 Head 資訊 {Count 2} {Type C } 
2015/01/20 02:30:24.118 收到 Head 資訊 {Count 2} {Type C } 
2015/01/20 02:30:24.120 收到 Head 資訊 {Count 2} {Type C } 
2015/01/20 02:30:24.122 收到 Head 資訊 {Count 2} {Type C } 
2015/01/20 02:30:24.124 收到 Head 資訊 {Count 2} {Type C } 
2015/01/20 02:30:24.126 收到 Head 資訊 {Count 2} {Type C } 
2015/01/20 02:30:24.127 收到 Head 資訊 {Count 2} {Type C } 
2015/01/20 02:30:24.129 收到 Head 資訊 {Count 2} {Type C } 
2015/01/20 02:30:24.130 收到 Head 資訊 {Count 2} {Type C } 
2015/01/20 02:30:24.132 收到 Head 資訊 {Count 2} {Type C } 
2015/01/20 02:30:24.134 收到 Head 資訊 {Count 2} {Type C } 
2015/01/20 02:30:24.136 收到 Head 資訊 {Count 2} {Type C } 
2015/01/20 02:30:24.137 收到 Head 資訊 {Count 2} {Type C } 
2015/01/20 02:30:24.139 收到 Head 資訊 {Count 2} {Type C } 
2015/01/20 02:30:24.141 收到 Head 資訊 {Count 2} {Type C } 
2015/01/20 02:30:24.143 收到 Head 資訊 {Count 2} {Type C } 
2015/01/20 02:30:24.145 收到 Head 資訊 {Count 2} {Type C } 
2015/01/20 02:30:24.146 收到 Head 資訊 {Count 2} {Type C } 
2015/01/20 02:30:24.148 收到 Head 資訊 {Count 2} {Type C } 
2015/01/20 02:30:24.150 收到 Head 資訊 {Count 2} {Type C } 
2015/01/20 02:30:24.152 收到 Head 資訊 {Count 2} {Type C } 
2015/01/20 02:30:24.154 收到 Head 資訊 {Count 2} {Type C } 
2015/01/20 02:30:24.155 收到 Head 資訊 {Count 2} {Type C } 
2015/01/20 02:30:24.157 收到 Head 資訊 {Count 2} {Type C } 
2015/01/20 02:30:24.159 收到 Head 資訊 {Count 2} {Type C } 
2015/01/20 02:30:24.161 收到 Head 資訊 {Count 2} {Type C } 
2015/01/20 02:30:24.163 收到 Head 資訊 {Count 2} {Type C } 
2015/01/20 02:30:24.164 收到 Head 資訊 {Count 2} {Type C } 
2015/01/20 02:30:24.166 收到 Head 資訊 {Count 2} {Type C } 
2015/01/20 02:30:24.168 收到 Head 資訊 {Count 2} {Type C } 
2015/01/20 02:30:24.170 收到 Head 資訊 {Count 2} {Type C } 
2015/01/20 02:30:24.172 收到 Head 資訊 {Count 2} {Type C } 
2015/01/20 02:30:24.173 收到 Head 資訊 {Count 2} {Type C } 
2015/01/20 02:30:24.175 收到 Head 資訊 {Count 2} {Type C } 
2015/01/20 02:30:24.177 收到 Head 資訊 {Count 2} {Type C } 
2015/01/20 02:30:24.179 收到 Head 資訊 {Count 2} {Type C } 
2015/01/20 02:30:24.180 收到 Head 資訊 {Count 2} {Type C } 
2015/01/20 02:30:24.182 收到 Head 資訊 {Count 2} {Type C } 
2015/01/20 02:30:24.184 收到 Head 資訊 {Count 2} {Type C } 
2015/01/20 02:30:24.185 收到 Head 資訊 {Count 2} {Type C } 
2015/01/20 02:30:24.187 收到 Head 資訊 {Count 2} {Type C } 
2015/01/20 02:30:24.189 收到 Head 資訊 {Count 2} {Type C } 
2015/01/20 02:30:24.191 收到 Head 資訊 {Count 2} {Type C } 
2015/01/20 02:30:24.193 收到 Head 資訊 {Count 2} {Type C } 
2015/01/20 02:30:24.194 收到 Head 資訊 {Count 2} {Type C } 
2015/01/20 02:30:24.196 收到 Head 資訊 {Count 2} {Type C } 
2015/01/20 02:30:24.198 收到 Head 資訊 {Count 2} {Type C } 
2015/01/20 02:30:24.200 收到 Head 資訊 {Count 2} {Type C } 
2015/01/20 02:30:24.202 收到 Head 資訊 {Count 2} {Type C } 
2015/01/20 02:30:24.203 收到 Head 資訊 {Count 2} {Type C } 
2015/01/20 02:30:24.205 收到 Head 資訊 {Count 2} {Type C } 
2015/01/20 02:30:24.207 收到 Head 資訊 {Count 2} {Type C } 
2015/01/20 02:30:24.209 收到 Head 資訊 {Count 2} {Type C } 
2015/01/20 02:30:24.210 收到 Head 資訊 {Count 2} {Type C } 
2015/01/20 02:30:24.212 收到 Head 資訊 {Count 2} {Type C } 
2015/01/20 02:30:24.213 收到 Head 資訊 {Count 2} {Type C } 
2015/01/20 02:30:24.215 收到 Head 資訊 {Count 2} {Type C } 
2015/01/20 02:30:24.217 收到 Head 資訊 {Count 2} {Type C } 
2015/01/20 02:30:24.218 收到 Head 資訊 {Count 2} {Type C } 
2015/01/20 02:30:24.220 收到 Head 資訊 {Count 2} {Type C } 
2015/01/20 02:30:24.222 收到 Head 資訊 {Count 2} {Type D } 
2015/01/20 02:30:24.224 收到 Head 資訊 {Count 2} {Type C } 
2015/01/20 02:30:24.226 收到 Head 資訊 {Count 2} {Type C } 
2015/01/20 02:30:24.227 收到 Head 資訊 {Count 2} {Type C } 
2015/01/20 02:30:24.229 收到 Head 資訊 {Count 2} {Type C } 
2015/01/20 02:30:24.231 收到 Head 資訊 {Count 2} {Type C } 
2015/01/20 02:30:24.232 收到 Head 資訊 {Count 2} {Type C } 
2015/01/20 02:30:24.234 收到 Head 資訊 {Count 2} {Type C } 
2015/01/20 02:30:24.236 收到 Head 資訊 {Count 2} {Type C } 
2015/01/20 02:30:24.237 收到 Head 資訊 {Count 2} {Type C } 
2015/01/20 02:30:24.239 收到 Head 資訊 {Count 2} {Type C } 
2015/01/20 02:30:24.241 收到 Head 資訊 {Count 2} {Type C } 
2015/01/20 02:30:24.243 收到 Head 資訊 {Count 2} {Type C } 
2015/01/20 02:30:24.245 收到 Head 資訊 {Count 2} {Type C } 
2015/01/20 02:30:24.246 收到 Head 資訊 {Count 2} {Type C } 
2015/01/20 02:30:24.248 收到 Head 資訊 {Count 2} {Type C } 
2015/01/20 02:30:24.250 收到 Head 資訊 {Count 2} {Type C } 
2015/01/20 02:30:24.252 收到 Head 資訊 {Count 2} {Type C } 
2015/01/20 02:30:24.254 收到 Head 資訊 {Count 2} {Type C } 
2015/01/20 02:30:24.255 收到 Head 資訊 {Count 2} {Type C } 
2015/01/20 02:30:24.257 收到 Head 資訊 {Count 2} {Type B } 
2015/01/20 07:40:11.244 -----------
2015/01/20 07:40:11.245 API InitInstance 
2015/01/20 07:40:16.956 E122828927 連線 Code：0
2015/01/20 07:40:17.958 收到 Head 資訊 {Count 2} {Type C } 
2015/01/20 07:40:17.960 收到 Head 資訊 {Count 2} {Type C } 
2015/01/20 07:40:17.961 收到 Head 資訊 {Count 2} {Type C } 
2015/01/20 07:40:17.963 收到 Head 資訊 {Count 2} {Type C } 
2015/01/20 07:40:17.965 收到 Head 資訊 {Count 2} {Type C } 
2015/01/20 07:40:17.967 收到 Head 資訊 {Count 2} {Type C } 
2015/01/20 07:40:17.968 收到 Head 資訊 {Count 2} {Type C } 
2015/01/20 07:40:17.970 收到 Head 資訊 {Count 2} {Type C } 
2015/01/20 07:40:17.972 收到 Head 資訊 {Count 2} {Type C } 
2015/01/20 07:40:17.974 收到 Head 資訊 {Count 2} {Type C } 
2015/01/20 07:40:17.976 收到 Head 資訊 {Count 2} {Type C } 
2015/01/20 07:40:17.978 收到 Head 資訊 {Count 2} {Type C } 
2015/01/20 07:40:17.979 收到 Head 資訊 {Count 2} {Type C } 
2015/01/20 07:40:17.981 收到 Head 資訊 {Count 2} {Type C } 
2015/01/20 07:40:17.983 收到 Head 資訊 {Count 2} {Type C } 
2015/01/20 07:40:17.984 收到 Head 資訊 {Count 2} {Type C } 
2015/01/20 07:40:17.986 收到 Head 資訊 {Count 2} {Type C } 
2015/01/20 07:40:17.987 收到 Head 資訊 {Count 2} {Type C } 
2015/01/20 07:40:17.989 收到 Head 資訊 {Count 2} {Type C } 
2015/01/20 07:40:17.990 收到 Head 資訊 {Count 2} {Type C } 
2015/01/20 07:40:17.992 收到 Head 資訊 {Count 2} {Type C } 
2015/01/20 07:40:17.994 收到 Head 資訊 {Count 2} {Type C } 
2015/01/20 07:40:17.995 收到 Head 資訊 {Count 2} {Type C } 
2015/01/20 07:40:17.997 收到 Head 資訊 {Count 2} {Type C } 
2015/01/20 07:40:17.998 收到 Head 資訊 {Count 2} {Type C } 
2015/01/20 07:40:18.000 收到 Head 資訊 {Count 2} {Type C } 
2015/01/20 07:40:18.002 收到 Head 資訊 {Count 2} {Type C } 
2015/01/20 07:40:18.003 收到 Head 資訊 {Count 2} {Type C } 
2015/01/20 07:40:18.005 收到 Head 資訊 {Count 2} {Type C } 
2015/01/20 07:40:18.007 收到 Head 資訊 {Count 2} {Type C } 
2015/01/20 07:40:18.009 收到 Head 資訊 {Count 2} {Type C } 
2015/01/20 07:40:18.010 收到 Head 資訊 {Count 2} {Type C } 
2015/01/20 07:40:18.012 收到 Head 資訊 {Count 2} {Type C } 
2015/01/20 07:40:18.014 收到 Head 資訊 {Count 2} {Type C } 
2015/01/20 07:40:18.016 收到 Head 資訊 {Count 2} {Type C } 
2015/01/20 07:40:18.017 收到 Head 資訊 {Count 2} {Type C } 
2015/01/20 07:40:18.019 收到 Head 資訊 {Count 2} {Type C } 
2015/01/20 07:40:18.021 收到 Head 資訊 {Count 2} {Type C } 
2015/01/20 07:40:18.022 收到 Head 資訊 {Count 2} {Type C } 
2015/01/20 07:40:18.024 收到 Head 資訊 {Count 2} {Type C } 
2015/01/20 07:40:18.026 收到 Head 資訊 {Count 2} {Type C } 
2015/01/20 07:40:18.027 收到 Head 資訊 {Count 2} {Type C } 
2015/01/20 07:40:18.029 收到 Head 資訊 {Count 2} {Type C } 
2015/01/20 07:40:18.031 收到 Head 資訊 {Count 2} {Type C } 
2015/01/20 07:40:18.032 收到 Head 資訊 {Count 2} {Type C } 
2015/01/20 07:40:18.034 收到 Head 資訊 {Count 2} {Type C } 
2015/01/20 07:40:18.035 收到 Head 資訊 {Count 2} {Type C } 
2015/01/20 07:40:18.037 收到 Head 資訊 {Count 2} {Type C } 
2015/01/20 07:40:18.039 收到 Head 資訊 {Count 2} {Type C } 
2015/01/20 07:40:18.040 收到 Head 資訊 {Count 2} {Type C } 
2015/01/20 07:40:18.042 收到 Head 資訊 {Count 2} {Type C } 
2015/01/20 07:40:18.044 收到 Head 資訊 {Count 2} {Type C } 
2015/01/20 07:40:18.045 收到 Head 資訊 {Count 2} {Type C } 
2015/01/20 07:40:18.047 收到 Head 資訊 {Count 2} {Type C } 
2015/01/20 07:40:18.048 收到 Head 資訊 {Count 2} {Type C } 
2015/01/20 07:40:18.050 收到 Head 資訊 {Count 2} {Type C } 
2015/01/20 07:40:18.052 收到 Head 資訊 {Count 2} {Type C } 
2015/01/20 07:40:18.053 收到 Head 資訊 {Count 2} {Type C } 
2015/01/20 07:40:18.055 收到 Head 資訊 {Count 2} {Type C } 
2015/01/20 07:40:18.057 收到 Head 資訊 {Count 2} {Type C } 
2015/01/20 07:40:18.058 收到 Head 資訊 {Count 2} {Type C } 
2015/01/20 07:40:18.060 收到 Head 資訊 {Count 2} {Type C } 
2015/01/20 07:40:18.061 收到 Head 資訊 {Count 2} {Type C } 
2015/01/20 07:40:18.063 收到 Head 資訊 {Count 2} {Type C } 
2015/01/20 07:40:18.064 收到 Head 資訊 {Count 2} {Type C } 
2015/01/20 07:40:18.066 收到 Head 資訊 {Count 2} {Type C } 
2015/01/20 07:40:18.068 收到 Head 資訊 {Count 2} {Type C } 
2015/01/20 07:40:18.069 收到 Head 資訊 {Count 2} {Type C } 
2015/01/20 07:40:18.071 收到 Head 資訊 {Count 2} {Type C } 
2015/01/20 07:40:18.073 收到 Head 資訊 {Count 2} {Type C } 
2015/01/20 07:40:18.074 收到 Head 資訊 {Count 2} {Type C } 
2015/01/20 07:40:18.076 收到 Head 資訊 {Count 2} {Type C } 
2015/01/20 07:40:18.078 收到 Head 資訊 {Count 2} {Type C } 
2015/01/20 07:40:18.079 收到 Head 資訊 {Count 2} {Type C } 
2015/01/20 07:40:18.081 收到 Head 資訊 {Count 2} {Type C } 
2015/01/20 07:40:18.083 收到 Head 資訊 {Count 2} {Type C } 
2015/01/20 07:40:18.085 收到 Head 資訊 {Count 2} {Type C } 
2015/01/20 07:40:18.087 收到 Head 資訊 {Count 2} {Type C } 
2015/01/20 07:40:18.088 收到 Head 資訊 {Count 2} {Type C } 
2015/01/20 07:40:18.090 收到 Head 資訊 {Count 2} {Type C } 
2015/01/20 07:40:18.092 收到 Head 資訊 {Count 2} {Type C } 
2015/01/20 07:40:18.093 收到 Head 資訊 {Count 2} {Type C } 
2015/01/20 07:40:18.095 收到 Head 資訊 {Count 2} {Type C } 
2015/01/20 07:40:18.096 收到 Head 資訊 {Count 2} {Type C } 
2015/01/20 07:40:18.098 收到 Head 資訊 {Count 2} {Type C } 
2015/01/20 07:40:18.100 收到 Head 資訊 {Count 2} {Type C } 
2015/01/20 07:40:18.101 收到 Head 資訊 {Count 2} {Type C } 
2015/01/20 07:40:18.103 收到 Head 資訊 {Count 2} {Type C } 
2015/01/20 07:40:18.104 收到 Head 資訊 {Count 2} {Type C } 
2015/01/20 07:40:18.106 收到 Head 資訊 {Count 2} {Type C } 
2015/01/20 07:40:18.107 收到 Head 資訊 {Count 2} {Type C } 
2015/01/20 07:40:18.109 收到 Head 資訊 {Count 2} {Type C } 
2015/01/20 07:40:18.111 收到 Head 資訊 {Count 2} {Type C } 
2015/01/20 07:40:18.112 收到 Head 資訊 {Count 2} {Type C } 
2015/01/20 07:40:18.114 收到 Head 資訊 {Count 2} {Type C } 
2015/01/20 07:40:18.116 收到 Head 資訊 {Count 2} {Type D } 
2015/01/20 07:40:18.118 收到 Head 資訊 {Count 2} {Type D } 
2015/01/20 07:40:18.119 收到 Head 資訊 {Count 2} {Type C } 
2015/01/20 07:40:18.121 收到 Head 資訊 {Count 2} {Type C } 
2015/01/20 07:40:18.123 收到 Head 資訊 {Count 2} {Type C } 
2015/01/20 07:40:18.125 收到 Head 資訊 {Count 2} {Type C } 
2015/01/20 07:40:18.126 收到 Head 資訊 {Count 2} {Type C } 
2015/01/20 07:40:18.128 收到 Head 資訊 {Count 2} {Type C } 
2015/01/20 07:40:18.129 收到 Head 資訊 {Count 2} {Type C } 
2015/01/20 07:40:18.131 收到 Head 資訊 {Count 2} {Type C } 
2015/01/20 07:40:18.133 收到 Head 資訊 {Count 2} {Type C } 
2015/01/20 07:40:18.134 收到 Head 資訊 {Count 2} {Type C } 
2015/01/20 07:40:18.136 收到 Head 資訊 {Count 2} {Type C } 
2015/01/20 07:40:18.137 收到 Head 資訊 {Count 2} {Type C } 
2015/01/20 07:40:18.139 收到 Head 資訊 {Count 2} {Type C } 
2015/01/20 07:40:18.140 收到 Head 資訊 {Count 2} {Type C } 
2015/01/20 07:40:18.142 收到 Head 資訊 {Count 2} {Type C } 
2015/01/20 07:40:18.143 收到 Head 資訊 {Count 2} {Type B } 
2015/01/20 14:30:14.145 -----------
2015/01/20 14:30:14.147 API InitInstance 
2015/01/20 14:30:19.769 E122828927 連線 Code：0
2015/01/20 14:30:20.771 收到 Head 資訊 {Count 2} {Type C } 
2015/01/20 14:30:20.773 收到 Head 資訊 {Count 2} {Type C } 
2015/01/20 14:30:20.774 收到 Head 資訊 {Count 2} {Type C } 
2015/01/20 14:30:20.776 收到 Head 資訊 {Count 2} {Type C } 
2015/01/20 14:30:20.778 收到 Head 資訊 {Count 2} {Type C } 
2015/01/20 14:30:20.780 收到 Head 資訊 {Count 2} {Type C } 
2015/01/20 14:30:20.782 收到 Head 資訊 {Count 2} {Type C } 
2015/01/20 14:30:20.784 收到 Head 資訊 {Count 2} {Type C } 
2015/01/20 14:30:20.786 收到 Head 資訊 {Count 2} {Type C } 
2015/01/20 14:30:20.787 收到 Head 資訊 {Count 2} {Type C } 
2015/01/20 14:30:20.789 收到 Head 資訊 {Count 2} {Type C } 
2015/01/20 14:30:20.791 收到 Head 資訊 {Count 2} {Type C } 
2015/01/20 14:30:20.793 收到 Head 資訊 {Count 2} {Type C } 
2015/01/20 14:30:20.794 收到 Head 資訊 {Count 2} {Type C } 
2015/01/20 14:30:20.796 收到 Head 資訊 {Count 2} {Type C } 
2015/01/20 14:30:20.798 收到 Head 資訊 {Count 2} {Type C } 
2015/01/20 14:30:20.800 收到 Head 資訊 {Count 2} {Type C } 
2015/01/20 14:30:20.802 收到 Head 資訊 {Count 2} {Type C } 
2015/01/20 14:30:20.803 收到 Head 資訊 {Count 2} {Type C } 
2015/01/20 14:30:20.805 收到 Head 資訊 {Count 2} {Type C } 
2015/01/20 14:30:20.807 收到 Head 資訊 {Count 2} {Type C } 
2015/01/20 14:30:20.809 收到 Head 資訊 {Count 2} {Type C } 
2015/01/20 14:30:20.810 收到 Head 資訊 {Count 2} {Type C } 
2015/01/20 14:30:20.812 收到 Head 資訊 {Count 2} {Type C } 
2015/01/20 14:30:20.814 收到 Head 資訊 {Count 2} {Type C } 
2015/01/20 14:30:20.815 收到 Head 資訊 {Count 2} {Type C } 
2015/01/20 14:30:20.817 收到 Head 資訊 {Count 2} {Type C } 
2015/01/20 14:30:20.819 收到 Head 資訊 {Count 2} {Type C } 
2015/01/20 14:30:20.821 收到 Head 資訊 {Count 2} {Type C } 
2015/01/20 14:30:20.822 收到 Head 資訊 {Count 2} {Type C } 
2015/01/20 14:30:20.824 收到 Head 資訊 {Count 2} {Type C } 
2015/01/20 14:30:20.826 收到 Head 資訊 {Count 2} {Type C } 
2015/01/20 14:30:20.828 收到 Head 資訊 {Count 2} {Type C } 
2015/01/20 14:30:20.829 收到 Head 資訊 {Count 2} {Type C } 
2015/01/20 14:30:20.831 收到 Head 資訊 {Count 2} {Type C } 
2015/01/20 14:30:20.833 收到 Head 資訊 {Count 2} {Type C } 
2015/01/20 14:30:20.834 收到 Head 資訊 {Count 2} {Type C } 
2015/01/20 14:30:20.836 收到 Head 資訊 {Count 2} {Type C } 
2015/01/20 14:30:20.838 收到 Head 資訊 {Count 2} {Type C } 
2015/01/20 14:30:20.839 收到 Head 資訊 {Count 2} {Type C } 
2015/01/20 14:30:20.841 收到 Head 資訊 {Count 2} {Type C } 
2015/01/20 14:30:20.842 收到 Head 資訊 {Count 2} {Type C } 
2015/01/20 14:30:20.844 收到 Head 資訊 {Count 2} {Type C } 
2015/01/20 14:30:20.846 收到 Head 資訊 {Count 2} {Type C } 
2015/01/20 14:30:20.848 收到 Head 資訊 {Count 2} {Type C } 
2015/01/20 14:30:20.849 收到 Head 資訊 {Count 2} {Type C } 
2015/01/20 14:30:20.851 收到 Head 資訊 {Count 2} {Type C } 
2015/01/20 14:30:20.853 收到 Head 資訊 {Count 2} {Type C } 
2015/01/20 14:30:20.854 收到 Head 資訊 {Count 2} {Type C } 
2015/01/20 14:30:20.856 收到 Head 資訊 {Count 2} {Type C } 
2015/01/20 14:30:20.857 收到 Head 資訊 {Count 2} {Type C } 
2015/01/20 14:30:20.859 收到 Head 資訊 {Count 2} {Type C } 
2015/01/20 14:30:20.860 收到 Head 資訊 {Count 2} {Type C } 
2015/01/20 14:30:20.862 收到 Head 資訊 {Count 2} {Type C } 
2015/01/20 14:30:20.864 收到 Head 資訊 {Count 2} {Type C } 
2015/01/20 14:30:20.865 收到 Head 資訊 {Count 2} {Type C } 
2015/01/20 14:30:20.867 收到 Head 資訊 {Count 2} {Type C } 
2015/01/20 14:30:20.868 收到 Head 資訊 {Count 2} {Type C } 
2015/01/20 14:30:20.870 收到 Head 資訊 {Count 2} {Type C } 
2015/01/20 14:30:20.872 收到 Head 資訊 {Count 2} {Type C } 
2015/01/20 14:30:20.873 收到 Head 資訊 {Count 2} {Type C } 
2015/01/20 14:30:20.875 收到 Head 資訊 {Count 2} {Type C } 
2015/01/20 14:30:20.876 收到 Head 資訊 {Count 2} {Type C } 
2015/01/20 14:30:20.878 收到 Head 資訊 {Count 2} {Type C } 
2015/01/20 14:30:20.880 收到 Head 資訊 {Count 2} {Type C } 
2015/01/20 14:30:20.881 收到 Head 資訊 {Count 2} {Type C } 
2015/01/20 14:30:20.883 收到 Head 資訊 {Count 2} {Type C } 
2015/01/20 14:30:20.885 收到 Head 資訊 {Count 2} {Type C } 
2015/01/20 14:30:20.886 收到 Head 資訊 {Count 2} {Type C } 
2015/01/20 14:30:20.888 收到 Head 資訊 {Count 2} {Type C } 
2015/01/20 14:30:20.889 收到 Head 資訊 {Count 2} {Type C } 
2015/01/20 14:30:20.891 收到 Head 資訊 {Count 2} {Type C } 
2015/01/20 14:30:20.893 收到 Head 資訊 {Count 2} {Type C } 
2015/01/20 14:30:20.894 收到 Head 資訊 {Count 2} {Type C } 
2015/01/20 14:30:20.896 收到 Head 資訊 {Count 2} {Type C } 
2015/01/20 14:30:20.898 收到 Head 資訊 {Count 2} {Type C } 
2015/01/20 14:30:20.899 收到 Head 資訊 {Count 2} {Type C } 
2015/01/20 14:30:20.901 收到 Head 資訊 {Count 2} {Type C } 
2015/01/20 14:30:20.903 收到 Head 資訊 {Count 2} {Type C } 
2015/01/20 14:30:20.904 收到 Head 資訊 {Count 2} {Type C } 
2015/01/20 14:30:20.906 收到 Head 資訊 {Count 2} {Type C } 
2015/01/20 14:30:20.907 收到 Head 資訊 {Count 2} {Type C } 
2015/01/20 14:30:20.909 收到 Head 資訊 {Count 2} {Type C } 
2015/01/20 14:30:20.910 收到 Head 資訊 {Count 2} {Type C } 
2015/01/20 14:30:20.912 收到 Head 資訊 {Count 2} {Type C } 
2015/01/20 14:30:20.914 收到 Head 資訊 {Count 2} {Type C } 
2015/01/20 14:30:20.915 收到 Head 資訊 {Count 2} {Type C } 
2015/01/20 14:30:20.917 收到 Head 資訊 {Count 2} {Type C } 
2015/01/20 14:30:20.918 收到 Head 資訊 {Count 2} {Type C } 
2015/01/20 14:30:20.920 收到 Head 資訊 {Count 2} {Type C } 
2015/01/20 14:30:20.922 收到 Head 資訊 {Count 2} {Type C } 
2015/01/20 14:30:20.923 收到 Head 資訊 {Count 2} {Type C } 
2015/01/20 14:30:20.925 收到 Head 資訊 {Count 2} {Type C } 
2015/01/20 14:30:20.927 收到 Head 資訊 {Count 2} {Type C } 
2015/01/20 14:30:20.928 收到 Head 資訊 {Count 2} {Type C } 
2015/01/20 14:30:20.930 收到 Head 資訊 {Count 2} {Type D } 
2015/01/20 14:30:20.932 收到 Head 資訊 {Count 2} {Type D } 
2015/01/20 14:30:20.934 收到 Head 資訊 {Count 2} {Type C } 
2015/01/20 14:30:20.936 收到 Head 資訊 {Count 2} {Type C } 
2015/01/20 14:30:20.937 收到 Head 資訊 {Count 2} {Type C } 
2015/01/20 14:30:20.939 收到 Head 資訊 {Count 2} {Type C } 
2015/01/20 14:30:20.941 收到 Head 資訊 {Count 2} {Type C } 
2015/01/20 14:30:20.943 收到 Head 資訊 {Count 2} {Type C } 
2015/01/20 14:30:20.945 收到 Head 資訊 {Count 2} {Type C } 
2015/01/20 14:30:20.946 收到 Head 資訊 {Count 2} {Type C } 
2015/01/20 14:30:20.948 收到 Head 資訊 {Count 2} {Type C } 
2015/01/20 14:30:20.950 收到 Head 資訊 {Count 2} {Type C } 
2015/01/20 14:30:20.952 收到 Head 資訊 {Count 2} {Type C } 
2015/01/20 14:30:20.953 收到 Head 資訊 {Count 2} {Type C } 
2015/01/20 14:30:20.955 收到 Head 資訊 {Count 2} {Type C } 
2015/01/20 14:30:20.956 收到 Head 資訊 {Count 2} {Type C } 
2015/01/20 14:30:20.958 收到 Head 資訊 {Count 2} {Type C } 
2015/01/20 14:30:20.960 收到 Head 資訊 {Count 2} {Type C } 
2015/01/20 14:30:20.961 收到 Head 資訊 {Count 2} {Type C } 
2015/01/20 14:30:20.963 收到 Head 資訊 {Count 2} {Type C } 
2015/01/20 14:30:20.964 收到 Head 資訊 {Count 2} {Type C } 
2015/01/20 14:30:20.966 收到 Head 資訊 {Count 2} {Type C } 
2015/01/20 14:30:20.968 收到 Head 資訊 {Count 2} {Type C } 
2015/01/20 14:30:20.969 收到 Head 資訊 {Count 2} {Type C } 
2015/01/20 14:30:20.971 收到 Head 資訊 {Count 2} {Type C } 
2015/01/20 14:30:20.973 收到 Head 資訊 {Count 2} {Type C } 
2015/01/20 14:30:20.974 收到 Head 資訊 {Count 2} {Type C } 
2015/01/20 14:30:20.976 收到 Head 資訊 {Count 2} {Type C } 
2015/01/20 14:30:20.978 收到 Head 資訊 {Count 2} {Type C } 
2015/01/20 14:30:20.979 收到 Head 資訊 {Count 2} {Type C } 
2015/01/20 14:30:20.981 收到 Head 資訊 {Count 2} {Type C } 
2015/01/20 14:30:20.982 收到 Head 資訊 {Count 2} {Type C } 
2015/01/20 14:30:20.984 收到 Head 資訊 {Count 2} {Type C } 
2015/01/20 14:30:20.986 收到 Head 資訊 {Count 2} {Type C } 
2015/01/20 14:30:20.988 收到 Head 資訊 {Count 2} {Type C } 
2015/01/20 14:30:20.989 收到 Head 資訊 {Count 2} {Type C } 
2015/01/20 14:30:20.991 收到 Head 資訊 {Count 2} {Type C } 
2015/01/20 14:30:20.993 收到 Head 資訊 {Count 2} {Type C } 
2015/01/20 14:30:20.995 收到 Head 資訊 {Count 2} {Type C } 
2015/01/20 14:30:20.996 收到 Head 資訊 {Count 2} {Type C } 
2015/01/20 14:30:20.998 收到 Head 資訊 {Count 2} {Type C } 
2015/01/20 14:30:21.000 收到 Head 資訊 {Count 2} {Type C } 
2015/01/20 14:30:21.001 收到 Head 資訊 {Count 2} {Type C } 
2015/01/20 14:30:21.003 收到 Head 資訊 {Count 2} {Type C } 
2015/01/20 14:30:21.004 收到 Head 資訊 {Count 2} {Type C } 
2015/01/20 14:30:21.006 收到 Head 資訊 {Count 2} {Type C } 
2015/01/20 14:30:21.008 收到 Head 資訊 {Count 2} {Type C } 
2015/01/20 14:30:21.009 收到 Head 資訊 {Count 2} {Type C } 
2015/01/20 14:30:21.011 收到 Head 資訊 {Count 2} {Type C } 
2015/01/20 14:30:21.013 收到 Head 資訊 {Count 2} {Type C } 
2015/01/20 14:30:21.014 收到 Head 資訊 {Count 2} {Type C } 
2015/01/20 14:30:21.016 收到 Head 資訊 {Count 2} {Type C } 
2015/01/20 14:30:21.017 收到 Head 資訊 {Count 2} {Type C } 
2015/01/20 14:30:21.019 收到 Head 資訊 {Count 2} {Type C } 
2015/01/20 14:30:21.021 收到 Head 資訊 {Count 2} {Type C } 
2015/01/20 14:30:21.022 收到 Head 資訊 {Count 2} {Type C } 
2015/01/20 14:30:21.024 收到 Head 資訊 {Count 2} {Type C } 
2015/01/20 14:30:21.025 收到 Head 資訊 {Count 2} {Type C } 
2015/01/20 14:30:21.027 收到 Head 資訊 {Count 2} {Type C } 
2015/01/20 14:30:21.029 收到 Head 資訊 {Count 2} {Type C } 
2015/01/20 14:30:21.030 收到 Head 資訊 {Count 2} {Type C } 
2015/01/20 14:30:21.032 收到 Head 資訊 {Count 2} {Type C } 
2015/01/20 14:30:21.034 收到 Head 資訊 {Count 2} {Type C } 
2015/01/20 14:30:21.035 收到 Head 資訊 {Count 2} {Type C } 
2015/01/20 14:30:21.037 收到 Head 資訊 {Count 2} {Type C } 
2015/01/20 14:30:21.038 收到 Head 資訊 {Count 2} {Type C } 
2015/01/20 14:30:21.040 收到 Head 資訊 {Count 2} {Type C } 
2015/01/20 14:30:21.042 收到 Head 資訊 {Count 2} {Type C } 
2015/01/20 14:30:21.043 收到 Head 資訊 {Count 2} {Type C } 
2015/01/20 14:30:21.045 收到 Head 資訊 {Count 2} {Type C } 
2015/01/20 14:30:21.046 收到 Head 資訊 {Count 2} {Type C } 
2015/01/20 14:30:21.048 收到 Head 資訊 {Count 2} {Type C } 
2015/01/20 14:30:21.050 收到 Head 資訊 {Count 2} {Type C } 
2015/01/20 14:30:21.052 收到 Head 資訊 {Count 2} {Type C } 
2015/01/20 14:30:21.054 收到 Head 資訊 {Count 2} {Type C } 
2015/01/20 14:30:21.055 收到 Head 資訊 {Count 2} {Type C } 
2015/01/20 14:30:21.057 收到 Head 資訊 {Count 2} {Type C } 
2015/01/20 14:30:21.059 收到 Head 資訊 {Count 2} {Type C } 
2015/01/20 14:30:21.061 收到 Head 資訊 {Count 2} {Type C } 
2015/01/20 14:30:21.062 收到 Head 資訊 {Count 2} {Type C } 
2015/01/20 14:30:21.064 收到 Head 資訊 {Count 2} {Type C } 
2015/01/20 14:30:21.066 收到 Head 資訊 {Count 2} {Type C } 
2015/01/20 14:30:21.068 收到 Head 資訊 {Count 2} {Type C } 
2015/01/20 14:30:21.070 收到 Head 資訊 {Count 2} {Type C } 
2015/01/20 14:30:21.071 收到 Head 資訊 {Count 2} {Type C } 
2015/01/20 14:30:21.073 收到 Head 資訊 {Count 2} {Type C } 
2015/01/20 14:30:21.075 收到 Head 資訊 {Count 2} {Type C } 
2015/01/20 14:30:21.077 收到 Head 資訊 {Count 2} {Type C } 
2015/01/20 14:30:21.079 收到 Head 資訊 {Count 2} {Type C } 
2015/01/20 14:30:21.080 收到 Head 資訊 {Count 2} {Type C } 
2015/01/20 14:30:21.082 收到 Head 資訊 {Count 2} {Type C } 
2015/01/20 14:30:21.083 收到 Head 資訊 {Count 2} {Type C } 
2015/01/20 14:30:21.085 收到 Head 資訊 {Count 2} {Type C } 
2015/01/20 14:30:21.087 收到 Head 資訊 {Count 2} {Type C } 
2015/01/20 14:30:21.088 收到 Head 資訊 {Count 2} {Type C } 
2015/01/20 14:30:21.090 收到 Head 資訊 {Count 2} {Type C } 
2015/01/20 14:30:21.092 收到 Head 資訊 {Count 2} {Type C } 
2015/01/20 14:30:21.093 收到 Head 資訊 {Count 2} {Type C } 
2015/01/20 14:30:21.095 收到 Head 資訊 {Count 2} {Type C } 
2015/01/20 14:30:21.097 收到 Head 資訊 {Count 2} {Type C } 
2015/01/20 14:30:21.099 收到 Head 資訊 {Count 2} {Type C } 
2015/01/20 14:30:21.101 收到 Head 資訊 {Count 2} {Type C } 
2015/01/20 14:30:21.102 收到 Head 資訊 {Count 2} {Type C } 
2015/01/20 14:30:21.104 收到 Head 資訊 {Count 2} {Type C } 
2015/01/20 14:30:21.105 收到 Head 資訊 {Count 2} {Type C } 
2015/01/20 14:30:21.107 收到 Head 資訊 {Count 2} {Type C } 
2015/01/20 14:30:21.109 收到 Head 資訊 {Count 2} {Type C } 
2015/01/20 14:30:21.110 收到 Head 資訊 {Count 2} {Type C } 
2015/01/20 14:30:21.112 收到 Head 資訊 {Count 2} {Type C } 
2015/01/20 14:30:21.113 收到 Head 資訊 {Count 2} {Type C } 
2015/01/20 14:30:21.115 收到 Head 資訊 {Count 2} {Type C } 
2015/01/20 14:30:21.116 收到 Head 資訊 {Count 2} {Type C } 
2015/01/20 14:30:21.118 收到 Head 資訊 {Count 2} {Type C } 
2015/01/20 14:30:21.120 收到 Head 資訊 {Count 2} {Type C } 
2015/01/20 14:30:21.121 收到 Head 資訊 {Count 2} {Type C } 
2015/01/20 14:30:21.123 收到 Head 資訊 {Count 2} {Type C } 
2015/01/20 14:30:21.124 收到 Head 資訊 {Count 2} {Type C } 
2015/01/20 14:30:21.126 收到 Head 資訊 {Count 2} {Type C } 
2015/01/20 14:30:21.128 收到 Head 資訊 {Count 2} {Type C } 
2015/01/20 14:30:21.129 收到 Head 資訊 {Count 2} {Type C } 
2015/01/20 14:30:21.131 收到 Head 資訊 {Count 2} {Type C } 
2015/01/20 14:30:21.132 收到 Head 資訊 {Count 2} {Type C } 
2015/01/20 14:30:21.134 收到 Head 資訊 {Count 2} {Type C } 
2015/01/20 14:30:21.136 收到 Head 資訊 {Count 2} {Type C } 
2015/01/20 14:30:21.138 收到 Head 資訊 {Count 2} {Type C } 
2015/01/20 14:30:21.139 收到 Head 資訊 {Count 2} {Type C } 
2015/01/20 14:30:21.141 收到 Head 資訊 {Count 2} {Type C } 
2015/01/20 14:30:21.143 收到 Head 資訊 {Count 2} {Type C } 
2015/01/20 14:30:21.144 收到 Head 資訊 {Count 2} {Type C } 
2015/01/20 14:30:21.146 收到 Head 資訊 {Count 2} {Type C } 
2015/01/20 14:30:21.148 收到 Head 資訊 {Count 2} {Type C } 
2015/01/20 14:30:21.150 收到 Head 資訊 {Count 2} {Type C } 
2015/01/20 14:30:21.152 收到 Head 資訊 {Count 2} {Type C } 
2015/01/20 14:30:21.154 收到 Head 資訊 {Count 2} {Type C } 
2015/01/20 14:30:21.155 收到 Head 資訊 {Count 2} {Type C } 
2015/01/20 14:30:21.157 收到 Head 資訊 {Count 2} {Type C } 
2015/01/20 14:30:21.159 收到 Head 資訊 {Count 2} {Type C } 
2015/01/20 14:30:21.160 收到 Head 資訊 {Count 2} {Type C } 
2015/01/20 14:30:21.162 收到 Head 資訊 {Count 2} {Type C } 
2015/01/20 14:30:21.164 收到 Head 資訊 {Count 2} {Type C } 
2015/01/20 14:30:21.166 收到 Head 資訊 {Count 2} {Type C } 
2015/01/20 14:30:21.167 收到 Head 資訊 {Count 2} {Type C } 
2015/01/20 14:30:21.169 收到 Head 資訊 {Count 2} {Type C } 
2015/01/20 14:30:21.171 收到 Head 資訊 {Count 2} {Type C } 
2015/01/20 14:30:21.173 收到 Head 資訊 {Count 2} {Type C } 
2015/01/20 14:30:21.175 收到 Head 資訊 {Count 2} {Type C } 
2015/01/20 14:30:21.176 收到 Head 資訊 {Count 2} {Type C } 
2015/01/20 14:30:21.178 收到 Head 資訊 {Count 2} {Type C } 
2015/01/20 14:30:21.180 收到 Head 資訊 {Count 2} {Type C } 
2015/01/20 14:30:21.181 收到 Head 資訊 {Count 2} {Type C } 
2015/01/20 14:30:21.183 收到 Head 資訊 {Count 2} {Type C } 
2015/01/20 14:30:21.185 收到 Head 資訊 {Count 2} {Type C } 
2015/01/20 14:30:21.187 收到 Head 資訊 {Count 2} {Type C } 
2015/01/20 14:30:21.189 收到 Head 資訊 {Count 2} {Type C } 
2015/01/20 14:30:21.190 收到 Head 資訊 {Count 2} {Type C } 
2015/01/20 14:30:21.192 收到 Head 資訊 {Count 2} {Type C } 
2015/01/20 14:30:21.194 收到 Head 資訊 {Count 2} {Type C } 
2015/01/20 14:30:21.195 收到 Head 資訊 {Count 2} {Type C } 
2015/01/20 14:30:21.197 收到 Head 資訊 {Count 2} {Type C } 
2015/01/20 14:30:21.198 收到 Head 資訊 {Count 2} {Type C } 
2015/01/20 14:30:21.200 收到 Head 資訊 {Count 2} {Type C } 
2015/01/20 14:30:21.202 收到 Head 資訊 {Count 2} {Type C } 
2015/01/20 14:30:21.203 收到 Head 資訊 {Count 2} {Type C } 
2015/01/20 14:30:21.205 收到 Head 資訊 {Count 2} {Type C } 
2015/01/20 14:30:21.207 收到 Head 資訊 {Count 2} {Type B } 
