2015/01/27 02:30:18.542 -----------
2015/01/27 02:30:18.543 API InitInstance 
2015/01/27 02:30:25.139 E122828927 連線 Code：0
2015/01/27 02:30:26.190 收到 Head 資訊 {Count 2} {Type C } 
2015/01/27 02:30:26.192 收到 Head 資訊 {Count 2} {Type C } 
2015/01/27 02:30:26.193 收到 Head 資訊 {Count 2} {Type C } 
2015/01/27 02:30:26.195 收到 Head 資訊 {Count 2} {Type C } 
2015/01/27 02:30:26.197 收到 Head 資訊 {Count 2} {Type C } 
2015/01/27 02:30:26.199 收到 Head 資訊 {Count 2} {Type C } 
2015/01/27 02:30:26.200 收到 Head 資訊 {Count 2} {Type C } 
2015/01/27 02:30:26.202 收到 Head 資訊 {Count 2} {Type C } 
2015/01/27 02:30:26.204 收到 Head 資訊 {Count 2} {Type C } 
2015/01/27 02:30:26.206 收到 Head 資訊 {Count 2} {Type C } 
2015/01/27 02:30:26.208 收到 Head 資訊 {Count 2} {Type C } 
2015/01/27 02:30:26.209 收到 Head 資訊 {Count 2} {Type C } 
2015/01/27 02:30:26.211 收到 Head 資訊 {Count 2} {Type C } 
2015/01/27 02:30:26.213 收到 Head 資訊 {Count 2} {Type C } 
2015/01/27 02:30:26.214 收到 Head 資訊 {Count 2} {Type C } 
2015/01/27 02:30:26.216 收到 Head 資訊 {Count 2} {Type C } 
2015/01/27 02:30:26.218 收到 Head 資訊 {Count 2} {Type C } 
2015/01/27 02:30:26.219 收到 Head 資訊 {Count 2} {Type C } 
2015/01/27 02:30:26.221 收到 Head 資訊 {Count 2} {Type C } 
2015/01/27 02:30:26.223 收到 Head 資訊 {Count 2} {Type C } 
2015/01/27 02:30:26.225 收到 Head 資訊 {Count 2} {Type C } 
2015/01/27 02:30:26.226 收到 Head 資訊 {Count 2} {Type C } 
2015/01/27 02:30:26.228 收到 Head 資訊 {Count 2} {Type C } 
2015/01/27 02:30:26.230 收到 Head 資訊 {Count 2} {Type C } 
2015/01/27 02:30:26.232 收到 Head 資訊 {Count 2} {Type C } 
2015/01/27 02:30:26.233 收到 Head 資訊 {Count 2} {Type C } 
2015/01/27 02:30:26.235 收到 Head 資訊 {Count 2} {Type C } 
2015/01/27 02:30:26.237 收到 Head 資訊 {Count 2} {Type C } 
2015/01/27 02:30:26.238 收到 Head 資訊 {Count 2} {Type C } 
2015/01/27 02:30:26.240 收到 Head 資訊 {Count 2} {Type C } 
2015/01/27 02:30:26.241 收到 Head 資訊 {Count 2} {Type C } 
2015/01/27 02:30:26.243 收到 Head 資訊 {Count 2} {Type C } 
2015/01/27 02:30:26.245 收到 Head 資訊 {Count 2} {Type C } 
2015/01/27 02:30:26.246 收到 Head 資訊 {Count 2} {Type C } 
2015/01/27 02:30:26.248 收到 Head 資訊 {Count 2} {Type C } 
2015/01/27 02:30:26.249 收到 Head 資訊 {Count 2} {Type C } 
2015/01/27 02:30:26.251 收到 Head 資訊 {Count 2} {Type C } 
2015/01/27 02:30:26.253 收到 Head 資訊 {Count 2} {Type C } 
2015/01/27 02:30:26.254 收到 Head 資訊 {Count 2} {Type C } 
2015/01/27 02:30:26.256 收到 Head 資訊 {Count 2} {Type C } 
2015/01/27 02:30:26.258 收到 Head 資訊 {Count 2} {Type C } 
2015/01/27 02:30:26.259 收到 Head 資訊 {Count 2} {Type C } 
2015/01/27 02:30:26.261 收到 Head 資訊 {Count 2} {Type D } 
2015/01/27 02:30:26.262 收到 Head 資訊 {Count 2} {Type C } 
2015/01/27 02:30:26.264 收到 Head 資訊 {Count 2} {Type C } 
2015/01/27 02:30:26.266 收到 Head 資訊 {Count 2} {Type C } 
2015/01/27 02:30:26.267 收到 Head 資訊 {Count 2} {Type C } 
2015/01/27 02:30:26.269 收到 Head 資訊 {Count 2} {Type C } 
2015/01/27 02:30:26.271 收到 Head 資訊 {Count 2} {Type C } 
2015/01/27 02:30:26.272 收到 Head 資訊 {Count 2} {Type C } 
2015/01/27 02:30:26.274 收到 Head 資訊 {Count 2} {Type C } 
2015/01/27 02:30:26.275 收到 Head 資訊 {Count 2} {Type C } 
2015/01/27 02:30:26.277 收到 Head 資訊 {Count 2} {Type C } 
2015/01/27 02:30:26.279 收到 Head 資訊 {Count 2} {Type C } 
2015/01/27 02:30:26.280 收到 Head 資訊 {Count 2} {Type C } 
2015/01/27 02:30:26.282 收到 Head 資訊 {Count 2} {Type C } 
2015/01/27 02:30:26.284 收到 Head 資訊 {Count 2} {Type C } 
2015/01/27 02:30:26.285 收到 Head 資訊 {Count 2} {Type C } 
2015/01/27 02:30:26.287 收到 Head 資訊 {Count 2} {Type C } 
2015/01/27 02:30:26.289 收到 Head 資訊 {Count 2} {Type C } 
2015/01/27 02:30:26.290 收到 Head 資訊 {Count 2} {Type C } 
2015/01/27 02:30:26.292 收到 Head 資訊 {Count 2} {Type C } 
2015/01/27 02:30:26.293 收到 Head 資訊 {Count 2} {Type C } 
2015/01/27 02:30:26.295 收到 Head 資訊 {Count 2} {Type C } 
2015/01/27 02:30:26.297 收到 Head 資訊 {Count 2} {Type C } 
2015/01/27 02:30:26.298 收到 Head 資訊 {Count 2} {Type C } 
2015/01/27 02:30:26.300 收到 Head 資訊 {Count 2} {Type C } 
2015/01/27 02:30:26.302 收到 Head 資訊 {Count 2} {Type C } 
2015/01/27 02:30:26.303 收到 Head 資訊 {Count 2} {Type C } 
2015/01/27 02:30:26.305 收到 Head 資訊 {Count 2} {Type C } 
2015/01/27 02:30:26.306 收到 Head 資訊 {Count 2} {Type C } 
2015/01/27 02:30:26.308 收到 Head 資訊 {Count 2} {Type C } 
2015/01/27 02:30:26.310 收到 Head 資訊 {Count 2} {Type C } 
2015/01/27 02:30:26.311 收到 Head 資訊 {Count 2} {Type C } 
2015/01/27 02:30:26.313 收到 Head 資訊 {Count 2} {Type C } 
2015/01/27 02:30:26.315 收到 Head 資訊 {Count 2} {Type C } 
2015/01/27 02:30:26.316 收到 Head 資訊 {Count 2} {Type C } 
2015/01/27 02:30:26.318 收到 Head 資訊 {Count 2} {Type C } 
2015/01/27 02:30:26.319 收到 Head 資訊 {Count 2} {Type C } 
2015/01/27 02:30:26.321 收到 Head 資訊 {Count 2} {Type C } 
2015/01/27 02:30:26.322 收到 Head 資訊 {Count 2} {Type C } 
2015/01/27 02:30:26.324 收到 Head 資訊 {Count 2} {Type C } 
2015/01/27 02:30:26.326 收到 Head 資訊 {Count 2} {Type C } 
2015/01/27 02:30:26.327 收到 Head 資訊 {Count 2} {Type C } 
2015/01/27 02:30:26.329 收到 Head 資訊 {Count 2} {Type C } 
2015/01/27 02:30:26.331 收到 Head 資訊 {Count 2} {Type C } 
2015/01/27 02:30:26.332 收到 Head 資訊 {Count 2} {Type C } 
2015/01/27 02:30:26.334 收到 Head 資訊 {Count 2} {Type C } 
2015/01/27 02:30:26.335 收到 Head 資訊 {Count 2} {Type D } 
2015/01/27 02:30:26.337 收到 Head 資訊 {Count 2} {Type D } 
2015/01/27 02:30:26.339 收到 Head 資訊 {Count 2} {Type D } 
2015/01/27 02:30:26.341 收到 Head 資訊 {Count 2} {Type D } 
2015/01/27 02:30:26.342 收到 Head 資訊 {Count 2} {Type C } 
2015/01/27 02:30:26.344 收到 Head 資訊 {Count 2} {Type C } 
2015/01/27 02:30:26.346 收到 Head 資訊 {Count 2} {Type D } 
2015/01/27 02:30:26.347 收到 Head 資訊 {Count 2} {Type C } 
2015/01/27 02:30:26.349 收到 Head 資訊 {Count 2} {Type C } 
2015/01/27 02:30:26.350 收到 Head 資訊 {Count 2} {Type C } 
2015/01/27 02:30:26.352 收到 Head 資訊 {Count 2} {Type C } 
2015/01/27 02:30:26.354 收到 Head 資訊 {Count 2} {Type C } 
2015/01/27 02:30:26.356 收到 Head 資訊 {Count 2} {Type C } 
2015/01/27 02:30:26.357 收到 Head 資訊 {Count 2} {Type C } 
2015/01/27 02:30:26.359 收到 Head 資訊 {Count 2} {Type C } 
2015/01/27 02:30:26.361 收到 Head 資訊 {Count 2} {Type C } 
2015/01/27 02:30:26.362 收到 Head 資訊 {Count 2} {Type C } 
2015/01/27 02:30:26.364 收到 Head 資訊 {Count 2} {Type C } 
2015/01/27 02:30:26.365 收到 Head 資訊 {Count 2} {Type C } 
2015/01/27 02:30:26.367 收到 Head 資訊 {Count 2} {Type D } 
2015/01/27 02:30:26.369 收到 Head 資訊 {Count 2} {Type D } 
2015/01/27 02:30:26.371 收到 Head 資訊 {Count 2} {Type D } 
2015/01/27 02:30:26.372 收到 Head 資訊 {Count 2} {Type C } 
2015/01/27 02:30:26.374 收到 Head 資訊 {Count 2} {Type C } 
2015/01/27 02:30:26.376 收到 Head 資訊 {Count 2} {Type C } 
2015/01/27 02:30:26.377 收到 Head 資訊 {Count 2} {Type C } 
2015/01/27 02:30:26.379 收到 Head 資訊 {Count 2} {Type C } 
2015/01/27 02:30:26.381 收到 Head 資訊 {Count 2} {Type C } 
2015/01/27 02:30:26.382 收到 Head 資訊 {Count 2} {Type C } 
2015/01/27 02:30:26.384 收到 Head 資訊 {Count 2} {Type C } 
2015/01/27 02:30:26.386 收到 Head 資訊 {Count 2} {Type C } 
2015/01/27 02:30:26.387 收到 Head 資訊 {Count 2} {Type C } 
2015/01/27 02:30:26.389 收到 Head 資訊 {Count 2} {Type C } 
2015/01/27 02:30:26.391 收到 Head 資訊 {Count 2} {Type C } 
2015/01/27 02:30:26.392 收到 Head 資訊 {Count 2} {Type C } 
2015/01/27 02:30:26.394 收到 Head 資訊 {Count 2} {Type C } 
2015/01/27 02:30:26.396 收到 Head 資訊 {Count 2} {Type C } 
2015/01/27 02:30:26.397 收到 Head 資訊 {Count 2} {Type C } 
2015/01/27 02:30:26.399 收到 Head 資訊 {Count 2} {Type C } 
2015/01/27 02:30:26.401 收到 Head 資訊 {Count 2} {Type C } 
2015/01/27 02:30:26.402 收到 Head 資訊 {Count 2} {Type C } 
2015/01/27 02:30:26.404 收到 Head 資訊 {Count 2} {Type C } 
2015/01/27 02:30:26.406 收到 Head 資訊 {Count 2} {Type C } 
2015/01/27 02:30:26.408 收到 Head 資訊 {Count 2} {Type C } 
2015/01/27 02:30:26.409 收到 Head 資訊 {Count 2} {Type C } 
2015/01/27 02:30:26.411 收到 Head 資訊 {Count 2} {Type C } 
2015/01/27 02:30:26.413 收到 Head 資訊 {Count 2} {Type C } 
2015/01/27 02:30:26.415 收到 Head 資訊 {Count 2} {Type C } 
2015/01/27 02:30:26.417 收到 Head 資訊 {Count 2} {Type C } 
2015/01/27 02:30:26.419 收到 Head 資訊 {Count 2} {Type C } 
2015/01/27 02:30:26.420 收到 Head 資訊 {Count 2} {Type C } 
2015/01/27 02:30:26.422 收到 Head 資訊 {Count 2} {Type C } 
2015/01/27 02:30:26.424 收到 Head 資訊 {Count 2} {Type C } 
2015/01/27 02:30:26.426 收到 Head 資訊 {Count 2} {Type C } 
2015/01/27 02:30:26.427 收到 Head 資訊 {Count 2} {Type C } 
2015/01/27 02:30:26.429 收到 Head 資訊 {Count 2} {Type C } 
2015/01/27 02:30:26.431 收到 Head 資訊 {Count 2} {Type C } 
2015/01/27 02:30:26.432 收到 Head 資訊 {Count 2} {Type C } 
2015/01/27 02:30:26.434 收到 Head 資訊 {Count 2} {Type C } 
2015/01/27 02:30:26.436 收到 Head 資訊 {Count 2} {Type C } 
2015/01/27 02:30:26.438 收到 Head 資訊 {Count 2} {Type C } 
2015/01/27 02:30:26.439 收到 Head 資訊 {Count 2} {Type C } 
2015/01/27 02:30:26.441 收到 Head 資訊 {Count 2} {Type C } 
2015/01/27 02:30:26.443 收到 Head 資訊 {Count 2} {Type C } 
2015/01/27 02:30:26.444 收到 Head 資訊 {Count 2} {Type C } 
2015/01/27 02:30:26.446 收到 Head 資訊 {Count 2} {Type C } 
2015/01/27 02:30:26.448 收到 Head 資訊 {Count 2} {Type C } 
2015/01/27 02:30:26.449 收到 Head 資訊 {Count 2} {Type C } 
2015/01/27 02:30:26.451 收到 Head 資訊 {Count 2} {Type C } 
2015/01/27 02:30:26.453 收到 Head 資訊 {Count 2} {Type C } 
2015/01/27 02:30:26.455 收到 Head 資訊 {Count 2} {Type C } 
2015/01/27 02:30:26.456 收到 Head 資訊 {Count 2} {Type C } 
2015/01/27 02:30:26.458 收到 Head 資訊 {Count 2} {Type C } 
2015/01/27 02:30:26.460 收到 Head 資訊 {Count 2} {Type C } 
2015/01/27 02:30:26.462 收到 Head 資訊 {Count 2} {Type C } 
2015/01/27 02:30:26.464 收到 Head 資訊 {Count 2} {Type C } 
2015/01/27 02:30:26.465 收到 Head 資訊 {Count 2} {Type C } 
2015/01/27 02:30:26.467 收到 Head 資訊 {Count 2} {Type C } 
2015/01/27 02:30:26.469 收到 Head 資訊 {Count 2} {Type C } 
2015/01/27 02:30:26.471 收到 Head 資訊 {Count 2} {Type C } 
2015/01/27 02:30:26.472 收到 Head 資訊 {Count 2} {Type C } 
2015/01/27 02:30:26.474 收到 Head 資訊 {Count 2} {Type C } 
2015/01/27 02:30:26.476 收到 Head 資訊 {Count 2} {Type C } 
2015/01/27 02:30:26.478 收到 Head 資訊 {Count 2} {Type C } 
2015/01/27 02:30:26.479 收到 Head 資訊 {Count 2} {Type C } 
2015/01/27 02:30:26.481 收到 Head 資訊 {Count 2} {Type C } 
2015/01/27 02:30:26.483 收到 Head 資訊 {Count 2} {Type C } 
2015/01/27 02:30:26.484 收到 Head 資訊 {Count 2} {Type C } 
2015/01/27 02:30:26.486 收到 Head 資訊 {Count 2} {Type C } 
2015/01/27 02:30:26.488 收到 Head 資訊 {Count 2} {Type C } 
2015/01/27 02:30:26.489 收到 Head 資訊 {Count 2} {Type C } 
2015/01/27 02:30:26.491 收到 Head 資訊 {Count 2} {Type C } 
2015/01/27 02:30:26.493 收到 Head 資訊 {Count 2} {Type C } 
2015/01/27 02:30:26.495 收到 Head 資訊 {Count 2} {Type C } 
2015/01/27 02:30:26.497 收到 Head 資訊 {Count 2} {Type C } 
2015/01/27 02:30:26.498 收到 Head 資訊 {Count 2} {Type C } 
2015/01/27 02:30:26.500 收到 Head 資訊 {Count 2} {Type C } 
2015/01/27 02:30:26.502 收到 Head 資訊 {Count 2} {Type C } 
2015/01/27 02:30:26.503 收到 Head 資訊 {Count 2} {Type C } 
2015/01/27 02:30:26.505 收到 Head 資訊 {Count 2} {Type C } 
2015/01/27 02:30:26.507 收到 Head 資訊 {Count 2} {Type C } 
2015/01/27 02:30:26.509 收到 Head 資訊 {Count 2} {Type C } 
2015/01/27 02:30:26.511 收到 Head 資訊 {Count 2} {Type C } 
2015/01/27 02:30:26.512 收到 Head 資訊 {Count 2} {Type C } 
2015/01/27 02:30:26.514 收到 Head 資訊 {Count 2} {Type C } 
2015/01/27 02:30:26.516 收到 Head 資訊 {Count 2} {Type C } 
2015/01/27 02:30:26.518 收到 Head 資訊 {Count 2} {Type C } 
2015/01/27 02:30:26.519 收到 Head 資訊 {Count 2} {Type C } 
2015/01/27 02:30:26.521 收到 Head 資訊 {Count 2} {Type C } 
2015/01/27 02:30:26.523 收到 Head 資訊 {Count 2} {Type C } 
2015/01/27 02:30:26.524 收到 Head 資訊 {Count 2} {Type C } 
2015/01/27 02:30:26.526 收到 Head 資訊 {Count 2} {Type C } 
2015/01/27 02:30:26.528 收到 Head 資訊 {Count 2} {Type C } 
2015/01/27 02:30:26.530 收到 Head 資訊 {Count 2} {Type C } 
2015/01/27 02:30:26.531 收到 Head 資訊 {Count 2} {Type C } 
2015/01/27 02:30:26.533 收到 Head 資訊 {Count 2} {Type C } 
2015/01/27 02:30:26.535 收到 Head 資訊 {Count 2} {Type C } 
2015/01/27 02:30:26.536 收到 Head 資訊 {Count 2} {Type C } 
2015/01/27 02:30:26.538 收到 Head 資訊 {Count 2} {Type C } 
2015/01/27 02:30:26.540 收到 Head 資訊 {Count 2} {Type C } 
2015/01/27 02:30:26.542 收到 Head 資訊 {Count 2} {Type C } 
2015/01/27 02:30:26.544 收到 Head 資訊 {Count 2} {Type C } 
2015/01/27 02:30:26.546 收到 Head 資訊 {Count 2} {Type C } 
2015/01/27 02:30:26.547 收到 Head 資訊 {Count 2} {Type C } 
2015/01/27 02:30:26.549 收到 Head 資訊 {Count 2} {Type C } 
2015/01/27 02:30:26.551 收到 Head 資訊 {Count 2} {Type C } 
2015/01/27 02:30:26.552 收到 Head 資訊 {Count 2} {Type C } 
2015/01/27 02:30:26.554 收到 Head 資訊 {Count 2} {Type C } 
2015/01/27 02:30:26.556 收到 Head 資訊 {Count 2} {Type C } 
2015/01/27 02:30:26.558 收到 Head 資訊 {Count 2} {Type C } 
2015/01/27 02:30:26.560 收到 Head 資訊 {Count 2} {Type C } 
2015/01/27 02:30:26.562 收到 Head 資訊 {Count 2} {Type C } 
2015/01/27 02:30:26.563 收到 Head 資訊 {Count 2} {Type C } 
2015/01/27 02:30:26.565 收到 Head 資訊 {Count 2} {Type C } 
2015/01/27 02:30:26.567 收到 Head 資訊 {Count 2} {Type C } 
2015/01/27 02:30:26.568 收到 Head 資訊 {Count 2} {Type C } 
2015/01/27 02:30:26.570 收到 Head 資訊 {Count 2} {Type C } 
2015/01/27 02:30:26.572 收到 Head 資訊 {Count 2} {Type C } 
2015/01/27 02:30:26.574 收到 Head 資訊 {Count 2} {Type C } 
2015/01/27 02:30:26.575 收到 Head 資訊 {Count 2} {Type C } 
2015/01/27 02:30:26.577 收到 Head 資訊 {Count 2} {Type C } 
2015/01/27 02:30:26.579 收到 Head 資訊 {Count 2} {Type C } 
2015/01/27 02:30:26.581 收到 Head 資訊 {Count 2} {Type C } 
2015/01/27 02:30:26.583 收到 Head 資訊 {Count 2} {Type C } 
2015/01/27 02:30:26.584 收到 Head 資訊 {Count 2} {Type C } 
2015/01/27 02:30:26.586 收到 Head 資訊 {Count 2} {Type C } 
2015/01/27 02:30:26.588 收到 Head 資訊 {Count 2} {Type C } 
2015/01/27 02:30:26.589 收到 Head 資訊 {Count 2} {Type C } 
2015/01/27 02:30:26.591 收到 Head 資訊 {Count 2} {Type C } 
2015/01/27 02:30:26.593 收到 Head 資訊 {Count 2} {Type C } 
2015/01/27 02:30:26.595 收到 Head 資訊 {Count 2} {Type C } 
2015/01/27 02:30:26.597 收到 Head 資訊 {Count 2} {Type C } 
2015/01/27 02:30:26.599 收到 Head 資訊 {Count 2} {Type C } 
2015/01/27 02:30:26.601 收到 Head 資訊 {Count 2} {Type C } 
2015/01/27 02:30:26.603 收到 Head 資訊 {Count 2} {Type C } 
2015/01/27 02:30:26.605 收到 Head 資訊 {Count 2} {Type C } 
2015/01/27 02:30:26.607 收到 Head 資訊 {Count 2} {Type C } 
2015/01/27 02:30:26.609 收到 Head 資訊 {Count 2} {Type C } 
2015/01/27 02:30:26.611 收到 Head 資訊 {Count 2} {Type C } 
2015/01/27 02:30:26.612 收到 Head 資訊 {Count 2} {Type C } 
2015/01/27 02:30:26.614 收到 Head 資訊 {Count 2} {Type C } 
2015/01/27 02:30:26.616 收到 Head 資訊 {Count 2} {Type C } 
2015/01/27 02:30:26.618 收到 Head 資訊 {Count 2} {Type C } 
2015/01/27 02:30:26.619 收到 Head 資訊 {Count 2} {Type C } 
2015/01/27 02:30:26.621 收到 Head 資訊 {Count 2} {Type C } 
2015/01/27 02:30:26.623 收到 Head 資訊 {Count 2} {Type C } 
2015/01/27 02:30:26.624 收到 Head 資訊 {Count 2} {Type C } 
2015/01/27 02:30:26.626 收到 Head 資訊 {Count 2} {Type C } 
2015/01/27 02:30:26.628 收到 Head 資訊 {Count 2} {Type C } 
2015/01/27 02:30:26.629 收到 Head 資訊 {Count 2} {Type C } 
2015/01/27 02:30:26.631 收到 Head 資訊 {Count 2} {Type C } 
2015/01/27 02:30:26.633 收到 Head 資訊 {Count 2} {Type C } 
2015/01/27 02:30:26.635 收到 Head 資訊 {Count 2} {Type C } 
2015/01/27 02:30:26.637 收到 Head 資訊 {Count 2} {Type C } 
2015/01/27 02:30:26.639 收到 Head 資訊 {Count 2} {Type C } 
2015/01/27 02:30:26.641 收到 Head 資訊 {Count 2} {Type C } 
2015/01/27 02:30:26.642 收到 Head 資訊 {Count 2} {Type C } 
2015/01/27 02:30:26.644 收到 Head 資訊 {Count 2} {Type C } 
2015/01/27 02:30:26.646 收到 Head 資訊 {Count 2} {Type C } 
2015/01/27 02:30:26.648 收到 Head 資訊 {Count 2} {Type C } 
2015/01/27 02:30:26.650 收到 Head 資訊 {Count 2} {Type C } 
2015/01/27 02:30:26.652 收到 Head 資訊 {Count 2} {Type C } 
2015/01/27 02:30:26.653 收到 Head 資訊 {Count 2} {Type C } 
2015/01/27 02:30:26.655 收到 Head 資訊 {Count 2} {Type C } 
2015/01/27 02:30:26.657 收到 Head 資訊 {Count 2} {Type C } 
2015/01/27 02:30:26.659 收到 Head 資訊 {Count 2} {Type C } 
2015/01/27 02:30:26.661 收到 Head 資訊 {Count 2} {Type C } 
2015/01/27 02:30:26.662 收到 Head 資訊 {Count 2} {Type C } 
2015/01/27 02:30:26.664 收到 Head 資訊 {Count 2} {Type C } 
2015/01/27 02:30:26.666 收到 Head 資訊 {Count 2} {Type C } 
2015/01/27 02:30:26.668 收到 Head 資訊 {Count 2} {Type C } 
2015/01/27 02:30:26.669 收到 Head 資訊 {Count 2} {Type C } 
2015/01/27 02:30:26.671 收到 Head 資訊 {Count 2} {Type C } 
2015/01/27 02:30:26.673 收到 Head 資訊 {Count 2} {Type C } 
2015/01/27 02:30:26.675 收到 Head 資訊 {Count 2} {Type C } 
2015/01/27 02:30:26.677 收到 Head 資訊 {Count 2} {Type C } 
2015/01/27 02:30:26.678 收到 Head 資訊 {Count 2} {Type C } 
2015/01/27 02:30:26.681 收到 Head 資訊 {Count 2} {Type C } 
2015/01/27 02:30:26.683 收到 Head 資訊 {Count 2} {Type C } 
2015/01/27 02:30:26.684 收到 Head 資訊 {Count 2} {Type C } 
2015/01/27 02:30:26.686 收到 Head 資訊 {Count 2} {Type C } 
2015/01/27 02:30:26.688 收到 Head 資訊 {Count 2} {Type C } 
2015/01/27 02:30:26.690 收到 Head 資訊 {Count 2} {Type C } 
2015/01/27 02:30:26.691 收到 Head 資訊 {Count 2} {Type C } 
2015/01/27 02:30:26.693 收到 Head 資訊 {Count 2} {Type C } 
2015/01/27 02:30:26.695 收到 Head 資訊 {Count 2} {Type C } 
2015/01/27 02:30:26.696 收到 Head 資訊 {Count 2} {Type C } 
2015/01/27 02:30:26.698 收到 Head 資訊 {Count 2} {Type C } 
2015/01/27 02:30:26.700 收到 Head 資訊 {Count 2} {Type C } 
2015/01/27 02:30:26.702 收到 Head 資訊 {Count 2} {Type C } 
2015/01/27 02:30:26.703 收到 Head 資訊 {Count 2} {Type C } 
2015/01/27 02:30:26.705 收到 Head 資訊 {Count 2} {Type C } 
2015/01/27 02:30:26.707 收到 Head 資訊 {Count 2} {Type C } 
2015/01/27 02:30:26.709 收到 Head 資訊 {Count 2} {Type C } 
2015/01/27 02:30:26.711 收到 Head 資訊 {Count 2} {Type C } 
2015/01/27 02:30:26.713 收到 Head 資訊 {Count 2} {Type C } 
2015/01/27 02:30:26.715 收到 Head 資訊 {Count 2} {Type C } 
2015/01/27 02:30:26.717 收到 Head 資訊 {Count 2} {Type C } 
2015/01/27 02:30:26.720 收到 Head 資訊 {Count 2} {Type C } 
2015/01/27 02:30:26.721 收到 Head 資訊 {Count 2} {Type C } 
2015/01/27 02:30:26.724 收到 Head 資訊 {Count 2} {Type C } 
2015/01/27 02:30:26.726 收到 Head 資訊 {Count 2} {Type C } 
2015/01/27 02:30:26.728 收到 Head 資訊 {Count 2} {Type C } 
2015/01/27 02:30:26.730 收到 Head 資訊 {Count 2} {Type C } 
2015/01/27 02:30:26.732 收到 Head 資訊 {Count 2} {Type C } 
2015/01/27 02:30:26.734 收到 Head 資訊 {Count 2} {Type C } 
2015/01/27 02:30:26.738 收到 Head 資訊 {Count 2} {Type C } 
2015/01/27 02:30:26.740 收到 Head 資訊 {Count 2} {Type C } 
2015/01/27 02:30:26.742 收到 Head 資訊 {Count 2} {Type C } 
2015/01/27 02:30:26.744 收到 Head 資訊 {Count 2} {Type C } 
2015/01/27 02:30:26.746 收到 Head 資訊 {Count 2} {Type C } 
2015/01/27 02:30:26.748 收到 Head 資訊 {Count 2} {Type C } 
2015/01/27 02:30:26.750 收到 Head 資訊 {Count 2} {Type D } 
2015/01/27 02:30:26.752 收到 Head 資訊 {Count 2} {Type D } 
2015/01/27 02:30:26.754 收到 Head 資訊 {Count 2} {Type B } 
2015/01/27 06:53:15.499 -----------
2015/01/27 06:53:15.500 API InitInstance 
2015/01/27 06:53:21.194 E122828927 連線 Code：0
2015/01/27 06:53:22.195 收到 Head 資訊 {Count 2} {Type B } 
2015/01/27 06:56:44.910 -----------
2015/01/27 06:56:44.911 API InitInstance 
2015/01/27 06:56:49.374 E122828927 連線 Code：0
2015/01/27 06:56:50.376 收到 Head 資訊 {Count 2} {Type C } 
2015/01/27 06:56:50.378 收到 Head 資訊 {Count 2} {Type C } 
2015/01/27 06:56:50.379 收到 Head 資訊 {Count 2} {Type C } 
2015/01/27 06:56:50.381 收到 Head 資訊 {Count 2} {Type C } 
2015/01/27 06:56:50.383 收到 Head 資訊 {Count 2} {Type C } 
2015/01/27 06:56:50.385 收到 Head 資訊 {Count 2} {Type C } 
2015/01/27 06:56:50.387 收到 Head 資訊 {Count 2} {Type C } 
2015/01/27 06:56:50.389 收到 Head 資訊 {Count 2} {Type C } 
2015/01/27 06:56:50.390 收到 Head 資訊 {Count 2} {Type C } 
2015/01/27 06:56:50.392 收到 Head 資訊 {Count 2} {Type B } 
2015/01/27 06:56:50.823 收到 Head 資訊 {Count 2} {Type C } 
2015/01/27 06:57:29.160 -----------
2015/01/27 06:57:29.161 API InitInstance 
2015/01/27 06:57:33.449 E122828927 連線 Code：0
2015/01/27 06:57:34.451 收到 Head 資訊 {Count 2} {Type C } 
2015/01/27 06:57:34.453 收到 Head 資訊 {Count 2} {Type C } 
2015/01/27 06:57:34.454 收到 Head 資訊 {Count 2} {Type C } 
2015/01/27 06:57:34.456 收到 Head 資訊 {Count 2} {Type C } 
2015/01/27 06:57:34.458 收到 Head 資訊 {Count 2} {Type C } 
2015/01/27 06:57:34.460 收到 Head 資訊 {Count 2} {Type C } 
2015/01/27 06:57:34.462 收到 Head 資訊 {Count 2} {Type C } 
2015/01/27 06:57:34.464 收到 Head 資訊 {Count 2} {Type C } 
2015/01/27 06:57:34.465 收到 Head 資訊 {Count 2} {Type C } 
2015/01/27 06:57:34.467 收到 Head 資訊 {Count 2} {Type C } 
2015/01/27 06:57:34.469 收到 Head 資訊 {Count 2} {Type C } 
2015/01/27 06:57:34.471 收到 Head 資訊 {Count 2} {Type C } 
2015/01/27 06:57:34.472 收到 Head 資訊 {Count 2} {Type C } 
2015/01/27 06:57:34.474 收到 Head 資訊 {Count 2} {Type C } 
2015/01/27 06:57:34.476 收到 Head 資訊 {Count 2} {Type B } 
2015/01/27 06:57:42.915 收到 Head 資訊 {Count 2} {Type C } 
2015/01/27 06:58:14.569 收到 Head 資訊 {Count 2} {Type C } 
2015/01/27 06:58:14.572 收到 Head 資訊 {Count 2} {Type C } 
2015/01/27 06:58:14.574 收到 Head 資訊 {Count 2} {Type C } 
2015/01/27 07:12:45.790 -----------
2015/01/27 07:12:45.791 API InitInstance 
2015/01/27 07:12:54.777 E122828927 連線 Code：0
2015/01/27 07:12:55.778 收到 Head 資訊 {Count 2} {Type C } 
2015/01/27 07:12:55.780 收到 Head 資訊 {Count 2} {Type C } 
2015/01/27 07:12:55.782 收到 Head 資訊 {Count 2} {Type C } 
2015/01/27 07:12:55.784 收到 Head 資訊 {Count 2} {Type C } 
2015/01/27 07:12:55.785 收到 Head 資訊 {Count 2} {Type C } 
2015/01/27 07:12:55.804 收到 Head 資訊 {Count 2} {Type C } 
2015/01/27 07:12:55.805 收到 Head 資訊 {Count 2} {Type C } 
2015/01/27 07:12:55.807 收到 Head 資訊 {Count 2} {Type C } 
2015/01/27 07:12:55.809 收到 Head 資訊 {Count 2} {Type C } 
2015/01/27 07:12:55.811 收到 Head 資訊 {Count 2} {Type C } 
2015/01/27 07:12:55.812 收到 Head 資訊 {Count 2} {Type C } 
2015/01/27 07:12:55.814 收到 Head 資訊 {Count 2} {Type C } 
2015/01/27 07:12:55.816 收到 Head 資訊 {Count 2} {Type C } 
2015/01/27 07:12:55.817 收到 Head 資訊 {Count 2} {Type C } 
2015/01/27 07:12:55.819 收到 Head 資訊 {Count 2} {Type C } 
2015/01/27 07:12:55.821 收到 Head 資訊 {Count 2} {Type C } 
2015/01/27 07:12:55.823 收到 Head 資訊 {Count 2} {Type C } 
2015/01/27 07:12:55.824 收到 Head 資訊 {Count 2} {Type C } 
2015/01/27 07:12:55.826 收到 Head 資訊 {Count 2} {Type C } 
2015/01/27 07:12:55.828 收到 Head 資訊 {Count 2} {Type C } 
2015/01/27 07:12:55.830 收到 Head 資訊 {Count 2} {Type C } 
2015/01/27 07:12:55.832 收到 Head 資訊 {Count 2} {Type C } 
2015/01/27 07:12:55.833 收到 Head 資訊 {Count 2} {Type C } 
2015/01/27 07:12:55.835 收到 Head 資訊 {Count 2} {Type C } 
2015/01/27 07:12:55.837 收到 Head 資訊 {Count 2} {Type C } 
2015/01/27 07:12:55.838 收到 Head 資訊 {Count 2} {Type C } 
2015/01/27 07:12:55.840 收到 Head 資訊 {Count 2} {Type C } 
2015/01/27 07:12:55.842 收到 Head 資訊 {Count 2} {Type C } 
2015/01/27 07:12:55.844 收到 Head 資訊 {Count 2} {Type C } 
2015/01/27 07:12:55.845 收到 Head 資訊 {Count 2} {Type C } 
2015/01/27 07:12:55.847 收到 Head 資訊 {Count 2} {Type C } 
2015/01/27 07:12:55.849 收到 Head 資訊 {Count 2} {Type C } 
2015/01/27 07:12:55.851 收到 Head 資訊 {Count 2} {Type C } 
2015/01/27 07:12:55.852 收到 Head 資訊 {Count 2} {Type C } 
2015/01/27 07:12:55.854 收到 Head 資訊 {Count 2} {Type C } 
2015/01/27 07:12:55.856 收到 Head 資訊 {Count 2} {Type C } 
2015/01/27 07:12:55.857 收到 Head 資訊 {Count 2} {Type C } 
2015/01/27 07:12:55.860 收到 Head 資訊 {Count 2} {Type C } 
2015/01/27 07:12:55.862 收到 Head 資訊 {Count 2} {Type C } 
2015/01/27 07:12:55.863 收到 Head 資訊 {Count 2} {Type C } 
2015/01/27 07:12:55.865 收到 Head 資訊 {Count 2} {Type C } 
2015/01/27 07:12:55.867 收到 Head 資訊 {Count 2} {Type C } 
2015/01/27 07:12:55.868 收到 Head 資訊 {Count 2} {Type C } 
2015/01/27 07:12:55.870 收到 Head 資訊 {Count 2} {Type C } 
2015/01/27 07:12:55.872 收到 Head 資訊 {Count 2} {Type C } 
2015/01/27 07:12:55.874 收到 Head 資訊 {Count 2} {Type C } 
2015/01/27 07:12:55.876 收到 Head 資訊 {Count 2} {Type C } 
2015/01/27 07:12:55.877 收到 Head 資訊 {Count 2} {Type C } 
2015/01/27 07:12:55.879 收到 Head 資訊 {Count 2} {Type C } 
2015/01/27 07:12:55.881 收到 Head 資訊 {Count 2} {Type C } 
2015/01/27 07:12:55.883 收到 Head 資訊 {Count 2} {Type C } 
2015/01/27 07:12:55.884 收到 Head 資訊 {Count 2} {Type C } 
2015/01/27 07:12:55.886 收到 Head 資訊 {Count 2} {Type C } 
2015/01/27 07:12:55.888 收到 Head 資訊 {Count 2} {Type C } 
2015/01/27 07:12:55.890 收到 Head 資訊 {Count 2} {Type C } 
2015/01/27 07:12:55.891 收到 Head 資訊 {Count 2} {Type C } 
2015/01/27 07:12:55.893 收到 Head 資訊 {Count 2} {Type C } 
2015/01/27 07:12:55.895 收到 Head 資訊 {Count 2} {Type C } 
2015/01/27 07:12:55.896 收到 Head 資訊 {Count 2} {Type C } 
2015/01/27 07:12:55.898 收到 Head 資訊 {Count 2} {Type C } 
2015/01/27 07:12:55.900 收到 Head 資訊 {Count 2} {Type C } 
2015/01/27 07:12:55.902 收到 Head 資訊 {Count 2} {Type C } 
2015/01/27 07:12:55.904 收到 Head 資訊 {Count 2} {Type C } 
2015/01/27 07:12:55.905 收到 Head 資訊 {Count 2} {Type C } 
2015/01/27 07:12:55.907 收到 Head 資訊 {Count 2} {Type C } 
2015/01/27 07:12:55.909 收到 Head 資訊 {Count 2} {Type C } 
2015/01/27 07:12:55.911 收到 Head 資訊 {Count 2} {Type C } 
2015/01/27 07:12:55.913 收到 Head 資訊 {Count 2} {Type C } 
2015/01/27 07:12:55.914 收到 Head 資訊 {Count 2} {Type C } 
2015/01/27 07:12:55.916 收到 Head 資訊 {Count 2} {Type C } 
2015/01/27 07:12:55.918 收到 Head 資訊 {Count 2} {Type C } 
2015/01/27 07:12:55.920 收到 Head 資訊 {Count 2} {Type C } 
2015/01/27 07:12:55.921 收到 Head 資訊 {Count 2} {Type C } 
2015/01/27 07:12:55.923 收到 Head 資訊 {Count 2} {Type C } 
2015/01/27 07:12:55.925 收到 Head 資訊 {Count 2} {Type C } 
2015/01/27 07:12:55.927 收到 Head 資訊 {Count 2} {Type C } 
2015/01/27 07:12:55.929 收到 Head 資訊 {Count 2} {Type C } 
2015/01/27 07:12:55.930 收到 Head 資訊 {Count 2} {Type C } 
2015/01/27 07:12:55.932 收到 Head 資訊 {Count 2} {Type C } 
2015/01/27 07:12:55.934 收到 Head 資訊 {Count 2} {Type C } 
2015/01/27 07:12:55.935 收到 Head 資訊 {Count 2} {Type C } 
2015/01/27 07:12:55.937 收到 Head 資訊 {Count 2} {Type C } 
2015/01/27 07:12:55.939 收到 Head 資訊 {Count 2} {Type C } 
2015/01/27 07:12:55.940 收到 Head 資訊 {Count 2} {Type C } 
2015/01/27 07:12:55.942 收到 Head 資訊 {Count 2} {Type C } 
2015/01/27 07:12:55.944 收到 Head 資訊 {Count 2} {Type C } 
2015/01/27 07:12:55.946 收到 Head 資訊 {Count 2} {Type C } 
2015/01/27 07:12:55.947 收到 Head 資訊 {Count 2} {Type C } 
2015/01/27 07:12:55.949 收到 Head 資訊 {Count 2} {Type C } 
2015/01/27 07:12:55.951 收到 Head 資訊 {Count 2} {Type C } 
2015/01/27 07:12:55.952 收到 Head 資訊 {Count 2} {Type C } 
2015/01/27 07:12:55.954 收到 Head 資訊 {Count 2} {Type C } 
2015/01/27 07:12:55.956 收到 Head 資訊 {Count 2} {Type C } 
2015/01/27 07:12:55.958 收到 Head 資訊 {Count 2} {Type C } 
2015/01/27 07:12:55.960 收到 Head 資訊 {Count 2} {Type C } 
2015/01/27 07:12:55.961 收到 Head 資訊 {Count 2} {Type D } 
2015/01/27 07:12:55.963 收到 Head 資訊 {Count 2} {Type D } 
2015/01/27 07:12:55.965 收到 Head 資訊 {Count 2} {Type C } 
2015/01/27 07:12:55.967 收到 Head 資訊 {Count 2} {Type B } 
2015/01/27 07:13:46.504 -----------
2015/01/27 07:13:46.505 API InitInstance 
2015/01/27 07:13:51.152 E122828927 連線 Code：0
2015/01/27 07:13:52.154 收到 Head 資訊 {Count 2} {Type C } 
2015/01/27 07:13:52.156 收到 Head 資訊 {Count 2} {Type C } 
2015/01/27 07:13:52.157 收到 Head 資訊 {Count 2} {Type C } 
2015/01/27 07:13:52.159 收到 Head 資訊 {Count 2} {Type C } 
2015/01/27 07:13:52.161 收到 Head 資訊 {Count 2} {Type C } 
2015/01/27 07:13:52.163 收到 Head 資訊 {Count 2} {Type C } 
2015/01/27 07:13:52.165 收到 Head 資訊 {Count 2} {Type C } 
2015/01/27 07:13:52.167 收到 Head 資訊 {Count 2} {Type C } 
2015/01/27 07:13:52.168 收到 Head 資訊 {Count 2} {Type C } 
2015/01/27 07:13:52.170 收到 Head 資訊 {Count 2} {Type C } 
2015/01/27 07:13:52.172 收到 Head 資訊 {Count 2} {Type C } 
2015/01/27 07:13:52.174 收到 Head 資訊 {Count 2} {Type C } 
2015/01/27 07:13:52.175 收到 Head 資訊 {Count 2} {Type C } 
2015/01/27 07:13:52.177 收到 Head 資訊 {Count 2} {Type C } 
2015/01/27 07:13:52.179 收到 Head 資訊 {Count 2} {Type C } 
2015/01/27 07:13:52.181 收到 Head 資訊 {Count 2} {Type C } 
2015/01/27 07:13:52.183 收到 Head 資訊 {Count 2} {Type C } 
2015/01/27 07:13:52.184 收到 Head 資訊 {Count 2} {Type C } 
2015/01/27 07:13:52.186 收到 Head 資訊 {Count 2} {Type C } 
2015/01/27 07:13:52.188 收到 Head 資訊 {Count 2} {Type C } 
2015/01/27 07:13:52.190 收到 Head 資訊 {Count 2} {Type C } 
2015/01/27 07:13:52.192 收到 Head 資訊 {Count 2} {Type C } 
2015/01/27 07:13:52.193 收到 Head 資訊 {Count 2} {Type C } 
2015/01/27 07:13:52.195 收到 Head 資訊 {Count 2} {Type C } 
2015/01/27 07:13:52.197 收到 Head 資訊 {Count 2} {Type C } 
2015/01/27 07:13:52.199 收到 Head 資訊 {Count 2} {Type C } 
2015/01/27 07:13:52.200 收到 Head 資訊 {Count 2} {Type C } 
2015/01/27 07:13:52.202 收到 Head 資訊 {Count 2} {Type C } 
2015/01/27 07:13:52.204 收到 Head 資訊 {Count 2} {Type C } 
2015/01/27 07:13:52.205 收到 Head 資訊 {Count 2} {Type C } 
2015/01/27 07:13:52.207 收到 Head 資訊 {Count 2} {Type C } 
2015/01/27 07:13:52.209 收到 Head 資訊 {Count 2} {Type C } 
2015/01/27 07:13:52.211 收到 Head 資訊 {Count 2} {Type C } 
2015/01/27 07:13:52.213 收到 Head 資訊 {Count 2} {Type C } 
2015/01/27 07:13:52.214 收到 Head 資訊 {Count 2} {Type C } 
2015/01/27 07:13:52.216 收到 Head 資訊 {Count 2} {Type C } 
2015/01/27 07:13:52.218 收到 Head 資訊 {Count 2} {Type C } 
2015/01/27 07:13:52.220 收到 Head 資訊 {Count 2} {Type C } 
2015/01/27 07:13:52.221 收到 Head 資訊 {Count 2} {Type C } 
2015/01/27 07:13:52.223 收到 Head 資訊 {Count 2} {Type C } 
2015/01/27 07:13:52.225 收到 Head 資訊 {Count 2} {Type C } 
2015/01/27 07:13:52.226 收到 Head 資訊 {Count 2} {Type C } 
2015/01/27 07:13:52.228 收到 Head 資訊 {Count 2} {Type C } 
2015/01/27 07:13:52.230 收到 Head 資訊 {Count 2} {Type C } 
2015/01/27 07:13:52.231 收到 Head 資訊 {Count 2} {Type C } 
2015/01/27 07:13:52.233 收到 Head 資訊 {Count 2} {Type C } 
2015/01/27 07:13:52.234 收到 Head 資訊 {Count 2} {Type C } 
2015/01/27 07:13:52.236 收到 Head 資訊 {Count 2} {Type C } 
2015/01/27 07:13:52.237 收到 Head 資訊 {Count 2} {Type C } 
2015/01/27 07:13:52.239 收到 Head 資訊 {Count 2} {Type C } 
2015/01/27 07:13:52.241 收到 Head 資訊 {Count 2} {Type C } 
2015/01/27 07:13:52.243 收到 Head 資訊 {Count 2} {Type C } 
2015/01/27 07:13:52.244 收到 Head 資訊 {Count 2} {Type C } 
2015/01/27 07:13:52.246 收到 Head 資訊 {Count 2} {Type C } 
2015/01/27 07:13:52.248 收到 Head 資訊 {Count 2} {Type C } 
2015/01/27 07:13:52.250 收到 Head 資訊 {Count 2} {Type C } 
2015/01/27 07:13:52.252 收到 Head 資訊 {Count 2} {Type C } 
2015/01/27 07:13:52.253 收到 Head 資訊 {Count 2} {Type C } 
2015/01/27 07:13:52.255 收到 Head 資訊 {Count 2} {Type C } 
2015/01/27 07:13:52.257 收到 Head 資訊 {Count 2} {Type C } 
2015/01/27 07:13:52.259 收到 Head 資訊 {Count 2} {Type C } 
2015/01/27 07:13:52.261 收到 Head 資訊 {Count 2} {Type C } 
2015/01/27 07:13:52.262 收到 Head 資訊 {Count 2} {Type C } 
2015/01/27 07:13:52.264 收到 Head 資訊 {Count 2} {Type C } 
2015/01/27 07:13:52.266 收到 Head 資訊 {Count 2} {Type C } 
2015/01/27 07:13:52.268 收到 Head 資訊 {Count 2} {Type C } 
2015/01/27 07:13:52.269 收到 Head 資訊 {Count 2} {Type C } 
2015/01/27 07:13:52.271 收到 Head 資訊 {Count 2} {Type C } 
2015/01/27 07:13:52.273 收到 Head 資訊 {Count 2} {Type C } 
2015/01/27 07:13:52.274 收到 Head 資訊 {Count 2} {Type C } 
2015/01/27 07:13:52.276 收到 Head 資訊 {Count 2} {Type C } 
2015/01/27 07:13:52.278 收到 Head 資訊 {Count 2} {Type C } 
2015/01/27 07:13:52.280 收到 Head 資訊 {Count 2} {Type C } 
2015/01/27 07:13:52.281 收到 Head 資訊 {Count 2} {Type C } 
2015/01/27 07:13:52.283 收到 Head 資訊 {Count 2} {Type C } 
2015/01/27 07:13:52.285 收到 Head 資訊 {Count 2} {Type C } 
2015/01/27 07:13:52.287 收到 Head 資訊 {Count 2} {Type C } 
2015/01/27 07:13:52.289 收到 Head 資訊 {Count 2} {Type C } 
2015/01/27 07:13:52.290 收到 Head 資訊 {Count 2} {Type C } 
2015/01/27 07:13:52.292 收到 Head 資訊 {Count 2} {Type C } 
2015/01/27 07:13:52.294 收到 Head 資訊 {Count 2} {Type C } 
2015/01/27 07:13:52.296 收到 Head 資訊 {Count 2} {Type C } 
2015/01/27 07:13:52.298 收到 Head 資訊 {Count 2} {Type C } 
2015/01/27 07:13:52.299 收到 Head 資訊 {Count 2} {Type C } 
2015/01/27 07:13:52.301 收到 Head 資訊 {Count 2} {Type C } 
2015/01/27 07:13:52.303 收到 Head 資訊 {Count 2} {Type C } 
2015/01/27 07:13:52.304 收到 Head 資訊 {Count 2} {Type C } 
2015/01/27 07:13:52.306 收到 Head 資訊 {Count 2} {Type C } 
2015/01/27 07:13:52.308 收到 Head 資訊 {Count 2} {Type C } 
2015/01/27 07:13:52.310 收到 Head 資訊 {Count 2} {Type C } 
2015/01/27 07:13:52.312 收到 Head 資訊 {Count 2} {Type C } 
2015/01/27 07:13:52.313 收到 Head 資訊 {Count 2} {Type C } 
2015/01/27 07:13:52.315 收到 Head 資訊 {Count 2} {Type C } 
2015/01/27 07:13:52.316 收到 Head 資訊 {Count 2} {Type C } 
2015/01/27 07:13:52.318 收到 Head 資訊 {Count 2} {Type C } 
2015/01/27 07:13:52.320 收到 Head 資訊 {Count 2} {Type D } 
2015/01/27 07:13:52.322 收到 Head 資訊 {Count 2} {Type D } 
2015/01/27 07:13:52.324 收到 Head 資訊 {Count 2} {Type C } 
2015/01/27 07:13:52.326 收到 Head 資訊 {Count 2} {Type B } 
2015/01/27 07:14:12.537 -----------
2015/01/27 07:14:12.538 API InitInstance 
2015/01/27 07:14:17.456 E122828927 連線 Code：0
2015/01/27 07:14:18.458 收到 Head 資訊 {Count 2} {Type C } 
2015/01/27 07:14:18.460 收到 Head 資訊 {Count 2} {Type C } 
2015/01/27 07:14:18.461 收到 Head 資訊 {Count 2} {Type C } 
2015/01/27 07:14:18.463 收到 Head 資訊 {Count 2} {Type C } 
2015/01/27 07:14:18.465 收到 Head 資訊 {Count 2} {Type C } 
2015/01/27 07:14:18.466 收到 Head 資訊 {Count 2} {Type C } 
2015/01/27 07:14:18.468 收到 Head 資訊 {Count 2} {Type C } 
2015/01/27 07:14:18.470 收到 Head 資訊 {Count 2} {Type C } 
2015/01/27 07:14:18.472 收到 Head 資訊 {Count 2} {Type C } 
2015/01/27 07:14:18.474 收到 Head 資訊 {Count 2} {Type C } 
2015/01/27 07:14:18.475 收到 Head 資訊 {Count 2} {Type C } 
2015/01/27 07:14:18.477 收到 Head 資訊 {Count 2} {Type C } 
2015/01/27 07:14:18.479 收到 Head 資訊 {Count 2} {Type C } 
2015/01/27 07:14:18.480 收到 Head 資訊 {Count 2} {Type C } 
2015/01/27 07:14:18.482 收到 Head 資訊 {Count 2} {Type C } 
2015/01/27 07:14:18.484 收到 Head 資訊 {Count 2} {Type C } 
2015/01/27 07:14:18.486 收到 Head 資訊 {Count 2} {Type C } 
2015/01/27 07:14:18.488 收到 Head 資訊 {Count 2} {Type C } 
2015/01/27 07:14:18.489 收到 Head 資訊 {Count 2} {Type C } 
2015/01/27 07:14:18.491 收到 Head 資訊 {Count 2} {Type C } 
2015/01/27 07:14:18.493 收到 Head 資訊 {Count 2} {Type C } 
2015/01/27 07:14:18.495 收到 Head 資訊 {Count 2} {Type C } 
2015/01/27 07:14:18.496 收到 Head 資訊 {Count 2} {Type C } 
2015/01/27 07:14:18.498 收到 Head 資訊 {Count 2} {Type C } 
2015/01/27 07:14:18.500 收到 Head 資訊 {Count 2} {Type C } 
2015/01/27 07:14:18.502 收到 Head 資訊 {Count 2} {Type C } 
2015/01/27 07:14:18.504 收到 Head 資訊 {Count 2} {Type C } 
2015/01/27 07:14:18.505 收到 Head 資訊 {Count 2} {Type C } 
2015/01/27 07:14:18.507 收到 Head 資訊 {Count 2} {Type C } 
2015/01/27 07:14:18.509 收到 Head 資訊 {Count 2} {Type C } 
2015/01/27 07:14:18.511 收到 Head 資訊 {Count 2} {Type C } 
2015/01/27 07:14:18.512 收到 Head 資訊 {Count 2} {Type C } 
2015/01/27 07:14:18.514 收到 Head 資訊 {Count 2} {Type C } 
2015/01/27 07:14:18.516 收到 Head 資訊 {Count 2} {Type C } 
2015/01/27 07:14:18.518 收到 Head 資訊 {Count 2} {Type C } 
2015/01/27 07:14:18.519 收到 Head 資訊 {Count 2} {Type C } 
2015/01/27 07:14:18.521 收到 Head 資訊 {Count 2} {Type C } 
2015/01/27 07:14:18.523 收到 Head 資訊 {Count 2} {Type C } 
2015/01/27 07:14:18.525 收到 Head 資訊 {Count 2} {Type C } 
2015/01/27 07:14:18.527 收到 Head 資訊 {Count 2} {Type C } 
2015/01/27 07:14:18.529 收到 Head 資訊 {Count 2} {Type C } 
2015/01/27 07:14:18.530 收到 Head 資訊 {Count 2} {Type C } 
2015/01/27 07:14:18.532 收到 Head 資訊 {Count 2} {Type C } 
2015/01/27 07:14:18.533 收到 Head 資訊 {Count 2} {Type C } 
2015/01/27 07:14:18.535 收到 Head 資訊 {Count 2} {Type C } 
2015/01/27 07:14:18.537 收到 Head 資訊 {Count 2} {Type C } 
2015/01/27 07:14:18.538 收到 Head 資訊 {Count 2} {Type C } 
2015/01/27 07:14:18.540 收到 Head 資訊 {Count 2} {Type C } 
2015/01/27 07:14:18.542 收到 Head 資訊 {Count 2} {Type C } 
2015/01/27 07:14:18.544 收到 Head 資訊 {Count 2} {Type C } 
2015/01/27 07:14:18.545 收到 Head 資訊 {Count 2} {Type C } 
2015/01/27 07:14:18.547 收到 Head 資訊 {Count 2} {Type C } 
2015/01/27 07:14:18.549 收到 Head 資訊 {Count 2} {Type C } 
2015/01/27 07:14:18.551 收到 Head 資訊 {Count 2} {Type C } 
2015/01/27 07:14:18.553 收到 Head 資訊 {Count 2} {Type C } 
2015/01/27 07:14:18.554 收到 Head 資訊 {Count 2} {Type C } 
2015/01/27 07:14:18.556 收到 Head 資訊 {Count 2} {Type C } 
2015/01/27 07:14:18.558 收到 Head 資訊 {Count 2} {Type C } 
2015/01/27 07:14:18.560 收到 Head 資訊 {Count 2} {Type C } 
2015/01/27 07:14:18.562 收到 Head 資訊 {Count 2} {Type C } 
2015/01/27 07:14:18.563 收到 Head 資訊 {Count 2} {Type C } 
2015/01/27 07:14:18.565 收到 Head 資訊 {Count 2} {Type C } 
2015/01/27 07:14:18.567 收到 Head 資訊 {Count 2} {Type C } 
2015/01/27 07:14:18.569 收到 Head 資訊 {Count 2} {Type C } 
2015/01/27 07:14:18.570 收到 Head 資訊 {Count 2} {Type C } 
2015/01/27 07:14:18.572 收到 Head 資訊 {Count 2} {Type C } 
2015/01/27 07:14:18.573 收到 Head 資訊 {Count 2} {Type C } 
2015/01/27 07:14:18.575 收到 Head 資訊 {Count 2} {Type C } 
2015/01/27 07:14:18.577 收到 Head 資訊 {Count 2} {Type C } 
2015/01/27 07:14:18.579 收到 Head 資訊 {Count 2} {Type C } 
2015/01/27 07:14:18.581 收到 Head 資訊 {Count 2} {Type C } 
2015/01/27 07:14:18.583 收到 Head 資訊 {Count 2} {Type C } 
2015/01/27 07:14:18.584 收到 Head 資訊 {Count 2} {Type C } 
2015/01/27 07:14:18.586 收到 Head 資訊 {Count 2} {Type C } 
2015/01/27 07:14:18.588 收到 Head 資訊 {Count 2} {Type C } 
2015/01/27 07:14:18.590 收到 Head 資訊 {Count 2} {Type C } 
2015/01/27 07:14:18.592 收到 Head 資訊 {Count 2} {Type C } 
2015/01/27 07:14:18.593 收到 Head 資訊 {Count 2} {Type C } 
2015/01/27 07:14:18.595 收到 Head 資訊 {Count 2} {Type C } 
2015/01/27 07:14:18.597 收到 Head 資訊 {Count 2} {Type C } 
2015/01/27 07:14:18.598 收到 Head 資訊 {Count 2} {Type C } 
2015/01/27 07:14:18.600 收到 Head 資訊 {Count 2} {Type C } 
2015/01/27 07:14:18.602 收到 Head 資訊 {Count 2} {Type C } 
2015/01/27 07:14:18.604 收到 Head 資訊 {Count 2} {Type C } 
2015/01/27 07:14:18.605 收到 Head 資訊 {Count 2} {Type C } 
2015/01/27 07:14:18.607 收到 Head 資訊 {Count 2} {Type C } 
2015/01/27 07:14:18.609 收到 Head 資訊 {Count 2} {Type C } 
2015/01/27 07:14:18.611 收到 Head 資訊 {Count 2} {Type C } 
2015/01/27 07:14:18.613 收到 Head 資訊 {Count 2} {Type C } 
2015/01/27 07:14:18.614 收到 Head 資訊 {Count 2} {Type C } 
2015/01/27 07:14:18.616 收到 Head 資訊 {Count 2} {Type C } 
2015/01/27 07:14:18.617 收到 Head 資訊 {Count 2} {Type C } 
2015/01/27 07:14:18.619 收到 Head 資訊 {Count 2} {Type C } 
2015/01/27 07:14:18.621 收到 Head 資訊 {Count 2} {Type C } 
2015/01/27 07:14:18.622 收到 Head 資訊 {Count 2} {Type C } 
2015/01/27 07:14:18.624 收到 Head 資訊 {Count 2} {Type D } 
2015/01/27 07:14:18.625 收到 Head 資訊 {Count 2} {Type D } 
2015/01/27 07:14:18.627 收到 Head 資訊 {Count 2} {Type C } 
2015/01/27 07:14:18.629 收到 Head 資訊 {Count 2} {Type B } 
2015/01/27 07:18:29.630 -----------
2015/01/27 07:18:29.631 API InitInstance 
2015/01/27 07:18:33.984 E122828927 連線 Code：0
2015/01/27 07:18:36.443 收到 Head 資訊 {Count 2} {Type C } 
2015/01/27 07:18:36.445 收到 Head 資訊 {Count 2} {Type C } 
2015/01/27 07:18:36.447 收到 Head 資訊 {Count 2} {Type C } 
2015/01/27 07:18:36.449 收到 Head 資訊 {Count 2} {Type C } 
2015/01/27 07:18:36.450 收到 Head 資訊 {Count 2} {Type C } 
2015/01/27 07:18:36.452 收到 Head 資訊 {Count 2} {Type C } 
2015/01/27 07:18:36.454 收到 Head 資訊 {Count 2} {Type C } 
2015/01/27 07:18:36.455 收到 Head 資訊 {Count 2} {Type C } 
2015/01/27 07:18:36.457 收到 Head 資訊 {Count 2} {Type C } 
2015/01/27 07:18:36.459 收到 Head 資訊 {Count 2} {Type C } 
2015/01/27 07:18:36.460 收到 Head 資訊 {Count 2} {Type C } 
2015/01/27 07:18:36.462 收到 Head 資訊 {Count 2} {Type C } 
2015/01/27 07:18:36.464 收到 Head 資訊 {Count 2} {Type C } 
2015/01/27 07:18:36.465 收到 Head 資訊 {Count 2} {Type C } 
2015/01/27 07:18:36.467 收到 Head 資訊 {Count 2} {Type C } 
2015/01/27 07:18:36.469 收到 Head 資訊 {Count 2} {Type C } 
2015/01/27 07:18:36.470 收到 Head 資訊 {Count 2} {Type C } 
2015/01/27 07:18:36.472 收到 Head 資訊 {Count 2} {Type C } 
2015/01/27 07:18:36.475 收到 Head 資訊 {Count 2} {Type C } 
2015/01/27 07:18:36.476 收到 Head 資訊 {Count 2} {Type C } 
2015/01/27 07:18:36.478 收到 Head 資訊 {Count 2} {Type C } 
2015/01/27 07:18:36.480 收到 Head 資訊 {Count 2} {Type C } 
2015/01/27 07:18:36.481 收到 Head 資訊 {Count 2} {Type C } 
2015/01/27 07:18:36.483 收到 Head 資訊 {Count 2} {Type C } 
2015/01/27 07:18:36.484 收到 Head 資訊 {Count 2} {Type C } 
2015/01/27 07:18:36.486 收到 Head 資訊 {Count 2} {Type C } 
2015/01/27 07:18:36.488 收到 Head 資訊 {Count 2} {Type C } 
2015/01/27 07:18:36.489 收到 Head 資訊 {Count 2} {Type C } 
2015/01/27 07:18:36.491 收到 Head 資訊 {Count 2} {Type C } 
2015/01/27 07:18:36.493 收到 Head 資訊 {Count 2} {Type C } 
2015/01/27 07:18:36.494 收到 Head 資訊 {Count 2} {Type C } 
2015/01/27 07:18:36.496 收到 Head 資訊 {Count 2} {Type C } 
2015/01/27 07:18:36.498 收到 Head 資訊 {Count 2} {Type C } 
2015/01/27 07:18:36.499 收到 Head 資訊 {Count 2} {Type C } 
2015/01/27 07:18:36.501 收到 Head 資訊 {Count 2} {Type C } 
2015/01/27 07:18:46.594 -----------
2015/01/27 07:18:46.596 API InitInstance 
2015/01/27 07:18:51.860 E122828927 連線 Code：0
2015/01/27 07:18:52.862 收到 Head 資訊 {Count 2} {Type C } 
2015/01/27 07:18:52.864 收到 Head 資訊 {Count 2} {Type C } 
2015/01/27 07:18:52.865 收到 Head 資訊 {Count 2} {Type C } 
2015/01/27 07:18:52.867 收到 Head 資訊 {Count 2} {Type C } 
2015/01/27 07:18:52.869 收到 Head 資訊 {Count 2} {Type C } 
2015/01/27 07:18:52.870 收到 Head 資訊 {Count 2} {Type C } 
2015/01/27 07:18:52.872 收到 Head 資訊 {Count 2} {Type C } 
2015/01/27 07:18:52.874 收到 Head 資訊 {Count 2} {Type C } 
2015/01/27 07:18:52.876 收到 Head 資訊 {Count 2} {Type C } 
2015/01/27 07:18:52.877 收到 Head 資訊 {Count 2} {Type C } 
2015/01/27 07:18:52.879 收到 Head 資訊 {Count 2} {Type C } 
2015/01/27 07:18:52.880 收到 Head 資訊 {Count 2} {Type C } 
2015/01/27 07:18:52.882 收到 Head 資訊 {Count 2} {Type C } 
2015/01/27 07:18:52.884 收到 Head 資訊 {Count 2} {Type C } 
2015/01/27 07:18:52.885 收到 Head 資訊 {Count 2} {Type C } 
2015/01/27 07:18:52.887 收到 Head 資訊 {Count 2} {Type C } 
2015/01/27 07:18:52.888 收到 Head 資訊 {Count 2} {Type C } 
2015/01/27 07:18:52.890 收到 Head 資訊 {Count 2} {Type C } 
2015/01/27 07:18:52.892 收到 Head 資訊 {Count 2} {Type C } 
2015/01/27 07:18:52.893 收到 Head 資訊 {Count 2} {Type C } 
2015/01/27 07:18:52.895 收到 Head 資訊 {Count 2} {Type C } 
2015/01/27 07:18:52.897 收到 Head 資訊 {Count 2} {Type C } 
2015/01/27 07:18:52.898 收到 Head 資訊 {Count 2} {Type C } 
2015/01/27 07:18:52.900 收到 Head 資訊 {Count 2} {Type C } 
2015/01/27 07:18:52.901 收到 Head 資訊 {Count 2} {Type C } 
2015/01/27 07:18:52.903 收到 Head 資訊 {Count 2} {Type C } 
2015/01/27 07:18:52.905 收到 Head 資訊 {Count 2} {Type C } 
2015/01/27 07:18:52.906 收到 Head 資訊 {Count 2} {Type C } 
2015/01/27 07:18:52.908 收到 Head 資訊 {Count 2} {Type C } 
2015/01/27 07:18:52.909 收到 Head 資訊 {Count 2} {Type C } 
2015/01/27 07:18:52.911 收到 Head 資訊 {Count 2} {Type C } 
2015/01/27 07:18:52.912 收到 Head 資訊 {Count 2} {Type C } 
2015/01/27 07:18:52.914 收到 Head 資訊 {Count 2} {Type C } 
2015/01/27 07:18:52.916 收到 Head 資訊 {Count 2} {Type C } 
2015/01/27 07:18:52.918 收到 Head 資訊 {Count 2} {Type C } 
2015/01/27 07:18:52.920 收到 Head 資訊 {Count 2} {Type C } 
2015/01/27 07:18:52.921 收到 Head 資訊 {Count 2} {Type C } 
2015/01/27 07:18:52.923 收到 Head 資訊 {Count 2} {Type C } 
2015/01/27 07:18:52.924 收到 Head 資訊 {Count 2} {Type C } 
2015/01/27 07:18:52.926 收到 Head 資訊 {Count 2} {Type C } 
2015/01/27 07:18:52.928 收到 Head 資訊 {Count 2} {Type C } 
2015/01/27 07:18:52.929 收到 Head 資訊 {Count 2} {Type C } 
2015/01/27 07:18:52.931 收到 Head 資訊 {Count 2} {Type C } 
2015/01/27 07:18:52.932 收到 Head 資訊 {Count 2} {Type C } 
2015/01/27 07:18:52.934 收到 Head 資訊 {Count 2} {Type C } 
2015/01/27 07:18:52.936 收到 Head 資訊 {Count 2} {Type C } 
2015/01/27 07:18:52.937 收到 Head 資訊 {Count 2} {Type C } 
2015/01/27 07:18:52.939 收到 Head 資訊 {Count 2} {Type C } 
2015/01/27 07:18:52.941 收到 Head 資訊 {Count 2} {Type C } 
2015/01/27 07:18:52.942 收到 Head 資訊 {Count 2} {Type C } 
2015/01/27 07:18:52.944 收到 Head 資訊 {Count 2} {Type C } 
2015/01/27 07:18:52.946 收到 Head 資訊 {Count 2} {Type C } 
2015/01/27 07:18:52.947 收到 Head 資訊 {Count 2} {Type C } 
2015/01/27 07:18:52.949 收到 Head 資訊 {Count 2} {Type C } 
2015/01/27 07:18:52.950 收到 Head 資訊 {Count 2} {Type C } 
2015/01/27 07:18:52.952 收到 Head 資訊 {Count 2} {Type C } 
2015/01/27 07:18:52.954 收到 Head 資訊 {Count 2} {Type C } 
2015/01/27 07:18:52.955 收到 Head 資訊 {Count 2} {Type C } 
2015/01/27 07:18:52.957 收到 Head 資訊 {Count 2} {Type C } 
2015/01/27 07:18:52.959 收到 Head 資訊 {Count 2} {Type C } 
2015/01/27 07:18:52.961 收到 Head 資訊 {Count 2} {Type C } 
2015/01/27 07:18:52.962 收到 Head 資訊 {Count 2} {Type C } 
2015/01/27 07:18:52.964 收到 Head 資訊 {Count 2} {Type C } 
2015/01/27 07:18:52.966 收到 Head 資訊 {Count 2} {Type C } 
2015/01/27 07:18:52.967 收到 Head 資訊 {Count 2} {Type C } 
2015/01/27 07:18:52.969 收到 Head 資訊 {Count 2} {Type C } 
2015/01/27 07:18:52.971 收到 Head 資訊 {Count 2} {Type C } 
2015/01/27 07:18:52.972 收到 Head 資訊 {Count 2} {Type C } 
2015/01/27 07:18:52.974 收到 Head 資訊 {Count 2} {Type C } 
2015/01/27 07:18:52.976 收到 Head 資訊 {Count 2} {Type C } 
2015/01/27 07:18:52.977 收到 Head 資訊 {Count 2} {Type C } 
2015/01/27 07:18:52.979 收到 Head 資訊 {Count 2} {Type C } 
2015/01/27 07:18:52.981 收到 Head 資訊 {Count 2} {Type C } 
2015/01/27 07:18:52.982 收到 Head 資訊 {Count 2} {Type C } 
2015/01/27 07:18:52.984 收到 Head 資訊 {Count 2} {Type C } 
2015/01/27 07:18:52.985 收到 Head 資訊 {Count 2} {Type C } 
2015/01/27 07:18:52.987 收到 Head 資訊 {Count 2} {Type C } 
2015/01/27 07:18:52.989 收到 Head 資訊 {Count 2} {Type C } 
2015/01/27 07:18:52.990 收到 Head 資訊 {Count 2} {Type C } 
2015/01/27 07:18:52.992 收到 Head 資訊 {Count 2} {Type C } 
2015/01/27 07:18:52.994 收到 Head 資訊 {Count 2} {Type C } 
2015/01/27 07:18:52.995 收到 Head 資訊 {Count 2} {Type C } 
2015/01/27 07:18:52.997 收到 Head 資訊 {Count 2} {Type C } 
2015/01/27 07:18:52.998 收到 Head 資訊 {Count 2} {Type C } 
2015/01/27 07:18:53.000 收到 Head 資訊 {Count 2} {Type C } 
2015/01/27 07:18:53.002 收到 Head 資訊 {Count 2} {Type C } 
2015/01/27 07:18:53.004 收到 Head 資訊 {Count 2} {Type C } 
2015/01/27 07:18:53.005 收到 Head 資訊 {Count 2} {Type C } 
2015/01/27 07:18:53.007 收到 Head 資訊 {Count 2} {Type C } 
2015/01/27 07:18:53.009 收到 Head 資訊 {Count 2} {Type C } 
2015/01/27 07:18:53.011 收到 Head 資訊 {Count 2} {Type C } 
2015/01/27 07:18:53.012 收到 Head 資訊 {Count 2} {Type C } 
2015/01/27 07:18:53.014 收到 Head 資訊 {Count 2} {Type C } 
2015/01/27 07:18:53.015 收到 Head 資訊 {Count 2} {Type C } 
2015/01/27 07:18:53.017 收到 Head 資訊 {Count 2} {Type C } 
2015/01/27 07:18:53.019 收到 Head 資訊 {Count 2} {Type D } 
2015/01/27 07:18:53.021 收到 Head 資訊 {Count 2} {Type D } 
2015/01/27 07:18:53.022 收到 Head 資訊 {Count 2} {Type C } 
2015/01/27 07:18:53.024 收到 Head 資訊 {Count 2} {Type C } 
2015/01/27 07:18:53.026 收到 Head 資訊 {Count 2} {Type C } 
2015/01/27 07:18:53.027 收到 Head 資訊 {Count 2} {Type B } 
2015/01/27 07:20:21.232 -----------
2015/01/27 07:20:21.233 API InitInstance 
2015/01/27 07:20:25.630 E122828927 連線 Code：0
2015/01/27 07:20:26.633 收到 Head 資訊 {Count 2} {Type C } 
2015/01/27 07:20:26.635 收到 Head 資訊 {Count 2} {Type C } 
2015/01/27 07:20:26.636 收到 Head 資訊 {Count 2} {Type C } 
2015/01/27 07:20:26.638 收到 Head 資訊 {Count 2} {Type C } 
2015/01/27 07:20:26.640 收到 Head 資訊 {Count 2} {Type C } 
2015/01/27 07:20:26.642 收到 Head 資訊 {Count 2} {Type C } 
2015/01/27 07:20:26.644 收到 Head 資訊 {Count 2} {Type C } 
2015/01/27 07:20:26.646 收到 Head 資訊 {Count 2} {Type C } 
2015/01/27 07:20:26.648 收到 Head 資訊 {Count 2} {Type C } 
2015/01/27 07:20:26.650 收到 Head 資訊 {Count 2} {Type C } 
2015/01/27 07:20:26.652 收到 Head 資訊 {Count 2} {Type C } 
2015/01/27 07:20:26.654 收到 Head 資訊 {Count 2} {Type C } 
2015/01/27 07:20:26.656 收到 Head 資訊 {Count 2} {Type C } 
2015/01/27 07:20:26.658 收到 Head 資訊 {Count 2} {Type C } 
2015/01/27 07:20:26.660 收到 Head 資訊 {Count 2} {Type C } 
2015/01/27 07:20:26.661 收到 Head 資訊 {Count 2} {Type C } 
2015/01/27 07:20:26.663 收到 Head 資訊 {Count 2} {Type C } 
2015/01/27 07:20:26.665 收到 Head 資訊 {Count 2} {Type C } 
2015/01/27 07:20:26.667 收到 Head 資訊 {Count 2} {Type C } 
2015/01/27 07:20:26.669 收到 Head 資訊 {Count 2} {Type C } 
2015/01/27 07:20:26.671 收到 Head 資訊 {Count 2} {Type C } 
2015/01/27 07:20:26.672 收到 Head 資訊 {Count 2} {Type C } 
2015/01/27 07:20:26.674 收到 Head 資訊 {Count 2} {Type C } 
2015/01/27 07:20:26.676 收到 Head 資訊 {Count 2} {Type C } 
2015/01/27 07:20:26.678 收到 Head 資訊 {Count 2} {Type C } 
2015/01/27 07:20:26.680 收到 Head 資訊 {Count 2} {Type C } 
2015/01/27 07:20:26.682 收到 Head 資訊 {Count 2} {Type C } 
2015/01/27 07:20:26.684 收到 Head 資訊 {Count 2} {Type C } 
2015/01/27 07:20:26.686 收到 Head 資訊 {Count 2} {Type C } 
2015/01/27 07:20:26.687 收到 Head 資訊 {Count 2} {Type C } 
2015/01/27 07:20:26.689 收到 Head 資訊 {Count 2} {Type C } 
2015/01/27 07:20:26.691 收到 Head 資訊 {Count 2} {Type C } 
2015/01/27 07:20:26.693 收到 Head 資訊 {Count 2} {Type C } 
2015/01/27 07:20:26.695 收到 Head 資訊 {Count 2} {Type C } 
2015/01/27 07:20:26.697 收到 Head 資訊 {Count 2} {Type C } 
2015/01/27 07:20:26.699 收到 Head 資訊 {Count 2} {Type C } 
2015/01/27 07:20:26.700 收到 Head 資訊 {Count 2} {Type C } 
2015/01/27 07:20:26.702 收到 Head 資訊 {Count 2} {Type C } 
2015/01/27 07:20:26.704 收到 Head 資訊 {Count 2} {Type C } 
2015/01/27 07:20:26.706 收到 Head 資訊 {Count 2} {Type C } 
2015/01/27 07:20:26.708 收到 Head 資訊 {Count 2} {Type C } 
2015/01/27 07:20:26.710 收到 Head 資訊 {Count 2} {Type C } 
2015/01/27 07:20:26.712 收到 Head 資訊 {Count 2} {Type C } 
2015/01/27 07:20:26.714 收到 Head 資訊 {Count 2} {Type C } 
2015/01/27 07:20:26.716 收到 Head 資訊 {Count 2} {Type C } 
2015/01/27 07:20:26.718 收到 Head 資訊 {Count 2} {Type C } 
2015/01/27 07:20:26.720 收到 Head 資訊 {Count 2} {Type C } 
2015/01/27 07:20:26.722 收到 Head 資訊 {Count 2} {Type C } 
2015/01/27 07:20:26.723 收到 Head 資訊 {Count 2} {Type C } 
2015/01/27 07:20:26.726 收到 Head 資訊 {Count 2} {Type C } 
2015/01/27 07:20:26.727 收到 Head 資訊 {Count 2} {Type C } 
2015/01/27 07:20:26.729 收到 Head 資訊 {Count 2} {Type C } 
2015/01/27 07:20:26.731 收到 Head 資訊 {Count 2} {Type C } 
2015/01/27 07:20:26.733 收到 Head 資訊 {Count 2} {Type C } 
2015/01/27 07:20:26.735 收到 Head 資訊 {Count 2} {Type C } 
2015/01/27 07:20:26.737 收到 Head 資訊 {Count 2} {Type C } 
2015/01/27 07:20:26.739 收到 Head 資訊 {Count 2} {Type C } 
2015/01/27 07:20:26.740 收到 Head 資訊 {Count 2} {Type C } 
2015/01/27 07:20:26.743 收到 Head 資訊 {Count 2} {Type C } 
2015/01/27 07:20:26.744 收到 Head 資訊 {Count 2} {Type C } 
2015/01/27 07:20:26.746 收到 Head 資訊 {Count 2} {Type C } 
2015/01/27 07:20:26.748 收到 Head 資訊 {Count 2} {Type C } 
2015/01/27 07:20:26.750 收到 Head 資訊 {Count 2} {Type C } 
2015/01/27 07:20:26.752 收到 Head 資訊 {Count 2} {Type C } 
2015/01/27 07:20:26.754 收到 Head 資訊 {Count 2} {Type C } 
2015/01/27 07:20:26.756 收到 Head 資訊 {Count 2} {Type C } 
2015/01/27 07:20:26.758 收到 Head 資訊 {Count 2} {Type C } 
2015/01/27 07:20:26.760 收到 Head 資訊 {Count 2} {Type C } 
2015/01/27 07:20:26.761 收到 Head 資訊 {Count 2} {Type C } 
2015/01/27 07:20:26.763 收到 Head 資訊 {Count 2} {Type C } 
2015/01/27 07:20:26.765 收到 Head 資訊 {Count 2} {Type C } 
2015/01/27 07:20:26.767 收到 Head 資訊 {Count 2} {Type C } 
2015/01/27 07:20:26.769 收到 Head 資訊 {Count 2} {Type C } 
2015/01/27 07:20:26.771 收到 Head 資訊 {Count 2} {Type C } 
2015/01/27 07:20:26.773 收到 Head 資訊 {Count 2} {Type C } 
2015/01/27 07:20:26.775 收到 Head 資訊 {Count 2} {Type C } 
2015/01/27 07:20:26.777 收到 Head 資訊 {Count 2} {Type C } 
2015/01/27 07:20:26.779 收到 Head 資訊 {Count 2} {Type C } 
2015/01/27 07:20:26.781 收到 Head 資訊 {Count 2} {Type C } 
2015/01/27 07:20:26.782 收到 Head 資訊 {Count 2} {Type C } 
2015/01/27 07:20:26.784 收到 Head 資訊 {Count 2} {Type C } 
2015/01/27 07:20:26.786 收到 Head 資訊 {Count 2} {Type C } 
2015/01/27 07:20:26.788 收到 Head 資訊 {Count 2} {Type C } 
2015/01/27 07:20:26.790 收到 Head 資訊 {Count 2} {Type C } 
2015/01/27 07:20:26.792 收到 Head 資訊 {Count 2} {Type C } 
2015/01/27 07:20:26.793 收到 Head 資訊 {Count 2} {Type C } 
2015/01/27 07:20:26.795 收到 Head 資訊 {Count 2} {Type C } 
2015/01/27 07:20:26.797 收到 Head 資訊 {Count 2} {Type C } 
2015/01/27 07:20:26.799 收到 Head 資訊 {Count 2} {Type C } 
2015/01/27 07:20:26.801 收到 Head 資訊 {Count 2} {Type C } 
2015/01/27 07:20:26.803 收到 Head 資訊 {Count 2} {Type C } 
2015/01/27 07:20:26.805 收到 Head 資訊 {Count 2} {Type C } 
2015/01/27 07:20:26.807 收到 Head 資訊 {Count 2} {Type C } 
2015/01/27 07:20:26.809 收到 Head 資訊 {Count 2} {Type C } 
2015/01/27 07:20:26.811 收到 Head 資訊 {Count 2} {Type C } 
2015/01/27 07:20:26.813 收到 Head 資訊 {Count 2} {Type D } 
2015/01/27 07:20:26.815 收到 Head 資訊 {Count 2} {Type D } 
2015/01/27 07:20:26.816 收到 Head 資訊 {Count 2} {Type C } 
2015/01/27 07:20:26.818 收到 Head 資訊 {Count 2} {Type C } 
2015/01/27 07:20:26.820 收到 Head 資訊 {Count 2} {Type C } 
2015/01/27 07:20:26.822 收到 Head 資訊 {Count 2} {Type B } 
[4776] 2015/01/27 07:24:09.736 API InitInstance 
[2096] 2015/01/27 07:32:17.001 API InitInstance 
[2096] 2015/01/27 07:32:24.081 E122828927 連線 Code：0
[2096] 2015/01/27 07:32:25.083 收到 Head 資訊 {Count 2} {Type C } 
[2096] 2015/01/27 07:32:25.085 收到 Head 資訊 {Count 2} {Type C } 
[2096] 2015/01/27 07:32:25.087 收到 Head 資訊 {Count 2} {Type C } 
[2096] 2015/01/27 07:32:25.089 收到 Head 資訊 {Count 2} {Type C } 
[2096] 2015/01/27 07:32:25.091 收到 Head 資訊 {Count 2} {Type C } 
[2096] 2015/01/27 07:32:25.093 收到 Head 資訊 {Count 2} {Type C } 
[2096] 2015/01/27 07:32:25.095 收到 Head 資訊 {Count 2} {Type C } 
[2096] 2015/01/27 07:32:25.097 收到 Head 資訊 {Count 2} {Type C } 
[2096] 2015/01/27 07:32:25.099 收到 Head 資訊 {Count 2} {Type C } 
[2096] 2015/01/27 07:32:25.101 收到 Head 資訊 {Count 2} {Type C } 
[2096] 2015/01/27 07:32:25.103 收到 Head 資訊 {Count 2} {Type C } 
[2096] 2015/01/27 07:32:25.105 收到 Head 資訊 {Count 2} {Type C } 
[2096] 2015/01/27 07:32:25.107 收到 Head 資訊 {Count 2} {Type C } 
[2096] 2015/01/27 07:32:25.109 收到 Head 資訊 {Count 2} {Type C } 
[2096] 2015/01/27 07:32:25.111 收到 Head 資訊 {Count 2} {Type C } 
[2096] 2015/01/27 07:32:25.113 收到 Head 資訊 {Count 2} {Type C } 
[2096] 2015/01/27 07:32:25.115 收到 Head 資訊 {Count 2} {Type C } 
[2096] 2015/01/27 07:32:25.118 收到 Head 資訊 {Count 2} {Type C } 
[2096] 2015/01/27 07:32:25.120 收到 Head 資訊 {Count 2} {Type C } 
[2096] 2015/01/27 07:32:25.122 收到 Head 資訊 {Count 2} {Type C } 
[2096] 2015/01/27 07:32:25.124 收到 Head 資訊 {Count 2} {Type C } 
[2096] 2015/01/27 07:32:25.126 收到 Head 資訊 {Count 2} {Type C } 
[2096] 2015/01/27 07:32:25.128 收到 Head 資訊 {Count 2} {Type C } 
[2096] 2015/01/27 07:32:25.130 收到 Head 資訊 {Count 2} {Type C } 
[2096] 2015/01/27 07:32:25.132 收到 Head 資訊 {Count 2} {Type C } 
[2096] 2015/01/27 07:32:25.134 收到 Head 資訊 {Count 2} {Type C } 
[2096] 2015/01/27 07:32:25.136 收到 Head 資訊 {Count 2} {Type C } 
[2096] 2015/01/27 07:32:25.138 收到 Head 資訊 {Count 2} {Type C } 
[2096] 2015/01/27 07:32:25.140 收到 Head 資訊 {Count 2} {Type C } 
[2096] 2015/01/27 07:32:25.142 收到 Head 資訊 {Count 2} {Type C } 
[2096] 2015/01/27 07:32:25.144 收到 Head 資訊 {Count 2} {Type C } 
[2096] 2015/01/27 07:32:25.147 收到 Head 資訊 {Count 2} {Type C } 
[2096] 2015/01/27 07:32:25.149 收到 Head 資訊 {Count 2} {Type C } 
[2096] 2015/01/27 07:32:25.151 收到 Head 資訊 {Count 2} {Type C } 
[2096] 2015/01/27 07:32:25.153 收到 Head 資訊 {Count 2} {Type C } 
[2096] 2015/01/27 07:32:25.155 收到 Head 資訊 {Count 2} {Type C } 
[2096] 2015/01/27 07:32:25.157 收到 Head 資訊 {Count 2} {Type C } 
[2096] 2015/01/27 07:32:25.159 收到 Head 資訊 {Count 2} {Type C } 
[2096] 2015/01/27 07:32:25.161 收到 Head 資訊 {Count 2} {Type C } 
[2096] 2015/01/27 07:32:25.163 收到 Head 資訊 {Count 2} {Type C } 
[2096] 2015/01/27 07:32:25.165 收到 Head 資訊 {Count 2} {Type C } 
[2096] 2015/01/27 07:32:25.167 收到 Head 資訊 {Count 2} {Type C } 
[2096] 2015/01/27 07:32:25.169 收到 Head 資訊 {Count 2} {Type C } 
[2096] 2015/01/27 07:32:25.171 收到 Head 資訊 {Count 2} {Type C } 
[2096] 2015/01/27 07:32:25.173 收到 Head 資訊 {Count 2} {Type C } 
[2096] 2015/01/27 07:32:25.175 收到 Head 資訊 {Count 2} {Type C } 
[2096] 2015/01/27 07:32:25.177 收到 Head 資訊 {Count 2} {Type C } 
[2096] 2015/01/27 07:32:25.179 收到 Head 資訊 {Count 2} {Type C } 
[2096] 2015/01/27 07:32:25.181 收到 Head 資訊 {Count 2} {Type C } 
[2096] 2015/01/27 07:32:25.183 收到 Head 資訊 {Count 2} {Type C } 
[2096] 2015/01/27 07:32:25.185 收到 Head 資訊 {Count 2} {Type C } 
[2096] 2015/01/27 07:32:25.187 收到 Head 資訊 {Count 2} {Type C } 
[2096] 2015/01/27 07:32:25.189 收到 Head 資訊 {Count 2} {Type C } 
[2096] 2015/01/27 07:32:25.191 收到 Head 資訊 {Count 2} {Type C } 
[2096] 2015/01/27 07:32:25.193 收到 Head 資訊 {Count 2} {Type C } 
[2096] 2015/01/27 07:32:25.195 收到 Head 資訊 {Count 2} {Type C } 
[2096] 2015/01/27 07:32:25.197 收到 Head 資訊 {Count 2} {Type C } 
[2096] 2015/01/27 07:32:25.199 收到 Head 資訊 {Count 2} {Type C } 
[2096] 2015/01/27 07:32:25.201 收到 Head 資訊 {Count 2} {Type C } 
[2096] 2015/01/27 07:32:25.203 收到 Head 資訊 {Count 2} {Type C } 
[2096] 2015/01/27 07:32:25.205 收到 Head 資訊 {Count 2} {Type C } 
[2096] 2015/01/27 07:32:25.207 收到 Head 資訊 {Count 2} {Type C } 
[2096] 2015/01/27 07:32:25.209 收到 Head 資訊 {Count 2} {Type C } 
[2096] 2015/01/27 07:32:25.211 收到 Head 資訊 {Count 2} {Type C } 
[2096] 2015/01/27 07:32:25.213 收到 Head 資訊 {Count 2} {Type C } 
[2096] 2015/01/27 07:32:25.215 收到 Head 資訊 {Count 2} {Type C } 
[2096] 2015/01/27 07:32:25.217 收到 Head 資訊 {Count 2} {Type C } 
[2096] 2015/01/27 07:32:25.219 收到 Head 資訊 {Count 2} {Type C } 
[2096] 2015/01/27 07:32:25.221 收到 Head 資訊 {Count 2} {Type C } 
[2096] 2015/01/27 07:32:25.223 收到 Head 資訊 {Count 2} {Type C } 
[2096] 2015/01/27 07:32:25.225 收到 Head 資訊 {Count 2} {Type C } 
[2096] 2015/01/27 07:32:25.227 收到 Head 資訊 {Count 2} {Type C } 
[2096] 2015/01/27 07:32:25.229 收到 Head 資訊 {Count 2} {Type C } 
[2096] 2015/01/27 07:32:25.231 收到 Head 資訊 {Count 2} {Type C } 
[2096] 2015/01/27 07:32:25.234 收到 Head 資訊 {Count 2} {Type C } 
[2096] 2015/01/27 07:32:25.236 收到 Head 資訊 {Count 2} {Type C } 
[2096] 2015/01/27 07:32:25.238 收到 Head 資訊 {Count 2} {Type C } 
[2096] 2015/01/27 07:32:25.240 收到 Head 資訊 {Count 2} {Type C } 
[2096] 2015/01/27 07:32:25.242 收到 Head 資訊 {Count 2} {Type C } 
[2096] 2015/01/27 07:32:25.244 收到 Head 資訊 {Count 2} {Type C } 
[2096] 2015/01/27 07:32:25.246 收到 Head 資訊 {Count 2} {Type C } 
[2096] 2015/01/27 07:32:25.248 收到 Head 資訊 {Count 2} {Type C } 
[2096] 2015/01/27 07:32:25.250 收到 Head 資訊 {Count 2} {Type C } 
[2096] 2015/01/27 07:32:25.252 收到 Head 資訊 {Count 2} {Type C } 
[2096] 2015/01/27 07:32:25.254 收到 Head 資訊 {Count 2} {Type C } 
[2096] 2015/01/27 07:32:25.256 收到 Head 資訊 {Count 2} {Type C } 
[2096] 2015/01/27 07:32:25.258 收到 Head 資訊 {Count 2} {Type C } 
[2096] 2015/01/27 07:32:25.260 收到 Head 資訊 {Count 2} {Type C } 
[2096] 2015/01/27 07:32:25.262 收到 Head 資訊 {Count 2} {Type C } 
[2096] 2015/01/27 07:32:25.264 收到 Head 資訊 {Count 2} {Type C } 
[2096] 2015/01/27 07:32:25.266 收到 Head 資訊 {Count 2} {Type C } 
[2096] 2015/01/27 07:32:25.268 收到 Head 資訊 {Count 2} {Type C } 
[2096] 2015/01/27 07:32:25.270 收到 Head 資訊 {Count 2} {Type C } 
[2096] 2015/01/27 07:32:25.272 收到 Head 資訊 {Count 2} {Type C } 
[2096] 2015/01/27 07:32:25.274 收到 Head 資訊 {Count 2} {Type C } 
[2096] 2015/01/27 07:32:25.276 收到 Head 資訊 {Count 2} {Type D } 
[2096] 2015/01/27 07:32:25.279 收到 Head 資訊 {Count 2} {Type D } 
[2096] 2015/01/27 07:32:25.281 收到 Head 資訊 {Count 2} {Type C } 
[2096] 2015/01/27 07:32:25.283 收到 Head 資訊 {Count 2} {Type C } 
[2096] 2015/01/27 07:32:25.285 收到 Head 資訊 {Count 2} {Type C } 
[2096] 2015/01/27 07:32:25.287 收到 Head 資訊 {Count 2} {Type C } 
[2096] 2015/01/27 07:32:25.289 收到 Head 資訊 {Count 2} {Type C } 
[2096] 2015/01/27 07:32:25.291 收到 Head 資訊 {Count 2} {Type C } 
[2096] 2015/01/27 07:32:25.293 收到 Head 資訊 {Count 2} {Type C } 
[2096] 2015/01/27 07:32:25.295 收到 Head 資訊 {Count 2} {Type C } 
[2096] 2015/01/27 07:32:25.297 收到 Head 資訊 {Count 2} {Type C } 
[2096] 2015/01/27 07:32:25.299 收到 Head 資訊 {Count 2} {Type C } 
[2096] 2015/01/27 07:32:25.301 收到 Head 資訊 {Count 2} {Type B } 
[3468] 2015/01/27 07:33:32.744 API InitInstance 
[3468] 2015/01/27 07:33:37.276 E122828927 連線 Code：0
[3468] 2015/01/27 07:33:38.278 收到 Head 資訊 {Count 2} {Type C } 
[3468] 2015/01/27 07:33:38.280 收到 Head 資訊 {Count 2} {Type C } 
[3468] 2015/01/27 07:33:38.282 收到 Head 資訊 {Count 2} {Type C } 
[3468] 2015/01/27 07:33:38.284 收到 Head 資訊 {Count 2} {Type C } 
[3468] 2015/01/27 07:33:38.286 收到 Head 資訊 {Count 2} {Type C } 
[3468] 2015/01/27 07:33:38.288 收到 Head 資訊 {Count 2} {Type C } 
[3468] 2015/01/27 07:33:38.290 收到 Head 資訊 {Count 2} {Type C } 
[3468] 2015/01/27 07:33:38.292 收到 Head 資訊 {Count 2} {Type C } 
[3468] 2015/01/27 07:33:38.294 收到 Head 資訊 {Count 2} {Type C } 
[3468] 2015/01/27 07:33:38.296 收到 Head 資訊 {Count 2} {Type C } 
[3468] 2015/01/27 07:33:38.298 收到 Head 資訊 {Count 2} {Type C } 
[3468] 2015/01/27 07:33:38.300 收到 Head 資訊 {Count 2} {Type C } 
[3468] 2015/01/27 07:33:38.302 收到 Head 資訊 {Count 2} {Type C } 
[3468] 2015/01/27 07:33:38.304 收到 Head 資訊 {Count 2} {Type C } 
[3468] 2015/01/27 07:33:38.307 收到 Head 資訊 {Count 2} {Type C } 
[3468] 2015/01/27 07:33:38.309 收到 Head 資訊 {Count 2} {Type C } 
[3468] 2015/01/27 07:33:38.311 收到 Head 資訊 {Count 2} {Type C } 
[3468] 2015/01/27 07:33:38.313 收到 Head 資訊 {Count 2} {Type C } 
[3468] 2015/01/27 07:33:38.315 收到 Head 資訊 {Count 2} {Type C } 
[3468] 2015/01/27 07:33:38.317 收到 Head 資訊 {Count 2} {Type C } 
[3468] 2015/01/27 07:33:38.319 收到 Head 資訊 {Count 2} {Type C } 
[3468] 2015/01/27 07:33:38.321 收到 Head 資訊 {Count 2} {Type C } 
[3468] 2015/01/27 07:33:38.323 收到 Head 資訊 {Count 2} {Type C } 
[3468] 2015/01/27 07:33:38.325 收到 Head 資訊 {Count 2} {Type C } 
[3468] 2015/01/27 07:33:38.327 收到 Head 資訊 {Count 2} {Type C } 
[3468] 2015/01/27 07:33:38.329 收到 Head 資訊 {Count 2} {Type C } 
[3468] 2015/01/27 07:33:38.331 收到 Head 資訊 {Count 2} {Type C } 
[3468] 2015/01/27 07:33:38.333 收到 Head 資訊 {Count 2} {Type C } 
[3468] 2015/01/27 07:33:38.335 收到 Head 資訊 {Count 2} {Type C } 
[3468] 2015/01/27 07:33:38.337 收到 Head 資訊 {Count 2} {Type C } 
[3468] 2015/01/27 07:33:38.339 收到 Head 資訊 {Count 2} {Type C } 
[3468] 2015/01/27 07:33:38.341 收到 Head 資訊 {Count 2} {Type C } 
[3468] 2015/01/27 07:33:38.343 收到 Head 資訊 {Count 2} {Type C } 
[3468] 2015/01/27 07:33:38.345 收到 Head 資訊 {Count 2} {Type C } 
[3468] 2015/01/27 07:33:38.347 收到 Head 資訊 {Count 2} {Type C } 
[3468] 2015/01/27 07:33:38.349 收到 Head 資訊 {Count 2} {Type C } 
[3468] 2015/01/27 07:33:38.352 收到 Head 資訊 {Count 2} {Type C } 
[3468] 2015/01/27 07:33:38.354 收到 Head 資訊 {Count 2} {Type C } 
[3468] 2015/01/27 07:33:38.356 收到 Head 資訊 {Count 2} {Type C } 
[3468] 2015/01/27 07:33:38.358 收到 Head 資訊 {Count 2} {Type C } 
[3468] 2015/01/27 07:33:38.360 收到 Head 資訊 {Count 2} {Type C } 
[3468] 2015/01/27 07:33:38.362 收到 Head 資訊 {Count 2} {Type C } 
[3468] 2015/01/27 07:33:38.364 收到 Head 資訊 {Count 2} {Type C } 
[3468] 2015/01/27 07:33:38.366 收到 Head 資訊 {Count 2} {Type C } 
[3468] 2015/01/27 07:33:38.368 收到 Head 資訊 {Count 2} {Type C } 
[3468] 2015/01/27 07:33:38.370 收到 Head 資訊 {Count 2} {Type C } 
[3468] 2015/01/27 07:33:38.372 收到 Head 資訊 {Count 2} {Type C } 
[3468] 2015/01/27 07:33:38.374 收到 Head 資訊 {Count 2} {Type C } 
[3468] 2015/01/27 07:33:38.376 收到 Head 資訊 {Count 2} {Type C } 
[3468] 2015/01/27 07:33:38.378 收到 Head 資訊 {Count 2} {Type C } 
[3468] 2015/01/27 07:33:38.380 收到 Head 資訊 {Count 2} {Type C } 
[3468] 2015/01/27 07:33:38.382 收到 Head 資訊 {Count 2} {Type C } 
[3468] 2015/01/27 07:33:38.384 收到 Head 資訊 {Count 2} {Type C } 
[3468] 2015/01/27 07:33:38.386 收到 Head 資訊 {Count 2} {Type C } 
[3468] 2015/01/27 07:33:38.388 收到 Head 資訊 {Count 2} {Type C } 
[3468] 2015/01/27 07:33:38.390 收到 Head 資訊 {Count 2} {Type C } 
[3468] 2015/01/27 07:33:38.392 收到 Head 資訊 {Count 2} {Type C } 
[3468] 2015/01/27 07:33:38.394 收到 Head 資訊 {Count 2} {Type C } 
[3468] 2015/01/27 07:33:38.396 收到 Head 資訊 {Count 2} {Type C } 
[3468] 2015/01/27 07:33:38.398 收到 Head 資訊 {Count 2} {Type C } 
[3468] 2015/01/27 07:33:38.400 收到 Head 資訊 {Count 2} {Type C } 
[3468] 2015/01/27 07:33:38.402 收到 Head 資訊 {Count 2} {Type C } 
[3468] 2015/01/27 07:33:38.405 收到 Head 資訊 {Count 2} {Type C } 
[3468] 2015/01/27 07:33:38.407 收到 Head 資訊 {Count 2} {Type C } 
[3468] 2015/01/27 07:33:38.409 收到 Head 資訊 {Count 2} {Type C } 
[3468] 2015/01/27 07:33:38.411 收到 Head 資訊 {Count 2} {Type C } 
[3468] 2015/01/27 07:33:38.413 收到 Head 資訊 {Count 2} {Type C } 
[3468] 2015/01/27 07:33:38.415 收到 Head 資訊 {Count 2} {Type C } 
[3468] 2015/01/27 07:33:38.417 收到 Head 資訊 {Count 2} {Type C } 
[3468] 2015/01/27 07:33:38.419 收到 Head 資訊 {Count 2} {Type C } 
[3468] 2015/01/27 07:33:38.421 收到 Head 資訊 {Count 2} {Type C } 
[3468] 2015/01/27 07:33:38.423 收到 Head 資訊 {Count 2} {Type C } 
[3468] 2015/01/27 07:33:38.425 收到 Head 資訊 {Count 2} {Type C } 
[3468] 2015/01/27 07:33:38.427 收到 Head 資訊 {Count 2} {Type C } 
[3468] 2015/01/27 07:33:38.429 收到 Head 資訊 {Count 2} {Type C } 
[3468] 2015/01/27 07:33:38.431 收到 Head 資訊 {Count 2} {Type C } 
[3468] 2015/01/27 07:33:38.433 收到 Head 資訊 {Count 2} {Type C } 
[3468] 2015/01/27 07:33:38.435 收到 Head 資訊 {Count 2} {Type C } 
[3468] 2015/01/27 07:33:38.438 收到 Head 資訊 {Count 2} {Type C } 
[3468] 2015/01/27 07:33:38.440 收到 Head 資訊 {Count 2} {Type C } 
[3468] 2015/01/27 07:33:38.442 收到 Head 資訊 {Count 2} {Type C } 
[3468] 2015/01/27 07:33:38.444 收到 Head 資訊 {Count 2} {Type C } 
[3468] 2015/01/27 07:33:38.446 收到 Head 資訊 {Count 2} {Type C } 
[3468] 2015/01/27 07:33:38.448 收到 Head 資訊 {Count 2} {Type C } 
[3468] 2015/01/27 07:33:38.450 收到 Head 資訊 {Count 2} {Type C } 
[3468] 2015/01/27 07:33:38.452 收到 Head 資訊 {Count 2} {Type C } 
[3468] 2015/01/27 07:33:38.454 收到 Head 資訊 {Count 2} {Type C } 
[3468] 2015/01/27 07:33:38.456 收到 Head 資訊 {Count 2} {Type C } 
[3468] 2015/01/27 07:33:38.458 收到 Head 資訊 {Count 2} {Type C } 
[3468] 2015/01/27 07:33:38.460 收到 Head 資訊 {Count 2} {Type C } 
[3468] 2015/01/27 07:33:38.462 收到 Head 資訊 {Count 2} {Type C } 
[3468] 2015/01/27 07:33:38.464 收到 Head 資訊 {Count 2} {Type C } 
[3468] 2015/01/27 07:33:38.466 收到 Head 資訊 {Count 2} {Type C } 
[3468] 2015/01/27 07:33:38.468 收到 Head 資訊 {Count 2} {Type C } 
[3468] 2015/01/27 07:33:38.470 收到 Head 資訊 {Count 2} {Type C } 
[3468] 2015/01/27 07:33:38.472 收到 Head 資訊 {Count 2} {Type D } 
[3468] 2015/01/27 07:33:38.474 收到 Head 資訊 {Count 2} {Type D } 
[3468] 2015/01/27 07:33:38.477 收到 Head 資訊 {Count 2} {Type C } 
[3468] 2015/01/27 07:33:38.479 收到 Head 資訊 {Count 2} {Type C } 
[3468] 2015/01/27 07:33:38.481 收到 Head 資訊 {Count 2} {Type C } 
[3468] 2015/01/27 07:33:38.483 收到 Head 資訊 {Count 2} {Type C } 
[3468] 2015/01/27 07:33:38.485 收到 Head 資訊 {Count 2} {Type C } 
[3468] 2015/01/27 07:33:38.487 收到 Head 資訊 {Count 2} {Type C } 
[3468] 2015/01/27 07:33:38.489 收到 Head 資訊 {Count 2} {Type C } 
[3468] 2015/01/27 07:33:38.491 收到 Head 資訊 {Count 2} {Type C } 
[3468] 2015/01/27 07:33:38.493 收到 Head 資訊 {Count 2} {Type C } 
[3468] 2015/01/27 07:33:38.495 收到 Head 資訊 {Count 2} {Type C } 
[3468] 2015/01/27 07:33:38.497 收到 Head 資訊 {Count 2} {Type B } 
[4260] 2015/01/27 07:35:43.843 API InitInstance 
[4260] 2015/01/27 07:35:48.342 E122828927 連線 Code：0
[4260] 2015/01/27 07:35:49.344 收到 Head 資訊 {Count 2} {Type C } 
[4260] 2015/01/27 07:35:49.346 收到 Head 資訊 {Count 2} {Type C } 
[4260] 2015/01/27 07:35:49.348 收到 Head 資訊 {Count 2} {Type C } 
[4260] 2015/01/27 07:35:49.350 收到 Head 資訊 {Count 2} {Type C } 
[4260] 2015/01/27 07:35:49.352 收到 Head 資訊 {Count 2} {Type C } 
[4260] 2015/01/27 07:35:49.354 收到 Head 資訊 {Count 2} {Type C } 
[4260] 2015/01/27 07:35:49.356 收到 Head 資訊 {Count 2} {Type C } 
[4260] 2015/01/27 07:35:49.358 收到 Head 資訊 {Count 2} {Type C } 
[4260] 2015/01/27 07:35:49.360 收到 Head 資訊 {Count 2} {Type C } 
[4260] 2015/01/27 07:35:49.362 收到 Head 資訊 {Count 2} {Type C } 
[4260] 2015/01/27 07:35:49.364 收到 Head 資訊 {Count 2} {Type C } 
[4260] 2015/01/27 07:35:49.366 收到 Head 資訊 {Count 2} {Type C } 
[4260] 2015/01/27 07:35:49.368 收到 Head 資訊 {Count 2} {Type C } 
[4260] 2015/01/27 07:35:49.370 收到 Head 資訊 {Count 2} {Type C } 
[4260] 2015/01/27 07:35:49.372 收到 Head 資訊 {Count 2} {Type C } 
[4260] 2015/01/27 07:35:49.374 收到 Head 資訊 {Count 2} {Type C } 
[4260] 2015/01/27 07:35:49.376 收到 Head 資訊 {Count 2} {Type C } 
[4260] 2015/01/27 07:35:49.378 收到 Head 資訊 {Count 2} {Type C } 
[4260] 2015/01/27 07:35:49.380 收到 Head 資訊 {Count 2} {Type C } 
[4260] 2015/01/27 07:35:49.382 收到 Head 資訊 {Count 2} {Type C } 
[4260] 2015/01/27 07:35:49.384 收到 Head 資訊 {Count 2} {Type C } 
[4260] 2015/01/27 07:35:49.386 收到 Head 資訊 {Count 2} {Type C } 
[4260] 2015/01/27 07:35:49.388 收到 Head 資訊 {Count 2} {Type C } 
[4260] 2015/01/27 07:35:49.390 收到 Head 資訊 {Count 2} {Type C } 
[4260] 2015/01/27 07:35:49.392 收到 Head 資訊 {Count 2} {Type C } 
[4260] 2015/01/27 07:35:49.394 收到 Head 資訊 {Count 2} {Type C } 
[4260] 2015/01/27 07:35:49.396 收到 Head 資訊 {Count 2} {Type C } 
[4260] 2015/01/27 07:35:49.398 收到 Head 資訊 {Count 2} {Type C } 
[4260] 2015/01/27 07:35:49.400 收到 Head 資訊 {Count 2} {Type C } 
[4260] 2015/01/27 07:35:49.402 收到 Head 資訊 {Count 2} {Type C } 
[4260] 2015/01/27 07:35:49.404 收到 Head 資訊 {Count 2} {Type C } 
[4260] 2015/01/27 07:35:49.406 收到 Head 資訊 {Count 2} {Type C } 
[4260] 2015/01/27 07:35:49.408 收到 Head 資訊 {Count 2} {Type C } 
[4260] 2015/01/27 07:35:49.410 收到 Head 資訊 {Count 2} {Type C } 
[4260] 2015/01/27 07:35:49.413 收到 Head 資訊 {Count 2} {Type C } 
[4260] 2015/01/27 07:35:49.415 收到 Head 資訊 {Count 2} {Type C } 
[4260] 2015/01/27 07:35:49.417 收到 Head 資訊 {Count 2} {Type C } 
[4260] 2015/01/27 07:35:49.419 收到 Head 資訊 {Count 2} {Type C } 
[4260] 2015/01/27 07:35:49.421 收到 Head 資訊 {Count 2} {Type C } 
[4260] 2015/01/27 07:35:49.423 收到 Head 資訊 {Count 2} {Type C } 
[4260] 2015/01/27 07:35:49.425 收到 Head 資訊 {Count 2} {Type C } 
[4260] 2015/01/27 07:35:49.427 收到 Head 資訊 {Count 2} {Type C } 
[4260] 2015/01/27 07:35:49.429 收到 Head 資訊 {Count 2} {Type C } 
[4260] 2015/01/27 07:35:49.431 收到 Head 資訊 {Count 2} {Type C } 
[4260] 2015/01/27 07:35:49.433 收到 Head 資訊 {Count 2} {Type C } 
[4260] 2015/01/27 07:35:49.435 收到 Head 資訊 {Count 2} {Type C } 
[4260] 2015/01/27 07:35:49.437 收到 Head 資訊 {Count 2} {Type C } 
[4260] 2015/01/27 07:35:49.439 收到 Head 資訊 {Count 2} {Type C } 
[4260] 2015/01/27 07:35:49.441 收到 Head 資訊 {Count 2} {Type C } 
[4260] 2015/01/27 07:35:49.443 收到 Head 資訊 {Count 2} {Type C } 
[4260] 2015/01/27 07:35:49.446 收到 Head 資訊 {Count 2} {Type C } 
[4260] 2015/01/27 07:35:49.448 收到 Head 資訊 {Count 2} {Type C } 
[4260] 2015/01/27 07:35:49.450 收到 Head 資訊 {Count 2} {Type C } 
[4260] 2015/01/27 07:35:49.452 收到 Head 資訊 {Count 2} {Type C } 
[4260] 2015/01/27 07:35:49.454 收到 Head 資訊 {Count 2} {Type C } 
[4260] 2015/01/27 07:35:49.456 收到 Head 資訊 {Count 2} {Type C } 
[4260] 2015/01/27 07:35:49.458 收到 Head 資訊 {Count 2} {Type C } 
[4260] 2015/01/27 07:35:49.460 收到 Head 資訊 {Count 2} {Type C } 
[4260] 2015/01/27 07:35:49.462 收到 Head 資訊 {Count 2} {Type C } 
[4260] 2015/01/27 07:35:49.464 收到 Head 資訊 {Count 2} {Type C } 
[4260] 2015/01/27 07:35:49.466 收到 Head 資訊 {Count 2} {Type C } 
[4260] 2015/01/27 07:35:49.468 收到 Head 資訊 {Count 2} {Type C } 
[4260] 2015/01/27 07:35:49.470 收到 Head 資訊 {Count 2} {Type C } 
[4260] 2015/01/27 07:35:49.472 收到 Head 資訊 {Count 2} {Type C } 
[4260] 2015/01/27 07:35:49.474 收到 Head 資訊 {Count 2} {Type C } 
[4260] 2015/01/27 07:35:49.476 收到 Head 資訊 {Count 2} {Type C } 
[4260] 2015/01/27 07:35:49.478 收到 Head 資訊 {Count 2} {Type C } 
[4260] 2015/01/27 07:35:49.481 收到 Head 資訊 {Count 2} {Type C } 
[4260] 2015/01/27 07:35:49.483 收到 Head 資訊 {Count 2} {Type C } 
[4260] 2015/01/27 07:35:49.485 收到 Head 資訊 {Count 2} {Type C } 
[4260] 2015/01/27 07:35:49.487 收到 Head 資訊 {Count 2} {Type C } 
[4260] 2015/01/27 07:35:49.489 收到 Head 資訊 {Count 2} {Type C } 
[4260] 2015/01/27 07:35:49.491 收到 Head 資訊 {Count 2} {Type C } 
[4260] 2015/01/27 07:35:49.493 收到 Head 資訊 {Count 2} {Type C } 
[4260] 2015/01/27 07:35:49.495 收到 Head 資訊 {Count 2} {Type C } 
[4260] 2015/01/27 07:35:49.497 收到 Head 資訊 {Count 2} {Type C } 
[4260] 2015/01/27 07:35:49.499 收到 Head 資訊 {Count 2} {Type C } 
[4260] 2015/01/27 07:35:49.501 收到 Head 資訊 {Count 2} {Type C } 
[4260] 2015/01/27 07:35:49.503 收到 Head 資訊 {Count 2} {Type C } 
[4260] 2015/01/27 07:35:49.505 收到 Head 資訊 {Count 2} {Type C } 
[4260] 2015/01/27 07:35:49.507 收到 Head 資訊 {Count 2} {Type C } 
[4260] 2015/01/27 07:35:49.509 收到 Head 資訊 {Count 2} {Type C } 
[4260] 2015/01/27 07:35:49.511 收到 Head 資訊 {Count 2} {Type C } 
[4260] 2015/01/27 07:35:49.513 收到 Head 資訊 {Count 2} {Type C } 
[4260] 2015/01/27 07:35:49.515 收到 Head 資訊 {Count 2} {Type C } 
[4260] 2015/01/27 07:35:49.517 收到 Head 資訊 {Count 2} {Type C } 
[4260] 2015/01/27 07:35:49.519 收到 Head 資訊 {Count 2} {Type C } 
[4260] 2015/01/27 07:35:49.521 收到 Head 資訊 {Count 2} {Type C } 
[4260] 2015/01/27 07:35:49.523 收到 Head 資訊 {Count 2} {Type C } 
[4260] 2015/01/27 07:35:49.525 收到 Head 資訊 {Count 2} {Type C } 
[4260] 2015/01/27 07:35:49.527 收到 Head 資訊 {Count 2} {Type C } 
[4260] 2015/01/27 07:35:49.529 收到 Head 資訊 {Count 2} {Type C } 
[4260] 2015/01/27 07:35:49.531 收到 Head 資訊 {Count 2} {Type C } 
[4260] 2015/01/27 07:35:49.534 收到 Head 資訊 {Count 2} {Type C } 
[4260] 2015/01/27 07:35:49.536 收到 Head 資訊 {Count 2} {Type C } 
[4260] 2015/01/27 07:35:49.538 收到 Head 資訊 {Count 2} {Type D } 
[4260] 2015/01/27 07:35:49.540 收到 Head 資訊 {Count 2} {Type D } 
[4260] 2015/01/27 07:35:49.542 收到 Head 資訊 {Count 2} {Type C } 
[4260] 2015/01/27 07:35:49.544 收到 Head 資訊 {Count 2} {Type C } 
[4260] 2015/01/27 07:35:49.546 收到 Head 資訊 {Count 2} {Type C } 
[4260] 2015/01/27 07:35:49.548 收到 Head 資訊 {Count 2} {Type C } 
[4260] 2015/01/27 07:35:49.550 收到 Head 資訊 {Count 2} {Type C } 
[4260] 2015/01/27 07:35:49.552 收到 Head 資訊 {Count 2} {Type C } 
[4260] 2015/01/27 07:35:49.554 收到 Head 資訊 {Count 2} {Type C } 
[4260] 2015/01/27 07:35:49.556 收到 Head 資訊 {Count 2} {Type C } 
[4260] 2015/01/27 07:35:49.558 收到 Head 資訊 {Count 2} {Type C } 
[4260] 2015/01/27 07:35:49.561 收到 Head 資訊 {Count 2} {Type C } 
[4260] 2015/01/27 07:35:49.563 收到 Head 資訊 {Count 2} {Type C } 
[4260] 2015/01/27 07:35:49.565 收到 Head 資訊 {Count 2} {Type B } 
[808] 2015/01/27 07:40:10.950 API InitInstance 
[808] 2015/01/27 07:40:18.532 E122828927 連線 Code：0
[808] 2015/01/27 07:40:19.534 收到 Head 資訊 {Count 2} {Type C } 
[808] 2015/01/27 07:40:19.536 收到 Head 資訊 {Count 2} {Type C } 
[808] 2015/01/27 07:40:19.538 收到 Head 資訊 {Count 2} {Type C } 
[808] 2015/01/27 07:40:19.539 收到 Head 資訊 {Count 2} {Type C } 
[808] 2015/01/27 07:40:19.541 收到 Head 資訊 {Count 2} {Type C } 
[808] 2015/01/27 07:40:19.543 收到 Head 資訊 {Count 2} {Type C } 
[808] 2015/01/27 07:40:19.545 收到 Head 資訊 {Count 2} {Type C } 
[808] 2015/01/27 07:40:19.547 收到 Head 資訊 {Count 2} {Type C } 
[808] 2015/01/27 07:40:19.549 收到 Head 資訊 {Count 2} {Type C } 
[808] 2015/01/27 07:40:19.551 收到 Head 資訊 {Count 2} {Type C } 
[808] 2015/01/27 07:40:19.553 收到 Head 資訊 {Count 2} {Type C } 
[808] 2015/01/27 07:40:19.555 收到 Head 資訊 {Count 2} {Type C } 
[808] 2015/01/27 07:40:19.557 收到 Head 資訊 {Count 2} {Type C } 
[808] 2015/01/27 07:40:19.559 收到 Head 資訊 {Count 2} {Type C } 
[808] 2015/01/27 07:40:19.561 收到 Head 資訊 {Count 2} {Type C } 
[808] 2015/01/27 07:40:19.563 收到 Head 資訊 {Count 2} {Type C } 
[808] 2015/01/27 07:40:19.565 收到 Head 資訊 {Count 2} {Type C } 
[808] 2015/01/27 07:40:19.567 收到 Head 資訊 {Count 2} {Type C } 
[808] 2015/01/27 07:40:19.569 收到 Head 資訊 {Count 2} {Type C } 
[808] 2015/01/27 07:40:19.571 收到 Head 資訊 {Count 2} {Type C } 
[808] 2015/01/27 07:40:19.573 收到 Head 資訊 {Count 2} {Type C } 
[808] 2015/01/27 07:40:19.575 收到 Head 資訊 {Count 2} {Type C } 
[808] 2015/01/27 07:40:19.577 收到 Head 資訊 {Count 2} {Type C } 
[808] 2015/01/27 07:40:19.579 收到 Head 資訊 {Count 2} {Type C } 
[808] 2015/01/27 07:40:19.581 收到 Head 資訊 {Count 2} {Type C } 
[808] 2015/01/27 07:40:19.583 收到 Head 資訊 {Count 2} {Type C } 
[808] 2015/01/27 07:40:19.585 收到 Head 資訊 {Count 2} {Type C } 
[808] 2015/01/27 07:40:19.587 收到 Head 資訊 {Count 2} {Type C } 
[808] 2015/01/27 07:40:19.589 收到 Head 資訊 {Count 2} {Type C } 
[808] 2015/01/27 07:40:19.591 收到 Head 資訊 {Count 2} {Type C } 
[808] 2015/01/27 07:40:19.593 收到 Head 資訊 {Count 2} {Type C } 
[808] 2015/01/27 07:40:19.594 收到 Head 資訊 {Count 2} {Type C } 
[808] 2015/01/27 07:40:19.596 收到 Head 資訊 {Count 2} {Type C } 
[808] 2015/01/27 07:40:19.598 收到 Head 資訊 {Count 2} {Type C } 
[808] 2015/01/27 07:40:19.600 收到 Head 資訊 {Count 2} {Type C } 
[808] 2015/01/27 07:40:19.602 收到 Head 資訊 {Count 2} {Type C } 
[808] 2015/01/27 07:40:19.604 收到 Head 資訊 {Count 2} {Type C } 
[808] 2015/01/27 07:40:19.606 收到 Head 資訊 {Count 2} {Type C } 
[808] 2015/01/27 07:40:19.608 收到 Head 資訊 {Count 2} {Type C } 
[808] 2015/01/27 07:40:19.610 收到 Head 資訊 {Count 2} {Type C } 
[808] 2015/01/27 07:40:19.612 收到 Head 資訊 {Count 2} {Type C } 
[808] 2015/01/27 07:40:19.614 收到 Head 資訊 {Count 2} {Type C } 
[808] 2015/01/27 07:40:19.616 收到 Head 資訊 {Count 2} {Type C } 
[808] 2015/01/27 07:40:19.618 收到 Head 資訊 {Count 2} {Type C } 
[808] 2015/01/27 07:40:19.620 收到 Head 資訊 {Count 2} {Type C } 
[808] 2015/01/27 07:40:19.622 收到 Head 資訊 {Count 2} {Type C } 
[808] 2015/01/27 07:40:19.624 收到 Head 資訊 {Count 2} {Type C } 
[808] 2015/01/27 07:40:19.626 收到 Head 資訊 {Count 2} {Type C } 
[808] 2015/01/27 07:40:19.628 收到 Head 資訊 {Count 2} {Type C } 
[808] 2015/01/27 07:40:19.630 收到 Head 資訊 {Count 2} {Type C } 
[808] 2015/01/27 07:40:19.632 收到 Head 資訊 {Count 2} {Type C } 
[808] 2015/01/27 07:40:19.634 收到 Head 資訊 {Count 2} {Type C } 
[808] 2015/01/27 07:40:19.636 收到 Head 資訊 {Count 2} {Type C } 
[808] 2015/01/27 07:40:19.638 收到 Head 資訊 {Count 2} {Type C } 
[808] 2015/01/27 07:40:19.640 收到 Head 資訊 {Count 2} {Type C } 
[808] 2015/01/27 07:40:19.642 收到 Head 資訊 {Count 2} {Type C } 
[808] 2015/01/27 07:40:19.644 收到 Head 資訊 {Count 2} {Type C } 
[808] 2015/01/27 07:40:19.646 收到 Head 資訊 {Count 2} {Type C } 
[808] 2015/01/27 07:40:19.648 收到 Head 資訊 {Count 2} {Type C } 
[808] 2015/01/27 07:40:19.650 收到 Head 資訊 {Count 2} {Type C } 
[808] 2015/01/27 07:40:19.652 收到 Head 資訊 {Count 2} {Type C } 
[808] 2015/01/27 07:40:19.654 收到 Head 資訊 {Count 2} {Type C } 
[808] 2015/01/27 07:40:19.656 收到 Head 資訊 {Count 2} {Type C } 
[808] 2015/01/27 07:40:19.658 收到 Head 資訊 {Count 2} {Type C } 
[808] 2015/01/27 07:40:19.660 收到 Head 資訊 {Count 2} {Type C } 
[808] 2015/01/27 07:40:19.662 收到 Head 資訊 {Count 2} {Type C } 
[808] 2015/01/27 07:40:19.664 收到 Head 資訊 {Count 2} {Type C } 
[808] 2015/01/27 07:40:19.666 收到 Head 資訊 {Count 2} {Type C } 
[808] 2015/01/27 07:40:19.668 收到 Head 資訊 {Count 2} {Type C } 
[808] 2015/01/27 07:40:19.669 收到 Head 資訊 {Count 2} {Type C } 
[808] 2015/01/27 07:40:19.671 收到 Head 資訊 {Count 2} {Type C } 
[808] 2015/01/27 07:40:19.673 收到 Head 資訊 {Count 2} {Type C } 
[808] 2015/01/27 07:40:19.675 收到 Head 資訊 {Count 2} {Type C } 
[808] 2015/01/27 07:40:19.677 收到 Head 資訊 {Count 2} {Type C } 
[808] 2015/01/27 07:40:19.679 收到 Head 資訊 {Count 2} {Type C } 
[808] 2015/01/27 07:40:19.681 收到 Head 資訊 {Count 2} {Type C } 
[808] 2015/01/27 07:40:19.683 收到 Head 資訊 {Count 2} {Type C } 
[808] 2015/01/27 07:40:19.685 收到 Head 資訊 {Count 2} {Type C } 
[808] 2015/01/27 07:40:19.687 收到 Head 資訊 {Count 2} {Type C } 
[808] 2015/01/27 07:40:19.689 收到 Head 資訊 {Count 2} {Type C } 
[808] 2015/01/27 07:40:19.691 收到 Head 資訊 {Count 2} {Type C } 
[808] 2015/01/27 07:40:19.693 收到 Head 資訊 {Count 2} {Type C } 
[808] 2015/01/27 07:40:19.695 收到 Head 資訊 {Count 2} {Type C } 
[808] 2015/01/27 07:40:19.697 收到 Head 資訊 {Count 2} {Type C } 
[808] 2015/01/27 07:40:19.699 收到 Head 資訊 {Count 2} {Type C } 
[808] 2015/01/27 07:40:19.701 收到 Head 資訊 {Count 2} {Type C } 
[808] 2015/01/27 07:40:19.703 收到 Head 資訊 {Count 2} {Type C } 
[808] 2015/01/27 07:40:19.705 收到 Head 資訊 {Count 2} {Type C } 
[808] 2015/01/27 07:40:19.707 收到 Head 資訊 {Count 2} {Type C } 
[808] 2015/01/27 07:40:19.709 收到 Head 資訊 {Count 2} {Type C } 
[808] 2015/01/27 07:40:19.711 收到 Head 資訊 {Count 2} {Type C } 
[808] 2015/01/27 07:40:19.713 收到 Head 資訊 {Count 2} {Type C } 
[808] 2015/01/27 07:40:19.715 收到 Head 資訊 {Count 2} {Type C } 
[808] 2015/01/27 07:40:19.717 收到 Head 資訊 {Count 2} {Type C } 
[808] 2015/01/27 07:40:19.719 收到 Head 資訊 {Count 2} {Type C } 
[808] 2015/01/27 07:40:19.721 收到 Head 資訊 {Count 2} {Type D } 
[808] 2015/01/27 07:40:19.723 收到 Head 資訊 {Count 2} {Type D } 
[808] 2015/01/27 07:40:19.725 收到 Head 資訊 {Count 2} {Type C } 
[808] 2015/01/27 07:40:19.727 收到 Head 資訊 {Count 2} {Type C } 
[808] 2015/01/27 07:40:19.729 收到 Head 資訊 {Count 2} {Type C } 
[808] 2015/01/27 07:40:19.731 收到 Head 資訊 {Count 2} {Type C } 
[808] 2015/01/27 07:40:19.733 收到 Head 資訊 {Count 2} {Type C } 
[808] 2015/01/27 07:40:19.735 收到 Head 資訊 {Count 2} {Type C } 
[808] 2015/01/27 07:40:19.737 收到 Head 資訊 {Count 2} {Type C } 
[808] 2015/01/27 07:40:19.739 收到 Head 資訊 {Count 2} {Type C } 
[808] 2015/01/27 07:40:19.741 收到 Head 資訊 {Count 2} {Type C } 
[808] 2015/01/27 07:40:19.743 收到 Head 資訊 {Count 2} {Type C } 
[808] 2015/01/27 07:40:19.745 收到 Head 資訊 {Count 2} {Type C } 
[808] 2015/01/27 07:40:19.747 收到 Head 資訊 {Count 2} {Type C } 
[808] 2015/01/27 07:40:19.749 收到 Head 資訊 {Count 2} {Type B } 
[3292] 2015/01/27 07:50:12.129 API InitInstance 
[3292] 2015/01/27 07:50:16.396 E122828927 連線 Code：0
[3292] 2015/01/27 07:50:17.398 收到 Head 資訊 {Count 2} {Type C } 
[3292] 2015/01/27 07:50:17.399 收到 Head 資訊 {Count 2} {Type C } 
[3292] 2015/01/27 07:50:17.401 收到 Head 資訊 {Count 2} {Type C } 
[3292] 2015/01/27 07:50:17.403 收到 Head 資訊 {Count 2} {Type C } 
[3292] 2015/01/27 07:50:17.405 收到 Head 資訊 {Count 2} {Type C } 
[3292] 2015/01/27 07:50:17.407 收到 Head 資訊 {Count 2} {Type C } 
[3292] 2015/01/27 07:50:17.409 收到 Head 資訊 {Count 2} {Type C } 
[3292] 2015/01/27 07:50:17.411 收到 Head 資訊 {Count 2} {Type C } 
[3292] 2015/01/27 07:50:17.413 收到 Head 資訊 {Count 2} {Type C } 
[3292] 2015/01/27 07:50:17.415 收到 Head 資訊 {Count 2} {Type C } 
[3292] 2015/01/27 07:50:17.416 收到 Head 資訊 {Count 2} {Type C } 
[3292] 2015/01/27 07:50:17.418 收到 Head 資訊 {Count 2} {Type C } 
[3292] 2015/01/27 07:50:17.420 收到 Head 資訊 {Count 2} {Type C } 
[3292] 2015/01/27 07:50:17.422 收到 Head 資訊 {Count 2} {Type C } 
[3292] 2015/01/27 07:50:17.424 收到 Head 資訊 {Count 2} {Type C } 
[3292] 2015/01/27 07:50:17.425 收到 Head 資訊 {Count 2} {Type C } 
[3292] 2015/01/27 07:50:17.427 收到 Head 資訊 {Count 2} {Type C } 
[3292] 2015/01/27 07:50:17.429 收到 Head 資訊 {Count 2} {Type C } 
[3292] 2015/01/27 07:50:17.431 收到 Head 資訊 {Count 2} {Type C } 
[3292] 2015/01/27 07:50:17.433 收到 Head 資訊 {Count 2} {Type C } 
[3292] 2015/01/27 07:50:17.434 收到 Head 資訊 {Count 2} {Type C } 
[3292] 2015/01/27 07:50:17.436 收到 Head 資訊 {Count 2} {Type C } 
[3292] 2015/01/27 07:50:17.438 收到 Head 資訊 {Count 2} {Type C } 
[3292] 2015/01/27 07:50:17.440 收到 Head 資訊 {Count 2} {Type C } 
[3292] 2015/01/27 07:50:17.442 收到 Head 資訊 {Count 2} {Type C } 
[3292] 2015/01/27 07:50:17.444 收到 Head 資訊 {Count 2} {Type C } 
[3292] 2015/01/27 07:50:17.445 收到 Head 資訊 {Count 2} {Type C } 
[3292] 2015/01/27 07:50:17.447 收到 Head 資訊 {Count 2} {Type C } 
[3292] 2015/01/27 07:50:17.449 收到 Head 資訊 {Count 2} {Type C } 
[3292] 2015/01/27 07:50:17.451 收到 Head 資訊 {Count 2} {Type C } 
[3292] 2015/01/27 07:50:17.453 收到 Head 資訊 {Count 2} {Type C } 
[3292] 2015/01/27 07:50:17.454 收到 Head 資訊 {Count 2} {Type C } 
[3292] 2015/01/27 07:50:17.456 收到 Head 資訊 {Count 2} {Type C } 
[3292] 2015/01/27 07:50:17.458 收到 Head 資訊 {Count 2} {Type C } 
[3292] 2015/01/27 07:50:17.460 收到 Head 資訊 {Count 2} {Type C } 
[3292] 2015/01/27 07:50:17.462 收到 Head 資訊 {Count 2} {Type C } 
[3292] 2015/01/27 07:50:17.463 收到 Head 資訊 {Count 2} {Type C } 
[3292] 2015/01/27 07:50:17.465 收到 Head 資訊 {Count 2} {Type C } 
[3292] 2015/01/27 07:50:17.467 收到 Head 資訊 {Count 2} {Type C } 
[3292] 2015/01/27 07:50:17.469 收到 Head 資訊 {Count 2} {Type C } 
[3292] 2015/01/27 07:50:17.470 收到 Head 資訊 {Count 2} {Type C } 
[3292] 2015/01/27 07:50:17.472 收到 Head 資訊 {Count 2} {Type C } 
[3292] 2015/01/27 07:50:17.474 收到 Head 資訊 {Count 2} {Type C } 
[3292] 2015/01/27 07:50:17.476 收到 Head 資訊 {Count 2} {Type C } 
[3292] 2015/01/27 07:50:17.478 收到 Head 資訊 {Count 2} {Type C } 
[3292] 2015/01/27 07:50:17.479 收到 Head 資訊 {Count 2} {Type C } 
[3292] 2015/01/27 07:50:17.481 收到 Head 資訊 {Count 2} {Type C } 
[3292] 2015/01/27 07:50:17.483 收到 Head 資訊 {Count 2} {Type C } 
[3292] 2015/01/27 07:50:17.486 收到 Head 資訊 {Count 2} {Type C } 
[3292] 2015/01/27 07:50:17.488 收到 Head 資訊 {Count 2} {Type C } 
[3292] 2015/01/27 07:50:17.490 收到 Head 資訊 {Count 2} {Type C } 
[3292] 2015/01/27 07:50:17.492 收到 Head 資訊 {Count 2} {Type C } 
[3292] 2015/01/27 07:50:17.494 收到 Head 資訊 {Count 2} {Type C } 
[3292] 2015/01/27 07:50:17.496 收到 Head 資訊 {Count 2} {Type C } 
[3292] 2015/01/27 07:50:17.498 收到 Head 資訊 {Count 2} {Type C } 
[3292] 2015/01/27 07:50:17.500 收到 Head 資訊 {Count 2} {Type C } 
[3292] 2015/01/27 07:50:17.502 收到 Head 資訊 {Count 2} {Type C } 
[3292] 2015/01/27 07:50:17.505 收到 Head 資訊 {Count 2} {Type C } 
[3292] 2015/01/27 07:50:17.507 收到 Head 資訊 {Count 2} {Type C } 
[3292] 2015/01/27 07:50:17.509 收到 Head 資訊 {Count 2} {Type C } 
[3292] 2015/01/27 07:50:17.511 收到 Head 資訊 {Count 2} {Type C } 
[3292] 2015/01/27 07:50:17.513 收到 Head 資訊 {Count 2} {Type C } 
[3292] 2015/01/27 07:50:17.515 收到 Head 資訊 {Count 2} {Type C } 
[3292] 2015/01/27 07:50:17.517 收到 Head 資訊 {Count 2} {Type C } 
[3292] 2015/01/27 07:50:17.519 收到 Head 資訊 {Count 2} {Type C } 
[3292] 2015/01/27 07:50:17.521 收到 Head 資訊 {Count 2} {Type C } 
[3292] 2015/01/27 07:50:17.523 收到 Head 資訊 {Count 2} {Type C } 
[3292] 2015/01/27 07:50:17.526 收到 Head 資訊 {Count 2} {Type C } 
[3292] 2015/01/27 07:50:17.528 收到 Head 資訊 {Count 2} {Type C } 
[3292] 2015/01/27 07:50:17.530 收到 Head 資訊 {Count 2} {Type C } 
[3292] 2015/01/27 07:50:17.532 收到 Head 資訊 {Count 2} {Type C } 
[3292] 2015/01/27 07:50:17.534 收到 Head 資訊 {Count 2} {Type C } 
[3292] 2015/01/27 07:50:17.536 收到 Head 資訊 {Count 2} {Type C } 
[3292] 2015/01/27 07:50:17.539 收到 Head 資訊 {Count 2} {Type C } 
[3292] 2015/01/27 07:50:17.541 收到 Head 資訊 {Count 2} {Type C } 
[3292] 2015/01/27 07:50:17.543 收到 Head 資訊 {Count 2} {Type C } 
[3292] 2015/01/27 07:50:17.544 收到 Head 資訊 {Count 2} {Type C } 
[3292] 2015/01/27 07:50:17.546 收到 Head 資訊 {Count 2} {Type C } 
[3292] 2015/01/27 07:50:17.548 收到 Head 資訊 {Count 2} {Type C } 
[3292] 2015/01/27 07:50:17.550 收到 Head 資訊 {Count 2} {Type C } 
[3292] 2015/01/27 07:50:17.552 收到 Head 資訊 {Count 2} {Type C } 
[3292] 2015/01/27 07:50:17.554 收到 Head 資訊 {Count 2} {Type C } 
[3292] 2015/01/27 07:50:17.556 收到 Head 資訊 {Count 2} {Type C } 
[3292] 2015/01/27 07:50:17.558 收到 Head 資訊 {Count 2} {Type C } 
[3292] 2015/01/27 07:50:17.560 收到 Head 資訊 {Count 2} {Type C } 
[3292] 2015/01/27 07:50:17.562 收到 Head 資訊 {Count 2} {Type C } 
[3292] 2015/01/27 07:50:17.564 收到 Head 資訊 {Count 2} {Type C } 
[3292] 2015/01/27 07:50:17.566 收到 Head 資訊 {Count 2} {Type C } 
[3292] 2015/01/27 07:50:17.568 收到 Head 資訊 {Count 2} {Type C } 
[3292] 2015/01/27 07:50:17.570 收到 Head 資訊 {Count 2} {Type C } 
[3292] 2015/01/27 07:50:17.572 收到 Head 資訊 {Count 2} {Type C } 
[3292] 2015/01/27 07:50:17.574 收到 Head 資訊 {Count 2} {Type C } 
[3292] 2015/01/27 07:50:17.576 收到 Head 資訊 {Count 2} {Type C } 
[3292] 2015/01/27 07:50:17.578 收到 Head 資訊 {Count 2} {Type C } 
[3292] 2015/01/27 07:50:17.580 收到 Head 資訊 {Count 2} {Type C } 
[3292] 2015/01/27 07:50:17.582 收到 Head 資訊 {Count 2} {Type D } 
[3292] 2015/01/27 07:50:17.584 收到 Head 資訊 {Count 2} {Type D } 
[3292] 2015/01/27 07:50:17.586 收到 Head 資訊 {Count 2} {Type C } 
[3292] 2015/01/27 07:50:17.588 收到 Head 資訊 {Count 2} {Type C } 
[3292] 2015/01/27 07:50:17.590 收到 Head 資訊 {Count 2} {Type C } 
[3292] 2015/01/27 07:50:17.591 收到 Head 資訊 {Count 2} {Type C } 
[3292] 2015/01/27 07:50:17.593 收到 Head 資訊 {Count 2} {Type C } 
[3292] 2015/01/27 07:50:17.595 收到 Head 資訊 {Count 2} {Type C } 
[3292] 2015/01/27 07:50:17.597 收到 Head 資訊 {Count 2} {Type C } 
[3292] 2015/01/27 07:50:17.598 收到 Head 資訊 {Count 2} {Type C } 
[3292] 2015/01/27 07:50:17.600 收到 Head 資訊 {Count 2} {Type C } 
[3292] 2015/01/27 07:50:17.602 收到 Head 資訊 {Count 2} {Type C } 
[3292] 2015/01/27 07:50:17.604 收到 Head 資訊 {Count 2} {Type C } 
[3292] 2015/01/27 07:50:17.606 收到 Head 資訊 {Count 2} {Type C } 
[3292] 2015/01/27 07:50:17.608 收到 Head 資訊 {Count 2} {Type C } 
[3292] 2015/01/27 07:50:17.610 收到 Head 資訊 {Count 2} {Type C } 
[3292] 2015/01/27 07:50:17.612 收到 Head 資訊 {Count 2} {Type B } 
2015/01/27 11:04:34.207 -----------
2015/01/27 11:04:34.209 API InitInstance 
2015/01/27 11:07:32.189 -----------
2015/01/27 11:07:32.190 API InitInstance 
2015/01/27 11:08:57.158 -----------
2015/01/27 11:08:57.159 API InitInstance 
2015/01/27 11:11:10.690 -----------
2015/01/27 11:11:10.691 API InitInstance 
2015/01/27 11:12:26.434 -----------
2015/01/27 11:12:26.435 API InitInstance 
[1488] 2015/01/27 14:30:12.451 API InitInstance 
[1680] 2015/01/27 15:26:12.260 API InitInstance 
