2015/01/18 07:32:30.546 -----------
2015/01/18 07:32:30.547 API InitInstance 
2015/01/18 07:32:36.639 E122828927 連線 Code：0
2015/01/18 07:32:37.642 收到 Head 資訊 {Count 2} {Type C } 
2015/01/18 07:32:37.644 收到 Head 資訊 {Count 2} {Type C } 
2015/01/18 07:32:37.645 收到 Head 資訊 {Count 2} {Type C } 
2015/01/18 07:32:37.647 收到 Head 資訊 {Count 2} {Type C } 
2015/01/18 07:32:37.649 收到 Head 資訊 {Count 2} {Type C } 
2015/01/18 07:32:37.651 收到 Head 資訊 {Count 2} {Type C } 
2015/01/18 07:32:37.652 收到 Head 資訊 {Count 2} {Type C } 
2015/01/18 07:32:37.654 收到 Head 資訊 {Count 2} {Type C } 
2015/01/18 07:32:37.656 收到 Head 資訊 {Count 2} {Type C } 
2015/01/18 07:32:37.658 收到 Head 資訊 {Count 2} {Type C } 
2015/01/18 07:32:37.660 收到 Head 資訊 {Count 2} {Type C } 
2015/01/18 07:32:37.662 收到 Head 資訊 {Count 2} {Type C } 
2015/01/18 07:32:37.663 收到 Head 資訊 {Count 2} {Type C } 
2015/01/18 07:32:37.665 收到 Head 資訊 {Count 2} {Type C } 
2015/01/18 07:32:37.667 收到 Head 資訊 {Count 2} {Type C } 
2015/01/18 07:32:37.669 收到 Head 資訊 {Count 2} {Type C } 
2015/01/18 07:32:37.670 收到 Head 資訊 {Count 2} {Type C } 
2015/01/18 07:32:37.672 收到 Head 資訊 {Count 2} {Type C } 
2015/01/18 07:32:37.674 收到 Head 資訊 {Count 2} {Type C } 
2015/01/18 07:32:37.676 收到 Head 資訊 {Count 2} {Type C } 
2015/01/18 07:32:37.677 收到 Head 資訊 {Count 2} {Type C } 
2015/01/18 07:32:37.679 收到 Head 資訊 {Count 2} {Type C } 
2015/01/18 07:32:37.681 收到 Head 資訊 {Count 2} {Type C } 
2015/01/18 07:32:37.683 收到 Head 資訊 {Count 2} {Type C } 
2015/01/18 07:32:37.685 收到 Head 資訊 {Count 2} {Type C } 
2015/01/18 07:32:37.686 收到 Head 資訊 {Count 2} {Type C } 
2015/01/18 07:32:37.688 收到 Head 資訊 {Count 2} {Type C } 
2015/01/18 07:32:37.690 收到 Head 資訊 {Count 2} {Type C } 
2015/01/18 07:32:37.692 收到 Head 資訊 {Count 2} {Type C } 
2015/01/18 07:32:37.693 收到 Head 資訊 {Count 2} {Type C } 
2015/01/18 07:32:37.695 收到 Head 資訊 {Count 2} {Type C } 
2015/01/18 07:32:37.696 收到 Head 資訊 {Count 2} {Type C } 
2015/01/18 07:32:37.698 收到 Head 資訊 {Count 2} {Type C } 
2015/01/18 07:32:37.700 收到 Head 資訊 {Count 2} {Type C } 
2015/01/18 07:32:37.701 收到 Head 資訊 {Count 2} {Type C } 
2015/01/18 07:32:37.703 收到 Head 資訊 {Count 2} {Type C } 
2015/01/18 07:32:37.705 收到 Head 資訊 {Count 2} {Type C } 
2015/01/18 07:32:37.707 收到 Head 資訊 {Count 2} {Type C } 
2015/01/18 07:32:37.708 收到 Head 資訊 {Count 2} {Type C } 
2015/01/18 07:32:37.710 收到 Head 資訊 {Count 2} {Type C } 
2015/01/18 07:32:37.711 收到 Head 資訊 {Count 2} {Type C } 
2015/01/18 07:32:37.713 收到 Head 資訊 {Count 2} {Type C } 
2015/01/18 07:32:37.715 收到 Head 資訊 {Count 2} {Type C } 
2015/01/18 07:32:37.716 收到 Head 資訊 {Count 2} {Type C } 
2015/01/18 07:32:37.718 收到 Head 資訊 {Count 2} {Type C } 
2015/01/18 07:32:37.720 收到 Head 資訊 {Count 2} {Type C } 
2015/01/18 07:32:37.722 收到 Head 資訊 {Count 2} {Type C } 
2015/01/18 07:32:37.723 收到 Head 資訊 {Count 2} {Type C } 
2015/01/18 07:32:37.725 收到 Head 資訊 {Count 2} {Type C } 
2015/01/18 07:32:37.727 收到 Head 資訊 {Count 2} {Type C } 
2015/01/18 07:32:37.729 收到 Head 資訊 {Count 2} {Type C } 
2015/01/18 07:32:37.731 收到 Head 資訊 {Count 2} {Type C } 
2015/01/18 07:32:37.732 收到 Head 資訊 {Count 2} {Type C } 
2015/01/18 07:32:37.734 收到 Head 資訊 {Count 2} {Type C } 
2015/01/18 07:32:37.736 收到 Head 資訊 {Count 2} {Type C } 
2015/01/18 07:32:37.738 收到 Head 資訊 {Count 2} {Type C } 
2015/01/18 07:32:37.739 收到 Head 資訊 {Count 2} {Type C } 
2015/01/18 07:32:37.741 收到 Head 資訊 {Count 2} {Type C } 
2015/01/18 07:32:37.743 收到 Head 資訊 {Count 2} {Type C } 
2015/01/18 07:32:37.745 收到 Head 資訊 {Count 2} {Type C } 
2015/01/18 07:32:37.746 收到 Head 資訊 {Count 2} {Type C } 
2015/01/18 07:32:37.748 收到 Head 資訊 {Count 2} {Type C } 
2015/01/18 07:32:37.750 收到 Head 資訊 {Count 2} {Type C } 
2015/01/18 07:32:37.752 收到 Head 資訊 {Count 2} {Type C } 
2015/01/18 07:32:37.753 收到 Head 資訊 {Count 2} {Type C } 
2015/01/18 07:32:37.755 收到 Head 資訊 {Count 2} {Type C } 
2015/01/18 07:32:37.757 收到 Head 資訊 {Count 2} {Type C } 
2015/01/18 07:32:37.758 收到 Head 資訊 {Count 2} {Type C } 
2015/01/18 07:32:37.760 收到 Head 資訊 {Count 2} {Type C } 
2015/01/18 07:32:37.762 收到 Head 資訊 {Count 2} {Type C } 
2015/01/18 07:32:37.764 收到 Head 資訊 {Count 2} {Type C } 
2015/01/18 07:32:37.765 收到 Head 資訊 {Count 2} {Type C } 
2015/01/18 07:32:37.767 收到 Head 資訊 {Count 2} {Type C } 
2015/01/18 07:32:37.769 收到 Head 資訊 {Count 2} {Type C } 
2015/01/18 07:32:37.771 收到 Head 資訊 {Count 2} {Type C } 
2015/01/18 07:32:37.772 收到 Head 資訊 {Count 2} {Type C } 
2015/01/18 07:32:37.774 收到 Head 資訊 {Count 2} {Type C } 
2015/01/18 07:32:37.776 收到 Head 資訊 {Count 2} {Type C } 
2015/01/18 07:32:37.778 收到 Head 資訊 {Count 2} {Type C } 
2015/01/18 07:32:37.780 收到 Head 資訊 {Count 2} {Type C } 
2015/01/18 07:32:37.781 收到 Head 資訊 {Count 2} {Type C } 
2015/01/18 07:32:37.783 收到 Head 資訊 {Count 2} {Type C } 
2015/01/18 07:32:37.785 收到 Head 資訊 {Count 2} {Type C } 
2015/01/18 07:32:37.787 收到 Head 資訊 {Count 2} {Type C } 
2015/01/18 07:32:37.788 收到 Head 資訊 {Count 2} {Type C } 
2015/01/18 07:32:37.790 收到 Head 資訊 {Count 2} {Type C } 
2015/01/18 07:32:37.792 收到 Head 資訊 {Count 2} {Type C } 
2015/01/18 07:32:37.793 收到 Head 資訊 {Count 2} {Type C } 
2015/01/18 07:32:37.795 收到 Head 資訊 {Count 2} {Type C } 
2015/01/18 07:32:37.797 收到 Head 資訊 {Count 2} {Type C } 
2015/01/18 07:32:37.798 收到 Head 資訊 {Count 2} {Type D } 
2015/01/18 07:32:37.800 收到 Head 資訊 {Count 2} {Type C } 
2015/01/18 07:32:37.802 收到 Head 資訊 {Count 2} {Type B } 
2015/01/18 07:38:46.350 -----------
2015/01/18 07:38:46.351 API InitInstance 
2015/01/18 07:39:29.144 -----------
2015/01/18 07:39:29.145 API InitInstance 
2015/01/18 07:40:10.800 E122828927 連線 Code：0
2015/01/18 07:40:14.143 收到 Head 資訊 {Count 2} {Type C } 
2015/01/18 07:40:14.145 收到 Head 資訊 {Count 2} {Type C } 
2015/01/18 07:40:14.146 收到 Head 資訊 {Count 2} {Type C } 
2015/01/18 07:40:14.148 收到 Head 資訊 {Count 2} {Type C } 
2015/01/18 07:40:14.149 收到 Head 資訊 {Count 2} {Type C } 
2015/01/18 07:40:14.151 收到 Head 資訊 {Count 2} {Type C } 
2015/01/18 07:40:14.152 收到 Head 資訊 {Count 2} {Type C } 
2015/01/18 07:40:14.156 收到 Head 資訊 {Count 2} {Type C } 
2015/01/18 07:40:14.158 收到 Head 資訊 {Count 2} {Type C } 
2015/01/18 07:40:14.163 收到 Head 資訊 {Count 2} {Type C } 
2015/01/18 07:40:17.242 收到 Head 資訊 {Count 2} {Type C } 
2015/01/18 07:40:17.244 收到 Head 資訊 {Count 2} {Type C } 
2015/01/18 07:40:17.247 收到 Head 資訊 {Count 2} {Type C } 
2015/01/18 07:40:17.248 收到 Head 資訊 {Count 2} {Type C } 
2015/01/18 07:40:17.250 收到 Head 資訊 {Count 2} {Type C } 
2015/01/18 07:40:17.253 收到 Head 資訊 {Count 2} {Type C } 
2015/01/18 07:40:17.255 收到 Head 資訊 {Count 2} {Type C } 
2015/01/18 07:40:17.256 收到 Head 資訊 {Count 2} {Type C } 
2015/01/18 07:40:17.258 收到 Head 資訊 {Count 2} {Type C } 
2015/01/18 07:40:17.259 收到 Head 資訊 {Count 2} {Type C } 
2015/01/18 07:40:17.262 收到 Head 資訊 {Count 2} {Type C } 
2015/01/18 07:40:17.264 收到 Head 資訊 {Count 2} {Type C } 
2015/01/18 07:40:21.049 收到 Head 資訊 {Count 2} {Type C } 
2015/01/18 07:40:21.052 收到 Head 資訊 {Count 2} {Type C } 
2015/01/18 07:40:21.054 收到 Head 資訊 {Count 2} {Type C } 
2015/01/18 07:40:21.056 收到 Head 資訊 {Count 2} {Type C } 
2015/01/18 07:40:21.057 收到 Head 資訊 {Count 2} {Type C } 
2015/01/18 07:40:21.059 收到 Head 資訊 {Count 2} {Type C } 
2015/01/18 07:40:21.061 收到 Head 資訊 {Count 2} {Type C } 
2015/01/18 07:40:21.063 收到 Head 資訊 {Count 2} {Type C } 
2015/01/18 07:40:21.064 收到 Head 資訊 {Count 2} {Type C } 
2015/01/18 07:40:21.066 收到 Head 資訊 {Count 2} {Type C } 
2015/01/18 07:40:21.068 收到 Head 資訊 {Count 2} {Type C } 
2015/01/18 07:40:21.070 收到 Head 資訊 {Count 2} {Type C } 
2015/01/18 07:40:21.071 收到 Head 資訊 {Count 2} {Type C } 
2015/01/18 07:40:21.073 收到 Head 資訊 {Count 2} {Type C } 
2015/01/18 07:40:21.075 收到 Head 資訊 {Count 2} {Type C } 
2015/01/18 07:40:21.077 收到 Head 資訊 {Count 2} {Type C } 
2015/01/18 07:40:21.079 收到 Head 資訊 {Count 2} {Type C } 
2015/01/18 07:40:21.081 收到 Head 資訊 {Count 2} {Type C } 
2015/01/18 07:40:21.082 收到 Head 資訊 {Count 2} {Type C } 
2015/01/18 07:40:21.084 收到 Head 資訊 {Count 2} {Type C } 
2015/01/18 07:40:21.085 收到 Head 資訊 {Count 2} {Type C } 
2015/01/18 07:40:21.087 收到 Head 資訊 {Count 2} {Type C } 
2015/01/18 07:40:21.089 收到 Head 資訊 {Count 2} {Type C } 
2015/01/18 07:40:21.091 收到 Head 資訊 {Count 2} {Type C } 
2015/01/18 07:40:21.092 收到 Head 資訊 {Count 2} {Type C } 
2015/01/18 07:40:21.094 收到 Head 資訊 {Count 2} {Type C } 
2015/01/18 07:40:21.096 收到 Head 資訊 {Count 2} {Type C } 
2015/01/18 07:40:21.098 收到 Head 資訊 {Count 2} {Type C } 
2015/01/18 07:40:21.100 收到 Head 資訊 {Count 2} {Type C } 
2015/01/18 07:40:21.101 收到 Head 資訊 {Count 2} {Type C } 
2015/01/18 07:40:21.103 收到 Head 資訊 {Count 2} {Type C } 
2015/01/18 07:40:21.105 收到 Head 資訊 {Count 2} {Type C } 
2015/01/18 07:40:21.107 收到 Head 資訊 {Count 2} {Type C } 
2015/01/18 07:40:21.108 收到 Head 資訊 {Count 2} {Type C } 
2015/01/18 07:40:21.110 收到 Head 資訊 {Count 2} {Type C } 
2015/01/18 07:40:21.112 收到 Head 資訊 {Count 2} {Type C } 
2015/01/18 07:40:21.113 收到 Head 資訊 {Count 2} {Type C } 
2015/01/18 07:40:21.115 收到 Head 資訊 {Count 2} {Type C } 
2015/01/18 07:40:21.116 收到 Head 資訊 {Count 2} {Type C } 
2015/01/18 07:40:21.118 收到 Head 資訊 {Count 2} {Type C } 
2015/01/18 07:40:21.119 收到 Head 資訊 {Count 2} {Type C } 
2015/01/18 07:40:21.121 收到 Head 資訊 {Count 2} {Type C } 
2015/01/18 07:40:21.123 收到 Head 資訊 {Count 2} {Type C } 
2015/01/18 07:40:21.124 收到 Head 資訊 {Count 2} {Type C } 
2015/01/18 07:40:21.126 收到 Head 資訊 {Count 2} {Type C } 
2015/01/18 07:40:21.128 收到 Head 資訊 {Count 2} {Type C } 
2015/01/18 07:40:21.130 收到 Head 資訊 {Count 2} {Type C } 
2015/01/18 07:40:21.131 收到 Head 資訊 {Count 2} {Type C } 
2015/01/18 07:40:21.133 收到 Head 資訊 {Count 2} {Type C } 
2015/01/18 07:40:21.135 收到 Head 資訊 {Count 2} {Type C } 
2015/01/18 07:40:21.137 收到 Head 資訊 {Count 2} {Type C } 
2015/01/18 07:40:21.139 收到 Head 資訊 {Count 2} {Type C } 
2015/01/18 07:40:21.140 收到 Head 資訊 {Count 2} {Type C } 
2015/01/18 07:40:21.142 收到 Head 資訊 {Count 2} {Type C } 
2015/01/18 07:40:21.144 收到 Head 資訊 {Count 2} {Type C } 
2015/01/18 07:40:21.146 收到 Head 資訊 {Count 2} {Type C } 
2015/01/18 07:40:21.148 收到 Head 資訊 {Count 2} {Type C } 
2015/01/18 07:40:21.149 收到 Head 資訊 {Count 2} {Type C } 
2015/01/18 07:40:21.151 收到 Head 資訊 {Count 2} {Type C } 
2015/01/18 07:40:21.153 收到 Head 資訊 {Count 2} {Type C } 
2015/01/18 07:40:21.155 收到 Head 資訊 {Count 2} {Type C } 
2015/01/18 07:40:21.156 收到 Head 資訊 {Count 2} {Type C } 
2015/01/18 07:40:21.158 收到 Head 資訊 {Count 2} {Type C } 
2015/01/18 07:40:21.160 收到 Head 資訊 {Count 2} {Type C } 
2015/01/18 07:40:21.161 收到 Head 資訊 {Count 2} {Type C } 
2015/01/18 07:40:21.163 收到 Head 資訊 {Count 2} {Type C } 
2015/01/18 07:40:21.165 收到 Head 資訊 {Count 2} {Type C } 
2015/01/18 07:40:21.166 收到 Head 資訊 {Count 2} {Type C } 
2015/01/18 07:40:21.168 收到 Head 資訊 {Count 2} {Type D } 
2015/01/18 07:40:21.170 收到 Head 資訊 {Count 2} {Type C } 
2015/01/18 07:40:21.172 收到 Head 資訊 {Count 2} {Type B } 
2015/01/18 07:40:52.791 連線確認 E122828927 (21,21)
2015/01/18 07:56:30.114 -----------
2015/01/18 07:56:30.115 API InitInstance 
2015/01/18 07:56:42.281 E122828927 連線 Code：0
2015/01/18 07:56:43.288 收到 Head 資訊 {Count 2} {Type C } 
2015/01/18 07:56:43.290 收到 Head 資訊 {Count 2} {Type C } 
2015/01/18 07:56:43.291 收到 Head 資訊 {Count 2} {Type C } 
2015/01/18 07:56:43.293 收到 Head 資訊 {Count 2} {Type C } 
2015/01/18 07:56:43.295 收到 Head 資訊 {Count 2} {Type C } 
2015/01/18 07:56:43.297 收到 Head 資訊 {Count 2} {Type C } 
2015/01/18 07:56:43.298 收到 Head 資訊 {Count 2} {Type C } 
2015/01/18 07:56:43.301 收到 Head 資訊 {Count 2} {Type C } 
2015/01/18 07:56:43.302 收到 Head 資訊 {Count 2} {Type C } 
2015/01/18 07:56:43.304 收到 Head 資訊 {Count 2} {Type C } 
2015/01/18 07:56:43.306 收到 Head 資訊 {Count 2} {Type C } 
2015/01/18 07:56:43.307 收到 Head 資訊 {Count 2} {Type C } 
2015/01/18 07:56:43.309 收到 Head 資訊 {Count 2} {Type C } 
2015/01/18 07:56:43.311 收到 Head 資訊 {Count 2} {Type C } 
2015/01/18 07:56:43.313 收到 Head 資訊 {Count 2} {Type C } 
2015/01/18 07:56:43.315 收到 Head 資訊 {Count 2} {Type C } 
2015/01/18 07:56:43.316 收到 Head 資訊 {Count 2} {Type C } 
2015/01/18 07:56:43.318 收到 Head 資訊 {Count 2} {Type C } 
2015/01/18 07:56:43.320 收到 Head 資訊 {Count 2} {Type C } 
2015/01/18 07:56:43.322 收到 Head 資訊 {Count 2} {Type C } 
2015/01/18 07:56:43.324 收到 Head 資訊 {Count 2} {Type C } 
2015/01/18 07:56:43.325 收到 Head 資訊 {Count 2} {Type C } 
2015/01/18 07:56:43.327 收到 Head 資訊 {Count 2} {Type C } 
2015/01/18 07:56:43.329 收到 Head 資訊 {Count 2} {Type C } 
2015/01/18 07:56:43.331 收到 Head 資訊 {Count 2} {Type C } 
2015/01/18 07:56:43.332 收到 Head 資訊 {Count 2} {Type C } 
2015/01/18 07:56:43.334 收到 Head 資訊 {Count 2} {Type C } 
2015/01/18 07:56:43.336 收到 Head 資訊 {Count 2} {Type C } 
2015/01/18 07:56:43.338 收到 Head 資訊 {Count 2} {Type C } 
2015/01/18 07:56:43.339 收到 Head 資訊 {Count 2} {Type C } 
2015/01/18 07:56:43.341 收到 Head 資訊 {Count 2} {Type C } 
2015/01/18 07:56:43.343 收到 Head 資訊 {Count 2} {Type C } 
2015/01/18 07:56:43.345 收到 Head 資訊 {Count 2} {Type C } 
2015/01/18 07:56:43.346 收到 Head 資訊 {Count 2} {Type C } 
2015/01/18 07:56:43.348 收到 Head 資訊 {Count 2} {Type C } 
2015/01/18 07:56:43.350 收到 Head 資訊 {Count 2} {Type C } 
2015/01/18 07:56:43.351 收到 Head 資訊 {Count 2} {Type C } 
2015/01/18 07:56:43.353 收到 Head 資訊 {Count 2} {Type C } 
2015/01/18 07:56:43.355 收到 Head 資訊 {Count 2} {Type C } 
2015/01/18 07:56:43.357 收到 Head 資訊 {Count 2} {Type C } 
2015/01/18 07:56:43.358 收到 Head 資訊 {Count 2} {Type C } 
2015/01/18 07:56:43.360 收到 Head 資訊 {Count 2} {Type C } 
2015/01/18 07:56:43.362 收到 Head 資訊 {Count 2} {Type C } 
2015/01/18 07:56:43.364 收到 Head 資訊 {Count 2} {Type C } 
2015/01/18 07:56:43.366 收到 Head 資訊 {Count 2} {Type C } 
2015/01/18 07:56:43.367 收到 Head 資訊 {Count 2} {Type C } 
2015/01/18 07:56:43.369 收到 Head 資訊 {Count 2} {Type C } 
2015/01/18 07:56:43.371 收到 Head 資訊 {Count 2} {Type C } 
2015/01/18 07:56:43.372 收到 Head 資訊 {Count 2} {Type C } 
2015/01/18 07:56:43.374 收到 Head 資訊 {Count 2} {Type C } 
2015/01/18 07:56:43.376 收到 Head 資訊 {Count 2} {Type C } 
2015/01/18 07:56:43.378 收到 Head 資訊 {Count 2} {Type C } 
2015/01/18 07:56:43.379 收到 Head 資訊 {Count 2} {Type C } 
2015/01/18 07:56:43.381 收到 Head 資訊 {Count 2} {Type C } 
2015/01/18 07:56:43.383 收到 Head 資訊 {Count 2} {Type C } 
2015/01/18 07:56:43.385 收到 Head 資訊 {Count 2} {Type C } 
2015/01/18 07:56:43.386 收到 Head 資訊 {Count 2} {Type C } 
2015/01/18 07:56:43.388 收到 Head 資訊 {Count 2} {Type C } 
2015/01/18 07:56:43.390 收到 Head 資訊 {Count 2} {Type C } 
2015/01/18 07:56:43.391 收到 Head 資訊 {Count 2} {Type C } 
2015/01/18 07:56:43.393 收到 Head 資訊 {Count 2} {Type C } 
2015/01/18 07:56:43.394 收到 Head 資訊 {Count 2} {Type C } 
2015/01/18 07:56:43.396 收到 Head 資訊 {Count 2} {Type C } 
2015/01/18 07:56:43.398 收到 Head 資訊 {Count 2} {Type C } 
2015/01/18 07:56:43.399 收到 Head 資訊 {Count 2} {Type C } 
2015/01/18 07:56:43.401 收到 Head 資訊 {Count 2} {Type C } 
2015/01/18 07:56:43.403 收到 Head 資訊 {Count 2} {Type C } 
2015/01/18 07:56:43.405 收到 Head 資訊 {Count 2} {Type C } 
2015/01/18 07:56:43.407 收到 Head 資訊 {Count 2} {Type C } 
2015/01/18 07:56:43.408 收到 Head 資訊 {Count 2} {Type C } 
2015/01/18 07:56:43.410 收到 Head 資訊 {Count 2} {Type C } 
2015/01/18 07:56:43.412 收到 Head 資訊 {Count 2} {Type C } 
2015/01/18 07:56:43.414 收到 Head 資訊 {Count 2} {Type C } 
2015/01/18 07:56:43.416 收到 Head 資訊 {Count 2} {Type C } 
2015/01/18 07:56:43.417 收到 Head 資訊 {Count 2} {Type C } 
2015/01/18 07:56:43.419 收到 Head 資訊 {Count 2} {Type C } 
2015/01/18 07:56:43.421 收到 Head 資訊 {Count 2} {Type C } 
2015/01/18 07:56:43.423 收到 Head 資訊 {Count 2} {Type C } 
2015/01/18 07:56:43.425 收到 Head 資訊 {Count 2} {Type C } 
2015/01/18 07:56:43.426 收到 Head 資訊 {Count 2} {Type C } 
2015/01/18 07:56:43.428 收到 Head 資訊 {Count 2} {Type C } 
2015/01/18 07:56:43.430 收到 Head 資訊 {Count 2} {Type C } 
2015/01/18 07:56:43.432 收到 Head 資訊 {Count 2} {Type C } 
2015/01/18 07:56:43.433 收到 Head 資訊 {Count 2} {Type C } 
2015/01/18 07:56:43.435 收到 Head 資訊 {Count 2} {Type C } 
2015/01/18 07:56:43.437 收到 Head 資訊 {Count 2} {Type C } 
2015/01/18 07:56:43.439 收到 Head 資訊 {Count 2} {Type C } 
2015/01/18 07:56:43.440 收到 Head 資訊 {Count 2} {Type C } 
2015/01/18 07:56:43.442 收到 Head 資訊 {Count 2} {Type C } 
2015/01/18 07:56:43.444 收到 Head 資訊 {Count 2} {Type C } 
2015/01/18 07:56:43.445 收到 Head 資訊 {Count 2} {Type D } 
2015/01/18 07:56:43.447 收到 Head 資訊 {Count 2} {Type C } 
2015/01/18 07:56:43.449 收到 Head 資訊 {Count 2} {Type B } 
2015/01/18 07:57:42.244 連線確認 E122828927 (21,21)
2015/01/18 08:15:01.642 -----------
2015/01/18 08:15:01.643 API InitInstance 
2015/01/18 08:15:06.981 E122828927 連線 Code：0
2015/01/18 08:15:07.983 收到 Head 資訊 {Count 2} {Type C } 
2015/01/18 08:15:07.985 收到 Head 資訊 {Count 2} {Type C } 
2015/01/18 08:15:07.986 收到 Head 資訊 {Count 2} {Type C } 
2015/01/18 08:15:07.988 收到 Head 資訊 {Count 2} {Type C } 
2015/01/18 08:15:07.990 收到 Head 資訊 {Count 2} {Type C } 
2015/01/18 08:15:07.992 收到 Head 資訊 {Count 2} {Type C } 
2015/01/18 08:15:07.994 收到 Head 資訊 {Count 2} {Type C } 
2015/01/18 08:15:07.995 收到 Head 資訊 {Count 2} {Type C } 
2015/01/18 08:15:07.997 收到 Head 資訊 {Count 2} {Type C } 
2015/01/18 08:15:07.999 收到 Head 資訊 {Count 2} {Type C } 
2015/01/18 08:15:08.001 收到 Head 資訊 {Count 2} {Type C } 
2015/01/18 08:15:08.002 收到 Head 資訊 {Count 2} {Type C } 
2015/01/18 08:15:08.004 收到 Head 資訊 {Count 2} {Type C } 
2015/01/18 08:15:08.005 收到 Head 資訊 {Count 2} {Type C } 
2015/01/18 08:15:08.007 收到 Head 資訊 {Count 2} {Type C } 
2015/01/18 08:15:08.009 收到 Head 資訊 {Count 2} {Type C } 
2015/01/18 08:15:08.011 收到 Head 資訊 {Count 2} {Type C } 
2015/01/18 08:15:08.012 收到 Head 資訊 {Count 2} {Type C } 
2015/01/18 08:15:08.014 收到 Head 資訊 {Count 2} {Type C } 
2015/01/18 08:15:08.016 收到 Head 資訊 {Count 2} {Type C } 
2015/01/18 08:15:08.017 收到 Head 資訊 {Count 2} {Type C } 
2015/01/18 08:15:08.019 收到 Head 資訊 {Count 2} {Type C } 
2015/01/18 08:15:08.021 收到 Head 資訊 {Count 2} {Type C } 
2015/01/18 08:15:08.023 收到 Head 資訊 {Count 2} {Type C } 
2015/01/18 08:15:08.025 收到 Head 資訊 {Count 2} {Type C } 
2015/01/18 08:15:08.027 收到 Head 資訊 {Count 2} {Type C } 
2015/01/18 08:15:08.029 收到 Head 資訊 {Count 2} {Type C } 
2015/01/18 08:15:08.030 收到 Head 資訊 {Count 2} {Type C } 
2015/01/18 08:15:08.032 收到 Head 資訊 {Count 2} {Type C } 
2015/01/18 08:15:08.034 收到 Head 資訊 {Count 2} {Type C } 
2015/01/18 08:15:08.036 收到 Head 資訊 {Count 2} {Type C } 
2015/01/18 08:15:08.038 收到 Head 資訊 {Count 2} {Type C } 
2015/01/18 08:15:08.040 收到 Head 資訊 {Count 2} {Type C } 
2015/01/18 08:15:08.042 收到 Head 資訊 {Count 2} {Type C } 
2015/01/18 08:15:08.043 收到 Head 資訊 {Count 2} {Type C } 
2015/01/18 08:15:08.045 收到 Head 資訊 {Count 2} {Type C } 
2015/01/18 08:15:08.047 收到 Head 資訊 {Count 2} {Type C } 
2015/01/18 08:15:08.049 收到 Head 資訊 {Count 2} {Type C } 
2015/01/18 08:15:08.051 收到 Head 資訊 {Count 2} {Type C } 
2015/01/18 08:15:08.053 收到 Head 資訊 {Count 2} {Type C } 
2015/01/18 08:15:08.055 收到 Head 資訊 {Count 2} {Type C } 
2015/01/18 08:15:08.056 收到 Head 資訊 {Count 2} {Type C } 
2015/01/18 08:15:08.058 收到 Head 資訊 {Count 2} {Type C } 
2015/01/18 08:15:08.060 收到 Head 資訊 {Count 2} {Type C } 
2015/01/18 08:15:08.062 收到 Head 資訊 {Count 2} {Type C } 
2015/01/18 08:15:08.064 收到 Head 資訊 {Count 2} {Type C } 
2015/01/18 08:15:08.066 收到 Head 資訊 {Count 2} {Type C } 
2015/01/18 08:15:08.068 收到 Head 資訊 {Count 2} {Type C } 
2015/01/18 08:15:08.070 收到 Head 資訊 {Count 2} {Type C } 
2015/01/18 08:15:08.071 收到 Head 資訊 {Count 2} {Type C } 
2015/01/18 08:15:08.073 收到 Head 資訊 {Count 2} {Type C } 
2015/01/18 08:15:08.075 收到 Head 資訊 {Count 2} {Type C } 
2015/01/18 08:15:08.077 收到 Head 資訊 {Count 2} {Type C } 
2015/01/18 08:15:08.079 收到 Head 資訊 {Count 2} {Type C } 
2015/01/18 08:15:08.081 收到 Head 資訊 {Count 2} {Type C } 
2015/01/18 08:15:08.082 收到 Head 資訊 {Count 2} {Type C } 
2015/01/18 08:15:08.084 收到 Head 資訊 {Count 2} {Type C } 
2015/01/18 08:15:08.086 收到 Head 資訊 {Count 2} {Type C } 
2015/01/18 08:15:08.088 收到 Head 資訊 {Count 2} {Type C } 
2015/01/18 08:15:08.090 收到 Head 資訊 {Count 2} {Type C } 
2015/01/18 08:15:08.092 收到 Head 資訊 {Count 2} {Type C } 
2015/01/18 08:15:08.093 收到 Head 資訊 {Count 2} {Type C } 
2015/01/18 08:15:08.095 收到 Head 資訊 {Count 2} {Type C } 
2015/01/18 08:15:08.097 收到 Head 資訊 {Count 2} {Type C } 
2015/01/18 08:15:08.099 收到 Head 資訊 {Count 2} {Type C } 
2015/01/18 08:15:08.101 收到 Head 資訊 {Count 2} {Type C } 
2015/01/18 08:15:08.103 收到 Head 資訊 {Count 2} {Type C } 
2015/01/18 08:15:08.104 收到 Head 資訊 {Count 2} {Type C } 
2015/01/18 08:15:08.106 收到 Head 資訊 {Count 2} {Type C } 
2015/01/18 08:15:08.108 收到 Head 資訊 {Count 2} {Type C } 
2015/01/18 08:15:08.110 收到 Head 資訊 {Count 2} {Type C } 
2015/01/18 08:15:08.112 收到 Head 資訊 {Count 2} {Type C } 
2015/01/18 08:15:08.114 收到 Head 資訊 {Count 2} {Type C } 
2015/01/18 08:15:08.116 收到 Head 資訊 {Count 2} {Type C } 
2015/01/18 08:15:08.117 收到 Head 資訊 {Count 2} {Type C } 
2015/01/18 08:15:08.119 收到 Head 資訊 {Count 2} {Type C } 
2015/01/18 08:15:08.121 收到 Head 資訊 {Count 2} {Type C } 
2015/01/18 08:15:08.123 收到 Head 資訊 {Count 2} {Type C } 
2015/01/18 08:15:08.125 收到 Head 資訊 {Count 2} {Type C } 
2015/01/18 08:15:08.127 收到 Head 資訊 {Count 2} {Type C } 
2015/01/18 08:15:08.128 收到 Head 資訊 {Count 2} {Type C } 
2015/01/18 08:15:08.130 收到 Head 資訊 {Count 2} {Type C } 
2015/01/18 08:15:08.132 收到 Head 資訊 {Count 2} {Type C } 
2015/01/18 08:15:08.134 收到 Head 資訊 {Count 2} {Type C } 
2015/01/18 08:15:08.136 收到 Head 資訊 {Count 2} {Type C } 
2015/01/18 08:15:08.138 收到 Head 資訊 {Count 2} {Type C } 
2015/01/18 08:15:08.140 收到 Head 資訊 {Count 2} {Type C } 
2015/01/18 08:15:08.141 收到 Head 資訊 {Count 2} {Type C } 
2015/01/18 08:15:08.143 收到 Head 資訊 {Count 2} {Type C } 
2015/01/18 08:15:08.145 收到 Head 資訊 {Count 2} {Type C } 
2015/01/18 08:15:08.147 收到 Head 資訊 {Count 2} {Type D } 
2015/01/18 08:15:08.149 收到 Head 資訊 {Count 2} {Type C } 
2015/01/18 08:15:08.150 收到 Head 資訊 {Count 2} {Type B } 
2015/01/18 08:15:33.467 API ExitInstance 
2015/01/18 08:17:16.546 -----------
2015/01/18 08:17:16.547 API InitInstance 
2015/01/18 08:17:25.537 API ExitInstance 
2015/01/18 08:17:55.142 -----------
2015/01/18 08:17:55.143 API InitInstance 
2015/01/18 08:17:59.235 E122828927 連線 Code：0
2015/01/18 08:18:00.237 收到 Head 資訊 {Count 2} {Type C } 
2015/01/18 08:18:00.239 收到 Head 資訊 {Count 2} {Type C } 
2015/01/18 08:18:00.240 收到 Head 資訊 {Count 2} {Type C } 
2015/01/18 08:18:00.242 收到 Head 資訊 {Count 2} {Type C } 
2015/01/18 08:18:00.244 收到 Head 資訊 {Count 2} {Type C } 
2015/01/18 08:18:00.246 收到 Head 資訊 {Count 2} {Type C } 
2015/01/18 08:18:00.248 收到 Head 資訊 {Count 2} {Type C } 
2015/01/18 08:18:00.250 收到 Head 資訊 {Count 2} {Type C } 
2015/01/18 08:18:00.251 收到 Head 資訊 {Count 2} {Type C } 
2015/01/18 08:18:00.253 收到 Head 資訊 {Count 2} {Type C } 
2015/01/18 08:18:00.255 收到 Head 資訊 {Count 2} {Type C } 
2015/01/18 08:18:00.256 收到 Head 資訊 {Count 2} {Type C } 
2015/01/18 08:18:00.258 收到 Head 資訊 {Count 2} {Type C } 
2015/01/18 08:18:00.259 收到 Head 資訊 {Count 2} {Type C } 
2015/01/18 08:18:00.261 收到 Head 資訊 {Count 2} {Type C } 
2015/01/18 08:18:00.263 收到 Head 資訊 {Count 2} {Type C } 
2015/01/18 08:18:00.265 收到 Head 資訊 {Count 2} {Type C } 
2015/01/18 08:18:00.267 收到 Head 資訊 {Count 2} {Type C } 
2015/01/18 08:18:00.268 收到 Head 資訊 {Count 2} {Type C } 
2015/01/18 08:18:00.270 收到 Head 資訊 {Count 2} {Type C } 
2015/01/18 08:18:00.272 收到 Head 資訊 {Count 2} {Type C } 
2015/01/18 08:18:00.273 收到 Head 資訊 {Count 2} {Type C } 
2015/01/18 08:18:00.275 收到 Head 資訊 {Count 2} {Type C } 
2015/01/18 08:18:00.276 收到 Head 資訊 {Count 2} {Type C } 
2015/01/18 08:18:00.278 收到 Head 資訊 {Count 2} {Type C } 
2015/01/18 08:18:00.279 收到 Head 資訊 {Count 2} {Type C } 
2015/01/18 08:18:00.281 收到 Head 資訊 {Count 2} {Type C } 
2015/01/18 08:18:00.283 收到 Head 資訊 {Count 2} {Type C } 
2015/01/18 08:18:00.284 收到 Head 資訊 {Count 2} {Type C } 
2015/01/18 08:18:00.286 收到 Head 資訊 {Count 2} {Type C } 
2015/01/18 08:18:00.287 收到 Head 資訊 {Count 2} {Type C } 
2015/01/18 08:18:00.289 收到 Head 資訊 {Count 2} {Type C } 
2015/01/18 08:18:00.291 收到 Head 資訊 {Count 2} {Type C } 
2015/01/18 08:18:00.293 收到 Head 資訊 {Count 2} {Type C } 
2015/01/18 08:18:00.294 收到 Head 資訊 {Count 2} {Type C } 
2015/01/18 08:18:00.296 收到 Head 資訊 {Count 2} {Type C } 
2015/01/18 08:18:00.298 收到 Head 資訊 {Count 2} {Type C } 
2015/01/18 08:18:00.300 收到 Head 資訊 {Count 2} {Type C } 
2015/01/18 08:18:00.302 收到 Head 資訊 {Count 2} {Type C } 
2015/01/18 08:18:00.303 收到 Head 資訊 {Count 2} {Type C } 
2015/01/18 08:18:00.305 收到 Head 資訊 {Count 2} {Type C } 
2015/01/18 08:18:00.307 收到 Head 資訊 {Count 2} {Type C } 
2015/01/18 08:18:00.308 收到 Head 資訊 {Count 2} {Type C } 
2015/01/18 08:18:00.310 收到 Head 資訊 {Count 2} {Type C } 
2015/01/18 08:18:00.312 收到 Head 資訊 {Count 2} {Type C } 
2015/01/18 08:18:00.313 收到 Head 資訊 {Count 2} {Type C } 
2015/01/18 08:18:00.315 收到 Head 資訊 {Count 2} {Type C } 
2015/01/18 08:18:00.317 收到 Head 資訊 {Count 2} {Type C } 
2015/01/18 08:18:00.318 收到 Head 資訊 {Count 2} {Type C } 
2015/01/18 08:18:00.320 收到 Head 資訊 {Count 2} {Type C } 
2015/01/18 08:18:00.322 收到 Head 資訊 {Count 2} {Type C } 
2015/01/18 08:18:00.323 收到 Head 資訊 {Count 2} {Type C } 
2015/01/18 08:18:00.325 收到 Head 資訊 {Count 2} {Type C } 
2015/01/18 08:18:00.327 收到 Head 資訊 {Count 2} {Type C } 
2015/01/18 08:18:00.328 收到 Head 資訊 {Count 2} {Type C } 
2015/01/18 08:18:00.330 收到 Head 資訊 {Count 2} {Type C } 
2015/01/18 08:18:00.332 收到 Head 資訊 {Count 2} {Type C } 
2015/01/18 08:18:00.333 收到 Head 資訊 {Count 2} {Type C } 
2015/01/18 08:18:00.335 收到 Head 資訊 {Count 2} {Type C } 
2015/01/18 08:18:00.337 收到 Head 資訊 {Count 2} {Type C } 
2015/01/18 08:18:00.339 收到 Head 資訊 {Count 2} {Type C } 
2015/01/18 08:18:00.341 收到 Head 資訊 {Count 2} {Type C } 
2015/01/18 08:18:00.342 收到 Head 資訊 {Count 2} {Type C } 
2015/01/18 08:18:00.344 收到 Head 資訊 {Count 2} {Type C } 
2015/01/18 08:18:00.346 收到 Head 資訊 {Count 2} {Type C } 
2015/01/18 08:18:00.348 收到 Head 資訊 {Count 2} {Type C } 
2015/01/18 08:18:00.350 收到 Head 資訊 {Count 2} {Type C } 
2015/01/18 08:18:00.351 收到 Head 資訊 {Count 2} {Type C } 
2015/01/18 08:18:00.353 收到 Head 資訊 {Count 2} {Type C } 
2015/01/18 08:18:00.355 收到 Head 資訊 {Count 2} {Type C } 
2015/01/18 08:18:00.357 收到 Head 資訊 {Count 2} {Type C } 
2015/01/18 08:18:00.359 收到 Head 資訊 {Count 2} {Type C } 
2015/01/18 08:18:00.360 收到 Head 資訊 {Count 2} {Type C } 
2015/01/18 08:18:00.362 收到 Head 資訊 {Count 2} {Type C } 
2015/01/18 08:18:00.363 收到 Head 資訊 {Count 2} {Type C } 
2015/01/18 08:18:00.365 收到 Head 資訊 {Count 2} {Type C } 
2015/01/18 08:18:00.367 收到 Head 資訊 {Count 2} {Type C } 
2015/01/18 08:18:00.369 收到 Head 資訊 {Count 2} {Type C } 
2015/01/18 08:18:00.371 收到 Head 資訊 {Count 2} {Type C } 
2015/01/18 08:18:00.372 收到 Head 資訊 {Count 2} {Type C } 
2015/01/18 08:18:00.374 收到 Head 資訊 {Count 2} {Type C } 
2015/01/18 08:18:00.376 收到 Head 資訊 {Count 2} {Type C } 
2015/01/18 08:18:00.378 收到 Head 資訊 {Count 2} {Type C } 
2015/01/18 08:18:00.380 收到 Head 資訊 {Count 2} {Type C } 
2015/01/18 08:18:00.381 收到 Head 資訊 {Count 2} {Type C } 
2015/01/18 08:18:00.383 收到 Head 資訊 {Count 2} {Type C } 
2015/01/18 08:18:00.385 收到 Head 資訊 {Count 2} {Type C } 
2015/01/18 08:18:00.387 收到 Head 資訊 {Count 2} {Type C } 
2015/01/18 08:18:00.389 收到 Head 資訊 {Count 2} {Type C } 
2015/01/18 08:18:00.390 收到 Head 資訊 {Count 2} {Type C } 
2015/01/18 08:18:00.392 收到 Head 資訊 {Count 2} {Type D } 
2015/01/18 08:18:00.394 收到 Head 資訊 {Count 2} {Type C } 
2015/01/18 08:18:00.396 收到 Head 資訊 {Count 2} {Type B } 
2015/01/18 08:18:59.220 連線確認 E122828927 (21,21)
2015/01/18 08:19:34.541 API ExitInstance 
2015/01/18 08:20:59.741 -----------
2015/01/18 08:20:59.742 API InitInstance 
2015/01/18 08:21:03.827 E122828927 連線 Code：0
2015/01/18 08:21:04.829 收到 Head 資訊 {Count 2} {Type C } 
2015/01/18 08:21:04.838 收到 Head 資訊 {Count 2} {Type C } 
2015/01/18 08:21:04.840 收到 Head 資訊 {Count 2} {Type C } 
2015/01/18 08:21:04.842 收到 Head 資訊 {Count 2} {Type C } 
2015/01/18 08:21:04.843 收到 Head 資訊 {Count 2} {Type C } 
2015/01/18 08:21:04.845 收到 Head 資訊 {Count 2} {Type C } 
2015/01/18 08:21:04.847 收到 Head 資訊 {Count 2} {Type C } 
2015/01/18 08:21:04.849 收到 Head 資訊 {Count 2} {Type C } 
2015/01/18 08:21:04.851 收到 Head 資訊 {Count 2} {Type C } 
2015/01/18 08:21:04.853 收到 Head 資訊 {Count 2} {Type C } 
2015/01/18 08:21:04.854 收到 Head 資訊 {Count 2} {Type C } 
2015/01/18 08:21:04.856 收到 Head 資訊 {Count 2} {Type C } 
2015/01/18 08:21:04.858 收到 Head 資訊 {Count 2} {Type C } 
2015/01/18 08:21:04.860 收到 Head 資訊 {Count 2} {Type C } 
2015/01/18 08:21:04.861 收到 Head 資訊 {Count 2} {Type C } 
2015/01/18 08:21:04.863 收到 Head 資訊 {Count 2} {Type C } 
2015/01/18 08:21:04.864 收到 Head 資訊 {Count 2} {Type C } 
2015/01/18 08:21:04.866 收到 Head 資訊 {Count 2} {Type C } 
2015/01/18 08:21:04.868 收到 Head 資訊 {Count 2} {Type C } 
2015/01/18 08:21:04.870 收到 Head 資訊 {Count 2} {Type C } 
2015/01/18 08:21:04.872 收到 Head 資訊 {Count 2} {Type C } 
2015/01/18 08:21:04.874 收到 Head 資訊 {Count 2} {Type C } 
2015/01/18 08:21:04.875 收到 Head 資訊 {Count 2} {Type C } 
2015/01/18 08:21:04.877 收到 Head 資訊 {Count 2} {Type C } 
2015/01/18 08:21:04.879 收到 Head 資訊 {Count 2} {Type C } 
2015/01/18 08:21:04.880 收到 Head 資訊 {Count 2} {Type C } 
2015/01/18 08:21:04.882 收到 Head 資訊 {Count 2} {Type C } 
2015/01/18 08:21:04.884 收到 Head 資訊 {Count 2} {Type C } 
2015/01/18 08:21:04.885 收到 Head 資訊 {Count 2} {Type C } 
2015/01/18 08:21:04.887 收到 Head 資訊 {Count 2} {Type C } 
2015/01/18 08:21:04.888 收到 Head 資訊 {Count 2} {Type C } 
2015/01/18 08:21:04.890 收到 Head 資訊 {Count 2} {Type C } 
2015/01/18 08:21:04.892 收到 Head 資訊 {Count 2} {Type C } 
2015/01/18 08:21:04.893 收到 Head 資訊 {Count 2} {Type C } 
2015/01/18 08:21:04.895 收到 Head 資訊 {Count 2} {Type C } 
2015/01/18 08:21:04.896 收到 Head 資訊 {Count 2} {Type C } 
2015/01/18 08:21:04.898 收到 Head 資訊 {Count 2} {Type C } 
2015/01/18 08:21:04.900 收到 Head 資訊 {Count 2} {Type C } 
2015/01/18 08:21:04.901 收到 Head 資訊 {Count 2} {Type C } 
2015/01/18 08:21:04.903 收到 Head 資訊 {Count 2} {Type C } 
2015/01/18 08:21:04.905 收到 Head 資訊 {Count 2} {Type C } 
2015/01/18 08:21:04.907 收到 Head 資訊 {Count 2} {Type C } 
2015/01/18 08:21:04.909 收到 Head 資訊 {Count 2} {Type C } 
2015/01/18 08:21:04.910 收到 Head 資訊 {Count 2} {Type C } 
2015/01/18 08:21:04.912 收到 Head 資訊 {Count 2} {Type C } 
2015/01/18 08:21:04.914 收到 Head 資訊 {Count 2} {Type C } 
2015/01/18 08:21:04.916 收到 Head 資訊 {Count 2} {Type C } 
2015/01/18 08:21:04.918 收到 Head 資訊 {Count 2} {Type C } 
2015/01/18 08:21:04.919 收到 Head 資訊 {Count 2} {Type C } 
2015/01/18 08:21:04.921 收到 Head 資訊 {Count 2} {Type C } 
2015/01/18 08:21:04.923 收到 Head 資訊 {Count 2} {Type C } 
2015/01/18 08:21:04.925 收到 Head 資訊 {Count 2} {Type C } 
2015/01/18 08:21:04.926 收到 Head 資訊 {Count 2} {Type C } 
2015/01/18 08:21:04.928 收到 Head 資訊 {Count 2} {Type C } 
2015/01/18 08:21:04.930 收到 Head 資訊 {Count 2} {Type C } 
2015/01/18 08:21:04.932 收到 Head 資訊 {Count 2} {Type C } 
2015/01/18 08:21:04.933 收到 Head 資訊 {Count 2} {Type C } 
2015/01/18 08:21:04.935 收到 Head 資訊 {Count 2} {Type C } 
2015/01/18 08:21:04.937 收到 Head 資訊 {Count 2} {Type C } 
2015/01/18 08:21:04.938 收到 Head 資訊 {Count 2} {Type C } 
2015/01/18 08:21:04.940 收到 Head 資訊 {Count 2} {Type C } 
2015/01/18 08:21:04.942 收到 Head 資訊 {Count 2} {Type C } 
2015/01/18 08:21:04.943 收到 Head 資訊 {Count 2} {Type C } 
2015/01/18 08:21:04.945 收到 Head 資訊 {Count 2} {Type C } 
2015/01/18 08:21:04.947 收到 Head 資訊 {Count 2} {Type C } 
2015/01/18 08:21:04.949 收到 Head 資訊 {Count 2} {Type C } 
2015/01/18 08:21:04.951 收到 Head 資訊 {Count 2} {Type C } 
2015/01/18 08:21:04.952 收到 Head 資訊 {Count 2} {Type C } 
2015/01/18 08:21:04.954 收到 Head 資訊 {Count 2} {Type C } 
2015/01/18 08:21:04.956 收到 Head 資訊 {Count 2} {Type C } 
2015/01/18 08:21:04.958 收到 Head 資訊 {Count 2} {Type C } 
2015/01/18 08:21:04.959 收到 Head 資訊 {Count 2} {Type C } 
2015/01/18 08:21:04.961 收到 Head 資訊 {Count 2} {Type C } 
2015/01/18 08:21:04.962 收到 Head 資訊 {Count 2} {Type C } 
2015/01/18 08:21:04.964 收到 Head 資訊 {Count 2} {Type C } 
2015/01/18 08:21:04.966 收到 Head 資訊 {Count 2} {Type C } 
2015/01/18 08:21:04.967 收到 Head 資訊 {Count 2} {Type C } 
2015/01/18 08:21:04.969 收到 Head 資訊 {Count 2} {Type C } 
2015/01/18 08:21:04.971 收到 Head 資訊 {Count 2} {Type C } 
2015/01/18 08:21:04.973 收到 Head 資訊 {Count 2} {Type C } 
2015/01/18 08:21:04.974 收到 Head 資訊 {Count 2} {Type C } 
2015/01/18 08:21:04.976 收到 Head 資訊 {Count 2} {Type C } 
2015/01/18 08:21:04.978 收到 Head 資訊 {Count 2} {Type C } 
2015/01/18 08:21:04.980 收到 Head 資訊 {Count 2} {Type C } 
2015/01/18 08:21:04.982 收到 Head 資訊 {Count 2} {Type C } 
2015/01/18 08:21:04.983 收到 Head 資訊 {Count 2} {Type C } 
2015/01/18 08:21:04.985 收到 Head 資訊 {Count 2} {Type C } 
2015/01/18 08:21:04.987 收到 Head 資訊 {Count 2} {Type C } 
2015/01/18 08:21:04.989 收到 Head 資訊 {Count 2} {Type C } 
2015/01/18 08:21:04.990 收到 Head 資訊 {Count 2} {Type C } 
2015/01/18 08:21:04.992 收到 Head 資訊 {Count 2} {Type D } 
2015/01/18 08:21:04.994 收到 Head 資訊 {Count 2} {Type C } 
2015/01/18 08:21:04.996 收到 Head 資訊 {Count 2} {Type B } 
