[2848] 2015/01/29 07:40:11.012 SKOrderLib ª©¥» 2.1.22
[2848] 2015/01/29 07:40:11.015 Login ID: E122828927
[2848] 2015/01/29 07:40:11.600 CALL SKOrderLib_ReadCertByID(E122828927)
[2848] 2015/01/29 07:40:11.740 CALL RegisterOnAccountCallBack()
[2848] 2015/01/29 07:40:11.742 CALL GetUserAccount()
[2848] 2015/01/29 07:40:11.743 TS,918J,918J,0456453,E122828927,±d§Óºú,0,0
[2848] 2015/01/29 07:40:11.745 TF,F020000,B17,1709003,E122828927,±d§Óºú,0,0
[2848] 2015/01/29 07:40:11.747 OF,F020000,000,1709003,E122828927,±d§Óºú,0,0
[2848] 2015/01/29 07:40:11.749 CALL RegisterOnOrderAsyncReportCallBack()
[2848] 2015/01/29 07:40:11.751 CALL RegisterOnExecutionReportCallBack()
[568] 2015/01/29 14:30:11.254 SKOrderLib ª©¥» 2.1.22
[568] 2015/01/29 14:30:11.257 Login ID: E122828927
[568] 2015/01/29 14:30:13.109 CALL SKOrderLib_ReadCertByID(E122828927)
[568] 2015/01/29 14:30:13.253 CALL RegisterOnAccountCallBack()
[568] 2015/01/29 14:30:13.255 CALL GetUserAccount()
[568] 2015/01/29 14:30:13.256 TS,918J,918J,0456453,E122828927,±d§Óºú,0,0
[568] 2015/01/29 14:30:13.258 TF,F020000,B17,1709003,E122828927,±d§Óºú,0,0
[568] 2015/01/29 14:30:13.260 OF,F020000,000,1709003,E122828927,±d§Óºú,0,0
[568] 2015/01/29 14:30:13.262 CALL RegisterOnOrderAsyncReportCallBack()
[568] 2015/01/29 14:30:13.264 CALL RegisterOnExecutionReportCallBack()
[3268] 2015/01/29 15:26:10.791 SKOrderLib ª©¥» 2.1.22
[3268] 2015/01/29 15:26:10.793 Login ID: E122828927
[3268] 2015/01/29 15:26:11.356 CALL SKOrderLib_ReadCertByID(E122828927)
[3268] 2015/01/29 15:26:11.507 CALL RegisterOnAccountCallBack()
[3268] 2015/01/29 15:26:11.509 CALL GetUserAccount()
[3268] 2015/01/29 15:26:11.510 TS,918J,918J,0456453,E122828927,±d§Óºú,0,0
[3268] 2015/01/29 15:26:11.512 TF,F020000,B17,1709003,E122828927,±d§Óºú,0,0
[3268] 2015/01/29 15:26:11.513 OF,F020000,000,1709003,E122828927,±d§Óºú,0,0
[3268] 2015/01/29 15:26:11.515 CALL RegisterOnOrderAsyncReportCallBack()
[3268] 2015/01/29 15:26:11.517 CALL RegisterOnExecutionReportCallBack()
