[5116] 2015/01/23 02:30:13.474 SKOrderLib ª©¥» 2.1.22
[5116] 2015/01/23 02:30:13.477 Login ID: E122828927
[5116] 2015/01/23 02:30:14.139 CALL SKOrderLib_ReadCertByID(E122828927)
[5116] 2015/01/23 02:30:14.422 CALL RegisterOnAccountCallBack()
[5116] 2015/01/23 02:30:14.424 CALL GetUserAccount()
[5116] 2015/01/23 02:30:14.426 TS,918J,918J,0456453,E122828927,±d§Óºú,0,0
[5116] 2015/01/23 02:30:14.428 TF,F020000,B17,1709003,E122828927,±d§Óºú,0,0
[5116] 2015/01/23 02:30:14.430 OF,F020000,000,1709003,E122828927,±d§Óºú,0,0
[5116] 2015/01/23 02:30:14.433 CALL RegisterOnOrderAsyncReportCallBack()
[5116] 2015/01/23 02:30:14.435 CALL RegisterOnExecutionReportCallBack()
[4028] 2015/01/23 07:40:12.918 SKOrderLib ª©¥» 2.1.22
[4028] 2015/01/23 07:40:12.921 Login ID: E122828927
[4028] 2015/01/23 07:40:13.594 CALL SKOrderLib_ReadCertByID(E122828927)
[4028] 2015/01/23 07:40:13.843 CALL RegisterOnAccountCallBack()
[4028] 2015/01/23 07:40:13.845 CALL GetUserAccount()
[4028] 2015/01/23 07:40:13.846 TS,918J,918J,0456453,E122828927,±d§Óºú,0,0
[4028] 2015/01/23 07:40:13.849 TF,F020000,B17,1709003,E122828927,±d§Óºú,0,0
[4028] 2015/01/23 07:40:13.850 OF,F020000,000,1709003,E122828927,±d§Óºú,0,0
[4028] 2015/01/23 07:40:13.853 CALL RegisterOnOrderAsyncReportCallBack()
[4028] 2015/01/23 07:40:13.855 CALL RegisterOnExecutionReportCallBack()
[3416] 2015/01/23 14:30:12.913 SKOrderLib ª©¥» 2.1.22
[3416] 2015/01/23 14:30:12.917 Login ID: E122828927
[3416] 2015/01/23 14:30:13.598 CALL SKOrderLib_ReadCertByID(E122828927)
[3416] 2015/01/23 14:30:13.816 CALL RegisterOnAccountCallBack()
[3416] 2015/01/23 14:30:13.817 CALL GetUserAccount()
[3416] 2015/01/23 14:30:13.819 TS,918J,918J,0456453,E122828927,±d§Óºú,0,0
[3416] 2015/01/23 14:30:13.821 TF,F020000,B17,1709003,E122828927,±d§Óºú,0,0
[3416] 2015/01/23 14:30:13.823 OF,F020000,000,1709003,E122828927,±d§Óºú,0,0
[3416] 2015/01/23 14:30:13.826 CALL RegisterOnOrderAsyncReportCallBack()
[3416] 2015/01/23 14:30:13.828 CALL RegisterOnExecutionReportCallBack()
