[5112] 2015/01/19 02:30:11.431 SKOrderLib ª©¥» 2.1.22
[5112] 2015/01/19 02:30:11.433 Login ID: E122828927
[5112] 2015/01/19 02:30:12.045 CALL SKOrderLib_ReadCertByID(E122828927)
[5112] 2015/01/19 02:30:12.388 CALL RegisterOnAccountCallBack()
[5112] 2015/01/19 02:30:12.389 CALL GetUserAccount()
[5112] 2015/01/19 02:30:12.390 TS,918J,918J,0456453,E122828927,±d§Óºú,0,0
[5112] 2015/01/19 02:30:12.391 TF,F020000,B17,1709003,E122828927,±d§Óºú,0,0
[5112] 2015/01/19 02:30:12.392 OF,F020000,000,1709003,E122828927,±d§Óºú,0,0
[5112] 2015/01/19 02:30:12.394 CALL RegisterOnOrderAsyncReportCallBack()
[5112] 2015/01/19 02:30:12.395 CALL RegisterOnExecutionReportCallBack()
[4672] 2015/01/19 07:40:11.033 SKOrderLib ª©¥» 2.1.22
[4672] 2015/01/19 07:40:11.036 Login ID: E122828927
[4672] 2015/01/19 07:40:11.680 CALL SKOrderLib_ReadCertByID(E122828927)
[4672] 2015/01/19 07:40:11.884 CALL RegisterOnAccountCallBack()
[4672] 2015/01/19 07:40:11.886 CALL GetUserAccount()
[4672] 2015/01/19 07:40:11.887 TS,918J,918J,0456453,E122828927,±d§Óºú,0,0
[4672] 2015/01/19 07:40:11.889 TF,F020000,B17,1709003,E122828927,±d§Óºú,0,0
[4672] 2015/01/19 07:40:11.891 OF,F020000,000,1709003,E122828927,±d§Óºú,0,0
[4672] 2015/01/19 07:40:11.893 CALL RegisterOnOrderAsyncReportCallBack()
[4672] 2015/01/19 07:40:11.895 CALL RegisterOnExecutionReportCallBack()
[120] 2015/01/19 14:30:11.101 SKOrderLib ª©¥» 2.1.22
[120] 2015/01/19 14:30:11.104 Login ID: E122828927
[120] 2015/01/19 14:30:11.915 CALL SKOrderLib_ReadCertByID(E122828927)
[120] 2015/01/19 14:30:12.115 CALL RegisterOnAccountCallBack()
[120] 2015/01/19 14:30:12.117 CALL GetUserAccount()
[120] 2015/01/19 14:30:12.118 TS,918J,918J,0456453,E122828927,±d§Óºú,0,0
[120] 2015/01/19 14:30:12.120 TF,F020000,B17,1709003,E122828927,±d§Óºú,0,0
[120] 2015/01/19 14:30:12.122 OF,F020000,000,1709003,E122828927,±d§Óºú,0,0
[120] 2015/01/19 14:30:12.124 CALL RegisterOnOrderAsyncReportCallBack()
[120] 2015/01/19 14:30:12.126 CALL RegisterOnExecutionReportCallBack()
