[3748] 2015/01/27 02:30:19.040 SKOrderLib ª©¥» 2.1.22
[3748] 2015/01/27 02:30:19.042 Login ID: E122828927
[3748] 2015/01/27 02:30:19.595 CALL SKOrderLib_ReadCertByID(E122828927)
[3748] 2015/01/27 02:30:19.846 CALL RegisterOnAccountCallBack()
[3748] 2015/01/27 02:30:19.847 CALL GetUserAccount()
[3748] 2015/01/27 02:30:19.849 TS,918J,918J,0456453,E122828927,±d§Óºú,0,0
[3748] 2015/01/27 02:30:19.851 TF,F020000,B17,1709003,E122828927,±d§Óºú,0,0
[3748] 2015/01/27 02:30:19.853 OF,F020000,000,1709003,E122828927,±d§Óºú,0,0
[3748] 2015/01/27 02:30:19.855 CALL RegisterOnOrderAsyncReportCallBack()
[3748] 2015/01/27 02:30:19.858 CALL RegisterOnExecutionReportCallBack()
[1656] 2015/01/27 06:53:15.608 SKOrderLib ª©¥» 2.1.22
[1656] 2015/01/27 06:53:15.611 Login ID: E122828927
[1656] 2015/01/27 06:53:16.249 CALL SKOrderLib_ReadCertByID(E122828927)
[1656] 2015/01/27 06:53:16.412 CALL RegisterOnAccountCallBack()
[1656] 2015/01/27 06:53:16.414 CALL GetUserAccount()
[1656] 2015/01/27 06:53:16.415 TS,918J,918J,0456453,E122828927,±d§Óºú,0,0
[1656] 2015/01/27 06:53:16.418 TF,F020000,B17,1709003,E122828927,±d§Óºú,0,0
[1656] 2015/01/27 06:53:16.420 OF,F020000,000,1709003,E122828927,±d§Óºú,0,0
[1656] 2015/01/27 06:53:16.422 CALL RegisterOnOrderAsyncReportCallBack()
[1656] 2015/01/27 06:53:16.425 CALL RegisterOnExecutionReportCallBack()
[1656] 2015/01/27 06:53:23.213 CALL RegisterOnOverseaFutureOpenInterestCallBack()
[1656] 2015/01/27 06:53:23.215 CALL GetOverseaFutureOpenInterest(F0200001709003)
[964] 2015/01/27 06:56:44.963 SKOrderLib ª©¥» 2.1.22
[964] 2015/01/27 06:56:44.966 Login ID: E122828927
[964] 2015/01/27 06:56:45.690 CALL SKOrderLib_ReadCertByID(E122828927)
[964] 2015/01/27 06:56:45.887 CALL RegisterOnAccountCallBack()
[964] 2015/01/27 06:56:45.889 CALL GetUserAccount()
[964] 2015/01/27 06:56:45.891 TS,918J,918J,0456453,E122828927,±d§Óºú,0,0
[964] 2015/01/27 06:56:45.893 TF,F020000,B17,1709003,E122828927,±d§Óºú,0,0
[964] 2015/01/27 06:56:45.895 OF,F020000,000,1709003,E122828927,±d§Óºú,0,0
[964] 2015/01/27 06:56:45.898 CALL RegisterOnOrderAsyncReportCallBack()
[964] 2015/01/27 06:56:45.900 CALL RegisterOnExecutionReportCallBack()
[4156] 2015/01/27 06:57:29.211 SKOrderLib ª©¥» 2.1.22
[4156] 2015/01/27 06:57:29.214 Login ID: E122828927
[4156] 2015/01/27 06:57:29.833 CALL SKOrderLib_ReadCertByID(E122828927)
[4156] 2015/01/27 06:57:29.971 CALL RegisterOnAccountCallBack()
[4156] 2015/01/27 06:57:29.973 CALL GetUserAccount()
[4156] 2015/01/27 06:57:29.974 TS,918J,918J,0456453,E122828927,±d§Óºú,0,0
[4156] 2015/01/27 06:57:29.976 TF,F020000,B17,1709003,E122828927,±d§Óºú,0,0
[4156] 2015/01/27 06:57:29.978 OF,F020000,000,1709003,E122828927,±d§Óºú,0,0
[4156] 2015/01/27 06:57:29.981 CALL RegisterOnOrderAsyncReportCallBack()
[4156] 2015/01/27 06:57:29.983 CALL RegisterOnExecutionReportCallBack()
[4132] 2015/01/27 07:12:45.839 SKOrderLib ª©¥» 2.1.22
[4132] 2015/01/27 07:12:45.842 Login ID: E122828927
[4132] 2015/01/27 07:12:46.499 CALL SKOrderLib_ReadCertByID(E122828927)
[4132] 2015/01/27 07:12:46.649 CALL RegisterOnAccountCallBack()
[4132] 2015/01/27 07:12:46.651 CALL GetUserAccount()
[4132] 2015/01/27 07:12:46.652 TS,918J,918J,0456453,E122828927,±d§Óºú,0,0
[4132] 2015/01/27 07:12:46.655 TF,F020000,B17,1709003,E122828927,±d§Óºú,0,0
[4132] 2015/01/27 07:12:46.656 OF,F020000,000,1709003,E122828927,±d§Óºú,0,0
[4132] 2015/01/27 07:12:46.659 CALL RegisterOnOrderAsyncReportCallBack()
[4132] 2015/01/27 07:12:46.661 CALL RegisterOnExecutionReportCallBack()
[4924] 2015/01/27 07:13:46.551 SKOrderLib ª©¥» 2.1.22
[4924] 2015/01/27 07:13:46.554 Login ID: E122828927
[4924] 2015/01/27 07:13:47.308 CALL SKOrderLib_ReadCertByID(E122828927)
[4924] 2015/01/27 07:13:47.459 CALL RegisterOnAccountCallBack()
[4924] 2015/01/27 07:13:47.461 CALL GetUserAccount()
[4924] 2015/01/27 07:13:47.462 TS,918J,918J,0456453,E122828927,±d§Óºú,0,0
[4924] 2015/01/27 07:13:47.464 TF,F020000,B17,1709003,E122828927,±d§Óºú,0,0
[4924] 2015/01/27 07:13:47.466 OF,F020000,000,1709003,E122828927,±d§Óºú,0,0
[4924] 2015/01/27 07:13:47.469 CALL RegisterOnOrderAsyncReportCallBack()
[4924] 2015/01/27 07:13:47.471 CALL RegisterOnExecutionReportCallBack()
[1804] 2015/01/27 07:14:12.583 SKOrderLib ª©¥» 2.1.22
[1804] 2015/01/27 07:14:12.589 Login ID: E122828927
[1804] 2015/01/27 07:14:13.530 CALL SKOrderLib_ReadCertByID(E122828927)
[1804] 2015/01/27 07:14:13.670 CALL RegisterOnAccountCallBack()
[1804] 2015/01/27 07:14:13.672 CALL GetUserAccount()
[1804] 2015/01/27 07:14:13.673 TS,918J,918J,0456453,E122828927,±d§Óºú,0,0
[1804] 2015/01/27 07:14:13.675 TF,F020000,B17,1709003,E122828927,±d§Óºú,0,0
[1804] 2015/01/27 07:14:13.677 OF,F020000,000,1709003,E122828927,±d§Óºú,0,0
[1804] 2015/01/27 07:14:13.680 CALL RegisterOnOrderAsyncReportCallBack()
[1804] 2015/01/27 07:14:13.682 CALL RegisterOnExecutionReportCallBack()
[4560] 2015/01/27 07:18:29.677 SKOrderLib ª©¥» 2.1.22
[4560] 2015/01/27 07:18:29.680 Login ID: E122828927
[4560] 2015/01/27 07:18:30.350 CALL SKOrderLib_ReadCertByID(E122828927)
[4560] 2015/01/27 07:18:30.488 CALL RegisterOnAccountCallBack()
[4560] 2015/01/27 07:18:30.490 CALL GetUserAccount()
[4560] 2015/01/27 07:18:30.491 TS,918J,918J,0456453,E122828927,±d§Óºú,0,0
[4560] 2015/01/27 07:18:30.493 TF,F020000,B17,1709003,E122828927,±d§Óºú,0,0
[4560] 2015/01/27 07:18:30.495 OF,F020000,000,1709003,E122828927,±d§Óºú,0,0
[4560] 2015/01/27 07:18:30.498 CALL RegisterOnOrderAsyncReportCallBack()
[4560] 2015/01/27 07:18:30.500 CALL RegisterOnExecutionReportCallBack()
[4704] 2015/01/27 07:18:46.644 SKOrderLib ª©¥» 2.1.22
[4704] 2015/01/27 07:18:46.647 Login ID: E122828927
[4704] 2015/01/27 07:18:47.314 CALL SKOrderLib_ReadCertByID(E122828927)
[4704] 2015/01/27 07:18:47.455 CALL RegisterOnAccountCallBack()
[4704] 2015/01/27 07:18:47.457 CALL GetUserAccount()
[4704] 2015/01/27 07:18:47.458 TS,918J,918J,0456453,E122828927,±d§Óºú,0,0
[4704] 2015/01/27 07:18:47.461 TF,F020000,B17,1709003,E122828927,±d§Óºú,0,0
[4704] 2015/01/27 07:18:47.462 OF,F020000,000,1709003,E122828927,±d§Óºú,0,0
[4704] 2015/01/27 07:18:47.465 CALL RegisterOnOrderAsyncReportCallBack()
[4704] 2015/01/27 07:18:47.467 CALL RegisterOnExecutionReportCallBack()
[5100] 2015/01/27 07:20:21.287 SKOrderLib ª©¥» 2.1.22
[5100] 2015/01/27 07:20:21.290 Login ID: E122828927
[5100] 2015/01/27 07:20:22.042 CALL SKOrderLib_ReadCertByID(E122828927)
[5100] 2015/01/27 07:20:22.186 CALL RegisterOnAccountCallBack()
[5100] 2015/01/27 07:20:22.189 CALL GetUserAccount()
[5100] 2015/01/27 07:20:22.190 TS,918J,918J,0456453,E122828927,±d§Óºú,0,0
[5100] 2015/01/27 07:20:22.193 TF,F020000,B17,1709003,E122828927,±d§Óºú,0,0
[5100] 2015/01/27 07:20:22.194 OF,F020000,000,1709003,E122828927,±d§Óºú,0,0
[5100] 2015/01/27 07:20:22.197 CALL RegisterOnOrderAsyncReportCallBack()
[5100] 2015/01/27 07:20:22.200 CALL RegisterOnExecutionReportCallBack()
[2096] 2015/01/27 07:32:17.153 SKOrderLib ª©¥» 2.1.22
[2096] 2015/01/27 07:32:17.156 Login ID: E122828927
[2096] 2015/01/27 07:32:20.498 CALL SKOrderLib_ReadCertByID(E122828927)
[2096] 2015/01/27 07:32:20.685 CALL RegisterOnAccountCallBack()
[2096] 2015/01/27 07:32:20.687 CALL GetUserAccount()
[2096] 2015/01/27 07:32:20.688 TS,918J,918J,0456453,E122828927,±d§Óºú,0,0
[2096] 2015/01/27 07:32:20.691 TF,F020000,B17,1709003,E122828927,±d§Óºú,0,0
[2096] 2015/01/27 07:32:20.693 OF,F020000,000,1709003,E122828927,±d§Óºú,0,0
[2096] 2015/01/27 07:32:20.695 CALL RegisterOnOrderAsyncReportCallBack()
[2096] 2015/01/27 07:32:20.698 CALL RegisterOnExecutionReportCallBack()
[3468] 2015/01/27 07:33:32.860 SKOrderLib ª©¥» 2.1.22
[3468] 2015/01/27 07:33:32.863 Login ID: E122828927
[3468] 2015/01/27 07:33:33.744 CALL SKOrderLib_ReadCertByID(E122828927)
[3468] 2015/01/27 07:33:33.907 CALL RegisterOnAccountCallBack()
[3468] 2015/01/27 07:33:33.909 CALL GetUserAccount()
[3468] 2015/01/27 07:33:33.910 TS,918J,918J,0456453,E122828927,±d§Óºú,0,0
[3468] 2015/01/27 07:33:33.913 TF,F020000,B17,1709003,E122828927,±d§Óºú,0,0
[3468] 2015/01/27 07:33:33.915 OF,F020000,000,1709003,E122828927,±d§Óºú,0,0
[3468] 2015/01/27 07:33:33.918 CALL RegisterOnOrderAsyncReportCallBack()
[3468] 2015/01/27 07:33:33.920 CALL RegisterOnExecutionReportCallBack()
[4260] 2015/01/27 07:35:43.949 SKOrderLib ª©¥» 2.1.22
[4260] 2015/01/27 07:35:43.952 Login ID: E122828927
[4260] 2015/01/27 07:35:44.769 CALL SKOrderLib_ReadCertByID(E122828927)
[4260] 2015/01/27 07:35:44.924 CALL RegisterOnAccountCallBack()
[4260] 2015/01/27 07:35:44.926 CALL GetUserAccount()
[4260] 2015/01/27 07:35:44.927 TS,918J,918J,0456453,E122828927,±d§Óºú,0,0
[4260] 2015/01/27 07:35:44.930 TF,F020000,B17,1709003,E122828927,±d§Óºú,0,0
[4260] 2015/01/27 07:35:44.932 OF,F020000,000,1709003,E122828927,±d§Óºú,0,0
[4260] 2015/01/27 07:35:44.935 CALL RegisterOnOrderAsyncReportCallBack()
[4260] 2015/01/27 07:35:44.937 CALL RegisterOnExecutionReportCallBack()
[808] 2015/01/27 07:40:10.994 SKOrderLib ª©¥» 2.1.22
[808] 2015/01/27 07:40:10.996 Login ID: E122828927
[808] 2015/01/27 07:40:11.654 CALL SKOrderLib_ReadCertByID(E122828927)
[808] 2015/01/27 07:40:11.822 CALL RegisterOnAccountCallBack()
[808] 2015/01/27 07:40:11.824 CALL GetUserAccount()
[808] 2015/01/27 07:40:11.825 TS,918J,918J,0456453,E122828927,±d§Óºú,0,0
[808] 2015/01/27 07:40:11.828 TF,F020000,B17,1709003,E122828927,±d§Óºú,0,0
[808] 2015/01/27 07:40:11.829 OF,F020000,000,1709003,E122828927,±d§Óºú,0,0
[808] 2015/01/27 07:40:11.832 CALL RegisterOnOrderAsyncReportCallBack()
[808] 2015/01/27 07:40:11.834 CALL RegisterOnExecutionReportCallBack()
[3292] 2015/01/27 07:50:12.174 SKOrderLib ª©¥» 2.1.22
[3292] 2015/01/27 07:50:12.177 Login ID: E122828927
[3292] 2015/01/27 07:50:12.828 CALL SKOrderLib_ReadCertByID(E122828927)
[3292] 2015/01/27 07:50:12.978 CALL RegisterOnAccountCallBack()
[3292] 2015/01/27 07:50:12.980 CALL GetUserAccount()
[3292] 2015/01/27 07:50:12.981 TS,918J,918J,0456453,E122828927,±d§Óºú,0,0
[3292] 2015/01/27 07:50:12.984 TF,F020000,B17,1709003,E122828927,±d§Óºú,0,0
[3292] 2015/01/27 07:50:12.985 OF,F020000,000,1709003,E122828927,±d§Óºú,0,0
[3292] 2015/01/27 07:50:12.988 CALL RegisterOnOrderAsyncReportCallBack()
[3292] 2015/01/27 07:50:12.990 CALL RegisterOnExecutionReportCallBack()
