[3068] 2015/01/26 07:40:13.723 SKOrderLib ª©¥» 2.1.22
[3068] 2015/01/26 07:40:13.727 Login ID: E122828927
[3068] 2015/01/26 07:40:14.532 CALL SKOrderLib_ReadCertByID(E122828927)
[3068] 2015/01/26 07:40:14.853 CALL RegisterOnAccountCallBack()
[3068] 2015/01/26 07:40:14.855 CALL GetUserAccount()
[3068] 2015/01/26 07:40:14.856 TS,918J,918J,0456453,E122828927,±d§Óºú,0,0
[3068] 2015/01/26 07:40:14.859 TF,F020000,B17,1709003,E122828927,±d§Óºú,0,0
[3068] 2015/01/26 07:40:14.861 OF,F020000,000,1709003,E122828927,±d§Óºú,0,0
[3068] 2015/01/26 07:40:14.863 CALL RegisterOnOrderAsyncReportCallBack()
[3068] 2015/01/26 07:40:14.867 CALL RegisterOnExecutionReportCallBack()
[2336] 2015/01/26 07:50:11.020 SKOrderLib ª©¥» 2.1.22
[2336] 2015/01/26 07:50:11.022 Login ID: E122828927
[2336] 2015/01/26 07:50:11.757 CALL SKOrderLib_ReadCertByID(E122828927)
[2336] 2015/01/26 07:50:11.926 CALL RegisterOnAccountCallBack()
[2336] 2015/01/26 07:50:11.928 CALL GetUserAccount()
[2336] 2015/01/26 07:50:11.930 TS,918J,918J,0456453,E122828927,±d§Óºú,0,0
[2336] 2015/01/26 07:50:11.932 TF,F020000,B17,1709003,E122828927,±d§Óºú,0,0
[2336] 2015/01/26 07:50:11.934 OF,F020000,000,1709003,E122828927,±d§Óºú,0,0
[2336] 2015/01/26 07:50:11.937 CALL RegisterOnOrderAsyncReportCallBack()
[2336] 2015/01/26 07:50:11.939 CALL RegisterOnExecutionReportCallBack()
[4552] 2015/01/26 10:07:02.352 SKOrderLib ª©¥» 2.1.22
[4552] 2015/01/26 10:07:02.354 Login ID: E122828927
[4552] 2015/01/26 10:07:02.901 CALL SKOrderLib_ReadCertByID(E122828927)
[4552] 2015/01/26 10:07:03.025 CALL RegisterOnAccountCallBack()
[4552] 2015/01/26 10:07:03.026 CALL GetUserAccount()
[4552] 2015/01/26 10:07:03.027 TS,918J,918J,0456453,E122828927,±d§Óºú,0,0
[4552] 2015/01/26 10:07:03.028 TF,F020000,B17,1709003,E122828927,±d§Óºú,0,0
[4552] 2015/01/26 10:07:03.029 OF,F020000,000,1709003,E122828927,±d§Óºú,0,0
[4552] 2015/01/26 10:07:03.031 CALL RegisterOnOrderAsyncReportCallBack()
[4552] 2015/01/26 10:07:03.033 CALL RegisterOnExecutionReportCallBack()
[1924] 2015/01/26 10:08:22.592 SKOrderLib ª©¥» 2.1.22
[1924] 2015/01/26 10:08:22.594 Login ID: E122828927
[1924] 2015/01/26 10:08:23.146 CALL SKOrderLib_ReadCertByID(E122828927)
[1924] 2015/01/26 10:08:23.263 CALL RegisterOnAccountCallBack()
[1924] 2015/01/26 10:08:23.264 CALL GetUserAccount()
[1924] 2015/01/26 10:08:23.265 TS,918J,918J,0456453,E122828927,±d§Óºú,0,0
[1924] 2015/01/26 10:08:23.267 TF,F020000,B17,1709003,E122828927,±d§Óºú,0,0
[1924] 2015/01/26 10:08:23.268 OF,F020000,000,1709003,E122828927,±d§Óºú,0,0
[1924] 2015/01/26 10:08:23.269 CALL RegisterOnOrderAsyncReportCallBack()
[1924] 2015/01/26 10:08:23.271 CALL RegisterOnExecutionReportCallBack()
[3004] 2015/01/26 10:20:24.045 SKOrderLib ª©¥» 2.1.22
[3004] 2015/01/26 10:20:24.046 Login ID: E122828927
[3004] 2015/01/26 10:20:24.612 CALL SKOrderLib_ReadCertByID(E122828927)
[3004] 2015/01/26 10:20:24.746 CALL RegisterOnAccountCallBack()
[3004] 2015/01/26 10:20:24.747 CALL GetUserAccount()
[3004] 2015/01/26 10:20:24.748 TS,918J,918J,0456453,E122828927,±d§Óºú,0,0
[3004] 2015/01/26 10:20:24.749 TF,F020000,B17,1709003,E122828927,±d§Óºú,0,0
[3004] 2015/01/26 10:20:24.750 OF,F020000,000,1709003,E122828927,±d§Óºú,0,0
[3004] 2015/01/26 10:20:24.751 CALL RegisterOnOrderAsyncReportCallBack()
[3004] 2015/01/26 10:20:24.753 CALL RegisterOnExecutionReportCallBack()
[2832] 2015/01/26 10:22:17.991 SKOrderLib ª©¥» 2.1.22
[2832] 2015/01/26 10:22:17.993 Login ID: E122828927
[2832] 2015/01/26 10:22:18.554 CALL SKOrderLib_ReadCertByID(E122828927)
[2832] 2015/01/26 10:22:18.672 CALL RegisterOnAccountCallBack()
[2832] 2015/01/26 10:22:18.674 CALL GetUserAccount()
[2832] 2015/01/26 10:22:18.674 TS,918J,918J,0456453,E122828927,±d§Óºú,0,0
[2832] 2015/01/26 10:22:18.676 TF,F020000,B17,1709003,E122828927,±d§Óºú,0,0
[2832] 2015/01/26 10:22:18.677 OF,F020000,000,1709003,E122828927,±d§Óºú,0,0
[2832] 2015/01/26 10:22:18.679 CALL RegisterOnOrderAsyncReportCallBack()
[2832] 2015/01/26 10:22:18.680 CALL RegisterOnExecutionReportCallBack()
[3324] 2015/01/26 10:24:19.110 SKOrderLib ª©¥» 2.1.22
[3324] 2015/01/26 10:24:19.113 Login ID: E122828927
[3324] 2015/01/26 10:24:19.643 CALL SKOrderLib_ReadCertByID(E122828927)
[3324] 2015/01/26 10:24:19.774 CALL RegisterOnAccountCallBack()
[3324] 2015/01/26 10:24:19.775 CALL GetUserAccount()
[3324] 2015/01/26 10:24:19.776 TS,918J,918J,0456453,E122828927,±d§Óºú,0,0
[3324] 2015/01/26 10:24:19.777 TF,F020000,B17,1709003,E122828927,±d§Óºú,0,0
[3324] 2015/01/26 10:24:19.778 OF,F020000,000,1709003,E122828927,±d§Óºú,0,0
[3324] 2015/01/26 10:24:19.780 CALL RegisterOnOrderAsyncReportCallBack()
[3324] 2015/01/26 10:24:19.782 CALL RegisterOnExecutionReportCallBack()
[3428] 2015/01/26 10:25:40.824 SKOrderLib ª©¥» 2.1.22
[3428] 2015/01/26 10:25:40.825 Login ID: E122828927
[3428] 2015/01/26 10:25:41.347 CALL SKOrderLib_ReadCertByID(E122828927)
[3428] 2015/01/26 10:25:41.458 CALL RegisterOnAccountCallBack()
[3428] 2015/01/26 10:25:41.460 CALL GetUserAccount()
[3428] 2015/01/26 10:25:41.460 TS,918J,918J,0456453,E122828927,±d§Óºú,0,0
[3428] 2015/01/26 10:25:41.462 TF,F020000,B17,1709003,E122828927,±d§Óºú,0,0
[3428] 2015/01/26 10:25:41.463 OF,F020000,000,1709003,E122828927,±d§Óºú,0,0
[3428] 2015/01/26 10:25:41.465 CALL RegisterOnOrderAsyncReportCallBack()
[3428] 2015/01/26 10:25:41.466 CALL RegisterOnExecutionReportCallBack()
[184] 2015/01/26 10:30:31.737 SKOrderLib ª©¥» 2.1.22
[184] 2015/01/26 10:30:31.739 Login ID: E122828927
[184] 2015/01/26 10:30:32.322 CALL SKOrderLib_ReadCertByID(E122828927)
[184] 2015/01/26 10:30:33.307 CALL RegisterOnAccountCallBack()
[184] 2015/01/26 10:30:33.308 CALL GetUserAccount()
[184] 2015/01/26 10:30:33.309 TS,918J,918J,0456453,E122828927,±d§Óºú,0,0
[184] 2015/01/26 10:30:33.310 TF,F020000,B17,1709003,E122828927,±d§Óºú,0,0
[184] 2015/01/26 10:30:33.311 OF,F020000,000,1709003,E122828927,±d§Óºú,0,0
[184] 2015/01/26 10:30:33.313 CALL RegisterOnOrderAsyncReportCallBack()
[184] 2015/01/26 10:30:33.314 CALL RegisterOnExecutionReportCallBack()
[4412] 2015/01/26 10:30:49.646 SKOrderLib ª©¥» 2.1.22
[4412] 2015/01/26 10:30:49.648 Login ID: E122828927
[4412] 2015/01/26 10:30:50.299 CALL SKOrderLib_ReadCertByID(E122828927)
[4412] 2015/01/26 10:30:50.426 CALL RegisterOnAccountCallBack()
[4412] 2015/01/26 10:30:50.427 CALL GetUserAccount()
[4412] 2015/01/26 10:30:50.428 TS,918J,918J,0456453,E122828927,±d§Óºú,0,0
[4412] 2015/01/26 10:30:50.430 TF,F020000,B17,1709003,E122828927,±d§Óºú,0,0
[4412] 2015/01/26 10:30:50.431 OF,F020000,000,1709003,E122828927,±d§Óºú,0,0
[4412] 2015/01/26 10:30:50.434 CALL RegisterOnOrderAsyncReportCallBack()
[4412] 2015/01/26 10:30:50.435 CALL RegisterOnExecutionReportCallBack()
[4920] 2015/01/26 10:49:56.222 SKOrderLib ª©¥» 2.1.22
[4920] 2015/01/26 10:49:56.225 Login ID: E122828927
[4920] 2015/01/26 10:49:57.108 CALL SKOrderLib_ReadCertByID(E122828927)
[4920] 2015/01/26 10:49:57.261 CALL RegisterOnAccountCallBack()
[4920] 2015/01/26 10:49:57.263 CALL GetUserAccount()
[4920] 2015/01/26 10:49:57.264 TS,918J,918J,0456453,E122828927,±d§Óºú,0,0
[4920] 2015/01/26 10:49:57.266 TF,F020000,B17,1709003,E122828927,±d§Óºú,0,0
[4920] 2015/01/26 10:49:57.268 OF,F020000,000,1709003,E122828927,±d§Óºú,0,0
[4920] 2015/01/26 10:49:57.271 CALL RegisterOnOrderAsyncReportCallBack()
[4920] 2015/01/26 10:49:57.273 CALL RegisterOnExecutionReportCallBack()
[4164] 2015/01/26 11:00:19.685 SKOrderLib ª©¥» 2.1.22
[4164] 2015/01/26 11:00:19.688 Login ID: E122828927
[4164] 2015/01/26 11:00:20.261 CALL SKOrderLib_ReadCertByID(E122828927)
[4164] 2015/01/26 11:00:20.415 CALL RegisterOnAccountCallBack()
[4164] 2015/01/26 11:00:20.417 CALL GetUserAccount()
[4164] 2015/01/26 11:00:20.418 TS,918J,918J,0456453,E122828927,±d§Óºú,0,0
[4164] 2015/01/26 11:00:20.420 TF,F020000,B17,1709003,E122828927,±d§Óºú,0,0
[4164] 2015/01/26 11:00:20.422 OF,F020000,000,1709003,E122828927,±d§Óºú,0,0
[4164] 2015/01/26 11:00:20.425 CALL RegisterOnOrderAsyncReportCallBack()
[4164] 2015/01/26 11:00:20.427 CALL RegisterOnExecutionReportCallBack()
[4264] 2015/01/26 11:56:51.207 SKOrderLib ª©¥» 2.1.22
[4264] 2015/01/26 11:56:51.210 Login ID: E122828927
[4264] 2015/01/26 11:56:51.789 CALL SKOrderLib_ReadCertByID(E122828927)
[4264] 2015/01/26 11:56:51.989 CALL RegisterOnAccountCallBack()
[4264] 2015/01/26 11:56:51.991 CALL GetUserAccount()
[4264] 2015/01/26 11:56:51.992 TS,918J,918J,0456453,E122828927,±d§Óºú,0,0
[4264] 2015/01/26 11:56:51.995 TF,F020000,B17,1709003,E122828927,±d§Óºú,0,0
[4264] 2015/01/26 11:56:51.996 OF,F020000,000,1709003,E122828927,±d§Óºú,0,0
[4264] 2015/01/26 11:56:51.999 CALL RegisterOnOrderAsyncReportCallBack()
[4264] 2015/01/26 11:56:52.001 CALL RegisterOnExecutionReportCallBack()
[4128] 2015/01/26 11:59:50.305 SKOrderLib ª©¥» 2.1.22
[4128] 2015/01/26 11:59:50.308 Login ID: E122828927
[4128] 2015/01/26 11:59:51.681 CALL SKOrderLib_ReadCertByID(E122828927)
[4128] 2015/01/26 11:59:51.817 CALL RegisterOnAccountCallBack()
[4128] 2015/01/26 11:59:51.819 CALL GetUserAccount()
[4128] 2015/01/26 11:59:51.820 TS,918J,918J,0456453,E122828927,±d§Óºú,0,0
[4128] 2015/01/26 11:59:51.822 TF,F020000,B17,1709003,E122828927,±d§Óºú,0,0
[4128] 2015/01/26 11:59:51.824 OF,F020000,000,1709003,E122828927,±d§Óºú,0,0
[4128] 2015/01/26 11:59:51.827 CALL RegisterOnOrderAsyncReportCallBack()
[4128] 2015/01/26 11:59:51.829 CALL RegisterOnExecutionReportCallBack()
[184] 2015/01/26 12:00:16.360 SKOrderLib ª©¥» 2.1.22
[184] 2015/01/26 12:00:16.363 Login ID: E122828927
[184] 2015/01/26 12:00:16.985 CALL SKOrderLib_ReadCertByID(E122828927)
[184] 2015/01/26 12:00:17.134 CALL RegisterOnAccountCallBack()
[184] 2015/01/26 12:00:17.136 CALL GetUserAccount()
[184] 2015/01/26 12:00:17.137 TS,918J,918J,0456453,E122828927,±d§Óºú,0,0
[184] 2015/01/26 12:00:17.139 TF,F020000,B17,1709003,E122828927,±d§Óºú,0,0
[184] 2015/01/26 12:00:17.141 OF,F020000,000,1709003,E122828927,±d§Óºú,0,0
[184] 2015/01/26 12:00:17.144 CALL RegisterOnOrderAsyncReportCallBack()
[184] 2015/01/26 12:00:17.146 CALL RegisterOnExecutionReportCallBack()
[4968] 2015/01/26 12:17:47.913 SKOrderLib ª©¥» 2.1.22
[4968] 2015/01/26 12:17:47.916 Login ID: E122828927
[4968] 2015/01/26 12:17:48.618 CALL SKOrderLib_ReadCertByID(E122828927)
[4968] 2015/01/26 12:17:48.815 CALL RegisterOnAccountCallBack()
[4968] 2015/01/26 12:17:48.817 CALL GetUserAccount()
[4968] 2015/01/26 12:17:48.818 TS,918J,918J,0456453,E122828927,±d§Óºú,0,0
[4968] 2015/01/26 12:17:48.820 TF,F020000,B17,1709003,E122828927,±d§Óºú,0,0
[4968] 2015/01/26 12:17:48.822 OF,F020000,000,1709003,E122828927,±d§Óºú,0,0
[4968] 2015/01/26 12:17:48.825 CALL RegisterOnOrderAsyncReportCallBack()
[4968] 2015/01/26 12:17:48.827 CALL RegisterOnExecutionReportCallBack()
[576] 2015/01/26 12:26:13.124 SKOrderLib ª©¥» 2.1.22
[576] 2015/01/26 12:26:13.127 Login ID: E122828927
[576] 2015/01/26 12:26:13.778 CALL SKOrderLib_ReadCertByID(E122828927)
[576] 2015/01/26 12:26:13.911 CALL RegisterOnAccountCallBack()
[576] 2015/01/26 12:26:13.913 CALL GetUserAccount()
[576] 2015/01/26 12:26:13.914 TS,918J,918J,0456453,E122828927,±d§Óºú,0,0
[576] 2015/01/26 12:26:13.916 TF,F020000,B17,1709003,E122828927,±d§Óºú,0,0
[576] 2015/01/26 12:26:13.918 OF,F020000,000,1709003,E122828927,±d§Óºú,0,0
[576] 2015/01/26 12:26:13.921 CALL RegisterOnOrderAsyncReportCallBack()
[576] 2015/01/26 12:26:13.923 CALL RegisterOnExecutionReportCallBack()
[3760] 2015/01/26 12:28:23.954 SKOrderLib ª©¥» 2.1.22
[3760] 2015/01/26 12:28:23.957 Login ID: E122828927
[3760] 2015/01/26 12:28:24.515 CALL SKOrderLib_ReadCertByID(E122828927)
[3760] 2015/01/26 12:28:24.660 CALL RegisterOnAccountCallBack()
[3760] 2015/01/26 12:28:24.662 CALL GetUserAccount()
[3760] 2015/01/26 12:28:24.663 TS,918J,918J,0456453,E122828927,±d§Óºú,0,0
[3760] 2015/01/26 12:28:24.665 TF,F020000,B17,1709003,E122828927,±d§Óºú,0,0
[3760] 2015/01/26 12:28:24.667 OF,F020000,000,1709003,E122828927,±d§Óºú,0,0
[3760] 2015/01/26 12:28:24.669 CALL RegisterOnOrderAsyncReportCallBack()
[3760] 2015/01/26 12:28:24.671 CALL RegisterOnExecutionReportCallBack()
[3696] 2015/01/26 12:30:50.129 SKOrderLib ª©¥» 2.1.22
[3696] 2015/01/26 12:30:50.132 Login ID: E122828927
[3696] 2015/01/26 12:30:50.724 CALL SKOrderLib_ReadCertByID(E122828927)
[3696] 2015/01/26 12:30:50.845 CALL RegisterOnAccountCallBack()
[3696] 2015/01/26 12:30:50.847 CALL GetUserAccount()
[3696] 2015/01/26 12:30:50.848 TS,918J,918J,0456453,E122828927,±d§Óºú,0,0
[3696] 2015/01/26 12:30:50.850 TF,F020000,B17,1709003,E122828927,±d§Óºú,0,0
[3696] 2015/01/26 12:30:50.852 OF,F020000,000,1709003,E122828927,±d§Óºú,0,0
[3696] 2015/01/26 12:30:50.854 CALL RegisterOnOrderAsyncReportCallBack()
[3696] 2015/01/26 12:30:50.856 CALL RegisterOnExecutionReportCallBack()
[4708] 2015/01/26 12:32:14.534 SKOrderLib ª©¥» 2.1.22
[4708] 2015/01/26 12:32:14.537 Login ID: E122828927
[4708] 2015/01/26 12:32:15.078 CALL SKOrderLib_ReadCertByID(E122828927)
[4708] 2015/01/26 12:32:15.207 CALL RegisterOnAccountCallBack()
[4708] 2015/01/26 12:32:15.208 CALL GetUserAccount()
[4708] 2015/01/26 12:32:15.210 TS,918J,918J,0456453,E122828927,±d§Óºú,0,0
[4708] 2015/01/26 12:32:15.212 TF,F020000,B17,1709003,E122828927,±d§Óºú,0,0
[4708] 2015/01/26 12:32:15.213 OF,F020000,000,1709003,E122828927,±d§Óºú,0,0
[4708] 2015/01/26 12:32:15.216 CALL RegisterOnOrderAsyncReportCallBack()
[4708] 2015/01/26 12:32:15.218 CALL RegisterOnExecutionReportCallBack()
[1520] 2015/01/26 12:34:52.519 SKOrderLib ª©¥» 2.1.22
[1520] 2015/01/26 12:34:52.522 Login ID: E122828927
[1520] 2015/01/26 12:34:53.110 CALL SKOrderLib_ReadCertByID(E122828927)
[1520] 2015/01/26 12:34:53.245 CALL RegisterOnAccountCallBack()
[1520] 2015/01/26 12:34:53.247 CALL GetUserAccount()
[1520] 2015/01/26 12:34:53.248 TS,918J,918J,0456453,E122828927,±d§Óºú,0,0
[1520] 2015/01/26 12:34:53.250 TF,F020000,B17,1709003,E122828927,±d§Óºú,0,0
[1520] 2015/01/26 12:34:53.252 OF,F020000,000,1709003,E122828927,±d§Óºú,0,0
[1520] 2015/01/26 12:34:53.255 CALL RegisterOnOrderAsyncReportCallBack()
[1520] 2015/01/26 12:34:53.257 CALL RegisterOnExecutionReportCallBack()
[4640] 2015/01/26 12:35:04.812 SKOrderLib ª©¥» 2.1.22
[4640] 2015/01/26 12:35:04.815 Login ID: E122828927
[4640] 2015/01/26 12:35:05.395 CALL SKOrderLib_ReadCertByID(E122828927)
[4640] 2015/01/26 12:35:05.541 CALL RegisterOnAccountCallBack()
[4640] 2015/01/26 12:35:05.543 CALL GetUserAccount()
[4640] 2015/01/26 12:35:05.544 TS,918J,918J,0456453,E122828927,±d§Óºú,0,0
[4640] 2015/01/26 12:35:05.547 TF,F020000,B17,1709003,E122828927,±d§Óºú,0,0
[4640] 2015/01/26 12:35:05.548 OF,F020000,000,1709003,E122828927,±d§Óºú,0,0
[4640] 2015/01/26 12:35:05.551 CALL RegisterOnOrderAsyncReportCallBack()
[4640] 2015/01/26 12:35:05.553 CALL RegisterOnExecutionReportCallBack()
[2108] 2015/01/26 12:39:21.835 SKOrderLib ª©¥» 2.1.22
[2108] 2015/01/26 12:39:21.838 Login ID: E122828927
[2108] 2015/01/26 12:39:22.450 CALL SKOrderLib_ReadCertByID(E122828927)
[2108] 2015/01/26 12:39:22.602 CALL RegisterOnAccountCallBack()
[2108] 2015/01/26 12:39:22.604 CALL GetUserAccount()
[2108] 2015/01/26 12:39:22.606 TS,918J,918J,0456453,E122828927,±d§Óºú,0,0
[2108] 2015/01/26 12:39:22.608 TF,F020000,B17,1709003,E122828927,±d§Óºú,0,0
[2108] 2015/01/26 12:39:22.610 OF,F020000,000,1709003,E122828927,±d§Óºú,0,0
[2108] 2015/01/26 12:39:22.612 CALL RegisterOnOrderAsyncReportCallBack()
[2108] 2015/01/26 12:39:22.615 CALL RegisterOnExecutionReportCallBack()
[4136] 2015/01/26 12:43:24.020 SKOrderLib ª©¥» 2.1.22
[4136] 2015/01/26 12:43:24.022 Login ID: E122828927
[4136] 2015/01/26 12:43:24.597 CALL SKOrderLib_ReadCertByID(E122828927)
[4136] 2015/01/26 12:43:24.740 CALL RegisterOnAccountCallBack()
[4136] 2015/01/26 12:43:24.742 CALL GetUserAccount()
[4136] 2015/01/26 12:43:24.743 TS,918J,918J,0456453,E122828927,±d§Óºú,0,0
[4136] 2015/01/26 12:43:24.745 TF,F020000,B17,1709003,E122828927,±d§Óºú,0,0
[4136] 2015/01/26 12:43:24.747 OF,F020000,000,1709003,E122828927,±d§Óºú,0,0
[4136] 2015/01/26 12:43:24.750 CALL RegisterOnOrderAsyncReportCallBack()
[4136] 2015/01/26 12:43:24.752 CALL RegisterOnExecutionReportCallBack()
[1912] 2015/01/26 12:43:52.724 SKOrderLib ª©¥» 2.1.22
[1912] 2015/01/26 12:43:52.727 Login ID: E122828927
[1912] 2015/01/26 12:43:53.315 CALL SKOrderLib_ReadCertByID(E122828927)
[1912] 2015/01/26 12:43:53.451 CALL RegisterOnAccountCallBack()
[1912] 2015/01/26 12:43:53.454 CALL GetUserAccount()
[1912] 2015/01/26 12:43:53.455 TS,918J,918J,0456453,E122828927,±d§Óºú,0,0
[1912] 2015/01/26 12:43:53.457 TF,F020000,B17,1709003,E122828927,±d§Óºú,0,0
[1912] 2015/01/26 12:43:53.459 OF,F020000,000,1709003,E122828927,±d§Óºú,0,0
[1912] 2015/01/26 12:43:53.462 CALL RegisterOnOrderAsyncReportCallBack()
[1912] 2015/01/26 12:43:53.464 CALL RegisterOnExecutionReportCallBack()
[4044] 2015/01/26 12:44:30.450 SKOrderLib ª©¥» 2.1.22
[4044] 2015/01/26 12:44:30.452 Login ID: E122828927
[4044] 2015/01/26 12:44:31.045 CALL SKOrderLib_ReadCertByID(E122828927)
[4044] 2015/01/26 12:44:31.185 CALL RegisterOnAccountCallBack()
[4044] 2015/01/26 12:44:31.187 CALL GetUserAccount()
[4044] 2015/01/26 12:44:31.188 TS,918J,918J,0456453,E122828927,±d§Óºú,0,0
[4044] 2015/01/26 12:44:31.191 TF,F020000,B17,1709003,E122828927,±d§Óºú,0,0
[4044] 2015/01/26 12:44:31.193 OF,F020000,000,1709003,E122828927,±d§Óºú,0,0
[4044] 2015/01/26 12:44:31.195 CALL RegisterOnOrderAsyncReportCallBack()
[4044] 2015/01/26 12:44:31.198 CALL RegisterOnExecutionReportCallBack()
[3600] 2015/01/26 13:22:23.074 SKOrderLib ª©¥» 2.1.22
[3600] 2015/01/26 13:22:23.077 Login ID: E122828927
[3600] 2015/01/26 13:22:24.872 CALL SKOrderLib_ReadCertByID(E122828927)
[3600] 2015/01/26 13:22:25.068 CALL RegisterOnAccountCallBack()
[3600] 2015/01/26 13:22:25.070 CALL GetUserAccount()
[3600] 2015/01/26 13:22:25.072 TS,918J,918J,0456453,E122828927,±d§Óºú,0,0
[3600] 2015/01/26 13:22:25.074 TF,F020000,B17,1709003,E122828927,±d§Óºú,0,0
[3600] 2015/01/26 13:22:25.076 OF,F020000,000,1709003,E122828927,±d§Óºú,0,0
[3600] 2015/01/26 13:22:25.078 CALL RegisterOnOrderAsyncReportCallBack()
[3600] 2015/01/26 13:22:25.081 CALL RegisterOnExecutionReportCallBack()
[2444] 2015/01/26 13:23:27.434 SKOrderLib ª©¥» 2.1.22
[2444] 2015/01/26 13:23:27.436 Login ID: E122828927
[2444] 2015/01/26 13:23:28.031 CALL SKOrderLib_ReadCertByID(E122828927)
[2444] 2015/01/26 13:23:28.167 CALL RegisterOnAccountCallBack()
[2444] 2015/01/26 13:23:28.169 CALL GetUserAccount()
[2444] 2015/01/26 13:23:28.171 TS,918J,918J,0456453,E122828927,±d§Óºú,0,0
[2444] 2015/01/26 13:23:28.173 TF,F020000,B17,1709003,E122828927,±d§Óºú,0,0
[2444] 2015/01/26 13:23:28.175 OF,F020000,000,1709003,E122828927,±d§Óºú,0,0
[2444] 2015/01/26 13:23:28.177 CALL RegisterOnOrderAsyncReportCallBack()
[2444] 2015/01/26 13:23:28.180 CALL RegisterOnExecutionReportCallBack()
[3088] 2015/01/26 14:30:10.825 SKOrderLib ª©¥» 2.1.22
[3088] 2015/01/26 14:30:10.828 Login ID: E122828927
[3088] 2015/01/26 14:30:11.383 CALL SKOrderLib_ReadCertByID(E122828927)
[3088] 2015/01/26 14:30:11.519 CALL RegisterOnAccountCallBack()
[3088] 2015/01/26 14:30:11.520 CALL GetUserAccount()
[3088] 2015/01/26 14:30:11.522 TS,918J,918J,0456453,E122828927,±d§Óºú,0,0
[3088] 2015/01/26 14:30:11.524 TF,F020000,B17,1709003,E122828927,±d§Óºú,0,0
[3088] 2015/01/26 14:30:11.525 OF,F020000,000,1709003,E122828927,±d§Óºú,0,0
[3088] 2015/01/26 14:30:11.528 CALL RegisterOnOrderAsyncReportCallBack()
[3088] 2015/01/26 14:30:11.530 CALL RegisterOnExecutionReportCallBack()
[1868] 2015/01/26 21:28:32.998 SKOrderLib ª©¥» 2.1.22
[1868] 2015/01/26 21:28:33.000 Login ID: E122828927
[1868] 2015/01/26 21:28:33.632 CALL SKOrderLib_ReadCertByID(E122828927)
[1868] 2015/01/26 21:28:33.783 CALL RegisterOnAccountCallBack()
[1868] 2015/01/26 21:28:33.785 CALL GetUserAccount()
[1868] 2015/01/26 21:28:33.786 TS,918J,918J,0456453,E122828927,±d§Óºú,0,0
[1868] 2015/01/26 21:28:33.788 TF,F020000,B17,1709003,E122828927,±d§Óºú,0,0
[1868] 2015/01/26 21:28:33.789 OF,F020000,000,1709003,E122828927,±d§Óºú,0,0
[1868] 2015/01/26 21:28:33.791 CALL RegisterOnOrderAsyncReportCallBack()
[1868] 2015/01/26 21:28:33.793 CALL RegisterOnExecutionReportCallBack()
