[4916] 2015/01/17 15:00:26.586 -------------------------------
[4916] 2015/01/17 15:00:29.862 Login ID: E122828927
[4916] 2015/01/17 15:00:29.863 回報API版本：2.3.7
[4916] 2015/01/17 15:00:30.311 Code: 0
[4916] 2015/01/17 15:00:33.321 reply Serverreal4.capital.com.tw
[4148] 2015/01/17 15:00:50.173 -------------------------------
[4148] 2015/01/17 15:00:53.259 Login ID: E122828927
[4148] 2015/01/17 15:00:53.260 回報API版本：2.3.7
[4148] 2015/01/17 15:00:53.489 Code: 0
[4148] 2015/01/17 15:00:56.497 reply Serverreal7.capital.com.tw
[4748] 2015/01/17 15:01:18.483 -------------------------------
[4748] 2015/01/17 15:01:21.422 Login ID: E122828927
[4748] 2015/01/17 15:01:21.424 回報API版本：2.3.7
[4748] 2015/01/17 15:01:21.674 Code: 0
[4748] 2015/01/17 15:01:24.683 reply Serverreal6.capital.com.tw
[4928] 2015/01/17 15:14:39.336 -------------------------------
[4928] 2015/01/17 15:14:42.371 Login ID: E122828927
[4928] 2015/01/17 15:14:42.372 回報API版本：2.3.7
[4928] 2015/01/17 15:14:42.621 Code: 0
[4928] 2015/01/17 15:14:57.108 reply Serverreal6.capital.com.tw
[4640] 2015/01/17 15:20:01.394 -------------------------------
[4640] 2015/01/17 15:20:05.250 Login ID: E122828927
[4640] 2015/01/17 15:20:05.251 回報API版本：2.3.7
[4640] 2015/01/17 15:20:05.513 Code: 0
[4640] 2015/01/17 15:20:26.800 reply Serverreal3.capital.com.tw
[4640] 2015/01/17 15:20:30.469 reply Serverreal3.capital.com.tw
[4776] 2015/01/27 07:24:09.733 -------------------------------
[2096] 2015/01/27 07:32:16.999 -------------------------------
[2096] 2015/01/27 07:32:20.700 Login ID: E122828927
[2096] 2015/01/27 07:32:20.702 回報API版本：2.3.7
[2096] 2015/01/27 07:32:20.997 Code: 0
[2096] 2015/01/27 07:32:24.005 reply Serverreal8.capital.com.tw
[3468] 2015/01/27 07:33:32.743 -------------------------------
[3468] 2015/01/27 07:33:33.922 Login ID: E122828927
[3468] 2015/01/27 07:33:33.924 回報API版本：2.3.7
[3468] 2015/01/27 07:33:34.224 Code: 0
[3468] 2015/01/27 07:33:37.233 reply Serverreal4.capital.com.tw
[4260] 2015/01/27 07:35:43.841 -------------------------------
[4260] 2015/01/27 07:35:44.939 Login ID: E122828927
[4260] 2015/01/27 07:35:44.940 回報API版本：2.3.7
[4260] 2015/01/27 07:35:45.299 Code: 0
[4260] 2015/01/27 07:35:48.308 reply Serverreal7.capital.com.tw
[808] 2015/01/27 07:40:10.948 -------------------------------
[808] 2015/01/27 07:40:11.836 Login ID: E122828927
[808] 2015/01/27 07:40:11.837 回報API版本：2.3.7
[808] 2015/01/27 07:40:12.113 Code: 0
[808] 2015/01/27 07:40:15.120 reply Serverreal6.capital.com.tw
[3292] 2015/01/27 07:50:12.128 -------------------------------
[3292] 2015/01/27 07:50:12.992 Login ID: E122828927
[3292] 2015/01/27 07:50:12.993 回報API版本：2.3.7
[3292] 2015/01/27 07:50:13.345 Code: 0
[3292] 2015/01/27 07:50:16.353 reply Serverreal4.capital.com.tw
[1488] 2015/01/27 14:30:12.450 -------------------------------
[1680] 2015/01/27 15:26:12.258 -------------------------------
[3720] 2015/01/28 07:40:11.304 -------------------------------
[3304] 2015/01/28 07:50:12.121 -------------------------------
[2772] 2015/01/28 14:30:12.737 -------------------------------
[4812] 2015/01/29 02:30:12.783 -------------------------------
[2848] 2015/01/29 07:40:10.916 -------------------------------
[2848] 2015/01/29 07:40:11.752 Login ID: E122828927
[2848] 2015/01/29 07:40:11.753 回報API版本：2.3.7
[2848] 2015/01/29 07:40:12.151 Code: 0
[2848] 2015/01/29 07:40:15.156 reply Serverreal8.capital.com.tw
[568] 2015/01/29 14:30:11.175 -------------------------------
[568] 2015/01/29 14:30:13.266 Login ID: E122828927
[568] 2015/01/29 14:30:13.267 回報API版本：2.3.7
[568] 2015/01/29 14:30:13.515 Code: 0
[568] 2015/01/29 14:30:16.521 reply Serverreal6.capital.com.tw
[3268] 2015/01/29 15:26:10.755 -------------------------------
[3268] 2015/01/29 15:26:11.519 Login ID: E122828927
[3268] 2015/01/29 15:26:11.520 回報API版本：2.3.7
[3268] 2015/01/29 15:26:11.760 Code: 0
[3268] 2015/01/29 15:26:14.766 reply Serverreal8.capital.com.tw
[5024] 2015/01/30 02:30:12.153 -------------------------------
[4448] 2015/01/30 07:40:13.285 -------------------------------
[3144] 2015/01/30 07:50:12.074 -------------------------------
[3356] 2015/01/30 14:30:13.247 -------------------------------
[3148] 2015/01/30 15:26:12.105 -------------------------------
[1748] 2015/01/31 02:30:13.823 -------------------------------
