[3468] 2015/01/31 05:56:36.447 API InitInstance 
[3468] 2015/01/31 05:56:36.452 SKOSQuoteLib_Initialize  ID：E122828927
[3468] 2015/01/31 05:56:36.454 SKOSQuoteLib_Initialize  Server：https://order2.capital.com.tw/
[3468] 2015/01/31 05:56:37.641 SKOSQuoteLib_EnterMonitor(0)
[3468] 2015/01/31 05:56:37.642 Connect FORT09.capital.com.tw 443
[3468] 2015/01/31 05:56:37.804 SKOSQuoteLib_AttachConnectCallBack
[3468] 2015/01/31 05:56:37.846 SKOSQuoteLib_AttachQuoteCallBack
[3468] 2015/01/31 05:56:37.849 SKOSQuoteLib_AttachTicksCallBack
[3468] 2015/01/31 05:56:37.850 SKOSQuoteLib_AttachBest5CallBack
[3468] 2015/01/31 05:56:37.853 SKOSQuoteLib_AttachServerTimeCallBack
[3468] 2015/01/31 05:56:37.855 SKOSQuoteLib_AttachHistoryTicksGetCallBack
[3468] 2015/01/31 05:56:38.848 SK_SUBJECT_CONNECTION_CONNECTED，Code: 0
[3468] 2015/01/31 05:56:42.722 SKOSQuoteLib_RequestTicks (0,OSE,JNM1503)
[3468] 2015/01/31 05:56:46.395 SKOSQuoteLib_RequestServerTime()
[3468] 2015/01/31 05:56:54.862 API ExitInstance 
[1540] 2015/01/31 06:17:50.700 API InitInstance 
[1540] 2015/01/31 06:17:50.702 SKOSQuoteLib_RequestServerTime   SK_ERROR_INITIALIZE_FAIL 
[1540] 2015/01/31 06:18:05.668 SKOSQuoteLib_RequestServerTime   SK_ERROR_INITIALIZE_FAIL 
[1540] 2015/01/31 06:18:20.675 SKOSQuoteLib_RequestServerTime   SK_ERROR_INITIALIZE_FAIL 
[1540] 2015/01/31 06:18:35.681 SKOSQuoteLib_RequestServerTime   SK_ERROR_INITIALIZE_FAIL 
[1540] 2015/01/31 06:18:50.694 SKOSQuoteLib_RequestServerTime   SK_ERROR_INITIALIZE_FAIL 
[1540] 2015/01/31 06:19:05.701 SKOSQuoteLib_RequestServerTime   SK_ERROR_INITIALIZE_FAIL 
[1540] 2015/01/31 06:19:20.704 SKOSQuoteLib_RequestServerTime   SK_ERROR_INITIALIZE_FAIL 
[1540] 2015/01/31 06:19:35.716 SKOSQuoteLib_RequestServerTime   SK_ERROR_INITIALIZE_FAIL 
[1540] 2015/01/31 06:19:50.723 SKOSQuoteLib_RequestServerTime   SK_ERROR_INITIALIZE_FAIL 
[1540] 2015/01/31 06:20:05.726 SKOSQuoteLib_RequestServerTime   SK_ERROR_INITIALIZE_FAIL 
[1540] 2015/01/31 06:20:20.739 SKOSQuoteLib_RequestServerTime   SK_ERROR_INITIALIZE_FAIL 
[1540] 2015/01/31 06:20:35.738 SKOSQuoteLib_RequestServerTime   SK_ERROR_INITIALIZE_FAIL 
[1540] 2015/01/31 06:20:50.746 SKOSQuoteLib_RequestServerTime   SK_ERROR_INITIALIZE_FAIL 
[1540] 2015/01/31 06:21:05.757 SKOSQuoteLib_RequestServerTime   SK_ERROR_INITIALIZE_FAIL 
[1540] 2015/01/31 06:21:20.761 SKOSQuoteLib_RequestServerTime   SK_ERROR_INITIALIZE_FAIL 
[1540] 2015/01/31 06:21:35.775 SKOSQuoteLib_RequestServerTime   SK_ERROR_INITIALIZE_FAIL 
[1540] 2015/01/31 06:21:50.782 SKOSQuoteLib_RequestServerTime   SK_ERROR_INITIALIZE_FAIL 
[1540] 2015/01/31 06:22:05.783 SKOSQuoteLib_RequestServerTime   SK_ERROR_INITIALIZE_FAIL 
[1540] 2015/01/31 06:22:20.796 SKOSQuoteLib_RequestServerTime   SK_ERROR_INITIALIZE_FAIL 
[1540] 2015/01/31 06:22:35.804 SKOSQuoteLib_RequestServerTime   SK_ERROR_INITIALIZE_FAIL 
[1540] 2015/01/31 06:22:50.811 SKOSQuoteLib_RequestServerTime   SK_ERROR_INITIALIZE_FAIL 
[1540] 2015/01/31 06:23:05.812 SKOSQuoteLib_RequestServerTime   SK_ERROR_INITIALIZE_FAIL 
[1540] 2015/01/31 06:23:20.819 SKOSQuoteLib_RequestServerTime   SK_ERROR_INITIALIZE_FAIL 
[1540] 2015/01/31 06:23:35.833 SKOSQuoteLib_RequestServerTime   SK_ERROR_INITIALIZE_FAIL 
[1540] 2015/01/31 06:23:50.834 SKOSQuoteLib_RequestServerTime   SK_ERROR_INITIALIZE_FAIL 
[1540] 2015/01/31 06:24:05.841 SKOSQuoteLib_RequestServerTime   SK_ERROR_INITIALIZE_FAIL 
[1540] 2015/01/31 06:24:20.849 SKOSQuoteLib_RequestServerTime   SK_ERROR_INITIALIZE_FAIL 
[1540] 2015/01/31 06:24:35.856 SKOSQuoteLib_RequestServerTime   SK_ERROR_INITIALIZE_FAIL 
[1540] 2015/01/31 06:24:50.863 SKOSQuoteLib_RequestServerTime   SK_ERROR_INITIALIZE_FAIL 
[1540] 2015/01/31 06:25:05.877 SKOSQuoteLib_RequestServerTime   SK_ERROR_INITIALIZE_FAIL 
[1540] 2015/01/31 06:25:20.884 SKOSQuoteLib_RequestServerTime   SK_ERROR_INITIALIZE_FAIL 
[1540] 2015/01/31 06:25:35.885 SKOSQuoteLib_RequestServerTime   SK_ERROR_INITIALIZE_FAIL 
[1540] 2015/01/31 06:25:50.892 SKOSQuoteLib_RequestServerTime   SK_ERROR_INITIALIZE_FAIL 
[1540] 2015/01/31 06:26:05.900 SKOSQuoteLib_RequestServerTime   SK_ERROR_INITIALIZE_FAIL 
[1540] 2015/01/31 06:26:20.907 SKOSQuoteLib_RequestServerTime   SK_ERROR_INITIALIZE_FAIL 
[1540] 2015/01/31 06:26:35.920 SKOSQuoteLib_RequestServerTime   SK_ERROR_INITIALIZE_FAIL 
[1540] 2015/01/31 06:26:50.921 SKOSQuoteLib_RequestServerTime   SK_ERROR_INITIALIZE_FAIL 
[1540] 2015/01/31 06:27:05.931 SKOSQuoteLib_RequestServerTime   SK_ERROR_INITIALIZE_FAIL 
[1540] 2015/01/31 06:27:20.943 SKOSQuoteLib_RequestServerTime   SK_ERROR_INITIALIZE_FAIL 
[1540] 2015/01/31 06:27:35.948 SKOSQuoteLib_RequestServerTime   SK_ERROR_INITIALIZE_FAIL 
[1540] 2015/01/31 06:27:50.957 SKOSQuoteLib_RequestServerTime   SK_ERROR_INITIALIZE_FAIL 
[1540] 2015/01/31 06:28:05.957 SKOSQuoteLib_RequestServerTime   SK_ERROR_INITIALIZE_FAIL 
[1540] 2015/01/31 06:28:20.965 SKOSQuoteLib_RequestServerTime   SK_ERROR_INITIALIZE_FAIL 
[1540] 2015/01/31 06:28:35.979 SKOSQuoteLib_RequestServerTime   SK_ERROR_INITIALIZE_FAIL 
[1540] 2015/01/31 06:28:50.980 SKOSQuoteLib_RequestServerTime   SK_ERROR_INITIALIZE_FAIL 
[1540] 2015/01/31 06:29:05.987 SKOSQuoteLib_RequestServerTime   SK_ERROR_INITIALIZE_FAIL 
[1540] 2015/01/31 06:29:20.996 SKOSQuoteLib_RequestServerTime   SK_ERROR_INITIALIZE_FAIL 
[1540] 2015/01/31 06:29:36.002 SKOSQuoteLib_RequestServerTime   SK_ERROR_INITIALIZE_FAIL 
[1540] 2015/01/31 06:29:51.015 SKOSQuoteLib_RequestServerTime   SK_ERROR_INITIALIZE_FAIL 
[1540] 2015/01/31 06:30:06.018 SKOSQuoteLib_RequestServerTime   SK_ERROR_INITIALIZE_FAIL 
[1540] 2015/01/31 06:30:21.025 SKOSQuoteLib_RequestServerTime   SK_ERROR_INITIALIZE_FAIL 
[1540] 2015/01/31 06:30:36.036 SKOSQuoteLib_RequestServerTime   SK_ERROR_INITIALIZE_FAIL 
[1540] 2015/01/31 06:30:51.038 SKOSQuoteLib_RequestServerTime   SK_ERROR_INITIALIZE_FAIL 
[1540] 2015/01/31 06:31:06.052 SKOSQuoteLib_RequestServerTime   SK_ERROR_INITIALIZE_FAIL 
[1540] 2015/01/31 06:31:21.053 SKOSQuoteLib_RequestServerTime   SK_ERROR_INITIALIZE_FAIL 
[1540] 2015/01/31 06:31:36.065 SKOSQuoteLib_RequestServerTime   SK_ERROR_INITIALIZE_FAIL 
[1540] 2015/01/31 06:31:51.069 SKOSQuoteLib_RequestServerTime   SK_ERROR_INITIALIZE_FAIL 
[1540] 2015/01/31 06:32:06.075 SKOSQuoteLib_RequestServerTime   SK_ERROR_INITIALIZE_FAIL 
[1540] 2015/01/31 06:32:21.082 SKOSQuoteLib_RequestServerTime   SK_ERROR_INITIALIZE_FAIL 
[1540] 2015/01/31 06:32:36.096 SKOSQuoteLib_RequestServerTime   SK_ERROR_INITIALIZE_FAIL 
[1540] 2015/01/31 06:32:51.099 SKOSQuoteLib_RequestServerTime   SK_ERROR_INITIALIZE_FAIL 
[1540] 2015/01/31 06:33:06.103 SKOSQuoteLib_RequestServerTime   SK_ERROR_INITIALIZE_FAIL 
[1540] 2015/01/31 06:33:21.111 SKOSQuoteLib_RequestServerTime   SK_ERROR_INITIALIZE_FAIL 
[1540] 2015/01/31 06:33:36.120 SKOSQuoteLib_RequestServerTime   SK_ERROR_INITIALIZE_FAIL 
[1540] 2015/01/31 06:33:51.126 SKOSQuoteLib_RequestServerTime   SK_ERROR_INITIALIZE_FAIL 
[1540] 2015/01/31 06:34:06.139 SKOSQuoteLib_RequestServerTime   SK_ERROR_INITIALIZE_FAIL 
[1540] 2015/01/31 06:34:21.146 SKOSQuoteLib_RequestServerTime   SK_ERROR_INITIALIZE_FAIL 
[1540] 2015/01/31 06:34:36.149 SKOSQuoteLib_RequestServerTime   SK_ERROR_INITIALIZE_FAIL 
[1540] 2015/01/31 06:34:51.154 SKOSQuoteLib_RequestServerTime   SK_ERROR_INITIALIZE_FAIL 
[1540] 2015/01/31 06:35:06.162 SKOSQuoteLib_RequestServerTime   SK_ERROR_INITIALIZE_FAIL 
[1540] 2015/01/31 06:35:21.173 SKOSQuoteLib_RequestServerTime   SK_ERROR_INITIALIZE_FAIL 
[1540] 2015/01/31 06:35:36.177 SKOSQuoteLib_RequestServerTime   SK_ERROR_INITIALIZE_FAIL 
[1540] 2015/01/31 06:35:51.184 SKOSQuoteLib_RequestServerTime   SK_ERROR_INITIALIZE_FAIL 
[1540] 2015/01/31 06:36:06.191 SKOSQuoteLib_RequestServerTime   SK_ERROR_INITIALIZE_FAIL 
[1540] 2015/01/31 06:36:21.206 SKOSQuoteLib_RequestServerTime   SK_ERROR_INITIALIZE_FAIL 
[1540] 2015/01/31 06:36:36.207 SKOSQuoteLib_RequestServerTime   SK_ERROR_INITIALIZE_FAIL 
[1540] 2015/01/31 06:36:51.213 SKOSQuoteLib_RequestServerTime   SK_ERROR_INITIALIZE_FAIL 
[1540] 2015/01/31 06:37:06.222 SKOSQuoteLib_RequestServerTime   SK_ERROR_INITIALIZE_FAIL 
[1540] 2015/01/31 06:37:21.234 SKOSQuoteLib_RequestServerTime   SK_ERROR_INITIALIZE_FAIL 
[1540] 2015/01/31 06:37:36.235 SKOSQuoteLib_RequestServerTime   SK_ERROR_INITIALIZE_FAIL 
[1540] 2015/01/31 06:37:51.244 SKOSQuoteLib_RequestServerTime   SK_ERROR_INITIALIZE_FAIL 
[1540] 2015/01/31 06:38:06.256 SKOSQuoteLib_RequestServerTime   SK_ERROR_INITIALIZE_FAIL 
[1540] 2015/01/31 06:38:21.257 SKOSQuoteLib_RequestServerTime   SK_ERROR_INITIALIZE_FAIL 
[1540] 2015/01/31 06:38:36.266 SKOSQuoteLib_RequestServerTime   SK_ERROR_INITIALIZE_FAIL 
[1540] 2015/01/31 06:38:51.273 SKOSQuoteLib_RequestServerTime   SK_ERROR_INITIALIZE_FAIL 
[1540] 2015/01/31 06:39:06.279 SKOSQuoteLib_RequestServerTime   SK_ERROR_INITIALIZE_FAIL 
[1540] 2015/01/31 06:39:21.286 SKOSQuoteLib_RequestServerTime   SK_ERROR_INITIALIZE_FAIL 
[1540] 2015/01/31 06:39:36.296 SKOSQuoteLib_RequestServerTime   SK_ERROR_INITIALIZE_FAIL 
[1540] 2015/01/31 06:39:51.302 SKOSQuoteLib_RequestServerTime   SK_ERROR_INITIALIZE_FAIL 
[1540] 2015/01/31 06:40:06.308 SKOSQuoteLib_RequestServerTime   SK_ERROR_INITIALIZE_FAIL 
[1540] 2015/01/31 06:40:21.322 SKOSQuoteLib_RequestServerTime   SK_ERROR_INITIALIZE_FAIL 
[1540] 2015/01/31 06:40:36.323 SKOSQuoteLib_RequestServerTime   SK_ERROR_INITIALIZE_FAIL 
[1540] 2015/01/31 06:40:51.330 SKOSQuoteLib_RequestServerTime   SK_ERROR_INITIALIZE_FAIL 
[1540] 2015/01/31 06:41:06.337 SKOSQuoteLib_RequestServerTime   SK_ERROR_INITIALIZE_FAIL 
[1540] 2015/01/31 06:41:21.346 SKOSQuoteLib_RequestServerTime   SK_ERROR_INITIALIZE_FAIL 
[1540] 2015/01/31 06:41:36.352 SKOSQuoteLib_RequestServerTime   SK_ERROR_INITIALIZE_FAIL 
[1540] 2015/01/31 06:41:51.365 SKOSQuoteLib_RequestServerTime   SK_ERROR_INITIALIZE_FAIL 
[1540] 2015/01/31 06:42:06.368 SKOSQuoteLib_RequestServerTime   SK_ERROR_INITIALIZE_FAIL 
[1540] 2015/01/31 06:42:21.374 SKOSQuoteLib_RequestServerTime   SK_ERROR_INITIALIZE_FAIL 
[1540] 2015/01/31 06:42:36.381 SKOSQuoteLib_RequestServerTime   SK_ERROR_INITIALIZE_FAIL 
[1540] 2015/01/31 06:42:51.390 SKOSQuoteLib_RequestServerTime   SK_ERROR_INITIALIZE_FAIL 
[1540] 2015/01/31 06:43:06.403 SKOSQuoteLib_RequestServerTime   SK_ERROR_INITIALIZE_FAIL 
[1540] 2015/01/31 06:43:21.403 SKOSQuoteLib_RequestServerTime   SK_ERROR_INITIALIZE_FAIL 
[1540] 2015/01/31 06:43:36.415 SKOSQuoteLib_RequestServerTime   SK_ERROR_INITIALIZE_FAIL 
[1540] 2015/01/31 06:43:51.419 SKOSQuoteLib_RequestServerTime   SK_ERROR_INITIALIZE_FAIL 
[1540] 2015/01/31 06:44:06.425 SKOSQuoteLib_RequestServerTime   SK_ERROR_INITIALIZE_FAIL 
[1540] 2015/01/31 06:44:21.432 SKOSQuoteLib_RequestServerTime   SK_ERROR_INITIALIZE_FAIL 
[1540] 2015/01/31 06:44:36.442 SKOSQuoteLib_RequestServerTime   SK_ERROR_INITIALIZE_FAIL 
[1540] 2015/01/31 06:44:51.454 SKOSQuoteLib_RequestServerTime   SK_ERROR_INITIALIZE_FAIL 
[1540] 2015/01/31 06:45:06.455 SKOSQuoteLib_RequestServerTime   SK_ERROR_INITIALIZE_FAIL 
[1540] 2015/01/31 06:45:21.460 SKOSQuoteLib_RequestServerTime   SK_ERROR_INITIALIZE_FAIL 
[1540] 2015/01/31 06:45:36.470 SKOSQuoteLib_RequestServerTime   SK_ERROR_INITIALIZE_FAIL 
[1540] 2015/01/31 06:45:51.476 SKOSQuoteLib_RequestServerTime   SK_ERROR_INITIALIZE_FAIL 
[1540] 2015/01/31 06:46:06.483 SKOSQuoteLib_RequestServerTime   SK_ERROR_INITIALIZE_FAIL 
[1540] 2015/01/31 06:46:21.492 SKOSQuoteLib_RequestServerTime   SK_ERROR_INITIALIZE_FAIL 
[1540] 2015/01/31 06:46:36.499 SKOSQuoteLib_RequestServerTime   SK_ERROR_INITIALIZE_FAIL 
[1540] 2015/01/31 06:46:51.505 SKOSQuoteLib_RequestServerTime   SK_ERROR_INITIALIZE_FAIL 
[1540] 2015/01/31 06:47:06.513 SKOSQuoteLib_RequestServerTime   SK_ERROR_INITIALIZE_FAIL 
[1540] 2015/01/31 06:47:21.526 SKOSQuoteLib_RequestServerTime   SK_ERROR_INITIALIZE_FAIL 
[1540] 2015/01/31 06:47:36.527 SKOSQuoteLib_RequestServerTime   SK_ERROR_INITIALIZE_FAIL 
[1540] 2015/01/31 06:47:51.534 SKOSQuoteLib_RequestServerTime   SK_ERROR_INITIALIZE_FAIL 
[1540] 2015/01/31 06:48:06.541 SKOSQuoteLib_RequestServerTime   SK_ERROR_INITIALIZE_FAIL 
[1540] 2015/01/31 06:48:21.549 SKOSQuoteLib_RequestServerTime   SK_ERROR_INITIALIZE_FAIL 
[1540] 2015/01/31 06:48:36.556 SKOSQuoteLib_RequestServerTime   SK_ERROR_INITIALIZE_FAIL 
[1540] 2015/01/31 06:48:51.569 SKOSQuoteLib_RequestServerTime   SK_ERROR_INITIALIZE_FAIL 
[1540] 2015/01/31 06:49:06.571 SKOSQuoteLib_RequestServerTime   SK_ERROR_INITIALIZE_FAIL 
[1540] 2015/01/31 06:49:21.584 SKOSQuoteLib_RequestServerTime   SK_ERROR_INITIALIZE_FAIL 
[1540] 2015/01/31 06:49:36.592 SKOSQuoteLib_RequestServerTime   SK_ERROR_INITIALIZE_FAIL 
[1540] 2015/01/31 06:49:51.593 SKOSQuoteLib_RequestServerTime   SK_ERROR_INITIALIZE_FAIL 
[1540] 2015/01/31 06:50:06.603 SKOSQuoteLib_RequestServerTime   SK_ERROR_INITIALIZE_FAIL 
[1540] 2015/01/31 06:50:21.607 SKOSQuoteLib_RequestServerTime   SK_ERROR_INITIALIZE_FAIL 
[1540] 2015/01/31 06:50:36.616 SKOSQuoteLib_RequestServerTime   SK_ERROR_INITIALIZE_FAIL 
[1540] 2015/01/31 06:50:51.621 SKOSQuoteLib_RequestServerTime   SK_ERROR_INITIALIZE_FAIL 
[1540] 2015/01/31 06:51:06.633 SKOSQuoteLib_RequestServerTime   SK_ERROR_INITIALIZE_FAIL 
[1540] 2015/01/31 06:51:21.638 SKOSQuoteLib_RequestServerTime   SK_ERROR_INITIALIZE_FAIL 
[1540] 2015/01/31 06:51:36.649 SKOSQuoteLib_RequestServerTime   SK_ERROR_INITIALIZE_FAIL 
[1540] 2015/01/31 06:51:51.654 SKOSQuoteLib_RequestServerTime   SK_ERROR_INITIALIZE_FAIL 
[1540] 2015/01/31 06:52:06.660 SKOSQuoteLib_RequestServerTime   SK_ERROR_INITIALIZE_FAIL 
[1540] 2015/01/31 06:52:21.672 SKOSQuoteLib_RequestServerTime   SK_ERROR_INITIALIZE_FAIL 
[1540] 2015/01/31 06:52:36.675 SKOSQuoteLib_RequestServerTime   SK_ERROR_INITIALIZE_FAIL 
[1540] 2015/01/31 06:52:51.681 SKOSQuoteLib_RequestServerTime   SK_ERROR_INITIALIZE_FAIL 
[1540] 2015/01/31 06:53:06.694 SKOSQuoteLib_RequestServerTime   SK_ERROR_INITIALIZE_FAIL 
[1540] 2015/01/31 06:53:21.695 SKOSQuoteLib_RequestServerTime   SK_ERROR_INITIALIZE_FAIL 
[1540] 2015/01/31 06:53:36.702 SKOSQuoteLib_RequestServerTime   SK_ERROR_INITIALIZE_FAIL 
[1540] 2015/01/31 06:53:51.712 SKOSQuoteLib_RequestServerTime   SK_ERROR_INITIALIZE_FAIL 
[1540] 2015/01/31 06:54:06.718 SKOSQuoteLib_RequestServerTime   SK_ERROR_INITIALIZE_FAIL 
[1540] 2015/01/31 06:54:21.724 SKOSQuoteLib_RequestServerTime   SK_ERROR_INITIALIZE_FAIL 
[1540] 2015/01/31 06:54:36.735 SKOSQuoteLib_RequestServerTime   SK_ERROR_INITIALIZE_FAIL 
[1540] 2015/01/31 06:54:51.741 SKOSQuoteLib_RequestServerTime   SK_ERROR_INITIALIZE_FAIL 
[1540] 2015/01/31 06:55:06.752 SKOSQuoteLib_RequestServerTime   SK_ERROR_INITIALIZE_FAIL 
[1540] 2015/01/31 06:55:21.753 SKOSQuoteLib_RequestServerTime   SK_ERROR_INITIALIZE_FAIL 
[1540] 2015/01/31 06:55:36.762 SKOSQuoteLib_RequestServerTime   SK_ERROR_INITIALIZE_FAIL 
[1540] 2015/01/31 06:55:51.768 SKOSQuoteLib_RequestServerTime   SK_ERROR_INITIALIZE_FAIL 
[1540] 2015/01/31 06:56:06.775 SKOSQuoteLib_RequestServerTime   SK_ERROR_INITIALIZE_FAIL 
[1540] 2015/01/31 06:56:21.784 SKOSQuoteLib_RequestServerTime   SK_ERROR_INITIALIZE_FAIL 
[1540] 2015/01/31 06:56:36.795 SKOSQuoteLib_RequestServerTime   SK_ERROR_INITIALIZE_FAIL 
[1540] 2015/01/31 06:56:51.799 SKOSQuoteLib_RequestServerTime   SK_ERROR_INITIALIZE_FAIL 
[1540] 2015/01/31 06:57:06.804 SKOSQuoteLib_RequestServerTime   SK_ERROR_INITIALIZE_FAIL 
[1540] 2015/01/31 06:57:21.811 SKOSQuoteLib_RequestServerTime   SK_ERROR_INITIALIZE_FAIL 
[1540] 2015/01/31 06:57:36.820 SKOSQuoteLib_RequestServerTime   SK_ERROR_INITIALIZE_FAIL 
[1540] 2015/01/31 06:57:51.826 SKOSQuoteLib_RequestServerTime   SK_ERROR_INITIALIZE_FAIL 
[1540] 2015/01/31 06:58:06.837 SKOSQuoteLib_RequestServerTime   SK_ERROR_INITIALIZE_FAIL 
[1540] 2015/01/31 06:58:21.847 SKOSQuoteLib_RequestServerTime   SK_ERROR_INITIALIZE_FAIL 
[1540] 2015/01/31 06:58:36.854 SKOSQuoteLib_RequestServerTime   SK_ERROR_INITIALIZE_FAIL 
[1540] 2015/01/31 06:58:51.861 SKOSQuoteLib_RequestServerTime   SK_ERROR_INITIALIZE_FAIL 
[1540] 2015/01/31 06:59:06.870 SKOSQuoteLib_RequestServerTime   SK_ERROR_INITIALIZE_FAIL 
[1540] 2015/01/31 06:59:21.876 SKOSQuoteLib_RequestServerTime   SK_ERROR_INITIALIZE_FAIL 
[1540] 2015/01/31 06:59:36.876 SKOSQuoteLib_RequestServerTime   SK_ERROR_INITIALIZE_FAIL 
[1540] 2015/01/31 06:59:51.886 SKOSQuoteLib_RequestServerTime   SK_ERROR_INITIALIZE_FAIL 
[1540] 2015/01/31 07:00:06.898 SKOSQuoteLib_RequestServerTime   SK_ERROR_INITIALIZE_FAIL 
[1540] 2015/01/31 07:00:21.906 SKOSQuoteLib_RequestServerTime   SK_ERROR_INITIALIZE_FAIL 
[1540] 2015/01/31 07:00:36.914 SKOSQuoteLib_RequestServerTime   SK_ERROR_INITIALIZE_FAIL 
[1540] 2015/01/31 07:00:51.914 SKOSQuoteLib_RequestServerTime   SK_ERROR_INITIALIZE_FAIL 
[1540] 2015/01/31 07:01:06.921 SKOSQuoteLib_RequestServerTime   SK_ERROR_INITIALIZE_FAIL 
[1540] 2015/01/31 07:01:21.928 SKOSQuoteLib_RequestServerTime   SK_ERROR_INITIALIZE_FAIL 
[1540] 2015/01/31 07:01:36.937 SKOSQuoteLib_RequestServerTime   SK_ERROR_INITIALIZE_FAIL 
[1540] 2015/01/31 07:01:51.948 SKOSQuoteLib_RequestServerTime   SK_ERROR_INITIALIZE_FAIL 
[1540] 2015/01/31 07:02:06.950 SKOSQuoteLib_RequestServerTime   SK_ERROR_INITIALIZE_FAIL 
[1540] 2015/01/31 07:02:21.960 SKOSQuoteLib_RequestServerTime   SK_ERROR_INITIALIZE_FAIL 
[1540] 2015/01/31 07:02:36.971 SKOSQuoteLib_RequestServerTime   SK_ERROR_INITIALIZE_FAIL 
[1540] 2015/01/31 07:02:51.972 SKOSQuoteLib_RequestServerTime   SK_ERROR_INITIALIZE_FAIL 
[1540] 2015/01/31 07:03:06.980 SKOSQuoteLib_RequestServerTime   SK_ERROR_INITIALIZE_FAIL 
[1540] 2015/01/31 07:03:21.993 SKOSQuoteLib_RequestServerTime   SK_ERROR_INITIALIZE_FAIL 
[1540] 2015/01/31 07:03:36.993 SKOSQuoteLib_RequestServerTime   SK_ERROR_INITIALIZE_FAIL 
[1540] 2015/01/31 07:03:52.001 SKOSQuoteLib_RequestServerTime   SK_ERROR_INITIALIZE_FAIL 
[1540] 2015/01/31 07:04:07.011 SKOSQuoteLib_RequestServerTime   SK_ERROR_INITIALIZE_FAIL 
[1540] 2015/01/31 07:04:22.019 SKOSQuoteLib_RequestServerTime   SK_ERROR_INITIALIZE_FAIL 
[1540] 2015/01/31 07:04:37.023 SKOSQuoteLib_RequestServerTime   SK_ERROR_INITIALIZE_FAIL 
[1540] 2015/01/31 07:04:52.037 SKOSQuoteLib_RequestServerTime   SK_ERROR_INITIALIZE_FAIL 
[1540] 2015/01/31 07:05:07.038 SKOSQuoteLib_RequestServerTime   SK_ERROR_INITIALIZE_FAIL 
[1540] 2015/01/31 07:05:22.048 SKOSQuoteLib_RequestServerTime   SK_ERROR_INITIALIZE_FAIL 
[1540] 2015/01/31 07:05:37.058 SKOSQuoteLib_RequestServerTime   SK_ERROR_INITIALIZE_FAIL 
[1540] 2015/01/31 07:05:52.061 SKOSQuoteLib_RequestServerTime   SK_ERROR_INITIALIZE_FAIL 
[1540] 2015/01/31 07:06:07.071 SKOSQuoteLib_RequestServerTime   SK_ERROR_INITIALIZE_FAIL 
[1540] 2015/01/31 07:06:19.933 SKOSQuoteLib_Initialize  ID：E122828927
[1540] 2015/01/31 07:06:19.934 SKOSQuoteLib_Initialize  Server：https://order2.capital.com.tw/
[1540] 2015/01/31 07:06:20.735 SKOSQuoteLib_EnterMonitor(0)
[1540] 2015/01/31 07:06:20.737 Connect FORT05.capital.com.tw 443
[1540] 2015/01/31 07:06:20.764 SKOSQuoteLib_AttachConnectCallBack
[1540] 2015/01/31 07:06:20.767 SKOSQuoteLib_AttachQuoteCallBack
[1540] 2015/01/31 07:06:20.769 SKOSQuoteLib_AttachTicksCallBack
[1540] 2015/01/31 07:06:20.771 SKOSQuoteLib_AttachBest5CallBack
[1540] 2015/01/31 07:06:20.773 SKOSQuoteLib_AttachServerTimeCallBack
[1540] 2015/01/31 07:06:20.775 SKOSQuoteLib_AttachHistoryTicksGetCallBack
[1540] 2015/01/31 07:06:21.845 SKOSQuoteLib_EnterMonitor(0)
[1540] 2015/01/31 07:06:21.847 Connect FORT05.capital.com.tw 443
[1540] 2015/01/31 07:06:24.888 SK_SUBJECT_CONNECTION_CONNECTED，Code: 0
[1540] 2015/01/31 07:06:24.890 SK_SUBJECT_CONNECTION_CONNECTED，Code: 0
[1540] 2015/01/31 07:06:24.892 SKOSQuoteLib_RequestServerTime()
[1540] 2015/01/31 07:06:31.640 SKOSQuoteLib_RequestTicks (0,OSE,JNM1503)
[2152] 2015/01/31 07:08:02.275 API InitInstance 
[2152] 2015/01/31 07:08:02.280 SKOSQuoteLib_Initialize  ID：E122828927
[2152] 2015/01/31 07:08:02.282 SKOSQuoteLib_Initialize  Server：https://order2.capital.com.tw/
[2152] 2015/01/31 07:08:03.071 SKOSQuoteLib_EnterMonitor(0)
[2152] 2015/01/31 07:08:03.073 Connect FORT05.capital.com.tw 443
[2152] 2015/01/31 07:08:03.099 SKOSQuoteLib_AttachConnectCallBack
[2152] 2015/01/31 07:08:03.103 SKOSQuoteLib_AttachQuoteCallBack
[2152] 2015/01/31 07:08:03.105 SKOSQuoteLib_AttachTicksCallBack
[2152] 2015/01/31 07:08:03.107 SKOSQuoteLib_AttachBest5CallBack
[2152] 2015/01/31 07:08:03.109 SKOSQuoteLib_AttachServerTimeCallBack
[2152] 2015/01/31 07:08:03.111 SKOSQuoteLib_AttachHistoryTicksGetCallBack
[2152] 2015/01/31 07:08:04.190 SKOSQuoteLib_EnterMonitor(0)
[2152] 2015/01/31 07:08:04.191 Connect FORT05.capital.com.tw 443
[2152] 2015/01/31 07:08:07.200 SK_SUBJECT_CONNECTION_CONNECTED，Code: 0
[2152] 2015/01/31 07:08:07.203 連線中斷，Code: 0 , Connection closed successfully.
[2152] 2015/01/31 07:08:09.419 SK_SUBJECT_CONNECTION_CONNECTED，Code: 0
[3864] 2015/01/31 07:09:15.604 API InitInstance 
[3864] 2015/01/31 07:09:15.608 SKOSQuoteLib_Initialize  ID：E122828927
[3864] 2015/01/31 07:09:15.610 SKOSQuoteLib_Initialize  Server：https://order2.capital.com.tw/
[3864] 2015/01/31 07:09:16.407 SKOSQuoteLib_EnterMonitor(0)
[3864] 2015/01/31 07:09:16.408 Connect FORT09.capital.com.tw 443
[3864] 2015/01/31 07:09:16.438 SKOSQuoteLib_AttachConnectCallBack
[3864] 2015/01/31 07:09:16.440 SKOSQuoteLib_AttachQuoteCallBack
[3864] 2015/01/31 07:09:16.442 SKOSQuoteLib_AttachTicksCallBack
[3864] 2015/01/31 07:09:16.444 SKOSQuoteLib_AttachBest5CallBack
[3864] 2015/01/31 07:09:16.446 SKOSQuoteLib_AttachServerTimeCallBack
[3864] 2015/01/31 07:09:16.449 SKOSQuoteLib_AttachHistoryTicksGetCallBack
[3864] 2015/01/31 07:09:17.454 SKOSQuoteLib_EnterMonitor(0)
[3864] 2015/01/31 07:09:17.456 Connect FORT09.capital.com.tw 443
[3864] 2015/01/31 07:09:20.494 SK_SUBJECT_CONNECTION_CONNECTED，Code: 0
[3864] 2015/01/31 07:09:20.496 連線中斷，Code: 0 , Connection closed successfully.
[3864] 2015/01/31 07:09:20.498 SK_SUBJECT_CONNECTION_CONNECTED，Code: 0
[2164] 2015/01/31 07:10:02.949 API InitInstance 
[2164] 2015/01/31 07:10:02.954 SKOSQuoteLib_Initialize  ID：E122828927
[2164] 2015/01/31 07:10:02.956 SKOSQuoteLib_Initialize  Server：https://order2.capital.com.tw/
[2164] 2015/01/31 07:10:03.662 SKOSQuoteLib_EnterMonitor(0)
[2164] 2015/01/31 07:10:03.664 Connect FORT06.capital.com.tw 443
[2164] 2015/01/31 07:10:03.691 SKOSQuoteLib_AttachConnectCallBack
[2164] 2015/01/31 07:10:03.694 SKOSQuoteLib_AttachQuoteCallBack
[2164] 2015/01/31 07:10:03.697 SKOSQuoteLib_AttachTicksCallBack
[2164] 2015/01/31 07:10:03.698 SKOSQuoteLib_AttachBest5CallBack
[2164] 2015/01/31 07:10:03.700 SKOSQuoteLib_AttachServerTimeCallBack
[2164] 2015/01/31 07:10:03.703 SKOSQuoteLib_AttachHistoryTicksGetCallBack
[2164] 2015/01/31 07:10:04.743 SK_SUBJECT_CONNECTION_CONNECTED，Code: 0
[2164] 2015/01/31 07:10:07.308 SKOSQuoteLib_RequestTicks (0,OSE,JNM1503)
[2164] 2015/01/31 07:10:16.370 SKOSQuoteLib_RequestServerTime()
[2164] 2015/01/31 07:10:31.371 SKOSQuoteLib_RequestServerTime()
[2164] 2015/01/31 07:10:46.371 SKOSQuoteLib_RequestServerTime()
[2164] 2015/01/31 07:11:01.380 SKOSQuoteLib_RequestServerTime()
[2164] 2015/01/31 07:11:16.390 SKOSQuoteLib_RequestServerTime()
[2164] 2015/01/31 07:11:31.393 SKOSQuoteLib_RequestServerTime()
[2164] 2015/01/31 07:11:46.406 SKOSQuoteLib_RequestServerTime()
[2164] 2015/01/31 07:11:59.288 API ExitInstance 
[3428] 2015/01/31 07:12:11.514 API InitInstance 
[3428] 2015/01/31 07:12:11.518 SKOSQuoteLib_Initialize  ID：E122828927
[3428] 2015/01/31 07:12:11.520 SKOSQuoteLib_Initialize  Server：https://order2.capital.com.tw/
[3428] 2015/01/31 07:12:12.353 SKOSQuoteLib_EnterMonitor(0)
[3428] 2015/01/31 07:12:12.354 Connect FORT07.capital.com.tw 443
[3428] 2015/01/31 07:12:12.382 SKOSQuoteLib_AttachConnectCallBack
[3428] 2015/01/31 07:12:12.385 SKOSQuoteLib_AttachQuoteCallBack
[3428] 2015/01/31 07:12:12.387 SKOSQuoteLib_AttachTicksCallBack
[3428] 2015/01/31 07:12:12.389 SKOSQuoteLib_AttachBest5CallBack
[3428] 2015/01/31 07:12:12.391 SKOSQuoteLib_AttachServerTimeCallBack
[3428] 2015/01/31 07:12:12.393 SKOSQuoteLib_AttachHistoryTicksGetCallBack
[3428] 2015/01/31 07:12:13.457 SKOSQuoteLib_EnterMonitor(0)
[3428] 2015/01/31 07:12:13.459 Connect FORT07.capital.com.tw 443
[3428] 2015/01/31 07:12:16.467 SK_SUBJECT_CONNECTION_CONNECTED，Code: 0
[3428] 2015/01/31 07:12:16.469 連線中斷，Code: 10057 , The socket is not connected.
[3428] 2015/01/31 07:12:16.472 SocketDisconnect 斷線CALLBACK通知
[3428] 2015/01/31 07:12:16.473 連線失敗，Code: 10038 , The descriptor specified in the s parameter is not a socket.
[3428] 2015/01/31 07:12:16.477 SK_SUBJECT_CONNECTION_DISCONNECT，Code: 10057
[2668] 2015/01/31 07:18:00.029 API InitInstance 
[2668] 2015/01/31 07:18:00.030 SKOSQuoteLib_EnterMonitor   SK_ERROR_INITIALIZE_FAIL 
[2668] 2015/01/31 07:18:11.871 SKOSQuoteLib_RequestServerTime   SK_ERROR_INITIALIZE_FAIL 
[2668] 2015/01/31 07:18:26.872 SKOSQuoteLib_RequestServerTime   SK_ERROR_INITIALIZE_FAIL 
[2668] 2015/01/31 07:18:41.877 SKOSQuoteLib_RequestServerTime   SK_ERROR_INITIALIZE_FAIL 
[2668] 2015/01/31 07:18:56.886 SKOSQuoteLib_RequestServerTime   SK_ERROR_INITIALIZE_FAIL 
[2668] 2015/01/31 07:19:08.650 SKOSQuoteLib_LeaveMonitor   SK_ERROR_INITIALIZE_FAIL 
[2668] 2015/01/31 07:19:08.789 API ExitInstance 
[4240] 2015/01/31 07:23:44.595 API InitInstance 
[4240] 2015/01/31 07:23:44.599 SKOSQuoteLib_Initialize  ID：E122828927
[4240] 2015/01/31 07:23:44.601 SKOSQuoteLib_Initialize  Server：https://order2.capital.com.tw/
[4240] 2015/01/31 07:23:45.387 SKOSQuoteLib_EnterMonitor(0)
[4240] 2015/01/31 07:23:45.389 Connect FORT06.capital.com.tw 443
[4240] 2015/01/31 07:23:45.415 SKOSQuoteLib_AttachConnectCallBack
[4240] 2015/01/31 07:23:45.419 SKOSQuoteLib_AttachQuoteCallBack
[4240] 2015/01/31 07:23:45.421 SKOSQuoteLib_AttachTicksCallBack
[4240] 2015/01/31 07:23:45.423 SKOSQuoteLib_AttachBest5CallBack
[4240] 2015/01/31 07:23:45.425 SKOSQuoteLib_AttachServerTimeCallBack
[4240] 2015/01/31 07:23:45.428 SKOSQuoteLib_AttachHistoryTicksGetCallBack
[4240] 2015/01/31 07:23:45.461 SK_SUBJECT_CONNECTION_CONNECTED，Code: 0
[4240] 2015/01/31 07:23:57.623 SKOSQuoteLib_RequestServerTime()
[1832] 2015/01/31 07:24:41.115 API InitInstance 
[1832] 2015/01/31 07:24:41.119 SKOSQuoteLib_Initialize  ID：E122828927
[1832] 2015/01/31 07:24:41.121 SKOSQuoteLib_Initialize  Server：https://order2.capital.com.tw/
[1832] 2015/01/31 07:24:41.907 SKOSQuoteLib_EnterMonitor(0)
[1832] 2015/01/31 07:24:41.909 Connect FORT09.capital.com.tw 443
[1832] 2015/01/31 07:24:41.939 SKOSQuoteLib_AttachConnectCallBack
[1832] 2015/01/31 07:24:41.941 SKOSQuoteLib_AttachQuoteCallBack
[1832] 2015/01/31 07:24:41.943 SKOSQuoteLib_AttachTicksCallBack
[1832] 2015/01/31 07:24:41.945 SKOSQuoteLib_AttachBest5CallBack
[1832] 2015/01/31 07:24:41.947 SKOSQuoteLib_AttachServerTimeCallBack
[1832] 2015/01/31 07:24:41.949 SKOSQuoteLib_AttachHistoryTicksGetCallBack
[1832] 2015/01/31 07:24:41.979 SK_SUBJECT_CONNECTION_CONNECTED，Code: 0
[1832] 2015/01/31 07:24:53.392 SKOSQuoteLib_RequestServerTime()
[1832] 2015/01/31 07:24:54.796 SKOSQuoteLib_RequestTicks (0,OSE,JNM1503)
[1832] 2015/01/31 07:25:08.386 SKOSQuoteLib_RequestServerTime()
[3660] 2015/01/31 07:55:04.157 API InitInstance 
[3660] 2015/01/31 07:55:04.161 SKOSQuoteLib_Initialize  ID：E122828927
[3660] 2015/01/31 07:55:04.163 SKOSQuoteLib_Initialize  Server：https://order2.capital.com.tw/
[3660] 2015/01/31 07:55:06.116 SKOSQuoteLib_EnterMonitor(0)
[3660] 2015/01/31 07:55:06.118 Connect FORT09.capital.com.tw 443
[3660] 2015/01/31 07:55:06.124 SKOSQuoteLib_AttachConnectCallBack
[3660] 2015/01/31 07:55:06.132 SKOSQuoteLib_AttachQuoteCallBack
[3660] 2015/01/31 07:55:06.134 SKOSQuoteLib_AttachTicksCallBack
[3660] 2015/01/31 07:55:06.136 SKOSQuoteLib_AttachBest5CallBack
[3660] 2015/01/31 07:55:06.138 SKOSQuoteLib_AttachServerTimeCallBack
[3660] 2015/01/31 07:55:06.140 SKOSQuoteLib_AttachHistoryTicksGetCallBack
[3660] 2015/01/31 07:55:06.185 SK_SUBJECT_CONNECTION_CONNECTED，Code: 0
[3660] 2015/01/31 07:55:17.475 SKOSQuoteLib_RequestServerTime()
[3660] 2015/01/31 07:55:32.474 SKOSQuoteLib_RequestServerTime()
[3660] 2015/01/31 07:55:43.990 SKOSQuoteLib_RequestTicks (0,OSE,JNM1503)
[3660] 2015/01/31 07:55:47.483 SKOSQuoteLib_RequestServerTime()
[3660] 2015/01/31 07:56:02.495 SKOSQuoteLib_RequestServerTime()
[3660] 2015/01/31 07:56:13.043 API ExitInstance 
[2100] 2015/01/31 07:57:46.974 API InitInstance 
[2100] 2015/01/31 07:57:46.979 SKOSQuoteLib_Initialize  ID：E122828927
[2100] 2015/01/31 07:57:46.980 SKOSQuoteLib_Initialize  Server：https://order2.capital.com.tw/
[2100] 2015/01/31 07:57:47.754 SKOSQuoteLib_EnterMonitor(0)
[2100] 2015/01/31 07:57:47.755 Connect FORT03.capital.com.tw 443
[2100] 2015/01/31 07:57:47.762 SKOSQuoteLib_AttachConnectCallBack
[2100] 2015/01/31 07:57:47.768 SKOSQuoteLib_AttachQuoteCallBack
[2100] 2015/01/31 07:57:47.770 SKOSQuoteLib_AttachTicksCallBack
[2100] 2015/01/31 07:57:47.772 SKOSQuoteLib_AttachBest5CallBack
[2100] 2015/01/31 07:57:47.774 SKOSQuoteLib_AttachServerTimeCallBack
[2100] 2015/01/31 07:57:47.776 SKOSQuoteLib_AttachHistoryTicksGetCallBack
[2100] 2015/01/31 07:57:47.801 SK_SUBJECT_CONNECTION_CONNECTED，Code: 0
[2100] 2015/01/31 07:57:55.104 API ExitInstance 
[1928] 2015/01/31 07:58:30.519 API InitInstance 
[1928] 2015/01/31 07:58:30.524 SKOSQuoteLib_Initialize  ID：E122828927
[1928] 2015/01/31 07:58:30.525 SKOSQuoteLib_Initialize  Server：https://order2.capital.com.tw/
[1928] 2015/01/31 07:58:31.291 SKOSQuoteLib_EnterMonitor(0)
[1928] 2015/01/31 07:58:31.292 Connect FORT03.capital.com.tw 443
[1928] 2015/01/31 07:58:31.299 SKOSQuoteLib_AttachConnectCallBack
[1928] 2015/01/31 07:58:31.305 SKOSQuoteLib_AttachQuoteCallBack
[1928] 2015/01/31 07:58:31.307 SKOSQuoteLib_AttachTicksCallBack
[1928] 2015/01/31 07:58:31.309 SKOSQuoteLib_AttachBest5CallBack
[1928] 2015/01/31 07:58:31.311 SKOSQuoteLib_AttachServerTimeCallBack
[1928] 2015/01/31 07:58:31.313 SKOSQuoteLib_AttachHistoryTicksGetCallBack
[1928] 2015/01/31 07:58:31.369 SK_SUBJECT_CONNECTION_CONNECTED，Code: 0
[1928] 2015/01/31 07:58:42.356 SKOSQuoteLib_RequestServerTime()
[1928] 2015/01/31 07:58:57.352 SKOSQuoteLib_RequestServerTime()
[1928] 2015/01/31 07:59:12.362 SKOSQuoteLib_RequestServerTime()
[1928] 2015/01/31 07:59:27.365 SKOSQuoteLib_RequestServerTime()
[3268] 2015/01/31 07:59:58.152 API InitInstance 
[3268] 2015/01/31 07:59:58.157 SKOSQuoteLib_Initialize  ID：E122828927
[3268] 2015/01/31 07:59:58.158 SKOSQuoteLib_Initialize  Server：https://order2.capital.com.tw/
[3268] 2015/01/31 07:59:58.888 SKOSQuoteLib_EnterMonitor(0)
[3268] 2015/01/31 07:59:58.889 Connect FORT09.capital.com.tw 443
[3268] 2015/01/31 07:59:58.896 SKOSQuoteLib_AttachConnectCallBack
[3268] 2015/01/31 07:59:58.902 SKOSQuoteLib_AttachQuoteCallBack
[3268] 2015/01/31 07:59:58.904 SKOSQuoteLib_AttachTicksCallBack
[3268] 2015/01/31 07:59:58.906 SKOSQuoteLib_AttachBest5CallBack
[3268] 2015/01/31 07:59:58.908 SKOSQuoteLib_AttachServerTimeCallBack
[3268] 2015/01/31 07:59:58.911 SKOSQuoteLib_AttachHistoryTicksGetCallBack
[3268] 2015/01/31 07:59:58.957 SK_SUBJECT_CONNECTION_CONNECTED，Code: 0
[3268] 2015/01/31 08:00:10.571 SKOSQuoteLib_RequestServerTime()
[3520] 2015/01/31 08:00:28.561 API InitInstance 
[3520] 2015/01/31 08:00:28.565 SKOSQuoteLib_Initialize  ID：E122828927
[3520] 2015/01/31 08:00:28.567 SKOSQuoteLib_Initialize  Server：https://order2.capital.com.tw/
[3520] 2015/01/31 08:00:29.364 SKOSQuoteLib_EnterMonitor(0)
[3520] 2015/01/31 08:00:29.366 Connect FORT06.capital.com.tw 443
[3520] 2015/01/31 08:00:29.372 SKOSQuoteLib_AttachConnectCallBack
[3520] 2015/01/31 08:00:29.378 SKOSQuoteLib_AttachQuoteCallBack
[3520] 2015/01/31 08:00:29.381 SKOSQuoteLib_AttachTicksCallBack
[3520] 2015/01/31 08:00:29.382 SKOSQuoteLib_AttachBest5CallBack
[3520] 2015/01/31 08:00:29.384 SKOSQuoteLib_AttachServerTimeCallBack
[3520] 2015/01/31 08:00:29.387 SKOSQuoteLib_AttachHistoryTicksGetCallBack
[3520] 2015/01/31 08:00:30.533 SKOSQuoteLib_EnterMonitor(0)
[3520] 2015/01/31 08:00:30.534 Connect FORT06.capital.com.tw 443
[3520] 2015/01/31 08:00:33.539 SK_SUBJECT_CONNECTION_CONNECTED，Code: 0
[3520] 2015/01/31 08:00:33.541 連線中斷，Code: 10057 , The socket is not connected.
[3520] 2015/01/31 08:00:33.544 SocketDisconnect 斷線CALLBACK通知
[3520] 2015/01/31 08:00:33.545 SK_SUBJECT_CONNECTION_DISCONNECT，Code: 10057
[3520] 2015/01/31 08:00:33.547 連線失敗，Code: 10038 , The descriptor specified in the s parameter is not a socket.
[5060] 2015/01/31 08:02:41.563 API InitInstance 
[5060] 2015/01/31 08:02:41.568 SKOSQuoteLib_Initialize  ID：E122828927
[5060] 2015/01/31 08:02:41.569 SKOSQuoteLib_Initialize  Server：https://order2.capital.com.tw/
[5060] 2015/01/31 08:02:42.339 SKOSQuoteLib_EnterMonitor(0)
[5060] 2015/01/31 08:02:42.340 Connect FORT06.capital.com.tw 443
[5060] 2015/01/31 08:02:42.347 SKOSQuoteLib_AttachConnectCallBack
[5060] 2015/01/31 08:02:42.353 SKOSQuoteLib_AttachQuoteCallBack
[5060] 2015/01/31 08:02:42.355 SKOSQuoteLib_AttachTicksCallBack
[5060] 2015/01/31 08:02:42.357 SKOSQuoteLib_AttachBest5CallBack
[5060] 2015/01/31 08:02:42.359 SKOSQuoteLib_AttachServerTimeCallBack
[5060] 2015/01/31 08:02:42.361 SKOSQuoteLib_AttachHistoryTicksGetCallBack
[5060] 2015/01/31 08:02:43.513 SKOSQuoteLib_EnterMonitor(0)
[5060] 2015/01/31 08:02:43.514 Connect FORT06.capital.com.tw 443
[5060] 2015/01/31 08:02:46.518 SK_SUBJECT_CONNECTION_CONNECTED，Code: 0
[5060] 2015/01/31 08:02:46.520 連線中斷，Code: 10057 , The socket is not connected.
[5060] 2015/01/31 08:02:46.523 SocketDisconnect 斷線CALLBACK通知
[5060] 2015/01/31 08:02:46.524 SK_SUBJECT_CONNECTION_DISCONNECT，Code: 10057
[5060] 2015/01/31 08:02:46.526 連線失敗，Code: 10038 , The descriptor specified in the s parameter is not a socket.
[5060] 2015/01/31 08:02:54.355 SKOSQuoteLib_RequestServerTime()
