[3716] 2015/01/29 05:59:01.744 SKOrderLib ª©¥» 2.1.22
[3716] 2015/01/29 05:59:01.747 Login ID: E122828927
[3716] 2015/01/29 05:59:02.342 CALL SKOrderLib_ReadCertByID(E122828927)
[3716] 2015/01/29 05:59:02.503 CALL RegisterOnAccountCallBack()
[3716] 2015/01/29 05:59:02.504 CALL GetUserAccount()
[3716] 2015/01/29 05:59:02.506 TS,918J,918J,0456453,E122828927,±d§Óºú,0,0
[3716] 2015/01/29 05:59:02.507 TF,F020000,B17,1709003,E122828927,±d§Óºú,0,0
[3716] 2015/01/29 05:59:02.509 OF,F020000,000,1709003,E122828927,±d§Óºú,0,0
[3716] 2015/01/29 05:59:02.511 CALL RegisterOnOrderAsyncReportCallBack()
[3716] 2015/01/29 05:59:02.513 CALL RegisterOnExecutionReportCallBack()
[5116] 2015/01/29 21:16:07.050 SKOrderLib ª©¥» 2.1.22
[5116] 2015/01/29 21:16:07.053 Login ID: E122828927
[5116] 2015/01/29 21:16:07.852 CALL SKOrderLib_ReadCertByID(E122828927)
[5116] 2015/01/29 21:16:08.008 CALL RegisterOnAccountCallBack()
[5116] 2015/01/29 21:16:08.010 CALL GetUserAccount()
[5116] 2015/01/29 21:16:08.011 TS,918J,918J,0456453,E122828927,±d§Óºú,0,0
[5116] 2015/01/29 21:16:08.012 TF,F020000,B17,1709003,E122828927,±d§Óºú,0,0
[5116] 2015/01/29 21:16:08.014 OF,F020000,000,1709003,E122828927,±d§Óºú,0,0
[5116] 2015/01/29 21:16:08.015 CALL RegisterOnOrderAsyncReportCallBack()
[5116] 2015/01/29 21:16:08.017 CALL RegisterOnExecutionReportCallBack()
