[3468] 2015/01/31 05:56:37.751 API InitInstance 
[3468] 2015/01/31 05:56:54.838 API ExitInstance 
[1540] 2015/01/31 07:06:20.757 API InitInstance 
[1540] 2015/01/31 07:06:24.898 E122828927 連線 Code：0
[1540] 2015/01/31 07:06:25.902 收到 Head 資訊 {Count 2} {Type C } 
[1540] 2015/01/31 07:06:25.904 收到 Head 資訊 {Count 2} {Type C } 
[1540] 2015/01/31 07:06:25.906 收到 Head 資訊 {Count 2} {Type C } 
[1540] 2015/01/31 07:06:25.908 收到 Head 資訊 {Count 2} {Type C } 
[1540] 2015/01/31 07:06:25.910 收到 Head 資訊 {Count 2} {Type C } 
[1540] 2015/01/31 07:06:25.912 收到 Head 資訊 {Count 2} {Type C } 
[1540] 2015/01/31 07:06:25.914 收到 Head 資訊 {Count 2} {Type C } 
[1540] 2015/01/31 07:06:25.916 收到 Head 資訊 {Count 2} {Type C } 
[1540] 2015/01/31 07:06:25.918 收到 Head 資訊 {Count 2} {Type C } 
[1540] 2015/01/31 07:06:25.920 收到 Head 資訊 {Count 2} {Type C } 
[1540] 2015/01/31 07:06:25.922 收到 Head 資訊 {Count 2} {Type C } 
[1540] 2015/01/31 07:06:25.924 收到 Head 資訊 {Count 2} {Type C } 
[1540] 2015/01/31 07:06:25.926 收到 Head 資訊 {Count 2} {Type C } 
[1540] 2015/01/31 07:06:25.928 收到 Head 資訊 {Count 2} {Type C } 
[1540] 2015/01/31 07:06:25.930 收到 Head 資訊 {Count 2} {Type C } 
[1540] 2015/01/31 07:06:25.932 收到 Head 資訊 {Count 2} {Type C } 
[1540] 2015/01/31 07:06:25.934 收到 Head 資訊 {Count 2} {Type C } 
[1540] 2015/01/31 07:06:25.936 收到 Head 資訊 {Count 2} {Type C } 
[1540] 2015/01/31 07:06:25.938 收到 Head 資訊 {Count 2} {Type C } 
[1540] 2015/01/31 07:06:25.940 收到 Head 資訊 {Count 2} {Type C } 
[1540] 2015/01/31 07:06:25.942 收到 Head 資訊 {Count 2} {Type C } 
[1540] 2015/01/31 07:06:25.944 收到 Head 資訊 {Count 2} {Type C } 
[1540] 2015/01/31 07:06:25.946 收到 Head 資訊 {Count 2} {Type C } 
[1540] 2015/01/31 07:06:25.948 收到 Head 資訊 {Count 2} {Type C } 
[1540] 2015/01/31 07:06:25.950 收到 Head 資訊 {Count 2} {Type C } 
[1540] 2015/01/31 07:06:25.951 收到 Head 資訊 {Count 2} {Type C } 
[1540] 2015/01/31 07:06:25.953 收到 Head 資訊 {Count 2} {Type C } 
[1540] 2015/01/31 07:06:25.955 收到 Head 資訊 {Count 2} {Type C } 
[1540] 2015/01/31 07:06:25.957 收到 Head 資訊 {Count 2} {Type C } 
[1540] 2015/01/31 07:06:25.959 收到 Head 資訊 {Count 2} {Type C } 
[1540] 2015/01/31 07:06:25.961 收到 Head 資訊 {Count 2} {Type C } 
[1540] 2015/01/31 07:06:25.963 收到 Head 資訊 {Count 2} {Type C } 
[1540] 2015/01/31 07:06:25.965 收到 Head 資訊 {Count 2} {Type C } 
[1540] 2015/01/31 07:06:25.967 收到 Head 資訊 {Count 2} {Type C } 
[1540] 2015/01/31 07:06:25.969 收到 Head 資訊 {Count 2} {Type C } 
[1540] 2015/01/31 07:06:25.971 收到 Head 資訊 {Count 2} {Type C } 
[1540] 2015/01/31 07:06:25.973 收到 Head 資訊 {Count 2} {Type C } 
[1540] 2015/01/31 07:06:25.975 收到 Head 資訊 {Count 2} {Type C } 
[1540] 2015/01/31 07:06:25.977 收到 Head 資訊 {Count 2} {Type C } 
[1540] 2015/01/31 07:06:25.979 收到 Head 資訊 {Count 2} {Type C } 
[1540] 2015/01/31 07:06:25.981 收到 Head 資訊 {Count 2} {Type C } 
[1540] 2015/01/31 07:06:25.983 收到 Head 資訊 {Count 2} {Type C } 
[1540] 2015/01/31 07:06:25.985 收到 Head 資訊 {Count 2} {Type C } 
[1540] 2015/01/31 07:06:25.986 收到 Head 資訊 {Count 2} {Type C } 
[1540] 2015/01/31 07:06:25.988 收到 Head 資訊 {Count 2} {Type C } 
[1540] 2015/01/31 07:06:25.990 收到 Head 資訊 {Count 2} {Type C } 
[1540] 2015/01/31 07:06:25.993 收到 Head 資訊 {Count 2} {Type C } 
[1540] 2015/01/31 07:06:25.995 收到 Head 資訊 {Count 2} {Type C } 
[1540] 2015/01/31 07:06:25.996 收到 Head 資訊 {Count 2} {Type C } 
[1540] 2015/01/31 07:06:25.998 收到 Head 資訊 {Count 2} {Type C } 
[1540] 2015/01/31 07:06:26.000 收到 Head 資訊 {Count 2} {Type C } 
[1540] 2015/01/31 07:06:26.002 收到 Head 資訊 {Count 2} {Type C } 
[1540] 2015/01/31 07:06:26.004 收到 Head 資訊 {Count 2} {Type C } 
[1540] 2015/01/31 07:06:26.006 收到 Head 資訊 {Count 2} {Type C } 
[1540] 2015/01/31 07:06:26.008 收到 Head 資訊 {Count 2} {Type C } 
[1540] 2015/01/31 07:06:26.010 收到 Head 資訊 {Count 2} {Type C } 
[1540] 2015/01/31 07:06:26.012 收到 Head 資訊 {Count 2} {Type C } 
[1540] 2015/01/31 07:06:26.014 收到 Head 資訊 {Count 2} {Type C } 
[1540] 2015/01/31 07:06:26.016 收到 Head 資訊 {Count 2} {Type C } 
[1540] 2015/01/31 07:06:26.018 收到 Head 資訊 {Count 2} {Type C } 
[1540] 2015/01/31 07:06:26.020 收到 Head 資訊 {Count 2} {Type C } 
[1540] 2015/01/31 07:06:26.022 收到 Head 資訊 {Count 2} {Type C } 
[1540] 2015/01/31 07:06:26.024 收到 Head 資訊 {Count 2} {Type C } 
[1540] 2015/01/31 07:06:26.026 收到 Head 資訊 {Count 2} {Type C } 
[1540] 2015/01/31 07:06:26.028 收到 Head 資訊 {Count 2} {Type C } 
[1540] 2015/01/31 07:06:26.030 收到 Head 資訊 {Count 2} {Type C } 
[1540] 2015/01/31 07:06:26.032 收到 Head 資訊 {Count 2} {Type C } 
[1540] 2015/01/31 07:06:26.034 收到 Head 資訊 {Count 2} {Type C } 
[1540] 2015/01/31 07:06:26.036 收到 Head 資訊 {Count 2} {Type B } 
[1540] 2015/01/31 07:06:35.588 收到 Head 資訊 {Count 2} {Type C } 
[2152] 2015/01/31 07:08:03.093 API InitInstance 
[2152] 2015/01/31 07:08:07.719 E122828927 連線 Code：0
[2152] 2015/01/31 07:08:09.415 收到 Head 資訊 {Count 2} {Type C } 
[3864] 2015/01/31 07:09:16.428 API InitInstance 
[3864] 2015/01/31 07:09:20.502 E122828927 連線 Code：0
[3864] 2015/01/31 07:09:21.512 收到 Head 資訊 {Count 2} {Type C } 
[3864] 2015/01/31 07:09:21.514 收到 Head 資訊 {Count 2} {Type C } 
[3864] 2015/01/31 07:09:21.528 收到 Head 資訊 {Count 2} {Type C } 
[3864] 2015/01/31 07:09:21.530 收到 Head 資訊 {Count 2} {Type C } 
[3864] 2015/01/31 07:09:21.532 收到 Head 資訊 {Count 2} {Type C } 
[3864] 2015/01/31 07:09:21.534 收到 Head 資訊 {Count 2} {Type C } 
[3864] 2015/01/31 07:09:21.536 收到 Head 資訊 {Count 2} {Type C } 
[3864] 2015/01/31 07:09:21.538 收到 Head 資訊 {Count 2} {Type C } 
[3864] 2015/01/31 07:09:21.539 收到 Head 資訊 {Count 2} {Type C } 
[3864] 2015/01/31 07:09:21.542 收到 Head 資訊 {Count 2} {Type C } 
[3864] 2015/01/31 07:09:21.543 收到 Head 資訊 {Count 2} {Type C } 
[3864] 2015/01/31 07:09:21.545 收到 Head 資訊 {Count 2} {Type C } 
[3864] 2015/01/31 07:09:21.547 收到 Head 資訊 {Count 2} {Type C } 
[3864] 2015/01/31 07:09:21.549 收到 Head 資訊 {Count 2} {Type C } 
[3864] 2015/01/31 07:09:21.551 收到 Head 資訊 {Count 2} {Type C } 
[3864] 2015/01/31 07:09:21.553 收到 Head 資訊 {Count 2} {Type C } 
[3864] 2015/01/31 07:09:21.555 收到 Head 資訊 {Count 2} {Type C } 
[3864] 2015/01/31 07:09:21.557 收到 Head 資訊 {Count 2} {Type C } 
[3864] 2015/01/31 07:09:21.558 收到 Head 資訊 {Count 2} {Type C } 
[3864] 2015/01/31 07:09:21.560 收到 Head 資訊 {Count 2} {Type C } 
[3864] 2015/01/31 07:09:21.562 收到 Head 資訊 {Count 2} {Type C } 
[3864] 2015/01/31 07:09:21.564 收到 Head 資訊 {Count 2} {Type C } 
[3864] 2015/01/31 07:09:21.566 收到 Head 資訊 {Count 2} {Type C } 
[3864] 2015/01/31 07:09:21.568 收到 Head 資訊 {Count 2} {Type C } 
[3864] 2015/01/31 07:09:21.570 收到 Head 資訊 {Count 2} {Type C } 
[3864] 2015/01/31 07:09:21.572 收到 Head 資訊 {Count 2} {Type C } 
[3864] 2015/01/31 07:09:21.573 收到 Head 資訊 {Count 2} {Type C } 
[3864] 2015/01/31 07:09:21.575 收到 Head 資訊 {Count 2} {Type C } 
[3864] 2015/01/31 07:09:21.577 收到 Head 資訊 {Count 2} {Type C } 
[3864] 2015/01/31 07:09:21.579 收到 Head 資訊 {Count 2} {Type C } 
[3864] 2015/01/31 07:09:21.581 收到 Head 資訊 {Count 2} {Type C } 
[3864] 2015/01/31 07:09:21.583 收到 Head 資訊 {Count 2} {Type C } 
[3864] 2015/01/31 07:09:21.585 收到 Head 資訊 {Count 2} {Type C } 
[3864] 2015/01/31 07:09:21.587 收到 Head 資訊 {Count 2} {Type C } 
[3864] 2015/01/31 07:09:21.589 收到 Head 資訊 {Count 2} {Type C } 
[3864] 2015/01/31 07:09:21.591 收到 Head 資訊 {Count 2} {Type C } 
[3864] 2015/01/31 07:09:21.593 收到 Head 資訊 {Count 2} {Type C } 
[3864] 2015/01/31 07:09:21.595 收到 Head 資訊 {Count 2} {Type C } 
[3864] 2015/01/31 07:09:21.597 收到 Head 資訊 {Count 2} {Type C } 
[3864] 2015/01/31 07:09:21.599 收到 Head 資訊 {Count 2} {Type C } 
[3864] 2015/01/31 07:09:21.601 收到 Head 資訊 {Count 2} {Type C } 
[3864] 2015/01/31 07:09:21.603 收到 Head 資訊 {Count 2} {Type C } 
[3864] 2015/01/31 07:09:21.605 收到 Head 資訊 {Count 2} {Type C } 
[3864] 2015/01/31 07:09:21.608 收到 Head 資訊 {Count 2} {Type C } 
[3864] 2015/01/31 07:09:21.610 收到 Head 資訊 {Count 2} {Type C } 
[3864] 2015/01/31 07:09:21.612 收到 Head 資訊 {Count 2} {Type C } 
[3864] 2015/01/31 07:09:21.614 收到 Head 資訊 {Count 2} {Type C } 
[3864] 2015/01/31 07:09:21.615 收到 Head 資訊 {Count 2} {Type C } 
[3864] 2015/01/31 07:09:21.617 收到 Head 資訊 {Count 2} {Type C } 
[3864] 2015/01/31 07:09:21.619 收到 Head 資訊 {Count 2} {Type C } 
[3864] 2015/01/31 07:09:21.621 收到 Head 資訊 {Count 2} {Type C } 
[3864] 2015/01/31 07:09:21.623 收到 Head 資訊 {Count 2} {Type C } 
[3864] 2015/01/31 07:09:21.624 收到 Head 資訊 {Count 2} {Type C } 
[3864] 2015/01/31 07:09:21.626 收到 Head 資訊 {Count 2} {Type C } 
[3864] 2015/01/31 07:09:21.628 收到 Head 資訊 {Count 2} {Type C } 
[3864] 2015/01/31 07:09:21.630 收到 Head 資訊 {Count 2} {Type C } 
[3864] 2015/01/31 07:09:21.632 收到 Head 資訊 {Count 2} {Type C } 
[3864] 2015/01/31 07:09:21.634 收到 Head 資訊 {Count 2} {Type C } 
[3864] 2015/01/31 07:09:21.635 收到 Head 資訊 {Count 2} {Type C } 
[3864] 2015/01/31 07:09:21.637 收到 Head 資訊 {Count 2} {Type C } 
[3864] 2015/01/31 07:09:21.639 收到 Head 資訊 {Count 2} {Type C } 
[3864] 2015/01/31 07:09:21.642 收到 Head 資訊 {Count 2} {Type C } 
[3864] 2015/01/31 07:09:21.644 收到 Head 資訊 {Count 2} {Type C } 
[3864] 2015/01/31 07:09:21.646 收到 Head 資訊 {Count 2} {Type C } 
[3864] 2015/01/31 07:09:21.648 收到 Head 資訊 {Count 2} {Type C } 
[3864] 2015/01/31 07:09:21.650 收到 Head 資訊 {Count 2} {Type C } 
[3864] 2015/01/31 07:09:21.652 收到 Head 資訊 {Count 2} {Type C } 
[3864] 2015/01/31 07:09:21.654 收到 Head 資訊 {Count 2} {Type C } 
[3864] 2015/01/31 07:09:21.656 收到 Head 資訊 {Count 2} {Type C } 
[3864] 2015/01/31 07:09:21.658 收到 Head 資訊 {Count 2} {Type C } 
[3864] 2015/01/31 07:09:21.660 收到 Head 資訊 {Count 2} {Type C } 
[3864] 2015/01/31 07:09:21.662 收到 Head 資訊 {Count 2} {Type C } 
[3864] 2015/01/31 07:09:21.664 收到 Head 資訊 {Count 2} {Type C } 
[3864] 2015/01/31 07:09:21.666 收到 Head 資訊 {Count 2} {Type C } 
[3864] 2015/01/31 07:09:21.668 收到 Head 資訊 {Count 2} {Type C } 
[3864] 2015/01/31 07:09:21.670 收到 Head 資訊 {Count 2} {Type C } 
[3864] 2015/01/31 07:09:21.672 收到 Head 資訊 {Count 2} {Type C } 
[3864] 2015/01/31 07:09:21.673 收到 Head 資訊 {Count 2} {Type C } 
[3864] 2015/01/31 07:09:21.675 收到 Head 資訊 {Count 2} {Type C } 
[3864] 2015/01/31 07:09:21.677 收到 Head 資訊 {Count 2} {Type C } 
[3864] 2015/01/31 07:09:21.680 收到 Head 資訊 {Count 2} {Type C } 
[3864] 2015/01/31 07:09:21.682 收到 Head 資訊 {Count 2} {Type C } 
[3864] 2015/01/31 07:09:21.684 收到 Head 資訊 {Count 2} {Type C } 
[3864] 2015/01/31 07:09:21.685 收到 Head 資訊 {Count 2} {Type C } 
[3864] 2015/01/31 07:09:21.687 收到 Head 資訊 {Count 2} {Type C } 
[3864] 2015/01/31 07:09:21.689 收到 Head 資訊 {Count 2} {Type B } 
[2164] 2015/01/31 07:10:03.685 API InitInstance 
[2164] 2015/01/31 07:11:59.268 API ExitInstance 
[3428] 2015/01/31 07:12:12.375 API InitInstance 
[3428] 2015/01/31 07:12:16.476 E122828927 連線 Code：0
[3428] 2015/01/31 07:12:18.556 收到 Head 資訊 {Count 2} {Type C } 
[3428] 2015/01/31 07:12:18.558 收到 Head 資訊 {Count 2} {Type C } 
[3428] 2015/01/31 07:12:18.560 收到 Head 資訊 {Count 2} {Type C } 
[3428] 2015/01/31 07:12:18.562 收到 Head 資訊 {Count 2} {Type C } 
[3428] 2015/01/31 07:12:18.563 收到 Head 資訊 {Count 2} {Type C } 
[3428] 2015/01/31 07:12:18.565 收到 Head 資訊 {Count 2} {Type C } 
[3428] 2015/01/31 07:12:18.567 收到 Head 資訊 {Count 2} {Type C } 
[3428] 2015/01/31 07:12:18.569 收到 Head 資訊 {Count 2} {Type C } 
[3428] 2015/01/31 07:12:18.571 收到 Head 資訊 {Count 2} {Type C } 
[3428] 2015/01/31 07:12:18.573 收到 Head 資訊 {Count 2} {Type C } 
[3428] 2015/01/31 07:12:18.574 收到 Head 資訊 {Count 2} {Type C } 
[3428] 2015/01/31 07:12:18.576 收到 Head 資訊 {Count 2} {Type C } 
[3428] 2015/01/31 07:12:18.578 收到 Head 資訊 {Count 2} {Type C } 
[3428] 2015/01/31 07:12:18.580 收到 Head 資訊 {Count 2} {Type C } 
[2668] 2015/01/31 07:17:59.757 API InitInstance 
[2668] 2015/01/31 07:19:08.792 API ExitInstance 
[4240] 2015/01/31 07:23:45.409 API InitInstance 
[1832] 2015/01/31 07:24:41.931 API InitInstance 
[3660] 2015/01/31 07:55:06.112 API InitInstance 
[3660] 2015/01/31 07:56:13.011 API ExitInstance 
[2100] 2015/01/31 07:57:47.750 API InitInstance 
[2100] 2015/01/31 07:57:55.092 API ExitInstance 
[1928] 2015/01/31 07:58:31.287 API InitInstance 
[3268] 2015/01/31 07:59:58.884 API InitInstance 
[3520] 2015/01/31 08:00:29.360 API InitInstance 
[3520] 2015/01/31 08:00:33.539 E122828927 連線 Code：0
[3520] 2015/01/31 08:00:34.542 收到 Head 資訊 {Count 2} {Type C } 
[3520] 2015/01/31 08:00:34.544 收到 Head 資訊 {Count 2} {Type C } 
[3520] 2015/01/31 08:00:34.546 收到 Head 資訊 {Count 2} {Type C } 
[3520] 2015/01/31 08:00:34.548 收到 Head 資訊 {Count 2} {Type C } 
[3520] 2015/01/31 08:00:34.549 收到 Head 資訊 {Count 2} {Type C } 
[3520] 2015/01/31 08:00:34.551 收到 Head 資訊 {Count 2} {Type C } 
[3520] 2015/01/31 08:00:34.553 收到 Head 資訊 {Count 2} {Type C } 
[3520] 2015/01/31 08:00:34.555 收到 Head 資訊 {Count 2} {Type C } 
[3520] 2015/01/31 08:00:34.556 收到 Head 資訊 {Count 2} {Type C } 
[3520] 2015/01/31 08:00:34.558 收到 Head 資訊 {Count 2} {Type C } 
[3520] 2015/01/31 08:00:34.560 收到 Head 資訊 {Count 2} {Type C } 
[3520] 2015/01/31 08:00:34.562 收到 Head 資訊 {Count 2} {Type C } 
[3520] 2015/01/31 08:00:34.564 收到 Head 資訊 {Count 2} {Type C } 
[3520] 2015/01/31 08:00:34.565 收到 Head 資訊 {Count 2} {Type C } 
[3520] 2015/01/31 08:00:34.567 收到 Head 資訊 {Count 2} {Type C } 
[3520] 2015/01/31 08:00:34.569 收到 Head 資訊 {Count 2} {Type C } 
[3520] 2015/01/31 08:00:34.570 收到 Head 資訊 {Count 2} {Type C } 
[3520] 2015/01/31 08:00:34.572 收到 Head 資訊 {Count 2} {Type C } 
[3520] 2015/01/31 08:00:34.574 收到 Head 資訊 {Count 2} {Type C } 
[3520] 2015/01/31 08:00:34.576 收到 Head 資訊 {Count 2} {Type C } 
[3520] 2015/01/31 08:00:34.577 收到 Head 資訊 {Count 2} {Type C } 
[3520] 2015/01/31 08:00:34.579 收到 Head 資訊 {Count 2} {Type C } 
[3520] 2015/01/31 08:00:34.581 收到 Head 資訊 {Count 2} {Type C } 
[3520] 2015/01/31 08:00:34.582 收到 Head 資訊 {Count 2} {Type C } 
[3520] 2015/01/31 08:00:34.584 收到 Head 資訊 {Count 2} {Type C } 
[3520] 2015/01/31 08:00:34.586 收到 Head 資訊 {Count 2} {Type C } 
[3520] 2015/01/31 08:00:34.587 收到 Head 資訊 {Count 2} {Type C } 
[3520] 2015/01/31 08:00:34.589 收到 Head 資訊 {Count 2} {Type C } 
[3520] 2015/01/31 08:00:34.591 收到 Head 資訊 {Count 2} {Type C } 
[3520] 2015/01/31 08:00:34.593 收到 Head 資訊 {Count 2} {Type C } 
[3520] 2015/01/31 08:00:34.594 收到 Head 資訊 {Count 2} {Type C } 
[3520] 2015/01/31 08:00:34.596 收到 Head 資訊 {Count 2} {Type C } 
[3520] 2015/01/31 08:00:34.598 收到 Head 資訊 {Count 2} {Type C } 
[3520] 2015/01/31 08:00:34.600 收到 Head 資訊 {Count 2} {Type C } 
[3520] 2015/01/31 08:00:34.601 收到 Head 資訊 {Count 2} {Type C } 
[3520] 2015/01/31 08:00:34.603 收到 Head 資訊 {Count 2} {Type C } 
[3520] 2015/01/31 08:00:34.605 收到 Head 資訊 {Count 2} {Type C } 
[3520] 2015/01/31 08:00:34.607 收到 Head 資訊 {Count 2} {Type C } 
[3520] 2015/01/31 08:00:34.608 收到 Head 資訊 {Count 2} {Type C } 
[5060] 2015/01/31 08:02:42.335 API InitInstance 
[5060] 2015/01/31 08:02:46.518 E122828927 連線 Code：0
[5060] 2015/01/31 08:02:47.521 收到 Head 資訊 {Count 2} {Type C } 
[5060] 2015/01/31 08:02:47.523 收到 Head 資訊 {Count 2} {Type C } 
[5060] 2015/01/31 08:02:47.524 收到 Head 資訊 {Count 2} {Type C } 
[5060] 2015/01/31 08:02:47.526 收到 Head 資訊 {Count 2} {Type C } 
[5060] 2015/01/31 08:02:47.528 收到 Head 資訊 {Count 2} {Type C } 
[5060] 2015/01/31 08:02:47.530 收到 Head 資訊 {Count 2} {Type C } 
[5060] 2015/01/31 08:02:47.532 收到 Head 資訊 {Count 2} {Type C } 
[5060] 2015/01/31 08:02:47.535 收到 Head 資訊 {Count 2} {Type C } 
[5060] 2015/01/31 08:02:47.537 收到 Head 資訊 {Count 2} {Type C } 
[5060] 2015/01/31 08:02:47.539 收到 Head 資訊 {Count 2} {Type C } 
[5060] 2015/01/31 08:02:47.540 收到 Head 資訊 {Count 2} {Type C } 
[5060] 2015/01/31 08:02:47.542 收到 Head 資訊 {Count 2} {Type C } 
[5060] 2015/01/31 08:02:47.544 收到 Head 資訊 {Count 2} {Type C } 
[5060] 2015/01/31 08:02:47.546 收到 Head 資訊 {Count 2} {Type C } 
[5060] 2015/01/31 08:02:47.548 收到 Head 資訊 {Count 2} {Type C } 
[5060] 2015/01/31 08:02:47.550 收到 Head 資訊 {Count 2} {Type C } 
[5060] 2015/01/31 08:02:47.552 收到 Head 資訊 {Count 2} {Type C } 
[5060] 2015/01/31 08:02:47.554 收到 Head 資訊 {Count 2} {Type C } 
[5060] 2015/01/31 08:02:47.556 收到 Head 資訊 {Count 2} {Type C } 
[5060] 2015/01/31 08:02:47.558 收到 Head 資訊 {Count 2} {Type C } 
[5060] 2015/01/31 08:02:47.560 收到 Head 資訊 {Count 2} {Type C } 
[5060] 2015/01/31 08:02:47.562 收到 Head 資訊 {Count 2} {Type C } 
[5060] 2015/01/31 08:02:47.564 收到 Head 資訊 {Count 2} {Type C } 
[5060] 2015/01/31 08:02:47.566 收到 Head 資訊 {Count 2} {Type C } 
[5060] 2015/01/31 08:02:47.568 收到 Head 資訊 {Count 2} {Type C } 
[5060] 2015/01/31 08:02:47.570 收到 Head 資訊 {Count 2} {Type C } 
[5060] 2015/01/31 08:02:47.572 收到 Head 資訊 {Count 2} {Type C } 
[5060] 2015/01/31 08:02:47.574 收到 Head 資訊 {Count 2} {Type C } 
[5060] 2015/01/31 08:02:47.576 收到 Head 資訊 {Count 2} {Type C } 
[5060] 2015/01/31 08:02:47.578 收到 Head 資訊 {Count 2} {Type C } 
[5060] 2015/01/31 08:02:47.580 收到 Head 資訊 {Count 2} {Type C } 
[5060] 2015/01/31 08:02:47.582 收到 Head 資訊 {Count 2} {Type C } 
[5060] 2015/01/31 08:02:47.584 收到 Head 資訊 {Count 2} {Type C } 
[5060] 2015/01/31 08:02:47.586 收到 Head 資訊 {Count 2} {Type C } 
[5060] 2015/01/31 08:02:47.588 收到 Head 資訊 {Count 2} {Type C } 
[5060] 2015/01/31 08:02:47.590 收到 Head 資訊 {Count 2} {Type C } 
[5060] 2015/01/31 08:02:47.592 收到 Head 資訊 {Count 2} {Type C } 
[5060] 2015/01/31 08:02:47.594 收到 Head 資訊 {Count 2} {Type C } 
[5060] 2015/01/31 08:02:47.595 收到 Head 資訊 {Count 2} {Type C } 
[5060] 2015/01/31 08:02:47.597 收到 Head 資訊 {Count 2} {Type C } 
[5060] 2015/01/31 08:02:47.599 收到 Head 資訊 {Count 2} {Type C } 
[5060] 2015/01/31 08:02:47.601 收到 Head 資訊 {Count 2} {Type C } 
[5060] 2015/01/31 08:02:47.603 收到 Head 資訊 {Count 2} {Type C } 
[5060] 2015/01/31 08:02:47.605 收到 Head 資訊 {Count 2} {Type C } 
[5060] 2015/01/31 08:02:47.607 收到 Head 資訊 {Count 2} {Type C } 
[5060] 2015/01/31 08:02:47.609 收到 Head 資訊 {Count 2} {Type C } 
[5060] 2015/01/31 08:02:47.611 收到 Head 資訊 {Count 2} {Type C } 
[5060] 2015/01/31 08:02:47.613 收到 Head 資訊 {Count 2} {Type C } 
[5060] 2015/01/31 08:02:47.615 收到 Head 資訊 {Count 2} {Type C } 
[5060] 2015/01/31 08:02:47.617 收到 Head 資訊 {Count 2} {Type C } 
[5060] 2015/01/31 08:02:47.619 收到 Head 資訊 {Count 2} {Type C } 
[5060] 2015/01/31 08:02:47.621 收到 Head 資訊 {Count 2} {Type C } 
[5060] 2015/01/31 08:02:47.623 收到 Head 資訊 {Count 2} {Type C } 
[5060] 2015/01/31 08:02:47.625 收到 Head 資訊 {Count 2} {Type C } 
[5060] 2015/01/31 08:02:47.627 收到 Head 資訊 {Count 2} {Type C } 
[5060] 2015/01/31 08:02:47.629 收到 Head 資訊 {Count 2} {Type C } 
[5060] 2015/01/31 08:02:47.631 收到 Head 資訊 {Count 2} {Type C } 
[5060] 2015/01/31 08:02:47.633 收到 Head 資訊 {Count 2} {Type C } 
[5060] 2015/01/31 08:02:47.635 收到 Head 資訊 {Count 2} {Type C } 
[5060] 2015/01/31 08:02:47.637 收到 Head 資訊 {Count 2} {Type C } 
[5060] 2015/01/31 08:02:47.638 收到 Head 資訊 {Count 2} {Type C } 
[5060] 2015/01/31 08:02:47.640 收到 Head 資訊 {Count 2} {Type C } 
[5060] 2015/01/31 08:02:47.642 收到 Head 資訊 {Count 2} {Type C } 
[5060] 2015/01/31 08:02:47.644 收到 Head 資訊 {Count 2} {Type C } 
[5060] 2015/01/31 08:02:47.646 收到 Head 資訊 {Count 2} {Type C } 
[5060] 2015/01/31 08:02:47.648 收到 Head 資訊 {Count 2} {Type C } 
[5060] 2015/01/31 08:02:47.650 收到 Head 資訊 {Count 2} {Type C } 
[5060] 2015/01/31 08:02:47.652 收到 Head 資訊 {Count 2} {Type C } 
[5060] 2015/01/31 08:02:47.654 收到 Head 資訊 {Count 2} {Type C } 
[5060] 2015/01/31 08:02:47.656 收到 Head 資訊 {Count 2} {Type C } 
[5060] 2015/01/31 08:02:47.658 收到 Head 資訊 {Count 2} {Type C } 
[5060] 2015/01/31 08:02:47.660 收到 Head 資訊 {Count 2} {Type C } 
[5060] 2015/01/31 08:02:47.662 收到 Head 資訊 {Count 2} {Type C } 
[5060] 2015/01/31 08:02:47.664 收到 Head 資訊 {Count 2} {Type C } 
[5060] 2015/01/31 08:02:47.666 收到 Head 資訊 {Count 2} {Type C } 
[5060] 2015/01/31 08:02:47.668 收到 Head 資訊 {Count 2} {Type C } 
[5060] 2015/01/31 08:02:47.670 收到 Head 資訊 {Count 2} {Type C } 
[5060] 2015/01/31 08:02:47.672 收到 Head 資訊 {Count 2} {Type C } 
[5060] 2015/01/31 08:02:47.673 收到 Head 資訊 {Count 2} {Type C } 
[5060] 2015/01/31 08:02:47.675 收到 Head 資訊 {Count 2} {Type C } 
[5060] 2015/01/31 08:02:47.677 收到 Head 資訊 {Count 2} {Type C } 
[5060] 2015/01/31 08:02:47.679 收到 Head 資訊 {Count 2} {Type C } 
[5060] 2015/01/31 08:02:47.681 收到 Head 資訊 {Count 2} {Type C } 
[5060] 2015/01/31 08:02:47.683 收到 Head 資訊 {Count 2} {Type C } 
[5060] 2015/01/31 08:02:47.685 收到 Head 資訊 {Count 2} {Type C } 
[5060] 2015/01/31 08:02:47.687 收到 Head 資訊 {Count 2} {Type C } 
[5060] 2015/01/31 08:02:47.689 收到 Head 資訊 {Count 2} {Type C } 
[5060] 2015/01/31 08:02:47.691 收到 Head 資訊 {Count 2} {Type C } 
[5060] 2015/01/31 08:02:47.693 收到 Head 資訊 {Count 2} {Type C } 
[5060] 2015/01/31 08:02:47.695 收到 Head 資訊 {Count 2} {Type C } 
[5060] 2015/01/31 08:02:47.697 收到 Head 資訊 {Count 2} {Type C } 
[5060] 2015/01/31 08:02:47.699 收到 Head 資訊 {Count 2} {Type C } 
[5060] 2015/01/31 08:02:47.701 收到 Head 資訊 {Count 2} {Type C } 
[5060] 2015/01/31 08:02:47.703 收到 Head 資訊 {Count 2} {Type C } 
[5060] 2015/01/31 08:02:47.705 收到 Head 資訊 {Count 2} {Type C } 
[5060] 2015/01/31 08:02:47.707 收到 Head 資訊 {Count 2} {Type C } 
[5060] 2015/01/31 08:02:47.709 收到 Head 資訊 {Count 2} {Type C } 
[5060] 2015/01/31 08:02:47.710 收到 Head 資訊 {Count 2} {Type D } 
[5060] 2015/01/31 08:02:47.712 收到 Head 資訊 {Count 2} {Type C } 
[5060] 2015/01/31 08:02:47.714 收到 Head 資訊 {Count 2} {Type C } 
[5060] 2015/01/31 08:02:47.716 收到 Head 資訊 {Count 2} {Type C } 
[5060] 2015/01/31 08:02:47.718 收到 Head 資訊 {Count 2} {Type C } 
[5060] 2015/01/31 08:02:47.720 收到 Head 資訊 {Count 2} {Type C } 
[5060] 2015/01/31 08:02:47.722 收到 Head 資訊 {Count 2} {Type C } 
[5060] 2015/01/31 08:02:47.724 收到 Head 資訊 {Count 2} {Type B } 
