[2344] 2015/01/27 07:37:49.714 -------------------------------
[2344] 2015/01/27 07:37:49.721 CERT ID:E122828927   BeginDate: 2015-01-24 11:01:08  EndDate: 2016-01-24 23:59:59 
[2344] 2015/01/27 07:37:49.728 SKOrderLib ぉ 2.1.22
[2344] 2015/01/27 07:37:50.546 쩊업: https://order11.capital.com.tw/ap2005/new_trade.php
[2344] 2015/01/27 07:37:50.549 OF쩊업: https://order11.capital.com.tw/ap2005/of_new_trade.php
[1208] 2015/01/27 07:41:16.431 -------------------------------
[1208] 2015/01/27 07:41:16.438 CERT ID:E122828927   BeginDate: 2015-01-24 11:01:08  EndDate: 2016-01-24 23:59:59 
[1208] 2015/01/27 07:41:16.446 SKOrderLib ぉ 2.1.22
[1208] 2015/01/27 07:41:17.352 쩊업: https://order10.capital.com.tw/ap2005/new_trade.php
[1208] 2015/01/27 07:41:17.355 OF쩊업: https://order10.capital.com.tw/ap2005/of_new_trade.php
[3840] 2015/01/27 07:41:48.066 -------------------------------
[3840] 2015/01/27 07:41:48.073 CERT ID:E122828927   BeginDate: 2015-01-24 11:01:08  EndDate: 2016-01-24 23:59:59 
[3840] 2015/01/27 07:41:48.082 SKOrderLib ぉ 2.1.22
[3840] 2015/01/27 07:41:50.172 쩊업: https://order11.capital.com.tw/ap2005/new_trade.php
[3840] 2015/01/27 07:41:50.175 OF쩊업: https://order11.capital.com.tw/ap2005/of_new_trade.php
[4364] 2015/01/27 10:32:31.267 -------------------------------
[4364] 2015/01/27 10:32:31.272 CERT ID:E122828927   BeginDate: 2015-01-24 11:01:08  EndDate: 2016-01-24 23:59:59 
[4364] 2015/01/27 10:32:31.279 SKOrderLib ぉ 2.1.22
[4364] 2015/01/27 10:32:31.891 쩊업: https://order10.capital.com.tw/ap2005/new_trade.php
[4364] 2015/01/27 10:32:31.893 OF쩊업: https://order10.capital.com.tw/ap2005/of_new_trade.php
[3708] 2015/01/27 10:36:23.773 -------------------------------
[3708] 2015/01/27 10:36:23.778 CERT ID:E122828927   BeginDate: 2015-01-24 11:01:08  EndDate: 2016-01-24 23:59:59 
[3708] 2015/01/27 10:36:23.785 SKOrderLib ぉ 2.1.22
[3708] 2015/01/27 10:36:24.406 쩊업: https://order10.capital.com.tw/ap2005/new_trade.php
[3708] 2015/01/27 10:36:24.409 OF쩊업: https://order10.capital.com.tw/ap2005/of_new_trade.php
[1528] 2015/01/27 10:37:21.020 -------------------------------
[1528] 2015/01/27 10:37:21.027 CERT ID:E122828927   BeginDate: 2015-01-24 11:01:08  EndDate: 2016-01-24 23:59:59 
[1528] 2015/01/27 10:37:21.034 SKOrderLib ぉ 2.1.22
[1528] 2015/01/27 10:37:21.586 쩊업: https://order11.capital.com.tw/ap2005/new_trade.php
[1528] 2015/01/27 10:37:21.588 OF쩊업: https://order11.capital.com.tw/ap2005/of_new_trade.php
[4720] 2015/01/27 10:38:50.420 -------------------------------
[4720] 2015/01/27 10:38:50.425 CERT ID:E122828927   BeginDate: 2015-01-24 11:01:08  EndDate: 2016-01-24 23:59:59 
[4720] 2015/01/27 10:38:50.432 SKOrderLib ぉ 2.1.22
[4720] 2015/01/27 10:38:50.988 쩊업: https://order10.capital.com.tw/ap2005/new_trade.php
[4720] 2015/01/27 10:38:50.990 OF쩊업: https://order10.capital.com.tw/ap2005/of_new_trade.php
[4756] 2015/01/27 10:41:05.401 -------------------------------
[4756] 2015/01/27 10:41:05.408 CERT ID:E122828927   BeginDate: 2015-01-24 11:01:08  EndDate: 2016-01-24 23:59:59 
[4756] 2015/01/27 10:41:05.416 SKOrderLib ぉ 2.1.22
[4756] 2015/01/27 10:41:05.977 쩊업: https://order10.capital.com.tw/ap2005/new_trade.php
[4756] 2015/01/27 10:41:05.979 OF쩊업: https://order10.capital.com.tw/ap2005/of_new_trade.php
[4916] 2015/01/27 10:44:07.473 -------------------------------
[4916] 2015/01/27 10:44:07.478 CERT ID:E122828927   BeginDate: 2015-01-24 11:01:08  EndDate: 2016-01-24 23:59:59 
[4916] 2015/01/27 10:44:07.485 SKOrderLib ぉ 2.1.22
[4916] 2015/01/27 10:44:08.049 쩊업: https://order10.capital.com.tw/ap2005/new_trade.php
[4916] 2015/01/27 10:44:08.051 OF쩊업: https://order10.capital.com.tw/ap2005/of_new_trade.php
[2796] 2015/01/27 11:15:27.841 -------------------------------
[2796] 2015/01/27 11:15:27.846 CERT ID:E122828927   BeginDate: 2015-01-24 11:01:08  EndDate: 2016-01-24 23:59:59 
[2796] 2015/01/27 11:15:27.854 SKOrderLib ぉ 2.1.22
[2796] 2015/01/27 11:15:28.425 쩊업: https://order11.capital.com.tw/ap2005/new_trade.php
[2796] 2015/01/27 11:15:28.427 OF쩊업: https://order11.capital.com.tw/ap2005/of_new_trade.php
[1528] 2015/01/27 11:16:13.246 -------------------------------
[1528] 2015/01/27 11:16:13.252 CERT ID:E122828927   BeginDate: 2015-01-24 11:01:08  EndDate: 2016-01-24 23:59:59 
[1528] 2015/01/27 11:16:13.259 SKOrderLib ぉ 2.1.22
[1528] 2015/01/27 11:16:13.826 쩊업: https://order11.capital.com.tw/ap2005/new_trade.php
[1528] 2015/01/27 11:16:13.828 OF쩊업: https://order11.capital.com.tw/ap2005/of_new_trade.php
[3716] 2015/01/29 05:59:01.734 -------------------------------
[3716] 2015/01/29 05:59:01.739 CERT ID:E122828927   BeginDate: 2015-01-24 11:01:08  EndDate: 2016-01-24 23:59:59 
[3716] 2015/01/29 05:59:01.745 SKOrderLib ぉ 2.1.22
[3716] 2015/01/29 05:59:02.338 쩊업: https://order10.capital.com.tw/ap2005/new_trade.php
[3716] 2015/01/29 05:59:02.340 OF쩊업: https://order10.capital.com.tw/ap2005/of_new_trade.php
[5116] 2015/01/29 21:16:07.040 -------------------------------
[5116] 2015/01/29 21:16:07.046 CERT ID:E122828927   BeginDate: 2015-01-24 11:01:08  EndDate: 2016-01-24 23:59:59 
[5116] 2015/01/29 21:16:07.052 SKOrderLib ぉ 2.1.22
[5116] 2015/01/29 21:16:07.849 쩊업: https://order10.capital.com.tw/ap2005/new_trade.php
[5116] 2015/01/29 21:16:07.850 OF쩊업: https://order10.capital.com.tw/ap2005/of_new_trade.php
[3468] 2015/01/31 05:56:37.984 -------------------------------
[3468] 2015/01/31 05:56:37.990 CERT ID:E122828927   BeginDate: 2015-01-24 11:01:08  EndDate: 2016-01-24 23:59:59 
[3468] 2015/01/31 05:56:37.997 SKOrderLib ぉ 2.1.22
[3468] 2015/01/31 05:56:38.653 쩊업: https://order10.capital.com.tw/ap2005/new_trade.php
[3468] 2015/01/31 05:56:38.655 OF쩊업: https://order10.capital.com.tw/ap2005/of_new_trade.php
[1540] 2015/01/31 07:06:20.793 -------------------------------
[1540] 2015/01/31 07:06:20.798 CERT ID:E122828927   BeginDate: 2015-01-24 11:01:08  EndDate: 2016-01-24 23:59:59 
[1540] 2015/01/31 07:06:20.808 SKOrderLib ぉ 2.1.22
[1540] 2015/01/31 07:06:21.412 쩊업: https://order11.capital.com.tw/ap2005/new_trade.php
[1540] 2015/01/31 07:06:21.414 OF쩊업: https://order11.capital.com.tw/ap2005/of_new_trade.php
[2152] 2015/01/31 07:08:03.132 -------------------------------
[2152] 2015/01/31 07:08:03.138 CERT ID:E122828927   BeginDate: 2015-01-24 11:01:08  EndDate: 2016-01-24 23:59:59 
[2152] 2015/01/31 07:08:03.145 SKOrderLib ぉ 2.1.22
[2152] 2015/01/31 07:08:03.787 쩊업: https://order11.capital.com.tw/ap2005/new_trade.php
[2152] 2015/01/31 07:08:03.789 OF쩊업: https://order11.capital.com.tw/ap2005/of_new_trade.php
[3864] 2015/01/31 07:09:16.466 -------------------------------
[3864] 2015/01/31 07:09:16.471 CERT ID:E122828927   BeginDate: 2015-01-24 11:01:08  EndDate: 2016-01-24 23:59:59 
[3864] 2015/01/31 07:09:16.478 SKOrderLib ぉ 2.1.22
[3864] 2015/01/31 07:09:17.062 쩊업: https://order10.capital.com.tw/ap2005/new_trade.php
[3864] 2015/01/31 07:09:17.064 OF쩊업: https://order10.capital.com.tw/ap2005/of_new_trade.php
[2164] 2015/01/31 07:10:03.724 -------------------------------
[2164] 2015/01/31 07:10:03.729 CERT ID:E122828927   BeginDate: 2015-01-24 11:01:08  EndDate: 2016-01-24 23:59:59 
[2164] 2015/01/31 07:10:03.736 SKOrderLib ぉ 2.1.22
[2164] 2015/01/31 07:10:04.343 쩊업: https://order10.capital.com.tw/ap2005/new_trade.php
[2164] 2015/01/31 07:10:04.345 OF쩊업: https://order10.capital.com.tw/ap2005/of_new_trade.php
[3428] 2015/01/31 07:12:12.412 -------------------------------
[3428] 2015/01/31 07:12:12.417 CERT ID:E122828927   BeginDate: 2015-01-24 11:01:08  EndDate: 2016-01-24 23:59:59 
[3428] 2015/01/31 07:12:12.424 SKOrderLib ぉ 2.1.22
[3428] 2015/01/31 07:12:13.055 쩊업: https://order10.capital.com.tw/ap2005/new_trade.php
[3428] 2015/01/31 07:12:13.057 OF쩊업: https://order10.capital.com.tw/ap2005/of_new_trade.php
[2668] 2015/01/31 07:17:58.790 -------------------------------
[2668] 2015/01/31 07:17:58.795 CERT ID:E122828927   BeginDate: 2015-01-24 11:01:08  EndDate: 2016-01-24 23:59:59 
[2668] 2015/01/31 07:17:58.802 SKOrderLib ぉ 2.1.22
[2668] 2015/01/31 07:17:59.543 쩊업: https://order11.capital.com.tw/ap2005/new_trade.php
[2668] 2015/01/31 07:17:59.545 OF쩊업: https://order11.capital.com.tw/ap2005/of_new_trade.php
[3520] 2015/01/31 08:00:29.405 -------------------------------
[3520] 2015/01/31 08:00:29.412 CERT ID:E122828927   BeginDate: 2015-01-24 11:01:08  EndDate: 2016-01-24 23:59:59 
[3520] 2015/01/31 08:00:29.419 SKOrderLib ぉ 2.1.22
[3520] 2015/01/31 08:00:30.057 쩊업: https://order10.capital.com.tw/ap2005/new_trade.php
[3520] 2015/01/31 08:00:30.059 OF쩊업: https://order10.capital.com.tw/ap2005/of_new_trade.php
[5060] 2015/01/31 08:02:42.453 -------------------------------
[5060] 2015/01/31 08:02:42.458 CERT ID:E122828927   BeginDate: 2015-01-24 11:01:08  EndDate: 2016-01-24 23:59:59 
[5060] 2015/01/31 08:02:42.465 SKOrderLib ぉ 2.1.22
[5060] 2015/01/31 08:02:43.073 쩊업: https://order10.capital.com.tw/ap2005/new_trade.php
[5060] 2015/01/31 08:02:43.075 OF쩊업: https://order10.capital.com.tw/ap2005/of_new_trade.php
