[2344] 2015/01/27 07:37:49.623 -------------------------------
[2344] 2015/01/27 07:37:50.723 Login ID: E122828927
[2344] 2015/01/27 07:37:50.724 回報API版本：2.3.7
[2344] 2015/01/27 07:37:51.023 Code: 0
[2344] 2015/01/27 07:37:54.031 reply Serverreal7.capital.com.tw
[1208] 2015/01/27 07:41:16.347 -------------------------------
[1208] 2015/01/27 07:41:17.527 Login ID: E122828927
[1208] 2015/01/27 07:41:17.529 回報API版本：2.3.7
[1208] 2015/01/27 07:41:17.833 Code: 0
[1208] 2015/01/27 07:41:20.842 reply Serverreal4.capital.com.tw
[3840] 2015/01/27 07:41:48.001 -------------------------------
[3840] 2015/01/27 07:41:50.412 Login ID: E122828927
[3840] 2015/01/27 07:41:50.414 回報API版本：2.3.7
[3840] 2015/01/27 07:41:50.710 Code: 0
[3840] 2015/01/27 07:41:53.719 reply Serverreal6.capital.com.tw
[4364] 2015/01/27 10:32:31.225 -------------------------------
[4364] 2015/01/27 10:32:32.067 Login ID: E122828927
[4364] 2015/01/27 10:32:32.068 回報API版本：2.3.7
[4364] 2015/01/27 10:32:32.341 Code: 0
[4364] 2015/01/27 10:32:35.350 reply Serverreal4.capital.com.tw
[3708] 2015/01/27 10:36:23.736 -------------------------------
[3708] 2015/01/27 10:36:25.772 Login ID: E122828927
[3708] 2015/01/27 10:36:25.773 回報API版本：2.3.7
[3708] 2015/01/27 10:36:26.014 Code: 0
[3708] 2015/01/27 10:36:29.022 reply Serverreal7.capital.com.tw
[1528] 2015/01/27 10:37:20.979 -------------------------------
[1528] 2015/01/27 10:37:21.741 Login ID: E122828927
[1528] 2015/01/27 10:37:21.743 回報API版本：2.3.7
[1528] 2015/01/27 10:37:21.967 Code: 0
[1528] 2015/01/27 10:37:24.975 reply Serverreal6.capital.com.tw
[4720] 2015/01/27 10:38:50.383 -------------------------------
[4720] 2015/01/27 10:38:51.147 Login ID: E122828927
[4720] 2015/01/27 10:38:51.148 回報API版本：2.3.7
[4720] 2015/01/27 10:38:51.391 Code: 0
[4720] 2015/01/27 10:38:54.399 reply Serverreal9.capital.com.tw
[4756] 2015/01/27 10:41:05.362 -------------------------------
[4756] 2015/01/27 10:41:06.142 Login ID: E122828927
[4756] 2015/01/27 10:41:06.143 回報API版本：2.3.7
[4756] 2015/01/27 10:41:06.377 Code: 0
[4756] 2015/01/27 10:41:09.385 reply Serverreal6.capital.com.tw
[4916] 2015/01/27 10:44:07.273 -------------------------------
[4916] 2015/01/27 10:44:08.236 Login ID: E122828927
[4916] 2015/01/27 10:44:08.237 回報API版本：2.3.7
[4916] 2015/01/27 10:44:08.493 Code: 0
[4916] 2015/01/27 10:44:11.500 reply Serverreal4.capital.com.tw
[2796] 2015/01/27 11:15:27.777 -------------------------------
[2796] 2015/01/27 11:15:28.606 Login ID: E122828927
[2796] 2015/01/27 11:15:28.608 回報API版本：2.3.7
[2796] 2015/01/27 11:15:28.857 Code: 0
[2796] 2015/01/27 11:15:31.865 reply Serverreal3.capital.com.tw
[1528] 2015/01/27 11:16:13.203 -------------------------------
[1528] 2015/01/27 11:16:13.989 Login ID: E122828927
[1528] 2015/01/27 11:16:13.990 回報API版本：2.3.7
[1528] 2015/01/27 11:16:14.224 Code: 0
[1528] 2015/01/27 11:16:17.233 reply Serverreal6.capital.com.tw
[4108] 2015/01/27 11:24:09.956 -------------------------------
[4772] 2015/01/28 07:46:48.124 -------------------------------
[3716] 2015/01/29 05:59:01.553 -------------------------------
[3716] 2015/01/29 05:59:02.515 Login ID: E122828927
[3716] 2015/01/29 05:59:02.516 回報API版本：2.3.7
[3716] 2015/01/29 05:59:02.773 Code: 0
[3716] 2015/01/29 05:59:05.779 reply Serverreal4.capital.com.tw
[5116] 2015/01/29 21:16:06.933 -------------------------------
[5116] 2015/01/29 21:16:08.018 Login ID: E122828927
[5116] 2015/01/29 21:16:08.019 回報API版本：2.3.7
[5116] 2015/01/29 21:16:08.301 Code: 0
[5116] 2015/01/29 21:16:11.307 reply Serverreal8.capital.com.tw
[4456] 2015/01/29 21:17:38.246 -------------------------------
[3468] 2015/01/31 05:56:37.749 -------------------------------
[1540] 2015/01/31 07:06:20.756 -------------------------------
[1540] 2015/01/31 07:06:21.595 Login ID: E122828927
[1540] 2015/01/31 07:06:21.596 回報API版本：2.3.7
[1540] 2015/01/31 07:06:21.842 Code: 0
[1540] 2015/01/31 07:06:24.849 reply Serverreal3.capital.com.tw
[2152] 2015/01/31 07:08:03.091 -------------------------------
[2152] 2015/01/31 07:08:03.941 Login ID: E122828927
[2152] 2015/01/31 07:08:03.942 回報API版本：2.3.7
[2152] 2015/01/31 07:08:04.187 Code: 0
[2152] 2015/01/31 07:08:07.195 reply Serverreal3.capital.com.tw
[3864] 2015/01/31 07:09:16.427 -------------------------------
[3864] 2015/01/31 07:09:17.212 Login ID: E122828927
[3864] 2015/01/31 07:09:17.214 回報API版本：2.3.7
[3864] 2015/01/31 07:09:17.451 Code: 0
[3864] 2015/01/31 07:09:20.458 reply Serverreal6.capital.com.tw
[2164] 2015/01/31 07:10:03.683 -------------------------------
[2164] 2015/01/31 07:10:04.499 Login ID: E122828927
[2164] 2015/01/31 07:10:04.500 回報API版本：2.3.7
[2164] 2015/01/31 07:10:04.740 Code: 0
[3428] 2015/01/31 07:12:12.373 -------------------------------
[3428] 2015/01/31 07:12:13.218 Login ID: E122828927
[3428] 2015/01/31 07:12:13.219 回報API版本：2.3.7
[3428] 2015/01/31 07:12:13.455 Code: 0
[3428] 2015/01/31 07:12:16.462 reply Serverreal6.capital.com.tw
[2668] 2015/01/31 07:17:59.755 -------------------------------
[2668] 2015/01/31 07:17:59.760 Login ID: E122828927
[2668] 2015/01/31 07:17:59.761 回報API版本：2.3.7
[2668] 2015/01/31 07:18:00.011 Code: 0
[4240] 2015/01/31 07:23:45.407 -------------------------------
[1832] 2015/01/31 07:24:41.929 -------------------------------
[3660] 2015/01/31 07:55:06.110 -------------------------------
[2100] 2015/01/31 07:57:47.748 -------------------------------
[1928] 2015/01/31 07:58:31.285 -------------------------------
[3268] 2015/01/31 07:59:58.882 -------------------------------
[3520] 2015/01/31 08:00:29.359 -------------------------------
[3520] 2015/01/31 08:00:30.246 Login ID: E122828927
[3520] 2015/01/31 08:00:30.247 回報API版本：2.3.7
[3520] 2015/01/31 08:00:30.485 Code: 0
[3520] 2015/01/31 08:00:30.489 reply Serverreal7.capital.com.tw
[5060] 2015/01/31 08:02:42.333 -------------------------------
[5060] 2015/01/31 08:02:43.234 Login ID: E122828927
[5060] 2015/01/31 08:02:43.236 回報API版本：2.3.7
[5060] 2015/01/31 08:02:43.474 Code: 0
[5060] 2015/01/31 08:02:43.479 reply Serverreal8.capital.com.tw
