[2772] 2015/02/25 06:01:40.067 API InitInstance 
[2772] 2015/02/25 06:01:40.071 SKOSQuoteLib_Initialize  ID：E122828927
[2772] 2015/02/25 06:01:40.073 SKOSQuoteLib_Initialize  Server：https://order2.capital.com.tw/
[2772] 2015/02/25 06:01:40.738 SKOSQuoteLib_AttachConnectCallBack
[2772] 2015/02/25 06:01:40.740 SKOSQuoteLib_AttachQuoteCallBack
[2772] 2015/02/25 06:01:40.743 SKOSQuoteLib_AttachTicksCallBack
[2772] 2015/02/25 06:01:40.744 SKOSQuoteLib_AttachBest5CallBack
[2772] 2015/02/25 06:01:40.746 SKOSQuoteLib_AttachServerTimeCallBack
[2772] 2015/02/25 06:01:40.749 SKOSQuoteLib_AttachHistoryTicksGetCallBack
[2772] 2015/02/25 06:01:40.753 SKOSQuoteLib_EnterMonitor(0)
[2772] 2015/02/25 06:01:40.755 Connect FORT15.capital.com.tw 443
[2772] 2015/02/25 06:01:40.799 SK_SUBJECT_CONNECTION_CONNECTED，Code: 0
[2772] 2015/02/25 06:02:11.357 API ExitInstance 
[4840] 2015/02/25 20:12:42.163 API InitInstance 
[4840] 2015/02/25 20:12:42.167 SKOSQuoteLib_Initialize  ID：E122828927
[4840] 2015/02/25 20:12:42.169 SKOSQuoteLib_Initialize  Server：https://order2.capital.com.tw/
[4840] 2015/02/25 20:12:43.300 SKOSQuoteLib_AttachConnectCallBack
[4840] 2015/02/25 20:12:43.302 SKOSQuoteLib_AttachQuoteCallBack
[4840] 2015/02/25 20:12:43.304 SKOSQuoteLib_AttachTicksCallBack
[4840] 2015/02/25 20:12:43.305 SKOSQuoteLib_AttachBest5CallBack
[4840] 2015/02/25 20:12:43.307 SKOSQuoteLib_AttachServerTimeCallBack
[4840] 2015/02/25 20:12:43.309 SKOSQuoteLib_AttachHistoryTicksGetCallBack
[4840] 2015/02/25 20:12:43.313 SKOSQuoteLib_EnterMonitor(0)
[4840] 2015/02/25 20:12:43.315 Connect FORT15.capital.com.tw 443
[4840] 2015/02/25 20:12:43.554 SK_SUBJECT_CONNECTION_CONNECTED，Code: 0
[4840] 2015/02/25 20:12:45.672 SKOSQuoteLib_RequestTicks (0,OSE,JNMPM1503)
[4840] 2015/02/25 20:33:39.290 連線中斷，Code: 10060 , The connection has been dropped because of a network failure or because the peer system failed to respond.
[4840] 2015/02/25 20:33:39.294 SocketDisconnect 斷線CALLBACK通知
[4840] 2015/02/25 20:33:39.326 SKOSQuoteLib_EnterMonitor(0)
[4840] 2015/02/25 20:33:39.328 Connect FORT15.capital.com.tw 443
[4840] 2015/02/25 20:33:39.330 SK_SUBJECT_CONNECTION_DISCONNECT，Code: 10060
[4840] 2015/02/25 20:33:39.370 SKOSQuoteLib_RequestTicks (0,OSE,JNMPM1503)
[4840] 2015/02/25 20:33:39.472 SK_SUBJECT_CONNECTION_CONNECTED，Code: 0
[4840] 2015/02/25 21:06:36.955 連線中斷，Code: 10060 , The connection has been dropped because of a network failure or because the peer system failed to respond.
[4840] 2015/02/25 21:06:36.959 SocketDisconnect 斷線CALLBACK通知
[4840] 2015/02/25 21:06:36.963 SKOSQuoteLib_EnterMonitor(0)
[4840] 2015/02/25 21:06:36.964 Connect FORT15.capital.com.tw 443
[4840] 2015/02/25 21:06:36.966 SK_SUBJECT_CONNECTION_DISCONNECT，Code: 10060
[4840] 2015/02/25 21:06:37.010 SKOSQuoteLib_RequestTicks (0,OSE,JNMPM1503)
[4840] 2015/02/25 21:06:37.112 SK_SUBJECT_CONNECTION_CONNECTED，Code: 0
[4840] 2015/02/25 21:41:35.782 連線中斷，Code: 10060 , The connection has been dropped because of a network failure or because the peer system failed to respond.
[4840] 2015/02/25 21:41:35.786 SocketDisconnect 斷線CALLBACK通知
[4840] 2015/02/25 21:41:35.790 SKOSQuoteLib_EnterMonitor(0)
[4840] 2015/02/25 21:41:35.791 Connect FORT15.capital.com.tw 443
[4840] 2015/02/25 21:41:35.793 SK_SUBJECT_CONNECTION_DISCONNECT，Code: 10060
[4840] 2015/02/25 21:41:35.827 SKOSQuoteLib_RequestTicks (0,OSE,JNMPM1503)
[4840] 2015/02/25 21:41:35.929 SK_SUBJECT_CONNECTION_CONNECTED，Code: 0
[4840] 2015/02/25 22:07:52.129 連線中斷，Code: 10060 , The connection has been dropped because of a network failure or because the peer system failed to respond.
[4840] 2015/02/25 22:07:52.133 SocketDisconnect 斷線CALLBACK通知
[4840] 2015/02/25 22:07:52.136 SKOSQuoteLib_EnterMonitor(0)
[4840] 2015/02/25 22:07:52.138 Connect FORT15.capital.com.tw 443
[4840] 2015/02/25 22:07:52.140 SK_SUBJECT_CONNECTION_DISCONNECT，Code: 10060
[4840] 2015/02/25 22:07:52.182 SKOSQuoteLib_RequestTicks (0,OSE,JNMPM1503)
[4840] 2015/02/25 22:07:52.284 SK_SUBJECT_CONNECTION_CONNECTED，Code: 0
[4840] 2015/02/25 22:23:07.466 連線中斷，Code: 10060 , The connection has been dropped because of a network failure or because the peer system failed to respond.
[4840] 2015/02/25 22:23:07.470 SocketDisconnect 斷線CALLBACK通知
[4840] 2015/02/25 22:23:07.473 SKOSQuoteLib_EnterMonitor(0)
[4840] 2015/02/25 22:23:07.475 Connect FORT15.capital.com.tw 443
[4840] 2015/02/25 22:23:07.477 SK_SUBJECT_CONNECTION_DISCONNECT，Code: 10060
[4840] 2015/02/25 22:23:07.545 SKOSQuoteLib_RequestTicks (0,OSE,JNMPM1503)
[4840] 2015/02/25 22:23:07.647 SK_SUBJECT_CONNECTION_CONNECTED，Code: 0
[4840] 2015/02/25 22:38:22.190 連線中斷，Code: 10060 , The connection has been dropped because of a network failure or because the peer system failed to respond.
[4840] 2015/02/25 22:38:22.194 SocketDisconnect 斷線CALLBACK通知
[4840] 2015/02/25 22:38:22.198 SKOSQuoteLib_EnterMonitor(0)
[4840] 2015/02/25 22:38:22.199 Connect FORT15.capital.com.tw 443
[4840] 2015/02/25 22:38:22.202 SK_SUBJECT_CONNECTION_DISCONNECT，Code: 10060
[4840] 2015/02/25 22:38:22.245 SKOSQuoteLib_RequestTicks (0,OSE,JNMPM1503)
[4840] 2015/02/25 22:38:22.347 SK_SUBJECT_CONNECTION_CONNECTED，Code: 0
[4840] 2015/02/25 22:53:36.932 連線中斷，Code: 10060 , The connection has been dropped because of a network failure or because the peer system failed to respond.
[4840] 2015/02/25 22:53:36.936 SocketDisconnect 斷線CALLBACK通知
[4840] 2015/02/25 22:53:36.940 SKOSQuoteLib_EnterMonitor(0)
[4840] 2015/02/25 22:53:36.941 Connect FORT15.capital.com.tw 443
[4840] 2015/02/25 22:53:36.943 SK_SUBJECT_CONNECTION_DISCONNECT，Code: 10060
[4840] 2015/02/25 22:53:36.987 SKOSQuoteLib_RequestTicks (0,OSE,JNMPM1503)
[4840] 2015/02/25 22:53:37.089 SK_SUBJECT_CONNECTION_CONNECTED，Code: 0
[4840] 2015/02/25 23:24:07.918 連線中斷，Code: 10060 , The connection has been dropped because of a network failure or because the peer system failed to respond.
[4840] 2015/02/25 23:24:07.922 SocketDisconnect 斷線CALLBACK通知
[4840] 2015/02/25 23:24:07.926 SKOSQuoteLib_EnterMonitor(0)
[4840] 2015/02/25 23:24:07.927 Connect FORT15.capital.com.tw 443
[4840] 2015/02/25 23:24:07.929 SK_SUBJECT_CONNECTION_DISCONNECT，Code: 10060
[4840] 2015/02/25 23:24:08.029 SKOSQuoteLib_RequestTicks (0,OSE,JNMPM1503)
[4840] 2015/02/25 23:24:08.131 SK_SUBJECT_CONNECTION_CONNECTED，Code: 0
[4840] 2015/02/25 23:39:22.227 連線中斷，Code: 10060 , The connection has been dropped because of a network failure or because the peer system failed to respond.
[4840] 2015/02/25 23:39:22.231 SocketDisconnect 斷線CALLBACK通知
[4840] 2015/02/25 23:39:22.234 SKOSQuoteLib_EnterMonitor(0)
[4840] 2015/02/25 23:39:22.236 Connect FORT15.capital.com.tw 443
[4840] 2015/02/25 23:39:22.238 SK_SUBJECT_CONNECTION_DISCONNECT，Code: 10060
[4840] 2015/02/25 23:39:22.278 SKOSQuoteLib_RequestTicks (0,OSE,JNMPM1503)
[4840] 2015/02/25 23:39:22.380 SK_SUBJECT_CONNECTION_CONNECTED，Code: 0
[4840] 2015/02/25 23:54:38.433 連線中斷，Code: 10060 , The connection has been dropped because of a network failure or because the peer system failed to respond.
[4840] 2015/02/25 23:54:38.437 SocketDisconnect 斷線CALLBACK通知
[4840] 2015/02/25 23:54:38.441 SKOSQuoteLib_EnterMonitor(0)
[4840] 2015/02/25 23:54:38.442 Connect FORT15.capital.com.tw 443
[4840] 2015/02/25 23:54:38.444 SK_SUBJECT_CONNECTION_DISCONNECT，Code: 10060
[4840] 2015/02/25 23:54:39.680 SKOSQuoteLib_RequestTicks (0,OSE,JNMPM1503)
[4840] 2015/02/25 23:54:39.782 SK_SUBJECT_CONNECTION_CONNECTED，Code: 0
[4840] 2015/02/26 00:09:51.227 連線中斷，Code: 10060 , The connection has been dropped because of a network failure or because the peer system failed to respond.
[4840] 2015/02/26 00:09:51.231 SocketDisconnect 斷線CALLBACK通知
[4840] 2015/02/26 00:09:51.234 SKOSQuoteLib_EnterMonitor(0)
[4840] 2015/02/26 00:09:51.236 Connect FORT15.capital.com.tw 443
[4840] 2015/02/26 00:09:51.238 SK_SUBJECT_CONNECTION_DISCONNECT，Code: 10060
[4840] 2015/02/26 00:09:51.280 SKOSQuoteLib_RequestTicks (0,OSE,JNMPM1503)
[4840] 2015/02/26 00:09:51.382 SK_SUBJECT_CONNECTION_CONNECTED，Code: 0
[4840] 2015/02/26 00:25:08.504 連線中斷，Code: 10060 , The connection has been dropped because of a network failure or because the peer system failed to respond.
[4840] 2015/02/26 00:25:08.508 SocketDisconnect 斷線CALLBACK通知
[4840] 2015/02/26 00:25:08.512 SKOSQuoteLib_EnterMonitor(0)
[4840] 2015/02/26 00:25:08.514 Connect FORT15.capital.com.tw 443
[4840] 2015/02/26 00:25:08.516 SK_SUBJECT_CONNECTION_DISCONNECT，Code: 10060
[4840] 2015/02/26 00:25:08.551 SKOSQuoteLib_RequestTicks (0,OSE,JNMPM1503)
[4840] 2015/02/26 00:25:08.653 SK_SUBJECT_CONNECTION_CONNECTED，Code: 0
[4840] 2015/02/26 00:40:54.603 連線中斷，Code: 10060 , The connection has been dropped because of a network failure or because the peer system failed to respond.
[4840] 2015/02/26 00:40:54.607 SocketDisconnect 斷線CALLBACK通知
[4840] 2015/02/26 00:40:54.611 SKOSQuoteLib_EnterMonitor(0)
[4840] 2015/02/26 00:40:54.612 Connect FORT15.capital.com.tw 443
[4840] 2015/02/26 00:40:54.615 SK_SUBJECT_CONNECTION_DISCONNECT，Code: 10060
[4840] 2015/02/26 00:40:54.665 SKOSQuoteLib_RequestTicks (0,OSE,JNMPM1503)
[4840] 2015/02/26 00:40:54.767 SK_SUBJECT_CONNECTION_CONNECTED，Code: 0
[4840] 2015/02/26 01:11:22.816 連線中斷，Code: 10060 , The connection has been dropped because of a network failure or because the peer system failed to respond.
[4840] 2015/02/26 01:11:22.820 SocketDisconnect 斷線CALLBACK通知
[4840] 2015/02/26 01:11:22.824 SKOSQuoteLib_EnterMonitor(0)
[4840] 2015/02/26 01:11:22.825 Connect FORT15.capital.com.tw 443
[4840] 2015/02/26 01:11:22.828 SK_SUBJECT_CONNECTION_DISCONNECT，Code: 10060
[4840] 2015/02/26 01:11:22.865 SKOSQuoteLib_RequestTicks (0,OSE,JNMPM1503)
[4840] 2015/02/26 01:11:22.967 SK_SUBJECT_CONNECTION_CONNECTED，Code: 0
[4840] 2015/02/26 01:42:36.088 連線中斷，Code: 10060 , The connection has been dropped because of a network failure or because the peer system failed to respond.
[4840] 2015/02/26 01:42:36.091 SocketDisconnect 斷線CALLBACK通知
[4840] 2015/02/26 01:42:36.095 SKOSQuoteLib_EnterMonitor(0)
[4840] 2015/02/26 01:42:36.096 Connect FORT15.capital.com.tw 443
[4840] 2015/02/26 01:42:36.098 SK_SUBJECT_CONNECTION_DISCONNECT，Code: 10060
[4840] 2015/02/26 01:42:36.140 SKOSQuoteLib_RequestTicks (0,OSE,JNMPM1503)
[4840] 2015/02/26 01:42:36.241 SK_SUBJECT_CONNECTION_CONNECTED，Code: 0
[4840] 2015/02/26 02:00:00.021 SKOSQuoteLib_LeaveMonitor()
[4840] 2015/02/26 02:00:00.023 連線中斷，Code: 10053 , The virtual circuit was terminated due to a time-out or other failure. The application should close the socket as it is no longer usable.
[4840] 2015/02/26 02:00:00.029 SocketDisconnect 斷線CALLBACK通知
[4840] 2015/02/26 02:00:00.032 SK_SUBJECT_CONNECTION_DISCONNECT，Code: 10053
[4840] 2015/02/26 02:00:00.134 SKOSQuoteLib_LeaveMonitor()
[4840] 2015/02/26 02:00:00.240 SKOSQuoteLib_LeaveMonitor()
[4840] 2015/02/26 02:00:00.353 SKOSQuoteLib_LeaveMonitor()
