[2344] 2015/01/27 07:37:49.726 SKOrderLib ª©¥» 2.1.22
[2344] 2015/01/27 07:37:49.729 Login ID: E122828927
[2344] 2015/01/27 07:37:50.551 CALL SKOrderLib_ReadCertByID(E122828927)
[2344] 2015/01/27 07:37:50.707 CALL RegisterOnAccountCallBack()
[2344] 2015/01/27 07:37:50.709 CALL GetUserAccount()
[2344] 2015/01/27 07:37:50.711 TS,918J,918J,0456453,E122828927,±d§Óºú,0,0
[2344] 2015/01/27 07:37:50.714 TF,F020000,B17,1709003,E122828927,±d§Óºú,0,0
[2344] 2015/01/27 07:37:50.715 OF,F020000,000,1709003,E122828927,±d§Óºú,0,0
[2344] 2015/01/27 07:37:50.718 CALL RegisterOnOrderAsyncReportCallBack()
[2344] 2015/01/27 07:37:50.721 CALL RegisterOnExecutionReportCallBack()
[1208] 2015/01/27 07:41:16.445 SKOrderLib ª©¥» 2.1.22
[1208] 2015/01/27 07:41:16.448 Login ID: E122828927
[1208] 2015/01/27 07:41:17.357 CALL SKOrderLib_ReadCertByID(E122828927)
[1208] 2015/01/27 07:41:17.512 CALL RegisterOnAccountCallBack()
[1208] 2015/01/27 07:41:17.514 CALL GetUserAccount()
[1208] 2015/01/27 07:41:17.516 TS,918J,918J,0456453,E122828927,±d§Óºú,0,0
[1208] 2015/01/27 07:41:17.518 TF,F020000,B17,1709003,E122828927,±d§Óºú,0,0
[1208] 2015/01/27 07:41:17.520 OF,F020000,000,1709003,E122828927,±d§Óºú,0,0
[1208] 2015/01/27 07:41:17.523 CALL RegisterOnOrderAsyncReportCallBack()
[1208] 2015/01/27 07:41:17.526 CALL RegisterOnExecutionReportCallBack()
[3840] 2015/01/27 07:41:48.080 SKOrderLib ª©¥» 2.1.22
[3840] 2015/01/27 07:41:48.083 Login ID: E122828927
[3840] 2015/01/27 07:41:50.177 CALL SKOrderLib_ReadCertByID(E122828927)
[3840] 2015/01/27 07:41:50.397 CALL RegisterOnAccountCallBack()
[3840] 2015/01/27 07:41:50.399 CALL GetUserAccount()
[3840] 2015/01/27 07:41:50.400 TS,918J,918J,0456453,E122828927,±d§Óºú,0,0
[3840] 2015/01/27 07:41:50.403 TF,F020000,B17,1709003,E122828927,±d§Óºú,0,0
[3840] 2015/01/27 07:41:50.405 OF,F020000,000,1709003,E122828927,±d§Óºú,0,0
[3840] 2015/01/27 07:41:50.408 CALL RegisterOnOrderAsyncReportCallBack()
[3840] 2015/01/27 07:41:50.410 CALL RegisterOnExecutionReportCallBack()
[4364] 2015/01/27 10:32:31.278 SKOrderLib ª©¥» 2.1.22
[4364] 2015/01/27 10:32:31.281 Login ID: E122828927
[4364] 2015/01/27 10:32:31.896 CALL SKOrderLib_ReadCertByID(E122828927)
[4364] 2015/01/27 10:32:32.053 CALL RegisterOnAccountCallBack()
[4364] 2015/01/27 10:32:32.055 CALL GetUserAccount()
[4364] 2015/01/27 10:32:32.056 TS,918J,918J,0456453,E122828927,±d§Óºú,0,0
[4364] 2015/01/27 10:32:32.058 TF,F020000,B17,1709003,E122828927,±d§Óºú,0,0
[4364] 2015/01/27 10:32:32.060 OF,F020000,000,1709003,E122828927,±d§Óºú,0,0
[4364] 2015/01/27 10:32:32.063 CALL RegisterOnOrderAsyncReportCallBack()
[4364] 2015/01/27 10:32:32.065 CALL RegisterOnExecutionReportCallBack()
[3708] 2015/01/27 10:36:23.784 SKOrderLib ª©¥» 2.1.22
[3708] 2015/01/27 10:36:23.787 Login ID: E122828927
[3708] 2015/01/27 10:36:24.411 CALL SKOrderLib_ReadCertByID(E122828927)
[3708] 2015/01/27 10:36:25.758 CALL RegisterOnAccountCallBack()
[3708] 2015/01/27 10:36:25.760 CALL GetUserAccount()
[3708] 2015/01/27 10:36:25.761 TS,918J,918J,0456453,E122828927,±d§Óºú,0,0
[3708] 2015/01/27 10:36:25.763 TF,F020000,B17,1709003,E122828927,±d§Óºú,0,0
[3708] 2015/01/27 10:36:25.765 OF,F020000,000,1709003,E122828927,±d§Óºú,0,0
[3708] 2015/01/27 10:36:25.768 CALL RegisterOnOrderAsyncReportCallBack()
[3708] 2015/01/27 10:36:25.770 CALL RegisterOnExecutionReportCallBack()
[1528] 2015/01/27 10:37:21.032 SKOrderLib ª©¥» 2.1.22
[1528] 2015/01/27 10:37:21.035 Login ID: E122828927
[1528] 2015/01/27 10:37:21.590 CALL SKOrderLib_ReadCertByID(E122828927)
[1528] 2015/01/27 10:37:21.727 CALL RegisterOnAccountCallBack()
[1528] 2015/01/27 10:37:21.729 CALL GetUserAccount()
[1528] 2015/01/27 10:37:21.730 TS,918J,918J,0456453,E122828927,±d§Óºú,0,0
[1528] 2015/01/27 10:37:21.733 TF,F020000,B17,1709003,E122828927,±d§Óºú,0,0
[1528] 2015/01/27 10:37:21.734 OF,F020000,000,1709003,E122828927,±d§Óºú,0,0
[1528] 2015/01/27 10:37:21.737 CALL RegisterOnOrderAsyncReportCallBack()
[1528] 2015/01/27 10:37:21.740 CALL RegisterOnExecutionReportCallBack()
[4720] 2015/01/27 10:38:50.431 SKOrderLib ª©¥» 2.1.22
[4720] 2015/01/27 10:38:50.434 Login ID: E122828927
[4720] 2015/01/27 10:38:50.993 CALL SKOrderLib_ReadCertByID(E122828927)
[4720] 2015/01/27 10:38:51.132 CALL RegisterOnAccountCallBack()
[4720] 2015/01/27 10:38:51.134 CALL GetUserAccount()
[4720] 2015/01/27 10:38:51.136 TS,918J,918J,0456453,E122828927,±d§Óºú,0,0
[4720] 2015/01/27 10:38:51.138 TF,F020000,B17,1709003,E122828927,±d§Óºú,0,0
[4720] 2015/01/27 10:38:51.140 OF,F020000,000,1709003,E122828927,±d§Óºú,0,0
[4720] 2015/01/27 10:38:51.143 CALL RegisterOnOrderAsyncReportCallBack()
[4720] 2015/01/27 10:38:51.145 CALL RegisterOnExecutionReportCallBack()
[4756] 2015/01/27 10:41:05.414 SKOrderLib ª©¥» 2.1.22
[4756] 2015/01/27 10:41:05.417 Login ID: E122828927
[4756] 2015/01/27 10:41:05.981 CALL SKOrderLib_ReadCertByID(E122828927)
[4756] 2015/01/27 10:41:06.128 CALL RegisterOnAccountCallBack()
[4756] 2015/01/27 10:41:06.130 CALL GetUserAccount()
[4756] 2015/01/27 10:41:06.131 TS,918J,918J,0456453,E122828927,±d§Óºú,0,0
[4756] 2015/01/27 10:41:06.133 TF,F020000,B17,1709003,E122828927,±d§Óºú,0,0
[4756] 2015/01/27 10:41:06.135 OF,F020000,000,1709003,E122828927,±d§Óºú,0,0
[4756] 2015/01/27 10:41:06.138 CALL RegisterOnOrderAsyncReportCallBack()
[4756] 2015/01/27 10:41:06.140 CALL RegisterOnExecutionReportCallBack()
[4916] 2015/01/27 10:44:07.484 SKOrderLib ª©¥» 2.1.22
[4916] 2015/01/27 10:44:07.487 Login ID: E122828927
[4916] 2015/01/27 10:44:08.053 CALL SKOrderLib_ReadCertByID(E122828927)
[4916] 2015/01/27 10:44:08.222 CALL RegisterOnAccountCallBack()
[4916] 2015/01/27 10:44:08.224 CALL GetUserAccount()
[4916] 2015/01/27 10:44:08.225 TS,918J,918J,0456453,E122828927,±d§Óºú,0,0
[4916] 2015/01/27 10:44:08.227 TF,F020000,B17,1709003,E122828927,±d§Óºú,0,0
[4916] 2015/01/27 10:44:08.229 OF,F020000,000,1709003,E122828927,±d§Óºú,0,0
[4916] 2015/01/27 10:44:08.232 CALL RegisterOnOrderAsyncReportCallBack()
[4916] 2015/01/27 10:44:08.234 CALL RegisterOnExecutionReportCallBack()
[2796] 2015/01/27 11:15:27.852 SKOrderLib ª©¥» 2.1.22
[2796] 2015/01/27 11:15:27.855 Login ID: E122828927
[2796] 2015/01/27 11:15:28.429 CALL SKOrderLib_ReadCertByID(E122828927)
[2796] 2015/01/27 11:15:28.591 CALL RegisterOnAccountCallBack()
[2796] 2015/01/27 11:15:28.593 CALL GetUserAccount()
[2796] 2015/01/27 11:15:28.594 TS,918J,918J,0456453,E122828927,±d§Óºú,0,0
[2796] 2015/01/27 11:15:28.598 TF,F020000,B17,1709003,E122828927,±d§Óºú,0,0
[2796] 2015/01/27 11:15:28.599 OF,F020000,000,1709003,E122828927,±d§Óºú,0,0
[2796] 2015/01/27 11:15:28.602 CALL RegisterOnOrderAsyncReportCallBack()
[2796] 2015/01/27 11:15:28.605 CALL RegisterOnExecutionReportCallBack()
[1528] 2015/01/27 11:16:13.257 SKOrderLib ª©¥» 2.1.22
[1528] 2015/01/27 11:16:13.260 Login ID: E122828927
[1528] 2015/01/27 11:16:13.830 CALL SKOrderLib_ReadCertByID(E122828927)
[1528] 2015/01/27 11:16:13.975 CALL RegisterOnAccountCallBack()
[1528] 2015/01/27 11:16:13.977 CALL GetUserAccount()
[1528] 2015/01/27 11:16:13.978 TS,918J,918J,0456453,E122828927,±d§Óºú,0,0
[1528] 2015/01/27 11:16:13.981 TF,F020000,B17,1709003,E122828927,±d§Óºú,0,0
[1528] 2015/01/27 11:16:13.982 OF,F020000,000,1709003,E122828927,±d§Óºú,0,0
[1528] 2015/01/27 11:16:13.985 CALL RegisterOnOrderAsyncReportCallBack()
[1528] 2015/01/27 11:16:13.987 CALL RegisterOnExecutionReportCallBack()
