[3044] 2015/02/27 07:09:35.755 SKOrderLib ª©¥» 2.1.22
[3044] 2015/02/27 07:09:35.758 Login ID: E122828927
[3044] 2015/02/27 07:09:36.478 CALL SKOrderLib_ReadCertByID(E122828927)
[3044] 2015/02/27 07:09:36.654 CALL RegisterOnAccountCallBack()
[3044] 2015/02/27 07:09:36.656 CALL GetUserAccount()
[3044] 2015/02/27 07:09:36.657 TS,918J,918J,0456453,E122828927,±d§Óºú,0,0
[3044] 2015/02/27 07:09:36.660 TF,F020000,B17,1709003,E122828927,±d§Óºú,0,0
[3044] 2015/02/27 07:09:36.661 OF,F020000,000,1709003,E122828927,±d§Óºú,0,0
[3044] 2015/02/27 07:09:36.664 CALL RegisterOnOrderAsyncReportCallBack()
[3044] 2015/02/27 07:09:36.667 CALL RegisterOnExecutionReportCallBack()
[3044] 2015/02/27 07:09:37.111 CALL RegisterOnOverseaFutureOpenInterestCallBack()
[3044] 2015/02/27 07:09:37.113 CALL GetOverseaFutureOpenInterest(F0200001709003)
[1608] 2015/02/27 07:10:18.751 SKOrderLib ª©¥» 2.1.22
[1608] 2015/02/27 07:10:18.755 Login ID: E122828927
[1608] 2015/02/27 07:10:19.492 CALL SKOrderLib_ReadCertByID(E122828927)
[1608] 2015/02/27 07:10:19.631 CALL RegisterOnAccountCallBack()
[1608] 2015/02/27 07:10:19.633 CALL GetUserAccount()
[1608] 2015/02/27 07:10:19.635 TS,918J,918J,0456453,E122828927,±d§Óºú,0,0
[1608] 2015/02/27 07:10:19.637 TF,F020000,B17,1709003,E122828927,±d§Óºú,0,0
[1608] 2015/02/27 07:10:19.639 OF,F020000,000,1709003,E122828927,±d§Óºú,0,0
[1608] 2015/02/27 07:10:19.642 CALL RegisterOnOrderAsyncReportCallBack()
[1608] 2015/02/27 07:10:19.644 CALL RegisterOnExecutionReportCallBack()
[1608] 2015/02/27 07:10:24.210 CALL RegisterOnOverseaFutureOpenInterestCallBack()
[1608] 2015/02/27 07:10:24.213 CALL GetOverseaFutureOpenInterest(F0200001709003)
[3892] 2015/02/27 07:10:41.943 SKOrderLib ª©¥» 2.1.22
[3892] 2015/02/27 07:10:41.946 Login ID: E122828927
[3892] 2015/02/27 07:10:43.816 CALL SKOrderLib_ReadCertByID(E122828927)
[3892] 2015/02/27 07:10:43.934 CALL RegisterOnAccountCallBack()
[3892] 2015/02/27 07:10:43.936 CALL GetUserAccount()
[3892] 2015/02/27 07:10:43.937 TS,918J,918J,0456453,E122828927,±d§Óºú,0,0
[3892] 2015/02/27 07:10:43.939 TF,F020000,B17,1709003,E122828927,±d§Óºú,0,0
[3892] 2015/02/27 07:10:43.940 OF,F020000,000,1709003,E122828927,±d§Óºú,0,0
[3892] 2015/02/27 07:10:43.943 CALL RegisterOnOrderAsyncReportCallBack()
[3892] 2015/02/27 07:10:43.945 CALL RegisterOnExecutionReportCallBack()
[3892] 2015/02/27 07:10:44.292 CALL RegisterOnOverseaFutureOpenInterestCallBack()
[3892] 2015/02/27 07:10:44.294 CALL GetOverseaFutureOpenInterest(F0200001709003)
[1864] 2015/02/27 07:13:23.308 SKOrderLib ª©¥» 2.1.22
[1864] 2015/02/27 07:13:23.311 Login ID: E122828927
[1864] 2015/02/27 07:13:24.051 CALL SKOrderLib_ReadCertByID(E122828927)
[1864] 2015/02/27 07:13:24.193 CALL RegisterOnAccountCallBack()
[1864] 2015/02/27 07:13:24.195 CALL GetUserAccount()
[1864] 2015/02/27 07:13:24.196 TS,918J,918J,0456453,E122828927,±d§Óºú,0,0
[1864] 2015/02/27 07:13:24.198 TF,F020000,B17,1709003,E122828927,±d§Óºú,0,0
[1864] 2015/02/27 07:13:24.200 OF,F020000,000,1709003,E122828927,±d§Óºú,0,0
[1864] 2015/02/27 07:13:24.203 CALL RegisterOnOrderAsyncReportCallBack()
[1864] 2015/02/27 07:13:24.205 CALL RegisterOnExecutionReportCallBack()
[1864] 2015/02/27 07:13:24.531 CALL RegisterOnOverseaFutureOpenInterestCallBack()
[1864] 2015/02/27 07:13:24.533 CALL GetOverseaFutureOpenInterest(F0200001709003)
[1252] 2015/02/27 07:14:53.351 SKOrderLib ª©¥» 2.1.22
[1252] 2015/02/27 07:14:53.354 Login ID: E122828927
[1252] 2015/02/27 07:14:54.105 CALL SKOrderLib_ReadCertByID(E122828927)
[1252] 2015/02/27 07:14:54.242 CALL RegisterOnAccountCallBack()
[1252] 2015/02/27 07:14:54.244 CALL GetUserAccount()
[1252] 2015/02/27 07:14:54.245 TS,918J,918J,0456453,E122828927,±d§Óºú,0,0
[1252] 2015/02/27 07:14:54.248 TF,F020000,B17,1709003,E122828927,±d§Óºú,0,0
[1252] 2015/02/27 07:14:54.250 OF,F020000,000,1709003,E122828927,±d§Óºú,0,0
[1252] 2015/02/27 07:14:54.252 CALL RegisterOnOrderAsyncReportCallBack()
[1252] 2015/02/27 07:14:54.255 CALL RegisterOnExecutionReportCallBack()
[1252] 2015/02/27 07:14:55.127 CALL RegisterOnOverseaFutureOpenInterestCallBack()
[1252] 2015/02/27 07:14:55.129 CALL GetOverseaFutureOpenInterest(F0200001709003)
