[1540] 2015/03/11 08:11:53.815 API InitInstance 
[1540] 2015/03/11 08:11:54.149 E122828927 連線 Code：0
[1540] 2015/03/11 08:11:55.159 收到 Head 資訊 {Count 2} {Type A } 
[1540] 2015/03/11 08:11:55.161              OFDNF0200001709003B10OSE    JNM   201503                     x96360001857500000000000000000000000000000000000000000000000000000000000000000200020000201503100530100000009000000008706 
[1540] 2015/03/11 08:11:55.178 收到 Head 資訊 {Count 2} {Type C } 
[1540] 2015/03/11 08:11:55.180 收到 Head 資訊 {Count 2} {Type C } 
[1540] 2015/03/11 08:11:55.182 收到 Head 資訊 {Count 2} {Type C } 
[1540] 2015/03/11 08:11:55.184 收到 Head 資訊 {Count 2} {Type C } 
[1540] 2015/03/11 08:11:55.186 收到 Head 資訊 {Count 2} {Type C } 
[1540] 2015/03/11 08:11:55.187 收到 Head 資訊 {Count 2} {Type C } 
[1540] 2015/03/11 08:11:55.189 收到 Head 資訊 {Count 2} {Type C } 
[1540] 2015/03/11 08:11:55.191 收到 Head 資訊 {Count 2} {Type C } 
[1540] 2015/03/11 08:11:55.193 收到 Head 資訊 {Count 2} {Type C } 
[1540] 2015/03/11 08:11:55.195 收到 Head 資訊 {Count 2} {Type C } 
[1540] 2015/03/11 08:11:55.197 收到 Head 資訊 {Count 2} {Type C } 
[1540] 2015/03/11 08:11:55.199 收到 Head 資訊 {Count 2} {Type C } 
[1540] 2015/03/11 08:11:55.201 收到 Head 資訊 {Count 2} {Type C } 
[1540] 2015/03/11 08:11:55.203 收到 Head 資訊 {Count 2} {Type C } 
[1540] 2015/03/11 08:11:55.205 收到 Head 資訊 {Count 2} {Type C } 
[1540] 2015/03/11 08:11:55.207 收到 Head 資訊 {Count 2} {Type C } 
[1540] 2015/03/11 08:11:55.208 收到 Head 資訊 {Count 2} {Type C } 
[1540] 2015/03/11 08:11:55.210 收到 Head 資訊 {Count 2} {Type C } 
[1540] 2015/03/11 08:11:55.212 收到 Head 資訊 {Count 2} {Type C } 
[1540] 2015/03/11 08:11:55.214 收到 Head 資訊 {Count 2} {Type C } 
[1540] 2015/03/11 08:11:55.216 收到 Head 資訊 {Count 2} {Type C } 
[1540] 2015/03/11 08:11:55.218 收到 Head 資訊 {Count 2} {Type C } 
[1540] 2015/03/11 08:11:55.220 收到 Head 資訊 {Count 2} {Type C } 
[1540] 2015/03/11 08:11:55.222 收到 Head 資訊 {Count 2} {Type C } 
[1540] 2015/03/11 08:11:55.223 收到 Head 資訊 {Count 2} {Type C } 
[1540] 2015/03/11 08:11:55.225 收到 Head 資訊 {Count 2} {Type C } 
[1540] 2015/03/11 08:11:55.227 收到 Head 資訊 {Count 2} {Type C } 
[1540] 2015/03/11 08:11:55.229 收到 Head 資訊 {Count 2} {Type C } 
[1540] 2015/03/11 08:11:55.231 收到 Head 資訊 {Count 2} {Type C } 
[1540] 2015/03/11 08:11:55.233 收到 Head 資訊 {Count 2} {Type C } 
[1540] 2015/03/11 08:11:55.235 收到 Head 資訊 {Count 2} {Type C } 
[1540] 2015/03/11 08:11:55.236 收到 Head 資訊 {Count 2} {Type C } 
[1540] 2015/03/11 08:11:55.238 收到 Head 資訊 {Count 2} {Type C } 
[1540] 2015/03/11 08:11:55.240 收到 Head 資訊 {Count 2} {Type C } 
[1540] 2015/03/11 08:11:55.242 收到 Head 資訊 {Count 2} {Type C } 
[1540] 2015/03/11 08:11:55.244 收到 Head 資訊 {Count 2} {Type C } 
[1540] 2015/03/11 08:11:55.246 收到 Head 資訊 {Count 2} {Type C } 
[1540] 2015/03/11 08:11:55.248 收到 Head 資訊 {Count 2} {Type C } 
[1540] 2015/03/11 08:11:55.250 收到 Head 資訊 {Count 2} {Type C } 
[1540] 2015/03/11 08:11:55.252 收到 Head 資訊 {Count 2} {Type C } 
[1540] 2015/03/11 08:11:55.254 收到 Head 資訊 {Count 2} {Type C } 
[1540] 2015/03/11 08:11:55.256 收到 Head 資訊 {Count 2} {Type C } 
[1540] 2015/03/11 08:11:55.258 收到 Head 資訊 {Count 2} {Type C } 
[1540] 2015/03/11 08:11:55.260 收到 Head 資訊 {Count 2} {Type C } 
[1540] 2015/03/11 08:11:55.262 收到 Head 資訊 {Count 2} {Type C } 
[1540] 2015/03/11 08:11:55.264 收到 Head 資訊 {Count 2} {Type C } 
[1540] 2015/03/11 08:11:55.266 收到 Head 資訊 {Count 2} {Type C } 
[1540] 2015/03/11 08:11:55.268 收到 Head 資訊 {Count 2} {Type C } 
[1540] 2015/03/11 08:11:55.270 收到 Head 資訊 {Count 2} {Type C } 
[1540] 2015/03/11 08:11:55.272 收到 Head 資訊 {Count 2} {Type C } 
[1540] 2015/03/11 08:11:55.274 收到 Head 資訊 {Count 2} {Type C } 
[1540] 2015/03/11 08:11:55.276 收到 Head 資訊 {Count 2} {Type C } 
[1540] 2015/03/11 08:11:55.278 收到 Head 資訊 {Count 2} {Type C } 
[1540] 2015/03/11 08:11:55.280 收到 Head 資訊 {Count 2} {Type C } 
[1540] 2015/03/11 08:11:55.282 收到 Head 資訊 {Count 2} {Type C } 
[1540] 2015/03/11 08:11:55.285 收到 Head 資訊 {Count 2} {Type C } 
[1540] 2015/03/11 08:11:55.287 收到 Head 資訊 {Count 2} {Type C } 
[1540] 2015/03/11 08:11:55.289 收到 Head 資訊 {Count 2} {Type C } 
[1540] 2015/03/11 08:11:55.291 收到 Head 資訊 {Count 2} {Type C } 
[1540] 2015/03/11 08:11:55.293 收到 Head 資訊 {Count 2} {Type C } 
[1540] 2015/03/11 08:11:55.294 收到 Head 資訊 {Count 2} {Type C } 
[1540] 2015/03/11 08:11:55.296 收到 Head 資訊 {Count 2} {Type C } 
[1540] 2015/03/11 08:11:55.298 收到 Head 資訊 {Count 2} {Type C } 
[1540] 2015/03/11 08:11:55.300 收到 Head 資訊 {Count 2} {Type C } 
[1540] 2015/03/11 08:11:55.302 收到 Head 資訊 {Count 2} {Type C } 
[1540] 2015/03/11 08:11:55.303 收到 Head 資訊 {Count 2} {Type C } 
[1540] 2015/03/11 08:11:55.305 收到 Head 資訊 {Count 2} {Type C } 
[1540] 2015/03/11 08:11:55.307 收到 Head 資訊 {Count 2} {Type C } 
[1540] 2015/03/11 08:11:55.309 收到 Head 資訊 {Count 2} {Type C } 
[1540] 2015/03/11 08:11:55.310 收到 Head 資訊 {Count 2} {Type C } 
[1540] 2015/03/11 08:11:55.312 收到 Head 資訊 {Count 2} {Type C } 
[1540] 2015/03/11 08:11:55.314 收到 Head 資訊 {Count 2} {Type C } 
[1540] 2015/03/11 08:11:55.316 收到 Head 資訊 {Count 2} {Type C } 
[1540] 2015/03/11 08:11:55.317 收到 Head 資訊 {Count 2} {Type C } 
[1540] 2015/03/11 08:11:55.319 收到 Head 資訊 {Count 2} {Type C } 
[1540] 2015/03/11 08:11:55.321 收到 Head 資訊 {Count 2} {Type C } 
[1540] 2015/03/11 08:11:55.323 收到 Head 資訊 {Count 2} {Type C } 
[1540] 2015/03/11 08:11:55.324 收到 Head 資訊 {Count 2} {Type C } 
[1540] 2015/03/11 08:11:55.326 收到 Head 資訊 {Count 2} {Type C } 
[1540] 2015/03/11 08:11:55.328 收到 Head 資訊 {Count 2} {Type C } 
[1540] 2015/03/11 08:11:55.330 收到 Head 資訊 {Count 2} {Type C } 
[1540] 2015/03/11 08:11:55.332 收到 Head 資訊 {Count 2} {Type C } 
[1540] 2015/03/11 08:11:55.334 收到 Head 資訊 {Count 2} {Type C } 
[1540] 2015/03/11 08:11:55.336 收到 Head 資訊 {Count 2} {Type C } 
[1540] 2015/03/11 08:11:55.338 收到 Head 資訊 {Count 2} {Type C } 
[1540] 2015/03/11 08:11:55.340 收到 Head 資訊 {Count 2} {Type C } 
[1540] 2015/03/11 08:11:55.342 收到 Head 資訊 {Count 2} {Type C } 
[1540] 2015/03/11 08:11:55.344 收到 Head 資訊 {Count 2} {Type C } 
[1540] 2015/03/11 08:11:55.346 收到 Head 資訊 {Count 2} {Type C } 
[1540] 2015/03/11 08:11:55.348 收到 Head 資訊 {Count 2} {Type C } 
[1540] 2015/03/11 08:11:55.350 收到 Head 資訊 {Count 2} {Type C } 
[1540] 2015/03/11 08:11:55.351 收到 Head 資訊 {Count 2} {Type C } 
[1540] 2015/03/11 08:11:55.353 收到 Head 資訊 {Count 2} {Type C } 
[1540] 2015/03/11 08:11:55.355 收到 Head 資訊 {Count 2} {Type C } 
[1540] 2015/03/11 08:11:55.357 收到 Head 資訊 {Count 2} {Type C } 
[1540] 2015/03/11 08:11:55.358 收到 Head 資訊 {Count 2} {Type C } 
[1540] 2015/03/11 08:11:55.360 收到 Head 資訊 {Count 2} {Type C } 
[1540] 2015/03/11 08:11:55.362 收到 Head 資訊 {Count 2} {Type C } 
[1540] 2015/03/11 08:11:55.364 收到 Head 資訊 {Count 2} {Type D } 
[1540] 2015/03/11 08:11:55.366 收到 Head 資訊 {Count 2} {Type D } 
[1540] 2015/03/11 08:11:55.367 收到 Head 資訊 {Count 2} {Type D } 
[1540] 2015/03/11 08:11:55.369 收到 Head 資訊 {Count 2} {Type C } 
[1540] 2015/03/11 08:11:55.371 收到 Head 資訊 {Count 2} {Type C } 
[1540] 2015/03/11 08:11:55.373 收到 Head 資訊 {Count 2} {Type C } 
[1540] 2015/03/11 08:11:55.374 收到 Head 資訊 {Count 2} {Type C } 
[1540] 2015/03/11 08:11:55.376 收到 Head 資訊 {Count 2} {Type C } 
[1540] 2015/03/11 08:11:55.378 收到 Head 資訊 {Count 2} {Type C } 
[1540] 2015/03/11 08:11:55.380 收到 Head 資訊 {Count 2} {Type C } 
[1540] 2015/03/11 08:11:55.381 收到 Head 資訊 {Count 2} {Type C } 
[1540] 2015/03/11 08:11:55.383 收到 Head 資訊 {Count 2} {Type C } 
[1540] 2015/03/11 08:11:55.385 收到 Head 資訊 {Count 2} {Type C } 
[1540] 2015/03/11 08:11:55.387 收到 Head 資訊 {Count 2} {Type C } 
[1540] 2015/03/11 08:11:55.388 收到 Head 資訊 {Count 2} {Type C } 
[1540] 2015/03/11 08:11:55.390 收到 Head 資訊 {Count 2} {Type B } 
[1540] 2015/03/11 08:12:31.349 收到 Head 資訊 {Count 2} {Type A } 
[1540] 2015/03/11 08:12:31.351 2300000032755OFNNF0200001709003B20OSE    JNM   201503       N             x0448+001865500000000000000+00000000000000000000000000000000000000000000000000100000001201503110818260000020500000008706g
[1540] 2015/03/11 08:12:54.109 連線確認 E122828927 (21,21)
[1540] 2015/03/11 08:13:10.140 收到 Head 資訊 {Count 2} {Type A } 
[1540] 2015/03/11 08:13:10.142 0000020150311OFCNF0200001709003B20OSE    JNM   201503       N             x0448+001865500000000000000+00000000000000000000000000000000000000000000000000100000000201503110819050000021100000008706g
[1540] 2015/03/11 08:13:43.586 收到 Head 資訊 {Count 2} {Type A } 
[1540] 2015/03/11 08:13:43.588 2300000032761OFNNF0200001709003B13OSE    JNM   201503       N             x04509999999999999000000000+00000000000000000000000000000000000000000000000000100000001201503110819380000021400000008706g
[1540] 2015/03/11 08:13:43.803 收到 Head 資訊 {Count 2} {Type A } 
[1540] 2015/03/11 08:13:43.804              OFDNF0200001709003B10OSE    JNM   201503                     x04500001866000000000000000000000000000000000000000000000000000000000000000000100010000201503110819380000021500000008706g
[1540] 2015/03/11 08:13:54.123 連線確認 E122828927 (21,21)
[1540] 2015/03/11 08:14:13.317 收到 Head 資訊 {Count 2} {Type C } 
[1540] 2015/03/11 08:14:54.138 連線確認 E122828927 (21,21)
[1540] 2015/03/11 08:15:54.150 連線確認 E122828927 (21,21)
[1540] 2015/03/11 08:16:54.164 連線確認 E122828927 (21,21)
[1540] 2015/03/11 08:16:55.054 收到 Head 資訊 {Count 2} {Type B } 
[1540] 2015/03/11 08:17:54.178 連線確認 E122828927 (21,21)
[1540] 2015/03/11 08:18:54.191 連線確認 E122828927 (21,21)
[1540] 2015/03/11 08:19:54.205 連線確認 E122828927 (21,21)
[1540] 2015/03/11 08:20:54.219 連線確認 E122828927 (21,21)
[1540] 2015/03/11 08:21:53.380 收到 Head 資訊 {Count 2} {Type C } 
[1540] 2015/03/11 08:21:54.234 連線確認 E122828927 (21,21)
[1540] 2015/03/11 08:21:56.066 收到 Head 資訊 {Count 2} {Type B } 
[1540] 2015/03/11 08:22:03.366 收到 Head 資訊 {Count 2} {Type C } 
[1540] 2015/03/11 08:22:54.246 連線確認 E122828927 (21,21)
[1540] 2015/03/11 08:23:54.259 連線確認 E122828927 (21,21)
[1540] 2015/03/11 08:24:54.273 連線確認 E122828927 (21,21)
[1540] 2015/03/11 08:25:54.286 連線確認 E122828927 (21,21)
[1540] 2015/03/11 08:26:54.301 連線確認 E122828927 (21,21)
[1540] 2015/03/11 08:26:57.104 收到 Head 資訊 {Count 2} {Type B } 
[1540] 2015/03/11 08:27:54.313 連線確認 E122828927 (21,21)
[1540] 2015/03/11 08:28:54.327 連線確認 E122828927 (21,21)
[1540] 2015/03/11 08:29:54.341 連線確認 E122828927 (21,21)
[1540] 2015/03/11 08:30:54.354 連線確認 E122828927 (21,21)
[1540] 2015/03/11 08:31:13.651 收到 Head 資訊 {Count 2} {Type C } 
[1540] 2015/03/11 08:31:23.661 收到 Head 資訊 {Count 2} {Type C } 
[1540] 2015/03/11 08:31:33.653 收到 Head 資訊 {Count 2} {Type C } 
[1540] 2015/03/11 08:31:54.367 連線確認 E122828927 (21,21)
[1540] 2015/03/11 08:31:58.116 收到 Head 資訊 {Count 2} {Type B } 
[1540] 2015/03/11 08:32:38.580 收到 Head 資訊 {Count 2} {Type A } 
[1540] 2015/03/11 08:32:38.582 2300000032825OFNNF0200001709003B13OSE    JNM   201503       N             x05709999999999999000000000+00000000000000000000000000000000000000000000000000100000001201503110838330000030600000008706g
[1540] 2015/03/11 08:32:38.781 收到 Head 資訊 {Count 2} {Type A } 
[1540] 2015/03/11 08:32:38.782              OFDNF0200001709003B10OSE    JNM   201503                     x05700001865500000000000000000000000000000000000000000000000000000000000000000100010000201503110838330000030700000008706g
[1540] 2015/03/11 08:32:54.381 連線確認 E122828927 (21,21)
[1540] 2015/03/11 08:33:54.395 連線確認 E122828927 (21,21)
[1540] 2015/03/11 08:34:12.521 收到 Head 資訊 {Count 2} {Type C } 
[1540] 2015/03/11 08:34:22.449 收到 Head 資訊 {Count 2} {Type C } 
[1540] 2015/03/11 08:34:32.494 收到 Head 資訊 {Count 2} {Type C } 
[1540] 2015/03/11 08:34:54.409 連線確認 E122828927 (21,21)
[1540] 2015/03/11 08:35:54.423 連線確認 E122828927 (21,21)
[1540] 2015/03/11 08:36:54.436 連線確認 E122828927 (21,21)
[1540] 2015/03/11 08:36:59.157 收到 Head 資訊 {Count 2} {Type B } 
[1540] 2015/03/11 08:37:54.450 連線確認 E122828927 (21,21)
[1540] 2015/03/11 08:38:54.462 連線確認 E122828927 (21,21)
[1540] 2015/03/11 08:39:54.476 連線確認 E122828927 (21,21)
[1540] 2015/03/11 08:40:54.491 連線確認 E122828927 (21,21)
[1540] 2015/03/11 08:41:54.503 連線確認 E122828927 (21,21)
[1540] 2015/03/11 08:42:00.358 收到 Head 資訊 {Count 2} {Type B } 
[1540] 2015/03/11 08:42:52.703 收到 Head 資訊 {Count 2} {Type C } 
[1540] 2015/03/11 08:42:54.517 連線確認 E122828927 (21,21)
[1540] 2015/03/11 08:43:02.744 收到 Head 資訊 {Count 2} {Type C } 
[1540] 2015/03/11 08:43:54.530 連線確認 E122828927 (21,21)
[1540] 2015/03/11 08:44:54.545 連線確認 E122828927 (21,21)
[1540] 2015/03/11 08:45:54.558 連線確認 E122828927 (21,21)
[1540] 2015/03/11 08:46:54.571 連線確認 E122828927 (21,21)
[1540] 2015/03/11 08:47:01.412 收到 Head 資訊 {Count 2} {Type B } 
[1540] 2015/03/11 08:47:54.586 連線確認 E122828927 (21,21)
[1540] 2015/03/11 08:48:54.599 連線確認 E122828927 (21,21)
[1540] 2015/03/11 08:49:54.612 連線確認 E122828927 (21,21)
[1540] 2015/03/11 08:50:54.626 連線確認 E122828927 (21,21)
[1540] 2015/03/11 08:51:12.976 收到 Head 資訊 {Count 2} {Type C } 
[1540] 2015/03/11 08:51:23.093 收到 Head 資訊 {Count 2} {Type C } 
[1540] 2015/03/11 08:51:33.058 收到 Head 資訊 {Count 2} {Type C } 
[1540] 2015/03/11 08:51:43.010 收到 Head 資訊 {Count 2} {Type C } 
[1540] 2015/03/11 08:51:53.103 收到 Head 資訊 {Count 2} {Type C } 
[1540] 2015/03/11 08:51:54.640 連線確認 E122828927 (21,21)
[1540] 2015/03/11 08:52:02.428 收到 Head 資訊 {Count 2} {Type B } 
[1540] 2015/03/11 08:52:03.086 收到 Head 資訊 {Count 2} {Type C } 
[1540] 2015/03/11 08:52:13.032 收到 Head 資訊 {Count 2} {Type C } 
[1540] 2015/03/11 08:52:54.654 連線確認 E122828927 (21,21)
[1540] 2015/03/11 08:53:54.668 連線確認 E122828927 (21,21)
[1540] 2015/03/11 08:54:12.848 收到 Head 資訊 {Count 2} {Type C } 
[1540] 2015/03/11 08:54:54.681 連線確認 E122828927 (21,21)
[1540] 2015/03/11 08:55:54.693 連線確認 E122828927 (21,21)
[1540] 2015/03/11 08:56:54.708 連線確認 E122828927 (21,21)
[1540] 2015/03/11 08:57:03.447 收到 Head 資訊 {Count 2} {Type B } 
[1540] 2015/03/11 08:57:54.721 連線確認 E122828927 (21,21)
[1540] 2015/03/11 08:58:54.734 連線確認 E122828927 (21,21)
[1540] 2015/03/11 08:59:54.748 連線確認 E122828927 (21,21)
[1540] 2015/03/11 09:00:54.761 連線確認 E122828927 (21,21)
[1540] 2015/03/11 09:01:54.776 連線確認 E122828927 (21,21)
[1540] 2015/03/11 09:02:04.456 收到 Head 資訊 {Count 2} {Type B } 
[1540] 2015/03/11 09:02:54.789 連線確認 E122828927 (21,21)
[1540] 2015/03/11 09:03:54.803 連線確認 E122828927 (21,21)
[1540] 2015/03/11 09:04:12.893 收到 Head 資訊 {Count 2} {Type C } 
[1540] 2015/03/11 09:04:22.826 收到 Head 資訊 {Count 2} {Type C } 
[1540] 2015/03/11 09:04:54.817 連線確認 E122828927 (21,21)
[1540] 2015/03/11 09:05:54.829 連線確認 E122828927 (21,21)
[1540] 2015/03/11 09:06:54.843 連線確認 E122828927 (21,21)
[1540] 2015/03/11 09:07:05.517 收到 Head 資訊 {Count 2} {Type B } 
[1540] 2015/03/11 09:07:54.856 連線確認 E122828927 (21,21)
[1540] 2015/03/11 09:08:54.871 連線確認 E122828927 (21,21)
[1540] 2015/03/11 09:09:54.883 連線確認 E122828927 (21,21)
[1540] 2015/03/11 09:10:54.897 連線確認 E122828927 (21,21)
[1540] 2015/03/11 09:11:12.917 收到 Head 資訊 {Count 2} {Type C } 
[1540] 2015/03/11 09:11:22.865 收到 Head 資訊 {Count 2} {Type C } 
[1540] 2015/03/11 09:11:32.817 收到 Head 資訊 {Count 2} {Type C } 
[1540] 2015/03/11 09:11:42.962 收到 Head 資訊 {Count 2} {Type C } 
[1540] 2015/03/11 09:11:54.911 連線確認 E122828927 (21,21)
[1540] 2015/03/11 09:12:06.253 收到 Head 資訊 {Count 2} {Type B } 
[1540] 2015/03/11 09:12:54.924 連線確認 E122828927 (21,21)
[1540] 2015/03/11 09:13:54.938 連線確認 E122828927 (21,21)
[1540] 2015/03/11 09:14:12.846 收到 Head 資訊 {Count 2} {Type C } 
[1540] 2015/03/11 09:14:54.953 連線確認 E122828927 (21,21)
[1540] 2015/03/11 09:15:54.965 連線確認 E122828927 (21,21)
[1540] 2015/03/11 09:16:54.979 連線確認 E122828927 (21,21)
[1540] 2015/03/11 09:17:07.268 收到 Head 資訊 {Count 2} {Type B } 
[1540] 2015/03/11 09:17:54.992 連線確認 E122828927 (21,21)
[1540] 2015/03/11 09:18:55.006 連線確認 E122828927 (21,21)
[1540] 2015/03/11 09:19:55.020 連線確認 E122828927 (21,21)
[1540] 2015/03/11 09:20:55.034 連線確認 E122828927 (21,21)
[1540] 2015/03/11 09:21:55.047 連線確認 E122828927 (21,21)
[1540] 2015/03/11 09:22:08.252 收到 Head 資訊 {Count 2} {Type B } 
[1540] 2015/03/11 09:22:55.060 連線確認 E122828927 (21,21)
[1540] 2015/03/11 09:23:55.074 連線確認 E122828927 (21,21)
[1540] 2015/03/11 09:24:55.087 連線確認 E122828927 (21,21)
[1540] 2015/03/11 09:25:02.893 收到 Head 資訊 {Count 2} {Type C } 
[1540] 2015/03/11 09:25:23.300 收到 Head 資訊 {Count 2} {Type C } 
[1540] 2015/03/11 09:25:55.101 連線確認 E122828927 (21,21)
[1540] 2015/03/11 09:26:55.115 連線確認 E122828927 (21,21)
[1540] 2015/03/11 09:27:09.576 收到 Head 資訊 {Count 2} {Type B } 
[1540] 2015/03/11 09:27:55.129 連線確認 E122828927 (21,21)
[1540] 2015/03/11 09:28:55.143 連線確認 E122828927 (21,21)
[1540] 2015/03/11 09:29:55.156 連線確認 E122828927 (21,21)
[1540] 2015/03/11 09:30:55.170 連線確認 E122828927 (21,21)
[1540] 2015/03/11 09:31:13.529 收到 Head 資訊 {Count 2} {Type C } 
[1540] 2015/03/11 09:31:23.442 收到 Head 資訊 {Count 2} {Type C } 
[1540] 2015/03/11 09:31:33.565 收到 Head 資訊 {Count 2} {Type C } 
[1540] 2015/03/11 09:31:43.491 收到 Head 資訊 {Count 2} {Type C } 
[1540] 2015/03/11 09:31:53.414 收到 Head 資訊 {Count 2} {Type C } 
[1540] 2015/03/11 09:31:55.183 連線確認 E122828927 (21,21)
[1540] 2015/03/11 09:32:03.527 收到 Head 資訊 {Count 2} {Type C } 
[1540] 2015/03/11 09:32:10.541 收到 Head 資訊 {Count 2} {Type B } 
[1540] 2015/03/11 09:32:13.423 收到 Head 資訊 {Count 2} {Type C } 
[1540] 2015/03/11 09:32:23.519 收到 Head 資訊 {Count 2} {Type C } 
[1540] 2015/03/11 09:32:55.196 連線確認 E122828927 (21,21)
[1540] 2015/03/11 09:33:55.210 連線確認 E122828927 (21,21)
[1540] 2015/03/11 09:34:13.395 收到 Head 資訊 {Count 2} {Type C } 
[1540] 2015/03/11 09:34:55.223 連線確認 E122828927 (21,21)
[1540] 2015/03/11 09:35:55.238 連線確認 E122828927 (21,21)
[1540] 2015/03/11 09:36:55.251 連線確認 E122828927 (21,21)
[1540] 2015/03/11 09:37:11.477 收到 Head 資訊 {Count 2} {Type B } 
[1540] 2015/03/11 09:37:55.264 連線確認 E122828927 (21,21)
[1540] 2015/03/11 09:38:55.277 連線確認 E122828927 (21,21)
[1540] 2015/03/11 09:39:55.291 連線確認 E122828927 (21,21)
[1540] 2015/03/11 09:40:55.306 連線確認 E122828927 (21,21)
[1540] 2015/03/11 09:41:55.318 連線確認 E122828927 (21,21)
[1540] 2015/03/11 09:42:12.663 收到 Head 資訊 {Count 2} {Type B } 
[1540] 2015/03/11 09:42:55.332 連線確認 E122828927 (21,21)
[1540] 2015/03/11 09:43:55.346 連線確認 E122828927 (21,21)
[1540] 2015/03/11 09:44:55.360 連線確認 E122828927 (21,21)
[1540] 2015/03/11 09:45:55.374 連線確認 E122828927 (21,21)
[1540] 2015/03/11 09:46:33.344 收到 Head 資訊 {Count 2} {Type C } 
[1540] 2015/03/11 09:46:43.393 收到 Head 資訊 {Count 2} {Type C } 
[1540] 2015/03/11 09:46:55.387 連線確認 E122828927 (21,21)
[1540] 2015/03/11 09:47:13.536 收到 Head 資訊 {Count 2} {Type B } 
[1540] 2015/03/11 09:47:55.401 連線確認 E122828927 (21,21)
[1540] 2015/03/11 09:48:55.415 連線確認 E122828927 (21,21)
[1540] 2015/03/11 09:49:55.427 連線確認 E122828927 (21,21)
[1540] 2015/03/11 09:50:55.441 連線確認 E122828927 (21,21)
[1540] 2015/03/11 09:51:13.239 收到 Head 資訊 {Count 2} {Type C } 
[1540] 2015/03/11 09:51:23.209 收到 Head 資訊 {Count 2} {Type C } 
[1540] 2015/03/11 09:51:55.455 連線確認 E122828927 (21,21)
[1540] 2015/03/11 09:52:14.172 收到 Head 資訊 {Count 2} {Type B } 
[1540] 2015/03/11 09:52:55.468 連線確認 E122828927 (21,21)
[1540] 2015/03/11 09:53:55.483 連線確認 E122828927 (21,21)
[1540] 2015/03/11 09:54:12.928 收到 Head 資訊 {Count 2} {Type C } 
[1540] 2015/03/11 09:54:22.905 收到 Head 資訊 {Count 2} {Type C } 
[1540] 2015/03/11 09:54:55.495 連線確認 E122828927 (21,21)
[1540] 2015/03/11 09:55:55.509 連線確認 E122828927 (21,21)
[1540] 2015/03/11 09:56:55.523 連線確認 E122828927 (21,21)
[1540] 2015/03/11 09:57:15.167 收到 Head 資訊 {Count 2} {Type B } 
[1540] 2015/03/11 09:57:55.536 連線確認 E122828927 (21,21)
[1540] 2015/03/11 09:58:55.550 連線確認 E122828927 (21,21)
[1540] 2015/03/11 09:59:55.562 連線確認 E122828927 (21,21)
[1540] 2015/03/11 10:00:55.577 連線確認 E122828927 (21,21)
[1540] 2015/03/11 10:01:55.590 連線確認 E122828927 (21,21)
[1540] 2015/03/11 10:02:15.985 收到 Head 資訊 {Count 2} {Type B } 
[1540] 2015/03/11 10:02:55.605 連線確認 E122828927 (21,21)
[1540] 2015/03/11 10:03:55.618 連線確認 E122828927 (21,21)
[1540] 2015/03/11 10:04:55.632 連線確認 E122828927 (21,21)
[1540] 2015/03/11 10:05:55.646 連線確認 E122828927 (21,21)
[1540] 2015/03/11 10:06:55.658 連線確認 E122828927 (21,21)
[1540] 2015/03/11 10:07:12.810 收到 Head 資訊 {Count 2} {Type C } 
[1540] 2015/03/11 10:07:16.932 收到 Head 資訊 {Count 2} {Type B } 
[1540] 2015/03/11 10:07:22.814 收到 Head 資訊 {Count 2} {Type C } 
[1540] 2015/03/11 10:07:55.671 連線確認 E122828927 (21,21)
[1540] 2015/03/11 10:08:55.685 連線確認 E122828927 (21,21)
[1540] 2015/03/11 10:09:55.699 連線確認 E122828927 (21,21)
[1540] 2015/03/11 10:10:55.712 連線確認 E122828927 (21,21)
[1540] 2015/03/11 10:11:13.095 收到 Head 資訊 {Count 2} {Type C } 
[1540] 2015/03/11 10:11:23.102 收到 Head 資訊 {Count 2} {Type C } 
[1540] 2015/03/11 10:11:33.090 收到 Head 資訊 {Count 2} {Type C } 
[1540] 2015/03/11 10:11:43.105 收到 Head 資訊 {Count 2} {Type C } 
[1540] 2015/03/11 10:11:55.726 連線確認 E122828927 (21,21)
[1540] 2015/03/11 10:12:18.103 收到 Head 資訊 {Count 2} {Type B } 
[1540] 2015/03/11 10:12:55.740 連線確認 E122828927 (21,21)
[1540] 2015/03/11 10:13:55.754 連線確認 E122828927 (21,21)
[1540] 2015/03/11 10:14:55.766 連線確認 E122828927 (21,21)
[1540] 2015/03/11 10:15:55.781 連線確認 E122828927 (21,21)
[1540] 2015/03/11 10:16:55.794 連線確認 E122828927 (21,21)
[1540] 2015/03/11 10:17:19.019 收到 Head 資訊 {Count 2} {Type B } 
[1540] 2015/03/11 10:17:55.809 連線確認 E122828927 (21,21)
[1540] 2015/03/11 10:18:55.821 連線確認 E122828927 (21,21)
[1540] 2015/03/11 10:19:55.836 連線確認 E122828927 (21,21)
[1540] 2015/03/11 10:20:55.848 連線確認 E122828927 (21,21)
[1540] 2015/03/11 10:21:55.862 連線確認 E122828927 (21,21)
[1540] 2015/03/11 10:22:20.219 收到 Head 資訊 {Count 2} {Type B } 
[1540] 2015/03/11 10:22:55.877 連線確認 E122828927 (21,21)
[1540] 2015/03/11 10:23:55.889 連線確認 E122828927 (21,21)
[1540] 2015/03/11 10:24:55.902 連線確認 E122828927 (21,21)
[1540] 2015/03/11 10:25:55.916 連線確認 E122828927 (21,21)
[1540] 2015/03/11 10:26:55.930 連線確認 E122828927 (21,21)
[1540] 2015/03/11 10:27:21.355 收到 Head 資訊 {Count 2} {Type B } 
[1540] 2015/03/11 10:27:53.354 收到 Head 資訊 {Count 2} {Type C } 
[1540] 2015/03/11 10:27:55.944 連線確認 E122828927 (21,21)
[1540] 2015/03/11 10:28:03.346 收到 Head 資訊 {Count 2} {Type C } 
[1540] 2015/03/11 10:28:55.958 連線確認 E122828927 (21,21)
[1540] 2015/03/11 10:29:55.971 連線確認 E122828927 (21,21)
[1540] 2015/03/11 10:30:55.985 連線確認 E122828927 (21,21)
[1540] 2015/03/11 10:31:13.476 收到 Head 資訊 {Count 2} {Type C } 
[1540] 2015/03/11 10:31:23.488 收到 Head 資訊 {Count 2} {Type C } 
[1540] 2015/03/11 10:31:55.998 連線確認 E122828927 (21,21)
[1540] 2015/03/11 10:32:22.284 收到 Head 資訊 {Count 2} {Type B } 
[1540] 2015/03/11 10:32:56.012 連線確認 E122828927 (21,21)
[1540] 2015/03/11 10:33:56.025 連線確認 E122828927 (21,21)
[1540] 2015/03/11 10:34:23.618 收到 Head 資訊 {Count 2} {Type C } 
[1540] 2015/03/11 10:34:23.827 收到 Head 資訊 {Count 2} {Type C } 
[1540] 2015/03/11 10:34:56.038 連線確認 E122828927 (21,21)
[1540] 2015/03/11 10:35:56.052 連線確認 E122828927 (21,21)
[1540] 2015/03/11 10:36:56.065 連線確認 E122828927 (21,21)
[1540] 2015/03/11 10:37:23.686 收到 Head 資訊 {Count 2} {Type B } 
[1540] 2015/03/11 10:37:56.080 連線確認 E122828927 (21,21)
[1540] 2015/03/11 10:38:56.092 連線確認 E122828927 (21,21)
[1540] 2015/03/11 10:39:56.108 連線確認 E122828927 (21,21)
[1540] 2015/03/11 10:40:56.121 連線確認 E122828927 (21,21)
[1540] 2015/03/11 10:41:56.134 連線確認 E122828927 (21,21)
[1540] 2015/03/11 10:42:24.615 收到 Head 資訊 {Count 2} {Type B } 
[1540] 2015/03/11 10:42:56.148 連線確認 E122828927 (21,21)
[1540] 2015/03/11 10:42:59.922 收到 Head 資訊 {Count 2} {Type A } 
[1540] 2015/03/11 10:42:59.923 2300000033357OFNNF0200001709003B13OSE    JNM   201503       N             x24889999999999999000000000+00000000000000000000000000000000000000000000000000100000001201503111048540000094500000008706g
[1540] 2015/03/11 10:43:00.137 收到 Head 資訊 {Count 2} {Type A } 
[1540] 2015/03/11 10:43:00.139              OFDNF0200001709003B10OSE    JNM   201503                     x24880001879500000000000000000000000000000000000000000000000000000000000000000100010000201503111048540000094600000008706g
[1540] 2015/03/11 10:43:56.161 連線確認 E122828927 (21,21)
[1540] 2015/03/11 10:44:56.175 連線確認 E122828927 (21,21)
[1540] 2015/03/11 10:45:56.187 連線確認 E122828927 (21,21)
[1540] 2015/03/11 10:46:56.202 連線確認 E122828927 (21,21)
[1540] 2015/03/11 10:47:25.643 收到 Head 資訊 {Count 2} {Type B } 
[1540] 2015/03/11 10:47:56.215 連線確認 E122828927 (21,21)
[1540] 2015/03/11 10:48:33.825 收到 Head 資訊 {Count 2} {Type C } 
[1540] 2015/03/11 10:48:43.856 收到 Head 資訊 {Count 2} {Type C } 
[1540] 2015/03/11 10:48:56.229 連線確認 E122828927 (21,21)
[1540] 2015/03/11 10:49:56.242 連線確認 E122828927 (21,21)
[1540] 2015/03/11 10:50:56.257 連線確認 E122828927 (21,21)
[1540] 2015/03/11 10:51:04.043 收到 Head 資訊 {Count 2} {Type C } 
[1540] 2015/03/11 10:51:14.055 收到 Head 資訊 {Count 2} {Type C } 
[1540] 2015/03/11 10:51:24.050 收到 Head 資訊 {Count 2} {Type C } 
[1540] 2015/03/11 10:51:56.269 連線確認 E122828927 (21,21)
[1540] 2015/03/11 10:52:26.447 收到 Head 資訊 {Count 2} {Type B } 
[1540] 2015/03/11 10:52:56.284 連線確認 E122828927 (21,21)
[1540] 2015/03/11 10:53:56.297 連線確認 E122828927 (21,21)
[1540] 2015/03/11 10:54:13.910 收到 Head 資訊 {Count 2} {Type C } 
[1540] 2015/03/11 10:54:23.895 收到 Head 資訊 {Count 2} {Type C } 
[1540] 2015/03/11 10:54:56.311 連線確認 E122828927 (21,21)
[1540] 2015/03/11 10:55:56.324 連線確認 E122828927 (21,21)
[1540] 2015/03/11 10:56:56.338 連線確認 E122828927 (21,21)
[1540] 2015/03/11 10:57:27.484 收到 Head 資訊 {Count 2} {Type B } 
[1540] 2015/03/11 10:57:56.352 連線確認 E122828927 (21,21)
[1540] 2015/03/11 10:58:56.365 連線確認 E122828927 (21,21)
[1540] 2015/03/11 10:59:56.379 連線確認 E122828927 (21,21)
[1540] 2015/03/11 11:00:56.391 連線確認 E122828927 (21,21)
[1540] 2015/03/11 11:01:56.406 連線確認 E122828927 (21,21)
[1540] 2015/03/11 11:02:28.614 收到 Head 資訊 {Count 2} {Type B } 
[1540] 2015/03/11 11:02:56.419 連線確認 E122828927 (21,21)
[1540] 2015/03/11 11:03:56.433 連線確認 E122828927 (21,21)
[1540] 2015/03/11 11:04:56.446 連線確認 E122828927 (21,21)
[1540] 2015/03/11 11:05:56.459 連線確認 E122828927 (21,21)
[1540] 2015/03/11 11:06:56.474 連線確認 E122828927 (21,21)
[1540] 2015/03/11 11:07:29.969 收到 Head 資訊 {Count 2} {Type B } 
[1540] 2015/03/11 11:07:56.487 連線確認 E122828927 (21,21)
[1540] 2015/03/11 11:08:56.501 連線確認 E122828927 (21,21)
[1540] 2015/03/11 11:09:24.253 收到 Head 資訊 {Count 2} {Type C } 
[1540] 2015/03/11 11:09:34.257 收到 Head 資訊 {Count 2} {Type C } 
[1540] 2015/03/11 11:09:56.514 連線確認 E122828927 (21,21)
[1540] 2015/03/11 11:10:44.408 收到 Head 資訊 {Count 2} {Type C } 
[1540] 2015/03/11 11:10:54.419 收到 Head 資訊 {Count 2} {Type C } 
[1540] 2015/03/11 11:10:56.527 連線確認 E122828927 (21,21)
[1540] 2015/03/11 11:11:04.443 收到 Head 資訊 {Count 2} {Type C } 
[1540] 2015/03/11 11:11:14.468 收到 Head 資訊 {Count 2} {Type C } 
[1540] 2015/03/11 11:11:24.467 收到 Head 資訊 {Count 2} {Type C } 
[1540] 2015/03/11 11:11:34.274 收到 Head 資訊 {Count 2} {Type C } 
[1540] 2015/03/11 11:11:44.326 收到 Head 資訊 {Count 2} {Type C } 
[1540] 2015/03/11 11:11:54.360 收到 Head 資訊 {Count 2} {Type C } 
[1540] 2015/03/11 11:11:56.542 連線確認 E122828927 (21,21)
[1540] 2015/03/11 11:12:04.379 收到 Head 資訊 {Count 2} {Type C } 
[1540] 2015/03/11 11:12:30.975 收到 Head 資訊 {Count 2} {Type B } 
[1540] 2015/03/11 11:12:56.555 連線確認 E122828927 (21,21)
[1540] 2015/03/11 11:13:56.568 連線確認 E122828927 (21,21)
[1540] 2015/03/11 11:14:56.583 連線確認 E122828927 (21,21)
[1540] 2015/03/11 11:15:56.597 連線確認 E122828927 (21,21)
[1540] 2015/03/11 11:16:56.610 連線確認 E122828927 (21,21)
[1540] 2015/03/11 11:17:31.817 收到 Head 資訊 {Count 2} {Type B } 
[1540] 2015/03/11 11:17:56.622 連線確認 E122828927 (21,21)
[1540] 2015/03/11 11:18:56.636 連線確認 E122828927 (21,21)
[1540] 2015/03/11 11:19:56.650 連線確認 E122828927 (21,21)
[1540] 2015/03/11 11:20:56.663 連線確認 E122828927 (21,21)
[1540] 2015/03/11 11:21:56.677 連線確認 E122828927 (21,21)
[1540] 2015/03/11 11:22:32.964 收到 Head 資訊 {Count 2} {Type B } 
[1540] 2015/03/11 11:22:56.690 連線確認 E122828927 (21,21)
[1540] 2015/03/11 11:23:56.705 連線確認 E122828927 (21,21)
[1540] 2015/03/11 11:24:56.718 連線確認 E122828927 (21,21)
[1540] 2015/03/11 11:25:56.732 連線確認 E122828927 (21,21)
[1540] 2015/03/11 11:26:56.746 連線確認 E122828927 (21,21)
[1540] 2015/03/11 11:27:33.964 收到 Head 資訊 {Count 2} {Type B } 
[1540] 2015/03/11 11:27:56.758 連線確認 E122828927 (21,21)
[1540] 2015/03/11 11:28:56.773 連線確認 E122828927 (21,21)
[1540] 2015/03/11 11:29:56.785 連線確認 E122828927 (21,21)
[1540] 2015/03/11 11:30:44.531 收到 Head 資訊 {Count 2} {Type C } 
[1540] 2015/03/11 11:30:54.566 收到 Head 資訊 {Count 2} {Type C } 
[1540] 2015/03/11 11:30:56.800 連線確認 E122828927 (21,21)
[1540] 2015/03/11 11:31:56.812 連線確認 E122828927 (21,21)
[1540] 2015/03/11 11:32:34.844 收到 Head 資訊 {Count 2} {Type B } 
[1540] 2015/03/11 11:32:56.827 連線確認 E122828927 (21,21)
[1540] 2015/03/11 11:33:56.840 連線確認 E122828927 (21,21)
[1540] 2015/03/11 11:34:13.440 收到 Head 資訊 {Count 2} {Type C } 
[1540] 2015/03/11 11:34:56.854 連線確認 E122828927 (21,21)
[1540] 2015/03/11 11:35:56.868 連線確認 E122828927 (21,21)
[1540] 2015/03/11 11:36:56.881 連線確認 E122828927 (21,21)
[1540] 2015/03/11 11:37:35.362 收到 Head 資訊 {Count 2} {Type B } 
[1540] 2015/03/11 11:37:56.895 連線確認 E122828927 (21,21)
[1540] 2015/03/11 11:38:56.909 連線確認 E122828927 (21,21)
[1540] 2015/03/11 11:39:56.922 連線確認 E122828927 (21,21)
[1540] 2015/03/11 11:40:56.935 連線確認 E122828927 (21,21)
[1540] 2015/03/11 11:41:56.949 連線確認 E122828927 (21,21)
[1540] 2015/03/11 11:42:36.415 收到 Head 資訊 {Count 2} {Type B } 
[1540] 2015/03/11 11:42:56.963 連線確認 E122828927 (21,21)
[1540] 2015/03/11 11:43:56.977 連線確認 E122828927 (21,21)
[1540] 2015/03/11 11:44:56.989 連線確認 E122828927 (21,21)
[1540] 2015/03/11 11:45:57.004 連線確認 E122828927 (21,21)
[1540] 2015/03/11 11:46:57.016 連線確認 E122828927 (21,21)
[1540] 2015/03/11 11:47:37.407 收到 Head 資訊 {Count 2} {Type B } 
[1540] 2015/03/11 11:47:57.030 連線確認 E122828927 (21,21)
[1540] 2015/03/11 11:48:57.045 連線確認 E122828927 (21,21)
[1540] 2015/03/11 11:49:57.059 連線確認 E122828927 (21,21)
[1540] 2015/03/11 11:50:43.013 收到 Head 資訊 {Count 2} {Type C } 
[1540] 2015/03/11 11:50:43.223 收到 Head 資訊 {Count 2} {Type C } 
[1540] 2015/03/11 11:50:53.101 收到 Head 資訊 {Count 2} {Type C } 
[1540] 2015/03/11 11:50:57.072 連線確認 E122828927 (21,21)
[1540] 2015/03/11 11:51:02.920 收到 Head 資訊 {Count 2} {Type C } 
[1540] 2015/03/11 11:51:57.084 連線確認 E122828927 (21,21)
[1540] 2015/03/11 11:52:38.200 收到 Head 資訊 {Count 2} {Type B } 
[1540] 2015/03/11 11:52:57.098 連線確認 E122828927 (21,21)
[1540] 2015/03/11 11:53:57.111 連線確認 E122828927 (21,21)
[1540] 2015/03/11 11:54:12.867 收到 Head 資訊 {Count 2} {Type C } 
[1540] 2015/03/11 11:54:57.125 連線確認 E122828927 (21,21)
[1540] 2015/03/11 11:55:57.139 連線確認 E122828927 (21,21)
[1540] 2015/03/11 11:56:57.152 連線確認 E122828927 (21,21)
[1540] 2015/03/11 11:57:39.314 收到 Head 資訊 {Count 2} {Type B } 
[1540] 2015/03/11 11:57:57.167 連線確認 E122828927 (21,21)
[1540] 2015/03/11 11:58:57.180 連線確認 E122828927 (21,21)
[1540] 2015/03/11 11:59:57.193 連線確認 E122828927 (21,21)
[1540] 2015/03/11 12:00:57.208 連線確認 E122828927 (21,21)
[1540] 2015/03/11 12:01:57.220 連線確認 E122828927 (21,21)
[1540] 2015/03/11 12:02:40.227 收到 Head 資訊 {Count 2} {Type B } 
[1540] 2015/03/11 12:02:57.234 連線確認 E122828927 (21,21)
[1540] 2015/03/11 12:03:57.248 連線確認 E122828927 (21,21)
[1540] 2015/03/11 12:04:57.261 連線確認 E122828927 (21,21)
[1540] 2015/03/11 12:05:57.275 連線確認 E122828927 (21,21)
[1540] 2015/03/11 12:06:57.290 連線確認 E122828927 (21,21)
[1540] 2015/03/11 12:07:40.994 收到 Head 資訊 {Count 2} {Type B } 
[1540] 2015/03/11 12:07:57.303 連線確認 E122828927 (21,21)
[1540] 2015/03/11 12:08:57.316 連線確認 E122828927 (21,21)
[1540] 2015/03/11 12:09:57.330 連線確認 E122828927 (21,21)
[1540] 2015/03/11 12:10:22.928 收到 Head 資訊 {Count 2} {Type C } 
[1540] 2015/03/11 12:10:32.959 收到 Head 資訊 {Count 2} {Type C } 
[1540] 2015/03/11 12:10:42.975 收到 Head 資訊 {Count 2} {Type C } 
[1540] 2015/03/11 12:10:52.983 收到 Head 資訊 {Count 2} {Type C } 
[1540] 2015/03/11 12:10:57.342 連線確認 E122828927 (21,21)
[1540] 2015/03/11 12:11:02.975 收到 Head 資訊 {Count 2} {Type C } 
[1540] 2015/03/11 12:11:57.357 連線確認 E122828927 (21,21)
[1540] 2015/03/11 12:12:41.954 收到 Head 資訊 {Count 2} {Type B } 
[1540] 2015/03/11 12:12:57.370 連線確認 E122828927 (21,21)
[1540] 2015/03/11 12:13:57.383 連線確認 E122828927 (21,21)
[1540] 2015/03/11 12:14:12.821 收到 Head 資訊 {Count 2} {Type C } 
[1540] 2015/03/11 12:14:22.816 收到 Head 資訊 {Count 2} {Type C } 
[1540] 2015/03/11 12:14:32.844 收到 Head 資訊 {Count 2} {Type C } 
[1540] 2015/03/11 12:14:42.880 收到 Head 資訊 {Count 2} {Type C } 
[1540] 2015/03/11 12:14:56.557 收到 Head 資訊 {Count 2} {Type A } 
[1540] 2015/03/11 12:14:56.559 2300000033646OFNNF0200001709003B13OSE    JNM   201503       N             x32769999999999999000000000+00000000000000000000000000000000000000000000000000100000001201503111220520000123500000008706g
[1540] 2015/03/11 12:14:56.764 收到 Head 資訊 {Count 2} {Type A } 
[1540] 2015/03/11 12:14:56.766              OFDNF0200001709003B10OSE    JNM   201503                     x32760001883000000000000000000000000000000000000000000000000000000000000000000100010000201503111220520000123600000008706g
[1540] 2015/03/11 12:14:57.398 連線確認 E122828927 (21,21)
[1540] 2015/03/11 12:15:57.410 連線確認 E122828927 (21,21)
[1540] 2015/03/11 12:16:57.424 連線確認 E122828927 (21,21)
[1540] 2015/03/11 12:17:43.024 收到 Head 資訊 {Count 2} {Type B } 
[1540] 2015/03/11 12:17:57.438 連線確認 E122828927 (21,21)
[1540] 2015/03/11 12:18:57.451 連線確認 E122828927 (21,21)
[1540] 2015/03/11 12:19:57.465 連線確認 E122828927 (21,21)
[1540] 2015/03/11 12:21:06.503 連線確認 E122828927 (21,21)
[1540] 2015/03/11 12:22:06.509 連線確認 E122828927 (21,21)
[1540] 2015/03/11 12:22:44.024 收到 Head 資訊 {Count 2} {Type B } 
[1540] 2015/03/11 12:23:06.522 連線確認 E122828927 (21,21)
[1540] 2015/03/11 12:24:06.536 連線確認 E122828927 (21,21)
[1540] 2015/03/11 12:25:06.549 連線確認 E122828927 (21,21)
[1540] 2015/03/11 12:26:06.564 連線確認 E122828927 (21,21)
[1540] 2015/03/11 12:27:06.577 連線確認 E122828927 (21,21)
[1540] 2015/03/11 12:27:45.051 收到 Head 資訊 {Count 2} {Type B } 
[1540] 2015/03/11 12:28:06.591 連線確認 E122828927 (21,21)
[1540] 2015/03/11 12:29:06.605 連線確認 E122828927 (21,21)
[1540] 2015/03/11 12:30:06.618 連線確認 E122828927 (21,21)
[1540] 2015/03/11 12:30:23.076 收到 Head 資訊 {Count 2} {Type C } 
[1540] 2015/03/11 12:30:33.094 收到 Head 資訊 {Count 2} {Type C } 
[1540] 2015/03/11 12:30:43.124 收到 Head 資訊 {Count 2} {Type C } 
[1540] 2015/03/11 12:30:53.160 收到 Head 資訊 {Count 2} {Type C } 
[1540] 2015/03/11 12:31:03.188 收到 Head 資訊 {Count 2} {Type C } 
[1540] 2015/03/11 12:31:06.632 連線確認 E122828927 (21,21)
[1540] 2015/03/11 12:32:06.644 連線確認 E122828927 (21,21)
[1540] 2015/03/11 12:32:46.043 收到 Head 資訊 {Count 2} {Type B } 
[1540] 2015/03/11 12:33:06.659 連線確認 E122828927 (21,21)
[1540] 2015/03/11 12:34:06.672 連線確認 E122828927 (21,21)
[1540] 2015/03/11 12:34:12.974 收到 Head 資訊 {Count 2} {Type C } 
[1540] 2015/03/11 12:35:06.686 連線確認 E122828927 (21,21)
[1540] 2015/03/11 12:36:06.700 連線確認 E122828927 (21,21)
[1540] 2015/03/11 12:37:06.712 連線確認 E122828927 (21,21)
[1540] 2015/03/11 12:37:47.206 收到 Head 資訊 {Count 2} {Type B } 
[1540] 2015/03/11 12:38:06.727 連線確認 E122828927 (21,21)
[1540] 2015/03/11 12:39:06.741 連線確認 E122828927 (21,21)
[1540] 2015/03/11 12:40:06.754 連線確認 E122828927 (21,21)
[1540] 2015/03/11 12:41:06.768 連線確認 E122828927 (21,21)
[1540] 2015/03/11 12:42:06.781 連線確認 E122828927 (21,21)
[1540] 2015/03/11 12:42:48.328 收到 Head 資訊 {Count 2} {Type B } 
[1540] 2015/03/11 12:43:06.794 連線確認 E122828927 (21,21)
[1540] 2015/03/11 12:44:06.808 連線確認 E122828927 (21,21)
[1540] 2015/03/11 12:45:06.823 連線確認 E122828927 (21,21)
[1540] 2015/03/11 12:46:06.835 連線確認 E122828927 (21,21)
[1540] 2015/03/11 12:47:06.849 連線確認 E122828927 (21,21)
[1540] 2015/03/11 12:47:49.205 收到 Head 資訊 {Count 2} {Type B } 
[1540] 2015/03/11 12:48:06.862 連線確認 E122828927 (21,21)
[1540] 2015/03/11 12:49:06.876 連線確認 E122828927 (21,21)
[1540] 2015/03/11 12:49:53.339 收到 Head 資訊 {Count 2} {Type C } 
[1540] 2015/03/11 12:50:03.343 收到 Head 資訊 {Count 2} {Type C } 
[1540] 2015/03/11 12:50:06.890 連線確認 E122828927 (21,21)
[1540] 2015/03/11 12:50:13.344 收到 Head 資訊 {Count 2} {Type C } 
[1540] 2015/03/11 12:50:23.352 收到 Head 資訊 {Count 2} {Type C } 
[1540] 2015/03/11 12:50:33.338 收到 Head 資訊 {Count 2} {Type C } 
[1540] 2015/03/11 12:50:43.354 收到 Head 資訊 {Count 2} {Type C } 
[1540] 2015/03/11 12:50:53.371 收到 Head 資訊 {Count 2} {Type C } 
[1540] 2015/03/11 12:51:06.902 連線確認 E122828927 (21,21)
[1540] 2015/03/11 12:52:06.917 連線確認 E122828927 (21,21)
[1540] 2015/03/11 12:52:50.209 收到 Head 資訊 {Count 2} {Type B } 
[1540] 2015/03/11 12:53:06.931 連線確認 E122828927 (21,21)
[1540] 2015/03/11 12:54:06.943 連線確認 E122828927 (21,21)
[1540] 2015/03/11 12:54:13.397 收到 Head 資訊 {Count 2} {Type C } 
[1540] 2015/03/11 12:55:06.958 連線確認 E122828927 (21,21)
[1540] 2015/03/11 12:56:06.971 連線確認 E122828927 (21,21)
[1540] 2015/03/11 12:57:06.985 連線確認 E122828927 (21,21)
[1540] 2015/03/11 12:57:51.196 收到 Head 資訊 {Count 2} {Type B } 
[1540] 2015/03/11 12:58:06.999 連線確認 E122828927 (21,21)
[1540] 2015/03/11 12:59:07.012 連線確認 E122828927 (21,21)
[1540] 2015/03/11 13:00:07.026 連線確認 E122828927 (21,21)
[1540] 2015/03/11 13:01:07.038 連線確認 E122828927 (21,21)
[1540] 2015/03/11 13:02:07.053 連線確認 E122828927 (21,21)
[1540] 2015/03/11 13:02:52.116 收到 Head 資訊 {Count 2} {Type B } 
[1540] 2015/03/11 13:03:07.066 連線確認 E122828927 (21,21)
[1540] 2015/03/11 13:04:07.079 連線確認 E122828927 (21,21)
[1540] 2015/03/11 13:05:07.093 連線確認 E122828927 (21,21)
[1540] 2015/03/11 13:06:07.107 連線確認 E122828927 (21,21)
[1540] 2015/03/11 13:07:07.121 連線確認 E122828927 (21,21)
[1540] 2015/03/11 13:07:53.038 收到 Head 資訊 {Count 2} {Type B } 
[1540] 2015/03/11 13:08:07.134 連線確認 E122828927 (21,21)
[1540] 2015/03/11 13:09:07.148 連線確認 E122828927 (21,21)
[1540] 2015/03/11 13:09:43.568 收到 Head 資訊 {Count 2} {Type C } 
[1540] 2015/03/11 13:09:53.564 收到 Head 資訊 {Count 2} {Type C } 
[1540] 2015/03/11 13:10:07.160 連線確認 E122828927 (21,21)
[1540] 2015/03/11 13:11:07.176 連線確認 E122828927 (21,21)
[1540] 2015/03/11 13:12:07.189 連線確認 E122828927 (21,21)
[1540] 2015/03/11 13:12:54.138 收到 Head 資訊 {Count 2} {Type B } 
[1540] 2015/03/11 13:13:07.201 連線確認 E122828927 (21,21)
[1540] 2015/03/11 13:14:07.216 連線確認 E122828927 (21,21)
[1540] 2015/03/11 13:14:13.264 收到 Head 資訊 {Count 2} {Type C } 
[1540] 2015/03/11 13:14:23.414 收到 Head 資訊 {Count 2} {Type C } 
[1540] 2015/03/11 13:15:07.228 連線確認 E122828927 (21,21)
[1540] 2015/03/11 13:16:07.244 連線確認 E122828927 (21,21)
[1540] 2015/03/11 13:17:07.256 連線確認 E122828927 (21,21)
[1540] 2015/03/11 13:17:55.198 收到 Head 資訊 {Count 2} {Type B } 
[1540] 2015/03/11 13:18:07.270 連線確認 E122828927 (21,21)
[1540] 2015/03/11 13:19:07.284 連線確認 E122828927 (21,21)
[1540] 2015/03/11 13:20:07.297 連線確認 E122828927 (21,21)
[1540] 2015/03/11 13:21:07.311 連線確認 E122828927 (21,21)
[1540] 2015/03/11 13:22:07.323 連線確認 E122828927 (21,21)
[1540] 2015/03/11 13:22:56.181 收到 Head 資訊 {Count 2} {Type B } 
[1540] 2015/03/11 13:23:07.338 連線確認 E122828927 (21,21)
[1540] 2015/03/11 13:24:07.351 連線確認 E122828927 (21,21)
[1540] 2015/03/11 13:25:07.366 連線確認 E122828927 (21,21)
[1540] 2015/03/11 13:26:07.379 連線確認 E122828927 (21,21)
[1540] 2015/03/11 13:27:07.392 連線確認 E122828927 (21,21)
[1540] 2015/03/11 13:28:07.503 連線確認 E122828927 (21,21)
[1540] 2015/03/11 13:28:18.117 收到 Head 資訊 {Count 2} {Type B } 
[1540] 2015/03/11 13:29:07.513 連線確認 E122828927 (21,21)
[1540] 2015/03/11 13:29:34.216 收到 Head 資訊 {Count 2} {Type C } 
[1540] 2015/03/11 13:29:44.158 收到 Head 資訊 {Count 2} {Type C } 
[1540] 2015/03/11 13:30:07.526 連線確認 E122828927 (21,21)
[1540] 2015/03/11 13:31:07.540 連線確認 E122828927 (21,21)
[1540] 2015/03/11 13:32:07.554 連線確認 E122828927 (21,21)
[1540] 2015/03/11 13:32:58.753 收到 Head 資訊 {Count 2} {Type B } 
[1540] 2015/03/11 13:33:07.568 連線確認 E122828927 (21,21)
[1540] 2015/03/11 13:34:07.580 連線確認 E122828927 (21,21)
[1540] 2015/03/11 13:34:14.065 收到 Head 資訊 {Count 2} {Type C } 
[1540] 2015/03/11 13:35:07.595 連線確認 E122828927 (21,21)
[1540] 2015/03/11 13:36:07.608 連線確認 E122828927 (21,21)
[1540] 2015/03/11 13:37:07.622 連線確認 E122828927 (21,21)
[1540] 2015/03/11 13:37:59.801 收到 Head 資訊 {Count 2} {Type B } 
[1540] 2015/03/11 13:38:07.636 連線確認 E122828927 (21,21)
[1540] 2015/03/11 13:39:07.648 連線確認 E122828927 (21,21)
[1540] 2015/03/11 13:40:07.662 連線確認 E122828927 (21,21)
[1540] 2015/03/11 13:41:07.675 連線確認 E122828927 (21,21)
[1540] 2015/03/11 13:42:07.690 連線確認 E122828927 (21,21)
[1540] 2015/03/11 13:43:00.717 收到 Head 資訊 {Count 2} {Type B } 
[1540] 2015/03/11 13:43:07.703 連線確認 E122828927 (21,21)
[1540] 2015/03/11 13:44:07.717 連線確認 E122828927 (21,21)
[1540] 2015/03/11 13:45:07.731 連線確認 E122828927 (21,21)
[1540] 2015/03/11 13:46:07.744 連線確認 E122828927 (21,21)
[1540] 2015/03/11 13:47:07.757 連線確認 E122828927 (21,21)
[1540] 2015/03/11 13:48:01.666 收到 Head 資訊 {Count 2} {Type B } 
[1540] 2015/03/11 13:48:07.772 連線確認 E122828927 (21,21)
[1540] 2015/03/11 13:48:18.503 收到 Head 資訊 {Count 2} {Type A } 
[1540] 2015/03/11 13:48:18.504 2300000033956OFNNF0200001709003S13OSE    JNM   201503       N             x41309999999999999000000000+00000000000000000000000000000000000000000000000000400000004201503111354130000163700000008706g
[1540] 2015/03/11 13:48:18.704 收到 Head 資訊 {Count 2} {Type A } 
[1540] 2015/03/11 13:48:18.706              OFDNF0200001709003S10OSE    JNM   201503                     x41300001872500000000000000000000000000000000000000000000000000000000000000000400040000201503111354130000163800000008706g
[1540] 2015/03/11 13:49:07.784 連線確認 E122828927 (21,21)
[1540] 2015/03/11 13:49:34.274 收到 Head 資訊 {Count 2} {Type C } 
[1540] 2015/03/11 13:49:44.302 收到 Head 資訊 {Count 2} {Type C } 
[1540] 2015/03/11 13:49:54.223 收到 Head 資訊 {Count 2} {Type C } 
[1540] 2015/03/11 13:50:04.330 收到 Head 資訊 {Count 2} {Type C } 
[1540] 2015/03/11 13:50:07.798 連線確認 E122828927 (21,21)
[1540] 2015/03/11 13:50:12.735 收到 Head 資訊 {Count 2} {Type A } 
[1540] 2015/03/11 13:50:12.737 2300000033977OFNNF0200001709003S13OSE    JNM   201503       N             x41589999999999999000000000+00000000000000000000000000000000000000000000000000100000001201503111356070000165100000008706g
[1540] 2015/03/11 13:50:12.936 收到 Head 資訊 {Count 2} {Type A } 
[1540] 2015/03/11 13:50:12.938              OFDNF0200001709003S10OSE    JNM   201503                     x41580001872500000000000000000000000000000000000000000000000000000000000000000100010000201503111356070000165200000008706g
[1540] 2015/03/11 13:50:14.259 收到 Head 資訊 {Count 2} {Type C } 
[1540] 2015/03/11 13:50:24.204 收到 Head 資訊 {Count 2} {Type C } 
[1540] 2015/03/11 13:51:07.811 連線確認 E122828927 (21,21)
[1540] 2015/03/11 13:52:07.825 連線確認 E122828927 (21,21)
[1540] 2015/03/11 13:53:02.696 收到 Head 資訊 {Count 2} {Type B } 
[1540] 2015/03/11 13:53:07.838 連線確認 E122828927 (21,21)
[1540] 2015/03/11 13:54:07.852 連線確認 E122828927 (21,21)
[1540] 2015/03/11 13:54:14.144 收到 Head 資訊 {Count 2} {Type C } 
[1540] 2015/03/11 13:54:24.113 收到 Head 資訊 {Count 2} {Type C } 
[1540] 2015/03/11 13:55:07.867 連線確認 E122828927 (21,21)
[1540] 2015/03/11 13:56:07.879 連線確認 E122828927 (21,21)
[1540] 2015/03/11 13:57:07.893 連線確認 E122828927 (21,21)
[1540] 2015/03/11 13:58:03.714 收到 Head 資訊 {Count 2} {Type B } 
[1540] 2015/03/11 13:58:07.907 連線確認 E122828927 (21,21)
[1540] 2015/03/11 13:59:07.920 連線確認 E122828927 (21,21)
[1540] 2015/03/11 14:00:07.935 連線確認 E122828927 (21,21)
[1540] 2015/03/11 14:01:07.947 連線確認 E122828927 (21,21)
[1540] 2015/03/11 14:01:49.068 收到 Head 資訊 {Count 2} {Type A } 
[1540] 2015/03/11 14:01:49.070 2300000034023OFNNF0200001709003S13OSE    JNM   201503       N             x42599999999999999000000000+00000000000000000000000000000000000000000000000000100000001201503111407440000172400000008706g
[1540] 2015/03/11 14:01:49.273 收到 Head 資訊 {Count 2} {Type A } 
[1540] 2015/03/11 14:01:49.275              OFDNF0200001709003S10OSE    JNM   201503                     x42590001867500000000000000000000000000000000000000000000000000000000000000000100010000201503111407440000172500000008706g
[1540] 2015/03/11 14:02:07.961 連線確認 E122828927 (21,21)
[1540] 2015/03/11 14:03:04.599 收到 Head 資訊 {Count 2} {Type B } 
[1540] 2015/03/11 14:03:07.975 連線確認 E122828927 (21,21)
[1540] 2015/03/11 14:04:07.988 連線確認 E122828927 (21,21)
[1540] 2015/03/11 14:05:08.003 連線確認 E122828927 (21,21)
[1540] 2015/03/11 14:06:08.016 連線確認 E122828927 (21,21)
[1540] 2015/03/11 14:07:08.029 連線確認 E122828927 (21,21)
[1540] 2015/03/11 14:08:05.633 收到 Head 資訊 {Count 2} {Type B } 
[1540] 2015/03/11 14:08:08.042 連線確認 E122828927 (21,21)
[1540] 2015/03/11 14:09:08.057 連線確認 E122828927 (21,21)
[1540] 2015/03/11 14:09:34.195 收到 Head 資訊 {Count 2} {Type C } 
[1540] 2015/03/11 14:09:44.241 收到 Head 資訊 {Count 2} {Type C } 
[1540] 2015/03/11 14:09:54.175 收到 Head 資訊 {Count 2} {Type C } 
[1540] 2015/03/11 14:10:04.200 收到 Head 資訊 {Count 2} {Type C } 
[1540] 2015/03/11 14:10:08.070 連線確認 E122828927 (21,21)
[1540] 2015/03/11 14:10:14.245 收到 Head 資訊 {Count 2} {Type C } 
[1540] 2015/03/11 14:10:24.216 收到 Head 資訊 {Count 2} {Type C } 
[1540] 2015/03/11 14:10:34.264 收到 Head 資訊 {Count 2} {Type C } 
[1540] 2015/03/11 14:10:44.193 收到 Head 資訊 {Count 2} {Type C } 
[1540] 2015/03/11 14:10:54.249 收到 Head 資訊 {Count 2} {Type C } 
[1540] 2015/03/11 14:11:04.261 收到 Head 資訊 {Count 2} {Type C } 
[1540] 2015/03/11 14:11:08.083 連線確認 E122828927 (21,21)
[1540] 2015/03/11 14:11:14.286 收到 Head 資訊 {Count 2} {Type C } 
[1540] 2015/03/11 14:11:24.181 收到 Head 資訊 {Count 2} {Type C } 
[1540] 2015/03/11 14:12:08.098 連線確認 E122828927 (21,21)
[1540] 2015/03/11 14:13:06.660 收到 Head 資訊 {Count 2} {Type B } 
[1540] 2015/03/11 14:13:08.111 連線確認 E122828927 (21,21)
[1540] 2015/03/11 14:14:08.124 連線確認 E122828927 (21,21)
[1540] 2015/03/11 14:14:12.814 收到 Head 資訊 {Count 2} {Type C } 
[1540] 2015/03/11 14:14:22.778 收到 Head 資訊 {Count 2} {Type C } 
[1540] 2015/03/11 14:15:08.137 連線確認 E122828927 (21,21)
[1540] 2015/03/11 14:16:08.151 連線確認 E122828927 (21,21)
[1540] 2015/03/11 14:17:08.166 連線確認 E122828927 (21,21)
[1540] 2015/03/11 14:18:07.185 收到 Head 資訊 {Count 2} {Type B } 
[1540] 2015/03/11 14:18:08.179 連線確認 E122828927 (21,21)
[1540] 2015/03/11 14:19:08.193 連線確認 E122828927 (21,21)
[1540] 2015/03/11 14:20:08.205 連線確認 E122828927 (21,21)
[1540] 2015/03/11 14:21:08.219 連線確認 E122828927 (21,21)
[1540] 2015/03/11 14:22:08.233 連線確認 E122828927 (21,21)
[1540] 2015/03/11 14:23:08.229 收到 Head 資訊 {Count 2} {Type B } 
[1540] 2015/03/11 14:23:08.246 連線確認 E122828927 (21,21)
[1540] 2015/03/11 14:24:08.260 連線確認 E122828927 (21,21)
[1540] 2015/03/11 14:25:08.274 連線確認 E122828927 (21,21)
[1540] 2015/03/11 14:26:08.287 連線確認 E122828927 (21,21)
[1540] 2015/03/11 14:27:08.301 連線確認 E122828927 (21,21)
[1540] 2015/03/11 14:28:08.315 連線確認 E122828927 (21,21)
[1540] 2015/03/11 14:28:09.145 收到 Head 資訊 {Count 2} {Type B } 
[1540] 2015/03/11 14:29:08.329 連線確認 E122828927 (21,21)
[1540] 2015/03/11 14:29:33.223 收到 Head 資訊 {Count 2} {Type C } 
[1540] 2015/03/11 14:29:43.256 收到 Head 資訊 {Count 2} {Type C } 
[1540] 2015/03/11 14:29:53.228 收到 Head 資訊 {Count 2} {Type C } 
[1540] 2015/03/11 14:30:03.307 收到 Head 資訊 {Count 2} {Type C } 
[1540] 2015/03/11 14:30:08.341 連線確認 E122828927 (21,21)
[1540] 2015/03/11 14:30:13.257 收到 Head 資訊 {Count 2} {Type C } 
[1540] 2015/03/11 14:30:23.330 收到 Head 資訊 {Count 2} {Type C } 
[1540] 2015/03/11 14:31:08.354 連線確認 E122828927 (21,21)
[1540] 2015/03/11 14:32:08.368 連線確認 E122828927 (21,21)
[1540] 2015/03/11 14:33:08.383 連線確認 E122828927 (21,21)
[1540] 2015/03/11 14:33:10.496 收到 Head 資訊 {Count 2} {Type B } 
[1540] 2015/03/11 14:34:08.397 連線確認 E122828927 (21,21)
[1540] 2015/03/11 14:34:13.266 收到 Head 資訊 {Count 2} {Type C } 
[1540] 2015/03/11 14:35:08.410 連線確認 E122828927 (21,21)
[1540] 2015/03/11 14:36:08.423 連線確認 E122828927 (21,21)
[1540] 2015/03/11 14:37:08.436 連線確認 E122828927 (21,21)
[1540] 2015/03/11 14:38:08.450 連線確認 E122828927 (21,21)
[1540] 2015/03/11 14:38:11.499 收到 Head 資訊 {Count 2} {Type B } 
[1540] 2015/03/11 14:39:08.463 連線確認 E122828927 (21,21)
[1540] 2015/03/11 14:40:08.477 連線確認 E122828927 (21,21)
[1540] 2015/03/11 14:41:08.492 連線確認 E122828927 (21,21)
[1540] 2015/03/11 14:42:08.505 連線確認 E122828927 (21,21)
[1540] 2015/03/11 14:43:08.519 連線確認 E122828927 (21,21)
[1540] 2015/03/11 14:43:12.591 收到 Head 資訊 {Count 2} {Type B } 
[1540] 2015/03/11 14:44:08.532 連線確認 E122828927 (21,21)
[1540] 2015/03/11 14:45:08.545 連線確認 E122828927 (21,21)
[1540] 2015/03/11 14:46:08.560 連線確認 E122828927 (21,21)
[1540] 2015/03/11 14:47:08.573 連線確認 E122828927 (21,21)
[1540] 2015/03/11 14:48:08.587 連線確認 E122828927 (21,21)
[1540] 2015/03/11 14:48:13.528 收到 Head 資訊 {Count 2} {Type B } 
[1540] 2015/03/11 14:49:08.599 連線確認 E122828927 (21,21)
[1540] 2015/03/11 14:49:33.475 收到 Head 資訊 {Count 2} {Type C } 
[1540] 2015/03/11 14:49:43.469 收到 Head 資訊 {Count 2} {Type C } 
[1540] 2015/03/11 14:49:53.480 收到 Head 資訊 {Count 2} {Type C } 
[1540] 2015/03/11 14:50:03.468 收到 Head 資訊 {Count 2} {Type C } 
[1540] 2015/03/11 14:50:08.613 連線確認 E122828927 (21,21)
[1540] 2015/03/11 14:50:13.468 收到 Head 資訊 {Count 2} {Type C } 
[1540] 2015/03/11 14:50:23.472 收到 Head 資訊 {Count 2} {Type C } 
[1540] 2015/03/11 14:51:08.626 連線確認 E122828927 (21,21)
[1540] 2015/03/11 14:52:08.641 連線確認 E122828927 (21,21)
[1540] 2015/03/11 14:53:08.654 連線確認 E122828927 (21,21)
[1540] 2015/03/11 14:53:14.531 收到 Head 資訊 {Count 2} {Type B } 
[1540] 2015/03/11 14:54:08.668 連線確認 E122828927 (21,21)
[1540] 2015/03/11 14:54:13.444 收到 Head 資訊 {Count 2} {Type C } 
[1540] 2015/03/11 14:54:23.448 收到 Head 資訊 {Count 2} {Type C } 
[1540] 2015/03/11 14:54:42.789 收到 Head 資訊 {Count 2} {Type C } 
[1540] 2015/03/11 14:54:42.991 收到 Head 資訊 {Count 2} {Type C } 
[1540] 2015/03/11 14:55:08.681 連線確認 E122828927 (21,21)
[1540] 2015/03/11 14:56:08.695 連線確認 E122828927 (21,21)
[1540] 2015/03/11 14:57:08.708 連線確認 E122828927 (21,21)
[1540] 2015/03/11 14:58:08.723 連線確認 E122828927 (21,21)
[1540] 2015/03/11 14:58:15.029 收到 Head 資訊 {Count 2} {Type B } 
[1540] 2015/03/11 14:59:08.735 連線確認 E122828927 (21,21)
[1540] 2015/03/11 15:00:08.749 連線確認 E122828927 (21,21)
[1540] 2015/03/11 15:01:08.763 連線確認 E122828927 (21,21)
[1540] 2015/03/11 15:02:08.776 連線確認 E122828927 (21,21)
[1540] 2015/03/11 15:03:08.791 連線確認 E122828927 (21,21)
[1540] 2015/03/11 15:03:16.061 收到 Head 資訊 {Count 2} {Type B } 
[1540] 2015/03/11 15:04:08.803 連線確認 E122828927 (21,21)
[1540] 2015/03/11 15:05:08.818 連線確認 E122828927 (21,21)
[1540] 2015/03/11 15:06:08.831 連線確認 E122828927 (21,21)
[1540] 2015/03/11 15:07:08.845 連線確認 E122828927 (21,21)
[1540] 2015/03/11 15:08:08.857 連線確認 E122828927 (21,21)
[1540] 2015/03/11 15:08:17.067 收到 Head 資訊 {Count 2} {Type B } 
[1540] 2015/03/11 15:09:08.872 連線確認 E122828927 (21,21)
[1540] 2015/03/11 15:09:55.863 收到 Head 資訊 {Count 2} {Type C } 
[1540] 2015/03/11 15:10:03.816 收到 Head 資訊 {Count 2} {Type C } 
[1540] 2015/03/11 15:10:08.886 連線確認 E122828927 (21,21)
[1540] 2015/03/11 15:10:13.789 收到 Head 資訊 {Count 2} {Type C } 
[1540] 2015/03/11 15:10:23.821 收到 Head 資訊 {Count 2} {Type C } 
[1540] 2015/03/11 15:10:33.866 收到 Head 資訊 {Count 2} {Type C } 
[1540] 2015/03/11 15:10:43.812 收到 Head 資訊 {Count 2} {Type C } 
[1540] 2015/03/11 15:11:08.899 連線確認 E122828927 (21,21)
[1540] 2015/03/11 15:12:08.911 連線確認 E122828927 (21,21)
[1540] 2015/03/11 15:13:08.926 連線確認 E122828927 (21,21)
[1540] 2015/03/11 15:13:18.719 收到 Head 資訊 {Count 2} {Type B } 
[1540] 2015/03/11 15:14:08.940 連線確認 E122828927 (21,21)
[1540] 2015/03/11 15:14:13.732 收到 Head 資訊 {Count 2} {Type C } 
[1540] 2015/03/11 15:14:23.715 收到 Head 資訊 {Count 2} {Type C } 
[1540] 2015/03/11 15:14:33.778 收到 Head 資訊 {Count 2} {Type C } 
[1540] 2015/03/11 15:15:08.953 連線確認 E122828927 (21,21)
[1540] 2015/03/11 15:16:08.966 連線確認 E122828927 (21,21)
[1540] 2015/03/11 15:17:08.980 連線確認 E122828927 (21,21)
[1540] 2015/03/11 15:18:08.994 連線確認 E122828927 (21,21)
[1540] 2015/03/11 15:18:19.750 收到 Head 資訊 {Count 2} {Type B } 
[1540] 2015/03/11 15:19:09.007 連線確認 E122828927 (21,21)
[1540] 2015/03/11 15:20:09.021 連線確認 E122828927 (21,21)
[1540] 2015/03/11 15:21:09.034 連線確認 E122828927 (21,21)
[1540] 2015/03/11 15:22:09.049 連線確認 E122828927 (21,21)
[1540] 2015/03/11 15:23:09.061 連線確認 E122828927 (21,21)
[1540] 2015/03/11 15:23:20.723 收到 Head 資訊 {Count 2} {Type B } 
[1540] 2015/03/11 15:24:09.075 連線確認 E122828927 (21,21)
[1540] 2015/03/11 15:25:09.089 連線確認 E122828927 (21,21)
[1540] 2015/03/11 15:26:09.102 連線確認 E122828927 (21,21)
[1540] 2015/03/11 15:27:09.117 連線確認 E122828927 (21,21)
[1540] 2015/03/11 15:28:09.130 連線確認 E122828927 (21,21)
[1540] 2015/03/11 15:28:21.669 收到 Head 資訊 {Count 2} {Type B } 
[1540] 2015/03/11 15:29:09.143 連線確認 E122828927 (21,21)
[1540] 2015/03/11 15:30:09.156 連線確認 E122828927 (21,21)
[1540] 2015/03/11 15:31:09.171 連線確認 E122828927 (21,21)
[1540] 2015/03/11 15:32:09.184 連線確認 E122828927 (21,21)
[1540] 2015/03/11 15:33:09.198 連線確認 E122828927 (21,21)
[1540] 2015/03/11 15:33:22.737 收到 Head 資訊 {Count 2} {Type B } 
[1540] 2015/03/11 15:34:09.212 連線確認 E122828927 (21,21)
[1540] 2015/03/11 15:35:09.225 連線確認 E122828927 (21,21)
[1540] 2015/03/11 15:36:09.239 連線確認 E122828927 (21,21)
[1540] 2015/03/11 15:37:09.251 連線確認 E122828927 (21,21)
[1540] 2015/03/11 15:38:09.266 連線確認 E122828927 (21,21)
[1540] 2015/03/11 15:38:23.679 收到 Head 資訊 {Count 2} {Type B } 
[1540] 2015/03/11 15:39:09.279 連線確認 E122828927 (21,21)
[1540] 2015/03/11 15:40:09.293 連線確認 E122828927 (21,21)
[1540] 2015/03/11 15:41:09.305 連線確認 E122828927 (21,21)
[1540] 2015/03/11 15:42:09.320 連線確認 E122828927 (21,21)
[1540] 2015/03/11 15:43:09.333 連線確認 E122828927 (21,21)
[1540] 2015/03/11 15:43:24.040 收到 Head 資訊 {Count 2} {Type B } 
[1540] 2015/03/11 15:44:09.347 連線確認 E122828927 (21,21)
[1540] 2015/03/11 15:45:09.360 連線確認 E122828927 (21,21)
[1540] 2015/03/11 15:46:09.373 連線確認 E122828927 (21,21)
[1540] 2015/03/11 15:47:09.388 連線確認 E122828927 (21,21)
[1540] 2015/03/11 15:48:09.401 連線確認 E122828927 (21,21)
[1540] 2015/03/11 15:48:25.029 收到 Head 資訊 {Count 2} {Type B } 
[1540] 2015/03/11 15:49:09.416 連線確認 E122828927 (21,21)
[1540] 2015/03/11 15:50:09.428 連線確認 E122828927 (21,21)
[1540] 2015/03/11 15:51:09.442 連線確認 E122828927 (21,21)
[1540] 2015/03/11 15:52:09.456 連線確認 E122828927 (21,21)
[1540] 2015/03/11 15:53:09.468 連線確認 E122828927 (21,21)
[1540] 2015/03/11 15:53:26.060 收到 Head 資訊 {Count 2} {Type B } 
[1540] 2015/03/11 15:54:09.483 連線確認 E122828927 (21,21)
[1540] 2015/03/11 15:55:09.496 連線確認 E122828927 (21,21)
[1540] 2015/03/11 15:56:09.509 連線確認 E122828927 (21,21)
[1540] 2015/03/11 15:57:09.524 連線確認 E122828927 (21,21)
[1540] 2015/03/11 15:58:09.536 連線確認 E122828927 (21,21)
[1540] 2015/03/11 15:58:27.822 收到 Head 資訊 {Count 2} {Type B } 
[1540] 2015/03/11 15:59:09.551 連線確認 E122828927 (21,21)
[1540] 2015/03/11 16:00:09.564 連線確認 E122828927 (21,21)
[1540] 2015/03/11 16:01:09.578 連線確認 E122828927 (21,21)
[1540] 2015/03/11 16:02:09.591 連線確認 E122828927 (21,21)
[1540] 2015/03/11 16:03:09.604 連線確認 E122828927 (21,21)
[1540] 2015/03/11 16:03:28.804 收到 Head 資訊 {Count 2} {Type B } 
[1540] 2015/03/11 16:04:09.618 連線確認 E122828927 (21,21)
[1540] 2015/03/11 16:05:09.631 連線確認 E122828927 (21,21)
[1540] 2015/03/11 16:06:09.646 連線確認 E122828927 (21,21)
[1540] 2015/03/11 16:07:09.660 連線確認 E122828927 (21,21)
[1540] 2015/03/11 16:08:09.673 連線確認 E122828927 (21,21)
[1540] 2015/03/11 16:08:29.793 收到 Head 資訊 {Count 2} {Type B } 
[1540] 2015/03/11 16:09:09.686 連線確認 E122828927 (21,21)
[1540] 2015/03/11 16:10:09.700 連線確認 E122828927 (21,21)
[1540] 2015/03/11 16:11:09.715 連線確認 E122828927 (21,21)
[1540] 2015/03/11 16:12:09.728 連線確認 E122828927 (21,21)
[1540] 2015/03/11 16:13:09.740 連線確認 E122828927 (21,21)
[1540] 2015/03/11 16:13:30.688 收到 Head 資訊 {Count 2} {Type B } 
[1540] 2015/03/11 16:14:09.754 連線確認 E122828927 (21,21)
[1540] 2015/03/11 16:14:13.978 收到 Head 資訊 {Count 2} {Type C } 
[1540] 2015/03/11 16:14:23.968 收到 Head 資訊 {Count 2} {Type C } 
[1540] 2015/03/11 16:14:33.943 收到 Head 資訊 {Count 2} {Type C } 
[1540] 2015/03/11 16:14:43.969 收到 Head 資訊 {Count 2} {Type C } 
[1540] 2015/03/11 16:14:53.953 收到 Head 資訊 {Count 2} {Type C } 
[1540] 2015/03/11 16:15:03.953 收到 Head 資訊 {Count 2} {Type C } 
[1540] 2015/03/11 16:15:09.767 連線確認 E122828927 (21,21)
[1540] 2015/03/11 16:15:13.948 收到 Head 資訊 {Count 2} {Type C } 
[1540] 2015/03/11 16:15:23.989 收到 Head 資訊 {Count 2} {Type C } 
[1540] 2015/03/11 16:15:33.968 收到 Head 資訊 {Count 2} {Type C } 
[1540] 2015/03/11 16:15:43.957 收到 Head 資訊 {Count 2} {Type C } 
[1540] 2015/03/11 16:15:53.965 收到 Head 資訊 {Count 2} {Type C } 
[1540] 2015/03/11 16:16:03.996 收到 Head 資訊 {Count 2} {Type C } 
[1540] 2015/03/11 16:16:09.782 連線確認 E122828927 (21,21)
[1540] 2015/03/11 16:16:13.979 收到 Head 資訊 {Count 2} {Type C } 
[1540] 2015/03/11 16:16:23.949 收到 Head 資訊 {Count 2} {Type C } 
[1540] 2015/03/11 16:16:33.972 收到 Head 資訊 {Count 2} {Type C } 
[1540] 2015/03/11 16:16:43.995 收到 Head 資訊 {Count 2} {Type C } 
[1540] 2015/03/11 16:16:53.977 收到 Head 資訊 {Count 2} {Type C } 
[1540] 2015/03/11 16:17:03.958 收到 Head 資訊 {Count 2} {Type C } 
[1540] 2015/03/11 16:17:09.795 連線確認 E122828927 (21,21)
[1540] 2015/03/11 16:17:13.983 收到 Head 資訊 {Count 2} {Type C } 
[1540] 2015/03/11 16:17:24.001 收到 Head 資訊 {Count 2} {Type C } 
[1540] 2015/03/11 16:17:33.984 收到 Head 資訊 {Count 2} {Type C } 
[1540] 2015/03/11 16:17:43.992 收到 Head 資訊 {Count 2} {Type C } 
[1540] 2015/03/11 16:17:53.964 收到 Head 資訊 {Count 2} {Type C } 
[1540] 2015/03/11 16:18:03.981 收到 Head 資訊 {Count 2} {Type C } 
[1540] 2015/03/11 16:18:09.809 連線確認 E122828927 (21,21)
[1540] 2015/03/11 16:18:31.662 收到 Head 資訊 {Count 2} {Type B } 
[1540] 2015/03/11 16:19:09.822 連線確認 E122828927 (21,21)
[1540] 2015/03/11 16:20:09.836 連線確認 E122828927 (21,21)
[1540] 2015/03/11 16:21:09.850 連線確認 E122828927 (21,21)
[1540] 2015/03/11 16:22:09.862 連線確認 E122828927 (21,21)
[1540] 2015/03/11 16:23:09.877 連線確認 E122828927 (21,21)
[1540] 2015/03/11 16:23:32.676 收到 Head 資訊 {Count 2} {Type B } 
[1540] 2015/03/11 16:24:09.891 連線確認 E122828927 (21,21)
[1540] 2015/03/11 16:25:09.905 連線確認 E122828927 (21,21)
[1540] 2015/03/11 16:26:09.917 連線確認 E122828927 (21,21)
[1540] 2015/03/11 16:26:30.012 收到 Head 資訊 {Count 2} {Type A } 
[1540] 2015/03/11 16:26:30.013 2300000034762OFNNF0200001709003B13OSE    JNM   201503       N             x63929999999999999000000000+00000000000000000000000000000000000000000000000000200000002201503111632260000226800000008706g
[1540] 2015/03/11 16:26:30.219 收到 Head 資訊 {Count 2} {Type A } 
[1540] 2015/03/11 16:26:30.220              OFDNF0200001709003B10OSE    JNM   201503                     x63920001870500000000000000000000000000000000000000000000000000000000000000000200020000201503111632260000226900000008706g
[1540] 2015/03/11 16:27:09.931 連線確認 E122828927 (21,21)
[1540] 2015/03/11 16:28:09.945 連線確認 E122828927 (21,21)
[1540] 2015/03/11 16:28:33.120 收到 Head 資訊 {Count 2} {Type B } 
[1540] 2015/03/11 16:29:09.959 連線確認 E122828927 (21,21)
[1540] 2015/03/11 16:30:09.971 連線確認 E122828927 (21,21)
[1540] 2015/03/11 16:30:23.652 收到 Head 資訊 {Count 2} {Type C } 
[1540] 2015/03/11 16:30:33.670 收到 Head 資訊 {Count 2} {Type C } 
[1540] 2015/03/11 16:30:43.670 收到 Head 資訊 {Count 2} {Type C } 
[1540] 2015/03/11 16:30:53.683 收到 Head 資訊 {Count 2} {Type C } 
[1540] 2015/03/11 16:31:03.695 收到 Head 資訊 {Count 2} {Type C } 
[1540] 2015/03/11 16:31:09.985 連線確認 E122828927 (21,21)
[1540] 2015/03/11 16:31:13.649 收到 Head 資訊 {Count 2} {Type C } 
[1540] 2015/03/11 16:31:23.677 收到 Head 資訊 {Count 2} {Type C } 
[1540] 2015/03/11 16:32:09.998 連線確認 E122828927 (21,21)
[1540] 2015/03/11 16:32:23.659 收到 Head 資訊 {Count 2} {Type C } 
[1540] 2015/03/11 16:33:10.013 連線確認 E122828927 (21,21)
[1540] 2015/03/11 16:33:34.145 收到 Head 資訊 {Count 2} {Type B } 
[1540] 2015/03/11 16:34:10.026 連線確認 E122828927 (21,21)
[1540] 2015/03/11 16:34:13.433 收到 Head 資訊 {Count 2} {Type C } 
[1540] 2015/03/11 16:34:23.419 收到 Head 資訊 {Count 2} {Type C } 
[1540] 2015/03/11 16:34:33.448 收到 Head 資訊 {Count 2} {Type C } 
[1540] 2015/03/11 16:35:10.041 連線確認 E122828927 (21,21)
[1540] 2015/03/11 16:36:10.054 連線確認 E122828927 (21,21)
[1540] 2015/03/11 16:36:43.436 收到 Head 資訊 {Count 2} {Type C } 
[1540] 2015/03/11 16:37:10.066 連線確認 E122828927 (21,21)
[1540] 2015/03/11 16:38:10.081 連線確認 E122828927 (21,21)
[1540] 2015/03/11 16:38:35.139 收到 Head 資訊 {Count 2} {Type B } 
[1540] 2015/03/11 16:39:10.094 連線確認 E122828927 (21,21)
[1540] 2015/03/11 16:40:10.107 連線確認 E122828927 (21,21)
[1540] 2015/03/11 16:41:10.121 連線確認 E122828927 (21,21)
[1540] 2015/03/11 16:42:10.135 連線確認 E122828927 (21,21)
[1540] 2015/03/11 16:43:10.148 連線確認 E122828927 (21,21)
[1540] 2015/03/11 16:43:36.164 收到 Head 資訊 {Count 2} {Type B } 
[1540] 2015/03/11 16:44:10.162 連線確認 E122828927 (21,21)
[1540] 2015/03/11 16:45:10.175 連線確認 E122828927 (21,21)
[1540] 2015/03/11 16:46:10.189 連線確認 E122828927 (21,21)
[1540] 2015/03/11 16:47:10.202 連線確認 E122828927 (21,21)
[1540] 2015/03/11 16:48:10.217 連線確認 E122828927 (21,21)
[1540] 2015/03/11 16:48:37.217 收到 Head 資訊 {Count 2} {Type B } 
[1540] 2015/03/11 16:49:10.230 連線確認 E122828927 (21,21)
[1540] 2015/03/11 16:50:10.243 連線確認 E122828927 (21,21)
[1540] 2015/03/11 16:50:53.785 收到 Head 資訊 {Count 2} {Type C } 
[1540] 2015/03/11 16:51:03.738 收到 Head 資訊 {Count 2} {Type C } 
[1540] 2015/03/11 16:51:10.256 連線確認 E122828927 (21,21)
[1540] 2015/03/11 16:51:13.771 收到 Head 資訊 {Count 2} {Type C } 
[1540] 2015/03/11 16:51:23.737 收到 Head 資訊 {Count 2} {Type C } 
[1540] 2015/03/11 16:51:33.761 收到 Head 資訊 {Count 2} {Type C } 
[1540] 2015/03/11 16:51:43.774 收到 Head 資訊 {Count 2} {Type C } 
[1540] 2015/03/11 16:51:53.786 收到 Head 資訊 {Count 2} {Type C } 
[1540] 2015/03/11 16:52:03.751 收到 Head 資訊 {Count 2} {Type C } 
[1540] 2015/03/11 16:52:10.271 連線確認 E122828927 (21,21)
[1540] 2015/03/11 16:52:13.743 收到 Head 資訊 {Count 2} {Type C } 
[1540] 2015/03/11 16:52:23.767 收到 Head 資訊 {Count 2} {Type C } 
[1540] 2015/03/11 16:52:33.787 收到 Head 資訊 {Count 2} {Type C } 
[1540] 2015/03/11 16:53:10.284 連線確認 E122828927 (21,21)
[1540] 2015/03/11 16:53:38.185 收到 Head 資訊 {Count 2} {Type B } 
[1540] 2015/03/11 16:54:10.298 連線確認 E122828927 (21,21)
[1540] 2015/03/11 16:55:10.312 連線確認 E122828927 (21,21)
[1540] 2015/03/11 16:56:10.325 連線確認 E122828927 (21,21)
[1540] 2015/03/11 16:57:10.338 連線確認 E122828927 (21,21)
[1540] 2015/03/11 16:58:10.352 連線確認 E122828927 (21,21)
[1540] 2015/03/11 16:58:39.662 收到 Head 資訊 {Count 2} {Type B } 
[1540] 2015/03/11 16:59:10.366 連線確認 E122828927 (21,21)
[1540] 2015/03/11 17:00:10.380 連線確認 E122828927 (21,21)
[1540] 2015/03/11 17:01:10.392 連線確認 E122828927 (21,21)
[1540] 2015/03/11 17:02:10.407 連線確認 E122828927 (21,21)
[1540] 2015/03/11 17:03:10.421 連線確認 E122828927 (21,21)
[1540] 2015/03/11 17:03:40.630 收到 Head 資訊 {Count 2} {Type B } 
[1540] 2015/03/11 17:04:10.433 連線確認 E122828927 (21,21)
[1540] 2015/03/11 17:05:10.448 連線確認 E122828927 (21,21)
[1540] 2015/03/11 17:06:10.460 連線確認 E122828927 (21,21)
[1540] 2015/03/11 17:07:10.474 連線確認 E122828927 (21,21)
[1540] 2015/03/11 17:08:10.488 連線確認 E122828927 (21,21)
[1540] 2015/03/11 17:08:41.665 收到 Head 資訊 {Count 2} {Type B } 
[1540] 2015/03/11 17:09:10.502 連線確認 E122828927 (21,21)
[1540] 2015/03/11 17:10:10.515 連線確認 E122828927 (21,21)
[1540] 2015/03/11 17:11:10.529 連線確認 E122828927 (21,21)
[1540] 2015/03/11 17:12:10.542 連線確認 E122828927 (21,21)
[1540] 2015/03/11 17:13:10.555 連線確認 E122828927 (21,21)
[1540] 2015/03/11 17:13:42.452 收到 Head 資訊 {Count 2} {Type B } 
[1540] 2015/03/11 17:14:10.569 連線確認 E122828927 (21,21)
[1540] 2015/03/11 17:15:10.584 連線確認 E122828927 (21,21)
[1540] 2015/03/11 17:16:10.596 連線確認 E122828927 (21,21)
[1540] 2015/03/11 17:17:10.611 連線確認 E122828927 (21,21)
[1540] 2015/03/11 17:18:10.624 連線確認 E122828927 (21,21)
[1540] 2015/03/11 17:18:43.446 收到 Head 資訊 {Count 2} {Type B } 
[1540] 2015/03/11 17:19:10.638 連線確認 E122828927 (21,21)
[1540] 2015/03/11 17:20:10.650 連線確認 E122828927 (21,21)
[1540] 2015/03/11 17:21:10.664 連線確認 E122828927 (21,21)
[1540] 2015/03/11 17:22:10.679 連線確認 E122828927 (21,21)
[1540] 2015/03/11 17:23:10.691 連線確認 E122828927 (21,21)
[1540] 2015/03/11 17:23:44.488 收到 Head 資訊 {Count 2} {Type B } 
[1540] 2015/03/11 17:24:10.705 連線確認 E122828927 (21,21)
[1540] 2015/03/11 17:25:10.719 連線確認 E122828927 (21,21)
[1540] 2015/03/11 17:26:10.733 連線確認 E122828927 (21,21)
[1540] 2015/03/11 17:27:10.746 連線確認 E122828927 (21,21)
[1540] 2015/03/11 17:28:10.760 連線確認 E122828927 (21,21)
[1540] 2015/03/11 17:28:55.427 收到 Head 資訊 {Count 2} {Type B } 
[1540] 2015/03/11 17:29:10.773 連線確認 E122828927 (21,21)
[1540] 2015/03/11 17:30:10.787 連線確認 E122828927 (21,21)
[1540] 2015/03/11 17:31:10.800 連線確認 E122828927 (21,21)
[1540] 2015/03/11 17:32:10.815 連線確認 E122828927 (21,21)
[1540] 2015/03/11 17:33:10.828 連線確認 E122828927 (21,21)
[1540] 2015/03/11 17:33:46.536 收到 Head 資訊 {Count 2} {Type B } 
[1540] 2015/03/11 17:34:10.842 連線確認 E122828927 (21,21)
[1540] 2015/03/11 17:35:10.855 連線確認 E122828927 (21,21)
[1540] 2015/03/11 17:36:10.868 連線確認 E122828927 (21,21)
[1540] 2015/03/11 17:37:10.881 連線確認 E122828927 (21,21)
[1540] 2015/03/11 17:38:10.896 連線確認 E122828927 (21,21)
[1540] 2015/03/11 17:38:47.540 收到 Head 資訊 {Count 2} {Type B } 
[1540] 2015/03/11 17:39:10.909 連線確認 E122828927 (21,21)
[1540] 2015/03/11 17:40:10.922 連線確認 E122828927 (21,21)
[1540] 2015/03/11 17:41:10.936 連線確認 E122828927 (21,21)
[1540] 2015/03/11 17:42:10.949 連線確認 E122828927 (21,21)
[1540] 2015/03/11 17:43:10.964 連線確認 E122828927 (21,21)
[1540] 2015/03/11 17:43:48.568 收到 Head 資訊 {Count 2} {Type B } 
[1540] 2015/03/11 17:44:10.978 連線確認 E122828927 (21,21)
[1540] 2015/03/11 17:45:10.991 連線確認 E122828927 (21,21)
[1540] 2015/03/11 17:46:11.005 連線確認 E122828927 (21,21)
[1540] 2015/03/11 17:47:11.018 連線確認 E122828927 (21,21)
[1540] 2015/03/11 17:48:11.030 連線確認 E122828927 (21,21)
[1540] 2015/03/11 17:48:49.689 收到 Head 資訊 {Count 2} {Type B } 
[1540] 2015/03/11 17:49:11.045 連線確認 E122828927 (21,21)
[1540] 2015/03/11 17:50:11.059 連線確認 E122828927 (21,21)
[1540] 2015/03/11 17:51:11.072 連線確認 E122828927 (21,21)
[1540] 2015/03/11 17:52:11.085 連線確認 E122828927 (21,21)
[1540] 2015/03/11 17:53:11.100 連線確認 E122828927 (21,21)
[1540] 2015/03/11 17:53:50.715 收到 Head 資訊 {Count 2} {Type B } 
[1540] 2015/03/11 17:54:11.113 連線確認 E122828927 (21,21)
[1540] 2015/03/11 17:55:11.127 連線確認 E122828927 (21,21)
[1540] 2015/03/11 17:56:11.141 連線確認 E122828927 (21,21)
[1540] 2015/03/11 17:57:11.153 連線確認 E122828927 (21,21)
[1540] 2015/03/11 17:58:11.168 連線確認 E122828927 (21,21)
[1540] 2015/03/11 17:58:51.719 收到 Head 資訊 {Count 2} {Type B } 
[1540] 2015/03/11 17:59:11.181 連線確認 E122828927 (21,21)
[1540] 2015/03/11 18:00:11.194 連線確認 E122828927 (21,21)
[1540] 2015/03/11 18:01:11.208 連線確認 E122828927 (21,21)
[1540] 2015/03/11 18:02:11.222 連線確認 E122828927 (21,21)
[1540] 2015/03/11 18:03:11.236 連線確認 E122828927 (21,21)
[1540] 2015/03/11 18:03:52.702 收到 Head 資訊 {Count 2} {Type B } 
[1540] 2015/03/11 18:04:11.248 連線確認 E122828927 (21,21)
[1540] 2015/03/11 18:05:11.262 連線確認 E122828927 (21,21)
[1540] 2015/03/11 18:06:11.275 連線確認 E122828927 (21,21)
[1540] 2015/03/11 18:07:11.290 連線確認 E122828927 (21,21)
[1540] 2015/03/11 18:08:11.302 連線確認 E122828927 (21,21)
[1540] 2015/03/11 18:08:53.719 收到 Head 資訊 {Count 2} {Type B } 
[1540] 2015/03/11 18:09:11.317 連線確認 E122828927 (21,21)
[1540] 2015/03/11 18:10:11.330 連線確認 E122828927 (21,21)
[1540] 2015/03/11 18:11:11.343 連線確認 E122828927 (21,21)
[1540] 2015/03/11 18:12:11.358 連線確認 E122828927 (21,21)
[1540] 2015/03/11 18:13:11.372 連線確認 E122828927 (21,21)
[1540] 2015/03/11 18:13:54.733 收到 Head 資訊 {Count 2} {Type B } 
[1540] 2015/03/11 18:14:11.385 連線確認 E122828927 (21,21)
[1540] 2015/03/11 18:15:11.399 連線確認 E122828927 (21,21)
[1540] 2015/03/11 18:16:11.412 連線確認 E122828927 (21,21)
[1540] 2015/03/11 18:17:11.425 連線確認 E122828927 (21,21)
[1540] 2015/03/11 18:18:11.439 連線確認 E122828927 (21,21)
[1540] 2015/03/11 18:18:55.720 收到 Head 資訊 {Count 2} {Type B } 
[1540] 2015/03/11 18:19:11.452 連線確認 E122828927 (21,21)
[1540] 2015/03/11 18:20:11.466 連線確認 E122828927 (21,21)
[1540] 2015/03/11 18:21:11.479 連線確認 E122828927 (21,21)
[1540] 2015/03/11 18:22:11.494 連線確認 E122828927 (21,21)
[1540] 2015/03/11 18:23:11.508 連線確認 E122828927 (21,21)
[1540] 2015/03/11 18:23:56.724 收到 Head 資訊 {Count 2} {Type B } 
[1540] 2015/03/11 18:24:11.520 連線確認 E122828927 (21,21)
[1540] 2015/03/11 18:25:11.533 連線確認 E122828927 (21,21)
[1540] 2015/03/11 18:26:11.548 連線確認 E122828927 (21,21)
[1540] 2015/03/11 18:27:11.560 連線確認 E122828927 (21,21)
[1540] 2015/03/11 18:28:11.575 連線確認 E122828927 (21,21)
[1540] 2015/03/11 18:28:57.746 收到 Head 資訊 {Count 2} {Type B } 
[1540] 2015/03/11 18:29:11.589 連線確認 E122828927 (21,21)
[1540] 2015/03/11 18:30:11.602 連線確認 E122828927 (21,21)
[1540] 2015/03/11 18:31:11.616 連線確認 E122828927 (21,21)
[1540] 2015/03/11 18:32:11.630 連線確認 E122828927 (21,21)
[1540] 2015/03/11 18:33:11.642 連線確認 E122828927 (21,21)
[1540] 2015/03/11 18:33:58.738 收到 Head 資訊 {Count 2} {Type B } 
[1540] 2015/03/11 18:34:11.655 連線確認 E122828927 (21,21)
[1540] 2015/03/11 18:35:11.671 連線確認 E122828927 (21,21)
[1540] 2015/03/11 18:36:11.683 連線確認 E122828927 (21,21)
[1540] 2015/03/11 18:37:11.697 連線確認 E122828927 (21,21)
[1540] 2015/03/11 18:38:11.710 連線確認 E122828927 (21,21)
[1540] 2015/03/11 18:38:59.768 收到 Head 資訊 {Count 2} {Type B } 
[1540] 2015/03/11 18:39:11.725 連線確認 E122828927 (21,21)
[1540] 2015/03/11 18:40:11.737 連線確認 E122828927 (21,21)
[1540] 2015/03/11 18:41:11.751 連線確認 E122828927 (21,21)
[1540] 2015/03/11 18:42:11.765 連線確認 E122828927 (21,21)
[1540] 2015/03/11 18:43:11.779 連線確認 E122828927 (21,21)
[1540] 2015/03/11 18:44:00.777 收到 Head 資訊 {Count 2} {Type B } 
[1540] 2015/03/11 18:44:11.793 連線確認 E122828927 (21,21)
[1540] 2015/03/11 18:45:11.806 連線確認 E122828927 (21,21)
[1540] 2015/03/11 18:46:11.820 連線確認 E122828927 (21,21)
[1540] 2015/03/11 18:47:11.833 連線確認 E122828927 (21,21)
[1540] 2015/03/11 18:48:11.846 連線確認 E122828927 (21,21)
[1540] 2015/03/11 18:49:01.773 收到 Head 資訊 {Count 2} {Type B } 
[1540] 2015/03/11 18:49:11.860 連線確認 E122828927 (21,21)
[1540] 2015/03/11 18:50:11.873 連線確認 E122828927 (21,21)
[1540] 2015/03/11 18:51:11.888 連線確認 E122828927 (21,21)
[1540] 2015/03/11 18:52:11.901 連線確認 E122828927 (21,21)
[1540] 2015/03/11 18:53:11.915 連線確認 E122828927 (21,21)
[1540] 2015/03/11 18:54:02.228 收到 Head 資訊 {Count 2} {Type B } 
[1540] 2015/03/11 18:54:11.928 連線確認 E122828927 (21,21)
[1540] 2015/03/11 18:55:11.942 連線確認 E122828927 (21,21)
[1540] 2015/03/11 18:56:11.954 連線確認 E122828927 (21,21)
[1540] 2015/03/11 18:57:11.969 連線確認 E122828927 (21,21)
[1540] 2015/03/11 18:58:11.982 連線確認 E122828927 (21,21)
[1540] 2015/03/11 18:59:03.240 收到 Head 資訊 {Count 2} {Type B } 
[1540] 2015/03/11 18:59:11.996 連線確認 E122828927 (21,21)
[1540] 2015/03/11 19:00:12.009 連線確認 E122828927 (21,21)
[1540] 2015/03/11 19:01:12.022 連線確認 E122828927 (21,21)
[1540] 2015/03/11 19:02:12.037 連線確認 E122828927 (21,21)
[1540] 2015/03/11 19:03:12.049 連線確認 E122828927 (21,21)
[1540] 2015/03/11 19:04:04.224 收到 Head 資訊 {Count 2} {Type B } 
[1540] 2015/03/11 19:04:12.064 連線確認 E122828927 (21,21)
[1540] 2015/03/11 19:05:12.077 連線確認 E122828927 (21,21)
[1540] 2015/03/11 19:06:12.091 連線確認 E122828927 (21,21)
[1540] 2015/03/11 19:07:12.104 連線確認 E122828927 (21,21)
[1540] 2015/03/11 19:08:12.118 連線確認 E122828927 (21,21)
[1540] 2015/03/11 19:09:04.998 收到 Head 資訊 {Count 2} {Type B } 
[1540] 2015/03/11 19:09:12.132 連線確認 E122828927 (21,21)
[1540] 2015/03/11 19:10:12.146 連線確認 E122828927 (21,21)
[1540] 2015/03/11 19:11:12.159 連線確認 E122828927 (21,21)
[1540] 2015/03/11 19:12:12.172 連線確認 E122828927 (21,21)
[1540] 2015/03/11 19:13:12.185 連線確認 E122828927 (21,21)
[1540] 2015/03/11 19:14:06.008 收到 Head 資訊 {Count 2} {Type B } 
[1540] 2015/03/11 19:14:12.200 連線確認 E122828927 (21,21)
[1540] 2015/03/11 19:15:12.212 連線確認 E122828927 (21,21)
[1540] 2015/03/11 19:16:12.228 連線確認 E122828927 (21,21)
[1540] 2015/03/11 19:17:12.240 連線確認 E122828927 (21,21)
[1540] 2015/03/11 19:18:12.256 連線確認 E122828927 (21,21)
[1540] 2015/03/11 19:19:07.030 收到 Head 資訊 {Count 2} {Type B } 
[1540] 2015/03/11 19:19:12.267 連線確認 E122828927 (21,21)
[1540] 2015/03/11 19:20:12.281 連線確認 E122828927 (21,21)
[1540] 2015/03/11 19:21:12.294 連線確認 E122828927 (21,21)
[1540] 2015/03/11 19:22:12.308 連線確認 E122828927 (21,21)
[1540] 2015/03/11 19:23:12.321 連線確認 E122828927 (21,21)
[1540] 2015/03/11 19:24:08.983 收到 Head 資訊 {Count 2} {Type B } 
[1540] 2015/03/11 19:24:12.336 連線確認 E122828927 (21,21)
[1540] 2015/03/11 19:25:12.348 連線確認 E122828927 (21,21)
[1540] 2015/03/11 19:26:12.364 連線確認 E122828927 (21,21)
[1540] 2015/03/11 19:27:12.376 連線確認 E122828927 (21,21)
[1540] 2015/03/11 19:28:12.391 連線確認 E122828927 (21,21)
[1540] 2015/03/11 19:29:09.992 收到 Head 資訊 {Count 2} {Type B } 
[1540] 2015/03/11 19:29:12.403 連線確認 E122828927 (21,21)
[1540] 2015/03/11 19:30:12.417 連線確認 E122828927 (21,21)
[1540] 2015/03/11 19:31:12.430 連線確認 E122828927 (21,21)
[1540] 2015/03/11 19:32:12.443 連線確認 E122828927 (21,21)
[1540] 2015/03/11 19:33:12.459 連線確認 E122828927 (21,21)
[1540] 2015/03/11 19:34:10.993 收到 Head 資訊 {Count 2} {Type B } 
[1540] 2015/03/11 19:34:12.472 連線確認 E122828927 (21,21)
[1540] 2015/03/11 19:35:12.486 連線確認 E122828927 (21,21)
[1540] 2015/03/11 19:36:12.499 連線確認 E122828927 (21,21)
[1540] 2015/03/11 19:37:12.511 連線確認 E122828927 (21,21)
[1540] 2015/03/11 19:38:12.526 連線確認 E122828927 (21,21)
[1540] 2015/03/11 19:39:11.868 收到 Head 資訊 {Count 2} {Type B } 
[1540] 2015/03/11 19:39:12.540 連線確認 E122828927 (21,21)
[1540] 2015/03/11 19:40:12.552 連線確認 E122828927 (21,21)
[1540] 2015/03/11 19:41:12.566 連線確認 E122828927 (21,21)
[1540] 2015/03/11 19:42:12.579 連線確認 E122828927 (21,21)
[1540] 2015/03/11 19:43:12.594 連線確認 E122828927 (21,21)
[1540] 2015/03/11 19:44:12.608 連線確認 E122828927 (21,21)
[1540] 2015/03/11 19:44:12.894 收到 Head 資訊 {Count 2} {Type B } 
[1540] 2015/03/11 19:45:12.621 連線確認 E122828927 (21,21)
[1540] 2015/03/11 19:46:12.634 連線確認 E122828927 (21,21)
[1540] 2015/03/11 19:47:12.647 連線確認 E122828927 (21,21)
[1540] 2015/03/11 19:48:12.661 連線確認 E122828927 (21,21)
[1540] 2015/03/11 19:49:12.675 連線確認 E122828927 (21,21)
[1540] 2015/03/11 19:49:13.881 收到 Head 資訊 {Count 2} {Type B } 
[1540] 2015/03/11 19:50:12.689 連線確認 E122828927 (21,21)
[1540] 2015/03/11 19:51:12.703 連線確認 E122828927 (21,21)
[1540] 2015/03/11 19:52:12.715 連線確認 E122828927 (21,21)
[1540] 2015/03/11 19:53:12.730 連線確認 E122828927 (21,21)
[1540] 2015/03/11 19:54:12.742 連線確認 E122828927 (21,21)
[1540] 2015/03/11 19:54:14.612 收到 Head 資訊 {Count 2} {Type B } 
[1540] 2015/03/11 19:55:12.757 連線確認 E122828927 (21,21)
[1540] 2015/03/11 19:56:12.770 連線確認 E122828927 (21,21)
[1540] 2015/03/11 19:57:12.783 連線確認 E122828927 (21,21)
[1540] 2015/03/11 19:58:12.797 連線確認 E122828927 (21,21)
[1540] 2015/03/11 19:59:12.811 連線確認 E122828927 (21,21)
[1540] 2015/03/11 19:59:15.594 收到 Head 資訊 {Count 2} {Type B } 
[1540] 2015/03/11 20:00:12.824 連線確認 E122828927 (21,21)
[1540] 2015/03/11 20:01:12.837 連線確認 E122828927 (21,21)
[1540] 2015/03/11 20:02:12.852 連線確認 E122828927 (21,21)
[1540] 2015/03/11 20:03:12.865 連線確認 E122828927 (21,21)
[1540] 2015/03/11 20:04:12.878 連線確認 E122828927 (21,21)
[1540] 2015/03/11 20:04:16.631 收到 Head 資訊 {Count 2} {Type B } 
[1540] 2015/03/11 20:05:12.893 連線確認 E122828927 (21,21)
[1540] 2015/03/11 20:06:21.505 連線確認 E122828927 (21,21)
[1540] 2015/03/11 20:07:21.499 連線確認 E122828927 (21,21)
[1540] 2015/03/11 20:08:21.513 連線確認 E122828927 (21,21)
[1540] 2015/03/11 20:09:17.437 收到 Head 資訊 {Count 2} {Type B } 
[1540] 2015/03/11 20:09:21.527 連線確認 E122828927 (21,21)
[1540] 2015/03/11 20:10:21.540 連線確認 E122828927 (21,21)
[1540] 2015/03/11 20:11:21.554 連線確認 E122828927 (21,21)
[1540] 2015/03/11 20:12:21.567 連線確認 E122828927 (21,21)
[1540] 2015/03/11 20:13:21.582 連線確認 E122828927 (21,21)
[1540] 2015/03/11 20:14:18.449 收到 Head 資訊 {Count 2} {Type B } 
[1540] 2015/03/11 20:14:21.594 連線確認 E122828927 (21,21)
[1540] 2015/03/11 20:15:21.608 連線確認 E122828927 (21,21)
[1540] 2015/03/11 20:16:21.622 連線確認 E122828927 (21,21)
[1540] 2015/03/11 20:17:21.635 連線確認 E122828927 (21,21)
[1540] 2015/03/11 20:18:21.649 連線確認 E122828927 (21,21)
[1540] 2015/03/11 20:19:19.439 收到 Head 資訊 {Count 2} {Type B } 
[1540] 2015/03/11 20:19:21.663 連線確認 E122828927 (21,21)
[1540] 2015/03/11 20:20:21.676 連線確認 E122828927 (21,21)
[1540] 2015/03/11 20:21:21.689 連線確認 E122828927 (21,21)
[1540] 2015/03/11 20:22:21.703 連線確認 E122828927 (21,21)
[1540] 2015/03/11 20:23:21.718 連線確認 E122828927 (21,21)
[1540] 2015/03/11 20:24:20.465 收到 Head 資訊 {Count 2} {Type B } 
[1540] 2015/03/11 20:24:21.730 連線確認 E122828927 (21,21)
[1540] 2015/03/11 20:25:21.745 連線確認 E122828927 (21,21)
[1540] 2015/03/11 20:26:21.757 連線確認 E122828927 (21,21)
[1540] 2015/03/11 20:27:21.772 連線確認 E122828927 (21,21)
[1540] 2015/03/11 20:28:21.785 連線確認 E122828927 (21,21)
[1540] 2015/03/11 20:29:21.439 收到 Head 資訊 {Count 2} {Type B } 
[1540] 2015/03/11 20:29:21.799 連線確認 E122828927 (21,21)
[1540] 2015/03/11 20:30:21.812 連線確認 E122828927 (21,21)
[1540] 2015/03/11 20:31:21.826 連線確認 E122828927 (21,21)
[1540] 2015/03/11 20:32:21.840 連線確認 E122828927 (21,21)
[1540] 2015/03/11 20:33:21.853 連線確認 E122828927 (21,21)
[1540] 2015/03/11 20:34:21.867 連線確認 E122828927 (21,21)
[1540] 2015/03/11 20:34:22.543 收到 Head 資訊 {Count 2} {Type B } 
[1540] 2015/03/11 20:35:21.881 連線確認 E122828927 (21,21)
[1540] 2015/03/11 20:36:21.893 連線確認 E122828927 (21,21)
[1540] 2015/03/11 20:37:21.907 連線確認 E122828927 (21,21)
[1540] 2015/03/11 20:38:21.920 連線確認 E122828927 (21,21)
[1540] 2015/03/11 20:39:21.934 連線確認 E122828927 (21,21)
[1540] 2015/03/11 20:39:23.574 收到 Head 資訊 {Count 2} {Type B } 
[1540] 2015/03/11 20:40:21.948 連線確認 E122828927 (21,21)
[1540] 2015/03/11 20:41:21.961 連線確認 E122828927 (21,21)
[1540] 2015/03/11 20:42:21.975 連線確認 E122828927 (21,21)
[1540] 2015/03/11 20:43:21.988 連線確認 E122828927 (21,21)
[1540] 2015/03/11 20:44:22.002 連線確認 E122828927 (21,21)
[1540] 2015/03/11 20:44:24.572 收到 Head 資訊 {Count 2} {Type B } 
[1540] 2015/03/11 20:45:22.015 連線確認 E122828927 (21,21)
[1540] 2015/03/11 20:46:22.030 連線確認 E122828927 (21,21)
[1540] 2015/03/11 20:47:22.044 連線確認 E122828927 (21,21)
[1540] 2015/03/11 20:48:22.056 連線確認 E122828927 (21,21)
[1540] 2015/03/11 20:49:22.070 連線確認 E122828927 (21,21)
[1540] 2015/03/11 20:49:25.192 收到 Head 資訊 {Count 2} {Type B } 
[1540] 2015/03/11 20:50:22.084 連線確認 E122828927 (21,21)
[1540] 2015/03/11 20:51:22.098 連線確認 E122828927 (21,21)
[1540] 2015/03/11 20:52:22.113 連線確認 E122828927 (21,21)
[1540] 2015/03/11 20:53:22.124 連線確認 E122828927 (21,21)
[1540] 2015/03/11 20:54:22.138 連線確認 E122828927 (21,21)
[1540] 2015/03/11 20:54:24.179 收到 Head 資訊 {Count 2} {Type B } 
[1540] 2015/03/11 20:55:22.152 連線確認 E122828927 (21,21)
[1540] 2015/03/11 20:56:22.166 連線確認 E122828927 (21,21)
[1540] 2015/03/11 20:57:22.178 連線確認 E122828927 (21,21)
[1540] 2015/03/11 20:58:22.192 連線確認 E122828927 (21,21)
[1540] 2015/03/11 20:59:22.206 連線確認 E122828927 (21,21)
[1540] 2015/03/11 20:59:25.211 收到 Head 資訊 {Count 2} {Type B } 
[1540] 2015/03/11 21:00:22.220 連線確認 E122828927 (21,21)
[1540] 2015/03/11 21:01:22.234 連線確認 E122828927 (21,21)
[1540] 2015/03/11 21:02:22.246 連線確認 E122828927 (21,21)
[1540] 2015/03/11 21:03:22.260 連線確認 E122828927 (21,21)
[1540] 2015/03/11 21:04:22.274 連線確認 E122828927 (21,21)
[1540] 2015/03/11 21:04:26.077 收到 Head 資訊 {Count 2} {Type B } 
[1540] 2015/03/11 21:05:22.287 連線確認 E122828927 (21,21)
[1540] 2015/03/11 21:06:22.301 連線確認 E122828927 (21,21)
[1540] 2015/03/11 21:07:22.315 連線確認 E122828927 (21,21)
[1540] 2015/03/11 21:08:22.329 連線確認 E122828927 (21,21)
[1540] 2015/03/11 21:09:22.342 連線確認 E122828927 (21,21)
[1540] 2015/03/11 21:09:27.105 收到 Head 資訊 {Count 2} {Type B } 
[1540] 2015/03/11 21:10:22.356 連線確認 E122828927 (21,21)
[1540] 2015/03/11 21:11:22.369 連線確認 E122828927 (21,21)
[1540] 2015/03/11 21:12:22.383 連線確認 E122828927 (21,21)
[1540] 2015/03/11 21:13:22.397 連線確認 E122828927 (21,21)
[1540] 2015/03/11 21:14:22.410 連線確認 E122828927 (21,21)
[1540] 2015/03/11 21:14:28.101 收到 Head 資訊 {Count 2} {Type B } 
[1540] 2015/03/11 21:15:22.423 連線確認 E122828927 (21,21)
[1540] 2015/03/11 21:16:22.438 連線確認 E122828927 (21,21)
[1540] 2015/03/11 21:17:22.450 連線確認 E122828927 (21,21)
[1540] 2015/03/11 21:18:22.464 連線確認 E122828927 (21,21)
[1540] 2015/03/11 21:19:22.510 連線確認 E122828927 (21,21)
[1540] 2015/03/11 21:19:29.799 收到 Head 資訊 {Count 2} {Type B } 
[1540] 2015/03/11 21:20:22.507 連線確認 E122828927 (21,21)
[1540] 2015/03/11 21:21:22.520 連線確認 E122828927 (21,21)
[1540] 2015/03/11 21:22:22.534 連線確認 E122828927 (21,21)
[1540] 2015/03/11 21:23:22.547 連線確認 E122828927 (21,21)
[1540] 2015/03/11 21:24:22.562 連線確認 E122828927 (21,21)
[1540] 2015/03/11 21:24:30.811 收到 Head 資訊 {Count 2} {Type B } 
[1540] 2015/03/11 21:25:22.575 連線確認 E122828927 (21,21)
[1540] 2015/03/11 21:26:22.589 連線確認 E122828927 (21,21)
[1540] 2015/03/11 21:27:22.602 連線確認 E122828927 (21,21)
[1540] 2015/03/11 21:28:22.615 連線確認 E122828927 (21,21)
[1540] 2015/03/11 21:29:22.630 連線確認 E122828927 (21,21)
[1540] 2015/03/11 21:29:31.826 收到 Head 資訊 {Count 2} {Type B } 
[1540] 2015/03/11 21:30:22.642 連線確認 E122828927 (21,21)
[1540] 2015/03/11 21:31:22.657 連線確認 E122828927 (21,21)
[1540] 2015/03/11 21:32:22.669 連線確認 E122828927 (21,21)
[1540] 2015/03/11 21:33:22.685 連線確認 E122828927 (21,21)
[1540] 2015/03/11 21:34:22.697 連線確認 E122828927 (21,21)
[1540] 2015/03/11 21:34:32.849 收到 Head 資訊 {Count 2} {Type B } 
[1540] 2015/03/11 21:35:22.711 連線確認 E122828927 (21,21)
[1540] 2015/03/11 21:36:22.724 連線確認 E122828927 (21,21)
[1540] 2015/03/11 21:37:22.737 連線確認 E122828927 (21,21)
[1540] 2015/03/11 21:38:22.751 連線確認 E122828927 (21,21)
[1540] 2015/03/11 21:39:22.766 連線確認 E122828927 (21,21)
[1540] 2015/03/11 21:39:33.516 收到 Head 資訊 {Count 2} {Type B } 
[1540] 2015/03/11 21:40:22.779 連線確認 E122828927 (21,21)
[1540] 2015/03/11 21:41:22.792 連線確認 E122828927 (21,21)
[1540] 2015/03/11 21:42:22.805 連線確認 E122828927 (21,21)
[1540] 2015/03/11 21:43:22.819 連線確認 E122828927 (21,21)
[1540] 2015/03/11 21:44:22.834 連線確認 E122828927 (21,21)
[1540] 2015/03/11 21:44:34.494 收到 Head 資訊 {Count 2} {Type B } 
[1540] 2015/03/11 21:45:22.847 連線確認 E122828927 (21,21)
[1540] 2015/03/11 21:46:22.860 連線確認 E122828927 (21,21)
[1540] 2015/03/11 21:47:22.874 連線確認 E122828927 (21,21)
[1540] 2015/03/11 21:48:22.888 連線確認 E122828927 (21,21)
[1540] 2015/03/11 21:49:22.901 連線確認 E122828927 (21,21)
[1540] 2015/03/11 21:49:35.500 收到 Head 資訊 {Count 2} {Type B } 
[1540] 2015/03/11 21:50:22.915 連線確認 E122828927 (21,21)
[1540] 2015/03/11 21:51:22.929 連線確認 E122828927 (21,21)
[1540] 2015/03/11 21:52:22.941 連線確認 E122828927 (21,21)
[1540] 2015/03/11 21:53:22.955 連線確認 E122828927 (21,21)
[1540] 2015/03/11 21:54:22.968 連線確認 E122828927 (21,21)
[1540] 2015/03/11 21:54:36.572 收到 Head 資訊 {Count 2} {Type B } 
[1540] 2015/03/11 21:55:22.983 連線確認 E122828927 (21,21)
[1540] 2015/03/11 21:56:22.995 連線確認 E122828927 (21,21)
[1540] 2015/03/11 21:57:23.011 連線確認 E122828927 (21,21)
[1540] 2015/03/11 21:58:23.023 連線確認 E122828927 (21,21)
[1540] 2015/03/11 21:59:23.036 連線確認 E122828927 (21,21)
[1540] 2015/03/11 21:59:37.583 收到 Head 資訊 {Count 2} {Type B } 
[1540] 2015/03/11 22:00:23.050 連線確認 E122828927 (21,21)
[1540] 2015/03/11 22:01:23.063 連線確認 E122828927 (21,21)
[1540] 2015/03/11 22:02:23.077 連線確認 E122828927 (21,21)
[1540] 2015/03/11 22:03:23.091 連線確認 E122828927 (21,21)
[1540] 2015/03/11 22:04:23.105 連線確認 E122828927 (21,21)
[1540] 2015/03/11 22:04:38.602 收到 Head 資訊 {Count 2} {Type B } 
[1540] 2015/03/11 22:05:23.119 連線確認 E122828927 (21,21)
[1540] 2015/03/11 22:06:23.132 連線確認 E122828927 (21,21)
[1540] 2015/03/11 22:07:23.146 連線確認 E122828927 (21,21)
[1540] 2015/03/11 22:08:23.159 連線確認 E122828927 (21,21)
[1540] 2015/03/11 22:09:23.173 連線確認 E122828927 (21,21)
[1540] 2015/03/11 22:09:39.248 收到 Head 資訊 {Count 2} {Type B } 
[1540] 2015/03/11 22:10:23.187 連線確認 E122828927 (21,21)
[1540] 2015/03/11 22:11:23.200 連線確認 E122828927 (21,21)
[1540] 2015/03/11 22:12:23.214 連線確認 E122828927 (21,21)
[1540] 2015/03/11 22:13:23.226 連線確認 E122828927 (21,21)
[1540] 2015/03/11 22:14:23.241 連線確認 E122828927 (21,21)
[1540] 2015/03/11 22:14:40.246 收到 Head 資訊 {Count 2} {Type B } 
[1540] 2015/03/11 22:15:23.255 連線確認 E122828927 (21,21)
[1540] 2015/03/11 22:16:23.267 連線確認 E122828927 (21,21)
[1540] 2015/03/11 22:17:23.282 連線確認 E122828927 (21,21)
[1540] 2015/03/11 22:18:23.295 連線確認 E122828927 (21,21)
[1540] 2015/03/11 22:19:23.309 連線確認 E122828927 (21,21)
[1540] 2015/03/11 22:19:41.245 收到 Head 資訊 {Count 2} {Type B } 
[1540] 2015/03/11 22:20:23.322 連線確認 E122828927 (21,21)
[1540] 2015/03/11 22:21:23.336 連線確認 E122828927 (21,21)
[1540] 2015/03/11 22:22:23.350 連線確認 E122828927 (21,21)
[1540] 2015/03/11 22:23:23.362 連線確認 E122828927 (21,21)
[1540] 2015/03/11 22:24:23.377 連線確認 E122828927 (21,21)
[1540] 2015/03/11 22:24:42.225 收到 Head 資訊 {Count 2} {Type B } 
[1540] 2015/03/11 22:25:23.389 連線確認 E122828927 (21,21)
[1540] 2015/03/11 22:26:23.404 連線確認 E122828927 (21,21)
[1540] 2015/03/11 22:27:23.417 連線確認 E122828927 (21,21)
[1540] 2015/03/11 22:28:23.431 連線確認 E122828927 (21,21)
[1540] 2015/03/11 22:29:23.444 連線確認 E122828927 (21,21)
[1540] 2015/03/11 22:29:43.243 收到 Head 資訊 {Count 2} {Type B } 
[1540] 2015/03/11 22:30:23.457 連線確認 E122828927 (21,21)
[1540] 2015/03/11 22:31:23.472 連線確認 E122828927 (21,21)
[1540] 2015/03/11 22:32:23.485 連線確認 E122828927 (21,21)
[1540] 2015/03/11 22:33:23.500 連線確認 E122828927 (21,21)
[1540] 2015/03/11 22:34:23.513 連線確認 E122828927 (21,21)
[1540] 2015/03/11 22:34:44.274 收到 Head 資訊 {Count 2} {Type B } 
[1540] 2015/03/11 22:35:23.525 連線確認 E122828927 (21,21)
[1540] 2015/03/11 22:36:23.538 連線確認 E122828927 (21,21)
[1540] 2015/03/11 22:37:23.553 連線確認 E122828927 (21,21)
[1540] 2015/03/11 22:38:23.567 連線確認 E122828927 (21,21)
[1540] 2015/03/11 22:39:23.581 連線確認 E122828927 (21,21)
[1540] 2015/03/11 22:39:45.228 收到 Head 資訊 {Count 2} {Type B } 
[1540] 2015/03/11 22:40:23.593 連線確認 E122828927 (21,21)
[1540] 2015/03/11 22:41:23.608 連線確認 E122828927 (21,21)
[1540] 2015/03/11 22:42:23.621 連線確認 E122828927 (21,21)
[1540] 2015/03/11 22:43:23.635 連線確認 E122828927 (21,21)
[1540] 2015/03/11 22:44:23.649 連線確認 E122828927 (21,21)
[1540] 2015/03/11 22:44:46.273 收到 Head 資訊 {Count 2} {Type B } 
[1540] 2015/03/11 22:45:23.661 連線確認 E122828927 (21,21)
[1540] 2015/03/11 22:46:23.676 連線確認 E122828927 (21,21)
[1540] 2015/03/11 22:47:23.689 連線確認 E122828927 (21,21)
[1540] 2015/03/11 22:48:23.703 連線確認 E122828927 (21,21)
[1540] 2015/03/11 22:49:23.717 連線確認 E122828927 (21,21)
[1540] 2015/03/11 22:49:47.241 收到 Head 資訊 {Count 2} {Type B } 
[1540] 2015/03/11 22:50:23.730 連線確認 E122828927 (21,21)
[1540] 2015/03/11 22:51:23.743 連線確認 E122828927 (21,21)
[1540] 2015/03/11 22:52:23.756 連線確認 E122828927 (21,21)
[1540] 2015/03/11 22:53:23.770 連線確認 E122828927 (21,21)
[1540] 2015/03/11 22:54:23.785 連線確認 E122828927 (21,21)
[1540] 2015/03/11 22:54:48.791 收到 Head 資訊 {Count 2} {Type B } 
[1540] 2015/03/11 22:55:23.797 連線確認 E122828927 (21,21)
[1540] 2015/03/11 22:56:23.811 連線確認 E122828927 (21,21)
[1540] 2015/03/11 22:57:23.824 連線確認 E122828927 (21,21)
[1540] 2015/03/11 22:58:23.839 連線確認 E122828927 (21,21)
[1540] 2015/03/11 22:59:23.851 連線確認 E122828927 (21,21)
[1540] 2015/03/11 22:59:49.800 收到 Head 資訊 {Count 2} {Type B } 
[1540] 2015/03/11 23:00:23.865 連線確認 E122828927 (21,21)
[1540] 2015/03/11 23:01:23.879 連線確認 E122828927 (21,21)
[1540] 2015/03/11 23:02:23.893 連線確認 E122828927 (21,21)
[1540] 2015/03/11 23:03:23.907 連線確認 E122828927 (21,21)
[1540] 2015/03/11 23:04:23.919 連線確認 E122828927 (21,21)
[1540] 2015/03/11 23:04:50.834 收到 Head 資訊 {Count 2} {Type B } 
[1540] 2015/03/11 23:05:23.933 連線確認 E122828927 (21,21)
[1540] 2015/03/11 23:06:23.946 連線確認 E122828927 (21,21)
[1540] 2015/03/11 23:07:23.961 連線確認 E122828927 (21,21)
[1540] 2015/03/11 23:08:23.974 連線確認 E122828927 (21,21)
[1540] 2015/03/11 23:09:23.988 連線確認 E122828927 (21,21)
[1540] 2015/03/11 23:09:51.717 收到 Head 資訊 {Count 2} {Type B } 
[1540] 2015/03/11 23:10:24.002 連線確認 E122828927 (21,21)
[1540] 2015/03/11 23:11:24.015 連線確認 E122828927 (21,21)
[1540] 2015/03/11 23:12:24.028 連線確認 E122828927 (21,21)
[1540] 2015/03/11 23:13:24.042 連線確認 E122828927 (21,21)
[1540] 2015/03/11 23:14:24.056 連線確認 E122828927 (21,21)
[1540] 2015/03/11 23:14:52.741 收到 Head 資訊 {Count 2} {Type B } 
[1540] 2015/03/11 23:15:24.070 連線確認 E122828927 (21,21)
[1540] 2015/03/11 23:16:24.082 連線確認 E122828927 (21,21)
[1540] 2015/03/11 23:17:24.097 連線確認 E122828927 (21,21)
[1540] 2015/03/11 23:18:24.111 連線確認 E122828927 (21,21)
[1540] 2015/03/11 23:19:24.123 連線確認 E122828927 (21,21)
[1540] 2015/03/11 23:19:53.746 收到 Head 資訊 {Count 2} {Type B } 
[1540] 2015/03/11 23:20:24.138 連線確認 E122828927 (21,21)
[1540] 2015/03/11 23:21:24.151 連線確認 E122828927 (21,21)
[1540] 2015/03/11 23:22:24.164 連線確認 E122828927 (21,21)
[1540] 2015/03/11 23:23:24.179 連線確認 E122828927 (21,21)
[1540] 2015/03/11 23:24:24.192 連線確認 E122828927 (21,21)
[1540] 2015/03/11 23:24:54.398 收到 Head 資訊 {Count 2} {Type B } 
[1540] 2015/03/11 23:25:24.206 連線確認 E122828927 (21,21)
[1540] 2015/03/11 23:26:24.219 連線確認 E122828927 (21,21)
[1540] 2015/03/11 23:27:24.233 連線確認 E122828927 (21,21)
[1540] 2015/03/11 23:28:24.245 連線確認 E122828927 (21,21)
[1540] 2015/03/11 23:29:24.259 連線確認 E122828927 (21,21)
[1540] 2015/03/11 23:29:55.421 收到 Head 資訊 {Count 2} {Type B } 
[1540] 2015/03/11 23:30:24.273 連線確認 E122828927 (21,21)
[1540] 2015/03/11 23:31:24.287 連線確認 E122828927 (21,21)
[1540] 2015/03/11 23:32:24.301 連線確認 E122828927 (21,21)
[1540] 2015/03/11 23:33:24.314 連線確認 E122828927 (21,21)
[1540] 2015/03/11 23:34:24.328 連線確認 E122828927 (21,21)
[1540] 2015/03/11 23:34:56.421 收到 Head 資訊 {Count 2} {Type B } 
[1540] 2015/03/11 23:35:24.340 連線確認 E122828927 (21,21)
[1540] 2015/03/11 23:36:24.355 連線確認 E122828927 (21,21)
[1540] 2015/03/11 23:37:24.369 連線確認 E122828927 (21,21)
[1540] 2015/03/11 23:38:24.382 連線確認 E122828927 (21,21)
[1540] 2015/03/11 23:39:24.394 連線確認 E122828927 (21,21)
[1540] 2015/03/11 23:39:57.471 收到 Head 資訊 {Count 2} {Type B } 
[1540] 2015/03/11 23:40:24.409 連線確認 E122828927 (21,21)
[1540] 2015/03/11 23:41:24.423 連線確認 E122828927 (21,21)
[1540] 2015/03/11 23:42:24.437 連線確認 E122828927 (21,21)
[1540] 2015/03/11 23:43:24.449 連線確認 E122828927 (21,21)
[1540] 2015/03/11 23:44:24.465 連線確認 E122828927 (21,21)
[1540] 2015/03/11 23:44:58.458 收到 Head 資訊 {Count 2} {Type B } 
[1540] 2015/03/11 23:45:24.477 連線確認 E122828927 (21,21)
[1540] 2015/03/11 23:46:24.490 連線確認 E122828927 (21,21)
[1540] 2015/03/11 23:47:24.504 連線確認 E122828927 (21,21)
[1540] 2015/03/11 23:48:24.518 連線確認 E122828927 (21,21)
[1540] 2015/03/11 23:49:24.531 連線確認 E122828927 (21,21)
[1540] 2015/03/11 23:49:59.475 收到 Head 資訊 {Count 2} {Type B } 
[1540] 2015/03/11 23:50:24.544 連線確認 E122828927 (21,21)
[1540] 2015/03/11 23:51:24.559 連線確認 E122828927 (21,21)
[1540] 2015/03/11 23:52:24.573 連線確認 E122828927 (21,21)
[1540] 2015/03/11 23:53:24.585 連線確認 E122828927 (21,21)
[1540] 2015/03/11 23:54:24.598 連線確認 E122828927 (21,21)
[1540] 2015/03/11 23:55:00.783 收到 Head 資訊 {Count 2} {Type B } 
[1540] 2015/03/11 23:55:24.613 連線確認 E122828927 (21,21)
[1540] 2015/03/11 23:56:24.626 連線確認 E122828927 (21,21)
[1540] 2015/03/11 23:57:24.641 連線確認 E122828927 (21,21)
[1540] 2015/03/11 23:58:24.654 連線確認 E122828927 (21,21)
[1540] 2015/03/11 23:59:24.668 連線確認 E122828927 (21,21)
[1540] 2015/03/12 00:00:01.771 收到 Head 資訊 {Count 2} {Type B } 
[1540] 2015/03/12 00:00:24.681 連線確認 E122828927 (21,21)
[1540] 2015/03/12 00:01:24.694 連線確認 E122828927 (21,21)
[1540] 2015/03/12 00:02:24.707 連線確認 E122828927 (21,21)
[1540] 2015/03/12 00:03:24.720 連線確認 E122828927 (21,21)
[1540] 2015/03/12 00:04:24.735 連線確認 E122828927 (21,21)
[1540] 2015/03/12 00:05:02.767 收到 Head 資訊 {Count 2} {Type B } 
[1540] 2015/03/12 00:05:24.749 連線確認 E122828927 (21,21)
[1540] 2015/03/12 00:06:24.762 連線確認 E122828927 (21,21)
[1540] 2015/03/12 00:07:24.776 連線確認 E122828927 (21,21)
[1540] 2015/03/12 00:08:24.788 連線確認 E122828927 (21,21)
[1540] 2015/03/12 00:09:24.804 連線確認 E122828927 (21,21)
[1540] 2015/03/12 00:10:03.309 收到 Head 資訊 {Count 2} {Type B } 
[1540] 2015/03/12 00:10:24.816 連線確認 E122828927 (21,21)
[1540] 2015/03/12 00:11:24.830 連線確認 E122828927 (21,21)
[1540] 2015/03/12 00:12:24.844 連線確認 E122828927 (21,21)
[1540] 2015/03/12 00:13:24.856 連線確認 E122828927 (21,21)
[1540] 2015/03/12 00:14:24.870 連線確認 E122828927 (21,21)
[1540] 2015/03/12 00:15:04.304 收到 Head 資訊 {Count 2} {Type B } 
[1540] 2015/03/12 00:15:24.884 連線確認 E122828927 (21,21)
[1540] 2015/03/12 00:16:24.899 連線確認 E122828927 (21,21)
[1540] 2015/03/12 00:17:24.912 連線確認 E122828927 (21,21)
[1540] 2015/03/12 00:18:24.926 連線確認 E122828927 (21,21)
[1540] 2015/03/12 00:19:24.938 連線確認 E122828927 (21,21)
[1540] 2015/03/12 00:20:05.304 收到 Head 資訊 {Count 2} {Type B } 
[1540] 2015/03/12 00:20:24.953 連線確認 E122828927 (21,21)
[1540] 2015/03/12 00:21:24.965 連線確認 E122828927 (21,21)
[1540] 2015/03/12 00:22:24.980 連線確認 E122828927 (21,21)
[1540] 2015/03/12 00:23:24.993 連線確認 E122828927 (21,21)
[1540] 2015/03/12 00:24:25.007 連線確認 E122828927 (21,21)
[1540] 2015/03/12 00:25:06.277 收到 Head 資訊 {Count 2} {Type B } 
[1540] 2015/03/12 00:25:25.020 連線確認 E122828927 (21,21)
[1540] 2015/03/12 00:26:25.034 連線確認 E122828927 (21,21)
[1540] 2015/03/12 00:27:25.048 連線確認 E122828927 (21,21)
[1540] 2015/03/12 00:28:25.061 連線確認 E122828927 (21,21)
[1540] 2015/03/12 00:29:25.075 連線確認 E122828927 (21,21)
[1540] 2015/03/12 00:30:07.268 收到 Head 資訊 {Count 2} {Type B } 
[1540] 2015/03/12 00:30:25.088 連線確認 E122828927 (21,21)
[1540] 2015/03/12 00:31:25.101 連線確認 E122828927 (21,21)
[1540] 2015/03/12 00:32:25.115 連線確認 E122828927 (21,21)
[1540] 2015/03/12 00:33:25.130 連線確認 E122828927 (21,21)
[1540] 2015/03/12 00:34:25.143 連線確認 E122828927 (21,21)
[1540] 2015/03/12 00:35:08.289 收到 Head 資訊 {Count 2} {Type B } 
[1540] 2015/03/12 00:35:25.156 連線確認 E122828927 (21,21)
[1540] 2015/03/12 00:36:25.170 連線確認 E122828927 (21,21)
[1540] 2015/03/12 00:37:25.182 連線確認 E122828927 (21,21)
[1540] 2015/03/12 00:38:25.197 連線確認 E122828927 (21,21)
[1540] 2015/03/12 00:39:25.210 連線確認 E122828927 (21,21)
[1540] 2015/03/12 00:40:09.338 收到 Head 資訊 {Count 2} {Type B } 
[1540] 2015/03/12 00:40:25.224 連線確認 E122828927 (21,21)
[1540] 2015/03/12 00:41:25.238 連線確認 E122828927 (21,21)
[1540] 2015/03/12 00:42:25.250 連線確認 E122828927 (21,21)
[1540] 2015/03/12 00:43:25.265 連線確認 E122828927 (21,21)
[1540] 2015/03/12 00:44:25.279 連線確認 E122828927 (21,21)
[1540] 2015/03/12 00:45:10.365 收到 Head 資訊 {Count 2} {Type B } 
[1540] 2015/03/12 00:45:25.292 連線確認 E122828927 (21,21)
[1540] 2015/03/12 00:46:25.306 連線確認 E122828927 (21,21)
[1540] 2015/03/12 00:47:25.318 連線確認 E122828927 (21,21)
[1540] 2015/03/12 00:48:25.333 連線確認 E122828927 (21,21)
[1540] 2015/03/12 00:49:25.345 連線確認 E122828927 (21,21)
[1540] 2015/03/12 00:50:11.355 收到 Head 資訊 {Count 2} {Type B } 
[1540] 2015/03/12 00:50:25.360 連線確認 E122828927 (21,21)
[1540] 2015/03/12 00:51:25.374 連線確認 E122828927 (21,21)
[1540] 2015/03/12 00:52:25.387 連線確認 E122828927 (21,21)
[1540] 2015/03/12 00:53:25.400 連線確認 E122828927 (21,21)
[1540] 2015/03/12 00:54:25.415 連線確認 E122828927 (21,21)
[1540] 2015/03/12 00:55:12.561 收到 Head 資訊 {Count 2} {Type B } 
[1540] 2015/03/12 00:55:25.427 連線確認 E122828927 (21,21)
[1540] 2015/03/12 00:56:25.441 連線確認 E122828927 (21,21)
[1540] 2015/03/12 00:57:25.455 連線確認 E122828927 (21,21)
[1540] 2015/03/12 00:58:25.469 連線確認 E122828927 (21,21)
[1540] 2015/03/12 00:59:25.481 連線確認 E122828927 (21,21)
[1540] 2015/03/12 01:00:13.579 收到 Head 資訊 {Count 2} {Type B } 
[1540] 2015/03/12 01:00:25.496 連線確認 E122828927 (21,21)
[1540] 2015/03/12 01:01:25.509 連線確認 E122828927 (21,21)
[1540] 2015/03/12 01:02:25.523 連線確認 E122828927 (21,21)
[1540] 2015/03/12 01:03:25.536 連線確認 E122828927 (21,21)
[1540] 2015/03/12 01:04:25.550 連線確認 E122828927 (21,21)
[1540] 2015/03/12 01:05:14.586 收到 Head 資訊 {Count 2} {Type B } 
[1540] 2015/03/12 01:05:25.563 連線確認 E122828927 (21,21)
[1540] 2015/03/12 01:06:25.577 連線確認 E122828927 (21,21)
[1540] 2015/03/12 01:07:25.592 連線確認 E122828927 (21,21)
[1540] 2015/03/12 01:08:25.605 連線確認 E122828927 (21,21)
[1540] 2015/03/12 01:09:25.617 連線確認 E122828927 (21,21)
[1540] 2015/03/12 01:10:15.825 收到 Head 資訊 {Count 2} {Type B } 
[1540] 2015/03/12 01:10:25.632 連線確認 E122828927 (21,21)
[1540] 2015/03/12 01:11:25.645 連線確認 E122828927 (21,21)
[1540] 2015/03/12 01:12:25.659 連線確認 E122828927 (21,21)
[1540] 2015/03/12 01:13:25.672 連線確認 E122828927 (21,21)
[1540] 2015/03/12 01:14:25.686 連線確認 E122828927 (21,21)
[1540] 2015/03/12 01:15:16.831 收到 Head 資訊 {Count 2} {Type B } 
[1540] 2015/03/12 01:15:25.700 連線確認 E122828927 (21,21)
[1540] 2015/03/12 01:16:25.712 連線確認 E122828927 (21,21)
[1540] 2015/03/12 01:17:25.727 連線確認 E122828927 (21,21)
[1540] 2015/03/12 01:18:25.741 連線確認 E122828927 (21,21)
[1540] 2015/03/12 01:19:25.754 連線確認 E122828927 (21,21)
[1540] 2015/03/12 01:20:17.850 收到 Head 資訊 {Count 2} {Type B } 
[1540] 2015/03/12 01:20:25.767 連線確認 E122828927 (21,21)
[1540] 2015/03/12 01:21:25.781 連線確認 E122828927 (21,21)
[1540] 2015/03/12 01:22:25.795 連線確認 E122828927 (21,21)
[1540] 2015/03/12 01:23:25.808 連線確認 E122828927 (21,21)
[1540] 2015/03/12 01:24:25.821 連線確認 E122828927 (21,21)
[1540] 2015/03/12 01:25:18.393 收到 Head 資訊 {Count 2} {Type B } 
[1540] 2015/03/12 01:25:25.836 連線確認 E122828927 (21,21)
[1540] 2015/03/12 01:26:25.849 連線確認 E122828927 (21,21)
[1540] 2015/03/12 01:27:25.863 連線確認 E122828927 (21,21)
[1540] 2015/03/12 01:28:25.875 連線確認 E122828927 (21,21)
[1540] 2015/03/12 01:29:25.890 連線確認 E122828927 (21,21)
[1540] 2015/03/12 01:30:19.406 收到 Head 資訊 {Count 2} {Type B } 
[1540] 2015/03/12 01:30:25.903 連線確認 E122828927 (21,21)
[1540] 2015/03/12 01:31:25.916 連線確認 E122828927 (21,21)
[1540] 2015/03/12 01:32:25.930 連線確認 E122828927 (21,21)
[1540] 2015/03/12 01:33:25.944 連線確認 E122828927 (21,21)
[1540] 2015/03/12 01:34:25.958 連線確認 E122828927 (21,21)
[1540] 2015/03/12 01:35:20.409 收到 Head 資訊 {Count 2} {Type B } 
[1540] 2015/03/12 01:35:25.970 連線確認 E122828927 (21,21)
[1540] 2015/03/12 01:36:25.985 連線確認 E122828927 (21,21)
[1540] 2015/03/12 01:37:25.998 連線確認 E122828927 (21,21)
[1540] 2015/03/12 01:38:26.013 連線確認 E122828927 (21,21)
[1540] 2015/03/12 01:39:26.025 連線確認 E122828927 (21,21)
[1540] 2015/03/12 01:40:21.325 收到 Head 資訊 {Count 2} {Type B } 
[1540] 2015/03/12 01:40:26.039 連線確認 E122828927 (21,21)
[1540] 2015/03/12 01:41:26.052 連線確認 E122828927 (21,21)
[1540] 2015/03/12 01:42:26.067 連線確認 E122828927 (21,21)
[1540] 2015/03/12 01:43:26.080 連線確認 E122828927 (21,21)
[1540] 2015/03/12 01:44:26.094 連線確認 E122828927 (21,21)
[1540] 2015/03/12 01:45:22.342 收到 Head 資訊 {Count 2} {Type B } 
[1540] 2015/03/12 01:45:26.106 連線確認 E122828927 (21,21)
[1540] 2015/03/12 01:46:26.121 連線確認 E122828927 (21,21)
[1540] 2015/03/12 01:47:26.135 連線確認 E122828927 (21,21)
[1540] 2015/03/12 01:48:26.148 連線確認 E122828927 (21,21)
[1540] 2015/03/12 01:49:26.162 連線確認 E122828927 (21,21)
[1540] 2015/03/12 01:50:23.328 收到 Head 資訊 {Count 2} {Type B } 
[1540] 2015/03/12 01:50:26.175 連線確認 E122828927 (21,21)
[1540] 2015/03/12 01:51:26.188 連線確認 E122828927 (21,21)
[1540] 2015/03/12 01:52:26.202 連線確認 E122828927 (21,21)
[1540] 2015/03/12 01:53:26.216 連線確認 E122828927 (21,21)
[1540] 2015/03/12 01:54:26.229 連線確認 E122828927 (21,21)
[1540] 2015/03/12 01:55:24.339 收到 Head 資訊 {Count 2} {Type B } 
[1540] 2015/03/12 01:55:26.243 連線確認 E122828927 (21,21)
[1540] 2015/03/12 01:56:26.256 連線確認 E122828927 (21,21)
[1540] 2015/03/12 01:57:26.270 連線確認 E122828927 (21,21)
[1540] 2015/03/12 01:58:26.283 連線確認 E122828927 (21,21)
[1540] 2015/03/12 01:59:26.298 連線確認 E122828927 (21,21)
