[3044] 2015/02/27 07:09:36.764 API InitInstance 
[3044] 2015/02/27 07:09:37.107 E122828927 連線 Code：0
[3044] 2015/02/27 07:09:38.115 收到 Head 資訊 {Count 2} {Type A } 
[3044] 2015/02/27 07:09:38.118              OFDNF0200001709003B20OSE    JNM   201503                     x54280001881500000000000000000000000000000000000000000000000000000000000000000100010000201502260630540000006600000008706 
[3044] 2015/02/27 07:09:38.131 收到 Head 資訊 {Count 2} {Type A } 
[3044] 2015/02/27 07:09:38.133              OFDNF0200001709003S10OSE    JNM   201503                     x65490001884500000000000000000000000000000000000000000000000000000000000000000100010000201502260630540000006700000008706 
[3044] 2015/02/27 07:09:38.139 收到 Head 資訊 {Count 2} {Type A } 
[3044] 2015/02/27 07:09:38.141              OFDNF0200001709003S20OSE    JNM   201503                     x65510001884500000000000000000000000000000000000000000000000000000000000000000100010000201502260630540000006800000008706 
[3044] 2015/02/27 07:09:38.148 收到 Head 資訊 {Count 2} {Type A } 
[3044] 2015/02/27 07:09:38.149              OFDNF0200001709003B20OSE    JNM   201503                     x65560001885000000000000000000000000000000000000000000000000000000000000000000200020000201502260630540000006900000008706 
[3044] 2015/02/27 07:09:38.155 收到 Head 資訊 {Count 2} {Type A } 
[3044] 2015/02/27 07:09:38.157              OFDNF0200001709003S20OSE    JNM   201503                     x65460001885000000000000000000000000000000000000000000000000000000000000000000100010000201502260630540000007000000008706 
[3044] 2015/02/27 07:09:38.163 收到 Head 資訊 {Count 2} {Type A } 
[3044] 2015/02/27 07:09:38.165              OFDNF0200001709003B20OSE    JNM   201503                     x65630001885500000000000000000000000000000000000000000000000000000000000000000100010000201502260630540000007100000008706 
[3044] 2015/02/27 07:09:38.171 收到 Head 資訊 {Count 2} {Type A } 
[3044] 2015/02/27 07:09:38.173              OFDNF0200001709003S20OSE    JNM   201503                     x66980001884500000000000000000000000000000000000000000000000000000000000000000100010000201502260630540000007200000008706 
[3044] 2015/02/27 07:09:38.179 收到 Head 資訊 {Count 2} {Type A } 
[3044] 2015/02/27 07:09:38.181              OFDNF0200001709003S20OSE    JNM   201503                     x65600001885500000000000000000000000000000000000000000000000000000000000000000100010000201502260630540000007300000008706 
[3044] 2015/02/27 07:09:38.187 收到 Head 資訊 {Count 2} {Type C } 
[3044] 2015/02/27 07:09:38.189 收到 Head 資訊 {Count 2} {Type C } 
[3044] 2015/02/27 07:09:38.191 收到 Head 資訊 {Count 2} {Type C } 
[3044] 2015/02/27 07:09:38.192 收到 Head 資訊 {Count 2} {Type C } 
[3044] 2015/02/27 07:09:38.194 收到 Head 資訊 {Count 2} {Type C } 
[3044] 2015/02/27 07:09:38.196 收到 Head 資訊 {Count 2} {Type C } 
[3044] 2015/02/27 07:09:38.198 收到 Head 資訊 {Count 2} {Type C } 
[3044] 2015/02/27 07:09:38.200 收到 Head 資訊 {Count 2} {Type C } 
[3044] 2015/02/27 07:09:38.202 收到 Head 資訊 {Count 2} {Type C } 
[3044] 2015/02/27 07:09:38.203 收到 Head 資訊 {Count 2} {Type C } 
[3044] 2015/02/27 07:09:38.205 收到 Head 資訊 {Count 2} {Type C } 
[3044] 2015/02/27 07:09:38.207 收到 Head 資訊 {Count 2} {Type C } 
[3044] 2015/02/27 07:09:38.209 收到 Head 資訊 {Count 2} {Type C } 
[3044] 2015/02/27 07:09:38.210 收到 Head 資訊 {Count 2} {Type C } 
[3044] 2015/02/27 07:09:38.212 收到 Head 資訊 {Count 2} {Type C } 
[3044] 2015/02/27 07:09:38.214 收到 Head 資訊 {Count 2} {Type C } 
[3044] 2015/02/27 07:09:38.216 收到 Head 資訊 {Count 2} {Type C } 
[3044] 2015/02/27 07:09:38.218 收到 Head 資訊 {Count 2} {Type C } 
[3044] 2015/02/27 07:09:38.219 收到 Head 資訊 {Count 2} {Type C } 
[3044] 2015/02/27 07:09:38.221 收到 Head 資訊 {Count 2} {Type C } 
[3044] 2015/02/27 07:09:38.223 收到 Head 資訊 {Count 2} {Type C } 
[3044] 2015/02/27 07:09:38.225 收到 Head 資訊 {Count 2} {Type C } 
[3044] 2015/02/27 07:09:38.227 收到 Head 資訊 {Count 2} {Type C } 
[3044] 2015/02/27 07:09:38.228 收到 Head 資訊 {Count 2} {Type C } 
[3044] 2015/02/27 07:09:38.230 收到 Head 資訊 {Count 2} {Type C } 
[3044] 2015/02/27 07:09:38.232 收到 Head 資訊 {Count 2} {Type C } 
[3044] 2015/02/27 07:09:38.234 收到 Head 資訊 {Count 2} {Type C } 
[3044] 2015/02/27 07:09:38.236 收到 Head 資訊 {Count 2} {Type C } 
[3044] 2015/02/27 07:09:38.238 收到 Head 資訊 {Count 2} {Type C } 
[3044] 2015/02/27 07:09:38.240 收到 Head 資訊 {Count 2} {Type C } 
[3044] 2015/02/27 07:09:38.241 收到 Head 資訊 {Count 2} {Type C } 
[3044] 2015/02/27 07:09:38.243 收到 Head 資訊 {Count 2} {Type C } 
[3044] 2015/02/27 07:09:38.245 收到 Head 資訊 {Count 2} {Type C } 
[3044] 2015/02/27 07:09:38.247 收到 Head 資訊 {Count 2} {Type C } 
[3044] 2015/02/27 07:09:38.249 收到 Head 資訊 {Count 2} {Type C } 
[3044] 2015/02/27 07:09:38.250 收到 Head 資訊 {Count 2} {Type C } 
[3044] 2015/02/27 07:09:38.252 收到 Head 資訊 {Count 2} {Type C } 
[3044] 2015/02/27 07:09:38.254 收到 Head 資訊 {Count 2} {Type C } 
[3044] 2015/02/27 07:09:38.256 收到 Head 資訊 {Count 2} {Type C } 
[3044] 2015/02/27 07:09:38.257 收到 Head 資訊 {Count 2} {Type C } 
[3044] 2015/02/27 07:09:38.259 收到 Head 資訊 {Count 2} {Type C } 
[3044] 2015/02/27 07:09:38.261 收到 Head 資訊 {Count 2} {Type C } 
[3044] 2015/02/27 07:09:38.262 收到 Head 資訊 {Count 2} {Type C } 
[3044] 2015/02/27 07:09:38.264 收到 Head 資訊 {Count 2} {Type C } 
[3044] 2015/02/27 07:09:38.266 收到 Head 資訊 {Count 2} {Type C } 
[3044] 2015/02/27 07:09:38.268 收到 Head 資訊 {Count 2} {Type C } 
[3044] 2015/02/27 07:09:38.269 收到 Head 資訊 {Count 2} {Type C } 
[3044] 2015/02/27 07:09:38.271 收到 Head 資訊 {Count 2} {Type C } 
[3044] 2015/02/27 07:09:38.273 收到 Head 資訊 {Count 2} {Type C } 
[3044] 2015/02/27 07:09:38.275 收到 Head 資訊 {Count 2} {Type C } 
[3044] 2015/02/27 07:09:38.277 收到 Head 資訊 {Count 2} {Type C } 
[3044] 2015/02/27 07:09:38.279 收到 Head 資訊 {Count 2} {Type C } 
[3044] 2015/02/27 07:09:38.280 收到 Head 資訊 {Count 2} {Type C } 
[3044] 2015/02/27 07:09:38.282 收到 Head 資訊 {Count 2} {Type C } 
[3044] 2015/02/27 07:09:38.284 收到 Head 資訊 {Count 2} {Type C } 
[3044] 2015/02/27 07:09:38.286 收到 Head 資訊 {Count 2} {Type C } 
[3044] 2015/02/27 07:09:38.287 收到 Head 資訊 {Count 2} {Type C } 
[3044] 2015/02/27 07:09:38.289 收到 Head 資訊 {Count 2} {Type C } 
[3044] 2015/02/27 07:09:38.291 收到 Head 資訊 {Count 2} {Type C } 
[3044] 2015/02/27 07:09:38.292 收到 Head 資訊 {Count 2} {Type C } 
[3044] 2015/02/27 07:09:38.294 收到 Head 資訊 {Count 2} {Type C } 
[3044] 2015/02/27 07:09:38.296 收到 Head 資訊 {Count 2} {Type C } 
[3044] 2015/02/27 07:09:38.298 收到 Head 資訊 {Count 2} {Type C } 
[3044] 2015/02/27 07:09:38.300 收到 Head 資訊 {Count 2} {Type C } 
[3044] 2015/02/27 07:09:38.302 收到 Head 資訊 {Count 2} {Type C } 
[3044] 2015/02/27 07:09:38.303 收到 Head 資訊 {Count 2} {Type C } 
[3044] 2015/02/27 07:09:38.305 收到 Head 資訊 {Count 2} {Type C } 
[3044] 2015/02/27 07:09:38.307 收到 Head 資訊 {Count 2} {Type C } 
[3044] 2015/02/27 07:09:38.308 收到 Head 資訊 {Count 2} {Type C } 
[3044] 2015/02/27 07:09:38.310 收到 Head 資訊 {Count 2} {Type C } 
[3044] 2015/02/27 07:09:38.312 收到 Head 資訊 {Count 2} {Type C } 
[3044] 2015/02/27 07:09:38.313 收到 Head 資訊 {Count 2} {Type C } 
[3044] 2015/02/27 07:09:38.315 收到 Head 資訊 {Count 2} {Type C } 
[3044] 2015/02/27 07:09:38.317 收到 Head 資訊 {Count 2} {Type C } 
[3044] 2015/02/27 07:09:38.319 收到 Head 資訊 {Count 2} {Type C } 
[3044] 2015/02/27 07:09:38.320 收到 Head 資訊 {Count 2} {Type C } 
[3044] 2015/02/27 07:09:38.322 收到 Head 資訊 {Count 2} {Type C } 
[3044] 2015/02/27 07:09:38.324 收到 Head 資訊 {Count 2} {Type C } 
[3044] 2015/02/27 07:09:38.326 收到 Head 資訊 {Count 2} {Type C } 
[3044] 2015/02/27 07:09:38.327 收到 Head 資訊 {Count 2} {Type C } 
[3044] 2015/02/27 07:09:38.329 收到 Head 資訊 {Count 2} {Type C } 
[3044] 2015/02/27 07:09:38.331 收到 Head 資訊 {Count 2} {Type C } 
[3044] 2015/02/27 07:09:38.333 收到 Head 資訊 {Count 2} {Type C } 
[3044] 2015/02/27 07:09:38.335 收到 Head 資訊 {Count 2} {Type C } 
[3044] 2015/02/27 07:09:38.337 收到 Head 資訊 {Count 2} {Type C } 
[3044] 2015/02/27 07:09:38.339 收到 Head 資訊 {Count 2} {Type C } 
[3044] 2015/02/27 07:09:38.340 收到 Head 資訊 {Count 2} {Type C } 
[3044] 2015/02/27 07:09:38.342 收到 Head 資訊 {Count 2} {Type C } 
[3044] 2015/02/27 07:09:38.344 收到 Head 資訊 {Count 2} {Type C } 
[3044] 2015/02/27 07:09:38.346 收到 Head 資訊 {Count 2} {Type C } 
[3044] 2015/02/27 07:09:38.348 收到 Head 資訊 {Count 2} {Type C } 
[3044] 2015/02/27 07:09:38.349 收到 Head 資訊 {Count 2} {Type B } 
[3044] 2015/02/27 07:09:43.429 收到 Head 資訊 {Count 2} {Type C } 
[3044] 2015/02/27 07:09:53.448 收到 Head 資訊 {Count 2} {Type C } 
[1608] 2015/02/27 07:10:19.664 API InitInstance 
[1608] 2015/02/27 07:10:20.031 E122828927 連線 Code：0
[1608] 2015/02/27 07:10:25.224 收到 Head 資訊 {Count 2} {Type A } 
[1608] 2015/02/27 07:10:25.228              OFDNF0200001709003B20OSE    JNM   201503                     x54280001881500000000000000000000000000000000000000000000000000000000000000000100010000201502260630540000006600000008706 
[1608] 2015/02/27 07:10:25.242 收到 Head 資訊 {Count 2} {Type A } 
[1608] 2015/02/27 07:10:25.244              OFDNF0200001709003S10OSE    JNM   201503                     x65490001884500000000000000000000000000000000000000000000000000000000000000000100010000201502260630540000006700000008706 
[1608] 2015/02/27 07:10:25.250 收到 Head 資訊 {Count 2} {Type A } 
[1608] 2015/02/27 07:10:25.252              OFDNF0200001709003S20OSE    JNM   201503                     x65510001884500000000000000000000000000000000000000000000000000000000000000000100010000201502260630540000006800000008706 
[1608] 2015/02/27 07:10:25.258 收到 Head 資訊 {Count 2} {Type A } 
[1608] 2015/02/27 07:10:25.260              OFDNF0200001709003B20OSE    JNM   201503                     x65560001885000000000000000000000000000000000000000000000000000000000000000000200020000201502260630540000006900000008706 
[1608] 2015/02/27 07:10:25.266 收到 Head 資訊 {Count 2} {Type A } 
[1608] 2015/02/27 07:10:25.268              OFDNF0200001709003S20OSE    JNM   201503                     x65460001885000000000000000000000000000000000000000000000000000000000000000000100010000201502260630540000007000000008706 
[1608] 2015/02/27 07:10:25.274 收到 Head 資訊 {Count 2} {Type A } 
[1608] 2015/02/27 07:10:25.276              OFDNF0200001709003B20OSE    JNM   201503                     x65630001885500000000000000000000000000000000000000000000000000000000000000000100010000201502260630540000007100000008706 
[1608] 2015/02/27 07:10:25.282 收到 Head 資訊 {Count 2} {Type A } 
[1608] 2015/02/27 07:10:25.283              OFDNF0200001709003S20OSE    JNM   201503                     x66980001884500000000000000000000000000000000000000000000000000000000000000000100010000201502260630540000007200000008706 
[1608] 2015/02/27 07:10:25.290 收到 Head 資訊 {Count 2} {Type A } 
[1608] 2015/02/27 07:10:25.291              OFDNF0200001709003S20OSE    JNM   201503                     x65600001885500000000000000000000000000000000000000000000000000000000000000000100010000201502260630540000007300000008706 
[1608] 2015/02/27 07:10:25.298 收到 Head 資訊 {Count 2} {Type C } 
[1608] 2015/02/27 07:10:25.299 收到 Head 資訊 {Count 2} {Type C } 
[1608] 2015/02/27 07:10:25.301 收到 Head 資訊 {Count 2} {Type C } 
[1608] 2015/02/27 07:10:25.303 收到 Head 資訊 {Count 2} {Type C } 
[1608] 2015/02/27 07:10:25.305 收到 Head 資訊 {Count 2} {Type C } 
[1608] 2015/02/27 07:10:25.307 收到 Head 資訊 {Count 2} {Type C } 
[1608] 2015/02/27 07:10:25.308 收到 Head 資訊 {Count 2} {Type C } 
[1608] 2015/02/27 07:10:25.310 收到 Head 資訊 {Count 2} {Type C } 
[1608] 2015/02/27 07:10:25.312 收到 Head 資訊 {Count 2} {Type C } 
[1608] 2015/02/27 07:10:25.314 收到 Head 資訊 {Count 2} {Type C } 
[1608] 2015/02/27 07:10:25.316 收到 Head 資訊 {Count 2} {Type C } 
[1608] 2015/02/27 07:10:25.318 收到 Head 資訊 {Count 2} {Type C } 
[1608] 2015/02/27 07:10:25.320 收到 Head 資訊 {Count 2} {Type C } 
[1608] 2015/02/27 07:10:25.321 收到 Head 資訊 {Count 2} {Type C } 
[1608] 2015/02/27 07:10:25.323 收到 Head 資訊 {Count 2} {Type C } 
[1608] 2015/02/27 07:10:25.326 收到 Head 資訊 {Count 2} {Type C } 
[1608] 2015/02/27 07:10:25.328 收到 Head 資訊 {Count 2} {Type C } 
[1608] 2015/02/27 07:10:25.330 收到 Head 資訊 {Count 2} {Type C } 
[1608] 2015/02/27 07:10:25.333 收到 Head 資訊 {Count 2} {Type C } 
[1608] 2015/02/27 07:10:25.335 收到 Head 資訊 {Count 2} {Type C } 
[1608] 2015/02/27 07:10:25.337 收到 Head 資訊 {Count 2} {Type C } 
[1608] 2015/02/27 07:10:25.338 收到 Head 資訊 {Count 2} {Type C } 
[1608] 2015/02/27 07:10:25.340 收到 Head 資訊 {Count 2} {Type C } 
[1608] 2015/02/27 07:10:25.342 收到 Head 資訊 {Count 2} {Type C } 
[1608] 2015/02/27 07:10:25.344 收到 Head 資訊 {Count 2} {Type C } 
[1608] 2015/02/27 07:10:25.345 收到 Head 資訊 {Count 2} {Type C } 
[1608] 2015/02/27 07:10:25.347 收到 Head 資訊 {Count 2} {Type C } 
[1608] 2015/02/27 07:10:25.349 收到 Head 資訊 {Count 2} {Type C } 
[1608] 2015/02/27 07:10:25.350 收到 Head 資訊 {Count 2} {Type C } 
[1608] 2015/02/27 07:10:25.352 收到 Head 資訊 {Count 2} {Type C } 
[1608] 2015/02/27 07:10:25.354 收到 Head 資訊 {Count 2} {Type C } 
[1608] 2015/02/27 07:10:25.355 收到 Head 資訊 {Count 2} {Type C } 
[1608] 2015/02/27 07:10:25.357 收到 Head 資訊 {Count 2} {Type C } 
[1608] 2015/02/27 07:10:25.359 收到 Head 資訊 {Count 2} {Type C } 
[1608] 2015/02/27 07:10:25.361 收到 Head 資訊 {Count 2} {Type C } 
[1608] 2015/02/27 07:10:25.362 收到 Head 資訊 {Count 2} {Type C } 
[1608] 2015/02/27 07:10:25.364 收到 Head 資訊 {Count 2} {Type C } 
[1608] 2015/02/27 07:10:25.366 收到 Head 資訊 {Count 2} {Type C } 
[1608] 2015/02/27 07:10:25.367 收到 Head 資訊 {Count 2} {Type C } 
[1608] 2015/02/27 07:10:25.369 收到 Head 資訊 {Count 2} {Type C } 
[1608] 2015/02/27 07:10:25.371 收到 Head 資訊 {Count 2} {Type C } 
[1608] 2015/02/27 07:10:25.373 收到 Head 資訊 {Count 2} {Type C } 
[1608] 2015/02/27 07:10:25.374 收到 Head 資訊 {Count 2} {Type C } 
[1608] 2015/02/27 07:10:25.376 收到 Head 資訊 {Count 2} {Type C } 
[1608] 2015/02/27 07:10:25.378 收到 Head 資訊 {Count 2} {Type C } 
[1608] 2015/02/27 07:10:25.380 收到 Head 資訊 {Count 2} {Type C } 
[1608] 2015/02/27 07:10:25.381 收到 Head 資訊 {Count 2} {Type C } 
[1608] 2015/02/27 07:10:25.383 收到 Head 資訊 {Count 2} {Type C } 
[1608] 2015/02/27 07:10:25.385 收到 Head 資訊 {Count 2} {Type C } 
[1608] 2015/02/27 07:10:25.387 收到 Head 資訊 {Count 2} {Type C } 
[1608] 2015/02/27 07:10:25.389 收到 Head 資訊 {Count 2} {Type C } 
[1608] 2015/02/27 07:10:25.390 收到 Head 資訊 {Count 2} {Type C } 
[1608] 2015/02/27 07:10:25.392 收到 Head 資訊 {Count 2} {Type C } 
[1608] 2015/02/27 07:10:25.394 收到 Head 資訊 {Count 2} {Type C } 
[1608] 2015/02/27 07:10:25.396 收到 Head 資訊 {Count 2} {Type C } 
[1608] 2015/02/27 07:10:25.397 收到 Head 資訊 {Count 2} {Type C } 
[1608] 2015/02/27 07:10:25.399 收到 Head 資訊 {Count 2} {Type C } 
[1608] 2015/02/27 07:10:25.401 收到 Head 資訊 {Count 2} {Type C } 
[1608] 2015/02/27 07:10:25.403 收到 Head 資訊 {Count 2} {Type C } 
[1608] 2015/02/27 07:10:25.404 收到 Head 資訊 {Count 2} {Type C } 
[1608] 2015/02/27 07:10:25.406 收到 Head 資訊 {Count 2} {Type C } 
[1608] 2015/02/27 07:10:25.408 收到 Head 資訊 {Count 2} {Type C } 
[1608] 2015/02/27 07:10:25.410 收到 Head 資訊 {Count 2} {Type C } 
[1608] 2015/02/27 07:10:25.412 收到 Head 資訊 {Count 2} {Type C } 
[1608] 2015/02/27 07:10:25.413 收到 Head 資訊 {Count 2} {Type C } 
[1608] 2015/02/27 07:10:25.415 收到 Head 資訊 {Count 2} {Type C } 
[1608] 2015/02/27 07:10:25.417 收到 Head 資訊 {Count 2} {Type C } 
[1608] 2015/02/27 07:10:25.418 收到 Head 資訊 {Count 2} {Type C } 
[1608] 2015/02/27 07:10:25.420 收到 Head 資訊 {Count 2} {Type C } 
[1608] 2015/02/27 07:10:25.422 收到 Head 資訊 {Count 2} {Type C } 
[1608] 2015/02/27 07:10:25.424 收到 Head 資訊 {Count 2} {Type C } 
[1608] 2015/02/27 07:10:25.425 收到 Head 資訊 {Count 2} {Type C } 
[1608] 2015/02/27 07:10:25.427 收到 Head 資訊 {Count 2} {Type C } 
[1608] 2015/02/27 07:10:25.429 收到 Head 資訊 {Count 2} {Type C } 
[1608] 2015/02/27 07:10:25.430 收到 Head 資訊 {Count 2} {Type C } 
[1608] 2015/02/27 07:10:25.432 收到 Head 資訊 {Count 2} {Type C } 
[1608] 2015/02/27 07:10:25.434 收到 Head 資訊 {Count 2} {Type C } 
[1608] 2015/02/27 07:10:25.436 收到 Head 資訊 {Count 2} {Type C } 
[1608] 2015/02/27 07:10:25.437 收到 Head 資訊 {Count 2} {Type C } 
[1608] 2015/02/27 07:10:25.439 收到 Head 資訊 {Count 2} {Type C } 
[1608] 2015/02/27 07:10:25.441 收到 Head 資訊 {Count 2} {Type C } 
[1608] 2015/02/27 07:10:25.443 收到 Head 資訊 {Count 2} {Type C } 
[1608] 2015/02/27 07:10:25.444 收到 Head 資訊 {Count 2} {Type C } 
[1608] 2015/02/27 07:10:25.446 收到 Head 資訊 {Count 2} {Type C } 
[1608] 2015/02/27 07:10:25.448 收到 Head 資訊 {Count 2} {Type C } 
[1608] 2015/02/27 07:10:25.450 收到 Head 資訊 {Count 2} {Type C } 
[1608] 2015/02/27 07:10:25.452 收到 Head 資訊 {Count 2} {Type C } 
[1608] 2015/02/27 07:10:25.454 收到 Head 資訊 {Count 2} {Type C } 
[1608] 2015/02/27 07:10:25.455 收到 Head 資訊 {Count 2} {Type C } 
[1608] 2015/02/27 07:10:25.457 收到 Head 資訊 {Count 2} {Type C } 
[1608] 2015/02/27 07:10:25.459 收到 Head 資訊 {Count 2} {Type C } 
[1608] 2015/02/27 07:10:25.461 收到 Head 資訊 {Count 2} {Type C } 
[1608] 2015/02/27 07:10:25.462 收到 Head 資訊 {Count 2} {Type C } 
[1608] 2015/02/27 07:10:25.464 收到 Head 資訊 {Count 2} {Type C } 
[1608] 2015/02/27 07:10:25.466 收到 Head 資訊 {Count 2} {Type D } 
[1608] 2015/02/27 07:10:25.467 收到 Head 資訊 {Count 2} {Type C } 
[1608] 2015/02/27 07:10:25.469 收到 Head 資訊 {Count 2} {Type C } 
[1608] 2015/02/27 07:10:25.471 收到 Head 資訊 {Count 2} {Type B } 
[3892] 2015/02/27 07:10:43.959 API InitInstance 
[3892] 2015/02/27 07:10:44.288 E122828927 連線 Code：0
[1864] 2015/02/27 07:13:24.220 API InitInstance 
[1864] 2015/02/27 07:13:24.527 E122828927 連線 Code：0
[1864] 2015/02/27 07:13:27.734 收到 Head 資訊 {Count 2} {Type A } 
[1864] 2015/02/27 07:13:27.736              OFDNF0200001709003B20OSE    JNM   201503                     x54280001881500000000000000000000000000000000000000000000000000000000000000000100010000201502260630540000006600000008706 
[1864] 2015/02/27 07:13:30.053 收到 Head 資訊 {Count 2} {Type A } 
[1252] 2015/02/27 07:14:54.273 API InitInstance 
[1252] 2015/02/27 07:14:55.122 E122828927 連線 Code：0
[1252] 2015/02/27 07:14:57.439 收到 Head 資訊 {Count 2} {Type A } 
[1252] 2015/02/27 07:14:58.975              OFDNF0200001709003B20OSE    JNM   201503                     x54280001881500000000000000000000000000000000000000000000000000000000000000000100010000201502260630540000006600000008706 
[1252] 2015/02/27 07:15:25.123 收到 Head 資訊 {Count 2} {Type A } 
[1252] 2015/02/27 07:15:31.905              OFDNF0200001709003S10OSE    JNM   201503                     x65490001884500000000000000000000000000000000000000000000000000000000000000000100010000201502260630540000006700000008706 
[1252] 2015/02/27 07:15:31.911 收到 Head 資訊 {Count 2} {Type A } 
[1252] 2015/02/27 07:15:31.913              OFDNF0200001709003S20OSE    JNM   201503                     x65510001884500000000000000000000000000000000000000000000000000000000000000000100010000201502260630540000006800000008706 
[1252] 2015/02/27 07:15:33.400 收到 Head 資訊 {Count 2} {Type A } 
[1252] 2015/02/27 07:15:37.301              OFDNF0200001709003B20OSE    JNM   201503                     x65560001885000000000000000000000000000000000000000000000000000000000000000000200020000201502260630540000006900000008706 
[1252] 2015/02/27 07:15:37.308 收到 Head 資訊 {Count 2} {Type A } 
[1252] 2015/02/27 07:15:41.064              OFDNF0200001709003S20OSE    JNM   201503                     x65460001885000000000000000000000000000000000000000000000000000000000000000000100010000201502260630540000007000000008706 
[1252] 2015/02/27 07:15:41.075 收到 Head 資訊 {Count 2} {Type A } 
[1252] 2015/02/27 07:15:41.338              OFDNF0200001709003B20OSE    JNM   201503                     x65630001885500000000000000000000000000000000000000000000000000000000000000000100010000201502260630540000007100000008706 
[1252] 2015/02/27 07:15:41.345 收到 Head 資訊 {Count 2} {Type A } 
[1252] 2015/02/27 07:15:41.347              OFDNF0200001709003S20OSE    JNM   201503                     x66980001884500000000000000000000000000000000000000000000000000000000000000000100010000201502260630540000007200000008706 
[1252] 2015/02/27 07:15:41.558 收到 Head 資訊 {Count 2} {Type A } 
[1252] 2015/02/27 07:15:41.559              OFDNF0200001709003S20OSE    JNM   201503                     x65600001885500000000000000000000000000000000000000000000000000000000000000000100010000201502260630540000007300000008706 
[1252] 2015/02/27 07:15:41.567 收到 Head 資訊 {Count 2} {Type C } 
[1252] 2015/02/27 07:15:41.569 收到 Head 資訊 {Count 2} {Type C } 
[1252] 2015/02/27 07:15:41.777 收到 Head 資訊 {Count 2} {Type C } 
[1252] 2015/02/27 07:15:41.779 收到 Head 資訊 {Count 2} {Type C } 
[1252] 2015/02/27 07:15:41.781 收到 Head 資訊 {Count 2} {Type C } 
[1252] 2015/02/27 07:15:42.025 收到 Head 資訊 {Count 2} {Type C } 
[1252] 2015/02/27 07:15:43.876 收到 Head 資訊 {Count 2} {Type C } 
