[7076] 2015/02/01 17:17:29.873 SKOrderLib ª©¥» 2.1.22
[7076] 2015/02/01 17:17:29.875 Login ID: E122828927
[7076] 2015/02/01 17:17:30.877 CALL SKOrderLib_ReadCertByID(E122828927)
[7076] 2015/02/01 17:17:31.311 CALL RegisterOnAccountCallBack()
[7076] 2015/02/01 17:17:31.312 CALL GetUserAccount()
[7076] 2015/02/01 17:17:31.312 TS,918J,918J,0456453,E122828927,±d§Óºú,0,0
[7076] 2015/02/01 17:17:31.314 TF,F020000,B17,1709003,E122828927,±d§Óºú,0,0
[7076] 2015/02/01 17:17:31.314 OF,F020000,000,1709003,E122828927,±d§Óºú,0,0
[7076] 2015/02/01 17:17:31.316 CALL RegisterOnOrderAsyncReportCallBack()
[7076] 2015/02/01 17:17:31.317 CALL RegisterOnExecutionReportCallBack()
[6436] 2015/02/01 17:17:48.179 SKOrderLib ª©¥» 2.1.22
[6436] 2015/02/01 17:17:48.180 Login ID: E122828927
[6436] 2015/02/01 17:17:48.937 CALL SKOrderLib_ReadCertByID(E122828927)
[6436] 2015/02/01 17:17:49.061 CALL RegisterOnAccountCallBack()
[6436] 2015/02/01 17:17:49.062 CALL GetUserAccount()
[6436] 2015/02/01 17:17:49.063 TS,918J,918J,0456453,E122828927,±d§Óºú,0,0
[6436] 2015/02/01 17:17:49.064 TF,F020000,B17,1709003,E122828927,±d§Óºú,0,0
[6436] 2015/02/01 17:17:49.064 OF,F020000,000,1709003,E122828927,±d§Óºú,0,0
[6436] 2015/02/01 17:17:49.065 CALL RegisterOnOrderAsyncReportCallBack()
[6436] 2015/02/01 17:17:49.066 CALL RegisterOnExecutionReportCallBack()
[6440] 2015/02/01 19:20:50.226 SKOrderLib ª©¥» 2.1.22
[6440] 2015/02/01 19:20:50.248 Login ID: E122828927
[6440] 2015/02/01 19:20:51.981 CALL SKOrderLib_ReadCertByID(E122828927)
[6440] 2015/02/01 19:20:52.250 CALL RegisterOnAccountCallBack()
[6440] 2015/02/01 19:20:52.251 CALL GetUserAccount()
[6440] 2015/02/01 19:20:52.251 TS,918J,918J,0456453,E122828927,±d§Óºú,0,0
[6440] 2015/02/01 19:20:52.252 TF,F020000,B17,1709003,E122828927,±d§Óºú,0,0
[6440] 2015/02/01 19:20:52.253 OF,F020000,000,1709003,E122828927,±d§Óºú,0,0
[6440] 2015/02/01 19:20:52.254 CALL RegisterOnOrderAsyncReportCallBack()
[6440] 2015/02/01 19:20:52.255 CALL RegisterOnExecutionReportCallBack()
[5420] 2015/02/01 19:22:13.228 SKOrderLib ª©¥» 2.1.22
[5420] 2015/02/01 19:22:13.229 Login ID: E122828927
[5420] 2015/02/01 19:22:15.364 CALL SKOrderLib_ReadCertByID(E122828927)
[5420] 2015/02/01 19:22:15.529 CALL RegisterOnAccountCallBack()
[5420] 2015/02/01 19:22:15.529 CALL GetUserAccount()
[5420] 2015/02/01 19:22:15.530 TS,918J,918J,0456453,E122828927,±d§Óºú,0,0
[5420] 2015/02/01 19:22:15.531 TF,F020000,B17,1709003,E122828927,±d§Óºú,0,0
[5420] 2015/02/01 19:22:15.531 OF,F020000,000,1709003,E122828927,±d§Óºú,0,0
[5420] 2015/02/01 19:22:15.533 CALL RegisterOnOrderAsyncReportCallBack()
[5420] 2015/02/01 19:22:15.534 CALL RegisterOnExecutionReportCallBack()
[5260] 2015/02/01 19:27:37.221 SKOrderLib ª©¥» 2.1.22
[5260] 2015/02/01 19:27:37.222 Login ID: E122828927
[5260] 2015/02/01 19:27:37.982 CALL SKOrderLib_ReadCertByID(E122828927)
[5260] 2015/02/01 19:27:38.104 CALL RegisterOnAccountCallBack()
[5260] 2015/02/01 19:27:38.105 CALL GetUserAccount()
[5260] 2015/02/01 19:27:38.105 TS,918J,918J,0456453,E122828927,±d§Óºú,0,0
[5260] 2015/02/01 19:27:38.106 TF,F020000,B17,1709003,E122828927,±d§Óºú,0,0
[5260] 2015/02/01 19:27:38.107 OF,F020000,000,1709003,E122828927,±d§Óºú,0,0
[5260] 2015/02/01 19:27:38.108 CALL RegisterOnOrderAsyncReportCallBack()
[5260] 2015/02/01 19:27:38.109 CALL RegisterOnExecutionReportCallBack()
