[4420] 2015/03/08 10:40:01.847 API InitInstance 
[4420] 2015/03/08 10:40:02.240 E122828927 連線 Code：0
[4420] 2015/03/08 10:40:03.252 收到 Head 資訊 {Count 2} {Type C } 
[4420] 2015/03/08 10:40:03.254 收到 Head 資訊 {Count 2} {Type C } 
[4420] 2015/03/08 10:40:03.256 收到 Head 資訊 {Count 2} {Type C } 
[4420] 2015/03/08 10:40:03.258 收到 Head 資訊 {Count 2} {Type C } 
[4420] 2015/03/08 10:40:03.260 收到 Head 資訊 {Count 2} {Type C } 
[4420] 2015/03/08 10:40:03.262 收到 Head 資訊 {Count 2} {Type C } 
[4420] 2015/03/08 10:40:03.264 收到 Head 資訊 {Count 2} {Type C } 
[4420] 2015/03/08 10:40:03.266 收到 Head 資訊 {Count 2} {Type C } 
[4420] 2015/03/08 10:40:03.269 收到 Head 資訊 {Count 2} {Type C } 
[4420] 2015/03/08 10:40:03.271 收到 Head 資訊 {Count 2} {Type C } 
[4420] 2015/03/08 10:40:03.273 收到 Head 資訊 {Count 2} {Type C } 
[4420] 2015/03/08 10:40:03.274 收到 Head 資訊 {Count 2} {Type C } 
[4420] 2015/03/08 10:40:03.276 收到 Head 資訊 {Count 2} {Type C } 
[4420] 2015/03/08 10:40:03.278 收到 Head 資訊 {Count 2} {Type C } 
[4420] 2015/03/08 10:40:03.280 收到 Head 資訊 {Count 2} {Type C } 
[4420] 2015/03/08 10:40:03.281 收到 Head 資訊 {Count 2} {Type C } 
[4420] 2015/03/08 10:40:03.283 收到 Head 資訊 {Count 2} {Type C } 
[4420] 2015/03/08 10:40:03.285 收到 Head 資訊 {Count 2} {Type C } 
[4420] 2015/03/08 10:40:03.287 收到 Head 資訊 {Count 2} {Type C } 
[4420] 2015/03/08 10:40:03.289 收到 Head 資訊 {Count 2} {Type C } 
[4420] 2015/03/08 10:40:03.291 收到 Head 資訊 {Count 2} {Type C } 
[4420] 2015/03/08 10:40:03.293 收到 Head 資訊 {Count 2} {Type C } 
[4420] 2015/03/08 10:40:03.295 收到 Head 資訊 {Count 2} {Type C } 
[4420] 2015/03/08 10:40:03.296 收到 Head 資訊 {Count 2} {Type C } 
[4420] 2015/03/08 10:40:03.298 收到 Head 資訊 {Count 2} {Type C } 
[4420] 2015/03/08 10:40:03.300 收到 Head 資訊 {Count 2} {Type C } 
[4420] 2015/03/08 10:40:03.302 收到 Head 資訊 {Count 2} {Type C } 
[4420] 2015/03/08 10:40:03.304 收到 Head 資訊 {Count 2} {Type C } 
[4420] 2015/03/08 10:40:03.306 收到 Head 資訊 {Count 2} {Type C } 
[4420] 2015/03/08 10:40:03.307 收到 Head 資訊 {Count 2} {Type C } 
[4420] 2015/03/08 10:40:03.309 收到 Head 資訊 {Count 2} {Type C } 
[4420] 2015/03/08 10:40:03.311 收到 Head 資訊 {Count 2} {Type C } 
[4420] 2015/03/08 10:40:03.313 收到 Head 資訊 {Count 2} {Type C } 
[4420] 2015/03/08 10:40:03.314 收到 Head 資訊 {Count 2} {Type C } 
[4420] 2015/03/08 10:40:03.316 收到 Head 資訊 {Count 2} {Type C } 
[4420] 2015/03/08 10:40:03.318 收到 Head 資訊 {Count 2} {Type C } 
[4420] 2015/03/08 10:40:03.320 收到 Head 資訊 {Count 2} {Type C } 
[4420] 2015/03/08 10:40:03.322 收到 Head 資訊 {Count 2} {Type C } 
[4420] 2015/03/08 10:40:03.323 收到 Head 資訊 {Count 2} {Type C } 
[4420] 2015/03/08 10:40:03.325 收到 Head 資訊 {Count 2} {Type C } 
[4420] 2015/03/08 10:40:03.327 收到 Head 資訊 {Count 2} {Type C } 
[4420] 2015/03/08 10:40:03.330 收到 Head 資訊 {Count 2} {Type C } 
[4420] 2015/03/08 10:40:03.332 收到 Head 資訊 {Count 2} {Type C } 
[4420] 2015/03/08 10:40:03.334 收到 Head 資訊 {Count 2} {Type C } 
[4420] 2015/03/08 10:40:03.336 收到 Head 資訊 {Count 2} {Type C } 
[4420] 2015/03/08 10:40:03.338 收到 Head 資訊 {Count 2} {Type C } 
[4420] 2015/03/08 10:40:03.340 收到 Head 資訊 {Count 2} {Type C } 
[4420] 2015/03/08 10:40:03.342 收到 Head 資訊 {Count 2} {Type C } 
[4420] 2015/03/08 10:40:03.343 收到 Head 資訊 {Count 2} {Type C } 
[4420] 2015/03/08 10:40:03.345 收到 Head 資訊 {Count 2} {Type C } 
[4420] 2015/03/08 10:40:03.347 收到 Head 資訊 {Count 2} {Type C } 
[4420] 2015/03/08 10:40:03.349 收到 Head 資訊 {Count 2} {Type C } 
[4420] 2015/03/08 10:40:03.351 收到 Head 資訊 {Count 2} {Type C } 
[4420] 2015/03/08 10:40:03.353 收到 Head 資訊 {Count 2} {Type C } 
[4420] 2015/03/08 10:40:03.355 收到 Head 資訊 {Count 2} {Type C } 
[4420] 2015/03/08 10:40:03.357 收到 Head 資訊 {Count 2} {Type C } 
[4420] 2015/03/08 10:40:03.359 收到 Head 資訊 {Count 2} {Type C } 
[4420] 2015/03/08 10:40:03.361 收到 Head 資訊 {Count 2} {Type C } 
[4420] 2015/03/08 10:40:03.363 收到 Head 資訊 {Count 2} {Type C } 
[4420] 2015/03/08 10:40:03.365 收到 Head 資訊 {Count 2} {Type C } 
[4420] 2015/03/08 10:40:03.367 收到 Head 資訊 {Count 2} {Type C } 
[4420] 2015/03/08 10:40:03.369 收到 Head 資訊 {Count 2} {Type C } 
[4420] 2015/03/08 10:40:03.370 收到 Head 資訊 {Count 2} {Type C } 
[4420] 2015/03/08 10:40:03.372 收到 Head 資訊 {Count 2} {Type C } 
[4420] 2015/03/08 10:40:03.374 收到 Head 資訊 {Count 2} {Type C } 
[4420] 2015/03/08 10:40:03.376 收到 Head 資訊 {Count 2} {Type C } 
[4420] 2015/03/08 10:40:03.378 收到 Head 資訊 {Count 2} {Type C } 
[4420] 2015/03/08 10:40:03.380 收到 Head 資訊 {Count 2} {Type C } 
[4420] 2015/03/08 10:40:03.382 收到 Head 資訊 {Count 2} {Type C } 
[4420] 2015/03/08 10:40:03.383 收到 Head 資訊 {Count 2} {Type C } 
[4420] 2015/03/08 10:40:03.385 收到 Head 資訊 {Count 2} {Type C } 
[4420] 2015/03/08 10:40:03.387 收到 Head 資訊 {Count 2} {Type C } 
[4420] 2015/03/08 10:40:03.389 收到 Head 資訊 {Count 2} {Type C } 
[4420] 2015/03/08 10:40:03.391 收到 Head 資訊 {Count 2} {Type C } 
[4420] 2015/03/08 10:40:03.393 收到 Head 資訊 {Count 2} {Type C } 
[4420] 2015/03/08 10:40:03.395 收到 Head 資訊 {Count 2} {Type C } 
[4420] 2015/03/08 10:40:03.397 收到 Head 資訊 {Count 2} {Type C } 
[4420] 2015/03/08 10:40:03.399 收到 Head 資訊 {Count 2} {Type C } 
[4420] 2015/03/08 10:40:03.401 收到 Head 資訊 {Count 2} {Type C } 
[4420] 2015/03/08 10:40:03.403 收到 Head 資訊 {Count 2} {Type C } 
[4420] 2015/03/08 10:40:03.405 收到 Head 資訊 {Count 2} {Type C } 
[4420] 2015/03/08 10:40:03.407 收到 Head 資訊 {Count 2} {Type C } 
[4420] 2015/03/08 10:40:03.409 收到 Head 資訊 {Count 2} {Type C } 
[4420] 2015/03/08 10:40:03.411 收到 Head 資訊 {Count 2} {Type C } 
[4420] 2015/03/08 10:40:03.412 收到 Head 資訊 {Count 2} {Type C } 
[4420] 2015/03/08 10:40:03.414 收到 Head 資訊 {Count 2} {Type C } 
[4420] 2015/03/08 10:40:03.416 收到 Head 資訊 {Count 2} {Type C } 
[4420] 2015/03/08 10:40:03.417 收到 Head 資訊 {Count 2} {Type C } 
[4420] 2015/03/08 10:40:03.419 收到 Head 資訊 {Count 2} {Type C } 
[4420] 2015/03/08 10:40:03.421 收到 Head 資訊 {Count 2} {Type C } 
[4420] 2015/03/08 10:40:03.423 收到 Head 資訊 {Count 2} {Type C } 
[4420] 2015/03/08 10:40:03.425 收到 Head 資訊 {Count 2} {Type C } 
[4420] 2015/03/08 10:40:03.427 收到 Head 資訊 {Count 2} {Type C } 
[4420] 2015/03/08 10:40:03.429 收到 Head 資訊 {Count 2} {Type C } 
[4420] 2015/03/08 10:40:03.430 收到 Head 資訊 {Count 2} {Type C } 
[4420] 2015/03/08 10:40:03.432 收到 Head 資訊 {Count 2} {Type C } 
[4420] 2015/03/08 10:40:03.434 收到 Head 資訊 {Count 2} {Type C } 
[4420] 2015/03/08 10:40:03.436 收到 Head 資訊 {Count 2} {Type C } 
[4420] 2015/03/08 10:40:03.438 收到 Head 資訊 {Count 2} {Type C } 
[4420] 2015/03/08 10:40:03.439 收到 Head 資訊 {Count 2} {Type C } 
[4420] 2015/03/08 10:40:03.441 收到 Head 資訊 {Count 2} {Type C } 
[4420] 2015/03/08 10:40:03.443 收到 Head 資訊 {Count 2} {Type C } 
[4420] 2015/03/08 10:40:03.445 收到 Head 資訊 {Count 2} {Type C } 
[4420] 2015/03/08 10:40:03.446 收到 Head 資訊 {Count 2} {Type C } 
[4420] 2015/03/08 10:40:03.448 收到 Head 資訊 {Count 2} {Type C } 
[4420] 2015/03/08 10:40:03.450 收到 Head 資訊 {Count 2} {Type C } 
[4420] 2015/03/08 10:40:03.452 收到 Head 資訊 {Count 2} {Type C } 
[4420] 2015/03/08 10:40:03.454 收到 Head 資訊 {Count 2} {Type B } 
[4420] 2015/03/08 10:41:02.175 連線確認 E122828927 (21,21)
[4420] 2015/03/08 10:42:02.188 連線確認 E122828927 (21,21)
[4420] 2015/03/08 10:43:02.203 連線確認 E122828927 (21,21)
[4420] 2015/03/08 10:44:02.215 連線確認 E122828927 (21,21)
[4420] 2015/03/08 10:45:02.230 連線確認 E122828927 (21,21)
[4420] 2015/03/08 10:45:02.428 收到 Head 資訊 {Count 2} {Type B } 
[4420] 2015/03/08 10:46:02.243 連線確認 E122828927 (21,21)
[4420] 2015/03/08 10:47:02.256 連線確認 E122828927 (21,21)
[4420] 2015/03/08 10:48:02.269 連線確認 E122828927 (21,21)
[4420] 2015/03/08 10:49:02.283 連線確認 E122828927 (21,21)
[4420] 2015/03/08 10:49:28.588 收到 Head 資訊 {Count 2} {Type C } 
[4420] 2015/03/08 10:50:02.298 連線確認 E122828927 (21,21)
[4420] 2015/03/08 10:50:03.423 收到 Head 資訊 {Count 2} {Type B } 
[4420] 2015/03/08 10:51:02.310 連線確認 E122828927 (21,21)
[4420] 2015/03/08 10:52:02.324 連線確認 E122828927 (21,21)
[4420] 2015/03/08 10:53:02.338 連線確認 E122828927 (21,21)
[4420] 2015/03/08 10:54:02.350 連線確認 E122828927 (21,21)
[4420] 2015/03/08 10:55:02.366 連線確認 E122828927 (21,21)
[4420] 2015/03/08 10:55:04.428 收到 Head 資訊 {Count 2} {Type B } 
[4420] 2015/03/08 10:56:02.379 連線確認 E122828927 (21,21)
[4420] 2015/03/08 10:57:02.392 連線確認 E122828927 (21,21)
[4420] 2015/03/08 10:58:02.405 連線確認 E122828927 (21,21)
[4420] 2015/03/08 10:59:02.419 連線確認 E122828927 (21,21)
[4420] 2015/03/08 11:00:02.433 連線確認 E122828927 (21,21)
[4420] 2015/03/08 11:00:05.252 收到 Head 資訊 {Count 2} {Type B } 
[4420] 2015/03/08 11:01:02.446 連線確認 E122828927 (21,21)
[4420] 2015/03/08 11:02:02.460 連線確認 E122828927 (21,21)
[4420] 2015/03/08 11:03:02.473 連線確認 E122828927 (21,21)
[4420] 2015/03/08 11:04:02.486 連線確認 E122828927 (21,21)
[4420] 2015/03/08 11:05:02.500 連線確認 E122828927 (21,21)
[4420] 2015/03/08 11:05:06.236 收到 Head 資訊 {Count 2} {Type B } 
[4420] 2015/03/08 11:06:02.515 連線確認 E122828927 (21,21)
[4420] 2015/03/08 11:07:02.529 連線確認 E122828927 (21,21)
[4420] 2015/03/08 11:08:02.541 連線確認 E122828927 (21,21)
[4420] 2015/03/08 11:09:02.556 連線確認 E122828927 (21,21)
[4420] 2015/03/08 11:09:27.531 收到 Head 資訊 {Count 2} {Type C } 
[4420] 2015/03/08 11:09:37.529 收到 Head 資訊 {Count 2} {Type C } 
[4420] 2015/03/08 11:10:02.568 連線確認 E122828927 (21,21)
[4420] 2015/03/08 11:10:07.241 收到 Head 資訊 {Count 2} {Type B } 
[4420] 2015/03/08 11:11:02.582 連線確認 E122828927 (21,21)
[4420] 2015/03/08 11:12:02.597 連線確認 E122828927 (21,21)
[4420] 2015/03/08 11:13:02.609 連線確認 E122828927 (21,21)
[4420] 2015/03/08 11:14:02.623 連線確認 E122828927 (21,21)
[4420] 2015/03/08 11:14:16.946 收到 Head 資訊 {Count 2} {Type C } 
[4420] 2015/03/08 11:15:02.637 連線確認 E122828927 (21,21)
[4420] 2015/03/08 11:15:07.753 收到 Head 資訊 {Count 2} {Type B } 
[4420] 2015/03/08 11:16:02.650 連線確認 E122828927 (21,21)
[4420] 2015/03/08 11:17:02.665 連線確認 E122828927 (21,21)
[4420] 2015/03/08 11:18:02.677 連線確認 E122828927 (21,21)
[4420] 2015/03/08 11:19:02.691 連線確認 E122828927 (21,21)
[4420] 2015/03/08 11:20:02.704 連線確認 E122828927 (21,21)
[4420] 2015/03/08 11:20:08.749 收到 Head 資訊 {Count 2} {Type B } 
[4420] 2015/03/08 11:21:02.718 連線確認 E122828927 (21,21)
[4420] 2015/03/08 11:22:02.732 連線確認 E122828927 (21,21)
[4420] 2015/03/08 11:23:02.745 連線確認 E122828927 (21,21)
[4420] 2015/03/08 11:24:02.760 連線確認 E122828927 (21,21)
[4420] 2015/03/08 11:25:02.772 連線確認 E122828927 (21,21)
[4420] 2015/03/08 11:25:09.737 收到 Head 資訊 {Count 2} {Type B } 
[4420] 2015/03/08 11:26:07.503 連線確認 E122828927 (21,21)
[4420] 2015/03/08 11:27:07.511 連線確認 E122828927 (21,21)
[4420] 2015/03/08 11:28:07.524 連線確認 E122828927 (21,21)
[4420] 2015/03/08 11:29:07.539 連線確認 E122828927 (21,21)
[4420] 2015/03/08 11:30:07.551 連線確認 E122828927 (21,21)
[4420] 2015/03/08 11:30:11.649 收到 Head 資訊 {Count 2} {Type B } 
[4420] 2015/03/08 11:31:07.565 連線確認 E122828927 (21,21)
[4420] 2015/03/08 11:32:07.579 連線確認 E122828927 (21,21)
[4420] 2015/03/08 11:33:07.593 連線確認 E122828927 (21,21)
[4420] 2015/03/08 11:34:07.606 連線確認 E122828927 (21,21)
[4420] 2015/03/08 11:34:17.992 收到 Head 資訊 {Count 2} {Type C } 
[4420] 2015/03/08 11:34:27.987 收到 Head 資訊 {Count 2} {Type C } 
[4420] 2015/03/08 11:35:07.619 連線確認 E122828927 (21,21)
[4420] 2015/03/08 11:35:12.648 收到 Head 資訊 {Count 2} {Type B } 
[4420] 2015/03/08 11:36:07.633 連線確認 E122828927 (21,21)
[4420] 2015/03/08 11:37:07.646 連線確認 E122828927 (21,21)
[4420] 2015/03/08 11:38:07.661 連線確認 E122828927 (21,21)
[4420] 2015/03/08 11:39:07.674 連線確認 E122828927 (21,21)
[4420] 2015/03/08 11:40:07.688 連線確認 E122828927 (21,21)
[4420] 2015/03/08 11:40:13.639 收到 Head 資訊 {Count 2} {Type B } 
[4420] 2015/03/08 11:41:07.701 連線確認 E122828927 (21,21)
[4420] 2015/03/08 11:42:07.715 連線確認 E122828927 (21,21)
[4420] 2015/03/08 11:43:07.729 連線確認 E122828927 (21,21)
[4420] 2015/03/08 11:44:07.742 連線確認 E122828927 (21,21)
[4420] 2015/03/08 11:45:07.756 連線確認 E122828927 (21,21)
[4420] 2015/03/08 11:45:14.573 收到 Head 資訊 {Count 2} {Type B } 
[4420] 2015/03/08 11:46:07.768 連線確認 E122828927 (21,21)
[4420] 2015/03/08 11:47:07.782 連線確認 E122828927 (21,21)
[4420] 2015/03/08 11:48:07.797 連線確認 E122828927 (21,21)
[4420] 2015/03/08 11:49:07.809 連線確認 E122828927 (21,21)
[4420] 2015/03/08 11:49:08.167 收到 Head 資訊 {Count 2} {Type C } 
[4420] 2015/03/08 11:50:07.824 連線確認 E122828927 (21,21)
[4420] 2015/03/08 11:50:15.571 收到 Head 資訊 {Count 2} {Type B } 
[4420] 2015/03/08 11:51:07.836 連線確認 E122828927 (21,21)
[4420] 2015/03/08 11:52:07.850 連線確認 E122828927 (21,21)
[4420] 2015/03/08 11:53:07.863 連線確認 E122828927 (21,21)
[4420] 2015/03/08 11:54:07.879 連線確認 E122828927 (21,21)
[4420] 2015/03/08 11:54:18.093 收到 Head 資訊 {Count 2} {Type C } 
[4420] 2015/03/08 11:55:07.891 連線確認 E122828927 (21,21)
[4420] 2015/03/08 11:55:16.583 收到 Head 資訊 {Count 2} {Type B } 
[4420] 2015/03/08 11:56:07.905 連線確認 E122828927 (21,21)
[4420] 2015/03/08 11:57:07.919 連線確認 E122828927 (21,21)
[4420] 2015/03/08 11:58:07.932 連線確認 E122828927 (21,21)
[4420] 2015/03/08 11:59:07.945 連線確認 E122828927 (21,21)
[4420] 2015/03/08 12:00:07.959 連線確認 E122828927 (21,21)
[4420] 2015/03/08 12:00:17.427 收到 Head 資訊 {Count 2} {Type B } 
[4420] 2015/03/08 12:01:07.973 連線確認 E122828927 (21,21)
[4420] 2015/03/08 12:02:07.987 連線確認 E122828927 (21,21)
[4420] 2015/03/08 12:03:07.999 連線確認 E122828927 (21,21)
[4420] 2015/03/08 12:04:08.014 連線確認 E122828927 (21,21)
[4420] 2015/03/08 12:05:08.027 連線確認 E122828927 (21,21)
[4420] 2015/03/08 12:05:18.421 收到 Head 資訊 {Count 2} {Type B } 
[4420] 2015/03/08 12:06:08.041 連線確認 E122828927 (21,21)
[4420] 2015/03/08 12:07:08.054 連線確認 E122828927 (21,21)
[4420] 2015/03/08 12:08:08.068 連線確認 E122828927 (21,21)
[4420] 2015/03/08 12:08:48.210 收到 Head 資訊 {Count 2} {Type C } 
[4420] 2015/03/08 12:09:08.082 連線確認 E122828927 (21,21)
[4420] 2015/03/08 12:10:08.094 連線確認 E122828927 (21,21)
[4420] 2015/03/08 12:10:19.420 收到 Head 資訊 {Count 2} {Type B } 
[4420] 2015/03/08 12:11:08.108 連線確認 E122828927 (21,21)
[4420] 2015/03/08 12:12:08.123 連線確認 E122828927 (21,21)
[4420] 2015/03/08 12:13:08.135 連線確認 E122828927 (21,21)
[4420] 2015/03/08 12:14:08.149 連線確認 E122828927 (21,21)
[4420] 2015/03/08 12:15:08.163 連線確認 E122828927 (21,21)
[4420] 2015/03/08 12:15:19.846 收到 Head 資訊 {Count 2} {Type B } 
[4420] 2015/03/08 12:16:08.177 連線確認 E122828927 (21,21)
[4420] 2015/03/08 12:17:08.190 連線確認 E122828927 (21,21)
[4420] 2015/03/08 12:18:08.204 連線確認 E122828927 (21,21)
[4420] 2015/03/08 12:19:08.217 連線確認 E122828927 (21,21)
[4420] 2015/03/08 12:20:08.231 連線確認 E122828927 (21,21)
[4420] 2015/03/08 12:20:20.857 收到 Head 資訊 {Count 2} {Type B } 
[4420] 2015/03/08 12:21:08.245 連線確認 E122828927 (21,21)
[4420] 2015/03/08 12:22:08.258 連線確認 E122828927 (21,21)
[4420] 2015/03/08 12:23:08.273 連線確認 E122828927 (21,21)
[4420] 2015/03/08 12:24:08.286 連線確認 E122828927 (21,21)
[4420] 2015/03/08 12:25:08.299 連線確認 E122828927 (21,21)
[4420] 2015/03/08 12:25:21.841 收到 Head 資訊 {Count 2} {Type B } 
[4420] 2015/03/08 12:26:08.313 連線確認 E122828927 (21,21)
[4420] 2015/03/08 12:27:08.326 連線確認 E122828927 (21,21)
[4420] 2015/03/08 12:28:08.339 連線確認 E122828927 (21,21)
[4420] 2015/03/08 12:28:47.850 收到 Head 資訊 {Count 2} {Type C } 
[4420] 2015/03/08 12:29:08.354 連線確認 E122828927 (21,21)
[4420] 2015/03/08 12:30:08.366 連線確認 E122828927 (21,21)
[4420] 2015/03/08 12:30:22.925 收到 Head 資訊 {Count 2} {Type B } 
[4420] 2015/03/08 12:31:08.381 連線確認 E122828927 (21,21)
[4420] 2015/03/08 12:32:08.394 連線確認 E122828927 (21,21)
[4420] 2015/03/08 12:33:08.408 連線確認 E122828927 (21,21)
[4420] 2015/03/08 12:34:08.422 連線確認 E122828927 (21,21)
[4420] 2015/03/08 12:34:17.745 收到 Head 資訊 {Count 2} {Type C } 
[4420] 2015/03/08 12:35:08.434 連線確認 E122828927 (21,21)
[4420] 2015/03/08 12:35:23.920 收到 Head 資訊 {Count 2} {Type B } 
[4420] 2015/03/08 12:36:08.449 連線確認 E122828927 (21,21)
[4420] 2015/03/08 12:37:08.462 連線確認 E122828927 (21,21)
[4420] 2015/03/08 12:38:08.476 連線確認 E122828927 (21,21)
[4420] 2015/03/08 12:39:08.488 連線確認 E122828927 (21,21)
[4420] 2015/03/08 12:40:08.504 連線確認 E122828927 (21,21)
[4420] 2015/03/08 12:40:24.917 收到 Head 資訊 {Count 2} {Type B } 
[4420] 2015/03/08 12:41:08.517 連線確認 E122828927 (21,21)
[4420] 2015/03/08 12:42:08.529 連線確認 E122828927 (21,21)
[4420] 2015/03/08 12:43:08.544 連線確認 E122828927 (21,21)
[4420] 2015/03/08 12:44:08.557 連線確認 E122828927 (21,21)
[4420] 2015/03/08 12:45:08.570 連線確認 E122828927 (21,21)
[4420] 2015/03/08 12:45:26.356 收到 Head 資訊 {Count 2} {Type B } 
[4420] 2015/03/08 12:46:08.584 連線確認 E122828927 (21,21)
[4420] 2015/03/08 12:47:08.600 連線確認 E122828927 (21,21)
[4420] 2015/03/08 12:48:08.611 連線確認 E122828927 (21,21)
[4420] 2015/03/08 12:49:08.625 連線確認 E122828927 (21,21)
[4420] 2015/03/08 12:50:08.638 連線確認 E122828927 (21,21)
[4420] 2015/03/08 12:50:27.347 收到 Head 資訊 {Count 2} {Type B } 
[4420] 2015/03/08 12:51:08.651 連線確認 E122828927 (21,21)
[4420] 2015/03/08 12:52:08.666 連線確認 E122828927 (21,21)
[4420] 2015/03/08 12:53:08.679 連線確認 E122828927 (21,21)
[4420] 2015/03/08 12:54:08.693 連線確認 E122828927 (21,21)
[4420] 2015/03/08 12:54:18.395 收到 Head 資訊 {Count 2} {Type C } 
[4420] 2015/03/08 12:55:08.706 連線確認 E122828927 (21,21)
[4420] 2015/03/08 12:55:28.348 收到 Head 資訊 {Count 2} {Type B } 
[4420] 2015/03/08 12:56:08.721 連線確認 E122828927 (21,21)
[4420] 2015/03/08 12:57:08.733 連線確認 E122828927 (21,21)
[4420] 2015/03/08 12:58:08.746 連線確認 E122828927 (21,21)
[4420] 2015/03/08 12:59:08.760 連線確認 E122828927 (21,21)
[4420] 2015/03/08 13:00:08.775 連線確認 E122828927 (21,21)
[4420] 2015/03/08 13:00:29.394 收到 Head 資訊 {Count 2} {Type B } 
[4420] 2015/03/08 13:01:08.788 連線確認 E122828927 (21,21)
[4420] 2015/03/08 13:02:08.801 連線確認 E122828927 (21,21)
[4420] 2015/03/08 13:03:08.814 連線確認 E122828927 (21,21)
[4420] 2015/03/08 13:04:08.828 連線確認 E122828927 (21,21)
[4420] 2015/03/08 13:05:08.843 連線確認 E122828927 (21,21)
[4420] 2015/03/08 13:05:30.402 收到 Head 資訊 {Count 2} {Type B } 
[4420] 2015/03/08 13:06:08.856 連線確認 E122828927 (21,21)
[4420] 2015/03/08 13:07:08.869 連線確認 E122828927 (21,21)
[4420] 2015/03/08 13:08:08.883 連線確認 E122828927 (21,21)
[4420] 2015/03/08 13:08:48.672 收到 Head 資訊 {Count 2} {Type C } 
[4420] 2015/03/08 13:09:08.896 連線確認 E122828927 (21,21)
[4420] 2015/03/08 13:10:08.910 連線確認 E122828927 (21,21)
[4420] 2015/03/08 13:10:31.408 收到 Head 資訊 {Count 2} {Type B } 
[4420] 2015/03/08 13:11:08.925 連線確認 E122828927 (21,21)
[4420] 2015/03/08 13:12:08.937 連線確認 E122828927 (21,21)
[4420] 2015/03/08 13:13:08.952 連線確認 E122828927 (21,21)
[4420] 2015/03/08 13:14:08.964 連線確認 E122828927 (21,21)
[4420] 2015/03/08 13:14:17.958 收到 Head 資訊 {Count 2} {Type C } 
[4420] 2015/03/08 13:15:08.977 連線確認 E122828927 (21,21)
[4420] 2015/03/08 13:15:31.733 收到 Head 資訊 {Count 2} {Type B } 
[4420] 2015/03/08 13:16:08.992 連線確認 E122828927 (21,21)
[4420] 2015/03/08 13:17:09.005 連線確認 E122828927 (21,21)
[4420] 2015/03/08 13:18:09.019 連線確認 E122828927 (21,21)
[4420] 2015/03/08 13:19:09.033 連線確認 E122828927 (21,21)
[4420] 2015/03/08 13:20:09.046 連線確認 E122828927 (21,21)
[4420] 2015/03/08 13:20:32.738 收到 Head 資訊 {Count 2} {Type B } 
[4420] 2015/03/08 13:21:09.060 連線確認 E122828927 (21,21)
[4420] 2015/03/08 13:22:09.073 連線確認 E122828927 (21,21)
[4420] 2015/03/08 13:23:09.087 連線確認 E122828927 (21,21)
[4420] 2015/03/08 13:24:09.101 連線確認 E122828927 (21,21)
[4420] 2015/03/08 13:25:09.114 連線確認 E122828927 (21,21)
[4420] 2015/03/08 13:25:33.742 收到 Head 資訊 {Count 2} {Type B } 
[4420] 2015/03/08 13:26:09.127 連線確認 E122828927 (21,21)
[4420] 2015/03/08 13:27:09.140 連線確認 E122828927 (21,21)
[4420] 2015/03/08 13:28:09.155 連線確認 E122828927 (21,21)
[4420] 2015/03/08 13:28:48.205 收到 Head 資訊 {Count 2} {Type C } 
[4420] 2015/03/08 13:28:58.194 收到 Head 資訊 {Count 2} {Type C } 
[4420] 2015/03/08 13:29:08.211 收到 Head 資訊 {Count 2} {Type C } 
[4420] 2015/03/08 13:29:09.168 連線確認 E122828927 (21,21)
[4420] 2015/03/08 13:30:09.182 連線確認 E122828927 (21,21)
[4420] 2015/03/08 13:30:34.893 收到 Head 資訊 {Count 2} {Type B } 
[4420] 2015/03/08 13:31:09.195 連線確認 E122828927 (21,21)
[4420] 2015/03/08 13:32:09.208 連線確認 E122828927 (21,21)
[4420] 2015/03/08 13:33:09.223 連線確認 E122828927 (21,21)
[4420] 2015/03/08 13:34:09.236 連線確認 E122828927 (21,21)
[4420] 2015/03/08 13:35:09.250 連線確認 E122828927 (21,21)
[4420] 2015/03/08 13:35:35.894 收到 Head 資訊 {Count 2} {Type B } 
[4420] 2015/03/08 13:36:03.755 API ExitInstance 
