[3580] 2015/03/07 13:52:27.858 API InitInstance 
[3580] 2015/03/07 13:52:28.160 E122828927 連線 Code：0
[3580] 2015/03/07 13:52:29.170 收到 Head 資訊 {Count 2} {Type C } 
[3580] 2015/03/07 13:52:29.172 收到 Head 資訊 {Count 2} {Type C } 
[3580] 2015/03/07 13:52:29.174 收到 Head 資訊 {Count 2} {Type C } 
[3580] 2015/03/07 13:52:29.178 收到 Head 資訊 {Count 2} {Type C } 
[3580] 2015/03/07 13:52:29.180 收到 Head 資訊 {Count 2} {Type C } 
[3580] 2015/03/07 13:52:29.182 收到 Head 資訊 {Count 2} {Type C } 
[3580] 2015/03/07 13:52:29.184 收到 Head 資訊 {Count 2} {Type C } 
[3580] 2015/03/07 13:52:29.186 收到 Head 資訊 {Count 2} {Type C } 
[3580] 2015/03/07 13:52:29.187 收到 Head 資訊 {Count 2} {Type C } 
[3580] 2015/03/07 13:52:29.189 收到 Head 資訊 {Count 2} {Type C } 
[3580] 2015/03/07 13:52:29.191 收到 Head 資訊 {Count 2} {Type C } 
[3580] 2015/03/07 13:52:29.193 收到 Head 資訊 {Count 2} {Type C } 
[3580] 2015/03/07 13:52:29.195 收到 Head 資訊 {Count 2} {Type C } 
[3580] 2015/03/07 13:52:29.197 收到 Head 資訊 {Count 2} {Type C } 
[3580] 2015/03/07 13:52:29.199 收到 Head 資訊 {Count 2} {Type C } 
[3580] 2015/03/07 13:52:29.201 收到 Head 資訊 {Count 2} {Type C } 
[3580] 2015/03/07 13:52:29.203 收到 Head 資訊 {Count 2} {Type C } 
[3580] 2015/03/07 13:52:29.205 收到 Head 資訊 {Count 2} {Type C } 
[3580] 2015/03/07 13:52:29.207 收到 Head 資訊 {Count 2} {Type C } 
[3580] 2015/03/07 13:52:29.209 收到 Head 資訊 {Count 2} {Type C } 
[3580] 2015/03/07 13:52:29.211 收到 Head 資訊 {Count 2} {Type C } 
[3580] 2015/03/07 13:52:29.213 收到 Head 資訊 {Count 2} {Type C } 
[3580] 2015/03/07 13:52:29.215 收到 Head 資訊 {Count 2} {Type C } 
[3580] 2015/03/07 13:52:29.217 收到 Head 資訊 {Count 2} {Type C } 
[3580] 2015/03/07 13:52:29.219 收到 Head 資訊 {Count 2} {Type C } 
[3580] 2015/03/07 13:52:29.221 收到 Head 資訊 {Count 2} {Type C } 
[3580] 2015/03/07 13:52:29.222 收到 Head 資訊 {Count 2} {Type C } 
[3580] 2015/03/07 13:52:29.224 收到 Head 資訊 {Count 2} {Type C } 
[3580] 2015/03/07 13:52:29.226 收到 Head 資訊 {Count 2} {Type C } 
[3580] 2015/03/07 13:52:29.228 收到 Head 資訊 {Count 2} {Type C } 
[3580] 2015/03/07 13:52:29.230 收到 Head 資訊 {Count 2} {Type C } 
[3580] 2015/03/07 13:52:29.232 收到 Head 資訊 {Count 2} {Type C } 
[3580] 2015/03/07 13:52:29.234 收到 Head 資訊 {Count 2} {Type C } 
[3580] 2015/03/07 13:52:29.236 收到 Head 資訊 {Count 2} {Type C } 
[3580] 2015/03/07 13:52:29.238 收到 Head 資訊 {Count 2} {Type C } 
[3580] 2015/03/07 13:52:29.239 收到 Head 資訊 {Count 2} {Type C } 
[3580] 2015/03/07 13:52:29.241 收到 Head 資訊 {Count 2} {Type C } 
[3580] 2015/03/07 13:52:29.243 收到 Head 資訊 {Count 2} {Type C } 
[3580] 2015/03/07 13:52:29.245 收到 Head 資訊 {Count 2} {Type C } 
[3580] 2015/03/07 13:52:29.246 收到 Head 資訊 {Count 2} {Type C } 
[3580] 2015/03/07 13:52:29.248 收到 Head 資訊 {Count 2} {Type C } 
[3580] 2015/03/07 13:52:29.250 收到 Head 資訊 {Count 2} {Type C } 
[3580] 2015/03/07 13:52:29.252 收到 Head 資訊 {Count 2} {Type C } 
[3580] 2015/03/07 13:52:29.254 收到 Head 資訊 {Count 2} {Type C } 
[3580] 2015/03/07 13:52:29.256 收到 Head 資訊 {Count 2} {Type C } 
[3580] 2015/03/07 13:52:29.257 收到 Head 資訊 {Count 2} {Type C } 
[3580] 2015/03/07 13:52:29.259 收到 Head 資訊 {Count 2} {Type C } 
[3580] 2015/03/07 13:52:29.261 收到 Head 資訊 {Count 2} {Type C } 
[3580] 2015/03/07 13:52:29.262 收到 Head 資訊 {Count 2} {Type C } 
[3580] 2015/03/07 13:52:29.264 收到 Head 資訊 {Count 2} {Type C } 
[3580] 2015/03/07 13:52:29.266 收到 Head 資訊 {Count 2} {Type C } 
[3580] 2015/03/07 13:52:29.268 收到 Head 資訊 {Count 2} {Type C } 
[3580] 2015/03/07 13:52:29.270 收到 Head 資訊 {Count 2} {Type C } 
[3580] 2015/03/07 13:52:29.272 收到 Head 資訊 {Count 2} {Type C } 
[3580] 2015/03/07 13:52:29.273 收到 Head 資訊 {Count 2} {Type C } 
[3580] 2015/03/07 13:52:29.275 收到 Head 資訊 {Count 2} {Type C } 
[3580] 2015/03/07 13:52:29.277 收到 Head 資訊 {Count 2} {Type C } 
[3580] 2015/03/07 13:52:29.279 收到 Head 資訊 {Count 2} {Type C } 
[3580] 2015/03/07 13:52:29.281 收到 Head 資訊 {Count 2} {Type C } 
[3580] 2015/03/07 13:52:29.282 收到 Head 資訊 {Count 2} {Type C } 
[3580] 2015/03/07 13:52:29.284 收到 Head 資訊 {Count 2} {Type C } 
[3580] 2015/03/07 13:52:29.286 收到 Head 資訊 {Count 2} {Type C } 
[3580] 2015/03/07 13:52:29.288 收到 Head 資訊 {Count 2} {Type C } 
[3580] 2015/03/07 13:52:29.290 收到 Head 資訊 {Count 2} {Type C } 
[3580] 2015/03/07 13:52:29.291 收到 Head 資訊 {Count 2} {Type C } 
[3580] 2015/03/07 13:52:29.293 收到 Head 資訊 {Count 2} {Type C } 
[3580] 2015/03/07 13:52:29.295 收到 Head 資訊 {Count 2} {Type C } 
[3580] 2015/03/07 13:52:29.297 收到 Head 資訊 {Count 2} {Type C } 
[3580] 2015/03/07 13:52:29.299 收到 Head 資訊 {Count 2} {Type C } 
[3580] 2015/03/07 13:52:29.301 收到 Head 資訊 {Count 2} {Type C } 
[3580] 2015/03/07 13:52:29.303 收到 Head 資訊 {Count 2} {Type C } 
[3580] 2015/03/07 13:52:29.305 收到 Head 資訊 {Count 2} {Type C } 
[3580] 2015/03/07 13:52:29.307 收到 Head 資訊 {Count 2} {Type C } 
[3580] 2015/03/07 13:52:29.309 收到 Head 資訊 {Count 2} {Type C } 
[3580] 2015/03/07 13:52:29.311 收到 Head 資訊 {Count 2} {Type C } 
[3580] 2015/03/07 13:52:29.312 收到 Head 資訊 {Count 2} {Type C } 
[3580] 2015/03/07 13:52:29.314 收到 Head 資訊 {Count 2} {Type C } 
[3580] 2015/03/07 13:52:29.316 收到 Head 資訊 {Count 2} {Type C } 
[3580] 2015/03/07 13:52:29.318 收到 Head 資訊 {Count 2} {Type C } 
[3580] 2015/03/07 13:52:29.320 收到 Head 資訊 {Count 2} {Type C } 
[3580] 2015/03/07 13:52:29.322 收到 Head 資訊 {Count 2} {Type C } 
[3580] 2015/03/07 13:52:29.324 收到 Head 資訊 {Count 2} {Type C } 
[3580] 2015/03/07 13:52:29.326 收到 Head 資訊 {Count 2} {Type C } 
[3580] 2015/03/07 13:52:29.328 收到 Head 資訊 {Count 2} {Type C } 
[3580] 2015/03/07 13:52:29.330 收到 Head 資訊 {Count 2} {Type C } 
[3580] 2015/03/07 13:52:29.332 收到 Head 資訊 {Count 2} {Type C } 
[3580] 2015/03/07 13:52:29.334 收到 Head 資訊 {Count 2} {Type C } 
[3580] 2015/03/07 13:52:29.336 收到 Head 資訊 {Count 2} {Type C } 
[3580] 2015/03/07 13:52:29.338 收到 Head 資訊 {Count 2} {Type C } 
[3580] 2015/03/07 13:52:29.340 收到 Head 資訊 {Count 2} {Type C } 
[3580] 2015/03/07 13:52:29.341 收到 Head 資訊 {Count 2} {Type C } 
[3580] 2015/03/07 13:52:29.343 收到 Head 資訊 {Count 2} {Type C } 
[3580] 2015/03/07 13:52:29.345 收到 Head 資訊 {Count 2} {Type C } 
[3580] 2015/03/07 13:52:29.347 收到 Head 資訊 {Count 2} {Type C } 
[3580] 2015/03/07 13:52:29.348 收到 Head 資訊 {Count 2} {Type D } 
[3580] 2015/03/07 13:52:29.350 收到 Head 資訊 {Count 2} {Type C } 
[3580] 2015/03/07 13:52:29.352 收到 Head 資訊 {Count 2} {Type C } 
[3580] 2015/03/07 13:52:29.354 收到 Head 資訊 {Count 2} {Type C } 
[3580] 2015/03/07 13:52:29.355 收到 Head 資訊 {Count 2} {Type C } 
[3580] 2015/03/07 13:52:29.357 收到 Head 資訊 {Count 2} {Type C } 
[3580] 2015/03/07 13:52:29.359 收到 Head 資訊 {Count 2} {Type C } 
[3580] 2015/03/07 13:52:29.361 收到 Head 資訊 {Count 2} {Type C } 
[3580] 2015/03/07 13:52:29.363 收到 Head 資訊 {Count 2} {Type C } 
[3580] 2015/03/07 13:52:29.364 收到 Head 資訊 {Count 2} {Type C } 
[3580] 2015/03/07 13:52:29.366 收到 Head 資訊 {Count 2} {Type C } 
[3580] 2015/03/07 13:52:29.368 收到 Head 資訊 {Count 2} {Type C } 
[3580] 2015/03/07 13:52:29.370 收到 Head 資訊 {Count 2} {Type C } 
[3580] 2015/03/07 13:52:29.371 收到 Head 資訊 {Count 2} {Type C } 
[3580] 2015/03/07 13:52:29.373 收到 Head 資訊 {Count 2} {Type C } 
[3580] 2015/03/07 13:52:29.375 收到 Head 資訊 {Count 2} {Type C } 
[3580] 2015/03/07 13:52:29.377 收到 Head 資訊 {Count 2} {Type C } 
[3580] 2015/03/07 13:52:29.379 收到 Head 資訊 {Count 2} {Type C } 
[3580] 2015/03/07 13:52:29.380 收到 Head 資訊 {Count 2} {Type C } 
[3580] 2015/03/07 13:52:29.382 收到 Head 資訊 {Count 2} {Type C } 
[3580] 2015/03/07 13:52:29.384 收到 Head 資訊 {Count 2} {Type C } 
[3580] 2015/03/07 13:52:29.386 收到 Head 資訊 {Count 2} {Type C } 
[3580] 2015/03/07 13:52:29.388 收到 Head 資訊 {Count 2} {Type C } 
[3580] 2015/03/07 13:52:29.389 收到 Head 資訊 {Count 2} {Type C } 
[3580] 2015/03/07 13:52:29.391 收到 Head 資訊 {Count 2} {Type C } 
[3580] 2015/03/07 13:52:29.393 收到 Head 資訊 {Count 2} {Type C } 
[3580] 2015/03/07 13:52:29.394 收到 Head 資訊 {Count 2} {Type C } 
[3580] 2015/03/07 13:52:29.396 收到 Head 資訊 {Count 2} {Type C } 
[3580] 2015/03/07 13:52:29.398 收到 Head 資訊 {Count 2} {Type C } 
[3580] 2015/03/07 13:52:29.399 收到 Head 資訊 {Count 2} {Type C } 
[3580] 2015/03/07 13:52:29.401 收到 Head 資訊 {Count 2} {Type C } 
[3580] 2015/03/07 13:52:29.403 收到 Head 資訊 {Count 2} {Type C } 
[3580] 2015/03/07 13:52:29.404 收到 Head 資訊 {Count 2} {Type C } 
[3580] 2015/03/07 13:52:29.406 收到 Head 資訊 {Count 2} {Type C } 
[3580] 2015/03/07 13:52:29.408 收到 Head 資訊 {Count 2} {Type C } 
[3580] 2015/03/07 13:52:29.410 收到 Head 資訊 {Count 2} {Type C } 
[3580] 2015/03/07 13:52:29.411 收到 Head 資訊 {Count 2} {Type C } 
[3580] 2015/03/07 13:52:29.413 收到 Head 資訊 {Count 2} {Type C } 
[3580] 2015/03/07 13:52:29.415 收到 Head 資訊 {Count 2} {Type C } 
[3580] 2015/03/07 13:52:29.416 收到 Head 資訊 {Count 2} {Type C } 
[3580] 2015/03/07 13:52:29.418 收到 Head 資訊 {Count 2} {Type C } 
[3580] 2015/03/07 13:52:29.420 收到 Head 資訊 {Count 2} {Type C } 
[3580] 2015/03/07 13:52:29.421 收到 Head 資訊 {Count 2} {Type C } 
[3580] 2015/03/07 13:52:29.423 收到 Head 資訊 {Count 2} {Type C } 
[3580] 2015/03/07 13:52:29.425 收到 Head 資訊 {Count 2} {Type C } 
[3580] 2015/03/07 13:52:29.426 收到 Head 資訊 {Count 2} {Type C } 
[3580] 2015/03/07 13:52:29.428 收到 Head 資訊 {Count 2} {Type C } 
[3580] 2015/03/07 13:52:29.430 收到 Head 資訊 {Count 2} {Type C } 
[3580] 2015/03/07 13:52:29.432 收到 Head 資訊 {Count 2} {Type C } 
[3580] 2015/03/07 13:52:29.433 收到 Head 資訊 {Count 2} {Type C } 
[3580] 2015/03/07 13:52:29.435 收到 Head 資訊 {Count 2} {Type C } 
[3580] 2015/03/07 13:52:29.437 收到 Head 資訊 {Count 2} {Type C } 
[3580] 2015/03/07 13:52:29.438 收到 Head 資訊 {Count 2} {Type C } 
[3580] 2015/03/07 13:52:29.440 收到 Head 資訊 {Count 2} {Type C } 
[3580] 2015/03/07 13:52:29.441 收到 Head 資訊 {Count 2} {Type C } 
[3580] 2015/03/07 13:52:29.443 收到 Head 資訊 {Count 2} {Type C } 
[3580] 2015/03/07 13:52:29.444 收到 Head 資訊 {Count 2} {Type C } 
[3580] 2015/03/07 13:52:29.446 收到 Head 資訊 {Count 2} {Type C } 
[3580] 2015/03/07 13:52:29.447 收到 Head 資訊 {Count 2} {Type C } 
[3580] 2015/03/07 13:52:29.449 收到 Head 資訊 {Count 2} {Type C } 
[3580] 2015/03/07 13:52:29.450 收到 Head 資訊 {Count 2} {Type C } 
[3580] 2015/03/07 13:52:29.452 收到 Head 資訊 {Count 2} {Type C } 
[3580] 2015/03/07 13:52:29.453 收到 Head 資訊 {Count 2} {Type C } 
[3580] 2015/03/07 13:52:29.455 收到 Head 資訊 {Count 2} {Type C } 
[3580] 2015/03/07 13:52:29.456 收到 Head 資訊 {Count 2} {Type C } 
[3580] 2015/03/07 13:52:29.458 收到 Head 資訊 {Count 2} {Type C } 
[3580] 2015/03/07 13:52:29.459 收到 Head 資訊 {Count 2} {Type C } 
[3580] 2015/03/07 13:52:29.461 收到 Head 資訊 {Count 2} {Type C } 
[3580] 2015/03/07 13:52:29.462 收到 Head 資訊 {Count 2} {Type C } 
[3580] 2015/03/07 13:52:29.464 收到 Head 資訊 {Count 2} {Type C } 
[3580] 2015/03/07 13:52:29.466 收到 Head 資訊 {Count 2} {Type C } 
[3580] 2015/03/07 13:52:29.467 收到 Head 資訊 {Count 2} {Type C } 
[3580] 2015/03/07 13:52:29.469 收到 Head 資訊 {Count 2} {Type C } 
[3580] 2015/03/07 13:52:29.471 收到 Head 資訊 {Count 2} {Type C } 
[3580] 2015/03/07 13:52:29.472 收到 Head 資訊 {Count 2} {Type C } 
[3580] 2015/03/07 13:52:29.474 收到 Head 資訊 {Count 2} {Type C } 
[3580] 2015/03/07 13:52:29.475 收到 Head 資訊 {Count 2} {Type C } 
[3580] 2015/03/07 13:52:29.477 收到 Head 資訊 {Count 2} {Type C } 
[3580] 2015/03/07 13:52:29.478 收到 Head 資訊 {Count 2} {Type B } 
[3580] 2015/03/07 13:53:28.136 連線確認 E122828927 (21,21)
[3580] 2015/03/07 13:54:28.151 連線確認 E122828927 (21,21)
[3580] 2015/03/07 13:55:28.164 連線確認 E122828927 (21,21)
[3580] 2015/03/07 13:56:28.179 連線確認 E122828927 (21,21)
[3580] 2015/03/07 13:57:28.191 連線確認 E122828927 (21,21)
[3580] 2015/03/07 13:57:28.426 收到 Head 資訊 {Count 2} {Type B } 
[3580] 2015/03/07 13:58:28.205 連線確認 E122828927 (21,21)
[3580] 2015/03/07 13:59:28.219 連線確認 E122828927 (21,21)
[3580] 2015/03/07 14:00:28.231 連線確認 E122828927 (21,21)
[3580] 2015/03/07 14:01:28.590 連線確認 E122828927 (21,21)
[3580] 2015/03/07 14:02:28.260 連線確認 E122828927 (21,21)
[3580] 2015/03/07 14:02:29.425 收到 Head 資訊 {Count 2} {Type B } 
[3580] 2015/03/07 14:03:28.274 連線確認 E122828927 (21,21)
[3580] 2015/03/07 14:04:28.286 連線確認 E122828927 (21,21)
[3580] 2015/03/07 14:05:28.300 連線確認 E122828927 (21,21)
[3580] 2015/03/07 14:05:29.016 收到 Head 資訊 {Count 2} {Type C } 
[3580] 2015/03/07 14:05:48.990 收到 Head 資訊 {Count 2} {Type C } 
[3580] 2015/03/07 14:06:28.314 連線確認 E122828927 (21,21)
[3580] 2015/03/07 14:07:28.327 連線確認 E122828927 (21,21)
[3580] 2015/03/07 14:07:30.417 收到 Head 資訊 {Count 2} {Type B } 
[3580] 2015/03/07 14:08:09.298 API ExitInstance 
[536] 2015/03/07 15:04:57.552 API InitInstance 
[536] 2015/03/07 15:04:57.906 E122828927 連線 Code：0
[536] 2015/03/07 15:04:59.982 收到 Head 資訊 {Count 2} {Type C } 
[536] 2015/03/07 15:04:59.988 收到 Head 資訊 {Count 2} {Type C } 
[536] 2015/03/07 15:04:59.991 收到 Head 資訊 {Count 2} {Type C } 
[536] 2015/03/07 15:04:59.992 收到 Head 資訊 {Count 2} {Type C } 
[536] 2015/03/07 15:04:59.994 收到 Head 資訊 {Count 2} {Type C } 
[536] 2015/03/07 15:04:59.996 收到 Head 資訊 {Count 2} {Type C } 
[536] 2015/03/07 15:04:59.998 收到 Head 資訊 {Count 2} {Type C } 
[536] 2015/03/07 15:05:00.000 收到 Head 資訊 {Count 2} {Type C } 
[536] 2015/03/07 15:05:00.001 收到 Head 資訊 {Count 2} {Type C } 
[536] 2015/03/07 15:05:00.003 收到 Head 資訊 {Count 2} {Type C } 
[536] 2015/03/07 15:05:00.005 收到 Head 資訊 {Count 2} {Type C } 
[536] 2015/03/07 15:05:00.006 收到 Head 資訊 {Count 2} {Type C } 
[536] 2015/03/07 15:05:00.008 收到 Head 資訊 {Count 2} {Type C } 
