[3468] 2015/01/31 05:56:37.995 SKOrderLib ª©¥» 2.1.22
[3468] 2015/01/31 05:56:37.998 Login ID: E122828927
[3468] 2015/01/31 05:56:38.658 CALL SKOrderLib_ReadCertByID(E122828927)
[3468] 2015/01/31 05:56:38.831 CALL RegisterOnAccountCallBack()
[3468] 2015/01/31 05:56:38.833 CALL GetUserAccount()
[3468] 2015/01/31 05:56:38.835 TS,918J,918J,0456453,E122828927,±d§Óºú,0,0
[3468] 2015/01/31 05:56:38.837 TF,F020000,B17,1709003,E122828927,±d§Óºú,0,0
[3468] 2015/01/31 05:56:38.839 OF,F020000,000,1709003,E122828927,±d§Óºú,0,0
[3468] 2015/01/31 05:56:38.842 CALL RegisterOnOrderAsyncReportCallBack()
[3468] 2015/01/31 05:56:38.845 CALL RegisterOnExecutionReportCallBack()
[1540] 2015/01/31 07:06:20.806 SKOrderLib ª©¥» 2.1.22
[1540] 2015/01/31 07:06:20.810 Login ID: E122828927
[1540] 2015/01/31 07:06:21.416 CALL SKOrderLib_ReadCertByID(E122828927)
[1540] 2015/01/31 07:06:21.581 CALL RegisterOnAccountCallBack()
[1540] 2015/01/31 07:06:21.582 CALL GetUserAccount()
[1540] 2015/01/31 07:06:21.584 TS,918J,918J,0456453,E122828927,±d§Óºú,0,0
[1540] 2015/01/31 07:06:21.586 TF,F020000,B17,1709003,E122828927,±d§Óºú,0,0
[1540] 2015/01/31 07:06:21.588 OF,F020000,000,1709003,E122828927,±d§Óºú,0,0
[1540] 2015/01/31 07:06:21.590 CALL RegisterOnOrderAsyncReportCallBack()
[1540] 2015/01/31 07:06:21.593 CALL RegisterOnExecutionReportCallBack()
[2152] 2015/01/31 07:08:03.143 SKOrderLib ª©¥» 2.1.22
[2152] 2015/01/31 07:08:03.146 Login ID: E122828927
[2152] 2015/01/31 07:08:03.792 CALL SKOrderLib_ReadCertByID(E122828927)
[2152] 2015/01/31 07:08:03.927 CALL RegisterOnAccountCallBack()
[2152] 2015/01/31 07:08:03.929 CALL GetUserAccount()
[2152] 2015/01/31 07:08:03.930 TS,918J,918J,0456453,E122828927,±d§Óºú,0,0
[2152] 2015/01/31 07:08:03.933 TF,F020000,B17,1709003,E122828927,±d§Óºú,0,0
[2152] 2015/01/31 07:08:03.934 OF,F020000,000,1709003,E122828927,±d§Óºú,0,0
[2152] 2015/01/31 07:08:03.937 CALL RegisterOnOrderAsyncReportCallBack()
[2152] 2015/01/31 07:08:03.939 CALL RegisterOnExecutionReportCallBack()
[3864] 2015/01/31 07:09:16.477 SKOrderLib ª©¥» 2.1.22
[3864] 2015/01/31 07:09:16.479 Login ID: E122828927
[3864] 2015/01/31 07:09:17.066 CALL SKOrderLib_ReadCertByID(E122828927)
[3864] 2015/01/31 07:09:17.198 CALL RegisterOnAccountCallBack()
[3864] 2015/01/31 07:09:17.200 CALL GetUserAccount()
[3864] 2015/01/31 07:09:17.201 TS,918J,918J,0456453,E122828927,±d§Óºú,0,0
[3864] 2015/01/31 07:09:17.203 TF,F020000,B17,1709003,E122828927,±d§Óºú,0,0
[3864] 2015/01/31 07:09:17.205 OF,F020000,000,1709003,E122828927,±d§Óºú,0,0
[3864] 2015/01/31 07:09:17.208 CALL RegisterOnOrderAsyncReportCallBack()
[3864] 2015/01/31 07:09:17.210 CALL RegisterOnExecutionReportCallBack()
[2164] 2015/01/31 07:10:03.734 SKOrderLib ª©¥» 2.1.22
[2164] 2015/01/31 07:10:03.737 Login ID: E122828927
[2164] 2015/01/31 07:10:04.347 CALL SKOrderLib_ReadCertByID(E122828927)
[2164] 2015/01/31 07:10:04.485 CALL RegisterOnAccountCallBack()
[2164] 2015/01/31 07:10:04.487 CALL GetUserAccount()
[2164] 2015/01/31 07:10:04.488 TS,918J,918J,0456453,E122828927,±d§Óºú,0,0
[2164] 2015/01/31 07:10:04.491 TF,F020000,B17,1709003,E122828927,±d§Óºú,0,0
[2164] 2015/01/31 07:10:04.492 OF,F020000,000,1709003,E122828927,±d§Óºú,0,0
[2164] 2015/01/31 07:10:04.495 CALL RegisterOnOrderAsyncReportCallBack()
[2164] 2015/01/31 07:10:04.497 CALL RegisterOnExecutionReportCallBack()
[3428] 2015/01/31 07:12:12.422 SKOrderLib ª©¥» 2.1.22
[3428] 2015/01/31 07:12:12.425 Login ID: E122828927
[3428] 2015/01/31 07:12:13.059 CALL SKOrderLib_ReadCertByID(E122828927)
[3428] 2015/01/31 07:12:13.203 CALL RegisterOnAccountCallBack()
[3428] 2015/01/31 07:12:13.205 CALL GetUserAccount()
[3428] 2015/01/31 07:12:13.207 TS,918J,918J,0456453,E122828927,±d§Óºú,0,0
[3428] 2015/01/31 07:12:13.209 TF,F020000,B17,1709003,E122828927,±d§Óºú,0,0
[3428] 2015/01/31 07:12:13.211 OF,F020000,000,1709003,E122828927,±d§Óºú,0,0
[3428] 2015/01/31 07:12:13.213 CALL RegisterOnOrderAsyncReportCallBack()
[3428] 2015/01/31 07:12:13.216 CALL RegisterOnExecutionReportCallBack()
[2668] 2015/01/31 07:17:58.801 SKOrderLib ª©¥» 2.1.22
[2668] 2015/01/31 07:17:58.804 Login ID: E122828927
[2668] 2015/01/31 07:17:59.548 CALL SKOrderLib_ReadCertByID(E122828927)
[2668] 2015/01/31 07:17:59.726 CALL RegisterOnAccountCallBack()
[2668] 2015/01/31 07:17:59.728 CALL GetUserAccount()
[2668] 2015/01/31 07:17:59.730 TS,918J,918J,0456453,E122828927,±d§Óºú,0,0
[2668] 2015/01/31 07:17:59.732 TF,F020000,B17,1709003,E122828927,±d§Óºú,0,0
[2668] 2015/01/31 07:17:59.734 OF,F020000,000,1709003,E122828927,±d§Óºú,0,0
[2668] 2015/01/31 07:17:59.736 CALL RegisterOnOrderAsyncReportCallBack()
[2668] 2015/01/31 07:17:59.739 CALL RegisterOnExecutionReportCallBack()
[3520] 2015/01/31 08:00:29.418 SKOrderLib ª©¥» 2.1.22
[3520] 2015/01/31 08:00:29.421 Login ID: E122828927
[3520] 2015/01/31 08:00:30.062 CALL SKOrderLib_ReadCertByID(E122828927)
[3520] 2015/01/31 08:00:30.232 CALL RegisterOnAccountCallBack()
[3520] 2015/01/31 08:00:30.234 CALL GetUserAccount()
[3520] 2015/01/31 08:00:30.235 TS,918J,918J,0456453,E122828927,±d§Óºú,0,0
[3520] 2015/01/31 08:00:30.237 TF,F020000,B17,1709003,E122828927,±d§Óºú,0,0
[3520] 2015/01/31 08:00:30.239 OF,F020000,000,1709003,E122828927,±d§Óºú,0,0
[3520] 2015/01/31 08:00:30.242 CALL RegisterOnOrderAsyncReportCallBack()
[3520] 2015/01/31 08:00:30.244 CALL RegisterOnExecutionReportCallBack()
[672] 2015/01/31 08:06:36.202 SKOrderLib ª©¥» 2.1.22
[672] 2015/01/31 08:06:36.205 Login ID: E122828927
[672] 2015/01/31 08:06:36.791 CALL SKOrderLib_ReadCertByID(E122828927)
[672] 2015/01/31 08:06:36.936 CALL RegisterOnAccountCallBack()
[672] 2015/01/31 08:06:36.938 CALL GetUserAccount()
[672] 2015/01/31 08:06:36.939 TS,918J,918J,0456453,E122828927,±d§Óºú,0,0
[672] 2015/01/31 08:06:36.941 TF,F020000,B17,1709003,E122828927,±d§Óºú,0,0
[672] 2015/01/31 08:06:36.943 OF,F020000,000,1709003,E122828927,±d§Óºú,0,0
[672] 2015/01/31 08:06:36.946 CALL RegisterOnOrderAsyncReportCallBack()
[672] 2015/01/31 08:06:36.948 CALL RegisterOnExecutionReportCallBack()
[4672] 2015/01/31 08:10:41.345 SKOrderLib ª©¥» 2.1.22
[4672] 2015/01/31 08:10:41.348 Login ID: E122828927
[4672] 2015/01/31 08:10:42.362 CALL SKOrderLib_ReadCertByID(E122828927)
[4672] 2015/01/31 08:10:42.613 CALL RegisterOnAccountCallBack()
[4672] 2015/01/31 08:10:42.615 CALL GetUserAccount()
[4672] 2015/01/31 08:10:42.616 TS,918J,918J,0456453,E122828927,±d§Óºú,0,0
[4672] 2015/01/31 08:10:42.619 TF,F020000,B17,1709003,E122828927,±d§Óºú,0,0
[4672] 2015/01/31 08:10:42.621 OF,F020000,000,1709003,E122828927,±d§Óºú,0,0
[4672] 2015/01/31 08:10:42.623 CALL RegisterOnOrderAsyncReportCallBack()
[4672] 2015/01/31 08:10:42.626 CALL RegisterOnExecutionReportCallBack()
