[7076] 2015/02/01 17:17:31.679 API InitInstance 
[7076] 2015/02/01 17:17:32.036 E122828927 連線 Code：0
[7076] 2015/02/01 17:17:33.038 收到 Head 資訊 {Count 2} {Type C } 
[7076] 2015/02/01 17:17:33.039 收到 Head 資訊 {Count 2} {Type C } 
[7076] 2015/02/01 17:17:33.040 收到 Head 資訊 {Count 2} {Type C } 
[7076] 2015/02/01 17:17:33.041 收到 Head 資訊 {Count 2} {Type C } 
[7076] 2015/02/01 17:17:33.042 收到 Head 資訊 {Count 2} {Type C } 
[7076] 2015/02/01 17:17:33.043 收到 Head 資訊 {Count 2} {Type C } 
[7076] 2015/02/01 17:17:33.043 收到 Head 資訊 {Count 2} {Type C } 
[7076] 2015/02/01 17:17:33.044 收到 Head 資訊 {Count 2} {Type C } 
[7076] 2015/02/01 17:17:33.045 收到 Head 資訊 {Count 2} {Type C } 
[7076] 2015/02/01 17:17:33.046 收到 Head 資訊 {Count 2} {Type C } 
[7076] 2015/02/01 17:17:33.047 收到 Head 資訊 {Count 2} {Type C } 
[7076] 2015/02/01 17:17:33.048 收到 Head 資訊 {Count 2} {Type C } 
[7076] 2015/02/01 17:17:33.049 收到 Head 資訊 {Count 2} {Type C } 
[7076] 2015/02/01 17:17:33.050 收到 Head 資訊 {Count 2} {Type C } 
[7076] 2015/02/01 17:17:33.051 收到 Head 資訊 {Count 2} {Type C } 
[7076] 2015/02/01 17:17:33.052 收到 Head 資訊 {Count 2} {Type C } 
[7076] 2015/02/01 17:17:33.053 收到 Head 資訊 {Count 2} {Type C } 
[7076] 2015/02/01 17:17:33.054 收到 Head 資訊 {Count 2} {Type C } 
[7076] 2015/02/01 17:17:33.055 收到 Head 資訊 {Count 2} {Type C } 
[7076] 2015/02/01 17:17:33.055 收到 Head 資訊 {Count 2} {Type C } 
[7076] 2015/02/01 17:17:33.056 收到 Head 資訊 {Count 2} {Type C } 
[7076] 2015/02/01 17:17:33.057 收到 Head 資訊 {Count 2} {Type C } 
[7076] 2015/02/01 17:17:33.058 收到 Head 資訊 {Count 2} {Type C } 
[7076] 2015/02/01 17:17:33.059 收到 Head 資訊 {Count 2} {Type C } 
[7076] 2015/02/01 17:17:33.060 收到 Head 資訊 {Count 2} {Type C } 
[7076] 2015/02/01 17:17:33.061 收到 Head 資訊 {Count 2} {Type C } 
[7076] 2015/02/01 17:17:33.062 收到 Head 資訊 {Count 2} {Type C } 
[7076] 2015/02/01 17:17:33.062 收到 Head 資訊 {Count 2} {Type C } 
[7076] 2015/02/01 17:17:33.063 收到 Head 資訊 {Count 2} {Type C } 
[7076] 2015/02/01 17:17:33.064 收到 Head 資訊 {Count 2} {Type C } 
[7076] 2015/02/01 17:17:33.065 收到 Head 資訊 {Count 2} {Type C } 
[7076] 2015/02/01 17:17:33.066 收到 Head 資訊 {Count 2} {Type C } 
[7076] 2015/02/01 17:17:33.067 收到 Head 資訊 {Count 2} {Type C } 
[7076] 2015/02/01 17:17:33.067 收到 Head 資訊 {Count 2} {Type C } 
[7076] 2015/02/01 17:17:33.068 收到 Head 資訊 {Count 2} {Type C } 
[7076] 2015/02/01 17:17:33.069 收到 Head 資訊 {Count 2} {Type C } 
[7076] 2015/02/01 17:17:33.070 收到 Head 資訊 {Count 2} {Type C } 
[7076] 2015/02/01 17:17:33.071 收到 Head 資訊 {Count 2} {Type C } 
[7076] 2015/02/01 17:17:33.072 收到 Head 資訊 {Count 2} {Type C } 
[7076] 2015/02/01 17:17:33.072 收到 Head 資訊 {Count 2} {Type C } 
[7076] 2015/02/01 17:17:33.073 收到 Head 資訊 {Count 2} {Type C } 
[7076] 2015/02/01 17:17:33.074 收到 Head 資訊 {Count 2} {Type C } 
[7076] 2015/02/01 17:17:33.075 收到 Head 資訊 {Count 2} {Type C } 
[7076] 2015/02/01 17:17:33.076 收到 Head 資訊 {Count 2} {Type C } 
[7076] 2015/02/01 17:17:33.077 收到 Head 資訊 {Count 2} {Type C } 
[7076] 2015/02/01 17:17:33.077 收到 Head 資訊 {Count 2} {Type C } 
[7076] 2015/02/01 17:17:33.078 收到 Head 資訊 {Count 2} {Type C } 
[7076] 2015/02/01 17:17:33.079 收到 Head 資訊 {Count 2} {Type C } 
[7076] 2015/02/01 17:17:33.080 收到 Head 資訊 {Count 2} {Type C } 
[7076] 2015/02/01 17:17:33.081 收到 Head 資訊 {Count 2} {Type C } 
[7076] 2015/02/01 17:17:33.082 收到 Head 資訊 {Count 2} {Type C } 
[7076] 2015/02/01 17:17:33.082 收到 Head 資訊 {Count 2} {Type C } 
[7076] 2015/02/01 17:17:33.083 收到 Head 資訊 {Count 2} {Type C } 
[7076] 2015/02/01 17:17:33.084 收到 Head 資訊 {Count 2} {Type C } 
[7076] 2015/02/01 17:17:33.085 收到 Head 資訊 {Count 2} {Type C } 
[7076] 2015/02/01 17:17:33.086 收到 Head 資訊 {Count 2} {Type C } 
[7076] 2015/02/01 17:17:33.087 收到 Head 資訊 {Count 2} {Type C } 
[7076] 2015/02/01 17:17:33.087 收到 Head 資訊 {Count 2} {Type C } 
[7076] 2015/02/01 17:17:33.088 收到 Head 資訊 {Count 2} {Type C } 
[7076] 2015/02/01 17:17:33.089 收到 Head 資訊 {Count 2} {Type C } 
[7076] 2015/02/01 17:17:33.090 收到 Head 資訊 {Count 2} {Type C } 
[7076] 2015/02/01 17:17:33.091 收到 Head 資訊 {Count 2} {Type C } 
[7076] 2015/02/01 17:17:33.091 收到 Head 資訊 {Count 2} {Type C } 
[7076] 2015/02/01 17:17:33.092 收到 Head 資訊 {Count 2} {Type C } 
[7076] 2015/02/01 17:17:33.093 收到 Head 資訊 {Count 2} {Type C } 
[7076] 2015/02/01 17:17:33.094 收到 Head 資訊 {Count 2} {Type C } 
[7076] 2015/02/01 17:17:33.095 收到 Head 資訊 {Count 2} {Type C } 
[7076] 2015/02/01 17:17:33.096 收到 Head 資訊 {Count 2} {Type C } 
[7076] 2015/02/01 17:17:33.096 收到 Head 資訊 {Count 2} {Type C } 
[7076] 2015/02/01 17:17:33.097 收到 Head 資訊 {Count 2} {Type C } 
[7076] 2015/02/01 17:17:33.098 收到 Head 資訊 {Count 2} {Type C } 
[7076] 2015/02/01 17:17:33.099 收到 Head 資訊 {Count 2} {Type C } 
[7076] 2015/02/01 17:17:33.100 收到 Head 資訊 {Count 2} {Type C } 
[7076] 2015/02/01 17:17:33.100 收到 Head 資訊 {Count 2} {Type C } 
[7076] 2015/02/01 17:17:33.101 收到 Head 資訊 {Count 2} {Type C } 
[7076] 2015/02/01 17:17:33.102 收到 Head 資訊 {Count 2} {Type C } 
[7076] 2015/02/01 17:17:33.103 收到 Head 資訊 {Count 2} {Type C } 
[7076] 2015/02/01 17:17:33.104 收到 Head 資訊 {Count 2} {Type C } 
[7076] 2015/02/01 17:17:33.105 收到 Head 資訊 {Count 2} {Type C } 
[7076] 2015/02/01 17:17:33.105 收到 Head 資訊 {Count 2} {Type C } 
[7076] 2015/02/01 17:17:33.106 收到 Head 資訊 {Count 2} {Type C } 
[7076] 2015/02/01 17:17:33.107 收到 Head 資訊 {Count 2} {Type C } 
[7076] 2015/02/01 17:17:33.108 收到 Head 資訊 {Count 2} {Type C } 
[7076] 2015/02/01 17:17:33.109 收到 Head 資訊 {Count 2} {Type C } 
[7076] 2015/02/01 17:17:33.110 收到 Head 資訊 {Count 2} {Type C } 
[7076] 2015/02/01 17:17:33.111 收到 Head 資訊 {Count 2} {Type C } 
[7076] 2015/02/01 17:17:33.111 收到 Head 資訊 {Count 2} {Type C } 
[7076] 2015/02/01 17:17:33.112 收到 Head 資訊 {Count 2} {Type C } 
[7076] 2015/02/01 17:17:33.113 收到 Head 資訊 {Count 2} {Type C } 
[7076] 2015/02/01 17:17:33.114 收到 Head 資訊 {Count 2} {Type C } 
[7076] 2015/02/01 17:17:33.115 收到 Head 資訊 {Count 2} {Type C } 
[7076] 2015/02/01 17:17:33.116 收到 Head 資訊 {Count 2} {Type C } 
[7076] 2015/02/01 17:17:33.116 收到 Head 資訊 {Count 2} {Type C } 
[7076] 2015/02/01 17:17:33.117 收到 Head 資訊 {Count 2} {Type C } 
[7076] 2015/02/01 17:17:33.118 收到 Head 資訊 {Count 2} {Type C } 
[7076] 2015/02/01 17:17:33.119 收到 Head 資訊 {Count 2} {Type C } 
[7076] 2015/02/01 17:17:33.120 收到 Head 資訊 {Count 2} {Type C } 
[7076] 2015/02/01 17:17:33.121 收到 Head 資訊 {Count 2} {Type C } 
[7076] 2015/02/01 17:17:33.122 收到 Head 資訊 {Count 2} {Type C } 
[7076] 2015/02/01 17:17:33.122 收到 Head 資訊 {Count 2} {Type C } 
[7076] 2015/02/01 17:17:33.123 收到 Head 資訊 {Count 2} {Type C } 
[7076] 2015/02/01 17:17:33.124 收到 Head 資訊 {Count 2} {Type C } 
[7076] 2015/02/01 17:17:33.125 收到 Head 資訊 {Count 2} {Type C } 
[7076] 2015/02/01 17:17:33.127 收到 Head 資訊 {Count 2} {Type C } 
[7076] 2015/02/01 17:17:33.128 收到 Head 資訊 {Count 2} {Type C } 
[7076] 2015/02/01 17:17:33.129 收到 Head 資訊 {Count 2} {Type C } 
[7076] 2015/02/01 17:17:33.130 收到 Head 資訊 {Count 2} {Type C } 
[7076] 2015/02/01 17:17:33.130 收到 Head 資訊 {Count 2} {Type C } 
[7076] 2015/02/01 17:17:33.132 收到 Head 資訊 {Count 2} {Type C } 
[7076] 2015/02/01 17:17:33.132 收到 Head 資訊 {Count 2} {Type C } 
[7076] 2015/02/01 17:17:33.133 收到 Head 資訊 {Count 2} {Type C } 
[7076] 2015/02/01 17:17:33.134 收到 Head 資訊 {Count 2} {Type C } 
[7076] 2015/02/01 17:17:33.135 收到 Head 資訊 {Count 2} {Type C } 
[7076] 2015/02/01 17:17:33.136 收到 Head 資訊 {Count 2} {Type C } 
[7076] 2015/02/01 17:17:33.137 收到 Head 資訊 {Count 2} {Type C } 
[7076] 2015/02/01 17:17:33.138 收到 Head 資訊 {Count 2} {Type C } 
[7076] 2015/02/01 17:17:33.139 收到 Head 資訊 {Count 2} {Type C } 
[7076] 2015/02/01 17:17:33.140 收到 Head 資訊 {Count 2} {Type C } 
[7076] 2015/02/01 17:17:33.141 收到 Head 資訊 {Count 2} {Type C } 
[7076] 2015/02/01 17:17:33.142 收到 Head 資訊 {Count 2} {Type C } 
[7076] 2015/02/01 17:17:33.143 收到 Head 資訊 {Count 2} {Type C } 
[7076] 2015/02/01 17:17:33.143 收到 Head 資訊 {Count 2} {Type C } 
[7076] 2015/02/01 17:17:33.144 收到 Head 資訊 {Count 2} {Type C } 
[7076] 2015/02/01 17:17:33.145 收到 Head 資訊 {Count 2} {Type C } 
[7076] 2015/02/01 17:17:33.146 收到 Head 資訊 {Count 2} {Type C } 
[7076] 2015/02/01 17:17:33.147 收到 Head 資訊 {Count 2} {Type C } 
[7076] 2015/02/01 17:17:33.148 收到 Head 資訊 {Count 2} {Type C } 
[7076] 2015/02/01 17:17:33.149 收到 Head 資訊 {Count 2} {Type C } 
[7076] 2015/02/01 17:17:33.150 收到 Head 資訊 {Count 2} {Type C } 
[7076] 2015/02/01 17:17:33.150 收到 Head 資訊 {Count 2} {Type C } 
[7076] 2015/02/01 17:17:33.151 收到 Head 資訊 {Count 2} {Type C } 
[7076] 2015/02/01 17:17:33.152 收到 Head 資訊 {Count 2} {Type C } 
[7076] 2015/02/01 17:17:33.153 收到 Head 資訊 {Count 2} {Type C } 
[7076] 2015/02/01 17:17:33.154 收到 Head 資訊 {Count 2} {Type C } 
[7076] 2015/02/01 17:17:33.155 收到 Head 資訊 {Count 2} {Type C } 
[7076] 2015/02/01 17:17:33.156 收到 Head 資訊 {Count 2} {Type C } 
[7076] 2015/02/01 17:17:33.157 收到 Head 資訊 {Count 2} {Type C } 
[7076] 2015/02/01 17:17:33.158 收到 Head 資訊 {Count 2} {Type C } 
[7076] 2015/02/01 17:17:33.159 收到 Head 資訊 {Count 2} {Type C } 
[7076] 2015/02/01 17:17:33.160 收到 Head 資訊 {Count 2} {Type C } 
[7076] 2015/02/01 17:17:33.161 收到 Head 資訊 {Count 2} {Type C } 
[7076] 2015/02/01 17:17:33.162 收到 Head 資訊 {Count 2} {Type C } 
[7076] 2015/02/01 17:17:33.163 收到 Head 資訊 {Count 2} {Type C } 
[7076] 2015/02/01 17:17:33.164 收到 Head 資訊 {Count 2} {Type C } 
[7076] 2015/02/01 17:17:33.165 收到 Head 資訊 {Count 2} {Type C } 
[7076] 2015/02/01 17:17:33.165 收到 Head 資訊 {Count 2} {Type C } 
[7076] 2015/02/01 17:17:33.166 收到 Head 資訊 {Count 2} {Type C } 
[7076] 2015/02/01 17:17:33.167 收到 Head 資訊 {Count 2} {Type C } 
[7076] 2015/02/01 17:17:33.168 收到 Head 資訊 {Count 2} {Type C } 
[7076] 2015/02/01 17:17:33.169 收到 Head 資訊 {Count 2} {Type C } 
[7076] 2015/02/01 17:17:33.170 收到 Head 資訊 {Count 2} {Type C } 
[7076] 2015/02/01 17:17:33.171 收到 Head 資訊 {Count 2} {Type C } 
[7076] 2015/02/01 17:17:33.171 收到 Head 資訊 {Count 2} {Type C } 
[7076] 2015/02/01 17:17:33.172 收到 Head 資訊 {Count 2} {Type C } 
[7076] 2015/02/01 17:17:33.173 收到 Head 資訊 {Count 2} {Type C } 
[7076] 2015/02/01 17:17:33.174 收到 Head 資訊 {Count 2} {Type C } 
[7076] 2015/02/01 17:17:33.175 收到 Head 資訊 {Count 2} {Type C } 
[7076] 2015/02/01 17:17:33.175 收到 Head 資訊 {Count 2} {Type C } 
[7076] 2015/02/01 17:17:33.176 收到 Head 資訊 {Count 2} {Type C } 
[7076] 2015/02/01 17:17:33.177 收到 Head 資訊 {Count 2} {Type B } 
[7076] 2015/02/01 17:17:40.951 E122828927 斷線 Code：0
[6436] 2015/02/01 17:17:49.081 API InitInstance 
[6436] 2015/02/01 17:17:49.379 E122828927 連線 Code：0
[6436] 2015/02/01 17:17:50.381 收到 Head 資訊 {Count 2} {Type C } 
[6436] 2015/02/01 17:17:50.382 收到 Head 資訊 {Count 2} {Type C } 
[6436] 2015/02/01 17:17:50.383 收到 Head 資訊 {Count 2} {Type C } 
[6436] 2015/02/01 17:17:50.383 收到 Head 資訊 {Count 2} {Type C } 
[6436] 2015/02/01 17:17:50.384 收到 Head 資訊 {Count 2} {Type C } 
[6436] 2015/02/01 17:17:50.385 收到 Head 資訊 {Count 2} {Type C } 
[6436] 2015/02/01 17:17:50.386 收到 Head 資訊 {Count 2} {Type C } 
[6436] 2015/02/01 17:17:50.387 收到 Head 資訊 {Count 2} {Type C } 
[6436] 2015/02/01 17:17:50.388 收到 Head 資訊 {Count 2} {Type C } 
[6436] 2015/02/01 17:17:50.389 收到 Head 資訊 {Count 2} {Type C } 
[6436] 2015/02/01 17:17:50.390 收到 Head 資訊 {Count 2} {Type C } 
[6436] 2015/02/01 17:17:50.391 收到 Head 資訊 {Count 2} {Type C } 
[6436] 2015/02/01 17:17:50.392 收到 Head 資訊 {Count 2} {Type C } 
[6436] 2015/02/01 17:17:50.393 收到 Head 資訊 {Count 2} {Type C } 
[6436] 2015/02/01 17:17:50.394 收到 Head 資訊 {Count 2} {Type C } 
[6436] 2015/02/01 17:17:50.395 收到 Head 資訊 {Count 2} {Type C } 
[6436] 2015/02/01 17:17:50.396 收到 Head 資訊 {Count 2} {Type C } 
[6436] 2015/02/01 17:17:50.396 收到 Head 資訊 {Count 2} {Type C } 
[6436] 2015/02/01 17:17:50.397 收到 Head 資訊 {Count 2} {Type C } 
[6436] 2015/02/01 17:17:50.398 收到 Head 資訊 {Count 2} {Type C } 
[6436] 2015/02/01 17:17:50.399 收到 Head 資訊 {Count 2} {Type C } 
[6436] 2015/02/01 17:17:50.400 收到 Head 資訊 {Count 2} {Type C } 
[6436] 2015/02/01 17:17:50.401 收到 Head 資訊 {Count 2} {Type C } 
[6436] 2015/02/01 17:17:50.402 收到 Head 資訊 {Count 2} {Type C } 
[6436] 2015/02/01 17:17:50.403 收到 Head 資訊 {Count 2} {Type C } 
[6436] 2015/02/01 17:17:50.403 收到 Head 資訊 {Count 2} {Type C } 
[6436] 2015/02/01 17:17:50.404 收到 Head 資訊 {Count 2} {Type C } 
[6436] 2015/02/01 17:17:50.405 收到 Head 資訊 {Count 2} {Type C } 
[6436] 2015/02/01 17:17:50.406 收到 Head 資訊 {Count 2} {Type C } 
[6436] 2015/02/01 17:17:50.407 收到 Head 資訊 {Count 2} {Type C } 
[6436] 2015/02/01 17:17:50.408 收到 Head 資訊 {Count 2} {Type C } 
[6436] 2015/02/01 17:17:50.408 收到 Head 資訊 {Count 2} {Type C } 
[6436] 2015/02/01 17:17:50.409 收到 Head 資訊 {Count 2} {Type C } 
[6436] 2015/02/01 17:17:50.410 收到 Head 資訊 {Count 2} {Type C } 
[6436] 2015/02/01 17:17:50.411 收到 Head 資訊 {Count 2} {Type C } 
[6436] 2015/02/01 17:17:50.412 收到 Head 資訊 {Count 2} {Type C } 
[6436] 2015/02/01 17:17:50.413 收到 Head 資訊 {Count 2} {Type C } 
[6436] 2015/02/01 17:17:50.413 收到 Head 資訊 {Count 2} {Type C } 
[6436] 2015/02/01 17:17:50.414 收到 Head 資訊 {Count 2} {Type C } 
[6436] 2015/02/01 17:17:50.415 收到 Head 資訊 {Count 2} {Type C } 
[6436] 2015/02/01 17:17:50.416 收到 Head 資訊 {Count 2} {Type C } 
[6436] 2015/02/01 17:17:50.417 收到 Head 資訊 {Count 2} {Type C } 
[6436] 2015/02/01 17:17:50.418 收到 Head 資訊 {Count 2} {Type C } 
[6436] 2015/02/01 17:17:50.418 收到 Head 資訊 {Count 2} {Type C } 
[6436] 2015/02/01 17:17:50.419 收到 Head 資訊 {Count 2} {Type C } 
[6436] 2015/02/01 17:17:50.420 收到 Head 資訊 {Count 2} {Type C } 
[6436] 2015/02/01 17:17:50.421 收到 Head 資訊 {Count 2} {Type C } 
[6436] 2015/02/01 17:17:50.422 收到 Head 資訊 {Count 2} {Type C } 
[6436] 2015/02/01 17:17:50.423 收到 Head 資訊 {Count 2} {Type C } 
[6436] 2015/02/01 17:17:50.423 收到 Head 資訊 {Count 2} {Type C } 
[6436] 2015/02/01 17:17:50.424 收到 Head 資訊 {Count 2} {Type C } 
[6436] 2015/02/01 17:17:50.425 收到 Head 資訊 {Count 2} {Type C } 
[6436] 2015/02/01 17:17:50.426 收到 Head 資訊 {Count 2} {Type C } 
[6436] 2015/02/01 17:17:50.427 收到 Head 資訊 {Count 2} {Type C } 
[6436] 2015/02/01 17:17:50.428 收到 Head 資訊 {Count 2} {Type C } 
[6436] 2015/02/01 17:17:50.428 收到 Head 資訊 {Count 2} {Type C } 
[6436] 2015/02/01 17:17:50.429 收到 Head 資訊 {Count 2} {Type C } 
[6436] 2015/02/01 17:17:50.430 收到 Head 資訊 {Count 2} {Type C } 
[6436] 2015/02/01 17:17:50.431 收到 Head 資訊 {Count 2} {Type C } 
[6436] 2015/02/01 17:17:50.432 收到 Head 資訊 {Count 2} {Type C } 
[6436] 2015/02/01 17:17:50.433 收到 Head 資訊 {Count 2} {Type C } 
[6436] 2015/02/01 17:17:50.433 收到 Head 資訊 {Count 2} {Type C } 
[6436] 2015/02/01 17:17:50.434 收到 Head 資訊 {Count 2} {Type C } 
[6436] 2015/02/01 17:17:50.435 收到 Head 資訊 {Count 2} {Type C } 
[6436] 2015/02/01 17:17:50.436 收到 Head 資訊 {Count 2} {Type C } 
[6436] 2015/02/01 17:17:50.437 收到 Head 資訊 {Count 2} {Type C } 
[6436] 2015/02/01 17:17:50.438 收到 Head 資訊 {Count 2} {Type C } 
[6436] 2015/02/01 17:17:50.438 收到 Head 資訊 {Count 2} {Type C } 
[6436] 2015/02/01 17:17:50.439 收到 Head 資訊 {Count 2} {Type C } 
[6436] 2015/02/01 17:17:50.440 收到 Head 資訊 {Count 2} {Type C } 
[6436] 2015/02/01 17:17:50.441 收到 Head 資訊 {Count 2} {Type C } 
[6436] 2015/02/01 17:17:50.442 收到 Head 資訊 {Count 2} {Type C } 
[6436] 2015/02/01 17:17:50.442 收到 Head 資訊 {Count 2} {Type C } 
[6436] 2015/02/01 17:17:50.443 收到 Head 資訊 {Count 2} {Type C } 
[6436] 2015/02/01 17:17:50.444 收到 Head 資訊 {Count 2} {Type C } 
[6436] 2015/02/01 17:17:50.445 收到 Head 資訊 {Count 2} {Type C } 
[6436] 2015/02/01 17:17:50.446 收到 Head 資訊 {Count 2} {Type C } 
[6436] 2015/02/01 17:17:50.447 收到 Head 資訊 {Count 2} {Type C } 
[6436] 2015/02/01 17:17:50.447 收到 Head 資訊 {Count 2} {Type C } 
[6436] 2015/02/01 17:17:50.448 收到 Head 資訊 {Count 2} {Type C } 
[6436] 2015/02/01 17:17:50.449 收到 Head 資訊 {Count 2} {Type C } 
[6436] 2015/02/01 17:17:50.450 收到 Head 資訊 {Count 2} {Type C } 
[6436] 2015/02/01 17:17:50.451 收到 Head 資訊 {Count 2} {Type C } 
[6436] 2015/02/01 17:17:50.452 收到 Head 資訊 {Count 2} {Type C } 
[6436] 2015/02/01 17:17:50.452 收到 Head 資訊 {Count 2} {Type C } 
[6436] 2015/02/01 17:17:50.453 收到 Head 資訊 {Count 2} {Type C } 
[6436] 2015/02/01 17:17:50.454 收到 Head 資訊 {Count 2} {Type C } 
[6436] 2015/02/01 17:17:50.455 收到 Head 資訊 {Count 2} {Type C } 
[6436] 2015/02/01 17:17:50.456 收到 Head 資訊 {Count 2} {Type C } 
[6436] 2015/02/01 17:17:50.457 收到 Head 資訊 {Count 2} {Type C } 
[6436] 2015/02/01 17:17:50.457 收到 Head 資訊 {Count 2} {Type C } 
[6436] 2015/02/01 17:17:50.458 收到 Head 資訊 {Count 2} {Type C } 
[6436] 2015/02/01 17:17:50.459 收到 Head 資訊 {Count 2} {Type C } 
[6436] 2015/02/01 17:17:50.460 收到 Head 資訊 {Count 2} {Type C } 
[6436] 2015/02/01 17:17:50.461 收到 Head 資訊 {Count 2} {Type C } 
[6436] 2015/02/01 17:17:50.461 收到 Head 資訊 {Count 2} {Type C } 
[6436] 2015/02/01 17:17:50.462 收到 Head 資訊 {Count 2} {Type C } 
[6436] 2015/02/01 17:17:50.463 收到 Head 資訊 {Count 2} {Type C } 
[6436] 2015/02/01 17:17:50.464 收到 Head 資訊 {Count 2} {Type C } 
[6436] 2015/02/01 17:17:50.465 收到 Head 資訊 {Count 2} {Type C } 
[6436] 2015/02/01 17:17:50.466 收到 Head 資訊 {Count 2} {Type C } 
[6436] 2015/02/01 17:17:50.466 收到 Head 資訊 {Count 2} {Type C } 
[6436] 2015/02/01 17:17:50.467 收到 Head 資訊 {Count 2} {Type C } 
[6436] 2015/02/01 17:17:50.468 收到 Head 資訊 {Count 2} {Type C } 
[6436] 2015/02/01 17:17:50.469 收到 Head 資訊 {Count 2} {Type C } 
[6436] 2015/02/01 17:17:50.470 收到 Head 資訊 {Count 2} {Type C } 
[6436] 2015/02/01 17:17:50.471 收到 Head 資訊 {Count 2} {Type C } 
[6436] 2015/02/01 17:17:50.471 收到 Head 資訊 {Count 2} {Type C } 
[6436] 2015/02/01 17:17:50.472 收到 Head 資訊 {Count 2} {Type C } 
[6436] 2015/02/01 17:17:50.473 收到 Head 資訊 {Count 2} {Type C } 
[6436] 2015/02/01 17:17:50.474 收到 Head 資訊 {Count 2} {Type C } 
[6436] 2015/02/01 17:17:50.475 收到 Head 資訊 {Count 2} {Type C } 
[6436] 2015/02/01 17:17:50.476 收到 Head 資訊 {Count 2} {Type C } 
[6436] 2015/02/01 17:17:50.476 收到 Head 資訊 {Count 2} {Type C } 
[6436] 2015/02/01 17:17:50.477 收到 Head 資訊 {Count 2} {Type C } 
[6436] 2015/02/01 17:17:50.478 收到 Head 資訊 {Count 2} {Type C } 
[6436] 2015/02/01 17:17:50.479 收到 Head 資訊 {Count 2} {Type C } 
[6436] 2015/02/01 17:17:50.480 收到 Head 資訊 {Count 2} {Type C } 
[6436] 2015/02/01 17:17:50.480 收到 Head 資訊 {Count 2} {Type C } 
[6436] 2015/02/01 17:17:50.481 收到 Head 資訊 {Count 2} {Type C } 
[6436] 2015/02/01 17:17:50.482 收到 Head 資訊 {Count 2} {Type C } 
[6436] 2015/02/01 17:17:50.483 收到 Head 資訊 {Count 2} {Type C } 
[6436] 2015/02/01 17:17:50.484 收到 Head 資訊 {Count 2} {Type C } 
[6436] 2015/02/01 17:17:50.485 收到 Head 資訊 {Count 2} {Type C } 
[6436] 2015/02/01 17:17:50.485 收到 Head 資訊 {Count 2} {Type C } 
[6436] 2015/02/01 17:17:50.486 收到 Head 資訊 {Count 2} {Type C } 
[6436] 2015/02/01 17:17:50.487 收到 Head 資訊 {Count 2} {Type C } 
[6436] 2015/02/01 17:17:50.488 收到 Head 資訊 {Count 2} {Type C } 
[6436] 2015/02/01 17:17:50.489 收到 Head 資訊 {Count 2} {Type C } 
[6436] 2015/02/01 17:17:50.490 收到 Head 資訊 {Count 2} {Type C } 
[6436] 2015/02/01 17:17:50.490 收到 Head 資訊 {Count 2} {Type C } 
[6436] 2015/02/01 17:17:50.491 收到 Head 資訊 {Count 2} {Type C } 
[6436] 2015/02/01 17:17:50.492 收到 Head 資訊 {Count 2} {Type C } 
[6436] 2015/02/01 17:17:50.493 收到 Head 資訊 {Count 2} {Type C } 
[6436] 2015/02/01 17:17:50.494 收到 Head 資訊 {Count 2} {Type C } 
[6436] 2015/02/01 17:17:50.495 收到 Head 資訊 {Count 2} {Type C } 
[6436] 2015/02/01 17:17:50.495 收到 Head 資訊 {Count 2} {Type C } 
[6436] 2015/02/01 17:17:50.496 收到 Head 資訊 {Count 2} {Type C } 
[6436] 2015/02/01 17:17:50.497 收到 Head 資訊 {Count 2} {Type C } 
[6436] 2015/02/01 17:17:50.498 收到 Head 資訊 {Count 2} {Type C } 
[6436] 2015/02/01 17:17:50.499 收到 Head 資訊 {Count 2} {Type C } 
[6436] 2015/02/01 17:17:50.500 收到 Head 資訊 {Count 2} {Type C } 
[6436] 2015/02/01 17:17:50.500 收到 Head 資訊 {Count 2} {Type C } 
[6436] 2015/02/01 17:17:50.501 收到 Head 資訊 {Count 2} {Type C } 
[6436] 2015/02/01 17:17:50.502 收到 Head 資訊 {Count 2} {Type C } 
[6436] 2015/02/01 17:17:50.503 收到 Head 資訊 {Count 2} {Type C } 
[6436] 2015/02/01 17:17:50.504 收到 Head 資訊 {Count 2} {Type C } 
[6436] 2015/02/01 17:17:50.505 收到 Head 資訊 {Count 2} {Type C } 
[6436] 2015/02/01 17:17:50.505 收到 Head 資訊 {Count 2} {Type C } 
[6436] 2015/02/01 17:17:50.506 收到 Head 資訊 {Count 2} {Type C } 
[6436] 2015/02/01 17:17:50.507 收到 Head 資訊 {Count 2} {Type C } 
[6436] 2015/02/01 17:17:50.508 收到 Head 資訊 {Count 2} {Type C } 
[6436] 2015/02/01 17:17:50.509 收到 Head 資訊 {Count 2} {Type C } 
[6436] 2015/02/01 17:17:50.510 收到 Head 資訊 {Count 2} {Type C } 
[6436] 2015/02/01 17:17:50.510 收到 Head 資訊 {Count 2} {Type C } 
[6436] 2015/02/01 17:17:50.511 收到 Head 資訊 {Count 2} {Type C } 
[6436] 2015/02/01 17:17:50.512 收到 Head 資訊 {Count 2} {Type C } 
[6436] 2015/02/01 17:17:50.513 收到 Head 資訊 {Count 2} {Type C } 
[6436] 2015/02/01 17:17:50.514 收到 Head 資訊 {Count 2} {Type C } 
[6436] 2015/02/01 17:17:50.515 收到 Head 資訊 {Count 2} {Type B } 
[6436] 2015/02/01 17:18:01.526 E122828927 斷線 Code：0
[6440] 2015/02/01 19:20:52.491 API InitInstance 
[6440] 2015/02/01 19:20:53.434 E122828927 連線 Code：0
[6440] 2015/02/01 19:20:54.436 收到 Head 資訊 {Count 2} {Type C } 
[6440] 2015/02/01 19:20:54.437 收到 Head 資訊 {Count 2} {Type C } 
[6440] 2015/02/01 19:20:54.438 收到 Head 資訊 {Count 2} {Type C } 
[6440] 2015/02/01 19:20:54.438 收到 Head 資訊 {Count 2} {Type C } 
[6440] 2015/02/01 19:20:54.439 收到 Head 資訊 {Count 2} {Type C } 
[6440] 2015/02/01 19:20:54.441 收到 Head 資訊 {Count 2} {Type C } 
[6440] 2015/02/01 19:20:54.442 收到 Head 資訊 {Count 2} {Type C } 
[6440] 2015/02/01 19:20:54.443 收到 Head 資訊 {Count 2} {Type C } 
[6440] 2015/02/01 19:20:54.445 收到 Head 資訊 {Count 2} {Type C } 
[6440] 2015/02/01 19:20:54.446 收到 Head 資訊 {Count 2} {Type C } 
[6440] 2015/02/01 19:20:54.447 收到 Head 資訊 {Count 2} {Type C } 
[6440] 2015/02/01 19:20:54.448 收到 Head 資訊 {Count 2} {Type C } 
[6440] 2015/02/01 19:20:54.449 收到 Head 資訊 {Count 2} {Type C } 
[6440] 2015/02/01 19:20:54.450 收到 Head 資訊 {Count 2} {Type C } 
[6440] 2015/02/01 19:20:54.451 收到 Head 資訊 {Count 2} {Type C } 
[6440] 2015/02/01 19:20:54.452 收到 Head 資訊 {Count 2} {Type C } 
[6440] 2015/02/01 19:20:54.453 收到 Head 資訊 {Count 2} {Type C } 
[6440] 2015/02/01 19:20:54.454 收到 Head 資訊 {Count 2} {Type C } 
[6440] 2015/02/01 19:20:54.455 收到 Head 資訊 {Count 2} {Type C } 
[6440] 2015/02/01 19:20:54.456 收到 Head 資訊 {Count 2} {Type C } 
[6440] 2015/02/01 19:20:54.457 收到 Head 資訊 {Count 2} {Type C } 
[6440] 2015/02/01 19:20:54.458 收到 Head 資訊 {Count 2} {Type C } 
[6440] 2015/02/01 19:20:54.459 收到 Head 資訊 {Count 2} {Type C } 
[6440] 2015/02/01 19:20:54.460 收到 Head 資訊 {Count 2} {Type C } 
[6440] 2015/02/01 19:20:54.460 收到 Head 資訊 {Count 2} {Type C } 
[6440] 2015/02/01 19:20:54.461 收到 Head 資訊 {Count 2} {Type C } 
[6440] 2015/02/01 19:20:54.462 收到 Head 資訊 {Count 2} {Type C } 
[6440] 2015/02/01 19:20:54.463 收到 Head 資訊 {Count 2} {Type C } 
[6440] 2015/02/01 19:20:54.464 收到 Head 資訊 {Count 2} {Type C } 
[6440] 2015/02/01 19:20:54.465 收到 Head 資訊 {Count 2} {Type C } 
[6440] 2015/02/01 19:20:54.466 收到 Head 資訊 {Count 2} {Type C } 
[6440] 2015/02/01 19:20:54.467 收到 Head 資訊 {Count 2} {Type C } 
[6440] 2015/02/01 19:20:54.468 收到 Head 資訊 {Count 2} {Type C } 
[6440] 2015/02/01 19:20:54.469 收到 Head 資訊 {Count 2} {Type C } 
[6440] 2015/02/01 19:20:54.470 收到 Head 資訊 {Count 2} {Type C } 
[6440] 2015/02/01 19:20:54.471 收到 Head 資訊 {Count 2} {Type C } 
[6440] 2015/02/01 19:20:54.472 收到 Head 資訊 {Count 2} {Type C } 
[6440] 2015/02/01 19:20:54.473 收到 Head 資訊 {Count 2} {Type C } 
[6440] 2015/02/01 19:20:54.474 收到 Head 資訊 {Count 2} {Type C } 
[6440] 2015/02/01 19:20:54.475 收到 Head 資訊 {Count 2} {Type C } 
[6440] 2015/02/01 19:20:54.476 收到 Head 資訊 {Count 2} {Type C } 
[6440] 2015/02/01 19:20:54.477 收到 Head 資訊 {Count 2} {Type C } 
[6440] 2015/02/01 19:20:54.478 收到 Head 資訊 {Count 2} {Type C } 
[6440] 2015/02/01 19:20:54.479 收到 Head 資訊 {Count 2} {Type C } 
[6440] 2015/02/01 19:20:54.480 收到 Head 資訊 {Count 2} {Type C } 
[6440] 2015/02/01 19:20:54.481 收到 Head 資訊 {Count 2} {Type C } 
[6440] 2015/02/01 19:20:54.482 收到 Head 資訊 {Count 2} {Type C } 
[6440] 2015/02/01 19:20:54.483 收到 Head 資訊 {Count 2} {Type C } 
[6440] 2015/02/01 19:20:54.483 收到 Head 資訊 {Count 2} {Type C } 
[6440] 2015/02/01 19:20:54.484 收到 Head 資訊 {Count 2} {Type C } 
[6440] 2015/02/01 19:20:54.485 收到 Head 資訊 {Count 2} {Type C } 
[6440] 2015/02/01 19:20:54.486 收到 Head 資訊 {Count 2} {Type C } 
[6440] 2015/02/01 19:20:54.487 收到 Head 資訊 {Count 2} {Type C } 
[6440] 2015/02/01 19:20:54.488 收到 Head 資訊 {Count 2} {Type C } 
[6440] 2015/02/01 19:20:54.489 收到 Head 資訊 {Count 2} {Type C } 
[6440] 2015/02/01 19:20:54.490 收到 Head 資訊 {Count 2} {Type C } 
[6440] 2015/02/01 19:20:54.490 收到 Head 資訊 {Count 2} {Type C } 
[6440] 2015/02/01 19:20:54.491 收到 Head 資訊 {Count 2} {Type C } 
[6440] 2015/02/01 19:20:54.492 收到 Head 資訊 {Count 2} {Type C } 
[6440] 2015/02/01 19:20:54.493 收到 Head 資訊 {Count 2} {Type C } 
[6440] 2015/02/01 19:20:54.494 收到 Head 資訊 {Count 2} {Type C } 
[6440] 2015/02/01 19:20:54.495 收到 Head 資訊 {Count 2} {Type C } 
[6440] 2015/02/01 19:20:54.495 收到 Head 資訊 {Count 2} {Type C } 
[6440] 2015/02/01 19:20:54.496 收到 Head 資訊 {Count 2} {Type C } 
[6440] 2015/02/01 19:20:54.497 收到 Head 資訊 {Count 2} {Type C } 
[6440] 2015/02/01 19:20:54.498 收到 Head 資訊 {Count 2} {Type C } 
[6440] 2015/02/01 19:20:54.499 收到 Head 資訊 {Count 2} {Type C } 
[6440] 2015/02/01 19:20:54.500 收到 Head 資訊 {Count 2} {Type C } 
[6440] 2015/02/01 19:20:54.500 收到 Head 資訊 {Count 2} {Type C } 
[6440] 2015/02/01 19:20:54.501 收到 Head 資訊 {Count 2} {Type C } 
[6440] 2015/02/01 19:20:54.502 收到 Head 資訊 {Count 2} {Type C } 
[6440] 2015/02/01 19:20:54.503 收到 Head 資訊 {Count 2} {Type C } 
[6440] 2015/02/01 19:20:54.504 收到 Head 資訊 {Count 2} {Type C } 
[6440] 2015/02/01 19:20:54.505 收到 Head 資訊 {Count 2} {Type C } 
[6440] 2015/02/01 19:20:54.505 收到 Head 資訊 {Count 2} {Type C } 
[6440] 2015/02/01 19:20:54.506 收到 Head 資訊 {Count 2} {Type C } 
[6440] 2015/02/01 19:20:54.507 收到 Head 資訊 {Count 2} {Type C } 
[6440] 2015/02/01 19:20:54.508 收到 Head 資訊 {Count 2} {Type C } 
[6440] 2015/02/01 19:20:54.509 收到 Head 資訊 {Count 2} {Type C } 
[6440] 2015/02/01 19:20:54.510 收到 Head 資訊 {Count 2} {Type C } 
[6440] 2015/02/01 19:20:54.510 收到 Head 資訊 {Count 2} {Type C } 
[6440] 2015/02/01 19:20:54.511 收到 Head 資訊 {Count 2} {Type C } 
[6440] 2015/02/01 19:20:54.512 收到 Head 資訊 {Count 2} {Type C } 
[6440] 2015/02/01 19:20:54.513 收到 Head 資訊 {Count 2} {Type C } 
[6440] 2015/02/01 19:20:54.514 收到 Head 資訊 {Count 2} {Type C } 
[6440] 2015/02/01 19:20:54.515 收到 Head 資訊 {Count 2} {Type C } 
[6440] 2015/02/01 19:20:54.516 收到 Head 資訊 {Count 2} {Type C } 
[6440] 2015/02/01 19:20:54.517 收到 Head 資訊 {Count 2} {Type C } 
[6440] 2015/02/01 19:20:54.518 收到 Head 資訊 {Count 2} {Type C } 
[6440] 2015/02/01 19:20:54.519 收到 Head 資訊 {Count 2} {Type C } 
[6440] 2015/02/01 19:20:54.520 收到 Head 資訊 {Count 2} {Type C } 
[6440] 2015/02/01 19:20:54.521 收到 Head 資訊 {Count 2} {Type C } 
[6440] 2015/02/01 19:20:54.522 收到 Head 資訊 {Count 2} {Type C } 
[6440] 2015/02/01 19:20:54.523 收到 Head 資訊 {Count 2} {Type C } 
[6440] 2015/02/01 19:20:54.524 收到 Head 資訊 {Count 2} {Type C } 
[6440] 2015/02/01 19:20:54.525 收到 Head 資訊 {Count 2} {Type C } 
[6440] 2015/02/01 19:20:54.526 收到 Head 資訊 {Count 2} {Type C } 
[6440] 2015/02/01 19:20:54.526 收到 Head 資訊 {Count 2} {Type C } 
[6440] 2015/02/01 19:20:54.527 收到 Head 資訊 {Count 2} {Type C } 
[6440] 2015/02/01 19:20:54.528 收到 Head 資訊 {Count 2} {Type C } 
[6440] 2015/02/01 19:20:54.529 收到 Head 資訊 {Count 2} {Type C } 
[6440] 2015/02/01 19:20:54.530 收到 Head 資訊 {Count 2} {Type C } 
[6440] 2015/02/01 19:20:54.530 收到 Head 資訊 {Count 2} {Type C } 
[6440] 2015/02/01 19:20:54.531 收到 Head 資訊 {Count 2} {Type C } 
[6440] 2015/02/01 19:20:54.532 收到 Head 資訊 {Count 2} {Type C } 
[6440] 2015/02/01 19:20:54.533 收到 Head 資訊 {Count 2} {Type C } 
[6440] 2015/02/01 19:20:54.534 收到 Head 資訊 {Count 2} {Type C } 
[6440] 2015/02/01 19:20:54.535 收到 Head 資訊 {Count 2} {Type C } 
[6440] 2015/02/01 19:20:54.536 收到 Head 資訊 {Count 2} {Type C } 
[6440] 2015/02/01 19:20:54.536 收到 Head 資訊 {Count 2} {Type C } 
[6440] 2015/02/01 19:20:54.537 收到 Head 資訊 {Count 2} {Type C } 
[6440] 2015/02/01 19:20:54.538 收到 Head 資訊 {Count 2} {Type C } 
[6440] 2015/02/01 19:20:54.539 收到 Head 資訊 {Count 2} {Type C } 
[6440] 2015/02/01 19:20:54.540 收到 Head 資訊 {Count 2} {Type C } 
[6440] 2015/02/01 19:20:54.541 收到 Head 資訊 {Count 2} {Type C } 
[6440] 2015/02/01 19:20:54.542 收到 Head 資訊 {Count 2} {Type C } 
[6440] 2015/02/01 19:20:54.543 收到 Head 資訊 {Count 2} {Type C } 
[6440] 2015/02/01 19:20:54.544 收到 Head 資訊 {Count 2} {Type C } 
[6440] 2015/02/01 19:20:54.565 收到 Head 資訊 {Count 2} {Type C } 
[6440] 2015/02/01 19:20:54.566 收到 Head 資訊 {Count 2} {Type C } 
[6440] 2015/02/01 19:20:54.566 收到 Head 資訊 {Count 2} {Type C } 
[6440] 2015/02/01 19:20:54.567 收到 Head 資訊 {Count 2} {Type C } 
[6440] 2015/02/01 19:20:54.568 收到 Head 資訊 {Count 2} {Type C } 
[6440] 2015/02/01 19:20:54.569 收到 Head 資訊 {Count 2} {Type C } 
[6440] 2015/02/01 19:20:54.570 收到 Head 資訊 {Count 2} {Type C } 
[6440] 2015/02/01 19:20:54.571 收到 Head 資訊 {Count 2} {Type C } 
[6440] 2015/02/01 19:20:54.572 收到 Head 資訊 {Count 2} {Type C } 
[6440] 2015/02/01 19:20:54.573 收到 Head 資訊 {Count 2} {Type C } 
[6440] 2015/02/01 19:20:54.574 收到 Head 資訊 {Count 2} {Type C } 
[6440] 2015/02/01 19:20:54.575 收到 Head 資訊 {Count 2} {Type C } 
[6440] 2015/02/01 19:20:54.576 收到 Head 資訊 {Count 2} {Type C } 
[6440] 2015/02/01 19:20:54.577 收到 Head 資訊 {Count 2} {Type C } 
[6440] 2015/02/01 19:20:54.578 收到 Head 資訊 {Count 2} {Type C } 
[6440] 2015/02/01 19:20:54.579 收到 Head 資訊 {Count 2} {Type C } 
[6440] 2015/02/01 19:20:54.580 收到 Head 資訊 {Count 2} {Type C } 
[6440] 2015/02/01 19:20:54.581 收到 Head 資訊 {Count 2} {Type C } 
[6440] 2015/02/01 19:20:54.582 收到 Head 資訊 {Count 2} {Type C } 
[6440] 2015/02/01 19:20:54.582 收到 Head 資訊 {Count 2} {Type C } 
[6440] 2015/02/01 19:20:54.583 收到 Head 資訊 {Count 2} {Type C } 
[6440] 2015/02/01 19:20:54.584 收到 Head 資訊 {Count 2} {Type C } 
[6440] 2015/02/01 19:20:54.585 收到 Head 資訊 {Count 2} {Type C } 
[6440] 2015/02/01 19:20:54.586 收到 Head 資訊 {Count 2} {Type C } 
[6440] 2015/02/01 19:20:54.587 收到 Head 資訊 {Count 2} {Type C } 
[6440] 2015/02/01 19:20:54.587 收到 Head 資訊 {Count 2} {Type C } 
[6440] 2015/02/01 19:20:54.588 收到 Head 資訊 {Count 2} {Type C } 
[6440] 2015/02/01 19:20:54.589 收到 Head 資訊 {Count 2} {Type C } 
[6440] 2015/02/01 19:20:54.590 收到 Head 資訊 {Count 2} {Type C } 
[6440] 2015/02/01 19:20:54.591 收到 Head 資訊 {Count 2} {Type C } 
[6440] 2015/02/01 19:20:54.592 收到 Head 資訊 {Count 2} {Type C } 
[6440] 2015/02/01 19:20:54.593 收到 Head 資訊 {Count 2} {Type C } 
[6440] 2015/02/01 19:20:54.594 收到 Head 資訊 {Count 2} {Type C } 
[6440] 2015/02/01 19:20:54.595 收到 Head 資訊 {Count 2} {Type C } 
[6440] 2015/02/01 19:20:54.595 收到 Head 資訊 {Count 2} {Type C } 
[6440] 2015/02/01 19:20:54.596 收到 Head 資訊 {Count 2} {Type C } 
[6440] 2015/02/01 19:20:54.597 收到 Head 資訊 {Count 2} {Type C } 
[6440] 2015/02/01 19:20:54.598 收到 Head 資訊 {Count 2} {Type C } 
[6440] 2015/02/01 19:20:54.599 收到 Head 資訊 {Count 2} {Type C } 
[6440] 2015/02/01 19:20:54.600 收到 Head 資訊 {Count 2} {Type C } 
[6440] 2015/02/01 19:20:54.600 收到 Head 資訊 {Count 2} {Type C } 
[6440] 2015/02/01 19:20:54.601 收到 Head 資訊 {Count 2} {Type C } 
[6440] 2015/02/01 19:20:54.602 收到 Head 資訊 {Count 2} {Type C } 
[6440] 2015/02/01 19:20:54.603 收到 Head 資訊 {Count 2} {Type C } 
[6440] 2015/02/01 19:20:54.604 收到 Head 資訊 {Count 2} {Type C } 
[6440] 2015/02/01 19:20:54.605 收到 Head 資訊 {Count 2} {Type C } 
[6440] 2015/02/01 19:20:54.606 收到 Head 資訊 {Count 2} {Type C } 
[6440] 2015/02/01 19:20:54.606 收到 Head 資訊 {Count 2} {Type C } 
[6440] 2015/02/01 19:20:54.607 收到 Head 資訊 {Count 2} {Type C } 
[6440] 2015/02/01 19:20:54.608 收到 Head 資訊 {Count 2} {Type C } 
[6440] 2015/02/01 19:20:54.609 收到 Head 資訊 {Count 2} {Type C } 
[6440] 2015/02/01 19:20:54.610 收到 Head 資訊 {Count 2} {Type B } 
[5420] 2015/02/01 19:22:15.544 API InitInstance 
[5420] 2015/02/01 19:22:15.824 E122828927 連線 Code：0
[5420] 2015/02/01 19:22:16.827 收到 Head 資訊 {Count 2} {Type C } 
[5420] 2015/02/01 19:22:16.828 收到 Head 資訊 {Count 2} {Type C } 
[5420] 2015/02/01 19:22:16.829 收到 Head 資訊 {Count 2} {Type C } 
[5420] 2015/02/01 19:22:16.829 收到 Head 資訊 {Count 2} {Type C } 
[5420] 2015/02/01 19:22:16.830 收到 Head 資訊 {Count 2} {Type C } 
[5420] 2015/02/01 19:22:16.831 收到 Head 資訊 {Count 2} {Type C } 
[5420] 2015/02/01 19:22:16.832 收到 Head 資訊 {Count 2} {Type C } 
[5420] 2015/02/01 19:22:16.833 收到 Head 資訊 {Count 2} {Type C } 
[5420] 2015/02/01 19:22:16.834 收到 Head 資訊 {Count 2} {Type C } 
[5420] 2015/02/01 19:22:16.834 收到 Head 資訊 {Count 2} {Type C } 
[5420] 2015/02/01 19:22:16.835 收到 Head 資訊 {Count 2} {Type C } 
[5420] 2015/02/01 19:22:16.836 收到 Head 資訊 {Count 2} {Type C } 
[5420] 2015/02/01 19:22:16.837 收到 Head 資訊 {Count 2} {Type C } 
[5420] 2015/02/01 19:22:16.838 收到 Head 資訊 {Count 2} {Type C } 
[5420] 2015/02/01 19:22:16.839 收到 Head 資訊 {Count 2} {Type C } 
[5420] 2015/02/01 19:22:16.839 收到 Head 資訊 {Count 2} {Type C } 
[5420] 2015/02/01 19:22:16.840 收到 Head 資訊 {Count 2} {Type C } 
[5420] 2015/02/01 19:22:16.841 收到 Head 資訊 {Count 2} {Type C } 
[5420] 2015/02/01 19:22:16.842 收到 Head 資訊 {Count 2} {Type C } 
[5420] 2015/02/01 19:22:16.843 收到 Head 資訊 {Count 2} {Type C } 
[5420] 2015/02/01 19:22:16.844 收到 Head 資訊 {Count 2} {Type C } 
[5420] 2015/02/01 19:22:16.845 收到 Head 資訊 {Count 2} {Type C } 
[5420] 2015/02/01 19:22:16.846 收到 Head 資訊 {Count 2} {Type C } 
[5420] 2015/02/01 19:22:16.846 收到 Head 資訊 {Count 2} {Type C } 
[5420] 2015/02/01 19:22:16.847 收到 Head 資訊 {Count 2} {Type C } 
[5420] 2015/02/01 19:22:16.848 收到 Head 資訊 {Count 2} {Type C } 
[5420] 2015/02/01 19:22:16.849 收到 Head 資訊 {Count 2} {Type C } 
[5420] 2015/02/01 19:22:16.850 收到 Head 資訊 {Count 2} {Type C } 
[5420] 2015/02/01 19:22:16.850 收到 Head 資訊 {Count 2} {Type C } 
[5420] 2015/02/01 19:22:16.851 收到 Head 資訊 {Count 2} {Type C } 
[5420] 2015/02/01 19:22:16.852 收到 Head 資訊 {Count 2} {Type C } 
[5420] 2015/02/01 19:22:16.853 收到 Head 資訊 {Count 2} {Type C } 
[5420] 2015/02/01 19:22:16.854 收到 Head 資訊 {Count 2} {Type C } 
[5420] 2015/02/01 19:22:16.854 收到 Head 資訊 {Count 2} {Type C } 
[5420] 2015/02/01 19:22:16.855 收到 Head 資訊 {Count 2} {Type C } 
[5420] 2015/02/01 19:22:16.856 收到 Head 資訊 {Count 2} {Type C } 
[5420] 2015/02/01 19:22:16.857 收到 Head 資訊 {Count 2} {Type C } 
[5420] 2015/02/01 19:22:16.858 收到 Head 資訊 {Count 2} {Type C } 
[5420] 2015/02/01 19:22:16.859 收到 Head 資訊 {Count 2} {Type C } 
[5420] 2015/02/01 19:22:16.860 收到 Head 資訊 {Count 2} {Type C } 
[5420] 2015/02/01 19:22:16.861 收到 Head 資訊 {Count 2} {Type C } 
[5420] 2015/02/01 19:22:16.862 收到 Head 資訊 {Count 2} {Type C } 
[5420] 2015/02/01 19:22:16.863 收到 Head 資訊 {Count 2} {Type C } 
[5420] 2015/02/01 19:22:16.864 收到 Head 資訊 {Count 2} {Type C } 
[5420] 2015/02/01 19:22:16.866 收到 Head 資訊 {Count 2} {Type C } 
[5420] 2015/02/01 19:22:16.867 收到 Head 資訊 {Count 2} {Type C } 
[5420] 2015/02/01 19:22:16.868 收到 Head 資訊 {Count 2} {Type C } 
[5420] 2015/02/01 19:22:16.869 收到 Head 資訊 {Count 2} {Type C } 
[5420] 2015/02/01 19:22:16.870 收到 Head 資訊 {Count 2} {Type C } 
[5420] 2015/02/01 19:22:16.871 收到 Head 資訊 {Count 2} {Type C } 
[5420] 2015/02/01 19:22:16.871 收到 Head 資訊 {Count 2} {Type C } 
[5420] 2015/02/01 19:22:16.872 收到 Head 資訊 {Count 2} {Type C } 
[5420] 2015/02/01 19:22:16.873 收到 Head 資訊 {Count 2} {Type C } 
[5420] 2015/02/01 19:22:16.874 收到 Head 資訊 {Count 2} {Type C } 
[5420] 2015/02/01 19:22:16.875 收到 Head 資訊 {Count 2} {Type C } 
[5420] 2015/02/01 19:22:16.876 收到 Head 資訊 {Count 2} {Type C } 
[5420] 2015/02/01 19:22:16.876 收到 Head 資訊 {Count 2} {Type C } 
[5420] 2015/02/01 19:22:16.877 收到 Head 資訊 {Count 2} {Type C } 
[5420] 2015/02/01 19:22:16.878 收到 Head 資訊 {Count 2} {Type C } 
[5420] 2015/02/01 19:22:16.879 收到 Head 資訊 {Count 2} {Type C } 
[5420] 2015/02/01 19:22:16.880 收到 Head 資訊 {Count 2} {Type C } 
[5420] 2015/02/01 19:22:16.881 收到 Head 資訊 {Count 2} {Type C } 
[5420] 2015/02/01 19:22:16.881 收到 Head 資訊 {Count 2} {Type C } 
[5420] 2015/02/01 19:22:16.882 收到 Head 資訊 {Count 2} {Type C } 
[5420] 2015/02/01 19:22:16.883 收到 Head 資訊 {Count 2} {Type C } 
[5420] 2015/02/01 19:22:16.884 收到 Head 資訊 {Count 2} {Type C } 
[5420] 2015/02/01 19:22:16.885 收到 Head 資訊 {Count 2} {Type C } 
[5420] 2015/02/01 19:22:16.886 收到 Head 資訊 {Count 2} {Type C } 
[5420] 2015/02/01 19:22:16.886 收到 Head 資訊 {Count 2} {Type C } 
[5420] 2015/02/01 19:22:16.887 收到 Head 資訊 {Count 2} {Type C } 
[5420] 2015/02/01 19:22:16.888 收到 Head 資訊 {Count 2} {Type C } 
[5420] 2015/02/01 19:22:16.889 收到 Head 資訊 {Count 2} {Type C } 
[5420] 2015/02/01 19:22:16.890 收到 Head 資訊 {Count 2} {Type C } 
[5420] 2015/02/01 19:22:16.891 收到 Head 資訊 {Count 2} {Type C } 
[5420] 2015/02/01 19:22:16.892 收到 Head 資訊 {Count 2} {Type C } 
[5420] 2015/02/01 19:22:16.893 收到 Head 資訊 {Count 2} {Type C } 
[5420] 2015/02/01 19:22:16.894 收到 Head 資訊 {Count 2} {Type C } 
[5420] 2015/02/01 19:22:16.895 收到 Head 資訊 {Count 2} {Type C } 
[5420] 2015/02/01 19:22:16.896 收到 Head 資訊 {Count 2} {Type C } 
[5420] 2015/02/01 19:22:16.897 收到 Head 資訊 {Count 2} {Type C } 
[5420] 2015/02/01 19:22:16.897 收到 Head 資訊 {Count 2} {Type C } 
[5420] 2015/02/01 19:22:16.898 收到 Head 資訊 {Count 2} {Type C } 
[5420] 2015/02/01 19:22:16.899 收到 Head 資訊 {Count 2} {Type C } 
[5420] 2015/02/01 19:22:16.900 收到 Head 資訊 {Count 2} {Type C } 
[5420] 2015/02/01 19:22:16.901 收到 Head 資訊 {Count 2} {Type C } 
[5420] 2015/02/01 19:22:16.902 收到 Head 資訊 {Count 2} {Type C } 
[5420] 2015/02/01 19:22:16.903 收到 Head 資訊 {Count 2} {Type C } 
[5420] 2015/02/01 19:22:16.903 收到 Head 資訊 {Count 2} {Type C } 
[5420] 2015/02/01 19:22:16.904 收到 Head 資訊 {Count 2} {Type C } 
[5420] 2015/02/01 19:22:16.905 收到 Head 資訊 {Count 2} {Type C } 
[5420] 2015/02/01 19:22:16.906 收到 Head 資訊 {Count 2} {Type C } 
[5420] 2015/02/01 19:22:16.907 收到 Head 資訊 {Count 2} {Type C } 
[5420] 2015/02/01 19:22:16.908 收到 Head 資訊 {Count 2} {Type C } 
[5420] 2015/02/01 19:22:16.909 收到 Head 資訊 {Count 2} {Type C } 
[5420] 2015/02/01 19:22:16.910 收到 Head 資訊 {Count 2} {Type C } 
[5420] 2015/02/01 19:22:16.911 收到 Head 資訊 {Count 2} {Type C } 
[5420] 2015/02/01 19:22:16.911 收到 Head 資訊 {Count 2} {Type C } 
[5420] 2015/02/01 19:22:16.912 收到 Head 資訊 {Count 2} {Type C } 
[5420] 2015/02/01 19:22:16.913 收到 Head 資訊 {Count 2} {Type C } 
[5420] 2015/02/01 19:22:16.914 收到 Head 資訊 {Count 2} {Type C } 
[5420] 2015/02/01 19:22:16.915 收到 Head 資訊 {Count 2} {Type C } 
[5420] 2015/02/01 19:22:16.916 收到 Head 資訊 {Count 2} {Type C } 
[5420] 2015/02/01 19:22:16.916 收到 Head 資訊 {Count 2} {Type C } 
[5420] 2015/02/01 19:22:16.917 收到 Head 資訊 {Count 2} {Type C } 
[5420] 2015/02/01 19:22:16.918 收到 Head 資訊 {Count 2} {Type C } 
[5420] 2015/02/01 19:22:16.919 收到 Head 資訊 {Count 2} {Type C } 
[5420] 2015/02/01 19:22:16.920 收到 Head 資訊 {Count 2} {Type C } 
[5420] 2015/02/01 19:22:16.921 收到 Head 資訊 {Count 2} {Type C } 
[5420] 2015/02/01 19:22:16.922 收到 Head 資訊 {Count 2} {Type C } 
[5420] 2015/02/01 19:22:16.923 收到 Head 資訊 {Count 2} {Type C } 
[5420] 2015/02/01 19:22:16.924 收到 Head 資訊 {Count 2} {Type C } 
[5420] 2015/02/01 19:22:16.925 收到 Head 資訊 {Count 2} {Type C } 
[5420] 2015/02/01 19:22:16.926 收到 Head 資訊 {Count 2} {Type C } 
[5420] 2015/02/01 19:22:16.927 收到 Head 資訊 {Count 2} {Type C } 
[5420] 2015/02/01 19:22:16.928 收到 Head 資訊 {Count 2} {Type C } 
[5420] 2015/02/01 19:22:16.929 收到 Head 資訊 {Count 2} {Type C } 
[5420] 2015/02/01 19:22:16.929 收到 Head 資訊 {Count 2} {Type C } 
[5420] 2015/02/01 19:22:16.930 收到 Head 資訊 {Count 2} {Type C } 
[5420] 2015/02/01 19:22:16.931 收到 Head 資訊 {Count 2} {Type C } 
[5420] 2015/02/01 19:22:16.932 收到 Head 資訊 {Count 2} {Type C } 
[5420] 2015/02/01 19:22:16.933 收到 Head 資訊 {Count 2} {Type C } 
[5420] 2015/02/01 19:22:16.934 收到 Head 資訊 {Count 2} {Type C } 
[5420] 2015/02/01 19:22:16.935 收到 Head 資訊 {Count 2} {Type C } 
[5420] 2015/02/01 19:22:16.935 收到 Head 資訊 {Count 2} {Type C } 
[5420] 2015/02/01 19:22:16.936 收到 Head 資訊 {Count 2} {Type C } 
[5420] 2015/02/01 19:22:16.937 收到 Head 資訊 {Count 2} {Type C } 
[5420] 2015/02/01 19:22:16.938 收到 Head 資訊 {Count 2} {Type C } 
[5420] 2015/02/01 19:22:16.939 收到 Head 資訊 {Count 2} {Type C } 
[5420] 2015/02/01 19:22:16.940 收到 Head 資訊 {Count 2} {Type C } 
[5420] 2015/02/01 19:22:16.941 收到 Head 資訊 {Count 2} {Type C } 
[5420] 2015/02/01 19:22:16.942 收到 Head 資訊 {Count 2} {Type C } 
[5420] 2015/02/01 19:22:16.942 收到 Head 資訊 {Count 2} {Type C } 
[5420] 2015/02/01 19:22:16.943 收到 Head 資訊 {Count 2} {Type C } 
[5420] 2015/02/01 19:22:16.944 收到 Head 資訊 {Count 2} {Type C } 
[5420] 2015/02/01 19:22:16.945 收到 Head 資訊 {Count 2} {Type C } 
[5420] 2015/02/01 19:22:16.946 收到 Head 資訊 {Count 2} {Type C } 
[5420] 2015/02/01 19:22:16.947 收到 Head 資訊 {Count 2} {Type C } 
[5420] 2015/02/01 19:22:16.947 收到 Head 資訊 {Count 2} {Type C } 
[5420] 2015/02/01 19:22:16.948 收到 Head 資訊 {Count 2} {Type C } 
[5420] 2015/02/01 19:22:16.949 收到 Head 資訊 {Count 2} {Type C } 
[5420] 2015/02/01 19:22:16.950 收到 Head 資訊 {Count 2} {Type C } 
[5420] 2015/02/01 19:22:16.951 收到 Head 資訊 {Count 2} {Type C } 
[5420] 2015/02/01 19:22:16.952 收到 Head 資訊 {Count 2} {Type C } 
[5420] 2015/02/01 19:22:16.953 收到 Head 資訊 {Count 2} {Type C } 
[5420] 2015/02/01 19:22:16.953 收到 Head 資訊 {Count 2} {Type C } 
[5420] 2015/02/01 19:22:16.954 收到 Head 資訊 {Count 2} {Type C } 
[5420] 2015/02/01 19:22:16.955 收到 Head 資訊 {Count 2} {Type C } 
[5420] 2015/02/01 19:22:16.956 收到 Head 資訊 {Count 2} {Type C } 
[5420] 2015/02/01 19:22:16.957 收到 Head 資訊 {Count 2} {Type C } 
[5420] 2015/02/01 19:22:16.957 收到 Head 資訊 {Count 2} {Type C } 
[5420] 2015/02/01 19:22:16.958 收到 Head 資訊 {Count 2} {Type C } 
[5420] 2015/02/01 19:22:16.959 收到 Head 資訊 {Count 2} {Type C } 
[5420] 2015/02/01 19:22:16.960 收到 Head 資訊 {Count 2} {Type C } 
[5420] 2015/02/01 19:22:16.961 收到 Head 資訊 {Count 2} {Type C } 
[5420] 2015/02/01 19:22:16.962 收到 Head 資訊 {Count 2} {Type C } 
[5420] 2015/02/01 19:22:16.963 收到 Head 資訊 {Count 2} {Type C } 
[5420] 2015/02/01 19:22:16.964 收到 Head 資訊 {Count 2} {Type C } 
[5420] 2015/02/01 19:22:16.965 收到 Head 資訊 {Count 2} {Type C } 
[5420] 2015/02/01 19:22:16.966 收到 Head 資訊 {Count 2} {Type C } 
[5420] 2015/02/01 19:22:16.967 收到 Head 資訊 {Count 2} {Type C } 
[5420] 2015/02/01 19:22:16.968 收到 Head 資訊 {Count 2} {Type C } 
[5420] 2015/02/01 19:22:16.969 收到 Head 資訊 {Count 2} {Type C } 
[5420] 2015/02/01 19:22:16.969 收到 Head 資訊 {Count 2} {Type C } 
[5420] 2015/02/01 19:22:16.970 收到 Head 資訊 {Count 2} {Type C } 
[5420] 2015/02/01 19:22:16.971 收到 Head 資訊 {Count 2} {Type C } 
[5420] 2015/02/01 19:22:16.972 收到 Head 資訊 {Count 2} {Type C } 
[5420] 2015/02/01 19:22:16.973 收到 Head 資訊 {Count 2} {Type C } 
[5420] 2015/02/01 19:22:16.974 收到 Head 資訊 {Count 2} {Type C } 
[5420] 2015/02/01 19:22:16.974 收到 Head 資訊 {Count 2} {Type C } 
[5420] 2015/02/01 19:22:16.975 收到 Head 資訊 {Count 2} {Type B } 
[5260] 2015/02/01 19:27:38.121 API InitInstance 
[5260] 2015/02/01 19:27:38.393 E122828927 連線 Code：0
[5260] 2015/02/01 19:27:38.429 收到 Head 資訊 {Count 2} {Type C } 
[5260] 2015/02/01 19:27:38.430 收到 Head 資訊 {Count 2} {Type C } 
[5260] 2015/02/01 19:27:38.431 收到 Head 資訊 {Count 2} {Type C } 
[5260] 2015/02/01 19:27:38.432 收到 Head 資訊 {Count 2} {Type C } 
[5260] 2015/02/01 19:27:38.432 收到 Head 資訊 {Count 2} {Type C } 
[5260] 2015/02/01 19:27:38.433 收到 Head 資訊 {Count 2} {Type C } 
[5260] 2015/02/01 19:27:38.434 收到 Head 資訊 {Count 2} {Type C } 
[5260] 2015/02/01 19:27:38.435 收到 Head 資訊 {Count 2} {Type C } 
[5260] 2015/02/01 19:27:38.436 收到 Head 資訊 {Count 2} {Type C } 
[5260] 2015/02/01 19:27:38.437 收到 Head 資訊 {Count 2} {Type C } 
[5260] 2015/02/01 19:27:38.438 收到 Head 資訊 {Count 2} {Type C } 
[5260] 2015/02/01 19:27:38.439 收到 Head 資訊 {Count 2} {Type C } 
[5260] 2015/02/01 19:27:38.440 收到 Head 資訊 {Count 2} {Type C } 
[5260] 2015/02/01 19:27:38.441 收到 Head 資訊 {Count 2} {Type C } 
[5260] 2015/02/01 19:27:38.442 收到 Head 資訊 {Count 2} {Type C } 
[5260] 2015/02/01 19:27:38.442 收到 Head 資訊 {Count 2} {Type C } 
[5260] 2015/02/01 19:27:38.443 收到 Head 資訊 {Count 2} {Type C } 
[5260] 2015/02/01 19:27:38.444 收到 Head 資訊 {Count 2} {Type C } 
[5260] 2015/02/01 19:27:38.445 收到 Head 資訊 {Count 2} {Type C } 
[5260] 2015/02/01 19:27:38.446 收到 Head 資訊 {Count 2} {Type C } 
[5260] 2015/02/01 19:27:38.447 收到 Head 資訊 {Count 2} {Type C } 
[5260] 2015/02/01 19:27:38.448 收到 Head 資訊 {Count 2} {Type C } 
[5260] 2015/02/01 19:27:38.448 收到 Head 資訊 {Count 2} {Type C } 
[5260] 2015/02/01 19:27:38.449 收到 Head 資訊 {Count 2} {Type C } 
[5260] 2015/02/01 19:27:38.450 收到 Head 資訊 {Count 2} {Type C } 
[5260] 2015/02/01 19:27:38.451 收到 Head 資訊 {Count 2} {Type C } 
[5260] 2015/02/01 19:27:38.452 收到 Head 資訊 {Count 2} {Type C } 
[5260] 2015/02/01 19:27:38.453 收到 Head 資訊 {Count 2} {Type C } 
[5260] 2015/02/01 19:27:38.454 收到 Head 資訊 {Count 2} {Type C } 
[5260] 2015/02/01 19:27:38.454 收到 Head 資訊 {Count 2} {Type C } 
[5260] 2015/02/01 19:27:38.455 收到 Head 資訊 {Count 2} {Type C } 
[5260] 2015/02/01 19:27:38.456 收到 Head 資訊 {Count 2} {Type C } 
[5260] 2015/02/01 19:27:38.457 收到 Head 資訊 {Count 2} {Type C } 
[5260] 2015/02/01 19:27:38.458 收到 Head 資訊 {Count 2} {Type C } 
[5260] 2015/02/01 19:27:38.459 收到 Head 資訊 {Count 2} {Type C } 
[5260] 2015/02/01 19:27:38.460 收到 Head 資訊 {Count 2} {Type C } 
[5260] 2015/02/01 19:27:38.460 收到 Head 資訊 {Count 2} {Type C } 
[5260] 2015/02/01 19:27:38.461 收到 Head 資訊 {Count 2} {Type C } 
[5260] 2015/02/01 19:27:38.462 收到 Head 資訊 {Count 2} {Type C } 
[5260] 2015/02/01 19:27:38.463 收到 Head 資訊 {Count 2} {Type C } 
[5260] 2015/02/01 19:27:38.464 收到 Head 資訊 {Count 2} {Type C } 
[5260] 2015/02/01 19:27:38.465 收到 Head 資訊 {Count 2} {Type C } 
[5260] 2015/02/01 19:27:38.465 收到 Head 資訊 {Count 2} {Type C } 
[5260] 2015/02/01 19:27:38.466 收到 Head 資訊 {Count 2} {Type C } 
[5260] 2015/02/01 19:27:38.467 收到 Head 資訊 {Count 2} {Type C } 
[5260] 2015/02/01 19:27:38.468 收到 Head 資訊 {Count 2} {Type C } 
[5260] 2015/02/01 19:27:38.469 收到 Head 資訊 {Count 2} {Type C } 
[5260] 2015/02/01 19:27:38.469 收到 Head 資訊 {Count 2} {Type C } 
[5260] 2015/02/01 19:27:38.470 收到 Head 資訊 {Count 2} {Type C } 
[5260] 2015/02/01 19:27:38.471 收到 Head 資訊 {Count 2} {Type C } 
[5260] 2015/02/01 19:27:38.472 收到 Head 資訊 {Count 2} {Type C } 
[5260] 2015/02/01 19:27:38.473 收到 Head 資訊 {Count 2} {Type C } 
[5260] 2015/02/01 19:27:38.474 收到 Head 資訊 {Count 2} {Type C } 
[5260] 2015/02/01 19:27:38.474 收到 Head 資訊 {Count 2} {Type C } 
[5260] 2015/02/01 19:27:38.475 收到 Head 資訊 {Count 2} {Type C } 
[5260] 2015/02/01 19:27:38.476 收到 Head 資訊 {Count 2} {Type C } 
[5260] 2015/02/01 19:27:38.477 收到 Head 資訊 {Count 2} {Type C } 
[5260] 2015/02/01 19:27:38.478 收到 Head 資訊 {Count 2} {Type C } 
[5260] 2015/02/01 19:27:38.479 收到 Head 資訊 {Count 2} {Type C } 
[5260] 2015/02/01 19:27:38.480 收到 Head 資訊 {Count 2} {Type C } 
[5260] 2015/02/01 19:27:38.480 收到 Head 資訊 {Count 2} {Type C } 
[5260] 2015/02/01 19:27:38.481 收到 Head 資訊 {Count 2} {Type C } 
[5260] 2015/02/01 19:27:38.482 收到 Head 資訊 {Count 2} {Type C } 
[5260] 2015/02/01 19:27:38.483 收到 Head 資訊 {Count 2} {Type C } 
[5260] 2015/02/01 19:27:38.484 收到 Head 資訊 {Count 2} {Type C } 
[5260] 2015/02/01 19:27:38.485 收到 Head 資訊 {Count 2} {Type C } 
[5260] 2015/02/01 19:27:38.485 收到 Head 資訊 {Count 2} {Type C } 
[5260] 2015/02/01 19:27:38.486 收到 Head 資訊 {Count 2} {Type C } 
[5260] 2015/02/01 19:27:38.487 收到 Head 資訊 {Count 2} {Type C } 
[5260] 2015/02/01 19:27:38.488 收到 Head 資訊 {Count 2} {Type C } 
[5260] 2015/02/01 19:27:38.489 收到 Head 資訊 {Count 2} {Type C } 
[5260] 2015/02/01 19:27:38.490 收到 Head 資訊 {Count 2} {Type C } 
[5260] 2015/02/01 19:27:38.491 收到 Head 資訊 {Count 2} {Type C } 
[5260] 2015/02/01 19:27:38.491 收到 Head 資訊 {Count 2} {Type C } 
[5260] 2015/02/01 19:27:38.492 收到 Head 資訊 {Count 2} {Type C } 
[5260] 2015/02/01 19:27:38.493 收到 Head 資訊 {Count 2} {Type C } 
[5260] 2015/02/01 19:27:38.494 收到 Head 資訊 {Count 2} {Type C } 
[5260] 2015/02/01 19:27:38.495 收到 Head 資訊 {Count 2} {Type C } 
[5260] 2015/02/01 19:27:38.496 收到 Head 資訊 {Count 2} {Type C } 
[5260] 2015/02/01 19:27:38.497 收到 Head 資訊 {Count 2} {Type C } 
[5260] 2015/02/01 19:27:38.497 收到 Head 資訊 {Count 2} {Type C } 
[5260] 2015/02/01 19:27:38.498 收到 Head 資訊 {Count 2} {Type C } 
[5260] 2015/02/01 19:27:38.499 收到 Head 資訊 {Count 2} {Type C } 
[5260] 2015/02/01 19:27:38.500 收到 Head 資訊 {Count 2} {Type C } 
[5260] 2015/02/01 19:27:38.501 收到 Head 資訊 {Count 2} {Type C } 
[5260] 2015/02/01 19:27:38.501 收到 Head 資訊 {Count 2} {Type C } 
[5260] 2015/02/01 19:27:38.502 收到 Head 資訊 {Count 2} {Type C } 
[5260] 2015/02/01 19:27:38.503 收到 Head 資訊 {Count 2} {Type C } 
[5260] 2015/02/01 19:27:38.504 收到 Head 資訊 {Count 2} {Type C } 
[5260] 2015/02/01 19:27:38.505 收到 Head 資訊 {Count 2} {Type C } 
[5260] 2015/02/01 19:27:38.506 收到 Head 資訊 {Count 2} {Type C } 
[5260] 2015/02/01 19:27:38.506 收到 Head 資訊 {Count 2} {Type C } 
[5260] 2015/02/01 19:27:38.507 收到 Head 資訊 {Count 2} {Type C } 
[5260] 2015/02/01 19:27:38.508 收到 Head 資訊 {Count 2} {Type C } 
[5260] 2015/02/01 19:27:38.509 收到 Head 資訊 {Count 2} {Type C } 
[5260] 2015/02/01 19:27:38.510 收到 Head 資訊 {Count 2} {Type C } 
[5260] 2015/02/01 19:27:38.511 收到 Head 資訊 {Count 2} {Type C } 
[5260] 2015/02/01 19:27:38.512 收到 Head 資訊 {Count 2} {Type C } 
[5260] 2015/02/01 19:27:38.512 收到 Head 資訊 {Count 2} {Type C } 
[5260] 2015/02/01 19:27:38.513 收到 Head 資訊 {Count 2} {Type C } 
[5260] 2015/02/01 19:27:38.514 收到 Head 資訊 {Count 2} {Type C } 
[5260] 2015/02/01 19:27:38.515 收到 Head 資訊 {Count 2} {Type C } 
[5260] 2015/02/01 19:27:38.516 收到 Head 資訊 {Count 2} {Type C } 
[5260] 2015/02/01 19:27:38.517 收到 Head 資訊 {Count 2} {Type C } 
[5260] 2015/02/01 19:27:38.517 收到 Head 資訊 {Count 2} {Type C } 
[5260] 2015/02/01 19:27:38.518 收到 Head 資訊 {Count 2} {Type C } 
[5260] 2015/02/01 19:27:38.519 收到 Head 資訊 {Count 2} {Type C } 
[5260] 2015/02/01 19:27:38.520 收到 Head 資訊 {Count 2} {Type C } 
[5260] 2015/02/01 19:27:38.521 收到 Head 資訊 {Count 2} {Type C } 
[5260] 2015/02/01 19:27:38.522 收到 Head 資訊 {Count 2} {Type C } 
[5260] 2015/02/01 19:27:38.522 收到 Head 資訊 {Count 2} {Type C } 
[5260] 2015/02/01 19:27:38.523 收到 Head 資訊 {Count 2} {Type C } 
[5260] 2015/02/01 19:27:38.524 收到 Head 資訊 {Count 2} {Type C } 
[5260] 2015/02/01 19:27:38.525 收到 Head 資訊 {Count 2} {Type C } 
[5260] 2015/02/01 19:27:38.526 收到 Head 資訊 {Count 2} {Type C } 
[5260] 2015/02/01 19:27:38.527 收到 Head 資訊 {Count 2} {Type C } 
[5260] 2015/02/01 19:27:38.527 收到 Head 資訊 {Count 2} {Type C } 
[5260] 2015/02/01 19:27:38.528 收到 Head 資訊 {Count 2} {Type C } 
[5260] 2015/02/01 19:27:38.529 收到 Head 資訊 {Count 2} {Type C } 
[5260] 2015/02/01 19:27:38.530 收到 Head 資訊 {Count 2} {Type C } 
[5260] 2015/02/01 19:27:38.531 收到 Head 資訊 {Count 2} {Type C } 
[5260] 2015/02/01 19:27:38.532 收到 Head 資訊 {Count 2} {Type C } 
[5260] 2015/02/01 19:27:38.533 收到 Head 資訊 {Count 2} {Type C } 
[5260] 2015/02/01 19:27:38.533 收到 Head 資訊 {Count 2} {Type C } 
[5260] 2015/02/01 19:27:38.534 收到 Head 資訊 {Count 2} {Type C } 
[5260] 2015/02/01 19:27:38.535 收到 Head 資訊 {Count 2} {Type C } 
[5260] 2015/02/01 19:27:38.536 收到 Head 資訊 {Count 2} {Type C } 
[5260] 2015/02/01 19:27:38.537 收到 Head 資訊 {Count 2} {Type C } 
[5260] 2015/02/01 19:27:38.537 收到 Head 資訊 {Count 2} {Type C } 
[5260] 2015/02/01 19:27:38.538 收到 Head 資訊 {Count 2} {Type C } 
[5260] 2015/02/01 19:27:38.539 收到 Head 資訊 {Count 2} {Type C } 
[5260] 2015/02/01 19:27:38.540 收到 Head 資訊 {Count 2} {Type C } 
[5260] 2015/02/01 19:27:38.541 收到 Head 資訊 {Count 2} {Type C } 
[5260] 2015/02/01 19:27:38.542 收到 Head 資訊 {Count 2} {Type C } 
[5260] 2015/02/01 19:27:38.542 收到 Head 資訊 {Count 2} {Type C } 
[5260] 2015/02/01 19:27:38.543 收到 Head 資訊 {Count 2} {Type C } 
[5260] 2015/02/01 19:27:38.544 收到 Head 資訊 {Count 2} {Type C } 
[5260] 2015/02/01 19:27:38.545 收到 Head 資訊 {Count 2} {Type C } 
[5260] 2015/02/01 19:27:38.546 收到 Head 資訊 {Count 2} {Type C } 
[5260] 2015/02/01 19:27:38.546 收到 Head 資訊 {Count 2} {Type C } 
[5260] 2015/02/01 19:27:38.547 收到 Head 資訊 {Count 2} {Type C } 
[5260] 2015/02/01 19:27:38.548 收到 Head 資訊 {Count 2} {Type C } 
[5260] 2015/02/01 19:27:38.549 收到 Head 資訊 {Count 2} {Type C } 
[5260] 2015/02/01 19:27:38.550 收到 Head 資訊 {Count 2} {Type C } 
[5260] 2015/02/01 19:27:38.551 收到 Head 資訊 {Count 2} {Type C } 
[5260] 2015/02/01 19:27:38.552 收到 Head 資訊 {Count 2} {Type C } 
[5260] 2015/02/01 19:27:38.552 收到 Head 資訊 {Count 2} {Type C } 
[5260] 2015/02/01 19:27:38.553 收到 Head 資訊 {Count 2} {Type C } 
[5260] 2015/02/01 19:27:38.554 收到 Head 資訊 {Count 2} {Type C } 
[5260] 2015/02/01 19:27:38.555 收到 Head 資訊 {Count 2} {Type C } 
[5260] 2015/02/01 19:27:38.556 收到 Head 資訊 {Count 2} {Type C } 
[5260] 2015/02/01 19:27:38.557 收到 Head 資訊 {Count 2} {Type C } 
[5260] 2015/02/01 19:27:38.557 收到 Head 資訊 {Count 2} {Type C } 
[5260] 2015/02/01 19:27:38.558 收到 Head 資訊 {Count 2} {Type C } 
[5260] 2015/02/01 19:27:38.559 收到 Head 資訊 {Count 2} {Type C } 
[5260] 2015/02/01 19:27:38.560 收到 Head 資訊 {Count 2} {Type C } 
[5260] 2015/02/01 19:27:38.561 收到 Head 資訊 {Count 2} {Type C } 
[5260] 2015/02/01 19:27:38.562 收到 Head 資訊 {Count 2} {Type C } 
[5260] 2015/02/01 19:27:38.563 收到 Head 資訊 {Count 2} {Type C } 
[5260] 2015/02/01 19:27:38.563 收到 Head 資訊 {Count 2} {Type C } 
[5260] 2015/02/01 19:27:38.564 收到 Head 資訊 {Count 2} {Type C } 
[5260] 2015/02/01 19:27:38.565 收到 Head 資訊 {Count 2} {Type C } 
[5260] 2015/02/01 19:27:38.566 收到 Head 資訊 {Count 2} {Type C } 
[5260] 2015/02/01 19:27:38.567 收到 Head 資訊 {Count 2} {Type C } 
[5260] 2015/02/01 19:27:38.568 收到 Head 資訊 {Count 2} {Type C } 
[5260] 2015/02/01 19:27:38.568 收到 Head 資訊 {Count 2} {Type C } 
[5260] 2015/02/01 19:27:38.569 收到 Head 資訊 {Count 2} {Type C } 
[5260] 2015/02/01 19:27:38.570 收到 Head 資訊 {Count 2} {Type C } 
[5260] 2015/02/01 19:27:38.571 收到 Head 資訊 {Count 2} {Type C } 
[5260] 2015/02/01 19:27:38.572 收到 Head 資訊 {Count 2} {Type B } 
[5260] 2015/02/01 19:28:34.121 API ExitInstance 
