[1108] 2015/03/09 10:09:30.096 SKOrderLib ª©¥» 2.1.22
[1108] 2015/03/09 10:09:30.099 Login ID: E122828927
[1108] 2015/03/09 10:09:31.051 CALL SKOrderLib_ReadCertByID(E122828927)
[1108] 2015/03/09 10:09:31.245 CALL RegisterOnAccountCallBack()
[1108] 2015/03/09 10:09:31.247 CALL GetUserAccount()
[1108] 2015/03/09 10:09:31.249 TS,918J,918J,0456453,E122828927,±d§Óºú,0,0
[1108] 2015/03/09 10:09:31.251 TF,F020000,B17,1709003,E122828927,±d§Óºú,0,0
[1108] 2015/03/09 10:09:31.253 OF,F020000,000,1709003,E122828927,±d§Óºú,0,0
[1108] 2015/03/09 10:09:31.256 CALL RegisterOnOrderAsyncReportCallBack()
[1108] 2015/03/09 10:09:31.258 CALL RegisterOnExecutionReportCallBack()
[3812] 2015/03/09 10:13:11.746 SKOrderLib ª©¥» 2.1.22
[3812] 2015/03/09 10:13:11.749 Login ID: E122828927
[3812] 2015/03/09 10:13:12.483 CALL SKOrderLib_ReadCertByID(E122828927)
[3812] 2015/03/09 10:13:12.646 CALL RegisterOnAccountCallBack()
[3812] 2015/03/09 10:13:12.648 CALL GetUserAccount()
[3812] 2015/03/09 10:13:12.650 TS,918J,918J,0456453,E122828927,±d§Óºú,0,0
[3812] 2015/03/09 10:13:12.652 TF,F020000,B17,1709003,E122828927,±d§Óºú,0,0
[3812] 2015/03/09 10:13:12.654 OF,F020000,000,1709003,E122828927,±d§Óºú,0,0
[3812] 2015/03/09 10:13:12.657 CALL RegisterOnOrderAsyncReportCallBack()
[3812] 2015/03/09 10:13:12.659 CALL RegisterOnExecutionReportCallBack()
[3812] 2015/03/09 10:13:12.981 CALL RegisterOnOverseaFutureOpenInterestCallBack()
[3812] 2015/03/09 10:13:12.983 CALL GetOverseaFutureOpenInterest(F0200001709003)
[5076] 2015/03/09 11:21:03.251 SKOrderLib ª©¥» 2.1.22
[5076] 2015/03/09 11:21:03.254 Login ID: E122828927
[5076] 2015/03/09 11:21:04.070 CALL SKOrderLib_ReadCertByID(E122828927)
[5076] 2015/03/09 11:21:04.247 CALL RegisterOnAccountCallBack()
[5076] 2015/03/09 11:21:04.249 CALL GetUserAccount()
[5076] 2015/03/09 11:21:04.250 TS,918J,918J,0456453,E122828927,±d§Óºú,0,0
[5076] 2015/03/09 11:21:04.253 TF,F020000,B17,1709003,E122828927,±d§Óºú,0,0
[5076] 2015/03/09 11:21:04.254 OF,F020000,000,1709003,E122828927,±d§Óºú,0,0
[5076] 2015/03/09 11:21:04.257 CALL RegisterOnOrderAsyncReportCallBack()
[5076] 2015/03/09 11:21:04.260 CALL RegisterOnExecutionReportCallBack()
[5076] 2015/03/09 11:21:04.619 CALL RegisterOnOverseaFutureOpenInterestCallBack()
[5076] 2015/03/09 11:21:04.621 CALL GetOverseaFutureOpenInterest(F0200001709003)
[3108] 2015/03/09 11:23:27.858 SKOrderLib ª©¥» 2.1.22
[3108] 2015/03/09 11:23:27.861 Login ID: E122828927
[3108] 2015/03/09 11:23:28.621 CALL SKOrderLib_ReadCertByID(E122828927)
[3108] 2015/03/09 11:23:28.750 CALL RegisterOnAccountCallBack()
[3108] 2015/03/09 11:23:28.752 CALL GetUserAccount()
[3108] 2015/03/09 11:23:28.753 TS,918J,918J,0456453,E122828927,±d§Óºú,0,0
[3108] 2015/03/09 11:23:28.755 TF,F020000,B17,1709003,E122828927,±d§Óºú,0,0
[3108] 2015/03/09 11:23:28.757 OF,F020000,000,1709003,E122828927,±d§Óºú,0,0
[3108] 2015/03/09 11:23:28.760 CALL RegisterOnOrderAsyncReportCallBack()
[3108] 2015/03/09 11:23:28.762 CALL RegisterOnExecutionReportCallBack()
[3108] 2015/03/09 11:23:29.128 CALL RegisterOnOverseaFutureOpenInterestCallBack()
[3108] 2015/03/09 11:23:29.130 CALL GetOverseaFutureOpenInterest(F0200001709003)
[2360] 2015/03/09 11:42:43.566 SKOrderLib ª©¥» 2.1.22
[2360] 2015/03/09 11:42:43.569 Login ID: E122828927
[2360] 2015/03/09 11:42:44.331 CALL SKOrderLib_ReadCertByID(E122828927)
[2360] 2015/03/09 11:42:44.517 CALL RegisterOnAccountCallBack()
[2360] 2015/03/09 11:42:44.519 CALL GetUserAccount()
[2360] 2015/03/09 11:42:44.520 TS,918J,918J,0456453,E122828927,±d§Óºú,0,0
[2360] 2015/03/09 11:42:44.522 TF,F020000,B17,1709003,E122828927,±d§Óºú,0,0
[2360] 2015/03/09 11:42:44.524 OF,F020000,000,1709003,E122828927,±d§Óºú,0,0
[2360] 2015/03/09 11:42:44.527 CALL RegisterOnOrderAsyncReportCallBack()
[2360] 2015/03/09 11:42:44.529 CALL RegisterOnExecutionReportCallBack()
[2360] 2015/03/09 11:42:44.899 CALL RegisterOnOverseaFutureOpenInterestCallBack()
[2360] 2015/03/09 11:42:44.901 CALL GetOverseaFutureOpenInterest(F0200001709003)
[4892] 2015/03/09 11:45:06.655 SKOrderLib ª©¥» 2.1.22
[4892] 2015/03/09 11:45:06.658 Login ID: E122828927
[4892] 2015/03/09 11:45:07.432 CALL SKOrderLib_ReadCertByID(E122828927)
[4892] 2015/03/09 11:45:08.273 CALL RegisterOnAccountCallBack()
[4892] 2015/03/09 11:45:08.275 CALL GetUserAccount()
[4892] 2015/03/09 11:45:08.276 TS,918J,918J,0456453,E122828927,±d§Óºú,0,0
[4892] 2015/03/09 11:45:08.278 TF,F020000,B17,1709003,E122828927,±d§Óºú,0,0
[4892] 2015/03/09 11:45:08.280 OF,F020000,000,1709003,E122828927,±d§Óºú,0,0
[4892] 2015/03/09 11:45:08.283 CALL RegisterOnOrderAsyncReportCallBack()
[4892] 2015/03/09 11:45:08.285 CALL RegisterOnExecutionReportCallBack()
[4892] 2015/03/09 11:45:08.641 CALL RegisterOnOverseaFutureOpenInterestCallBack()
[4892] 2015/03/09 11:45:08.643 CALL GetOverseaFutureOpenInterest(F0200001709003)
[2680] 2015/03/09 11:49:48.153 SKOrderLib ª©¥» 2.1.22
[2680] 2015/03/09 11:49:48.156 Login ID: E122828927
[2680] 2015/03/09 11:49:48.947 CALL SKOrderLib_ReadCertByID(E122828927)
[2680] 2015/03/09 11:49:49.103 CALL RegisterOnAccountCallBack()
[2680] 2015/03/09 11:49:49.105 CALL GetUserAccount()
[2680] 2015/03/09 11:49:49.106 TS,918J,918J,0456453,E122828927,±d§Óºú,0,0
[2680] 2015/03/09 11:49:49.108 TF,F020000,B17,1709003,E122828927,±d§Óºú,0,0
[2680] 2015/03/09 11:49:49.110 OF,F020000,000,1709003,E122828927,±d§Óºú,0,0
[2680] 2015/03/09 11:49:49.113 CALL RegisterOnOrderAsyncReportCallBack()
[2680] 2015/03/09 11:49:49.115 CALL RegisterOnExecutionReportCallBack()
[2680] 2015/03/09 11:49:49.473 CALL RegisterOnOverseaFutureOpenInterestCallBack()
[2680] 2015/03/09 11:49:49.475 CALL GetOverseaFutureOpenInterest(F0200001709003)
[4860] 2015/03/09 11:51:26.017 SKOrderLib ª©¥» 2.1.22
[4860] 2015/03/09 11:51:26.019 Login ID: E122828927
[4860] 2015/03/09 11:51:26.821 CALL SKOrderLib_ReadCertByID(E122828927)
[4860] 2015/03/09 11:51:26.957 CALL RegisterOnAccountCallBack()
[4860] 2015/03/09 11:51:26.959 CALL GetUserAccount()
[4860] 2015/03/09 11:51:26.960 TS,918J,918J,0456453,E122828927,±d§Óºú,0,0
[4860] 2015/03/09 11:51:26.963 TF,F020000,B17,1709003,E122828927,±d§Óºú,0,0
[4860] 2015/03/09 11:51:26.965 OF,F020000,000,1709003,E122828927,±d§Óºú,0,0
[4860] 2015/03/09 11:51:26.968 CALL RegisterOnOrderAsyncReportCallBack()
[4860] 2015/03/09 11:51:26.970 CALL RegisterOnExecutionReportCallBack()
[4860] 2015/03/09 11:51:27.311 CALL RegisterOnOverseaFutureOpenInterestCallBack()
[4860] 2015/03/09 11:51:27.313 CALL GetOverseaFutureOpenInterest(F0200001709003)
[612] 2015/03/09 11:56:24.674 SKOrderLib ª©¥» 2.1.22
[612] 2015/03/09 11:56:24.677 Login ID: E122828927
[612] 2015/03/09 11:56:25.487 CALL SKOrderLib_ReadCertByID(E122828927)
[612] 2015/03/09 11:56:25.644 CALL RegisterOnAccountCallBack()
[612] 2015/03/09 11:56:25.647 CALL GetUserAccount()
[612] 2015/03/09 11:56:25.648 TS,918J,918J,0456453,E122828927,±d§Óºú,0,0
[612] 2015/03/09 11:56:25.650 TF,F020000,B17,1709003,E122828927,±d§Óºú,0,0
[612] 2015/03/09 11:56:25.652 OF,F020000,000,1709003,E122828927,±d§Óºú,0,0
[612] 2015/03/09 11:56:25.655 CALL RegisterOnOrderAsyncReportCallBack()
[612] 2015/03/09 11:56:25.657 CALL RegisterOnExecutionReportCallBack()
[612] 2015/03/09 11:56:26.016 CALL RegisterOnOverseaFutureOpenInterestCallBack()
[612] 2015/03/09 11:56:26.018 CALL GetOverseaFutureOpenInterest(F0200001709003)
[4812] 2015/03/09 11:58:29.071 SKOrderLib ª©¥» 2.1.22
[4812] 2015/03/09 11:58:29.074 Login ID: E122828927
[4812] 2015/03/09 11:58:29.888 CALL SKOrderLib_ReadCertByID(E122828927)
[4812] 2015/03/09 11:58:30.045 CALL RegisterOnAccountCallBack()
[4812] 2015/03/09 11:58:30.047 CALL GetUserAccount()
[4812] 2015/03/09 11:58:30.048 TS,918J,918J,0456453,E122828927,±d§Óºú,0,0
[4812] 2015/03/09 11:58:30.051 TF,F020000,B17,1709003,E122828927,±d§Óºú,0,0
[4812] 2015/03/09 11:58:30.053 OF,F020000,000,1709003,E122828927,±d§Óºú,0,0
[4812] 2015/03/09 11:58:30.055 CALL RegisterOnOrderAsyncReportCallBack()
[4812] 2015/03/09 11:58:30.058 CALL RegisterOnExecutionReportCallBack()
[4812] 2015/03/09 11:58:30.406 CALL RegisterOnOverseaFutureOpenInterestCallBack()
[4812] 2015/03/09 11:58:30.408 CALL GetOverseaFutureOpenInterest(F0200001709003)
[4128] 2015/03/09 11:59:16.837 SKOrderLib ª©¥» 2.1.22
[4128] 2015/03/09 11:59:16.840 Login ID: E122828927
[4128] 2015/03/09 11:59:17.686 CALL SKOrderLib_ReadCertByID(E122828927)
[4128] 2015/03/09 11:59:17.837 CALL RegisterOnAccountCallBack()
[4128] 2015/03/09 11:59:17.839 CALL GetUserAccount()
[4128] 2015/03/09 11:59:17.840 TS,918J,918J,0456453,E122828927,±d§Óºú,0,0
[4128] 2015/03/09 11:59:17.843 TF,F020000,B17,1709003,E122828927,±d§Óºú,0,0
[4128] 2015/03/09 11:59:17.844 OF,F020000,000,1709003,E122828927,±d§Óºú,0,0
[4128] 2015/03/09 11:59:17.847 CALL RegisterOnOrderAsyncReportCallBack()
[4128] 2015/03/09 11:59:17.850 CALL RegisterOnExecutionReportCallBack()
[4128] 2015/03/09 11:59:18.239 CALL RegisterOnOverseaFutureOpenInterestCallBack()
[4128] 2015/03/09 11:59:18.241 CALL GetOverseaFutureOpenInterest(F0200001709003)
[4056] 2015/03/09 12:30:30.238 SKOrderLib ª©¥» 2.1.22
[4056] 2015/03/09 12:30:30.241 Login ID: E122828927
[4056] 2015/03/09 12:30:31.065 CALL SKOrderLib_ReadCertByID(E122828927)
[4056] 2015/03/09 12:30:31.239 CALL RegisterOnAccountCallBack()
[4056] 2015/03/09 12:30:31.241 CALL GetUserAccount()
[4056] 2015/03/09 12:30:31.243 TS,918J,918J,0456453,E122828927,±d§Óºú,0,0
[4056] 2015/03/09 12:30:31.245 TF,F020000,B17,1709003,E122828927,±d§Óºú,0,0
[4056] 2015/03/09 12:30:31.247 OF,F020000,000,1709003,E122828927,±d§Óºú,0,0
[4056] 2015/03/09 12:30:31.250 CALL RegisterOnOrderAsyncReportCallBack()
[4056] 2015/03/09 12:30:31.252 CALL RegisterOnExecutionReportCallBack()
[4056] 2015/03/09 12:30:31.662 CALL RegisterOnOverseaFutureOpenInterestCallBack()
[4056] 2015/03/09 12:30:31.664 CALL GetOverseaFutureOpenInterest(F0200001709003)
[3744] 2015/03/09 12:32:04.520 SKOrderLib ª©¥» 2.1.22
[3744] 2015/03/09 12:32:04.523 Login ID: E122828927
[3744] 2015/03/09 12:32:05.310 CALL SKOrderLib_ReadCertByID(E122828927)
[3744] 2015/03/09 12:32:05.447 CALL RegisterOnAccountCallBack()
[3744] 2015/03/09 12:32:05.449 CALL GetUserAccount()
[3744] 2015/03/09 12:32:05.451 TS,918J,918J,0456453,E122828927,±d§Óºú,0,0
[3744] 2015/03/09 12:32:05.453 TF,F020000,B17,1709003,E122828927,±d§Óºú,0,0
[3744] 2015/03/09 12:32:05.455 OF,F020000,000,1709003,E122828927,±d§Óºú,0,0
[3744] 2015/03/09 12:32:05.458 CALL RegisterOnOrderAsyncReportCallBack()
[3744] 2015/03/09 12:32:05.460 CALL RegisterOnExecutionReportCallBack()
[3744] 2015/03/09 12:32:05.814 CALL RegisterOnOverseaFutureOpenInterestCallBack()
[3744] 2015/03/09 12:32:05.816 CALL GetOverseaFutureOpenInterest(F0200001709003)
