[1376] 2015/02/01 17:11:45.275 API InitInstance 
[1376] 2015/02/01 17:11:45.276 SKOSQuoteLib_RequestServerTime   SK_ERROR_INITIALIZE_FAIL 
[1376] 2015/02/01 17:11:45.278 SKOSQuoteLib_LeaveMonitor   SK_ERROR_INITIALIZE_FAIL 
[7076] 2015/02/01 17:17:40.942 API InitInstance 
[7076] 2015/02/01 17:17:40.943 SKOSQuoteLib_RequestServerTime   SK_ERROR_INITIALIZE_FAIL 
[7076] 2015/02/01 17:17:40.944 SKOSQuoteLib_LeaveMonitor   SK_ERROR_INITIALIZE_FAIL 
[6436] 2015/02/01 17:18:01.518 API InitInstance 
[6436] 2015/02/01 17:18:01.519 SKOSQuoteLib_RequestServerTime   SK_ERROR_INITIALIZE_FAIL 
[6436] 2015/02/01 17:18:01.520 SKOSQuoteLib_LeaveMonitor   SK_ERROR_INITIALIZE_FAIL 
[6440] 2015/02/01 19:20:53.362 API InitInstance 
[6440] 2015/02/01 19:20:53.433 SKOSQuoteLib_RequestServerTime   SK_ERROR_INITIALIZE_FAIL 
[6440] 2015/02/01 19:21:06.622 SKOSQuoteLib_RequestServerTime   SK_ERROR_INITIALIZE_FAIL 
[5420] 2015/02/01 19:22:17.008 API InitInstance 
[5420] 2015/02/01 19:22:17.008 SKOSQuoteLib_RequestServerTime   SK_ERROR_INITIALIZE_FAIL 
[7024] 2015/02/01 19:22:29.504 API InitInstance 
[7024] 2015/02/01 19:22:29.506 SKOSQuoteLib_Initialize  ID¡GE122828927
[7024] 2015/02/01 19:22:29.507 SKOSQuoteLib_Initialize  Server¡Ghttps://order2.capital.com.tw/
[7024] 2015/02/01 19:22:30.266 SKOSQuoteLib_AttachConnectCallBack
[7024] 2015/02/01 19:22:30.267 SKOSQuoteLib_AttachQuoteCallBack
[7024] 2015/02/01 19:22:30.268 SKOSQuoteLib_AttachTicksCallBack
[7024] 2015/02/01 19:22:30.269 SKOSQuoteLib_AttachBest5CallBack
[7024] 2015/02/01 19:22:30.270 SKOSQuoteLib_AttachServerTimeCallBack
[7024] 2015/02/01 19:22:30.271 SKOSQuoteLib_AttachHistoryTicksGetCallBack
[5420] 2015/02/01 19:22:30.951 SKOSQuoteLib_RequestServerTime   SK_ERROR_INITIALIZE_FAIL 
[7024] 2015/02/01 19:22:31.659 SKOSQuoteLib_EnterMonitor(0)
[7024] 2015/02/01 19:22:31.659 Connect FORT05.capital.com.tw 443
[7024] 2015/02/01 19:22:32.004 SK_SUBJECT_CONNECTION_CONNECTED¡ACode: 0
[5420] 2015/02/01 19:22:48.841 SKOSQuoteLib_RequestServerTime   SK_ERROR_INITIALIZE_FAIL 
[7024] 2015/02/01 19:22:48.845 SKOSQuoteLib_RequestTicks (0,OSE,JNM1503)
[5876] 2015/02/01 19:27:44.265 API InitInstance 
[5876] 2015/02/01 19:27:44.267 SKOSQuoteLib_Initialize  ID¡GE122828927
[5876] 2015/02/01 19:27:44.268 SKOSQuoteLib_Initialize  Server¡Ghttps://order2.capital.com.tw/
[5876] 2015/02/01 19:27:45.073 SKOSQuoteLib_AttachConnectCallBack
[5876] 2015/02/01 19:27:45.074 SKOSQuoteLib_AttachQuoteCallBack
[5876] 2015/02/01 19:27:45.075 SKOSQuoteLib_AttachTicksCallBack
[5876] 2015/02/01 19:27:45.075 SKOSQuoteLib_AttachBest5CallBack
[5876] 2015/02/01 19:27:45.076 SKOSQuoteLib_AttachServerTimeCallBack
[5876] 2015/02/01 19:27:45.077 SKOSQuoteLib_AttachHistoryTicksGetCallBack
[5876] 2015/02/01 19:27:46.778 SKOSQuoteLib_EnterMonitor(0)
[5876] 2015/02/01 19:27:46.779 Connect FORT03.capital.com.tw 443
[5876] 2015/02/01 19:27:46.942 SK_SUBJECT_CONNECTION_CONNECTED¡ACode: 0
[5876] 2015/02/01 19:27:48.505 SKOSQuoteLib_RequestTicks (0,OSE,JNM1503)
[5260] 2015/02/01 19:27:48.721 API InitInstance 
[5260] 2015/02/01 19:27:48.722 SKOSQuoteLib_RequestServerTime   SK_ERROR_INITIALIZE_FAIL 
[5260] 2015/02/01 19:28:03.721 SKOSQuoteLib_RequestServerTime   SK_ERROR_INITIALIZE_FAIL 
[5260] 2015/02/01 19:28:18.725 SKOSQuoteLib_RequestServerTime   SK_ERROR_INITIALIZE_FAIL 
[5260] 2015/02/01 19:28:33.738 SKOSQuoteLib_RequestServerTime   SK_ERROR_INITIALIZE_FAIL 
[5260] 2015/02/01 19:28:34.117 API ExitInstance 
[5876] 2015/02/01 19:28:36.155 API ExitInstance 
