[1272] 2015/02/05 21:03:42.182 SKOrderLib ª©¥» 2.1.22
[1272] 2015/02/05 21:03:42.185 Login ID: E122828927
[1272] 2015/02/05 21:03:44.468 CALL SKOrderLib_ReadCertByID(E122828927)
[1272] 2015/02/05 21:03:44.636 CALL RegisterOnAccountCallBack()
[1272] 2015/02/05 21:03:44.637 CALL GetUserAccount()
[1272] 2015/02/05 21:03:44.638 TS,918J,918J,0456453,E122828927,±d§Óºú,0,0
[1272] 2015/02/05 21:03:44.640 TF,F020000,B17,1709003,E122828927,±d§Óºú,0,0
[1272] 2015/02/05 21:03:44.641 OF,F020000,000,1709003,E122828927,±d§Óºú,0,0
[1272] 2015/02/05 21:03:44.643 CALL RegisterOnOrderAsyncReportCallBack()
[1272] 2015/02/05 21:03:44.644 CALL RegisterOnExecutionReportCallBack()
[1272] 2015/02/05 21:03:44.999 CALL RegisterOnOverseaFutureOpenInterestCallBack()
[1272] 2015/02/05 21:03:45.000 CALL GetOverseaFutureOpenInterest(F0200001709003)
[920] 2015/02/05 21:10:44.359 SKOrderLib ª©¥» 2.1.22
[920] 2015/02/05 21:10:44.362 Login ID: E122828927
[920] 2015/02/05 21:10:45.159 CALL SKOrderLib_ReadCertByID(E122828927)
[920] 2015/02/05 21:10:45.306 CALL RegisterOnAccountCallBack()
[920] 2015/02/05 21:10:45.308 CALL GetUserAccount()
[920] 2015/02/05 21:10:45.309 TS,918J,918J,0456453,E122828927,±d§Óºú,0,0
[920] 2015/02/05 21:10:45.311 TF,F020000,B17,1709003,E122828927,±d§Óºú,0,0
[920] 2015/02/05 21:10:45.313 OF,F020000,000,1709003,E122828927,±d§Óºú,0,0
[920] 2015/02/05 21:10:45.316 CALL RegisterOnOrderAsyncReportCallBack()
[920] 2015/02/05 21:10:45.318 CALL RegisterOnExecutionReportCallBack()
[920] 2015/02/05 21:10:45.706 CALL RegisterOnOverseaFutureOpenInterestCallBack()
[920] 2015/02/05 21:10:45.708 CALL GetOverseaFutureOpenInterest(F0200001709003)
[2328] 2015/02/05 21:24:50.009 SKOrderLib ª©¥» 2.1.22
[2328] 2015/02/05 21:24:50.012 Login ID: E122828927
[2328] 2015/02/05 21:24:50.805 CALL SKOrderLib_ReadCertByID(E122828927)
[2328] 2015/02/05 21:24:50.975 CALL RegisterOnAccountCallBack()
[2328] 2015/02/05 21:24:50.977 CALL GetUserAccount()
[2328] 2015/02/05 21:24:50.979 TS,918J,918J,0456453,E122828927,±d§Óºú,0,0
[2328] 2015/02/05 21:24:50.981 TF,F020000,B17,1709003,E122828927,±d§Óºú,0,0
[2328] 2015/02/05 21:24:50.983 OF,F020000,000,1709003,E122828927,±d§Óºú,0,0
[2328] 2015/02/05 21:24:50.985 CALL RegisterOnOrderAsyncReportCallBack()
[2328] 2015/02/05 21:24:50.987 CALL RegisterOnExecutionReportCallBack()
[2328] 2015/02/05 21:24:51.371 CALL RegisterOnOverseaFutureOpenInterestCallBack()
[2328] 2015/02/05 21:24:51.372 CALL GetOverseaFutureOpenInterest(F0200001709003)
