[3580] 2015/03/07 13:52:26.760 SKOrderLib ª©¥» 2.1.22
[3580] 2015/03/07 13:52:26.763 Login ID: E122828927
[3580] 2015/03/07 13:52:27.499 CALL SKOrderLib_ReadCertByID(E122828927)
[3580] 2015/03/07 13:52:27.735 CALL RegisterOnAccountCallBack()
[3580] 2015/03/07 13:52:27.737 CALL GetUserAccount()
[3580] 2015/03/07 13:52:27.738 TS,918J,918J,0456453,E122828927,±d§Óºú,0,0
[3580] 2015/03/07 13:52:27.741 TF,F020000,B17,1709003,E122828927,±d§Óºú,0,0
[3580] 2015/03/07 13:52:27.742 OF,F020000,000,1709003,E122828927,±d§Óºú,0,0
[3580] 2015/03/07 13:52:27.745 CALL RegisterOnOrderAsyncReportCallBack()
[3580] 2015/03/07 13:52:27.748 CALL RegisterOnExecutionReportCallBack()
[3580] 2015/03/07 13:52:28.165 CALL RegisterOnOverseaFutureOpenInterestCallBack()
[3580] 2015/03/07 13:52:28.167 CALL GetOverseaFutureOpenInterest(F0200001709003)
[536] 2015/03/07 15:04:56.533 SKOrderLib ª©¥» 2.1.22
[536] 2015/03/07 15:04:56.535 Login ID: E122828927
[536] 2015/03/07 15:04:57.336 CALL SKOrderLib_ReadCertByID(E122828927)
[536] 2015/03/07 15:04:57.522 CALL RegisterOnAccountCallBack()
[536] 2015/03/07 15:04:57.524 CALL GetUserAccount()
[536] 2015/03/07 15:04:57.525 TS,918J,918J,0456453,E122828927,±d§Óºú,0,0
[536] 2015/03/07 15:04:57.528 TF,F020000,B17,1709003,E122828927,±d§Óºú,0,0
[536] 2015/03/07 15:04:57.530 OF,F020000,000,1709003,E122828927,±d§Óºú,0,0
[536] 2015/03/07 15:04:57.532 CALL RegisterOnOrderAsyncReportCallBack()
[536] 2015/03/07 15:04:57.534 CALL RegisterOnExecutionReportCallBack()
[536] 2015/03/07 15:04:57.910 CALL RegisterOnOverseaFutureOpenInterestCallBack()
[536] 2015/03/07 15:04:57.912 CALL GetOverseaFutureOpenInterest(F0200001709003)
