[3376] 2015/02/11 08:11:15.936 API InitInstance 
[3376] 2015/02/11 08:11:16.214 E122828927 連線 Code：0
[3376] 2015/02/11 08:11:17.218 收到 Head 資訊 {Count 2} {Type C } 
[3376] 2015/02/11 08:11:17.220 收到 Head 資訊 {Count 2} {Type C } 
[3376] 2015/02/11 08:11:17.222 收到 Head 資訊 {Count 2} {Type C } 
[3376] 2015/02/11 08:11:17.224 收到 Head 資訊 {Count 2} {Type C } 
[3376] 2015/02/11 08:11:17.225 收到 Head 資訊 {Count 2} {Type C } 
[3376] 2015/02/11 08:11:17.227 收到 Head 資訊 {Count 2} {Type C } 
[3376] 2015/02/11 08:11:17.229 收到 Head 資訊 {Count 2} {Type C } 
[3376] 2015/02/11 08:11:17.231 收到 Head 資訊 {Count 2} {Type C } 
[3376] 2015/02/11 08:11:17.233 收到 Head 資訊 {Count 2} {Type C } 
[3376] 2015/02/11 08:11:17.234 收到 Head 資訊 {Count 2} {Type C } 
[3376] 2015/02/11 08:11:17.236 收到 Head 資訊 {Count 2} {Type C } 
[3376] 2015/02/11 08:11:17.238 收到 Head 資訊 {Count 2} {Type C } 
[3376] 2015/02/11 08:11:17.240 收到 Head 資訊 {Count 2} {Type C } 
[3376] 2015/02/11 08:11:17.241 收到 Head 資訊 {Count 2} {Type C } 
[3376] 2015/02/11 08:11:17.243 收到 Head 資訊 {Count 2} {Type C } 
[3376] 2015/02/11 08:11:17.245 收到 Head 資訊 {Count 2} {Type C } 
[3376] 2015/02/11 08:11:17.246 收到 Head 資訊 {Count 2} {Type C } 
[3376] 2015/02/11 08:11:17.248 收到 Head 資訊 {Count 2} {Type C } 
[3376] 2015/02/11 08:11:17.250 收到 Head 資訊 {Count 2} {Type C } 
[3376] 2015/02/11 08:11:17.251 收到 Head 資訊 {Count 2} {Type C } 
[3376] 2015/02/11 08:11:17.253 收到 Head 資訊 {Count 2} {Type C } 
[3376] 2015/02/11 08:11:17.255 收到 Head 資訊 {Count 2} {Type C } 
[3376] 2015/02/11 08:11:17.257 收到 Head 資訊 {Count 2} {Type C } 
[3376] 2015/02/11 08:11:17.258 收到 Head 資訊 {Count 2} {Type C } 
[3376] 2015/02/11 08:11:17.260 收到 Head 資訊 {Count 2} {Type C } 
[3376] 2015/02/11 08:11:17.262 收到 Head 資訊 {Count 2} {Type C } 
[3376] 2015/02/11 08:11:17.264 收到 Head 資訊 {Count 2} {Type C } 
[3376] 2015/02/11 08:11:17.265 收到 Head 資訊 {Count 2} {Type C } 
[3376] 2015/02/11 08:11:17.267 收到 Head 資訊 {Count 2} {Type C } 
[3376] 2015/02/11 08:11:17.269 收到 Head 資訊 {Count 2} {Type C } 
[3376] 2015/02/11 08:11:17.271 收到 Head 資訊 {Count 2} {Type C } 
[3376] 2015/02/11 08:11:17.273 收到 Head 資訊 {Count 2} {Type C } 
[3376] 2015/02/11 08:11:17.275 收到 Head 資訊 {Count 2} {Type C } 
[3376] 2015/02/11 08:11:17.276 收到 Head 資訊 {Count 2} {Type C } 
[3376] 2015/02/11 08:11:17.278 收到 Head 資訊 {Count 2} {Type C } 
[3376] 2015/02/11 08:11:17.280 收到 Head 資訊 {Count 2} {Type C } 
[3376] 2015/02/11 08:11:17.281 收到 Head 資訊 {Count 2} {Type C } 
[3376] 2015/02/11 08:11:17.283 收到 Head 資訊 {Count 2} {Type C } 
[3376] 2015/02/11 08:11:17.285 收到 Head 資訊 {Count 2} {Type C } 
[3376] 2015/02/11 08:11:17.287 收到 Head 資訊 {Count 2} {Type C } 
[3376] 2015/02/11 08:11:17.288 收到 Head 資訊 {Count 2} {Type C } 
[3376] 2015/02/11 08:11:17.290 收到 Head 資訊 {Count 2} {Type C } 
[3376] 2015/02/11 08:11:17.292 收到 Head 資訊 {Count 2} {Type C } 
[3376] 2015/02/11 08:11:17.293 收到 Head 資訊 {Count 2} {Type C } 
[3376] 2015/02/11 08:11:17.295 收到 Head 資訊 {Count 2} {Type C } 
[3376] 2015/02/11 08:11:17.297 收到 Head 資訊 {Count 2} {Type C } 
[3376] 2015/02/11 08:11:17.298 收到 Head 資訊 {Count 2} {Type C } 
[3376] 2015/02/11 08:11:17.300 收到 Head 資訊 {Count 2} {Type C } 
[3376] 2015/02/11 08:11:17.302 收到 Head 資訊 {Count 2} {Type C } 
[3376] 2015/02/11 08:11:17.303 收到 Head 資訊 {Count 2} {Type C } 
[3376] 2015/02/11 08:11:17.305 收到 Head 資訊 {Count 2} {Type C } 
[3376] 2015/02/11 08:11:17.307 收到 Head 資訊 {Count 2} {Type C } 
[3376] 2015/02/11 08:11:17.308 收到 Head 資訊 {Count 2} {Type C } 
[3376] 2015/02/11 08:11:17.310 收到 Head 資訊 {Count 2} {Type C } 
[3376] 2015/02/11 08:11:17.312 收到 Head 資訊 {Count 2} {Type C } 
[3376] 2015/02/11 08:11:17.313 收到 Head 資訊 {Count 2} {Type C } 
[3376] 2015/02/11 08:11:17.315 收到 Head 資訊 {Count 2} {Type C } 
[3376] 2015/02/11 08:11:17.317 收到 Head 資訊 {Count 2} {Type C } 
[3376] 2015/02/11 08:11:17.319 收到 Head 資訊 {Count 2} {Type C } 
[3376] 2015/02/11 08:11:17.320 收到 Head 資訊 {Count 2} {Type C } 
[3376] 2015/02/11 08:11:17.322 收到 Head 資訊 {Count 2} {Type C } 
[3376] 2015/02/11 08:11:17.324 收到 Head 資訊 {Count 2} {Type C } 
[3376] 2015/02/11 08:11:17.325 收到 Head 資訊 {Count 2} {Type C } 
[3376] 2015/02/11 08:11:17.327 收到 Head 資訊 {Count 2} {Type C } 
[3376] 2015/02/11 08:11:17.329 收到 Head 資訊 {Count 2} {Type C } 
[3376] 2015/02/11 08:11:17.330 收到 Head 資訊 {Count 2} {Type C } 
[3376] 2015/02/11 08:11:17.332 收到 Head 資訊 {Count 2} {Type C } 
[3376] 2015/02/11 08:11:17.334 收到 Head 資訊 {Count 2} {Type C } 
[3376] 2015/02/11 08:11:17.336 收到 Head 資訊 {Count 2} {Type C } 
[3376] 2015/02/11 08:11:17.337 收到 Head 資訊 {Count 2} {Type C } 
[3376] 2015/02/11 08:11:17.339 收到 Head 資訊 {Count 2} {Type C } 
[3376] 2015/02/11 08:11:17.341 收到 Head 資訊 {Count 2} {Type C } 
[3376] 2015/02/11 08:11:17.342 收到 Head 資訊 {Count 2} {Type C } 
[3376] 2015/02/11 08:11:17.344 收到 Head 資訊 {Count 2} {Type C } 
[3376] 2015/02/11 08:11:17.346 收到 Head 資訊 {Count 2} {Type C } 
[3376] 2015/02/11 08:11:17.347 收到 Head 資訊 {Count 2} {Type C } 
[3376] 2015/02/11 08:11:17.349 收到 Head 資訊 {Count 2} {Type C } 
[3376] 2015/02/11 08:11:17.351 收到 Head 資訊 {Count 2} {Type C } 
[3376] 2015/02/11 08:11:17.352 收到 Head 資訊 {Count 2} {Type C } 
[3376] 2015/02/11 08:11:17.354 收到 Head 資訊 {Count 2} {Type C } 
[3376] 2015/02/11 08:11:17.356 收到 Head 資訊 {Count 2} {Type C } 
[3376] 2015/02/11 08:11:17.357 收到 Head 資訊 {Count 2} {Type C } 
[3376] 2015/02/11 08:11:17.359 收到 Head 資訊 {Count 2} {Type C } 
[3376] 2015/02/11 08:11:17.361 收到 Head 資訊 {Count 2} {Type C } 
[3376] 2015/02/11 08:11:17.362 收到 Head 資訊 {Count 2} {Type C } 
[3376] 2015/02/11 08:11:17.364 收到 Head 資訊 {Count 2} {Type C } 
[3376] 2015/02/11 08:11:17.366 收到 Head 資訊 {Count 2} {Type C } 
[3376] 2015/02/11 08:11:17.367 收到 Head 資訊 {Count 2} {Type C } 
[3376] 2015/02/11 08:11:17.369 收到 Head 資訊 {Count 2} {Type C } 
[3376] 2015/02/11 08:11:17.371 收到 Head 資訊 {Count 2} {Type C } 
[3376] 2015/02/11 08:11:17.372 收到 Head 資訊 {Count 2} {Type C } 
[3376] 2015/02/11 08:11:17.374 收到 Head 資訊 {Count 2} {Type C } 
[3376] 2015/02/11 08:11:17.376 收到 Head 資訊 {Count 2} {Type C } 
[3376] 2015/02/11 08:11:17.377 收到 Head 資訊 {Count 2} {Type C } 
[3376] 2015/02/11 08:11:17.379 收到 Head 資訊 {Count 2} {Type C } 
[3376] 2015/02/11 08:11:17.381 收到 Head 資訊 {Count 2} {Type C } 
[3376] 2015/02/11 08:11:17.382 收到 Head 資訊 {Count 2} {Type C } 
[3376] 2015/02/11 08:11:17.384 收到 Head 資訊 {Count 2} {Type C } 
[3376] 2015/02/11 08:11:17.386 收到 Head 資訊 {Count 2} {Type D } 
[3376] 2015/02/11 08:11:17.387 收到 Head 資訊 {Count 2} {Type D } 
[3376] 2015/02/11 08:11:17.389 收到 Head 資訊 {Count 2} {Type C } 
[3376] 2015/02/11 08:11:17.391 收到 Head 資訊 {Count 2} {Type C } 
[3376] 2015/02/11 08:11:17.392 收到 Head 資訊 {Count 2} {Type C } 
[3376] 2015/02/11 08:11:17.394 收到 Head 資訊 {Count 2} {Type C } 
[3376] 2015/02/11 08:11:17.396 收到 Head 資訊 {Count 2} {Type C } 
[3376] 2015/02/11 08:11:17.398 收到 Head 資訊 {Count 2} {Type C } 
[3376] 2015/02/11 08:11:17.399 收到 Head 資訊 {Count 2} {Type C } 
[3376] 2015/02/11 08:11:17.401 收到 Head 資訊 {Count 2} {Type C } 
[3376] 2015/02/11 08:11:17.403 收到 Head 資訊 {Count 2} {Type D } 
[3376] 2015/02/11 08:11:17.404 收到 Head 資訊 {Count 2} {Type C } 
[3376] 2015/02/11 08:11:17.406 收到 Head 資訊 {Count 2} {Type C } 
[3376] 2015/02/11 08:11:17.408 收到 Head 資訊 {Count 2} {Type C } 
[3376] 2015/02/11 08:11:17.409 收到 Head 資訊 {Count 2} {Type C } 
[3376] 2015/02/11 08:11:17.411 收到 Head 資訊 {Count 2} {Type C } 
[3376] 2015/02/11 08:11:17.413 收到 Head 資訊 {Count 2} {Type C } 
[3376] 2015/02/11 08:11:17.414 收到 Head 資訊 {Count 2} {Type C } 
[3376] 2015/02/11 08:11:17.416 收到 Head 資訊 {Count 2} {Type C } 
[3376] 2015/02/11 08:11:17.418 收到 Head 資訊 {Count 2} {Type C } 
[3376] 2015/02/11 08:11:17.419 收到 Head 資訊 {Count 2} {Type C } 
[3376] 2015/02/11 08:11:17.421 收到 Head 資訊 {Count 2} {Type B } 
[3376] 2015/02/11 08:12:01.021 收到 Head 資訊 {Count 2} {Type C } 
[3376] 2015/02/11 08:12:11.021 收到 Head 資訊 {Count 2} {Type C } 
[3376] 2015/02/11 08:12:16.198 連線確認 E122828927 (21,21)
[3376] 2015/02/11 08:12:21.021 收到 Head 資訊 {Count 2} {Type C } 
[3376] 2015/02/11 08:12:31.021 收到 Head 資訊 {Count 2} {Type C } 
[3376] 2015/02/11 08:12:41.024 收到 Head 資訊 {Count 2} {Type C } 
[3376] 2015/02/11 08:12:51.020 收到 Head 資訊 {Count 2} {Type C } 
[3376] 2015/02/11 08:13:01.021 收到 Head 資訊 {Count 2} {Type C } 
[3376] 2015/02/11 08:13:11.020 收到 Head 資訊 {Count 2} {Type C } 
[3376] 2015/02/11 08:13:16.212 連線確認 E122828927 (21,21)
[3376] 2015/02/11 08:14:16.225 連線確認 E122828927 (21,21)
[3376] 2015/02/11 08:15:16.240 連線確認 E122828927 (21,21)
[3376] 2015/02/11 08:16:16.253 連線確認 E122828927 (21,21)
[3376] 2015/02/11 08:16:16.938 收到 Head 資訊 {Count 2} {Type B } 
[3376] 2015/02/11 08:17:16.266 連線確認 E122828927 (21,21)
[3376] 2015/02/11 08:18:16.281 連線確認 E122828927 (21,21)
[3376] 2015/02/11 08:19:16.294 連線確認 E122828927 (21,21)
[3376] 2015/02/11 08:20:16.307 連線確認 E122828927 (21,21)
[3376] 2015/02/11 08:21:16.321 連線確認 E122828927 (21,21)
[3376] 2015/02/11 08:21:17.984 收到 Head 資訊 {Count 2} {Type B } 
[3376] 2015/02/11 08:22:16.336 連線確認 E122828927 (21,21)
[3376] 2015/02/11 08:23:16.349 連線確認 E122828927 (21,21)
[3376] 2015/02/11 08:24:16.362 連線確認 E122828927 (21,21)
[3376] 2015/02/11 08:25:16.376 連線確認 E122828927 (21,21)
[3376] 2015/02/11 08:26:16.389 連線確認 E122828927 (21,21)
[3376] 2015/02/11 08:26:18.981 收到 Head 資訊 {Count 2} {Type B } 
[3376] 2015/02/11 08:27:16.403 連線確認 E122828927 (21,21)
[3376] 2015/02/11 08:28:16.415 連線確認 E122828927 (21,21)
[3376] 2015/02/11 08:29:16.430 連線確認 E122828927 (21,21)
[3376] 2015/02/11 08:30:16.444 連線確認 E122828927 (21,21)
[3376] 2015/02/11 08:31:16.457 連線確認 E122828927 (21,21)
[3376] 2015/02/11 08:31:19.918 收到 Head 資訊 {Count 2} {Type B } 
[3376] 2015/02/11 08:32:16.471 連線確認 E122828927 (21,21)
[3376] 2015/02/11 08:33:16.483 連線確認 E122828927 (21,21)
[3376] 2015/02/11 08:34:16.498 連線確認 E122828927 (21,21)
[3376] 2015/02/11 08:35:01.435 收到 Head 資訊 {Count 2} {Type C } 
[3376] 2015/02/11 08:35:16.512 連線確認 E122828927 (21,21)
[3376] 2015/02/11 08:36:16.525 連線確認 E122828927 (21,21)
[3376] 2015/02/11 08:36:21.385 收到 Head 資訊 {Count 2} {Type B } 
[3376] 2015/02/11 08:37:16.539 連線確認 E122828927 (21,21)
[3376] 2015/02/11 08:38:16.552 連線確認 E122828927 (21,21)
[3376] 2015/02/11 08:39:16.566 連線確認 E122828927 (21,21)
[3376] 2015/02/11 08:40:16.579 連線確認 E122828927 (21,21)
[3376] 2015/02/11 08:41:16.592 連線確認 E122828927 (21,21)
[3376] 2015/02/11 08:41:22.392 收到 Head 資訊 {Count 2} {Type B } 
[3376] 2015/02/11 08:42:16.608 連線確認 E122828927 (21,21)
[3376] 2015/02/11 08:43:16.619 連線確認 E122828927 (21,21)
[3376] 2015/02/11 08:44:16.634 連線確認 E122828927 (21,21)
[3376] 2015/02/11 08:45:16.646 連線確認 E122828927 (21,21)
[3376] 2015/02/11 08:46:16.662 連線確認 E122828927 (21,21)
[3376] 2015/02/11 08:46:23.357 收到 Head 資訊 {Count 2} {Type B } 
[3376] 2015/02/11 08:47:16.674 連線確認 E122828927 (21,21)
[3376] 2015/02/11 08:48:16.687 連線確認 E122828927 (21,21)
[3376] 2015/02/11 08:49:16.701 連線確認 E122828927 (21,21)
[3376] 2015/02/11 08:50:16.715 連線確認 E122828927 (21,21)
[3376] 2015/02/11 08:51:16.729 連線確認 E122828927 (21,21)
[3376] 2015/02/11 08:51:24.480 收到 Head 資訊 {Count 2} {Type B } 
[3376] 2015/02/11 08:52:02.100 收到 Head 資訊 {Count 2} {Type C } 
[3376] 2015/02/11 08:52:12.260 收到 Head 資訊 {Count 2} {Type C } 
[3376] 2015/02/11 08:52:16.743 連線確認 E122828927 (21,21)
[3376] 2015/02/11 08:53:16.755 連線確認 E122828927 (21,21)
[3376] 2015/02/11 08:54:16.769 連線確認 E122828927 (21,21)
[3376] 2015/02/11 08:55:16.783 連線確認 E122828927 (21,21)
[3376] 2015/02/11 08:56:16.796 連線確認 E122828927 (21,21)
[3376] 2015/02/11 08:56:25.427 收到 Head 資訊 {Count 2} {Type B } 
[3376] 2015/02/11 08:57:16.810 連線確認 E122828927 (21,21)
[3376] 2015/02/11 08:58:16.825 連線確認 E122828927 (21,21)
[3376] 2015/02/11 08:59:16.837 連線確認 E122828927 (21,21)
[3376] 2015/02/11 09:00:16.850 連線確認 E122828927 (21,21)
[3376] 2015/02/11 09:01:16.865 連線確認 E122828927 (21,21)
[3376] 2015/02/11 09:01:26.493 收到 Head 資訊 {Count 2} {Type B } 
[3376] 2015/02/11 09:02:16.878 連線確認 E122828927 (21,21)
[3376] 2015/02/11 09:03:16.892 連線確認 E122828927 (21,21)
[3376] 2015/02/11 09:04:16.905 連線確認 E122828927 (21,21)
[3376] 2015/02/11 09:05:16.920 連線確認 E122828927 (21,21)
[3376] 2015/02/11 09:06:16.933 連線確認 E122828927 (21,21)
[3376] 2015/02/11 09:06:27.686 收到 Head 資訊 {Count 2} {Type B } 
[3376] 2015/02/11 09:07:16.946 連線確認 E122828927 (21,21)
[3376] 2015/02/11 09:08:16.960 連線確認 E122828927 (21,21)
[3376] 2015/02/11 09:09:16.973 連線確認 E122828927 (21,21)
[3376] 2015/02/11 09:10:16.987 連線確認 E122828927 (21,21)
[3376] 2015/02/11 09:11:17.001 連線確認 E122828927 (21,21)
[3376] 2015/02/11 09:11:28.653 收到 Head 資訊 {Count 2} {Type B } 
[3376] 2015/02/11 09:12:02.493 收到 Head 資訊 {Count 2} {Type C } 
[3376] 2015/02/11 09:12:12.613 收到 Head 資訊 {Count 2} {Type C } 
[3376] 2015/02/11 09:12:17.013 連線確認 E122828927 (21,21)
[3376] 2015/02/11 09:12:22.464 收到 Head 資訊 {Count 2} {Type C } 
[3376] 2015/02/11 09:12:32.542 收到 Head 資訊 {Count 2} {Type C } 
[3376] 2015/02/11 09:12:42.623 收到 Head 資訊 {Count 2} {Type C } 
[3376] 2015/02/11 09:12:52.472 收到 Head 資訊 {Count 2} {Type C } 
[3376] 2015/02/11 09:13:17.028 連線確認 E122828927 (21,21)
[3376] 2015/02/11 09:14:17.041 連線確認 E122828927 (21,21)
[3376] 2015/02/11 09:15:01.401 收到 Head 資訊 {Count 2} {Type C } 
[3376] 2015/02/11 09:15:17.056 連線確認 E122828927 (21,21)
[3376] 2015/02/11 09:16:17.068 連線確認 E122828927 (21,21)
[3376] 2015/02/11 09:16:29.670 收到 Head 資訊 {Count 2} {Type B } 
[3376] 2015/02/11 09:17:17.082 連線確認 E122828927 (21,21)
[3376] 2015/02/11 09:18:17.095 連線確認 E122828927 (21,21)
[3376] 2015/02/11 09:19:17.110 連線確認 E122828927 (21,21)
[3376] 2015/02/11 09:20:17.122 連線確認 E122828927 (21,21)
[3376] 2015/02/11 09:21:17.135 連線確認 E122828927 (21,21)
[3376] 2015/02/11 09:21:29.889 收到 Head 資訊 {Count 2} {Type B } 
[3376] 2015/02/11 09:22:17.149 連線確認 E122828927 (21,21)
[3376] 2015/02/11 09:23:17.164 連線確認 E122828927 (21,21)
[3376] 2015/02/11 09:24:17.177 連線確認 E122828927 (21,21)
[3376] 2015/02/11 09:25:17.191 連線確認 E122828927 (21,21)
[3376] 2015/02/11 09:26:17.205 連線確認 E122828927 (21,21)
[3376] 2015/02/11 09:26:30.975 收到 Head 資訊 {Count 2} {Type B } 
[3376] 2015/02/11 09:27:17.219 連線確認 E122828927 (21,21)
[3376] 2015/02/11 09:28:17.232 連線確認 E122828927 (21,21)
[3376] 2015/02/11 09:29:17.244 連線確認 E122828927 (21,21)
[3376] 2015/02/11 09:30:17.258 連線確認 E122828927 (21,21)
[3376] 2015/02/11 09:31:17.272 連線確認 E122828927 (21,21)
[3376] 2015/02/11 09:31:31.851 收到 Head 資訊 {Count 2} {Type B } 
[3376] 2015/02/11 09:32:01.012 收到 Head 資訊 {Count 2} {Type C } 
[3376] 2015/02/11 09:32:11.191 收到 Head 資訊 {Count 2} {Type C } 
[3376] 2015/02/11 09:32:17.286 連線確認 E122828927 (21,21)
[3376] 2015/02/11 09:32:21.071 收到 Head 資訊 {Count 2} {Type C } 
[3376] 2015/02/11 09:32:31.210 收到 Head 資訊 {Count 2} {Type C } 
[3376] 2015/02/11 09:32:41.091 收到 Head 資訊 {Count 2} {Type C } 
[3376] 2015/02/11 09:32:51.232 收到 Head 資訊 {Count 2} {Type C } 
[3376] 2015/02/11 09:33:01.111 收到 Head 資訊 {Count 2} {Type C } 
[3376] 2015/02/11 09:33:11.251 收到 Head 資訊 {Count 2} {Type C } 
[3376] 2015/02/11 09:33:17.299 連線確認 E122828927 (21,21)
[3376] 2015/02/11 09:34:17.313 連線確認 E122828927 (21,21)
[3376] 2015/02/11 09:35:00.970 收到 Head 資訊 {Count 2} {Type C } 
[3376] 2015/02/11 09:35:17.327 連線確認 E122828927 (21,21)
[3376] 2015/02/11 09:36:17.339 連線確認 E122828927 (21,21)
[3376] 2015/02/11 09:36:33.018 收到 Head 資訊 {Count 2} {Type B } 
[3376] 2015/02/11 09:37:17.353 連線確認 E122828927 (21,21)
[3376] 2015/02/11 09:38:17.368 連線確認 E122828927 (21,21)
[3376] 2015/02/11 09:39:17.380 連線確認 E122828927 (21,21)
[3376] 2015/02/11 09:40:17.395 連線確認 E122828927 (21,21)
[3376] 2015/02/11 09:41:17.407 連線確認 E122828927 (21,21)
[3376] 2015/02/11 09:41:34.313 收到 Head 資訊 {Count 2} {Type B } 
[3376] 2015/02/11 09:42:17.422 連線確認 E122828927 (21,21)
[3376] 2015/02/11 09:43:17.435 連線確認 E122828927 (21,21)
[3376] 2015/02/11 09:44:17.449 連線確認 E122828927 (21,21)
[3376] 2015/02/11 09:45:17.463 連線確認 E122828927 (21,21)
[3376] 2015/02/11 09:46:17.476 連線確認 E122828927 (21,21)
[3376] 2015/02/11 09:46:35.359 收到 Head 資訊 {Count 2} {Type B } 
[3376] 2015/02/11 09:47:17.490 連線確認 E122828927 (21,21)
[3376] 2015/02/11 09:48:17.502 連線確認 E122828927 (21,21)
[3376] 2015/02/11 09:49:17.517 連線確認 E122828927 (21,21)
[3376] 2015/02/11 09:50:17.531 連線確認 E122828927 (21,21)
[3376] 2015/02/11 09:51:17.543 連線確認 E122828927 (21,21)
[3376] 2015/02/11 09:51:36.406 收到 Head 資訊 {Count 2} {Type B } 
[3376] 2015/02/11 09:52:01.336 收到 Head 資訊 {Count 2} {Type C } 
[3376] 2015/02/11 09:52:11.425 收到 Head 資訊 {Count 2} {Type C } 
[3376] 2015/02/11 09:52:17.558 連線確認 E122828927 (21,21)
[3376] 2015/02/11 09:53:17.571 連線確認 E122828927 (21,21)
[3376] 2015/02/11 09:54:17.585 連線確認 E122828927 (21,21)
[3376] 2015/02/11 09:55:17.599 連線確認 E122828927 (21,21)
[3376] 2015/02/11 09:56:17.611 連線確認 E122828927 (21,21)
[3376] 2015/02/11 09:56:36.843 收到 Head 資訊 {Count 2} {Type B } 
[3376] 2015/02/11 09:57:17.625 連線確認 E122828927 (21,21)
[3376] 2015/02/11 09:58:17.638 連線確認 E122828927 (21,21)
[3376] 2015/02/11 09:59:17.653 連線確認 E122828927 (21,21)
[3376] 2015/02/11 10:00:17.665 連線確認 E122828927 (21,21)
[3376] 2015/02/11 10:01:17.680 連線確認 E122828927 (21,21)
[3376] 2015/02/11 10:01:37.899 收到 Head 資訊 {Count 2} {Type B } 
[3376] 2015/02/11 10:02:17.694 連線確認 E122828927 (21,21)
[3376] 2015/02/11 10:03:17.706 連線確認 E122828927 (21,21)
[3376] 2015/02/11 10:04:17.721 連線確認 E122828927 (21,21)
[3376] 2015/02/11 10:05:17.733 連線確認 E122828927 (21,21)
[3376] 2015/02/11 10:06:17.748 連線確認 E122828927 (21,21)
[3376] 2015/02/11 10:06:38.905 收到 Head 資訊 {Count 2} {Type B } 
[3376] 2015/02/11 10:07:17.761 連線確認 E122828927 (21,21)
[3376] 2015/02/11 10:08:17.775 連線確認 E122828927 (21,21)
[3376] 2015/02/11 10:09:17.789 連線確認 E122828927 (21,21)
[3376] 2015/02/11 10:10:17.802 連線確認 E122828927 (21,21)
[3376] 2015/02/11 10:11:17.816 連線確認 E122828927 (21,21)
[3376] 2015/02/11 10:11:40.099 收到 Head 資訊 {Count 2} {Type B } 
[3376] 2015/02/11 10:12:01.660 收到 Head 資訊 {Count 2} {Type C } 
[3376] 2015/02/11 10:12:11.789 收到 Head 資訊 {Count 2} {Type C } 
[3376] 2015/02/11 10:12:17.829 連線確認 E122828927 (21,21)
[3376] 2015/02/11 10:12:21.549 收到 Head 資訊 {Count 2} {Type C } 
[3376] 2015/02/11 10:12:31.539 收到 Head 資訊 {Count 2} {Type C } 
[3376] 2015/02/11 10:12:41.529 收到 Head 資訊 {Count 2} {Type C } 
[3376] 2015/02/11 10:12:51.788 收到 Head 資訊 {Count 2} {Type C } 
[3376] 2015/02/11 10:13:01.780 收到 Head 資訊 {Count 2} {Type C } 
[3376] 2015/02/11 10:13:17.842 連線確認 E122828927 (21,21)
[3376] 2015/02/11 10:14:17.855 連線確認 E122828927 (21,21)
[3376] 2015/02/11 10:15:01.499 收到 Head 資訊 {Count 2} {Type C } 
[3376] 2015/02/11 10:15:17.870 連線確認 E122828927 (21,21)
[3376] 2015/02/11 10:16:17.884 連線確認 E122828927 (21,21)
[3376] 2015/02/11 10:16:41.156 收到 Head 資訊 {Count 2} {Type B } 
[3376] 2015/02/11 10:17:17.898 連線確認 E122828927 (21,21)
[3376] 2015/02/11 10:18:17.911 連線確認 E122828927 (21,21)
[3376] 2015/02/11 10:19:17.925 連線確認 E122828927 (21,21)
[3376] 2015/02/11 10:20:17.937 連線確認 E122828927 (21,21)
[3376] 2015/02/11 10:21:17.950 連線確認 E122828927 (21,21)
[3376] 2015/02/11 10:21:42.212 收到 Head 資訊 {Count 2} {Type B } 
[3376] 2015/02/11 10:22:17.965 連線確認 E122828927 (21,21)
[3376] 2015/02/11 10:23:17.978 連線確認 E122828927 (21,21)
[3376] 2015/02/11 10:24:17.992 連線確認 E122828927 (21,21)
[3376] 2015/02/11 10:25:18.005 連線確認 E122828927 (21,21)
[3376] 2015/02/11 10:26:18.018 連線確認 E122828927 (21,21)
[3376] 2015/02/11 10:26:43.458 收到 Head 資訊 {Count 2} {Type B } 
[3376] 2015/02/11 10:27:18.033 連線確認 E122828927 (21,21)
[3376] 2015/02/11 10:28:18.046 連線確認 E122828927 (21,21)
[3376] 2015/02/11 10:29:18.060 連線確認 E122828927 (21,21)
[3376] 2015/02/11 10:30:18.073 連線確認 E122828927 (21,21)
[3376] 2015/02/11 10:31:18.087 連線確認 E122828927 (21,21)
[3376] 2015/02/11 10:31:44.344 收到 Head 資訊 {Count 2} {Type B } 
[3376] 2015/02/11 10:32:01.954 收到 Head 資訊 {Count 2} {Type C } 
[3376] 2015/02/11 10:32:12.004 收到 Head 資訊 {Count 2} {Type C } 
[3376] 2015/02/11 10:32:18.100 連線確認 E122828927 (21,21)
[3376] 2015/02/11 10:32:22.114 收到 Head 資訊 {Count 2} {Type C } 
[3376] 2015/02/11 10:32:31.915 收到 Head 資訊 {Count 2} {Type C } 
[3376] 2015/02/11 10:32:41.993 收到 Head 資訊 {Count 2} {Type C } 
[3376] 2015/02/11 10:33:18.114 連線確認 E122828927 (21,21)
[3376] 2015/02/11 10:34:18.129 連線確認 E122828927 (21,21)
[3376] 2015/02/11 10:35:18.142 連線確認 E122828927 (21,21)
[3376] 2015/02/11 10:36:18.155 連線確認 E122828927 (21,21)
[3376] 2015/02/11 10:36:45.331 收到 Head 資訊 {Count 2} {Type B } 
[3376] 2015/02/11 10:37:18.169 連線確認 E122828927 (21,21)
[3376] 2015/02/11 10:38:18.181 連線確認 E122828927 (21,21)
[3376] 2015/02/11 10:39:18.196 連線確認 E122828927 (21,21)
[3376] 2015/02/11 10:40:18.210 連線確認 E122828927 (21,21)
[3376] 2015/02/11 10:41:18.222 連線確認 E122828927 (21,21)
[3376] 2015/02/11 10:41:45.417 收到 Head 資訊 {Count 2} {Type B } 
[3376] 2015/02/11 10:42:18.237 連線確認 E122828927 (21,21)
[3376] 2015/02/11 10:43:18.249 連線確認 E122828927 (21,21)
[3376] 2015/02/11 10:44:18.263 連線確認 E122828927 (21,21)
[3376] 2015/02/11 10:45:18.278 連線確認 E122828927 (21,21)
[3376] 2015/02/11 10:46:18.291 連線確認 E122828927 (21,21)
[3376] 2015/02/11 10:46:46.493 收到 Head 資訊 {Count 2} {Type B } 
[3376] 2015/02/11 10:47:18.304 連線確認 E122828927 (21,21)
[3376] 2015/02/11 10:48:18.318 連線確認 E122828927 (21,21)
[3376] 2015/02/11 10:49:18.331 連線確認 E122828927 (21,21)
[3376] 2015/02/11 10:50:18.344 連線確認 E122828927 (21,21)
[3376] 2015/02/11 10:51:18.359 連線確認 E122828927 (21,21)
[3376] 2015/02/11 10:51:47.540 收到 Head 資訊 {Count 2} {Type B } 
[3376] 2015/02/11 10:52:01.460 收到 Head 資訊 {Count 2} {Type C } 
[3376] 2015/02/11 10:52:11.390 收到 Head 資訊 {Count 2} {Type C } 
[3376] 2015/02/11 10:52:18.372 連線確認 E122828927 (21,21)
[3376] 2015/02/11 10:52:21.470 收到 Head 資訊 {Count 2} {Type C } 
[3376] 2015/02/11 10:53:18.386 連線確認 E122828927 (21,21)
[3376] 2015/02/11 10:54:18.400 連線確認 E122828927 (21,21)
[3376] 2015/02/11 10:55:01.299 收到 Head 資訊 {Count 2} {Type C } 
[3376] 2015/02/11 10:55:11.099 收到 Head 資訊 {Count 2} {Type C } 
[3376] 2015/02/11 10:55:18.413 連線確認 E122828927 (21,21)
[3376] 2015/02/11 10:56:18.426 連線確認 E122828927 (21,21)
[3376] 2015/02/11 10:56:48.598 收到 Head 資訊 {Count 2} {Type B } 
[3376] 2015/02/11 10:57:18.440 連線確認 E122828927 (21,21)
[3376] 2015/02/11 10:58:18.454 連線確認 E122828927 (21,21)
[3376] 2015/02/11 10:59:18.468 連線確認 E122828927 (21,21)
[3376] 2015/02/11 11:00:18.482 連線確認 E122828927 (21,21)
[3376] 2015/02/11 11:01:18.495 連線確認 E122828927 (21,21)
[3376] 2015/02/11 11:01:49.365 收到 Head 資訊 {Count 2} {Type B } 
[3376] 2015/02/11 11:02:18.507 連線確認 E122828927 (21,21)
[3376] 2015/02/11 11:03:18.522 連線確認 E122828927 (21,21)
[3376] 2015/02/11 11:04:18.536 連線確認 E122828927 (21,21)
[3376] 2015/02/11 11:05:18.549 連線確認 E122828927 (21,21)
[3376] 2015/02/11 11:06:18.562 連線確認 E122828927 (21,21)
[3376] 2015/02/11 11:06:50.642 收到 Head 資訊 {Count 2} {Type B } 
[3376] 2015/02/11 11:07:18.576 連線確認 E122828927 (21,21)
[3376] 2015/02/11 11:08:18.590 連線確認 E122828927 (21,21)
[3376] 2015/02/11 11:09:18.603 連線確認 E122828927 (21,21)
[3376] 2015/02/11 11:10:18.617 連線確認 E122828927 (21,21)
[3376] 2015/02/11 11:11:18.630 連線確認 E122828927 (21,21)
[3376] 2015/02/11 11:11:52.000 收到 Head 資訊 {Count 2} {Type B } 
[3376] 2015/02/11 11:12:02.150 收到 Head 資訊 {Count 2} {Type C } 
[3376] 2015/02/11 11:12:12.079 收到 Head 資訊 {Count 2} {Type C } 
[3376] 2015/02/11 11:12:18.644 連線確認 E122828927 (21,21)
[3376] 2015/02/11 11:12:22.000 收到 Head 資訊 {Count 2} {Type C } 
[3376] 2015/02/11 11:12:32.129 收到 Head 資訊 {Count 2} {Type C } 
[3376] 2015/02/11 11:13:18.657 連線確認 E122828927 (21,21)
[3376] 2015/02/11 11:14:18.671 連線確認 E122828927 (21,21)
[3376] 2015/02/11 11:15:01.978 收到 Head 資訊 {Count 2} {Type C } 
[3376] 2015/02/11 11:15:12.067 收到 Head 資訊 {Count 2} {Type C } 
[3376] 2015/02/11 11:15:18.685 連線確認 E122828927 (21,21)
[3376] 2015/02/11 11:15:21.948 收到 Head 資訊 {Count 2} {Type C } 
[3376] 2015/02/11 11:16:18.698 連線確認 E122828927 (21,21)
[3376] 2015/02/11 11:16:53.226 收到 Head 資訊 {Count 2} {Type B } 
[3376] 2015/02/11 11:17:18.712 連線確認 E122828927 (21,21)
[3376] 2015/02/11 11:18:18.725 連線確認 E122828927 (21,21)
[3376] 2015/02/11 11:19:18.738 連線確認 E122828927 (21,21)
[3376] 2015/02/11 11:20:18.752 連線確認 E122828927 (21,21)
[3376] 2015/02/11 11:21:18.766 連線確認 E122828927 (21,21)
[3376] 2015/02/11 11:21:54.203 收到 Head 資訊 {Count 2} {Type B } 
[3376] 2015/02/11 11:22:18.780 連線確認 E122828927 (21,21)
[3376] 2015/02/11 11:23:18.794 連線確認 E122828927 (21,21)
[3376] 2015/02/11 11:24:18.808 連線確認 E122828927 (21,21)
[3376] 2015/02/11 11:25:18.821 連線確認 E122828927 (21,21)
[3376] 2015/02/11 11:26:18.835 連線確認 E122828927 (21,21)
[3376] 2015/02/11 11:26:55.010 收到 Head 資訊 {Count 2} {Type B } 
[3376] 2015/02/11 11:27:18.849 連線確認 E122828927 (21,21)
[3376] 2015/02/11 11:28:18.861 連線確認 E122828927 (21,21)
[3376] 2015/02/11 11:29:18.877 連線確認 E122828927 (21,21)
[3376] 2015/02/11 11:30:18.889 連線確認 E122828927 (21,21)
[3376] 2015/02/11 11:31:18.902 連線確認 E122828927 (21,21)
[3376] 2015/02/11 11:31:55.816 收到 Head 資訊 {Count 2} {Type B } 
[3376] 2015/02/11 11:32:02.196 收到 Head 資訊 {Count 2} {Type C } 
[3376] 2015/02/11 11:32:12.036 收到 Head 資訊 {Count 2} {Type C } 
[3376] 2015/02/11 11:32:18.915 連線確認 E122828927 (21,21)
[3376] 2015/02/11 11:32:21.996 收到 Head 資訊 {Count 2} {Type C } 
[3376] 2015/02/11 11:32:32.076 收到 Head 資訊 {Count 2} {Type C } 
[3376] 2015/02/11 11:33:18.929 連線確認 E122828927 (21,21)
[3376] 2015/02/11 11:34:18.943 連線確認 E122828927 (21,21)
[3376] 2015/02/11 11:35:18.956 連線確認 E122828927 (21,21)
[3376] 2015/02/11 11:36:18.971 連線確認 E122828927 (21,21)
[3376] 2015/02/11 11:36:56.833 收到 Head 資訊 {Count 2} {Type B } 
[3376] 2015/02/11 11:37:18.983 連線確認 E122828927 (21,21)
[3376] 2015/02/11 11:38:18.997 連線確認 E122828927 (21,21)
[3376] 2015/02/11 11:39:19.011 連線確認 E122828927 (21,21)
[3376] 2015/02/11 11:40:19.025 連線確認 E122828927 (21,21)
[3376] 2015/02/11 11:41:19.037 連線確認 E122828927 (21,21)
[3376] 2015/02/11 11:41:57.620 收到 Head 資訊 {Count 2} {Type B } 
[3376] 2015/02/11 11:42:19.051 連線確認 E122828927 (21,21)
[3376] 2015/02/11 11:43:19.065 連線確認 E122828927 (21,21)
[3376] 2015/02/11 11:44:19.079 連線確認 E122828927 (21,21)
[3376] 2015/02/11 11:45:19.093 連線確認 E122828927 (21,21)
[3376] 2015/02/11 11:46:19.105 連線確認 E122828927 (21,21)
[3376] 2015/02/11 11:46:58.637 收到 Head 資訊 {Count 2} {Type B } 
[3376] 2015/02/11 11:47:19.120 連線確認 E122828927 (21,21)
[3376] 2015/02/11 11:48:19.132 連線確認 E122828927 (21,21)
[3376] 2015/02/11 11:49:19.147 連線確認 E122828927 (21,21)
[3376] 2015/02/11 11:50:19.160 連線確認 E122828927 (21,21)
[3376] 2015/02/11 11:51:19.175 連線確認 E122828927 (21,21)
[3376] 2015/02/11 11:51:59.665 收到 Head 資訊 {Count 2} {Type B } 
[3376] 2015/02/11 11:52:01.983 收到 Head 資訊 {Count 2} {Type C } 
[3376] 2015/02/11 11:52:12.094 收到 Head 資訊 {Count 2} {Type C } 
[3376] 2015/02/11 11:52:19.188 連線確認 E122828927 (21,21)
[3376] 2015/02/11 11:52:22.193 收到 Head 資訊 {Count 2} {Type C } 
[3376] 2015/02/11 11:53:19.201 連線確認 E122828927 (21,21)
[3376] 2015/02/11 11:54:19.215 連線確認 E122828927 (21,21)
[3376] 2015/02/11 11:55:00.842 收到 Head 資訊 {Count 2} {Type C } 
[3376] 2015/02/11 11:55:19.227 連線確認 E122828927 (21,21)
[3376] 2015/02/11 11:56:19.241 連線確認 E122828927 (21,21)
[3376] 2015/02/11 11:57:00.724 收到 Head 資訊 {Count 2} {Type B } 
[3376] 2015/02/11 11:57:19.255 連線確認 E122828927 (21,21)
[3376] 2015/02/11 11:58:19.268 連線確認 E122828927 (21,21)
[3376] 2015/02/11 11:59:19.283 連線確認 E122828927 (21,21)
[3376] 2015/02/11 12:00:19.296 連線確認 E122828927 (21,21)
[3376] 2015/02/11 12:01:19.310 連線確認 E122828927 (21,21)
[3376] 2015/02/11 12:02:01.793 收到 Head 資訊 {Count 2} {Type B } 
[3376] 2015/02/11 12:02:19.324 連線確認 E122828927 (21,21)
[3376] 2015/02/11 12:03:19.336 連線確認 E122828927 (21,21)
[3376] 2015/02/11 12:04:19.351 連線確認 E122828927 (21,21)
[3376] 2015/02/11 12:05:19.364 連線確認 E122828927 (21,21)
[3376] 2015/02/11 12:06:19.378 連線確認 E122828927 (21,21)
[3376] 2015/02/11 12:07:02.827 收到 Head 資訊 {Count 2} {Type B } 
[3376] 2015/02/11 12:07:19.391 連線確認 E122828927 (21,21)
[3376] 2015/02/11 12:08:19.405 連線確認 E122828927 (21,21)
[3376] 2015/02/11 12:09:19.418 連線確認 E122828927 (21,21)
[3376] 2015/02/11 12:10:19.433 連線確認 E122828927 (21,21)
[3376] 2015/02/11 12:11:19.447 連線確認 E122828927 (21,21)
[3376] 2015/02/11 12:12:01.343 收到 Head 資訊 {Count 2} {Type C } 
[3376] 2015/02/11 12:12:03.920 收到 Head 資訊 {Count 2} {Type B } 
[3376] 2015/02/11 12:12:11.421 收到 Head 資訊 {Count 2} {Type C } 
[3376] 2015/02/11 12:12:19.460 連線確認 E122828927 (21,21)
[3376] 2015/02/11 12:12:21.461 收到 Head 資訊 {Count 2} {Type C } 
[3376] 2015/02/11 12:12:31.261 收到 Head 資訊 {Count 2} {Type C } 
[3376] 2015/02/11 12:12:41.341 收到 Head 資訊 {Count 2} {Type C } 
[3376] 2015/02/11 12:12:51.420 收到 Head 資訊 {Count 2} {Type C } 
[3376] 2015/02/11 12:13:19.473 連線確認 E122828927 (21,21)
[3376] 2015/02/11 12:14:19.486 連線確認 E122828927 (21,21)
[3376] 2015/02/11 12:15:01.259 收到 Head 資訊 {Count 2} {Type C } 
[3376] 2015/02/11 12:15:11.120 收到 Head 資訊 {Count 2} {Type C } 
[3376] 2015/02/11 12:15:19.500 連線確認 E122828927 (21,21)
[3376] 2015/02/11 12:16:19.514 連線確認 E122828927 (21,21)
[3376] 2015/02/11 12:17:04.957 收到 Head 資訊 {Count 2} {Type B } 
[3376] 2015/02/11 12:17:19.527 連線確認 E122828927 (21,21)
[3376] 2015/02/11 12:18:19.541 連線確認 E122828927 (21,21)
[3376] 2015/02/11 12:19:19.555 連線確認 E122828927 (21,21)
[3376] 2015/02/11 12:20:19.567 連線確認 E122828927 (21,21)
[3376] 2015/02/11 12:21:19.582 連線確認 E122828927 (21,21)
[3376] 2015/02/11 12:22:05.705 收到 Head 資訊 {Count 2} {Type B } 
[3376] 2015/02/11 12:22:19.595 連線確認 E122828927 (21,21)
[3376] 2015/02/11 12:23:19.609 連線確認 E122828927 (21,21)
[3376] 2015/02/11 12:24:19.622 連線確認 E122828927 (21,21)
[3376] 2015/02/11 12:25:19.636 連線確認 E122828927 (21,21)
[3376] 2015/02/11 12:26:19.650 連線確認 E122828927 (21,21)
[3376] 2015/02/11 12:27:06.721 收到 Head 資訊 {Count 2} {Type B } 
[3376] 2015/02/11 12:27:19.662 連線確認 E122828927 (21,21)
[3376] 2015/02/11 12:28:19.677 連線確認 E122828927 (21,21)
[3376] 2015/02/11 12:29:19.691 連線確認 E122828927 (21,21)
[3376] 2015/02/11 12:30:19.703 連線確認 E122828927 (21,21)
[3376] 2015/02/11 12:31:19.717 連線確認 E122828927 (21,21)
[3376] 2015/02/11 12:32:01.664 收到 Head 資訊 {Count 2} {Type C } 
[3376] 2015/02/11 12:32:08.064 收到 Head 資訊 {Count 2} {Type B } 
[3376] 2015/02/11 12:32:11.834 收到 Head 資訊 {Count 2} {Type C } 
[3376] 2015/02/11 12:32:19.730 連線確認 E122828927 (21,21)
[3376] 2015/02/11 12:32:21.734 收到 Head 資訊 {Count 2} {Type C } 
[3376] 2015/02/11 12:32:31.594 收到 Head 資訊 {Count 2} {Type C } 
[3376] 2015/02/11 12:32:41.746 收到 Head 資訊 {Count 2} {Type C } 
[3376] 2015/02/11 12:33:19.744 連線確認 E122828927 (21,21)
[3376] 2015/02/11 12:34:19.759 連線確認 E122828927 (21,21)
[3376] 2015/02/11 12:35:19.771 連線確認 E122828927 (21,21)
[3376] 2015/02/11 12:36:19.786 連線確認 E122828927 (21,21)
[3376] 2015/02/11 12:37:09.131 收到 Head 資訊 {Count 2} {Type B } 
[3376] 2015/02/11 12:37:19.799 連線確認 E122828927 (21,21)
[3376] 2015/02/11 12:38:19.812 連線確認 E122828927 (21,21)
[3376] 2015/02/11 12:39:19.825 連線確認 E122828927 (21,21)
[3376] 2015/02/11 12:40:19.840 連線確認 E122828927 (21,21)
[3376] 2015/02/11 12:41:19.852 連線確認 E122828927 (21,21)
[3376] 2015/02/11 12:42:10.157 收到 Head 資訊 {Count 2} {Type B } 
[3376] 2015/02/11 12:42:19.867 連線確認 E122828927 (21,21)
[3376] 2015/02/11 12:43:19.880 連線確認 E122828927 (21,21)
[3376] 2015/02/11 12:44:19.893 連線確認 E122828927 (21,21)
[3376] 2015/02/11 12:45:19.908 連線確認 E122828927 (21,21)
[3376] 2015/02/11 12:46:19.921 連線確認 E122828927 (21,21)
[3376] 2015/02/11 12:47:10.510 收到 Head 資訊 {Count 2} {Type B } 
[3376] 2015/02/11 12:47:19.934 連線確認 E122828927 (21,21)
[3376] 2015/02/11 12:48:19.949 連線確認 E122828927 (21,21)
[3376] 2015/02/11 12:49:19.962 連線確認 E122828927 (21,21)
[3376] 2015/02/11 12:50:19.975 連線確認 E122828927 (21,21)
[3376] 2015/02/11 12:51:19.989 連線確認 E122828927 (21,21)
[3376] 2015/02/11 12:52:01.377 收到 Head 資訊 {Count 2} {Type C } 
[3376] 2015/02/11 12:52:11.436 收到 Head 資訊 {Count 2} {Type C } 
[3376] 2015/02/11 12:52:11.642 收到 Head 資訊 {Count 2} {Type B } 
[3376] 2015/02/11 12:52:20.003 連線確認 E122828927 (21,21)
[3376] 2015/02/11 12:53:20.017 連線確認 E122828927 (21,21)
[3376] 2015/02/11 12:54:20.029 連線確認 E122828927 (21,21)
[3376] 2015/02/11 12:55:01.175 收到 Head 資訊 {Count 2} {Type C } 
[3376] 2015/02/11 12:55:11.124 收到 Head 資訊 {Count 2} {Type C } 
[3376] 2015/02/11 12:55:20.043 連線確認 E122828927 (21,21)
[3376] 2015/02/11 12:55:21.234 收到 Head 資訊 {Count 2} {Type C } 
[3376] 2015/02/11 12:56:20.056 連線確認 E122828927 (21,21)
[3376] 2015/02/11 12:57:12.393 收到 Head 資訊 {Count 2} {Type B } 
[3376] 2015/02/11 12:57:20.070 連線確認 E122828927 (21,21)
[3376] 2015/02/11 12:58:20.084 連線確認 E122828927 (21,21)
[3376] 2015/02/11 12:59:20.097 連線確認 E122828927 (21,21)
[3376] 2015/02/11 13:00:20.112 連線確認 E122828927 (21,21)
[3376] 2015/02/11 13:01:20.125 連線確認 E122828927 (21,21)
[3376] 2015/02/11 13:02:13.772 收到 Head 資訊 {Count 2} {Type B } 
[3376] 2015/02/11 13:02:20.139 連線確認 E122828927 (21,21)
[3376] 2015/02/11 13:03:20.152 連線確認 E122828927 (21,21)
[3376] 2015/02/11 13:04:20.165 連線確認 E122828927 (21,21)
[3376] 2015/02/11 13:05:20.180 連線確認 E122828927 (21,21)
[3376] 2015/02/11 13:06:20.192 連線確認 E122828927 (21,21)
[3376] 2015/02/11 13:07:14.768 收到 Head 資訊 {Count 2} {Type B } 
[3376] 2015/02/11 13:07:20.207 連線確認 E122828927 (21,21)
[3376] 2015/02/11 13:08:20.220 連線確認 E122828927 (21,21)
[3376] 2015/02/11 13:09:20.233 連線確認 E122828927 (21,21)
[3376] 2015/02/11 13:10:20.247 連線確認 E122828927 (21,21)
[3376] 2015/02/11 13:11:20.260 連線確認 E122828927 (21,21)
[3376] 2015/02/11 13:11:31.686 收到 Head 資訊 {Count 2} {Type C } 
[3376] 2015/02/11 13:11:41.777 收到 Head 資訊 {Count 2} {Type C } 
[3376] 2015/02/11 13:12:15.746 收到 Head 資訊 {Count 2} {Type B } 
[3376] 2015/02/11 13:12:20.275 連線確認 E122828927 (21,21)
[3376] 2015/02/11 13:13:29.507 連線確認 E122828927 (21,21)
[3376] 2015/02/11 13:14:29.505 連線確認 E122828927 (21,21)
[3376] 2015/02/11 13:15:02.195 收到 Head 資訊 {Count 2} {Type C } 
[3376] 2015/02/11 13:15:12.094 收到 Head 資訊 {Count 2} {Type C } 
[3376] 2015/02/11 13:15:22.205 收到 Head 資訊 {Count 2} {Type C } 
[3376] 2015/02/11 13:15:29.519 連線確認 E122828927 (21,21)
[3376] 2015/02/11 13:15:32.005 收到 Head 資訊 {Count 2} {Type C } 
[3376] 2015/02/11 13:16:29.533 連線確認 E122828927 (21,21)
[3376] 2015/02/11 13:17:17.284 收到 Head 資訊 {Count 2} {Type B } 
[3376] 2015/02/11 13:17:29.546 連線確認 E122828927 (21,21)
[3376] 2015/02/11 13:18:29.560 連線確認 E122828927 (21,21)
[3376] 2015/02/11 13:19:29.573 連線確認 E122828927 (21,21)
[3376] 2015/02/11 13:20:29.587 連線確認 E122828927 (21,21)
[3376] 2015/02/11 13:21:29.601 連線確認 E122828927 (21,21)
[3376] 2015/02/11 13:22:18.035 收到 Head 資訊 {Count 2} {Type B } 
[3376] 2015/02/11 13:22:29.613 連線確認 E122828927 (21,21)
[3376] 2015/02/11 13:23:29.627 連線確認 E122828927 (21,21)
[3376] 2015/02/11 13:24:29.641 連線確認 E122828927 (21,21)
[3376] 2015/02/11 13:25:29.656 連線確認 E122828927 (21,21)
[3376] 2015/02/11 13:26:29.669 連線確認 E122828927 (21,21)
[3376] 2015/02/11 13:27:19.116 收到 Head 資訊 {Count 2} {Type B } 
[3376] 2015/02/11 13:27:29.683 連線確認 E122828927 (21,21)
[3376] 2015/02/11 13:28:29.696 連線確認 E122828927 (21,21)
[3376] 2015/02/11 13:29:29.710 連線確認 E122828927 (21,21)
[3376] 2015/02/11 13:30:29.724 連線確認 E122828927 (21,21)
[3376] 2015/02/11 13:31:29.737 連線確認 E122828927 (21,21)
[3376] 2015/02/11 13:31:32.391 收到 Head 資訊 {Count 2} {Type C } 
[3376] 2015/02/11 13:31:42.300 收到 Head 資訊 {Count 2} {Type C } 
[3376] 2015/02/11 13:31:52.429 收到 Head 資訊 {Count 2} {Type C } 
[3376] 2015/02/11 13:32:20.100 收到 Head 資訊 {Count 2} {Type B } 
[3376] 2015/02/11 13:32:29.749 連線確認 E122828927 (21,21)
[3376] 2015/02/11 13:33:29.763 連線確認 E122828927 (21,21)
[3376] 2015/02/11 13:34:29.776 連線確認 E122828927 (21,21)
[3376] 2015/02/11 13:35:02.108 收到 Head 資訊 {Count 2} {Type C } 
[3376] 2015/02/11 13:35:12.168 收到 Head 資訊 {Count 2} {Type C } 
[3376] 2015/02/11 13:35:29.791 連線確認 E122828927 (21,21)
[3376] 2015/02/11 13:36:29.804 連線確認 E122828927 (21,21)
[3376] 2015/02/11 13:37:21.026 收到 Head 資訊 {Count 2} {Type B } 
[3376] 2015/02/11 13:37:29.818 連線確認 E122828927 (21,21)
[3376] 2015/02/11 13:38:29.832 連線確認 E122828927 (21,21)
[3376] 2015/02/11 13:39:29.845 連線確認 E122828927 (21,21)
[3376] 2015/02/11 13:40:29.859 連線確認 E122828927 (21,21)
[3376] 2015/02/11 13:41:29.873 連線確認 E122828927 (21,21)
[3376] 2015/02/11 13:42:22.002 收到 Head 資訊 {Count 2} {Type B } 
[3376] 2015/02/11 13:42:29.887 連線確認 E122828927 (21,21)
[3376] 2015/02/11 13:43:29.899 連線確認 E122828927 (21,21)
[3376] 2015/02/11 13:44:29.912 連線確認 E122828927 (21,21)
[3376] 2015/02/11 13:45:29.927 連線確認 E122828927 (21,21)
[3376] 2015/02/11 13:46:29.939 連線確認 E122828927 (21,21)
[3376] 2015/02/11 13:47:22.598 收到 Head 資訊 {Count 2} {Type B } 
[3376] 2015/02/11 13:47:29.954 連線確認 E122828927 (21,21)
[3376] 2015/02/11 13:48:29.967 連線確認 E122828927 (21,21)
[3376] 2015/02/11 13:49:29.981 連線確認 E122828927 (21,21)
[3376] 2015/02/11 13:50:29.995 連線確認 E122828927 (21,21)
[3376] 2015/02/11 13:51:21.965 收到 Head 資訊 {Count 2} {Type C } 
[3376] 2015/02/11 13:51:30.007 連線確認 E122828927 (21,21)
[3376] 2015/02/11 13:51:31.995 收到 Head 資訊 {Count 2} {Type C } 
[3376] 2015/02/11 13:51:42.095 收到 Head 資訊 {Count 2} {Type C } 
[3376] 2015/02/11 13:51:52.005 收到 Head 資訊 {Count 2} {Type C } 
[3376] 2015/02/11 13:52:02.085 收到 Head 資訊 {Count 2} {Type C } 
[3376] 2015/02/11 13:52:11.965 收到 Head 資訊 {Count 2} {Type C } 
[3376] 2015/02/11 13:52:22.074 收到 Head 資訊 {Count 2} {Type C } 
[3376] 2015/02/11 13:52:23.654 收到 Head 資訊 {Count 2} {Type B } 
[3376] 2015/02/11 13:52:30.021 連線確認 E122828927 (21,21)
[3376] 2015/02/11 13:53:30.035 連線確認 E122828927 (21,21)
[3376] 2015/02/11 13:54:30.050 連線確認 E122828927 (21,21)
[3376] 2015/02/11 13:55:01.894 收到 Head 資訊 {Count 2} {Type C } 
[3376] 2015/02/11 13:55:11.813 收到 Head 資訊 {Count 2} {Type C } 
[3376] 2015/02/11 13:55:30.062 連線確認 E122828927 (21,21)
[3376] 2015/02/11 13:56:30.078 連線確認 E122828927 (21,21)
[3376] 2015/02/11 13:57:24.683 收到 Head 資訊 {Count 2} {Type B } 
[3376] 2015/02/11 13:57:30.090 連線確認 E122828927 (21,21)
[3376] 2015/02/11 13:58:30.102 連線確認 E122828927 (21,21)
[3376] 2015/02/11 13:59:30.117 連線確認 E122828927 (21,21)
[3376] 2015/02/11 14:00:30.130 連線確認 E122828927 (21,21)
[3376] 2015/02/11 14:01:30.144 連線確認 E122828927 (21,21)
[3376] 2015/02/11 14:02:25.387 收到 Head 資訊 {Count 2} {Type B } 
[3376] 2015/02/11 14:02:30.158 連線確認 E122828927 (21,21)
[3376] 2015/02/11 14:03:30.170 連線確認 E122828927 (21,21)
[3376] 2015/02/11 14:04:30.185 連線確認 E122828927 (21,21)
[3376] 2015/02/11 14:05:30.199 連線確認 E122828927 (21,21)
[3376] 2015/02/11 14:06:30.212 連線確認 E122828927 (21,21)
[3376] 2015/02/11 14:07:26.473 收到 Head 資訊 {Count 2} {Type B } 
[3376] 2015/02/11 14:07:30.225 連線確認 E122828927 (21,21)
[3376] 2015/02/11 14:08:30.239 連線確認 E122828927 (21,21)
[3376] 2015/02/11 14:09:30.253 連線確認 E122828927 (21,21)
[3376] 2015/02/11 14:10:30.266 連線確認 E122828927 (21,21)
[3376] 2015/02/11 14:11:21.961 收到 Head 資訊 {Count 2} {Type C } 
[3376] 2015/02/11 14:11:30.281 連線確認 E122828927 (21,21)
[3376] 2015/02/11 14:11:31.983 收到 Head 資訊 {Count 2} {Type C } 
[3376] 2015/02/11 14:11:41.940 收到 Head 資訊 {Count 2} {Type C } 
[3376] 2015/02/11 14:11:51.921 收到 Head 資訊 {Count 2} {Type C } 
[3376] 2015/02/11 14:12:02.001 收到 Head 資訊 {Count 2} {Type C } 
[3376] 2015/02/11 14:12:11.941 收到 Head 資訊 {Count 2} {Type C } 
[3376] 2015/02/11 14:12:22.020 收到 Head 資訊 {Count 2} {Type C } 
[3376] 2015/02/11 14:12:27.480 收到 Head 資訊 {Count 2} {Type B } 
[3376] 2015/02/11 14:12:30.294 連線確認 E122828927 (21,21)
[3376] 2015/02/11 14:12:31.960 收到 Head 資訊 {Count 2} {Type C } 
[3376] 2015/02/11 14:13:30.308 連線確認 E122828927 (21,21)
[3376] 2015/02/11 14:14:30.321 連線確認 E122828927 (21,21)
[3376] 2015/02/11 14:15:30.335 連線確認 E122828927 (21,21)
[3376] 2015/02/11 14:16:30.347 連線確認 E122828927 (21,21)
[3376] 2015/02/11 14:17:28.817 收到 Head 資訊 {Count 2} {Type B } 
[3376] 2015/02/11 14:17:30.361 連線確認 E122828927 (21,21)
[3376] 2015/02/11 14:18:30.375 連線確認 E122828927 (21,21)
[3376] 2015/02/11 14:19:30.388 連線確認 E122828927 (21,21)
[3376] 2015/02/11 14:20:30.401 連線確認 E122828927 (21,21)
[3376] 2015/02/11 14:21:30.416 連線確認 E122828927 (21,21)
[3376] 2015/02/11 14:22:29.874 收到 Head 資訊 {Count 2} {Type B } 
[3376] 2015/02/11 14:22:30.429 連線確認 E122828927 (21,21)
[3376] 2015/02/11 14:23:30.442 連線確認 E122828927 (21,21)
[3376] 2015/02/11 14:24:30.457 連線確認 E122828927 (21,21)
[3376] 2015/02/11 14:25:30.470 連線確認 E122828927 (21,21)
[3376] 2015/02/11 14:26:30.484 連線確認 E122828927 (21,21)
[3376] 2015/02/11 14:27:30.496 連線確認 E122828927 (21,21)
[3376] 2015/02/11 14:27:30.872 收到 Head 資訊 {Count 2} {Type B } 
[3376] 2015/02/11 14:28:30.511 連線確認 E122828927 (21,21)
[3376] 2015/02/11 14:29:30.524 連線確認 E122828927 (21,21)
[3376] 2015/02/11 14:30:30.538 連線確認 E122828927 (21,21)
[3376] 2015/02/11 14:31:10.503 收到 Head 資訊 {Count 2} {Type C } 
[3376] 2015/02/11 14:31:20.423 收到 Head 資訊 {Count 2} {Type C } 
[3376] 2015/02/11 14:31:30.551 連線確認 E122828927 (21,21)
[3376] 2015/02/11 14:32:30.566 連線確認 E122828927 (21,21)
[3376] 2015/02/11 14:32:31.784 收到 Head 資訊 {Count 2} {Type B } 
[3376] 2015/02/11 14:33:30.578 連線確認 E122828927 (21,21)
[3376] 2015/02/11 14:34:30.593 連線確認 E122828927 (21,21)
[3376] 2015/02/11 14:35:30.605 連線確認 E122828927 (21,21)
[3376] 2015/02/11 14:36:30.619 連線確認 E122828927 (21,21)
[3376] 2015/02/11 14:37:30.632 連線確認 E122828927 (21,21)
[3376] 2015/02/11 14:37:32.729 收到 Head 資訊 {Count 2} {Type B } 
[3376] 2015/02/11 14:38:30.646 連線確認 E122828927 (21,21)
[3376] 2015/02/11 14:39:30.660 連線確認 E122828927 (21,21)
[3376] 2015/02/11 14:40:30.675 連線確認 E122828927 (21,21)
[3376] 2015/02/11 14:41:30.688 連線確認 E122828927 (21,21)
[3376] 2015/02/11 14:42:30.700 連線確認 E122828927 (21,21)
[3376] 2015/02/11 14:42:33.836 收到 Head 資訊 {Count 2} {Type B } 
[3376] 2015/02/11 14:43:30.715 連線確認 E122828927 (21,21)
[3376] 2015/02/11 14:44:30.727 連線確認 E122828927 (21,21)
[3376] 2015/02/11 14:45:30.746 連線確認 E122828927 (21,21)
[3376] 2015/02/11 14:46:30.757 連線確認 E122828927 (21,21)
[3376] 2015/02/11 14:47:30.768 連線確認 E122828927 (21,21)
[3376] 2015/02/11 14:47:34.512 收到 Head 資訊 {Count 2} {Type B } 
[3376] 2015/02/11 14:48:30.783 連線確認 E122828927 (21,21)
[3376] 2015/02/11 14:49:30.795 連線確認 E122828927 (21,21)
[3376] 2015/02/11 14:50:30.810 連線確認 E122828927 (21,21)
[3376] 2015/02/11 14:51:10.390 收到 Head 資訊 {Count 2} {Type C } 
[3376] 2015/02/11 14:51:30.823 連線確認 E122828927 (21,21)
[3376] 2015/02/11 14:52:30.837 連線確認 E122828927 (21,21)
[3376] 2015/02/11 14:52:35.429 收到 Head 資訊 {Count 2} {Type B } 
[3376] 2015/02/11 14:53:30.851 連線確認 E122828927 (21,21)
[3376] 2015/02/11 14:54:30.864 連線確認 E122828927 (21,21)
[3376] 2015/02/11 14:54:59.208 收到 Head 資訊 {Count 2} {Type C } 
[3376] 2015/02/11 14:55:09.198 收到 Head 資訊 {Count 2} {Type C } 
[3376] 2015/02/11 14:55:30.877 連線確認 E122828927 (21,21)
[3376] 2015/02/11 14:56:30.892 連線確認 E122828927 (21,21)
[3376] 2015/02/11 14:57:30.905 連線確認 E122828927 (21,21)
[3376] 2015/02/11 14:57:36.495 收到 Head 資訊 {Count 2} {Type B } 
[3376] 2015/02/11 14:58:30.919 連線確認 E122828927 (21,21)
[3376] 2015/02/11 14:59:30.931 連線確認 E122828927 (21,21)
[3376] 2015/02/11 15:00:30.945 連線確認 E122828927 (21,21)
[3376] 2015/02/11 15:01:30.961 連線確認 E122828927 (21,21)
[3376] 2015/02/11 15:02:30.972 連線確認 E122828927 (21,21)
[3376] 2015/02/11 15:02:37.829 收到 Head 資訊 {Count 2} {Type B } 
[3376] 2015/02/11 15:03:30.987 連線確認 E122828927 (21,21)
[3376] 2015/02/11 15:04:30.999 連線確認 E122828927 (21,21)
[3376] 2015/02/11 15:05:31.013 連線確認 E122828927 (21,21)
[3376] 2015/02/11 15:06:31.026 連線確認 E122828927 (21,21)
[3376] 2015/02/11 15:07:31.041 連線確認 E122828927 (21,21)
[3376] 2015/02/11 15:07:38.835 收到 Head 資訊 {Count 2} {Type B } 
[3376] 2015/02/11 15:08:31.055 連線確認 E122828927 (21,21)
[3376] 2015/02/11 15:09:31.067 連線確認 E122828927 (21,21)
[3376] 2015/02/11 15:10:31.081 連線確認 E122828927 (21,21)
[3376] 2015/02/11 15:11:09.923 收到 Head 資訊 {Count 2} {Type C } 
[3376] 2015/02/11 15:11:19.863 收到 Head 資訊 {Count 2} {Type C } 
[3376] 2015/02/11 15:11:29.873 收到 Head 資訊 {Count 2} {Type C } 
[3376] 2015/02/11 15:11:31.094 連線確認 E122828927 (21,21)
[3376] 2015/02/11 15:11:39.893 收到 Head 資訊 {Count 2} {Type C } 
[3376] 2015/02/11 15:11:49.902 收到 Head 資訊 {Count 2} {Type C } 
[3376] 2015/02/11 15:11:59.912 收到 Head 資訊 {Count 2} {Type C } 
[3376] 2015/02/11 15:12:09.921 收到 Head 資訊 {Count 2} {Type C } 
[3376] 2015/02/11 15:12:19.922 收到 Head 資訊 {Count 2} {Type C } 
[3376] 2015/02/11 15:12:29.893 收到 Head 資訊 {Count 2} {Type C } 
[3376] 2015/02/11 15:12:31.109 連線確認 E122828927 (21,21)
[3376] 2015/02/11 15:12:39.842 收到 Head 資訊 {Count 2} {Type B } 
[3376] 2015/02/11 15:13:31.121 連線確認 E122828927 (21,21)
[3376] 2015/02/11 15:14:31.136 連線確認 E122828927 (21,21)
[3376] 2015/02/11 15:15:31.150 連線確認 E122828927 (21,21)
[3376] 2015/02/11 15:16:31.162 連線確認 E122828927 (21,21)
[3376] 2015/02/11 15:17:31.177 連線確認 E122828927 (21,21)
[3376] 2015/02/11 15:17:39.975 收到 Head 資訊 {Count 2} {Type B } 
[3376] 2015/02/11 15:18:31.190 連線確認 E122828927 (21,21)
[3376] 2015/02/11 15:19:31.203 連線確認 E122828927 (21,21)
[3376] 2015/02/11 15:20:31.218 連線確認 E122828927 (21,21)
[3376] 2015/02/11 15:21:31.231 連線確認 E122828927 (21,21)
[3376] 2015/02/11 15:22:31.244 連線確認 E122828927 (21,21)
[3376] 2015/02/11 15:22:41.030 收到 Head 資訊 {Count 2} {Type B } 
[3376] 2015/02/11 15:23:31.258 連線確認 E122828927 (21,21)
[3376] 2015/02/11 15:24:31.272 連線確認 E122828927 (21,21)
[3376] 2015/02/11 15:25:31.286 連線確認 E122828927 (21,21)
[3376] 2015/02/11 15:26:31.298 連線確認 E122828927 (21,21)
[3376] 2015/02/11 15:27:31.313 連線確認 E122828927 (21,21)
[3376] 2015/02/11 15:27:42.037 收到 Head 資訊 {Count 2} {Type B } 
[3376] 2015/02/11 15:28:31.326 連線確認 E122828927 (21,21)
[3376] 2015/02/11 15:29:31.341 連線確認 E122828927 (21,21)
[3376] 2015/02/11 15:30:31.352 連線確認 E122828927 (21,21)
[3376] 2015/02/11 15:31:09.242 收到 Head 資訊 {Count 2} {Type C } 
[3376] 2015/02/11 15:31:19.201 收到 Head 資訊 {Count 2} {Type C } 
[3376] 2015/02/11 15:31:31.366 連線確認 E122828927 (21,21)
[3376] 2015/02/11 15:32:31.380 連線確認 E122828927 (21,21)
[3376] 2015/02/11 15:32:43.000 收到 Head 資訊 {Count 2} {Type B } 
[3376] 2015/02/11 15:33:31.393 連線確認 E122828927 (21,21)
[3376] 2015/02/11 15:34:31.406 連線確認 E122828927 (21,21)
[3376] 2015/02/11 15:34:59.200 收到 Head 資訊 {Count 2} {Type C } 
[3376] 2015/02/11 15:35:09.140 收到 Head 資訊 {Count 2} {Type C } 
[3376] 2015/02/11 15:35:19.180 收到 Head 資訊 {Count 2} {Type C } 
[3376] 2015/02/11 15:35:31.421 連線確認 E122828927 (21,21)
[3376] 2015/02/11 15:36:31.435 連線確認 E122828927 (21,21)
[3376] 2015/02/11 15:37:31.449 連線確認 E122828927 (21,21)
[3376] 2015/02/11 15:37:43.977 收到 Head 資訊 {Count 2} {Type B } 
[3376] 2015/02/11 15:38:31.461 連線確認 E122828927 (21,21)
[3376] 2015/02/11 15:39:31.475 連線確認 E122828927 (21,21)
[3376] 2015/02/11 15:40:31.489 連線確認 E122828927 (21,21)
[3376] 2015/02/11 15:41:31.502 連線確認 E122828927 (21,21)
[3376] 2015/02/11 15:42:31.516 連線確認 E122828927 (21,21)
[3376] 2015/02/11 15:42:44.975 收到 Head 資訊 {Count 2} {Type B } 
[3376] 2015/02/11 15:43:31.529 連線確認 E122828927 (21,21)
[3376] 2015/02/11 15:44:31.543 連線確認 E122828927 (21,21)
[3376] 2015/02/11 15:45:31.556 連線確認 E122828927 (21,21)
[3376] 2015/02/11 15:46:31.569 連線確認 E122828927 (21,21)
[3376] 2015/02/11 15:47:31.584 連線確認 E122828927 (21,21)
[3376] 2015/02/11 15:47:46.362 收到 Head 資訊 {Count 2} {Type B } 
[3376] 2015/02/11 15:48:31.598 連線確認 E122828927 (21,21)
[3376] 2015/02/11 15:49:31.612 連線確認 E122828927 (21,21)
[3376] 2015/02/11 15:50:31.624 連線確認 E122828927 (21,21)
[3376] 2015/02/11 15:51:09.799 收到 Head 資訊 {Count 2} {Type C } 
[3376] 2015/02/11 15:51:19.791 收到 Head 資訊 {Count 2} {Type C } 
[3376] 2015/02/11 15:51:31.639 連線確認 E122828927 (21,21)
[3376] 2015/02/11 15:52:31.651 連線確認 E122828927 (21,21)
[3376] 2015/02/11 15:52:47.298 收到 Head 資訊 {Count 2} {Type B } 
[3376] 2015/02/11 15:53:31.666 連線確認 E122828927 (21,21)
[3376] 2015/02/11 15:54:31.679 連線確認 E122828927 (21,21)
[3376] 2015/02/11 15:55:31.693 連線確認 E122828927 (21,21)
[3376] 2015/02/11 15:56:31.707 連線確認 E122828927 (21,21)
[3376] 2015/02/11 15:57:31.719 連線確認 E122828927 (21,21)
[3376] 2015/02/11 15:57:48.305 收到 Head 資訊 {Count 2} {Type B } 
[3376] 2015/02/11 15:58:31.734 連線確認 E122828927 (21,21)
[3376] 2015/02/11 15:59:31.747 連線確認 E122828927 (21,21)
[3376] 2015/02/11 16:00:31.760 連線確認 E122828927 (21,21)
[3376] 2015/02/11 16:01:31.774 連線確認 E122828927 (21,21)
[3376] 2015/02/11 16:02:31.787 連線確認 E122828927 (21,21)
[3376] 2015/02/11 16:02:48.935 收到 Head 資訊 {Count 2} {Type B } 
[3376] 2015/02/11 16:03:31.801 連線確認 E122828927 (21,21)
[3376] 2015/02/11 16:04:31.815 連線確認 E122828927 (21,21)
[3376] 2015/02/11 16:05:31.829 連線確認 E122828927 (21,21)
[3376] 2015/02/11 16:06:31.842 連線確認 E122828927 (21,21)
[3376] 2015/02/11 16:07:31.856 連線確認 E122828927 (21,21)
[3376] 2015/02/11 16:07:49.872 收到 Head 資訊 {Count 2} {Type B } 
[3376] 2015/02/11 16:08:31.870 連線確認 E122828927 (21,21)
[3376] 2015/02/11 16:09:31.882 連線確認 E122828927 (21,21)
[3376] 2015/02/11 16:10:31.896 連線確認 E122828927 (21,21)
[3376] 2015/02/11 16:10:59.429 收到 Head 資訊 {Count 2} {Type C } 
[3376] 2015/02/11 16:11:09.461 收到 Head 資訊 {Count 2} {Type C } 
[3376] 2015/02/11 16:11:19.449 收到 Head 資訊 {Count 2} {Type C } 
[3376] 2015/02/11 16:11:29.439 收到 Head 資訊 {Count 2} {Type C } 
[3376] 2015/02/11 16:11:31.910 連線確認 E122828927 (21,21)
[3376] 2015/02/11 16:11:39.429 收到 Head 資訊 {Count 2} {Type C } 
[3376] 2015/02/11 16:11:49.509 收到 Head 資訊 {Count 2} {Type C } 
[3376] 2015/02/11 16:11:59.498 收到 Head 資訊 {Count 2} {Type C } 
[3376] 2015/02/11 16:12:31.923 連線確認 E122828927 (21,21)
[3376] 2015/02/11 16:12:50.889 收到 Head 資訊 {Count 2} {Type B } 
[3376] 2015/02/11 16:13:31.938 連線確認 E122828927 (21,21)
[3376] 2015/02/11 16:14:31.950 連線確認 E122828927 (21,21)
[3376] 2015/02/11 16:14:59.318 收到 Head 資訊 {Count 2} {Type C } 
[3376] 2015/02/11 16:15:09.377 收到 Head 資訊 {Count 2} {Type C } 
[3376] 2015/02/11 16:15:31.965 連線確認 E122828927 (21,21)
[3376] 2015/02/11 16:16:31.979 連線確認 E122828927 (21,21)
[3376] 2015/02/11 16:17:31.991 連線確認 E122828927 (21,21)
[3376] 2015/02/11 16:17:52.087 收到 Head 資訊 {Count 2} {Type B } 
[3376] 2015/02/11 16:18:32.006 連線確認 E122828927 (21,21)
[3376] 2015/02/11 16:19:32.019 連線確認 E122828927 (21,21)
[3376] 2015/02/11 16:20:32.032 連線確認 E122828927 (21,21)
[3376] 2015/02/11 16:21:32.045 連線確認 E122828927 (21,21)
[3376] 2015/02/11 16:22:32.059 連線確認 E122828927 (21,21)
[3376] 2015/02/11 16:22:53.042 收到 Head 資訊 {Count 2} {Type B } 
[3376] 2015/02/11 16:23:32.073 連線確認 E122828927 (21,21)
[3376] 2015/02/11 16:24:32.086 連線確認 E122828927 (21,21)
[3376] 2015/02/11 16:25:32.101 連線確認 E122828927 (21,21)
[3376] 2015/02/11 16:26:32.114 連線確認 E122828927 (21,21)
[3376] 2015/02/11 16:27:32.127 連線確認 E122828927 (21,21)
[3376] 2015/02/11 16:27:54.089 收到 Head 資訊 {Count 2} {Type B } 
[3376] 2015/02/11 16:28:32.141 連線確認 E122828927 (21,21)
[3376] 2015/02/11 16:29:32.154 連線確認 E122828927 (21,21)
[3376] 2015/02/11 16:30:32.169 連線確認 E122828927 (21,21)
[3376] 2015/02/11 16:30:49.767 收到 Head 資訊 {Count 2} {Type C } 
[3376] 2015/02/11 16:30:59.787 收到 Head 資訊 {Count 2} {Type C } 
[3376] 2015/02/11 16:31:09.777 收到 Head 資訊 {Count 2} {Type C } 
[3376] 2015/02/11 16:31:32.181 連線確認 E122828927 (21,21)
[3376] 2015/02/11 16:32:32.196 連線確認 E122828927 (21,21)
[3376] 2015/02/11 16:32:55.538 收到 Head 資訊 {Count 2} {Type B } 
[3376] 2015/02/11 16:33:32.210 連線確認 E122828927 (21,21)
[3376] 2015/02/11 16:34:32.223 連線確認 E122828927 (21,21)
[3376] 2015/02/11 16:35:00.187 收到 Head 資訊 {Count 2} {Type C } 
[3376] 2015/02/11 16:35:32.236 連線確認 E122828927 (21,21)
[3376] 2015/02/11 16:36:32.250 連線確認 E122828927 (21,21)
[3376] 2015/02/11 16:37:32.263 連線確認 E122828927 (21,21)
[3376] 2015/02/11 16:37:56.515 收到 Head 資訊 {Count 2} {Type B } 
[3376] 2015/02/11 16:38:32.277 連線確認 E122828927 (21,21)
[3376] 2015/02/11 16:39:32.290 連線確認 E122828927 (21,21)
[3376] 2015/02/11 16:40:32.304 連線確認 E122828927 (21,21)
[3376] 2015/02/11 16:41:32.317 連線確認 E122828927 (21,21)
[3376] 2015/02/11 16:42:32.332 連線確認 E122828927 (21,21)
[3376] 2015/02/11 16:42:57.561 收到 Head 資訊 {Count 2} {Type B } 
[3376] 2015/02/11 16:43:32.345 連線確認 E122828927 (21,21)
[3376] 2015/02/11 16:44:32.358 連線確認 E122828927 (21,21)
[3376] 2015/02/11 16:45:32.371 連線確認 E122828927 (21,21)
[3376] 2015/02/11 16:46:32.385 連線確認 E122828927 (21,21)
[3376] 2015/02/11 16:47:32.398 連線確認 E122828927 (21,21)
[3376] 2015/02/11 16:47:58.365 收到 Head 資訊 {Count 2} {Type B } 
[3376] 2015/02/11 16:48:32.412 連線確認 E122828927 (21,21)
[3376] 2015/02/11 16:49:32.426 連線確認 E122828927 (21,21)
[3376] 2015/02/11 16:50:32.440 連線確認 E122828927 (21,21)
[3376] 2015/02/11 16:50:40.364 收到 Head 資訊 {Count 2} {Type C } 
[3376] 2015/02/11 16:50:50.334 收到 Head 資訊 {Count 2} {Type C } 
[3376] 2015/02/11 16:51:00.323 收到 Head 資訊 {Count 2} {Type C } 
[3376] 2015/02/11 16:51:10.313 收到 Head 資訊 {Count 2} {Type C } 
[3376] 2015/02/11 16:51:20.303 收到 Head 資訊 {Count 2} {Type C } 
[3376] 2015/02/11 16:51:30.293 收到 Head 資訊 {Count 2} {Type C } 
[3376] 2015/02/11 16:51:32.453 連線確認 E122828927 (21,21)
[3376] 2015/02/11 16:51:40.283 收到 Head 資訊 {Count 2} {Type C } 
[3376] 2015/02/11 16:51:50.363 收到 Head 資訊 {Count 2} {Type C } 
[3376] 2015/02/11 16:52:00.353 收到 Head 資訊 {Count 2} {Type C } 
[3376] 2015/02/11 16:52:10.342 收到 Head 資訊 {Count 2} {Type C } 
[3376] 2015/02/11 16:52:20.332 收到 Head 資訊 {Count 2} {Type C } 
[3376] 2015/02/11 16:52:30.321 收到 Head 資訊 {Count 2} {Type C } 
[3376] 2015/02/11 16:52:32.468 連線確認 E122828927 (21,21)
[3376] 2015/02/11 16:52:59.392 收到 Head 資訊 {Count 2} {Type B } 
[3376] 2015/02/11 16:53:32.481 連線確認 E122828927 (21,21)
[3376] 2015/02/11 16:54:32.494 連線確認 E122828927 (21,21)
[3376] 2015/02/11 16:55:32.507 連線確認 E122828927 (21,21)
[3376] 2015/02/11 16:56:32.521 連線確認 E122828927 (21,21)
[3376] 2015/02/11 16:57:32.535 連線確認 E122828927 (21,21)
[3376] 2015/02/11 16:58:00.438 收到 Head 資訊 {Count 2} {Type B } 
[3376] 2015/02/11 16:58:32.549 連線確認 E122828927 (21,21)
[3376] 2015/02/11 16:59:32.562 連線確認 E122828927 (21,21)
[3376] 2015/02/11 17:00:32.575 連線確認 E122828927 (21,21)
[3376] 2015/02/11 17:01:32.588 連線確認 E122828927 (21,21)
[3376] 2015/02/11 17:02:32.604 連線確認 E122828927 (21,21)
[3376] 2015/02/11 17:03:00.997 收到 Head 資訊 {Count 2} {Type B } 
[3376] 2015/02/11 17:03:32.616 連線確認 E122828927 (21,21)
[3376] 2015/02/11 17:04:32.629 連線確認 E122828927 (21,21)
[3376] 2015/02/11 17:05:32.643 連線確認 E122828927 (21,21)
[3376] 2015/02/11 17:06:20.184 收到 Head 資訊 {Count 2} {Type C } 
[3376] 2015/02/11 17:06:30.144 收到 Head 資訊 {Count 2} {Type C } 
[3376] 2015/02/11 17:06:32.657 連線確認 E122828927 (21,21)
[3376] 2015/02/11 17:06:40.165 收到 Head 資訊 {Count 2} {Type C } 
[3376] 2015/02/11 17:06:50.164 收到 Head 資訊 {Count 2} {Type C } 
[3376] 2015/02/11 17:07:00.166 收到 Head 資訊 {Count 2} {Type C } 
[3376] 2015/02/11 17:07:10.203 收到 Head 資訊 {Count 2} {Type C } 
[3376] 2015/02/11 17:07:32.670 連線確認 E122828927 (21,21)
[3376] 2015/02/11 17:08:01.972 收到 Head 資訊 {Count 2} {Type B } 
[3376] 2015/02/11 17:08:32.684 連線確認 E122828927 (21,21)
[3376] 2015/02/11 17:09:32.698 連線確認 E122828927 (21,21)
[3376] 2015/02/11 17:10:32.711 連線確認 E122828927 (21,21)
[3376] 2015/02/11 17:11:32.724 連線確認 E122828927 (21,21)
[3376] 2015/02/11 17:12:32.739 連線確認 E122828927 (21,21)
[3376] 2015/02/11 17:13:02.990 收到 Head 資訊 {Count 2} {Type B } 
[3376] 2015/02/11 17:13:32.753 連線確認 E122828927 (21,21)
[3376] 2015/02/11 17:14:32.766 連線確認 E122828927 (21,21)
[3376] 2015/02/11 17:15:32.779 連線確認 E122828927 (21,21)
[3376] 2015/02/11 17:16:32.794 連線確認 E122828927 (21,21)
[3376] 2015/02/11 17:17:32.806 連線確認 E122828927 (21,21)
[3376] 2015/02/11 17:18:03.973 收到 Head 資訊 {Count 2} {Type B } 
[3376] 2015/02/11 17:18:32.820 連線確認 E122828927 (21,21)
[3376] 2015/02/11 17:19:32.834 連線確認 E122828927 (21,21)
[3376] 2015/02/11 17:20:32.848 連線確認 E122828927 (21,21)
[3376] 2015/02/11 17:21:32.861 連線確認 E122828927 (21,21)
[3376] 2015/02/11 17:22:00.460 收到 Head 資訊 {Count 2} {Type C } 
[3376] 2015/02/11 17:22:10.421 收到 Head 資訊 {Count 2} {Type C } 
[3376] 2015/02/11 17:22:20.420 收到 Head 資訊 {Count 2} {Type C } 
[3376] 2015/02/11 17:22:30.420 收到 Head 資訊 {Count 2} {Type C } 
[3376] 2015/02/11 17:22:32.874 連線確認 E122828927 (21,21)
[3376] 2015/02/11 17:23:04.990 收到 Head 資訊 {Count 2} {Type B } 
[3376] 2015/02/11 17:23:32.888 連線確認 E122828927 (21,21)
[3376] 2015/02/11 17:24:32.902 連線確認 E122828927 (21,21)
[3376] 2015/02/11 17:25:32.916 連線確認 E122828927 (21,21)
[3376] 2015/02/11 17:26:32.930 連線確認 E122828927 (21,21)
[3376] 2015/02/11 17:27:32.942 連線確認 E122828927 (21,21)
[3376] 2015/02/11 17:28:05.956 收到 Head 資訊 {Count 2} {Type B } 
[3376] 2015/02/11 17:28:32.956 連線確認 E122828927 (21,21)
[3376] 2015/02/11 17:29:32.969 連線確認 E122828927 (21,21)
[3376] 2015/02/11 17:30:32.983 連線確認 E122828927 (21,21)
[3376] 2015/02/11 17:31:32.997 連線確認 E122828927 (21,21)
[3376] 2015/02/11 17:32:33.010 連線確認 E122828927 (21,21)
[3376] 2015/02/11 17:33:06.638 收到 Head 資訊 {Count 2} {Type B } 
[3376] 2015/02/11 17:33:33.023 連線確認 E122828927 (21,21)
[3376] 2015/02/11 17:34:33.038 連線確認 E122828927 (21,21)
[3376] 2015/02/11 17:35:33.050 連線確認 E122828927 (21,21)
[3376] 2015/02/11 17:36:33.065 連線確認 E122828927 (21,21)
[3376] 2015/02/11 17:37:33.078 連線確認 E122828927 (21,21)
[3376] 2015/02/11 17:37:40.394 收到 Head 資訊 {Count 2} {Type C } 
[3376] 2015/02/11 17:37:50.394 收到 Head 資訊 {Count 2} {Type C } 
[3376] 2015/02/11 17:38:00.345 收到 Head 資訊 {Count 2} {Type C } 
[3376] 2015/02/11 17:38:07.614 收到 Head 資訊 {Count 2} {Type B } 
[3376] 2015/02/11 17:38:10.414 收到 Head 資訊 {Count 2} {Type C } 
[3376] 2015/02/11 17:38:20.415 收到 Head 資訊 {Count 2} {Type C } 
[3376] 2015/02/11 17:38:30.414 收到 Head 資訊 {Count 2} {Type C } 
[3376] 2015/02/11 17:38:33.091 連線確認 E122828927 (21,21)
[3376] 2015/02/11 17:38:40.414 收到 Head 資訊 {Count 2} {Type C } 
[3376] 2015/02/11 17:38:50.414 收到 Head 資訊 {Count 2} {Type C } 
[3376] 2015/02/11 17:39:00.414 收到 Head 資訊 {Count 2} {Type C } 
[3376] 2015/02/11 17:39:33.105 連線確認 E122828927 (21,21)
[3376] 2015/02/11 17:40:33.118 連線確認 E122828927 (21,21)
[3376] 2015/02/11 17:41:33.132 連線確認 E122828927 (21,21)
[3376] 2015/02/11 17:42:33.145 連線確認 E122828927 (21,21)
[3376] 2015/02/11 17:43:08.581 收到 Head 資訊 {Count 2} {Type B } 
[3376] 2015/02/11 17:43:33.161 連線確認 E122828927 (21,21)
[3376] 2015/02/11 17:44:33.174 連線確認 E122828927 (21,21)
[3376] 2015/02/11 17:45:33.187 連線確認 E122828927 (21,21)
[3376] 2015/02/11 17:46:33.201 連線確認 E122828927 (21,21)
[3376] 2015/02/11 17:47:33.214 連線確認 E122828927 (21,21)
[3376] 2015/02/11 17:48:10.019 收到 Head 資訊 {Count 2} {Type B } 
[3376] 2015/02/11 17:48:33.227 連線確認 E122828927 (21,21)
[3376] 2015/02/11 17:49:33.242 連線確認 E122828927 (21,21)
[3376] 2015/02/11 17:50:33.254 連線確認 E122828927 (21,21)
[3376] 2015/02/11 17:51:33.268 連線確認 E122828927 (21,21)
[3376] 2015/02/11 17:52:33.282 連線確認 E122828927 (21,21)
[3376] 2015/02/11 17:53:10.975 收到 Head 資訊 {Count 2} {Type B } 
[3376] 2015/02/11 17:53:33.296 連線確認 E122828927 (21,21)
[3376] 2015/02/11 17:54:33.310 連線確認 E122828927 (21,21)
[3376] 2015/02/11 17:55:33.322 連線確認 E122828927 (21,21)
[3376] 2015/02/11 17:56:33.337 連線確認 E122828927 (21,21)
[3376] 2015/02/11 17:57:33.349 連線確認 E122828927 (21,21)
[3376] 2015/02/11 17:58:12.012 收到 Head 資訊 {Count 2} {Type B } 
[3376] 2015/02/11 17:58:33.364 連線確認 E122828927 (21,21)
[3376] 2015/02/11 17:59:33.377 連線確認 E122828927 (21,21)
[3376] 2015/02/11 18:00:33.391 連線確認 E122828927 (21,21)
[3376] 2015/02/11 18:01:33.405 連線確認 E122828927 (21,21)
[3376] 2015/02/11 18:02:33.417 連線確認 E122828927 (21,21)
[3376] 2015/02/11 18:03:17.540 收到 Head 資訊 {Count 2} {Type B } 
[3376] 2015/02/11 18:03:33.432 連線確認 E122828927 (21,21)
[3376] 2015/02/11 18:04:33.445 連線確認 E122828927 (21,21)
[3376] 2015/02/11 18:05:33.459 連線確認 E122828927 (21,21)
[3376] 2015/02/11 18:06:33.473 連線確認 E122828927 (21,21)
[3376] 2015/02/11 18:07:33.485 連線確認 E122828927 (21,21)
[3376] 2015/02/11 18:08:13.917 收到 Head 資訊 {Count 2} {Type B } 
[3376] 2015/02/11 18:08:33.500 連線確認 E122828927 (21,21)
[3376] 2015/02/11 18:09:33.513 連線確認 E122828927 (21,21)
[3376] 2015/02/11 18:10:01.275 收到 Head 資訊 {Count 2} {Type C } 
[3376] 2015/02/11 18:10:11.265 收到 Head 資訊 {Count 2} {Type C } 
[3376] 2015/02/11 18:10:21.276 收到 Head 資訊 {Count 2} {Type C } 
[3376] 2015/02/11 18:10:31.275 收到 Head 資訊 {Count 2} {Type C } 
[3376] 2015/02/11 18:10:33.527 連線確認 E122828927 (21,21)
[3376] 2015/02/11 18:10:41.285 收到 Head 資訊 {Count 2} {Type C } 
[3376] 2015/02/11 18:10:51.296 收到 Head 資訊 {Count 2} {Type C } 
[3376] 2015/02/11 18:11:01.235 收到 Head 資訊 {Count 2} {Type C } 
[3376] 2015/02/11 18:11:11.245 收到 Head 資訊 {Count 2} {Type C } 
[3376] 2015/02/11 18:11:21.254 收到 Head 資訊 {Count 2} {Type C } 
[3376] 2015/02/11 18:11:31.265 收到 Head 資訊 {Count 2} {Type C } 
[3376] 2015/02/11 18:11:33.540 連線確認 E122828927 (21,21)
[3376] 2015/02/11 18:11:41.275 收到 Head 資訊 {Count 2} {Type C } 
[3376] 2015/02/11 18:11:51.284 收到 Head 資訊 {Count 2} {Type C } 
[3376] 2015/02/11 18:12:01.295 收到 Head 資訊 {Count 2} {Type C } 
[3376] 2015/02/11 18:12:11.304 收到 Head 資訊 {Count 2} {Type C } 
[3376] 2015/02/11 18:12:21.244 收到 Head 資訊 {Count 2} {Type C } 
[3376] 2015/02/11 18:12:31.253 收到 Head 資訊 {Count 2} {Type C } 
[3376] 2015/02/11 18:12:33.554 連線確認 E122828927 (21,21)
[3376] 2015/02/11 18:12:41.264 收到 Head 資訊 {Count 2} {Type C } 
[3376] 2015/02/11 18:12:51.274 收到 Head 資訊 {Count 2} {Type C } 
[3376] 2015/02/11 18:13:14.934 收到 Head 資訊 {Count 2} {Type B } 
[3376] 2015/02/11 18:13:33.567 連線確認 E122828927 (21,21)
[3376] 2015/02/11 18:14:33.580 連線確認 E122828927 (21,21)
[3376] 2015/02/11 18:15:33.595 連線確認 E122828927 (21,21)
[3376] 2015/02/11 18:16:33.609 連線確認 E122828927 (21,21)
[3376] 2015/02/11 18:17:33.622 連線確認 E122828927 (21,21)
[3376] 2015/02/11 18:18:15.930 收到 Head 資訊 {Count 2} {Type B } 
[3376] 2015/02/11 18:18:33.636 連線確認 E122828927 (21,21)
[3376] 2015/02/11 18:19:33.648 連線確認 E122828927 (21,21)
[3376] 2015/02/11 18:20:33.663 連線確認 E122828927 (21,21)
[3376] 2015/02/11 18:21:33.676 連線確認 E122828927 (21,21)
[3376] 2015/02/11 18:22:33.689 連線確認 E122828927 (21,21)
[3376] 2015/02/11 18:23:17.349 收到 Head 資訊 {Count 2} {Type B } 
[3376] 2015/02/11 18:23:33.703 連線確認 E122828927 (21,21)
[3376] 2015/02/11 18:24:33.717 連線確認 E122828927 (21,21)
[3376] 2015/02/11 18:25:33.730 連線確認 E122828927 (21,21)
[3376] 2015/02/11 18:26:01.924 收到 Head 資訊 {Count 2} {Type C } 
[3376] 2015/02/11 18:26:11.925 收到 Head 資訊 {Count 2} {Type C } 
[3376] 2015/02/11 18:26:21.935 收到 Head 資訊 {Count 2} {Type C } 
[3376] 2015/02/11 18:26:33.744 連線確認 E122828927 (21,21)
[3376] 2015/02/11 18:27:33.758 連線確認 E122828927 (21,21)
[3376] 2015/02/11 18:28:18.343 收到 Head 資訊 {Count 2} {Type B } 
[3376] 2015/02/11 18:28:33.772 連線確認 E122828927 (21,21)
[3376] 2015/02/11 18:29:33.784 連線確認 E122828927 (21,21)
[3376] 2015/02/11 18:30:33.799 連線確認 E122828927 (21,21)
[3376] 2015/02/11 18:31:33.811 連線確認 E122828927 (21,21)
[3376] 2015/02/11 18:32:33.825 連線確認 E122828927 (21,21)
[3376] 2015/02/11 18:33:19.349 收到 Head 資訊 {Count 2} {Type B } 
[3376] 2015/02/11 18:33:33.838 連線確認 E122828927 (21,21)
[3376] 2015/02/11 18:34:33.852 連線確認 E122828927 (21,21)
[3376] 2015/02/11 18:35:33.866 連線確認 E122828927 (21,21)
[3376] 2015/02/11 18:36:33.880 連線確認 E122828927 (21,21)
[3376] 2015/02/11 18:37:33.893 連線確認 E122828927 (21,21)
[3376] 2015/02/11 18:38:20.265 收到 Head 資訊 {Count 2} {Type B } 
[3376] 2015/02/11 18:38:33.906 連線確認 E122828927 (21,21)
[3376] 2015/02/11 18:39:33.921 連線確認 E122828927 (21,21)
[3376] 2015/02/11 18:40:33.935 連線確認 E122828927 (21,21)
[3376] 2015/02/11 18:41:33.947 連線確認 E122828927 (21,21)
[3376] 2015/02/11 18:42:33.962 連線確認 E122828927 (21,21)
[3376] 2015/02/11 18:43:21.262 收到 Head 資訊 {Count 2} {Type B } 
[3376] 2015/02/11 18:43:33.974 連線確認 E122828927 (21,21)
[3376] 2015/02/11 18:44:33.989 連線確認 E122828927 (21,21)
[3376] 2015/02/11 18:45:34.002 連線確認 E122828927 (21,21)
[3376] 2015/02/11 18:46:34.016 連線確認 E122828927 (21,21)
[3376] 2015/02/11 18:47:34.030 連線確認 E122828927 (21,21)
[3376] 2015/02/11 18:48:22.248 收到 Head 資訊 {Count 2} {Type B } 
[3376] 2015/02/11 18:48:34.042 連線確認 E122828927 (21,21)
[3376] 2015/02/11 18:49:34.055 連線確認 E122828927 (21,21)
[3376] 2015/02/11 18:50:34.070 連線確認 E122828927 (21,21)
[3376] 2015/02/11 18:51:34.083 連線確認 E122828927 (21,21)
[3376] 2015/02/11 18:52:34.098 連線確認 E122828927 (21,21)
[3376] 2015/02/11 18:53:23.414 收到 Head 資訊 {Count 2} {Type B } 
[3376] 2015/02/11 18:53:34.111 連線確認 E122828927 (21,21)
[3376] 2015/02/11 18:54:34.125 連線確認 E122828927 (21,21)
[3376] 2015/02/11 18:55:34.138 連線確認 E122828927 (21,21)
[3376] 2015/02/11 18:56:34.152 連線確認 E122828927 (21,21)
[3376] 2015/02/11 18:57:34.166 連線確認 E122828927 (21,21)
[3376] 2015/02/11 18:58:24.410 收到 Head 資訊 {Count 2} {Type B } 
[3376] 2015/02/11 18:58:34.178 連線確認 E122828927 (21,21)
[3376] 2015/02/11 18:59:34.193 連線確認 E122828927 (21,21)
[3376] 2015/02/11 19:00:34.205 連線確認 E122828927 (21,21)
[3376] 2015/02/11 19:01:34.219 連線確認 E122828927 (21,21)
[3376] 2015/02/11 19:02:34.233 連線確認 E122828927 (21,21)
[3376] 2015/02/11 19:03:25.407 收到 Head 資訊 {Count 2} {Type B } 
[3376] 2015/02/11 19:03:34.246 連線確認 E122828927 (21,21)
[3376] 2015/02/11 19:04:34.261 連線確認 E122828927 (21,21)
[3376] 2015/02/11 19:05:34.274 連線確認 E122828927 (21,21)
[3376] 2015/02/11 19:06:34.286 連線確認 E122828927 (21,21)
[3376] 2015/02/11 19:07:34.301 連線確認 E122828927 (21,21)
[3376] 2015/02/11 19:08:25.950 收到 Head 資訊 {Count 2} {Type B } 
[3376] 2015/02/11 19:08:34.314 連線確認 E122828927 (21,21)
[3376] 2015/02/11 19:09:34.330 連線確認 E122828927 (21,21)
[3376] 2015/02/11 19:10:34.341 連線確認 E122828927 (21,21)
[3376] 2015/02/11 19:11:34.355 連線確認 E122828927 (21,21)
[3376] 2015/02/11 19:12:34.369 連線確認 E122828927 (21,21)
[3376] 2015/02/11 19:13:26.926 收到 Head 資訊 {Count 2} {Type B } 
[3376] 2015/02/11 19:13:34.383 連線確認 E122828927 (21,21)
[3376] 2015/02/11 19:14:34.397 連線確認 E122828927 (21,21)
[3376] 2015/02/11 19:15:34.410 連線確認 E122828927 (21,21)
[3376] 2015/02/11 19:16:34.424 連線確認 E122828927 (21,21)
[3376] 2015/02/11 19:17:34.436 連線確認 E122828927 (21,21)
[3376] 2015/02/11 19:18:27.923 收到 Head 資訊 {Count 2} {Type B } 
[3376] 2015/02/11 19:18:34.451 連線確認 E122828927 (21,21)
[3376] 2015/02/11 19:19:34.465 連線確認 E122828927 (21,21)
[3376] 2015/02/11 19:20:34.477 連線確認 E122828927 (21,21)
[3376] 2015/02/11 19:21:34.492 連線確認 E122828927 (21,21)
[3376] 2015/02/11 19:22:34.504 連線確認 E122828927 (21,21)
[3376] 2015/02/11 19:23:28.722 收到 Head 資訊 {Count 2} {Type B } 
[3376] 2015/02/11 19:23:34.518 連線確認 E122828927 (21,21)
[3376] 2015/02/11 19:24:34.532 連線確認 E122828927 (21,21)
[3376] 2015/02/11 19:25:34.544 連線確認 E122828927 (21,21)
[3376] 2015/02/11 19:26:34.560 連線確認 E122828927 (21,21)
[3376] 2015/02/11 19:27:34.572 連線確認 E122828927 (21,21)
[3376] 2015/02/11 19:28:29.728 收到 Head 資訊 {Count 2} {Type B } 
[3376] 2015/02/11 19:28:34.587 連線確認 E122828927 (21,21)
[3376] 2015/02/11 19:29:34.600 連線確認 E122828927 (21,21)
[3376] 2015/02/11 19:30:34.614 連線確認 E122828927 (21,21)
[3376] 2015/02/11 19:31:34.627 連線確認 E122828927 (21,21)
[3376] 2015/02/11 19:32:34.640 連線確認 E122828927 (21,21)
[3376] 2015/02/11 19:33:30.735 收到 Head 資訊 {Count 2} {Type B } 
[3376] 2015/02/11 19:33:34.655 連線確認 E122828927 (21,21)
[3376] 2015/02/11 19:34:34.668 連線確認 E122828927 (21,21)
[3376] 2015/02/11 19:35:34.681 連線確認 E122828927 (21,21)
[3376] 2015/02/11 19:36:34.695 連線確認 E122828927 (21,21)
[3376] 2015/02/11 19:37:34.708 連線確認 E122828927 (21,21)
[3376] 2015/02/11 19:38:31.818 收到 Head 資訊 {Count 2} {Type B } 
[3376] 2015/02/11 19:38:34.722 連線確認 E122828927 (21,21)
[3376] 2015/02/11 19:39:34.735 連線確認 E122828927 (21,21)
[3376] 2015/02/11 19:40:34.749 連線確認 E122828927 (21,21)
[3376] 2015/02/11 19:41:34.762 連線確認 E122828927 (21,21)
[3376] 2015/02/11 19:42:34.776 連線確認 E122828927 (21,21)
[3376] 2015/02/11 19:43:32.814 收到 Head 資訊 {Count 2} {Type B } 
[3376] 2015/02/11 19:43:34.790 連線確認 E122828927 (21,21)
[3376] 2015/02/11 19:44:34.803 連線確認 E122828927 (21,21)
[3376] 2015/02/11 19:45:34.818 連線確認 E122828927 (21,21)
[3376] 2015/02/11 19:46:34.831 連線確認 E122828927 (21,21)
[3376] 2015/02/11 19:47:34.845 連線確認 E122828927 (21,21)
[3376] 2015/02/11 19:48:33.811 收到 Head 資訊 {Count 2} {Type B } 
[3376] 2015/02/11 19:48:34.858 連線確認 E122828927 (21,21)
[3376] 2015/02/11 19:49:34.872 連線確認 E122828927 (21,21)
[3376] 2015/02/11 19:50:34.886 連線確認 E122828927 (21,21)
[3376] 2015/02/11 19:51:34.899 連線確認 E122828927 (21,21)
[3376] 2015/02/11 19:52:34.912 連線確認 E122828927 (21,21)
[3376] 2015/02/11 19:53:34.530 收到 Head 資訊 {Count 2} {Type B } 
[3376] 2015/02/11 19:53:34.925 連線確認 E122828927 (21,21)
[3376] 2015/02/11 19:54:34.940 連線確認 E122828927 (21,21)
[3376] 2015/02/11 19:55:34.953 連線確認 E122828927 (21,21)
[3376] 2015/02/11 19:56:34.967 連線確認 E122828927 (21,21)
[3376] 2015/02/11 19:57:34.980 連線確認 E122828927 (21,21)
[3376] 2015/02/11 19:58:34.993 連線確認 E122828927 (21,21)
[3376] 2015/02/11 19:58:35.526 收到 Head 資訊 {Count 2} {Type B } 
[3376] 2015/02/11 19:59:35.006 連線確認 E122828927 (21,21)
[3376] 2015/02/11 20:00:35.021 連線確認 E122828927 (21,21)
[3376] 2015/02/11 20:01:35.035 連線確認 E122828927 (21,21)
[3376] 2015/02/11 20:02:35.048 連線確認 E122828927 (21,21)
[3376] 2015/02/11 20:03:35.061 連線確認 E122828927 (21,21)
[3376] 2015/02/11 20:03:36.523 收到 Head 資訊 {Count 2} {Type B } 
[3376] 2015/02/11 20:04:35.075 連線確認 E122828927 (21,21)
[3376] 2015/02/11 20:05:35.088 連線確認 E122828927 (21,21)
[3376] 2015/02/11 20:06:35.103 連線確認 E122828927 (21,21)
[3376] 2015/02/11 20:07:35.116 連線確認 E122828927 (21,21)
[3376] 2015/02/11 20:08:35.129 連線確認 E122828927 (21,21)
[3376] 2015/02/11 20:08:37.345 收到 Head 資訊 {Count 2} {Type B } 
[3376] 2015/02/11 20:09:35.143 連線確認 E122828927 (21,21)
[3376] 2015/02/11 20:10:35.157 連線確認 E122828927 (21,21)
[3376] 2015/02/11 20:11:35.170 連線確認 E122828927 (21,21)
[3376] 2015/02/11 20:12:35.184 連線確認 E122828927 (21,21)
[3376] 2015/02/11 20:13:35.198 連線確認 E122828927 (21,21)
[3376] 2015/02/11 20:13:38.278 收到 Head 資訊 {Count 2} {Type B } 
[3376] 2015/02/11 20:14:35.213 連線確認 E122828927 (21,21)
[3376] 2015/02/11 20:15:35.225 連線確認 E122828927 (21,21)
[3376] 2015/02/11 20:16:35.239 連線確認 E122828927 (21,21)
[3376] 2015/02/11 20:17:35.252 連線確認 E122828927 (21,21)
[3376] 2015/02/11 20:18:35.264 連線確認 E122828927 (21,21)
[3376] 2015/02/11 20:18:39.275 收到 Head 資訊 {Count 2} {Type B } 
[3376] 2015/02/11 20:19:35.280 連線確認 E122828927 (21,21)
[3376] 2015/02/11 20:20:35.293 連線確認 E122828927 (21,21)
[3376] 2015/02/11 20:21:35.305 連線確認 E122828927 (21,21)
[3376] 2015/02/11 20:22:35.320 連線確認 E122828927 (21,21)
[3376] 2015/02/11 20:23:35.334 連線確認 E122828927 (21,21)
[3376] 2015/02/11 20:23:40.347 收到 Head 資訊 {Count 2} {Type B } 
[3376] 2015/02/11 20:24:35.348 連線確認 E122828927 (21,21)
[3376] 2015/02/11 20:24:40.926 API ExitInstance 
