[2920] 2015/02/07 08:31:27.465 API InitInstance 
[2920] 2015/02/07 08:31:27.792 E122828927 連線 Code：0
[2920] 2015/02/07 08:31:28.802 收到 Head 資訊 {Count 2} {Type C } 
[2920] 2015/02/07 08:31:28.803 收到 Head 資訊 {Count 2} {Type C } 
[2920] 2015/02/07 08:31:28.804 收到 Head 資訊 {Count 2} {Type C } 
[2920] 2015/02/07 08:31:28.806 收到 Head 資訊 {Count 2} {Type C } 
[2920] 2015/02/07 08:31:28.807 收到 Head 資訊 {Count 2} {Type C } 
[2920] 2015/02/07 08:31:28.808 收到 Head 資訊 {Count 2} {Type C } 
[2920] 2015/02/07 08:31:28.809 收到 Head 資訊 {Count 2} {Type C } 
[2920] 2015/02/07 08:31:28.811 收到 Head 資訊 {Count 2} {Type C } 
[2920] 2015/02/07 08:31:28.812 收到 Head 資訊 {Count 2} {Type C } 
[2920] 2015/02/07 08:31:28.813 收到 Head 資訊 {Count 2} {Type C } 
[2920] 2015/02/07 08:31:28.815 收到 Head 資訊 {Count 2} {Type C } 
[2920] 2015/02/07 08:31:28.816 收到 Head 資訊 {Count 2} {Type C } 
[2920] 2015/02/07 08:31:28.817 收到 Head 資訊 {Count 2} {Type C } 
[2920] 2015/02/07 08:31:28.819 收到 Head 資訊 {Count 2} {Type C } 
[2920] 2015/02/07 08:31:28.820 收到 Head 資訊 {Count 2} {Type C } 
[2920] 2015/02/07 08:31:28.821 收到 Head 資訊 {Count 2} {Type C } 
[2920] 2015/02/07 08:31:28.822 收到 Head 資訊 {Count 2} {Type C } 
[2920] 2015/02/07 08:31:28.824 收到 Head 資訊 {Count 2} {Type C } 
[2920] 2015/02/07 08:31:28.825 收到 Head 資訊 {Count 2} {Type C } 
[2920] 2015/02/07 08:31:28.826 收到 Head 資訊 {Count 2} {Type C } 
[2920] 2015/02/07 08:31:28.827 收到 Head 資訊 {Count 2} {Type C } 
[2920] 2015/02/07 08:31:28.829 收到 Head 資訊 {Count 2} {Type C } 
[2920] 2015/02/07 08:31:28.830 收到 Head 資訊 {Count 2} {Type C } 
[2920] 2015/02/07 08:31:28.832 收到 Head 資訊 {Count 2} {Type C } 
[2920] 2015/02/07 08:31:28.833 收到 Head 資訊 {Count 2} {Type C } 
[2920] 2015/02/07 08:31:28.834 收到 Head 資訊 {Count 2} {Type C } 
[2920] 2015/02/07 08:31:28.836 收到 Head 資訊 {Count 2} {Type C } 
[2920] 2015/02/07 08:31:28.837 收到 Head 資訊 {Count 2} {Type C } 
[2920] 2015/02/07 08:31:28.838 收到 Head 資訊 {Count 2} {Type C } 
[2920] 2015/02/07 08:31:28.840 收到 Head 資訊 {Count 2} {Type C } 
[2920] 2015/02/07 08:31:28.841 收到 Head 資訊 {Count 2} {Type C } 
[2920] 2015/02/07 08:31:28.842 收到 Head 資訊 {Count 2} {Type C } 
[2920] 2015/02/07 08:31:28.844 收到 Head 資訊 {Count 2} {Type C } 
[2920] 2015/02/07 08:31:28.845 收到 Head 資訊 {Count 2} {Type C } 
[2920] 2015/02/07 08:31:28.846 收到 Head 資訊 {Count 2} {Type C } 
[2920] 2015/02/07 08:31:28.848 收到 Head 資訊 {Count 2} {Type C } 
[2920] 2015/02/07 08:31:28.849 收到 Head 資訊 {Count 2} {Type C } 
[2920] 2015/02/07 08:31:28.850 收到 Head 資訊 {Count 2} {Type C } 
[2920] 2015/02/07 08:31:28.851 收到 Head 資訊 {Count 2} {Type C } 
[2920] 2015/02/07 08:31:28.853 收到 Head 資訊 {Count 2} {Type C } 
[2920] 2015/02/07 08:31:28.854 收到 Head 資訊 {Count 2} {Type C } 
[2920] 2015/02/07 08:31:28.855 收到 Head 資訊 {Count 2} {Type C } 
[2920] 2015/02/07 08:31:28.857 收到 Head 資訊 {Count 2} {Type C } 
[2920] 2015/02/07 08:31:28.858 收到 Head 資訊 {Count 2} {Type C } 
[2920] 2015/02/07 08:31:28.859 收到 Head 資訊 {Count 2} {Type C } 
[2920] 2015/02/07 08:31:28.861 收到 Head 資訊 {Count 2} {Type C } 
[2920] 2015/02/07 08:31:28.862 收到 Head 資訊 {Count 2} {Type C } 
[2920] 2015/02/07 08:31:28.863 收到 Head 資訊 {Count 2} {Type C } 
[2920] 2015/02/07 08:31:28.864 收到 Head 資訊 {Count 2} {Type C } 
[2920] 2015/02/07 08:31:28.866 收到 Head 資訊 {Count 2} {Type C } 
[2920] 2015/02/07 08:31:28.867 收到 Head 資訊 {Count 2} {Type C } 
[2920] 2015/02/07 08:31:28.868 收到 Head 資訊 {Count 2} {Type C } 
[2920] 2015/02/07 08:31:28.869 收到 Head 資訊 {Count 2} {Type C } 
[2920] 2015/02/07 08:31:28.871 收到 Head 資訊 {Count 2} {Type C } 
[2920] 2015/02/07 08:31:28.872 收到 Head 資訊 {Count 2} {Type C } 
[2920] 2015/02/07 08:31:28.873 收到 Head 資訊 {Count 2} {Type C } 
[2920] 2015/02/07 08:31:28.875 收到 Head 資訊 {Count 2} {Type C } 
[2920] 2015/02/07 08:31:28.876 收到 Head 資訊 {Count 2} {Type C } 
[2920] 2015/02/07 08:31:28.877 收到 Head 資訊 {Count 2} {Type C } 
[2920] 2015/02/07 08:31:28.879 收到 Head 資訊 {Count 2} {Type C } 
[2920] 2015/02/07 08:31:28.880 收到 Head 資訊 {Count 2} {Type C } 
[2920] 2015/02/07 08:31:28.881 收到 Head 資訊 {Count 2} {Type C } 
[2920] 2015/02/07 08:31:28.883 收到 Head 資訊 {Count 2} {Type C } 
[2920] 2015/02/07 08:31:28.884 收到 Head 資訊 {Count 2} {Type C } 
[2920] 2015/02/07 08:31:28.885 收到 Head 資訊 {Count 2} {Type C } 
[2920] 2015/02/07 08:31:28.886 收到 Head 資訊 {Count 2} {Type C } 
[2920] 2015/02/07 08:31:28.888 收到 Head 資訊 {Count 2} {Type C } 
[2920] 2015/02/07 08:31:28.889 收到 Head 資訊 {Count 2} {Type C } 
[2920] 2015/02/07 08:31:28.890 收到 Head 資訊 {Count 2} {Type C } 
[2920] 2015/02/07 08:31:28.891 收到 Head 資訊 {Count 2} {Type C } 
[2920] 2015/02/07 08:31:28.892 收到 Head 資訊 {Count 2} {Type C } 
[2920] 2015/02/07 08:31:28.893 收到 Head 資訊 {Count 2} {Type C } 
[2920] 2015/02/07 08:31:28.895 收到 Head 資訊 {Count 2} {Type C } 
[2920] 2015/02/07 08:31:28.896 收到 Head 資訊 {Count 2} {Type C } 
[2920] 2015/02/07 08:31:28.897 收到 Head 資訊 {Count 2} {Type C } 
[2920] 2015/02/07 08:31:28.898 收到 Head 資訊 {Count 2} {Type C } 
[2920] 2015/02/07 08:31:28.899 收到 Head 資訊 {Count 2} {Type C } 
[2920] 2015/02/07 08:31:28.900 收到 Head 資訊 {Count 2} {Type C } 
[2920] 2015/02/07 08:31:28.902 收到 Head 資訊 {Count 2} {Type C } 
[2920] 2015/02/07 08:31:28.903 收到 Head 資訊 {Count 2} {Type C } 
[2920] 2015/02/07 08:31:28.904 收到 Head 資訊 {Count 2} {Type C } 
[2920] 2015/02/07 08:31:28.905 收到 Head 資訊 {Count 2} {Type C } 
[2920] 2015/02/07 08:31:28.907 收到 Head 資訊 {Count 2} {Type C } 
[2920] 2015/02/07 08:31:28.908 收到 Head 資訊 {Count 2} {Type C } 
[2920] 2015/02/07 08:31:28.909 收到 Head 資訊 {Count 2} {Type C } 
[2920] 2015/02/07 08:31:28.910 收到 Head 資訊 {Count 2} {Type C } 
[2920] 2015/02/07 08:31:28.911 收到 Head 資訊 {Count 2} {Type C } 
[2920] 2015/02/07 08:31:28.913 收到 Head 資訊 {Count 2} {Type C } 
[2920] 2015/02/07 08:31:28.914 收到 Head 資訊 {Count 2} {Type C } 
[2920] 2015/02/07 08:31:28.915 收到 Head 資訊 {Count 2} {Type C } 
[2920] 2015/02/07 08:31:28.916 收到 Head 資訊 {Count 2} {Type C } 
[2920] 2015/02/07 08:31:28.917 收到 Head 資訊 {Count 2} {Type C } 
[2920] 2015/02/07 08:31:28.919 收到 Head 資訊 {Count 2} {Type C } 
[2920] 2015/02/07 08:31:28.920 收到 Head 資訊 {Count 2} {Type C } 
[2920] 2015/02/07 08:31:28.921 收到 Head 資訊 {Count 2} {Type C } 
[2920] 2015/02/07 08:31:28.922 收到 Head 資訊 {Count 2} {Type C } 
[2920] 2015/02/07 08:31:28.924 收到 Head 資訊 {Count 2} {Type C } 
[2920] 2015/02/07 08:31:28.925 收到 Head 資訊 {Count 2} {Type C } 
[2920] 2015/02/07 08:31:28.926 收到 Head 資訊 {Count 2} {Type C } 
[2920] 2015/02/07 08:31:28.927 收到 Head 資訊 {Count 2} {Type C } 
[2920] 2015/02/07 08:31:28.928 收到 Head 資訊 {Count 2} {Type C } 
[2920] 2015/02/07 08:31:28.930 收到 Head 資訊 {Count 2} {Type C } 
[2920] 2015/02/07 08:31:28.931 收到 Head 資訊 {Count 2} {Type C } 
[2920] 2015/02/07 08:31:28.932 收到 Head 資訊 {Count 2} {Type C } 
[2920] 2015/02/07 08:31:28.933 收到 Head 資訊 {Count 2} {Type C } 
[2920] 2015/02/07 08:31:28.934 收到 Head 資訊 {Count 2} {Type C } 
[2920] 2015/02/07 08:31:28.935 收到 Head 資訊 {Count 2} {Type B } 
[2920] 2015/02/07 08:32:27.758 連線確認 E122828927 (21,21)
[2920] 2015/02/07 08:33:27.772 連線確認 E122828927 (21,21)
