[4472] 2015/02/24 14:41:31.989 API InitInstance 
[4472] 2015/02/24 14:41:32.290 E122828927 連線 Code：0
[4472] 2015/02/24 14:41:33.294 收到 Head 資訊 {Count 2} {Type C } 
[4472] 2015/02/24 14:41:33.298 收到 Head 資訊 {Count 2} {Type C } 
[4472] 2015/02/24 14:41:33.300 收到 Head 資訊 {Count 2} {Type C } 
[4472] 2015/02/24 14:41:33.301 收到 Head 資訊 {Count 2} {Type C } 
[4472] 2015/02/24 14:41:33.303 收到 Head 資訊 {Count 2} {Type C } 
[4472] 2015/02/24 14:41:33.305 收到 Head 資訊 {Count 2} {Type C } 
[4472] 2015/02/24 14:41:33.307 收到 Head 資訊 {Count 2} {Type C } 
[4472] 2015/02/24 14:41:33.309 收到 Head 資訊 {Count 2} {Type C } 
[4472] 2015/02/24 14:41:33.311 收到 Head 資訊 {Count 2} {Type C } 
[4472] 2015/02/24 14:41:33.312 收到 Head 資訊 {Count 2} {Type C } 
[4472] 2015/02/24 14:41:33.314 收到 Head 資訊 {Count 2} {Type C } 
[4472] 2015/02/24 14:41:33.316 收到 Head 資訊 {Count 2} {Type C } 
[4472] 2015/02/24 14:41:33.318 收到 Head 資訊 {Count 2} {Type C } 
[4472] 2015/02/24 14:41:33.319 收到 Head 資訊 {Count 2} {Type C } 
[4472] 2015/02/24 14:41:33.321 收到 Head 資訊 {Count 2} {Type C } 
[4472] 2015/02/24 14:41:33.323 收到 Head 資訊 {Count 2} {Type C } 
[4472] 2015/02/24 14:41:33.325 收到 Head 資訊 {Count 2} {Type C } 
[4472] 2015/02/24 14:41:33.326 收到 Head 資訊 {Count 2} {Type C } 
[4472] 2015/02/24 14:41:33.328 收到 Head 資訊 {Count 2} {Type C } 
[4472] 2015/02/24 14:41:33.330 收到 Head 資訊 {Count 2} {Type C } 
[4472] 2015/02/24 14:41:33.332 收到 Head 資訊 {Count 2} {Type C } 
[4472] 2015/02/24 14:41:33.333 收到 Head 資訊 {Count 2} {Type C } 
[4472] 2015/02/24 14:41:33.335 收到 Head 資訊 {Count 2} {Type C } 
[4472] 2015/02/24 14:41:33.337 收到 Head 資訊 {Count 2} {Type C } 
[4472] 2015/02/24 14:41:33.339 收到 Head 資訊 {Count 2} {Type C } 
[4472] 2015/02/24 14:41:33.340 收到 Head 資訊 {Count 2} {Type C } 
[4472] 2015/02/24 14:41:33.342 收到 Head 資訊 {Count 2} {Type C } 
[4472] 2015/02/24 14:41:33.344 收到 Head 資訊 {Count 2} {Type C } 
[4472] 2015/02/24 14:41:33.345 收到 Head 資訊 {Count 2} {Type C } 
[4472] 2015/02/24 14:41:33.347 收到 Head 資訊 {Count 2} {Type C } 
[4472] 2015/02/24 14:41:33.349 收到 Head 資訊 {Count 2} {Type C } 
[4472] 2015/02/24 14:41:33.350 收到 Head 資訊 {Count 2} {Type C } 
[4472] 2015/02/24 14:41:33.352 收到 Head 資訊 {Count 2} {Type C } 
[4472] 2015/02/24 14:41:33.354 收到 Head 資訊 {Count 2} {Type C } 
[4472] 2015/02/24 14:41:33.355 收到 Head 資訊 {Count 2} {Type C } 
[4472] 2015/02/24 14:41:33.357 收到 Head 資訊 {Count 2} {Type C } 
[4472] 2015/02/24 14:41:33.359 收到 Head 資訊 {Count 2} {Type C } 
[4472] 2015/02/24 14:41:33.361 收到 Head 資訊 {Count 2} {Type C } 
[4472] 2015/02/24 14:41:33.362 收到 Head 資訊 {Count 2} {Type C } 
[4472] 2015/02/24 14:41:33.364 收到 Head 資訊 {Count 2} {Type C } 
[4472] 2015/02/24 14:41:33.366 收到 Head 資訊 {Count 2} {Type C } 
[4472] 2015/02/24 14:41:33.368 收到 Head 資訊 {Count 2} {Type C } 
[4472] 2015/02/24 14:41:33.369 收到 Head 資訊 {Count 2} {Type C } 
[4472] 2015/02/24 14:41:33.371 收到 Head 資訊 {Count 2} {Type C } 
[4472] 2015/02/24 14:41:33.373 收到 Head 資訊 {Count 2} {Type C } 
[4472] 2015/02/24 14:41:33.375 收到 Head 資訊 {Count 2} {Type C } 
[4472] 2015/02/24 14:41:33.376 收到 Head 資訊 {Count 2} {Type C } 
[4472] 2015/02/24 14:41:33.378 收到 Head 資訊 {Count 2} {Type C } 
[4472] 2015/02/24 14:41:33.380 收到 Head 資訊 {Count 2} {Type C } 
[4472] 2015/02/24 14:41:33.381 收到 Head 資訊 {Count 2} {Type C } 
[4472] 2015/02/24 14:41:33.383 收到 Head 資訊 {Count 2} {Type C } 
[4472] 2015/02/24 14:41:33.385 收到 Head 資訊 {Count 2} {Type C } 
[4472] 2015/02/24 14:41:33.386 收到 Head 資訊 {Count 2} {Type C } 
[4472] 2015/02/24 14:41:33.388 收到 Head 資訊 {Count 2} {Type C } 
[4472] 2015/02/24 14:41:33.390 收到 Head 資訊 {Count 2} {Type C } 
[4472] 2015/02/24 14:41:33.392 收到 Head 資訊 {Count 2} {Type C } 
[4472] 2015/02/24 14:41:33.393 收到 Head 資訊 {Count 2} {Type C } 
[4472] 2015/02/24 14:41:33.395 收到 Head 資訊 {Count 2} {Type C } 
[4472] 2015/02/24 14:41:33.397 收到 Head 資訊 {Count 2} {Type C } 
[4472] 2015/02/24 14:41:33.399 收到 Head 資訊 {Count 2} {Type C } 
[4472] 2015/02/24 14:41:33.400 收到 Head 資訊 {Count 2} {Type C } 
[4472] 2015/02/24 14:41:33.402 收到 Head 資訊 {Count 2} {Type C } 
[4472] 2015/02/24 14:41:33.404 收到 Head 資訊 {Count 2} {Type C } 
[4472] 2015/02/24 14:41:33.405 收到 Head 資訊 {Count 2} {Type C } 
[4472] 2015/02/24 14:41:33.407 收到 Head 資訊 {Count 2} {Type C } 
[4472] 2015/02/24 14:41:33.409 收到 Head 資訊 {Count 2} {Type C } 
[4472] 2015/02/24 14:41:33.410 收到 Head 資訊 {Count 2} {Type C } 
[4472] 2015/02/24 14:41:33.412 收到 Head 資訊 {Count 2} {Type C } 
[4472] 2015/02/24 14:41:33.414 收到 Head 資訊 {Count 2} {Type C } 
[4472] 2015/02/24 14:41:33.416 收到 Head 資訊 {Count 2} {Type C } 
[4472] 2015/02/24 14:41:33.417 收到 Head 資訊 {Count 2} {Type C } 
[4472] 2015/02/24 14:41:33.419 收到 Head 資訊 {Count 2} {Type C } 
[4472] 2015/02/24 14:41:33.421 收到 Head 資訊 {Count 2} {Type C } 
[4472] 2015/02/24 14:41:33.422 收到 Head 資訊 {Count 2} {Type C } 
[4472] 2015/02/24 14:41:33.424 收到 Head 資訊 {Count 2} {Type C } 
[4472] 2015/02/24 14:41:33.426 收到 Head 資訊 {Count 2} {Type C } 
[4472] 2015/02/24 14:41:33.428 收到 Head 資訊 {Count 2} {Type C } 
[4472] 2015/02/24 14:41:33.429 收到 Head 資訊 {Count 2} {Type C } 
[4472] 2015/02/24 14:41:33.431 收到 Head 資訊 {Count 2} {Type C } 
[4472] 2015/02/24 14:41:33.433 收到 Head 資訊 {Count 2} {Type C } 
[4472] 2015/02/24 14:41:33.434 收到 Head 資訊 {Count 2} {Type C } 
[4472] 2015/02/24 14:41:33.436 收到 Head 資訊 {Count 2} {Type C } 
[4472] 2015/02/24 14:41:33.438 收到 Head 資訊 {Count 2} {Type C } 
[4472] 2015/02/24 14:41:33.439 收到 Head 資訊 {Count 2} {Type C } 
[4472] 2015/02/24 14:41:33.441 收到 Head 資訊 {Count 2} {Type C } 
[4472] 2015/02/24 14:41:33.443 收到 Head 資訊 {Count 2} {Type C } 
[4472] 2015/02/24 14:41:33.445 收到 Head 資訊 {Count 2} {Type C } 
[4472] 2015/02/24 14:41:33.446 收到 Head 資訊 {Count 2} {Type C } 
[4472] 2015/02/24 14:41:33.448 收到 Head 資訊 {Count 2} {Type C } 
[4472] 2015/02/24 14:41:33.450 收到 Head 資訊 {Count 2} {Type C } 
[4472] 2015/02/24 14:41:33.451 收到 Head 資訊 {Count 2} {Type C } 
[4472] 2015/02/24 14:41:33.453 收到 Head 資訊 {Count 2} {Type C } 
[4472] 2015/02/24 14:41:33.455 收到 Head 資訊 {Count 2} {Type C } 
[4472] 2015/02/24 14:41:33.457 收到 Head 資訊 {Count 2} {Type C } 
[4472] 2015/02/24 14:41:33.458 收到 Head 資訊 {Count 2} {Type C } 
[4472] 2015/02/24 14:41:33.460 收到 Head 資訊 {Count 2} {Type C } 
[4472] 2015/02/24 14:41:33.462 收到 Head 資訊 {Count 2} {Type C } 
[4472] 2015/02/24 14:41:33.463 收到 Head 資訊 {Count 2} {Type C } 
[4472] 2015/02/24 14:41:33.465 收到 Head 資訊 {Count 2} {Type C } 
[4472] 2015/02/24 14:41:33.467 收到 Head 資訊 {Count 2} {Type C } 
[4472] 2015/02/24 14:41:33.468 收到 Head 資訊 {Count 2} {Type C } 
[4472] 2015/02/24 14:41:33.470 收到 Head 資訊 {Count 2} {Type C } 
[4472] 2015/02/24 14:41:33.472 收到 Head 資訊 {Count 2} {Type C } 
[4472] 2015/02/24 14:41:33.474 收到 Head 資訊 {Count 2} {Type C } 
[4472] 2015/02/24 14:41:33.475 收到 Head 資訊 {Count 2} {Type C } 
[4472] 2015/02/24 14:41:33.477 收到 Head 資訊 {Count 2} {Type C } 
[4472] 2015/02/24 14:41:33.479 收到 Head 資訊 {Count 2} {Type C } 
[4472] 2015/02/24 14:41:33.480 收到 Head 資訊 {Count 2} {Type C } 
[4472] 2015/02/24 14:41:33.482 收到 Head 資訊 {Count 2} {Type C } 
[4472] 2015/02/24 14:41:33.484 收到 Head 資訊 {Count 2} {Type C } 
[4472] 2015/02/24 14:41:33.485 收到 Head 資訊 {Count 2} {Type C } 
[4472] 2015/02/24 14:41:33.487 收到 Head 資訊 {Count 2} {Type C } 
[4472] 2015/02/24 14:41:33.489 收到 Head 資訊 {Count 2} {Type C } 
[4472] 2015/02/24 14:41:33.491 收到 Head 資訊 {Count 2} {Type C } 
[4472] 2015/02/24 14:41:33.492 收到 Head 資訊 {Count 2} {Type C } 
[4472] 2015/02/24 14:41:33.494 收到 Head 資訊 {Count 2} {Type C } 
[4472] 2015/02/24 14:41:33.496 收到 Head 資訊 {Count 2} {Type C } 
[4472] 2015/02/24 14:41:33.497 收到 Head 資訊 {Count 2} {Type C } 
[4472] 2015/02/24 14:41:33.499 收到 Head 資訊 {Count 2} {Type C } 
[4472] 2015/02/24 14:41:33.501 收到 Head 資訊 {Count 2} {Type C } 
[4472] 2015/02/24 14:41:33.502 收到 Head 資訊 {Count 2} {Type C } 
[4472] 2015/02/24 14:41:33.504 收到 Head 資訊 {Count 2} {Type C } 
[4472] 2015/02/24 14:41:33.506 收到 Head 資訊 {Count 2} {Type C } 
[4472] 2015/02/24 14:41:33.508 收到 Head 資訊 {Count 2} {Type C } 
[4472] 2015/02/24 14:41:33.509 收到 Head 資訊 {Count 2} {Type C } 
[4472] 2015/02/24 14:41:33.511 收到 Head 資訊 {Count 2} {Type C } 
[4472] 2015/02/24 14:41:33.513 收到 Head 資訊 {Count 2} {Type C } 
[4472] 2015/02/24 14:41:33.514 收到 Head 資訊 {Count 2} {Type C } 
[4472] 2015/02/24 14:41:33.516 收到 Head 資訊 {Count 2} {Type C } 
[4472] 2015/02/24 14:41:33.518 收到 Head 資訊 {Count 2} {Type C } 
[4472] 2015/02/24 14:41:33.519 收到 Head 資訊 {Count 2} {Type C } 
[4472] 2015/02/24 14:41:33.521 收到 Head 資訊 {Count 2} {Type C } 
[4472] 2015/02/24 14:41:33.523 收到 Head 資訊 {Count 2} {Type C } 
[4472] 2015/02/24 14:41:33.525 收到 Head 資訊 {Count 2} {Type C } 
[4472] 2015/02/24 14:41:33.526 收到 Head 資訊 {Count 2} {Type C } 
[4472] 2015/02/24 14:41:33.528 收到 Head 資訊 {Count 2} {Type C } 
[4472] 2015/02/24 14:41:33.529 收到 Head 資訊 {Count 2} {Type C } 
[4472] 2015/02/24 14:41:33.531 收到 Head 資訊 {Count 2} {Type C } 
[4472] 2015/02/24 14:41:33.533 收到 Head 資訊 {Count 2} {Type C } 
[4472] 2015/02/24 14:41:33.534 收到 Head 資訊 {Count 2} {Type C } 
[4472] 2015/02/24 14:41:33.536 收到 Head 資訊 {Count 2} {Type C } 
[4472] 2015/02/24 14:41:33.538 收到 Head 資訊 {Count 2} {Type C } 
[4472] 2015/02/24 14:41:33.539 收到 Head 資訊 {Count 2} {Type C } 
[4472] 2015/02/24 14:41:33.541 收到 Head 資訊 {Count 2} {Type C } 
[4472] 2015/02/24 14:41:33.542 收到 Head 資訊 {Count 2} {Type C } 
[4472] 2015/02/24 14:41:33.544 收到 Head 資訊 {Count 2} {Type C } 
[4472] 2015/02/24 14:41:33.546 收到 Head 資訊 {Count 2} {Type C } 
[4472] 2015/02/24 14:41:33.547 收到 Head 資訊 {Count 2} {Type C } 
[4472] 2015/02/24 14:41:33.549 收到 Head 資訊 {Count 2} {Type C } 
[4472] 2015/02/24 14:41:33.550 收到 Head 資訊 {Count 2} {Type C } 
[4472] 2015/02/24 14:41:33.552 收到 Head 資訊 {Count 2} {Type C } 
[4472] 2015/02/24 14:41:33.554 收到 Head 資訊 {Count 2} {Type C } 
[4472] 2015/02/24 14:41:33.555 收到 Head 資訊 {Count 2} {Type C } 
[4472] 2015/02/24 14:41:33.557 收到 Head 資訊 {Count 2} {Type C } 
[4472] 2015/02/24 14:41:33.559 收到 Head 資訊 {Count 2} {Type C } 
[4472] 2015/02/24 14:41:33.560 收到 Head 資訊 {Count 2} {Type C } 
[4472] 2015/02/24 14:41:33.562 收到 Head 資訊 {Count 2} {Type C } 
[4472] 2015/02/24 14:41:33.564 收到 Head 資訊 {Count 2} {Type C } 
[4472] 2015/02/24 14:41:33.565 收到 Head 資訊 {Count 2} {Type C } 
[4472] 2015/02/24 14:41:33.567 收到 Head 資訊 {Count 2} {Type C } 
[4472] 2015/02/24 14:41:33.569 收到 Head 資訊 {Count 2} {Type C } 
[4472] 2015/02/24 14:41:33.570 收到 Head 資訊 {Count 2} {Type C } 
[4472] 2015/02/24 14:41:33.572 收到 Head 資訊 {Count 2} {Type C } 
[4472] 2015/02/24 14:41:33.574 收到 Head 資訊 {Count 2} {Type C } 
[4472] 2015/02/24 14:41:33.575 收到 Head 資訊 {Count 2} {Type C } 
[4472] 2015/02/24 14:41:33.577 收到 Head 資訊 {Count 2} {Type C } 
[4472] 2015/02/24 14:41:33.579 收到 Head 資訊 {Count 2} {Type C } 
[4472] 2015/02/24 14:41:33.580 收到 Head 資訊 {Count 2} {Type C } 
[4472] 2015/02/24 14:41:33.582 收到 Head 資訊 {Count 2} {Type C } 
[4472] 2015/02/24 14:41:33.584 收到 Head 資訊 {Count 2} {Type C } 
[4472] 2015/02/24 14:41:33.586 收到 Head 資訊 {Count 2} {Type C } 
[4472] 2015/02/24 14:41:33.587 收到 Head 資訊 {Count 2} {Type C } 
[4472] 2015/02/24 14:41:33.589 收到 Head 資訊 {Count 2} {Type C } 
[4472] 2015/02/24 14:41:33.591 收到 Head 資訊 {Count 2} {Type C } 
[4472] 2015/02/24 14:41:33.593 收到 Head 資訊 {Count 2} {Type C } 
[4472] 2015/02/24 14:41:33.594 收到 Head 資訊 {Count 2} {Type C } 
[4472] 2015/02/24 14:41:33.596 收到 Head 資訊 {Count 2} {Type C } 
[4472] 2015/02/24 14:41:33.598 收到 Head 資訊 {Count 2} {Type C } 
[4472] 2015/02/24 14:41:33.599 收到 Head 資訊 {Count 2} {Type C } 
[4472] 2015/02/24 14:41:33.601 收到 Head 資訊 {Count 2} {Type C } 
[4472] 2015/02/24 14:41:33.603 收到 Head 資訊 {Count 2} {Type C } 
[4472] 2015/02/24 14:41:33.605 收到 Head 資訊 {Count 2} {Type C } 
[4472] 2015/02/24 14:41:33.606 收到 Head 資訊 {Count 2} {Type C } 
[4472] 2015/02/24 14:41:33.608 收到 Head 資訊 {Count 2} {Type C } 
[4472] 2015/02/24 14:41:33.610 收到 Head 資訊 {Count 2} {Type C } 
[4472] 2015/02/24 14:41:33.611 收到 Head 資訊 {Count 2} {Type C } 
[4472] 2015/02/24 14:41:33.613 收到 Head 資訊 {Count 2} {Type C } 
[4472] 2015/02/24 14:41:33.615 收到 Head 資訊 {Count 2} {Type C } 
[4472] 2015/02/24 14:41:33.616 收到 Head 資訊 {Count 2} {Type C } 
[4472] 2015/02/24 14:41:33.618 收到 Head 資訊 {Count 2} {Type C } 
[4472] 2015/02/24 14:41:33.620 收到 Head 資訊 {Count 2} {Type C } 
[4472] 2015/02/24 14:41:33.622 收到 Head 資訊 {Count 2} {Type C } 
[4472] 2015/02/24 14:41:33.624 收到 Head 資訊 {Count 2} {Type C } 
[4472] 2015/02/24 14:41:33.626 收到 Head 資訊 {Count 2} {Type C } 
[4472] 2015/02/24 14:41:33.627 收到 Head 資訊 {Count 2} {Type C } 
[4472] 2015/02/24 14:41:33.629 收到 Head 資訊 {Count 2} {Type C } 
[4472] 2015/02/24 14:41:33.631 收到 Head 資訊 {Count 2} {Type C } 
[4472] 2015/02/24 14:41:33.632 收到 Head 資訊 {Count 2} {Type C } 
[4472] 2015/02/24 14:41:33.634 收到 Head 資訊 {Count 2} {Type C } 
[4472] 2015/02/24 14:41:33.636 收到 Head 資訊 {Count 2} {Type C } 
[4472] 2015/02/24 14:41:33.637 收到 Head 資訊 {Count 2} {Type C } 
[4472] 2015/02/24 14:41:33.639 收到 Head 資訊 {Count 2} {Type C } 
[4472] 2015/02/24 14:41:33.641 收到 Head 資訊 {Count 2} {Type C } 
[4472] 2015/02/24 14:41:33.642 收到 Head 資訊 {Count 2} {Type C } 
[4472] 2015/02/24 14:41:33.644 收到 Head 資訊 {Count 2} {Type C } 
[4472] 2015/02/24 14:41:33.645 收到 Head 資訊 {Count 2} {Type C } 
[4472] 2015/02/24 14:41:33.647 收到 Head 資訊 {Count 2} {Type C } 
[4472] 2015/02/24 14:41:33.649 收到 Head 資訊 {Count 2} {Type C } 
[4472] 2015/02/24 14:41:33.650 收到 Head 資訊 {Count 2} {Type C } 
[4472] 2015/02/24 14:41:33.652 收到 Head 資訊 {Count 2} {Type C } 
[4472] 2015/02/24 14:41:33.654 收到 Head 資訊 {Count 2} {Type C } 
[4472] 2015/02/24 14:41:33.656 收到 Head 資訊 {Count 2} {Type C } 
[4472] 2015/02/24 14:41:33.658 收到 Head 資訊 {Count 2} {Type C } 
[4472] 2015/02/24 14:41:33.659 收到 Head 資訊 {Count 2} {Type C } 
[4472] 2015/02/24 14:41:33.661 收到 Head 資訊 {Count 2} {Type C } 
[4472] 2015/02/24 14:41:33.663 收到 Head 資訊 {Count 2} {Type C } 
[4472] 2015/02/24 14:41:33.664 收到 Head 資訊 {Count 2} {Type C } 
[4472] 2015/02/24 14:41:33.666 收到 Head 資訊 {Count 2} {Type C } 
[4472] 2015/02/24 14:41:33.667 收到 Head 資訊 {Count 2} {Type C } 
[4472] 2015/02/24 14:41:33.669 收到 Head 資訊 {Count 2} {Type C } 
[4472] 2015/02/24 14:41:33.671 收到 Head 資訊 {Count 2} {Type C } 
[4472] 2015/02/24 14:41:33.673 收到 Head 資訊 {Count 2} {Type C } 
[4472] 2015/02/24 14:41:33.675 收到 Head 資訊 {Count 2} {Type C } 
[4472] 2015/02/24 14:41:33.676 收到 Head 資訊 {Count 2} {Type C } 
[4472] 2015/02/24 14:41:33.678 收到 Head 資訊 {Count 2} {Type C } 
[4472] 2015/02/24 14:41:33.680 收到 Head 資訊 {Count 2} {Type C } 
[4472] 2015/02/24 14:41:33.682 收到 Head 資訊 {Count 2} {Type C } 
[4472] 2015/02/24 14:41:33.684 收到 Head 資訊 {Count 2} {Type C } 
[4472] 2015/02/24 14:41:33.685 收到 Head 資訊 {Count 2} {Type C } 
[4472] 2015/02/24 14:41:33.687 收到 Head 資訊 {Count 2} {Type C } 
[4472] 2015/02/24 14:41:33.689 收到 Head 資訊 {Count 2} {Type C } 
[4472] 2015/02/24 14:41:33.690 收到 Head 資訊 {Count 2} {Type C } 
[4472] 2015/02/24 14:41:33.692 收到 Head 資訊 {Count 2} {Type C } 
[4472] 2015/02/24 14:41:33.694 收到 Head 資訊 {Count 2} {Type C } 
[4472] 2015/02/24 14:41:33.696 收到 Head 資訊 {Count 2} {Type C } 
[4472] 2015/02/24 14:41:33.698 收到 Head 資訊 {Count 2} {Type C } 
[4472] 2015/02/24 14:41:33.699 收到 Head 資訊 {Count 2} {Type C } 
[4472] 2015/02/24 14:41:33.701 收到 Head 資訊 {Count 2} {Type C } 
[4472] 2015/02/24 14:41:33.703 收到 Head 資訊 {Count 2} {Type C } 
[4472] 2015/02/24 14:41:33.704 收到 Head 資訊 {Count 2} {Type C } 
[4472] 2015/02/24 14:41:33.706 收到 Head 資訊 {Count 2} {Type C } 
[4472] 2015/02/24 14:41:33.708 收到 Head 資訊 {Count 2} {Type B } 
[4472] 2015/02/24 14:42:09.955 API ExitInstance 
[3236] 2015/02/24 14:42:26.297 API InitInstance 
[3236] 2015/02/24 14:42:26.584 E122828927 連線 Code：0
[3236] 2015/02/24 14:42:27.587 收到 Head 資訊 {Count 2} {Type C } 
[3236] 2015/02/24 14:42:27.590 收到 Head 資訊 {Count 2} {Type C } 
[3236] 2015/02/24 14:42:27.592 收到 Head 資訊 {Count 2} {Type C } 
[3236] 2015/02/24 14:42:27.594 收到 Head 資訊 {Count 2} {Type C } 
[3236] 2015/02/24 14:42:27.596 收到 Head 資訊 {Count 2} {Type C } 
[3236] 2015/02/24 14:42:27.598 收到 Head 資訊 {Count 2} {Type C } 
[3236] 2015/02/24 14:42:27.599 收到 Head 資訊 {Count 2} {Type C } 
[3236] 2015/02/24 14:42:27.601 收到 Head 資訊 {Count 2} {Type C } 
[3236] 2015/02/24 14:42:27.603 收到 Head 資訊 {Count 2} {Type C } 
[3236] 2015/02/24 14:42:27.604 收到 Head 資訊 {Count 2} {Type C } 
[3236] 2015/02/24 14:42:27.606 收到 Head 資訊 {Count 2} {Type C } 
[3236] 2015/02/24 14:42:27.608 收到 Head 資訊 {Count 2} {Type C } 
[3236] 2015/02/24 14:42:27.610 收到 Head 資訊 {Count 2} {Type C } 
[3236] 2015/02/24 14:42:27.611 收到 Head 資訊 {Count 2} {Type C } 
[3236] 2015/02/24 14:42:27.613 收到 Head 資訊 {Count 2} {Type C } 
[3236] 2015/02/24 14:42:27.615 收到 Head 資訊 {Count 2} {Type C } 
[3236] 2015/02/24 14:42:27.617 收到 Head 資訊 {Count 2} {Type C } 
[3236] 2015/02/24 14:42:27.618 收到 Head 資訊 {Count 2} {Type C } 
[3236] 2015/02/24 14:42:27.620 收到 Head 資訊 {Count 2} {Type C } 
[3236] 2015/02/24 14:42:27.622 收到 Head 資訊 {Count 2} {Type C } 
[3236] 2015/02/24 14:42:27.623 收到 Head 資訊 {Count 2} {Type C } 
[3236] 2015/02/24 14:42:27.625 收到 Head 資訊 {Count 2} {Type C } 
[3236] 2015/02/24 14:42:27.627 收到 Head 資訊 {Count 2} {Type C } 
[3236] 2015/02/24 14:42:27.628 收到 Head 資訊 {Count 2} {Type C } 
[3236] 2015/02/24 14:42:27.630 收到 Head 資訊 {Count 2} {Type C } 
[3236] 2015/02/24 14:42:27.632 收到 Head 資訊 {Count 2} {Type C } 
[3236] 2015/02/24 14:42:27.634 收到 Head 資訊 {Count 2} {Type C } 
[3236] 2015/02/24 14:42:27.636 收到 Head 資訊 {Count 2} {Type C } 
[3236] 2015/02/24 14:42:27.637 收到 Head 資訊 {Count 2} {Type C } 
[3236] 2015/02/24 14:42:27.639 收到 Head 資訊 {Count 2} {Type C } 
[3236] 2015/02/24 14:42:27.641 收到 Head 資訊 {Count 2} {Type C } 
[3236] 2015/02/24 14:42:27.643 收到 Head 資訊 {Count 2} {Type C } 
[3236] 2015/02/24 14:42:27.644 收到 Head 資訊 {Count 2} {Type C } 
[3236] 2015/02/24 14:42:27.646 收到 Head 資訊 {Count 2} {Type C } 
[3236] 2015/02/24 14:42:27.648 收到 Head 資訊 {Count 2} {Type C } 
[3236] 2015/02/24 14:42:27.649 收到 Head 資訊 {Count 2} {Type C } 
[3236] 2015/02/24 14:42:27.651 收到 Head 資訊 {Count 2} {Type C } 
[3236] 2015/02/24 14:42:27.653 收到 Head 資訊 {Count 2} {Type C } 
[3236] 2015/02/24 14:42:27.654 收到 Head 資訊 {Count 2} {Type C } 
[3236] 2015/02/24 14:42:27.656 收到 Head 資訊 {Count 2} {Type C } 
[3236] 2015/02/24 14:42:27.658 收到 Head 資訊 {Count 2} {Type C } 
[3236] 2015/02/24 14:42:27.659 收到 Head 資訊 {Count 2} {Type C } 
[3236] 2015/02/24 14:42:27.661 收到 Head 資訊 {Count 2} {Type C } 
[3236] 2015/02/24 14:42:27.663 收到 Head 資訊 {Count 2} {Type C } 
[3236] 2015/02/24 14:42:27.664 收到 Head 資訊 {Count 2} {Type C } 
[3236] 2015/02/24 14:42:27.666 收到 Head 資訊 {Count 2} {Type C } 
[3236] 2015/02/24 14:42:27.668 收到 Head 資訊 {Count 2} {Type C } 
[3236] 2015/02/24 14:42:27.670 收到 Head 資訊 {Count 2} {Type C } 
[3236] 2015/02/24 14:42:27.672 收到 Head 資訊 {Count 2} {Type C } 
[3236] 2015/02/24 14:42:27.674 收到 Head 資訊 {Count 2} {Type C } 
[3236] 2015/02/24 14:42:27.675 收到 Head 資訊 {Count 2} {Type C } 
[3236] 2015/02/24 14:42:27.677 收到 Head 資訊 {Count 2} {Type C } 
[3236] 2015/02/24 14:42:27.679 收到 Head 資訊 {Count 2} {Type C } 
[3236] 2015/02/24 14:42:27.680 收到 Head 資訊 {Count 2} {Type C } 
[3236] 2015/02/24 14:42:27.682 收到 Head 資訊 {Count 2} {Type C } 
[3236] 2015/02/24 14:42:27.684 收到 Head 資訊 {Count 2} {Type C } 
[3236] 2015/02/24 14:42:27.686 收到 Head 資訊 {Count 2} {Type C } 
[3236] 2015/02/24 14:42:27.687 收到 Head 資訊 {Count 2} {Type C } 
[3236] 2015/02/24 14:42:27.689 收到 Head 資訊 {Count 2} {Type C } 
[3236] 2015/02/24 14:42:27.691 收到 Head 資訊 {Count 2} {Type C } 
[3236] 2015/02/24 14:42:27.692 收到 Head 資訊 {Count 2} {Type C } 
[3236] 2015/02/24 14:42:27.694 收到 Head 資訊 {Count 2} {Type C } 
[3236] 2015/02/24 14:42:27.696 收到 Head 資訊 {Count 2} {Type C } 
[3236] 2015/02/24 14:42:27.697 收到 Head 資訊 {Count 2} {Type C } 
[3236] 2015/02/24 14:42:27.699 收到 Head 資訊 {Count 2} {Type C } 
[3236] 2015/02/24 14:42:27.701 收到 Head 資訊 {Count 2} {Type C } 
[3236] 2015/02/24 14:42:27.703 收到 Head 資訊 {Count 2} {Type C } 
[3236] 2015/02/24 14:42:27.704 收到 Head 資訊 {Count 2} {Type C } 
[3236] 2015/02/24 14:42:27.706 收到 Head 資訊 {Count 2} {Type C } 
[3236] 2015/02/24 14:42:27.708 收到 Head 資訊 {Count 2} {Type C } 
[3236] 2015/02/24 14:42:27.709 收到 Head 資訊 {Count 2} {Type C } 
[3236] 2015/02/24 14:42:27.711 收到 Head 資訊 {Count 2} {Type C } 
[3236] 2015/02/24 14:42:27.713 收到 Head 資訊 {Count 2} {Type C } 
[3236] 2015/02/24 14:42:27.715 收到 Head 資訊 {Count 2} {Type C } 
[3236] 2015/02/24 14:42:27.716 收到 Head 資訊 {Count 2} {Type C } 
[3236] 2015/02/24 14:42:27.718 收到 Head 資訊 {Count 2} {Type C } 
[3236] 2015/02/24 14:42:27.720 收到 Head 資訊 {Count 2} {Type C } 
[3236] 2015/02/24 14:42:27.721 收到 Head 資訊 {Count 2} {Type C } 
[3236] 2015/02/24 14:42:27.723 收到 Head 資訊 {Count 2} {Type C } 
[3236] 2015/02/24 14:42:27.725 收到 Head 資訊 {Count 2} {Type C } 
[3236] 2015/02/24 14:42:27.726 收到 Head 資訊 {Count 2} {Type C } 
[3236] 2015/02/24 14:42:27.728 收到 Head 資訊 {Count 2} {Type C } 
[3236] 2015/02/24 14:42:27.730 收到 Head 資訊 {Count 2} {Type C } 
[3236] 2015/02/24 14:42:27.732 收到 Head 資訊 {Count 2} {Type C } 
[3236] 2015/02/24 14:42:27.733 收到 Head 資訊 {Count 2} {Type C } 
[3236] 2015/02/24 14:42:27.735 收到 Head 資訊 {Count 2} {Type C } 
[3236] 2015/02/24 14:42:27.737 收到 Head 資訊 {Count 2} {Type C } 
[3236] 2015/02/24 14:42:27.738 收到 Head 資訊 {Count 2} {Type C } 
[3236] 2015/02/24 14:42:27.740 收到 Head 資訊 {Count 2} {Type C } 
[3236] 2015/02/24 14:42:27.742 收到 Head 資訊 {Count 2} {Type C } 
[3236] 2015/02/24 14:42:27.743 收到 Head 資訊 {Count 2} {Type C } 
[3236] 2015/02/24 14:42:27.745 收到 Head 資訊 {Count 2} {Type C } 
[3236] 2015/02/24 14:42:27.747 收到 Head 資訊 {Count 2} {Type C } 
[3236] 2015/02/24 14:42:27.748 收到 Head 資訊 {Count 2} {Type C } 
[3236] 2015/02/24 14:42:27.750 收到 Head 資訊 {Count 2} {Type C } 
[3236] 2015/02/24 14:42:27.752 收到 Head 資訊 {Count 2} {Type C } 
[3236] 2015/02/24 14:42:27.753 收到 Head 資訊 {Count 2} {Type C } 
[3236] 2015/02/24 14:42:27.755 收到 Head 資訊 {Count 2} {Type C } 
[3236] 2015/02/24 14:42:27.757 收到 Head 資訊 {Count 2} {Type C } 
[3236] 2015/02/24 14:42:27.759 收到 Head 資訊 {Count 2} {Type C } 
[3236] 2015/02/24 14:42:27.760 收到 Head 資訊 {Count 2} {Type C } 
[3236] 2015/02/24 14:42:27.762 收到 Head 資訊 {Count 2} {Type C } 
[3236] 2015/02/24 14:42:27.764 收到 Head 資訊 {Count 2} {Type C } 
[3236] 2015/02/24 14:42:27.765 收到 Head 資訊 {Count 2} {Type C } 
[3236] 2015/02/24 14:42:27.767 收到 Head 資訊 {Count 2} {Type C } 
[3236] 2015/02/24 14:42:27.769 收到 Head 資訊 {Count 2} {Type C } 
[3236] 2015/02/24 14:42:27.770 收到 Head 資訊 {Count 2} {Type C } 
[3236] 2015/02/24 14:42:27.772 收到 Head 資訊 {Count 2} {Type C } 
[3236] 2015/02/24 14:42:27.774 收到 Head 資訊 {Count 2} {Type C } 
[3236] 2015/02/24 14:42:27.776 收到 Head 資訊 {Count 2} {Type C } 
[3236] 2015/02/24 14:42:27.777 收到 Head 資訊 {Count 2} {Type C } 
[3236] 2015/02/24 14:42:27.779 收到 Head 資訊 {Count 2} {Type C } 
[3236] 2015/02/24 14:42:27.781 收到 Head 資訊 {Count 2} {Type C } 
[3236] 2015/02/24 14:42:27.782 收到 Head 資訊 {Count 2} {Type C } 
[3236] 2015/02/24 14:42:27.784 收到 Head 資訊 {Count 2} {Type C } 
[3236] 2015/02/24 14:42:27.786 收到 Head 資訊 {Count 2} {Type C } 
[3236] 2015/02/24 14:42:27.787 收到 Head 資訊 {Count 2} {Type C } 
[3236] 2015/02/24 14:42:27.789 收到 Head 資訊 {Count 2} {Type C } 
[3236] 2015/02/24 14:42:27.791 收到 Head 資訊 {Count 2} {Type C } 
[3236] 2015/02/24 14:42:27.793 收到 Head 資訊 {Count 2} {Type C } 
[3236] 2015/02/24 14:42:27.794 收到 Head 資訊 {Count 2} {Type C } 
[3236] 2015/02/24 14:42:27.796 收到 Head 資訊 {Count 2} {Type C } 
[3236] 2015/02/24 14:42:27.798 收到 Head 資訊 {Count 2} {Type C } 
[3236] 2015/02/24 14:42:27.799 收到 Head 資訊 {Count 2} {Type C } 
[3236] 2015/02/24 14:42:27.801 收到 Head 資訊 {Count 2} {Type C } 
[3236] 2015/02/24 14:42:27.803 收到 Head 資訊 {Count 2} {Type C } 
[3236] 2015/02/24 14:42:27.804 收到 Head 資訊 {Count 2} {Type C } 
[3236] 2015/02/24 14:42:27.806 收到 Head 資訊 {Count 2} {Type C } 
[3236] 2015/02/24 14:42:27.808 收到 Head 資訊 {Count 2} {Type C } 
[3236] 2015/02/24 14:42:27.809 收到 Head 資訊 {Count 2} {Type C } 
[3236] 2015/02/24 14:42:27.811 收到 Head 資訊 {Count 2} {Type C } 
[3236] 2015/02/24 14:42:27.813 收到 Head 資訊 {Count 2} {Type C } 
[3236] 2015/02/24 14:42:27.814 收到 Head 資訊 {Count 2} {Type C } 
[3236] 2015/02/24 14:42:27.816 收到 Head 資訊 {Count 2} {Type C } 
[3236] 2015/02/24 14:42:27.818 收到 Head 資訊 {Count 2} {Type C } 
[3236] 2015/02/24 14:42:27.819 收到 Head 資訊 {Count 2} {Type C } 
[3236] 2015/02/24 14:42:27.821 收到 Head 資訊 {Count 2} {Type C } 
[3236] 2015/02/24 14:42:27.823 收到 Head 資訊 {Count 2} {Type C } 
[3236] 2015/02/24 14:42:27.825 收到 Head 資訊 {Count 2} {Type C } 
[3236] 2015/02/24 14:42:27.826 收到 Head 資訊 {Count 2} {Type C } 
[3236] 2015/02/24 14:42:27.828 收到 Head 資訊 {Count 2} {Type C } 
[3236] 2015/02/24 14:42:27.830 收到 Head 資訊 {Count 2} {Type C } 
[3236] 2015/02/24 14:42:27.831 收到 Head 資訊 {Count 2} {Type C } 
[3236] 2015/02/24 14:42:27.833 收到 Head 資訊 {Count 2} {Type C } 
[3236] 2015/02/24 14:42:27.835 收到 Head 資訊 {Count 2} {Type C } 
[3236] 2015/02/24 14:42:27.836 收到 Head 資訊 {Count 2} {Type C } 
[3236] 2015/02/24 14:42:27.838 收到 Head 資訊 {Count 2} {Type C } 
[3236] 2015/02/24 14:42:27.840 收到 Head 資訊 {Count 2} {Type C } 
[3236] 2015/02/24 14:42:27.842 收到 Head 資訊 {Count 2} {Type C } 
[3236] 2015/02/24 14:42:27.843 收到 Head 資訊 {Count 2} {Type C } 
[3236] 2015/02/24 14:42:27.845 收到 Head 資訊 {Count 2} {Type C } 
[3236] 2015/02/24 14:42:27.847 收到 Head 資訊 {Count 2} {Type C } 
[3236] 2015/02/24 14:42:27.848 收到 Head 資訊 {Count 2} {Type C } 
[3236] 2015/02/24 14:42:27.850 收到 Head 資訊 {Count 2} {Type C } 
[3236] 2015/02/24 14:42:27.852 收到 Head 資訊 {Count 2} {Type C } 
[3236] 2015/02/24 14:42:27.853 收到 Head 資訊 {Count 2} {Type C } 
[3236] 2015/02/24 14:42:27.855 收到 Head 資訊 {Count 2} {Type C } 
[3236] 2015/02/24 14:42:27.857 收到 Head 資訊 {Count 2} {Type C } 
[3236] 2015/02/24 14:42:27.859 收到 Head 資訊 {Count 2} {Type C } 
[3236] 2015/02/24 14:42:27.860 收到 Head 資訊 {Count 2} {Type C } 
[3236] 2015/02/24 14:42:27.862 收到 Head 資訊 {Count 2} {Type C } 
[3236] 2015/02/24 14:42:27.864 收到 Head 資訊 {Count 2} {Type C } 
[3236] 2015/02/24 14:42:27.865 收到 Head 資訊 {Count 2} {Type C } 
[3236] 2015/02/24 14:42:27.867 收到 Head 資訊 {Count 2} {Type C } 
[3236] 2015/02/24 14:42:27.869 收到 Head 資訊 {Count 2} {Type C } 
[3236] 2015/02/24 14:42:27.871 收到 Head 資訊 {Count 2} {Type C } 
[3236] 2015/02/24 14:42:27.872 收到 Head 資訊 {Count 2} {Type C } 
[3236] 2015/02/24 14:42:27.874 收到 Head 資訊 {Count 2} {Type C } 
[3236] 2015/02/24 14:42:27.876 收到 Head 資訊 {Count 2} {Type C } 
[3236] 2015/02/24 14:42:27.878 收到 Head 資訊 {Count 2} {Type C } 
[3236] 2015/02/24 14:42:27.879 收到 Head 資訊 {Count 2} {Type C } 
[3236] 2015/02/24 14:42:27.881 收到 Head 資訊 {Count 2} {Type C } 
[3236] 2015/02/24 14:42:27.883 收到 Head 資訊 {Count 2} {Type C } 
[3236] 2015/02/24 14:42:27.884 收到 Head 資訊 {Count 2} {Type C } 
[3236] 2015/02/24 14:42:27.886 收到 Head 資訊 {Count 2} {Type C } 
[3236] 2015/02/24 14:42:27.888 收到 Head 資訊 {Count 2} {Type C } 
[3236] 2015/02/24 14:42:27.890 收到 Head 資訊 {Count 2} {Type C } 
[3236] 2015/02/24 14:42:27.891 收到 Head 資訊 {Count 2} {Type C } 
[3236] 2015/02/24 14:42:27.893 收到 Head 資訊 {Count 2} {Type C } 
[3236] 2015/02/24 14:42:27.895 收到 Head 資訊 {Count 2} {Type C } 
[3236] 2015/02/24 14:42:27.896 收到 Head 資訊 {Count 2} {Type C } 
[3236] 2015/02/24 14:42:27.898 收到 Head 資訊 {Count 2} {Type C } 
[3236] 2015/02/24 14:42:27.900 收到 Head 資訊 {Count 2} {Type C } 
[3236] 2015/02/24 14:42:27.901 收到 Head 資訊 {Count 2} {Type C } 
[3236] 2015/02/24 14:42:27.903 收到 Head 資訊 {Count 2} {Type C } 
[3236] 2015/02/24 14:42:27.905 收到 Head 資訊 {Count 2} {Type C } 
[3236] 2015/02/24 14:42:27.906 收到 Head 資訊 {Count 2} {Type C } 
[3236] 2015/02/24 14:42:27.908 收到 Head 資訊 {Count 2} {Type C } 
[3236] 2015/02/24 14:42:27.910 收到 Head 資訊 {Count 2} {Type C } 
[3236] 2015/02/24 14:42:27.912 收到 Head 資訊 {Count 2} {Type C } 
[3236] 2015/02/24 14:42:27.913 收到 Head 資訊 {Count 2} {Type C } 
[3236] 2015/02/24 14:42:27.915 收到 Head 資訊 {Count 2} {Type C } 
[3236] 2015/02/24 14:42:27.917 收到 Head 資訊 {Count 2} {Type C } 
[3236] 2015/02/24 14:42:27.918 收到 Head 資訊 {Count 2} {Type C } 
[3236] 2015/02/24 14:42:27.920 收到 Head 資訊 {Count 2} {Type C } 
[3236] 2015/02/24 14:42:27.922 收到 Head 資訊 {Count 2} {Type C } 
[3236] 2015/02/24 14:42:27.928 收到 Head 資訊 {Count 2} {Type C } 
[3236] 2015/02/24 14:42:27.930 收到 Head 資訊 {Count 2} {Type C } 
[3236] 2015/02/24 14:42:27.932 收到 Head 資訊 {Count 2} {Type C } 
[3236] 2015/02/24 14:42:27.934 收到 Head 資訊 {Count 2} {Type C } 
[3236] 2015/02/24 14:42:27.936 收到 Head 資訊 {Count 2} {Type C } 
[3236] 2015/02/24 14:42:27.937 收到 Head 資訊 {Count 2} {Type C } 
[3236] 2015/02/24 14:42:27.939 收到 Head 資訊 {Count 2} {Type C } 
[3236] 2015/02/24 14:42:27.941 收到 Head 資訊 {Count 2} {Type C } 
[3236] 2015/02/24 14:42:27.943 收到 Head 資訊 {Count 2} {Type C } 
[3236] 2015/02/24 14:42:27.944 收到 Head 資訊 {Count 2} {Type C } 
[3236] 2015/02/24 14:42:27.946 收到 Head 資訊 {Count 2} {Type C } 
[3236] 2015/02/24 14:42:27.948 收到 Head 資訊 {Count 2} {Type C } 
[3236] 2015/02/24 14:42:27.950 收到 Head 資訊 {Count 2} {Type C } 
[3236] 2015/02/24 14:42:27.952 收到 Head 資訊 {Count 2} {Type C } 
[3236] 2015/02/24 14:42:27.954 收到 Head 資訊 {Count 2} {Type C } 
[3236] 2015/02/24 14:42:27.955 收到 Head 資訊 {Count 2} {Type C } 
[3236] 2015/02/24 14:42:27.957 收到 Head 資訊 {Count 2} {Type C } 
[3236] 2015/02/24 14:42:27.959 收到 Head 資訊 {Count 2} {Type C } 
[3236] 2015/02/24 14:42:27.961 收到 Head 資訊 {Count 2} {Type C } 
[3236] 2015/02/24 14:42:27.963 收到 Head 資訊 {Count 2} {Type C } 
[3236] 2015/02/24 14:42:27.964 收到 Head 資訊 {Count 2} {Type C } 
[3236] 2015/02/24 14:42:27.966 收到 Head 資訊 {Count 2} {Type C } 
[3236] 2015/02/24 14:42:27.968 收到 Head 資訊 {Count 2} {Type C } 
[3236] 2015/02/24 14:42:27.970 收到 Head 資訊 {Count 2} {Type C } 
[3236] 2015/02/24 14:42:27.972 收到 Head 資訊 {Count 2} {Type C } 
[3236] 2015/02/24 14:42:27.974 收到 Head 資訊 {Count 2} {Type C } 
[3236] 2015/02/24 14:42:27.975 收到 Head 資訊 {Count 2} {Type C } 
[3236] 2015/02/24 14:42:27.977 收到 Head 資訊 {Count 2} {Type C } 
[3236] 2015/02/24 14:42:27.979 收到 Head 資訊 {Count 2} {Type C } 
[3236] 2015/02/24 14:42:27.981 收到 Head 資訊 {Count 2} {Type C } 
[3236] 2015/02/24 14:42:27.983 收到 Head 資訊 {Count 2} {Type C } 
[3236] 2015/02/24 14:42:27.984 收到 Head 資訊 {Count 2} {Type C } 
[3236] 2015/02/24 14:42:27.986 收到 Head 資訊 {Count 2} {Type C } 
[3236] 2015/02/24 14:42:27.988 收到 Head 資訊 {Count 2} {Type C } 
[3236] 2015/02/24 14:42:27.990 收到 Head 資訊 {Count 2} {Type C } 
[3236] 2015/02/24 14:42:27.992 收到 Head 資訊 {Count 2} {Type C } 
[3236] 2015/02/24 14:42:27.994 收到 Head 資訊 {Count 2} {Type C } 
[3236] 2015/02/24 14:42:27.996 收到 Head 資訊 {Count 2} {Type C } 
[3236] 2015/02/24 14:42:27.997 收到 Head 資訊 {Count 2} {Type C } 
[3236] 2015/02/24 14:42:27.999 收到 Head 資訊 {Count 2} {Type C } 
[3236] 2015/02/24 14:42:28.001 收到 Head 資訊 {Count 2} {Type C } 
[3236] 2015/02/24 14:42:28.003 收到 Head 資訊 {Count 2} {Type C } 
[3236] 2015/02/24 14:42:28.005 收到 Head 資訊 {Count 2} {Type C } 
[3236] 2015/02/24 14:42:28.007 收到 Head 資訊 {Count 2} {Type C } 
[3236] 2015/02/24 14:42:28.008 收到 Head 資訊 {Count 2} {Type C } 
[3236] 2015/02/24 14:42:28.010 收到 Head 資訊 {Count 2} {Type B } 
[3236] 2015/02/24 14:43:26.556 連線確認 E122828927 (21,21)
[3236] 2015/02/24 14:44:26.572 連線確認 E122828927 (21,21)
[3236] 2015/02/24 14:45:26.584 連線確認 E122828927 (21,21)
[3236] 2015/02/24 14:46:26.599 連線確認 E122828927 (21,21)
[3236] 2015/02/24 14:47:26.611 連線確認 E122828927 (21,21)
[3236] 2015/02/24 14:47:28.155 收到 Head 資訊 {Count 2} {Type B } 
[3236] 2015/02/24 14:48:26.625 連線確認 E122828927 (21,21)
[3236] 2015/02/24 14:49:26.639 連線確認 E122828927 (21,21)
[3236] 2015/02/24 14:50:26.652 連線確認 E122828927 (21,21)
[3236] 2015/02/24 14:51:26.666 連線確認 E122828927 (21,21)
[3236] 2015/02/24 14:51:30.553 收到 Head 資訊 {Count 2} {Type C } 
[3236] 2015/02/24 14:51:40.511 收到 Head 資訊 {Count 2} {Type C } 
[3236] 2015/02/24 14:51:50.551 收到 Head 資訊 {Count 2} {Type C } 
[3236] 2015/02/24 14:52:00.524 收到 Head 資訊 {Count 2} {Type C } 
[3236] 2015/02/24 14:52:10.478 收到 Head 資訊 {Count 2} {Type C } 
[3236] 2015/02/24 14:52:20.551 收到 Head 資訊 {Count 2} {Type C } 
[3236] 2015/02/24 14:52:26.680 連線確認 E122828927 (21,21)
[3236] 2015/02/24 14:52:29.132 收到 Head 資訊 {Count 2} {Type B } 
[3236] 2015/02/24 14:53:26.694 連線確認 E122828927 (21,21)
[3236] 2015/02/24 14:54:26.706 連線確認 E122828927 (21,21)
[3236] 2015/02/24 14:55:26.719 連線確認 E122828927 (21,21)
[3236] 2015/02/24 14:56:26.734 連線確認 E122828927 (21,21)
[3236] 2015/02/24 14:57:26.748 連線確認 E122828927 (21,21)
[3236] 2015/02/24 14:57:30.134 收到 Head 資訊 {Count 2} {Type B } 
[3236] 2015/02/24 14:58:26.761 連線確認 E122828927 (21,21)
[3236] 2015/02/24 14:59:26.775 連線確認 E122828927 (21,21)
[3236] 2015/02/24 15:00:26.789 連線確認 E122828927 (21,21)
[3236] 2015/02/24 15:01:26.802 連線確認 E122828927 (21,21)
[3236] 2015/02/24 15:02:26.814 連線確認 E122828927 (21,21)
[3236] 2015/02/24 15:02:31.157 收到 Head 資訊 {Count 2} {Type B } 
[3236] 2015/02/24 15:03:26.830 連線確認 E122828927 (21,21)
[3236] 2015/02/24 15:04:26.842 連線確認 E122828927 (21,21)
[3236] 2015/02/24 15:05:26.856 連線確認 E122828927 (21,21)
[3236] 2015/02/24 15:06:26.869 連線確認 E122828927 (21,21)
[3236] 2015/02/24 15:07:26.883 連線確認 E122828927 (21,21)
[3236] 2015/02/24 15:07:32.097 收到 Head 資訊 {Count 2} {Type B } 
[3236] 2015/02/24 15:08:26.897 連線確認 E122828927 (21,21)
[3236] 2015/02/24 15:09:26.910 連線確認 E122828927 (21,21)
[3236] 2015/02/24 15:10:26.925 連線確認 E122828927 (21,21)
[3236] 2015/02/24 15:11:26.937 連線確認 E122828927 (21,21)
[3236] 2015/02/24 15:11:30.715 收到 Head 資訊 {Count 2} {Type C } 
[3236] 2015/02/24 15:11:40.745 收到 Head 資訊 {Count 2} {Type C } 
[3236] 2015/02/24 15:11:50.733 收到 Head 資訊 {Count 2} {Type C } 
[3236] 2015/02/24 15:12:00.758 收到 Head 資訊 {Count 2} {Type C } 
[3236] 2015/02/24 15:12:26.952 連線確認 E122828927 (21,21)
[3236] 2015/02/24 15:12:33.167 收到 Head 資訊 {Count 2} {Type B } 
[3236] 2015/02/24 15:13:26.964 連線確認 E122828927 (21,21)
[3236] 2015/02/24 15:14:26.978 連線確認 E122828927 (21,21)
[3236] 2015/02/24 15:14:40.551 收到 Head 資訊 {Count 2} {Type C } 
[3236] 2015/02/24 15:14:50.502 收到 Head 資訊 {Count 2} {Type C } 
[3236] 2015/02/24 15:15:00.508 收到 Head 資訊 {Count 2} {Type C } 
[3236] 2015/02/24 15:15:26.992 連線確認 E122828927 (21,21)
[3236] 2015/02/24 15:16:27.006 連線確認 E122828927 (21,21)
[3236] 2015/02/24 15:17:27.020 連線確認 E122828927 (21,21)
[3236] 2015/02/24 15:17:34.132 收到 Head 資訊 {Count 2} {Type B } 
[3236] 2015/02/24 15:18:27.032 連線確認 E122828927 (21,21)
[3236] 2015/02/24 15:19:27.046 連線確認 E122828927 (21,21)
[3236] 2015/02/24 15:20:27.059 連線確認 E122828927 (21,21)
[3236] 2015/02/24 15:21:27.074 連線確認 E122828927 (21,21)
[3236] 2015/02/24 15:22:27.087 連線確認 E122828927 (21,21)
[3236] 2015/02/24 15:22:35.155 收到 Head 資訊 {Count 2} {Type B } 
[3236] 2015/02/24 15:23:27.101 連線確認 E122828927 (21,21)
[3236] 2015/02/24 15:24:27.114 連線確認 E122828927 (21,21)
[3236] 2015/02/24 15:25:27.127 連線確認 E122828927 (21,21)
[3236] 2015/02/24 15:26:27.142 連線確認 E122828927 (21,21)
[3236] 2015/02/24 15:27:27.154 連線確認 E122828927 (21,21)
[3236] 2015/02/24 15:27:36.147 收到 Head 資訊 {Count 2} {Type B } 
[3236] 2015/02/24 15:28:27.169 連線確認 E122828927 (21,21)
[3236] 2015/02/24 15:29:27.182 連線確認 E122828927 (21,21)
[3236] 2015/02/24 15:30:27.197 連線確認 E122828927 (21,21)
[3236] 2015/02/24 15:31:26.063 連線確認 E122828927 (21,21)
[3236] 2015/02/24 15:31:30.150 收到 Head 資訊 {Count 2} {Type C } 
[3236] 2015/02/24 15:31:40.195 收到 Head 資訊 {Count 2} {Type C } 
[3236] 2015/02/24 15:31:50.214 收到 Head 資訊 {Count 2} {Type C } 
[3236] 2015/02/24 15:32:00.218 收到 Head 資訊 {Count 2} {Type C } 
[3236] 2015/02/24 15:32:26.076 連線確認 E122828927 (21,21)
[3236] 2015/02/24 15:32:36.524 收到 Head 資訊 {Count 2} {Type B } 
[3236] 2015/02/24 15:33:26.089 連線確認 E122828927 (21,21)
[3236] 2015/02/24 15:34:26.104 連線確認 E122828927 (21,21)
[3236] 2015/02/24 15:35:26.116 連線確認 E122828927 (21,21)
[3236] 2015/02/24 15:36:26.131 連線確認 E122828927 (21,21)
[3236] 2015/02/24 15:37:26.144 連線確認 E122828927 (21,21)
[3236] 2015/02/24 15:37:37.491 收到 Head 資訊 {Count 2} {Type B } 
[3236] 2015/02/24 15:38:26.157 連線確認 E122828927 (21,21)
[3236] 2015/02/24 15:39:26.172 連線確認 E122828927 (21,21)
[3236] 2015/02/24 15:40:26.184 連線確認 E122828927 (21,21)
[3236] 2015/02/24 15:41:26.198 連線確認 E122828927 (21,21)
[3236] 2015/02/24 15:42:26.211 連線確認 E122828927 (21,21)
[3236] 2015/02/24 15:42:38.493 收到 Head 資訊 {Count 2} {Type B } 
[3236] 2015/02/24 15:43:26.225 連線確認 E122828927 (21,21)
[3236] 2015/02/24 15:44:26.239 連線確認 E122828927 (21,21)
[3236] 2015/02/24 15:45:26.253 連線確認 E122828927 (21,21)
[3236] 2015/02/24 15:46:26.265 連線確認 E122828927 (21,21)
[3236] 2015/02/24 15:47:26.279 連線確認 E122828927 (21,21)
[3236] 2015/02/24 15:47:38.790 收到 Head 資訊 {Count 2} {Type B } 
[3236] 2015/02/24 15:48:26.293 連線確認 E122828927 (21,21)
[3236] 2015/02/24 15:49:26.307 連線確認 E122828927 (21,21)
[3236] 2015/02/24 15:50:26.321 連線確認 E122828927 (21,21)
[3236] 2015/02/24 15:51:26.333 連線確認 E122828927 (21,21)
[3236] 2015/02/24 15:51:29.737 收到 Head 資訊 {Count 2} {Type C } 
[3236] 2015/02/24 15:52:26.349 連線確認 E122828927 (21,21)
[3236] 2015/02/24 15:52:39.730 收到 Head 資訊 {Count 2} {Type B } 
[3236] 2015/02/24 15:53:26.361 連線確認 E122828927 (21,21)
[3236] 2015/02/24 15:54:26.376 連線確認 E122828927 (21,21)
[3236] 2015/02/24 15:54:38.505 收到 Head 資訊 {Count 2} {Type C } 
[3236] 2015/02/24 15:54:48.549 收到 Head 資訊 {Count 2} {Type C } 
[3236] 2015/02/24 15:55:26.389 連線確認 E122828927 (21,21)
[3236] 2015/02/24 15:56:26.403 連線確認 E122828927 (21,21)
[3236] 2015/02/24 15:57:26.416 連線確認 E122828927 (21,21)
[3236] 2015/02/24 15:57:40.743 收到 Head 資訊 {Count 2} {Type B } 
[3236] 2015/02/24 15:58:26.429 連線確認 E122828927 (21,21)
[3236] 2015/02/24 15:59:26.443 連線確認 E122828927 (21,21)
[3236] 2015/02/24 16:00:26.456 連線確認 E122828927 (21,21)
[3236] 2015/02/24 16:01:28.501 連線確認 E122828927 (21,21)
[3236] 2015/02/24 16:02:28.512 連線確認 E122828927 (21,21)
[3236] 2015/02/24 16:02:42.448 收到 Head 資訊 {Count 2} {Type B } 
[3236] 2015/02/24 16:03:28.524 連線確認 E122828927 (21,21)
[3236] 2015/02/24 16:04:28.538 連線確認 E122828927 (21,21)
[3236] 2015/02/24 16:05:28.552 連線確認 E122828927 (21,21)
[3236] 2015/02/24 16:06:28.567 連線確認 E122828927 (21,21)
[3236] 2015/02/24 16:07:28.579 連線確認 E122828927 (21,21)
[3236] 2015/02/24 16:07:43.447 收到 Head 資訊 {Count 2} {Type B } 
[3236] 2015/02/24 16:08:28.593 連線確認 E122828927 (21,21)
[3236] 2015/02/24 16:09:28.607 連線確認 E122828927 (21,21)
[3236] 2015/02/24 16:09:47.543 收到 Head 資訊 {Count 2} {Type D } 
[3236] 2015/02/24 16:10:28.619 連線確認 E122828927 (21,21)
[3236] 2015/02/24 16:11:28.633 連線確認 E122828927 (21,21)
[3236] 2015/02/24 16:11:29.454 收到 Head 資訊 {Count 2} {Type C } 
[3236] 2015/02/24 16:11:39.480 收到 Head 資訊 {Count 2} {Type C } 
[3236] 2015/02/24 16:11:49.497 收到 Head 資訊 {Count 2} {Type C } 
[3236] 2015/02/24 16:11:59.511 收到 Head 資訊 {Count 2} {Type C } 
[3236] 2015/02/24 16:12:09.458 收到 Head 資訊 {Count 2} {Type C } 
[3236] 2015/02/24 16:12:19.479 收到 Head 資訊 {Count 2} {Type C } 
[3236] 2015/02/24 16:12:28.647 連線確認 E122828927 (21,21)
[3236] 2015/02/24 16:12:29.497 收到 Head 資訊 {Count 2} {Type C } 
[3236] 2015/02/24 16:12:44.450 收到 Head 資訊 {Count 2} {Type B } 
[3236] 2015/02/24 16:13:28.662 連線確認 E122828927 (21,21)
[3236] 2015/02/24 16:14:28.675 連線確認 E122828927 (21,21)
[3236] 2015/02/24 16:14:39.400 收到 Head 資訊 {Count 2} {Type C } 
[3236] 2015/02/24 16:14:49.362 收到 Head 資訊 {Count 2} {Type C } 
[3236] 2015/02/24 16:15:28.688 連線確認 E122828927 (21,21)
[3236] 2015/02/24 16:16:28.701 連線確認 E122828927 (21,21)
[3236] 2015/02/24 16:17:28.715 連線確認 E122828927 (21,21)
[3236] 2015/02/24 16:17:45.407 收到 Head 資訊 {Count 2} {Type B } 
[3236] 2015/02/24 16:18:28.729 連線確認 E122828927 (21,21)
[3236] 2015/02/24 16:19:28.743 連線確認 E122828927 (21,21)
[3236] 2015/02/24 16:20:28.756 連線確認 E122828927 (21,21)
[3236] 2015/02/24 16:21:28.770 連線確認 E122828927 (21,21)
[3236] 2015/02/24 16:23:05.952 收到 Head 資訊 {Count 2} {Type B } 
[3236] 2015/02/24 16:23:05.990 連線確認 E122828927 (21,21)
[3236] 2015/02/24 16:24:05.911 連線確認 E122828927 (21,21)
[3236] 2015/02/24 16:25:05.923 連線確認 E122828927 (21,21)
[3236] 2015/02/24 16:26:05.936 連線確認 E122828927 (21,21)
[3236] 2015/02/24 16:27:05.950 連線確認 E122828927 (21,21)
[3236] 2015/02/24 16:27:47.381 收到 Head 資訊 {Count 2} {Type B } 
[3236] 2015/02/24 16:28:05.964 連線確認 E122828927 (21,21)
[3236] 2015/02/24 16:29:05.977 連線確認 E122828927 (21,21)
[3236] 2015/02/24 16:30:05.992 連線確認 E122828927 (21,21)
[3236] 2015/02/24 16:31:06.005 連線確認 E122828927 (21,21)
[3236] 2015/02/24 16:31:29.663 收到 Head 資訊 {Count 2} {Type C } 
[3236] 2015/02/24 16:31:39.657 收到 Head 資訊 {Count 2} {Type C } 
[3236] 2015/02/24 16:31:49.619 收到 Head 資訊 {Count 2} {Type C } 
[3236] 2015/02/24 16:31:59.635 收到 Head 資訊 {Count 2} {Type C } 
[3236] 2015/02/24 16:32:06.019 連線確認 E122828927 (21,21)
[3236] 2015/02/24 16:32:48.401 收到 Head 資訊 {Count 2} {Type B } 
[3236] 2015/02/24 16:33:06.031 連線確認 E122828927 (21,21)
[3236] 2015/02/24 16:34:06.044 連線確認 E122828927 (21,21)
[3236] 2015/02/24 16:34:39.511 收到 Head 資訊 {Count 2} {Type C } 
[3236] 2015/02/24 16:35:06.059 連線確認 E122828927 (21,21)
[3236] 2015/02/24 16:36:06.072 連線確認 E122828927 (21,21)
[3236] 2015/02/24 16:37:06.087 連線確認 E122828927 (21,21)
[3236] 2015/02/24 16:37:49.400 收到 Head 資訊 {Count 2} {Type B } 
[3236] 2015/02/24 16:38:06.099 連線確認 E122828927 (21,21)
[3236] 2015/02/24 16:39:06.113 連線確認 E122828927 (21,21)
[3236] 2015/02/24 16:40:06.127 連線確認 E122828927 (21,21)
[3236] 2015/02/24 16:41:06.140 連線確認 E122828927 (21,21)
[3236] 2015/02/24 16:42:06.155 連線確認 E122828927 (21,21)
[3236] 2015/02/24 16:42:50.392 收到 Head 資訊 {Count 2} {Type B } 
[3236] 2015/02/24 16:43:06.168 連線確認 E122828927 (21,21)
[3236] 2015/02/24 16:44:06.182 連線確認 E122828927 (21,21)
[3236] 2015/02/24 16:45:06.194 連線確認 E122828927 (21,21)
[3236] 2015/02/24 16:46:06.208 連線確認 E122828927 (21,21)
[3236] 2015/02/24 16:47:06.222 連線確認 E122828927 (21,21)
[3236] 2015/02/24 16:47:51.412 收到 Head 資訊 {Count 2} {Type B } 
[3236] 2015/02/24 16:48:06.235 連線確認 E122828927 (21,21)
[3236] 2015/02/24 16:49:06.250 連線確認 E122828927 (21,21)
[3236] 2015/02/24 16:50:06.263 連線確認 E122828927 (21,21)
[3236] 2015/02/24 16:51:06.277 連線確認 E122828927 (21,21)
[3236] 2015/02/24 16:51:19.970 收到 Head 資訊 {Count 2} {Type C } 
[3236] 2015/02/24 16:51:29.912 收到 Head 資訊 {Count 2} {Type C } 
[3236] 2015/02/24 16:51:39.909 收到 Head 資訊 {Count 2} {Type C } 
[3236] 2015/02/24 16:51:49.925 收到 Head 資訊 {Count 2} {Type C } 
[3236] 2015/02/24 16:51:59.943 收到 Head 資訊 {Count 2} {Type C } 
[3236] 2015/02/24 16:52:06.289 連線確認 E122828927 (21,21)
[3236] 2015/02/24 16:52:09.959 收到 Head 資訊 {Count 2} {Type C } 
[3236] 2015/02/24 16:52:19.915 收到 Head 資訊 {Count 2} {Type C } 
[3236] 2015/02/24 16:52:52.385 收到 Head 資訊 {Count 2} {Type B } 
[3236] 2015/02/24 16:53:06.304 連線確認 E122828927 (21,21)
[3236] 2015/02/24 16:54:06.317 連線確認 E122828927 (21,21)
[3236] 2015/02/24 16:55:06.330 連線確認 E122828927 (21,21)
[3236] 2015/02/24 16:56:06.345 連線確認 E122828927 (21,21)
[3236] 2015/02/24 16:57:06.358 連線確認 E122828927 (21,21)
[3236] 2015/02/24 16:57:53.508 收到 Head 資訊 {Count 2} {Type B } 
[3236] 2015/02/24 16:58:06.371 連線確認 E122828927 (21,21)
[3236] 2015/02/24 16:59:06.384 連線確認 E122828927 (21,21)
[3236] 2015/02/24 17:00:06.398 連線確認 E122828927 (21,21)
[3236] 2015/02/24 17:01:06.412 連線確認 E122828927 (21,21)
[3236] 2015/02/24 17:02:06.425 連線確認 E122828927 (21,21)
[3236] 2015/02/24 17:02:54.487 收到 Head 資訊 {Count 2} {Type B } 
[3236] 2015/02/24 17:03:06.440 連線確認 E122828927 (21,21)
[3236] 2015/02/24 17:04:06.453 連線確認 E122828927 (21,21)
[3236] 2015/02/24 17:05:06.466 連線確認 E122828927 (21,21)
[3236] 2015/02/24 17:06:06.480 連線確認 E122828927 (21,21)
[3236] 2015/02/24 17:07:06.494 連線確認 E122828927 (21,21)
[3236] 2015/02/24 17:07:50.385 收到 Head 資訊 {Count 2} {Type C } 
[3236] 2015/02/24 17:07:55.520 收到 Head 資訊 {Count 2} {Type B } 
[3236] 2015/02/24 17:08:00.427 收到 Head 資訊 {Count 2} {Type C } 
[3236] 2015/02/24 17:08:06.508 連線確認 E122828927 (21,21)
[3236] 2015/02/24 17:08:10.419 收到 Head 資訊 {Count 2} {Type C } 
[3236] 2015/02/24 17:09:06.521 連線確認 E122828927 (21,21)
[3236] 2015/02/24 17:10:11.505 連線確認 E122828927 (21,21)
[3236] 2015/02/24 17:11:11.509 連線確認 E122828927 (21,21)
[3236] 2015/02/24 17:12:11.521 連線確認 E122828927 (21,21)
[3236] 2015/02/24 17:12:55.946 收到 Head 資訊 {Count 2} {Type B } 
[3236] 2015/02/24 17:13:11.537 連線確認 E122828927 (21,21)
[3236] 2015/02/24 17:14:11.550 連線確認 E122828927 (21,21)
[3236] 2015/02/24 17:15:11.564 連線確認 E122828927 (21,21)
[3236] 2015/02/24 17:16:11.577 連線確認 E122828927 (21,21)
[3236] 2015/02/24 17:17:11.591 連線確認 E122828927 (21,21)
[3236] 2015/02/24 17:17:56.977 收到 Head 資訊 {Count 2} {Type B } 
[3236] 2015/02/24 17:18:11.604 連線確認 E122828927 (21,21)
[3236] 2015/02/24 17:19:11.616 連線確認 E122828927 (21,21)
[3236] 2015/02/24 17:20:11.631 連線確認 E122828927 (21,21)
[3236] 2015/02/24 17:21:11.645 連線確認 E122828927 (21,21)
[3236] 2015/02/24 17:22:11.659 連線確認 E122828927 (21,21)
[3236] 2015/02/24 17:22:57.936 收到 Head 資訊 {Count 2} {Type B } 
[3236] 2015/02/24 17:23:11.671 連線確認 E122828927 (21,21)
[3236] 2015/02/24 17:24:11.686 連線確認 E122828927 (21,21)
[3236] 2015/02/24 17:24:20.112 收到 Head 資訊 {Count 2} {Type C } 
[3236] 2015/02/24 17:24:30.154 收到 Head 資訊 {Count 2} {Type C } 
[3236] 2015/02/24 17:24:40.129 收到 Head 資訊 {Count 2} {Type C } 
[3236] 2015/02/24 17:24:50.101 收到 Head 資訊 {Count 2} {Type C } 
[3236] 2015/02/24 17:25:00.130 收到 Head 資訊 {Count 2} {Type C } 
[3236] 2015/02/24 17:25:10.150 收到 Head 資訊 {Count 2} {Type C } 
[3236] 2015/02/24 17:25:11.699 連線確認 E122828927 (21,21)
[3236] 2015/02/24 17:25:20.153 收到 Head 資訊 {Count 2} {Type C } 
[3236] 2015/02/24 17:25:30.125 收到 Head 資訊 {Count 2} {Type C } 
[3236] 2015/02/24 17:25:40.119 收到 Head 資訊 {Count 2} {Type C } 
[3236] 2015/02/24 17:26:11.712 連線確認 E122828927 (21,21)
[3236] 2015/02/24 17:27:11.727 連線確認 E122828927 (21,21)
[3236] 2015/02/24 17:27:58.963 收到 Head 資訊 {Count 2} {Type B } 
[3236] 2015/02/24 17:28:11.739 連線確認 E122828927 (21,21)
[3236] 2015/02/24 17:29:10.146 收到 Head 資訊 {Count 2} {Type C } 
[3236] 2015/02/24 17:29:11.754 連線確認 E122828927 (21,21)
[3236] 2015/02/24 17:30:11.767 連線確認 E122828927 (21,21)
[3236] 2015/02/24 17:31:11.781 連線確認 E122828927 (21,21)
[3236] 2015/02/24 17:32:11.794 連線確認 E122828927 (21,21)
[3236] 2015/02/24 17:33:00.205 收到 Head 資訊 {Count 2} {Type B } 
[3236] 2015/02/24 17:33:11.808 連線確認 E122828927 (21,21)
[3236] 2015/02/24 17:34:11.821 連線確認 E122828927 (21,21)
[3236] 2015/02/24 17:35:11.835 連線確認 E122828927 (21,21)
[3236] 2015/02/24 17:36:11.848 連線確認 E122828927 (21,21)
[3236] 2015/02/24 17:37:11.861 連線確認 E122828927 (21,21)
[3236] 2015/02/24 17:38:01.225 收到 Head 資訊 {Count 2} {Type B } 
[3236] 2015/02/24 17:38:11.876 連線確認 E122828927 (21,21)
[3236] 2015/02/24 17:39:11.889 連線確認 E122828927 (21,21)
[3236] 2015/02/24 17:40:11.903 連線確認 E122828927 (21,21)
[3236] 2015/02/24 17:40:50.651 收到 Head 資訊 {Count 2} {Type C } 
[3236] 2015/02/24 17:41:00.615 收到 Head 資訊 {Count 2} {Type C } 
[3236] 2015/02/24 17:41:10.628 收到 Head 資訊 {Count 2} {Type C } 
[3236] 2015/02/24 17:41:11.916 連線確認 E122828927 (21,21)
[3236] 2015/02/24 17:41:20.668 收到 Head 資訊 {Count 2} {Type C } 
[3236] 2015/02/24 17:41:30.636 收到 Head 資訊 {Count 2} {Type C } 
[3236] 2015/02/24 17:41:40.657 收到 Head 資訊 {Count 2} {Type C } 
[3236] 2015/02/24 17:41:50.630 收到 Head 資訊 {Count 2} {Type C } 
[3236] 2015/02/24 17:42:00.645 收到 Head 資訊 {Count 2} {Type C } 
[3236] 2015/02/24 17:42:10.634 收到 Head 資訊 {Count 2} {Type C } 
[3236] 2015/02/24 17:42:11.930 連線確認 E122828927 (21,21)
[3236] 2015/02/24 17:43:02.207 收到 Head 資訊 {Count 2} {Type B } 
[3236] 2015/02/24 17:43:11.944 連線確認 E122828927 (21,21)
[3236] 2015/02/24 17:44:11.956 連線確認 E122828927 (21,21)
[3236] 2015/02/24 17:45:11.971 連線確認 E122828927 (21,21)
[3236] 2015/02/24 17:46:11.984 連線確認 E122828927 (21,21)
[3236] 2015/02/24 17:47:11.998 連線確認 E122828927 (21,21)
[3236] 2015/02/24 17:48:07.157 收到 Head 資訊 {Count 2} {Type B } 
[3236] 2015/02/24 17:48:12.011 連線確認 E122828927 (21,21)
[3236] 2015/02/24 17:49:12.024 連線確認 E122828927 (21,21)
[3236] 2015/02/24 17:50:12.038 連線確認 E122828927 (21,21)
[3236] 2015/02/24 17:51:12.052 連線確認 E122828927 (21,21)
[3236] 2015/02/24 17:52:12.066 連線確認 E122828927 (21,21)
[3236] 2015/02/24 17:53:03.443 收到 Head 資訊 {Count 2} {Type B } 
[3236] 2015/02/24 17:53:12.079 連線確認 E122828927 (21,21)
[3236] 2015/02/24 17:54:12.093 連線確認 E122828927 (21,21)
[3236] 2015/02/24 17:55:12.106 連線確認 E122828927 (21,21)
[3236] 2015/02/24 17:56:12.121 連線確認 E122828927 (21,21)
[3236] 2015/02/24 17:57:12.133 連線確認 E122828927 (21,21)
[3236] 2015/02/24 17:57:20.209 收到 Head 資訊 {Count 2} {Type C } 
[3236] 2015/02/24 17:57:30.210 收到 Head 資訊 {Count 2} {Type C } 
[3236] 2015/02/24 17:57:40.192 收到 Head 資訊 {Count 2} {Type C } 
[3236] 2015/02/24 17:57:50.181 收到 Head 資訊 {Count 2} {Type C } 
[3236] 2015/02/24 17:58:04.438 收到 Head 資訊 {Count 2} {Type B } 
[3236] 2015/02/24 17:58:12.147 連線確認 E122828927 (21,21)
[3236] 2015/02/24 17:59:12.161 連線確認 E122828927 (21,21)
[3236] 2015/02/24 18:00:12.174 連線確認 E122828927 (21,21)
[3236] 2015/02/24 18:01:12.188 連線確認 E122828927 (21,21)
[3236] 2015/02/24 18:02:12.202 連線確認 E122828927 (21,21)
[3236] 2015/02/24 18:03:05.426 收到 Head 資訊 {Count 2} {Type B } 
[3236] 2015/02/24 18:03:12.215 連線確認 E122828927 (21,21)
[3236] 2015/02/24 18:04:12.229 連線確認 E122828927 (21,21)
[3236] 2015/02/24 18:04:20.230 收到 Head 資訊 {Count 2} {Type C } 
[3236] 2015/02/24 18:05:12.241 連線確認 E122828927 (21,21)
[3236] 2015/02/24 18:06:12.256 連線確認 E122828927 (21,21)
[3236] 2015/02/24 18:07:12.269 連線確認 E122828927 (21,21)
[3236] 2015/02/24 18:08:06.426 收到 Head 資訊 {Count 2} {Type B } 
[3236] 2015/02/24 18:08:12.284 連線確認 E122828927 (21,21)
[3236] 2015/02/24 18:09:12.297 連線確認 E122828927 (21,21)
[3236] 2015/02/24 18:10:12.310 連線確認 E122828927 (21,21)
[3236] 2015/02/24 18:11:12.323 連線確認 E122828927 (21,21)
[3236] 2015/02/24 18:12:12.337 連線確認 E122828927 (21,21)
[3236] 2015/02/24 18:13:07.461 收到 Head 資訊 {Count 2} {Type B } 
[3236] 2015/02/24 18:13:12.351 連線確認 E122828927 (21,21)
[3236] 2015/02/24 18:13:50.496 收到 Head 資訊 {Count 2} {Type C } 
[3236] 2015/02/24 18:14:00.492 收到 Head 資訊 {Count 2} {Type C } 
[3236] 2015/02/24 18:14:10.470 收到 Head 資訊 {Count 2} {Type C } 
[3236] 2015/02/24 18:14:12.364 連線確認 E122828927 (21,21)
[3236] 2015/02/24 18:14:20.509 收到 Head 資訊 {Count 2} {Type C } 
[3236] 2015/02/24 18:14:30.516 收到 Head 資訊 {Count 2} {Type C } 
[3236] 2015/02/24 18:14:40.495 收到 Head 資訊 {Count 2} {Type C } 
[3236] 2015/02/24 18:14:50.503 收到 Head 資訊 {Count 2} {Type C } 
[3236] 2015/02/24 18:15:12.379 連線確認 E122828927 (21,21)
[3236] 2015/02/24 18:16:12.392 連線確認 E122828927 (21,21)
[3236] 2015/02/24 18:17:12.405 連線確認 E122828927 (21,21)
[3236] 2015/02/24 18:18:08.428 收到 Head 資訊 {Count 2} {Type B } 
[3236] 2015/02/24 18:18:12.418 連線確認 E122828927 (21,21)
[3236] 2015/02/24 18:19:12.432 連線確認 E122828927 (21,21)
[3236] 2015/02/24 18:20:12.446 連線確認 E122828927 (21,21)
[3236] 2015/02/24 18:21:12.460 連線確認 E122828927 (21,21)
[3236] 2015/02/24 18:22:12.474 連線確認 E122828927 (21,21)
[3236] 2015/02/24 18:23:09.459 收到 Head 資訊 {Count 2} {Type B } 
[3236] 2015/02/24 18:23:19.501 連線確認 E122828927 (21,21)
[3236] 2015/02/24 18:24:19.505 連線確認 E122828927 (21,21)
[3236] 2015/02/24 18:25:19.518 連線確認 E122828927 (21,21)
[3236] 2015/02/24 18:26:19.532 連線確認 E122828927 (21,21)
[3236] 2015/02/24 18:27:19.545 連線確認 E122828927 (21,21)
[3236] 2015/02/24 18:28:11.331 收到 Head 資訊 {Count 2} {Type B } 
[3236] 2015/02/24 18:28:19.560 連線確認 E122828927 (21,21)
[3236] 2015/02/24 18:29:19.572 連線確認 E122828927 (21,21)
[3236] 2015/02/24 18:30:11.598 收到 Head 資訊 {Count 2} {Type C } 
[3236] 2015/02/24 18:30:19.587 連線確認 E122828927 (21,21)
[3236] 2015/02/24 18:30:21.610 收到 Head 資訊 {Count 2} {Type C } 
[3236] 2015/02/24 18:31:19.599 連線確認 E122828927 (21,21)
[3236] 2015/02/24 18:32:19.613 連線確認 E122828927 (21,21)
[3236] 2015/02/24 18:33:12.294 收到 Head 資訊 {Count 2} {Type B } 
[3236] 2015/02/24 18:33:19.628 連線確認 E122828927 (21,21)
[3236] 2015/02/24 18:34:19.641 連線確認 E122828927 (21,21)
[3236] 2015/02/24 18:35:19.654 連線確認 E122828927 (21,21)
[3236] 2015/02/24 18:36:19.667 連線確認 E122828927 (21,21)
[3236] 2015/02/24 18:37:19.681 連線確認 E122828927 (21,21)
[3236] 2015/02/24 18:38:13.295 收到 Head 資訊 {Count 2} {Type B } 
[3236] 2015/02/24 18:38:19.696 連線確認 E122828927 (21,21)
[3236] 2015/02/24 18:39:19.708 連線確認 E122828927 (21,21)
[3236] 2015/02/24 18:40:19.721 連線確認 E122828927 (21,21)
[3236] 2015/02/24 18:41:19.735 連線確認 E122828927 (21,21)
[3236] 2015/02/24 18:42:19.749 連線確認 E122828927 (21,21)
[3236] 2015/02/24 18:43:13.475 收到 Head 資訊 {Count 2} {Type B } 
[3236] 2015/02/24 18:43:19.763 連線確認 E122828927 (21,21)
[3236] 2015/02/24 18:44:19.777 連線確認 E122828927 (21,21)
[3236] 2015/02/24 18:45:19.790 連線確認 E122828927 (21,21)
[3236] 2015/02/24 18:46:19.803 連線確認 E122828927 (21,21)
[3236] 2015/02/24 18:46:31.111 收到 Head 資訊 {Count 2} {Type C } 
[3236] 2015/02/24 18:46:41.077 收到 Head 資訊 {Count 2} {Type C } 
[3236] 2015/02/24 18:46:51.065 收到 Head 資訊 {Count 2} {Type C } 
[3236] 2015/02/24 18:47:01.101 收到 Head 資訊 {Count 2} {Type C } 
[3236] 2015/02/24 18:47:11.091 收到 Head 資訊 {Count 2} {Type C } 
[3236] 2015/02/24 18:47:19.816 連線確認 E122828927 (21,21)
[3236] 2015/02/24 18:47:21.082 收到 Head 資訊 {Count 2} {Type C } 
[3236] 2015/02/24 18:48:14.525 收到 Head 資訊 {Count 2} {Type B } 
[3236] 2015/02/24 18:48:19.831 連線確認 E122828927 (21,21)
[3236] 2015/02/24 18:49:19.844 連線確認 E122828927 (21,21)
[3236] 2015/02/24 18:50:19.858 連線確認 E122828927 (21,21)
[3236] 2015/02/24 18:51:19.872 連線確認 E122828927 (21,21)
[3236] 2015/02/24 18:52:19.886 連線確認 E122828927 (21,21)
[3236] 2015/02/24 18:53:15.516 收到 Head 資訊 {Count 2} {Type B } 
[3236] 2015/02/24 18:53:19.899 連線確認 E122828927 (21,21)
[3236] 2015/02/24 18:54:19.912 連線確認 E122828927 (21,21)
[3236] 2015/02/24 18:55:19.926 連線確認 E122828927 (21,21)
[3236] 2015/02/24 18:56:01.136 收到 Head 資訊 {Count 2} {Type C } 
[3236] 2015/02/24 18:56:19.940 連線確認 E122828927 (21,21)
[3236] 2015/02/24 18:57:19.952 連線確認 E122828927 (21,21)
[3236] 2015/02/24 18:58:16.518 收到 Head 資訊 {Count 2} {Type B } 
[3236] 2015/02/24 18:58:19.966 連線確認 E122828927 (21,21)
[3236] 2015/02/24 18:59:19.980 連線確認 E122828927 (21,21)
[3236] 2015/02/24 19:00:19.994 連線確認 E122828927 (21,21)
[3236] 2015/02/24 19:01:20.007 連線確認 E122828927 (21,21)
[3236] 2015/02/24 19:02:20.021 連線確認 E122828927 (21,21)
[3236] 2015/02/24 19:03:17.477 收到 Head 資訊 {Count 2} {Type B } 
[3236] 2015/02/24 19:03:20.035 連線確認 E122828927 (21,21)
[3236] 2015/02/24 19:04:20.049 連線確認 E122828927 (21,21)
[3236] 2015/02/24 19:05:20.063 連線確認 E122828927 (21,21)
[3236] 2015/02/24 19:06:20.076 連線確認 E122828927 (21,21)
[3236] 2015/02/24 19:07:20.090 連線確認 E122828927 (21,21)
[3236] 2015/02/24 19:08:18.501 收到 Head 資訊 {Count 2} {Type B } 
[3236] 2015/02/24 19:08:20.102 連線確認 E122828927 (21,21)
[3236] 2015/02/24 19:09:20.116 連線確認 E122828927 (21,21)
[3236] 2015/02/24 19:10:20.130 連線確認 E122828927 (21,21)
[3236] 2015/02/24 19:11:20.143 連線確認 E122828927 (21,21)
[3236] 2015/02/24 19:12:20.157 連線確認 E122828927 (21,21)
[3236] 2015/02/24 19:13:19.513 收到 Head 資訊 {Count 2} {Type B } 
[3236] 2015/02/24 19:13:20.171 連線確認 E122828927 (21,21)
[3236] 2015/02/24 19:14:20.183 連線確認 E122828927 (21,21)
[3236] 2015/02/24 19:15:20.197 連線確認 E122828927 (21,21)
[3236] 2015/02/24 19:16:20.211 連線確認 E122828927 (21,21)
[3236] 2015/02/24 19:17:20.225 連線確認 E122828927 (21,21)
[3236] 2015/02/24 19:18:20.239 連線確認 E122828927 (21,21)
[3236] 2015/02/24 19:18:20.467 收到 Head 資訊 {Count 2} {Type B } 
[3236] 2015/02/24 19:19:20.253 連線確認 E122828927 (21,21)
[3236] 2015/02/24 19:20:20.266 連線確認 E122828927 (21,21)
[3236] 2015/02/24 19:21:20.280 連線確認 E122828927 (21,21)
[3236] 2015/02/24 19:22:20.293 連線確認 E122828927 (21,21)
[3236] 2015/02/24 19:23:20.305 連線確認 E122828927 (21,21)
[3236] 2015/02/24 19:23:21.525 收到 Head 資訊 {Count 2} {Type B } 
[3236] 2015/02/24 19:24:20.320 連線確認 E122828927 (21,21)
[3236] 2015/02/24 19:25:20.334 連線確認 E122828927 (21,21)
[3236] 2015/02/24 19:26:20.347 連線確認 E122828927 (21,21)
[3236] 2015/02/24 19:27:20.361 連線確認 E122828927 (21,21)
[3236] 2015/02/24 19:28:20.375 連線確認 E122828927 (21,21)
[3236] 2015/02/24 19:28:22.520 收到 Head 資訊 {Count 2} {Type B } 
[3236] 2015/02/24 19:29:20.388 連線確認 E122828927 (21,21)
[3236] 2015/02/24 19:30:20.401 連線確認 E122828927 (21,21)
[3236] 2015/02/24 19:31:20.414 連線確認 E122828927 (21,21)
[3236] 2015/02/24 19:32:20.428 連線確認 E122828927 (21,21)
[3236] 2015/02/24 19:33:20.441 連線確認 E122828927 (21,21)
[3236] 2015/02/24 19:33:23.516 收到 Head 資訊 {Count 2} {Type B } 
[3236] 2015/02/24 19:34:20.455 連線確認 E122828927 (21,21)
[3236] 2015/02/24 19:35:20.470 連線確認 E122828927 (21,21)
[3236] 2015/02/24 19:36:20.483 連線確認 E122828927 (21,21)
[3236] 2015/02/24 19:37:20.497 連線確認 E122828927 (21,21)
[3236] 2015/02/24 19:38:20.510 連線確認 E122828927 (21,21)
[3236] 2015/02/24 19:38:24.533 收到 Head 資訊 {Count 2} {Type B } 
[3236] 2015/02/24 19:39:20.524 連線確認 E122828927 (21,21)
[3236] 2015/02/24 19:40:20.537 連線確認 E122828927 (21,21)
[3236] 2015/02/24 19:41:20.552 連線確認 E122828927 (21,21)
[3236] 2015/02/24 19:42:20.565 連線確認 E122828927 (21,21)
[3236] 2015/02/24 19:43:20.579 連線確認 E122828927 (21,21)
[3236] 2015/02/24 19:43:25.709 收到 Head 資訊 {Count 2} {Type B } 
[3236] 2015/02/24 19:44:20.592 連線確認 E122828927 (21,21)
[3236] 2015/02/24 19:45:20.605 連線確認 E122828927 (21,21)
[3236] 2015/02/24 19:46:20.620 連線確認 E122828927 (21,21)
[3236] 2015/02/24 19:47:20.633 連線確認 E122828927 (21,21)
[3236] 2015/02/24 19:48:20.646 連線確認 E122828927 (21,21)
[3236] 2015/02/24 19:48:26.717 收到 Head 資訊 {Count 2} {Type B } 
[3236] 2015/02/24 19:49:20.660 連線確認 E122828927 (21,21)
[3236] 2015/02/24 19:50:20.673 連線確認 E122828927 (21,21)
[3236] 2015/02/24 19:51:20.686 連線確認 E122828927 (21,21)
[3236] 2015/02/24 19:52:20.701 連線確認 E122828927 (21,21)
[3236] 2015/02/24 19:53:20.714 連線確認 E122828927 (21,21)
[3236] 2015/02/24 19:53:27.724 收到 Head 資訊 {Count 2} {Type B } 
[3236] 2015/02/24 19:54:20.728 連線確認 E122828927 (21,21)
[3236] 2015/02/24 19:55:20.742 連線確認 E122828927 (21,21)
[3236] 2015/02/24 19:56:20.755 連線確認 E122828927 (21,21)
[3236] 2015/02/24 19:57:20.769 連線確認 E122828927 (21,21)
[3236] 2015/02/24 19:58:20.781 連線確認 E122828927 (21,21)
[3236] 2015/02/24 19:58:28.255 收到 Head 資訊 {Count 2} {Type B } 
[3236] 2015/02/24 19:59:20.795 連線確認 E122828927 (21,21)
[3236] 2015/02/24 20:00:20.809 連線確認 E122828927 (21,21)
[3236] 2015/02/24 20:01:20.823 連線確認 E122828927 (21,21)
[3236] 2015/02/24 20:02:20.836 連線確認 E122828927 (21,21)
[3236] 2015/02/24 20:03:20.850 連線確認 E122828927 (21,21)
[3236] 2015/02/24 20:03:29.262 收到 Head 資訊 {Count 2} {Type B } 
[3236] 2015/02/24 20:04:20.863 連線確認 E122828927 (21,21)
[3236] 2015/02/24 20:05:20.876 連線確認 E122828927 (21,21)
[3236] 2015/02/24 20:06:20.890 連線確認 E122828927 (21,21)
[3236] 2015/02/24 20:07:20.903 連線確認 E122828927 (21,21)
[3236] 2015/02/24 20:08:20.917 連線確認 E122828927 (21,21)
[3236] 2015/02/24 20:08:30.212 收到 Head 資訊 {Count 2} {Type B } 
[3236] 2015/02/24 20:09:20.932 連線確認 E122828927 (21,21)
[3236] 2015/02/24 20:10:20.945 連線確認 E122828927 (21,21)
[3236] 2015/02/24 20:11:20.959 連線確認 E122828927 (21,21)
[3236] 2015/02/24 20:12:20.972 連線確認 E122828927 (21,21)
[3236] 2015/02/24 20:13:20.985 連線確認 E122828927 (21,21)
[3236] 2015/02/24 20:13:31.129 收到 Head 資訊 {Count 2} {Type B } 
[3236] 2015/02/24 20:14:20.999 連線確認 E122828927 (21,21)
[3236] 2015/02/24 20:15:21.012 連線確認 E122828927 (21,21)
[3236] 2015/02/24 20:16:21.027 連線確認 E122828927 (21,21)
[3236] 2015/02/24 20:17:21.039 連線確認 E122828927 (21,21)
[3236] 2015/02/24 20:18:21.053 連線確認 E122828927 (21,21)
[3236] 2015/02/24 20:18:32.152 收到 Head 資訊 {Count 2} {Type B } 
[3236] 2015/02/24 20:19:21.067 連線確認 E122828927 (21,21)
[3236] 2015/02/24 20:20:21.081 連線確認 E122828927 (21,21)
[3236] 2015/02/24 20:21:21.094 連線確認 E122828927 (21,21)
[3236] 2015/02/24 20:22:21.108 連線確認 E122828927 (21,21)
[3236] 2015/02/24 20:23:21.121 連線確認 E122828927 (21,21)
[3236] 2015/02/24 20:23:33.138 收到 Head 資訊 {Count 2} {Type B } 
[3236] 2015/02/24 20:24:21.135 連線確認 E122828927 (21,21)
[3236] 2015/02/24 20:25:21.148 連線確認 E122828927 (21,21)
[3236] 2015/02/24 20:26:21.163 連線確認 E122828927 (21,21)
[3236] 2015/02/24 20:27:21.176 連線確認 E122828927 (21,21)
[3236] 2015/02/24 20:28:21.190 連線確認 E122828927 (21,21)
[3236] 2015/02/24 20:28:34.124 收到 Head 資訊 {Count 2} {Type B } 
[3236] 2015/02/24 20:29:21.204 連線確認 E122828927 (21,21)
[3236] 2015/02/24 20:30:21.217 連線確認 E122828927 (21,21)
[3236] 2015/02/24 20:31:21.230 連線確認 E122828927 (21,21)
[3236] 2015/02/24 20:32:21.244 連線確認 E122828927 (21,21)
[3236] 2015/02/24 20:33:21.257 連線確認 E122828927 (21,21)
[3236] 2015/02/24 20:33:35.131 收到 Head 資訊 {Count 2} {Type B } 
[3236] 2015/02/24 20:34:21.271 連線確認 E122828927 (21,21)
[3236] 2015/02/24 20:35:21.285 連線確認 E122828927 (21,21)
[3236] 2015/02/24 20:36:21.298 連線確認 E122828927 (21,21)
[3236] 2015/02/24 20:37:21.312 連線確認 E122828927 (21,21)
[3236] 2015/02/24 20:38:21.325 連線確認 E122828927 (21,21)
[3236] 2015/02/24 20:38:36.116 收到 Head 資訊 {Count 2} {Type B } 
[3236] 2015/02/24 20:39:21.338 連線確認 E122828927 (21,21)
[3236] 2015/02/24 20:40:21.353 連線確認 E122828927 (21,21)
[3236] 2015/02/24 20:41:21.366 連線確認 E122828927 (21,21)
[3236] 2015/02/24 20:42:21.380 連線確認 E122828927 (21,21)
[3236] 2015/02/24 20:43:21.394 連線確認 E122828927 (21,21)
[3236] 2015/02/24 20:43:37.134 收到 Head 資訊 {Count 2} {Type B } 
[3236] 2015/02/24 20:44:21.407 連線確認 E122828927 (21,21)
[3236] 2015/02/24 20:45:21.420 連線確認 E122828927 (21,21)
[3236] 2015/02/24 20:46:21.434 連線確認 E122828927 (21,21)
[3236] 2015/02/24 20:47:21.447 連線確認 E122828927 (21,21)
[3236] 2015/02/24 20:48:21.476 連線確認 E122828927 (21,21)
[3236] 2015/02/24 20:48:38.128 收到 Head 資訊 {Count 2} {Type B } 
[3236] 2015/02/24 20:49:21.474 連線確認 E122828927 (21,21)
[3236] 2015/02/24 20:50:21.488 連線確認 E122828927 (21,21)
[3236] 2015/02/24 20:51:21.502 連線確認 E122828927 (21,21)
[3236] 2015/02/24 20:52:21.515 連線確認 E122828927 (21,21)
[3236] 2015/02/24 20:53:21.529 連線確認 E122828927 (21,21)
[3236] 2015/02/24 20:53:39.683 收到 Head 資訊 {Count 2} {Type B } 
[3236] 2015/02/24 20:54:21.543 連線確認 E122828927 (21,21)
[3236] 2015/02/24 20:55:21.556 連線確認 E122828927 (21,21)
[3236] 2015/02/24 20:56:21.570 連線確認 E122828927 (21,21)
[3236] 2015/02/24 20:57:21.582 連線確認 E122828927 (21,21)
[3236] 2015/02/24 20:58:21.597 連線確認 E122828927 (21,21)
[3236] 2015/02/24 20:58:40.700 收到 Head 資訊 {Count 2} {Type B } 
[3236] 2015/02/24 20:59:21.610 連線確認 E122828927 (21,21)
[3236] 2015/02/24 21:00:21.625 連線確認 E122828927 (21,21)
[3236] 2015/02/24 21:01:21.637 連線確認 E122828927 (21,21)
[3236] 2015/02/24 21:02:21.651 連線確認 E122828927 (21,21)
[3236] 2015/02/24 21:03:21.665 連線確認 E122828927 (21,21)
[3236] 2015/02/24 21:03:41.673 收到 Head 資訊 {Count 2} {Type B } 
[3236] 2015/02/24 21:04:21.679 連線確認 E122828927 (21,21)
[3236] 2015/02/24 21:05:21.692 連線確認 E122828927 (21,21)
[3236] 2015/02/24 21:06:21.706 連線確認 E122828927 (21,21)
[3236] 2015/02/24 21:07:21.720 連線確認 E122828927 (21,21)
[3236] 2015/02/24 21:08:21.732 連線確認 E122828927 (21,21)
[3236] 2015/02/24 21:08:42.664 收到 Head 資訊 {Count 2} {Type B } 
[3236] 2015/02/24 21:09:21.746 連線確認 E122828927 (21,21)
[3236] 2015/02/24 21:10:21.759 連線確認 E122828927 (21,21)
[3236] 2015/02/24 21:11:21.773 連線確認 E122828927 (21,21)
[3236] 2015/02/24 21:12:21.789 連線確認 E122828927 (21,21)
[3236] 2015/02/24 21:13:21.800 連線確認 E122828927 (21,21)
[3236] 2015/02/24 21:13:43.668 收到 Head 資訊 {Count 2} {Type B } 
[3236] 2015/02/24 21:14:21.814 連線確認 E122828927 (21,21)
[3236] 2015/02/24 21:15:21.828 連線確認 E122828927 (21,21)
[3236] 2015/02/24 21:16:21.842 連線確認 E122828927 (21,21)
[3236] 2015/02/24 21:17:21.857 連線確認 E122828927 (21,21)
[3236] 2015/02/24 21:18:21.869 連線確認 E122828927 (21,21)
[3236] 2015/02/24 21:18:44.705 收到 Head 資訊 {Count 2} {Type B } 
[3236] 2015/02/24 21:19:21.883 連線確認 E122828927 (21,21)
[3236] 2015/02/24 21:20:21.895 連線確認 E122828927 (21,21)
[3236] 2015/02/24 21:21:21.910 連線確認 E122828927 (21,21)
[3236] 2015/02/24 21:22:21.922 連線確認 E122828927 (21,21)
[3236] 2015/02/24 21:23:21.937 連線確認 E122828927 (21,21)
[3236] 2015/02/24 21:23:45.661 收到 Head 資訊 {Count 2} {Type B } 
[3236] 2015/02/24 21:24:21.951 連線確認 E122828927 (21,21)
[3236] 2015/02/24 21:25:21.964 連線確認 E122828927 (21,21)
[3236] 2015/02/24 21:26:21.977 連線確認 E122828927 (21,21)
[3236] 2015/02/24 21:27:21.991 連線確認 E122828927 (21,21)
[3236] 2015/02/24 21:28:22.005 連線確認 E122828927 (21,21)
[3236] 2015/02/24 21:28:46.686 收到 Head 資訊 {Count 2} {Type B } 
[3236] 2015/02/24 21:29:22.018 連線確認 E122828927 (21,21)
[3236] 2015/02/24 21:30:22.031 連線確認 E122828927 (21,21)
[3236] 2015/02/24 21:31:22.045 連線確認 E122828927 (21,21)
[3236] 2015/02/24 21:32:22.058 連線確認 E122828927 (21,21)
[3236] 2015/02/24 21:33:22.072 連線確認 E122828927 (21,21)
[3236] 2015/02/24 21:33:47.047 收到 Head 資訊 {Count 2} {Type B } 
[3236] 2015/02/24 21:34:22.086 連線確認 E122828927 (21,21)
[3236] 2015/02/24 21:35:22.099 連線確認 E122828927 (21,21)
[3236] 2015/02/24 21:36:22.114 連線確認 E122828927 (21,21)
[3236] 2015/02/24 21:37:22.126 連線確認 E122828927 (21,21)
[3236] 2015/02/24 21:38:22.140 連線確認 E122828927 (21,21)
[3236] 2015/02/24 21:38:48.053 收到 Head 資訊 {Count 2} {Type B } 
[3236] 2015/02/24 21:39:22.154 連線確認 E122828927 (21,21)
[3236] 2015/02/24 21:40:22.168 連線確認 E122828927 (21,21)
[3236] 2015/02/24 21:41:22.181 連線確認 E122828927 (21,21)
[3236] 2015/02/24 21:42:22.194 連線確認 E122828927 (21,21)
[3236] 2015/02/24 21:43:22.209 連線確認 E122828927 (21,21)
[3236] 2015/02/24 21:43:49.031 收到 Head 資訊 {Count 2} {Type B } 
[3236] 2015/02/24 21:44:22.221 連線確認 E122828927 (21,21)
[3236] 2015/02/24 21:45:22.236 連線確認 E122828927 (21,21)
[3236] 2015/02/24 21:46:22.249 連線確認 E122828927 (21,21)
[3236] 2015/02/24 21:47:22.263 連線確認 E122828927 (21,21)
[3236] 2015/02/24 21:48:22.276 連線確認 E122828927 (21,21)
[3236] 2015/02/24 21:48:50.811 收到 Head 資訊 {Count 2} {Type B } 
[3236] 2015/02/24 21:49:22.289 連線確認 E122828927 (21,21)
[3236] 2015/02/24 21:50:22.302 連線確認 E122828927 (21,21)
[3236] 2015/02/24 21:51:22.317 連線確認 E122828927 (21,21)
[3236] 2015/02/24 21:52:22.330 連線確認 E122828927 (21,21)
[3236] 2015/02/24 21:53:22.346 連線確認 E122828927 (21,21)
[3236] 2015/02/24 21:53:51.765 收到 Head 資訊 {Count 2} {Type B } 
[3236] 2015/02/24 21:54:22.357 連線確認 E122828927 (21,21)
[3236] 2015/02/24 21:55:22.373 連線確認 E122828927 (21,21)
[3236] 2015/02/24 21:56:22.384 連線確認 E122828927 (21,21)
[3236] 2015/02/24 21:57:22.398 連線確認 E122828927 (21,21)
[3236] 2015/02/24 21:58:22.412 連線確認 E122828927 (21,21)
[3236] 2015/02/24 21:58:52.809 收到 Head 資訊 {Count 2} {Type B } 
[3236] 2015/02/24 21:59:22.425 連線確認 E122828927 (21,21)
[3236] 2015/02/24 22:00:22.439 連線確認 E122828927 (21,21)
[3236] 2015/02/24 22:01:22.452 連線確認 E122828927 (21,21)
[3236] 2015/02/24 22:02:22.467 連線確認 E122828927 (21,21)
[3236] 2015/02/24 22:03:22.480 連線確認 E122828927 (21,21)
[3236] 2015/02/24 22:03:53.522 收到 Head 資訊 {Count 2} {Type B } 
[3236] 2015/02/24 22:04:22.494 連線確認 E122828927 (21,21)
[3236] 2015/02/24 22:05:22.508 連線確認 E122828927 (21,21)
[3236] 2015/02/24 22:06:22.521 連線確認 E122828927 (21,21)
[3236] 2015/02/24 22:07:22.534 連線確認 E122828927 (21,21)
[3236] 2015/02/24 22:08:22.547 連線確認 E122828927 (21,21)
[3236] 2015/02/24 22:08:54.553 收到 Head 資訊 {Count 2} {Type B } 
[3236] 2015/02/24 22:09:22.561 連線確認 E122828927 (21,21)
[3236] 2015/02/24 22:10:22.575 連線確認 E122828927 (21,21)
[3236] 2015/02/24 22:11:22.588 連線確認 E122828927 (21,21)
[3236] 2015/02/24 22:12:22.603 連線確認 E122828927 (21,21)
[3236] 2015/02/24 22:13:22.615 連線確認 E122828927 (21,21)
[3236] 2015/02/24 22:13:55.576 收到 Head 資訊 {Count 2} {Type B } 
[3236] 2015/02/24 22:14:22.629 連線確認 E122828927 (21,21)
[3236] 2015/02/24 22:15:22.644 連線確認 E122828927 (21,21)
[3236] 2015/02/24 22:16:22.657 連線確認 E122828927 (21,21)
[3236] 2015/02/24 22:17:22.670 連線確認 E122828927 (21,21)
[3236] 2015/02/24 22:18:22.683 連線確認 E122828927 (21,21)
[3236] 2015/02/24 22:18:56.682 收到 Head 資訊 {Count 2} {Type B } 
[3236] 2015/02/24 22:19:22.698 連線確認 E122828927 (21,21)
[3236] 2015/02/24 22:20:22.711 連線確認 E122828927 (21,21)
[3236] 2015/02/24 22:21:22.723 連線確認 E122828927 (21,21)
[3236] 2015/02/24 22:22:22.739 連線確認 E122828927 (21,21)
[3236] 2015/02/24 22:23:22.751 連線確認 E122828927 (21,21)
[3236] 2015/02/24 22:23:57.713 收到 Head 資訊 {Count 2} {Type B } 
[3236] 2015/02/24 22:24:22.766 連線確認 E122828927 (21,21)
[3236] 2015/02/24 22:25:22.778 連線確認 E122828927 (21,21)
[3236] 2015/02/24 22:26:22.793 連線確認 E122828927 (21,21)
[3236] 2015/02/24 22:27:22.806 連線確認 E122828927 (21,21)
[3236] 2015/02/24 22:28:22.819 連線確認 E122828927 (21,21)
[3236] 2015/02/24 22:28:58.701 收到 Head 資訊 {Count 2} {Type B } 
[3236] 2015/02/24 22:29:22.834 連線確認 E122828927 (21,21)
[3236] 2015/02/24 22:30:22.846 連線確認 E122828927 (21,21)
[3236] 2015/02/24 22:31:22.860 連線確認 E122828927 (21,21)
[3236] 2015/02/24 22:32:22.874 連線確認 E122828927 (21,21)
[3236] 2015/02/24 22:33:22.888 連線確認 E122828927 (21,21)
[3236] 2015/02/24 22:33:59.282 收到 Head 資訊 {Count 2} {Type B } 
[3236] 2015/02/24 22:34:22.901 連線確認 E122828927 (21,21)
[3236] 2015/02/24 22:35:22.914 連線確認 E122828927 (21,21)
[3236] 2015/02/24 22:36:22.929 連線確認 E122828927 (21,21)
[3236] 2015/02/24 22:37:22.941 連線確認 E122828927 (21,21)
[3236] 2015/02/24 22:38:22.955 連線確認 E122828927 (21,21)
[3236] 2015/02/24 22:39:00.243 收到 Head 資訊 {Count 2} {Type B } 
[3236] 2015/02/24 22:39:22.970 連線確認 E122828927 (21,21)
[3236] 2015/02/24 22:40:22.982 連線確認 E122828927 (21,21)
[3236] 2015/02/24 22:41:22.996 連線確認 E122828927 (21,21)
[3236] 2015/02/24 22:42:23.009 連線確認 E122828927 (21,21)
[3236] 2015/02/24 22:43:23.023 連線確認 E122828927 (21,21)
[3236] 2015/02/24 22:44:01.267 收到 Head 資訊 {Count 2} {Type B } 
[3236] 2015/02/24 22:44:23.036 連線確認 E122828927 (21,21)
[3236] 2015/02/24 22:45:29.563 連線確認 E122828927 (21,21)
[3236] 2015/02/24 22:46:29.507 連線確認 E122828927 (21,21)
[3236] 2015/02/24 22:47:29.521 連線確認 E122828927 (21,21)
[3236] 2015/02/24 22:48:29.535 連線確認 E122828927 (21,21)
[3236] 2015/02/24 22:49:02.110 收到 Head 資訊 {Count 2} {Type B } 
[3236] 2015/02/24 22:49:29.548 連線確認 E122828927 (21,21)
[3236] 2015/02/24 22:50:29.561 連線確認 E122828927 (21,21)
[3236] 2015/02/24 22:51:29.574 連線確認 E122828927 (21,21)
[3236] 2015/02/24 22:52:29.588 連線確認 E122828927 (21,21)
[3236] 2015/02/24 22:53:29.601 連線確認 E122828927 (21,21)
[3236] 2015/02/24 22:54:03.091 收到 Head 資訊 {Count 2} {Type B } 
[3236] 2015/02/24 22:54:29.615 連線確認 E122828927 (21,21)
[3236] 2015/02/24 22:55:29.629 連線確認 E122828927 (21,21)
[3236] 2015/02/24 22:56:29.642 連線確認 E122828927 (21,21)
[3236] 2015/02/24 22:57:29.657 連線確認 E122828927 (21,21)
[3236] 2015/02/24 22:58:29.669 連線確認 E122828927 (21,21)
[3236] 2015/02/24 22:59:04.111 收到 Head 資訊 {Count 2} {Type B } 
[3236] 2015/02/24 22:59:29.684 連線確認 E122828927 (21,21)
[3236] 2015/02/24 23:00:29.699 連線確認 E122828927 (21,21)
[3236] 2015/02/24 23:01:29.710 連線確認 E122828927 (21,21)
[3236] 2015/02/24 23:02:29.724 連線確認 E122828927 (21,21)
[3236] 2015/02/24 23:03:29.737 連線確認 E122828927 (21,21)
[3236] 2015/02/24 23:04:04.836 收到 Head 資訊 {Count 2} {Type B } 
[3236] 2015/02/24 23:04:29.752 連線確認 E122828927 (21,21)
[3236] 2015/02/24 23:05:29.766 連線確認 E122828927 (21,21)
[3236] 2015/02/24 23:06:29.778 連線確認 E122828927 (21,21)
[3236] 2015/02/24 23:07:29.792 連線確認 E122828927 (21,21)
[3236] 2015/02/24 23:08:29.805 連線確認 E122828927 (21,21)
[3236] 2015/02/24 23:09:05.817 收到 Head 資訊 {Count 2} {Type B } 
[3236] 2015/02/24 23:09:29.818 連線確認 E122828927 (21,21)
[3236] 2015/02/24 23:10:29.832 連線確認 E122828927 (21,21)
[3236] 2015/02/24 23:11:29.847 連線確認 E122828927 (21,21)
[3236] 2015/02/24 23:12:29.860 連線確認 E122828927 (21,21)
[3236] 2015/02/24 23:13:29.873 連線確認 E122828927 (21,21)
[3236] 2015/02/24 23:14:06.810 收到 Head 資訊 {Count 2} {Type B } 
[3236] 2015/02/24 23:14:29.887 連線確認 E122828927 (21,21)
[3236] 2015/02/24 23:15:29.901 連線確認 E122828927 (21,21)
[3236] 2015/02/24 23:16:29.915 連線確認 E122828927 (21,21)
[3236] 2015/02/24 23:17:30.501 連線確認 E122828927 (21,21)
[3236] 2015/02/24 23:18:30.505 連線確認 E122828927 (21,21)
[3236] 2015/02/24 23:19:08.535 收到 Head 資訊 {Count 2} {Type B } 
[3236] 2015/02/24 23:19:30.516 連線確認 E122828927 (21,21)
[3236] 2015/02/24 23:20:30.531 連線確認 E122828927 (21,21)
[3236] 2015/02/24 23:21:30.544 連線確認 E122828927 (21,21)
[3236] 2015/02/24 23:22:30.557 連線確認 E122828927 (21,21)
[3236] 2015/02/24 23:23:30.571 連線確認 E122828927 (21,21)
[3236] 2015/02/24 23:24:09.505 收到 Head 資訊 {Count 2} {Type B } 
[3236] 2015/02/24 23:24:30.585 連線確認 E122828927 (21,21)
[3236] 2015/02/24 23:25:30.598 連線確認 E122828927 (21,21)
[3236] 2015/02/24 23:26:30.611 連線確認 E122828927 (21,21)
[3236] 2015/02/24 23:27:30.625 連線確認 E122828927 (21,21)
[3236] 2015/02/24 23:28:30.639 連線確認 E122828927 (21,21)
[3236] 2015/02/24 23:29:10.532 收到 Head 資訊 {Count 2} {Type B } 
[3236] 2015/02/24 23:29:30.653 連線確認 E122828927 (21,21)
[3236] 2015/02/24 23:30:30.666 連線確認 E122828927 (21,21)
[3236] 2015/02/24 23:31:30.680 連線確認 E122828927 (21,21)
[3236] 2015/02/24 23:32:30.694 連線確認 E122828927 (21,21)
[3236] 2015/02/24 23:33:30.706 連線確認 E122828927 (21,21)
[3236] 2015/02/24 23:34:11.038 收到 Head 資訊 {Count 2} {Type B } 
[3236] 2015/02/24 23:34:30.720 連線確認 E122828927 (21,21)
[3236] 2015/02/24 23:35:30.735 連線確認 E122828927 (21,21)
[3236] 2015/02/24 23:36:30.748 連線確認 E122828927 (21,21)
[3236] 2015/02/24 23:37:30.761 連線確認 E122828927 (21,21)
[3236] 2015/02/24 23:38:30.774 連線確認 E122828927 (21,21)
[3236] 2015/02/24 23:39:12.027 收到 Head 資訊 {Count 2} {Type B } 
[3236] 2015/02/24 23:39:30.789 連線確認 E122828927 (21,21)
[3236] 2015/02/24 23:40:30.801 連線確認 E122828927 (21,21)
[3236] 2015/02/24 23:41:30.815 連線確認 E122828927 (21,21)
[3236] 2015/02/24 23:42:30.829 連線確認 E122828927 (21,21)
[3236] 2015/02/24 23:43:30.842 連線確認 E122828927 (21,21)
[3236] 2015/02/24 23:44:13.036 收到 Head 資訊 {Count 2} {Type B } 
[3236] 2015/02/24 23:44:30.856 連線確認 E122828927 (21,21)
[3236] 2015/02/24 23:45:30.870 連線確認 E122828927 (21,21)
[3236] 2015/02/24 23:46:30.884 連線確認 E122828927 (21,21)
[3236] 2015/02/24 23:47:30.897 連線確認 E122828927 (21,21)
[3236] 2015/02/24 23:48:30.910 連線確認 E122828927 (21,21)
[3236] 2015/02/24 23:49:14.292 收到 Head 資訊 {Count 2} {Type B } 
[3236] 2015/02/24 23:49:30.925 連線確認 E122828927 (21,21)
[3236] 2015/02/24 23:50:30.938 連線確認 E122828927 (21,21)
[3236] 2015/02/24 23:51:30.952 連線確認 E122828927 (21,21)
[3236] 2015/02/24 23:52:30.964 連線確認 E122828927 (21,21)
[3236] 2015/02/24 23:53:30.978 連線確認 E122828927 (21,21)
[3236] 2015/02/24 23:54:15.314 收到 Head 資訊 {Count 2} {Type B } 
[3236] 2015/02/24 23:54:30.992 連線確認 E122828927 (21,21)
[3236] 2015/02/24 23:55:31.006 連線確認 E122828927 (21,21)
[3236] 2015/02/24 23:56:31.020 連線確認 E122828927 (21,21)
[3236] 2015/02/24 23:57:31.032 連線確認 E122828927 (21,21)
[3236] 2015/02/24 23:58:31.047 連線確認 E122828927 (21,21)
[3236] 2015/02/24 23:59:16.318 收到 Head 資訊 {Count 2} {Type B } 
[3236] 2015/02/24 23:59:31.060 連線確認 E122828927 (21,21)
[3236] 2015/02/25 00:00:31.074 連線確認 E122828927 (21,21)
[3236] 2015/02/25 00:01:31.088 連線確認 E122828927 (21,21)
[3236] 2015/02/25 00:02:31.101 連線確認 E122828927 (21,21)
[3236] 2015/02/25 00:03:31.501 連線確認 E122828927 (21,21)
[3236] 2015/02/25 00:04:17.291 收到 Head 資訊 {Count 2} {Type B } 
[3236] 2015/02/25 00:04:31.502 連線確認 E122828927 (21,21)
[3236] 2015/02/25 00:05:31.515 連線確認 E122828927 (21,21)
[3236] 2015/02/25 00:06:31.530 連線確認 E122828927 (21,21)
[3236] 2015/02/25 00:07:31.542 連線確認 E122828927 (21,21)
[3236] 2015/02/25 00:08:31.557 連線確認 E122828927 (21,21)
[3236] 2015/02/25 00:09:18.287 收到 Head 資訊 {Count 2} {Type B } 
[3236] 2015/02/25 00:09:31.570 連線確認 E122828927 (21,21)
[3236] 2015/02/25 00:10:31.584 連線確認 E122828927 (21,21)
[3236] 2015/02/25 00:11:31.598 連線確認 E122828927 (21,21)
[3236] 2015/02/25 00:12:31.610 連線確認 E122828927 (21,21)
[3236] 2015/02/25 00:13:31.625 連線確認 E122828927 (21,21)
[3236] 2015/02/25 00:14:19.258 收到 Head 資訊 {Count 2} {Type B } 
[3236] 2015/02/25 00:14:31.638 連線確認 E122828927 (21,21)
[3236] 2015/02/25 00:15:31.652 連線確認 E122828927 (21,21)
[3236] 2015/02/25 00:16:31.666 連線確認 E122828927 (21,21)
[3236] 2015/02/25 00:17:31.680 連線確認 E122828927 (21,21)
[3236] 2015/02/25 00:18:31.692 連線確認 E122828927 (21,21)
[3236] 2015/02/25 00:19:19.648 收到 Head 資訊 {Count 2} {Type B } 
[3236] 2015/02/25 00:19:31.706 連線確認 E122828927 (21,21)
[3236] 2015/02/25 00:20:31.719 連線確認 E122828927 (21,21)
[3236] 2015/02/25 00:21:31.734 連線確認 E122828927 (21,21)
[3236] 2015/02/25 00:22:31.747 連線確認 E122828927 (21,21)
[3236] 2015/02/25 00:23:31.760 連線確認 E122828927 (21,21)
[3236] 2015/02/25 00:24:20.663 收到 Head 資訊 {Count 2} {Type B } 
[3236] 2015/02/25 00:24:31.773 連線確認 E122828927 (21,21)
[3236] 2015/02/25 00:25:31.788 連線確認 E122828927 (21,21)
[3236] 2015/02/25 00:26:31.801 連線確認 E122828927 (21,21)
[3236] 2015/02/25 00:27:31.814 連線確認 E122828927 (21,21)
[3236] 2015/02/25 00:28:31.829 連線確認 E122828927 (21,21)
[3236] 2015/02/25 00:29:21.656 收到 Head 資訊 {Count 2} {Type B } 
[3236] 2015/02/25 00:29:31.842 連線確認 E122828927 (21,21)
[3236] 2015/02/25 00:30:31.855 連線確認 E122828927 (21,21)
[3236] 2015/02/25 00:31:31.869 連線確認 E122828927 (21,21)
[3236] 2015/02/25 00:32:31.883 連線確認 E122828927 (21,21)
[3236] 2015/02/25 00:33:31.896 連線確認 E122828927 (21,21)
[3236] 2015/02/25 00:34:22.691 收到 Head 資訊 {Count 2} {Type B } 
[3236] 2015/02/25 00:34:31.910 連線確認 E122828927 (21,21)
[3236] 2015/02/25 00:35:31.924 連線確認 E122828927 (21,21)
[3236] 2015/02/25 00:36:31.938 連線確認 E122828927 (21,21)
[3236] 2015/02/25 00:37:31.950 連線確認 E122828927 (21,21)
[3236] 2015/02/25 00:38:31.964 連線確認 E122828927 (21,21)
[3236] 2015/02/25 00:39:23.723 收到 Head 資訊 {Count 2} {Type B } 
[3236] 2015/02/25 00:39:31.978 連線確認 E122828927 (21,21)
[3236] 2015/02/25 00:40:31.992 連線確認 E122828927 (21,21)
[3236] 2015/02/25 00:41:32.005 連線確認 E122828927 (21,21)
[3236] 2015/02/25 00:42:32.019 連線確認 E122828927 (21,21)
[3236] 2015/02/25 00:43:32.032 連線確認 E122828927 (21,21)
[3236] 2015/02/25 00:44:24.677 收到 Head 資訊 {Count 2} {Type B } 
[3236] 2015/02/25 00:44:32.045 連線確認 E122828927 (21,21)
[3236] 2015/02/25 00:45:32.060 連線確認 E122828927 (21,21)
[3236] 2015/02/25 00:46:32.072 連線確認 E122828927 (21,21)
[3236] 2015/02/25 00:47:32.087 連線確認 E122828927 (21,21)
[3236] 2015/02/25 00:48:32.101 連線確認 E122828927 (21,21)
[3236] 2015/02/25 00:49:26.062 收到 Head 資訊 {Count 2} {Type B } 
[3236] 2015/02/25 00:49:32.113 連線確認 E122828927 (21,21)
[3236] 2015/02/25 00:50:32.127 連線確認 E122828927 (21,21)
[3236] 2015/02/25 00:51:32.141 連線確認 E122828927 (21,21)
[3236] 2015/02/25 00:52:32.155 連線確認 E122828927 (21,21)
[3236] 2015/02/25 00:53:32.169 連線確認 E122828927 (21,21)
[3236] 2015/02/25 00:54:27.099 收到 Head 資訊 {Count 2} {Type B } 
[3236] 2015/02/25 00:54:32.181 連線確認 E122828927 (21,21)
[3236] 2015/02/25 00:55:32.195 連線確認 E122828927 (21,21)
[3236] 2015/02/25 00:56:32.209 連線確認 E122828927 (21,21)
[3236] 2015/02/25 00:57:32.223 連線確認 E122828927 (21,21)
[3236] 2015/02/25 00:58:32.238 連線確認 E122828927 (21,21)
[3236] 2015/02/25 00:59:28.070 收到 Head 資訊 {Count 2} {Type B } 
[3236] 2015/02/25 00:59:32.250 連線確認 E122828927 (21,21)
[3236] 2015/02/25 01:00:32.263 連線確認 E122828927 (21,21)
[3236] 2015/02/25 01:01:32.276 連線確認 E122828927 (21,21)
[3236] 2015/02/25 01:02:32.290 連線確認 E122828927 (21,21)
[3236] 2015/02/25 01:03:32.304 連線確認 E122828927 (21,21)
[3236] 2015/02/25 01:04:29.092 收到 Head 資訊 {Count 2} {Type B } 
[3236] 2015/02/25 01:04:32.319 連線確認 E122828927 (21,21)
[3236] 2015/02/25 01:05:32.332 連線確認 E122828927 (21,21)
[3236] 2015/02/25 01:06:32.345 連線確認 E122828927 (21,21)
[3236] 2015/02/25 01:07:32.358 連線確認 E122828927 (21,21)
[3236] 2015/02/25 01:08:32.371 連線確認 E122828927 (21,21)
[3236] 2015/02/25 01:09:29.936 收到 Head 資訊 {Count 2} {Type B } 
[3236] 2015/02/25 01:09:32.386 連線確認 E122828927 (21,21)
[3236] 2015/02/25 01:10:32.399 連線確認 E122828927 (21,21)
[3236] 2015/02/25 01:11:32.412 連線確認 E122828927 (21,21)
[3236] 2015/02/25 01:12:32.427 連線確認 E122828927 (21,21)
[3236] 2015/02/25 01:13:32.440 連線確認 E122828927 (21,21)
[3236] 2015/02/25 01:14:30.934 收到 Head 資訊 {Count 2} {Type B } 
[3236] 2015/02/25 01:14:32.453 連線確認 E122828927 (21,21)
[3236] 2015/02/25 01:15:32.466 連線確認 E122828927 (21,21)
[3236] 2015/02/25 01:16:32.481 連線確認 E122828927 (21,21)
[3236] 2015/02/25 01:17:32.493 連線確認 E122828927 (21,21)
[3236] 2015/02/25 01:18:32.508 連線確認 E122828927 (21,21)
[3236] 2015/02/25 01:19:31.937 收到 Head 資訊 {Count 2} {Type B } 
[3236] 2015/02/25 01:19:32.521 連線確認 E122828927 (21,21)
[3236] 2015/02/25 01:20:32.534 連線確認 E122828927 (21,21)
[3236] 2015/02/25 01:21:32.548 連線確認 E122828927 (21,21)
[3236] 2015/02/25 01:22:32.562 連線確認 E122828927 (21,21)
[3236] 2015/02/25 01:23:32.576 連線確認 E122828927 (21,21)
[3236] 2015/02/25 01:24:32.589 連線確認 E122828927 (21,21)
[3236] 2015/02/25 01:24:33.103 收到 Head 資訊 {Count 2} {Type B } 
[3236] 2015/02/25 01:25:32.603 連線確認 E122828927 (21,21)
[3236] 2015/02/25 01:26:32.616 連線確認 E122828927 (21,21)
[3236] 2015/02/25 01:27:32.629 連線確認 E122828927 (21,21)
[3236] 2015/02/25 01:28:32.643 連線確認 E122828927 (21,21)
[3236] 2015/02/25 01:29:32.657 連線確認 E122828927 (21,21)
[3236] 2015/02/25 01:29:34.103 收到 Head 資訊 {Count 2} {Type B } 
[3236] 2015/02/25 01:30:32.671 連線確認 E122828927 (21,21)
[3236] 2015/02/25 01:31:32.684 連線確認 E122828927 (21,21)
[3236] 2015/02/25 01:32:32.698 連線確認 E122828927 (21,21)
[3236] 2015/02/25 01:33:32.712 連線確認 E122828927 (21,21)
[3236] 2015/02/25 01:34:32.725 連線確認 E122828927 (21,21)
[3236] 2015/02/25 01:34:35.088 收到 Head 資訊 {Count 2} {Type B } 
[3236] 2015/02/25 01:35:32.738 連線確認 E122828927 (21,21)
[3236] 2015/02/25 01:36:32.752 連線確認 E122828927 (21,21)
[3236] 2015/02/25 01:37:32.765 連線確認 E122828927 (21,21)
[3236] 2015/02/25 01:38:32.779 連線確認 E122828927 (21,21)
[3236] 2015/02/25 01:39:32.793 連線確認 E122828927 (21,21)
[3236] 2015/02/25 01:39:36.082 收到 Head 資訊 {Count 2} {Type B } 
[3236] 2015/02/25 01:40:32.807 連線確認 E122828927 (21,21)
[3236] 2015/02/25 01:41:32.820 連線確認 E122828927 (21,21)
[3236] 2015/02/25 01:42:32.834 連線確認 E122828927 (21,21)
[3236] 2015/02/25 01:43:32.847 連線確認 E122828927 (21,21)
[3236] 2015/02/25 01:44:32.860 連線確認 E122828927 (21,21)
[3236] 2015/02/25 01:44:37.105 收到 Head 資訊 {Count 2} {Type B } 
[3236] 2015/02/25 01:45:32.874 連線確認 E122828927 (21,21)
[3236] 2015/02/25 01:46:32.887 連線確認 E122828927 (21,21)
[3236] 2015/02/25 01:47:32.903 連線確認 E122828927 (21,21)
[3236] 2015/02/25 01:48:32.915 連線確認 E122828927 (21,21)
[3236] 2015/02/25 01:49:32.929 連線確認 E122828927 (21,21)
[3236] 2015/02/25 01:49:38.073 收到 Head 資訊 {Count 2} {Type B } 
[3236] 2015/02/25 01:50:32.943 連線確認 E122828927 (21,21)
[3236] 2015/02/25 01:51:32.956 連線確認 E122828927 (21,21)
[3236] 2015/02/25 01:52:32.969 連線確認 E122828927 (21,21)
[3236] 2015/02/25 01:53:32.983 連線確認 E122828927 (21,21)
[3236] 2015/02/25 01:54:32.997 連線確認 E122828927 (21,21)
[3236] 2015/02/25 01:54:38.565 收到 Head 資訊 {Count 2} {Type B } 
[3236] 2015/02/25 01:55:33.010 連線確認 E122828927 (21,21)
[3236] 2015/02/25 01:56:33.023 連線確認 E122828927 (21,21)
[3236] 2015/02/25 01:57:33.038 連線確認 E122828927 (21,21)
[3236] 2015/02/25 01:58:33.050 連線確認 E122828927 (21,21)
[3236] 2015/02/25 01:59:33.064 連線確認 E122828927 (21,21)
[3236] 2015/02/25 01:59:39.559 收到 Head 資訊 {Count 2} {Type B } 
[3236] 2015/02/25 02:00:33.078 連線確認 E122828927 (21,21)
[3236] 2015/02/25 02:01:33.092 連線確認 E122828927 (21,21)
[3236] 2015/02/25 02:02:33.106 連線確認 E122828927 (21,21)
[3236] 2015/02/25 02:03:33.120 連線確認 E122828927 (21,21)
[3236] 2015/02/25 02:04:33.133 連線確認 E122828927 (21,21)
[3236] 2015/02/25 02:04:40.564 收到 Head 資訊 {Count 2} {Type B } 
[3236] 2015/02/25 02:05:33.145 連線確認 E122828927 (21,21)
[3236] 2015/02/25 02:06:33.160 連線確認 E122828927 (21,21)
[3236] 2015/02/25 02:07:33.174 連線確認 E122828927 (21,21)
[3236] 2015/02/25 02:08:33.186 連線確認 E122828927 (21,21)
[3236] 2015/02/25 02:09:33.200 連線確認 E122828927 (21,21)
[3236] 2015/02/25 02:09:41.631 收到 Head 資訊 {Count 2} {Type B } 
[3236] 2015/02/25 02:10:33.214 連線確認 E122828927 (21,21)
[3236] 2015/02/25 02:11:33.229 連線確認 E122828927 (21,21)
[3236] 2015/02/25 02:12:33.241 連線確認 E122828927 (21,21)
[3236] 2015/02/25 02:13:33.255 連線確認 E122828927 (21,21)
[3236] 2015/02/25 02:14:33.269 連線確認 E122828927 (21,21)
[3236] 2015/02/25 02:14:42.631 收到 Head 資訊 {Count 2} {Type B } 
[3236] 2015/02/25 02:15:33.282 連線確認 E122828927 (21,21)
[3236] 2015/02/25 02:16:33.296 連線確認 E122828927 (21,21)
[3236] 2015/02/25 02:17:33.308 連線確認 E122828927 (21,21)
[3236] 2015/02/25 02:18:33.323 連線確認 E122828927 (21,21)
[3236] 2015/02/25 02:19:33.336 連線確認 E122828927 (21,21)
[3236] 2015/02/25 02:19:43.638 收到 Head 資訊 {Count 2} {Type B } 
[3236] 2015/02/25 02:20:33.350 連線確認 E122828927 (21,21)
[3236] 2015/02/25 02:21:33.363 連線確認 E122828927 (21,21)
[3236] 2015/02/25 02:22:33.377 連線確認 E122828927 (21,21)
[3236] 2015/02/25 02:23:33.391 連線確認 E122828927 (21,21)
[3236] 2015/02/25 02:24:33.404 連線確認 E122828927 (21,21)
[3236] 2015/02/25 02:24:45.268 收到 Head 資訊 {Count 2} {Type B } 
[3236] 2015/02/25 02:25:33.417 連線確認 E122828927 (21,21)
[3236] 2015/02/25 02:26:33.432 連線確認 E122828927 (21,21)
[3236] 2015/02/25 02:27:33.445 連線確認 E122828927 (21,21)
[3236] 2015/02/25 02:28:33.459 連線確認 E122828927 (21,21)
[3236] 2015/02/25 02:29:33.472 連線確認 E122828927 (21,21)
[3236] 2015/02/25 02:29:46.283 收到 Head 資訊 {Count 2} {Type B } 
[3236] 2015/02/25 02:30:33.486 連線確認 E122828927 (21,21)
[3236] 2015/02/25 02:31:33.499 連線確認 E122828927 (21,21)
[3236] 2015/02/25 02:32:33.513 連線確認 E122828927 (21,21)
[3236] 2015/02/25 02:33:33.526 連線確認 E122828927 (21,21)
[3236] 2015/02/25 02:34:33.540 連線確認 E122828927 (21,21)
[3236] 2015/02/25 02:34:47.251 收到 Head 資訊 {Count 2} {Type B } 
[3236] 2015/02/25 02:35:33.554 連線確認 E122828927 (21,21)
[3236] 2015/02/25 02:36:33.567 連線確認 E122828927 (21,21)
[3236] 2015/02/25 02:37:33.580 連線確認 E122828927 (21,21)
[3236] 2015/02/25 02:38:33.594 連線確認 E122828927 (21,21)
[3236] 2015/02/25 02:39:33.608 連線確認 E122828927 (21,21)
[3236] 2015/02/25 02:39:48.145 收到 Head 資訊 {Count 2} {Type B } 
[3236] 2015/02/25 02:40:33.622 連線確認 E122828927 (21,21)
[3236] 2015/02/25 02:41:33.635 連線確認 E122828927 (21,21)
[3236] 2015/02/25 02:42:33.649 連線確認 E122828927 (21,21)
[3236] 2015/02/25 02:43:33.662 連線確認 E122828927 (21,21)
[3236] 2015/02/25 02:44:33.675 連線確認 E122828927 (21,21)
[3236] 2015/02/25 02:44:49.140 收到 Head 資訊 {Count 2} {Type B } 
[3236] 2015/02/25 02:45:33.689 連線確認 E122828927 (21,21)
[3236] 2015/02/25 02:46:33.703 連線確認 E122828927 (21,21)
[3236] 2015/02/25 02:47:33.717 連線確認 E122828927 (21,21)
[3236] 2015/02/25 02:48:33.731 連線確認 E122828927 (21,21)
[3236] 2015/02/25 02:49:33.744 連線確認 E122828927 (21,21)
[3236] 2015/02/25 02:49:50.127 收到 Head 資訊 {Count 2} {Type B } 
[3236] 2015/02/25 02:50:33.758 連線確認 E122828927 (21,21)
[3236] 2015/02/25 02:51:33.771 連線確認 E122828927 (21,21)
[3236] 2015/02/25 02:52:33.785 連線確認 E122828927 (21,21)
[3236] 2015/02/25 02:53:33.798 連線確認 E122828927 (21,21)
[3236] 2015/02/25 02:54:33.811 連線確認 E122828927 (21,21)
[3236] 2015/02/25 02:54:50.496 收到 Head 資訊 {Count 2} {Type B } 
[3236] 2015/02/25 02:55:33.826 連線確認 E122828927 (21,21)
[3236] 2015/02/25 02:56:33.839 連線確認 E122828927 (21,21)
[3236] 2015/02/25 02:57:33.853 連線確認 E122828927 (21,21)
[3236] 2015/02/25 02:58:33.866 連線確認 E122828927 (21,21)
[3236] 2015/02/25 02:59:33.881 連線確認 E122828927 (21,21)
[3236] 2015/02/25 02:59:53.481 收到 Head 資訊 {Count 2} {Type B } 
[3236] 2015/02/25 03:00:33.893 連線確認 E122828927 (21,21)
[3236] 2015/02/25 03:01:33.906 連線確認 E122828927 (21,21)
[3236] 2015/02/25 03:02:33.921 連線確認 E122828927 (21,21)
[3236] 2015/02/25 03:03:33.934 連線確認 E122828927 (21,21)
[3236] 2015/02/25 03:04:33.948 連線確認 E122828927 (21,21)
[3236] 2015/02/25 03:04:54.491 收到 Head 資訊 {Count 2} {Type B } 
[3236] 2015/02/25 03:05:33.961 連線確認 E122828927 (21,21)
[3236] 2015/02/25 03:06:33.975 連線確認 E122828927 (21,21)
[3236] 2015/02/25 03:07:33.989 連線確認 E122828927 (21,21)
[3236] 2015/02/25 03:08:34.001 連線確認 E122828927 (21,21)
[3236] 2015/02/25 03:09:34.016 連線確認 E122828927 (21,21)
[3236] 2015/02/25 03:09:55.725 收到 Head 資訊 {Count 2} {Type B } 
[3236] 2015/02/25 03:10:34.029 連線確認 E122828927 (21,21)
[3236] 2015/02/25 03:11:34.042 連線確認 E122828927 (21,21)
[3236] 2015/02/25 03:12:34.057 連線確認 E122828927 (21,21)
[3236] 2015/02/25 03:13:34.070 連線確認 E122828927 (21,21)
[3236] 2015/02/25 03:14:34.084 連線確認 E122828927 (21,21)
[3236] 2015/02/25 03:14:56.729 收到 Head 資訊 {Count 2} {Type B } 
[3236] 2015/02/25 03:15:34.097 連線確認 E122828927 (21,21)
[3236] 2015/02/25 03:16:34.112 連線確認 E122828927 (21,21)
[3236] 2015/02/25 03:17:34.125 連線確認 E122828927 (21,21)
[3236] 2015/02/25 03:18:34.137 連線確認 E122828927 (21,21)
[3236] 2015/02/25 03:19:34.152 連線確認 E122828927 (21,21)
[3236] 2015/02/25 03:19:57.729 收到 Head 資訊 {Count 2} {Type B } 
[3236] 2015/02/25 03:20:34.164 連線確認 E122828927 (21,21)
[3236] 2015/02/25 03:21:34.179 連線確認 E122828927 (21,21)
[3236] 2015/02/25 03:22:34.193 連線確認 E122828927 (21,21)
[3236] 2015/02/25 03:23:34.206 連線確認 E122828927 (21,21)
[3236] 2015/02/25 03:24:34.219 連線確認 E122828927 (21,21)
[3236] 2015/02/25 03:24:58.387 收到 Head 資訊 {Count 2} {Type B } 
[3236] 2015/02/25 03:25:34.234 連線確認 E122828927 (21,21)
[3236] 2015/02/25 03:26:34.246 連線確認 E122828927 (21,21)
[3236] 2015/02/25 03:27:34.261 連線確認 E122828927 (21,21)
[3236] 2015/02/25 03:28:34.273 連線確認 E122828927 (21,21)
[3236] 2015/02/25 03:29:34.287 連線確認 E122828927 (21,21)
[3236] 2015/02/25 03:29:59.391 收到 Head 資訊 {Count 2} {Type B } 
[3236] 2015/02/25 03:30:34.300 連線確認 E122828927 (21,21)
[3236] 2015/02/25 03:31:34.314 連線確認 E122828927 (21,21)
[3236] 2015/02/25 03:32:34.328 連線確認 E122828927 (21,21)
[3236] 2015/02/25 03:33:34.342 連線確認 E122828927 (21,21)
[3236] 2015/02/25 03:34:34.356 連線確認 E122828927 (21,21)
[3236] 2015/02/25 03:35:00.387 收到 Head 資訊 {Count 2} {Type B } 
[3236] 2015/02/25 03:35:34.368 連線確認 E122828927 (21,21)
[3236] 2015/02/25 03:36:34.382 連線確認 E122828927 (21,21)
[3236] 2015/02/25 03:37:34.396 連線確認 E122828927 (21,21)
[3236] 2015/02/25 03:38:34.410 連線確認 E122828927 (21,21)
[3236] 2015/02/25 03:39:34.424 連線確認 E122828927 (21,21)
[3236] 2015/02/25 03:40:01.144 收到 Head 資訊 {Count 2} {Type B } 
[3236] 2015/02/25 03:40:34.436 連線確認 E122828927 (21,21)
[3236] 2015/02/25 03:41:34.451 連線確認 E122828927 (21,21)
[3236] 2015/02/25 03:42:34.463 連線確認 E122828927 (21,21)
[3236] 2015/02/25 03:43:34.478 連線確認 E122828927 (21,21)
[3236] 2015/02/25 03:44:34.492 連線確認 E122828927 (21,21)
[3236] 2015/02/25 03:45:02.152 收到 Head 資訊 {Count 2} {Type B } 
[3236] 2015/02/25 03:45:34.505 連線確認 E122828927 (21,21)
[3236] 2015/02/25 03:46:34.519 連線確認 E122828927 (21,21)
[3236] 2015/02/25 03:47:34.531 連線確認 E122828927 (21,21)
[3236] 2015/02/25 03:48:34.546 連線確認 E122828927 (21,21)
[3236] 2015/02/25 03:49:34.559 連線確認 E122828927 (21,21)
[3236] 2015/02/25 03:50:03.145 收到 Head 資訊 {Count 2} {Type B } 
[3236] 2015/02/25 03:50:34.573 連線確認 E122828927 (21,21)
[3236] 2015/02/25 03:51:34.587 連線確認 E122828927 (21,21)
[3236] 2015/02/25 03:52:34.599 連線確認 E122828927 (21,21)
[3236] 2015/02/25 03:53:34.613 連線確認 E122828927 (21,21)
[3236] 2015/02/25 03:54:34.627 連線確認 E122828927 (21,21)
[3236] 2015/02/25 03:55:04.431 收到 Head 資訊 {Count 2} {Type B } 
[3236] 2015/02/25 03:55:34.640 連線確認 E122828927 (21,21)
[3236] 2015/02/25 03:56:34.655 連線確認 E122828927 (21,21)
[3236] 2015/02/25 03:57:34.667 連線確認 E122828927 (21,21)
[3236] 2015/02/25 03:58:34.682 連線確認 E122828927 (21,21)
[3236] 2015/02/25 03:59:34.694 連線確認 E122828927 (21,21)
[3236] 2015/02/25 04:00:05.457 收到 Head 資訊 {Count 2} {Type B } 
[3236] 2015/02/25 04:00:34.709 連線確認 E122828927 (21,21)
[3236] 2015/02/25 04:01:34.723 連線確認 E122828927 (21,21)
[3236] 2015/02/25 04:02:34.736 連線確認 E122828927 (21,21)
[3236] 2015/02/25 04:03:34.749 連線確認 E122828927 (21,21)
[3236] 2015/02/25 04:04:34.762 連線確認 E122828927 (21,21)
[3236] 2015/02/25 04:05:06.454 收到 Head 資訊 {Count 2} {Type B } 
[3236] 2015/02/25 04:05:34.776 連線確認 E122828927 (21,21)
[3236] 2015/02/25 04:06:34.790 連線確認 E122828927 (21,21)
[3236] 2015/02/25 04:07:34.804 連線確認 E122828927 (21,21)
[3236] 2015/02/25 04:08:34.817 連線確認 E122828927 (21,21)
[3236] 2015/02/25 04:09:34.830 連線確認 E122828927 (21,21)
[3236] 2015/02/25 04:10:07.088 收到 Head 資訊 {Count 2} {Type B } 
[3236] 2015/02/25 04:10:34.845 連線確認 E122828927 (21,21)
[3236] 2015/02/25 04:11:34.857 連線確認 E122828927 (21,21)
[3236] 2015/02/25 04:12:34.871 連線確認 E122828927 (21,21)
[3236] 2015/02/25 04:13:34.885 連線確認 E122828927 (21,21)
[3236] 2015/02/25 04:14:34.899 連線確認 E122828927 (21,21)
[3236] 2015/02/25 04:15:08.070 收到 Head 資訊 {Count 2} {Type B } 
[3236] 2015/02/25 04:15:34.913 連線確認 E122828927 (21,21)
[3236] 2015/02/25 04:16:34.926 連線確認 E122828927 (21,21)
[3236] 2015/02/25 04:17:34.940 連線確認 E122828927 (21,21)
[3236] 2015/02/25 04:18:34.952 連線確認 E122828927 (21,21)
[3236] 2015/02/25 04:19:34.966 連線確認 E122828927 (21,21)
[3236] 2015/02/25 04:20:09.079 收到 Head 資訊 {Count 2} {Type B } 
[3236] 2015/02/25 04:20:34.980 連線確認 E122828927 (21,21)
[3236] 2015/02/25 04:21:34.994 連線確認 E122828927 (21,21)
[3236] 2015/02/25 04:22:35.008 連線確認 E122828927 (21,21)
[3236] 2015/02/25 04:23:35.021 連線確認 E122828927 (21,21)
[3236] 2015/02/25 04:24:35.035 連線確認 E122828927 (21,21)
[3236] 2015/02/25 04:25:10.577 收到 Head 資訊 {Count 2} {Type B } 
[3236] 2015/02/25 04:25:35.049 連線確認 E122828927 (21,21)
[3236] 2015/02/25 04:26:35.062 連線確認 E122828927 (21,21)
[3236] 2015/02/25 04:27:35.076 連線確認 E122828927 (21,21)
[3236] 2015/02/25 04:28:35.088 連線確認 E122828927 (21,21)
[3236] 2015/02/25 04:29:35.103 連線確認 E122828927 (21,21)
[3236] 2015/02/25 04:30:11.575 收到 Head 資訊 {Count 2} {Type B } 
[3236] 2015/02/25 04:30:35.116 連線確認 E122828927 (21,21)
[3236] 2015/02/25 04:31:35.129 連線確認 E122828927 (21,21)
[3236] 2015/02/25 04:32:35.143 連線確認 E122828927 (21,21)
[3236] 2015/02/25 04:33:35.156 連線確認 E122828927 (21,21)
[3236] 2015/02/25 04:34:35.171 連線確認 E122828927 (21,21)
[3236] 2015/02/25 04:35:12.571 收到 Head 資訊 {Count 2} {Type B } 
[3236] 2015/02/25 04:35:35.183 連線確認 E122828927 (21,21)
[3236] 2015/02/25 04:36:35.197 連線確認 E122828927 (21,21)
[3236] 2015/02/25 04:37:35.211 連線確認 E122828927 (21,21)
[3236] 2015/02/25 04:38:35.224 連線確認 E122828927 (21,21)
[3236] 2015/02/25 04:39:35.237 連線確認 E122828927 (21,21)
[3236] 2015/02/25 04:40:13.092 收到 Head 資訊 {Count 2} {Type B } 
[3236] 2015/02/25 04:40:35.251 連線確認 E122828927 (21,21)
[3236] 2015/02/25 04:41:35.265 連線確認 E122828927 (21,21)
[3236] 2015/02/25 04:42:35.280 連線確認 E122828927 (21,21)
[3236] 2015/02/25 04:43:35.292 連線確認 E122828927 (21,21)
[3236] 2015/02/25 04:44:35.307 連線確認 E122828927 (21,21)
[3236] 2015/02/25 04:45:14.112 收到 Head 資訊 {Count 2} {Type B } 
[3236] 2015/02/25 04:45:35.319 連線確認 E122828927 (21,21)
[3236] 2015/02/25 04:46:35.333 連線確認 E122828927 (21,21)
[3236] 2015/02/25 04:47:35.348 連線確認 E122828927 (21,21)
[3236] 2015/02/25 04:48:35.360 連線確認 E122828927 (21,21)
[3236] 2015/02/25 04:49:35.375 連線確認 E122828927 (21,21)
[3236] 2015/02/25 04:50:15.087 收到 Head 資訊 {Count 2} {Type B } 
[3236] 2015/02/25 04:50:35.387 連線確認 E122828927 (21,21)
[3236] 2015/02/25 04:51:35.402 連線確認 E122828927 (21,21)
[3236] 2015/02/25 04:52:35.414 連線確認 E122828927 (21,21)
[3236] 2015/02/25 04:53:35.428 連線確認 E122828927 (21,21)
[3236] 2015/02/25 04:54:35.443 連線確認 E122828927 (21,21)
[3236] 2015/02/25 04:55:20.800 收到 Head 資訊 {Count 2} {Type B } 
[3236] 2015/02/25 04:55:35.456 連線確認 E122828927 (21,21)
[3236] 2015/02/25 04:56:35.469 連線確認 E122828927 (21,21)
[3236] 2015/02/25 04:57:35.482 連線確認 E122828927 (21,21)
[3236] 2015/02/25 04:58:35.496 連線確認 E122828927 (21,21)
[3236] 2015/02/25 04:59:35.509 連線確認 E122828927 (21,21)
[3236] 2015/02/25 05:00:17.103 收到 Head 資訊 {Count 2} {Type B } 
[3236] 2015/02/25 05:00:35.523 連線確認 E122828927 (21,21)
[3236] 2015/02/25 05:01:35.537 連線確認 E122828927 (21,21)
[3236] 2015/02/25 05:02:35.551 連線確認 E122828927 (21,21)
[3236] 2015/02/25 05:03:35.564 連線確認 E122828927 (21,21)
[3236] 2015/02/25 05:04:35.577 連線確認 E122828927 (21,21)
[3236] 2015/02/25 05:05:18.126 收到 Head 資訊 {Count 2} {Type B } 
[3236] 2015/02/25 05:05:35.591 連線確認 E122828927 (21,21)
[3236] 2015/02/25 05:06:35.604 連線確認 E122828927 (21,21)
[3236] 2015/02/25 05:07:35.619 連線確認 E122828927 (21,21)
[3236] 2015/02/25 05:08:35.632 連線確認 E122828927 (21,21)
[3236] 2015/02/25 05:09:35.646 連線確認 E122828927 (21,21)
[3236] 2015/02/25 05:10:19.105 收到 Head 資訊 {Count 2} {Type B } 
[3236] 2015/02/25 05:10:35.660 連線確認 E122828927 (21,21)
[3236] 2015/02/25 05:11:35.672 連線確認 E122828927 (21,21)
[3236] 2015/02/25 05:12:35.687 連線確認 E122828927 (21,21)
[3236] 2015/02/25 05:13:35.700 連線確認 E122828927 (21,21)
[3236] 2015/02/25 05:14:35.713 連線確認 E122828927 (21,21)
[3236] 2015/02/25 05:15:20.643 收到 Head 資訊 {Count 2} {Type B } 
[3236] 2015/02/25 05:15:35.727 連線確認 E122828927 (21,21)
[3236] 2015/02/25 05:16:35.740 連線確認 E122828927 (21,21)
[3236] 2015/02/25 05:17:35.754 連線確認 E122828927 (21,21)
[3236] 2015/02/25 05:18:35.767 連線確認 E122828927 (21,21)
[3236] 2015/02/25 05:19:35.782 連線確認 E122828927 (21,21)
[3236] 2015/02/25 05:20:21.633 收到 Head 資訊 {Count 2} {Type B } 
[3236] 2015/02/25 05:20:35.795 連線確認 E122828927 (21,21)
[3236] 2015/02/25 05:21:35.809 連線確認 E122828927 (21,21)
[3236] 2015/02/25 05:22:35.823 連線確認 E122828927 (21,21)
[3236] 2015/02/25 05:23:35.835 連線確認 E122828927 (21,21)
[3236] 2015/02/25 05:24:35.850 連線確認 E122828927 (21,21)
[3236] 2015/02/25 05:25:22.635 收到 Head 資訊 {Count 2} {Type B } 
[3236] 2015/02/25 05:25:35.862 連線確認 E122828927 (21,21)
[3236] 2015/02/25 05:26:35.876 連線確認 E122828927 (21,21)
[3236] 2015/02/25 05:27:35.891 連線確認 E122828927 (21,21)
[3236] 2015/02/25 05:28:35.903 連線確認 E122828927 (21,21)
[3236] 2015/02/25 05:29:35.917 連線確認 E122828927 (21,21)
[3236] 2015/02/25 05:30:23.334 收到 Head 資訊 {Count 2} {Type B } 
[3236] 2015/02/25 05:30:35.932 連線確認 E122828927 (21,21)
[3236] 2015/02/25 05:31:35.945 連線確認 E122828927 (21,21)
[3236] 2015/02/25 05:32:35.959 連線確認 E122828927 (21,21)
[3236] 2015/02/25 05:33:35.971 連線確認 E122828927 (21,21)
[3236] 2015/02/25 05:34:35.986 連線確認 E122828927 (21,21)
[3236] 2015/02/25 05:35:24.345 收到 Head 資訊 {Count 2} {Type B } 
[3236] 2015/02/25 05:35:35.999 連線確認 E122828927 (21,21)
[3236] 2015/02/25 05:36:36.012 連線確認 E122828927 (21,21)
[3236] 2015/02/25 05:37:36.026 連線確認 E122828927 (21,21)
[3236] 2015/02/25 05:38:36.039 連線確認 E122828927 (21,21)
[3236] 2015/02/25 05:39:36.054 連線確認 E122828927 (21,21)
[3236] 2015/02/25 05:40:25.342 收到 Head 資訊 {Count 2} {Type B } 
[3236] 2015/02/25 05:40:36.066 連線確認 E122828927 (21,21)
[3236] 2015/02/25 05:41:36.080 連線確認 E122828927 (21,21)
[3236] 2015/02/25 05:42:36.095 連線確認 E122828927 (21,21)
[3236] 2015/02/25 05:43:36.107 連線確認 E122828927 (21,21)
[3236] 2015/02/25 05:44:36.121 連線確認 E122828927 (21,21)
[3236] 2015/02/25 05:45:26.301 收到 Head 資訊 {Count 2} {Type B } 
[3236] 2015/02/25 05:45:36.135 連線確認 E122828927 (21,21)
[3236] 2015/02/25 05:46:36.149 連線確認 E122828927 (21,21)
[3236] 2015/02/25 05:47:36.161 連線確認 E122828927 (21,21)
[3236] 2015/02/25 05:48:36.176 連線確認 E122828927 (21,21)
[3236] 2015/02/25 05:49:36.190 連線確認 E122828927 (21,21)
[3236] 2015/02/25 05:50:27.296 收到 Head 資訊 {Count 2} {Type B } 
[3236] 2015/02/25 05:50:36.203 連線確認 E122828927 (21,21)
[3236] 2015/02/25 05:51:36.217 連線確認 E122828927 (21,21)
[3236] 2015/02/25 05:52:36.230 連線確認 E122828927 (21,21)
[3236] 2015/02/25 05:53:36.245 連線確認 E122828927 (21,21)
[3236] 2015/02/25 05:54:36.257 連線確認 E122828927 (21,21)
[3236] 2015/02/25 05:55:28.293 收到 Head 資訊 {Count 2} {Type B } 
[3236] 2015/02/25 05:55:36.272 連線確認 E122828927 (21,21)
[3236] 2015/02/25 05:56:36.284 連線確認 E122828927 (21,21)
[3236] 2015/02/25 05:57:36.298 連線確認 E122828927 (21,21)
[3236] 2015/02/25 05:58:36.311 連線確認 E122828927 (21,21)
[3236] 2015/02/25 05:59:36.326 連線確認 E122828927 (21,21)
[3236] 2015/02/25 06:00:29.753 收到 Head 資訊 {Count 2} {Type B } 
[3236] 2015/02/25 06:00:36.339 連線確認 E122828927 (21,21)
[3236] 2015/02/25 06:01:25.879 API ExitInstance 
