[1272] 2015/02/05 21:03:46.569 API InitInstance 
[1272] 2015/02/05 21:03:46.570 SKOSQuoteLib_RequestServerTime   SK_ERROR_INITIALIZE_FAIL 
[1272] 2015/02/05 21:04:00.691 SKOSQuoteLib_RequestServerTime   SK_ERROR_INITIALIZE_FAIL 
[4364] 2015/02/05 21:04:02.562 API InitInstance 
[4364] 2015/02/05 21:04:02.566 SKOSQuoteLib_Initialize  ID：E122828927
[4364] 2015/02/05 21:04:02.568 SKOSQuoteLib_Initialize  Server：https://order2.capital.com.tw/
[4364] 2015/02/05 21:04:03.309 SKOSQuoteLib_AttachConnectCallBack
[4364] 2015/02/05 21:04:03.312 SKOSQuoteLib_AttachQuoteCallBack
[4364] 2015/02/05 21:04:03.314 SKOSQuoteLib_AttachTicksCallBack
[4364] 2015/02/05 21:04:03.316 SKOSQuoteLib_AttachBest5CallBack
[4364] 2015/02/05 21:04:03.318 SKOSQuoteLib_AttachServerTimeCallBack
[4364] 2015/02/05 21:04:03.319 SKOSQuoteLib_AttachHistoryTicksGetCallBack
[4364] 2015/02/05 21:04:03.324 SKOSQuoteLib_EnterMonitor(0)
[4364] 2015/02/05 21:04:03.326 Connect FORT05.capital.com.tw 443
[4364] 2015/02/05 21:04:03.404 SK_SUBJECT_CONNECTION_CONNECTED，Code: 0
[4364] 2015/02/05 21:04:07.401 SKOSQuoteLib_RequestServerTime()
[4364] 2015/02/05 21:04:12.159 SKOSQuoteLib_RequestTicks (0,OSE,JNMPM1503)
[1272] 2015/02/05 21:04:15.700 SKOSQuoteLib_RequestServerTime   SK_ERROR_INITIALIZE_FAIL 
[4364] 2015/02/05 21:04:22.407 SKOSQuoteLib_RequestServerTime()
[1272] 2015/02/05 21:04:30.708 SKOSQuoteLib_RequestServerTime   SK_ERROR_INITIALIZE_FAIL 
[4364] 2015/02/05 21:04:37.420 SKOSQuoteLib_RequestServerTime()
[1272] 2015/02/05 21:04:45.714 SKOSQuoteLib_RequestServerTime   SK_ERROR_INITIALIZE_FAIL 
[4364] 2015/02/05 21:04:52.421 SKOSQuoteLib_RequestServerTime()
[1272] 2015/02/05 21:05:00.724 SKOSQuoteLib_RequestServerTime   SK_ERROR_INITIALIZE_FAIL 
[4364] 2015/02/05 21:05:07.435 SKOSQuoteLib_RequestServerTime()
[1272] 2015/02/05 21:05:15.727 SKOSQuoteLib_RequestServerTime   SK_ERROR_INITIALIZE_FAIL 
[4364] 2015/02/05 21:05:22.442 SKOSQuoteLib_RequestServerTime()
[1272] 2015/02/05 21:05:30.737 SKOSQuoteLib_RequestServerTime   SK_ERROR_INITIALIZE_FAIL 
[4364] 2015/02/05 21:05:37.444 SKOSQuoteLib_RequestServerTime()
[1272] 2015/02/05 21:05:45.744 SKOSQuoteLib_RequestServerTime   SK_ERROR_INITIALIZE_FAIL 
[4364] 2015/02/05 21:05:52.451 SKOSQuoteLib_RequestServerTime()
[1272] 2015/02/05 21:06:00.756 SKOSQuoteLib_RequestServerTime   SK_ERROR_INITIALIZE_FAIL 
[4364] 2015/02/05 21:06:07.458 SKOSQuoteLib_RequestServerTime()
[1272] 2015/02/05 21:06:15.761 SKOSQuoteLib_RequestServerTime   SK_ERROR_INITIALIZE_FAIL 
[4364] 2015/02/05 21:06:22.471 SKOSQuoteLib_RequestServerTime()
[1272] 2015/02/05 21:06:30.765 SKOSQuoteLib_RequestServerTime   SK_ERROR_INITIALIZE_FAIL 
[4364] 2015/02/05 21:06:37.472 SKOSQuoteLib_RequestServerTime()
[1272] 2015/02/05 21:06:45.775 SKOSQuoteLib_RequestServerTime   SK_ERROR_INITIALIZE_FAIL 
[4364] 2015/02/05 21:06:52.486 SKOSQuoteLib_RequestServerTime()
[1272] 2015/02/05 21:07:00.779 SKOSQuoteLib_RequestServerTime   SK_ERROR_INITIALIZE_FAIL 
[4364] 2015/02/05 21:07:07.493 SKOSQuoteLib_RequestServerTime()
[1272] 2015/02/05 21:07:15.792 SKOSQuoteLib_RequestServerTime   SK_ERROR_INITIALIZE_FAIL 
[4364] 2015/02/05 21:07:22.494 SKOSQuoteLib_RequestServerTime()
[1272] 2015/02/05 21:07:30.795 SKOSQuoteLib_RequestServerTime   SK_ERROR_INITIALIZE_FAIL 
[4364] 2015/02/05 21:07:37.504 SKOSQuoteLib_RequestServerTime()
[1272] 2015/02/05 21:07:45.801 SKOSQuoteLib_RequestServerTime   SK_ERROR_INITIALIZE_FAIL 
[4364] 2015/02/05 21:07:52.509 SKOSQuoteLib_RequestServerTime()
[1272] 2015/02/05 21:08:00.811 SKOSQuoteLib_RequestServerTime   SK_ERROR_INITIALIZE_FAIL 
[4364] 2015/02/05 21:08:07.516 SKOSQuoteLib_RequestServerTime()
[1272] 2015/02/05 21:08:15.817 SKOSQuoteLib_RequestServerTime   SK_ERROR_INITIALIZE_FAIL 
[4364] 2015/02/05 21:08:22.525 SKOSQuoteLib_RequestServerTime()
[1272] 2015/02/05 21:08:30.825 SKOSQuoteLib_RequestServerTime   SK_ERROR_INITIALIZE_FAIL 
[4364] 2015/02/05 21:08:37.530 SKOSQuoteLib_RequestServerTime()
[1272] 2015/02/05 21:08:45.835 SKOSQuoteLib_RequestServerTime   SK_ERROR_INITIALIZE_FAIL 
[4364] 2015/02/05 21:08:52.538 SKOSQuoteLib_RequestServerTime()
[1272] 2015/02/05 21:09:00.841 SKOSQuoteLib_RequestServerTime   SK_ERROR_INITIALIZE_FAIL 
[4364] 2015/02/05 21:09:07.546 SKOSQuoteLib_RequestServerTime()
[1272] 2015/02/05 21:09:15.846 SKOSQuoteLib_RequestServerTime   SK_ERROR_INITIALIZE_FAIL 
[4364] 2015/02/05 21:09:22.553 SKOSQuoteLib_RequestServerTime()
[1272] 2015/02/05 21:09:30.852 SKOSQuoteLib_RequestServerTime   SK_ERROR_INITIALIZE_FAIL 
[4364] 2015/02/05 21:09:37.560 SKOSQuoteLib_RequestServerTime()
[1272] 2015/02/05 21:09:45.861 SKOSQuoteLib_RequestServerTime   SK_ERROR_INITIALIZE_FAIL 
[4364] 2015/02/05 21:09:52.566 SKOSQuoteLib_RequestServerTime()
[1272] 2015/02/05 21:10:00.868 SKOSQuoteLib_RequestServerTime   SK_ERROR_INITIALIZE_FAIL 
[4364] 2015/02/05 21:10:07.575 SKOSQuoteLib_RequestServerTime()
[1272] 2015/02/05 21:10:15.873 SKOSQuoteLib_RequestServerTime   SK_ERROR_INITIALIZE_FAIL 
[4364] 2015/02/05 21:10:22.582 SKOSQuoteLib_RequestServerTime()
[4364] 2015/02/05 21:10:25.940 SKOSQuoteLib_LeaveMonitor()
[4364] 2015/02/05 21:10:25.942 連線中斷，Code: 10053 , The virtual circuit was terminated due to a time-out or other failure. The application should close the socket as it is no longer usable.
[4364] 2015/02/05 21:10:25.947 SocketDisconnect 斷線CALLBACK通知
[4364] 2015/02/05 21:10:26.070 API ExitInstance 
[1272] 2015/02/05 21:10:29.852 API ExitInstance 
[920] 2015/02/05 21:10:48.048 API InitInstance 
[920] 2015/02/05 21:10:48.049 SKOSQuoteLib_RequestServerTime   SK_ERROR_INITIALIZE_FAIL 
[920] 2015/02/05 21:11:03.034 SKOSQuoteLib_RequestServerTime   SK_ERROR_INITIALIZE_FAIL 
[4664] 2015/02/05 21:11:04.732 API InitInstance 
[4664] 2015/02/05 21:11:04.736 SKOSQuoteLib_Initialize  ID：E122828927
[4664] 2015/02/05 21:11:04.738 SKOSQuoteLib_Initialize  Server：https://order2.capital.com.tw/
[4664] 2015/02/05 21:11:05.424 SKOSQuoteLib_AttachConnectCallBack
[4664] 2015/02/05 21:11:05.426 SKOSQuoteLib_AttachQuoteCallBack
[4664] 2015/02/05 21:11:05.428 SKOSQuoteLib_AttachTicksCallBack
[4664] 2015/02/05 21:11:05.429 SKOSQuoteLib_AttachBest5CallBack
[4664] 2015/02/05 21:11:05.430 SKOSQuoteLib_AttachServerTimeCallBack
[4664] 2015/02/05 21:11:05.432 SKOSQuoteLib_AttachHistoryTicksGetCallBack
[4664] 2015/02/05 21:11:05.436 SKOSQuoteLib_EnterMonitor(0)
[4664] 2015/02/05 21:11:05.437 Connect FORT09.capital.com.tw 443
[4664] 2015/02/05 21:11:05.509 SK_SUBJECT_CONNECTION_CONNECTED，Code: 0
[4664] 2015/02/05 21:11:09.588 SKOSQuoteLib_RequestServerTime()
[4664] 2015/02/05 21:11:14.375 SKOSQuoteLib_RequestTicks (0,OSE,JNMPM1503)
[920] 2015/02/05 21:11:18.042 SKOSQuoteLib_RequestServerTime   SK_ERROR_INITIALIZE_FAIL 
[4664] 2015/02/05 21:11:24.596 SKOSQuoteLib_RequestServerTime()
[920] 2015/02/05 21:11:33.052 SKOSQuoteLib_RequestServerTime   SK_ERROR_INITIALIZE_FAIL 
[4664] 2015/02/05 21:11:39.600 SKOSQuoteLib_RequestServerTime()
[920] 2015/02/05 21:11:48.058 SKOSQuoteLib_RequestServerTime   SK_ERROR_INITIALIZE_FAIL 
[4664] 2015/02/05 21:11:54.613 SKOSQuoteLib_RequestServerTime()
[920] 2015/02/05 21:12:03.067 SKOSQuoteLib_RequestServerTime   SK_ERROR_INITIALIZE_FAIL 
[4664] 2015/02/05 21:12:09.614 SKOSQuoteLib_RequestServerTime()
[920] 2015/02/05 21:12:18.074 SKOSQuoteLib_RequestServerTime   SK_ERROR_INITIALIZE_FAIL 
[4664] 2015/02/05 21:12:24.621 SKOSQuoteLib_RequestServerTime()
[920] 2015/02/05 21:12:33.078 SKOSQuoteLib_RequestServerTime   SK_ERROR_INITIALIZE_FAIL 
[4664] 2015/02/05 21:12:39.631 SKOSQuoteLib_RequestServerTime()
[920] 2015/02/05 21:12:48.084 SKOSQuoteLib_RequestServerTime   SK_ERROR_INITIALIZE_FAIL 
[4664] 2015/02/05 21:12:54.642 SKOSQuoteLib_RequestServerTime()
[920] 2015/02/05 21:13:03.090 SKOSQuoteLib_RequestServerTime   SK_ERROR_INITIALIZE_FAIL 
[4664] 2015/02/05 21:13:09.642 SKOSQuoteLib_RequestServerTime()
[920] 2015/02/05 21:13:18.098 SKOSQuoteLib_RequestServerTime   SK_ERROR_INITIALIZE_FAIL 
[4664] 2015/02/05 21:13:24.657 SKOSQuoteLib_RequestServerTime()
[920] 2015/02/05 21:13:33.111 SKOSQuoteLib_RequestServerTime   SK_ERROR_INITIALIZE_FAIL 
[4664] 2015/02/05 21:13:39.657 SKOSQuoteLib_RequestServerTime()
[920] 2015/02/05 21:13:48.118 SKOSQuoteLib_RequestServerTime   SK_ERROR_INITIALIZE_FAIL 
[4664] 2015/02/05 21:13:54.665 SKOSQuoteLib_RequestServerTime()
[920] 2015/02/05 21:14:03.120 SKOSQuoteLib_RequestServerTime   SK_ERROR_INITIALIZE_FAIL 
[4664] 2015/02/05 21:14:09.674 SKOSQuoteLib_RequestServerTime()
[920] 2015/02/05 21:14:18.134 SKOSQuoteLib_RequestServerTime   SK_ERROR_INITIALIZE_FAIL 
[4664] 2015/02/05 21:14:24.686 SKOSQuoteLib_RequestServerTime()
[920] 2015/02/05 21:14:33.134 SKOSQuoteLib_RequestServerTime   SK_ERROR_INITIALIZE_FAIL 
[4664] 2015/02/05 21:14:39.693 SKOSQuoteLib_RequestServerTime()
[920] 2015/02/05 21:14:48.142 SKOSQuoteLib_RequestServerTime   SK_ERROR_INITIALIZE_FAIL 
[4664] 2015/02/05 21:14:54.693 SKOSQuoteLib_RequestServerTime()
[920] 2015/02/05 21:15:03.156 SKOSQuoteLib_RequestServerTime   SK_ERROR_INITIALIZE_FAIL 
[4664] 2015/02/05 21:15:09.703 SKOSQuoteLib_RequestServerTime()
[920] 2015/02/05 21:15:18.157 SKOSQuoteLib_RequestServerTime   SK_ERROR_INITIALIZE_FAIL 
[4664] 2015/02/05 21:15:24.708 SKOSQuoteLib_RequestServerTime()
[920] 2015/02/05 21:15:33.168 SKOSQuoteLib_RequestServerTime   SK_ERROR_INITIALIZE_FAIL 
[4664] 2015/02/05 21:15:39.716 SKOSQuoteLib_RequestServerTime()
[920] 2015/02/05 21:15:48.173 SKOSQuoteLib_RequestServerTime   SK_ERROR_INITIALIZE_FAIL 
[4664] 2015/02/05 21:15:54.725 SKOSQuoteLib_RequestServerTime()
[920] 2015/02/05 21:16:03.178 SKOSQuoteLib_RequestServerTime   SK_ERROR_INITIALIZE_FAIL 
[4664] 2015/02/05 21:16:09.730 SKOSQuoteLib_RequestServerTime()
[920] 2015/02/05 21:16:18.186 SKOSQuoteLib_RequestServerTime   SK_ERROR_INITIALIZE_FAIL 
[4664] 2015/02/05 21:16:24.738 SKOSQuoteLib_RequestServerTime()
[920] 2015/02/05 21:16:33.192 SKOSQuoteLib_RequestServerTime   SK_ERROR_INITIALIZE_FAIL 
[4664] 2015/02/05 21:16:39.744 SKOSQuoteLib_RequestServerTime()
[920] 2015/02/05 21:16:48.202 SKOSQuoteLib_RequestServerTime   SK_ERROR_INITIALIZE_FAIL 
[4664] 2015/02/05 21:16:54.753 SKOSQuoteLib_RequestServerTime()
[920] 2015/02/05 21:17:03.209 SKOSQuoteLib_RequestServerTime   SK_ERROR_INITIALIZE_FAIL 
[4664] 2015/02/05 21:17:09.766 SKOSQuoteLib_RequestServerTime()
[920] 2015/02/05 21:17:18.222 SKOSQuoteLib_RequestServerTime   SK_ERROR_INITIALIZE_FAIL 
[4664] 2015/02/05 21:17:24.766 SKOSQuoteLib_RequestServerTime()
[920] 2015/02/05 21:17:33.226 SKOSQuoteLib_RequestServerTime   SK_ERROR_INITIALIZE_FAIL 
[4664] 2015/02/05 21:17:39.776 SKOSQuoteLib_RequestServerTime()
[920] 2015/02/05 21:17:48.231 SKOSQuoteLib_RequestServerTime   SK_ERROR_INITIALIZE_FAIL 
[4664] 2015/02/05 21:17:54.783 SKOSQuoteLib_RequestServerTime()
[920] 2015/02/05 21:18:03.241 SKOSQuoteLib_RequestServerTime   SK_ERROR_INITIALIZE_FAIL 
[4664] 2015/02/05 21:18:09.791 SKOSQuoteLib_RequestServerTime()
[920] 2015/02/05 21:18:18.249 SKOSQuoteLib_RequestServerTime   SK_ERROR_INITIALIZE_FAIL 
[4664] 2015/02/05 21:18:24.798 SKOSQuoteLib_RequestServerTime()
[920] 2015/02/05 21:18:33.252 SKOSQuoteLib_RequestServerTime   SK_ERROR_INITIALIZE_FAIL 
[4664] 2015/02/05 21:18:39.803 SKOSQuoteLib_RequestServerTime()
[920] 2015/02/05 21:18:48.259 SKOSQuoteLib_RequestServerTime   SK_ERROR_INITIALIZE_FAIL 
[4664] 2015/02/05 21:18:54.813 SKOSQuoteLib_RequestServerTime()
[920] 2015/02/05 21:19:03.266 SKOSQuoteLib_RequestServerTime   SK_ERROR_INITIALIZE_FAIL 
[4664] 2015/02/05 21:19:09.818 SKOSQuoteLib_RequestServerTime()
[920] 2015/02/05 21:19:18.275 SKOSQuoteLib_RequestServerTime   SK_ERROR_INITIALIZE_FAIL 
[4664] 2015/02/05 21:19:24.832 SKOSQuoteLib_RequestServerTime()
[920] 2015/02/05 21:19:33.283 SKOSQuoteLib_RequestServerTime   SK_ERROR_INITIALIZE_FAIL 
[4664] 2015/02/05 21:19:39.835 SKOSQuoteLib_RequestServerTime()
[920] 2015/02/05 21:19:48.288 SKOSQuoteLib_RequestServerTime   SK_ERROR_INITIALIZE_FAIL 
[4664] 2015/02/05 21:19:54.840 SKOSQuoteLib_RequestServerTime()
[920] 2015/02/05 21:20:03.297 SKOSQuoteLib_RequestServerTime   SK_ERROR_INITIALIZE_FAIL 
[4664] 2015/02/05 21:20:09.846 SKOSQuoteLib_RequestServerTime()
[920] 2015/02/05 21:20:18.305 SKOSQuoteLib_RequestServerTime   SK_ERROR_INITIALIZE_FAIL 
[4664] 2015/02/05 21:20:24.855 SKOSQuoteLib_RequestServerTime()
[920] 2015/02/05 21:20:33.312 SKOSQuoteLib_RequestServerTime   SK_ERROR_INITIALIZE_FAIL 
[4664] 2015/02/05 21:20:39.863 SKOSQuoteLib_RequestServerTime()
[920] 2015/02/05 21:20:48.323 SKOSQuoteLib_RequestServerTime   SK_ERROR_INITIALIZE_FAIL 
[4664] 2015/02/05 21:20:54.872 SKOSQuoteLib_RequestServerTime()
[920] 2015/02/05 21:21:03.331 SKOSQuoteLib_RequestServerTime   SK_ERROR_INITIALIZE_FAIL 
[4664] 2015/02/05 21:21:09.876 SKOSQuoteLib_RequestServerTime()
[920] 2015/02/05 21:21:18.331 SKOSQuoteLib_RequestServerTime   SK_ERROR_INITIALIZE_FAIL 
[4664] 2015/02/05 21:21:20.311 API ExitInstance 
[920] 2015/02/05 21:21:22.072 SKOSQuoteLib_LeaveMonitor   SK_ERROR_INITIALIZE_FAIL 
[920] 2015/02/05 21:21:23.608 API ExitInstance 
[2328] 2015/02/05 21:24:53.524 API InitInstance 
[2328] 2015/02/05 21:24:53.525 SKOSQuoteLib_RequestServerTime   SK_ERROR_INITIALIZE_FAIL 
[2328] 2015/02/05 21:25:08.515 SKOSQuoteLib_RequestServerTime   SK_ERROR_INITIALIZE_FAIL 
[3736] 2015/02/05 21:25:10.409 API InitInstance 
[3736] 2015/02/05 21:25:10.412 SKOSQuoteLib_Initialize  ID：E122828927
[3736] 2015/02/05 21:25:10.414 SKOSQuoteLib_Initialize  Server：https://order2.capital.com.tw/
[3736] 2015/02/05 21:25:11.082 SKOSQuoteLib_AttachConnectCallBack
[3736] 2015/02/05 21:25:11.084 SKOSQuoteLib_AttachQuoteCallBack
[3736] 2015/02/05 21:25:11.086 SKOSQuoteLib_AttachTicksCallBack
[3736] 2015/02/05 21:25:11.087 SKOSQuoteLib_AttachBest5CallBack
[3736] 2015/02/05 21:25:11.089 SKOSQuoteLib_AttachServerTimeCallBack
[3736] 2015/02/05 21:25:11.090 SKOSQuoteLib_AttachHistoryTicksGetCallBack
[3736] 2015/02/05 21:25:11.095 SKOSQuoteLib_EnterMonitor(0)
[3736] 2015/02/05 21:25:11.096 Connect FORT03.capital.com.tw 443
[3736] 2015/02/05 21:25:11.173 SK_SUBJECT_CONNECTION_CONNECTED，Code: 0
[3736] 2015/02/05 21:25:15.255 SKOSQuoteLib_RequestServerTime()
[3736] 2015/02/05 21:25:20.047 SKOSQuoteLib_RequestTicks (0,OSE,JNMPM1503)
[2328] 2015/02/05 21:25:23.524 SKOSQuoteLib_RequestServerTime   SK_ERROR_INITIALIZE_FAIL 
[3736] 2015/02/05 21:25:30.262 SKOSQuoteLib_RequestServerTime()
[2328] 2015/02/05 21:25:38.526 SKOSQuoteLib_RequestServerTime   SK_ERROR_INITIALIZE_FAIL 
[3736] 2015/02/05 21:25:45.265 SKOSQuoteLib_RequestServerTime()
[2328] 2015/02/05 21:25:53.539 SKOSQuoteLib_RequestServerTime   SK_ERROR_INITIALIZE_FAIL 
[3736] 2015/02/05 21:26:00.274 SKOSQuoteLib_RequestServerTime()
[2328] 2015/02/05 21:26:08.546 SKOSQuoteLib_RequestServerTime   SK_ERROR_INITIALIZE_FAIL 
[3736] 2015/02/05 21:26:15.286 SKOSQuoteLib_RequestServerTime()
[2328] 2015/02/05 21:26:23.548 SKOSQuoteLib_RequestServerTime   SK_ERROR_INITIALIZE_FAIL 
[3736] 2015/02/05 21:26:30.286 SKOSQuoteLib_RequestServerTime()
[2328] 2015/02/05 21:26:38.556 SKOSQuoteLib_RequestServerTime   SK_ERROR_INITIALIZE_FAIL 
[3736] 2015/02/05 21:26:45.302 SKOSQuoteLib_RequestServerTime()
[2328] 2015/02/05 21:26:53.568 SKOSQuoteLib_RequestServerTime   SK_ERROR_INITIALIZE_FAIL 
[3736] 2015/02/05 21:27:00.302 SKOSQuoteLib_RequestServerTime()
[2328] 2015/02/05 21:27:08.569 SKOSQuoteLib_RequestServerTime   SK_ERROR_INITIALIZE_FAIL 
[3736] 2015/02/05 21:27:15.309 SKOSQuoteLib_RequestServerTime()
[2328] 2015/02/05 21:27:23.581 SKOSQuoteLib_RequestServerTime   SK_ERROR_INITIALIZE_FAIL 
[3736] 2015/02/05 21:27:30.323 SKOSQuoteLib_RequestServerTime()
[2328] 2015/02/05 21:27:38.591 SKOSQuoteLib_RequestServerTime   SK_ERROR_INITIALIZE_FAIL 
[3736] 2015/02/05 21:27:45.331 SKOSQuoteLib_RequestServerTime()
[2328] 2015/02/05 21:27:53.591 SKOSQuoteLib_RequestServerTime   SK_ERROR_INITIALIZE_FAIL 
[3736] 2015/02/05 21:28:00.333 SKOSQuoteLib_RequestServerTime()
[2328] 2015/02/05 21:28:08.600 SKOSQuoteLib_RequestServerTime   SK_ERROR_INITIALIZE_FAIL 
[3736] 2015/02/05 21:28:15.340 SKOSQuoteLib_RequestServerTime()
[2328] 2015/02/05 21:28:23.606 SKOSQuoteLib_RequestServerTime   SK_ERROR_INITIALIZE_FAIL 
[3736] 2015/02/05 21:28:30.347 SKOSQuoteLib_RequestServerTime()
[2328] 2015/02/05 21:28:38.616 SKOSQuoteLib_RequestServerTime   SK_ERROR_INITIALIZE_FAIL 
[3736] 2015/02/05 21:28:45.353 SKOSQuoteLib_RequestServerTime()
[2328] 2015/02/05 21:28:53.623 SKOSQuoteLib_RequestServerTime   SK_ERROR_INITIALIZE_FAIL 
[3736] 2015/02/05 21:29:00.360 SKOSQuoteLib_RequestServerTime()
[2328] 2015/02/05 21:29:08.627 SKOSQuoteLib_RequestServerTime   SK_ERROR_INITIALIZE_FAIL 
[3736] 2015/02/05 21:29:15.369 SKOSQuoteLib_RequestServerTime()
[2328] 2015/02/05 21:29:23.635 SKOSQuoteLib_RequestServerTime   SK_ERROR_INITIALIZE_FAIL 
[3736] 2015/02/05 21:29:30.375 SKOSQuoteLib_RequestServerTime()
[2328] 2015/02/05 21:29:38.645 SKOSQuoteLib_RequestServerTime   SK_ERROR_INITIALIZE_FAIL 
[3736] 2015/02/05 21:29:45.382 SKOSQuoteLib_RequestServerTime()
[2328] 2015/02/05 21:29:53.650 SKOSQuoteLib_RequestServerTime   SK_ERROR_INITIALIZE_FAIL 
[3736] 2015/02/05 21:30:00.389 SKOSQuoteLib_RequestServerTime()
[2328] 2015/02/05 21:30:08.659 SKOSQuoteLib_RequestServerTime   SK_ERROR_INITIALIZE_FAIL 
[3736] 2015/02/05 21:30:15.401 SKOSQuoteLib_RequestServerTime()
[2328] 2015/02/05 21:30:23.669 SKOSQuoteLib_RequestServerTime   SK_ERROR_INITIALIZE_FAIL 
[3736] 2015/02/05 21:30:30.404 SKOSQuoteLib_RequestServerTime()
[2328] 2015/02/05 21:30:38.676 SKOSQuoteLib_RequestServerTime   SK_ERROR_INITIALIZE_FAIL 
[3736] 2015/02/05 21:30:45.411 SKOSQuoteLib_RequestServerTime()
[2328] 2015/02/05 21:30:53.684 SKOSQuoteLib_RequestServerTime   SK_ERROR_INITIALIZE_FAIL 
[3736] 2015/02/05 21:31:00.425 SKOSQuoteLib_RequestServerTime()
[2328] 2015/02/05 21:31:08.689 SKOSQuoteLib_RequestServerTime   SK_ERROR_INITIALIZE_FAIL 
[3736] 2015/02/05 21:31:15.427 SKOSQuoteLib_RequestServerTime()
[2328] 2015/02/05 21:31:23.694 SKOSQuoteLib_RequestServerTime   SK_ERROR_INITIALIZE_FAIL 
[3736] 2015/02/05 21:31:30.433 SKOSQuoteLib_RequestServerTime()
[2328] 2015/02/05 21:31:38.701 SKOSQuoteLib_RequestServerTime   SK_ERROR_INITIALIZE_FAIL 
[3736] 2015/02/05 21:31:45.446 SKOSQuoteLib_RequestServerTime()
[2328] 2015/02/05 21:31:53.709 SKOSQuoteLib_RequestServerTime   SK_ERROR_INITIALIZE_FAIL 
[3736] 2015/02/05 21:32:00.449 SKOSQuoteLib_RequestServerTime()
[2328] 2015/02/05 21:32:08.716 SKOSQuoteLib_RequestServerTime   SK_ERROR_INITIALIZE_FAIL 
[3736] 2015/02/05 21:32:15.455 SKOSQuoteLib_RequestServerTime()
[2328] 2015/02/05 21:32:23.727 SKOSQuoteLib_RequestServerTime   SK_ERROR_INITIALIZE_FAIL 
[3736] 2015/02/05 21:32:30.462 SKOSQuoteLib_RequestServerTime()
[2328] 2015/02/05 21:32:38.731 SKOSQuoteLib_RequestServerTime   SK_ERROR_INITIALIZE_FAIL 
[3736] 2015/02/05 21:32:45.477 SKOSQuoteLib_RequestServerTime()
[2328] 2015/02/05 21:32:53.738 SKOSQuoteLib_RequestServerTime   SK_ERROR_INITIALIZE_FAIL 
[3736] 2015/02/05 21:33:00.478 SKOSQuoteLib_RequestServerTime()
[2328] 2015/02/05 21:33:08.750 SKOSQuoteLib_RequestServerTime   SK_ERROR_INITIALIZE_FAIL 
[3736] 2015/02/05 21:33:15.484 SKOSQuoteLib_RequestServerTime()
[2328] 2015/02/05 21:33:23.752 SKOSQuoteLib_RequestServerTime   SK_ERROR_INITIALIZE_FAIL 
[3736] 2015/02/05 21:33:30.490 SKOSQuoteLib_RequestServerTime()
[2328] 2015/02/05 21:33:38.762 SKOSQuoteLib_RequestServerTime   SK_ERROR_INITIALIZE_FAIL 
[3736] 2015/02/05 21:33:45.498 SKOSQuoteLib_RequestServerTime()
[2328] 2015/02/05 21:33:53.773 SKOSQuoteLib_RequestServerTime   SK_ERROR_INITIALIZE_FAIL 
[3736] 2015/02/05 21:34:00.510 SKOSQuoteLib_RequestServerTime()
[2328] 2015/02/05 21:34:08.774 SKOSQuoteLib_RequestServerTime   SK_ERROR_INITIALIZE_FAIL 
[3736] 2015/02/05 21:34:15.518 SKOSQuoteLib_RequestServerTime()
[2328] 2015/02/05 21:34:23.788 SKOSQuoteLib_RequestServerTime   SK_ERROR_INITIALIZE_FAIL 
[3736] 2015/02/05 21:34:30.523 SKOSQuoteLib_RequestServerTime()
[2328] 2015/02/05 21:34:38.788 SKOSQuoteLib_RequestServerTime   SK_ERROR_INITIALIZE_FAIL 
[3736] 2015/02/05 21:34:45.528 SKOSQuoteLib_RequestServerTime()
[2328] 2015/02/05 21:34:53.801 SKOSQuoteLib_RequestServerTime   SK_ERROR_INITIALIZE_FAIL 
[3736] 2015/02/05 21:35:00.537 SKOSQuoteLib_RequestServerTime()
[2328] 2015/02/05 21:35:08.809 SKOSQuoteLib_RequestServerTime   SK_ERROR_INITIALIZE_FAIL 
[3736] 2015/02/05 21:35:15.549 SKOSQuoteLib_RequestServerTime()
[2328] 2015/02/05 21:35:23.812 SKOSQuoteLib_RequestServerTime   SK_ERROR_INITIALIZE_FAIL 
[3736] 2015/02/05 21:35:30.553 SKOSQuoteLib_RequestServerTime()
[2328] 2015/02/05 21:35:38.819 SKOSQuoteLib_RequestServerTime   SK_ERROR_INITIALIZE_FAIL 
[3736] 2015/02/05 21:35:45.557 SKOSQuoteLib_RequestServerTime()
[2328] 2015/02/05 21:35:53.831 SKOSQuoteLib_RequestServerTime   SK_ERROR_INITIALIZE_FAIL 
[3736] 2015/02/05 21:36:00.564 SKOSQuoteLib_RequestServerTime()
[2328] 2015/02/05 21:36:08.835 SKOSQuoteLib_RequestServerTime   SK_ERROR_INITIALIZE_FAIL 
[3736] 2015/02/05 21:36:15.573 SKOSQuoteLib_RequestServerTime()
[2328] 2015/02/05 21:36:23.840 SKOSQuoteLib_RequestServerTime   SK_ERROR_INITIALIZE_FAIL 
[3736] 2015/02/05 21:36:30.579 SKOSQuoteLib_RequestServerTime()
[2328] 2015/02/05 21:36:38.847 SKOSQuoteLib_RequestServerTime   SK_ERROR_INITIALIZE_FAIL 
[3736] 2015/02/05 21:36:45.586 SKOSQuoteLib_RequestServerTime()
[2328] 2015/02/05 21:36:53.859 SKOSQuoteLib_RequestServerTime   SK_ERROR_INITIALIZE_FAIL 
[3736] 2015/02/05 21:37:00.595 SKOSQuoteLib_RequestServerTime()
[2328] 2015/02/05 21:37:08.863 SKOSQuoteLib_RequestServerTime   SK_ERROR_INITIALIZE_FAIL 
[3736] 2015/02/05 21:37:15.600 SKOSQuoteLib_RequestServerTime()
[2328] 2015/02/05 21:37:23.875 SKOSQuoteLib_RequestServerTime   SK_ERROR_INITIALIZE_FAIL 
[3736] 2015/02/05 21:37:30.608 SKOSQuoteLib_RequestServerTime()
[2328] 2015/02/05 21:37:38.877 SKOSQuoteLib_RequestServerTime   SK_ERROR_INITIALIZE_FAIL 
[3736] 2015/02/05 21:37:45.622 SKOSQuoteLib_RequestServerTime()
[2328] 2015/02/05 21:37:53.885 SKOSQuoteLib_RequestServerTime   SK_ERROR_INITIALIZE_FAIL 
[3736] 2015/02/05 21:38:00.623 SKOSQuoteLib_RequestServerTime()
[2328] 2015/02/05 21:38:08.892 SKOSQuoteLib_RequestServerTime   SK_ERROR_INITIALIZE_FAIL 
[3736] 2015/02/05 21:38:15.630 SKOSQuoteLib_RequestServerTime()
[2328] 2015/02/05 21:38:23.899 SKOSQuoteLib_RequestServerTime   SK_ERROR_INITIALIZE_FAIL 
[3736] 2015/02/05 21:38:30.638 SKOSQuoteLib_RequestServerTime()
[2328] 2015/02/05 21:38:38.907 SKOSQuoteLib_RequestServerTime   SK_ERROR_INITIALIZE_FAIL 
[3736] 2015/02/05 21:38:45.647 SKOSQuoteLib_RequestServerTime()
[2328] 2015/02/05 21:38:53.912 SKOSQuoteLib_RequestServerTime   SK_ERROR_INITIALIZE_FAIL 
[3736] 2015/02/05 21:39:00.655 SKOSQuoteLib_RequestServerTime()
[2328] 2015/02/05 21:39:08.920 SKOSQuoteLib_RequestServerTime   SK_ERROR_INITIALIZE_FAIL 
[3736] 2015/02/05 21:39:15.659 SKOSQuoteLib_RequestServerTime()
[2328] 2015/02/05 21:39:23.926 SKOSQuoteLib_RequestServerTime   SK_ERROR_INITIALIZE_FAIL 
[3736] 2015/02/05 21:39:30.668 SKOSQuoteLib_RequestServerTime()
[2328] 2015/02/05 21:39:38.940 SKOSQuoteLib_RequestServerTime   SK_ERROR_INITIALIZE_FAIL 
[3736] 2015/02/05 21:39:45.679 SKOSQuoteLib_RequestServerTime()
[2328] 2015/02/05 21:39:53.943 SKOSQuoteLib_RequestServerTime   SK_ERROR_INITIALIZE_FAIL 
[3736] 2015/02/05 21:40:00.681 SKOSQuoteLib_RequestServerTime()
[2328] 2015/02/05 21:40:08.950 SKOSQuoteLib_RequestServerTime   SK_ERROR_INITIALIZE_FAIL 
[3736] 2015/02/05 21:40:18.606 SKOSQuoteLib_RequestServerTime()
[2328] 2015/02/05 21:40:23.957 SKOSQuoteLib_RequestServerTime   SK_ERROR_INITIALIZE_FAIL 
[3736] 2015/02/05 21:40:33.510 SKOSQuoteLib_RequestServerTime()
[2328] 2015/02/05 21:40:38.964 SKOSQuoteLib_RequestServerTime   SK_ERROR_INITIALIZE_FAIL 
[3736] 2015/02/05 21:40:48.511 SKOSQuoteLib_RequestServerTime()
[2328] 2015/02/05 21:40:53.971 SKOSQuoteLib_RequestServerTime   SK_ERROR_INITIALIZE_FAIL 
[3736] 2015/02/05 21:41:03.518 SKOSQuoteLib_RequestServerTime()
[2328] 2015/02/05 21:41:08.979 SKOSQuoteLib_RequestServerTime   SK_ERROR_INITIALIZE_FAIL 
[3736] 2015/02/05 21:41:18.527 SKOSQuoteLib_RequestServerTime()
[2328] 2015/02/05 21:41:23.986 SKOSQuoteLib_RequestServerTime   SK_ERROR_INITIALIZE_FAIL 
[3736] 2015/02/05 21:41:33.532 SKOSQuoteLib_RequestServerTime()
[2328] 2015/02/05 21:41:38.992 SKOSQuoteLib_RequestServerTime   SK_ERROR_INITIALIZE_FAIL 
[3736] 2015/02/05 21:41:48.541 SKOSQuoteLib_RequestServerTime()
[2328] 2015/02/05 21:41:54.000 SKOSQuoteLib_RequestServerTime   SK_ERROR_INITIALIZE_FAIL 
[3736] 2015/02/05 21:42:03.555 SKOSQuoteLib_RequestServerTime()
[2328] 2015/02/05 21:42:09.010 SKOSQuoteLib_RequestServerTime   SK_ERROR_INITIALIZE_FAIL 
[3736] 2015/02/05 21:42:18.555 SKOSQuoteLib_RequestServerTime()
[2328] 2015/02/05 21:42:24.016 SKOSQuoteLib_RequestServerTime   SK_ERROR_INITIALIZE_FAIL 
[3736] 2015/02/05 21:42:33.561 SKOSQuoteLib_RequestServerTime()
[2328] 2015/02/05 21:42:39.023 SKOSQuoteLib_RequestServerTime   SK_ERROR_INITIALIZE_FAIL 
[3736] 2015/02/05 21:42:48.569 SKOSQuoteLib_RequestServerTime()
[2328] 2015/02/05 21:42:54.035 SKOSQuoteLib_RequestServerTime   SK_ERROR_INITIALIZE_FAIL 
[3736] 2015/02/05 21:43:03.584 SKOSQuoteLib_RequestServerTime()
[2328] 2015/02/05 21:43:09.037 SKOSQuoteLib_RequestServerTime   SK_ERROR_INITIALIZE_FAIL 
[3736] 2015/02/05 21:43:18.583 SKOSQuoteLib_RequestServerTime()
[2328] 2015/02/05 21:43:24.046 SKOSQuoteLib_RequestServerTime   SK_ERROR_INITIALIZE_FAIL 
[3736] 2015/02/05 21:43:33.591 SKOSQuoteLib_RequestServerTime()
[2328] 2015/02/05 21:43:39.051 SKOSQuoteLib_RequestServerTime   SK_ERROR_INITIALIZE_FAIL 
[3736] 2015/02/05 21:43:48.601 SKOSQuoteLib_RequestServerTime()
[2328] 2015/02/05 21:43:54.060 SKOSQuoteLib_RequestServerTime   SK_ERROR_INITIALIZE_FAIL 
[3736] 2015/02/05 21:44:03.605 SKOSQuoteLib_RequestServerTime()
[2328] 2015/02/05 21:44:09.066 SKOSQuoteLib_RequestServerTime   SK_ERROR_INITIALIZE_FAIL 
[3736] 2015/02/05 21:44:18.613 SKOSQuoteLib_RequestServerTime()
[2328] 2015/02/05 21:44:24.074 SKOSQuoteLib_RequestServerTime   SK_ERROR_INITIALIZE_FAIL 
[3736] 2015/02/05 21:44:33.621 SKOSQuoteLib_RequestServerTime()
[2328] 2015/02/05 21:44:39.087 SKOSQuoteLib_RequestServerTime   SK_ERROR_INITIALIZE_FAIL 
[3736] 2015/02/05 21:44:48.634 SKOSQuoteLib_RequestServerTime()
[3736] 2015/02/05 21:44:53.024 連線中斷，Code: 10060 , The connection has been dropped because of a network failure or because the peer system failed to respond.
[3736] 2015/02/05 21:44:53.028 SocketDisconnect 斷線CALLBACK通知
[3736] 2015/02/05 21:44:53.031 SKOSQuoteLib_EnterMonitor(0)
[3736] 2015/02/05 21:44:53.033 Connect FORT03.capital.com.tw 443
[3736] 2015/02/05 21:44:53.035 SKOSQuoteLib_RequestTicks (0,OSE,JNMPM1503)
[3736] 2015/02/05 21:44:53.086 SK_SUBJECT_CONNECTION_CONNECTED，Code: 0
[3736] 2015/02/05 21:44:53.137 SK_SUBJECT_CONNECTION_DISCONNECT，Code: 10060
[2328] 2015/02/05 21:44:54.095 SKOSQuoteLib_RequestServerTime   SK_ERROR_INITIALIZE_FAIL 
[2328] 2015/02/05 21:45:09.095 SKOSQuoteLib_RequestServerTime   SK_ERROR_INITIALIZE_FAIL 
[2328] 2015/02/05 21:45:24.104 SKOSQuoteLib_RequestServerTime   SK_ERROR_INITIALIZE_FAIL 
[2328] 2015/02/05 21:45:39.115 SKOSQuoteLib_RequestServerTime   SK_ERROR_INITIALIZE_FAIL 
[2328] 2015/02/05 21:45:54.123 SKOSQuoteLib_RequestServerTime   SK_ERROR_INITIALIZE_FAIL 
[2328] 2015/02/05 21:46:09.125 SKOSQuoteLib_RequestServerTime   SK_ERROR_INITIALIZE_FAIL 
[2328] 2015/02/05 21:46:24.138 SKOSQuoteLib_RequestServerTime   SK_ERROR_INITIALIZE_FAIL 
[2328] 2015/02/05 21:46:39.145 SKOSQuoteLib_RequestServerTime   SK_ERROR_INITIALIZE_FAIL 
[2328] 2015/02/05 21:46:54.146 SKOSQuoteLib_RequestServerTime   SK_ERROR_INITIALIZE_FAIL 
[2328] 2015/02/05 21:47:09.159 SKOSQuoteLib_RequestServerTime   SK_ERROR_INITIALIZE_FAIL 
[2328] 2015/02/05 21:47:24.163 SKOSQuoteLib_RequestServerTime   SK_ERROR_INITIALIZE_FAIL 
[3736] 2015/02/05 21:47:29.474 連線中斷，Code: 10054 , The virtual circuit was reset by the remote side executing a "hard" or "abortive" close. The application should close the socket as it is no longer usable. On a UDP datagram socket this error would indicate that a previous send operation resulted in an ICMP "Port Unreachable" message.
[3736] 2015/02/05 21:47:29.478 SocketDisconnect 斷線CALLBACK通知
[3736] 2015/02/05 21:47:29.481 SKOSQuoteLib_EnterMonitor(0)
[3736] 2015/02/05 21:47:29.482 Connect FORT03.capital.com.tw 443
[3736] 2015/02/05 21:47:29.483 SKOSQuoteLib_RequestTicks (0,OSE,JNMPM1503)
[3736] 2015/02/05 21:47:29.497 SK_SUBJECT_CONNECTION_CONNECTED，Code: 0
[3736] 2015/02/05 21:47:29.584 SK_SUBJECT_CONNECTION_DISCONNECT，Code: 10054
[2328] 2015/02/05 21:47:39.169 SKOSQuoteLib_RequestServerTime   SK_ERROR_INITIALIZE_FAIL 
[2328] 2015/02/05 21:47:54.178 SKOSQuoteLib_RequestServerTime   SK_ERROR_INITIALIZE_FAIL 
[2328] 2015/02/05 21:48:09.188 SKOSQuoteLib_RequestServerTime   SK_ERROR_INITIALIZE_FAIL 
[2328] 2015/02/05 21:48:24.190 SKOSQuoteLib_RequestServerTime   SK_ERROR_INITIALIZE_FAIL 
[2328] 2015/02/05 21:48:39.201 SKOSQuoteLib_RequestServerTime   SK_ERROR_INITIALIZE_FAIL 
[2328] 2015/02/05 21:48:54.211 SKOSQuoteLib_RequestServerTime   SK_ERROR_INITIALIZE_FAIL 
[2328] 2015/02/05 21:49:09.218 SKOSQuoteLib_RequestServerTime   SK_ERROR_INITIALIZE_FAIL 
[2328] 2015/02/05 21:49:24.226 SKOSQuoteLib_RequestServerTime   SK_ERROR_INITIALIZE_FAIL 
[2328] 2015/02/05 21:49:39.231 SKOSQuoteLib_RequestServerTime   SK_ERROR_INITIALIZE_FAIL 
[2328] 2015/02/05 21:49:54.233 SKOSQuoteLib_RequestServerTime   SK_ERROR_INITIALIZE_FAIL 
[3736] 2015/02/05 21:50:05.776 連線中斷，Code: 10054 , The virtual circuit was reset by the remote side executing a "hard" or "abortive" close. The application should close the socket as it is no longer usable. On a UDP datagram socket this error would indicate that a previous send operation resulted in an ICMP "Port Unreachable" message.
[3736] 2015/02/05 21:50:05.783 SocketDisconnect 斷線CALLBACK通知
[3736] 2015/02/05 21:50:05.786 SKOSQuoteLib_EnterMonitor(0)
[3736] 2015/02/05 21:50:05.788 Connect FORT03.capital.com.tw 443
[3736] 2015/02/05 21:50:05.790 SKOSQuoteLib_RequestTicks (0,OSE,JNMPM1503)
[3736] 2015/02/05 21:50:05.805 SK_SUBJECT_CONNECTION_CONNECTED，Code: 0
[3736] 2015/02/05 21:50:05.892 SK_SUBJECT_CONNECTION_DISCONNECT，Code: 10054
[2328] 2015/02/05 21:50:09.241 SKOSQuoteLib_RequestServerTime   SK_ERROR_INITIALIZE_FAIL 
[2328] 2015/02/05 21:50:24.253 SKOSQuoteLib_RequestServerTime   SK_ERROR_INITIALIZE_FAIL 
[2328] 2015/02/05 21:50:39.258 SKOSQuoteLib_RequestServerTime   SK_ERROR_INITIALIZE_FAIL 
[2328] 2015/02/05 21:50:54.265 SKOSQuoteLib_RequestServerTime   SK_ERROR_INITIALIZE_FAIL 
[2328] 2015/02/05 21:51:09.274 SKOSQuoteLib_RequestServerTime   SK_ERROR_INITIALIZE_FAIL 
[2328] 2015/02/05 21:51:24.285 SKOSQuoteLib_RequestServerTime   SK_ERROR_INITIALIZE_FAIL 
[2328] 2015/02/05 21:51:39.290 SKOSQuoteLib_RequestServerTime   SK_ERROR_INITIALIZE_FAIL 
[2328] 2015/02/05 21:51:54.296 SKOSQuoteLib_RequestServerTime   SK_ERROR_INITIALIZE_FAIL 
[2328] 2015/02/05 21:52:09.305 SKOSQuoteLib_RequestServerTime   SK_ERROR_INITIALIZE_FAIL 
[2328] 2015/02/05 21:52:24.313 SKOSQuoteLib_RequestServerTime   SK_ERROR_INITIALIZE_FAIL 
[2328] 2015/02/05 21:52:39.314 SKOSQuoteLib_RequestServerTime   SK_ERROR_INITIALIZE_FAIL 
[3736] 2015/02/05 21:52:42.096 連線中斷，Code: 10054 , The virtual circuit was reset by the remote side executing a "hard" or "abortive" close. The application should close the socket as it is no longer usable. On a UDP datagram socket this error would indicate that a previous send operation resulted in an ICMP "Port Unreachable" message.
[3736] 2015/02/05 21:52:42.101 SocketDisconnect 斷線CALLBACK通知
[3736] 2015/02/05 21:52:42.104 SKOSQuoteLib_EnterMonitor(0)
[3736] 2015/02/05 21:52:42.105 Connect FORT03.capital.com.tw 443
[3736] 2015/02/05 21:52:42.107 SKOSQuoteLib_RequestTicks (0,OSE,JNMPM1503)
[3736] 2015/02/05 21:52:42.108 SK_SUBJECT_CONNECTION_DISCONNECT，Code: 10054
[3736] 2015/02/05 21:52:42.127 SK_SUBJECT_CONNECTION_CONNECTED，Code: 0
[2328] 2015/02/05 21:52:54.327 SKOSQuoteLib_RequestServerTime   SK_ERROR_INITIALIZE_FAIL 
[2328] 2015/02/05 21:53:09.333 SKOSQuoteLib_RequestServerTime   SK_ERROR_INITIALIZE_FAIL 
[2328] 2015/02/05 21:53:24.335 SKOSQuoteLib_RequestServerTime   SK_ERROR_INITIALIZE_FAIL 
[2328] 2015/02/05 21:53:39.343 SKOSQuoteLib_RequestServerTime   SK_ERROR_INITIALIZE_FAIL 
[2328] 2015/02/05 21:53:54.352 SKOSQuoteLib_RequestServerTime   SK_ERROR_INITIALIZE_FAIL 
[2328] 2015/02/05 21:54:09.360 SKOSQuoteLib_RequestServerTime   SK_ERROR_INITIALIZE_FAIL 
[2328] 2015/02/05 21:54:24.371 SKOSQuoteLib_RequestServerTime   SK_ERROR_INITIALIZE_FAIL 
[2328] 2015/02/05 21:54:39.374 SKOSQuoteLib_RequestServerTime   SK_ERROR_INITIALIZE_FAIL 
[2328] 2015/02/05 21:54:54.382 SKOSQuoteLib_RequestServerTime   SK_ERROR_INITIALIZE_FAIL 
[2328] 2015/02/05 21:55:09.392 SKOSQuoteLib_RequestServerTime   SK_ERROR_INITIALIZE_FAIL 
[3736] 2015/02/05 21:55:18.412 連線中斷，Code: 10054 , The virtual circuit was reset by the remote side executing a "hard" or "abortive" close. The application should close the socket as it is no longer usable. On a UDP datagram socket this error would indicate that a previous send operation resulted in an ICMP "Port Unreachable" message.
[3736] 2015/02/05 21:55:18.415 SocketDisconnect 斷線CALLBACK通知
[3736] 2015/02/05 21:55:18.418 SKOSQuoteLib_EnterMonitor(0)
[3736] 2015/02/05 21:55:18.419 Connect FORT03.capital.com.tw 443
[3736] 2015/02/05 21:55:18.420 SKOSQuoteLib_RequestTicks (0,OSE,JNMPM1503)
[3736] 2015/02/05 21:55:18.421 SK_SUBJECT_CONNECTION_DISCONNECT，Code: 10054
[3736] 2015/02/05 21:55:18.453 SK_SUBJECT_CONNECTION_CONNECTED，Code: 0
[2328] 2015/02/05 21:55:29.500 SKOSQuoteLib_RequestServerTime   SK_ERROR_INITIALIZE_FAIL 
[2328] 2015/02/05 21:55:44.503 SKOSQuoteLib_RequestServerTime   SK_ERROR_INITIALIZE_FAIL 
[2328] 2015/02/05 21:55:59.510 SKOSQuoteLib_RequestServerTime   SK_ERROR_INITIALIZE_FAIL 
[2328] 2015/02/05 21:56:14.519 SKOSQuoteLib_RequestServerTime   SK_ERROR_INITIALIZE_FAIL 
[2328] 2015/02/05 21:56:29.530 SKOSQuoteLib_RequestServerTime   SK_ERROR_INITIALIZE_FAIL 
[2328] 2015/02/05 21:56:44.531 SKOSQuoteLib_RequestServerTime   SK_ERROR_INITIALIZE_FAIL 
[2328] 2015/02/05 21:56:59.542 SKOSQuoteLib_RequestServerTime   SK_ERROR_INITIALIZE_FAIL 
[2328] 2015/02/05 21:57:14.549 SKOSQuoteLib_RequestServerTime   SK_ERROR_INITIALIZE_FAIL 
[2328] 2015/02/05 21:57:29.555 SKOSQuoteLib_RequestServerTime   SK_ERROR_INITIALIZE_FAIL 
[2328] 2015/02/05 21:57:44.561 SKOSQuoteLib_RequestServerTime   SK_ERROR_INITIALIZE_FAIL 
[3736] 2015/02/05 21:57:55.258 連線中斷，Code: 10054 , The virtual circuit was reset by the remote side executing a "hard" or "abortive" close. The application should close the socket as it is no longer usable. On a UDP datagram socket this error would indicate that a previous send operation resulted in an ICMP "Port Unreachable" message.
[3736] 2015/02/05 21:57:55.265 SocketDisconnect 斷線CALLBACK通知
[3736] 2015/02/05 21:57:55.269 SKOSQuoteLib_EnterMonitor(0)
[3736] 2015/02/05 21:57:55.271 Connect FORT03.capital.com.tw 443
[3736] 2015/02/05 21:57:55.273 SKOSQuoteLib_RequestTicks (0,OSE,JNMPM1503)
[3736] 2015/02/05 21:57:55.302 SK_SUBJECT_CONNECTION_CONNECTED，Code: 0
[3736] 2015/02/05 21:57:55.375 SK_SUBJECT_CONNECTION_DISCONNECT，Code: 10054
[2328] 2015/02/05 21:57:59.568 SKOSQuoteLib_RequestServerTime   SK_ERROR_INITIALIZE_FAIL 
[2328] 2015/02/05 21:58:14.576 SKOSQuoteLib_RequestServerTime   SK_ERROR_INITIALIZE_FAIL 
[2328] 2015/02/05 21:58:29.583 SKOSQuoteLib_RequestServerTime   SK_ERROR_INITIALIZE_FAIL 
[2328] 2015/02/05 21:58:44.590 SKOSQuoteLib_RequestServerTime   SK_ERROR_INITIALIZE_FAIL 
[2328] 2015/02/05 21:58:59.599 SKOSQuoteLib_RequestServerTime   SK_ERROR_INITIALIZE_FAIL 
[2328] 2015/02/05 21:59:14.604 SKOSQuoteLib_RequestServerTime   SK_ERROR_INITIALIZE_FAIL 
[2328] 2015/02/05 21:59:29.611 SKOSQuoteLib_RequestServerTime   SK_ERROR_INITIALIZE_FAIL 
[2328] 2015/02/05 21:59:44.627 SKOSQuoteLib_RequestServerTime   SK_ERROR_INITIALIZE_FAIL 
[2328] 2015/02/05 21:59:59.633 SKOSQuoteLib_RequestServerTime   SK_ERROR_INITIALIZE_FAIL 
[2328] 2015/02/05 22:00:14.634 SKOSQuoteLib_RequestServerTime   SK_ERROR_INITIALIZE_FAIL 
[2328] 2015/02/05 22:00:29.642 SKOSQuoteLib_RequestServerTime   SK_ERROR_INITIALIZE_FAIL 
[3736] 2015/02/05 22:00:31.591 連線中斷，Code: 10054 , The virtual circuit was reset by the remote side executing a "hard" or "abortive" close. The application should close the socket as it is no longer usable. On a UDP datagram socket this error would indicate that a previous send operation resulted in an ICMP "Port Unreachable" message.
[3736] 2015/02/05 22:00:31.598 SocketDisconnect 斷線CALLBACK通知
[3736] 2015/02/05 22:00:31.601 SKOSQuoteLib_EnterMonitor(0)
[3736] 2015/02/05 22:00:31.603 Connect FORT03.capital.com.tw 443
[3736] 2015/02/05 22:00:31.605 SKOSQuoteLib_RequestTicks (0,OSE,JNMPM1503)
[3736] 2015/02/05 22:00:31.607 SK_SUBJECT_CONNECTION_DISCONNECT，Code: 10054
[3736] 2015/02/05 22:00:34.044 SK_SUBJECT_CONNECTION_CONNECTED，Code: 0
[2328] 2015/02/05 22:00:44.650 SKOSQuoteLib_RequestServerTime   SK_ERROR_INITIALIZE_FAIL 
[2328] 2015/02/05 22:00:59.661 SKOSQuoteLib_RequestServerTime   SK_ERROR_INITIALIZE_FAIL 
[2328] 2015/02/05 22:01:14.663 SKOSQuoteLib_RequestServerTime   SK_ERROR_INITIALIZE_FAIL 
[2328] 2015/02/05 22:01:29.674 SKOSQuoteLib_RequestServerTime   SK_ERROR_INITIALIZE_FAIL 
[2328] 2015/02/05 22:01:44.677 SKOSQuoteLib_RequestServerTime   SK_ERROR_INITIALIZE_FAIL 
[2328] 2015/02/05 22:01:59.686 SKOSQuoteLib_RequestServerTime   SK_ERROR_INITIALIZE_FAIL 
[2328] 2015/02/05 22:02:14.694 SKOSQuoteLib_RequestServerTime   SK_ERROR_INITIALIZE_FAIL 
[2328] 2015/02/05 22:02:29.707 SKOSQuoteLib_RequestServerTime   SK_ERROR_INITIALIZE_FAIL 
[2328] 2015/02/05 22:02:44.713 SKOSQuoteLib_RequestServerTime   SK_ERROR_INITIALIZE_FAIL 
[2328] 2015/02/05 22:02:59.713 SKOSQuoteLib_RequestServerTime   SK_ERROR_INITIALIZE_FAIL 
[3736] 2015/02/05 22:03:10.331 連線中斷，Code: 10054 , The virtual circuit was reset by the remote side executing a "hard" or "abortive" close. The application should close the socket as it is no longer usable. On a UDP datagram socket this error would indicate that a previous send operation resulted in an ICMP "Port Unreachable" message.
[3736] 2015/02/05 22:03:10.338 SocketDisconnect 斷線CALLBACK通知
[3736] 2015/02/05 22:03:10.341 SKOSQuoteLib_EnterMonitor(0)
[3736] 2015/02/05 22:03:10.342 Connect FORT03.capital.com.tw 443
[3736] 2015/02/05 22:03:10.344 SKOSQuoteLib_RequestTicks (0,OSE,JNMPM1503)
[3736] 2015/02/05 22:03:10.357 SK_SUBJECT_CONNECTION_CONNECTED，Code: 0
[3736] 2015/02/05 22:03:10.446 SK_SUBJECT_CONNECTION_DISCONNECT，Code: 10054
[2328] 2015/02/05 22:03:14.725 SKOSQuoteLib_RequestServerTime   SK_ERROR_INITIALIZE_FAIL 
[2328] 2015/02/05 22:03:29.728 SKOSQuoteLib_RequestServerTime   SK_ERROR_INITIALIZE_FAIL 
[2328] 2015/02/05 22:03:44.742 SKOSQuoteLib_RequestServerTime   SK_ERROR_INITIALIZE_FAIL 
[2328] 2015/02/05 22:03:59.746 SKOSQuoteLib_RequestServerTime   SK_ERROR_INITIALIZE_FAIL 
[2328] 2015/02/05 22:04:14.751 SKOSQuoteLib_RequestServerTime   SK_ERROR_INITIALIZE_FAIL 
[2328] 2015/02/05 22:04:29.757 SKOSQuoteLib_RequestServerTime   SK_ERROR_INITIALIZE_FAIL 
[2328] 2015/02/05 22:04:44.771 SKOSQuoteLib_RequestServerTime   SK_ERROR_INITIALIZE_FAIL 
[2328] 2015/02/05 22:04:59.772 SKOSQuoteLib_RequestServerTime   SK_ERROR_INITIALIZE_FAIL 
[2328] 2015/02/05 22:05:14.786 SKOSQuoteLib_RequestServerTime   SK_ERROR_INITIALIZE_FAIL 
[2328] 2015/02/05 22:05:29.788 SKOSQuoteLib_RequestServerTime   SK_ERROR_INITIALIZE_FAIL 
[2328] 2015/02/05 22:05:44.797 SKOSQuoteLib_RequestServerTime   SK_ERROR_INITIALIZE_FAIL 
[3736] 2015/02/05 22:05:46.649 連線中斷，Code: 10054 , The virtual circuit was reset by the remote side executing a "hard" or "abortive" close. The application should close the socket as it is no longer usable. On a UDP datagram socket this error would indicate that a previous send operation resulted in an ICMP "Port Unreachable" message.
[3736] 2015/02/05 22:05:46.656 SocketDisconnect 斷線CALLBACK通知
[3736] 2015/02/05 22:05:46.659 SKOSQuoteLib_EnterMonitor(0)
[3736] 2015/02/05 22:05:46.661 Connect FORT03.capital.com.tw 443
[3736] 2015/02/05 22:05:46.663 SKOSQuoteLib_RequestTicks (0,OSE,JNMPM1503)
[3736] 2015/02/05 22:05:46.665 SK_SUBJECT_CONNECTION_DISCONNECT，Code: 10054
[3736] 2015/02/05 22:05:46.681 SK_SUBJECT_CONNECTION_CONNECTED，Code: 0
[2328] 2015/02/05 22:05:59.805 SKOSQuoteLib_RequestServerTime   SK_ERROR_INITIALIZE_FAIL 
[2328] 2015/02/05 22:06:14.812 SKOSQuoteLib_RequestServerTime   SK_ERROR_INITIALIZE_FAIL 
[2328] 2015/02/05 22:06:29.818 SKOSQuoteLib_RequestServerTime   SK_ERROR_INITIALIZE_FAIL 
[2328] 2015/02/05 22:06:44.823 SKOSQuoteLib_RequestServerTime   SK_ERROR_INITIALIZE_FAIL 
[2328] 2015/02/05 22:06:59.837 SKOSQuoteLib_RequestServerTime   SK_ERROR_INITIALIZE_FAIL 
[2328] 2015/02/05 22:07:14.840 SKOSQuoteLib_RequestServerTime   SK_ERROR_INITIALIZE_FAIL 
[2328] 2015/02/05 22:07:29.848 SKOSQuoteLib_RequestServerTime   SK_ERROR_INITIALIZE_FAIL 
[2328] 2015/02/05 22:07:44.854 SKOSQuoteLib_RequestServerTime   SK_ERROR_INITIALIZE_FAIL 
[2328] 2015/02/05 22:07:59.860 SKOSQuoteLib_RequestServerTime   SK_ERROR_INITIALIZE_FAIL 
[2328] 2015/02/05 22:08:14.868 SKOSQuoteLib_RequestServerTime   SK_ERROR_INITIALIZE_FAIL 
[3736] 2015/02/05 22:08:23.013 連線中斷，Code: 10054 , The virtual circuit was reset by the remote side executing a "hard" or "abortive" close. The application should close the socket as it is no longer usable. On a UDP datagram socket this error would indicate that a previous send operation resulted in an ICMP "Port Unreachable" message.
[3736] 2015/02/05 22:08:23.019 SocketDisconnect 斷線CALLBACK通知
[3736] 2015/02/05 22:08:23.022 SKOSQuoteLib_EnterMonitor(0)
[3736] 2015/02/05 22:08:23.024 Connect FORT03.capital.com.tw 443
[3736] 2015/02/05 22:08:23.026 SKOSQuoteLib_RequestTicks (0,OSE,JNMPM1503)
[3736] 2015/02/05 22:08:23.041 SK_SUBJECT_CONNECTION_CONNECTED，Code: 0
[3736] 2015/02/05 22:08:23.127 SK_SUBJECT_CONNECTION_DISCONNECT，Code: 10054
[2328] 2015/02/05 22:08:29.876 SKOSQuoteLib_RequestServerTime   SK_ERROR_INITIALIZE_FAIL 
[2328] 2015/02/05 22:08:44.882 SKOSQuoteLib_RequestServerTime   SK_ERROR_INITIALIZE_FAIL 
[2328] 2015/02/05 22:08:59.895 SKOSQuoteLib_RequestServerTime   SK_ERROR_INITIALIZE_FAIL 
[2328] 2015/02/05 22:09:14.896 SKOSQuoteLib_RequestServerTime   SK_ERROR_INITIALIZE_FAIL 
[2328] 2015/02/05 22:09:29.906 SKOSQuoteLib_RequestServerTime   SK_ERROR_INITIALIZE_FAIL 
[2328] 2015/02/05 22:09:44.912 SKOSQuoteLib_RequestServerTime   SK_ERROR_INITIALIZE_FAIL 
[2328] 2015/02/05 22:09:59.918 SKOSQuoteLib_RequestServerTime   SK_ERROR_INITIALIZE_FAIL 
[2328] 2015/02/05 22:10:16.176 SKOSQuoteLib_RequestServerTime   SK_ERROR_INITIALIZE_FAIL 
[2328] 2015/02/05 22:10:30.245 SKOSQuoteLib_RequestServerTime   SK_ERROR_INITIALIZE_FAIL 
[2328] 2015/02/05 22:10:45.254 SKOSQuoteLib_RequestServerTime   SK_ERROR_INITIALIZE_FAIL 
[3736] 2015/02/05 22:10:59.330 連線中斷，Code: 10054 , The virtual circuit was reset by the remote side executing a "hard" or "abortive" close. The application should close the socket as it is no longer usable. On a UDP datagram socket this error would indicate that a previous send operation resulted in an ICMP "Port Unreachable" message.
[3736] 2015/02/05 22:10:59.337 SocketDisconnect 斷線CALLBACK通知
[3736] 2015/02/05 22:10:59.342 SKOSQuoteLib_EnterMonitor(0)
[3736] 2015/02/05 22:10:59.343 Connect FORT03.capital.com.tw 443
[3736] 2015/02/05 22:10:59.345 SKOSQuoteLib_RequestTicks (0,OSE,JNMPM1503)
[3736] 2015/02/05 22:10:59.390 SK_SUBJECT_CONNECTION_CONNECTED，Code: 0
[3736] 2015/02/05 22:10:59.447 SK_SUBJECT_CONNECTION_DISCONNECT，Code: 10054
[2328] 2015/02/05 22:11:00.264 SKOSQuoteLib_RequestServerTime   SK_ERROR_INITIALIZE_FAIL 
[2328] 2015/02/05 22:11:15.267 SKOSQuoteLib_RequestServerTime   SK_ERROR_INITIALIZE_FAIL 
[2328] 2015/02/05 22:11:15.269 API ExitInstance 
[3736] 2015/02/05 22:11:18.622 SKOSQuoteLib_LeaveMonitor()
[3736] 2015/02/05 22:11:18.624 連線中斷，Code: 10053 , The virtual circuit was terminated due to a time-out or other failure. The application should close the socket as it is no longer usable.
[3736] 2015/02/05 22:11:18.628 SocketDisconnect 斷線CALLBACK通知
[3736] 2015/02/05 22:11:18.676 API ExitInstance 
