[2920] 2015/02/07 08:31:31.709 API InitInstance 
[2920] 2015/02/07 08:31:31.710 SKOSQuoteLib_RequestServerTime   SK_ERROR_INITIALIZE_FAIL 
[5056] 2015/02/07 08:31:31.729 API InitInstance 
[5056] 2015/02/07 08:31:31.730 SKOSQuoteLib_RequestServerTime   SK_ERROR_INITIALIZE_FAIL 
[2920] 2015/02/07 08:31:46.685 SKOSQuoteLib_RequestServerTime   SK_ERROR_INITIALIZE_FAIL 
[5056] 2015/02/07 08:31:46.701 SKOSQuoteLib_RequestServerTime   SK_ERROR_INITIALIZE_FAIL 
[2920] 2015/02/07 08:32:01.691 SKOSQuoteLib_RequestServerTime   SK_ERROR_INITIALIZE_FAIL 
[5056] 2015/02/07 08:32:01.706 SKOSQuoteLib_RequestServerTime   SK_ERROR_INITIALIZE_FAIL 
[2920] 2015/02/07 08:32:16.704 SKOSQuoteLib_RequestServerTime   SK_ERROR_INITIALIZE_FAIL 
[5056] 2015/02/07 08:32:16.720 SKOSQuoteLib_RequestServerTime   SK_ERROR_INITIALIZE_FAIL 
[2920] 2015/02/07 08:32:31.708 SKOSQuoteLib_RequestServerTime   SK_ERROR_INITIALIZE_FAIL 
[5056] 2015/02/07 08:32:31.724 SKOSQuoteLib_RequestServerTime   SK_ERROR_INITIALIZE_FAIL 
[2920] 2015/02/07 08:32:46.713 SKOSQuoteLib_RequestServerTime   SK_ERROR_INITIALIZE_FAIL 
[5056] 2015/02/07 08:32:46.763 SKOSQuoteLib_Initialize  ID¡GE122828927
[5056] 2015/02/07 08:32:46.764 SKOSQuoteLib_Initialize  Server¡Ghttps://order2.capital.com.tw/
[5056] 2015/02/07 08:32:47.405 SKOSQuoteLib_AttachConnectCallBack
[5056] 2015/02/07 08:32:47.406 SKOSQuoteLib_AttachQuoteCallBack
[5056] 2015/02/07 08:32:47.408 SKOSQuoteLib_AttachTicksCallBack
[5056] 2015/02/07 08:32:47.409 SKOSQuoteLib_AttachBest5CallBack
[5056] 2015/02/07 08:32:47.411 SKOSQuoteLib_AttachServerTimeCallBack
[5056] 2015/02/07 08:32:47.413 SKOSQuoteLib_AttachHistoryTicksGetCallBack
[5056] 2015/02/07 08:32:47.416 SKOSQuoteLib_EnterMonitor(0)
[5056] 2015/02/07 08:32:47.418 Connect FORT01.capital.com.tw 443
[5056] 2015/02/07 08:32:47.548 SKOSQuoteLib_RequestTicks (0,OSE,JNMPM1503)
[5056] 2015/02/07 08:32:47.651 SK_SUBJECT_CONNECTION_CONNECTED¡ACode: 0
[5056] 2015/02/07 08:32:47.655 SKOSQuoteLib_RequestServerTime()
[2920] 2015/02/07 08:33:01.719 SKOSQuoteLib_RequestServerTime   SK_ERROR_INITIALIZE_FAIL 
[5056] 2015/02/07 08:33:01.739 SKOSQuoteLib_RequestServerTime()
[2920] 2015/02/07 08:33:16.727 SKOSQuoteLib_RequestServerTime   SK_ERROR_INITIALIZE_FAIL 
[5056] 2015/02/07 08:33:16.744 SKOSQuoteLib_RequestServerTime()
[5056] 2015/02/07 08:33:24.920 API ExitInstance 
