[4472] 2015/02/24 14:41:30.205 SKOrderLib ª©¥» 2.1.22
[4472] 2015/02/24 14:41:30.208 Login ID: E122828927
[4472] 2015/02/24 14:41:31.752 CALL SKOrderLib_ReadCertByID(E122828927)
[4472] 2015/02/24 14:41:31.908 CALL RegisterOnAccountCallBack()
[4472] 2015/02/24 14:41:31.910 CALL GetUserAccount()
[4472] 2015/02/24 14:41:31.912 TS,918J,918J,0456453,E122828927,±d§Óºú,0,0
[4472] 2015/02/24 14:41:31.914 TF,F020000,B17,1709003,E122828927,±d§Óºú,0,0
[4472] 2015/02/24 14:41:31.916 OF,F020000,000,1709003,E122828927,±d§Óºú,0,0
[4472] 2015/02/24 14:41:31.919 CALL RegisterOnOrderAsyncReportCallBack()
[4472] 2015/02/24 14:41:31.922 CALL RegisterOnExecutionReportCallBack()
[4472] 2015/02/24 14:41:36.695 SKOrderLib ª©¥» 2.1.22
[4472] 2015/02/24 14:41:36.698 Login ID: E122828927
[3236] 2015/02/24 14:42:25.530 SKOrderLib ª©¥» 2.1.22
[3236] 2015/02/24 14:42:25.533 Login ID: E122828927
[3236] 2015/02/24 14:42:26.144 CALL SKOrderLib_ReadCertByID(E122828927)
[3236] 2015/02/24 14:42:26.271 CALL RegisterOnAccountCallBack()
[3236] 2015/02/24 14:42:26.273 CALL GetUserAccount()
[3236] 2015/02/24 14:42:26.274 TS,918J,918J,0456453,E122828927,±d§Óºú,0,0
[3236] 2015/02/24 14:42:26.276 TF,F020000,B17,1709003,E122828927,±d§Óºú,0,0
[3236] 2015/02/24 14:42:26.278 OF,F020000,000,1709003,E122828927,±d§Óºú,0,0
[3236] 2015/02/24 14:42:26.280 CALL RegisterOnOrderAsyncReportCallBack()
[3236] 2015/02/24 14:42:26.282 CALL RegisterOnExecutionReportCallBack()
