[1272] 2015/02/05 21:03:44.691 API InitInstance 
[1272] 2015/02/05 21:03:44.996 E122828927 連線 Code：0
[1272] 2015/02/05 21:03:46.003 收到 Head 資訊 {Count 2} {Type C } 
[1272] 2015/02/05 21:03:46.004 收到 Head 資訊 {Count 2} {Type C } 
[1272] 2015/02/05 21:03:46.005 收到 Head 資訊 {Count 2} {Type C } 
[1272] 2015/02/05 21:03:46.007 收到 Head 資訊 {Count 2} {Type C } 
[1272] 2015/02/05 21:03:46.008 收到 Head 資訊 {Count 2} {Type C } 
[1272] 2015/02/05 21:03:46.010 收到 Head 資訊 {Count 2} {Type C } 
[1272] 2015/02/05 21:03:46.011 收到 Head 資訊 {Count 2} {Type C } 
[1272] 2015/02/05 21:03:46.012 收到 Head 資訊 {Count 2} {Type C } 
[1272] 2015/02/05 21:03:46.014 收到 Head 資訊 {Count 2} {Type C } 
[1272] 2015/02/05 21:03:46.015 收到 Head 資訊 {Count 2} {Type C } 
[1272] 2015/02/05 21:03:46.017 收到 Head 資訊 {Count 2} {Type C } 
[1272] 2015/02/05 21:03:46.018 收到 Head 資訊 {Count 2} {Type C } 
[1272] 2015/02/05 21:03:46.020 收到 Head 資訊 {Count 2} {Type C } 
[1272] 2015/02/05 21:03:46.021 收到 Head 資訊 {Count 2} {Type C } 
[1272] 2015/02/05 21:03:46.022 收到 Head 資訊 {Count 2} {Type C } 
[1272] 2015/02/05 21:03:46.024 收到 Head 資訊 {Count 2} {Type C } 
[1272] 2015/02/05 21:03:46.025 收到 Head 資訊 {Count 2} {Type C } 
[1272] 2015/02/05 21:03:46.026 收到 Head 資訊 {Count 2} {Type C } 
[1272] 2015/02/05 21:03:46.028 收到 Head 資訊 {Count 2} {Type C } 
[1272] 2015/02/05 21:03:46.029 收到 Head 資訊 {Count 2} {Type C } 
[1272] 2015/02/05 21:03:46.031 收到 Head 資訊 {Count 2} {Type C } 
[1272] 2015/02/05 21:03:46.032 收到 Head 資訊 {Count 2} {Type C } 
[1272] 2015/02/05 21:03:46.033 收到 Head 資訊 {Count 2} {Type C } 
[1272] 2015/02/05 21:03:46.035 收到 Head 資訊 {Count 2} {Type C } 
[1272] 2015/02/05 21:03:46.036 收到 Head 資訊 {Count 2} {Type C } 
[1272] 2015/02/05 21:03:46.037 收到 Head 資訊 {Count 2} {Type C } 
[1272] 2015/02/05 21:03:46.038 收到 Head 資訊 {Count 2} {Type C } 
[1272] 2015/02/05 21:03:46.040 收到 Head 資訊 {Count 2} {Type C } 
[1272] 2015/02/05 21:03:46.041 收到 Head 資訊 {Count 2} {Type C } 
[1272] 2015/02/05 21:03:46.043 收到 Head 資訊 {Count 2} {Type C } 
[1272] 2015/02/05 21:03:46.044 收到 Head 資訊 {Count 2} {Type C } 
[1272] 2015/02/05 21:03:46.045 收到 Head 資訊 {Count 2} {Type C } 
[1272] 2015/02/05 21:03:46.046 收到 Head 資訊 {Count 2} {Type C } 
[1272] 2015/02/05 21:03:46.048 收到 Head 資訊 {Count 2} {Type C } 
[1272] 2015/02/05 21:03:46.049 收到 Head 資訊 {Count 2} {Type C } 
[1272] 2015/02/05 21:03:46.050 收到 Head 資訊 {Count 2} {Type C } 
[1272] 2015/02/05 21:03:46.052 收到 Head 資訊 {Count 2} {Type C } 
[1272] 2015/02/05 21:03:46.053 收到 Head 資訊 {Count 2} {Type C } 
[1272] 2015/02/05 21:03:46.054 收到 Head 資訊 {Count 2} {Type C } 
[1272] 2015/02/05 21:03:46.056 收到 Head 資訊 {Count 2} {Type C } 
[1272] 2015/02/05 21:03:46.057 收到 Head 資訊 {Count 2} {Type C } 
[1272] 2015/02/05 21:03:46.058 收到 Head 資訊 {Count 2} {Type C } 
[1272] 2015/02/05 21:03:46.059 收到 Head 資訊 {Count 2} {Type C } 
[1272] 2015/02/05 21:03:46.061 收到 Head 資訊 {Count 2} {Type C } 
[1272] 2015/02/05 21:03:46.062 收到 Head 資訊 {Count 2} {Type C } 
[1272] 2015/02/05 21:03:46.063 收到 Head 資訊 {Count 2} {Type C } 
[1272] 2015/02/05 21:03:46.065 收到 Head 資訊 {Count 2} {Type C } 
[1272] 2015/02/05 21:03:46.066 收到 Head 資訊 {Count 2} {Type C } 
[1272] 2015/02/05 21:03:46.067 收到 Head 資訊 {Count 2} {Type C } 
[1272] 2015/02/05 21:03:46.069 收到 Head 資訊 {Count 2} {Type C } 
[1272] 2015/02/05 21:03:46.070 收到 Head 資訊 {Count 2} {Type C } 
[1272] 2015/02/05 21:03:46.071 收到 Head 資訊 {Count 2} {Type C } 
[1272] 2015/02/05 21:03:46.073 收到 Head 資訊 {Count 2} {Type C } 
[1272] 2015/02/05 21:03:46.074 收到 Head 資訊 {Count 2} {Type C } 
[1272] 2015/02/05 21:03:46.075 收到 Head 資訊 {Count 2} {Type C } 
[1272] 2015/02/05 21:03:46.076 收到 Head 資訊 {Count 2} {Type C } 
[1272] 2015/02/05 21:03:46.078 收到 Head 資訊 {Count 2} {Type C } 
[1272] 2015/02/05 21:03:46.079 收到 Head 資訊 {Count 2} {Type C } 
[1272] 2015/02/05 21:03:46.080 收到 Head 資訊 {Count 2} {Type C } 
[1272] 2015/02/05 21:03:46.082 收到 Head 資訊 {Count 2} {Type C } 
[1272] 2015/02/05 21:03:46.083 收到 Head 資訊 {Count 2} {Type C } 
[1272] 2015/02/05 21:03:46.084 收到 Head 資訊 {Count 2} {Type C } 
[1272] 2015/02/05 21:03:46.085 收到 Head 資訊 {Count 2} {Type C } 
[1272] 2015/02/05 21:03:46.087 收到 Head 資訊 {Count 2} {Type C } 
[1272] 2015/02/05 21:03:46.088 收到 Head 資訊 {Count 2} {Type C } 
[1272] 2015/02/05 21:03:46.089 收到 Head 資訊 {Count 2} {Type C } 
[1272] 2015/02/05 21:03:46.091 收到 Head 資訊 {Count 2} {Type C } 
[1272] 2015/02/05 21:03:46.092 收到 Head 資訊 {Count 2} {Type C } 
[1272] 2015/02/05 21:03:46.093 收到 Head 資訊 {Count 2} {Type C } 
[1272] 2015/02/05 21:03:46.094 收到 Head 資訊 {Count 2} {Type C } 
[1272] 2015/02/05 21:03:46.095 收到 Head 資訊 {Count 2} {Type C } 
[1272] 2015/02/05 21:03:46.097 收到 Head 資訊 {Count 2} {Type C } 
[1272] 2015/02/05 21:03:46.098 收到 Head 資訊 {Count 2} {Type C } 
[1272] 2015/02/05 21:03:46.099 收到 Head 資訊 {Count 2} {Type C } 
[1272] 2015/02/05 21:03:46.100 收到 Head 資訊 {Count 2} {Type C } 
[1272] 2015/02/05 21:03:46.101 收到 Head 資訊 {Count 2} {Type C } 
[1272] 2015/02/05 21:03:46.103 收到 Head 資訊 {Count 2} {Type C } 
[1272] 2015/02/05 21:03:46.104 收到 Head 資訊 {Count 2} {Type C } 
[1272] 2015/02/05 21:03:46.105 收到 Head 資訊 {Count 2} {Type C } 
[1272] 2015/02/05 21:03:46.106 收到 Head 資訊 {Count 2} {Type C } 
[1272] 2015/02/05 21:03:46.107 收到 Head 資訊 {Count 2} {Type C } 
[1272] 2015/02/05 21:03:46.109 收到 Head 資訊 {Count 2} {Type C } 
[1272] 2015/02/05 21:03:46.110 收到 Head 資訊 {Count 2} {Type C } 
[1272] 2015/02/05 21:03:46.111 收到 Head 資訊 {Count 2} {Type C } 
[1272] 2015/02/05 21:03:46.112 收到 Head 資訊 {Count 2} {Type C } 
[1272] 2015/02/05 21:03:46.113 收到 Head 資訊 {Count 2} {Type C } 
[1272] 2015/02/05 21:03:46.115 收到 Head 資訊 {Count 2} {Type C } 
[1272] 2015/02/05 21:03:46.116 收到 Head 資訊 {Count 2} {Type C } 
[1272] 2015/02/05 21:03:46.117 收到 Head 資訊 {Count 2} {Type C } 
[1272] 2015/02/05 21:03:46.118 收到 Head 資訊 {Count 2} {Type C } 
[1272] 2015/02/05 21:03:46.119 收到 Head 資訊 {Count 2} {Type C } 
[1272] 2015/02/05 21:03:46.121 收到 Head 資訊 {Count 2} {Type C } 
[1272] 2015/02/05 21:03:46.122 收到 Head 資訊 {Count 2} {Type C } 
[1272] 2015/02/05 21:03:46.123 收到 Head 資訊 {Count 2} {Type C } 
[1272] 2015/02/05 21:03:46.124 收到 Head 資訊 {Count 2} {Type C } 
[1272] 2015/02/05 21:03:46.126 收到 Head 資訊 {Count 2} {Type C } 
[1272] 2015/02/05 21:03:46.127 收到 Head 資訊 {Count 2} {Type C } 
[1272] 2015/02/05 21:03:46.128 收到 Head 資訊 {Count 2} {Type C } 
[1272] 2015/02/05 21:03:46.129 收到 Head 資訊 {Count 2} {Type C } 
[1272] 2015/02/05 21:03:46.130 收到 Head 資訊 {Count 2} {Type C } 
[1272] 2015/02/05 21:03:46.132 收到 Head 資訊 {Count 2} {Type C } 
[1272] 2015/02/05 21:03:46.133 收到 Head 資訊 {Count 2} {Type C } 
[1272] 2015/02/05 21:03:46.134 收到 Head 資訊 {Count 2} {Type C } 
[1272] 2015/02/05 21:03:46.135 收到 Head 資訊 {Count 2} {Type C } 
[1272] 2015/02/05 21:03:46.137 收到 Head 資訊 {Count 2} {Type C } 
[1272] 2015/02/05 21:03:46.138 收到 Head 資訊 {Count 2} {Type C } 
[1272] 2015/02/05 21:03:46.139 收到 Head 資訊 {Count 2} {Type C } 
[1272] 2015/02/05 21:03:46.140 收到 Head 資訊 {Count 2} {Type C } 
[1272] 2015/02/05 21:03:46.141 收到 Head 資訊 {Count 2} {Type D } 
[1272] 2015/02/05 21:03:46.143 收到 Head 資訊 {Count 2} {Type D } 
[1272] 2015/02/05 21:03:46.144 收到 Head 資訊 {Count 2} {Type C } 
[1272] 2015/02/05 21:03:46.145 收到 Head 資訊 {Count 2} {Type C } 
[1272] 2015/02/05 21:03:46.146 收到 Head 資訊 {Count 2} {Type C } 
[1272] 2015/02/05 21:03:46.147 收到 Head 資訊 {Count 2} {Type C } 
[1272] 2015/02/05 21:03:46.149 收到 Head 資訊 {Count 2} {Type C } 
[1272] 2015/02/05 21:03:46.150 收到 Head 資訊 {Count 2} {Type C } 
[1272] 2015/02/05 21:03:46.151 收到 Head 資訊 {Count 2} {Type C } 
[1272] 2015/02/05 21:03:46.152 收到 Head 資訊 {Count 2} {Type C } 
[1272] 2015/02/05 21:03:46.154 收到 Head 資訊 {Count 2} {Type C } 
[1272] 2015/02/05 21:03:46.155 收到 Head 資訊 {Count 2} {Type C } 
[1272] 2015/02/05 21:03:46.156 收到 Head 資訊 {Count 2} {Type C } 
[1272] 2015/02/05 21:03:46.157 收到 Head 資訊 {Count 2} {Type C } 
[1272] 2015/02/05 21:03:46.159 收到 Head 資訊 {Count 2} {Type C } 
[1272] 2015/02/05 21:03:46.160 收到 Head 資訊 {Count 2} {Type C } 
[1272] 2015/02/05 21:03:46.161 收到 Head 資訊 {Count 2} {Type C } 
[1272] 2015/02/05 21:03:46.162 收到 Head 資訊 {Count 2} {Type C } 
[1272] 2015/02/05 21:03:46.163 收到 Head 資訊 {Count 2} {Type C } 
[1272] 2015/02/05 21:03:46.164 收到 Head 資訊 {Count 2} {Type C } 
[1272] 2015/02/05 21:03:46.166 收到 Head 資訊 {Count 2} {Type C } 
[1272] 2015/02/05 21:03:46.167 收到 Head 資訊 {Count 2} {Type D } 
[1272] 2015/02/05 21:03:46.168 收到 Head 資訊 {Count 2} {Type C } 
[1272] 2015/02/05 21:03:46.169 收到 Head 資訊 {Count 2} {Type C } 
[1272] 2015/02/05 21:03:46.170 收到 Head 資訊 {Count 2} {Type C } 
[1272] 2015/02/05 21:03:46.172 收到 Head 資訊 {Count 2} {Type C } 
[1272] 2015/02/05 21:03:46.173 收到 Head 資訊 {Count 2} {Type C } 
[1272] 2015/02/05 21:03:46.174 收到 Head 資訊 {Count 2} {Type C } 
[1272] 2015/02/05 21:03:46.176 收到 Head 資訊 {Count 2} {Type C } 
[1272] 2015/02/05 21:03:46.177 收到 Head 資訊 {Count 2} {Type C } 
[1272] 2015/02/05 21:03:46.178 收到 Head 資訊 {Count 2} {Type C } 
[1272] 2015/02/05 21:03:46.179 收到 Head 資訊 {Count 2} {Type C } 
[1272] 2015/02/05 21:03:46.181 收到 Head 資訊 {Count 2} {Type C } 
[1272] 2015/02/05 21:03:46.182 收到 Head 資訊 {Count 2} {Type C } 
[1272] 2015/02/05 21:03:46.183 收到 Head 資訊 {Count 2} {Type C } 
[1272] 2015/02/05 21:03:46.185 收到 Head 資訊 {Count 2} {Type C } 
[1272] 2015/02/05 21:03:46.186 收到 Head 資訊 {Count 2} {Type C } 
[1272] 2015/02/05 21:03:46.187 收到 Head 資訊 {Count 2} {Type C } 
[1272] 2015/02/05 21:03:46.189 收到 Head 資訊 {Count 2} {Type C } 
[1272] 2015/02/05 21:03:46.190 收到 Head 資訊 {Count 2} {Type C } 
[1272] 2015/02/05 21:03:46.191 收到 Head 資訊 {Count 2} {Type C } 
[1272] 2015/02/05 21:03:46.193 收到 Head 資訊 {Count 2} {Type C } 
[1272] 2015/02/05 21:03:46.194 收到 Head 資訊 {Count 2} {Type C } 
[1272] 2015/02/05 21:03:46.195 收到 Head 資訊 {Count 2} {Type C } 
[1272] 2015/02/05 21:03:46.197 收到 Head 資訊 {Count 2} {Type C } 
[1272] 2015/02/05 21:03:46.198 收到 Head 資訊 {Count 2} {Type C } 
[1272] 2015/02/05 21:03:46.199 收到 Head 資訊 {Count 2} {Type C } 
[1272] 2015/02/05 21:03:46.200 收到 Head 資訊 {Count 2} {Type C } 
[1272] 2015/02/05 21:03:46.202 收到 Head 資訊 {Count 2} {Type C } 
[1272] 2015/02/05 21:03:46.203 收到 Head 資訊 {Count 2} {Type C } 
[1272] 2015/02/05 21:03:46.205 收到 Head 資訊 {Count 2} {Type C } 
[1272] 2015/02/05 21:03:46.206 收到 Head 資訊 {Count 2} {Type C } 
[1272] 2015/02/05 21:03:46.207 收到 Head 資訊 {Count 2} {Type C } 
[1272] 2015/02/05 21:03:46.208 收到 Head 資訊 {Count 2} {Type C } 
[1272] 2015/02/05 21:03:46.210 收到 Head 資訊 {Count 2} {Type C } 
[1272] 2015/02/05 21:03:46.211 收到 Head 資訊 {Count 2} {Type C } 
[1272] 2015/02/05 21:03:46.212 收到 Head 資訊 {Count 2} {Type C } 
[1272] 2015/02/05 21:03:46.214 收到 Head 資訊 {Count 2} {Type C } 
[1272] 2015/02/05 21:03:46.215 收到 Head 資訊 {Count 2} {Type C } 
[1272] 2015/02/05 21:03:46.216 收到 Head 資訊 {Count 2} {Type C } 
[1272] 2015/02/05 21:03:46.218 收到 Head 資訊 {Count 2} {Type C } 
[1272] 2015/02/05 21:03:46.219 收到 Head 資訊 {Count 2} {Type C } 
[1272] 2015/02/05 21:03:46.220 收到 Head 資訊 {Count 2} {Type C } 
[1272] 2015/02/05 21:03:46.221 收到 Head 資訊 {Count 2} {Type C } 
[1272] 2015/02/05 21:03:46.223 收到 Head 資訊 {Count 2} {Type C } 
[1272] 2015/02/05 21:03:46.224 收到 Head 資訊 {Count 2} {Type C } 
[1272] 2015/02/05 21:03:46.226 收到 Head 資訊 {Count 2} {Type C } 
[1272] 2015/02/05 21:03:46.227 收到 Head 資訊 {Count 2} {Type C } 
[1272] 2015/02/05 21:03:46.228 收到 Head 資訊 {Count 2} {Type C } 
[1272] 2015/02/05 21:03:46.229 收到 Head 資訊 {Count 2} {Type C } 
[1272] 2015/02/05 21:03:46.231 收到 Head 資訊 {Count 2} {Type C } 
[1272] 2015/02/05 21:03:46.232 收到 Head 資訊 {Count 2} {Type C } 
[1272] 2015/02/05 21:03:46.233 收到 Head 資訊 {Count 2} {Type C } 
[1272] 2015/02/05 21:03:46.235 收到 Head 資訊 {Count 2} {Type C } 
[1272] 2015/02/05 21:03:46.236 收到 Head 資訊 {Count 2} {Type C } 
[1272] 2015/02/05 21:03:46.238 收到 Head 資訊 {Count 2} {Type C } 
[1272] 2015/02/05 21:03:46.239 收到 Head 資訊 {Count 2} {Type C } 
[1272] 2015/02/05 21:03:46.240 收到 Head 資訊 {Count 2} {Type C } 
[1272] 2015/02/05 21:03:46.242 收到 Head 資訊 {Count 2} {Type C } 
[1272] 2015/02/05 21:03:46.243 收到 Head 資訊 {Count 2} {Type C } 
[1272] 2015/02/05 21:03:46.244 收到 Head 資訊 {Count 2} {Type C } 
[1272] 2015/02/05 21:03:46.246 收到 Head 資訊 {Count 2} {Type C } 
[1272] 2015/02/05 21:03:46.247 收到 Head 資訊 {Count 2} {Type C } 
[1272] 2015/02/05 21:03:46.248 收到 Head 資訊 {Count 2} {Type C } 
[1272] 2015/02/05 21:03:46.249 收到 Head 資訊 {Count 2} {Type C } 
[1272] 2015/02/05 21:03:46.251 收到 Head 資訊 {Count 2} {Type C } 
[1272] 2015/02/05 21:03:46.252 收到 Head 資訊 {Count 2} {Type C } 
[1272] 2015/02/05 21:03:46.253 收到 Head 資訊 {Count 2} {Type C } 
[1272] 2015/02/05 21:03:46.255 收到 Head 資訊 {Count 2} {Type C } 
[1272] 2015/02/05 21:03:46.256 收到 Head 資訊 {Count 2} {Type C } 
[1272] 2015/02/05 21:03:46.257 收到 Head 資訊 {Count 2} {Type C } 
[1272] 2015/02/05 21:03:46.259 收到 Head 資訊 {Count 2} {Type C } 
[1272] 2015/02/05 21:03:46.260 收到 Head 資訊 {Count 2} {Type C } 
[1272] 2015/02/05 21:03:46.261 收到 Head 資訊 {Count 2} {Type C } 
[1272] 2015/02/05 21:03:46.262 收到 Head 資訊 {Count 2} {Type C } 
[1272] 2015/02/05 21:03:46.264 收到 Head 資訊 {Count 2} {Type C } 
[1272] 2015/02/05 21:03:46.265 收到 Head 資訊 {Count 2} {Type C } 
[1272] 2015/02/05 21:03:46.266 收到 Head 資訊 {Count 2} {Type C } 
[1272] 2015/02/05 21:03:46.268 收到 Head 資訊 {Count 2} {Type C } 
[1272] 2015/02/05 21:03:46.269 收到 Head 資訊 {Count 2} {Type C } 
[1272] 2015/02/05 21:03:46.270 收到 Head 資訊 {Count 2} {Type C } 
[1272] 2015/02/05 21:03:46.271 收到 Head 資訊 {Count 2} {Type C } 
[1272] 2015/02/05 21:03:46.273 收到 Head 資訊 {Count 2} {Type C } 
[1272] 2015/02/05 21:03:46.274 收到 Head 資訊 {Count 2} {Type C } 
[1272] 2015/02/05 21:03:46.275 收到 Head 資訊 {Count 2} {Type C } 
[1272] 2015/02/05 21:03:46.277 收到 Head 資訊 {Count 2} {Type C } 
[1272] 2015/02/05 21:03:46.278 收到 Head 資訊 {Count 2} {Type C } 
[1272] 2015/02/05 21:03:46.279 收到 Head 資訊 {Count 2} {Type C } 
[1272] 2015/02/05 21:03:46.280 收到 Head 資訊 {Count 2} {Type C } 
[1272] 2015/02/05 21:03:46.281 收到 Head 資訊 {Count 2} {Type C } 
[1272] 2015/02/05 21:03:46.283 收到 Head 資訊 {Count 2} {Type C } 
[1272] 2015/02/05 21:03:46.284 收到 Head 資訊 {Count 2} {Type C } 
[1272] 2015/02/05 21:03:46.285 收到 Head 資訊 {Count 2} {Type C } 
[1272] 2015/02/05 21:03:46.286 收到 Head 資訊 {Count 2} {Type C } 
[1272] 2015/02/05 21:03:46.287 收到 Head 資訊 {Count 2} {Type C } 
[1272] 2015/02/05 21:03:46.288 收到 Head 資訊 {Count 2} {Type C } 
[1272] 2015/02/05 21:03:46.290 收到 Head 資訊 {Count 2} {Type C } 
[1272] 2015/02/05 21:03:46.291 收到 Head 資訊 {Count 2} {Type C } 
[1272] 2015/02/05 21:03:46.292 收到 Head 資訊 {Count 2} {Type C } 
[1272] 2015/02/05 21:03:46.293 收到 Head 資訊 {Count 2} {Type C } 
[1272] 2015/02/05 21:03:46.294 收到 Head 資訊 {Count 2} {Type C } 
[1272] 2015/02/05 21:03:46.295 收到 Head 資訊 {Count 2} {Type C } 
[1272] 2015/02/05 21:03:46.297 收到 Head 資訊 {Count 2} {Type C } 
[1272] 2015/02/05 21:03:46.298 收到 Head 資訊 {Count 2} {Type C } 
[1272] 2015/02/05 21:03:46.299 收到 Head 資訊 {Count 2} {Type C } 
[1272] 2015/02/05 21:03:46.300 收到 Head 資訊 {Count 2} {Type C } 
[1272] 2015/02/05 21:03:46.301 收到 Head 資訊 {Count 2} {Type C } 
[1272] 2015/02/05 21:03:46.303 收到 Head 資訊 {Count 2} {Type C } 
[1272] 2015/02/05 21:03:46.304 收到 Head 資訊 {Count 2} {Type C } 
[1272] 2015/02/05 21:03:46.305 收到 Head 資訊 {Count 2} {Type C } 
[1272] 2015/02/05 21:03:46.306 收到 Head 資訊 {Count 2} {Type C } 
[1272] 2015/02/05 21:03:46.307 收到 Head 資訊 {Count 2} {Type C } 
[1272] 2015/02/05 21:03:46.309 收到 Head 資訊 {Count 2} {Type C } 
[1272] 2015/02/05 21:03:46.310 收到 Head 資訊 {Count 2} {Type C } 
[1272] 2015/02/05 21:03:46.311 收到 Head 資訊 {Count 2} {Type C } 
[1272] 2015/02/05 21:03:46.312 收到 Head 資訊 {Count 2} {Type C } 
[1272] 2015/02/05 21:03:46.313 收到 Head 資訊 {Count 2} {Type C } 
[1272] 2015/02/05 21:03:46.315 收到 Head 資訊 {Count 2} {Type C } 
[1272] 2015/02/05 21:03:46.316 收到 Head 資訊 {Count 2} {Type C } 
[1272] 2015/02/05 21:03:46.317 收到 Head 資訊 {Count 2} {Type C } 
[1272] 2015/02/05 21:03:46.318 收到 Head 資訊 {Count 2} {Type C } 
[1272] 2015/02/05 21:03:46.319 收到 Head 資訊 {Count 2} {Type C } 
[1272] 2015/02/05 21:03:46.320 收到 Head 資訊 {Count 2} {Type C } 
[1272] 2015/02/05 21:03:46.322 收到 Head 資訊 {Count 2} {Type C } 
[1272] 2015/02/05 21:03:46.323 收到 Head 資訊 {Count 2} {Type C } 
[1272] 2015/02/05 21:03:46.324 收到 Head 資訊 {Count 2} {Type C } 
[1272] 2015/02/05 21:03:46.325 收到 Head 資訊 {Count 2} {Type C } 
[1272] 2015/02/05 21:03:46.326 收到 Head 資訊 {Count 2} {Type C } 
[1272] 2015/02/05 21:03:46.327 收到 Head 資訊 {Count 2} {Type C } 
[1272] 2015/02/05 21:03:46.329 收到 Head 資訊 {Count 2} {Type C } 
[1272] 2015/02/05 21:03:46.330 收到 Head 資訊 {Count 2} {Type C } 
[1272] 2015/02/05 21:03:46.331 收到 Head 資訊 {Count 2} {Type C } 
[1272] 2015/02/05 21:03:46.332 收到 Head 資訊 {Count 2} {Type C } 
[1272] 2015/02/05 21:03:46.333 收到 Head 資訊 {Count 2} {Type C } 
[1272] 2015/02/05 21:03:46.335 收到 Head 資訊 {Count 2} {Type C } 
[1272] 2015/02/05 21:03:46.336 收到 Head 資訊 {Count 2} {Type C } 
[1272] 2015/02/05 21:03:46.337 收到 Head 資訊 {Count 2} {Type C } 
[1272] 2015/02/05 21:03:46.338 收到 Head 資訊 {Count 2} {Type C } 
[1272] 2015/02/05 21:03:46.339 收到 Head 資訊 {Count 2} {Type C } 
[1272] 2015/02/05 21:03:46.340 收到 Head 資訊 {Count 2} {Type C } 
[1272] 2015/02/05 21:03:46.341 收到 Head 資訊 {Count 2} {Type C } 
[1272] 2015/02/05 21:03:46.342 收到 Head 資訊 {Count 2} {Type C } 
[1272] 2015/02/05 21:03:46.343 收到 Head 資訊 {Count 2} {Type C } 
[1272] 2015/02/05 21:03:46.345 收到 Head 資訊 {Count 2} {Type C } 
[1272] 2015/02/05 21:03:46.346 收到 Head 資訊 {Count 2} {Type C } 
[1272] 2015/02/05 21:03:46.347 收到 Head 資訊 {Count 2} {Type C } 
[1272] 2015/02/05 21:03:46.348 收到 Head 資訊 {Count 2} {Type C } 
[1272] 2015/02/05 21:03:46.349 收到 Head 資訊 {Count 2} {Type C } 
[1272] 2015/02/05 21:03:46.350 收到 Head 資訊 {Count 2} {Type C } 
[1272] 2015/02/05 21:03:46.351 收到 Head 資訊 {Count 2} {Type C } 
[1272] 2015/02/05 21:03:46.352 收到 Head 資訊 {Count 2} {Type C } 
[1272] 2015/02/05 21:03:46.353 收到 Head 資訊 {Count 2} {Type C } 
[1272] 2015/02/05 21:03:46.355 收到 Head 資訊 {Count 2} {Type C } 
[1272] 2015/02/05 21:03:46.356 收到 Head 資訊 {Count 2} {Type C } 
[1272] 2015/02/05 21:03:46.357 收到 Head 資訊 {Count 2} {Type C } 
[1272] 2015/02/05 21:03:46.358 收到 Head 資訊 {Count 2} {Type C } 
[1272] 2015/02/05 21:03:46.359 收到 Head 資訊 {Count 2} {Type C } 
[1272] 2015/02/05 21:03:46.360 收到 Head 資訊 {Count 2} {Type C } 
[1272] 2015/02/05 21:03:46.361 收到 Head 資訊 {Count 2} {Type C } 
[1272] 2015/02/05 21:03:46.362 收到 Head 資訊 {Count 2} {Type C } 
[1272] 2015/02/05 21:03:46.363 收到 Head 資訊 {Count 2} {Type C } 
[1272] 2015/02/05 21:03:46.364 收到 Head 資訊 {Count 2} {Type C } 
[1272] 2015/02/05 21:03:46.366 收到 Head 資訊 {Count 2} {Type C } 
[1272] 2015/02/05 21:03:46.367 收到 Head 資訊 {Count 2} {Type C } 
[1272] 2015/02/05 21:03:46.368 收到 Head 資訊 {Count 2} {Type C } 
[1272] 2015/02/05 21:03:46.369 收到 Head 資訊 {Count 2} {Type C } 
[1272] 2015/02/05 21:03:46.370 收到 Head 資訊 {Count 2} {Type C } 
[1272] 2015/02/05 21:03:46.371 收到 Head 資訊 {Count 2} {Type C } 
[1272] 2015/02/05 21:03:46.372 收到 Head 資訊 {Count 2} {Type C } 
[1272] 2015/02/05 21:03:46.373 收到 Head 資訊 {Count 2} {Type C } 
[1272] 2015/02/05 21:03:46.374 收到 Head 資訊 {Count 2} {Type C } 
[1272] 2015/02/05 21:03:46.375 收到 Head 資訊 {Count 2} {Type C } 
[1272] 2015/02/05 21:03:46.377 收到 Head 資訊 {Count 2} {Type C } 
[1272] 2015/02/05 21:03:46.378 收到 Head 資訊 {Count 2} {Type C } 
[1272] 2015/02/05 21:03:46.379 收到 Head 資訊 {Count 2} {Type C } 
[1272] 2015/02/05 21:03:46.380 收到 Head 資訊 {Count 2} {Type C } 
[1272] 2015/02/05 21:03:46.381 收到 Head 資訊 {Count 2} {Type C } 
[1272] 2015/02/05 21:03:46.382 收到 Head 資訊 {Count 2} {Type C } 
[1272] 2015/02/05 21:03:46.383 收到 Head 資訊 {Count 2} {Type C } 
[1272] 2015/02/05 21:03:46.384 收到 Head 資訊 {Count 2} {Type C } 
[1272] 2015/02/05 21:03:46.385 收到 Head 資訊 {Count 2} {Type C } 
[1272] 2015/02/05 21:03:46.387 收到 Head 資訊 {Count 2} {Type C } 
[1272] 2015/02/05 21:03:46.388 收到 Head 資訊 {Count 2} {Type C } 
[1272] 2015/02/05 21:03:46.389 收到 Head 資訊 {Count 2} {Type C } 
[1272] 2015/02/05 21:03:46.390 收到 Head 資訊 {Count 2} {Type C } 
[1272] 2015/02/05 21:03:46.391 收到 Head 資訊 {Count 2} {Type C } 
[1272] 2015/02/05 21:03:46.392 收到 Head 資訊 {Count 2} {Type C } 
[1272] 2015/02/05 21:03:46.393 收到 Head 資訊 {Count 2} {Type C } 
[1272] 2015/02/05 21:03:46.394 收到 Head 資訊 {Count 2} {Type C } 
[1272] 2015/02/05 21:03:46.395 收到 Head 資訊 {Count 2} {Type C } 
[1272] 2015/02/05 21:03:46.396 收到 Head 資訊 {Count 2} {Type C } 
[1272] 2015/02/05 21:03:46.398 收到 Head 資訊 {Count 2} {Type C } 
[1272] 2015/02/05 21:03:46.399 收到 Head 資訊 {Count 2} {Type C } 
[1272] 2015/02/05 21:03:46.400 收到 Head 資訊 {Count 2} {Type C } 
[1272] 2015/02/05 21:03:46.401 收到 Head 資訊 {Count 2} {Type C } 
[1272] 2015/02/05 21:03:46.402 收到 Head 資訊 {Count 2} {Type C } 
[1272] 2015/02/05 21:03:46.403 收到 Head 資訊 {Count 2} {Type C } 
[1272] 2015/02/05 21:03:46.404 收到 Head 資訊 {Count 2} {Type C } 
[1272] 2015/02/05 21:03:46.405 收到 Head 資訊 {Count 2} {Type C } 
[1272] 2015/02/05 21:03:46.406 收到 Head 資訊 {Count 2} {Type C } 
[1272] 2015/02/05 21:03:46.408 收到 Head 資訊 {Count 2} {Type C } 
[1272] 2015/02/05 21:03:46.409 收到 Head 資訊 {Count 2} {Type C } 
[1272] 2015/02/05 21:03:46.410 收到 Head 資訊 {Count 2} {Type C } 
[1272] 2015/02/05 21:03:46.411 收到 Head 資訊 {Count 2} {Type C } 
[1272] 2015/02/05 21:03:46.412 收到 Head 資訊 {Count 2} {Type C } 
[1272] 2015/02/05 21:03:46.413 收到 Head 資訊 {Count 2} {Type C } 
[1272] 2015/02/05 21:03:46.414 收到 Head 資訊 {Count 2} {Type C } 
[1272] 2015/02/05 21:03:46.415 收到 Head 資訊 {Count 2} {Type C } 
[1272] 2015/02/05 21:03:46.416 收到 Head 資訊 {Count 2} {Type C } 
[1272] 2015/02/05 21:03:46.418 收到 Head 資訊 {Count 2} {Type C } 
[1272] 2015/02/05 21:03:46.419 收到 Head 資訊 {Count 2} {Type C } 
[1272] 2015/02/05 21:03:46.420 收到 Head 資訊 {Count 2} {Type C } 
[1272] 2015/02/05 21:03:46.421 收到 Head 資訊 {Count 2} {Type C } 
[1272] 2015/02/05 21:03:46.422 收到 Head 資訊 {Count 2} {Type C } 
[1272] 2015/02/05 21:03:46.423 收到 Head 資訊 {Count 2} {Type C } 
[1272] 2015/02/05 21:03:46.425 收到 Head 資訊 {Count 2} {Type C } 
[1272] 2015/02/05 21:03:46.426 收到 Head 資訊 {Count 2} {Type C } 
[1272] 2015/02/05 21:03:46.427 收到 Head 資訊 {Count 2} {Type C } 
[1272] 2015/02/05 21:03:46.428 收到 Head 資訊 {Count 2} {Type C } 
[1272] 2015/02/05 21:03:46.429 收到 Head 資訊 {Count 2} {Type C } 
[1272] 2015/02/05 21:03:46.430 收到 Head 資訊 {Count 2} {Type C } 
[1272] 2015/02/05 21:03:46.432 收到 Head 資訊 {Count 2} {Type C } 
[1272] 2015/02/05 21:03:46.433 收到 Head 資訊 {Count 2} {Type C } 
[1272] 2015/02/05 21:03:46.434 收到 Head 資訊 {Count 2} {Type C } 
[1272] 2015/02/05 21:03:46.435 收到 Head 資訊 {Count 2} {Type C } 
[1272] 2015/02/05 21:03:46.437 收到 Head 資訊 {Count 2} {Type C } 
[1272] 2015/02/05 21:03:46.438 收到 Head 資訊 {Count 2} {Type C } 
[1272] 2015/02/05 21:03:46.439 收到 Head 資訊 {Count 2} {Type C } 
[1272] 2015/02/05 21:03:46.440 收到 Head 資訊 {Count 2} {Type C } 
[1272] 2015/02/05 21:03:46.441 收到 Head 資訊 {Count 2} {Type C } 
[1272] 2015/02/05 21:03:46.443 收到 Head 資訊 {Count 2} {Type C } 
[1272] 2015/02/05 21:03:46.444 收到 Head 資訊 {Count 2} {Type C } 
[1272] 2015/02/05 21:03:46.445 收到 Head 資訊 {Count 2} {Type C } 
[1272] 2015/02/05 21:03:46.446 收到 Head 資訊 {Count 2} {Type C } 
[1272] 2015/02/05 21:03:46.447 收到 Head 資訊 {Count 2} {Type C } 
[1272] 2015/02/05 21:03:46.449 收到 Head 資訊 {Count 2} {Type C } 
[1272] 2015/02/05 21:03:46.450 收到 Head 資訊 {Count 2} {Type C } 
[1272] 2015/02/05 21:03:46.451 收到 Head 資訊 {Count 2} {Type C } 
[1272] 2015/02/05 21:03:46.452 收到 Head 資訊 {Count 2} {Type C } 
[1272] 2015/02/05 21:03:46.454 收到 Head 資訊 {Count 2} {Type C } 
[1272] 2015/02/05 21:03:46.455 收到 Head 資訊 {Count 2} {Type C } 
[1272] 2015/02/05 21:03:46.456 收到 Head 資訊 {Count 2} {Type C } 
[1272] 2015/02/05 21:03:46.457 收到 Head 資訊 {Count 2} {Type C } 
[1272] 2015/02/05 21:03:46.458 收到 Head 資訊 {Count 2} {Type C } 
[1272] 2015/02/05 21:03:46.460 收到 Head 資訊 {Count 2} {Type C } 
[1272] 2015/02/05 21:03:46.461 收到 Head 資訊 {Count 2} {Type C } 
[1272] 2015/02/05 21:03:46.462 收到 Head 資訊 {Count 2} {Type C } 
[1272] 2015/02/05 21:03:46.463 收到 Head 資訊 {Count 2} {Type C } 
[1272] 2015/02/05 21:03:46.464 收到 Head 資訊 {Count 2} {Type C } 
[1272] 2015/02/05 21:03:46.466 收到 Head 資訊 {Count 2} {Type C } 
[1272] 2015/02/05 21:03:46.467 收到 Head 資訊 {Count 2} {Type C } 
[1272] 2015/02/05 21:03:46.468 收到 Head 資訊 {Count 2} {Type C } 
[1272] 2015/02/05 21:03:46.469 收到 Head 資訊 {Count 2} {Type C } 
[1272] 2015/02/05 21:03:46.470 收到 Head 資訊 {Count 2} {Type C } 
[1272] 2015/02/05 21:03:46.472 收到 Head 資訊 {Count 2} {Type C } 
[1272] 2015/02/05 21:03:46.473 收到 Head 資訊 {Count 2} {Type C } 
[1272] 2015/02/05 21:03:46.474 收到 Head 資訊 {Count 2} {Type C } 
[1272] 2015/02/05 21:03:46.475 收到 Head 資訊 {Count 2} {Type C } 
[1272] 2015/02/05 21:03:46.477 收到 Head 資訊 {Count 2} {Type C } 
[1272] 2015/02/05 21:03:46.478 收到 Head 資訊 {Count 2} {Type C } 
[1272] 2015/02/05 21:03:46.479 收到 Head 資訊 {Count 2} {Type C } 
[1272] 2015/02/05 21:03:46.480 收到 Head 資訊 {Count 2} {Type C } 
[1272] 2015/02/05 21:03:46.481 收到 Head 資訊 {Count 2} {Type C } 
[1272] 2015/02/05 21:03:46.483 收到 Head 資訊 {Count 2} {Type C } 
[1272] 2015/02/05 21:03:46.484 收到 Head 資訊 {Count 2} {Type C } 
[1272] 2015/02/05 21:03:46.485 收到 Head 資訊 {Count 2} {Type C } 
[1272] 2015/02/05 21:03:46.486 收到 Head 資訊 {Count 2} {Type C } 
[1272] 2015/02/05 21:03:46.487 收到 Head 資訊 {Count 2} {Type C } 
[1272] 2015/02/05 21:03:46.489 收到 Head 資訊 {Count 2} {Type C } 
[1272] 2015/02/05 21:03:46.490 收到 Head 資訊 {Count 2} {Type C } 
[1272] 2015/02/05 21:03:46.491 收到 Head 資訊 {Count 2} {Type C } 
[1272] 2015/02/05 21:03:46.492 收到 Head 資訊 {Count 2} {Type C } 
[1272] 2015/02/05 21:03:46.493 收到 Head 資訊 {Count 2} {Type C } 
[1272] 2015/02/05 21:03:46.495 收到 Head 資訊 {Count 2} {Type C } 
[1272] 2015/02/05 21:03:46.496 收到 Head 資訊 {Count 2} {Type C } 
[1272] 2015/02/05 21:03:46.497 收到 Head 資訊 {Count 2} {Type C } 
[1272] 2015/02/05 21:03:46.498 收到 Head 資訊 {Count 2} {Type C } 
[1272] 2015/02/05 21:03:46.499 收到 Head 資訊 {Count 2} {Type C } 
[1272] 2015/02/05 21:03:46.501 收到 Head 資訊 {Count 2} {Type C } 
[1272] 2015/02/05 21:03:46.502 收到 Head 資訊 {Count 2} {Type C } 
[1272] 2015/02/05 21:03:46.503 收到 Head 資訊 {Count 2} {Type C } 
[1272] 2015/02/05 21:03:46.504 收到 Head 資訊 {Count 2} {Type C } 
[1272] 2015/02/05 21:03:46.505 收到 Head 資訊 {Count 2} {Type C } 
[1272] 2015/02/05 21:03:46.507 收到 Head 資訊 {Count 2} {Type C } 
[1272] 2015/02/05 21:03:46.508 收到 Head 資訊 {Count 2} {Type C } 
[1272] 2015/02/05 21:03:46.509 收到 Head 資訊 {Count 2} {Type C } 
[1272] 2015/02/05 21:03:46.510 收到 Head 資訊 {Count 2} {Type C } 
[1272] 2015/02/05 21:03:46.511 收到 Head 資訊 {Count 2} {Type C } 
[1272] 2015/02/05 21:03:46.513 收到 Head 資訊 {Count 2} {Type B } 
[1272] 2015/02/05 21:04:44.980 連線確認 E122828927 (21,21)
[1272] 2015/02/05 21:05:44.993 連線確認 E122828927 (21,21)
[1272] 2015/02/05 21:06:45.007 連線確認 E122828927 (21,21)
[1272] 2015/02/05 21:07:45.021 連線確認 E122828927 (21,21)
[1272] 2015/02/05 21:08:45.034 連線確認 E122828927 (21,21)
[1272] 2015/02/05 21:08:46.951 收到 Head 資訊 {Count 2} {Type B } 
[1272] 2015/02/05 21:09:45.048 連線確認 E122828927 (21,21)
[1272] 2015/02/05 21:10:29.857 API ExitInstance 
[920] 2015/02/05 21:10:45.334 API InitInstance 
[920] 2015/02/05 21:10:45.701 E122828927 連線 Code：0
[920] 2015/02/05 21:10:46.710 收到 Head 資訊 {Count 2} {Type C } 
[920] 2015/02/05 21:10:46.712 收到 Head 資訊 {Count 2} {Type C } 
[920] 2015/02/05 21:10:46.713 收到 Head 資訊 {Count 2} {Type C } 
[920] 2015/02/05 21:10:46.716 收到 Head 資訊 {Count 2} {Type C } 
[920] 2015/02/05 21:10:46.717 收到 Head 資訊 {Count 2} {Type C } 
[920] 2015/02/05 21:10:46.719 收到 Head 資訊 {Count 2} {Type C } 
[920] 2015/02/05 21:10:46.721 收到 Head 資訊 {Count 2} {Type C } 
[920] 2015/02/05 21:10:46.723 收到 Head 資訊 {Count 2} {Type C } 
[920] 2015/02/05 21:10:46.725 收到 Head 資訊 {Count 2} {Type C } 
[920] 2015/02/05 21:10:46.726 收到 Head 資訊 {Count 2} {Type C } 
[920] 2015/02/05 21:10:46.728 收到 Head 資訊 {Count 2} {Type C } 
[920] 2015/02/05 21:10:46.730 收到 Head 資訊 {Count 2} {Type C } 
[920] 2015/02/05 21:10:46.732 收到 Head 資訊 {Count 2} {Type C } 
[920] 2015/02/05 21:10:46.733 收到 Head 資訊 {Count 2} {Type C } 
[920] 2015/02/05 21:10:46.735 收到 Head 資訊 {Count 2} {Type C } 
[920] 2015/02/05 21:10:46.737 收到 Head 資訊 {Count 2} {Type C } 
[920] 2015/02/05 21:10:46.739 收到 Head 資訊 {Count 2} {Type C } 
[920] 2015/02/05 21:10:46.740 收到 Head 資訊 {Count 2} {Type C } 
[920] 2015/02/05 21:10:46.742 收到 Head 資訊 {Count 2} {Type C } 
[920] 2015/02/05 21:10:46.744 收到 Head 資訊 {Count 2} {Type C } 
[920] 2015/02/05 21:10:46.746 收到 Head 資訊 {Count 2} {Type C } 
[920] 2015/02/05 21:10:46.747 收到 Head 資訊 {Count 2} {Type C } 
[920] 2015/02/05 21:10:46.749 收到 Head 資訊 {Count 2} {Type C } 
[920] 2015/02/05 21:10:46.751 收到 Head 資訊 {Count 2} {Type C } 
[920] 2015/02/05 21:10:46.753 收到 Head 資訊 {Count 2} {Type C } 
[920] 2015/02/05 21:10:46.754 收到 Head 資訊 {Count 2} {Type C } 
[920] 2015/02/05 21:10:46.756 收到 Head 資訊 {Count 2} {Type C } 
[920] 2015/02/05 21:10:46.758 收到 Head 資訊 {Count 2} {Type C } 
[920] 2015/02/05 21:10:46.760 收到 Head 資訊 {Count 2} {Type C } 
[920] 2015/02/05 21:10:46.761 收到 Head 資訊 {Count 2} {Type C } 
[920] 2015/02/05 21:10:46.763 收到 Head 資訊 {Count 2} {Type C } 
[920] 2015/02/05 21:10:46.765 收到 Head 資訊 {Count 2} {Type C } 
[920] 2015/02/05 21:10:46.767 收到 Head 資訊 {Count 2} {Type C } 
[920] 2015/02/05 21:10:46.768 收到 Head 資訊 {Count 2} {Type C } 
[920] 2015/02/05 21:10:46.770 收到 Head 資訊 {Count 2} {Type C } 
[920] 2015/02/05 21:10:46.772 收到 Head 資訊 {Count 2} {Type C } 
[920] 2015/02/05 21:10:46.773 收到 Head 資訊 {Count 2} {Type C } 
[920] 2015/02/05 21:10:46.775 收到 Head 資訊 {Count 2} {Type C } 
[920] 2015/02/05 21:10:46.777 收到 Head 資訊 {Count 2} {Type C } 
[920] 2015/02/05 21:10:46.778 收到 Head 資訊 {Count 2} {Type C } 
[920] 2015/02/05 21:10:46.780 收到 Head 資訊 {Count 2} {Type C } 
[920] 2015/02/05 21:10:46.782 收到 Head 資訊 {Count 2} {Type C } 
[920] 2015/02/05 21:10:46.783 收到 Head 資訊 {Count 2} {Type C } 
[920] 2015/02/05 21:10:46.785 收到 Head 資訊 {Count 2} {Type C } 
[920] 2015/02/05 21:10:46.787 收到 Head 資訊 {Count 2} {Type C } 
[920] 2015/02/05 21:10:46.789 收到 Head 資訊 {Count 2} {Type C } 
[920] 2015/02/05 21:10:46.790 收到 Head 資訊 {Count 2} {Type C } 
[920] 2015/02/05 21:10:46.792 收到 Head 資訊 {Count 2} {Type C } 
[920] 2015/02/05 21:10:46.794 收到 Head 資訊 {Count 2} {Type C } 
[920] 2015/02/05 21:10:46.795 收到 Head 資訊 {Count 2} {Type C } 
[920] 2015/02/05 21:10:46.797 收到 Head 資訊 {Count 2} {Type C } 
[920] 2015/02/05 21:10:46.799 收到 Head 資訊 {Count 2} {Type C } 
[920] 2015/02/05 21:10:46.800 收到 Head 資訊 {Count 2} {Type C } 
[920] 2015/02/05 21:10:46.802 收到 Head 資訊 {Count 2} {Type C } 
[920] 2015/02/05 21:10:46.804 收到 Head 資訊 {Count 2} {Type C } 
[920] 2015/02/05 21:10:46.805 收到 Head 資訊 {Count 2} {Type C } 
[920] 2015/02/05 21:10:46.807 收到 Head 資訊 {Count 2} {Type C } 
[920] 2015/02/05 21:10:46.809 收到 Head 資訊 {Count 2} {Type C } 
[920] 2015/02/05 21:10:46.810 收到 Head 資訊 {Count 2} {Type C } 
[920] 2015/02/05 21:10:46.812 收到 Head 資訊 {Count 2} {Type C } 
[920] 2015/02/05 21:10:46.814 收到 Head 資訊 {Count 2} {Type C } 
[920] 2015/02/05 21:10:46.816 收到 Head 資訊 {Count 2} {Type C } 
[920] 2015/02/05 21:10:46.817 收到 Head 資訊 {Count 2} {Type C } 
[920] 2015/02/05 21:10:46.819 收到 Head 資訊 {Count 2} {Type C } 
[920] 2015/02/05 21:10:46.821 收到 Head 資訊 {Count 2} {Type C } 
[920] 2015/02/05 21:10:46.822 收到 Head 資訊 {Count 2} {Type C } 
[920] 2015/02/05 21:10:46.824 收到 Head 資訊 {Count 2} {Type C } 
[920] 2015/02/05 21:10:46.826 收到 Head 資訊 {Count 2} {Type C } 
[920] 2015/02/05 21:10:46.827 收到 Head 資訊 {Count 2} {Type C } 
[920] 2015/02/05 21:10:46.829 收到 Head 資訊 {Count 2} {Type C } 
[920] 2015/02/05 21:10:46.831 收到 Head 資訊 {Count 2} {Type C } 
[920] 2015/02/05 21:10:46.832 收到 Head 資訊 {Count 2} {Type C } 
[920] 2015/02/05 21:10:46.834 收到 Head 資訊 {Count 2} {Type C } 
[920] 2015/02/05 21:10:46.836 收到 Head 資訊 {Count 2} {Type C } 
[920] 2015/02/05 21:10:46.838 收到 Head 資訊 {Count 2} {Type C } 
[920] 2015/02/05 21:10:46.839 收到 Head 資訊 {Count 2} {Type C } 
[920] 2015/02/05 21:10:46.841 收到 Head 資訊 {Count 2} {Type C } 
[920] 2015/02/05 21:10:46.843 收到 Head 資訊 {Count 2} {Type C } 
[920] 2015/02/05 21:10:46.844 收到 Head 資訊 {Count 2} {Type C } 
[920] 2015/02/05 21:10:46.846 收到 Head 資訊 {Count 2} {Type C } 
[920] 2015/02/05 21:10:46.848 收到 Head 資訊 {Count 2} {Type C } 
[920] 2015/02/05 21:10:46.849 收到 Head 資訊 {Count 2} {Type C } 
[920] 2015/02/05 21:10:46.851 收到 Head 資訊 {Count 2} {Type C } 
[920] 2015/02/05 21:10:46.853 收到 Head 資訊 {Count 2} {Type C } 
[920] 2015/02/05 21:10:46.854 收到 Head 資訊 {Count 2} {Type C } 
[920] 2015/02/05 21:10:46.856 收到 Head 資訊 {Count 2} {Type C } 
[920] 2015/02/05 21:10:46.858 收到 Head 資訊 {Count 2} {Type C } 
[920] 2015/02/05 21:10:46.859 收到 Head 資訊 {Count 2} {Type C } 
[920] 2015/02/05 21:10:46.861 收到 Head 資訊 {Count 2} {Type C } 
[920] 2015/02/05 21:10:46.863 收到 Head 資訊 {Count 2} {Type C } 
[920] 2015/02/05 21:10:46.865 收到 Head 資訊 {Count 2} {Type C } 
[920] 2015/02/05 21:10:46.866 收到 Head 資訊 {Count 2} {Type C } 
[920] 2015/02/05 21:10:46.868 收到 Head 資訊 {Count 2} {Type C } 
[920] 2015/02/05 21:10:46.870 收到 Head 資訊 {Count 2} {Type C } 
[920] 2015/02/05 21:10:46.872 收到 Head 資訊 {Count 2} {Type C } 
[920] 2015/02/05 21:10:46.874 收到 Head 資訊 {Count 2} {Type C } 
[920] 2015/02/05 21:10:46.876 收到 Head 資訊 {Count 2} {Type C } 
[920] 2015/02/05 21:10:46.877 收到 Head 資訊 {Count 2} {Type C } 
[920] 2015/02/05 21:10:46.879 收到 Head 資訊 {Count 2} {Type C } 
[920] 2015/02/05 21:10:46.881 收到 Head 資訊 {Count 2} {Type C } 
[920] 2015/02/05 21:10:46.883 收到 Head 資訊 {Count 2} {Type C } 
[920] 2015/02/05 21:10:46.885 收到 Head 資訊 {Count 2} {Type C } 
[920] 2015/02/05 21:10:46.886 收到 Head 資訊 {Count 2} {Type D } 
[920] 2015/02/05 21:10:46.888 收到 Head 資訊 {Count 2} {Type C } 
[920] 2015/02/05 21:10:46.890 收到 Head 資訊 {Count 2} {Type C } 
[920] 2015/02/05 21:10:46.892 收到 Head 資訊 {Count 2} {Type C } 
[920] 2015/02/05 21:10:46.894 收到 Head 資訊 {Count 2} {Type C } 
[920] 2015/02/05 21:10:46.895 收到 Head 資訊 {Count 2} {Type C } 
[920] 2015/02/05 21:10:46.897 收到 Head 資訊 {Count 2} {Type C } 
[920] 2015/02/05 21:10:46.899 收到 Head 資訊 {Count 2} {Type D } 
[920] 2015/02/05 21:10:46.901 收到 Head 資訊 {Count 2} {Type C } 
[920] 2015/02/05 21:10:46.903 收到 Head 資訊 {Count 2} {Type C } 
[920] 2015/02/05 21:10:46.904 收到 Head 資訊 {Count 2} {Type C } 
[920] 2015/02/05 21:10:46.906 收到 Head 資訊 {Count 2} {Type C } 
[920] 2015/02/05 21:10:46.908 收到 Head 資訊 {Count 2} {Type C } 
[920] 2015/02/05 21:10:46.910 收到 Head 資訊 {Count 2} {Type C } 
[920] 2015/02/05 21:10:46.912 收到 Head 資訊 {Count 2} {Type C } 
[920] 2015/02/05 21:10:46.913 收到 Head 資訊 {Count 2} {Type C } 
[920] 2015/02/05 21:10:46.915 收到 Head 資訊 {Count 2} {Type C } 
[920] 2015/02/05 21:10:46.917 收到 Head 資訊 {Count 2} {Type C } 
[920] 2015/02/05 21:10:46.919 收到 Head 資訊 {Count 2} {Type C } 
[920] 2015/02/05 21:10:46.921 收到 Head 資訊 {Count 2} {Type C } 
[920] 2015/02/05 21:10:46.922 收到 Head 資訊 {Count 2} {Type C } 
[920] 2015/02/05 21:10:46.924 收到 Head 資訊 {Count 2} {Type C } 
[920] 2015/02/05 21:10:46.926 收到 Head 資訊 {Count 2} {Type C } 
[920] 2015/02/05 21:10:46.928 收到 Head 資訊 {Count 2} {Type C } 
[920] 2015/02/05 21:10:46.930 收到 Head 資訊 {Count 2} {Type C } 
[920] 2015/02/05 21:10:46.931 收到 Head 資訊 {Count 2} {Type C } 
[920] 2015/02/05 21:10:46.933 收到 Head 資訊 {Count 2} {Type C } 
[920] 2015/02/05 21:10:46.935 收到 Head 資訊 {Count 2} {Type D } 
[920] 2015/02/05 21:10:46.937 收到 Head 資訊 {Count 2} {Type C } 
[920] 2015/02/05 21:10:46.939 收到 Head 資訊 {Count 2} {Type C } 
[920] 2015/02/05 21:10:46.941 收到 Head 資訊 {Count 2} {Type C } 
[920] 2015/02/05 21:10:46.942 收到 Head 資訊 {Count 2} {Type C } 
[920] 2015/02/05 21:10:46.944 收到 Head 資訊 {Count 2} {Type C } 
[920] 2015/02/05 21:10:46.946 收到 Head 資訊 {Count 2} {Type C } 
[920] 2015/02/05 21:10:46.948 收到 Head 資訊 {Count 2} {Type C } 
[920] 2015/02/05 21:10:46.950 收到 Head 資訊 {Count 2} {Type C } 
[920] 2015/02/05 21:10:46.952 收到 Head 資訊 {Count 2} {Type C } 
[920] 2015/02/05 21:10:46.954 收到 Head 資訊 {Count 2} {Type C } 
[920] 2015/02/05 21:10:46.955 收到 Head 資訊 {Count 2} {Type C } 
[920] 2015/02/05 21:10:46.957 收到 Head 資訊 {Count 2} {Type C } 
[920] 2015/02/05 21:10:46.959 收到 Head 資訊 {Count 2} {Type C } 
[920] 2015/02/05 21:10:46.961 收到 Head 資訊 {Count 2} {Type C } 
[920] 2015/02/05 21:10:46.963 收到 Head 資訊 {Count 2} {Type C } 
[920] 2015/02/05 21:10:46.964 收到 Head 資訊 {Count 2} {Type C } 
[920] 2015/02/05 21:10:46.966 收到 Head 資訊 {Count 2} {Type C } 
[920] 2015/02/05 21:10:46.968 收到 Head 資訊 {Count 2} {Type C } 
[920] 2015/02/05 21:10:46.970 收到 Head 資訊 {Count 2} {Type C } 
[920] 2015/02/05 21:10:46.972 收到 Head 資訊 {Count 2} {Type C } 
[920] 2015/02/05 21:10:46.973 收到 Head 資訊 {Count 2} {Type C } 
[920] 2015/02/05 21:10:46.975 收到 Head 資訊 {Count 2} {Type C } 
[920] 2015/02/05 21:10:46.977 收到 Head 資訊 {Count 2} {Type C } 
[920] 2015/02/05 21:10:46.979 收到 Head 資訊 {Count 2} {Type C } 
[920] 2015/02/05 21:10:46.981 收到 Head 資訊 {Count 2} {Type C } 
[920] 2015/02/05 21:10:46.983 收到 Head 資訊 {Count 2} {Type C } 
[920] 2015/02/05 21:10:46.984 收到 Head 資訊 {Count 2} {Type C } 
[920] 2015/02/05 21:10:46.986 收到 Head 資訊 {Count 2} {Type C } 
[920] 2015/02/05 21:10:46.988 收到 Head 資訊 {Count 2} {Type C } 
[920] 2015/02/05 21:10:46.990 收到 Head 資訊 {Count 2} {Type C } 
[920] 2015/02/05 21:10:46.992 收到 Head 資訊 {Count 2} {Type C } 
[920] 2015/02/05 21:10:46.994 收到 Head 資訊 {Count 2} {Type C } 
[920] 2015/02/05 21:10:46.996 收到 Head 資訊 {Count 2} {Type C } 
[920] 2015/02/05 21:10:46.998 收到 Head 資訊 {Count 2} {Type C } 
[920] 2015/02/05 21:10:47.000 收到 Head 資訊 {Count 2} {Type C } 
[920] 2015/02/05 21:10:47.002 收到 Head 資訊 {Count 2} {Type C } 
[920] 2015/02/05 21:10:47.004 收到 Head 資訊 {Count 2} {Type C } 
[920] 2015/02/05 21:10:47.006 收到 Head 資訊 {Count 2} {Type C } 
[920] 2015/02/05 21:10:47.007 收到 Head 資訊 {Count 2} {Type C } 
[920] 2015/02/05 21:10:47.009 收到 Head 資訊 {Count 2} {Type C } 
[920] 2015/02/05 21:10:47.011 收到 Head 資訊 {Count 2} {Type C } 
[920] 2015/02/05 21:10:47.013 收到 Head 資訊 {Count 2} {Type C } 
[920] 2015/02/05 21:10:47.015 收到 Head 資訊 {Count 2} {Type C } 
[920] 2015/02/05 21:10:47.017 收到 Head 資訊 {Count 2} {Type C } 
[920] 2015/02/05 21:10:47.018 收到 Head 資訊 {Count 2} {Type C } 
[920] 2015/02/05 21:10:47.020 收到 Head 資訊 {Count 2} {Type C } 
[920] 2015/02/05 21:10:47.022 收到 Head 資訊 {Count 2} {Type C } 
[920] 2015/02/05 21:10:47.024 收到 Head 資訊 {Count 2} {Type C } 
[920] 2015/02/05 21:10:47.026 收到 Head 資訊 {Count 2} {Type C } 
[920] 2015/02/05 21:10:47.028 收到 Head 資訊 {Count 2} {Type C } 
[920] 2015/02/05 21:10:47.030 收到 Head 資訊 {Count 2} {Type C } 
[920] 2015/02/05 21:10:47.031 收到 Head 資訊 {Count 2} {Type C } 
[920] 2015/02/05 21:10:47.033 收到 Head 資訊 {Count 2} {Type C } 
[920] 2015/02/05 21:10:47.035 收到 Head 資訊 {Count 2} {Type C } 
[920] 2015/02/05 21:10:47.037 收到 Head 資訊 {Count 2} {Type C } 
[920] 2015/02/05 21:10:47.039 收到 Head 資訊 {Count 2} {Type C } 
[920] 2015/02/05 21:10:47.041 收到 Head 資訊 {Count 2} {Type C } 
[920] 2015/02/05 21:10:47.043 收到 Head 資訊 {Count 2} {Type C } 
[920] 2015/02/05 21:10:47.045 收到 Head 資訊 {Count 2} {Type C } 
[920] 2015/02/05 21:10:47.047 收到 Head 資訊 {Count 2} {Type C } 
[920] 2015/02/05 21:10:47.048 收到 Head 資訊 {Count 2} {Type C } 
[920] 2015/02/05 21:10:47.050 收到 Head 資訊 {Count 2} {Type C } 
[920] 2015/02/05 21:10:47.052 收到 Head 資訊 {Count 2} {Type C } 
[920] 2015/02/05 21:10:47.054 收到 Head 資訊 {Count 2} {Type C } 
[920] 2015/02/05 21:10:47.056 收到 Head 資訊 {Count 2} {Type C } 
[920] 2015/02/05 21:10:47.058 收到 Head 資訊 {Count 2} {Type C } 
[920] 2015/02/05 21:10:47.060 收到 Head 資訊 {Count 2} {Type C } 
[920] 2015/02/05 21:10:47.062 收到 Head 資訊 {Count 2} {Type C } 
[920] 2015/02/05 21:10:47.064 收到 Head 資訊 {Count 2} {Type C } 
[920] 2015/02/05 21:10:47.065 收到 Head 資訊 {Count 2} {Type C } 
[920] 2015/02/05 21:10:47.067 收到 Head 資訊 {Count 2} {Type C } 
[920] 2015/02/05 21:10:47.069 收到 Head 資訊 {Count 2} {Type C } 
[920] 2015/02/05 21:10:47.071 收到 Head 資訊 {Count 2} {Type C } 
[920] 2015/02/05 21:10:47.073 收到 Head 資訊 {Count 2} {Type C } 
[920] 2015/02/05 21:10:47.075 收到 Head 資訊 {Count 2} {Type C } 
[920] 2015/02/05 21:10:47.077 收到 Head 資訊 {Count 2} {Type C } 
[920] 2015/02/05 21:10:47.079 收到 Head 資訊 {Count 2} {Type C } 
[920] 2015/02/05 21:10:47.081 收到 Head 資訊 {Count 2} {Type C } 
[920] 2015/02/05 21:10:47.082 收到 Head 資訊 {Count 2} {Type C } 
[920] 2015/02/05 21:10:47.084 收到 Head 資訊 {Count 2} {Type C } 
[920] 2015/02/05 21:10:47.086 收到 Head 資訊 {Count 2} {Type C } 
[920] 2015/02/05 21:10:47.088 收到 Head 資訊 {Count 2} {Type C } 
[920] 2015/02/05 21:10:47.090 收到 Head 資訊 {Count 2} {Type C } 
[920] 2015/02/05 21:10:47.092 收到 Head 資訊 {Count 2} {Type C } 
[920] 2015/02/05 21:10:47.093 收到 Head 資訊 {Count 2} {Type C } 
[920] 2015/02/05 21:10:47.095 收到 Head 資訊 {Count 2} {Type C } 
[920] 2015/02/05 21:10:47.097 收到 Head 資訊 {Count 2} {Type C } 
[920] 2015/02/05 21:10:47.099 收到 Head 資訊 {Count 2} {Type C } 
[920] 2015/02/05 21:10:47.101 收到 Head 資訊 {Count 2} {Type C } 
[920] 2015/02/05 21:10:47.103 收到 Head 資訊 {Count 2} {Type C } 
[920] 2015/02/05 21:10:47.105 收到 Head 資訊 {Count 2} {Type C } 
[920] 2015/02/05 21:10:47.107 收到 Head 資訊 {Count 2} {Type C } 
[920] 2015/02/05 21:10:47.109 收到 Head 資訊 {Count 2} {Type C } 
[920] 2015/02/05 21:10:47.110 收到 Head 資訊 {Count 2} {Type C } 
[920] 2015/02/05 21:10:47.112 收到 Head 資訊 {Count 2} {Type C } 
[920] 2015/02/05 21:10:47.114 收到 Head 資訊 {Count 2} {Type C } 
[920] 2015/02/05 21:10:47.116 收到 Head 資訊 {Count 2} {Type C } 
[920] 2015/02/05 21:10:47.118 收到 Head 資訊 {Count 2} {Type C } 
[920] 2015/02/05 21:10:47.120 收到 Head 資訊 {Count 2} {Type C } 
[920] 2015/02/05 21:10:47.121 收到 Head 資訊 {Count 2} {Type C } 
[920] 2015/02/05 21:10:47.123 收到 Head 資訊 {Count 2} {Type C } 
[920] 2015/02/05 21:10:47.125 收到 Head 資訊 {Count 2} {Type C } 
[920] 2015/02/05 21:10:47.127 收到 Head 資訊 {Count 2} {Type C } 
[920] 2015/02/05 21:10:47.129 收到 Head 資訊 {Count 2} {Type C } 
[920] 2015/02/05 21:10:47.131 收到 Head 資訊 {Count 2} {Type C } 
[920] 2015/02/05 21:10:47.133 收到 Head 資訊 {Count 2} {Type C } 
[920] 2015/02/05 21:10:47.134 收到 Head 資訊 {Count 2} {Type C } 
[920] 2015/02/05 21:10:47.136 收到 Head 資訊 {Count 2} {Type C } 
[920] 2015/02/05 21:10:47.138 收到 Head 資訊 {Count 2} {Type C } 
[920] 2015/02/05 21:10:47.140 收到 Head 資訊 {Count 2} {Type C } 
[920] 2015/02/05 21:10:47.142 收到 Head 資訊 {Count 2} {Type C } 
[920] 2015/02/05 21:10:47.144 收到 Head 資訊 {Count 2} {Type C } 
[920] 2015/02/05 21:10:47.146 收到 Head 資訊 {Count 2} {Type C } 
[920] 2015/02/05 21:10:47.148 收到 Head 資訊 {Count 2} {Type C } 
[920] 2015/02/05 21:10:47.150 收到 Head 資訊 {Count 2} {Type C } 
[920] 2015/02/05 21:10:47.152 收到 Head 資訊 {Count 2} {Type C } 
[920] 2015/02/05 21:10:47.154 收到 Head 資訊 {Count 2} {Type C } 
[920] 2015/02/05 21:10:47.156 收到 Head 資訊 {Count 2} {Type C } 
[920] 2015/02/05 21:10:47.158 收到 Head 資訊 {Count 2} {Type C } 
[920] 2015/02/05 21:10:47.160 收到 Head 資訊 {Count 2} {Type C } 
[920] 2015/02/05 21:10:47.161 收到 Head 資訊 {Count 2} {Type C } 
[920] 2015/02/05 21:10:47.163 收到 Head 資訊 {Count 2} {Type C } 
[920] 2015/02/05 21:10:47.165 收到 Head 資訊 {Count 2} {Type C } 
[920] 2015/02/05 21:10:47.167 收到 Head 資訊 {Count 2} {Type C } 
[920] 2015/02/05 21:10:47.169 收到 Head 資訊 {Count 2} {Type C } 
[920] 2015/02/05 21:10:47.171 收到 Head 資訊 {Count 2} {Type C } 
[920] 2015/02/05 21:10:47.173 收到 Head 資訊 {Count 2} {Type C } 
[920] 2015/02/05 21:10:47.175 收到 Head 資訊 {Count 2} {Type C } 
[920] 2015/02/05 21:10:47.177 收到 Head 資訊 {Count 2} {Type C } 
[920] 2015/02/05 21:10:47.179 收到 Head 資訊 {Count 2} {Type C } 
[920] 2015/02/05 21:10:47.181 收到 Head 資訊 {Count 2} {Type C } 
[920] 2015/02/05 21:10:47.183 收到 Head 資訊 {Count 2} {Type C } 
[920] 2015/02/05 21:10:47.184 收到 Head 資訊 {Count 2} {Type C } 
[920] 2015/02/05 21:10:47.186 收到 Head 資訊 {Count 2} {Type C } 
[920] 2015/02/05 21:10:47.188 收到 Head 資訊 {Count 2} {Type C } 
[920] 2015/02/05 21:10:47.190 收到 Head 資訊 {Count 2} {Type C } 
[920] 2015/02/05 21:10:47.192 收到 Head 資訊 {Count 2} {Type C } 
[920] 2015/02/05 21:10:47.194 收到 Head 資訊 {Count 2} {Type C } 
[920] 2015/02/05 21:10:47.196 收到 Head 資訊 {Count 2} {Type C } 
[920] 2015/02/05 21:10:47.198 收到 Head 資訊 {Count 2} {Type C } 
[920] 2015/02/05 21:10:47.200 收到 Head 資訊 {Count 2} {Type C } 
[920] 2015/02/05 21:10:47.202 收到 Head 資訊 {Count 2} {Type C } 
[920] 2015/02/05 21:10:47.204 收到 Head 資訊 {Count 2} {Type C } 
[920] 2015/02/05 21:10:47.205 收到 Head 資訊 {Count 2} {Type C } 
[920] 2015/02/05 21:10:47.207 收到 Head 資訊 {Count 2} {Type C } 
[920] 2015/02/05 21:10:47.209 收到 Head 資訊 {Count 2} {Type C } 
[920] 2015/02/05 21:10:47.211 收到 Head 資訊 {Count 2} {Type C } 
[920] 2015/02/05 21:10:47.213 收到 Head 資訊 {Count 2} {Type C } 
[920] 2015/02/05 21:10:47.215 收到 Head 資訊 {Count 2} {Type C } 
[920] 2015/02/05 21:10:47.217 收到 Head 資訊 {Count 2} {Type C } 
[920] 2015/02/05 21:10:47.218 收到 Head 資訊 {Count 2} {Type C } 
[920] 2015/02/05 21:10:47.220 收到 Head 資訊 {Count 2} {Type C } 
[920] 2015/02/05 21:10:47.222 收到 Head 資訊 {Count 2} {Type C } 
[920] 2015/02/05 21:10:47.224 收到 Head 資訊 {Count 2} {Type C } 
[920] 2015/02/05 21:10:47.226 收到 Head 資訊 {Count 2} {Type C } 
[920] 2015/02/05 21:10:47.228 收到 Head 資訊 {Count 2} {Type C } 
[920] 2015/02/05 21:10:47.230 收到 Head 資訊 {Count 2} {Type C } 
[920] 2015/02/05 21:10:47.231 收到 Head 資訊 {Count 2} {Type C } 
[920] 2015/02/05 21:10:47.233 收到 Head 資訊 {Count 2} {Type C } 
[920] 2015/02/05 21:10:47.235 收到 Head 資訊 {Count 2} {Type C } 
[920] 2015/02/05 21:10:47.237 收到 Head 資訊 {Count 2} {Type C } 
[920] 2015/02/05 21:10:47.239 收到 Head 資訊 {Count 2} {Type C } 
[920] 2015/02/05 21:10:47.241 收到 Head 資訊 {Count 2} {Type C } 
[920] 2015/02/05 21:10:47.243 收到 Head 資訊 {Count 2} {Type C } 
[920] 2015/02/05 21:10:47.245 收到 Head 資訊 {Count 2} {Type C } 
[920] 2015/02/05 21:10:47.246 收到 Head 資訊 {Count 2} {Type C } 
[920] 2015/02/05 21:10:47.248 收到 Head 資訊 {Count 2} {Type C } 
[920] 2015/02/05 21:10:47.250 收到 Head 資訊 {Count 2} {Type C } 
[920] 2015/02/05 21:10:47.252 收到 Head 資訊 {Count 2} {Type C } 
[920] 2015/02/05 21:10:47.254 收到 Head 資訊 {Count 2} {Type C } 
[920] 2015/02/05 21:10:47.256 收到 Head 資訊 {Count 2} {Type C } 
[920] 2015/02/05 21:10:47.258 收到 Head 資訊 {Count 2} {Type C } 
[920] 2015/02/05 21:10:47.259 收到 Head 資訊 {Count 2} {Type C } 
[920] 2015/02/05 21:10:47.261 收到 Head 資訊 {Count 2} {Type C } 
[920] 2015/02/05 21:10:47.263 收到 Head 資訊 {Count 2} {Type C } 
[920] 2015/02/05 21:10:47.265 收到 Head 資訊 {Count 2} {Type C } 
[920] 2015/02/05 21:10:47.267 收到 Head 資訊 {Count 2} {Type C } 
[920] 2015/02/05 21:10:47.269 收到 Head 資訊 {Count 2} {Type C } 
[920] 2015/02/05 21:10:47.271 收到 Head 資訊 {Count 2} {Type C } 
[920] 2015/02/05 21:10:47.273 收到 Head 資訊 {Count 2} {Type C } 
[920] 2015/02/05 21:10:47.275 收到 Head 資訊 {Count 2} {Type C } 
[920] 2015/02/05 21:10:47.277 收到 Head 資訊 {Count 2} {Type C } 
[920] 2015/02/05 21:10:47.279 收到 Head 資訊 {Count 2} {Type C } 
[920] 2015/02/05 21:10:47.281 收到 Head 資訊 {Count 2} {Type C } 
[920] 2015/02/05 21:10:47.283 收到 Head 資訊 {Count 2} {Type C } 
[920] 2015/02/05 21:10:47.284 收到 Head 資訊 {Count 2} {Type C } 
[920] 2015/02/05 21:10:47.286 收到 Head 資訊 {Count 2} {Type C } 
[920] 2015/02/05 21:10:47.288 收到 Head 資訊 {Count 2} {Type C } 
[920] 2015/02/05 21:10:47.290 收到 Head 資訊 {Count 2} {Type C } 
[920] 2015/02/05 21:10:47.292 收到 Head 資訊 {Count 2} {Type C } 
[920] 2015/02/05 21:10:47.294 收到 Head 資訊 {Count 2} {Type C } 
[920] 2015/02/05 21:10:47.296 收到 Head 資訊 {Count 2} {Type C } 
[920] 2015/02/05 21:10:47.298 收到 Head 資訊 {Count 2} {Type C } 
[920] 2015/02/05 21:10:47.300 收到 Head 資訊 {Count 2} {Type C } 
[920] 2015/02/05 21:10:47.302 收到 Head 資訊 {Count 2} {Type C } 
[920] 2015/02/05 21:10:47.304 收到 Head 資訊 {Count 2} {Type C } 
[920] 2015/02/05 21:10:47.306 收到 Head 資訊 {Count 2} {Type C } 
[920] 2015/02/05 21:10:47.308 收到 Head 資訊 {Count 2} {Type C } 
[920] 2015/02/05 21:10:47.309 收到 Head 資訊 {Count 2} {Type C } 
[920] 2015/02/05 21:10:47.311 收到 Head 資訊 {Count 2} {Type C } 
[920] 2015/02/05 21:10:47.313 收到 Head 資訊 {Count 2} {Type C } 
[920] 2015/02/05 21:10:47.315 收到 Head 資訊 {Count 2} {Type C } 
[920] 2015/02/05 21:10:47.317 收到 Head 資訊 {Count 2} {Type C } 
[920] 2015/02/05 21:10:47.319 收到 Head 資訊 {Count 2} {Type C } 
[920] 2015/02/05 21:10:47.320 收到 Head 資訊 {Count 2} {Type C } 
[920] 2015/02/05 21:10:47.322 收到 Head 資訊 {Count 2} {Type C } 
[920] 2015/02/05 21:10:47.324 收到 Head 資訊 {Count 2} {Type C } 
[920] 2015/02/05 21:10:47.326 收到 Head 資訊 {Count 2} {Type C } 
[920] 2015/02/05 21:10:47.328 收到 Head 資訊 {Count 2} {Type C } 
[920] 2015/02/05 21:10:47.330 收到 Head 資訊 {Count 2} {Type C } 
[920] 2015/02/05 21:10:47.331 收到 Head 資訊 {Count 2} {Type C } 
[920] 2015/02/05 21:10:47.333 收到 Head 資訊 {Count 2} {Type C } 
[920] 2015/02/05 21:10:47.335 收到 Head 資訊 {Count 2} {Type C } 
[920] 2015/02/05 21:10:47.337 收到 Head 資訊 {Count 2} {Type C } 
[920] 2015/02/05 21:10:47.339 收到 Head 資訊 {Count 2} {Type C } 
[920] 2015/02/05 21:10:47.341 收到 Head 資訊 {Count 2} {Type C } 
[920] 2015/02/05 21:10:47.343 收到 Head 資訊 {Count 2} {Type C } 
[920] 2015/02/05 21:10:47.345 收到 Head 資訊 {Count 2} {Type C } 
[920] 2015/02/05 21:10:47.346 收到 Head 資訊 {Count 2} {Type C } 
[920] 2015/02/05 21:10:47.348 收到 Head 資訊 {Count 2} {Type C } 
[920] 2015/02/05 21:10:47.350 收到 Head 資訊 {Count 2} {Type C } 
[920] 2015/02/05 21:10:47.352 收到 Head 資訊 {Count 2} {Type C } 
[920] 2015/02/05 21:10:47.354 收到 Head 資訊 {Count 2} {Type C } 
[920] 2015/02/05 21:10:47.356 收到 Head 資訊 {Count 2} {Type C } 
[920] 2015/02/05 21:10:47.358 收到 Head 資訊 {Count 2} {Type C } 
[920] 2015/02/05 21:10:47.360 收到 Head 資訊 {Count 2} {Type C } 
[920] 2015/02/05 21:10:47.362 收到 Head 資訊 {Count 2} {Type C } 
[920] 2015/02/05 21:10:47.364 收到 Head 資訊 {Count 2} {Type C } 
[920] 2015/02/05 21:10:47.366 收到 Head 資訊 {Count 2} {Type C } 
[920] 2015/02/05 21:10:47.368 收到 Head 資訊 {Count 2} {Type C } 
[920] 2015/02/05 21:10:47.370 收到 Head 資訊 {Count 2} {Type C } 
[920] 2015/02/05 21:10:47.372 收到 Head 資訊 {Count 2} {Type C } 
[920] 2015/02/05 21:10:47.374 收到 Head 資訊 {Count 2} {Type C } 
[920] 2015/02/05 21:10:47.376 收到 Head 資訊 {Count 2} {Type C } 
[920] 2015/02/05 21:10:47.378 收到 Head 資訊 {Count 2} {Type C } 
[920] 2015/02/05 21:10:47.380 收到 Head 資訊 {Count 2} {Type C } 
[920] 2015/02/05 21:10:47.382 收到 Head 資訊 {Count 2} {Type C } 
[920] 2015/02/05 21:10:47.383 收到 Head 資訊 {Count 2} {Type C } 
[920] 2015/02/05 21:10:47.385 收到 Head 資訊 {Count 2} {Type C } 
[920] 2015/02/05 21:10:47.387 收到 Head 資訊 {Count 2} {Type C } 
[920] 2015/02/05 21:10:47.389 收到 Head 資訊 {Count 2} {Type C } 
[920] 2015/02/05 21:10:47.391 收到 Head 資訊 {Count 2} {Type C } 
[920] 2015/02/05 21:10:47.393 收到 Head 資訊 {Count 2} {Type C } 
[920] 2015/02/05 21:10:47.395 收到 Head 資訊 {Count 2} {Type C } 
[920] 2015/02/05 21:10:47.396 收到 Head 資訊 {Count 2} {Type C } 
[920] 2015/02/05 21:10:47.398 收到 Head 資訊 {Count 2} {Type C } 
[920] 2015/02/05 21:10:47.400 收到 Head 資訊 {Count 2} {Type C } 
[920] 2015/02/05 21:10:47.402 收到 Head 資訊 {Count 2} {Type C } 
[920] 2015/02/05 21:10:47.404 收到 Head 資訊 {Count 2} {Type C } 
[920] 2015/02/05 21:10:47.406 收到 Head 資訊 {Count 2} {Type C } 
[920] 2015/02/05 21:10:47.408 收到 Head 資訊 {Count 2} {Type C } 
[920] 2015/02/05 21:10:47.409 收到 Head 資訊 {Count 2} {Type C } 
[920] 2015/02/05 21:10:47.411 收到 Head 資訊 {Count 2} {Type C } 
[920] 2015/02/05 21:10:47.413 收到 Head 資訊 {Count 2} {Type C } 
[920] 2015/02/05 21:10:47.415 收到 Head 資訊 {Count 2} {Type C } 
[920] 2015/02/05 21:10:47.417 收到 Head 資訊 {Count 2} {Type C } 
[920] 2015/02/05 21:10:47.419 收到 Head 資訊 {Count 2} {Type C } 
[920] 2015/02/05 21:10:47.420 收到 Head 資訊 {Count 2} {Type C } 
[920] 2015/02/05 21:10:47.422 收到 Head 資訊 {Count 2} {Type C } 
[920] 2015/02/05 21:10:47.424 收到 Head 資訊 {Count 2} {Type C } 
[920] 2015/02/05 21:10:47.426 收到 Head 資訊 {Count 2} {Type C } 
[920] 2015/02/05 21:10:47.428 收到 Head 資訊 {Count 2} {Type C } 
[920] 2015/02/05 21:10:47.430 收到 Head 資訊 {Count 2} {Type C } 
[920] 2015/02/05 21:10:47.432 收到 Head 資訊 {Count 2} {Type C } 
[920] 2015/02/05 21:10:47.433 收到 Head 資訊 {Count 2} {Type C } 
[920] 2015/02/05 21:10:47.435 收到 Head 資訊 {Count 2} {Type C } 
[920] 2015/02/05 21:10:47.437 收到 Head 資訊 {Count 2} {Type C } 
[920] 2015/02/05 21:10:47.439 收到 Head 資訊 {Count 2} {Type C } 
[920] 2015/02/05 21:10:47.441 收到 Head 資訊 {Count 2} {Type C } 
[920] 2015/02/05 21:10:47.443 收到 Head 資訊 {Count 2} {Type C } 
[920] 2015/02/05 21:10:47.445 收到 Head 資訊 {Count 2} {Type C } 
[920] 2015/02/05 21:10:47.447 收到 Head 資訊 {Count 2} {Type C } 
[920] 2015/02/05 21:10:47.448 收到 Head 資訊 {Count 2} {Type C } 
[920] 2015/02/05 21:10:47.450 收到 Head 資訊 {Count 2} {Type C } 
[920] 2015/02/05 21:10:47.452 收到 Head 資訊 {Count 2} {Type C } 
[920] 2015/02/05 21:10:47.454 收到 Head 資訊 {Count 2} {Type C } 
[920] 2015/02/05 21:10:47.456 收到 Head 資訊 {Count 2} {Type C } 
[920] 2015/02/05 21:10:47.458 收到 Head 資訊 {Count 2} {Type C } 
[920] 2015/02/05 21:10:47.460 收到 Head 資訊 {Count 2} {Type C } 
[920] 2015/02/05 21:10:47.462 收到 Head 資訊 {Count 2} {Type C } 
[920] 2015/02/05 21:10:47.464 收到 Head 資訊 {Count 2} {Type C } 
[920] 2015/02/05 21:10:47.466 收到 Head 資訊 {Count 2} {Type C } 
[920] 2015/02/05 21:10:47.468 收到 Head 資訊 {Count 2} {Type C } 
[920] 2015/02/05 21:10:47.470 收到 Head 資訊 {Count 2} {Type C } 
[920] 2015/02/05 21:10:47.471 收到 Head 資訊 {Count 2} {Type C } 
[920] 2015/02/05 21:10:47.473 收到 Head 資訊 {Count 2} {Type C } 
[920] 2015/02/05 21:10:47.475 收到 Head 資訊 {Count 2} {Type B } 
[920] 2015/02/05 21:11:45.652 連線確認 E122828927 (21,21)
[920] 2015/02/05 21:12:45.666 連線確認 E122828927 (21,21)
[920] 2015/02/05 21:13:45.679 連線確認 E122828927 (21,21)
[920] 2015/02/05 21:14:45.693 連線確認 E122828927 (21,21)
[920] 2015/02/05 21:15:45.706 連線確認 E122828927 (21,21)
[920] 2015/02/05 21:15:47.652 收到 Head 資訊 {Count 2} {Type B } 
[920] 2015/02/05 21:16:45.720 連線確認 E122828927 (21,21)
[920] 2015/02/05 21:17:45.733 連線確認 E122828927 (21,21)
[920] 2015/02/05 21:18:45.747 連線確認 E122828927 (21,21)
[920] 2015/02/05 21:19:45.760 連線確認 E122828927 (21,21)
[920] 2015/02/05 21:20:45.774 連線確認 E122828927 (21,21)
[920] 2015/02/05 21:20:48.673 收到 Head 資訊 {Count 2} {Type B } 
[920] 2015/02/05 21:21:23.612 API ExitInstance 
[2328] 2015/02/05 21:24:51.002 API InitInstance 
[2328] 2015/02/05 21:24:51.367 E122828927 連線 Code：0
[2328] 2015/02/05 21:24:52.377 收到 Head 資訊 {Count 2} {Type C } 
[2328] 2015/02/05 21:24:52.378 收到 Head 資訊 {Count 2} {Type C } 
[2328] 2015/02/05 21:24:52.380 收到 Head 資訊 {Count 2} {Type C } 
[2328] 2015/02/05 21:24:52.381 收到 Head 資訊 {Count 2} {Type C } 
[2328] 2015/02/05 21:24:52.382 收到 Head 資訊 {Count 2} {Type C } 
[2328] 2015/02/05 21:24:52.384 收到 Head 資訊 {Count 2} {Type C } 
[2328] 2015/02/05 21:24:52.385 收到 Head 資訊 {Count 2} {Type C } 
[2328] 2015/02/05 21:24:52.387 收到 Head 資訊 {Count 2} {Type C } 
[2328] 2015/02/05 21:24:52.388 收到 Head 資訊 {Count 2} {Type C } 
[2328] 2015/02/05 21:24:52.389 收到 Head 資訊 {Count 2} {Type C } 
[2328] 2015/02/05 21:24:52.391 收到 Head 資訊 {Count 2} {Type C } 
[2328] 2015/02/05 21:24:52.392 收到 Head 資訊 {Count 2} {Type C } 
[2328] 2015/02/05 21:24:52.394 收到 Head 資訊 {Count 2} {Type C } 
[2328] 2015/02/05 21:24:52.395 收到 Head 資訊 {Count 2} {Type C } 
[2328] 2015/02/05 21:24:52.397 收到 Head 資訊 {Count 2} {Type C } 
[2328] 2015/02/05 21:24:52.398 收到 Head 資訊 {Count 2} {Type C } 
[2328] 2015/02/05 21:24:52.399 收到 Head 資訊 {Count 2} {Type C } 
[2328] 2015/02/05 21:24:52.401 收到 Head 資訊 {Count 2} {Type C } 
[2328] 2015/02/05 21:24:52.402 收到 Head 資訊 {Count 2} {Type C } 
[2328] 2015/02/05 21:24:52.403 收到 Head 資訊 {Count 2} {Type C } 
[2328] 2015/02/05 21:24:52.405 收到 Head 資訊 {Count 2} {Type C } 
[2328] 2015/02/05 21:24:52.406 收到 Head 資訊 {Count 2} {Type C } 
[2328] 2015/02/05 21:24:52.408 收到 Head 資訊 {Count 2} {Type C } 
[2328] 2015/02/05 21:24:52.409 收到 Head 資訊 {Count 2} {Type C } 
[2328] 2015/02/05 21:24:52.410 收到 Head 資訊 {Count 2} {Type C } 
[2328] 2015/02/05 21:24:52.412 收到 Head 資訊 {Count 2} {Type C } 
[2328] 2015/02/05 21:24:52.413 收到 Head 資訊 {Count 2} {Type C } 
[2328] 2015/02/05 21:24:52.415 收到 Head 資訊 {Count 2} {Type C } 
[2328] 2015/02/05 21:24:52.416 收到 Head 資訊 {Count 2} {Type C } 
[2328] 2015/02/05 21:24:52.417 收到 Head 資訊 {Count 2} {Type C } 
[2328] 2015/02/05 21:24:52.419 收到 Head 資訊 {Count 2} {Type C } 
[2328] 2015/02/05 21:24:52.420 收到 Head 資訊 {Count 2} {Type C } 
[2328] 2015/02/05 21:24:52.422 收到 Head 資訊 {Count 2} {Type C } 
[2328] 2015/02/05 21:24:52.423 收到 Head 資訊 {Count 2} {Type C } 
[2328] 2015/02/05 21:24:52.424 收到 Head 資訊 {Count 2} {Type C } 
[2328] 2015/02/05 21:24:52.426 收到 Head 資訊 {Count 2} {Type C } 
[2328] 2015/02/05 21:24:52.427 收到 Head 資訊 {Count 2} {Type C } 
[2328] 2015/02/05 21:24:52.429 收到 Head 資訊 {Count 2} {Type C } 
[2328] 2015/02/05 21:24:52.430 收到 Head 資訊 {Count 2} {Type C } 
[2328] 2015/02/05 21:24:52.431 收到 Head 資訊 {Count 2} {Type C } 
[2328] 2015/02/05 21:24:52.433 收到 Head 資訊 {Count 2} {Type C } 
[2328] 2015/02/05 21:24:52.434 收到 Head 資訊 {Count 2} {Type C } 
[2328] 2015/02/05 21:24:52.435 收到 Head 資訊 {Count 2} {Type C } 
[2328] 2015/02/05 21:24:52.437 收到 Head 資訊 {Count 2} {Type C } 
[2328] 2015/02/05 21:24:52.438 收到 Head 資訊 {Count 2} {Type C } 
[2328] 2015/02/05 21:24:52.440 收到 Head 資訊 {Count 2} {Type C } 
[2328] 2015/02/05 21:24:52.441 收到 Head 資訊 {Count 2} {Type C } 
[2328] 2015/02/05 21:24:52.442 收到 Head 資訊 {Count 2} {Type C } 
[2328] 2015/02/05 21:24:52.444 收到 Head 資訊 {Count 2} {Type C } 
[2328] 2015/02/05 21:24:52.445 收到 Head 資訊 {Count 2} {Type C } 
[2328] 2015/02/05 21:24:52.446 收到 Head 資訊 {Count 2} {Type C } 
[2328] 2015/02/05 21:24:52.448 收到 Head 資訊 {Count 2} {Type C } 
[2328] 2015/02/05 21:24:52.449 收到 Head 資訊 {Count 2} {Type C } 
[2328] 2015/02/05 21:24:52.450 收到 Head 資訊 {Count 2} {Type C } 
[2328] 2015/02/05 21:24:52.452 收到 Head 資訊 {Count 2} {Type C } 
[2328] 2015/02/05 21:24:52.453 收到 Head 資訊 {Count 2} {Type C } 
[2328] 2015/02/05 21:24:52.455 收到 Head 資訊 {Count 2} {Type C } 
[2328] 2015/02/05 21:24:52.456 收到 Head 資訊 {Count 2} {Type C } 
[2328] 2015/02/05 21:24:52.457 收到 Head 資訊 {Count 2} {Type C } 
[2328] 2015/02/05 21:24:52.459 收到 Head 資訊 {Count 2} {Type C } 
[2328] 2015/02/05 21:24:52.460 收到 Head 資訊 {Count 2} {Type C } 
[2328] 2015/02/05 21:24:52.461 收到 Head 資訊 {Count 2} {Type C } 
[2328] 2015/02/05 21:24:52.463 收到 Head 資訊 {Count 2} {Type C } 
[2328] 2015/02/05 21:24:52.464 收到 Head 資訊 {Count 2} {Type C } 
[2328] 2015/02/05 21:24:52.466 收到 Head 資訊 {Count 2} {Type C } 
[2328] 2015/02/05 21:24:52.467 收到 Head 資訊 {Count 2} {Type C } 
[2328] 2015/02/05 21:24:52.468 收到 Head 資訊 {Count 2} {Type C } 
[2328] 2015/02/05 21:24:52.470 收到 Head 資訊 {Count 2} {Type C } 
[2328] 2015/02/05 21:24:52.471 收到 Head 資訊 {Count 2} {Type C } 
[2328] 2015/02/05 21:24:52.472 收到 Head 資訊 {Count 2} {Type C } 
[2328] 2015/02/05 21:24:52.474 收到 Head 資訊 {Count 2} {Type C } 
[2328] 2015/02/05 21:24:52.475 收到 Head 資訊 {Count 2} {Type C } 
[2328] 2015/02/05 21:24:52.476 收到 Head 資訊 {Count 2} {Type C } 
[2328] 2015/02/05 21:24:52.478 收到 Head 資訊 {Count 2} {Type C } 
[2328] 2015/02/05 21:24:52.479 收到 Head 資訊 {Count 2} {Type C } 
[2328] 2015/02/05 21:24:52.480 收到 Head 資訊 {Count 2} {Type C } 
[2328] 2015/02/05 21:24:52.481 收到 Head 資訊 {Count 2} {Type C } 
[2328] 2015/02/05 21:24:52.483 收到 Head 資訊 {Count 2} {Type C } 
[2328] 2015/02/05 21:24:52.484 收到 Head 資訊 {Count 2} {Type C } 
[2328] 2015/02/05 21:24:52.485 收到 Head 資訊 {Count 2} {Type C } 
[2328] 2015/02/05 21:24:52.486 收到 Head 資訊 {Count 2} {Type C } 
[2328] 2015/02/05 21:24:52.488 收到 Head 資訊 {Count 2} {Type C } 
[2328] 2015/02/05 21:24:52.489 收到 Head 資訊 {Count 2} {Type C } 
[2328] 2015/02/05 21:24:52.490 收到 Head 資訊 {Count 2} {Type C } 
[2328] 2015/02/05 21:24:52.491 收到 Head 資訊 {Count 2} {Type C } 
[2328] 2015/02/05 21:24:52.493 收到 Head 資訊 {Count 2} {Type C } 
[2328] 2015/02/05 21:24:52.494 收到 Head 資訊 {Count 2} {Type C } 
[2328] 2015/02/05 21:24:52.495 收到 Head 資訊 {Count 2} {Type C } 
[2328] 2015/02/05 21:24:52.496 收到 Head 資訊 {Count 2} {Type C } 
[2328] 2015/02/05 21:24:52.497 收到 Head 資訊 {Count 2} {Type C } 
[2328] 2015/02/05 21:24:52.499 收到 Head 資訊 {Count 2} {Type C } 
[2328] 2015/02/05 21:24:52.500 收到 Head 資訊 {Count 2} {Type C } 
[2328] 2015/02/05 21:24:52.501 收到 Head 資訊 {Count 2} {Type C } 
[2328] 2015/02/05 21:24:52.502 收到 Head 資訊 {Count 2} {Type C } 
[2328] 2015/02/05 21:24:52.504 收到 Head 資訊 {Count 2} {Type C } 
[2328] 2015/02/05 21:24:52.505 收到 Head 資訊 {Count 2} {Type C } 
[2328] 2015/02/05 21:24:52.506 收到 Head 資訊 {Count 2} {Type C } 
[2328] 2015/02/05 21:24:52.507 收到 Head 資訊 {Count 2} {Type C } 
[2328] 2015/02/05 21:24:52.509 收到 Head 資訊 {Count 2} {Type C } 
[2328] 2015/02/05 21:24:52.510 收到 Head 資訊 {Count 2} {Type C } 
[2328] 2015/02/05 21:24:52.511 收到 Head 資訊 {Count 2} {Type C } 
[2328] 2015/02/05 21:24:52.512 收到 Head 資訊 {Count 2} {Type C } 
[2328] 2015/02/05 21:24:52.513 收到 Head 資訊 {Count 2} {Type C } 
[2328] 2015/02/05 21:24:52.515 收到 Head 資訊 {Count 2} {Type C } 
[2328] 2015/02/05 21:24:52.516 收到 Head 資訊 {Count 2} {Type C } 
[2328] 2015/02/05 21:24:52.517 收到 Head 資訊 {Count 2} {Type C } 
[2328] 2015/02/05 21:24:52.518 收到 Head 資訊 {Count 2} {Type C } 
[2328] 2015/02/05 21:24:52.520 收到 Head 資訊 {Count 2} {Type C } 
[2328] 2015/02/05 21:24:52.521 收到 Head 資訊 {Count 2} {Type D } 
[2328] 2015/02/05 21:24:52.522 收到 Head 資訊 {Count 2} {Type D } 
[2328] 2015/02/05 21:24:52.523 收到 Head 資訊 {Count 2} {Type C } 
[2328] 2015/02/05 21:24:52.525 收到 Head 資訊 {Count 2} {Type C } 
[2328] 2015/02/05 21:24:52.526 收到 Head 資訊 {Count 2} {Type C } 
[2328] 2015/02/05 21:24:52.527 收到 Head 資訊 {Count 2} {Type C } 
[2328] 2015/02/05 21:24:52.528 收到 Head 資訊 {Count 2} {Type C } 
[2328] 2015/02/05 21:24:52.530 收到 Head 資訊 {Count 2} {Type C } 
[2328] 2015/02/05 21:24:52.531 收到 Head 資訊 {Count 2} {Type C } 
[2328] 2015/02/05 21:24:52.532 收到 Head 資訊 {Count 2} {Type C } 
[2328] 2015/02/05 21:24:52.533 收到 Head 資訊 {Count 2} {Type C } 
[2328] 2015/02/05 21:24:52.534 收到 Head 資訊 {Count 2} {Type C } 
[2328] 2015/02/05 21:24:52.536 收到 Head 資訊 {Count 2} {Type C } 
[2328] 2015/02/05 21:24:52.537 收到 Head 資訊 {Count 2} {Type C } 
[2328] 2015/02/05 21:24:52.538 收到 Head 資訊 {Count 2} {Type C } 
[2328] 2015/02/05 21:24:52.539 收到 Head 資訊 {Count 2} {Type C } 
[2328] 2015/02/05 21:24:52.541 收到 Head 資訊 {Count 2} {Type C } 
[2328] 2015/02/05 21:24:52.542 收到 Head 資訊 {Count 2} {Type C } 
[2328] 2015/02/05 21:24:52.543 收到 Head 資訊 {Count 2} {Type C } 
[2328] 2015/02/05 21:24:52.544 收到 Head 資訊 {Count 2} {Type C } 
[2328] 2015/02/05 21:24:52.546 收到 Head 資訊 {Count 2} {Type C } 
[2328] 2015/02/05 21:24:52.547 收到 Head 資訊 {Count 2} {Type D } 
[2328] 2015/02/05 21:24:52.548 收到 Head 資訊 {Count 2} {Type C } 
[2328] 2015/02/05 21:24:52.549 收到 Head 資訊 {Count 2} {Type C } 
[2328] 2015/02/05 21:24:52.550 收到 Head 資訊 {Count 2} {Type C } 
[2328] 2015/02/05 21:24:52.552 收到 Head 資訊 {Count 2} {Type C } 
[2328] 2015/02/05 21:24:52.553 收到 Head 資訊 {Count 2} {Type C } 
[2328] 2015/02/05 21:24:52.554 收到 Head 資訊 {Count 2} {Type C } 
[2328] 2015/02/05 21:24:52.555 收到 Head 資訊 {Count 2} {Type C } 
[2328] 2015/02/05 21:24:52.557 收到 Head 資訊 {Count 2} {Type C } 
[2328] 2015/02/05 21:24:52.558 收到 Head 資訊 {Count 2} {Type C } 
[2328] 2015/02/05 21:24:52.559 收到 Head 資訊 {Count 2} {Type C } 
[2328] 2015/02/05 21:24:52.560 收到 Head 資訊 {Count 2} {Type C } 
[2328] 2015/02/05 21:24:52.561 收到 Head 資訊 {Count 2} {Type C } 
[2328] 2015/02/05 21:24:52.563 收到 Head 資訊 {Count 2} {Type C } 
[2328] 2015/02/05 21:24:52.564 收到 Head 資訊 {Count 2} {Type C } 
[2328] 2015/02/05 21:24:52.565 收到 Head 資訊 {Count 2} {Type C } 
[2328] 2015/02/05 21:24:52.566 收到 Head 資訊 {Count 2} {Type C } 
[2328] 2015/02/05 21:24:52.568 收到 Head 資訊 {Count 2} {Type C } 
[2328] 2015/02/05 21:24:52.569 收到 Head 資訊 {Count 2} {Type C } 
[2328] 2015/02/05 21:24:52.570 收到 Head 資訊 {Count 2} {Type C } 
[2328] 2015/02/05 21:24:52.571 收到 Head 資訊 {Count 2} {Type C } 
[2328] 2015/02/05 21:24:52.572 收到 Head 資訊 {Count 2} {Type C } 
[2328] 2015/02/05 21:24:52.574 收到 Head 資訊 {Count 2} {Type C } 
[2328] 2015/02/05 21:24:52.575 收到 Head 資訊 {Count 2} {Type C } 
[2328] 2015/02/05 21:24:52.576 收到 Head 資訊 {Count 2} {Type C } 
[2328] 2015/02/05 21:24:52.577 收到 Head 資訊 {Count 2} {Type C } 
[2328] 2015/02/05 21:24:52.579 收到 Head 資訊 {Count 2} {Type C } 
[2328] 2015/02/05 21:24:52.580 收到 Head 資訊 {Count 2} {Type C } 
[2328] 2015/02/05 21:24:52.581 收到 Head 資訊 {Count 2} {Type C } 
[2328] 2015/02/05 21:24:52.582 收到 Head 資訊 {Count 2} {Type C } 
[2328] 2015/02/05 21:24:52.583 收到 Head 資訊 {Count 2} {Type C } 
[2328] 2015/02/05 21:24:52.585 收到 Head 資訊 {Count 2} {Type C } 
[2328] 2015/02/05 21:24:52.586 收到 Head 資訊 {Count 2} {Type C } 
[2328] 2015/02/05 21:24:52.587 收到 Head 資訊 {Count 2} {Type C } 
[2328] 2015/02/05 21:24:52.588 收到 Head 資訊 {Count 2} {Type C } 
[2328] 2015/02/05 21:24:52.590 收到 Head 資訊 {Count 2} {Type C } 
[2328] 2015/02/05 21:24:52.591 收到 Head 資訊 {Count 2} {Type C } 
[2328] 2015/02/05 21:24:52.592 收到 Head 資訊 {Count 2} {Type C } 
[2328] 2015/02/05 21:24:52.593 收到 Head 資訊 {Count 2} {Type C } 
[2328] 2015/02/05 21:24:52.595 收到 Head 資訊 {Count 2} {Type C } 
[2328] 2015/02/05 21:24:52.596 收到 Head 資訊 {Count 2} {Type C } 
[2328] 2015/02/05 21:24:52.597 收到 Head 資訊 {Count 2} {Type C } 
[2328] 2015/02/05 21:24:52.598 收到 Head 資訊 {Count 2} {Type C } 
[2328] 2015/02/05 21:24:52.600 收到 Head 資訊 {Count 2} {Type C } 
[2328] 2015/02/05 21:24:52.601 收到 Head 資訊 {Count 2} {Type C } 
[2328] 2015/02/05 21:24:52.602 收到 Head 資訊 {Count 2} {Type C } 
[2328] 2015/02/05 21:24:52.603 收到 Head 資訊 {Count 2} {Type C } 
[2328] 2015/02/05 21:24:52.605 收到 Head 資訊 {Count 2} {Type C } 
[2328] 2015/02/05 21:24:52.606 收到 Head 資訊 {Count 2} {Type C } 
[2328] 2015/02/05 21:24:52.607 收到 Head 資訊 {Count 2} {Type C } 
[2328] 2015/02/05 21:24:52.609 收到 Head 資訊 {Count 2} {Type C } 
[2328] 2015/02/05 21:24:52.610 收到 Head 資訊 {Count 2} {Type C } 
[2328] 2015/02/05 21:24:52.611 收到 Head 資訊 {Count 2} {Type C } 
[2328] 2015/02/05 21:24:52.612 收到 Head 資訊 {Count 2} {Type C } 
[2328] 2015/02/05 21:24:52.614 收到 Head 資訊 {Count 2} {Type C } 
[2328] 2015/02/05 21:24:52.615 收到 Head 資訊 {Count 2} {Type C } 
[2328] 2015/02/05 21:24:52.616 收到 Head 資訊 {Count 2} {Type C } 
[2328] 2015/02/05 21:24:52.617 收到 Head 資訊 {Count 2} {Type C } 
[2328] 2015/02/05 21:24:52.619 收到 Head 資訊 {Count 2} {Type C } 
[2328] 2015/02/05 21:24:52.620 收到 Head 資訊 {Count 2} {Type C } 
[2328] 2015/02/05 21:24:52.621 收到 Head 資訊 {Count 2} {Type C } 
[2328] 2015/02/05 21:24:52.622 收到 Head 資訊 {Count 2} {Type C } 
[2328] 2015/02/05 21:24:52.624 收到 Head 資訊 {Count 2} {Type C } 
[2328] 2015/02/05 21:24:52.625 收到 Head 資訊 {Count 2} {Type C } 
[2328] 2015/02/05 21:24:52.626 收到 Head 資訊 {Count 2} {Type C } 
[2328] 2015/02/05 21:24:52.627 收到 Head 資訊 {Count 2} {Type C } 
[2328] 2015/02/05 21:24:52.628 收到 Head 資訊 {Count 2} {Type C } 
[2328] 2015/02/05 21:24:52.630 收到 Head 資訊 {Count 2} {Type C } 
[2328] 2015/02/05 21:24:52.631 收到 Head 資訊 {Count 2} {Type C } 
[2328] 2015/02/05 21:24:52.632 收到 Head 資訊 {Count 2} {Type C } 
[2328] 2015/02/05 21:24:52.634 收到 Head 資訊 {Count 2} {Type C } 
[2328] 2015/02/05 21:24:52.635 收到 Head 資訊 {Count 2} {Type C } 
[2328] 2015/02/05 21:24:52.636 收到 Head 資訊 {Count 2} {Type C } 
[2328] 2015/02/05 21:24:52.637 收到 Head 資訊 {Count 2} {Type C } 
[2328] 2015/02/05 21:24:52.639 收到 Head 資訊 {Count 2} {Type C } 
[2328] 2015/02/05 21:24:52.640 收到 Head 資訊 {Count 2} {Type C } 
[2328] 2015/02/05 21:24:52.641 收到 Head 資訊 {Count 2} {Type C } 
[2328] 2015/02/05 21:24:52.642 收到 Head 資訊 {Count 2} {Type C } 
[2328] 2015/02/05 21:24:52.643 收到 Head 資訊 {Count 2} {Type C } 
[2328] 2015/02/05 21:24:52.645 收到 Head 資訊 {Count 2} {Type C } 
[2328] 2015/02/05 21:24:52.646 收到 Head 資訊 {Count 2} {Type C } 
[2328] 2015/02/05 21:24:52.647 收到 Head 資訊 {Count 2} {Type C } 
[2328] 2015/02/05 21:24:52.648 收到 Head 資訊 {Count 2} {Type C } 
[2328] 2015/02/05 21:24:52.649 收到 Head 資訊 {Count 2} {Type C } 
[2328] 2015/02/05 21:24:52.651 收到 Head 資訊 {Count 2} {Type C } 
[2328] 2015/02/05 21:24:52.652 收到 Head 資訊 {Count 2} {Type C } 
[2328] 2015/02/05 21:24:52.653 收到 Head 資訊 {Count 2} {Type C } 
[2328] 2015/02/05 21:24:52.654 收到 Head 資訊 {Count 2} {Type C } 
[2328] 2015/02/05 21:24:52.656 收到 Head 資訊 {Count 2} {Type C } 
[2328] 2015/02/05 21:24:52.657 收到 Head 資訊 {Count 2} {Type C } 
[2328] 2015/02/05 21:24:52.658 收到 Head 資訊 {Count 2} {Type C } 
[2328] 2015/02/05 21:24:52.659 收到 Head 資訊 {Count 2} {Type C } 
[2328] 2015/02/05 21:24:52.661 收到 Head 資訊 {Count 2} {Type C } 
[2328] 2015/02/05 21:24:52.662 收到 Head 資訊 {Count 2} {Type C } 
[2328] 2015/02/05 21:24:52.663 收到 Head 資訊 {Count 2} {Type C } 
[2328] 2015/02/05 21:24:52.664 收到 Head 資訊 {Count 2} {Type C } 
[2328] 2015/02/05 21:24:52.665 收到 Head 資訊 {Count 2} {Type C } 
[2328] 2015/02/05 21:24:52.667 收到 Head 資訊 {Count 2} {Type C } 
[2328] 2015/02/05 21:24:52.668 收到 Head 資訊 {Count 2} {Type C } 
[2328] 2015/02/05 21:24:52.669 收到 Head 資訊 {Count 2} {Type C } 
[2328] 2015/02/05 21:24:52.670 收到 Head 資訊 {Count 2} {Type C } 
[2328] 2015/02/05 21:24:52.672 收到 Head 資訊 {Count 2} {Type C } 
[2328] 2015/02/05 21:24:52.673 收到 Head 資訊 {Count 2} {Type C } 
[2328] 2015/02/05 21:24:52.674 收到 Head 資訊 {Count 2} {Type C } 
[2328] 2015/02/05 21:24:52.675 收到 Head 資訊 {Count 2} {Type C } 
[2328] 2015/02/05 21:24:52.677 收到 Head 資訊 {Count 2} {Type C } 
[2328] 2015/02/05 21:24:52.678 收到 Head 資訊 {Count 2} {Type C } 
[2328] 2015/02/05 21:24:52.680 收到 Head 資訊 {Count 2} {Type C } 
[2328] 2015/02/05 21:24:52.681 收到 Head 資訊 {Count 2} {Type C } 
[2328] 2015/02/05 21:24:52.682 收到 Head 資訊 {Count 2} {Type C } 
[2328] 2015/02/05 21:24:52.684 收到 Head 資訊 {Count 2} {Type C } 
[2328] 2015/02/05 21:24:52.685 收到 Head 資訊 {Count 2} {Type C } 
[2328] 2015/02/05 21:24:52.686 收到 Head 資訊 {Count 2} {Type C } 
[2328] 2015/02/05 21:24:52.688 收到 Head 資訊 {Count 2} {Type C } 
[2328] 2015/02/05 21:24:52.689 收到 Head 資訊 {Count 2} {Type C } 
[2328] 2015/02/05 21:24:52.690 收到 Head 資訊 {Count 2} {Type C } 
[2328] 2015/02/05 21:24:52.691 收到 Head 資訊 {Count 2} {Type C } 
[2328] 2015/02/05 21:24:52.693 收到 Head 資訊 {Count 2} {Type C } 
[2328] 2015/02/05 21:24:52.694 收到 Head 資訊 {Count 2} {Type C } 
[2328] 2015/02/05 21:24:52.695 收到 Head 資訊 {Count 2} {Type C } 
[2328] 2015/02/05 21:24:52.697 收到 Head 資訊 {Count 2} {Type C } 
[2328] 2015/02/05 21:24:52.698 收到 Head 資訊 {Count 2} {Type C } 
[2328] 2015/02/05 21:24:52.699 收到 Head 資訊 {Count 2} {Type C } 
[2328] 2015/02/05 21:24:52.701 收到 Head 資訊 {Count 2} {Type C } 
[2328] 2015/02/05 21:24:52.702 收到 Head 資訊 {Count 2} {Type C } 
[2328] 2015/02/05 21:24:52.703 收到 Head 資訊 {Count 2} {Type C } 
[2328] 2015/02/05 21:24:52.705 收到 Head 資訊 {Count 2} {Type C } 
[2328] 2015/02/05 21:24:52.706 收到 Head 資訊 {Count 2} {Type C } 
[2328] 2015/02/05 21:24:52.707 收到 Head 資訊 {Count 2} {Type C } 
[2328] 2015/02/05 21:24:52.708 收到 Head 資訊 {Count 2} {Type C } 
[2328] 2015/02/05 21:24:52.710 收到 Head 資訊 {Count 2} {Type C } 
[2328] 2015/02/05 21:24:52.711 收到 Head 資訊 {Count 2} {Type C } 
[2328] 2015/02/05 21:24:52.712 收到 Head 資訊 {Count 2} {Type C } 
[2328] 2015/02/05 21:24:52.714 收到 Head 資訊 {Count 2} {Type C } 
[2328] 2015/02/05 21:24:52.715 收到 Head 資訊 {Count 2} {Type C } 
[2328] 2015/02/05 21:24:52.716 收到 Head 資訊 {Count 2} {Type C } 
[2328] 2015/02/05 21:24:52.718 收到 Head 資訊 {Count 2} {Type C } 
[2328] 2015/02/05 21:24:52.719 收到 Head 資訊 {Count 2} {Type C } 
[2328] 2015/02/05 21:24:52.720 收到 Head 資訊 {Count 2} {Type C } 
[2328] 2015/02/05 21:24:52.722 收到 Head 資訊 {Count 2} {Type C } 
[2328] 2015/02/05 21:24:52.723 收到 Head 資訊 {Count 2} {Type C } 
[2328] 2015/02/05 21:24:52.724 收到 Head 資訊 {Count 2} {Type C } 
[2328] 2015/02/05 21:24:52.725 收到 Head 資訊 {Count 2} {Type C } 
[2328] 2015/02/05 21:24:52.727 收到 Head 資訊 {Count 2} {Type C } 
[2328] 2015/02/05 21:24:52.728 收到 Head 資訊 {Count 2} {Type C } 
[2328] 2015/02/05 21:24:52.729 收到 Head 資訊 {Count 2} {Type C } 
[2328] 2015/02/05 21:24:52.731 收到 Head 資訊 {Count 2} {Type C } 
[2328] 2015/02/05 21:24:52.732 收到 Head 資訊 {Count 2} {Type C } 
[2328] 2015/02/05 21:24:52.733 收到 Head 資訊 {Count 2} {Type C } 
[2328] 2015/02/05 21:24:52.735 收到 Head 資訊 {Count 2} {Type C } 
[2328] 2015/02/05 21:24:52.736 收到 Head 資訊 {Count 2} {Type C } 
[2328] 2015/02/05 21:24:52.737 收到 Head 資訊 {Count 2} {Type C } 
[2328] 2015/02/05 21:24:52.738 收到 Head 資訊 {Count 2} {Type C } 
[2328] 2015/02/05 21:24:52.740 收到 Head 資訊 {Count 2} {Type C } 
[2328] 2015/02/05 21:24:52.741 收到 Head 資訊 {Count 2} {Type C } 
[2328] 2015/02/05 21:24:52.743 收到 Head 資訊 {Count 2} {Type C } 
[2328] 2015/02/05 21:24:52.744 收到 Head 資訊 {Count 2} {Type C } 
[2328] 2015/02/05 21:24:52.745 收到 Head 資訊 {Count 2} {Type C } 
[2328] 2015/02/05 21:24:52.747 收到 Head 資訊 {Count 2} {Type C } 
[2328] 2015/02/05 21:24:52.748 收到 Head 資訊 {Count 2} {Type C } 
[2328] 2015/02/05 21:24:52.749 收到 Head 資訊 {Count 2} {Type C } 
[2328] 2015/02/05 21:24:52.751 收到 Head 資訊 {Count 2} {Type C } 
[2328] 2015/02/05 21:24:52.752 收到 Head 資訊 {Count 2} {Type C } 
[2328] 2015/02/05 21:24:52.753 收到 Head 資訊 {Count 2} {Type C } 
[2328] 2015/02/05 21:24:52.755 收到 Head 資訊 {Count 2} {Type C } 
[2328] 2015/02/05 21:24:52.756 收到 Head 資訊 {Count 2} {Type C } 
[2328] 2015/02/05 21:24:52.757 收到 Head 資訊 {Count 2} {Type C } 
[2328] 2015/02/05 21:24:52.759 收到 Head 資訊 {Count 2} {Type C } 
[2328] 2015/02/05 21:24:52.760 收到 Head 資訊 {Count 2} {Type C } 
[2328] 2015/02/05 21:24:52.761 收到 Head 資訊 {Count 2} {Type C } 
[2328] 2015/02/05 21:24:52.763 收到 Head 資訊 {Count 2} {Type C } 
[2328] 2015/02/05 21:24:52.764 收到 Head 資訊 {Count 2} {Type C } 
[2328] 2015/02/05 21:24:52.765 收到 Head 資訊 {Count 2} {Type C } 
[2328] 2015/02/05 21:24:52.767 收到 Head 資訊 {Count 2} {Type C } 
[2328] 2015/02/05 21:24:52.768 收到 Head 資訊 {Count 2} {Type C } 
[2328] 2015/02/05 21:24:52.769 收到 Head 資訊 {Count 2} {Type C } 
[2328] 2015/02/05 21:24:52.770 收到 Head 資訊 {Count 2} {Type C } 
[2328] 2015/02/05 21:24:52.772 收到 Head 資訊 {Count 2} {Type C } 
[2328] 2015/02/05 21:24:52.773 收到 Head 資訊 {Count 2} {Type C } 
[2328] 2015/02/05 21:24:52.774 收到 Head 資訊 {Count 2} {Type C } 
[2328] 2015/02/05 21:24:52.776 收到 Head 資訊 {Count 2} {Type C } 
[2328] 2015/02/05 21:24:52.777 收到 Head 資訊 {Count 2} {Type C } 
[2328] 2015/02/05 21:24:52.778 收到 Head 資訊 {Count 2} {Type C } 
[2328] 2015/02/05 21:24:52.780 收到 Head 資訊 {Count 2} {Type C } 
[2328] 2015/02/05 21:24:52.781 收到 Head 資訊 {Count 2} {Type C } 
[2328] 2015/02/05 21:24:52.782 收到 Head 資訊 {Count 2} {Type C } 
[2328] 2015/02/05 21:24:52.784 收到 Head 資訊 {Count 2} {Type C } 
[2328] 2015/02/05 21:24:52.785 收到 Head 資訊 {Count 2} {Type C } 
[2328] 2015/02/05 21:24:52.786 收到 Head 資訊 {Count 2} {Type C } 
[2328] 2015/02/05 21:24:52.787 收到 Head 資訊 {Count 2} {Type C } 
[2328] 2015/02/05 21:24:52.789 收到 Head 資訊 {Count 2} {Type C } 
[2328] 2015/02/05 21:24:52.790 收到 Head 資訊 {Count 2} {Type C } 
[2328] 2015/02/05 21:24:52.791 收到 Head 資訊 {Count 2} {Type C } 
[2328] 2015/02/05 21:24:52.793 收到 Head 資訊 {Count 2} {Type C } 
[2328] 2015/02/05 21:24:52.794 收到 Head 資訊 {Count 2} {Type C } 
[2328] 2015/02/05 21:24:52.795 收到 Head 資訊 {Count 2} {Type C } 
[2328] 2015/02/05 21:24:52.797 收到 Head 資訊 {Count 2} {Type C } 
[2328] 2015/02/05 21:24:52.798 收到 Head 資訊 {Count 2} {Type C } 
[2328] 2015/02/05 21:24:52.799 收到 Head 資訊 {Count 2} {Type C } 
[2328] 2015/02/05 21:24:52.801 收到 Head 資訊 {Count 2} {Type C } 
[2328] 2015/02/05 21:24:52.802 收到 Head 資訊 {Count 2} {Type C } 
[2328] 2015/02/05 21:24:52.803 收到 Head 資訊 {Count 2} {Type C } 
[2328] 2015/02/05 21:24:52.805 收到 Head 資訊 {Count 2} {Type C } 
[2328] 2015/02/05 21:24:52.806 收到 Head 資訊 {Count 2} {Type C } 
[2328] 2015/02/05 21:24:52.807 收到 Head 資訊 {Count 2} {Type C } 
[2328] 2015/02/05 21:24:52.809 收到 Head 資訊 {Count 2} {Type C } 
[2328] 2015/02/05 21:24:52.810 收到 Head 資訊 {Count 2} {Type C } 
[2328] 2015/02/05 21:24:52.811 收到 Head 資訊 {Count 2} {Type C } 
[2328] 2015/02/05 21:24:52.813 收到 Head 資訊 {Count 2} {Type C } 
[2328] 2015/02/05 21:24:52.814 收到 Head 資訊 {Count 2} {Type C } 
[2328] 2015/02/05 21:24:52.815 收到 Head 資訊 {Count 2} {Type C } 
[2328] 2015/02/05 21:24:52.817 收到 Head 資訊 {Count 2} {Type C } 
[2328] 2015/02/05 21:24:52.818 收到 Head 資訊 {Count 2} {Type C } 
[2328] 2015/02/05 21:24:52.819 收到 Head 資訊 {Count 2} {Type C } 
[2328] 2015/02/05 21:24:52.820 收到 Head 資訊 {Count 2} {Type C } 
[2328] 2015/02/05 21:24:52.822 收到 Head 資訊 {Count 2} {Type C } 
[2328] 2015/02/05 21:24:52.823 收到 Head 資訊 {Count 2} {Type C } 
[2328] 2015/02/05 21:24:52.824 收到 Head 資訊 {Count 2} {Type C } 
[2328] 2015/02/05 21:24:52.826 收到 Head 資訊 {Count 2} {Type C } 
[2328] 2015/02/05 21:24:52.827 收到 Head 資訊 {Count 2} {Type C } 
[2328] 2015/02/05 21:24:52.828 收到 Head 資訊 {Count 2} {Type C } 
[2328] 2015/02/05 21:24:52.830 收到 Head 資訊 {Count 2} {Type C } 
[2328] 2015/02/05 21:24:52.831 收到 Head 資訊 {Count 2} {Type C } 
[2328] 2015/02/05 21:24:52.832 收到 Head 資訊 {Count 2} {Type C } 
[2328] 2015/02/05 21:24:52.834 收到 Head 資訊 {Count 2} {Type C } 
[2328] 2015/02/05 21:24:52.835 收到 Head 資訊 {Count 2} {Type C } 
[2328] 2015/02/05 21:24:52.836 收到 Head 資訊 {Count 2} {Type C } 
[2328] 2015/02/05 21:24:52.838 收到 Head 資訊 {Count 2} {Type C } 
[2328] 2015/02/05 21:24:52.839 收到 Head 資訊 {Count 2} {Type C } 
[2328] 2015/02/05 21:24:52.840 收到 Head 資訊 {Count 2} {Type C } 
[2328] 2015/02/05 21:24:52.842 收到 Head 資訊 {Count 2} {Type C } 
[2328] 2015/02/05 21:24:52.843 收到 Head 資訊 {Count 2} {Type C } 
[2328] 2015/02/05 21:24:52.844 收到 Head 資訊 {Count 2} {Type C } 
[2328] 2015/02/05 21:24:52.845 收到 Head 資訊 {Count 2} {Type C } 
[2328] 2015/02/05 21:24:52.847 收到 Head 資訊 {Count 2} {Type C } 
[2328] 2015/02/05 21:24:52.848 收到 Head 資訊 {Count 2} {Type C } 
[2328] 2015/02/05 21:24:52.849 收到 Head 資訊 {Count 2} {Type C } 
[2328] 2015/02/05 21:24:52.851 收到 Head 資訊 {Count 2} {Type C } 
[2328] 2015/02/05 21:24:52.852 收到 Head 資訊 {Count 2} {Type C } 
[2328] 2015/02/05 21:24:52.853 收到 Head 資訊 {Count 2} {Type C } 
[2328] 2015/02/05 21:24:52.855 收到 Head 資訊 {Count 2} {Type C } 
[2328] 2015/02/05 21:24:52.856 收到 Head 資訊 {Count 2} {Type C } 
[2328] 2015/02/05 21:24:52.857 收到 Head 資訊 {Count 2} {Type C } 
[2328] 2015/02/05 21:24:52.859 收到 Head 資訊 {Count 2} {Type C } 
[2328] 2015/02/05 21:24:52.860 收到 Head 資訊 {Count 2} {Type C } 
[2328] 2015/02/05 21:24:52.861 收到 Head 資訊 {Count 2} {Type C } 
[2328] 2015/02/05 21:24:52.863 收到 Head 資訊 {Count 2} {Type C } 
[2328] 2015/02/05 21:24:52.864 收到 Head 資訊 {Count 2} {Type C } 
[2328] 2015/02/05 21:24:52.865 收到 Head 資訊 {Count 2} {Type C } 
[2328] 2015/02/05 21:24:52.866 收到 Head 資訊 {Count 2} {Type C } 
[2328] 2015/02/05 21:24:52.868 收到 Head 資訊 {Count 2} {Type C } 
[2328] 2015/02/05 21:24:52.869 收到 Head 資訊 {Count 2} {Type C } 
[2328] 2015/02/05 21:24:52.870 收到 Head 資訊 {Count 2} {Type C } 
[2328] 2015/02/05 21:24:52.872 收到 Head 資訊 {Count 2} {Type C } 
[2328] 2015/02/05 21:24:52.881 收到 Head 資訊 {Count 2} {Type C } 
[2328] 2015/02/05 21:24:52.882 收到 Head 資訊 {Count 2} {Type C } 
[2328] 2015/02/05 21:24:52.883 收到 Head 資訊 {Count 2} {Type C } 
[2328] 2015/02/05 21:24:52.885 收到 Head 資訊 {Count 2} {Type C } 
[2328] 2015/02/05 21:24:52.886 收到 Head 資訊 {Count 2} {Type C } 
[2328] 2015/02/05 21:24:52.887 收到 Head 資訊 {Count 2} {Type C } 
[2328] 2015/02/05 21:24:52.889 收到 Head 資訊 {Count 2} {Type C } 
[2328] 2015/02/05 21:24:52.890 收到 Head 資訊 {Count 2} {Type C } 
[2328] 2015/02/05 21:24:52.891 收到 Head 資訊 {Count 2} {Type C } 
[2328] 2015/02/05 21:24:52.893 收到 Head 資訊 {Count 2} {Type C } 
[2328] 2015/02/05 21:24:52.894 收到 Head 資訊 {Count 2} {Type C } 
[2328] 2015/02/05 21:24:52.895 收到 Head 資訊 {Count 2} {Type C } 
[2328] 2015/02/05 21:24:52.896 收到 Head 資訊 {Count 2} {Type C } 
[2328] 2015/02/05 21:24:52.898 收到 Head 資訊 {Count 2} {Type C } 
[2328] 2015/02/05 21:24:52.899 收到 Head 資訊 {Count 2} {Type C } 
[2328] 2015/02/05 21:24:52.900 收到 Head 資訊 {Count 2} {Type C } 
[2328] 2015/02/05 21:24:52.902 收到 Head 資訊 {Count 2} {Type C } 
[2328] 2015/02/05 21:24:52.903 收到 Head 資訊 {Count 2} {Type C } 
[2328] 2015/02/05 21:24:52.904 收到 Head 資訊 {Count 2} {Type C } 
[2328] 2015/02/05 21:24:52.906 收到 Head 資訊 {Count 2} {Type C } 
[2328] 2015/02/05 21:24:52.907 收到 Head 資訊 {Count 2} {Type C } 
[2328] 2015/02/05 21:24:52.908 收到 Head 資訊 {Count 2} {Type C } 
[2328] 2015/02/05 21:24:52.910 收到 Head 資訊 {Count 2} {Type C } 
[2328] 2015/02/05 21:24:52.911 收到 Head 資訊 {Count 2} {Type C } 
[2328] 2015/02/05 21:24:52.912 收到 Head 資訊 {Count 2} {Type C } 
[2328] 2015/02/05 21:24:52.913 收到 Head 資訊 {Count 2} {Type C } 
[2328] 2015/02/05 21:24:52.915 收到 Head 資訊 {Count 2} {Type C } 
[2328] 2015/02/05 21:24:52.916 收到 Head 資訊 {Count 2} {Type C } 
[2328] 2015/02/05 21:24:52.917 收到 Head 資訊 {Count 2} {Type C } 
[2328] 2015/02/05 21:24:52.919 收到 Head 資訊 {Count 2} {Type C } 
[2328] 2015/02/05 21:24:52.920 收到 Head 資訊 {Count 2} {Type C } 
[2328] 2015/02/05 21:24:52.921 收到 Head 資訊 {Count 2} {Type C } 
[2328] 2015/02/05 21:24:52.923 收到 Head 資訊 {Count 2} {Type C } 
[2328] 2015/02/05 21:24:52.924 收到 Head 資訊 {Count 2} {Type B } 
[2328] 2015/02/05 21:25:51.317 連線確認 E122828927 (21,21)
[2328] 2015/02/05 21:26:51.331 連線確認 E122828927 (21,21)
[2328] 2015/02/05 21:27:51.345 連線確認 E122828927 (21,21)
[2328] 2015/02/05 21:28:51.359 連線確認 E122828927 (21,21)
[2328] 2015/02/05 21:29:51.372 連線確認 E122828927 (21,21)
[2328] 2015/02/05 21:29:53.435 收到 Head 資訊 {Count 2} {Type B } 
[2328] 2015/02/05 21:30:51.385 連線確認 E122828927 (21,21)
[2328] 2015/02/05 21:31:51.400 連線確認 E122828927 (21,21)
[2328] 2015/02/05 21:32:51.412 連線確認 E122828927 (21,21)
[2328] 2015/02/05 21:33:51.426 連線確認 E122828927 (21,21)
[2328] 2015/02/05 21:34:51.440 連線確認 E122828927 (21,21)
[2328] 2015/02/05 21:34:54.470 收到 Head 資訊 {Count 2} {Type B } 
[2328] 2015/02/05 21:35:51.453 連線確認 E122828927 (21,21)
[2328] 2015/02/05 21:36:51.467 連線確認 E122828927 (21,21)
[2328] 2015/02/05 21:37:51.481 連線確認 E122828927 (21,21)
[2328] 2015/02/05 21:38:51.495 連線確認 E122828927 (21,21)
[2328] 2015/02/05 21:39:51.508 連線確認 E122828927 (21,21)
[2328] 2015/02/05 21:39:55.490 收到 Head 資訊 {Count 2} {Type B } 
[2328] 2015/02/05 21:40:51.522 連線確認 E122828927 (21,21)
[2328] 2015/02/05 21:41:51.535 連線確認 E122828927 (21,21)
[2328] 2015/02/05 21:42:51.548 連線確認 E122828927 (21,21)
[2328] 2015/02/05 21:43:51.563 連線確認 E122828927 (21,21)
[2328] 2015/02/05 21:44:51.575 連線確認 E122828927 (21,21)
[2328] 2015/02/05 21:44:56.274 收到 Head 資訊 {Count 2} {Type B } 
[2328] 2015/02/05 21:45:51.589 連線確認 E122828927 (21,21)
[2328] 2015/02/05 21:46:51.603 連線確認 E122828927 (21,21)
[2328] 2015/02/05 21:47:51.616 連線確認 E122828927 (21,21)
[2328] 2015/02/05 21:48:51.630 連線確認 E122828927 (21,21)
[2328] 2015/02/05 21:49:51.644 連線確認 E122828927 (21,21)
[2328] 2015/02/05 21:49:57.266 收到 Head 資訊 {Count 2} {Type B } 
[2328] 2015/02/05 21:50:51.659 連線確認 E122828927 (21,21)
[2328] 2015/02/05 21:51:51.670 連線確認 E122828927 (21,21)
[2328] 2015/02/05 21:52:51.686 連線確認 E122828927 (21,21)
[2328] 2015/02/05 21:53:51.698 連線確認 E122828927 (21,21)
[2328] 2015/02/05 21:54:51.712 連線確認 E122828927 (21,21)
[2328] 2015/02/05 21:54:56.298 收到 Head 資訊 {Count 2} {Type B } 
[2328] 2015/02/05 21:55:51.725 連線確認 E122828927 (21,21)
[2328] 2015/02/05 21:56:51.739 連線確認 E122828927 (21,21)
[2328] 2015/02/05 21:57:51.753 連線確認 E122828927 (21,21)
[2328] 2015/02/05 21:58:51.766 連線確認 E122828927 (21,21)
[2328] 2015/02/05 21:59:51.780 連線確認 E122828927 (21,21)
[2328] 2015/02/05 21:59:57.647 收到 Head 資訊 {Count 2} {Type B } 
[2328] 2015/02/05 22:00:51.793 連線確認 E122828927 (21,21)
[2328] 2015/02/05 22:01:51.807 連線確認 E122828927 (21,21)
[2328] 2015/02/05 22:02:51.821 連線確認 E122828927 (21,21)
[2328] 2015/02/05 22:03:51.833 連線確認 E122828927 (21,21)
[2328] 2015/02/05 22:04:51.847 連線確認 E122828927 (21,21)
[2328] 2015/02/05 22:04:58.692 收到 Head 資訊 {Count 2} {Type B } 
[2328] 2015/02/05 22:05:51.861 連線確認 E122828927 (21,21)
[2328] 2015/02/05 22:06:51.875 連線確認 E122828927 (21,21)
[2328] 2015/02/05 22:07:51.888 連線確認 E122828927 (21,21)
[2328] 2015/02/05 22:08:51.902 連線確認 E122828927 (21,21)
[2328] 2015/02/05 22:09:51.916 連線確認 E122828927 (21,21)
[2328] 2015/02/05 22:09:59.678 收到 Head 資訊 {Count 2} {Type B } 
[2328] 2015/02/05 22:10:51.929 連線確認 E122828927 (21,21)
[2328] 2015/02/05 22:11:15.273 API ExitInstance 
