[4196] 2015/02/08 08:57:27.803 SKOrderLib ª©¥» 2.1.22
[4196] 2015/02/08 08:57:27.806 Login ID: E122828927
[4196] 2015/02/08 08:57:28.565 CALL SKOrderLib_ReadCertByID(E122828927)
[4196] 2015/02/08 08:57:28.749 CALL RegisterOnAccountCallBack()
[4196] 2015/02/08 08:57:28.751 CALL GetUserAccount()
[4196] 2015/02/08 08:57:28.753 TS,918J,918J,0456453,E122828927,±d§Óºú,0,0
[4196] 2015/02/08 08:57:28.755 TF,F020000,B17,1709003,E122828927,±d§Óºú,0,0
[4196] 2015/02/08 08:57:28.757 OF,F020000,000,1709003,E122828927,±d§Óºú,0,0
[4196] 2015/02/08 08:57:28.760 CALL RegisterOnOrderAsyncReportCallBack()
[4196] 2015/02/08 08:57:28.763 CALL RegisterOnExecutionReportCallBack()
[4196] 2015/02/08 08:57:29.255 CALL RegisterOnOverseaFutureOpenInterestCallBack()
[4196] 2015/02/08 08:57:29.257 CALL GetOverseaFutureOpenInterest(F0200001709003)
[2192] 2015/02/08 08:58:42.949 SKOrderLib ª©¥» 2.1.22
[2192] 2015/02/08 08:58:42.952 Login ID: E122828927
[2192] 2015/02/08 08:58:43.644 CALL SKOrderLib_ReadCertByID(E122828927)
[2192] 2015/02/08 08:58:43.789 CALL RegisterOnAccountCallBack()
[2192] 2015/02/08 08:58:43.791 CALL GetUserAccount()
[2192] 2015/02/08 08:58:43.792 TS,918J,918J,0456453,E122828927,±d§Óºú,0,0
[2192] 2015/02/08 08:58:43.794 TF,F020000,B17,1709003,E122828927,±d§Óºú,0,0
[2192] 2015/02/08 08:58:43.796 OF,F020000,000,1709003,E122828927,±d§Óºú,0,0
[2192] 2015/02/08 08:58:43.799 CALL RegisterOnOrderAsyncReportCallBack()
[2192] 2015/02/08 08:58:43.801 CALL RegisterOnExecutionReportCallBack()
[2192] 2015/02/08 08:58:44.137 CALL RegisterOnOverseaFutureOpenInterestCallBack()
[2192] 2015/02/08 08:58:44.139 CALL GetOverseaFutureOpenInterest(F0200001709003)
