[4584] 2015/02/08 08:44:35.151 API InitInstance 
[4584] 2015/02/08 08:44:35.156 SKOSQuoteLib_Initialize  ID：E122828927
[4584] 2015/02/08 08:44:35.157 SKOSQuoteLib_Initialize  Server：https://order2.capital.com.tw/
[4584] 2015/02/08 08:44:36.305 SKOSQuoteLib_AttachConnectCallBack
[4584] 2015/02/08 08:44:36.307 SKOSQuoteLib_AttachQuoteCallBack
[4584] 2015/02/08 08:44:36.309 SKOSQuoteLib_AttachTicksCallBack
[4584] 2015/02/08 08:44:36.311 SKOSQuoteLib_AttachBest5CallBack
[4584] 2015/02/08 08:44:36.313 SKOSQuoteLib_AttachServerTimeCallBack
[4584] 2015/02/08 08:44:36.316 SKOSQuoteLib_AttachHistoryTicksGetCallBack
[4584] 2015/02/08 08:44:40.418 SKOSQuoteLib_EnterMonitor(0)
[4584] 2015/02/08 08:44:40.420 Connect FORT03.capital.com.tw 443
[2920] 2015/02/08 08:44:43.494 API InitInstance 
[2920] 2015/02/08 08:44:44.669 SKOSQuoteLib_RequestServerTime   SK_ERROR_INITIALIZE_FAIL 
[2920] 2015/02/08 08:44:58.982 SKOSQuoteLib_RequestServerTime   SK_ERROR_INITIALIZE_FAIL 
[4880] 2015/02/08 08:51:00.987 API InitInstance 
[4880] 2015/02/08 08:51:00.989 SKOSQuoteLib_RequestServerTime   SK_ERROR_INITIALIZE_FAIL 
[1088] 2015/02/08 08:51:00.996 API InitInstance 
[1088] 2015/02/08 08:51:00.998 SKOSQuoteLib_RequestServerTime   SK_ERROR_INITIALIZE_FAIL 
[4880] 2015/02/08 08:51:15.957 SKOSQuoteLib_RequestServerTime   SK_ERROR_INITIALIZE_FAIL 
[1088] 2015/02/08 08:51:15.973 SKOSQuoteLib_RequestServerTime   SK_ERROR_INITIALIZE_FAIL 
[4880] 2015/02/08 08:51:30.966 SKOSQuoteLib_RequestServerTime   SK_ERROR_INITIALIZE_FAIL 
[1088] 2015/02/08 08:51:30.982 SKOSQuoteLib_RequestServerTime   SK_ERROR_INITIALIZE_FAIL 
[4880] 2015/02/08 08:51:45.979 SKOSQuoteLib_RequestServerTime   SK_ERROR_INITIALIZE_FAIL 
[1088] 2015/02/08 08:51:45.987 SKOSQuoteLib_RequestServerTime   SK_ERROR_INITIALIZE_FAIL 
[4880] 2015/02/08 08:52:00.980 SKOSQuoteLib_RequestServerTime   SK_ERROR_INITIALIZE_FAIL 
[1088] 2015/02/08 08:52:00.998 SKOSQuoteLib_RequestServerTime   SK_ERROR_INITIALIZE_FAIL 
[4880] 2015/02/08 08:52:15.985 SKOSQuoteLib_RequestServerTime   SK_ERROR_INITIALIZE_FAIL 
[1088] 2015/02/08 08:52:16.001 SKOSQuoteLib_RequestServerTime   SK_ERROR_INITIALIZE_FAIL 
[4880] 2015/02/08 08:52:30.993 SKOSQuoteLib_RequestServerTime   SK_ERROR_INITIALIZE_FAIL 
[1088] 2015/02/08 08:52:31.009 SKOSQuoteLib_RequestServerTime   SK_ERROR_INITIALIZE_FAIL 
[4880] 2015/02/08 08:52:46.006 SKOSQuoteLib_RequestServerTime   SK_ERROR_INITIALIZE_FAIL 
[1088] 2015/02/08 08:52:46.024 SKOSQuoteLib_RequestServerTime   SK_ERROR_INITIALIZE_FAIL 
[4880] 2015/02/08 08:53:01.009 SKOSQuoteLib_RequestServerTime   SK_ERROR_INITIALIZE_FAIL 
[1088] 2015/02/08 08:53:01.025 SKOSQuoteLib_RequestServerTime   SK_ERROR_INITIALIZE_FAIL 
[4880] 2015/02/08 08:53:16.018 SKOSQuoteLib_RequestServerTime   SK_ERROR_INITIALIZE_FAIL 
[1088] 2015/02/08 08:53:16.034 SKOSQuoteLib_RequestServerTime   SK_ERROR_INITIALIZE_FAIL 
[4880] 2015/02/08 08:53:31.024 SKOSQuoteLib_RequestServerTime   SK_ERROR_INITIALIZE_FAIL 
[1088] 2015/02/08 08:53:31.038 SKOSQuoteLib_RequestServerTime   SK_ERROR_INITIALIZE_FAIL 
[4880] 2015/02/08 08:53:46.031 SKOSQuoteLib_RequestServerTime   SK_ERROR_INITIALIZE_FAIL 
[1088] 2015/02/08 08:53:46.047 SKOSQuoteLib_RequestServerTime   SK_ERROR_INITIALIZE_FAIL 
[4880] 2015/02/08 08:54:01.039 SKOSQuoteLib_RequestServerTime   SK_ERROR_INITIALIZE_FAIL 
[1088] 2015/02/08 08:54:01.055 SKOSQuoteLib_RequestServerTime   SK_ERROR_INITIALIZE_FAIL 
[4880] 2015/02/08 08:54:16.045 SKOSQuoteLib_RequestServerTime   SK_ERROR_INITIALIZE_FAIL 
[1088] 2015/02/08 08:54:16.061 SKOSQuoteLib_RequestServerTime   SK_ERROR_INITIALIZE_FAIL 
[4880] 2015/02/08 08:54:31.052 SKOSQuoteLib_RequestServerTime   SK_ERROR_INITIALIZE_FAIL 
[1088] 2015/02/08 08:54:31.070 SKOSQuoteLib_RequestServerTime   SK_ERROR_INITIALIZE_FAIL 
[4880] 2015/02/08 08:54:46.059 SKOSQuoteLib_RequestServerTime   SK_ERROR_INITIALIZE_FAIL 
[1088] 2015/02/08 08:54:46.075 SKOSQuoteLib_RequestServerTime   SK_ERROR_INITIALIZE_FAIL 
[4880] 2015/02/08 08:55:01.068 SKOSQuoteLib_RequestServerTime   SK_ERROR_INITIALIZE_FAIL 
[1088] 2015/02/08 08:55:01.084 SKOSQuoteLib_RequestServerTime   SK_ERROR_INITIALIZE_FAIL 
[4880] 2015/02/08 08:55:16.074 SKOSQuoteLib_RequestServerTime   SK_ERROR_INITIALIZE_FAIL 
[1088] 2015/02/08 08:55:16.092 SKOSQuoteLib_RequestServerTime   SK_ERROR_INITIALIZE_FAIL 
[4880] 2015/02/08 08:55:31.087 SKOSQuoteLib_RequestServerTime   SK_ERROR_INITIALIZE_FAIL 
[1088] 2015/02/08 08:55:31.103 SKOSQuoteLib_RequestServerTime   SK_ERROR_INITIALIZE_FAIL 
[4880] 2015/02/08 08:55:46.090 SKOSQuoteLib_RequestServerTime   SK_ERROR_INITIALIZE_FAIL 
[1088] 2015/02/08 08:55:46.106 SKOSQuoteLib_RequestServerTime   SK_ERROR_INITIALIZE_FAIL 
[4880] 2015/02/08 08:56:01.096 SKOSQuoteLib_RequestServerTime   SK_ERROR_INITIALIZE_FAIL 
[1088] 2015/02/08 08:56:01.112 SKOSQuoteLib_RequestServerTime   SK_ERROR_INITIALIZE_FAIL 
[4880] 2015/02/08 08:56:16.109 SKOSQuoteLib_RequestServerTime   SK_ERROR_INITIALIZE_FAIL 
[1088] 2015/02/08 08:56:16.118 SKOSQuoteLib_RequestServerTime   SK_ERROR_INITIALIZE_FAIL 
[4880] 2015/02/08 08:56:31.117 SKOSQuoteLib_RequestServerTime   SK_ERROR_INITIALIZE_FAIL 
[1088] 2015/02/08 08:56:31.125 SKOSQuoteLib_RequestServerTime   SK_ERROR_INITIALIZE_FAIL 
[4880] 2015/02/08 08:56:46.125 SKOSQuoteLib_RequestServerTime   SK_ERROR_INITIALIZE_FAIL 
[1088] 2015/02/08 08:56:46.133 SKOSQuoteLib_RequestServerTime   SK_ERROR_INITIALIZE_FAIL 
[1088] 2015/02/08 08:56:59.059 SKOSQuoteLib_Initialize  ID：E122828927
[1088] 2015/02/08 08:56:59.061 SKOSQuoteLib_Initialize  Server：https://order2.capital.com.tw/
[1088] 2015/02/08 08:56:59.846 SKOSQuoteLib_AttachConnectCallBack
[1088] 2015/02/08 08:56:59.848 SKOSQuoteLib_AttachQuoteCallBack
[1088] 2015/02/08 08:56:59.851 SKOSQuoteLib_AttachTicksCallBack
[1088] 2015/02/08 08:56:59.852 SKOSQuoteLib_AttachBest5CallBack
[1088] 2015/02/08 08:56:59.854 SKOSQuoteLib_AttachServerTimeCallBack
[1088] 2015/02/08 08:56:59.857 SKOSQuoteLib_AttachHistoryTicksGetCallBack
[1088] 2015/02/08 08:56:59.862 SKOSQuoteLib_EnterMonitor(0)
[1088] 2015/02/08 08:56:59.864 Connect FORT09.capital.com.tw 443
[4880] 2015/02/08 08:57:01.128 SKOSQuoteLib_RequestServerTime   SK_ERROR_INITIALIZE_FAIL 
[4880] 2015/02/08 08:57:17.915 SKOSQuoteLib_RequestServerTime   SK_ERROR_INITIALIZE_FAIL 
[2052] 2015/02/08 08:57:34.817 API InitInstance 
[2052] 2015/02/08 08:57:34.821 SKOSQuoteLib_Initialize  ID：E122828927
[2052] 2015/02/08 08:57:34.823 SKOSQuoteLib_Initialize  Server：https://order2.capital.com.tw/
[2052] 2015/02/08 08:57:35.576 SKOSQuoteLib_AttachConnectCallBack
[2052] 2015/02/08 08:57:35.578 SKOSQuoteLib_AttachQuoteCallBack
[2052] 2015/02/08 08:57:35.580 SKOSQuoteLib_AttachTicksCallBack
[2052] 2015/02/08 08:57:35.582 SKOSQuoteLib_AttachBest5CallBack
[2052] 2015/02/08 08:57:35.584 SKOSQuoteLib_AttachServerTimeCallBack
[2052] 2015/02/08 08:57:35.587 SKOSQuoteLib_AttachHistoryTicksGetCallBack
[2052] 2015/02/08 08:57:35.591 SKOSQuoteLib_EnterMonitor(0)
[2052] 2015/02/08 08:57:35.593 Connect FORT13.capital.com.tw 443
[2052] 2015/02/08 08:57:35.723 SK_SUBJECT_CONNECTION_CONNECTED，Code: 0
[4196] 2015/02/08 08:57:38.839 API InitInstance 
[4196] 2015/02/08 08:57:38.841 SKOSQuoteLib_RequestServerTime   SK_ERROR_INITIALIZE_FAIL 
[2052] 2015/02/08 08:57:38.849 SKOSQuoteLib_RequestServerTime()
[4196] 2015/02/08 08:57:53.824 SKOSQuoteLib_RequestServerTime   SK_ERROR_INITIALIZE_FAIL 
[2052] 2015/02/08 08:57:53.855 SKOSQuoteLib_RequestServerTime()
[1348] 2015/02/08 08:58:51.767 API InitInstance 
[1348] 2015/02/08 08:58:51.771 SKOSQuoteLib_Initialize  ID：E122828927
[1348] 2015/02/08 08:58:51.772 SKOSQuoteLib_Initialize  Server：https://order2.capital.com.tw/
[1348] 2015/02/08 08:58:52.494 SKOSQuoteLib_AttachConnectCallBack
[1348] 2015/02/08 08:58:52.497 SKOSQuoteLib_AttachQuoteCallBack
[1348] 2015/02/08 08:58:52.499 SKOSQuoteLib_AttachTicksCallBack
[1348] 2015/02/08 08:58:52.500 SKOSQuoteLib_AttachBest5CallBack
[1348] 2015/02/08 08:58:52.502 SKOSQuoteLib_AttachServerTimeCallBack
[1348] 2015/02/08 08:58:52.505 SKOSQuoteLib_AttachHistoryTicksGetCallBack
[1348] 2015/02/08 08:58:52.509 SKOSQuoteLib_EnterMonitor(0)
[1348] 2015/02/08 08:58:52.511 Connect FORT13.capital.com.tw 443
[1348] 2015/02/08 08:58:52.654 SK_SUBJECT_CONNECTION_CONNECTED，Code: 0
[2192] 2015/02/08 08:58:55.697 API InitInstance 
[1348] 2015/02/08 08:58:55.697 SKOSQuoteLib_RequestServerTime()
[2192] 2015/02/08 08:58:55.698 SKOSQuoteLib_RequestServerTime   SK_ERROR_INITIALIZE_FAIL 
[1348] 2015/02/08 08:59:07.348 SKOSQuoteLib_LeaveMonitor()
[1348] 2015/02/08 08:59:07.350 連線中斷，Code: 10053 , The virtual circuit was terminated due to a time-out or other failure. The application should close the socket as it is no longer usable.
[1348] 2015/02/08 08:59:07.354 SocketDisconnect 斷線CALLBACK通知
[3548] 2015/02/08 09:07:44.616 API InitInstance 
[3548] 2015/02/08 09:07:44.617 SKOSQuoteLib_RequestServerTime   SK_ERROR_INITIALIZE_FAIL 
[4040] 2015/02/08 09:07:44.651 API InitInstance 
[4040] 2015/02/08 09:07:44.653 SKOSQuoteLib_RequestServerTime   SK_ERROR_INITIALIZE_FAIL 
[3548] 2015/02/08 09:07:59.591 SKOSQuoteLib_RequestServerTime   SK_ERROR_INITIALIZE_FAIL 
[4040] 2015/02/08 09:07:59.623 SKOSQuoteLib_RequestServerTime   SK_ERROR_INITIALIZE_FAIL 
