[2824] 2015/02/16 10:45:13.665 SKOrderLib ª©¥» 2.1.22
[2824] 2015/02/16 10:45:13.667 Login ID: E122828927
[2824] 2015/02/16 10:45:14.488 CALL SKOrderLib_ReadCertByID(E122828927)
[2824] 2015/02/16 10:45:14.654 CALL RegisterOnAccountCallBack()
[2824] 2015/02/16 10:45:14.656 CALL GetUserAccount()
[2824] 2015/02/16 10:45:14.657 TS,918J,918J,0456453,E122828927,±d§Óºú,0,0
[2824] 2015/02/16 10:45:14.660 TF,F020000,B17,1709003,E122828927,±d§Óºú,0,0
[2824] 2015/02/16 10:45:14.661 OF,F020000,000,1709003,E122828927,±d§Óºú,0,0
[2824] 2015/02/16 10:45:14.664 CALL RegisterOnOrderAsyncReportCallBack()
[2824] 2015/02/16 10:45:14.668 CALL RegisterOnExecutionReportCallBack()
[6676] 2015/02/16 11:14:15.436 SKOrderLib ª©¥» 2.1.22
[6676] 2015/02/16 11:14:15.440 Login ID: E122828927
[6676] 2015/02/16 11:14:16.260 CALL SKOrderLib_ReadCertByID(E122828927)
[6676] 2015/02/16 11:14:16.429 CALL RegisterOnAccountCallBack()
[6676] 2015/02/16 11:14:16.431 CALL GetUserAccount()
[6676] 2015/02/16 11:14:16.433 TS,918J,918J,0456453,E122828927,±d§Óºú,0,0
[6676] 2015/02/16 11:14:16.435 TF,F020000,B17,1709003,E122828927,±d§Óºú,0,0
[6676] 2015/02/16 11:14:16.437 OF,F020000,000,1709003,E122828927,±d§Óºú,0,0
[6676] 2015/02/16 11:14:16.440 CALL RegisterOnOrderAsyncReportCallBack()
[6676] 2015/02/16 11:14:16.442 CALL RegisterOnExecutionReportCallBack()
[5712] 2015/02/16 11:46:55.184 SKOrderLib ª©¥» 2.1.22
[5712] 2015/02/16 11:46:55.187 Login ID: E122828927
[5712] 2015/02/16 11:46:57.165 CALL SKOrderLib_ReadCertByID(E122828927)
[5712] 2015/02/16 11:46:57.330 CALL RegisterOnAccountCallBack()
[5712] 2015/02/16 11:46:57.332 CALL GetUserAccount()
[5712] 2015/02/16 11:46:57.334 TS,918J,918J,0456453,E122828927,±d§Óºú,0,0
[5712] 2015/02/16 11:46:57.336 TF,F020000,B17,1709003,E122828927,±d§Óºú,0,0
[5712] 2015/02/16 11:46:57.338 OF,F020000,000,1709003,E122828927,±d§Óºú,0,0
[5712] 2015/02/16 11:46:57.340 CALL RegisterOnOrderAsyncReportCallBack()
[5712] 2015/02/16 11:46:57.343 CALL RegisterOnExecutionReportCallBack()
[5712] 2015/02/16 13:05:59.541 CALL SendOverseaFutureOrderAsync(F0200001709003,OSE,JNM,201503,1,2,1,4,0,1,17995,0,0,0)
[5712] 2015/02/16 13:37:02.350 CALL SendOverseaFutureOrderAsync(F0200001709003,OSE,JNM,201503,0,2,1,4,0,1,18020,0,0,0)
[5304] 2015/02/16 14:21:24.197 SKOrderLib ª©¥» 2.1.22
[5304] 2015/02/16 14:21:24.200 Login ID: E122828927
[5304] 2015/02/16 14:21:24.970 CALL SKOrderLib_ReadCertByID(E122828927)
[5304] 2015/02/16 14:21:25.135 CALL RegisterOnAccountCallBack()
[5304] 2015/02/16 14:21:25.137 CALL GetUserAccount()
[5304] 2015/02/16 14:21:25.138 TS,918J,918J,0456453,E122828927,±d§Óºú,0,0
[5304] 2015/02/16 14:21:25.140 TF,F020000,B17,1709003,E122828927,±d§Óºú,0,0
[5304] 2015/02/16 14:21:25.142 OF,F020000,000,1709003,E122828927,±d§Óºú,0,0
[5304] 2015/02/16 14:21:25.145 CALL RegisterOnOrderAsyncReportCallBack()
[5304] 2015/02/16 14:21:25.147 CALL RegisterOnExecutionReportCallBack()
[5312] 2015/02/16 14:22:14.410 SKOrderLib ª©¥» 2.1.22
[5312] 2015/02/16 14:22:14.413 Login ID: E122828927
[5312] 2015/02/16 14:22:15.103 CALL SKOrderLib_ReadCertByID(E122828927)
[5312] 2015/02/16 14:22:15.234 CALL RegisterOnAccountCallBack()
[5312] 2015/02/16 14:22:15.235 CALL GetUserAccount()
[5312] 2015/02/16 14:22:15.237 TS,918J,918J,0456453,E122828927,±d§Óºú,0,0
[5312] 2015/02/16 14:22:15.239 TF,F020000,B17,1709003,E122828927,±d§Óºú,0,0
[5312] 2015/02/16 14:22:15.240 OF,F020000,000,1709003,E122828927,±d§Óºú,0,0
[5312] 2015/02/16 14:22:15.243 CALL RegisterOnOrderAsyncReportCallBack()
[5312] 2015/02/16 14:22:15.245 CALL RegisterOnExecutionReportCallBack()
[5056] 2015/02/16 20:51:07.671 SKOrderLib ª©¥» 2.1.22
[5056] 2015/02/16 20:51:07.675 Login ID: E122828927
[5056] 2015/02/16 20:51:08.401 CALL SKOrderLib_ReadCertByID(E122828927)
[5056] 2015/02/16 20:51:08.601 CALL RegisterOnAccountCallBack()
[5056] 2015/02/16 20:51:08.603 CALL GetUserAccount()
[5056] 2015/02/16 20:51:08.604 TS,918J,918J,0456453,E122828927,±d§Óºú,0,0
[5056] 2015/02/16 20:51:08.606 TF,F020000,B17,1709003,E122828927,±d§Óºú,0,0
[5056] 2015/02/16 20:51:08.607 OF,F020000,000,1709003,E122828927,±d§Óºú,0,0
[5056] 2015/02/16 20:51:08.609 CALL RegisterOnOrderAsyncReportCallBack()
[5056] 2015/02/16 20:51:08.611 CALL RegisterOnExecutionReportCallBack()
[5056] 2015/02/16 20:51:08.963 CALL RegisterOnOverseaFutureOpenInterestCallBack()
[5056] 2015/02/16 20:51:08.965 CALL GetOverseaFutureOpenInterest(F0200001709003)
