[6504] 2015/02/13 10:51:17.628 SKOrderLib ª©¥» 2.1.22
[6504] 2015/02/13 10:51:17.631 Login ID: E122828927
[6504] 2015/02/13 10:51:19.690 CALL SKOrderLib_ReadCertByID(E122828927)
[6504] 2015/02/13 10:51:19.847 CALL RegisterOnAccountCallBack()
[6504] 2015/02/13 10:51:19.849 CALL GetUserAccount()
[6504] 2015/02/13 10:51:19.850 TS,918J,918J,0456453,E122828927,±d§Óºú,0,0
[6504] 2015/02/13 10:51:19.852 TF,F020000,B17,1709003,E122828927,±d§Óºú,0,0
[6504] 2015/02/13 10:51:19.854 OF,F020000,000,1709003,E122828927,±d§Óºú,0,0
[6504] 2015/02/13 10:51:19.857 CALL RegisterOnOrderAsyncReportCallBack()
[6504] 2015/02/13 10:51:19.859 CALL RegisterOnExecutionReportCallBack()
[3244] 2015/02/13 15:38:05.981 SKOrderLib ª©¥» 2.1.22
[3244] 2015/02/13 15:38:05.984 Login ID: E122828927
[3244] 2015/02/13 15:38:06.754 CALL SKOrderLib_ReadCertByID(E122828927)
[3244] 2015/02/13 15:38:07.013 CALL RegisterOnAccountCallBack()
[3244] 2015/02/13 15:38:07.015 CALL GetUserAccount()
[3244] 2015/02/13 15:38:07.016 TS,918J,918J,0456453,E122828927,±d§Óºú,0,0
[3244] 2015/02/13 15:38:07.018 TF,F020000,B17,1709003,E122828927,±d§Óºú,0,0
[3244] 2015/02/13 15:38:07.020 OF,F020000,000,1709003,E122828927,±d§Óºú,0,0
[3244] 2015/02/13 15:38:07.023 CALL RegisterOnOrderAsyncReportCallBack()
[3244] 2015/02/13 15:38:07.025 CALL RegisterOnExecutionReportCallBack()
[3244] 2015/02/13 15:38:07.363 CALL RegisterOnOverseaFutureOpenInterestCallBack()
[3244] 2015/02/13 15:38:07.365 CALL GetOverseaFutureOpenInterest(F0200001709003)
[3904] 2015/02/13 15:41:04.824 SKOrderLib ª©¥» 2.1.22
[3904] 2015/02/13 15:41:04.827 Login ID: E122828927
[3904] 2015/02/13 15:41:05.835 CALL SKOrderLib_ReadCertByID(E122828927)
[3904] 2015/02/13 15:41:06.036 CALL RegisterOnAccountCallBack()
[3904] 2015/02/13 15:41:06.038 CALL GetUserAccount()
[3904] 2015/02/13 15:41:06.039 TS,918J,918J,0456453,E122828927,±d§Óºú,0,0
[3904] 2015/02/13 15:41:06.042 TF,F020000,B17,1709003,E122828927,±d§Óºú,0,0
[3904] 2015/02/13 15:41:06.043 OF,F020000,000,1709003,E122828927,±d§Óºú,0,0
[3904] 2015/02/13 15:41:06.046 CALL RegisterOnOrderAsyncReportCallBack()
[3904] 2015/02/13 15:41:06.048 CALL RegisterOnExecutionReportCallBack()
[3904] 2015/02/13 15:41:06.459 CALL RegisterOnOverseaFutureOpenInterestCallBack()
[3904] 2015/02/13 15:41:06.461 CALL GetOverseaFutureOpenInterest(F0200001709003)
[3844] 2015/02/13 15:47:19.042 SKOrderLib ª©¥» 2.1.22
[3844] 2015/02/13 15:47:19.045 Login ID: E122828927
[3844] 2015/02/13 15:47:19.783 CALL SKOrderLib_ReadCertByID(E122828927)
[3844] 2015/02/13 15:47:20.647 CALL RegisterOnAccountCallBack()
[3844] 2015/02/13 15:47:20.649 CALL GetUserAccount()
[3844] 2015/02/13 15:47:20.650 TS,918J,918J,0456453,E122828927,±d§Óºú,0,0
[3844] 2015/02/13 15:47:20.652 TF,F020000,B17,1709003,E122828927,±d§Óºú,0,0
[3844] 2015/02/13 15:47:20.654 OF,F020000,000,1709003,E122828927,±d§Óºú,0,0
[3844] 2015/02/13 15:47:20.657 CALL RegisterOnOrderAsyncReportCallBack()
[3844] 2015/02/13 15:47:20.659 CALL RegisterOnExecutionReportCallBack()
[3844] 2015/02/13 15:47:21.038 CALL RegisterOnOverseaFutureOpenInterestCallBack()
[3844] 2015/02/13 15:47:21.040 CALL GetOverseaFutureOpenInterest(F0200001709003)
[7160] 2015/02/13 15:55:57.340 SKOrderLib ª©¥» 2.1.22
[7160] 2015/02/13 15:55:57.343 Login ID: E122828927
[7160] 2015/02/13 15:55:58.126 CALL SKOrderLib_ReadCertByID(E122828927)
[7160] 2015/02/13 15:55:58.321 CALL RegisterOnAccountCallBack()
[7160] 2015/02/13 15:55:58.323 CALL GetUserAccount()
[7160] 2015/02/13 15:55:58.325 TS,918J,918J,0456453,E122828927,±d§Óºú,0,0
[7160] 2015/02/13 15:55:58.327 TF,F020000,B17,1709003,E122828927,±d§Óºú,0,0
[7160] 2015/02/13 15:55:58.329 OF,F020000,000,1709003,E122828927,±d§Óºú,0,0
[7160] 2015/02/13 15:55:58.331 CALL RegisterOnOrderAsyncReportCallBack()
[7160] 2015/02/13 15:55:58.334 CALL RegisterOnExecutionReportCallBack()
[7160] 2015/02/13 15:55:59.920 CALL RegisterOnOverseaFutureOpenInterestCallBack()
[7160] 2015/02/13 15:55:59.922 CALL GetOverseaFutureOpenInterest(F0200001709003)
