[4324] 2015/02/15 07:03:38.905 SKOrderLib ª©¥» 2.1.22
[4324] 2015/02/15 07:03:38.908 Login ID: E122828927
[4324] 2015/02/15 07:03:41.104 CALL SKOrderLib_ReadCertByID(E122828927)
[4324] 2015/02/15 07:03:41.397 CALL RegisterOnAccountCallBack()
[4324] 2015/02/15 07:03:41.399 CALL GetUserAccount()
[4324] 2015/02/15 07:03:41.400 TS,918J,918J,0456453,E122828927,±d§Óºú,0,0
[5484] 2015/02/15 07:18:41.543 SKOrderLib ª©¥» 2.1.22
[5484] 2015/02/15 07:18:41.546 Login ID: E122828927
[5484] 2015/02/15 07:18:42.325 CALL SKOrderLib_ReadCertByID(E122828927)
[5484] 2015/02/15 07:18:42.491 CALL RegisterOnAccountCallBack()
[5484] 2015/02/15 07:18:42.493 CALL GetUserAccount()
[5484] 2015/02/15 07:18:42.495 TS,918J,918J,0456453,E122828927,±d§Óºú,0,0
[5484] 2015/02/15 07:18:42.497 TF,F020000,B17,1709003,E122828927,±d§Óºú,0,0
[5484] 2015/02/15 07:18:42.499 OF,F020000,000,1709003,E122828927,±d§Óºú,0,0
[5484] 2015/02/15 07:18:42.501 CALL RegisterOnOrderAsyncReportCallBack()
[5484] 2015/02/15 07:18:42.505 CALL RegisterOnExecutionReportCallBack()
[5484] 2015/02/15 07:18:42.954 CALL RegisterOnOverseaFutureOpenInterestCallBack()
[5484] 2015/02/15 07:18:42.957 CALL GetOverseaFutureOpenInterest()
[3460] 2015/02/15 07:19:12.882 SKOrderLib ª©¥» 2.1.22
[3460] 2015/02/15 07:19:12.884 Login ID: E122828927
[3460] 2015/02/15 07:19:13.634 CALL SKOrderLib_ReadCertByID(E122828927)
[3460] 2015/02/15 07:19:13.784 CALL RegisterOnAccountCallBack()
[3460] 2015/02/15 07:19:13.786 CALL GetUserAccount()
[3460] 2015/02/15 07:19:13.787 TS,918J,918J,0456453,E122828927,±d§Óºú,0,0
[3796] 2015/02/15 07:22:20.512 SKOrderLib ª©¥» 2.1.22
[3796] 2015/02/15 07:22:20.515 Login ID: E122828927
[3796] 2015/02/15 07:22:21.268 CALL SKOrderLib_ReadCertByID(E122828927)
[3796] 2015/02/15 07:22:31.068 CALL RegisterOnAccountCallBack()
[3796] 2015/02/15 07:23:01.026 CALL GetUserAccount()
[3796] 2015/02/15 07:23:01.027 TS,918J,918J,0456453,E122828927,±d§Óºú,0,0
[3796] 2015/02/15 07:23:44.995 TF,F020000,B17,1709003,E122828927,±d§Óºú,0,0
[3796] 2015/02/15 07:23:47.054 OF,F020000,000,1709003,E122828927,±d§Óºú,0,0
[3796] 2015/02/15 07:23:47.057 CALL RegisterOnOrderAsyncReportCallBack()
[3796] 2015/02/15 07:23:47.059 CALL RegisterOnExecutionReportCallBack()
[3796] 2015/02/15 07:23:47.489 CALL RegisterOnOverseaFutureOpenInterestCallBack()
[3796] 2015/02/15 07:23:47.491 CALL GetOverseaFutureOpenInterest()
[4176] 2015/02/15 07:29:18.173 SKOrderLib ª©¥» 2.1.22
[4176] 2015/02/15 07:29:18.176 Login ID: E122828927
[4176] 2015/02/15 07:29:18.932 CALL SKOrderLib_ReadCertByID(E122828927)
[4176] 2015/02/15 07:29:22.058 CALL RegisterOnAccountCallBack()
[4176] 2015/02/15 07:29:22.060 CALL GetUserAccount()
[4176] 2015/02/15 07:29:22.061 TS,918J,918J,0456453,E122828927,±d§Óºú,0,0
[4176] 2015/02/15 07:29:22.064 TF,F020000,B17,1709003,E122828927,±d§Óºú,0,0
[4176] 2015/02/15 07:29:22.065 OF,F020000,000,1709003,E122828927,±d§Óºú,0,0
[4176] 2015/02/15 07:29:35.925 CALL RegisterOnOrderAsyncReportCallBack()
[4176] 2015/02/15 07:29:35.928 CALL RegisterOnExecutionReportCallBack()
[4176] 2015/02/15 07:29:36.276 CALL RegisterOnOverseaFutureOpenInterestCallBack()
[4176] 2015/02/15 07:29:36.278 CALL GetOverseaFutureOpenInterest(F0200001709003)
[4184] 2015/02/15 09:01:11.797 SKOrderLib ª©¥» 2.1.22
[4184] 2015/02/15 09:01:11.800 Login ID: E122828927
[4184] 2015/02/15 09:01:12.589 CALL SKOrderLib_ReadCertByID(E122828927)
[4184] 2015/02/15 09:01:12.759 CALL RegisterOnAccountCallBack()
[4184] 2015/02/15 09:01:12.761 CALL GetUserAccount()
[4184] 2015/02/15 09:01:12.762 TS,918J,918J,0456453,E122828927,±d§Óºú,0,0
[4184] 2015/02/15 09:01:12.765 TF,F020000,B17,1709003,E122828927,±d§Óºú,0,0
[4184] 2015/02/15 09:01:12.766 OF,F020000,000,1709003,E122828927,±d§Óºú,0,0
[4184] 2015/02/15 09:01:12.769 CALL RegisterOnOrderAsyncReportCallBack()
[4184] 2015/02/15 09:01:12.771 CALL RegisterOnExecutionReportCallBack()
[4184] 2015/02/15 09:01:13.136 CALL RegisterOnOverseaFutureOpenInterestCallBack()
[4184] 2015/02/15 09:01:13.138 CALL GetOverseaFutureOpenInterest(F0200001709003)
[5048] 2015/02/15 09:02:08.929 SKOrderLib ª©¥» 2.1.22
[5048] 2015/02/15 09:02:08.932 Login ID: E122828927
[5048] 2015/02/15 09:02:09.615 CALL SKOrderLib_ReadCertByID(E122828927)
[5048] 2015/02/15 09:02:09.800 CALL RegisterOnAccountCallBack()
[5048] 2015/02/15 09:02:09.802 CALL GetUserAccount()
[5048] 2015/02/15 09:02:09.803 TS,918J,918J,0456453,E122828927,±d§Óºú,0,0
[5048] 2015/02/15 09:02:09.805 TF,F020000,B17,1709003,E122828927,±d§Óºú,0,0
[5048] 2015/02/15 09:02:09.807 OF,F020000,000,1709003,E122828927,±d§Óºú,0,0
[5048] 2015/02/15 09:02:09.810 CALL RegisterOnOrderAsyncReportCallBack()
[5048] 2015/02/15 09:02:09.812 CALL RegisterOnExecutionReportCallBack()
[5048] 2015/02/15 09:02:10.181 CALL RegisterOnOverseaFutureOpenInterestCallBack()
[5048] 2015/02/15 09:02:10.183 CALL GetOverseaFutureOpenInterest(F0200001709003)
[4516] 2015/02/15 09:18:04.384 SKOrderLib ª©¥» 2.1.22
[4516] 2015/02/15 09:18:04.387 Login ID: E122828927
[4516] 2015/02/15 09:18:05.164 CALL SKOrderLib_ReadCertByID(E122828927)
[4516] 2015/02/15 09:18:05.329 CALL RegisterOnAccountCallBack()
[4516] 2015/02/15 09:18:05.331 CALL GetUserAccount()
[4516] 2015/02/15 09:18:05.332 TS,918J,918J,0456453,E122828927,±d§Óºú,0,0
[4516] 2015/02/15 09:18:05.335 TF,F020000,B17,1709003,E122828927,±d§Óºú,0,0
[4516] 2015/02/15 09:18:05.336 OF,F020000,000,1709003,E122828927,±d§Óºú,0,0
[4516] 2015/02/15 09:18:05.339 CALL RegisterOnOrderAsyncReportCallBack()
[4516] 2015/02/15 09:18:05.342 CALL RegisterOnExecutionReportCallBack()
[3700] 2015/02/15 09:19:21.249 SKOrderLib ª©¥» 2.1.22
[3700] 2015/02/15 09:19:21.252 Login ID: E122828927
[3700] 2015/02/15 09:19:21.951 CALL SKOrderLib_ReadCertByID(E122828927)
[3700] 2015/02/15 09:19:22.104 CALL RegisterOnAccountCallBack()
[3700] 2015/02/15 09:19:22.106 CALL GetUserAccount()
[3700] 2015/02/15 09:19:22.108 TS,918J,918J,0456453,E122828927,±d§Óºú,0,0
[3700] 2015/02/15 09:19:22.110 TF,F020000,B17,1709003,E122828927,±d§Óºú,0,0
[3700] 2015/02/15 09:19:22.112 OF,F020000,000,1709003,E122828927,±d§Óºú,0,0
[3700] 2015/02/15 09:19:22.115 CALL RegisterOnOrderAsyncReportCallBack()
[3700] 2015/02/15 09:19:22.117 CALL RegisterOnExecutionReportCallBack()
[6508] 2015/02/15 09:20:40.299 SKOrderLib ª©¥» 2.1.22
[6508] 2015/02/15 09:20:40.302 Login ID: E122828927
[6508] 2015/02/15 09:20:41.028 CALL SKOrderLib_ReadCertByID(E122828927)
[6508] 2015/02/15 09:20:41.188 CALL RegisterOnAccountCallBack()
[6508] 2015/02/15 09:20:41.190 CALL GetUserAccount()
[6508] 2015/02/15 09:20:41.191 TS,918J,918J,0456453,E122828927,±d§Óºú,0,0
[6508] 2015/02/15 09:20:41.193 TF,F020000,B17,1709003,E122828927,±d§Óºú,0,0
[6508] 2015/02/15 09:20:41.195 OF,F020000,000,1709003,E122828927,±d§Óºú,0,0
[6508] 2015/02/15 09:20:41.198 CALL RegisterOnOrderAsyncReportCallBack()
[6508] 2015/02/15 09:20:41.200 CALL RegisterOnExecutionReportCallBack()
[3324] 2015/02/15 09:30:43.352 SKOrderLib ª©¥» 2.1.22
[3324] 2015/02/15 09:30:43.354 Login ID: E122828927
[3324] 2015/02/15 09:30:44.121 CALL SKOrderLib_ReadCertByID(E122828927)
[3324] 2015/02/15 09:30:44.310 CALL RegisterOnAccountCallBack()
[3324] 2015/02/15 09:30:44.312 CALL GetUserAccount()
[3324] 2015/02/15 09:30:44.313 TS,918J,918J,0456453,E122828927,±d§Óºú,0,0
[3324] 2015/02/15 09:30:44.316 TF,F020000,B17,1709003,E122828927,±d§Óºú,0,0
[3324] 2015/02/15 09:30:44.317 OF,F020000,000,1709003,E122828927,±d§Óºú,0,0
[3324] 2015/02/15 09:30:44.320 CALL RegisterOnOrderAsyncReportCallBack()
[3324] 2015/02/15 09:30:44.322 CALL RegisterOnExecutionReportCallBack()
[5844] 2015/02/15 09:46:00.568 SKOrderLib ª©¥» 2.1.22
[5844] 2015/02/15 09:46:00.571 Login ID: E122828927
[5844] 2015/02/15 09:46:01.328 CALL SKOrderLib_ReadCertByID(E122828927)
[5844] 2015/02/15 09:46:01.496 CALL RegisterOnAccountCallBack()
[5844] 2015/02/15 09:46:01.498 CALL GetUserAccount()
[5844] 2015/02/15 09:46:01.499 TS,918J,918J,0456453,E122828927,±d§Óºú,0,0
[5844] 2015/02/15 09:46:01.501 TF,F020000,B17,1709003,E122828927,±d§Óºú,0,0
[5844] 2015/02/15 09:46:01.503 OF,F020000,000,1709003,E122828927,±d§Óºú,0,0
[5844] 2015/02/15 09:46:01.506 CALL RegisterOnOrderAsyncReportCallBack()
[5844] 2015/02/15 09:46:01.508 CALL RegisterOnExecutionReportCallBack()
[3812] 2015/02/15 09:59:28.612 SKOrderLib ª©¥» 2.1.22
[3812] 2015/02/15 09:59:28.615 Login ID: E122828927
[3812] 2015/02/15 09:59:29.407 CALL SKOrderLib_ReadCertByID(E122828927)
[3812] 2015/02/15 09:59:29.574 CALL RegisterOnAccountCallBack()
[3812] 2015/02/15 09:59:29.576 CALL GetUserAccount()
[3812] 2015/02/15 09:59:29.577 TS,918J,918J,0456453,E122828927,±d§Óºú,0,0
[3812] 2015/02/15 09:59:29.579 TF,F020000,B17,1709003,E122828927,±d§Óºú,0,0
[3812] 2015/02/15 09:59:29.581 OF,F020000,000,1709003,E122828927,±d§Óºú,0,0
[3812] 2015/02/15 09:59:29.584 CALL RegisterOnOrderAsyncReportCallBack()
[3812] 2015/02/15 09:59:29.586 CALL RegisterOnExecutionReportCallBack()
[5992] 2015/02/15 12:03:49.884 SKOrderLib ª©¥» 2.1.22
[5992] 2015/02/15 12:03:49.887 Login ID: E122828927
[5992] 2015/02/15 12:03:50.696 CALL SKOrderLib_ReadCertByID(E122828927)
[5992] 2015/02/15 12:03:50.864 CALL RegisterOnAccountCallBack()
[5992] 2015/02/15 12:03:50.866 CALL GetUserAccount()
[5992] 2015/02/15 12:03:50.867 TS,918J,918J,0456453,E122828927,±d§Óºú,0,0
[5992] 2015/02/15 12:03:50.869 TF,F020000,B17,1709003,E122828927,±d§Óºú,0,0
[5992] 2015/02/15 12:03:50.871 OF,F020000,000,1709003,E122828927,±d§Óºú,0,0
[5992] 2015/02/15 12:03:50.874 CALL RegisterOnOrderAsyncReportCallBack()
[5992] 2015/02/15 12:03:50.876 CALL RegisterOnExecutionReportCallBack()
[4992] 2015/02/15 12:05:55.183 SKOrderLib ª©¥» 2.1.22
[4992] 2015/02/15 12:05:55.186 Login ID: E122828927
[4992] 2015/02/15 12:05:56.104 CALL SKOrderLib_ReadCertByID(E122828927)
[4992] 2015/02/15 12:05:56.254 CALL RegisterOnAccountCallBack()
[4992] 2015/02/15 12:05:56.256 CALL GetUserAccount()
[4992] 2015/02/15 12:05:56.258 TS,918J,918J,0456453,E122828927,±d§Óºú,0,0
[4992] 2015/02/15 12:05:56.260 TF,F020000,B17,1709003,E122828927,±d§Óºú,0,0
[4992] 2015/02/15 12:05:56.262 OF,F020000,000,1709003,E122828927,±d§Óºú,0,0
[4992] 2015/02/15 12:05:56.265 CALL RegisterOnOrderAsyncReportCallBack()
[4992] 2015/02/15 12:05:56.267 CALL RegisterOnExecutionReportCallBack()
[6760] 2015/02/15 12:07:20.097 SKOrderLib ª©¥» 2.1.22
[6760] 2015/02/15 12:07:20.100 Login ID: E122828927
[6760] 2015/02/15 12:07:20.849 CALL SKOrderLib_ReadCertByID(E122828927)
[6760] 2015/02/15 12:07:20.998 CALL RegisterOnAccountCallBack()
[6760] 2015/02/15 12:07:21.000 CALL GetUserAccount()
[6760] 2015/02/15 12:07:21.002 TS,918J,918J,0456453,E122828927,±d§Óºú,0,0
[6760] 2015/02/15 12:07:21.004 TF,F020000,B17,1709003,E122828927,±d§Óºú,0,0
[6760] 2015/02/15 12:07:21.006 OF,F020000,000,1709003,E122828927,±d§Óºú,0,0
[6760] 2015/02/15 12:07:21.009 CALL RegisterOnOrderAsyncReportCallBack()
[6760] 2015/02/15 12:07:21.011 CALL RegisterOnExecutionReportCallBack()
[7136] 2015/02/15 12:10:33.828 SKOrderLib ª©¥» 2.1.22
[7136] 2015/02/15 12:10:33.830 Login ID: E122828927
[7136] 2015/02/15 12:10:34.669 CALL SKOrderLib_ReadCertByID(E122828927)
[7136] 2015/02/15 12:10:34.850 CALL RegisterOnAccountCallBack()
[7136] 2015/02/15 12:10:34.852 CALL GetUserAccount()
[7136] 2015/02/15 12:10:34.854 TS,918J,918J,0456453,E122828927,±d§Óºú,0,0
[7136] 2015/02/15 12:10:34.856 TF,F020000,B17,1709003,E122828927,±d§Óºú,0,0
[7136] 2015/02/15 12:10:34.858 OF,F020000,000,1709003,E122828927,±d§Óºú,0,0
[7136] 2015/02/15 12:10:34.860 CALL RegisterOnOrderAsyncReportCallBack()
[7136] 2015/02/15 12:10:34.863 CALL RegisterOnExecutionReportCallBack()
[5212] 2015/02/15 12:12:43.207 SKOrderLib ª©¥» 2.1.22
[5212] 2015/02/15 12:12:43.210 Login ID: E122828927
[5212] 2015/02/15 12:12:44.093 CALL SKOrderLib_ReadCertByID(E122828927)
[5212] 2015/02/15 12:12:44.266 CALL RegisterOnAccountCallBack()
[5212] 2015/02/15 12:12:44.269 CALL GetUserAccount()
[5212] 2015/02/15 12:12:44.270 TS,918J,918J,0456453,E122828927,±d§Óºú,0,0
[5212] 2015/02/15 12:12:44.272 TF,F020000,B17,1709003,E122828927,±d§Óºú,0,0
[5212] 2015/02/15 12:12:44.274 OF,F020000,000,1709003,E122828927,±d§Óºú,0,0
[5212] 2015/02/15 12:12:44.277 CALL RegisterOnOrderAsyncReportCallBack()
[5212] 2015/02/15 12:12:44.279 CALL RegisterOnExecutionReportCallBack()
[5320] 2015/02/15 17:33:14.473 SKOrderLib ª©¥» 2.1.22
[5320] 2015/02/15 17:33:14.476 Login ID: E122828927
[5320] 2015/02/15 17:33:15.289 CALL SKOrderLib_ReadCertByID(E122828927)
[5320] 2015/02/15 17:33:15.467 CALL RegisterOnAccountCallBack()
[5320] 2015/02/15 17:33:15.469 CALL GetUserAccount()
[5320] 2015/02/15 17:33:15.470 TS,918J,918J,0456453,E122828927,±d§Óºú,0,0
[5320] 2015/02/15 17:33:15.473 TF,F020000,B17,1709003,E122828927,±d§Óºú,0,0
[5320] 2015/02/15 17:33:15.474 OF,F020000,000,1709003,E122828927,±d§Óºú,0,0
[5320] 2015/02/15 17:33:15.477 CALL RegisterOnOrderAsyncReportCallBack()
[5320] 2015/02/15 17:33:15.479 CALL RegisterOnExecutionReportCallBack()
[4728] 2015/02/15 17:34:48.077 SKOrderLib ª©¥» 2.1.22
[4728] 2015/02/15 17:34:48.080 Login ID: E122828927
[4728] 2015/02/15 17:34:48.786 CALL SKOrderLib_ReadCertByID(E122828927)
[4728] 2015/02/15 17:34:48.934 CALL RegisterOnAccountCallBack()
[4728] 2015/02/15 17:34:48.936 CALL GetUserAccount()
[4728] 2015/02/15 17:34:48.937 TS,918J,918J,0456453,E122828927,±d§Óºú,0,0
[4728] 2015/02/15 17:34:48.940 TF,F020000,B17,1709003,E122828927,±d§Óºú,0,0
[4728] 2015/02/15 17:34:48.942 OF,F020000,000,1709003,E122828927,±d§Óºú,0,0
[4728] 2015/02/15 17:34:48.945 CALL RegisterOnOrderAsyncReportCallBack()
[4728] 2015/02/15 17:34:48.947 CALL RegisterOnExecutionReportCallBack()
[6992] 2015/02/15 17:36:18.529 SKOrderLib ª©¥» 2.1.22
[6992] 2015/02/15 17:36:18.531 Login ID: E122828927
[6992] 2015/02/15 17:36:19.260 CALL SKOrderLib_ReadCertByID(E122828927)
[6992] 2015/02/15 17:36:19.434 CALL RegisterOnAccountCallBack()
[6992] 2015/02/15 17:36:19.436 CALL GetUserAccount()
[6992] 2015/02/15 17:36:19.438 TS,918J,918J,0456453,E122828927,±d§Óºú,0,0
[6992] 2015/02/15 17:36:19.440 TF,F020000,B17,1709003,E122828927,±d§Óºú,0,0
[6992] 2015/02/15 17:36:19.442 OF,F020000,000,1709003,E122828927,±d§Óºú,0,0
[6992] 2015/02/15 17:36:19.445 CALL RegisterOnOrderAsyncReportCallBack()
[6992] 2015/02/15 17:36:19.447 CALL RegisterOnExecutionReportCallBack()
[6992] 2015/02/15 17:36:22.202 CALL RegisterOnOverseaFutureOpenInterestCallBack()
[6992] 2015/02/15 17:36:22.204 CALL GetOverseaFutureOpenInterest(F0200001709003)
[5504] 2015/02/15 17:38:54.650 SKOrderLib ª©¥» 2.1.22
[5504] 2015/02/15 17:38:54.653 Login ID: E122828927
[5504] 2015/02/15 17:38:55.436 CALL SKOrderLib_ReadCertByID(E122828927)
[5504] 2015/02/15 17:38:55.598 CALL RegisterOnAccountCallBack()
[5504] 2015/02/15 17:38:55.600 CALL GetUserAccount()
[5504] 2015/02/15 17:38:55.602 TS,918J,918J,0456453,E122828927,±d§Óºú,0,0
[5504] 2015/02/15 17:38:55.604 TF,F020000,B17,1709003,E122828927,±d§Óºú,0,0
[5504] 2015/02/15 17:38:55.606 OF,F020000,000,1709003,E122828927,±d§Óºú,0,0
[5504] 2015/02/15 17:38:55.609 CALL RegisterOnOrderAsyncReportCallBack()
[5504] 2015/02/15 17:38:55.611 CALL RegisterOnExecutionReportCallBack()
[5504] 2015/02/15 17:38:55.962 CALL RegisterOnOverseaFutureOpenInterestCallBack()
[5504] 2015/02/15 17:38:55.964 CALL GetOverseaFutureOpenInterest(F0200001709003)
[4920] 2015/02/15 17:40:12.374 SKOrderLib ª©¥» 2.1.22
[4920] 2015/02/15 17:40:12.377 Login ID: E122828927
[4920] 2015/02/15 17:40:13.101 CALL SKOrderLib_ReadCertByID(E122828927)
[4920] 2015/02/15 17:40:13.253 CALL RegisterOnAccountCallBack()
[4920] 2015/02/15 17:40:13.255 CALL GetUserAccount()
[4920] 2015/02/15 17:40:13.256 TS,918J,918J,0456453,E122828927,±d§Óºú,0,0
[4920] 2015/02/15 17:40:13.259 TF,F020000,B17,1709003,E122828927,±d§Óºú,0,0
[4920] 2015/02/15 17:40:13.260 OF,F020000,000,1709003,E122828927,±d§Óºú,0,0
[4920] 2015/02/15 17:40:13.263 CALL RegisterOnOrderAsyncReportCallBack()
[4920] 2015/02/15 17:40:13.265 CALL RegisterOnExecutionReportCallBack()
[3648] 2015/02/15 17:41:26.988 SKOrderLib ª©¥» 2.1.22
[3648] 2015/02/15 17:41:26.991 Login ID: E122828927
[3648] 2015/02/15 17:41:27.736 CALL SKOrderLib_ReadCertByID(E122828927)
[3648] 2015/02/15 17:41:27.886 CALL RegisterOnAccountCallBack()
[3648] 2015/02/15 17:41:27.888 CALL GetUserAccount()
[3648] 2015/02/15 17:41:27.890 TS,918J,918J,0456453,E122828927,±d§Óºú,0,0
[3648] 2015/02/15 17:41:27.892 TF,F020000,B17,1709003,E122828927,±d§Óºú,0,0
[3648] 2015/02/15 17:41:27.894 OF,F020000,000,1709003,E122828927,±d§Óºú,0,0
[3648] 2015/02/15 17:41:27.897 CALL RegisterOnOrderAsyncReportCallBack()
[3648] 2015/02/15 17:41:27.899 CALL RegisterOnExecutionReportCallBack()
[3648] 2015/02/15 17:41:28.223 CALL RegisterOnOverseaFutureOpenInterestCallBack()
[3648] 2015/02/15 17:41:28.225 CALL GetOverseaFutureOpenInterest(F0200001709003)
