[4208] 2015/03/02 07:51:48.275 API InitInstance 
[4208] 2015/03/02 07:51:48.602 E122828927 連線 Code：0
[4208] 2015/03/02 07:51:49.612 收到 Head 資訊 {Count 2} {Type C } 
[4208] 2015/03/02 07:51:49.616 收到 Head 資訊 {Count 2} {Type C } 
[4208] 2015/03/02 07:51:49.617 收到 Head 資訊 {Count 2} {Type C } 
[4208] 2015/03/02 07:51:49.619 收到 Head 資訊 {Count 2} {Type C } 
[4208] 2015/03/02 07:51:49.621 收到 Head 資訊 {Count 2} {Type D } 
[4208] 2015/03/02 07:51:49.623 收到 Head 資訊 {Count 2} {Type C } 
[4208] 2015/03/02 07:51:49.624 收到 Head 資訊 {Count 2} {Type C } 
[4208] 2015/03/02 07:51:49.626 收到 Head 資訊 {Count 2} {Type C } 
[4208] 2015/03/02 07:51:49.628 收到 Head 資訊 {Count 2} {Type C } 
[4208] 2015/03/02 07:51:49.630 收到 Head 資訊 {Count 2} {Type C } 
[4208] 2015/03/02 07:51:49.631 收到 Head 資訊 {Count 2} {Type C } 
[4208] 2015/03/02 07:51:49.633 收到 Head 資訊 {Count 2} {Type C } 
[4208] 2015/03/02 07:51:49.635 收到 Head 資訊 {Count 2} {Type C } 
[4208] 2015/03/02 07:51:49.637 收到 Head 資訊 {Count 2} {Type C } 
[4208] 2015/03/02 07:51:49.638 收到 Head 資訊 {Count 2} {Type C } 
[4208] 2015/03/02 07:51:49.640 收到 Head 資訊 {Count 2} {Type C } 
[4208] 2015/03/02 07:51:49.642 收到 Head 資訊 {Count 2} {Type C } 
[4208] 2015/03/02 07:51:49.643 收到 Head 資訊 {Count 2} {Type C } 
[4208] 2015/03/02 07:51:49.645 收到 Head 資訊 {Count 2} {Type C } 
[4208] 2015/03/02 07:51:49.647 收到 Head 資訊 {Count 2} {Type C } 
[4208] 2015/03/02 07:51:49.648 收到 Head 資訊 {Count 2} {Type C } 
[4208] 2015/03/02 07:51:49.650 收到 Head 資訊 {Count 2} {Type C } 
[4208] 2015/03/02 07:51:49.652 收到 Head 資訊 {Count 2} {Type C } 
[4208] 2015/03/02 07:51:49.653 收到 Head 資訊 {Count 2} {Type C } 
[4208] 2015/03/02 07:51:49.655 收到 Head 資訊 {Count 2} {Type C } 
[4208] 2015/03/02 07:51:49.657 收到 Head 資訊 {Count 2} {Type C } 
[4208] 2015/03/02 07:51:49.658 收到 Head 資訊 {Count 2} {Type C } 
[4208] 2015/03/02 07:51:49.660 收到 Head 資訊 {Count 2} {Type C } 
[4208] 2015/03/02 07:51:49.662 收到 Head 資訊 {Count 2} {Type C } 
[4208] 2015/03/02 07:51:49.663 收到 Head 資訊 {Count 2} {Type C } 
[4208] 2015/03/02 07:51:49.665 收到 Head 資訊 {Count 2} {Type C } 
[4208] 2015/03/02 07:51:49.667 收到 Head 資訊 {Count 2} {Type C } 
[4208] 2015/03/02 07:51:49.668 收到 Head 資訊 {Count 2} {Type D } 
[4208] 2015/03/02 07:51:49.670 收到 Head 資訊 {Count 2} {Type C } 
[4208] 2015/03/02 07:51:49.672 收到 Head 資訊 {Count 2} {Type C } 
[4208] 2015/03/02 07:51:49.673 收到 Head 資訊 {Count 2} {Type C } 
[4208] 2015/03/02 07:51:49.675 收到 Head 資訊 {Count 2} {Type C } 
[4208] 2015/03/02 07:51:49.677 收到 Head 資訊 {Count 2} {Type C } 
[4208] 2015/03/02 07:51:49.679 收到 Head 資訊 {Count 2} {Type C } 
[4208] 2015/03/02 07:51:49.680 收到 Head 資訊 {Count 2} {Type C } 
[4208] 2015/03/02 07:51:49.682 收到 Head 資訊 {Count 2} {Type C } 
[4208] 2015/03/02 07:51:49.684 收到 Head 資訊 {Count 2} {Type C } 
[4208] 2015/03/02 07:51:49.685 收到 Head 資訊 {Count 2} {Type D } 
[4208] 2015/03/02 07:51:49.687 收到 Head 資訊 {Count 2} {Type C } 
[4208] 2015/03/02 07:51:49.689 收到 Head 資訊 {Count 2} {Type C } 
[4208] 2015/03/02 07:51:49.690 收到 Head 資訊 {Count 2} {Type C } 
[4208] 2015/03/02 07:51:49.692 收到 Head 資訊 {Count 2} {Type C } 
[4208] 2015/03/02 07:51:49.694 收到 Head 資訊 {Count 2} {Type C } 
[4208] 2015/03/02 07:51:49.695 收到 Head 資訊 {Count 2} {Type C } 
[4208] 2015/03/02 07:51:49.697 收到 Head 資訊 {Count 2} {Type C } 
[4208] 2015/03/02 07:51:49.699 收到 Head 資訊 {Count 2} {Type C } 
[4208] 2015/03/02 07:51:49.700 收到 Head 資訊 {Count 2} {Type C } 
[4208] 2015/03/02 07:51:49.702 收到 Head 資訊 {Count 2} {Type C } 
[4208] 2015/03/02 07:51:49.704 收到 Head 資訊 {Count 2} {Type C } 
[4208] 2015/03/02 07:51:49.705 收到 Head 資訊 {Count 2} {Type C } 
[4208] 2015/03/02 07:51:49.707 收到 Head 資訊 {Count 2} {Type C } 
[4208] 2015/03/02 07:51:49.709 收到 Head 資訊 {Count 2} {Type C } 
[4208] 2015/03/02 07:51:49.710 收到 Head 資訊 {Count 2} {Type C } 
[4208] 2015/03/02 07:51:49.712 收到 Head 資訊 {Count 2} {Type C } 
[4208] 2015/03/02 07:51:49.714 收到 Head 資訊 {Count 2} {Type D } 
[4208] 2015/03/02 07:51:49.716 收到 Head 資訊 {Count 2} {Type C } 
[4208] 2015/03/02 07:51:49.717 收到 Head 資訊 {Count 2} {Type C } 
[4208] 2015/03/02 07:51:49.719 收到 Head 資訊 {Count 2} {Type C } 
[4208] 2015/03/02 07:51:49.721 收到 Head 資訊 {Count 2} {Type C } 
[4208] 2015/03/02 07:51:49.722 收到 Head 資訊 {Count 2} {Type C } 
[4208] 2015/03/02 07:51:49.724 收到 Head 資訊 {Count 2} {Type C } 
[4208] 2015/03/02 07:51:49.726 收到 Head 資訊 {Count 2} {Type C } 
[4208] 2015/03/02 07:51:49.727 收到 Head 資訊 {Count 2} {Type C } 
[4208] 2015/03/02 07:51:49.729 收到 Head 資訊 {Count 2} {Type C } 
[4208] 2015/03/02 07:51:49.731 收到 Head 資訊 {Count 2} {Type C } 
[4208] 2015/03/02 07:51:49.732 收到 Head 資訊 {Count 2} {Type C } 
[4208] 2015/03/02 07:51:49.734 收到 Head 資訊 {Count 2} {Type C } 
[4208] 2015/03/02 07:51:49.736 收到 Head 資訊 {Count 2} {Type C } 
[4208] 2015/03/02 07:51:49.737 收到 Head 資訊 {Count 2} {Type C } 
[4208] 2015/03/02 07:51:49.739 收到 Head 資訊 {Count 2} {Type C } 
[4208] 2015/03/02 07:51:49.741 收到 Head 資訊 {Count 2} {Type C } 
[4208] 2015/03/02 07:51:49.743 收到 Head 資訊 {Count 2} {Type C } 
[4208] 2015/03/02 07:51:49.744 收到 Head 資訊 {Count 2} {Type C } 
[4208] 2015/03/02 07:51:49.746 收到 Head 資訊 {Count 2} {Type D } 
[4208] 2015/03/02 07:51:49.747 收到 Head 資訊 {Count 2} {Type C } 
[4208] 2015/03/02 07:51:49.749 收到 Head 資訊 {Count 2} {Type C } 
[4208] 2015/03/02 07:51:49.751 收到 Head 資訊 {Count 2} {Type C } 
[4208] 2015/03/02 07:51:49.753 收到 Head 資訊 {Count 2} {Type D } 
[4208] 2015/03/02 07:51:49.754 收到 Head 資訊 {Count 2} {Type D } 
[4208] 2015/03/02 07:51:49.756 收到 Head 資訊 {Count 2} {Type D } 
[4208] 2015/03/02 07:51:49.758 收到 Head 資訊 {Count 2} {Type C } 
[4208] 2015/03/02 07:51:49.759 收到 Head 資訊 {Count 2} {Type D } 
[4208] 2015/03/02 07:51:49.761 收到 Head 資訊 {Count 2} {Type D } 
[4208] 2015/03/02 07:51:49.763 收到 Head 資訊 {Count 2} {Type C } 
[4208] 2015/03/02 07:51:49.764 收到 Head 資訊 {Count 2} {Type D } 
[4208] 2015/03/02 07:51:49.766 收到 Head 資訊 {Count 2} {Type D } 
[4208] 2015/03/02 07:51:49.768 收到 Head 資訊 {Count 2} {Type B } 
[4208] 2015/03/02 07:52:48.564 連線確認 E122828927 (21,21)
[4208] 2015/03/02 07:53:48.578 連線確認 E122828927 (21,21)
[4208] 2015/03/02 07:54:26.709 收到 Head 資訊 {Count 2} {Type C } 
[4208] 2015/03/02 07:54:36.699 收到 Head 資訊 {Count 2} {Type C } 
[4208] 2015/03/02 07:54:46.718 收到 Head 資訊 {Count 2} {Type C } 
[4208] 2015/03/02 07:54:48.592 連線確認 E122828927 (21,21)
[4208] 2015/03/02 07:55:48.604 連線確認 E122828927 (21,21)
[4208] 2015/03/02 07:56:48.618 連線確認 E122828927 (21,21)
[4208] 2015/03/02 07:56:48.697 收到 Head 資訊 {Count 2} {Type B } 
[4208] 2015/03/02 07:57:48.632 連線確認 E122828927 (21,21)
[4208] 2015/03/02 07:58:48.645 連線確認 E122828927 (21,21)
[4208] 2015/03/02 07:59:48.658 連線確認 E122828927 (21,21)
[4208] 2015/03/02 08:00:48.673 連線確認 E122828927 (21,21)
[4208] 2015/03/02 08:01:48.686 連線確認 E122828927 (21,21)
[4208] 2015/03/02 08:01:49.684 收到 Head 資訊 {Count 2} {Type B } 
[4208] 2015/03/02 08:02:48.700 連線確認 E122828927 (21,21)
[4208] 2015/03/02 08:03:48.712 連線確認 E122828927 (21,21)
[4208] 2015/03/02 08:04:48.727 連線確認 E122828927 (21,21)
[4208] 2015/03/02 08:05:48.739 連線確認 E122828927 (21,21)
[4208] 2015/03/02 08:06:48.754 連線確認 E122828927 (21,21)
[4208] 2015/03/02 08:06:50.681 收到 Head 資訊 {Count 2} {Type B } 
[4208] 2015/03/02 08:07:16.960 收到 Head 資訊 {Count 2} {Type C } 
[4208] 2015/03/02 08:07:26.960 收到 Head 資訊 {Count 2} {Type C } 
[4208] 2015/03/02 08:07:48.767 連線確認 E122828927 (21,21)
[4208] 2015/03/02 08:08:48.781 連線確認 E122828927 (21,21)
[4208] 2015/03/02 08:09:48.795 連線確認 E122828927 (21,21)
[4208] 2015/03/02 08:10:48.808 連線確認 E122828927 (21,21)
[4208] 2015/03/02 08:11:48.822 連線確認 E122828927 (21,21)
[4208] 2015/03/02 08:11:52.161 收到 Head 資訊 {Count 2} {Type B } 
[4208] 2015/03/02 08:12:48.836 連線確認 E122828927 (21,21)
[4208] 2015/03/02 08:13:48.849 連線確認 E122828927 (21,21)
[4208] 2015/03/02 08:14:48.863 連線確認 E122828927 (21,21)
[4208] 2015/03/02 08:15:48.876 連線確認 E122828927 (21,21)
[4208] 2015/03/02 08:16:48.890 連線確認 E122828927 (21,21)
[4208] 2015/03/02 08:16:53.197 收到 Head 資訊 {Count 2} {Type B } 
[4208] 2015/03/02 08:17:48.904 連線確認 E122828927 (21,21)
[4208] 2015/03/02 08:18:48.917 連線確認 E122828927 (21,21)
[4208] 2015/03/02 08:19:48.932 連線確認 E122828927 (21,21)
[4208] 2015/03/02 08:20:48.944 連線確認 E122828927 (21,21)
[4208] 2015/03/02 08:21:48.957 連線確認 E122828927 (21,21)
[4208] 2015/03/02 08:21:54.184 收到 Head 資訊 {Count 2} {Type B } 
[4208] 2015/03/02 08:22:48.972 連線確認 E122828927 (21,21)
[4208] 2015/03/02 08:23:48.984 連線確認 E122828927 (21,21)
[4208] 2015/03/02 08:24:48.998 連線確認 E122828927 (21,21)
[4208] 2015/03/02 08:25:49.012 連線確認 E122828927 (21,21)
[4208] 2015/03/02 08:26:49.026 連線確認 E122828927 (21,21)
[4208] 2015/03/02 08:26:55.074 收到 Head 資訊 {Count 2} {Type B } 
[4208] 2015/03/02 08:27:16.873 收到 Head 資訊 {Count 2} {Type C } 
[4208] 2015/03/02 08:27:49.039 連線確認 E122828927 (21,21)
[4208] 2015/03/02 08:28:49.052 連線確認 E122828927 (21,21)
[4208] 2015/03/02 08:29:49.067 連線確認 E122828927 (21,21)
[4208] 2015/03/02 08:30:49.080 連線確認 E122828927 (21,21)
[4208] 2015/03/02 08:31:49.094 連線確認 E122828927 (21,21)
[4208] 2015/03/02 08:31:56.070 收到 Head 資訊 {Count 2} {Type B } 
[4208] 2015/03/02 08:32:49.107 連線確認 E122828927 (21,21)
[4208] 2015/03/02 08:33:49.122 連線確認 E122828927 (21,21)
[4208] 2015/03/02 08:34:26.839 收到 Head 資訊 {Count 2} {Type C } 
[4208] 2015/03/02 08:34:49.135 連線確認 E122828927 (21,21)
[4208] 2015/03/02 08:35:49.148 連線確認 E122828927 (21,21)
[4208] 2015/03/02 08:36:49.161 連線確認 E122828927 (21,21)
[4208] 2015/03/02 08:36:56.987 收到 Head 資訊 {Count 2} {Type B } 
[4208] 2015/03/02 08:37:49.175 連線確認 E122828927 (21,21)
[4208] 2015/03/02 08:38:49.189 連線確認 E122828927 (21,21)
[4208] 2015/03/02 08:39:49.203 連線確認 E122828927 (21,21)
[4208] 2015/03/02 08:40:49.216 連線確認 E122828927 (21,21)
[4208] 2015/03/02 08:41:49.230 連線確認 E122828927 (21,21)
[4208] 2015/03/02 08:41:57.886 收到 Head 資訊 {Count 2} {Type B } 
[4208] 2015/03/02 08:42:49.243 連線確認 E122828927 (21,21)
[4208] 2015/03/02 08:43:49.257 連線確認 E122828927 (21,21)
[4208] 2015/03/02 08:44:49.270 連線確認 E122828927 (21,21)
[4208] 2015/03/02 08:45:49.284 連線確認 E122828927 (21,21)
[4208] 2015/03/02 08:46:49.297 連線確認 E122828927 (21,21)
[4208] 2015/03/02 08:46:58.852 收到 Head 資訊 {Count 2} {Type B } 
[4208] 2015/03/02 08:47:16.912 收到 Head 資訊 {Count 2} {Type C } 
[4208] 2015/03/02 08:47:49.311 連線確認 E122828927 (21,21)
[4208] 2015/03/02 08:48:49.325 連線確認 E122828927 (21,21)
[4208] 2015/03/02 08:49:49.337 連線確認 E122828927 (21,21)
[4208] 2015/03/02 08:50:49.352 連線確認 E122828927 (21,21)
[4208] 2015/03/02 08:51:49.366 連線確認 E122828927 (21,21)
[4208] 2015/03/02 08:51:59.830 收到 Head 資訊 {Count 2} {Type B } 
[4208] 2015/03/02 08:52:49.379 連線確認 E122828927 (21,21)
[4208] 2015/03/02 08:53:49.392 連線確認 E122828927 (21,21)
[4208] 2015/03/02 08:54:26.778 收到 Head 資訊 {Count 2} {Type C } 
[4208] 2015/03/02 08:54:36.778 收到 Head 資訊 {Count 2} {Type C } 
[4208] 2015/03/02 08:54:46.778 收到 Head 資訊 {Count 2} {Type C } 
[4208] 2015/03/02 08:54:49.406 連線確認 E122828927 (21,21)
[4208] 2015/03/02 08:55:49.419 連線確認 E122828927 (21,21)
[4208] 2015/03/02 08:56:49.433 連線確認 E122828927 (21,21)
[4208] 2015/03/02 08:57:00.846 收到 Head 資訊 {Count 2} {Type B } 
[4208] 2015/03/02 08:57:49.447 連線確認 E122828927 (21,21)
[4208] 2015/03/02 08:58:49.461 連線確認 E122828927 (21,21)
[4208] 2015/03/02 08:59:49.473 連線確認 E122828927 (21,21)
[4208] 2015/03/02 09:00:49.488 連線確認 E122828927 (21,21)
[4208] 2015/03/02 09:01:49.501 連線確認 E122828927 (21,21)
[4208] 2015/03/02 09:02:01.913 收到 Head 資訊 {Count 2} {Type B } 
[4208] 2015/03/02 09:02:49.515 連線確認 E122828927 (21,21)
[4208] 2015/03/02 09:03:49.528 連線確認 E122828927 (21,21)
[4208] 2015/03/02 09:04:49.542 連線確認 E122828927 (21,21)
[4208] 2015/03/02 09:05:49.556 連線確認 E122828927 (21,21)
[4208] 2015/03/02 09:06:49.569 連線確認 E122828927 (21,21)
[4208] 2015/03/02 09:07:02.839 收到 Head 資訊 {Count 2} {Type B } 
[4208] 2015/03/02 09:07:27.090 收到 Head 資訊 {Count 2} {Type C } 
[4208] 2015/03/02 09:07:37.129 收到 Head 資訊 {Count 2} {Type C } 
[4208] 2015/03/02 09:07:47.209 收到 Head 資訊 {Count 2} {Type C } 
[4208] 2015/03/02 09:07:49.582 連線確認 E122828927 (21,21)
[4208] 2015/03/02 09:08:49.595 連線確認 E122828927 (21,21)
[4208] 2015/03/02 09:09:49.610 連線確認 E122828927 (21,21)
[4208] 2015/03/02 09:10:49.624 連線確認 E122828927 (21,21)
[4208] 2015/03/02 09:11:49.637 連線確認 E122828927 (21,21)
[4208] 2015/03/02 09:12:03.955 收到 Head 資訊 {Count 2} {Type B } 
[4208] 2015/03/02 09:12:49.650 連線確認 E122828927 (21,21)
[4208] 2015/03/02 09:13:49.664 連線確認 E122828927 (21,21)
[4208] 2015/03/02 09:14:27.085 收到 Head 資訊 {Count 2} {Type C } 
[4208] 2015/03/02 09:14:37.114 收到 Head 資訊 {Count 2} {Type C } 
[4208] 2015/03/02 09:14:47.114 收到 Head 資訊 {Count 2} {Type C } 
[4208] 2015/03/02 09:14:49.677 連線確認 E122828927 (21,21)
[4208] 2015/03/02 09:14:57.114 收到 Head 資訊 {Count 2} {Type C } 
[4208] 2015/03/02 09:15:07.115 收到 Head 資訊 {Count 2} {Type C } 
[4208] 2015/03/02 09:15:49.691 連線確認 E122828927 (21,21)
[4208] 2015/03/02 09:16:49.704 連線確認 E122828927 (21,21)
[4208] 2015/03/02 09:17:05.023 收到 Head 資訊 {Count 2} {Type B } 
[4208] 2015/03/02 09:17:49.718 連線確認 E122828927 (21,21)
[4208] 2015/03/02 09:18:49.732 連線確認 E122828927 (21,21)
[4208] 2015/03/02 09:19:49.745 連線確認 E122828927 (21,21)
[4208] 2015/03/02 09:20:49.759 連線確認 E122828927 (21,21)
[4208] 2015/03/02 09:21:49.772 連線確認 E122828927 (21,21)
[4208] 2015/03/02 09:22:05.840 收到 Head 資訊 {Count 2} {Type B } 
[4208] 2015/03/02 09:22:49.786 連線確認 E122828927 (21,21)
[4208] 2015/03/02 09:23:49.800 連線確認 E122828927 (21,21)
[4208] 2015/03/02 09:24:49.814 連線確認 E122828927 (21,21)
[4208] 2015/03/02 09:25:49.828 連線確認 E122828927 (21,21)
[4208] 2015/03/02 09:26:49.841 連線確認 E122828927 (21,21)
[4208] 2015/03/02 09:27:06.717 收到 Head 資訊 {Count 2} {Type B } 
[4208] 2015/03/02 09:27:49.854 連線確認 E122828927 (21,21)
[4208] 2015/03/02 09:27:56.937 收到 Head 資訊 {Count 2} {Type C } 
[4208] 2015/03/02 09:28:49.868 連線確認 E122828927 (21,21)
[4208] 2015/03/02 09:29:49.881 連線確認 E122828927 (21,21)
[4208] 2015/03/02 09:30:49.894 連線確認 E122828927 (21,21)
[4208] 2015/03/02 09:31:49.910 連線確認 E122828927 (21,21)
[4208] 2015/03/02 09:32:07.795 收到 Head 資訊 {Count 2} {Type B } 
[4208] 2015/03/02 09:32:49.923 連線確認 E122828927 (21,21)
[4208] 2015/03/02 09:33:49.935 連線確認 E122828927 (21,21)
[4208] 2015/03/02 09:34:49.950 連線確認 E122828927 (21,21)
[4208] 2015/03/02 09:35:49.963 連線確認 E122828927 (21,21)
[4208] 2015/03/02 09:36:49.976 連線確認 E122828927 (21,21)
[4208] 2015/03/02 09:37:08.641 收到 Head 資訊 {Count 2} {Type B } 
[4208] 2015/03/02 09:37:49.990 連線確認 E122828927 (21,21)
[4208] 2015/03/02 09:38:50.004 連線確認 E122828927 (21,21)
[4208] 2015/03/02 09:39:50.018 連線確認 E122828927 (21,21)
[4208] 2015/03/02 09:40:50.031 連線確認 E122828927 (21,21)
[4208] 2015/03/02 09:41:50.044 連線確認 E122828927 (21,21)
[4208] 2015/03/02 09:42:09.705 收到 Head 資訊 {Count 2} {Type B } 
[4208] 2015/03/02 09:42:50.058 連線確認 E122828927 (21,21)
[4208] 2015/03/02 09:43:50.072 連線確認 E122828927 (21,21)
[4208] 2015/03/02 09:44:50.086 連線確認 E122828927 (21,21)
[4208] 2015/03/02 09:45:50.099 連線確認 E122828927 (21,21)
[4208] 2015/03/02 09:46:50.113 連線確認 E122828927 (21,21)
[4208] 2015/03/02 09:47:10.721 收到 Head 資訊 {Count 2} {Type B } 
[4208] 2015/03/02 09:47:50.126 連線確認 E122828927 (21,21)
[4208] 2015/03/02 09:48:50.139 連線確認 E122828927 (21,21)
[4208] 2015/03/02 09:49:50.153 連線確認 E122828927 (21,21)
[4208] 2015/03/02 09:50:50.166 連線確認 E122828927 (21,21)
[4208] 2015/03/02 09:51:50.180 連線確認 E122828927 (21,21)
[4208] 2015/03/02 09:52:11.728 收到 Head 資訊 {Count 2} {Type B } 
[4208] 2015/03/02 09:52:50.194 連線確認 E122828927 (21,21)
[4208] 2015/03/02 09:53:50.208 連線確認 E122828927 (21,21)
[4208] 2015/03/02 09:54:27.247 收到 Head 資訊 {Count 2} {Type C } 
[4208] 2015/03/02 09:54:37.146 收到 Head 資訊 {Count 2} {Type C } 
[4208] 2015/03/02 09:54:50.220 連線確認 E122828927 (21,21)
[4208] 2015/03/02 09:55:50.235 連線確認 E122828927 (21,21)
[4208] 2015/03/02 09:56:50.248 連線確認 E122828927 (21,21)
[4208] 2015/03/02 09:57:12.477 收到 Head 資訊 {Count 2} {Type B } 
[4208] 2015/03/02 09:57:50.262 連線確認 E122828927 (21,21)
[4208] 2015/03/02 09:58:50.276 連線確認 E122828927 (21,21)
[4208] 2015/03/02 09:59:50.289 連線確認 E122828927 (21,21)
[4208] 2015/03/02 10:00:50.302 連線確認 E122828927 (21,21)
[4208] 2015/03/02 10:01:50.318 連線確認 E122828927 (21,21)
[4208] 2015/03/02 10:02:13.294 收到 Head 資訊 {Count 2} {Type B } 
[4208] 2015/03/02 10:02:50.329 連線確認 E122828927 (21,21)
[4208] 2015/03/02 10:03:50.343 連線確認 E122828927 (21,21)
[4208] 2015/03/02 10:04:50.356 連線確認 E122828927 (21,21)
[4208] 2015/03/02 10:05:50.370 連線確認 E122828927 (21,21)
[4208] 2015/03/02 10:06:50.384 連線確認 E122828927 (21,21)
[4208] 2015/03/02 10:07:14.310 收到 Head 資訊 {Count 2} {Type B } 
[4208] 2015/03/02 10:07:50.399 連線確認 E122828927 (21,21)
[4208] 2015/03/02 10:08:07.089 收到 Head 資訊 {Count 2} {Type C } 
[4208] 2015/03/02 10:08:17.050 收到 Head 資訊 {Count 2} {Type C } 
[4208] 2015/03/02 10:08:27.140 收到 Head 資訊 {Count 2} {Type C } 
[4208] 2015/03/02 10:08:50.412 連線確認 E122828927 (21,21)
[4208] 2015/03/02 10:09:50.425 連線確認 E122828927 (21,21)
[4208] 2015/03/02 10:10:50.439 連線確認 E122828927 (21,21)
[4208] 2015/03/02 10:11:50.451 連線確認 E122828927 (21,21)
[4208] 2015/03/02 10:12:25.252 收到 Head 資訊 {Count 2} {Type B } 
[4208] 2015/03/02 10:12:50.465 連線確認 E122828927 (21,21)
[4208] 2015/03/02 10:13:50.480 連線確認 E122828927 (21,21)
[4208] 2015/03/02 10:14:27.063 收到 Head 資訊 {Count 2} {Type C } 
[4208] 2015/03/02 10:14:36.992 收到 Head 資訊 {Count 2} {Type C } 
[4208] 2015/03/02 10:14:47.142 收到 Head 資訊 {Count 2} {Type C } 
[4208] 2015/03/02 10:14:50.493 連線確認 E122828927 (21,21)
[4208] 2015/03/02 10:14:57.003 收到 Head 資訊 {Count 2} {Type C } 
[4208] 2015/03/02 10:15:50.507 連線確認 E122828927 (21,21)
[4208] 2015/03/02 10:16:50.520 連線確認 E122828927 (21,21)
[4208] 2015/03/02 10:17:16.501 收到 Head 資訊 {Count 2} {Type B } 
[4208] 2015/03/02 10:17:50.533 連線確認 E122828927 (21,21)
[4208] 2015/03/02 10:18:50.547 連線確認 E122828927 (21,21)
[4208] 2015/03/02 10:19:50.561 連線確認 E122828927 (21,21)
[4208] 2015/03/02 10:20:50.574 連線確認 E122828927 (21,21)
[4208] 2015/03/02 10:21:50.587 連線確認 E122828927 (21,21)
[4208] 2015/03/02 10:22:17.287 收到 Head 資訊 {Count 2} {Type B } 
[4208] 2015/03/02 10:22:50.602 連線確認 E122828927 (21,21)
[4208] 2015/03/02 10:23:50.614 連線確認 E122828927 (21,21)
[4208] 2015/03/02 10:24:50.630 連線確認 E122828927 (21,21)
[4208] 2015/03/02 10:25:50.643 連線確認 E122828927 (21,21)
[4208] 2015/03/02 10:26:50.656 連線確認 E122828927 (21,21)
[4208] 2015/03/02 10:27:18.484 收到 Head 資訊 {Count 2} {Type B } 
[4208] 2015/03/02 10:27:50.669 連線確認 E122828927 (21,21)
[4208] 2015/03/02 10:28:37.383 收到 Head 資訊 {Count 2} {Type C } 
[4208] 2015/03/02 10:28:47.413 收到 Head 資訊 {Count 2} {Type C } 
[4208] 2015/03/02 10:28:50.683 連線確認 E122828927 (21,21)
[4208] 2015/03/02 10:29:50.697 連線確認 E122828927 (21,21)
[4208] 2015/03/02 10:30:50.710 連線確認 E122828927 (21,21)
[4208] 2015/03/02 10:31:50.724 連線確認 E122828927 (21,21)
[4208] 2015/03/02 10:32:19.270 收到 Head 資訊 {Count 2} {Type B } 
[4208] 2015/03/02 10:32:50.738 連線確認 E122828927 (21,21)
[4208] 2015/03/02 10:33:50.750 連線確認 E122828927 (21,21)
[4208] 2015/03/02 10:34:50.764 連線確認 E122828927 (21,21)
[4208] 2015/03/02 10:35:50.778 連線確認 E122828927 (21,21)
[4208] 2015/03/02 10:36:50.792 連線確認 E122828927 (21,21)
[4208] 2015/03/02 10:37:20.347 收到 Head 資訊 {Count 2} {Type B } 
[4208] 2015/03/02 10:37:50.805 連線確認 E122828927 (21,21)
[4208] 2015/03/02 10:38:50.818 連線確認 E122828927 (21,21)
[4208] 2015/03/02 10:39:50.831 連線確認 E122828927 (21,21)
[4208] 2015/03/02 10:40:50.846 連線確認 E122828927 (21,21)
[4208] 2015/03/02 10:41:50.859 連線確認 E122828927 (21,21)
[4208] 2015/03/02 10:42:21.418 收到 Head 資訊 {Count 2} {Type B } 
[4208] 2015/03/02 10:42:50.874 連線確認 E122828927 (21,21)
[4208] 2015/03/02 10:43:50.887 連線確認 E122828927 (21,21)
[4208] 2015/03/02 10:44:50.900 連線確認 E122828927 (21,21)
[4208] 2015/03/02 10:45:50.913 連線確認 E122828927 (21,21)
[4208] 2015/03/02 10:46:50.927 連線確認 E122828927 (21,21)
[4208] 2015/03/02 10:47:22.314 收到 Head 資訊 {Count 2} {Type B } 
[4208] 2015/03/02 10:47:50.942 連線確認 E122828927 (21,21)
[4208] 2015/03/02 10:48:50.955 連線確認 E122828927 (21,21)
[4208] 2015/03/02 10:48:57.304 收到 Head 資訊 {Count 2} {Type C } 
[4208] 2015/03/02 10:49:07.313 收到 Head 資訊 {Count 2} {Type C } 
[4208] 2015/03/02 10:49:50.969 連線確認 E122828927 (21,21)
[4208] 2015/03/02 10:50:50.982 連線確認 E122828927 (21,21)
[4208] 2015/03/02 10:51:50.995 連線確認 E122828927 (21,21)
[4208] 2015/03/02 10:52:23.351 收到 Head 資訊 {Count 2} {Type B } 
[4208] 2015/03/02 10:52:51.009 連線確認 E122828927 (21,21)
[4208] 2015/03/02 10:53:51.023 連線確認 E122828927 (21,21)
[4208] 2015/03/02 10:54:27.245 收到 Head 資訊 {Count 2} {Type C } 
[4208] 2015/03/02 10:54:51.036 連線確認 E122828927 (21,21)
[4208] 2015/03/02 10:55:51.050 連線確認 E122828927 (21,21)
[4208] 2015/03/02 10:56:51.063 連線確認 E122828927 (21,21)
[4208] 2015/03/02 10:57:24.312 收到 Head 資訊 {Count 2} {Type B } 
[4208] 2015/03/02 10:57:51.077 連線確認 E122828927 (21,21)
[4208] 2015/03/02 10:58:51.090 連線確認 E122828927 (21,21)
[4208] 2015/03/02 10:59:51.105 連線確認 E122828927 (21,21)
[4208] 2015/03/02 11:00:51.118 連線確認 E122828927 (21,21)
[4208] 2015/03/02 11:01:51.132 連線確認 E122828927 (21,21)
[4208] 2015/03/02 11:02:25.209 收到 Head 資訊 {Count 2} {Type B } 
[4208] 2015/03/02 11:02:51.145 連線確認 E122828927 (21,21)
[4208] 2015/03/02 11:03:51.158 連線確認 E122828927 (21,21)
[4208] 2015/03/02 11:04:51.172 連線確認 E122828927 (21,21)
[4208] 2015/03/02 11:05:51.186 連線確認 E122828927 (21,21)
[4208] 2015/03/02 11:06:51.201 連線確認 E122828927 (21,21)
[4208] 2015/03/02 11:07:26.296 收到 Head 資訊 {Count 2} {Type B } 
[4208] 2015/03/02 11:07:51.213 連線確認 E122828927 (21,21)
[4208] 2015/03/02 11:08:47.607 收到 Head 資訊 {Count 2} {Type C } 
[4208] 2015/03/02 11:08:51.227 連線確認 E122828927 (21,21)
[4208] 2015/03/02 11:08:57.507 收到 Head 資訊 {Count 2} {Type C } 
[4208] 2015/03/02 11:09:07.436 收到 Head 資訊 {Count 2} {Type C } 
[4208] 2015/03/02 11:09:17.586 收到 Head 資訊 {Count 2} {Type C } 
[4208] 2015/03/02 11:09:51.240 連線確認 E122828927 (21,21)
[4208] 2015/03/02 11:10:51.254 連線確認 E122828927 (21,21)
[4208] 2015/03/02 11:11:51.268 連線確認 E122828927 (21,21)
[4208] 2015/03/02 11:12:27.244 收到 Head 資訊 {Count 2} {Type B } 
[4208] 2015/03/02 11:12:51.281 連線確認 E122828927 (21,21)
[4208] 2015/03/02 11:13:51.293 連線確認 E122828927 (21,21)
[4208] 2015/03/02 11:14:26.472 收到 Head 資訊 {Count 2} {Type C } 
[4208] 2015/03/02 11:14:36.463 收到 Head 資訊 {Count 2} {Type C } 
[4208] 2015/03/02 11:14:46.373 收到 Head 資訊 {Count 2} {Type C } 
[4208] 2015/03/02 11:14:51.308 連線確認 E122828927 (21,21)
[4208] 2015/03/02 11:14:56.232 收到 Head 資訊 {Count 2} {Type C } 
[4208] 2015/03/02 11:15:06.383 收到 Head 資訊 {Count 2} {Type C } 
[4208] 2015/03/02 11:15:51.321 連線確認 E122828927 (21,21)
[4208] 2015/03/02 11:16:51.335 連線確認 E122828927 (21,21)
[4208] 2015/03/02 11:17:28.191 收到 Head 資訊 {Count 2} {Type B } 
[4208] 2015/03/02 11:17:51.348 連線確認 E122828927 (21,21)
[4208] 2015/03/02 11:18:51.363 連線確認 E122828927 (21,21)
[4208] 2015/03/02 11:19:51.376 連線確認 E122828927 (21,21)
[4208] 2015/03/02 11:20:51.389 連線確認 E122828927 (21,21)
[4208] 2015/03/02 11:21:51.403 連線確認 E122828927 (21,21)
[4208] 2015/03/02 11:22:29.097 收到 Head 資訊 {Count 2} {Type B } 
[4208] 2015/03/02 11:22:51.417 連線確認 E122828927 (21,21)
[4208] 2015/03/02 11:23:51.430 連線確認 E122828927 (21,21)
[4208] 2015/03/02 11:24:51.444 連線確認 E122828927 (21,21)
[4208] 2015/03/02 11:25:51.458 連線確認 E122828927 (21,21)
[4208] 2015/03/02 11:26:51.471 連線確認 E122828927 (21,21)
[4208] 2015/03/02 11:27:30.294 收到 Head 資訊 {Count 2} {Type B } 
[4208] 2015/03/02 11:27:51.484 連線確認 E122828927 (21,21)
[4208] 2015/03/02 11:28:51.498 連線確認 E122828927 (21,21)
[4208] 2015/03/02 11:29:51.511 連線確認 E122828927 (21,21)
[4208] 2015/03/02 11:30:51.525 連線確認 E122828927 (21,21)
[4208] 2015/03/02 11:31:51.538 連線確認 E122828927 (21,21)
[4208] 2015/03/02 11:32:31.201 收到 Head 資訊 {Count 2} {Type B } 
[4208] 2015/03/02 11:32:51.553 連線確認 E122828927 (21,21)
[4208] 2015/03/02 11:33:51.566 連線確認 E122828927 (21,21)
[4208] 2015/03/02 11:34:26.399 收到 Head 資訊 {Count 2} {Type C } 
[4208] 2015/03/02 11:34:36.620 收到 Head 資訊 {Count 2} {Type C } 
[4208] 2015/03/02 11:34:46.519 收到 Head 資訊 {Count 2} {Type C } 
[4208] 2015/03/02 11:34:51.578 連線確認 E122828927 (21,21)
[4208] 2015/03/02 11:34:56.379 收到 Head 資訊 {Count 2} {Type C } 
[4208] 2015/03/02 11:35:06.528 收到 Head 資訊 {Count 2} {Type C } 
[4208] 2015/03/02 11:35:16.389 收到 Head 資訊 {Count 2} {Type C } 
[4208] 2015/03/02 11:35:26.538 收到 Head 資訊 {Count 2} {Type C } 
[4208] 2015/03/02 11:35:51.593 連線確認 E122828927 (21,21)
[4208] 2015/03/02 11:36:51.607 連線確認 E122828927 (21,21)
[4208] 2015/03/02 11:37:32.197 收到 Head 資訊 {Count 2} {Type B } 
[4208] 2015/03/02 11:37:51.622 連線確認 E122828927 (21,21)
[4208] 2015/03/02 11:38:51.634 連線確認 E122828927 (21,21)
[4208] 2015/03/02 11:39:51.647 連線確認 E122828927 (21,21)
[4208] 2015/03/02 11:40:51.660 連線確認 E122828927 (21,21)
[4208] 2015/03/02 11:41:51.675 連線確認 E122828927 (21,21)
[4208] 2015/03/02 11:42:33.094 收到 Head 資訊 {Count 2} {Type B } 
[4208] 2015/03/02 11:42:51.689 連線確認 E122828927 (21,21)
[4208] 2015/03/02 11:43:51.701 連線確認 E122828927 (21,21)
[4208] 2015/03/02 11:44:51.715 連線確認 E122828927 (21,21)
[4208] 2015/03/02 11:45:51.728 連線確認 E122828927 (21,21)
[4208] 2015/03/02 11:46:51.742 連線確認 E122828927 (21,21)
[4208] 2015/03/02 11:47:34.170 收到 Head 資訊 {Count 2} {Type B } 
[4208] 2015/03/02 11:47:51.756 連線確認 E122828927 (21,21)
[4208] 2015/03/02 11:48:51.771 連線確認 E122828927 (21,21)
[4208] 2015/03/02 11:49:16.639 收到 Head 資訊 {Count 2} {Type C } 
[4208] 2015/03/02 11:49:26.630 收到 Head 資訊 {Count 2} {Type C } 
[4208] 2015/03/02 11:49:51.784 連線確認 E122828927 (21,21)
[4208] 2015/03/02 11:50:51.797 連線確認 E122828927 (21,21)
[4208] 2015/03/02 11:51:51.810 連線確認 E122828927 (21,21)
[4208] 2015/03/02 11:52:35.157 收到 Head 資訊 {Count 2} {Type B } 
[4208] 2015/03/02 11:52:51.823 連線確認 E122828927 (21,21)
[4208] 2015/03/02 11:53:51.837 連線確認 E122828927 (21,21)
[4208] 2015/03/02 11:54:51.851 連線確認 E122828927 (21,21)
[4208] 2015/03/02 11:55:51.865 連線確認 E122828927 (21,21)
[4208] 2015/03/02 11:56:51.879 連線確認 E122828927 (21,21)
[4208] 2015/03/02 11:57:36.134 收到 Head 資訊 {Count 2} {Type B } 
[4208] 2015/03/02 11:57:51.891 連線確認 E122828927 (21,21)
[4208] 2015/03/02 11:58:51.906 連線確認 E122828927 (21,21)
[4208] 2015/03/02 11:59:51.918 連線確認 E122828927 (21,21)
[4208] 2015/03/02 12:00:51.933 連線確認 E122828927 (21,21)
[4208] 2015/03/02 12:01:51.946 連線確認 E122828927 (21,21)
[4208] 2015/03/02 12:02:37.280 收到 Head 資訊 {Count 2} {Type B } 
[4208] 2015/03/02 12:02:51.960 連線確認 E122828927 (21,21)
[4208] 2015/03/02 12:03:51.973 連線確認 E122828927 (21,21)
[4208] 2015/03/02 12:04:51.986 連線確認 E122828927 (21,21)
[4208] 2015/03/02 12:05:52.000 連線確認 E122828927 (21,21)
[4208] 2015/03/02 12:06:52.013 連線確認 E122828927 (21,21)
[4208] 2015/03/02 12:07:38.207 收到 Head 資訊 {Count 2} {Type B } 
[4208] 2015/03/02 12:07:52.028 連線確認 E122828927 (21,21)
[4208] 2015/03/02 12:08:52.041 連線確認 E122828927 (21,21)
[4208] 2015/03/02 12:09:16.906 收到 Head 資訊 {Count 2} {Type C } 
[4208] 2015/03/02 12:09:26.866 收到 Head 資訊 {Count 2} {Type C } 
[4208] 2015/03/02 12:09:37.106 收到 Head 資訊 {Count 2} {Type C } 
[4208] 2015/03/02 12:09:52.056 連線確認 E122828927 (21,21)
[4208] 2015/03/02 12:10:52.069 連線確認 E122828927 (21,21)
[4208] 2015/03/02 12:11:52.081 連線確認 E122828927 (21,21)
[4208] 2015/03/02 12:12:39.223 收到 Head 資訊 {Count 2} {Type B } 
[4208] 2015/03/02 12:12:52.096 連線確認 E122828927 (21,21)
[4208] 2015/03/02 12:13:52.109 連線確認 E122828927 (21,21)
[4208] 2015/03/02 12:14:26.812 收到 Head 資訊 {Count 2} {Type C } 
[4208] 2015/03/02 12:14:37.002 收到 Head 資訊 {Count 2} {Type C } 
[4208] 2015/03/02 12:14:52.123 連線確認 E122828927 (21,21)
[4208] 2015/03/02 12:15:52.136 連線確認 E122828927 (21,21)
[4208] 2015/03/02 12:16:52.151 連線確認 E122828927 (21,21)
[4208] 2015/03/02 12:17:40.081 收到 Head 資訊 {Count 2} {Type B } 
[4208] 2015/03/02 12:17:52.163 連線確認 E122828927 (21,21)
[4208] 2015/03/02 12:18:52.178 連線確認 E122828927 (21,21)
[4208] 2015/03/02 12:19:52.190 連線確認 E122828927 (21,21)
[4208] 2015/03/02 12:20:52.203 連線確認 E122828927 (21,21)
[4208] 2015/03/02 12:21:52.218 連線確認 E122828927 (21,21)
[4208] 2015/03/02 12:22:41.187 收到 Head 資訊 {Count 2} {Type B } 
[4208] 2015/03/02 12:22:52.231 連線確認 E122828927 (21,21)
[4208] 2015/03/02 12:23:52.246 連線確認 E122828927 (21,21)
[4208] 2015/03/02 12:24:52.258 連線確認 E122828927 (21,21)
[4208] 2015/03/02 12:25:52.273 連線確認 E122828927 (21,21)
[4208] 2015/03/02 12:26:52.285 連線確認 E122828927 (21,21)
[4208] 2015/03/02 12:27:42.163 收到 Head 資訊 {Count 2} {Type B } 
[4208] 2015/03/02 12:27:52.300 連線確認 E122828927 (21,21)
[4208] 2015/03/02 12:28:52.314 連線確認 E122828927 (21,21)
[4208] 2015/03/02 12:29:17.263 收到 Head 資訊 {Count 2} {Type C } 
[4208] 2015/03/02 12:29:27.182 收到 Head 資訊 {Count 2} {Type C } 
[4208] 2015/03/02 12:29:52.327 連線確認 E122828927 (21,21)
[4208] 2015/03/02 12:30:52.341 連線確認 E122828927 (21,21)
[4208] 2015/03/02 12:31:52.353 連線確認 E122828927 (21,21)
[4208] 2015/03/02 12:32:43.280 收到 Head 資訊 {Count 2} {Type B } 
[4208] 2015/03/02 12:32:52.368 連線確認 E122828927 (21,21)
[4208] 2015/03/02 12:33:52.380 連線確認 E122828927 (21,21)
[4208] 2015/03/02 12:34:27.099 收到 Head 資訊 {Count 2} {Type C } 
[4208] 2015/03/02 12:34:37.049 收到 Head 資訊 {Count 2} {Type C } 
[4208] 2015/03/02 12:34:52.395 連線確認 E122828927 (21,21)
[4208] 2015/03/02 12:35:52.409 連線確認 E122828927 (21,21)
[4208] 2015/03/02 12:36:52.421 連線確認 E122828927 (21,21)
[4208] 2015/03/02 12:37:44.006 收到 Head 資訊 {Count 2} {Type B } 
[4208] 2015/03/02 12:37:52.436 連線確認 E122828927 (21,21)
[4208] 2015/03/02 12:38:52.448 連線確認 E122828927 (21,21)
[4208] 2015/03/02 12:39:52.462 連線確認 E122828927 (21,21)
[4208] 2015/03/02 12:40:52.476 連線確認 E122828927 (21,21)
[4208] 2015/03/02 12:41:52.489 連線確認 E122828927 (21,21)
[4208] 2015/03/02 12:42:44.993 收到 Head 資訊 {Count 2} {Type B } 
[4208] 2015/03/02 12:42:52.504 連線確認 E122828927 (21,21)
[4208] 2015/03/02 12:43:52.516 連線確認 E122828927 (21,21)
[4208] 2015/03/02 12:44:52.531 連線確認 E122828927 (21,21)
[4208] 2015/03/02 12:45:52.544 連線確認 E122828927 (21,21)
[4208] 2015/03/02 12:46:52.558 連線確認 E122828927 (21,21)
[4208] 2015/03/02 12:47:46.040 收到 Head 資訊 {Count 2} {Type B } 
[4208] 2015/03/02 12:47:52.572 連線確認 E122828927 (21,21)
[4208] 2015/03/02 12:48:52.584 連線確認 E122828927 (21,21)
[4208] 2015/03/02 12:49:37.199 收到 Head 資訊 {Count 2} {Type C } 
[4208] 2015/03/02 12:49:47.199 收到 Head 資訊 {Count 2} {Type C } 
[4208] 2015/03/02 12:49:52.598 連線確認 E122828927 (21,21)
[4208] 2015/03/02 12:49:57.348 收到 Head 資訊 {Count 2} {Type C } 
[4208] 2015/03/02 12:50:07.209 收到 Head 資訊 {Count 2} {Type C } 
[4208] 2015/03/02 12:50:52.611 連線確認 E122828927 (21,21)
[4208] 2015/03/02 12:51:52.625 連線確認 E122828927 (21,21)
[4208] 2015/03/02 12:52:46.997 收到 Head 資訊 {Count 2} {Type B } 
[4208] 2015/03/02 12:52:52.639 連線確認 E122828927 (21,21)
[4208] 2015/03/02 12:53:52.652 連線確認 E122828927 (21,21)
[4208] 2015/03/02 12:54:28.206 收到 Head 資訊 {Count 2} {Type C } 
[4208] 2015/03/02 12:54:52.667 連線確認 E122828927 (21,21)
[4208] 2015/03/02 12:55:52.680 連線確認 E122828927 (21,21)
[4208] 2015/03/02 12:56:52.695 連線確認 E122828927 (21,21)
[4208] 2015/03/02 12:57:48.103 收到 Head 資訊 {Count 2} {Type B } 
[4208] 2015/03/02 12:57:52.706 連線確認 E122828927 (21,21)
[4208] 2015/03/02 12:58:52.720 連線確認 E122828927 (21,21)
[4208] 2015/03/02 12:59:52.735 連線確認 E122828927 (21,21)
[4208] 2015/03/02 13:00:52.748 連線確認 E122828927 (21,21)
[4208] 2015/03/02 13:01:52.761 連線確認 E122828927 (21,21)
[4208] 2015/03/02 13:02:49.119 收到 Head 資訊 {Count 2} {Type B } 
[4208] 2015/03/02 13:02:52.775 連線確認 E122828927 (21,21)
[4208] 2015/03/02 13:03:52.789 連線確認 E122828927 (21,21)
[4208] 2015/03/02 13:04:52.801 連線確認 E122828927 (21,21)
[4208] 2015/03/02 13:05:52.816 連線確認 E122828927 (21,21)
[4208] 2015/03/02 13:06:52.828 連線確認 E122828927 (21,21)
[4208] 2015/03/02 13:07:49.977 收到 Head 資訊 {Count 2} {Type B } 
[4208] 2015/03/02 13:07:52.844 連線確認 E122828927 (21,21)
[4208] 2015/03/02 13:08:52.857 連線確認 E122828927 (21,21)
[4208] 2015/03/02 13:09:52.870 連線確認 E122828927 (21,21)
[4208] 2015/03/02 13:10:08.245 收到 Head 資訊 {Count 2} {Type C } 
[4208] 2015/03/02 13:10:18.475 收到 Head 資訊 {Count 2} {Type C } 
[4208] 2015/03/02 13:10:52.884 連線確認 E122828927 (21,21)
[4208] 2015/03/02 13:11:52.896 連線確認 E122828927 (21,21)
[4208] 2015/03/02 13:12:51.073 收到 Head 資訊 {Count 2} {Type B } 
[4208] 2015/03/02 13:12:52.910 連線確認 E122828927 (21,21)
[4208] 2015/03/02 13:13:52.924 連線確認 E122828927 (21,21)
[4208] 2015/03/02 13:14:27.352 收到 Head 資訊 {Count 2} {Type C } 
[4208] 2015/03/02 13:14:37.362 收到 Head 資訊 {Count 2} {Type C } 
[4208] 2015/03/02 13:14:52.942 連線確認 E122828927 (21,21)
[4208] 2015/03/02 13:15:52.960 連線確認 E122828927 (21,21)
[4208] 2015/03/02 13:16:52.965 連線確認 E122828927 (21,21)
[4208] 2015/03/02 13:17:52.040 收到 Head 資訊 {Count 2} {Type B } 
[4208] 2015/03/02 13:17:52.979 連線確認 E122828927 (21,21)
[4208] 2015/03/02 13:18:52.991 連線確認 E122828927 (21,21)
[4208] 2015/03/02 13:19:53.005 連線確認 E122828927 (21,21)
[4208] 2015/03/02 13:20:53.019 連線確認 E122828927 (21,21)
[4208] 2015/03/02 13:21:53.034 連線確認 E122828927 (21,21)
[4208] 2015/03/02 13:22:53.046 連線確認 E122828927 (21,21)
[4208] 2015/03/02 13:22:53.237 收到 Head 資訊 {Count 2} {Type B } 
[4208] 2015/03/02 13:23:53.061 連線確認 E122828927 (21,21)
[4208] 2015/03/02 13:24:53.074 連線確認 E122828927 (21,21)
[4208] 2015/03/02 13:25:53.087 連線確認 E122828927 (21,21)
[4208] 2015/03/02 13:26:53.101 連線確認 E122828927 (21,21)
[4208] 2015/03/02 13:27:53.114 連線確認 E122828927 (21,21)
[4208] 2015/03/02 13:27:54.132 收到 Head 資訊 {Count 2} {Type B } 
[4208] 2015/03/02 13:28:53.128 連線確認 E122828927 (21,21)
[4208] 2015/03/02 13:29:53.142 連線確認 E122828927 (21,21)
[4208] 2015/03/02 13:30:37.611 收到 Head 資訊 {Count 2} {Type C } 
[4208] 2015/03/02 13:30:47.511 收到 Head 資訊 {Count 2} {Type C } 
[4208] 2015/03/02 13:30:53.155 連線確認 E122828927 (21,21)
[4208] 2015/03/02 13:30:57.501 收到 Head 資訊 {Count 2} {Type C } 
[4208] 2015/03/02 13:31:53.168 連線確認 E122828927 (21,21)
[4208] 2015/03/02 13:32:53.183 連線確認 E122828927 (21,21)
[4208] 2015/03/02 13:32:55.030 收到 Head 資訊 {Count 2} {Type B } 
[4208] 2015/03/02 13:33:53.196 連線確認 E122828927 (21,21)
[4208] 2015/03/02 13:34:53.209 連線確認 E122828927 (21,21)
[4208] 2015/03/02 13:35:53.224 連線確認 E122828927 (21,21)
[4208] 2015/03/02 13:36:53.236 連線確認 E122828927 (21,21)
[4208] 2015/03/02 13:37:53.251 連線確認 E122828927 (21,21)
[4208] 2015/03/02 13:37:56.610 收到 Head 資訊 {Count 2} {Type B } 
[4208] 2015/03/02 13:38:53.264 連線確認 E122828927 (21,21)
[4208] 2015/03/02 13:39:53.277 連線確認 E122828927 (21,21)
[4208] 2015/03/02 13:40:53.291 連線確認 E122828927 (21,21)
[4208] 2015/03/02 13:41:53.304 連線確認 E122828927 (21,21)
[4208] 2015/03/02 13:42:53.319 連線確認 E122828927 (21,21)
[4208] 2015/03/02 13:42:57.666 收到 Head 資訊 {Count 2} {Type B } 
[4208] 2015/03/02 13:43:53.332 連線確認 E122828927 (21,21)
[4208] 2015/03/02 13:44:53.346 連線確認 E122828927 (21,21)
[4208] 2015/03/02 13:45:53.358 連線確認 E122828927 (21,21)
[4208] 2015/03/02 13:46:53.373 連線確認 E122828927 (21,21)
[4208] 2015/03/02 13:47:53.386 連線確認 E122828927 (21,21)
[4208] 2015/03/02 13:47:58.552 收到 Head 資訊 {Count 2} {Type B } 
[4208] 2015/03/02 13:48:53.399 連線確認 E122828927 (21,21)
[4208] 2015/03/02 13:49:53.413 連線確認 E122828927 (21,21)
[4208] 2015/03/02 13:50:38.047 收到 Head 資訊 {Count 2} {Type C } 
[4208] 2015/03/02 13:50:48.077 收到 Head 資訊 {Count 2} {Type C } 
[4208] 2015/03/02 13:50:53.426 連線確認 E122828927 (21,21)
[4208] 2015/03/02 13:50:58.167 收到 Head 資訊 {Count 2} {Type C } 
[4208] 2015/03/02 13:51:08.187 收到 Head 資訊 {Count 2} {Type C } 
[4208] 2015/03/02 13:51:18.137 收到 Head 資訊 {Count 2} {Type C } 
[4208] 2015/03/02 13:51:28.146 收到 Head 資訊 {Count 2} {Type C } 
[4208] 2015/03/02 13:51:53.441 連線確認 E122828927 (21,21)
[4208] 2015/03/02 13:52:53.454 連線確認 E122828927 (21,21)
[4208] 2015/03/02 13:52:59.406 收到 Head 資訊 {Count 2} {Type B } 
[4208] 2015/03/02 13:53:53.469 連線確認 E122828927 (21,21)
[4208] 2015/03/02 13:54:27.005 收到 Head 資訊 {Count 2} {Type C } 
[4208] 2015/03/02 13:54:53.482 連線確認 E122828927 (21,21)
[4208] 2015/03/02 13:55:53.496 連線確認 E122828927 (21,21)
[4208] 2015/03/02 13:56:53.509 連線確認 E122828927 (21,21)
[4208] 2015/03/02 13:57:53.522 連線確認 E122828927 (21,21)
[4208] 2015/03/02 13:58:00.292 收到 Head 資訊 {Count 2} {Type B } 
[4208] 2015/03/02 13:58:53.537 連線確認 E122828927 (21,21)
[4208] 2015/03/02 13:59:53.548 連線確認 E122828927 (21,21)
[4208] 2015/03/02 14:00:53.563 連線確認 E122828927 (21,21)
[4208] 2015/03/02 14:01:53.576 連線確認 E122828927 (21,21)
[4208] 2015/03/02 14:02:53.590 連線確認 E122828927 (21,21)
[4208] 2015/03/02 14:03:01.328 收到 Head 資訊 {Count 2} {Type B } 
[4208] 2015/03/02 14:03:53.604 連線確認 E122828927 (21,21)
[4208] 2015/03/02 14:04:53.618 連線確認 E122828927 (21,21)
[4208] 2015/03/02 14:05:53.631 連線確認 E122828927 (21,21)
[4208] 2015/03/02 14:06:53.644 連線確認 E122828927 (21,21)
[4208] 2015/03/02 14:07:53.658 連線確認 E122828927 (21,21)
[4208] 2015/03/02 14:08:02.417 收到 Head 資訊 {Count 2} {Type B } 
[4208] 2015/03/02 14:08:53.671 連線確認 E122828927 (21,21)
[4208] 2015/03/02 14:09:53.685 連線確認 E122828927 (21,21)
[4208] 2015/03/02 14:10:47.275 收到 Head 資訊 {Count 2} {Type C } 
[4208] 2015/03/02 14:10:53.698 連線確認 E122828927 (21,21)
[4208] 2015/03/02 14:10:57.195 收到 Head 資訊 {Count 2} {Type C } 
[4208] 2015/03/02 14:11:07.274 收到 Head 資訊 {Count 2} {Type C } 
[4208] 2015/03/02 14:11:17.215 收到 Head 資訊 {Count 2} {Type C } 
[4208] 2015/03/02 14:11:27.165 收到 Head 資訊 {Count 2} {Type C } 
[4208] 2015/03/02 14:11:37.245 收到 Head 資訊 {Count 2} {Type C } 
[4208] 2015/03/02 14:11:47.184 收到 Head 資訊 {Count 2} {Type C } 
[4208] 2015/03/02 14:11:53.713 連線確認 E122828927 (21,21)
[4208] 2015/03/02 14:12:53.726 連線確認 E122828927 (21,21)
[4208] 2015/03/02 14:13:03.343 收到 Head 資訊 {Count 2} {Type B } 
[4208] 2015/03/02 14:13:53.739 連線確認 E122828927 (21,21)
[4208] 2015/03/02 14:14:53.752 連線確認 E122828927 (21,21)
[4208] 2015/03/02 14:15:53.767 連線確認 E122828927 (21,21)
[4208] 2015/03/02 14:16:53.780 連線確認 E122828927 (21,21)
[4208] 2015/03/02 14:17:53.794 連線確認 E122828927 (21,21)
[4208] 2015/03/02 14:18:04.339 收到 Head 資訊 {Count 2} {Type B } 
[4208] 2015/03/02 14:18:53.807 連線確認 E122828927 (21,21)
[4208] 2015/03/02 14:19:53.821 連線確認 E122828927 (21,21)
[4208] 2015/03/02 14:20:53.835 連線確認 E122828927 (21,21)
[4208] 2015/03/02 14:21:53.849 連線確認 E122828927 (21,21)
[4208] 2015/03/02 14:22:53.862 連線確認 E122828927 (21,21)
[4208] 2015/03/02 14:23:05.306 收到 Head 資訊 {Count 2} {Type B } 
[4208] 2015/03/02 14:23:53.875 連線確認 E122828927 (21,21)
[4208] 2015/03/02 14:24:53.888 連線確認 E122828927 (21,21)
[4208] 2015/03/02 14:25:53.903 連線確認 E122828927 (21,21)
[4208] 2015/03/02 14:26:53.916 連線確認 E122828927 (21,21)
[4208] 2015/03/02 14:27:53.930 連線確認 E122828927 (21,21)
[4208] 2015/03/02 14:28:06.333 收到 Head 資訊 {Count 2} {Type B } 
[4208] 2015/03/02 14:28:53.944 連線確認 E122828927 (21,21)
[4208] 2015/03/02 14:29:53.957 連線確認 E122828927 (21,21)
[4208] 2015/03/02 14:30:53.970 連線確認 E122828927 (21,21)
[4208] 2015/03/02 14:31:53.983 連線確認 E122828927 (21,21)
[4208] 2015/03/02 14:32:53.997 連線確認 E122828927 (21,21)
[4208] 2015/03/02 14:33:07.210 收到 Head 資訊 {Count 2} {Type B } 
[4208] 2015/03/02 14:33:54.010 連線確認 E122828927 (21,21)
[4208] 2015/03/02 14:34:27.260 收到 Head 資訊 {Count 2} {Type C } 
[4208] 2015/03/02 14:34:37.298 收到 Head 資訊 {Count 2} {Type C } 
[4208] 2015/03/02 14:34:54.024 連線確認 E122828927 (21,21)
[4208] 2015/03/02 14:35:54.038 連線確認 E122828927 (21,21)
[4208] 2015/03/02 14:36:54.051 連線確認 E122828927 (21,21)
[4208] 2015/03/02 14:37:54.066 連線確認 E122828927 (21,21)
[4208] 2015/03/02 14:38:08.367 收到 Head 資訊 {Count 2} {Type B } 
[4208] 2015/03/02 14:38:54.078 連線確認 E122828927 (21,21)
[4208] 2015/03/02 14:39:54.093 連線確認 E122828927 (21,21)
[4208] 2015/03/02 14:40:54.106 連線確認 E122828927 (21,21)
[4208] 2015/03/02 14:41:54.120 連線確認 E122828927 (21,21)
[4208] 2015/03/02 14:42:54.134 連線確認 E122828927 (21,21)
[4208] 2015/03/02 14:43:09.313 收到 Head 資訊 {Count 2} {Type B } 
[4208] 2015/03/02 14:43:54.147 連線確認 E122828927 (21,21)
[4208] 2015/03/02 14:44:54.161 連線確認 E122828927 (21,21)
[4208] 2015/03/02 14:45:54.173 連線確認 E122828927 (21,21)
[4208] 2015/03/02 14:46:54.188 連線確認 E122828927 (21,21)
[4208] 2015/03/02 14:47:54.202 連線確認 E122828927 (21,21)
[4208] 2015/03/02 14:48:10.319 收到 Head 資訊 {Count 2} {Type B } 
[4208] 2015/03/02 14:48:54.214 連線確認 E122828927 (21,21)
[4208] 2015/03/02 14:49:54.229 連線確認 E122828927 (21,21)
[4208] 2015/03/02 14:50:47.437 收到 Head 資訊 {Count 2} {Type C } 
[4208] 2015/03/02 14:50:54.242 連線確認 E122828927 (21,21)
[4208] 2015/03/02 14:50:57.346 收到 Head 資訊 {Count 2} {Type C } 
[4208] 2015/03/02 14:51:07.367 收到 Head 資訊 {Count 2} {Type C } 
[4208] 2015/03/02 14:51:17.446 收到 Head 資訊 {Count 2} {Type C } 
[4208] 2015/03/02 14:51:27.406 收到 Head 資訊 {Count 2} {Type C } 
[4208] 2015/03/02 14:51:37.365 收到 Head 資訊 {Count 2} {Type C } 
[4208] 2015/03/02 14:51:47.445 收到 Head 資訊 {Count 2} {Type C } 
[4208] 2015/03/02 14:51:54.255 連線確認 E122828927 (21,21)
[4208] 2015/03/02 14:51:57.406 收到 Head 資訊 {Count 2} {Type C } 
[4208] 2015/03/02 14:52:07.365 收到 Head 資訊 {Count 2} {Type C } 
[4208] 2015/03/02 14:52:17.445 收到 Head 資訊 {Count 2} {Type C } 
[4208] 2015/03/02 14:52:54.270 連線確認 E122828927 (21,21)
[4208] 2015/03/02 14:53:11.204 收到 Head 資訊 {Count 2} {Type B } 
[4208] 2015/03/02 14:53:54.283 連線確認 E122828927 (21,21)
[4208] 2015/03/02 14:54:54.297 連線確認 E122828927 (21,21)
[4208] 2015/03/02 14:55:54.309 連線確認 E122828927 (21,21)
[4208] 2015/03/02 14:56:54.324 連線確認 E122828927 (21,21)
[4208] 2015/03/02 14:57:54.338 連線確認 E122828927 (21,21)
[4208] 2015/03/02 14:58:12.160 收到 Head 資訊 {Count 2} {Type B } 
[4208] 2015/03/02 14:58:54.350 連線確認 E122828927 (21,21)
[4208] 2015/03/02 14:59:54.365 連線確認 E122828927 (21,21)
[4208] 2015/03/02 15:00:54.377 連線確認 E122828927 (21,21)
[4208] 2015/03/02 15:01:54.391 連線確認 E122828927 (21,21)
[4208] 2015/03/02 15:02:54.405 連線確認 E122828927 (21,21)
[4208] 2015/03/02 15:03:13.237 收到 Head 資訊 {Count 2} {Type B } 
[4208] 2015/03/02 15:03:54.419 連線確認 E122828927 (21,21)
[4208] 2015/03/02 15:04:54.432 連線確認 E122828927 (21,21)
[4208] 2015/03/02 15:05:54.447 連線確認 E122828927 (21,21)
[4208] 2015/03/02 15:06:54.460 連線確認 E122828927 (21,21)
[4208] 2015/03/02 15:07:54.472 連線確認 E122828927 (21,21)
[4208] 2015/03/02 15:08:14.194 收到 Head 資訊 {Count 2} {Type B } 
[4208] 2015/03/02 15:08:54.486 連線確認 E122828927 (21,21)
[4208] 2015/03/02 15:09:54.500 連線確認 E122828927 (21,21)
[4208] 2015/03/02 15:10:47.501 收到 Head 資訊 {Count 2} {Type C } 
[4208] 2015/03/02 15:10:54.515 連線確認 E122828927 (21,21)
[4208] 2015/03/02 15:11:54.527 連線確認 E122828927 (21,21)
[4208] 2015/03/02 15:12:54.540 連線確認 E122828927 (21,21)
[4208] 2015/03/02 15:13:14.924 收到 Head 資訊 {Count 2} {Type B } 
[4208] 2015/03/02 15:13:54.555 連線確認 E122828927 (21,21)
[4208] 2015/03/02 15:14:27.084 收到 Head 資訊 {Count 2} {Type C } 
[4208] 2015/03/02 15:14:37.164 收到 Head 資訊 {Count 2} {Type C } 
[4208] 2015/03/02 15:14:47.124 收到 Head 資訊 {Count 2} {Type C } 
[4208] 2015/03/02 15:14:54.568 連線確認 E122828927 (21,21)
[4208] 2015/03/02 15:14:57.133 收到 Head 資訊 {Count 2} {Type C } 
[4208] 2015/03/02 15:15:54.581 連線確認 E122828927 (21,21)
[4208] 2015/03/02 15:16:54.596 連線確認 E122828927 (21,21)
[4208] 2015/03/02 15:17:54.608 連線確認 E122828927 (21,21)
[4208] 2015/03/02 15:18:15.901 收到 Head 資訊 {Count 2} {Type B } 
[4208] 2015/03/02 15:18:54.622 連線確認 E122828927 (21,21)
[4208] 2015/03/02 15:19:54.636 連線確認 E122828927 (21,21)
[4208] 2015/03/02 15:20:54.651 連線確認 E122828927 (21,21)
[4208] 2015/03/02 15:21:54.664 連線確認 E122828927 (21,21)
[4208] 2015/03/02 15:22:54.676 連線確認 E122828927 (21,21)
[4208] 2015/03/02 15:23:16.867 收到 Head 資訊 {Count 2} {Type B } 
[4208] 2015/03/02 15:23:54.691 連線確認 E122828927 (21,21)
[4208] 2015/03/02 15:24:54.703 連線確認 E122828927 (21,21)
[4208] 2015/03/02 15:25:54.718 連線確認 E122828927 (21,21)
[4208] 2015/03/02 15:26:54.732 連線確認 E122828927 (21,21)
[4208] 2015/03/02 15:27:54.744 連線確認 E122828927 (21,21)
[4208] 2015/03/02 15:28:18.247 收到 Head 資訊 {Count 2} {Type B } 
[4208] 2015/03/02 15:28:54.760 連線確認 E122828927 (21,21)
[4208] 2015/03/02 15:29:54.771 連線確認 E122828927 (21,21)
[4208] 2015/03/02 15:30:47.955 收到 Head 資訊 {Count 2} {Type C } 
[4208] 2015/03/02 15:30:54.786 連線確認 E122828927 (21,21)
[4208] 2015/03/02 15:30:57.935 收到 Head 資訊 {Count 2} {Type C } 
[4208] 2015/03/02 15:31:07.864 收到 Head 資訊 {Count 2} {Type C } 
[4208] 2015/03/02 15:31:17.865 收到 Head 資訊 {Count 2} {Type C } 
[4208] 2015/03/02 15:31:27.865 收到 Head 資訊 {Count 2} {Type C } 
[4208] 2015/03/02 15:31:37.864 收到 Head 資訊 {Count 2} {Type C } 
[4208] 2015/03/02 15:31:47.864 收到 Head 資訊 {Count 2} {Type C } 
[4208] 2015/03/02 15:31:54.799 連線確認 E122828927 (21,21)
[4208] 2015/03/02 15:32:54.812 連線確認 E122828927 (21,21)
[4208] 2015/03/02 15:33:19.263 收到 Head 資訊 {Count 2} {Type B } 
[4208] 2015/03/02 15:33:54.827 連線確認 E122828927 (21,21)
[4208] 2015/03/02 15:34:27.862 收到 Head 資訊 {Count 2} {Type C } 
[4208] 2015/03/02 15:34:37.862 收到 Head 資訊 {Count 2} {Type C } 
[4208] 2015/03/02 15:34:47.872 收到 Head 資訊 {Count 2} {Type C } 
[4208] 2015/03/02 15:34:54.839 連線確認 E122828927 (21,21)
[4208] 2015/03/02 15:34:57.871 收到 Head 資訊 {Count 2} {Type C } 
[4208] 2015/03/02 15:35:07.872 收到 Head 資訊 {Count 2} {Type C } 
[4208] 2015/03/02 15:35:17.872 收到 Head 資訊 {Count 2} {Type C } 
[4208] 2015/03/02 15:35:54.854 連線確認 E122828927 (21,21)
[4208] 2015/03/02 15:36:54.867 連線確認 E122828927 (21,21)
[4208] 2015/03/02 15:37:54.880 連線確認 E122828927 (21,21)
[4208] 2015/03/02 15:38:20.250 收到 Head 資訊 {Count 2} {Type B } 
[4208] 2015/03/02 15:38:54.895 連線確認 E122828927 (21,21)
[4208] 2015/03/02 15:39:54.908 連線確認 E122828927 (21,21)
[4208] 2015/03/02 15:40:54.921 連線確認 E122828927 (21,21)
[4208] 2015/03/02 15:42:02.502 連線確認 E122828927 (21,21)
[4208] 2015/03/02 15:43:02.514 連線確認 E122828927 (21,21)
[4208] 2015/03/02 15:43:21.147 收到 Head 資訊 {Count 2} {Type B } 
[4208] 2015/03/02 15:44:02.528 連線確認 E122828927 (21,21)
[4208] 2015/03/02 15:45:02.542 連線確認 E122828927 (21,21)
[4208] 2015/03/02 15:46:02.555 連線確認 E122828927 (21,21)
[4208] 2015/03/02 15:47:02.569 連線確認 E122828927 (21,21)
[4208] 2015/03/02 15:48:02.586 連線確認 E122828927 (21,21)
[4208] 2015/03/02 15:48:22.163 收到 Head 資訊 {Count 2} {Type B } 
[4208] 2015/03/02 15:49:02.596 連線確認 E122828927 (21,21)
[4208] 2015/03/02 15:50:02.610 連線確認 E122828927 (21,21)
[4208] 2015/03/02 15:50:48.053 收到 Head 資訊 {Count 2} {Type C } 
[4208] 2015/03/02 15:50:58.122 收到 Head 資訊 {Count 2} {Type C } 
[4208] 2015/03/02 15:51:02.623 連線確認 E122828927 (21,21)
[4208] 2015/03/02 15:51:08.113 收到 Head 資訊 {Count 2} {Type C } 
[4208] 2015/03/02 15:51:18.112 收到 Head 資訊 {Count 2} {Type C } 
[4208] 2015/03/02 15:51:28.112 收到 Head 資訊 {Count 2} {Type C } 
[4208] 2015/03/02 15:51:38.112 收到 Head 資訊 {Count 2} {Type C } 
[4208] 2015/03/02 15:52:02.637 連線確認 E122828927 (21,21)
[4208] 2015/03/02 15:53:02.650 連線確認 E122828927 (21,21)
[4208] 2015/03/02 15:53:23.110 收到 Head 資訊 {Count 2} {Type B } 
[4208] 2015/03/02 15:54:02.664 連線確認 E122828927 (21,21)
[4208] 2015/03/02 15:54:27.910 收到 Head 資訊 {Count 2} {Type C } 
[4208] 2015/03/02 15:54:37.869 收到 Head 資訊 {Count 2} {Type C } 
[4208] 2015/03/02 15:54:47.851 收到 Head 資訊 {Count 2} {Type C } 
[4208] 2015/03/02 15:55:02.678 連線確認 E122828927 (21,21)
[4208] 2015/03/02 15:56:02.693 連線確認 E122828927 (21,21)
[4208] 2015/03/02 15:57:02.705 連線確認 E122828927 (21,21)
[4208] 2015/03/02 15:58:02.718 連線確認 E122828927 (21,21)
[4208] 2015/03/02 15:58:23.665 收到 Head 資訊 {Count 2} {Type B } 
[4208] 2015/03/02 15:59:02.732 連線確認 E122828927 (21,21)
[4208] 2015/03/02 16:00:02.746 連線確認 E122828927 (21,21)
[4208] 2015/03/02 16:01:02.758 連線確認 E122828927 (21,21)
[4208] 2015/03/02 16:02:02.773 連線確認 E122828927 (21,21)
[4208] 2015/03/02 16:03:02.786 連線確認 E122828927 (21,21)
[4208] 2015/03/02 16:03:24.702 收到 Head 資訊 {Count 2} {Type B } 
[4208] 2015/03/02 16:04:02.800 連線確認 E122828927 (21,21)
[4208] 2015/03/02 16:05:02.814 連線確認 E122828927 (21,21)
[4208] 2015/03/02 16:06:02.827 連線確認 E122828927 (21,21)
[4208] 2015/03/02 16:07:02.840 連線確認 E122828927 (21,21)
[4208] 2015/03/02 16:08:02.854 連線確認 E122828927 (21,21)
[4208] 2015/03/02 16:08:25.698 收到 Head 資訊 {Count 2} {Type B } 
[4208] 2015/03/02 16:09:02.868 連線確認 E122828927 (21,21)
[4208] 2015/03/02 16:10:02.882 連線確認 E122828927 (21,21)
[4208] 2015/03/02 16:10:57.696 收到 Head 資訊 {Count 2} {Type C } 
[4208] 2015/03/02 16:11:02.896 連線確認 E122828927 (21,21)
[4208] 2015/03/02 16:11:07.746 收到 Head 資訊 {Count 2} {Type C } 
[4208] 2015/03/02 16:11:17.736 收到 Head 資訊 {Count 2} {Type C } 
[4208] 2015/03/02 16:11:27.736 收到 Head 資訊 {Count 2} {Type C } 
[4208] 2015/03/02 16:11:37.736 收到 Head 資訊 {Count 2} {Type C } 
[4208] 2015/03/02 16:12:02.909 連線確認 E122828927 (21,21)
[4208] 2015/03/02 16:13:02.923 連線確認 E122828927 (21,21)
[4208] 2015/03/02 16:13:26.540 收到 Head 資訊 {Count 2} {Type B } 
[4208] 2015/03/02 16:14:02.935 連線確認 E122828927 (21,21)
[4208] 2015/03/02 16:14:27.340 收到 Head 資訊 {Count 2} {Type C } 
[4208] 2015/03/02 16:14:37.339 收到 Head 資訊 {Count 2} {Type C } 
[4208] 2015/03/02 16:14:47.430 收到 Head 資訊 {Count 2} {Type C } 
[4208] 2015/03/02 16:14:57.349 收到 Head 資訊 {Count 2} {Type C } 
[4208] 2015/03/02 16:15:02.950 連線確認 E122828927 (21,21)
[4208] 2015/03/02 16:15:07.349 收到 Head 資訊 {Count 2} {Type C } 
[4208] 2015/03/02 16:16:02.962 連線確認 E122828927 (21,21)
[4208] 2015/03/02 16:17:02.977 連線確認 E122828927 (21,21)
[4208] 2015/03/02 16:18:02.990 連線確認 E122828927 (21,21)
[4208] 2015/03/02 16:18:27.526 收到 Head 資訊 {Count 2} {Type B } 
[4208] 2015/03/02 16:19:03.003 連線確認 E122828927 (21,21)
[4208] 2015/03/02 16:20:03.017 連線確認 E122828927 (21,21)
[4208] 2015/03/02 16:21:03.030 連線確認 E122828927 (21,21)
[4208] 2015/03/02 16:22:03.044 連線確認 E122828927 (21,21)
[4208] 2015/03/02 16:23:03.057 連線確認 E122828927 (21,21)
[4208] 2015/03/02 16:23:28.543 收到 Head 資訊 {Count 2} {Type B } 
[4208] 2015/03/02 16:24:03.071 連線確認 E122828927 (21,21)
[4208] 2015/03/02 16:25:03.085 連線確認 E122828927 (21,21)
[4208] 2015/03/02 16:26:03.099 連線確認 E122828927 (21,21)
[4208] 2015/03/02 16:27:03.112 連線確認 E122828927 (21,21)
[4208] 2015/03/02 16:28:03.125 連線確認 E122828927 (21,21)
[4208] 2015/03/02 16:28:29.445 收到 Head 資訊 {Count 2} {Type B } 
[4208] 2015/03/02 16:29:03.139 連線確認 E122828927 (21,21)
[4208] 2015/03/02 16:30:03.152 連線確認 E122828927 (21,21)
[4208] 2015/03/02 16:31:03.167 連線確認 E122828927 (21,21)
[4208] 2015/03/02 16:31:17.563 收到 Head 資訊 {Count 2} {Type C } 
[4208] 2015/03/02 16:31:27.643 收到 Head 資訊 {Count 2} {Type C } 
[4208] 2015/03/02 16:31:37.573 收到 Head 資訊 {Count 2} {Type C } 
[4208] 2015/03/02 16:31:47.652 收到 Head 資訊 {Count 2} {Type C } 
[4208] 2015/03/02 16:31:57.642 收到 Head 資訊 {Count 2} {Type C } 
[4208] 2015/03/02 16:32:03.181 連線確認 E122828927 (21,21)
[4208] 2015/03/02 16:32:07.632 收到 Head 資訊 {Count 2} {Type C } 
[4208] 2015/03/02 16:33:03.194 連線確認 E122828927 (21,21)
[4208] 2015/03/02 16:33:30.431 收到 Head 資訊 {Count 2} {Type B } 
[4208] 2015/03/02 16:34:03.207 連線確認 E122828927 (21,21)
[4208] 2015/03/02 16:34:26.410 收到 Head 資訊 {Count 2} {Type C } 
[4208] 2015/03/02 16:34:36.461 收到 Head 資訊 {Count 2} {Type C } 
[4208] 2015/03/02 16:35:03.221 連線確認 E122828927 (21,21)
[4208] 2015/03/02 16:36:03.235 連線確認 E122828927 (21,21)
[4208] 2015/03/02 16:37:03.248 連線確認 E122828927 (21,21)
[4208] 2015/03/02 16:38:03.262 連線確認 E122828927 (21,21)
[4208] 2015/03/02 16:38:31.407 收到 Head 資訊 {Count 2} {Type B } 
[4208] 2015/03/02 16:39:03.275 連線確認 E122828927 (21,21)
[4208] 2015/03/02 16:40:03.289 連線確認 E122828927 (21,21)
[4208] 2015/03/02 16:41:03.302 連線確認 E122828927 (21,21)
[4208] 2015/03/02 16:42:03.316 連線確認 E122828927 (21,21)
[4208] 2015/03/02 16:43:03.500 連線確認 E122828927 (21,21)
[4208] 2015/03/02 16:43:32.711 收到 Head 資訊 {Count 2} {Type B } 
[4208] 2015/03/02 16:44:03.500 連線確認 E122828927 (21,21)
[4208] 2015/03/02 16:45:03.512 連線確認 E122828927 (21,21)
[4208] 2015/03/02 16:46:03.526 連線確認 E122828927 (21,21)
[4208] 2015/03/02 16:47:03.540 連線確認 E122828927 (21,21)
[4208] 2015/03/02 16:48:03.554 連線確認 E122828927 (21,21)
[4208] 2015/03/02 16:48:33.707 收到 Head 資訊 {Count 2} {Type B } 
[4208] 2015/03/02 16:49:03.568 連線確認 E122828927 (21,21)
[4208] 2015/03/02 16:50:03.581 連線確認 E122828927 (21,21)
[4208] 2015/03/02 16:51:03.595 連線確認 E122828927 (21,21)
[4208] 2015/03/02 16:51:17.005 收到 Head 資訊 {Count 2} {Type C } 
[4208] 2015/03/02 16:51:27.025 收到 Head 資訊 {Count 2} {Type C } 
[4208] 2015/03/02 16:51:36.985 收到 Head 資訊 {Count 2} {Type C } 
[4208] 2015/03/02 16:51:46.974 收到 Head 資訊 {Count 2} {Type C } 
[4208] 2015/03/02 16:51:56.965 收到 Head 資訊 {Count 2} {Type C } 
[4208] 2015/03/02 16:52:03.608 連線確認 E122828927 (21,21)
[4208] 2015/03/02 16:52:06.955 收到 Head 資訊 {Count 2} {Type C } 
[4208] 2015/03/02 16:52:17.034 收到 Head 資訊 {Count 2} {Type C } 
[4208] 2015/03/02 16:53:03.621 連線確認 E122828927 (21,21)
[4208] 2015/03/02 16:53:34.704 收到 Head 資訊 {Count 2} {Type B } 
[4208] 2015/03/02 16:54:03.634 連線確認 E122828927 (21,21)
[4208] 2015/03/02 16:55:03.649 連線確認 E122828927 (21,21)
[4208] 2015/03/02 16:56:03.662 連線確認 E122828927 (21,21)
[4208] 2015/03/02 16:57:03.676 連線確認 E122828927 (21,21)
[4208] 2015/03/02 16:58:03.689 連線確認 E122828927 (21,21)
[4208] 2015/03/02 16:58:35.889 收到 Head 資訊 {Count 2} {Type B } 
[4208] 2015/03/02 16:59:03.702 連線確認 E122828927 (21,21)
[4208] 2015/03/02 17:00:03.718 連線確認 E122828927 (21,21)
[4208] 2015/03/02 17:01:03.731 連線確認 E122828927 (21,21)
[4208] 2015/03/02 17:02:03.743 連線確認 E122828927 (21,21)
[4208] 2015/03/02 17:03:03.758 連線確認 E122828927 (21,21)
[4208] 2015/03/02 17:03:36.935 收到 Head 資訊 {Count 2} {Type B } 
[4208] 2015/03/02 17:04:03.771 連線確認 E122828927 (21,21)
[4208] 2015/03/02 17:05:03.785 連線確認 E122828927 (21,21)
[4208] 2015/03/02 17:06:03.797 連線確認 E122828927 (21,21)
[4208] 2015/03/02 17:07:03.812 連線確認 E122828927 (21,21)
[4208] 2015/03/02 17:08:03.825 連線確認 E122828927 (21,21)
[4208] 2015/03/02 17:08:07.502 收到 Head 資訊 {Count 2} {Type C } 
[4208] 2015/03/02 17:08:17.512 收到 Head 資訊 {Count 2} {Type C } 
[4208] 2015/03/02 17:08:27.512 收到 Head 資訊 {Count 2} {Type C } 
[4208] 2015/03/02 17:08:37.502 收到 Head 資訊 {Count 2} {Type C } 
[4208] 2015/03/02 17:08:37.951 收到 Head 資訊 {Count 2} {Type B } 
[4208] 2015/03/02 17:08:47.491 收到 Head 資訊 {Count 2} {Type C } 
[4208] 2015/03/02 17:08:57.481 收到 Head 資訊 {Count 2} {Type C } 
[4208] 2015/03/02 17:09:03.839 連線確認 E122828927 (21,21)
[4208] 2015/03/02 17:09:07.472 收到 Head 資訊 {Count 2} {Type C } 
[4208] 2015/03/02 17:09:17.461 收到 Head 資訊 {Count 2} {Type C } 
[4208] 2015/03/02 17:10:03.852 連線確認 E122828927 (21,21)
[4208] 2015/03/02 17:11:03.865 連線確認 E122828927 (21,21)
[4208] 2015/03/02 17:12:03.880 連線確認 E122828927 (21,21)
[4208] 2015/03/02 17:13:03.892 連線確認 E122828927 (21,21)
[4208] 2015/03/02 17:13:39.158 收到 Head 資訊 {Count 2} {Type B } 
[4208] 2015/03/02 17:14:03.906 連線確認 E122828927 (21,21)
[4208] 2015/03/02 17:15:03.921 連線確認 E122828927 (21,21)
[4208] 2015/03/02 17:16:03.933 連線確認 E122828927 (21,21)
[4208] 2015/03/02 17:17:03.946 連線確認 E122828927 (21,21)
[4208] 2015/03/02 17:18:03.962 連線確認 E122828927 (21,21)
[4208] 2015/03/02 17:18:40.118 收到 Head 資訊 {Count 2} {Type B } 
[4208] 2015/03/02 17:19:03.974 連線確認 E122828927 (21,21)
[4208] 2015/03/02 17:20:03.989 連線確認 E122828927 (21,21)
[4208] 2015/03/02 17:21:04.002 連線確認 E122828927 (21,21)
[4208] 2015/03/02 17:22:04.016 連線確認 E122828927 (21,21)
[4208] 2015/03/02 17:23:04.028 連線確認 E122828927 (21,21)
[4208] 2015/03/02 17:23:41.160 收到 Head 資訊 {Count 2} {Type B } 
[4208] 2015/03/02 17:24:04.043 連線確認 E122828927 (21,21)
[4208] 2015/03/02 17:25:04.056 連線確認 E122828927 (21,21)
[4208] 2015/03/02 17:25:17.999 收到 Head 資訊 {Count 2} {Type C } 
[4208] 2015/03/02 17:25:27.979 收到 Head 資訊 {Count 2} {Type C } 
[4208] 2015/03/02 17:25:37.939 收到 Head 資訊 {Count 2} {Type C } 
[4208] 2015/03/02 17:25:47.929 收到 Head 資訊 {Count 2} {Type C } 
[4208] 2015/03/02 17:25:57.928 收到 Head 資訊 {Count 2} {Type C } 
[4208] 2015/03/02 17:26:04.069 連線確認 E122828927 (21,21)
[4208] 2015/03/02 17:26:07.949 收到 Head 資訊 {Count 2} {Type C } 
[4208] 2015/03/02 17:26:17.948 收到 Head 資訊 {Count 2} {Type C } 
[4208] 2015/03/02 17:26:27.949 收到 Head 資訊 {Count 2} {Type C } 
[4208] 2015/03/02 17:26:37.948 收到 Head 資訊 {Count 2} {Type C } 
[4208] 2015/03/02 17:26:47.948 收到 Head 資訊 {Count 2} {Type C } 
[4208] 2015/03/02 17:26:57.947 收到 Head 資訊 {Count 2} {Type C } 
[4208] 2015/03/02 17:27:04.084 連線確認 E122828927 (21,21)
[4208] 2015/03/02 17:28:04.097 連線確認 E122828927 (21,21)
[4208] 2015/03/02 17:28:51.634 收到 Head 資訊 {Count 2} {Type B } 
[4208] 2015/03/02 17:29:04.110 連線確認 E122828927 (21,21)
[4208] 2015/03/02 17:30:04.125 連線確認 E122828927 (21,21)
[4208] 2015/03/02 17:31:04.138 連線確認 E122828927 (21,21)
[4208] 2015/03/02 17:32:04.152 連線確認 E122828927 (21,21)
[4208] 2015/03/02 17:33:04.165 連線確認 E122828927 (21,21)
[4208] 2015/03/02 17:33:42.821 收到 Head 資訊 {Count 2} {Type B } 
[4208] 2015/03/02 17:34:04.178 連線確認 E122828927 (21,21)
[4208] 2015/03/02 17:35:04.192 連線確認 E122828927 (21,21)
[4208] 2015/03/02 17:36:04.205 連線確認 E122828927 (21,21)
[4208] 2015/03/02 17:37:04.219 連線確認 E122828927 (21,21)
[4208] 2015/03/02 17:38:04.233 連線確認 E122828927 (21,21)
[4208] 2015/03/02 17:38:43.868 收到 Head 資訊 {Count 2} {Type B } 
[4208] 2015/03/02 17:39:04.247 連線確認 E122828927 (21,21)
[4208] 2015/03/02 17:40:04.260 連線確認 E122828927 (21,21)
[4208] 2015/03/02 17:41:04.274 連線確認 E122828927 (21,21)
[4208] 2015/03/02 17:42:04.288 連線確認 E122828927 (21,21)
[4208] 2015/03/02 17:42:27.914 收到 Head 資訊 {Count 2} {Type C } 
[4208] 2015/03/02 17:42:37.974 收到 Head 資訊 {Count 2} {Type C } 
[4208] 2015/03/02 17:42:47.925 收到 Head 資訊 {Count 2} {Type C } 
[4208] 2015/03/02 17:42:57.924 收到 Head 資訊 {Count 2} {Type C } 
[4208] 2015/03/02 17:43:04.300 連線確認 E122828927 (21,21)
[4208] 2015/03/02 17:43:07.924 收到 Head 資訊 {Count 2} {Type C } 
[4208] 2015/03/02 17:43:17.925 收到 Head 資訊 {Count 2} {Type C } 
[4208] 2015/03/02 17:43:27.924 收到 Head 資訊 {Count 2} {Type C } 
[4208] 2015/03/02 17:43:37.923 收到 Head 資訊 {Count 2} {Type C } 
[4208] 2015/03/02 17:43:44.804 收到 Head 資訊 {Count 2} {Type B } 
[4208] 2015/03/02 17:43:47.924 收到 Head 資訊 {Count 2} {Type C } 
[4208] 2015/03/02 17:43:57.924 收到 Head 資訊 {Count 2} {Type C } 
[4208] 2015/03/02 17:44:04.314 連線確認 E122828927 (21,21)
[4208] 2015/03/02 17:45:04.327 連線確認 E122828927 (21,21)
[4208] 2015/03/02 17:46:04.341 連線確認 E122828927 (21,21)
[4208] 2015/03/02 17:47:04.355 連線確認 E122828927 (21,21)
[4208] 2015/03/02 17:48:04.369 連線確認 E122828927 (21,21)
[4208] 2015/03/02 17:48:46.243 收到 Head 資訊 {Count 2} {Type B } 
[4208] 2015/03/02 17:49:04.382 連線確認 E122828927 (21,21)
[4208] 2015/03/02 17:50:04.395 連線確認 E122828927 (21,21)
[4208] 2015/03/02 17:51:04.410 連線確認 E122828927 (21,21)
[4208] 2015/03/02 17:52:04.422 連線確認 E122828927 (21,21)
[4208] 2015/03/02 17:53:04.436 連線確認 E122828927 (21,21)
[4208] 2015/03/02 17:53:47.200 收到 Head 資訊 {Count 2} {Type B } 
[4208] 2015/03/02 17:54:04.451 連線確認 E122828927 (21,21)
[4208] 2015/03/02 17:55:04.464 連線確認 E122828927 (21,21)
[4208] 2015/03/02 17:56:04.478 連線確認 E122828927 (21,21)
[4208] 2015/03/02 17:57:04.491 連線確認 E122828927 (21,21)
[4208] 2015/03/02 17:58:04.504 連線確認 E122828927 (21,21)
[4208] 2015/03/02 17:58:48.255 收到 Head 資訊 {Count 2} {Type B } 
[4208] 2015/03/02 17:59:04.518 連線確認 E122828927 (21,21)
[4208] 2015/03/02 17:59:43.271 收到 Head 資訊 {Count 2} {Type C } 
[4208] 2015/03/02 17:59:53.291 收到 Head 資訊 {Count 2} {Type C } 
[4208] 2015/03/02 18:00:03.291 收到 Head 資訊 {Count 2} {Type C } 
[4208] 2015/03/02 18:00:04.532 連線確認 E122828927 (21,21)
[4208] 2015/03/02 18:00:13.290 收到 Head 資訊 {Count 2} {Type C } 
[4208] 2015/03/02 18:00:23.290 收到 Head 資訊 {Count 2} {Type C } 
[4208] 2015/03/02 18:00:33.290 收到 Head 資訊 {Count 2} {Type C } 
[4208] 2015/03/02 18:00:43.289 收到 Head 資訊 {Count 2} {Type C } 
[4208] 2015/03/02 18:00:53.290 收到 Head 資訊 {Count 2} {Type C } 
[4208] 2015/03/02 18:01:03.290 收到 Head 資訊 {Count 2} {Type C } 
[4208] 2015/03/02 18:01:04.546 連線確認 E122828927 (21,21)
[4208] 2015/03/02 18:01:13.290 收到 Head 資訊 {Count 2} {Type C } 
[4208] 2015/03/02 18:01:23.290 收到 Head 資訊 {Count 2} {Type C } 
[4208] 2015/03/02 18:01:33.289 收到 Head 資訊 {Count 2} {Type C } 
[4208] 2015/03/02 18:01:43.289 收到 Head 資訊 {Count 2} {Type C } 
[4208] 2015/03/02 18:01:53.289 收到 Head 資訊 {Count 2} {Type C } 
[4208] 2015/03/02 18:02:03.329 收到 Head 資訊 {Count 2} {Type C } 
[4208] 2015/03/02 18:02:04.559 連線確認 E122828927 (21,21)
[4208] 2015/03/02 18:02:13.330 收到 Head 資訊 {Count 2} {Type C } 
[4208] 2015/03/02 18:03:04.573 連線確認 E122828927 (21,21)
[4208] 2015/03/02 18:03:48.378 收到 Head 資訊 {Count 2} {Type B } 
[4208] 2015/03/02 18:04:04.585 連線確認 E122828927 (21,21)
[4208] 2015/03/02 18:05:04.599 連線確認 E122828927 (21,21)
[4208] 2015/03/02 18:06:04.614 連線確認 E122828927 (21,21)
[4208] 2015/03/02 18:07:04.627 連線確認 E122828927 (21,21)
[4208] 2015/03/02 18:08:04.640 連線確認 E122828927 (21,21)
[4208] 2015/03/02 18:08:49.413 收到 Head 資訊 {Count 2} {Type B } 
[4208] 2015/03/02 18:09:04.654 連線確認 E122828927 (21,21)
[4208] 2015/03/02 18:10:04.668 連線確認 E122828927 (21,21)
[4208] 2015/03/02 18:11:04.681 連線確認 E122828927 (21,21)
[4208] 2015/03/02 18:12:04.694 連線確認 E122828927 (21,21)
[4208] 2015/03/02 18:13:04.709 連線確認 E122828927 (21,21)
[4208] 2015/03/02 18:13:50.371 收到 Head 資訊 {Count 2} {Type B } 
[4208] 2015/03/02 18:14:04.722 連線確認 E122828927 (21,21)
[4208] 2015/03/02 18:15:04.735 連線確認 E122828927 (21,21)
[4208] 2015/03/02 18:16:04.749 連線確認 E122828927 (21,21)
[4208] 2015/03/02 18:16:43.887 收到 Head 資訊 {Count 2} {Type C } 
[4208] 2015/03/02 18:16:53.878 收到 Head 資訊 {Count 2} {Type C } 
[4208] 2015/03/02 18:17:03.857 收到 Head 資訊 {Count 2} {Type C } 
[4208] 2015/03/02 18:17:04.762 連線確認 E122828927 (21,21)
[4208] 2015/03/02 18:17:13.887 收到 Head 資訊 {Count 2} {Type C } 
[4208] 2015/03/02 18:17:23.896 收到 Head 資訊 {Count 2} {Type C } 
[4208] 2015/03/02 18:17:33.907 收到 Head 資訊 {Count 2} {Type C } 
[4208] 2015/03/02 18:17:43.846 收到 Head 資訊 {Count 2} {Type C } 
[4208] 2015/03/02 18:17:53.856 收到 Head 資訊 {Count 2} {Type C } 
[4208] 2015/03/02 18:18:03.867 收到 Head 資訊 {Count 2} {Type C } 
[4208] 2015/03/02 18:18:04.776 連線確認 E122828927 (21,21)
[4208] 2015/03/02 18:18:13.876 收到 Head 資訊 {Count 2} {Type C } 
[4208] 2015/03/02 18:18:23.887 收到 Head 資訊 {Count 2} {Type C } 
[4208] 2015/03/02 18:18:33.896 收到 Head 資訊 {Count 2} {Type C } 
[4208] 2015/03/02 18:18:43.906 收到 Head 資訊 {Count 2} {Type C } 
[4208] 2015/03/02 18:18:51.815 收到 Head 資訊 {Count 2} {Type B } 
[4208] 2015/03/02 18:18:53.915 收到 Head 資訊 {Count 2} {Type C } 
[4208] 2015/03/02 18:19:04.789 連線確認 E122828927 (21,21)
[4208] 2015/03/02 18:20:04.804 連線確認 E122828927 (21,21)
[4208] 2015/03/02 18:21:04.817 連線確認 E122828927 (21,21)
[4208] 2015/03/02 18:22:04.831 連線確認 E122828927 (21,21)
[4208] 2015/03/02 18:23:04.844 連線確認 E122828927 (21,21)
[4208] 2015/03/02 18:23:52.822 收到 Head 資訊 {Count 2} {Type B } 
[4208] 2015/03/02 18:24:04.857 連線確認 E122828927 (21,21)
[4208] 2015/03/02 18:25:04.871 連線確認 E122828927 (21,21)
[4208] 2015/03/02 18:26:04.885 連線確認 E122828927 (21,21)
[4208] 2015/03/02 18:27:04.899 連線確認 E122828927 (21,21)
[4208] 2015/03/02 18:28:04.912 連線確認 E122828927 (21,21)
[4208] 2015/03/02 18:28:53.759 收到 Head 資訊 {Count 2} {Type B } 
[4208] 2015/03/02 18:29:04.925 連線確認 E122828927 (21,21)
[4208] 2015/03/02 18:30:04.939 連線確認 E122828927 (21,21)
[4208] 2015/03/02 18:31:04.953 連線確認 E122828927 (21,21)
[4208] 2015/03/02 18:32:04.965 連線確認 E122828927 (21,21)
[4208] 2015/03/02 18:33:04.980 連線確認 E122828927 (21,21)
[4208] 2015/03/02 18:33:44.268 收到 Head 資訊 {Count 2} {Type C } 
[4208] 2015/03/02 18:33:54.259 收到 Head 資訊 {Count 2} {Type C } 
[4208] 2015/03/02 18:33:54.888 收到 Head 資訊 {Count 2} {Type B } 
[4208] 2015/03/02 18:34:04.238 收到 Head 資訊 {Count 2} {Type C } 
[4208] 2015/03/02 18:34:04.994 連線確認 E122828927 (21,21)
[4208] 2015/03/02 18:34:14.248 收到 Head 資訊 {Count 2} {Type C } 
[4208] 2015/03/02 18:34:24.258 收到 Head 資訊 {Count 2} {Type C } 
[4208] 2015/03/02 18:35:05.008 連線確認 E122828927 (21,21)
[4208] 2015/03/02 18:36:05.020 連線確認 E122828927 (21,21)
[4208] 2015/03/02 18:37:05.035 連線確認 E122828927 (21,21)
[4208] 2015/03/02 18:38:05.048 連線確認 E122828927 (21,21)
[4208] 2015/03/02 18:38:55.854 收到 Head 資訊 {Count 2} {Type B } 
[4208] 2015/03/02 18:39:05.061 連線確認 E122828927 (21,21)
[4208] 2015/03/02 18:40:05.076 連線確認 E122828927 (21,21)
[4208] 2015/03/02 18:41:05.088 連線確認 E122828927 (21,21)
[4208] 2015/03/02 18:42:05.102 連線確認 E122828927 (21,21)
[4208] 2015/03/02 18:43:05.116 連線確認 E122828927 (21,21)
[4208] 2015/03/02 18:43:56.850 收到 Head 資訊 {Count 2} {Type B } 
[4208] 2015/03/02 18:44:05.129 連線確認 E122828927 (21,21)
[4208] 2015/03/02 18:45:05.142 連線確認 E122828927 (21,21)
[4208] 2015/03/02 18:46:05.156 連線確認 E122828927 (21,21)
[4208] 2015/03/02 18:47:05.170 連線確認 E122828927 (21,21)
[4208] 2015/03/02 18:48:05.184 連線確認 E122828927 (21,21)
[4208] 2015/03/02 18:48:57.349 收到 Head 資訊 {Count 2} {Type B } 
[4208] 2015/03/02 18:49:05.196 連線確認 E122828927 (21,21)
[4208] 2015/03/02 18:50:05.210 連線確認 E122828927 (21,21)
[4208] 2015/03/02 18:50:43.959 收到 Head 資訊 {Count 2} {Type C } 
[4208] 2015/03/02 18:50:53.968 收到 Head 資訊 {Count 2} {Type C } 
[4208] 2015/03/02 18:51:03.988 收到 Head 資訊 {Count 2} {Type C } 
[4208] 2015/03/02 18:51:05.225 連線確認 E122828927 (21,21)
[4208] 2015/03/02 18:51:13.998 收到 Head 資訊 {Count 2} {Type C } 
[4208] 2015/03/02 18:51:24.007 收到 Head 資訊 {Count 2} {Type C } 
[4208] 2015/03/02 18:51:33.948 收到 Head 資訊 {Count 2} {Type C } 
[4208] 2015/03/02 18:52:05.239 連線確認 E122828927 (21,21)
[4208] 2015/03/02 18:53:05.251 連線確認 E122828927 (21,21)
[4208] 2015/03/02 18:53:58.355 收到 Head 資訊 {Count 2} {Type B } 
[4208] 2015/03/02 18:54:05.266 連線確認 E122828927 (21,21)
[4208] 2015/03/02 18:55:05.278 連線確認 E122828927 (21,21)
[4208] 2015/03/02 18:56:05.292 連線確認 E122828927 (21,21)
[4208] 2015/03/02 18:57:05.307 連線確認 E122828927 (21,21)
[4208] 2015/03/02 18:58:05.320 連線確認 E122828927 (21,21)
[4208] 2015/03/02 18:58:59.361 收到 Head 資訊 {Count 2} {Type B } 
[4208] 2015/03/02 18:59:05.335 連線確認 E122828927 (21,21)
[4208] 2015/03/02 19:00:05.347 連線確認 E122828927 (21,21)
[4208] 2015/03/02 19:01:05.360 連線確認 E122828927 (21,21)
[4208] 2015/03/02 19:02:05.374 連線確認 E122828927 (21,21)
[4208] 2015/03/02 19:03:05.388 連線確認 E122828927 (21,21)
[4208] 2015/03/02 19:04:00.999 收到 Head 資訊 {Count 2} {Type B } 
[4208] 2015/03/02 19:04:05.400 連線確認 E122828927 (21,21)
[4208] 2015/03/02 19:05:05.415 連線確認 E122828927 (21,21)
[4208] 2015/03/02 19:06:05.427 連線確認 E122828927 (21,21)
[4208] 2015/03/02 19:07:05.443 連線確認 E122828927 (21,21)
[4208] 2015/03/02 19:08:05.456 連線確認 E122828927 (21,21)
[4208] 2015/03/02 19:09:01.995 收到 Head 資訊 {Count 2} {Type B } 
[4208] 2015/03/02 19:09:05.469 連線確認 E122828927 (21,21)
[4208] 2015/03/02 19:10:05.483 連線確認 E122828927 (21,21)
[4208] 2015/03/02 19:11:05.496 連線確認 E122828927 (21,21)
[4208] 2015/03/02 19:12:05.510 連線確認 E122828927 (21,21)
[4208] 2015/03/02 19:13:05.523 連線確認 E122828927 (21,21)
[4208] 2015/03/02 19:14:02.992 收到 Head 資訊 {Count 2} {Type B } 
[4208] 2015/03/02 19:14:05.538 連線確認 E122828927 (21,21)
[4208] 2015/03/02 19:15:05.550 連線確認 E122828927 (21,21)
[4208] 2015/03/02 19:16:05.564 連線確認 E122828927 (21,21)
[4208] 2015/03/02 19:17:05.578 連線確認 E122828927 (21,21)
[4208] 2015/03/02 19:18:05.590 連線確認 E122828927 (21,21)
[4208] 2015/03/02 19:19:03.262 收到 Head 資訊 {Count 2} {Type B } 
[4208] 2015/03/02 19:19:05.605 連線確認 E122828927 (21,21)
[4208] 2015/03/02 19:20:05.618 連線確認 E122828927 (21,21)
[4208] 2015/03/02 19:21:05.633 連線確認 E122828927 (21,21)
[4208] 2015/03/02 19:22:05.646 連線確認 E122828927 (21,21)
[4208] 2015/03/02 19:23:05.660 連線確認 E122828927 (21,21)
[4208] 2015/03/02 19:24:04.257 收到 Head 資訊 {Count 2} {Type B } 
[4208] 2015/03/02 19:24:05.672 連線確認 E122828927 (21,21)
[4208] 2015/03/02 19:25:05.686 連線確認 E122828927 (21,21)
[4208] 2015/03/02 19:26:05.700 連線確認 E122828927 (21,21)
[4208] 2015/03/02 19:27:05.713 連線確認 E122828927 (21,21)
[4208] 2015/03/02 19:28:05.727 連線確認 E122828927 (21,21)
[4208] 2015/03/02 19:29:05.254 收到 Head 資訊 {Count 2} {Type B } 
[4208] 2015/03/02 19:29:05.740 連線確認 E122828927 (21,21)
[4208] 2015/03/02 19:30:05.755 連線確認 E122828927 (21,21)
[4208] 2015/03/02 19:31:05.768 連線確認 E122828927 (21,21)
[4208] 2015/03/02 19:32:05.781 連線確認 E122828927 (21,21)
[4208] 2015/03/02 19:33:05.794 連線確認 E122828927 (21,21)
[4208] 2015/03/02 19:34:05.809 連線確認 E122828927 (21,21)
[4208] 2015/03/02 19:34:06.922 收到 Head 資訊 {Count 2} {Type B } 
[4208] 2015/03/02 19:35:05.821 連線確認 E122828927 (21,21)
[4208] 2015/03/02 19:36:05.836 連線確認 E122828927 (21,21)
[4208] 2015/03/02 19:37:05.849 連線確認 E122828927 (21,21)
[4208] 2015/03/02 19:38:05.863 連線確認 E122828927 (21,21)
[4208] 2015/03/02 19:39:05.876 連線確認 E122828927 (21,21)
[4208] 2015/03/02 19:39:07.918 收到 Head 資訊 {Count 2} {Type B } 
[4208] 2015/03/02 19:40:05.890 連線確認 E122828927 (21,21)
[4208] 2015/03/02 19:41:05.904 連線確認 E122828927 (21,21)
[4208] 2015/03/02 19:42:05.917 連線確認 E122828927 (21,21)
[4208] 2015/03/02 19:43:05.932 連線確認 E122828927 (21,21)
[4208] 2015/03/02 19:44:05.945 連線確認 E122828927 (21,21)
[4208] 2015/03/02 19:44:08.914 收到 Head 資訊 {Count 2} {Type B } 
[4208] 2015/03/02 19:45:05.958 連線確認 E122828927 (21,21)
[4208] 2015/03/02 19:46:05.971 連線確認 E122828927 (21,21)
[4208] 2015/03/02 19:47:05.985 連線確認 E122828927 (21,21)
[4208] 2015/03/02 19:48:05.999 連線確認 E122828927 (21,21)
[4208] 2015/03/02 19:49:06.012 連線確認 E122828927 (21,21)
[4208] 2015/03/02 19:49:09.367 收到 Head 資訊 {Count 2} {Type B } 
[4208] 2015/03/02 19:50:06.026 連線確認 E122828927 (21,21)
[4208] 2015/03/02 19:51:06.039 連線確認 E122828927 (21,21)
[4208] 2015/03/02 19:52:06.053 連線確認 E122828927 (21,21)
[4208] 2015/03/02 19:53:06.067 連線確認 E122828927 (21,21)
[4208] 2015/03/02 19:54:06.081 連線確認 E122828927 (21,21)
[4208] 2015/03/02 19:54:10.374 收到 Head 資訊 {Count 2} {Type B } 
[4208] 2015/03/02 19:55:06.094 連線確認 E122828927 (21,21)
[4208] 2015/03/02 19:56:06.107 連線確認 E122828927 (21,21)
[4208] 2015/03/02 19:57:06.121 連線確認 E122828927 (21,21)
[4208] 2015/03/02 19:58:06.135 連線確認 E122828927 (21,21)
[4208] 2015/03/02 19:59:06.148 連線確認 E122828927 (21,21)
[4208] 2015/03/02 19:59:11.370 收到 Head 資訊 {Count 2} {Type B } 
[4208] 2015/03/02 20:00:06.161 連線確認 E122828927 (21,21)
[4208] 2015/03/02 20:01:06.175 連線確認 E122828927 (21,21)
[4208] 2015/03/02 20:02:06.188 連線確認 E122828927 (21,21)
[4208] 2015/03/02 20:03:06.203 連線確認 E122828927 (21,21)
[4208] 2015/03/02 20:04:06.218 連線確認 E122828927 (21,21)
[4208] 2015/03/02 20:04:12.810 收到 Head 資訊 {Count 2} {Type B } 
[4208] 2015/03/02 20:05:06.231 連線確認 E122828927 (21,21)
[4208] 2015/03/02 20:06:06.243 連線確認 E122828927 (21,21)
[4208] 2015/03/02 20:07:06.257 連線確認 E122828927 (21,21)
[4208] 2015/03/02 20:08:06.271 連線確認 E122828927 (21,21)
[4208] 2015/03/02 20:09:06.283 連線確認 E122828927 (21,21)
[4208] 2015/03/02 20:09:13.807 收到 Head 資訊 {Count 2} {Type B } 
[4208] 2015/03/02 20:10:06.298 連線確認 E122828927 (21,21)
[4208] 2015/03/02 20:11:06.311 連線確認 E122828927 (21,21)
[4208] 2015/03/02 20:12:06.325 連線確認 E122828927 (21,21)
[4208] 2015/03/02 20:13:06.339 連線確認 E122828927 (21,21)
[4208] 2015/03/02 20:14:06.351 連線確認 E122828927 (21,21)
[4208] 2015/03/02 20:14:14.803 收到 Head 資訊 {Count 2} {Type B } 
[4208] 2015/03/02 20:15:06.365 連線確認 E122828927 (21,21)
[4208] 2015/03/02 20:16:06.379 連線確認 E122828927 (21,21)
[4208] 2015/03/02 20:17:06.392 連線確認 E122828927 (21,21)
[4208] 2015/03/02 20:18:06.407 連線確認 E122828927 (21,21)
[4208] 2015/03/02 20:19:06.420 連線確認 E122828927 (21,21)
[4208] 2015/03/02 20:19:14.993 收到 Head 資訊 {Count 2} {Type B } 
[4208] 2015/03/02 20:20:06.433 連線確認 E122828927 (21,21)
[4208] 2015/03/02 20:21:06.447 連線確認 E122828927 (21,21)
[4208] 2015/03/02 20:22:06.461 連線確認 E122828927 (21,21)
[4208] 2015/03/02 20:23:06.474 連線確認 E122828927 (21,21)
[4208] 2015/03/02 20:24:06.488 連線確認 E122828927 (21,21)
[4208] 2015/03/02 20:24:15.990 收到 Head 資訊 {Count 2} {Type B } 
[4208] 2015/03/02 20:25:06.502 連線確認 E122828927 (21,21)
[4208] 2015/03/02 20:26:06.515 連線確認 E122828927 (21,21)
[4208] 2015/03/02 20:27:06.528 連線確認 E122828927 (21,21)
[4208] 2015/03/02 20:28:06.542 連線確認 E122828927 (21,21)
[4208] 2015/03/02 20:29:06.557 連線確認 E122828927 (21,21)
[4208] 2015/03/02 20:29:16.986 收到 Head 資訊 {Count 2} {Type B } 
[4208] 2015/03/02 20:30:06.570 連線確認 E122828927 (21,21)
[4208] 2015/03/02 20:31:06.584 連線確認 E122828927 (21,21)
[4208] 2015/03/02 20:32:06.596 連線確認 E122828927 (21,21)
[4208] 2015/03/02 20:33:06.611 連線確認 E122828927 (21,21)
[4208] 2015/03/02 20:34:06.623 連線確認 E122828927 (21,21)
[4208] 2015/03/02 20:34:18.206 收到 Head 資訊 {Count 2} {Type B } 
[4208] 2015/03/02 20:35:06.638 連線確認 E122828927 (21,21)
[4208] 2015/03/02 20:36:06.651 連線確認 E122828927 (21,21)
[4208] 2015/03/02 20:37:06.664 連線確認 E122828927 (21,21)
[4208] 2015/03/02 20:38:06.678 連線確認 E122828927 (21,21)
[4208] 2015/03/02 20:39:06.691 連線確認 E122828927 (21,21)
[4208] 2015/03/02 20:39:19.211 收到 Head 資訊 {Count 2} {Type B } 
[4208] 2015/03/02 20:40:06.706 連線確認 E122828927 (21,21)
[4208] 2015/03/02 20:41:06.719 連線確認 E122828927 (21,21)
[4208] 2015/03/02 20:42:06.732 連線確認 E122828927 (21,21)
[4208] 2015/03/02 20:43:06.745 連線確認 E122828927 (21,21)
[4208] 2015/03/02 20:44:06.760 連線確認 E122828927 (21,21)
[4208] 2015/03/02 20:44:21.969 收到 Head 資訊 {Count 2} {Type B } 
[4208] 2015/03/02 20:45:06.772 連線確認 E122828927 (21,21)
[4208] 2015/03/02 20:46:06.787 連線確認 E122828927 (21,21)
[4208] 2015/03/02 20:47:06.801 連線確認 E122828927 (21,21)
[4208] 2015/03/02 20:48:06.814 連線確認 E122828927 (21,21)
[4208] 2015/03/02 20:49:06.827 連線確認 E122828927 (21,21)
[4208] 2015/03/02 20:49:23.581 收到 Head 資訊 {Count 2} {Type B } 
[4208] 2015/03/02 20:50:06.840 連線確認 E122828927 (21,21)
[4208] 2015/03/02 20:51:06.854 連線確認 E122828927 (21,21)
[4208] 2015/03/02 20:52:06.868 連線確認 E122828927 (21,21)
[4208] 2015/03/02 20:53:06.882 連線確認 E122828927 (21,21)
[4208] 2015/03/02 20:54:06.896 連線確認 E122828927 (21,21)
[4208] 2015/03/02 20:54:24.577 收到 Head 資訊 {Count 2} {Type B } 
[4208] 2015/03/02 20:55:06.909 連線確認 E122828927 (21,21)
[4208] 2015/03/02 20:56:06.923 連線確認 E122828927 (21,21)
[4208] 2015/03/02 20:57:06.935 連線確認 E122828927 (21,21)
[4208] 2015/03/02 20:58:06.949 連線確認 E122828927 (21,21)
[4208] 2015/03/02 20:59:06.963 連線確認 E122828927 (21,21)
[4208] 2015/03/02 20:59:25.573 收到 Head 資訊 {Count 2} {Type B } 
[4208] 2015/03/02 21:00:06.977 連線確認 E122828927 (21,21)
[4208] 2015/03/02 21:01:06.991 連線確認 E122828927 (21,21)
[4208] 2015/03/02 21:02:07.004 連線確認 E122828927 (21,21)
[4208] 2015/03/02 21:03:07.018 連線確認 E122828927 (21,21)
[4208] 2015/03/02 21:04:07.032 連線確認 E122828927 (21,21)
[4208] 2015/03/02 21:04:26.069 收到 Head 資訊 {Count 2} {Type B } 
[4208] 2015/03/02 21:05:07.044 連線確認 E122828927 (21,21)
[4208] 2015/03/02 21:06:07.058 連線確認 E122828927 (21,21)
[4208] 2015/03/02 21:07:07.072 連線確認 E122828927 (21,21)
[4208] 2015/03/02 21:08:07.085 連線確認 E122828927 (21,21)
[4208] 2015/03/02 21:09:07.100 連線確認 E122828927 (21,21)
[4208] 2015/03/02 21:09:27.105 收到 Head 資訊 {Count 2} {Type B } 
[4208] 2015/03/02 21:10:07.112 連線確認 E122828927 (21,21)
[4208] 2015/03/02 21:11:07.127 連線確認 E122828927 (21,21)
[4208] 2015/03/02 21:12:07.140 連線確認 E122828927 (21,21)
[4208] 2015/03/02 21:13:07.153 連線確認 E122828927 (21,21)
[4208] 2015/03/02 21:14:07.167 連線確認 E122828927 (21,21)
[4208] 2015/03/02 21:14:28.101 收到 Head 資訊 {Count 2} {Type B } 
[4208] 2015/03/02 21:15:07.181 連線確認 E122828927 (21,21)
[4208] 2015/03/02 21:16:07.195 連線確認 E122828927 (21,21)
[4208] 2015/03/02 21:17:07.208 連線確認 E122828927 (21,21)
[4208] 2015/03/02 21:18:07.221 連線確認 E122828927 (21,21)
[4208] 2015/03/02 21:19:07.235 連線確認 E122828927 (21,21)
[4208] 2015/03/02 21:19:29.098 收到 Head 資訊 {Count 2} {Type B } 
[4208] 2015/03/02 21:20:07.248 連線確認 E122828927 (21,21)
[4208] 2015/03/02 21:21:07.262 連線確認 E122828927 (21,21)
[4208] 2015/03/02 21:22:07.277 連線確認 E122828927 (21,21)
[4208] 2015/03/02 21:23:07.290 連線確認 E122828927 (21,21)
[4208] 2015/03/02 21:24:07.302 連線確認 E122828927 (21,21)
[4208] 2015/03/02 21:24:30.094 收到 Head 資訊 {Count 2} {Type B } 
[4208] 2015/03/02 21:25:07.317 連線確認 E122828927 (21,21)
[4208] 2015/03/02 21:26:07.330 連線確認 E122828927 (21,21)
[4208] 2015/03/02 21:27:07.344 連線確認 E122828927 (21,21)
[4208] 2015/03/02 21:28:07.358 連線確認 E122828927 (21,21)
[4208] 2015/03/02 21:29:07.371 連線確認 E122828927 (21,21)
[4208] 2015/03/02 21:29:31.101 收到 Head 資訊 {Count 2} {Type B } 
[4208] 2015/03/02 21:30:07.384 連線確認 E122828927 (21,21)
[4208] 2015/03/02 21:31:07.397 連線確認 E122828927 (21,21)
[4208] 2015/03/02 21:32:07.412 連線確認 E122828927 (21,21)
[4208] 2015/03/02 21:33:07.425 連線確認 E122828927 (21,21)
[4208] 2015/03/02 21:34:07.438 連線確認 E122828927 (21,21)
[4208] 2015/03/02 21:34:32.077 收到 Head 資訊 {Count 2} {Type B } 
[4208] 2015/03/02 21:35:07.452 連線確認 E122828927 (21,21)
[4208] 2015/03/02 21:36:07.466 連線確認 E122828927 (21,21)
[4208] 2015/03/02 21:37:07.479 連線確認 E122828927 (21,21)
[4208] 2015/03/02 21:38:07.493 連線確認 E122828927 (21,21)
[4208] 2015/03/02 21:39:07.507 連線確認 E122828927 (21,21)
[4208] 2015/03/02 21:39:33.074 收到 Head 資訊 {Count 2} {Type B } 
[4208] 2015/03/02 21:40:07.519 連線確認 E122828927 (21,21)
[4208] 2015/03/02 21:41:07.534 連線確認 E122828927 (21,21)
[4208] 2015/03/02 21:42:07.547 連線確認 E122828927 (21,21)
[4208] 2015/03/02 21:43:07.561 連線確認 E122828927 (21,21)
[4208] 2015/03/02 21:44:07.574 連線確認 E122828927 (21,21)
[4208] 2015/03/02 21:44:34.069 收到 Head 資訊 {Count 2} {Type B } 
[4208] 2015/03/02 21:45:07.589 連線確認 E122828927 (21,21)
[4208] 2015/03/02 21:46:07.602 連線確認 E122828927 (21,21)
[4208] 2015/03/02 21:47:07.616 連線確認 E122828927 (21,21)
[4208] 2015/03/02 21:48:07.629 連線確認 E122828927 (21,21)
[4208] 2015/03/02 21:49:07.643 連線確認 E122828927 (21,21)
[4208] 2015/03/02 21:49:34.987 收到 Head 資訊 {Count 2} {Type B } 
[4208] 2015/03/02 21:50:07.656 連線確認 E122828927 (21,21)
[4208] 2015/03/02 21:51:07.670 連線確認 E122828927 (21,21)
[4208] 2015/03/02 21:52:07.683 連線確認 E122828927 (21,21)
[4208] 2015/03/02 21:53:07.697 連線確認 E122828927 (21,21)
[4208] 2015/03/02 21:54:07.710 連線確認 E122828927 (21,21)
[4208] 2015/03/02 21:54:35.983 收到 Head 資訊 {Count 2} {Type B } 
[4208] 2015/03/02 21:55:07.724 連線確認 E122828927 (21,21)
[4208] 2015/03/02 21:56:07.738 連線確認 E122828927 (21,21)
[4208] 2015/03/02 21:57:07.752 連線確認 E122828927 (21,21)
[4208] 2015/03/02 21:58:07.764 連線確認 E122828927 (21,21)
[4208] 2015/03/02 21:59:07.778 連線確認 E122828927 (21,21)
[4208] 2015/03/02 21:59:36.979 收到 Head 資訊 {Count 2} {Type B } 
[4208] 2015/03/02 22:00:07.793 連線確認 E122828927 (21,21)
[4208] 2015/03/02 22:01:07.805 連線確認 E122828927 (21,21)
[4208] 2015/03/02 22:02:07.819 連線確認 E122828927 (21,21)
[4208] 2015/03/02 22:03:07.832 連線確認 E122828927 (21,21)
[4208] 2015/03/02 22:04:07.845 連線確認 E122828927 (21,21)
[4208] 2015/03/02 22:04:37.947 收到 Head 資訊 {Count 2} {Type B } 
[4208] 2015/03/02 22:05:07.860 連線確認 E122828927 (21,21)
[4208] 2015/03/02 22:06:07.874 連線確認 E122828927 (21,21)
[4208] 2015/03/02 22:07:07.887 連線確認 E122828927 (21,21)
[4208] 2015/03/02 22:08:07.901 連線確認 E122828927 (21,21)
[4208] 2015/03/02 22:09:07.914 連線確認 E122828927 (21,21)
[4208] 2015/03/02 22:09:38.983 收到 Head 資訊 {Count 2} {Type B } 
[4208] 2015/03/02 22:10:07.927 連線確認 E122828927 (21,21)
[4208] 2015/03/02 22:11:07.941 連線確認 E122828927 (21,21)
[4208] 2015/03/02 22:12:07.955 連線確認 E122828927 (21,21)
[4208] 2015/03/02 22:13:07.968 連線確認 E122828927 (21,21)
[4208] 2015/03/02 22:14:07.984 連線確認 E122828927 (21,21)
[4208] 2015/03/02 22:14:39.931 收到 Head 資訊 {Count 2} {Type B } 
[4208] 2015/03/02 22:15:07.995 連線確認 E122828927 (21,21)
[4208] 2015/03/02 22:16:08.010 連線確認 E122828927 (21,21)
[4208] 2015/03/02 22:17:08.023 連線確認 E122828927 (21,21)
[4208] 2015/03/02 22:18:08.036 連線確認 E122828927 (21,21)
[4208] 2015/03/02 22:19:08.050 連線確認 E122828927 (21,21)
[4208] 2015/03/02 22:19:41.391 收到 Head 資訊 {Count 2} {Type B } 
[4208] 2015/03/02 22:20:08.064 連線確認 E122828927 (21,21)
[4208] 2015/03/02 22:21:08.077 連線確認 E122828927 (21,21)
[4208] 2015/03/02 22:22:08.091 連線確認 E122828927 (21,21)
[4208] 2015/03/02 22:23:08.105 連線確認 E122828927 (21,21)
[4208] 2015/03/02 22:24:08.118 連線確認 E122828927 (21,21)
[4208] 2015/03/02 22:24:42.388 收到 Head 資訊 {Count 2} {Type B } 
[4208] 2015/03/02 22:25:08.132 連線確認 E122828927 (21,21)
[4208] 2015/03/02 22:26:08.145 連線確認 E122828927 (21,21)
[4208] 2015/03/02 22:27:08.159 連線確認 E122828927 (21,21)
[4208] 2015/03/02 22:28:08.172 連線確認 E122828927 (21,21)
[4208] 2015/03/02 22:29:08.187 連線確認 E122828927 (21,21)
[4208] 2015/03/02 22:29:43.384 收到 Head 資訊 {Count 2} {Type B } 
[4208] 2015/03/02 22:30:08.200 連線確認 E122828927 (21,21)
[4208] 2015/03/02 22:31:08.213 連線確認 E122828927 (21,21)
[4208] 2015/03/02 22:32:08.227 連線確認 E122828927 (21,21)
[4208] 2015/03/02 22:33:08.239 連線確認 E122828927 (21,21)
[4208] 2015/03/02 22:34:08.254 連線確認 E122828927 (21,21)
[4208] 2015/03/02 22:34:43.734 收到 Head 資訊 {Count 2} {Type B } 
[4208] 2015/03/02 22:35:08.268 連線確認 E122828927 (21,21)
[4208] 2015/03/02 22:36:08.281 連線確認 E122828927 (21,21)
[4208] 2015/03/02 22:37:08.295 連線確認 E122828927 (21,21)
[4208] 2015/03/02 22:38:08.308 連線確認 E122828927 (21,21)
[4208] 2015/03/02 22:39:08.322 連線確認 E122828927 (21,21)
[4208] 2015/03/02 22:39:44.749 收到 Head 資訊 {Count 2} {Type B } 
[4208] 2015/03/02 22:40:08.335 連線確認 E122828927 (21,21)
[4208] 2015/03/02 22:41:08.350 連線確認 E122828927 (21,21)
[4208] 2015/03/02 22:42:08.362 連線確認 E122828927 (21,21)
[4208] 2015/03/02 22:43:08.376 連線確認 E122828927 (21,21)
[4208] 2015/03/02 22:44:08.390 連線確認 E122828927 (21,21)
[4208] 2015/03/02 22:44:45.765 收到 Head 資訊 {Count 2} {Type B } 
[4208] 2015/03/02 22:45:08.403 連線確認 E122828927 (21,21)
[4208] 2015/03/02 22:46:08.416 連線確認 E122828927 (21,21)
[4208] 2015/03/02 22:47:08.430 連線確認 E122828927 (21,21)
[4208] 2015/03/02 22:48:08.444 連線確認 E122828927 (21,21)
[4208] 2015/03/02 22:49:08.458 連線確認 E122828927 (21,21)
[4208] 2015/03/02 22:49:47.243 收到 Head 資訊 {Count 2} {Type B } 
[4208] 2015/03/02 22:50:08.471 連線確認 E122828927 (21,21)
[4208] 2015/03/02 22:51:08.485 連線確認 E122828927 (21,21)
[4208] 2015/03/02 22:52:08.499 連線確認 E122828927 (21,21)
[4208] 2015/03/02 22:53:08.512 連線確認 E122828927 (21,21)
[4208] 2015/03/02 22:54:08.525 連線確認 E122828927 (21,21)
[4208] 2015/03/02 22:54:48.249 收到 Head 資訊 {Count 2} {Type B } 
[4208] 2015/03/02 22:55:08.538 連線確認 E122828927 (21,21)
[4208] 2015/03/02 22:56:08.553 連線確認 E122828927 (21,21)
[4208] 2015/03/02 22:57:08.566 連線確認 E122828927 (21,21)
[4208] 2015/03/02 22:58:08.580 連線確認 E122828927 (21,21)
[4208] 2015/03/02 22:59:08.593 連線確認 E122828927 (21,21)
[4208] 2015/03/02 22:59:49.204 收到 Head 資訊 {Count 2} {Type B } 
[4208] 2015/03/02 23:00:08.607 連線確認 E122828927 (21,21)
[4208] 2015/03/02 23:01:08.621 連線確認 E122828927 (21,21)
[4208] 2015/03/02 23:02:08.633 連線確認 E122828927 (21,21)
[4208] 2015/03/02 23:03:08.647 連線確認 E122828927 (21,21)
[4208] 2015/03/02 23:04:08.661 連線確認 E122828927 (21,21)
[4208] 2015/03/02 23:04:49.780 收到 Head 資訊 {Count 2} {Type B } 
[4208] 2015/03/02 23:05:08.674 連線確認 E122828927 (21,21)
[4208] 2015/03/02 23:06:08.689 連線確認 E122828927 (21,21)
[4208] 2015/03/02 23:07:08.701 連線確認 E122828927 (21,21)
[4208] 2015/03/02 23:08:08.716 連線確認 E122828927 (21,21)
[4208] 2015/03/02 23:09:08.730 連線確認 E122828927 (21,21)
[4208] 2015/03/02 23:09:50.777 收到 Head 資訊 {Count 2} {Type B } 
[4208] 2015/03/02 23:10:08.743 連線確認 E122828927 (21,21)
[4208] 2015/03/02 23:11:08.756 連線確認 E122828927 (21,21)
[4208] 2015/03/02 23:12:08.770 連線確認 E122828927 (21,21)
[4208] 2015/03/02 23:13:08.784 連線確認 E122828927 (21,21)
[4208] 2015/03/02 23:14:08.797 連線確認 E122828927 (21,21)
[4208] 2015/03/02 23:14:51.773 收到 Head 資訊 {Count 2} {Type B } 
[4208] 2015/03/02 23:15:08.812 連線確認 E122828927 (21,21)
[4208] 2015/03/02 23:16:08.825 連線確認 E122828927 (21,21)
[4208] 2015/03/02 23:17:08.839 連線確認 E122828927 (21,21)
[4208] 2015/03/02 23:18:08.852 連線確認 E122828927 (21,21)
[4208] 2015/03/02 23:19:08.866 連線確認 E122828927 (21,21)
[4208] 2015/03/02 23:19:53.130 收到 Head 資訊 {Count 2} {Type B } 
[4208] 2015/03/02 23:20:08.878 連線確認 E122828927 (21,21)
[4208] 2015/03/02 23:21:08.892 連線確認 E122828927 (21,21)
[4208] 2015/03/02 23:22:08.905 連線確認 E122828927 (21,21)
[4208] 2015/03/02 23:23:08.919 連線確認 E122828927 (21,21)
[4208] 2015/03/02 23:24:08.932 連線確認 E122828927 (21,21)
[4208] 2015/03/02 23:24:54.146 收到 Head 資訊 {Count 2} {Type B } 
[4208] 2015/03/02 23:25:08.947 連線確認 E122828927 (21,21)
[4208] 2015/03/02 23:26:08.960 連線確認 E122828927 (21,21)
[4208] 2015/03/02 23:27:08.973 連線確認 E122828927 (21,21)
[4208] 2015/03/02 23:28:08.987 連線確認 E122828927 (21,21)
[4208] 2015/03/02 23:29:09.000 連線確認 E122828927 (21,21)
[4208] 2015/03/02 23:29:55.161 收到 Head 資訊 {Count 2} {Type B } 
[4208] 2015/03/02 23:30:09.015 連線確認 E122828927 (21,21)
[4208] 2015/03/02 23:31:09.028 連線確認 E122828927 (21,21)
[4208] 2015/03/02 23:32:09.042 連線確認 E122828927 (21,21)
[4208] 2015/03/02 23:33:09.055 連線確認 E122828927 (21,21)
[4208] 2015/03/02 23:34:09.069 連線確認 E122828927 (21,21)
[4208] 2015/03/02 23:34:55.958 收到 Head 資訊 {Count 2} {Type B } 
[4208] 2015/03/02 23:35:09.082 連線確認 E122828927 (21,21)
[4208] 2015/03/02 23:36:09.096 連線確認 E122828927 (21,21)
[4208] 2015/03/02 23:37:09.110 連線確認 E122828927 (21,21)
[4208] 2015/03/02 23:38:09.124 連線確認 E122828927 (21,21)
[4208] 2015/03/02 23:39:09.136 連線確認 E122828927 (21,21)
[4208] 2015/03/02 23:39:56.973 收到 Head 資訊 {Count 2} {Type B } 
[4208] 2015/03/02 23:40:09.151 連線確認 E122828927 (21,21)
[4208] 2015/03/02 23:41:09.163 連線確認 E122828927 (21,21)
[4208] 2015/03/02 23:42:09.178 連線確認 E122828927 (21,21)
[4208] 2015/03/02 23:43:09.192 連線確認 E122828927 (21,21)
[4208] 2015/03/02 23:44:09.206 連線確認 E122828927 (21,21)
[4208] 2015/03/02 23:44:57.990 收到 Head 資訊 {Count 2} {Type B } 
[4208] 2015/03/02 23:45:09.219 連線確認 E122828927 (21,21)
[4208] 2015/03/02 23:46:09.232 連線確認 E122828927 (21,21)
[4208] 2015/03/02 23:47:09.245 連線確認 E122828927 (21,21)
[4208] 2015/03/02 23:48:09.259 連線確認 E122828927 (21,21)
[4208] 2015/03/02 23:49:09.273 連線確認 E122828927 (21,21)
[4208] 2015/03/02 23:50:09.182 收到 Head 資訊 {Count 2} {Type B } 
[4208] 2015/03/02 23:50:09.286 連線確認 E122828927 (21,21)
[4208] 2015/03/02 23:51:09.299 連線確認 E122828927 (21,21)
[4208] 2015/03/02 23:52:09.314 連線確認 E122828927 (21,21)
[4208] 2015/03/02 23:53:09.327 連線確認 E122828927 (21,21)
[4208] 2015/03/02 23:54:09.342 連線確認 E122828927 (21,21)
[4208] 2015/03/02 23:55:00.338 收到 Head 資訊 {Count 2} {Type B } 
[4208] 2015/03/02 23:55:09.355 連線確認 E122828927 (21,21)
[4208] 2015/03/02 23:56:09.367 連線確認 E122828927 (21,21)
[4208] 2015/03/02 23:57:09.381 連線確認 E122828927 (21,21)
[4208] 2015/03/02 23:58:09.395 連線確認 E122828927 (21,21)
[4208] 2015/03/02 23:59:09.408 連線確認 E122828927 (21,21)
[4208] 2015/03/03 00:00:01.354 收到 Head 資訊 {Count 2} {Type B } 
[4208] 2015/03/03 00:00:09.423 連線確認 E122828927 (21,21)
[4208] 2015/03/03 00:01:09.437 連線確認 E122828927 (21,21)
[4208] 2015/03/03 00:02:09.450 連線確認 E122828927 (21,21)
[4208] 2015/03/03 00:03:09.463 連線確認 E122828927 (21,21)
[4208] 2015/03/03 00:04:09.476 連線確認 E122828927 (21,21)
[4208] 2015/03/03 00:05:02.311 收到 Head 資訊 {Count 2} {Type B } 
[4208] 2015/03/03 00:05:09.489 連線確認 E122828927 (21,21)
[4208] 2015/03/03 00:06:09.504 連線確認 E122828927 (21,21)
[4208] 2015/03/03 00:07:09.518 連線確認 E122828927 (21,21)
[4208] 2015/03/03 00:08:09.531 連線確認 E122828927 (21,21)
[4208] 2015/03/03 00:09:09.544 連線確認 E122828927 (21,21)
[4208] 2015/03/03 00:10:03.016 收到 Head 資訊 {Count 2} {Type B } 
[4208] 2015/03/03 00:10:09.558 連線確認 E122828927 (21,21)
[4208] 2015/03/03 00:11:09.572 連線確認 E122828927 (21,21)
[4208] 2015/03/03 00:12:09.585 連線確認 E122828927 (21,21)
[4208] 2015/03/03 00:13:09.598 連線確認 E122828927 (21,21)
[4208] 2015/03/03 00:14:09.614 連線確認 E122828927 (21,21)
[4208] 2015/03/03 00:15:03.993 收到 Head 資訊 {Count 2} {Type B } 
[4208] 2015/03/03 00:15:09.625 連線確認 E122828927 (21,21)
[4208] 2015/03/03 00:16:09.640 連線確認 E122828927 (21,21)
[4208] 2015/03/03 00:17:09.653 連線確認 E122828927 (21,21)
[4208] 2015/03/03 00:18:09.667 連線確認 E122828927 (21,21)
[4208] 2015/03/03 00:19:09.680 連線確認 E122828927 (21,21)
[4208] 2015/03/03 00:20:05.008 收到 Head 資訊 {Count 2} {Type B } 
[4208] 2015/03/03 00:20:09.694 連線確認 E122828927 (21,21)
[4208] 2015/03/03 00:21:09.708 連線確認 E122828927 (21,21)
[4208] 2015/03/03 00:22:09.722 連線確認 E122828927 (21,21)
[4208] 2015/03/03 00:23:09.734 連線確認 E122828927 (21,21)
[4208] 2015/03/03 00:24:09.749 連線確認 E122828927 (21,21)
[4208] 2015/03/03 00:25:05.994 收到 Head 資訊 {Count 2} {Type B } 
[4208] 2015/03/03 00:25:09.762 連線確認 E122828927 (21,21)
[4208] 2015/03/03 00:26:09.776 連線確認 E122828927 (21,21)
[4208] 2015/03/03 00:27:09.789 連線確認 E122828927 (21,21)
[4208] 2015/03/03 00:28:09.802 連線確認 E122828927 (21,21)
[4208] 2015/03/03 00:29:09.816 連線確認 E122828927 (21,21)
[4208] 2015/03/03 00:30:07.000 收到 Head 資訊 {Count 2} {Type B } 
[4208] 2015/03/03 00:30:09.829 連線確認 E122828927 (21,21)
[4208] 2015/03/03 00:31:09.844 連線確認 E122828927 (21,21)
[4208] 2015/03/03 00:32:09.856 連線確認 E122828927 (21,21)
[4208] 2015/03/03 00:33:09.870 連線確認 E122828927 (21,21)
[4208] 2015/03/03 00:34:09.884 連線確認 E122828927 (21,21)
[4208] 2015/03/03 00:35:07.996 收到 Head 資訊 {Count 2} {Type B } 
[4208] 2015/03/03 00:35:09.898 連線確認 E122828927 (21,21)
[4208] 2015/03/03 00:36:09.912 連線確認 E122828927 (21,21)
[4208] 2015/03/03 00:37:09.925 連線確認 E122828927 (21,21)
[4208] 2015/03/03 00:38:09.939 連線確認 E122828927 (21,21)
[4208] 2015/03/03 00:39:09.952 連線確認 E122828927 (21,21)
[4208] 2015/03/03 00:40:09.093 收到 Head 資訊 {Count 2} {Type B } 
[4208] 2015/03/03 00:40:09.965 連線確認 E122828927 (21,21)
[4208] 2015/03/03 00:41:09.979 連線確認 E122828927 (21,21)
[4208] 2015/03/03 00:42:09.993 連線確認 E122828927 (21,21)
[4208] 2015/03/03 00:43:10.007 連線確認 E122828927 (21,21)
[4208] 2015/03/03 00:44:10.019 連線確認 E122828927 (21,21)
[4208] 2015/03/03 00:45:10.034 連線確認 E122828927 (21,21)
[4208] 2015/03/03 00:45:10.091 收到 Head 資訊 {Count 2} {Type B } 
[4208] 2015/03/03 00:46:10.048 連線確認 E122828927 (21,21)
[4208] 2015/03/03 00:47:10.060 連線確認 E122828927 (21,21)
[4208] 2015/03/03 00:48:10.075 連線確認 E122828927 (21,21)
[4208] 2015/03/03 00:49:10.087 連線確認 E122828927 (21,21)
[4208] 2015/03/03 00:50:10.102 連線確認 E122828927 (21,21)
[4208] 2015/03/03 00:50:11.066 收到 Head 資訊 {Count 2} {Type B } 
[4208] 2015/03/03 00:51:10.115 連線確認 E122828927 (21,21)
[4208] 2015/03/03 00:52:10.128 連線確認 E122828927 (21,21)
[4208] 2015/03/03 00:53:10.142 連線確認 E122828927 (21,21)
[4208] 2015/03/03 00:54:10.155 連線確認 E122828927 (21,21)
[4208] 2015/03/03 00:55:10.169 連線確認 E122828927 (21,21)
[4208] 2015/03/03 00:55:11.569 收到 Head 資訊 {Count 2} {Type B } 
[4208] 2015/03/03 00:56:10.183 連線確認 E122828927 (21,21)
[4208] 2015/03/03 00:57:10.196 連線確認 E122828927 (21,21)
[4208] 2015/03/03 00:58:10.210 連線確認 E122828927 (21,21)
[4208] 2015/03/03 00:59:10.224 連線確認 E122828927 (21,21)
[4208] 2015/03/03 01:00:10.238 連線確認 E122828927 (21,21)
[4208] 2015/03/03 01:00:12.575 收到 Head 資訊 {Count 2} {Type B } 
[4208] 2015/03/03 01:01:10.251 連線確認 E122828927 (21,21)
[4208] 2015/03/03 01:02:10.265 連線確認 E122828927 (21,21)
[4208] 2015/03/03 01:03:10.277 連線確認 E122828927 (21,21)
[4208] 2015/03/03 01:04:10.292 連線確認 E122828927 (21,21)
[4208] 2015/03/03 01:05:10.305 連線確認 E122828927 (21,21)
[4208] 2015/03/03 01:05:13.561 收到 Head 資訊 {Count 2} {Type B } 
[4208] 2015/03/03 01:06:10.319 連線確認 E122828927 (21,21)
[4208] 2015/03/03 01:07:10.331 連線確認 E122828927 (21,21)
[4208] 2015/03/03 01:08:10.346 連線確認 E122828927 (21,21)
[4208] 2015/03/03 01:09:10.359 連線確認 E122828927 (21,21)
[4208] 2015/03/03 01:10:10.373 連線確認 E122828927 (21,21)
[4208] 2015/03/03 01:10:14.844 收到 Head 資訊 {Count 2} {Type B } 
[4208] 2015/03/03 01:11:10.387 連線確認 E122828927 (21,21)
[4208] 2015/03/03 01:12:10.401 連線確認 E122828927 (21,21)
[4208] 2015/03/03 01:13:10.413 連線確認 E122828927 (21,21)
[4208] 2015/03/03 01:14:10.427 連線確認 E122828927 (21,21)
[4208] 2015/03/03 01:15:10.441 連線確認 E122828927 (21,21)
[4208] 2015/03/03 01:15:15.839 收到 Head 資訊 {Count 2} {Type B } 
[4208] 2015/03/03 01:16:10.455 連線確認 E122828927 (21,21)
[4208] 2015/03/03 01:17:10.469 連線確認 E122828927 (21,21)
[4208] 2015/03/03 01:18:10.481 連線確認 E122828927 (21,21)
[4208] 2015/03/03 01:19:10.496 連線確認 E122828927 (21,21)
[4208] 2015/03/03 01:20:10.508 連線確認 E122828927 (21,21)
[4208] 2015/03/03 01:20:16.836 收到 Head 資訊 {Count 2} {Type B } 
[4208] 2015/03/03 01:21:10.523 連線確認 E122828927 (21,21)
[4208] 2015/03/03 01:22:10.536 連線確認 E122828927 (21,21)
[4208] 2015/03/03 01:23:10.550 連線確認 E122828927 (21,21)
[4208] 2015/03/03 01:24:10.563 連線確認 E122828927 (21,21)
[4208] 2015/03/03 01:25:10.577 連線確認 E122828927 (21,21)
[4208] 2015/03/03 01:25:17.604 收到 Head 資訊 {Count 2} {Type B } 
[4208] 2015/03/03 01:26:10.590 連線確認 E122828927 (21,21)
[4208] 2015/03/03 01:27:10.605 連線確認 E122828927 (21,21)
[4208] 2015/03/03 01:28:10.618 連線確認 E122828927 (21,21)
[4208] 2015/03/03 01:29:10.633 連線確認 E122828927 (21,21)
[4208] 2015/03/03 01:30:10.645 連線確認 E122828927 (21,21)
[4208] 2015/03/03 01:30:18.600 收到 Head 資訊 {Count 2} {Type B } 
[4208] 2015/03/03 01:31:10.658 連線確認 E122828927 (21,21)
[4208] 2015/03/03 01:32:10.672 連線確認 E122828927 (21,21)
[4208] 2015/03/03 01:33:10.686 連線確認 E122828927 (21,21)
[4208] 2015/03/03 01:34:10.699 連線確認 E122828927 (21,21)
[4208] 2015/03/03 01:35:10.712 連線確認 E122828927 (21,21)
[4208] 2015/03/03 01:35:19.597 收到 Head 資訊 {Count 2} {Type B } 
[4208] 2015/03/03 01:36:10.726 連線確認 E122828927 (21,21)
[4208] 2015/03/03 01:37:10.740 連線確認 E122828927 (21,21)
[4208] 2015/03/03 01:38:10.754 連線確認 E122828927 (21,21)
[4208] 2015/03/03 01:39:10.766 連線確認 E122828927 (21,21)
[4208] 2015/03/03 01:40:10.781 連線確認 E122828927 (21,21)
[4208] 2015/03/03 01:40:20.850 收到 Head 資訊 {Count 2} {Type B } 
[4208] 2015/03/03 01:41:10.793 連線確認 E122828927 (21,21)
[4208] 2015/03/03 01:42:10.808 連線確認 E122828927 (21,21)
[4208] 2015/03/03 01:43:10.822 連線確認 E122828927 (21,21)
[4208] 2015/03/03 01:44:10.835 連線確認 E122828927 (21,21)
[4208] 2015/03/03 01:45:10.849 連線確認 E122828927 (21,21)
[4208] 2015/03/03 01:45:21.846 收到 Head 資訊 {Count 2} {Type B } 
[4208] 2015/03/03 01:46:10.861 連線確認 E122828927 (21,21)
[4208] 2015/03/03 01:47:10.875 連線確認 E122828927 (21,21)
[4208] 2015/03/03 01:48:10.889 連線確認 E122828927 (21,21)
[4208] 2015/03/03 01:49:10.903 連線確認 E122828927 (21,21)
[4208] 2015/03/03 01:50:10.917 連線確認 E122828927 (21,21)
[4208] 2015/03/03 01:50:22.842 收到 Head 資訊 {Count 2} {Type B } 
[4208] 2015/03/03 01:51:10.930 連線確認 E122828927 (21,21)
[4208] 2015/03/03 01:52:10.943 連線確認 E122828927 (21,21)
[4208] 2015/03/03 01:53:10.956 連線確認 E122828927 (21,21)
[4208] 2015/03/03 01:54:10.971 連線確認 E122828927 (21,21)
[4208] 2015/03/03 01:55:10.985 連線確認 E122828927 (21,21)
[4208] 2015/03/03 01:55:23.708 收到 Head 資訊 {Count 2} {Type B } 
[4208] 2015/03/03 01:56:10.998 連線確認 E122828927 (21,21)
[4208] 2015/03/03 01:57:11.012 連線確認 E122828927 (21,21)
[4208] 2015/03/03 01:58:11.024 連線確認 E122828927 (21,21)
[4208] 2015/03/03 01:59:11.039 連線確認 E122828927 (21,21)
