[5732] 2015/02/09 18:08:04.418 API InitInstance 
[5732] 2015/02/09 18:08:04.774 E122828927 連線 Code：0
[5732] 2015/02/09 18:08:05.784 收到 Head 資訊 {Count 2} {Type C } 
[5732] 2015/02/09 18:08:05.786 收到 Head 資訊 {Count 2} {Type C } 
[5732] 2015/02/09 18:08:05.788 收到 Head 資訊 {Count 2} {Type C } 
[5732] 2015/02/09 18:08:05.790 收到 Head 資訊 {Count 2} {Type C } 
[5732] 2015/02/09 18:08:05.792 收到 Head 資訊 {Count 2} {Type C } 
[5732] 2015/02/09 18:08:05.793 收到 Head 資訊 {Count 2} {Type C } 
[5732] 2015/02/09 18:08:05.795 收到 Head 資訊 {Count 2} {Type C } 
[5732] 2015/02/09 18:08:05.797 收到 Head 資訊 {Count 2} {Type C } 
[5732] 2015/02/09 18:08:05.799 收到 Head 資訊 {Count 2} {Type C } 
[5732] 2015/02/09 18:08:05.801 收到 Head 資訊 {Count 2} {Type C } 
[5732] 2015/02/09 18:08:05.803 收到 Head 資訊 {Count 2} {Type C } 
[5732] 2015/02/09 18:08:05.805 收到 Head 資訊 {Count 2} {Type C } 
[5732] 2015/02/09 18:08:05.806 收到 Head 資訊 {Count 2} {Type C } 
[5732] 2015/02/09 18:08:05.808 收到 Head 資訊 {Count 2} {Type C } 
[5732] 2015/02/09 18:08:05.810 收到 Head 資訊 {Count 2} {Type C } 
[5732] 2015/02/09 18:08:05.812 收到 Head 資訊 {Count 2} {Type C } 
[5732] 2015/02/09 18:08:05.813 收到 Head 資訊 {Count 2} {Type C } 
[5732] 2015/02/09 18:08:05.815 收到 Head 資訊 {Count 2} {Type C } 
[5732] 2015/02/09 18:08:05.817 收到 Head 資訊 {Count 2} {Type C } 
[5732] 2015/02/09 18:08:05.819 收到 Head 資訊 {Count 2} {Type C } 
[5732] 2015/02/09 18:08:05.821 收到 Head 資訊 {Count 2} {Type C } 
[5732] 2015/02/09 18:08:05.822 收到 Head 資訊 {Count 2} {Type C } 
[5732] 2015/02/09 18:08:05.824 收到 Head 資訊 {Count 2} {Type C } 
[5732] 2015/02/09 18:08:05.826 收到 Head 資訊 {Count 2} {Type C } 
[5732] 2015/02/09 18:08:05.828 收到 Head 資訊 {Count 2} {Type C } 
[5732] 2015/02/09 18:08:05.830 收到 Head 資訊 {Count 2} {Type C } 
[5732] 2015/02/09 18:08:05.832 收到 Head 資訊 {Count 2} {Type C } 
[5732] 2015/02/09 18:08:05.833 收到 Head 資訊 {Count 2} {Type C } 
[5732] 2015/02/09 18:08:05.835 收到 Head 資訊 {Count 2} {Type C } 
[5732] 2015/02/09 18:08:05.837 收到 Head 資訊 {Count 2} {Type C } 
[5732] 2015/02/09 18:08:05.839 收到 Head 資訊 {Count 2} {Type C } 
[5732] 2015/02/09 18:08:05.841 收到 Head 資訊 {Count 2} {Type C } 
[5732] 2015/02/09 18:08:05.842 收到 Head 資訊 {Count 2} {Type C } 
[5732] 2015/02/09 18:08:05.844 收到 Head 資訊 {Count 2} {Type C } 
[5732] 2015/02/09 18:08:05.846 收到 Head 資訊 {Count 2} {Type C } 
[5732] 2015/02/09 18:08:05.848 收到 Head 資訊 {Count 2} {Type C } 
[5732] 2015/02/09 18:08:05.849 收到 Head 資訊 {Count 2} {Type C } 
[5732] 2015/02/09 18:08:05.851 收到 Head 資訊 {Count 2} {Type C } 
[5732] 2015/02/09 18:08:05.853 收到 Head 資訊 {Count 2} {Type C } 
[5732] 2015/02/09 18:08:05.855 收到 Head 資訊 {Count 2} {Type C } 
[5732] 2015/02/09 18:08:05.857 收到 Head 資訊 {Count 2} {Type C } 
[5732] 2015/02/09 18:08:05.858 收到 Head 資訊 {Count 2} {Type C } 
[5732] 2015/02/09 18:08:05.860 收到 Head 資訊 {Count 2} {Type C } 
[5732] 2015/02/09 18:08:05.862 收到 Head 資訊 {Count 2} {Type C } 
[5732] 2015/02/09 18:08:05.864 收到 Head 資訊 {Count 2} {Type C } 
[5732] 2015/02/09 18:08:05.866 收到 Head 資訊 {Count 2} {Type C } 
[5732] 2015/02/09 18:08:05.867 收到 Head 資訊 {Count 2} {Type C } 
[5732] 2015/02/09 18:08:05.869 收到 Head 資訊 {Count 2} {Type C } 
[5732] 2015/02/09 18:08:05.871 收到 Head 資訊 {Count 2} {Type C } 
[5732] 2015/02/09 18:08:05.873 收到 Head 資訊 {Count 2} {Type C } 
[5732] 2015/02/09 18:08:05.875 收到 Head 資訊 {Count 2} {Type C } 
[5732] 2015/02/09 18:08:05.876 收到 Head 資訊 {Count 2} {Type C } 
[5732] 2015/02/09 18:08:05.878 收到 Head 資訊 {Count 2} {Type C } 
[5732] 2015/02/09 18:08:05.880 收到 Head 資訊 {Count 2} {Type C } 
[5732] 2015/02/09 18:08:05.882 收到 Head 資訊 {Count 2} {Type C } 
[5732] 2015/02/09 18:08:05.883 收到 Head 資訊 {Count 2} {Type C } 
[5732] 2015/02/09 18:08:05.885 收到 Head 資訊 {Count 2} {Type C } 
[5732] 2015/02/09 18:08:05.887 收到 Head 資訊 {Count 2} {Type C } 
[5732] 2015/02/09 18:08:05.889 收到 Head 資訊 {Count 2} {Type C } 
[5732] 2015/02/09 18:08:05.890 收到 Head 資訊 {Count 2} {Type C } 
[5732] 2015/02/09 18:08:05.892 收到 Head 資訊 {Count 2} {Type C } 
[5732] 2015/02/09 18:08:05.894 收到 Head 資訊 {Count 2} {Type C } 
[5732] 2015/02/09 18:08:05.896 收到 Head 資訊 {Count 2} {Type C } 
[5732] 2015/02/09 18:08:05.897 收到 Head 資訊 {Count 2} {Type C } 
[5732] 2015/02/09 18:08:05.899 收到 Head 資訊 {Count 2} {Type C } 
[5732] 2015/02/09 18:08:05.901 收到 Head 資訊 {Count 2} {Type C } 
[5732] 2015/02/09 18:08:05.903 收到 Head 資訊 {Count 2} {Type C } 
[5732] 2015/02/09 18:08:05.904 收到 Head 資訊 {Count 2} {Type C } 
[5732] 2015/02/09 18:08:05.906 收到 Head 資訊 {Count 2} {Type C } 
[5732] 2015/02/09 18:08:05.908 收到 Head 資訊 {Count 2} {Type C } 
[5732] 2015/02/09 18:08:05.910 收到 Head 資訊 {Count 2} {Type C } 
[5732] 2015/02/09 18:08:05.911 收到 Head 資訊 {Count 2} {Type C } 
[5732] 2015/02/09 18:08:05.913 收到 Head 資訊 {Count 2} {Type C } 
[5732] 2015/02/09 18:08:05.915 收到 Head 資訊 {Count 2} {Type C } 
[5732] 2015/02/09 18:08:05.917 收到 Head 資訊 {Count 2} {Type C } 
[5732] 2015/02/09 18:08:05.918 收到 Head 資訊 {Count 2} {Type C } 
[5732] 2015/02/09 18:08:05.920 收到 Head 資訊 {Count 2} {Type C } 
[5732] 2015/02/09 18:08:05.922 收到 Head 資訊 {Count 2} {Type C } 
[5732] 2015/02/09 18:08:05.923 收到 Head 資訊 {Count 2} {Type C } 
[5732] 2015/02/09 18:08:05.925 收到 Head 資訊 {Count 2} {Type C } 
[5732] 2015/02/09 18:08:05.927 收到 Head 資訊 {Count 2} {Type C } 
[5732] 2015/02/09 18:08:05.929 收到 Head 資訊 {Count 2} {Type C } 
[5732] 2015/02/09 18:08:05.931 收到 Head 資訊 {Count 2} {Type C } 
[5732] 2015/02/09 18:08:05.933 收到 Head 資訊 {Count 2} {Type C } 
[5732] 2015/02/09 18:08:05.934 收到 Head 資訊 {Count 2} {Type C } 
[5732] 2015/02/09 18:08:05.936 收到 Head 資訊 {Count 2} {Type C } 
[5732] 2015/02/09 18:08:05.938 收到 Head 資訊 {Count 2} {Type C } 
[5732] 2015/02/09 18:08:05.940 收到 Head 資訊 {Count 2} {Type C } 
[5732] 2015/02/09 18:08:05.942 收到 Head 資訊 {Count 2} {Type C } 
[5732] 2015/02/09 18:08:05.943 收到 Head 資訊 {Count 2} {Type C } 
[5732] 2015/02/09 18:08:05.945 收到 Head 資訊 {Count 2} {Type C } 
[5732] 2015/02/09 18:08:05.947 收到 Head 資訊 {Count 2} {Type C } 
[5732] 2015/02/09 18:08:05.949 收到 Head 資訊 {Count 2} {Type C } 
[5732] 2015/02/09 18:08:05.951 收到 Head 資訊 {Count 2} {Type C } 
[5732] 2015/02/09 18:08:05.952 收到 Head 資訊 {Count 2} {Type C } 
[5732] 2015/02/09 18:08:05.954 收到 Head 資訊 {Count 2} {Type C } 
[5732] 2015/02/09 18:08:05.956 收到 Head 資訊 {Count 2} {Type C } 
[5732] 2015/02/09 18:08:05.958 收到 Head 資訊 {Count 2} {Type C } 
[5732] 2015/02/09 18:08:05.959 收到 Head 資訊 {Count 2} {Type C } 
[5732] 2015/02/09 18:08:05.961 收到 Head 資訊 {Count 2} {Type C } 
[5732] 2015/02/09 18:08:05.963 收到 Head 資訊 {Count 2} {Type C } 
[5732] 2015/02/09 18:08:05.964 收到 Head 資訊 {Count 2} {Type C } 
[5732] 2015/02/09 18:08:05.966 收到 Head 資訊 {Count 2} {Type C } 
[5732] 2015/02/09 18:08:05.968 收到 Head 資訊 {Count 2} {Type C } 
[5732] 2015/02/09 18:08:05.970 收到 Head 資訊 {Count 2} {Type C } 
[5732] 2015/02/09 18:08:05.971 收到 Head 資訊 {Count 2} {Type C } 
[5732] 2015/02/09 18:08:05.973 收到 Head 資訊 {Count 2} {Type C } 
[5732] 2015/02/09 18:08:05.975 收到 Head 資訊 {Count 2} {Type C } 
[5732] 2015/02/09 18:08:05.977 收到 Head 資訊 {Count 2} {Type C } 
[5732] 2015/02/09 18:08:05.978 收到 Head 資訊 {Count 2} {Type C } 
[5732] 2015/02/09 18:08:05.980 收到 Head 資訊 {Count 2} {Type C } 
[5732] 2015/02/09 18:08:05.982 收到 Head 資訊 {Count 2} {Type C } 
[5732] 2015/02/09 18:08:05.984 收到 Head 資訊 {Count 2} {Type C } 
[5732] 2015/02/09 18:08:05.985 收到 Head 資訊 {Count 2} {Type C } 
[5732] 2015/02/09 18:08:05.987 收到 Head 資訊 {Count 2} {Type C } 
[5732] 2015/02/09 18:08:05.989 收到 Head 資訊 {Count 2} {Type C } 
[5732] 2015/02/09 18:08:05.991 收到 Head 資訊 {Count 2} {Type C } 
[5732] 2015/02/09 18:08:05.992 收到 Head 資訊 {Count 2} {Type C } 
[5732] 2015/02/09 18:08:05.994 收到 Head 資訊 {Count 2} {Type C } 
[5732] 2015/02/09 18:08:05.996 收到 Head 資訊 {Count 2} {Type C } 
[5732] 2015/02/09 18:08:05.998 收到 Head 資訊 {Count 2} {Type C } 
[5732] 2015/02/09 18:08:06.000 收到 Head 資訊 {Count 2} {Type C } 
[5732] 2015/02/09 18:08:06.001 收到 Head 資訊 {Count 2} {Type C } 
[5732] 2015/02/09 18:08:06.003 收到 Head 資訊 {Count 2} {Type C } 
[5732] 2015/02/09 18:08:06.005 收到 Head 資訊 {Count 2} {Type C } 
[5732] 2015/02/09 18:08:06.006 收到 Head 資訊 {Count 2} {Type C } 
[5732] 2015/02/09 18:08:06.008 收到 Head 資訊 {Count 2} {Type C } 
[5732] 2015/02/09 18:08:06.010 收到 Head 資訊 {Count 2} {Type C } 
[5732] 2015/02/09 18:08:06.012 收到 Head 資訊 {Count 2} {Type C } 
[5732] 2015/02/09 18:08:06.013 收到 Head 資訊 {Count 2} {Type C } 
[5732] 2015/02/09 18:08:06.015 收到 Head 資訊 {Count 2} {Type C } 
[5732] 2015/02/09 18:08:06.017 收到 Head 資訊 {Count 2} {Type C } 
[5732] 2015/02/09 18:08:06.019 收到 Head 資訊 {Count 2} {Type C } 
[5732] 2015/02/09 18:08:06.020 收到 Head 資訊 {Count 2} {Type C } 
[5732] 2015/02/09 18:08:06.022 收到 Head 資訊 {Count 2} {Type C } 
[5732] 2015/02/09 18:08:06.024 收到 Head 資訊 {Count 2} {Type C } 
[5732] 2015/02/09 18:08:06.026 收到 Head 資訊 {Count 2} {Type C } 
[5732] 2015/02/09 18:08:06.027 收到 Head 資訊 {Count 2} {Type C } 
[5732] 2015/02/09 18:08:06.029 收到 Head 資訊 {Count 2} {Type C } 
[5732] 2015/02/09 18:08:06.031 收到 Head 資訊 {Count 2} {Type C } 
[5732] 2015/02/09 18:08:06.033 收到 Head 資訊 {Count 2} {Type C } 
[5732] 2015/02/09 18:08:06.034 收到 Head 資訊 {Count 2} {Type C } 
[5732] 2015/02/09 18:08:06.036 收到 Head 資訊 {Count 2} {Type C } 
[5732] 2015/02/09 18:08:06.038 收到 Head 資訊 {Count 2} {Type C } 
[5732] 2015/02/09 18:08:06.040 收到 Head 資訊 {Count 2} {Type C } 
[5732] 2015/02/09 18:08:06.041 收到 Head 資訊 {Count 2} {Type C } 
[5732] 2015/02/09 18:08:06.043 收到 Head 資訊 {Count 2} {Type C } 
[5732] 2015/02/09 18:08:06.045 收到 Head 資訊 {Count 2} {Type C } 
[5732] 2015/02/09 18:08:06.047 收到 Head 資訊 {Count 2} {Type C } 
[5732] 2015/02/09 18:08:06.049 收到 Head 資訊 {Count 2} {Type C } 
[5732] 2015/02/09 18:08:06.050 收到 Head 資訊 {Count 2} {Type C } 
[5732] 2015/02/09 18:08:06.052 收到 Head 資訊 {Count 2} {Type C } 
[5732] 2015/02/09 18:08:06.054 收到 Head 資訊 {Count 2} {Type C } 
[5732] 2015/02/09 18:08:06.055 收到 Head 資訊 {Count 2} {Type C } 
[5732] 2015/02/09 18:08:06.057 收到 Head 資訊 {Count 2} {Type C } 
[5732] 2015/02/09 18:08:06.059 收到 Head 資訊 {Count 2} {Type C } 
[5732] 2015/02/09 18:08:06.060 收到 Head 資訊 {Count 2} {Type C } 
[5732] 2015/02/09 18:08:06.062 收到 Head 資訊 {Count 2} {Type C } 
[5732] 2015/02/09 18:08:06.064 收到 Head 資訊 {Count 2} {Type C } 
[5732] 2015/02/09 18:08:06.066 收到 Head 資訊 {Count 2} {Type C } 
[5732] 2015/02/09 18:08:06.068 收到 Head 資訊 {Count 2} {Type C } 
[5732] 2015/02/09 18:08:06.069 收到 Head 資訊 {Count 2} {Type C } 
[5732] 2015/02/09 18:08:06.071 收到 Head 資訊 {Count 2} {Type C } 
[5732] 2015/02/09 18:08:06.073 收到 Head 資訊 {Count 2} {Type C } 
[5732] 2015/02/09 18:08:06.075 收到 Head 資訊 {Count 2} {Type C } 
[5732] 2015/02/09 18:08:06.077 收到 Head 資訊 {Count 2} {Type C } 
[5732] 2015/02/09 18:08:06.079 收到 Head 資訊 {Count 2} {Type C } 
[5732] 2015/02/09 18:08:06.081 收到 Head 資訊 {Count 2} {Type C } 
[5732] 2015/02/09 18:08:06.083 收到 Head 資訊 {Count 2} {Type C } 
[5732] 2015/02/09 18:08:06.084 收到 Head 資訊 {Count 2} {Type C } 
[5732] 2015/02/09 18:08:06.086 收到 Head 資訊 {Count 2} {Type C } 
[5732] 2015/02/09 18:08:06.088 收到 Head 資訊 {Count 2} {Type C } 
[5732] 2015/02/09 18:08:06.090 收到 Head 資訊 {Count 2} {Type C } 
[5732] 2015/02/09 18:08:06.092 收到 Head 資訊 {Count 2} {Type C } 
[5732] 2015/02/09 18:08:06.094 收到 Head 資訊 {Count 2} {Type C } 
[5732] 2015/02/09 18:08:06.096 收到 Head 資訊 {Count 2} {Type C } 
[5732] 2015/02/09 18:08:06.097 收到 Head 資訊 {Count 2} {Type C } 
[5732] 2015/02/09 18:08:06.099 收到 Head 資訊 {Count 2} {Type C } 
[5732] 2015/02/09 18:08:06.101 收到 Head 資訊 {Count 2} {Type C } 
[5732] 2015/02/09 18:08:06.103 收到 Head 資訊 {Count 2} {Type C } 
[5732] 2015/02/09 18:08:06.105 收到 Head 資訊 {Count 2} {Type C } 
[5732] 2015/02/09 18:08:06.107 收到 Head 資訊 {Count 2} {Type C } 
[5732] 2015/02/09 18:08:06.108 收到 Head 資訊 {Count 2} {Type C } 
[5732] 2015/02/09 18:08:06.110 收到 Head 資訊 {Count 2} {Type C } 
[5732] 2015/02/09 18:08:06.112 收到 Head 資訊 {Count 2} {Type C } 
[5732] 2015/02/09 18:08:06.114 收到 Head 資訊 {Count 2} {Type C } 
[5732] 2015/02/09 18:08:06.116 收到 Head 資訊 {Count 2} {Type C } 
[5732] 2015/02/09 18:08:06.118 收到 Head 資訊 {Count 2} {Type C } 
[5732] 2015/02/09 18:08:06.120 收到 Head 資訊 {Count 2} {Type C } 
[5732] 2015/02/09 18:08:06.121 收到 Head 資訊 {Count 2} {Type C } 
[5732] 2015/02/09 18:08:06.123 收到 Head 資訊 {Count 2} {Type C } 
[5732] 2015/02/09 18:08:06.125 收到 Head 資訊 {Count 2} {Type C } 
[5732] 2015/02/09 18:08:06.127 收到 Head 資訊 {Count 2} {Type C } 
[5732] 2015/02/09 18:08:06.129 收到 Head 資訊 {Count 2} {Type C } 
[5732] 2015/02/09 18:08:06.130 收到 Head 資訊 {Count 2} {Type C } 
[5732] 2015/02/09 18:08:06.132 收到 Head 資訊 {Count 2} {Type C } 
[5732] 2015/02/09 18:08:06.134 收到 Head 資訊 {Count 2} {Type C } 
[5732] 2015/02/09 18:08:06.136 收到 Head 資訊 {Count 2} {Type C } 
[5732] 2015/02/09 18:08:06.138 收到 Head 資訊 {Count 2} {Type C } 
[5732] 2015/02/09 18:08:06.140 收到 Head 資訊 {Count 2} {Type C } 
[5732] 2015/02/09 18:08:06.141 收到 Head 資訊 {Count 2} {Type C } 
[5732] 2015/02/09 18:08:06.143 收到 Head 資訊 {Count 2} {Type C } 
[5732] 2015/02/09 18:08:06.145 收到 Head 資訊 {Count 2} {Type C } 
[5732] 2015/02/09 18:08:06.147 收到 Head 資訊 {Count 2} {Type C } 
[5732] 2015/02/09 18:08:06.149 收到 Head 資訊 {Count 2} {Type C } 
[5732] 2015/02/09 18:08:06.151 收到 Head 資訊 {Count 2} {Type C } 
[5732] 2015/02/09 18:08:06.153 收到 Head 資訊 {Count 2} {Type C } 
[5732] 2015/02/09 18:08:06.155 收到 Head 資訊 {Count 2} {Type C } 
[5732] 2015/02/09 18:08:06.157 收到 Head 資訊 {Count 2} {Type C } 
[5732] 2015/02/09 18:08:06.159 收到 Head 資訊 {Count 2} {Type C } 
[5732] 2015/02/09 18:08:06.161 收到 Head 資訊 {Count 2} {Type C } 
[5732] 2015/02/09 18:08:06.163 收到 Head 資訊 {Count 2} {Type C } 
[5732] 2015/02/09 18:08:06.164 收到 Head 資訊 {Count 2} {Type C } 
[5732] 2015/02/09 18:08:06.166 收到 Head 資訊 {Count 2} {Type C } 
[5732] 2015/02/09 18:08:06.168 收到 Head 資訊 {Count 2} {Type C } 
[5732] 2015/02/09 18:08:06.170 收到 Head 資訊 {Count 2} {Type C } 
[5732] 2015/02/09 18:08:06.172 收到 Head 資訊 {Count 2} {Type C } 
[5732] 2015/02/09 18:08:06.174 收到 Head 資訊 {Count 2} {Type C } 
[5732] 2015/02/09 18:08:06.176 收到 Head 資訊 {Count 2} {Type C } 
[5732] 2015/02/09 18:08:06.178 收到 Head 資訊 {Count 2} {Type C } 
[5732] 2015/02/09 18:08:06.179 收到 Head 資訊 {Count 2} {Type C } 
[5732] 2015/02/09 18:08:06.181 收到 Head 資訊 {Count 2} {Type C } 
[5732] 2015/02/09 18:08:06.183 收到 Head 資訊 {Count 2} {Type C } 
[5732] 2015/02/09 18:08:06.185 收到 Head 資訊 {Count 2} {Type C } 
[5732] 2015/02/09 18:08:06.187 收到 Head 資訊 {Count 2} {Type C } 
[5732] 2015/02/09 18:08:06.189 收到 Head 資訊 {Count 2} {Type C } 
[5732] 2015/02/09 18:08:06.191 收到 Head 資訊 {Count 2} {Type C } 
[5732] 2015/02/09 18:08:06.193 收到 Head 資訊 {Count 2} {Type C } 
[5732] 2015/02/09 18:08:06.194 收到 Head 資訊 {Count 2} {Type C } 
[5732] 2015/02/09 18:08:06.196 收到 Head 資訊 {Count 2} {Type C } 
[5732] 2015/02/09 18:08:06.198 收到 Head 資訊 {Count 2} {Type C } 
[5732] 2015/02/09 18:08:06.200 收到 Head 資訊 {Count 2} {Type C } 
[5732] 2015/02/09 18:08:06.202 收到 Head 資訊 {Count 2} {Type C } 
[5732] 2015/02/09 18:08:06.204 收到 Head 資訊 {Count 2} {Type C } 
[5732] 2015/02/09 18:08:06.206 收到 Head 資訊 {Count 2} {Type C } 
[5732] 2015/02/09 18:08:06.208 收到 Head 資訊 {Count 2} {Type C } 
[5732] 2015/02/09 18:08:06.210 收到 Head 資訊 {Count 2} {Type C } 
[5732] 2015/02/09 18:08:06.212 收到 Head 資訊 {Count 2} {Type C } 
[5732] 2015/02/09 18:08:06.214 收到 Head 資訊 {Count 2} {Type C } 
[5732] 2015/02/09 18:08:06.216 收到 Head 資訊 {Count 2} {Type C } 
[5732] 2015/02/09 18:08:06.218 收到 Head 資訊 {Count 2} {Type C } 
[5732] 2015/02/09 18:08:06.220 收到 Head 資訊 {Count 2} {Type C } 
[5732] 2015/02/09 18:08:06.222 收到 Head 資訊 {Count 2} {Type C } 
[5732] 2015/02/09 18:08:06.224 收到 Head 資訊 {Count 2} {Type C } 
[5732] 2015/02/09 18:08:06.226 收到 Head 資訊 {Count 2} {Type C } 
[5732] 2015/02/09 18:08:06.227 收到 Head 資訊 {Count 2} {Type C } 
[5732] 2015/02/09 18:08:06.229 收到 Head 資訊 {Count 2} {Type C } 
[5732] 2015/02/09 18:08:06.231 收到 Head 資訊 {Count 2} {Type C } 
[5732] 2015/02/09 18:08:06.233 收到 Head 資訊 {Count 2} {Type C } 
[5732] 2015/02/09 18:08:06.235 收到 Head 資訊 {Count 2} {Type C } 
[5732] 2015/02/09 18:08:06.237 收到 Head 資訊 {Count 2} {Type C } 
[5732] 2015/02/09 18:08:06.239 收到 Head 資訊 {Count 2} {Type C } 
[5732] 2015/02/09 18:08:06.241 收到 Head 資訊 {Count 2} {Type C } 
[5732] 2015/02/09 18:08:06.243 收到 Head 資訊 {Count 2} {Type C } 
[5732] 2015/02/09 18:08:06.245 收到 Head 資訊 {Count 2} {Type C } 
[5732] 2015/02/09 18:08:06.247 收到 Head 資訊 {Count 2} {Type C } 
[5732] 2015/02/09 18:08:06.249 收到 Head 資訊 {Count 2} {Type C } 
[5732] 2015/02/09 18:08:06.251 收到 Head 資訊 {Count 2} {Type C } 
[5732] 2015/02/09 18:08:06.253 收到 Head 資訊 {Count 2} {Type C } 
[5732] 2015/02/09 18:08:06.255 收到 Head 資訊 {Count 2} {Type C } 
[5732] 2015/02/09 18:08:06.257 收到 Head 資訊 {Count 2} {Type C } 
[5732] 2015/02/09 18:08:06.259 收到 Head 資訊 {Count 2} {Type C } 
[5732] 2015/02/09 18:08:06.261 收到 Head 資訊 {Count 2} {Type C } 
[5732] 2015/02/09 18:08:06.263 收到 Head 資訊 {Count 2} {Type C } 
[5732] 2015/02/09 18:08:06.265 收到 Head 資訊 {Count 2} {Type C } 
[5732] 2015/02/09 18:08:06.267 收到 Head 資訊 {Count 2} {Type C } 
[5732] 2015/02/09 18:08:06.269 收到 Head 資訊 {Count 2} {Type C } 
[5732] 2015/02/09 18:08:06.271 收到 Head 資訊 {Count 2} {Type C } 
[5732] 2015/02/09 18:08:06.273 收到 Head 資訊 {Count 2} {Type C } 
[5732] 2015/02/09 18:08:06.275 收到 Head 資訊 {Count 2} {Type C } 
[5732] 2015/02/09 18:08:06.277 收到 Head 資訊 {Count 2} {Type C } 
[5732] 2015/02/09 18:08:06.279 收到 Head 資訊 {Count 2} {Type C } 
[5732] 2015/02/09 18:08:06.281 收到 Head 資訊 {Count 2} {Type C } 
[5732] 2015/02/09 18:08:06.283 收到 Head 資訊 {Count 2} {Type C } 
[5732] 2015/02/09 18:08:06.285 收到 Head 資訊 {Count 2} {Type C } 
[5732] 2015/02/09 18:08:06.287 收到 Head 資訊 {Count 2} {Type C } 
[5732] 2015/02/09 18:08:06.289 收到 Head 資訊 {Count 2} {Type C } 
[5732] 2015/02/09 18:08:06.291 收到 Head 資訊 {Count 2} {Type C } 
[5732] 2015/02/09 18:08:06.293 收到 Head 資訊 {Count 2} {Type C } 
[5732] 2015/02/09 18:08:06.295 收到 Head 資訊 {Count 2} {Type C } 
[5732] 2015/02/09 18:08:06.297 收到 Head 資訊 {Count 2} {Type C } 
[5732] 2015/02/09 18:08:06.299 收到 Head 資訊 {Count 2} {Type C } 
[5732] 2015/02/09 18:08:06.301 收到 Head 資訊 {Count 2} {Type C } 
[5732] 2015/02/09 18:08:06.303 收到 Head 資訊 {Count 2} {Type C } 
[5732] 2015/02/09 18:08:06.305 收到 Head 資訊 {Count 2} {Type C } 
[5732] 2015/02/09 18:08:06.307 收到 Head 資訊 {Count 2} {Type C } 
[5732] 2015/02/09 18:08:06.309 收到 Head 資訊 {Count 2} {Type C } 
[5732] 2015/02/09 18:08:06.311 收到 Head 資訊 {Count 2} {Type C } 
[5732] 2015/02/09 18:08:06.313 收到 Head 資訊 {Count 2} {Type C } 
[5732] 2015/02/09 18:08:06.315 收到 Head 資訊 {Count 2} {Type C } 
[5732] 2015/02/09 18:08:06.317 收到 Head 資訊 {Count 2} {Type C } 
[5732] 2015/02/09 18:08:06.319 收到 Head 資訊 {Count 2} {Type C } 
[5732] 2015/02/09 18:08:06.321 收到 Head 資訊 {Count 2} {Type C } 
[5732] 2015/02/09 18:08:06.323 收到 Head 資訊 {Count 2} {Type C } 
[5732] 2015/02/09 18:08:06.325 收到 Head 資訊 {Count 2} {Type C } 
[5732] 2015/02/09 18:08:06.327 收到 Head 資訊 {Count 2} {Type C } 
[5732] 2015/02/09 18:08:06.329 收到 Head 資訊 {Count 2} {Type C } 
[5732] 2015/02/09 18:08:06.331 收到 Head 資訊 {Count 2} {Type C } 
[5732] 2015/02/09 18:08:06.333 收到 Head 資訊 {Count 2} {Type C } 
[5732] 2015/02/09 18:08:06.335 收到 Head 資訊 {Count 2} {Type C } 
[5732] 2015/02/09 18:08:06.336 收到 Head 資訊 {Count 2} {Type C } 
[5732] 2015/02/09 18:08:06.338 收到 Head 資訊 {Count 2} {Type C } 
[5732] 2015/02/09 18:08:06.340 收到 Head 資訊 {Count 2} {Type C } 
[5732] 2015/02/09 18:08:06.342 收到 Head 資訊 {Count 2} {Type C } 
[5732] 2015/02/09 18:08:06.344 收到 Head 資訊 {Count 2} {Type C } 
[5732] 2015/02/09 18:08:06.346 收到 Head 資訊 {Count 2} {Type C } 
[5732] 2015/02/09 18:08:06.348 收到 Head 資訊 {Count 2} {Type C } 
[5732] 2015/02/09 18:08:06.350 收到 Head 資訊 {Count 2} {Type C } 
[5732] 2015/02/09 18:08:06.352 收到 Head 資訊 {Count 2} {Type C } 
[5732] 2015/02/09 18:08:06.354 收到 Head 資訊 {Count 2} {Type C } 
[5732] 2015/02/09 18:08:06.356 收到 Head 資訊 {Count 2} {Type C } 
[5732] 2015/02/09 18:08:06.358 收到 Head 資訊 {Count 2} {Type C } 
[5732] 2015/02/09 18:08:06.360 收到 Head 資訊 {Count 2} {Type C } 
[5732] 2015/02/09 18:08:06.362 收到 Head 資訊 {Count 2} {Type C } 
[5732] 2015/02/09 18:08:06.363 收到 Head 資訊 {Count 2} {Type C } 
[5732] 2015/02/09 18:08:06.365 收到 Head 資訊 {Count 2} {Type C } 
[5732] 2015/02/09 18:08:06.367 收到 Head 資訊 {Count 2} {Type C } 
[5732] 2015/02/09 18:08:06.369 收到 Head 資訊 {Count 2} {Type C } 
[5732] 2015/02/09 18:08:06.371 收到 Head 資訊 {Count 2} {Type C } 
[5732] 2015/02/09 18:08:06.373 收到 Head 資訊 {Count 2} {Type C } 
[5732] 2015/02/09 18:08:06.375 收到 Head 資訊 {Count 2} {Type C } 
[5732] 2015/02/09 18:08:06.377 收到 Head 資訊 {Count 2} {Type C } 
[5732] 2015/02/09 18:08:06.379 收到 Head 資訊 {Count 2} {Type C } 
[5732] 2015/02/09 18:08:06.381 收到 Head 資訊 {Count 2} {Type C } 
[5732] 2015/02/09 18:08:06.383 收到 Head 資訊 {Count 2} {Type C } 
[5732] 2015/02/09 18:08:06.385 收到 Head 資訊 {Count 2} {Type B } 
[5732] 2015/02/09 18:09:06.083 連線確認 E122828927 (21,21)
[5732] 2015/02/09 18:10:06.093 連線確認 E122828927 (21,21)
[5732] 2015/02/09 18:11:06.108 連線確認 E122828927 (21,21)
[5732] 2015/02/09 18:12:06.121 連線確認 E122828927 (21,21)
[5732] 2015/02/09 18:12:53.141 收到 Head 資訊 {Count 2} {Type C } 
[5732] 2015/02/09 18:13:03.167 收到 Head 資訊 {Count 2} {Type C } 
[5732] 2015/02/09 18:13:06.136 連線確認 E122828927 (21,21)
[5732] 2015/02/09 18:13:06.467 收到 Head 資訊 {Count 2} {Type B } 
[5732] 2015/02/09 18:13:13.146 收到 Head 資訊 {Count 2} {Type C } 
[5732] 2015/02/09 18:13:43.195 收到 Head 資訊 {Count 2} {Type C } 
[5732] 2015/02/09 18:14:06.149 連線確認 E122828927 (21,21)
[5732] 2015/02/09 18:15:06.162 連線確認 E122828927 (21,21)
[5732] 2015/02/09 18:15:43.191 收到 Head 資訊 {Count 2} {Type C } 
[5732] 2015/02/09 18:16:06.175 連線確認 E122828927 (21,21)
[5732] 2015/02/09 18:17:06.189 連線確認 E122828927 (21,21)
[5732] 2015/02/09 18:18:06.203 連線確認 E122828927 (21,21)
[5732] 2015/02/09 18:18:07.487 收到 Head 資訊 {Count 2} {Type B } 
[5732] 2015/02/09 18:19:06.215 連線確認 E122828927 (21,21)
[5732] 2015/02/09 18:20:06.231 連線確認 E122828927 (21,21)
[5732] 2015/02/09 18:21:06.244 連線確認 E122828927 (21,21)
[5732] 2015/02/09 18:22:06.257 連線確認 E122828927 (21,21)
[5732] 2015/02/09 18:23:06.270 連線確認 E122828927 (21,21)
[5732] 2015/02/09 18:23:08.485 收到 Head 資訊 {Count 2} {Type B } 
[5732] 2015/02/09 18:24:06.283 連線確認 E122828927 (21,21)
[5732] 2015/02/09 18:25:06.297 連線確認 E122828927 (21,21)
[5732] 2015/02/09 18:26:06.311 連線確認 E122828927 (21,21)
[5732] 2015/02/09 18:27:06.325 連線確認 E122828927 (21,21)
[5732] 2015/02/09 18:28:06.339 連線確認 E122828927 (21,21)
[5732] 2015/02/09 18:28:09.449 收到 Head 資訊 {Count 2} {Type B } 
[5732] 2015/02/09 18:28:43.435 收到 Head 資訊 {Count 2} {Type C } 
[5732] 2015/02/09 18:28:53.452 收到 Head 資訊 {Count 2} {Type C } 
[5732] 2015/02/09 18:29:03.414 收到 Head 資訊 {Count 2} {Type C } 
[5732] 2015/02/09 18:29:06.353 連線確認 E122828927 (21,21)
[5732] 2015/02/09 18:29:13.448 收到 Head 資訊 {Count 2} {Type C } 
[5732] 2015/02/09 18:29:23.414 收到 Head 資訊 {Count 2} {Type C } 
[5732] 2015/02/09 18:29:33.441 收到 Head 資訊 {Count 2} {Type C } 
[5732] 2015/02/09 18:30:06.365 連線確認 E122828927 (21,21)
[5732] 2015/02/09 18:30:33.464 收到 Head 資訊 {Count 2} {Type C } 
[5732] 2015/02/09 18:31:06.379 連線確認 E122828927 (21,21)
[5732] 2015/02/09 18:32:06.392 連線確認 E122828927 (21,21)
[5732] 2015/02/09 18:33:06.407 連線確認 E122828927 (21,21)
[5732] 2015/02/09 18:33:10.449 收到 Head 資訊 {Count 2} {Type B } 
[5732] 2015/02/09 18:34:06.421 連線確認 E122828927 (21,21)
[5732] 2015/02/09 18:35:06.433 連線確認 E122828927 (21,21)
[5732] 2015/02/09 18:36:06.447 連線確認 E122828927 (21,21)
[5732] 2015/02/09 18:37:06.461 連線確認 E122828927 (21,21)
[5732] 2015/02/09 18:38:06.474 連線確認 E122828927 (21,21)
[5732] 2015/02/09 18:38:11.481 收到 Head 資訊 {Count 2} {Type B } 
[5732] 2015/02/09 18:39:06.488 連線確認 E122828927 (21,21)
[5732] 2015/02/09 18:40:06.501 連線確認 E122828927 (21,21)
[5732] 2015/02/09 18:41:06.515 連線確認 E122828927 (21,21)
[5732] 2015/02/09 18:42:06.528 連線確認 E122828927 (21,21)
[5732] 2015/02/09 18:43:06.542 連線確認 E122828927 (21,21)
[5732] 2015/02/09 18:43:12.463 收到 Head 資訊 {Count 2} {Type B } 
[5732] 2015/02/09 18:44:06.555 連線確認 E122828927 (21,21)
[5732] 2015/02/09 18:44:23.748 收到 Head 資訊 {Count 2} {Type C } 
[5732] 2015/02/09 18:44:33.758 收到 Head 資訊 {Count 2} {Type C } 
[5732] 2015/02/09 18:44:43.716 收到 Head 資訊 {Count 2} {Type C } 
[5732] 2015/02/09 18:44:53.737 收到 Head 資訊 {Count 2} {Type C } 
[5732] 2015/02/09 18:45:03.735 收到 Head 資訊 {Count 2} {Type C } 
[5732] 2015/02/09 18:45:06.568 連線確認 E122828927 (21,21)
[5732] 2015/02/09 18:45:13.714 收到 Head 資訊 {Count 2} {Type C } 
[5732] 2015/02/09 18:45:23.718 收到 Head 資訊 {Count 2} {Type C } 
[5732] 2015/02/09 18:45:33.733 收到 Head 資訊 {Count 2} {Type C } 
[5732] 2015/02/09 18:45:43.740 收到 Head 資訊 {Count 2} {Type C } 
[5732] 2015/02/09 18:45:53.732 收到 Head 資訊 {Count 2} {Type C } 
[5732] 2015/02/09 18:46:03.713 收到 Head 資訊 {Count 2} {Type C } 
[5732] 2015/02/09 18:46:06.584 連線確認 E122828927 (21,21)
[5732] 2015/02/09 18:46:13.708 收到 Head 資訊 {Count 2} {Type C } 
[5732] 2015/02/09 18:46:23.763 收到 Head 資訊 {Count 2} {Type C } 
[5732] 2015/02/09 18:46:33.705 收到 Head 資訊 {Count 2} {Type C } 
[5732] 2015/02/09 18:46:43.731 收到 Head 資訊 {Count 2} {Type C } 
[5732] 2015/02/09 18:46:53.744 收到 Head 資訊 {Count 2} {Type C } 
[5732] 2015/02/09 18:47:03.730 收到 Head 資訊 {Count 2} {Type C } 
[5732] 2015/02/09 18:47:06.597 連線確認 E122828927 (21,21)
[5732] 2015/02/09 18:47:13.762 收到 Head 資訊 {Count 2} {Type C } 
[5732] 2015/02/09 18:47:23.742 收到 Head 資訊 {Count 2} {Type C } 
[5732] 2015/02/09 18:47:33.769 收到 Head 資訊 {Count 2} {Type C } 
[5732] 2015/02/09 18:47:43.764 收到 Head 資訊 {Count 2} {Type C } 
[5732] 2015/02/09 18:47:53.753 收到 Head 資訊 {Count 2} {Type C } 
[5732] 2015/02/09 18:48:03.726 收到 Head 資訊 {Count 2} {Type C } 
[5732] 2015/02/09 18:48:06.610 連線確認 E122828927 (21,21)
[5732] 2015/02/09 18:48:13.444 收到 Head 資訊 {Count 2} {Type B } 
[5732] 2015/02/09 18:48:13.710 收到 Head 資訊 {Count 2} {Type C } 
[5732] 2015/02/09 18:48:23.713 收到 Head 資訊 {Count 2} {Type C } 
[5732] 2015/02/09 18:48:33.759 收到 Head 資訊 {Count 2} {Type C } 
[5732] 2015/02/09 18:48:43.713 收到 Head 資訊 {Count 2} {Type C } 
[5732] 2015/02/09 18:48:53.751 收到 Head 資訊 {Count 2} {Type C } 
[5732] 2015/02/09 18:49:03.744 收到 Head 資訊 {Count 2} {Type C } 
[5732] 2015/02/09 18:49:06.623 連線確認 E122828927 (21,21)
[5732] 2015/02/09 18:49:13.727 收到 Head 資訊 {Count 2} {Type C } 
[5732] 2015/02/09 18:49:23.736 收到 Head 資訊 {Count 2} {Type C } 
[5732] 2015/02/09 18:49:33.746 收到 Head 資訊 {Count 2} {Type C } 
[5732] 2015/02/09 18:49:43.744 收到 Head 資訊 {Count 2} {Type C } 
[5732] 2015/02/09 18:49:53.775 收到 Head 資訊 {Count 2} {Type C } 
[5732] 2015/02/09 18:50:03.747 收到 Head 資訊 {Count 2} {Type C } 
[5732] 2015/02/09 18:50:06.638 連線確認 E122828927 (21,21)
[5732] 2015/02/09 18:50:13.731 收到 Head 資訊 {Count 2} {Type C } 
[5732] 2015/02/09 18:50:23.749 收到 Head 資訊 {Count 2} {Type C } 
[5732] 2015/02/09 18:50:33.728 收到 Head 資訊 {Count 2} {Type C } 
[5732] 2015/02/09 18:50:43.733 收到 Head 資訊 {Count 2} {Type C } 
[5732] 2015/02/09 18:50:53.723 收到 Head 資訊 {Count 2} {Type C } 
[5732] 2015/02/09 18:51:03.720 收到 Head 資訊 {Count 2} {Type C } 
[5732] 2015/02/09 18:51:06.651 連線確認 E122828927 (21,21)
[5732] 2015/02/09 18:51:13.766 收到 Head 資訊 {Count 2} {Type C } 
[5732] 2015/02/09 18:51:23.763 收到 Head 資訊 {Count 2} {Type C } 
[5732] 2015/02/09 18:51:33.759 收到 Head 資訊 {Count 2} {Type C } 
[5732] 2015/02/09 18:51:43.738 收到 Head 資訊 {Count 2} {Type C } 
[5732] 2015/02/09 18:51:53.728 收到 Head 資訊 {Count 2} {Type C } 
[5732] 2015/02/09 18:52:03.780 收到 Head 資訊 {Count 2} {Type C } 
[5732] 2015/02/09 18:52:06.663 連線確認 E122828927 (21,21)
[5732] 2015/02/09 18:52:13.722 收到 Head 資訊 {Count 2} {Type C } 
[5732] 2015/02/09 18:52:23.786 收到 Head 資訊 {Count 2} {Type C } 
[5732] 2015/02/09 18:52:33.779 收到 Head 資訊 {Count 2} {Type C } 
[5732] 2015/02/09 18:52:43.782 收到 Head 資訊 {Count 2} {Type C } 
[5732] 2015/02/09 18:52:53.731 收到 Head 資訊 {Count 2} {Type C } 
[5732] 2015/02/09 18:53:03.741 收到 Head 資訊 {Count 2} {Type C } 
[5732] 2015/02/09 18:53:06.679 連線確認 E122828927 (21,21)
[5732] 2015/02/09 18:53:13.743 收到 Head 資訊 {Count 2} {Type C } 
[5732] 2015/02/09 18:53:14.461 收到 Head 資訊 {Count 2} {Type B } 
[5732] 2015/02/09 18:53:23.759 收到 Head 資訊 {Count 2} {Type C } 
[5732] 2015/02/09 18:53:33.743 收到 Head 資訊 {Count 2} {Type C } 
[5732] 2015/02/09 18:53:43.739 收到 Head 資訊 {Count 2} {Type C } 
[5732] 2015/02/09 18:53:53.752 收到 Head 資訊 {Count 2} {Type C } 
[5732] 2015/02/09 18:54:03.758 收到 Head 資訊 {Count 2} {Type C } 
[5732] 2015/02/09 18:54:06.692 連線確認 E122828927 (21,21)
[5732] 2015/02/09 18:54:13.734 收到 Head 資訊 {Count 2} {Type C } 
[5732] 2015/02/09 18:54:23.787 收到 Head 資訊 {Count 2} {Type C } 
[5732] 2015/02/09 18:54:33.779 收到 Head 資訊 {Count 2} {Type C } 
[5732] 2015/02/09 18:54:43.757 收到 Head 資訊 {Count 2} {Type C } 
[5732] 2015/02/09 18:54:53.753 收到 Head 資訊 {Count 2} {Type C } 
[5732] 2015/02/09 18:55:03.744 收到 Head 資訊 {Count 2} {Type C } 
[5732] 2015/02/09 18:55:06.705 連線確認 E122828927 (21,21)
[5732] 2015/02/09 18:55:13.776 收到 Head 資訊 {Count 2} {Type C } 
[5732] 2015/02/09 18:55:23.771 收到 Head 資訊 {Count 2} {Type C } 
[5732] 2015/02/09 18:55:33.763 收到 Head 資訊 {Count 2} {Type C } 
[5732] 2015/02/09 18:55:43.782 收到 Head 資訊 {Count 2} {Type C } 
[5732] 2015/02/09 18:55:53.776 收到 Head 資訊 {Count 2} {Type C } 
[5732] 2015/02/09 18:56:03.764 收到 Head 資訊 {Count 2} {Type C } 
[5732] 2015/02/09 18:56:06.718 連線確認 E122828927 (21,21)
[5732] 2015/02/09 18:56:13.774 收到 Head 資訊 {Count 2} {Type C } 
[5732] 2015/02/09 18:56:23.772 收到 Head 資訊 {Count 2} {Type C } 
[5732] 2015/02/09 18:56:33.796 收到 Head 資訊 {Count 2} {Type C } 
[5732] 2015/02/09 18:56:54.282 收到 Head 資訊 {Count 2} {Type C } 
[5732] 2015/02/09 18:56:54.490 收到 Head 資訊 {Count 2} {Type C } 
[5732] 2015/02/09 18:57:04.273 收到 Head 資訊 {Count 2} {Type C } 
[5732] 2015/02/09 18:57:06.733 連線確認 E122828927 (21,21)
[5732] 2015/02/09 18:57:14.320 收到 Head 資訊 {Count 2} {Type C } 
[5732] 2015/02/09 18:58:06.746 連線確認 E122828927 (21,21)
[5732] 2015/02/09 18:58:15.984 收到 Head 資訊 {Count 2} {Type B } 
[5732] 2015/02/09 18:59:06.759 連線確認 E122828927 (21,21)
[5732] 2015/02/09 18:59:14.278 收到 Head 資訊 {Count 2} {Type C } 
[5732] 2015/02/09 19:00:06.773 連線確認 E122828927 (21,21)
[5732] 2015/02/09 19:01:06.786 連線確認 E122828927 (21,21)
[5732] 2015/02/09 19:02:06.801 連線確認 E122828927 (21,21)
[5732] 2015/02/09 19:03:06.814 連線確認 E122828927 (21,21)
[5732] 2015/02/09 19:03:16.951 收到 Head 資訊 {Count 2} {Type B } 
[5732] 2015/02/09 19:04:06.828 連線確認 E122828927 (21,21)
[5732] 2015/02/09 19:05:06.841 連線確認 E122828927 (21,21)
[5732] 2015/02/09 19:06:06.854 連線確認 E122828927 (21,21)
[5732] 2015/02/09 19:07:06.869 連線確認 E122828927 (21,21)
[5732] 2015/02/09 19:08:06.881 連線確認 E122828927 (21,21)
[5732] 2015/02/09 19:08:17.937 收到 Head 資訊 {Count 2} {Type B } 
[5732] 2015/02/09 19:09:06.896 連線確認 E122828927 (21,21)
[5732] 2015/02/09 19:10:06.909 連線確認 E122828927 (21,21)
[5732] 2015/02/09 19:11:06.922 連線確認 E122828927 (21,21)
[5732] 2015/02/09 19:12:06.936 連線確認 E122828927 (21,21)
[5732] 2015/02/09 19:13:06.949 連線確認 E122828927 (21,21)
[5732] 2015/02/09 19:13:18.934 收到 Head 資訊 {Count 2} {Type B } 
[5732] 2015/02/09 19:14:06.963 連線確認 E122828927 (21,21)
[5732] 2015/02/09 19:15:06.977 連線確認 E122828927 (21,21)
[5732] 2015/02/09 19:16:06.991 連線確認 E122828927 (21,21)
[5732] 2015/02/09 19:17:07.004 連線確認 E122828927 (21,21)
[5732] 2015/02/09 19:18:07.017 連線確認 E122828927 (21,21)
[5732] 2015/02/09 19:18:19.937 收到 Head 資訊 {Count 2} {Type B } 
[5732] 2015/02/09 19:19:07.032 連線確認 E122828927 (21,21)
[5732] 2015/02/09 19:20:07.045 連線確認 E122828927 (21,21)
[5732] 2015/02/09 19:21:07.058 連線確認 E122828927 (21,21)
[5732] 2015/02/09 19:22:07.072 連線確認 E122828927 (21,21)
[5732] 2015/02/09 19:23:07.086 連線確認 E122828927 (21,21)
[5732] 2015/02/09 19:23:20.967 收到 Head 資訊 {Count 2} {Type B } 
[5732] 2015/02/09 19:24:07.100 連線確認 E122828927 (21,21)
[5732] 2015/02/09 19:25:07.113 連線確認 E122828927 (21,21)
[5732] 2015/02/09 19:26:07.127 連線確認 E122828927 (21,21)
[5732] 2015/02/09 19:27:14.538 連線確認 E122828927 (21,21)
[5732] 2015/02/09 19:28:14.502 連線確認 E122828927 (21,21)
[5732] 2015/02/09 19:28:21.413 收到 Head 資訊 {Count 2} {Type B } 
[5732] 2015/02/09 19:29:14.514 連線確認 E122828927 (21,21)
[5732] 2015/02/09 19:30:14.528 連線確認 E122828927 (21,21)
[5732] 2015/02/09 19:31:14.542 連線確認 E122828927 (21,21)
[5732] 2015/02/09 19:32:14.555 連線確認 E122828927 (21,21)
[5732] 2015/02/09 19:33:14.569 連線確認 E122828927 (21,21)
[5732] 2015/02/09 19:33:22.396 收到 Head 資訊 {Count 2} {Type B } 
[5732] 2015/02/09 19:34:14.583 連線確認 E122828927 (21,21)
[5732] 2015/02/09 19:35:14.596 連線確認 E122828927 (21,21)
[5732] 2015/02/09 19:36:14.609 連線確認 E122828927 (21,21)
[5732] 2015/02/09 19:37:14.623 連線確認 E122828927 (21,21)
[5732] 2015/02/09 19:38:14.637 連線確認 E122828927 (21,21)
[5732] 2015/02/09 19:38:23.382 收到 Head 資訊 {Count 2} {Type B } 
[5732] 2015/02/09 19:39:14.651 連線確認 E122828927 (21,21)
[5732] 2015/02/09 19:40:14.664 連線確認 E122828927 (21,21)
[5732] 2015/02/09 19:41:14.678 連線確認 E122828927 (21,21)
[5732] 2015/02/09 19:42:14.691 連線確認 E122828927 (21,21)
[5732] 2015/02/09 19:43:14.705 連線確認 E122828927 (21,21)
[5732] 2015/02/09 19:43:24.426 收到 Head 資訊 {Count 2} {Type B } 
[5732] 2015/02/09 19:44:14.718 連線確認 E122828927 (21,21)
[5732] 2015/02/09 19:45:14.733 連線確認 E122828927 (21,21)
[5732] 2015/02/09 19:46:14.745 連線確認 E122828927 (21,21)
[5732] 2015/02/09 19:47:14.760 連線確認 E122828927 (21,21)
[5732] 2015/02/09 19:48:14.772 連線確認 E122828927 (21,21)
[5732] 2015/02/09 19:48:25.457 收到 Head 資訊 {Count 2} {Type B } 
[5732] 2015/02/09 19:49:14.787 連線確認 E122828927 (21,21)
[5732] 2015/02/09 19:50:14.800 連線確認 E122828927 (21,21)
[5732] 2015/02/09 19:51:14.813 連線確認 E122828927 (21,21)
[5732] 2015/02/09 19:52:14.827 連線確認 E122828927 (21,21)
[5732] 2015/02/09 19:53:14.841 連線確認 E122828927 (21,21)
[5732] 2015/02/09 19:53:26.418 收到 Head 資訊 {Count 2} {Type B } 
[5732] 2015/02/09 19:54:14.855 連線確認 E122828927 (21,21)
[5732] 2015/02/09 19:55:14.868 連線確認 E122828927 (21,21)
[5732] 2015/02/09 19:56:14.881 連線確認 E122828927 (21,21)
[5732] 2015/02/09 19:57:14.895 連線確認 E122828927 (21,21)
[5732] 2015/02/09 19:58:14.909 連線確認 E122828927 (21,21)
[5732] 2015/02/09 19:58:27.848 收到 Head 資訊 {Count 2} {Type B } 
[5732] 2015/02/09 19:59:14.923 連線確認 E122828927 (21,21)
[5732] 2015/02/09 20:00:14.936 連線確認 E122828927 (21,21)
[5732] 2015/02/09 20:01:14.949 連線確認 E122828927 (21,21)
[5732] 2015/02/09 20:02:14.964 連線確認 E122828927 (21,21)
[5732] 2015/02/09 20:03:14.977 連線確認 E122828927 (21,21)
[5732] 2015/02/09 20:03:28.835 收到 Head 資訊 {Count 2} {Type B } 
[5732] 2015/02/09 20:04:14.990 連線確認 E122828927 (21,21)
[5732] 2015/02/09 20:05:15.004 連線確認 E122828927 (21,21)
[5732] 2015/02/09 20:06:15.018 連線確認 E122828927 (21,21)
[5732] 2015/02/09 20:07:15.031 連線確認 E122828927 (21,21)
[5732] 2015/02/09 20:08:15.044 連線確認 E122828927 (21,21)
[5732] 2015/02/09 20:08:29.844 收到 Head 資訊 {Count 2} {Type B } 
[5732] 2015/02/09 20:09:15.058 連線確認 E122828927 (21,21)
[5732] 2015/02/09 20:10:15.072 連線確認 E122828927 (21,21)
[5732] 2015/02/09 20:11:15.085 連線確認 E122828927 (21,21)
[5732] 2015/02/09 20:12:15.099 連線確認 E122828927 (21,21)
[5732] 2015/02/09 20:13:15.112 連線確認 E122828927 (21,21)
[5732] 2015/02/09 20:13:30.675 收到 Head 資訊 {Count 2} {Type B } 
[5732] 2015/02/09 20:14:15.127 連線確認 E122828927 (21,21)
[5732] 2015/02/09 20:15:15.139 連線確認 E122828927 (21,21)
[5732] 2015/02/09 20:16:15.153 連線確認 E122828927 (21,21)
[5732] 2015/02/09 20:17:15.167 連線確認 E122828927 (21,21)
[5732] 2015/02/09 20:18:15.180 連線確認 E122828927 (21,21)
[5732] 2015/02/09 20:18:31.643 收到 Head 資訊 {Count 2} {Type B } 
[5732] 2015/02/09 20:19:15.194 連線確認 E122828927 (21,21)
[5732] 2015/02/09 20:20:15.208 連線確認 E122828927 (21,21)
[5732] 2015/02/09 20:21:15.222 連線確認 E122828927 (21,21)
[5732] 2015/02/09 20:22:15.234 連線確認 E122828927 (21,21)
[5732] 2015/02/09 20:23:15.248 連線確認 E122828927 (21,21)
[5732] 2015/02/09 20:23:32.672 收到 Head 資訊 {Count 2} {Type B } 
[5732] 2015/02/09 20:24:15.261 連線確認 E122828927 (21,21)
[5732] 2015/02/09 20:25:15.276 連線確認 E122828927 (21,21)
[5732] 2015/02/09 20:26:15.289 連線確認 E122828927 (21,21)
[5732] 2015/02/09 20:27:15.302 連線確認 E122828927 (21,21)
[5732] 2015/02/09 20:28:15.545 連線確認 E122828927 (21,21)
[5732] 2015/02/09 20:28:33.419 收到 Head 資訊 {Count 2} {Type B } 
[5732] 2015/02/09 20:29:15.518 連線確認 E122828927 (21,21)
[5732] 2015/02/09 20:30:15.530 連線確認 E122828927 (21,21)
[5732] 2015/02/09 20:31:15.544 連線確認 E122828927 (21,21)
[5732] 2015/02/09 20:32:15.558 連線確認 E122828927 (21,21)
[5732] 2015/02/09 20:33:15.572 連線確認 E122828927 (21,21)
[5732] 2015/02/09 20:33:34.366 收到 Head 資訊 {Count 2} {Type B } 
[5732] 2015/02/09 20:34:15.585 連線確認 E122828927 (21,21)
[5732] 2015/02/09 20:35:15.599 連線確認 E122828927 (21,21)
[5732] 2015/02/09 20:36:15.612 連線確認 E122828927 (21,21)
[5732] 2015/02/09 20:37:15.626 連線確認 E122828927 (21,21)
[5732] 2015/02/09 20:38:15.640 連線確認 E122828927 (21,21)
[5732] 2015/02/09 20:38:37.410 收到 Head 資訊 {Count 2} {Type B } 
[5732] 2015/02/09 20:39:15.653 連線確認 E122828927 (21,21)
[5732] 2015/02/09 20:40:15.666 連線確認 E122828927 (21,21)
[5732] 2015/02/09 20:41:15.680 連線確認 E122828927 (21,21)
[5732] 2015/02/09 20:42:15.695 連線確認 E122828927 (21,21)
[5732] 2015/02/09 20:43:15.708 連線確認 E122828927 (21,21)
[5732] 2015/02/09 20:43:38.127 收到 Head 資訊 {Count 2} {Type B } 
[5732] 2015/02/09 20:44:15.720 連線確認 E122828927 (21,21)
[5732] 2015/02/09 20:45:15.733 連線確認 E122828927 (21,21)
[5732] 2015/02/09 20:46:15.748 連線確認 E122828927 (21,21)
[5732] 2015/02/09 20:47:15.761 連線確認 E122828927 (21,21)
[5732] 2015/02/09 20:48:15.775 連線確認 E122828927 (21,21)
[5732] 2015/02/09 20:48:39.161 收到 Head 資訊 {Count 2} {Type B } 
[5732] 2015/02/09 20:49:15.788 連線確認 E122828927 (21,21)
[5732] 2015/02/09 20:50:15.802 連線確認 E122828927 (21,21)
[5732] 2015/02/09 20:51:15.815 連線確認 E122828927 (21,21)
[5732] 2015/02/09 20:52:15.829 連線確認 E122828927 (21,21)
[5732] 2015/02/09 20:53:15.844 連線確認 E122828927 (21,21)
[5732] 2015/02/09 20:53:40.112 收到 Head 資訊 {Count 2} {Type B } 
[5732] 2015/02/09 20:54:15.857 連線確認 E122828927 (21,21)
[5732] 2015/02/09 20:55:15.870 連線確認 E122828927 (21,21)
[5732] 2015/02/09 20:56:15.885 連線確認 E122828927 (21,21)
[5732] 2015/02/09 20:57:15.897 連線確認 E122828927 (21,21)
[5732] 2015/02/09 20:58:15.910 連線確認 E122828927 (21,21)
[5732] 2015/02/09 20:58:51.684 收到 Head 資訊 {Count 2} {Type B } 
[5732] 2015/02/09 20:59:15.924 連線確認 E122828927 (21,21)
[5732] 2015/02/09 21:00:15.938 連線確認 E122828927 (21,21)
[5732] 2015/02/09 21:01:15.952 連線確認 E122828927 (21,21)
[5732] 2015/02/09 21:02:15.964 連線確認 E122828927 (21,21)
[5732] 2015/02/09 21:03:15.979 連線確認 E122828927 (21,21)
[5732] 2015/02/09 21:03:42.694 收到 Head 資訊 {Count 2} {Type B } 
[5732] 2015/02/09 21:04:15.992 連線確認 E122828927 (21,21)
[5732] 2015/02/09 21:05:16.006 連線確認 E122828927 (21,21)
[5732] 2015/02/09 21:06:16.019 連線確認 E122828927 (21,21)
[5732] 2015/02/09 21:07:16.033 連線確認 E122828927 (21,21)
[5732] 2015/02/09 21:08:16.047 連線確認 E122828927 (21,21)
[5732] 2015/02/09 21:08:43.717 收到 Head 資訊 {Count 2} {Type B } 
[5732] 2015/02/09 21:09:16.061 連線確認 E122828927 (21,21)
[5732] 2015/02/09 21:10:16.074 連線確認 E122828927 (21,21)
[5732] 2015/02/09 21:11:16.087 連線確認 E122828927 (21,21)
[5732] 2015/02/09 21:12:16.101 連線確認 E122828927 (21,21)
[5732] 2015/02/09 21:13:16.115 連線確認 E122828927 (21,21)
[5732] 2015/02/09 21:13:44.711 收到 Head 資訊 {Count 2} {Type B } 
[5732] 2015/02/09 21:14:16.512 連線確認 E122828927 (21,21)
[5732] 2015/02/09 21:15:16.500 連線確認 E122828927 (21,21)
[5732] 2015/02/09 21:16:16.514 連線確認 E122828927 (21,21)
[5732] 2015/02/09 21:17:16.528 連線確認 E122828927 (21,21)
[5732] 2015/02/09 21:18:16.542 連線確認 E122828927 (21,21)
[5732] 2015/02/09 21:18:45.717 收到 Head 資訊 {Count 2} {Type B } 
[5732] 2015/02/09 21:19:16.556 連線確認 E122828927 (21,21)
[5732] 2015/02/09 21:20:16.568 連線確認 E122828927 (21,21)
[5732] 2015/02/09 21:21:16.582 連線確認 E122828927 (21,21)
[5732] 2015/02/09 21:22:16.595 連線確認 E122828927 (21,21)
[5732] 2015/02/09 21:23:16.609 連線確認 E122828927 (21,21)
[5732] 2015/02/09 21:23:46.666 收到 Head 資訊 {Count 2} {Type B } 
[5732] 2015/02/09 21:24:16.624 連線確認 E122828927 (21,21)
[5732] 2015/02/09 21:25:16.636 連線確認 E122828927 (21,21)
[5732] 2015/02/09 21:26:16.650 連線確認 E122828927 (21,21)
[5732] 2015/02/09 21:27:16.664 連線確認 E122828927 (21,21)
[5732] 2015/02/09 21:28:16.677 連線確認 E122828927 (21,21)
[5732] 2015/02/09 21:28:47.711 收到 Head 資訊 {Count 2} {Type B } 
[5732] 2015/02/09 21:29:16.690 連線確認 E122828927 (21,21)
[5732] 2015/02/09 21:30:16.704 連線確認 E122828927 (21,21)
[5732] 2015/02/09 21:31:16.719 連線確認 E122828927 (21,21)
[5732] 2015/02/09 21:32:16.731 連線確認 E122828927 (21,21)
[5732] 2015/02/09 21:33:16.744 連線確認 E122828927 (21,21)
[5732] 2015/02/09 21:33:48.823 收到 Head 資訊 {Count 2} {Type B } 
[5732] 2015/02/09 21:34:16.759 連線確認 E122828927 (21,21)
[5732] 2015/02/09 21:35:16.772 連線確認 E122828927 (21,21)
[5732] 2015/02/09 21:36:16.787 連線確認 E122828927 (21,21)
[5732] 2015/02/09 21:37:16.800 連線確認 E122828927 (21,21)
[5732] 2015/02/09 21:38:16.814 連線確認 E122828927 (21,21)
[5732] 2015/02/09 21:38:49.794 收到 Head 資訊 {Count 2} {Type B } 
[5732] 2015/02/09 21:39:16.827 連線確認 E122828927 (21,21)
[5732] 2015/02/09 21:40:16.840 連線確認 E122828927 (21,21)
[5732] 2015/02/09 21:41:16.854 連線確認 E122828927 (21,21)
[5732] 2015/02/09 21:42:16.868 連線確認 E122828927 (21,21)
[5732] 2015/02/09 21:43:16.881 連線確認 E122828927 (21,21)
[5732] 2015/02/09 21:43:50.823 收到 Head 資訊 {Count 2} {Type B } 
[5732] 2015/02/09 21:44:16.894 連線確認 E122828927 (21,21)
[5732] 2015/02/09 21:45:16.909 連線確認 E122828927 (21,21)
[5732] 2015/02/09 21:46:16.922 連線確認 E122828927 (21,21)
[5732] 2015/02/09 21:47:16.935 連線確認 E122828927 (21,21)
[5732] 2015/02/09 21:48:16.950 連線確認 E122828927 (21,21)
[5732] 2015/02/09 21:48:51.417 收到 Head 資訊 {Count 2} {Type B } 
[5732] 2015/02/09 21:49:16.962 連線確認 E122828927 (21,21)
[5732] 2015/02/09 21:50:16.976 連線確認 E122828927 (21,21)
[5732] 2015/02/09 21:51:16.989 連線確認 E122828927 (21,21)
[5732] 2015/02/09 21:52:17.003 連線確認 E122828927 (21,21)
[5732] 2015/02/09 21:53:17.018 連線確認 E122828927 (21,21)
[5732] 2015/02/09 21:53:52.369 收到 Head 資訊 {Count 2} {Type B } 
[5732] 2015/02/09 21:54:17.031 連線確認 E122828927 (21,21)
[5732] 2015/02/09 21:55:17.045 連線確認 E122828927 (21,21)
[5732] 2015/02/09 21:56:17.057 連線確認 E122828927 (21,21)
[5732] 2015/02/09 21:57:17.071 連線確認 E122828927 (21,21)
[5732] 2015/02/09 21:58:17.085 連線確認 E122828927 (21,21)
[5732] 2015/02/09 21:58:53.359 收到 Head 資訊 {Count 2} {Type B } 
[5732] 2015/02/09 21:59:17.098 連線確認 E122828927 (21,21)
[5732] 2015/02/09 22:00:17.113 連線確認 E122828927 (21,21)
[5732] 2015/02/09 22:01:17.125 連線確認 E122828927 (21,21)
[5732] 2015/02/09 22:02:17.139 連線確認 E122828927 (21,21)
[5732] 2015/02/09 22:03:17.153 連線確認 E122828927 (21,21)
[5732] 2015/02/09 22:03:53.928 收到 Head 資訊 {Count 2} {Type B } 
[5732] 2015/02/09 22:04:17.166 連線確認 E122828927 (21,21)
[5732] 2015/02/09 22:05:17.181 連線確認 E122828927 (21,21)
[5732] 2015/02/09 22:06:17.193 連線確認 E122828927 (21,21)
[5732] 2015/02/09 22:07:17.207 連線確認 E122828927 (21,21)
[5732] 2015/02/09 22:08:17.221 連線確認 E122828927 (21,21)
[5732] 2015/02/09 22:08:54.958 收到 Head 資訊 {Count 2} {Type B } 
[5732] 2015/02/09 22:09:17.233 連線確認 E122828927 (21,21)
[5732] 2015/02/09 22:10:17.249 連線確認 E122828927 (21,21)
[5732] 2015/02/09 22:11:17.261 連線確認 E122828927 (21,21)
[5732] 2015/02/09 22:12:17.275 連線確認 E122828927 (21,21)
[5732] 2015/02/09 22:13:17.288 連線確認 E122828927 (21,21)
[5732] 2015/02/09 22:13:55.913 收到 Head 資訊 {Count 2} {Type B } 
[5732] 2015/02/09 22:14:17.302 連線確認 E122828927 (21,21)
[5732] 2015/02/09 22:15:17.503 連線確認 E122828927 (21,21)
[5732] 2015/02/09 22:16:17.501 連線確認 E122828927 (21,21)
[5732] 2015/02/09 22:17:17.515 連線確認 E122828927 (21,21)
[5732] 2015/02/09 22:18:17.528 連線確認 E122828927 (21,21)
[5732] 2015/02/09 22:18:57.426 收到 Head 資訊 {Count 2} {Type B } 
[5732] 2015/02/09 22:19:17.541 連線確認 E122828927 (21,21)
[5732] 2015/02/09 22:20:17.555 連線確認 E122828927 (21,21)
[5732] 2015/02/09 22:21:17.569 連線確認 E122828927 (21,21)
[5732] 2015/02/09 22:22:17.582 連線確認 E122828927 (21,21)
[5732] 2015/02/09 22:23:17.596 連線確認 E122828927 (21,21)
[5732] 2015/02/09 22:23:58.395 收到 Head 資訊 {Count 2} {Type B } 
[5732] 2015/02/09 22:24:17.610 連線確認 E122828927 (21,21)
[5732] 2015/02/09 22:25:17.623 連線確認 E122828927 (21,21)
[5732] 2015/02/09 22:26:17.637 連線確認 E122828927 (21,21)
[5732] 2015/02/09 22:27:17.650 連線確認 E122828927 (21,21)
[5732] 2015/02/09 22:28:17.664 連線確認 E122828927 (21,21)
[5732] 2015/02/09 22:28:59.425 收到 Head 資訊 {Count 2} {Type B } 
[5732] 2015/02/09 22:29:17.678 連線確認 E122828927 (21,21)
[5732] 2015/02/09 22:30:17.691 連線確認 E122828927 (21,21)
[5732] 2015/02/09 22:30:33.251 收到 Head 資訊 {Count 2} {Type D } 
[5732] 2015/02/09 22:31:17.704 連線確認 E122828927 (21,21)
[5732] 2015/02/09 22:32:17.718 連線確認 E122828927 (21,21)
[5732] 2015/02/09 22:33:17.732 連線確認 E122828927 (21,21)
[5732] 2015/02/09 22:33:59.934 收到 Head 資訊 {Count 2} {Type B } 
[5732] 2015/02/09 22:34:17.745 連線確認 E122828927 (21,21)
[5732] 2015/02/09 22:35:17.760 連線確認 E122828927 (21,21)
[5732] 2015/02/09 22:36:17.772 連線確認 E122828927 (21,21)
[5732] 2015/02/09 22:37:17.786 連線確認 E122828927 (21,21)
[5732] 2015/02/09 22:38:17.800 連線確認 E122828927 (21,21)
[5732] 2015/02/09 22:39:00.937 收到 Head 資訊 {Count 2} {Type B } 
[5732] 2015/02/09 22:39:17.814 連線確認 E122828927 (21,21)
[5732] 2015/02/09 22:40:17.827 連線確認 E122828927 (21,21)
[5732] 2015/02/09 22:41:17.842 連線確認 E122828927 (21,21)
[5732] 2015/02/09 22:42:17.854 連線確認 E122828927 (21,21)
[5732] 2015/02/09 22:43:17.867 連線確認 E122828927 (21,21)
[5732] 2015/02/09 22:44:01.933 收到 Head 資訊 {Count 2} {Type B } 
[5732] 2015/02/09 22:44:17.882 連線確認 E122828927 (21,21)
[5732] 2015/02/09 22:45:17.895 連線確認 E122828927 (21,21)
[5732] 2015/02/09 22:46:17.908 連線確認 E122828927 (21,21)
[5732] 2015/02/09 22:47:17.922 連線確認 E122828927 (21,21)
[5732] 2015/02/09 22:48:17.935 連線確認 E122828927 (21,21)
[5732] 2015/02/09 22:49:03.204 收到 Head 資訊 {Count 2} {Type B } 
[5732] 2015/02/09 22:49:17.950 連線確認 E122828927 (21,21)
[5732] 2015/02/09 22:50:17.962 連線確認 E122828927 (21,21)
[5732] 2015/02/09 22:51:17.976 連線確認 E122828927 (21,21)
[5732] 2015/02/09 22:52:17.990 連線確認 E122828927 (21,21)
[5732] 2015/02/09 22:53:18.004 連線確認 E122828927 (21,21)
[5732] 2015/02/09 22:54:04.170 收到 Head 資訊 {Count 2} {Type B } 
[5732] 2015/02/09 22:54:18.017 連線確認 E122828927 (21,21)
[5732] 2015/02/09 22:55:18.030 連線確認 E122828927 (21,21)
[5732] 2015/02/09 22:56:18.044 連線確認 E122828927 (21,21)
[5732] 2015/02/09 22:57:18.058 連線確認 E122828927 (21,21)
[5732] 2015/02/09 22:58:18.072 連線確認 E122828927 (21,21)
[5732] 2015/02/09 22:59:05.202 收到 Head 資訊 {Count 2} {Type B } 
[5732] 2015/02/09 22:59:18.086 連線確認 E122828927 (21,21)
[5732] 2015/02/09 23:00:18.098 連線確認 E122828927 (21,21)
[5732] 2015/02/09 23:01:18.112 連線確認 E122828927 (21,21)
[5732] 2015/02/09 23:02:18.127 連線確認 E122828927 (21,21)
[5732] 2015/02/09 23:03:18.140 連線確認 E122828927 (21,21)
[5732] 2015/02/09 23:04:06.088 收到 Head 資訊 {Count 2} {Type B } 
[5732] 2015/02/09 23:04:18.154 連線確認 E122828927 (21,21)
[5732] 2015/02/09 23:05:18.166 連線確認 E122828927 (21,21)
[5732] 2015/02/09 23:06:18.181 連線確認 E122828927 (21,21)
[5732] 2015/02/09 23:07:18.193 連線確認 E122828927 (21,21)
[5732] 2015/02/09 23:08:18.207 連線確認 E122828927 (21,21)
[5732] 2015/02/09 23:09:07.101 收到 Head 資訊 {Count 2} {Type B } 
[5732] 2015/02/09 23:09:18.222 連線確認 E122828927 (21,21)
[5732] 2015/02/09 23:10:18.234 連線確認 E122828927 (21,21)
[5732] 2015/02/09 23:11:18.248 連線確認 E122828927 (21,21)
[5732] 2015/02/09 23:12:18.262 連線確認 E122828927 (21,21)
[5732] 2015/02/09 23:13:18.276 連線確認 E122828927 (21,21)
[5732] 2015/02/09 23:14:08.065 收到 Head 資訊 {Count 2} {Type B } 
[5732] 2015/02/09 23:14:18.290 連線確認 E122828927 (21,21)
[5732] 2015/02/09 23:15:18.303 連線確認 E122828927 (21,21)
[5732] 2015/02/09 23:16:18.316 連線確認 E122828927 (21,21)
[5732] 2015/02/09 23:17:18.330 連線確認 E122828927 (21,21)
[5732] 2015/02/09 23:18:18.343 連線確認 E122828927 (21,21)
[5732] 2015/02/09 23:19:09.247 收到 Head 資訊 {Count 2} {Type B } 
[5732] 2015/02/09 23:19:18.356 連線確認 E122828927 (21,21)
[5732] 2015/02/09 23:20:18.370 連線確認 E122828927 (21,21)
[5732] 2015/02/09 23:21:18.385 連線確認 E122828927 (21,21)
[5732] 2015/02/09 23:22:18.397 連線確認 E122828927 (21,21)
[5732] 2015/02/09 23:23:18.411 連線確認 E122828927 (21,21)
[5732] 2015/02/09 23:24:10.210 收到 Head 資訊 {Count 2} {Type B } 
[5732] 2015/02/09 23:24:18.425 連線確認 E122828927 (21,21)
[5732] 2015/02/09 23:25:18.438 連線確認 E122828927 (21,21)
[5732] 2015/02/09 23:26:18.451 連線確認 E122828927 (21,21)
[5732] 2015/02/09 23:27:18.466 連線確認 E122828927 (21,21)
[5732] 2015/02/09 23:28:18.479 連線確認 E122828927 (21,21)
[5732] 2015/02/09 23:29:11.212 收到 Head 資訊 {Count 2} {Type B } 
[5732] 2015/02/09 23:29:18.492 連線確認 E122828927 (21,21)
[5732] 2015/02/09 23:30:18.506 連線確認 E122828927 (21,21)
[5732] 2015/02/09 23:31:18.519 連線確認 E122828927 (21,21)
[5732] 2015/02/09 23:32:18.533 連線確認 E122828927 (21,21)
[5732] 2015/02/09 23:33:18.548 連線確認 E122828927 (21,21)
[5732] 2015/02/09 23:34:12.631 收到 Head 資訊 {Count 2} {Type B } 
[5732] 2015/02/09 23:34:18.561 連線確認 E122828927 (21,21)
[5732] 2015/02/09 23:35:18.574 連線確認 E122828927 (21,21)
[5732] 2015/02/09 23:36:18.587 連線確認 E122828927 (21,21)
[5732] 2015/02/09 23:37:18.601 連線確認 E122828927 (21,21)
[5732] 2015/02/09 23:38:18.616 連線確認 E122828927 (21,21)
[5732] 2015/02/09 23:39:13.598 收到 Head 資訊 {Count 2} {Type B } 
[5732] 2015/02/09 23:39:18.628 連線確認 E122828927 (21,21)
[5732] 2015/02/09 23:40:18.642 連線確認 E122828927 (21,21)
[5732] 2015/02/09 23:41:18.656 連線確認 E122828927 (21,21)
[5732] 2015/02/09 23:42:18.669 連線確認 E122828927 (21,21)
[5732] 2015/02/09 23:43:18.683 連線確認 E122828927 (21,21)
[5732] 2015/02/09 23:44:14.591 收到 Head 資訊 {Count 2} {Type B } 
[5732] 2015/02/09 23:44:18.696 連線確認 E122828927 (21,21)
[5732] 2015/02/09 23:45:18.711 連線確認 E122828927 (21,21)
[5732] 2015/02/09 23:46:18.723 連線確認 E122828927 (21,21)
[5732] 2015/02/09 23:47:18.737 連線確認 E122828927 (21,21)
[5732] 2015/02/09 23:48:18.751 連線確認 E122828927 (21,21)
[5732] 2015/02/09 23:49:15.083 收到 Head 資訊 {Count 2} {Type B } 
[5732] 2015/02/09 23:49:18.764 連線確認 E122828927 (21,21)
[5732] 2015/02/09 23:50:18.777 連線確認 E122828927 (21,21)
[5732] 2015/02/09 23:51:18.792 連線確認 E122828927 (21,21)
[5732] 2015/02/09 23:52:18.805 連線確認 E122828927 (21,21)
[5732] 2015/02/09 23:53:18.819 連線確認 E122828927 (21,21)
[5732] 2015/02/09 23:54:16.106 收到 Head 資訊 {Count 2} {Type B } 
[5732] 2015/02/09 23:54:18.832 連線確認 E122828927 (21,21)
[5732] 2015/02/09 23:55:18.846 連線確認 E122828927 (21,21)
[5732] 2015/02/09 23:56:18.859 連線確認 E122828927 (21,21)
[5732] 2015/02/09 23:57:18.873 連線確認 E122828927 (21,21)
[5732] 2015/02/09 23:58:18.886 連線確認 E122828927 (21,21)
[5732] 2015/02/09 23:59:17.120 收到 Head 資訊 {Count 2} {Type B } 
[5732] 2015/02/09 23:59:18.900 連線確認 E122828927 (21,21)
[5732] 2015/02/10 00:00:18.914 連線確認 E122828927 (21,21)
[5732] 2015/02/10 00:01:18.928 連線確認 E122828927 (21,21)
[5732] 2015/02/10 00:02:18.941 連線確認 E122828927 (21,21)
[5732] 2015/02/10 00:03:18.954 連線確認 E122828927 (21,21)
[5732] 2015/02/10 00:04:18.102 收到 Head 資訊 {Count 2} {Type B } 
[5732] 2015/02/10 00:04:18.968 連線確認 E122828927 (21,21)
[5732] 2015/02/10 00:05:18.981 連線確認 E122828927 (21,21)
[5732] 2015/02/10 00:06:18.996 連線確認 E122828927 (21,21)
[5732] 2015/02/10 00:07:19.008 連線確認 E122828927 (21,21)
[5732] 2015/02/10 00:08:19.023 連線確認 E122828927 (21,21)
[5732] 2015/02/10 00:09:19.036 連線確認 E122828927 (21,21)
[5732] 2015/02/10 00:09:19.367 收到 Head 資訊 {Count 2} {Type B } 
[5732] 2015/02/10 00:10:19.051 連線確認 E122828927 (21,21)
[5732] 2015/02/10 00:11:19.063 連線確認 E122828927 (21,21)
[5732] 2015/02/10 00:12:19.076 連線確認 E122828927 (21,21)
[5732] 2015/02/10 00:13:19.091 連線確認 E122828927 (21,21)
[5732] 2015/02/10 00:14:19.104 連線確認 E122828927 (21,21)
[5732] 2015/02/10 00:14:20.385 收到 Head 資訊 {Count 2} {Type B } 
[5732] 2015/02/10 00:15:19.117 連線確認 E122828927 (21,21)
[5732] 2015/02/10 00:16:19.131 連線確認 E122828927 (21,21)
[5732] 2015/02/10 00:17:19.146 連線確認 E122828927 (21,21)
[5732] 2015/02/10 00:18:19.159 連線確認 E122828927 (21,21)
[5732] 2015/02/10 00:19:19.172 連線確認 E122828927 (21,21)
[5732] 2015/02/10 00:19:21.358 收到 Head 資訊 {Count 2} {Type B } 
[5732] 2015/02/10 00:20:19.185 連線確認 E122828927 (21,21)
[5732] 2015/02/10 00:21:19.199 連線確認 E122828927 (21,21)
[5732] 2015/02/10 00:22:19.213 連線確認 E122828927 (21,21)
[5732] 2015/02/10 00:23:19.225 連線確認 E122828927 (21,21)
[5732] 2015/02/10 00:24:19.241 連線確認 E122828927 (21,21)
[5732] 2015/02/10 00:24:21.719 收到 Head 資訊 {Count 2} {Type B } 
[5732] 2015/02/10 00:25:19.253 連線確認 E122828927 (21,21)
[5732] 2015/02/10 00:26:19.268 連線確認 E122828927 (21,21)
[5732] 2015/02/10 00:27:19.280 連線確認 E122828927 (21,21)
[5732] 2015/02/10 00:28:19.295 連線確認 E122828927 (21,21)
[5732] 2015/02/10 00:29:19.307 連線確認 E122828927 (21,21)
[5732] 2015/02/10 00:29:22.701 收到 Head 資訊 {Count 2} {Type B } 
[5732] 2015/02/10 00:30:19.322 連線確認 E122828927 (21,21)
[5732] 2015/02/10 00:31:19.335 連線確認 E122828927 (21,21)
[5732] 2015/02/10 00:32:19.349 連線確認 E122828927 (21,21)
[5732] 2015/02/10 00:33:19.363 連線確認 E122828927 (21,21)
[5732] 2015/02/10 00:34:19.375 連線確認 E122828927 (21,21)
[5732] 2015/02/10 00:34:23.716 收到 Head 資訊 {Count 2} {Type B } 
[5732] 2015/02/10 00:35:19.389 連線確認 E122828927 (21,21)
[5732] 2015/02/10 00:36:19.403 連線確認 E122828927 (21,21)
[5732] 2015/02/10 00:37:19.417 連線確認 E122828927 (21,21)
[5732] 2015/02/10 00:38:19.431 連線確認 E122828927 (21,21)
[5732] 2015/02/10 00:39:19.443 連線確認 E122828927 (21,21)
[5732] 2015/02/10 00:39:25.553 收到 Head 資訊 {Count 2} {Type B } 
[5732] 2015/02/10 00:40:19.456 連線確認 E122828927 (21,21)
[5732] 2015/02/10 00:41:19.471 連線確認 E122828927 (21,21)
[5732] 2015/02/10 00:42:19.484 連線確認 E122828927 (21,21)
[5732] 2015/02/10 00:43:19.499 連線確認 E122828927 (21,21)
[5732] 2015/02/10 00:44:19.511 連線確認 E122828927 (21,21)
[5732] 2015/02/10 00:44:26.570 收到 Head 資訊 {Count 2} {Type B } 
[5732] 2015/02/10 00:45:19.526 連線確認 E122828927 (21,21)
[5732] 2015/02/10 00:46:19.538 連線確認 E122828927 (21,21)
[5732] 2015/02/10 00:47:19.551 連線確認 E122828927 (21,21)
[5732] 2015/02/10 00:48:19.567 連線確認 E122828927 (21,21)
[5732] 2015/02/10 00:49:19.579 連線確認 E122828927 (21,21)
[5732] 2015/02/10 00:49:27.542 收到 Head 資訊 {Count 2} {Type B } 
[5732] 2015/02/10 00:50:19.594 連線確認 E122828927 (21,21)
[5732] 2015/02/10 00:51:19.606 連線確認 E122828927 (21,21)
[5732] 2015/02/10 00:52:19.621 連線確認 E122828927 (21,21)
[5732] 2015/02/10 00:53:19.635 連線確認 E122828927 (21,21)
[5732] 2015/02/10 00:54:19.647 連線確認 E122828927 (21,21)
[5732] 2015/02/10 00:54:28.328 收到 Head 資訊 {Count 2} {Type B } 
[5732] 2015/02/10 00:55:19.661 連線確認 E122828927 (21,21)
[5732] 2015/02/10 00:56:19.675 連線確認 E122828927 (21,21)
[5732] 2015/02/10 00:57:19.688 連線確認 E122828927 (21,21)
[5732] 2015/02/10 00:58:19.701 連線確認 E122828927 (21,21)
[5732] 2015/02/10 00:59:19.715 連線確認 E122828927 (21,21)
[5732] 2015/02/10 00:59:29.340 收到 Head 資訊 {Count 2} {Type B } 
[5732] 2015/02/10 01:00:19.730 連線確認 E122828927 (21,21)
[5732] 2015/02/10 01:01:19.742 連線確認 E122828927 (21,21)
[5732] 2015/02/10 01:02:19.756 連線確認 E122828927 (21,21)
[5732] 2015/02/10 01:03:19.770 連線確認 E122828927 (21,21)
[5732] 2015/02/10 01:04:19.782 連線確認 E122828927 (21,21)
[5732] 2015/02/10 01:04:30.347 收到 Head 資訊 {Count 2} {Type B } 
[5732] 2015/02/10 01:05:19.796 連線確認 E122828927 (21,21)
[5732] 2015/02/10 01:06:19.810 連線確認 E122828927 (21,21)
[5732] 2015/02/10 01:07:19.825 連線確認 E122828927 (21,21)
[5732] 2015/02/10 01:08:19.838 連線確認 E122828927 (21,21)
[5732] 2015/02/10 01:09:19.851 連線確認 E122828927 (21,21)
[5732] 2015/02/10 01:09:30.720 收到 Head 資訊 {Count 2} {Type B } 
[5732] 2015/02/10 01:10:19.865 連線確認 E122828927 (21,21)
[5732] 2015/02/10 01:11:19.878 連線確認 E122828927 (21,21)
[5732] 2015/02/10 01:12:19.892 連線確認 E122828927 (21,21)
[5732] 2015/02/10 01:13:19.905 連線確認 E122828927 (21,21)
[5732] 2015/02/10 01:14:19.919 連線確認 E122828927 (21,21)
[5732] 2015/02/10 01:14:31.720 收到 Head 資訊 {Count 2} {Type B } 
[5732] 2015/02/10 01:15:19.933 連線確認 E122828927 (21,21)
[5732] 2015/02/10 01:16:19.946 連線確認 E122828927 (21,21)
[5732] 2015/02/10 01:17:19.959 連線確認 E122828927 (21,21)
[5732] 2015/02/10 01:18:19.973 連線確認 E122828927 (21,21)
[5732] 2015/02/10 01:19:19.988 連線確認 E122828927 (21,21)
[5732] 2015/02/10 01:19:32.697 收到 Head 資訊 {Count 2} {Type B } 
[5732] 2015/02/10 01:20:20.000 連線確認 E122828927 (21,21)
[5732] 2015/02/10 01:21:20.014 連線確認 E122828927 (21,21)
[5732] 2015/02/10 01:22:20.029 連線確認 E122828927 (21,21)
[5732] 2015/02/10 01:23:20.041 連線確認 E122828927 (21,21)
[5732] 2015/02/10 01:24:20.055 連線確認 E122828927 (21,21)
[5732] 2015/02/10 01:24:34.540 收到 Head 資訊 {Count 2} {Type B } 
[5732] 2015/02/10 01:25:20.068 連線確認 E122828927 (21,21)
[5732] 2015/02/10 01:26:20.082 連線確認 E122828927 (21,21)
[5732] 2015/02/10 01:27:20.096 連線確認 E122828927 (21,21)
[5732] 2015/02/10 01:28:20.109 連線確認 E122828927 (21,21)
[5732] 2015/02/10 01:29:20.124 連線確認 E122828927 (21,21)
[5732] 2015/02/10 01:29:35.548 收到 Head 資訊 {Count 2} {Type B } 
[5732] 2015/02/10 01:30:20.137 連線確認 E122828927 (21,21)
[5732] 2015/02/10 01:31:20.150 連線確認 E122828927 (21,21)
[5732] 2015/02/10 01:32:20.164 連線確認 E122828927 (21,21)
[5732] 2015/02/10 01:33:20.176 連線確認 E122828927 (21,21)
[5732] 2015/02/10 01:34:20.191 連線確認 E122828927 (21,21)
[5732] 2015/02/10 01:34:36.528 收到 Head 資訊 {Count 2} {Type B } 
[5732] 2015/02/10 01:35:20.205 連線確認 E122828927 (21,21)
[5732] 2015/02/10 01:36:20.219 連線確認 E122828927 (21,21)
[5732] 2015/02/10 01:37:20.231 連線確認 E122828927 (21,21)
[5732] 2015/02/10 01:38:20.245 連線確認 E122828927 (21,21)
[5732] 2015/02/10 01:39:20.259 連線確認 E122828927 (21,21)
[5732] 2015/02/10 01:39:37.328 收到 Head 資訊 {Count 2} {Type B } 
[5732] 2015/02/10 01:40:20.272 連線確認 E122828927 (21,21)
[5732] 2015/02/10 01:41:20.287 連線確認 E122828927 (21,21)
[5732] 2015/02/10 01:42:20.299 連線確認 E122828927 (21,21)
[5732] 2015/02/10 01:43:20.313 連線確認 E122828927 (21,21)
[5732] 2015/02/10 01:44:20.327 連線確認 E122828927 (21,21)
[5732] 2015/02/10 01:44:38.346 收到 Head 資訊 {Count 2} {Type B } 
[5732] 2015/02/10 01:45:20.340 連線確認 E122828927 (21,21)
[5732] 2015/02/10 01:46:20.355 連線確認 E122828927 (21,21)
[5732] 2015/02/10 01:47:20.367 連線確認 E122828927 (21,21)
[5732] 2015/02/10 01:48:20.381 連線確認 E122828927 (21,21)
[5732] 2015/02/10 01:49:20.395 連線確認 E122828927 (21,21)
[5732] 2015/02/10 01:49:39.330 收到 Head 資訊 {Count 2} {Type B } 
[5732] 2015/02/10 01:50:20.407 連線確認 E122828927 (21,21)
[5732] 2015/02/10 01:51:20.421 連線確認 E122828927 (21,21)
[5732] 2015/02/10 01:52:20.435 連線確認 E122828927 (21,21)
[5732] 2015/02/10 01:53:20.449 連線確認 E122828927 (21,21)
[5732] 2015/02/10 01:54:20.462 連線確認 E122828927 (21,21)
[5732] 2015/02/10 01:54:39.904 收到 Head 資訊 {Count 2} {Type B } 
[5732] 2015/02/10 01:55:20.475 連線確認 E122828927 (21,21)
[5732] 2015/02/10 01:56:20.489 連線確認 E122828927 (21,21)
[5732] 2015/02/10 01:57:20.503 連線確認 E122828927 (21,21)
[5732] 2015/02/10 01:58:20.517 連線確認 E122828927 (21,21)
[5732] 2015/02/10 01:59:20.531 連線確認 E122828927 (21,21)
[5732] 2015/02/10 01:59:40.885 收到 Head 資訊 {Count 2} {Type B } 
[5732] 2015/02/10 02:00:20.544 連線確認 E122828927 (21,21)
[5732] 2015/02/10 02:01:20.557 連線確認 E122828927 (21,21)
[5732] 2015/02/10 02:02:20.570 連線確認 E122828927 (21,21)
[5732] 2015/02/10 02:03:20.585 連線確認 E122828927 (21,21)
[5732] 2015/02/10 02:04:20.598 連線確認 E122828927 (21,21)
[5732] 2015/02/10 02:04:41.879 收到 Head 資訊 {Count 2} {Type B } 
[5732] 2015/02/10 02:05:20.613 連線確認 E122828927 (21,21)
[5732] 2015/02/10 02:06:20.626 連線確認 E122828927 (21,21)
[5732] 2015/02/10 02:07:20.638 連線確認 E122828927 (21,21)
[5732] 2015/02/10 02:08:20.653 連線確認 E122828927 (21,21)
[5732] 2015/02/10 02:09:20.666 連線確認 E122828927 (21,21)
[5732] 2015/02/10 02:09:43.113 收到 Head 資訊 {Count 2} {Type B } 
[5732] 2015/02/10 02:10:20.679 連線確認 E122828927 (21,21)
[5732] 2015/02/10 02:11:20.693 連線確認 E122828927 (21,21)
[5732] 2015/02/10 02:12:20.707 連線確認 E122828927 (21,21)
[5732] 2015/02/10 02:13:20.721 連線確認 E122828927 (21,21)
[5732] 2015/02/10 02:14:20.734 連線確認 E122828927 (21,21)
[5732] 2015/02/10 02:14:44.124 收到 Head 資訊 {Count 2} {Type B } 
[5732] 2015/02/10 02:15:20.747 連線確認 E122828927 (21,21)
[5732] 2015/02/10 02:16:20.761 連線確認 E122828927 (21,21)
[5732] 2015/02/10 02:17:20.775 連線確認 E122828927 (21,21)
[5732] 2015/02/10 02:18:20.788 連線確認 E122828927 (21,21)
[5732] 2015/02/10 02:19:20.801 連線確認 E122828927 (21,21)
[5732] 2015/02/10 02:19:45.134 收到 Head 資訊 {Count 2} {Type B } 
[5732] 2015/02/10 02:20:20.816 連線確認 E122828927 (21,21)
[5732] 2015/02/10 02:21:20.829 連線確認 E122828927 (21,21)
[5732] 2015/02/10 02:22:20.843 連線確認 E122828927 (21,21)
[5732] 2015/02/10 02:23:20.857 連線確認 E122828927 (21,21)
[5732] 2015/02/10 02:24:20.870 連線確認 E122828927 (21,21)
[5732] 2015/02/10 02:24:45.984 收到 Head 資訊 {Count 2} {Type B } 
[5732] 2015/02/10 02:25:20.884 連線確認 E122828927 (21,21)
[5732] 2015/02/10 02:26:20.897 連線確認 E122828927 (21,21)
[5732] 2015/02/10 02:27:20.910 連線確認 E122828927 (21,21)
[5732] 2015/02/10 02:28:20.925 連線確認 E122828927 (21,21)
[5732] 2015/02/10 02:29:20.938 連線確認 E122828927 (21,21)
[5732] 2015/02/10 02:29:46.977 收到 Head 資訊 {Count 2} {Type B } 
[5732] 2015/02/10 02:30:20.951 連線確認 E122828927 (21,21)
[5732] 2015/02/10 02:31:20.965 連線確認 E122828927 (21,21)
