[2344] 2015/01/27 07:37:49.714 -------------------------------
[2344] 2015/01/27 07:37:49.721 CERT ID:E122828927   BeginDate: 2015-01-24 11:01:08  EndDate: 2016-01-24 23:59:59 
[2344] 2015/01/27 07:37:49.728 SKOrderLib 版本 2.1.22
[2344] 2015/01/27 07:37:50.546 主機: https://order11.capital.com.tw/ap2005/new_trade.php
[2344] 2015/01/27 07:37:50.549 OF主機: https://order11.capital.com.tw/ap2005/of_new_trade.php
[1208] 2015/01/27 07:41:16.431 -------------------------------
[1208] 2015/01/27 07:41:16.438 CERT ID:E122828927   BeginDate: 2015-01-24 11:01:08  EndDate: 2016-01-24 23:59:59 
[1208] 2015/01/27 07:41:16.446 SKOrderLib 版本 2.1.22
[1208] 2015/01/27 07:41:17.352 主機: https://order10.capital.com.tw/ap2005/new_trade.php
[1208] 2015/01/27 07:41:17.355 OF主機: https://order10.capital.com.tw/ap2005/of_new_trade.php
[3840] 2015/01/27 07:41:48.066 -------------------------------
[3840] 2015/01/27 07:41:48.073 CERT ID:E122828927   BeginDate: 2015-01-24 11:01:08  EndDate: 2016-01-24 23:59:59 
[3840] 2015/01/27 07:41:48.082 SKOrderLib 版本 2.1.22
[3840] 2015/01/27 07:41:50.172 主機: https://order11.capital.com.tw/ap2005/new_trade.php
[3840] 2015/01/27 07:41:50.175 OF主機: https://order11.capital.com.tw/ap2005/of_new_trade.php
[4364] 2015/01/27 10:32:31.267 -------------------------------
[4364] 2015/01/27 10:32:31.272 CERT ID:E122828927   BeginDate: 2015-01-24 11:01:08  EndDate: 2016-01-24 23:59:59 
[4364] 2015/01/27 10:32:31.279 SKOrderLib 版本 2.1.22
[4364] 2015/01/27 10:32:31.891 主機: https://order10.capital.com.tw/ap2005/new_trade.php
[4364] 2015/01/27 10:32:31.893 OF主機: https://order10.capital.com.tw/ap2005/of_new_trade.php
[3708] 2015/01/27 10:36:23.773 -------------------------------
[3708] 2015/01/27 10:36:23.778 CERT ID:E122828927   BeginDate: 2015-01-24 11:01:08  EndDate: 2016-01-24 23:59:59 
[3708] 2015/01/27 10:36:23.785 SKOrderLib 版本 2.1.22
[3708] 2015/01/27 10:36:24.406 主機: https://order10.capital.com.tw/ap2005/new_trade.php
[3708] 2015/01/27 10:36:24.409 OF主機: https://order10.capital.com.tw/ap2005/of_new_trade.php
[1528] 2015/01/27 10:37:21.020 -------------------------------
[1528] 2015/01/27 10:37:21.027 CERT ID:E122828927   BeginDate: 2015-01-24 11:01:08  EndDate: 2016-01-24 23:59:59 
[1528] 2015/01/27 10:37:21.034 SKOrderLib 版本 2.1.22
[1528] 2015/01/27 10:37:21.586 主機: https://order11.capital.com.tw/ap2005/new_trade.php
[1528] 2015/01/27 10:37:21.588 OF主機: https://order11.capital.com.tw/ap2005/of_new_trade.php
[4720] 2015/01/27 10:38:50.420 -------------------------------
[4720] 2015/01/27 10:38:50.425 CERT ID:E122828927   BeginDate: 2015-01-24 11:01:08  EndDate: 2016-01-24 23:59:59 
[4720] 2015/01/27 10:38:50.432 SKOrderLib 版本 2.1.22
[4720] 2015/01/27 10:38:50.988 主機: https://order10.capital.com.tw/ap2005/new_trade.php
[4720] 2015/01/27 10:38:50.990 OF主機: https://order10.capital.com.tw/ap2005/of_new_trade.php
[4756] 2015/01/27 10:41:05.401 -------------------------------
[4756] 2015/01/27 10:41:05.408 CERT ID:E122828927   BeginDate: 2015-01-24 11:01:08  EndDate: 2016-01-24 23:59:59 
[4756] 2015/01/27 10:41:05.416 SKOrderLib 版本 2.1.22
[4756] 2015/01/27 10:41:05.977 主機: https://order10.capital.com.tw/ap2005/new_trade.php
[4756] 2015/01/27 10:41:05.979 OF主機: https://order10.capital.com.tw/ap2005/of_new_trade.php
[4916] 2015/01/27 10:44:07.473 -------------------------------
[4916] 2015/01/27 10:44:07.478 CERT ID:E122828927   BeginDate: 2015-01-24 11:01:08  EndDate: 2016-01-24 23:59:59 
[4916] 2015/01/27 10:44:07.485 SKOrderLib 版本 2.1.22
[4916] 2015/01/27 10:44:08.049 主機: https://order10.capital.com.tw/ap2005/new_trade.php
[4916] 2015/01/27 10:44:08.051 OF主機: https://order10.capital.com.tw/ap2005/of_new_trade.php
[2796] 2015/01/27 11:15:27.841 -------------------------------
[2796] 2015/01/27 11:15:27.846 CERT ID:E122828927   BeginDate: 2015-01-24 11:01:08  EndDate: 2016-01-24 23:59:59 
[2796] 2015/01/27 11:15:27.854 SKOrderLib 版本 2.1.22
[2796] 2015/01/27 11:15:28.425 主機: https://order11.capital.com.tw/ap2005/new_trade.php
[2796] 2015/01/27 11:15:28.427 OF主機: https://order11.capital.com.tw/ap2005/of_new_trade.php
[1528] 2015/01/27 11:16:13.246 -------------------------------
[1528] 2015/01/27 11:16:13.252 CERT ID:E122828927   BeginDate: 2015-01-24 11:01:08  EndDate: 2016-01-24 23:59:59 
[1528] 2015/01/27 11:16:13.259 SKOrderLib 版本 2.1.22
[1528] 2015/01/27 11:16:13.826 主機: https://order11.capital.com.tw/ap2005/new_trade.php
[1528] 2015/01/27 11:16:13.828 OF主機: https://order11.capital.com.tw/ap2005/of_new_trade.php
[3716] 2015/01/29 05:59:01.734 -------------------------------
[3716] 2015/01/29 05:59:01.739 CERT ID:E122828927   BeginDate: 2015-01-24 11:01:08  EndDate: 2016-01-24 23:59:59 
[3716] 2015/01/29 05:59:01.745 SKOrderLib 版本 2.1.22
[3716] 2015/01/29 05:59:02.338 主機: https://order10.capital.com.tw/ap2005/new_trade.php
[3716] 2015/01/29 05:59:02.340 OF主機: https://order10.capital.com.tw/ap2005/of_new_trade.php
[5116] 2015/01/29 21:16:07.040 -------------------------------
[5116] 2015/01/29 21:16:07.046 CERT ID:E122828927   BeginDate: 2015-01-24 11:01:08  EndDate: 2016-01-24 23:59:59 
[5116] 2015/01/29 21:16:07.052 SKOrderLib 版本 2.1.22
[5116] 2015/01/29 21:16:07.849 主機: https://order10.capital.com.tw/ap2005/new_trade.php
[5116] 2015/01/29 21:16:07.850 OF主機: https://order10.capital.com.tw/ap2005/of_new_trade.php
[3468] 2015/01/31 05:56:37.984 -------------------------------
[3468] 2015/01/31 05:56:37.990 CERT ID:E122828927   BeginDate: 2015-01-24 11:01:08  EndDate: 2016-01-24 23:59:59 
[3468] 2015/01/31 05:56:37.997 SKOrderLib 版本 2.1.22
[3468] 2015/01/31 05:56:38.653 主機: https://order10.capital.com.tw/ap2005/new_trade.php
[3468] 2015/01/31 05:56:38.655 OF主機: https://order10.capital.com.tw/ap2005/of_new_trade.php
[1540] 2015/01/31 07:06:20.793 -------------------------------
[1540] 2015/01/31 07:06:20.798 CERT ID:E122828927   BeginDate: 2015-01-24 11:01:08  EndDate: 2016-01-24 23:59:59 
[1540] 2015/01/31 07:06:20.808 SKOrderLib 版本 2.1.22
[1540] 2015/01/31 07:06:21.412 主機: https://order11.capital.com.tw/ap2005/new_trade.php
[1540] 2015/01/31 07:06:21.414 OF主機: https://order11.capital.com.tw/ap2005/of_new_trade.php
[2152] 2015/01/31 07:08:03.132 -------------------------------
[2152] 2015/01/31 07:08:03.138 CERT ID:E122828927   BeginDate: 2015-01-24 11:01:08  EndDate: 2016-01-24 23:59:59 
[2152] 2015/01/31 07:08:03.145 SKOrderLib 版本 2.1.22
[2152] 2015/01/31 07:08:03.787 主機: https://order11.capital.com.tw/ap2005/new_trade.php
[2152] 2015/01/31 07:08:03.789 OF主機: https://order11.capital.com.tw/ap2005/of_new_trade.php
[3864] 2015/01/31 07:09:16.466 -------------------------------
[3864] 2015/01/31 07:09:16.471 CERT ID:E122828927   BeginDate: 2015-01-24 11:01:08  EndDate: 2016-01-24 23:59:59 
[3864] 2015/01/31 07:09:16.478 SKOrderLib 版本 2.1.22
[3864] 2015/01/31 07:09:17.062 主機: https://order10.capital.com.tw/ap2005/new_trade.php
[3864] 2015/01/31 07:09:17.064 OF主機: https://order10.capital.com.tw/ap2005/of_new_trade.php
[2164] 2015/01/31 07:10:03.724 -------------------------------
[2164] 2015/01/31 07:10:03.729 CERT ID:E122828927   BeginDate: 2015-01-24 11:01:08  EndDate: 2016-01-24 23:59:59 
[2164] 2015/01/31 07:10:03.736 SKOrderLib 版本 2.1.22
[2164] 2015/01/31 07:10:04.343 主機: https://order10.capital.com.tw/ap2005/new_trade.php
[2164] 2015/01/31 07:10:04.345 OF主機: https://order10.capital.com.tw/ap2005/of_new_trade.php
[3428] 2015/01/31 07:12:12.412 -------------------------------
[3428] 2015/01/31 07:12:12.417 CERT ID:E122828927   BeginDate: 2015-01-24 11:01:08  EndDate: 2016-01-24 23:59:59 
[3428] 2015/01/31 07:12:12.424 SKOrderLib 版本 2.1.22
[3428] 2015/01/31 07:12:13.055 主機: https://order10.capital.com.tw/ap2005/new_trade.php
[3428] 2015/01/31 07:12:13.057 OF主機: https://order10.capital.com.tw/ap2005/of_new_trade.php
[2668] 2015/01/31 07:17:58.790 -------------------------------
[2668] 2015/01/31 07:17:58.795 CERT ID:E122828927   BeginDate: 2015-01-24 11:01:08  EndDate: 2016-01-24 23:59:59 
[2668] 2015/01/31 07:17:58.802 SKOrderLib 版本 2.1.22
[2668] 2015/01/31 07:17:59.543 主機: https://order11.capital.com.tw/ap2005/new_trade.php
[2668] 2015/01/31 07:17:59.545 OF主機: https://order11.capital.com.tw/ap2005/of_new_trade.php
[3520] 2015/01/31 08:00:29.405 -------------------------------
[3520] 2015/01/31 08:00:29.412 CERT ID:E122828927   BeginDate: 2015-01-24 11:01:08  EndDate: 2016-01-24 23:59:59 
[3520] 2015/01/31 08:00:29.419 SKOrderLib 版本 2.1.22
[3520] 2015/01/31 08:00:30.057 主機: https://order10.capital.com.tw/ap2005/new_trade.php
[3520] 2015/01/31 08:00:30.059 OF主機: https://order10.capital.com.tw/ap2005/of_new_trade.php
[672] 2015/01/31 08:06:36.188 -------------------------------
[672] 2015/01/31 08:06:36.193 CERT ID:E122828927   BeginDate: 2015-01-24 11:01:08  EndDate: 2016-01-24 23:59:59 
[672] 2015/01/31 08:06:36.203 SKOrderLib 版本 2.1.22
[672] 2015/01/31 08:06:36.787 主機: https://order10.capital.com.tw/ap2005/new_trade.php
[672] 2015/01/31 08:06:36.789 OF主機: https://order10.capital.com.tw/ap2005/of_new_trade.php
[4672] 2015/01/31 08:10:41.316 -------------------------------
[4672] 2015/01/31 08:10:41.330 CERT ID:E122828927   BeginDate: 2015-01-24 11:01:08  EndDate: 2016-01-24 23:59:59 
[4672] 2015/01/31 08:10:41.347 SKOrderLib 版本 2.1.22
[4672] 2015/01/31 08:10:42.357 主機: https://order10.capital.com.tw/ap2005/new_trade.php
[4672] 2015/01/31 08:10:42.359 OF主機: https://order10.capital.com.tw/ap2005/of_new_trade.php
[7076] 2015/02/01 17:17:29.852 -------------------------------
[7076] 2015/02/01 17:17:29.868 CERT ID:E122828927   BeginDate: 2015-01-24 11:01:08  EndDate: 2016-01-24 23:59:59 
[7076] 2015/02/01 17:17:29.874 SKOrderLib 版本 2.1.22
[7076] 2015/02/01 17:17:30.874 主機: https://order10.capital.com.tw/ap2005/new_trade.php
[7076] 2015/02/01 17:17:30.875 OF主機: https://order10.capital.com.tw/ap2005/of_new_trade.php
[6436] 2015/02/01 17:17:48.164 -------------------------------
[6436] 2015/02/01 17:17:48.173 CERT ID:E122828927   BeginDate: 2015-01-24 11:01:08  EndDate: 2016-01-24 23:59:59 
[6436] 2015/02/01 17:17:48.180 SKOrderLib 版本 2.1.22
[6436] 2015/02/01 17:17:48.934 主機: https://order11.capital.com.tw/ap2005/new_trade.php
[6436] 2015/02/01 17:17:48.935 OF主機: https://order11.capital.com.tw/ap2005/of_new_trade.php
[6440] 2015/02/01 19:20:50.207 -------------------------------
[6440] 2015/02/01 19:20:50.221 CERT ID:E122828927   BeginDate: 2015-01-24 11:01:08  EndDate: 2016-01-24 23:59:59 
[6440] 2015/02/01 19:20:50.247 SKOrderLib 版本 2.1.22
[6440] 2015/02/01 19:20:51.973 主機: https://order10.capital.com.tw/ap2005/new_trade.php
[6440] 2015/02/01 19:20:51.974 OF主機: https://order10.capital.com.tw/ap2005/of_new_trade.php
[5420] 2015/02/01 19:22:13.215 -------------------------------
[5420] 2015/02/01 19:22:13.222 CERT ID:E122828927   BeginDate: 2015-01-24 11:01:08  EndDate: 2016-01-24 23:59:59 
[5420] 2015/02/01 19:22:13.229 SKOrderLib 版本 2.1.22
[5420] 2015/02/01 19:22:15.362 主機: https://order10.capital.com.tw/ap2005/new_trade.php
[5420] 2015/02/01 19:22:15.362 OF主機: https://order10.capital.com.tw/ap2005/of_new_trade.php
[5260] 2015/02/01 19:27:37.207 -------------------------------
[5260] 2015/02/01 19:27:37.215 CERT ID:E122828927   BeginDate: 2015-01-24 11:01:08  EndDate: 2016-01-24 23:59:59 
[5260] 2015/02/01 19:27:37.222 SKOrderLib 版本 2.1.22
[5260] 2015/02/01 19:27:37.980 主機: https://order11.capital.com.tw/ap2005/new_trade.php
[5260] 2015/02/01 19:27:37.981 OF主機: https://order11.capital.com.tw/ap2005/of_new_trade.php
[2500] 2015/02/04 06:50:01.273 -------------------------------
[2500] 2015/02/04 06:50:01.279 CERT ID:E122828927   BeginDate: 2015-01-24 11:01:08  EndDate: 2016-01-24 23:59:59 
[2500] 2015/02/04 06:50:01.286 SKOrderLib 版本 2.1.22
[2500] 2015/02/04 06:50:02.570 主機: https://order10.capital.com.tw/ap2005/new_trade.php
[2500] 2015/02/04 06:50:02.572 OF主機: https://order10.capital.com.tw/ap2005/of_new_trade.php
[1272] 2015/02/05 21:03:42.172 -------------------------------
[1272] 2015/02/05 21:03:42.177 CERT ID:E122828927   BeginDate: 2015-01-24 11:01:08  EndDate: 2016-01-24 23:59:59 
[1272] 2015/02/05 21:03:42.184 SKOrderLib 版本 2.1.22
[1272] 2015/02/05 21:03:44.464 主機: https://order11.capital.com.tw/ap2005/new_trade.php
[1272] 2015/02/05 21:03:44.466 OF主機: https://order11.capital.com.tw/ap2005/of_new_trade.php
[920] 2015/02/05 21:10:44.349 -------------------------------
[920] 2015/02/05 21:10:44.354 CERT ID:E122828927   BeginDate: 2015-01-24 11:01:08  EndDate: 2016-01-24 23:59:59 
[920] 2015/02/05 21:10:44.361 SKOrderLib 版本 2.1.22
[920] 2015/02/05 21:10:45.154 主機: https://order11.capital.com.tw/ap2005/new_trade.php
[920] 2015/02/05 21:10:45.156 OF主機: https://order11.capital.com.tw/ap2005/of_new_trade.php
[2328] 2015/02/05 21:24:49.999 -------------------------------
[2328] 2015/02/05 21:24:50.004 CERT ID:E122828927   BeginDate: 2015-01-24 11:01:08  EndDate: 2016-01-24 23:59:59 
[2328] 2015/02/05 21:24:50.011 SKOrderLib 版本 2.1.22
[2328] 2015/02/05 21:24:50.800 主機: https://order11.capital.com.tw/ap2005/new_trade.php
[2328] 2015/02/05 21:24:50.802 OF主機: https://order11.capital.com.tw/ap2005/of_new_trade.php
[2920] 2015/02/07 08:31:25.975 -------------------------------
[2920] 2015/02/07 08:31:25.980 CERT ID:E122828927   BeginDate: 2015-01-24 11:01:08  EndDate: 2016-01-24 23:59:59 
[2920] 2015/02/07 08:31:25.986 SKOrderLib 版本 2.1.22
[2920] 2015/02/07 08:31:27.064 主機: https://order10.capital.com.tw/ap2005/new_trade.php
[2920] 2015/02/07 08:31:27.066 OF主機: https://order10.capital.com.tw/ap2005/of_new_trade.php
[4196] 2015/02/08 08:57:27.791 -------------------------------
[4196] 2015/02/08 08:57:27.797 CERT ID:E122828927   BeginDate: 2015-01-24 11:01:08  EndDate: 2016-01-24 23:59:59 
[4196] 2015/02/08 08:57:27.804 SKOrderLib 版本 2.1.22
[4196] 2015/02/08 08:57:28.559 主機: https://order11.capital.com.tw/ap2005/new_trade.php
[4196] 2015/02/08 08:57:28.561 OF主機: https://order11.capital.com.tw/ap2005/of_new_trade.php
[2192] 2015/02/08 08:58:42.939 -------------------------------
[2192] 2015/02/08 08:58:42.944 CERT ID:E122828927   BeginDate: 2015-01-24 11:01:08  EndDate: 2016-01-24 23:59:59 
[2192] 2015/02/08 08:58:42.951 SKOrderLib 版本 2.1.22
[2192] 2015/02/08 08:58:43.639 主機: https://order10.capital.com.tw/ap2005/new_trade.php
[2192] 2015/02/08 08:58:43.641 OF主機: https://order10.capital.com.tw/ap2005/of_new_trade.php
[5732] 2015/02/09 18:08:02.193 -------------------------------
[5732] 2015/02/09 18:08:02.198 CERT ID:E122828927   BeginDate: 2015-01-24 11:01:08  EndDate: 2016-01-24 23:59:59 
[5732] 2015/02/09 18:08:02.206 SKOrderLib 版本 2.1.22
[5732] 2015/02/09 18:08:04.234 主機: https://order10.capital.com.tw/ap2005/new_trade.php
[5732] 2015/02/09 18:08:04.236 OF主機: https://order10.capital.com.tw/ap2005/of_new_trade.php
[3376] 2015/02/11 08:11:15.006 -------------------------------
[3376] 2015/02/11 08:11:15.012 CERT ID:E122828927   BeginDate: 2015-01-24 11:01:08  EndDate: 2016-01-24 23:59:59 
[3376] 2015/02/11 08:11:15.019 SKOrderLib 版本 2.1.22
[3376] 2015/02/11 08:11:15.751 主機: https://order10.capital.com.tw/ap2005/new_trade.php
[3376] 2015/02/11 08:11:15.753 OF主機: https://order10.capital.com.tw/ap2005/of_new_trade.php
[6504] 2015/02/13 10:51:17.617 -------------------------------
[6504] 2015/02/13 10:51:17.622 CERT ID:E122828927   BeginDate: 2015-01-24 11:01:08  EndDate: 2016-01-24 23:59:59 
[6504] 2015/02/13 10:51:17.629 SKOrderLib 版本 2.1.22
[6504] 2015/02/13 10:51:19.685 主機: https://order10.capital.com.tw/ap2005/new_trade.php
[6504] 2015/02/13 10:51:19.687 OF主機: https://order10.capital.com.tw/ap2005/of_new_trade.php
[3244] 2015/02/13 15:38:05.970 -------------------------------
[3244] 2015/02/13 15:38:05.975 CERT ID:E122828927   BeginDate: 2015-01-24 11:01:08  EndDate: 2016-01-24 23:59:59 
[3244] 2015/02/13 15:38:05.982 SKOrderLib 版本 2.1.22
[3244] 2015/02/13 15:38:06.748 主機: https://order10.capital.com.tw/ap2005/new_trade.php
[3244] 2015/02/13 15:38:06.751 OF主機: https://order10.capital.com.tw/ap2005/of_new_trade.php
[3904] 2015/02/13 15:41:04.814 -------------------------------
[3904] 2015/02/13 15:41:04.819 CERT ID:E122828927   BeginDate: 2015-01-24 11:01:08  EndDate: 2016-01-24 23:59:59 
[3904] 2015/02/13 15:41:04.826 SKOrderLib 版本 2.1.22
[3904] 2015/02/13 15:41:05.830 主機: https://order11.capital.com.tw/ap2005/new_trade.php
[3904] 2015/02/13 15:41:05.832 OF主機: https://order11.capital.com.tw/ap2005/of_new_trade.php
[3844] 2015/02/13 15:47:19.032 -------------------------------
[3844] 2015/02/13 15:47:19.037 CERT ID:E122828927   BeginDate: 2015-01-24 11:01:08  EndDate: 2016-01-24 23:59:59 
[3844] 2015/02/13 15:47:19.044 SKOrderLib 版本 2.1.22
[3844] 2015/02/13 15:47:19.778 主機: https://order11.capital.com.tw/ap2005/new_trade.php
[3844] 2015/02/13 15:47:19.780 OF主機: https://order11.capital.com.tw/ap2005/of_new_trade.php
[7160] 2015/02/13 15:55:57.330 -------------------------------
[7160] 2015/02/13 15:55:57.335 CERT ID:E122828927   BeginDate: 2015-01-24 11:01:08  EndDate: 2016-01-24 23:59:59 
[7160] 2015/02/13 15:55:57.342 SKOrderLib 版本 2.1.22
[7160] 2015/02/13 15:55:58.121 主機: https://order10.capital.com.tw/ap2005/new_trade.php
[7160] 2015/02/13 15:55:58.123 OF主機: https://order10.capital.com.tw/ap2005/of_new_trade.php
[292] 2015/02/14 07:35:08.792 -------------------------------
[292] 2015/02/14 07:35:08.798 CERT ID:E122828927   BeginDate: 2015-01-24 11:01:08  EndDate: 2016-01-24 23:59:59 
[292] 2015/02/14 07:35:08.804 SKOrderLib 版本 2.1.22
[292] 2015/02/14 07:35:09.631 主機: https://order10.capital.com.tw/ap2005/new_trade.php
[292] 2015/02/14 07:35:09.633 OF主機: https://order10.capital.com.tw/ap2005/of_new_trade.php
[4324] 2015/02/15 07:03:38.893 -------------------------------
[4324] 2015/02/15 07:03:38.899 CERT ID:E122828927   BeginDate: 2015-01-24 11:01:08  EndDate: 2016-01-24 23:59:59 
[4324] 2015/02/15 07:03:38.906 SKOrderLib 版本 2.1.22
[4324] 2015/02/15 07:03:41.098 主機: https://order11.capital.com.tw/ap2005/new_trade.php
[4324] 2015/02/15 07:03:41.100 OF主機: https://order11.capital.com.tw/ap2005/of_new_trade.php
[5484] 2015/02/15 07:18:41.533 -------------------------------
[5484] 2015/02/15 07:18:41.538 CERT ID:E122828927   BeginDate: 2015-01-24 11:01:08  EndDate: 2016-01-24 23:59:59 
[5484] 2015/02/15 07:18:41.545 SKOrderLib 版本 2.1.22
[5484] 2015/02/15 07:18:42.319 主機: https://order11.capital.com.tw/ap2005/new_trade.php
[5484] 2015/02/15 07:18:42.321 OF主機: https://order11.capital.com.tw/ap2005/of_new_trade.php
[5484] 2015/02/15 07:18:42.961 ERROR:  is invalid
[3460] 2015/02/15 07:19:12.874 -------------------------------
[3460] 2015/02/15 07:19:12.878 CERT ID:E122828927   BeginDate: 2015-01-24 11:01:08  EndDate: 2016-01-24 23:59:59 
[3460] 2015/02/15 07:19:12.883 SKOrderLib 版本 2.1.22
[3460] 2015/02/15 07:19:13.629 主機: https://order11.capital.com.tw/ap2005/new_trade.php
[3460] 2015/02/15 07:19:13.631 OF主機: https://order11.capital.com.tw/ap2005/of_new_trade.php
[3796] 2015/02/15 07:22:20.501 -------------------------------
[3796] 2015/02/15 07:22:20.506 CERT ID:E122828927   BeginDate: 2015-01-24 11:01:08  EndDate: 2016-01-24 23:59:59 
[3796] 2015/02/15 07:22:20.513 SKOrderLib 版本 2.1.22
[3796] 2015/02/15 07:22:21.262 主機: https://order11.capital.com.tw/ap2005/new_trade.php
[3796] 2015/02/15 07:22:21.264 OF主機: https://order11.capital.com.tw/ap2005/of_new_trade.php
[3796] 2015/02/15 07:23:47.493 ERROR:  is invalid
[4176] 2015/02/15 07:29:18.162 -------------------------------
[4176] 2015/02/15 07:29:18.167 CERT ID:E122828927   BeginDate: 2015-01-24 11:01:08  EndDate: 2016-01-24 23:59:59 
[4176] 2015/02/15 07:29:18.174 SKOrderLib 版本 2.1.22
[4176] 2015/02/15 07:29:18.927 主機: https://order10.capital.com.tw/ap2005/new_trade.php
[4176] 2015/02/15 07:29:18.929 OF主機: https://order10.capital.com.tw/ap2005/of_new_trade.php
[4184] 2015/02/15 09:01:11.787 -------------------------------
[4184] 2015/02/15 09:01:11.792 CERT ID:E122828927   BeginDate: 2015-01-24 11:01:08  EndDate: 2016-01-24 23:59:59 
[4184] 2015/02/15 09:01:11.799 SKOrderLib 版本 2.1.22
[4184] 2015/02/15 09:01:12.583 主機: https://order11.capital.com.tw/ap2005/new_trade.php
[4184] 2015/02/15 09:01:12.586 OF主機: https://order11.capital.com.tw/ap2005/of_new_trade.php
[5048] 2015/02/15 09:02:08.918 -------------------------------
[5048] 2015/02/15 09:02:08.923 CERT ID:E122828927   BeginDate: 2015-01-24 11:01:08  EndDate: 2016-01-24 23:59:59 
[5048] 2015/02/15 09:02:08.930 SKOrderLib 版本 2.1.22
[5048] 2015/02/15 09:02:09.609 主機: https://order11.capital.com.tw/ap2005/new_trade.php
[5048] 2015/02/15 09:02:09.611 OF主機: https://order11.capital.com.tw/ap2005/of_new_trade.php
[4516] 2015/02/15 09:18:04.374 -------------------------------
[4516] 2015/02/15 09:18:04.379 CERT ID:E122828927   BeginDate: 2015-01-24 11:01:08  EndDate: 2016-01-24 23:59:59 
[4516] 2015/02/15 09:18:04.386 SKOrderLib 版本 2.1.22
[4516] 2015/02/15 09:18:05.158 主機: https://order10.capital.com.tw/ap2005/new_trade.php
[4516] 2015/02/15 09:18:05.160 OF主機: https://order10.capital.com.tw/ap2005/of_new_trade.php
[3700] 2015/02/15 09:19:21.239 -------------------------------
[3700] 2015/02/15 09:19:21.244 CERT ID:E122828927   BeginDate: 2015-01-24 11:01:08  EndDate: 2016-01-24 23:59:59 
[3700] 2015/02/15 09:19:21.251 SKOrderLib 版本 2.1.22
[3700] 2015/02/15 09:19:21.946 主機: https://order10.capital.com.tw/ap2005/new_trade.php
[3700] 2015/02/15 09:19:21.948 OF主機: https://order10.capital.com.tw/ap2005/of_new_trade.php
[6508] 2015/02/15 09:20:40.288 -------------------------------
[6508] 2015/02/15 09:20:40.293 CERT ID:E122828927   BeginDate: 2015-01-24 11:01:08  EndDate: 2016-01-24 23:59:59 
[6508] 2015/02/15 09:20:40.300 SKOrderLib 版本 2.1.22
[6508] 2015/02/15 09:20:41.023 主機: https://order11.capital.com.tw/ap2005/new_trade.php
[6508] 2015/02/15 09:20:41.025 OF主機: https://order11.capital.com.tw/ap2005/of_new_trade.php
[3324] 2015/02/15 09:30:43.341 -------------------------------
[3324] 2015/02/15 09:30:43.346 CERT ID:E122828927   BeginDate: 2015-01-24 11:01:08  EndDate: 2016-01-24 23:59:59 
[3324] 2015/02/15 09:30:43.353 SKOrderLib 版本 2.1.22
[3324] 2015/02/15 09:30:44.116 主機: https://order11.capital.com.tw/ap2005/new_trade.php
[3324] 2015/02/15 09:30:44.118 OF主機: https://order11.capital.com.tw/ap2005/of_new_trade.php
[5844] 2015/02/15 09:46:00.557 -------------------------------
[5844] 2015/02/15 09:46:00.563 CERT ID:E122828927   BeginDate: 2015-01-24 11:01:08  EndDate: 2016-01-24 23:59:59 
[5844] 2015/02/15 09:46:00.569 SKOrderLib 版本 2.1.22
[5844] 2015/02/15 09:46:01.323 主機: https://order10.capital.com.tw/ap2005/new_trade.php
[5844] 2015/02/15 09:46:01.325 OF主機: https://order10.capital.com.tw/ap2005/of_new_trade.php
[3812] 2015/02/15 09:59:28.602 -------------------------------
[3812] 2015/02/15 09:59:28.607 CERT ID:E122828927   BeginDate: 2015-01-24 11:01:08  EndDate: 2016-01-24 23:59:59 
[3812] 2015/02/15 09:59:28.614 SKOrderLib 版本 2.1.22
[3812] 2015/02/15 09:59:29.402 主機: https://order10.capital.com.tw/ap2005/new_trade.php
[3812] 2015/02/15 09:59:29.404 OF主機: https://order10.capital.com.tw/ap2005/of_new_trade.php
[5992] 2015/02/15 12:03:49.873 -------------------------------
[5992] 2015/02/15 12:03:49.878 CERT ID:E122828927   BeginDate: 2015-01-24 11:01:08  EndDate: 2016-01-24 23:59:59 
[5992] 2015/02/15 12:03:49.885 SKOrderLib 版本 2.1.22
[5992] 2015/02/15 12:03:50.691 主機: https://order10.capital.com.tw/ap2005/new_trade.php
[5992] 2015/02/15 12:03:50.693 OF主機: https://order10.capital.com.tw/ap2005/of_new_trade.php
[4992] 2015/02/15 12:05:55.173 -------------------------------
[4992] 2015/02/15 12:05:55.178 CERT ID:E122828927   BeginDate: 2015-01-24 11:01:08  EndDate: 2016-01-24 23:59:59 
[4992] 2015/02/15 12:05:55.185 SKOrderLib 版本 2.1.22
[4992] 2015/02/15 12:05:56.099 主機: https://order10.capital.com.tw/ap2005/new_trade.php
[4992] 2015/02/15 12:05:56.101 OF主機: https://order10.capital.com.tw/ap2005/of_new_trade.php
[6760] 2015/02/15 12:07:20.087 -------------------------------
[6760] 2015/02/15 12:07:20.092 CERT ID:E122828927   BeginDate: 2015-01-24 11:01:08  EndDate: 2016-01-24 23:59:59 
[6760] 2015/02/15 12:07:20.099 SKOrderLib 版本 2.1.22
[6760] 2015/02/15 12:07:20.843 主機: https://order11.capital.com.tw/ap2005/new_trade.php
[6760] 2015/02/15 12:07:20.846 OF主機: https://order11.capital.com.tw/ap2005/of_new_trade.php
[7136] 2015/02/15 12:10:33.817 -------------------------------
[7136] 2015/02/15 12:10:33.822 CERT ID:E122828927   BeginDate: 2015-01-24 11:01:08  EndDate: 2016-01-24 23:59:59 
[7136] 2015/02/15 12:10:33.829 SKOrderLib 版本 2.1.22
[7136] 2015/02/15 12:10:34.664 主機: https://order10.capital.com.tw/ap2005/new_trade.php
[7136] 2015/02/15 12:10:34.666 OF主機: https://order10.capital.com.tw/ap2005/of_new_trade.php
[5212] 2015/02/15 12:12:43.197 -------------------------------
[5212] 2015/02/15 12:12:43.202 CERT ID:E122828927   BeginDate: 2015-01-24 11:01:08  EndDate: 2016-01-24 23:59:59 
[5212] 2015/02/15 12:12:43.209 SKOrderLib 版本 2.1.22
[5212] 2015/02/15 12:12:44.087 主機: https://order10.capital.com.tw/ap2005/new_trade.php
[5212] 2015/02/15 12:12:44.089 OF主機: https://order10.capital.com.tw/ap2005/of_new_trade.php
[5320] 2015/02/15 17:33:14.462 -------------------------------
[5320] 2015/02/15 17:33:14.468 CERT ID:E122828927   BeginDate: 2015-01-24 11:01:08  EndDate: 2016-01-24 23:59:59 
[5320] 2015/02/15 17:33:14.474 SKOrderLib 版本 2.1.22
[5320] 2015/02/15 17:33:15.283 主機: https://order11.capital.com.tw/ap2005/new_trade.php
[5320] 2015/02/15 17:33:15.286 OF主機: https://order11.capital.com.tw/ap2005/of_new_trade.php
[4728] 2015/02/15 17:34:48.067 -------------------------------
[4728] 2015/02/15 17:34:48.072 CERT ID:E122828927   BeginDate: 2015-01-24 11:01:08  EndDate: 2016-01-24 23:59:59 
[4728] 2015/02/15 17:34:48.079 SKOrderLib 版本 2.1.22
[4728] 2015/02/15 17:34:48.780 主機: https://order11.capital.com.tw/ap2005/new_trade.php
[4728] 2015/02/15 17:34:48.782 OF主機: https://order11.capital.com.tw/ap2005/of_new_trade.php
[6992] 2015/02/15 17:36:18.518 -------------------------------
[6992] 2015/02/15 17:36:18.523 CERT ID:E122828927   BeginDate: 2015-01-24 11:01:08  EndDate: 2016-01-24 23:59:59 
[6992] 2015/02/15 17:36:18.530 SKOrderLib 版本 2.1.22
[6992] 2015/02/15 17:36:19.255 主機: https://order10.capital.com.tw/ap2005/new_trade.php
[6992] 2015/02/15 17:36:19.257 OF主機: https://order10.capital.com.tw/ap2005/of_new_trade.php
[5504] 2015/02/15 17:38:54.639 -------------------------------
[5504] 2015/02/15 17:38:54.645 CERT ID:E122828927   BeginDate: 2015-01-24 11:01:08  EndDate: 2016-01-24 23:59:59 
[5504] 2015/02/15 17:38:54.651 SKOrderLib 版本 2.1.22
[5504] 2015/02/15 17:38:55.430 主機: https://order10.capital.com.tw/ap2005/new_trade.php
[5504] 2015/02/15 17:38:55.432 OF主機: https://order10.capital.com.tw/ap2005/of_new_trade.php
[4920] 2015/02/15 17:40:12.364 -------------------------------
[4920] 2015/02/15 17:40:12.369 CERT ID:E122828927   BeginDate: 2015-01-24 11:01:08  EndDate: 2016-01-24 23:59:59 
[4920] 2015/02/15 17:40:12.376 SKOrderLib 版本 2.1.22
[4920] 2015/02/15 17:40:13.096 主機: https://order10.capital.com.tw/ap2005/new_trade.php
[4920] 2015/02/15 17:40:13.098 OF主機: https://order10.capital.com.tw/ap2005/of_new_trade.php
[3648] 2015/02/15 17:41:26.978 -------------------------------
[3648] 2015/02/15 17:41:26.983 CERT ID:E122828927   BeginDate: 2015-01-24 11:01:08  EndDate: 2016-01-24 23:59:59 
[3648] 2015/02/15 17:41:26.990 SKOrderLib 版本 2.1.22
[3648] 2015/02/15 17:41:27.731 主機: https://order10.capital.com.tw/ap2005/new_trade.php
[3648] 2015/02/15 17:41:27.733 OF主機: https://order10.capital.com.tw/ap2005/of_new_trade.php
[2824] 2015/02/16 10:45:13.653 -------------------------------
[2824] 2015/02/16 10:45:13.659 CERT ID:E122828927   BeginDate: 2015-01-24 11:01:08  EndDate: 2016-01-24 23:59:59 
[2824] 2015/02/16 10:45:13.666 SKOrderLib 版本 2.1.22
[2824] 2015/02/16 10:45:14.482 主機: https://order10.capital.com.tw/ap2005/new_trade.php
[2824] 2015/02/16 10:45:14.484 OF主機: https://order10.capital.com.tw/ap2005/of_new_trade.php
[6676] 2015/02/16 11:14:15.418 -------------------------------
[6676] 2015/02/16 11:14:15.427 CERT ID:E122828927   BeginDate: 2015-01-24 11:01:08  EndDate: 2016-01-24 23:59:59 
[6676] 2015/02/16 11:14:15.438 SKOrderLib 版本 2.1.22
[6676] 2015/02/16 11:14:16.254 主機: https://order11.capital.com.tw/ap2005/new_trade.php
[6676] 2015/02/16 11:14:16.257 OF主機: https://order11.capital.com.tw/ap2005/of_new_trade.php
[5712] 2015/02/16 11:46:55.174 -------------------------------
[5712] 2015/02/16 11:46:55.179 CERT ID:E122828927   BeginDate: 2015-01-24 11:01:08  EndDate: 2016-01-24 23:59:59 
[5712] 2015/02/16 11:46:55.186 SKOrderLib 版本 2.1.22
[5712] 2015/02/16 11:46:57.159 主機: https://order10.capital.com.tw/ap2005/new_trade.php
[5712] 2015/02/16 11:46:57.161 OF主機: https://order10.capital.com.tw/ap2005/of_new_trade.php
[5712] 2015/02/16 13:05:59.545 SendOverseaFutureOrderAsync : &=OFF0200001709003,SNMY02,OSE,JNM,201503,1,17995,0,1,0,0,1
[5712] 2015/02/16 13:05:59.583 非同步後驗
[5712] 2015/02/16 13:05:59.584 非同步傳送 Thread ID： 7016
[5712] 2015/02/16 13:05:59.585 CertWorker 驗章ID：E122828927
[5712] 2015/02/16 13:05:59.708 CertWorker 下單驗章完成
[5712] 2015/02/16 13:05:59.753 {7016} M000 0402164501522
[5712] 2015/02/16 13:05:59.755  非同步訊息通知 
[5712] 2015/02/16 13:37:02.353 SendOverseaFutureOrderAsync : &=OFF0200001709003,BNMY02,OSE,JNM,201503,1,18020,0,1,0,0,1
[5712] 2015/02/16 13:37:02.391 CertWorker 驗章ID：E122828927
[5712] 2015/02/16 13:37:02.399 非同步後驗
[5712] 2015/02/16 13:37:02.400 非同步傳送 Thread ID： 6316
[5712] 2015/02/16 13:37:02.512 CertWorker 下單驗章完成
[5712] 2015/02/16 13:37:02.590 {6316} M000 0402164501597
[5712] 2015/02/16 13:37:02.592  非同步訊息通知 
[5304] 2015/02/16 14:21:24.187 -------------------------------
[5304] 2015/02/16 14:21:24.192 CERT ID:E122828927   BeginDate: 2015-01-24 11:01:08  EndDate: 2016-01-24 23:59:59 
[5304] 2015/02/16 14:21:24.199 SKOrderLib 版本 2.1.22
[5304] 2015/02/16 14:21:24.965 主機: https://order11.capital.com.tw/ap2005/new_trade.php
[5304] 2015/02/16 14:21:24.967 OF主機: https://order11.capital.com.tw/ap2005/of_new_trade.php
[5312] 2015/02/16 14:22:14.400 -------------------------------
[5312] 2015/02/16 14:22:14.405 CERT ID:E122828927   BeginDate: 2015-01-24 11:01:08  EndDate: 2016-01-24 23:59:59 
[5312] 2015/02/16 14:22:14.412 SKOrderLib 版本 2.1.22
[5312] 2015/02/16 14:22:15.099 主機: https://order11.capital.com.tw/ap2005/new_trade.php
[5312] 2015/02/16 14:22:15.101 OF主機: https://order11.capital.com.tw/ap2005/of_new_trade.php
[5056] 2015/02/16 20:51:07.661 -------------------------------
[5056] 2015/02/16 20:51:07.666 CERT ID:E122828927   BeginDate: 2015-01-24 11:01:08  EndDate: 2016-01-24 23:59:59 
[5056] 2015/02/16 20:51:07.673 SKOrderLib 版本 2.1.22
[5056] 2015/02/16 20:51:08.396 主機: https://order11.capital.com.tw/ap2005/new_trade.php
[5056] 2015/02/16 20:51:08.398 OF主機: https://order11.capital.com.tw/ap2005/of_new_trade.php
[4472] 2015/02/24 14:41:30.193 -------------------------------
[4472] 2015/02/24 14:41:30.199 CERT ID:E122828927   BeginDate: 2015-01-24 11:01:08  EndDate: 2016-01-24 23:59:59 
[4472] 2015/02/24 14:41:30.206 SKOrderLib 版本 2.1.22
[4472] 2015/02/24 14:41:31.747 主機: https://order11.capital.com.tw/ap2005/new_trade.php
[4472] 2015/02/24 14:41:31.749 OF主機: https://order11.capital.com.tw/ap2005/of_new_trade.php
[4472] 2015/02/24 14:41:36.697 SKOrderLib 版本 2.1.22
[3236] 2015/02/24 14:42:25.521 -------------------------------
[3236] 2015/02/24 14:42:25.526 CERT ID:E122828927   BeginDate: 2015-01-24 11:01:08  EndDate: 2016-01-24 23:59:59 
[3236] 2015/02/24 14:42:25.532 SKOrderLib 版本 2.1.22
[3236] 2015/02/24 14:42:26.140 主機: https://order10.capital.com.tw/ap2005/new_trade.php
[3236] 2015/02/24 14:42:26.142 OF主機: https://order10.capital.com.tw/ap2005/of_new_trade.php
[3044] 2015/02/27 07:09:35.744 -------------------------------
[3044] 2015/02/27 07:09:35.749 CERT ID:E122828927   BeginDate: 2015-01-24 11:01:08  EndDate: 2016-01-24 23:59:59 
[3044] 2015/02/27 07:09:35.756 SKOrderLib 版本 2.1.22
[3044] 2015/02/27 07:09:36.472 主機: https://order11.capital.com.tw/ap2005/new_trade.php
[3044] 2015/02/27 07:09:36.474 OF主機: https://order11.capital.com.tw/ap2005/of_new_trade.php
[1608] 2015/02/27 07:10:18.741 -------------------------------
[1608] 2015/02/27 07:10:18.746 CERT ID:E122828927   BeginDate: 2015-01-24 11:01:08  EndDate: 2016-01-24 23:59:59 
[1608] 2015/02/27 07:10:18.753 SKOrderLib 版本 2.1.22
[1608] 2015/02/27 07:10:19.486 主機: https://order11.capital.com.tw/ap2005/new_trade.php
[1608] 2015/02/27 07:10:19.488 OF主機: https://order11.capital.com.tw/ap2005/of_new_trade.php
[3892] 2015/02/27 07:10:41.933 -------------------------------
[3892] 2015/02/27 07:10:41.938 CERT ID:E122828927   BeginDate: 2015-01-24 11:01:08  EndDate: 2016-01-24 23:59:59 
[3892] 2015/02/27 07:10:41.945 SKOrderLib 版本 2.1.22
[3892] 2015/02/27 07:10:43.811 主機: https://order11.capital.com.tw/ap2005/new_trade.php
[3892] 2015/02/27 07:10:43.813 OF主機: https://order11.capital.com.tw/ap2005/of_new_trade.php
[1864] 2015/02/27 07:13:23.297 -------------------------------
[1864] 2015/02/27 07:13:23.303 CERT ID:E122828927   BeginDate: 2015-01-24 11:01:08  EndDate: 2016-01-24 23:59:59 
[1864] 2015/02/27 07:13:23.309 SKOrderLib 版本 2.1.22
[1864] 2015/02/27 07:13:24.047 主機: https://order10.capital.com.tw/ap2005/new_trade.php
[1864] 2015/02/27 07:13:24.048 OF主機: https://order10.capital.com.tw/ap2005/of_new_trade.php
[1252] 2015/02/27 07:14:53.340 -------------------------------
[1252] 2015/02/27 07:14:53.345 CERT ID:E122828927   BeginDate: 2015-01-24 11:01:08  EndDate: 2016-01-24 23:59:59 
[1252] 2015/02/27 07:14:53.352 SKOrderLib 版本 2.1.22
[1252] 2015/02/27 07:14:54.099 主機: https://order11.capital.com.tw/ap2005/new_trade.php
[1252] 2015/02/27 07:14:54.102 OF主機: https://order11.capital.com.tw/ap2005/of_new_trade.php
[4208] 2015/03/02 07:51:47.392 -------------------------------
[4208] 2015/03/02 07:51:47.398 CERT ID:E122828927   BeginDate: 2015-01-24 11:01:08  EndDate: 2016-01-24 23:59:59 
[4208] 2015/03/02 07:51:47.405 SKOrderLib 版本 2.1.22
[4208] 2015/03/02 07:51:48.106 主機: https://order10.capital.com.tw/ap2005/new_trade.php
[4208] 2015/03/02 07:51:48.108 OF主機: https://order10.capital.com.tw/ap2005/of_new_trade.php
[3580] 2015/03/07 13:52:26.748 -------------------------------
[3580] 2015/03/07 13:52:26.755 CERT ID:E122828927   BeginDate: 2015-01-24 11:01:08  EndDate: 2016-01-24 23:59:59 
[3580] 2015/03/07 13:52:26.762 SKOrderLib 版本 2.1.22
[3580] 2015/03/07 13:52:27.493 主機: https://order10.capital.com.tw/ap2005/new_trade.php
[3580] 2015/03/07 13:52:27.495 OF主機: https://order10.capital.com.tw/ap2005/of_new_trade.php
[536] 2015/03/07 15:04:56.524 -------------------------------
[536] 2015/03/07 15:04:56.528 CERT ID:E122828927   BeginDate: 2015-01-24 11:01:08  EndDate: 2016-01-24 23:59:59 
[536] 2015/03/07 15:04:56.534 SKOrderLib 版本 2.1.22
[536] 2015/03/07 15:04:57.331 主機: https://order10.capital.com.tw/ap2005/new_trade.php
[536] 2015/03/07 15:04:57.333 OF主機: https://order10.capital.com.tw/ap2005/of_new_trade.php
[4420] 2015/03/08 10:40:00.621 -------------------------------
[4420] 2015/03/08 10:40:00.627 CERT ID:E122828927   BeginDate: 2015-01-24 11:01:08  EndDate: 2016-01-24 23:59:59 
[4420] 2015/03/08 10:40:00.634 SKOrderLib 版本 2.1.22
[4420] 2015/03/08 10:40:01.486 主機: https://order10.capital.com.tw/ap2005/new_trade.php
[4420] 2015/03/08 10:40:01.488 OF主機: https://order10.capital.com.tw/ap2005/of_new_trade.php
[1108] 2015/03/09 10:09:30.082 -------------------------------
[1108] 2015/03/09 10:09:30.089 CERT ID:E122828927   BeginDate: 2015-01-24 11:01:08  EndDate: 2016-01-24 23:59:59 
[1108] 2015/03/09 10:09:30.098 SKOrderLib 版本 2.1.22
[1108] 2015/03/09 10:09:31.046 主機: https://order11.capital.com.tw/ap2005/new_trade.php
[1108] 2015/03/09 10:09:31.048 OF主機: https://order11.capital.com.tw/ap2005/of_new_trade.php
[3812] 2015/03/09 10:13:11.736 -------------------------------
[3812] 2015/03/09 10:13:11.741 CERT ID:E122828927   BeginDate: 2015-01-24 11:01:08  EndDate: 2016-01-24 23:59:59 
[3812] 2015/03/09 10:13:11.748 SKOrderLib 版本 2.1.22
[3812] 2015/03/09 10:13:12.478 主機: https://order11.capital.com.tw/ap2005/new_trade.php
[3812] 2015/03/09 10:13:12.480 OF主機: https://order11.capital.com.tw/ap2005/of_new_trade.php
[5076] 2015/03/09 11:21:03.240 -------------------------------
[5076] 2015/03/09 11:21:03.245 CERT ID:E122828927   BeginDate: 2015-01-24 11:01:08  EndDate: 2016-01-24 23:59:59 
[5076] 2015/03/09 11:21:03.253 SKOrderLib 版本 2.1.22
[5076] 2015/03/09 11:21:04.064 主機: https://order10.capital.com.tw/ap2005/new_trade.php
[5076] 2015/03/09 11:21:04.066 OF主機: https://order10.capital.com.tw/ap2005/of_new_trade.php
[3108] 2015/03/09 11:23:27.848 -------------------------------
[3108] 2015/03/09 11:23:27.853 CERT ID:E122828927   BeginDate: 2015-01-24 11:01:08  EndDate: 2016-01-24 23:59:59 
[3108] 2015/03/09 11:23:27.860 SKOrderLib 版本 2.1.22
[3108] 2015/03/09 11:23:28.616 主機: https://order10.capital.com.tw/ap2005/new_trade.php
[3108] 2015/03/09 11:23:28.618 OF主機: https://order10.capital.com.tw/ap2005/of_new_trade.php
[2360] 2015/03/09 11:42:43.555 -------------------------------
[2360] 2015/03/09 11:42:43.561 CERT ID:E122828927   BeginDate: 2015-01-24 11:01:08  EndDate: 2016-01-24 23:59:59 
[2360] 2015/03/09 11:42:43.567 SKOrderLib 版本 2.1.22
[2360] 2015/03/09 11:42:44.325 主機: https://order10.capital.com.tw/ap2005/new_trade.php
[2360] 2015/03/09 11:42:44.328 OF主機: https://order10.capital.com.tw/ap2005/of_new_trade.php
[4892] 2015/03/09 11:45:06.645 -------------------------------
[4892] 2015/03/09 11:45:06.650 CERT ID:E122828927   BeginDate: 2015-01-24 11:01:08  EndDate: 2016-01-24 23:59:59 
[4892] 2015/03/09 11:45:06.657 SKOrderLib 版本 2.1.22
[4892] 2015/03/09 11:45:07.426 主機: https://order10.capital.com.tw/ap2005/new_trade.php
[4892] 2015/03/09 11:45:07.428 OF主機: https://order10.capital.com.tw/ap2005/of_new_trade.php
[2680] 2015/03/09 11:49:48.143 -------------------------------
[2680] 2015/03/09 11:49:48.148 CERT ID:E122828927   BeginDate: 2015-01-24 11:01:08  EndDate: 2016-01-24 23:59:59 
[2680] 2015/03/09 11:49:48.155 SKOrderLib 版本 2.1.22
[2680] 2015/03/09 11:49:48.941 主機: https://order10.capital.com.tw/ap2005/new_trade.php
[2680] 2015/03/09 11:49:48.943 OF主機: https://order10.capital.com.tw/ap2005/of_new_trade.php
[4860] 2015/03/09 11:51:26.006 -------------------------------
[4860] 2015/03/09 11:51:26.011 CERT ID:E122828927   BeginDate: 2015-01-24 11:01:08  EndDate: 2016-01-24 23:59:59 
[4860] 2015/03/09 11:51:26.018 SKOrderLib 版本 2.1.22
[4860] 2015/03/09 11:51:26.815 主機: https://order10.capital.com.tw/ap2005/new_trade.php
[4860] 2015/03/09 11:51:26.818 OF主機: https://order10.capital.com.tw/ap2005/of_new_trade.php
[612] 2015/03/09 11:56:24.664 -------------------------------
[612] 2015/03/09 11:56:24.669 CERT ID:E122828927   BeginDate: 2015-01-24 11:01:08  EndDate: 2016-01-24 23:59:59 
[612] 2015/03/09 11:56:24.676 SKOrderLib 版本 2.1.22
[612] 2015/03/09 11:56:25.482 主機: https://order10.capital.com.tw/ap2005/new_trade.php
[612] 2015/03/09 11:56:25.484 OF主機: https://order10.capital.com.tw/ap2005/of_new_trade.php
[4812] 2015/03/09 11:58:29.061 -------------------------------
[4812] 2015/03/09 11:58:29.066 CERT ID:E122828927   BeginDate: 2015-01-24 11:01:08  EndDate: 2016-01-24 23:59:59 
[4812] 2015/03/09 11:58:29.073 SKOrderLib 版本 2.1.22
[4812] 2015/03/09 11:58:29.883 主機: https://order11.capital.com.tw/ap2005/new_trade.php
[4812] 2015/03/09 11:58:29.885 OF主機: https://order11.capital.com.tw/ap2005/of_new_trade.php
[4128] 2015/03/09 11:59:16.827 -------------------------------
[4128] 2015/03/09 11:59:16.832 CERT ID:E122828927   BeginDate: 2015-01-24 11:01:08  EndDate: 2016-01-24 23:59:59 
[4128] 2015/03/09 11:59:16.838 SKOrderLib 版本 2.1.22
[4128] 2015/03/09 11:59:17.681 主機: https://order10.capital.com.tw/ap2005/new_trade.php
[4128] 2015/03/09 11:59:17.683 OF主機: https://order10.capital.com.tw/ap2005/of_new_trade.php
[4056] 2015/03/09 12:30:30.228 -------------------------------
[4056] 2015/03/09 12:30:30.233 CERT ID:E122828927   BeginDate: 2015-01-24 11:01:08  EndDate: 2016-01-24 23:59:59 
[4056] 2015/03/09 12:30:30.240 SKOrderLib 版本 2.1.22
[4056] 2015/03/09 12:30:31.059 主機: https://order11.capital.com.tw/ap2005/new_trade.php
[4056] 2015/03/09 12:30:31.062 OF主機: https://order11.capital.com.tw/ap2005/of_new_trade.php
[3744] 2015/03/09 12:32:04.510 -------------------------------
[3744] 2015/03/09 12:32:04.515 CERT ID:E122828927   BeginDate: 2015-01-24 11:01:08  EndDate: 2016-01-24 23:59:59 
[3744] 2015/03/09 12:32:04.522 SKOrderLib 版本 2.1.22
[3744] 2015/03/09 12:32:05.305 主機: https://order10.capital.com.tw/ap2005/new_trade.php
[3744] 2015/03/09 12:32:05.307 OF主機: https://order10.capital.com.tw/ap2005/of_new_trade.php
[1540] 2015/03/11 08:11:51.651 -------------------------------
[1540] 2015/03/11 08:11:51.657 CERT ID:E122828927   BeginDate: 2015-01-24 11:01:08  EndDate: 2016-01-24 23:59:59 
[1540] 2015/03/11 08:11:51.664 SKOrderLib 版本 2.1.22
[1540] 2015/03/11 08:11:53.608 主機: https://order10.capital.com.tw/ap2005/new_trade.php
[1540] 2015/03/11 08:11:53.610 OF主機: https://order10.capital.com.tw/ap2005/of_new_trade.php
