[2344] 2015/01/27 07:37:49.623 -------------------------------
[2344] 2015/01/27 07:37:50.723 Login ID: E122828927
[2344] 2015/01/27 07:37:50.724 回報API版本：2.3.7
[2344] 2015/01/27 07:37:51.023 Code: 0
[2344] 2015/01/27 07:37:54.031 reply Serverreal7.capital.com.tw
[1208] 2015/01/27 07:41:16.347 -------------------------------
[1208] 2015/01/27 07:41:17.527 Login ID: E122828927
[1208] 2015/01/27 07:41:17.529 回報API版本：2.3.7
[1208] 2015/01/27 07:41:17.833 Code: 0
[1208] 2015/01/27 07:41:20.842 reply Serverreal4.capital.com.tw
[3840] 2015/01/27 07:41:48.001 -------------------------------
[3840] 2015/01/27 07:41:50.412 Login ID: E122828927
[3840] 2015/01/27 07:41:50.414 回報API版本：2.3.7
[3840] 2015/01/27 07:41:50.710 Code: 0
[3840] 2015/01/27 07:41:53.719 reply Serverreal6.capital.com.tw
[4364] 2015/01/27 10:32:31.225 -------------------------------
[4364] 2015/01/27 10:32:32.067 Login ID: E122828927
[4364] 2015/01/27 10:32:32.068 回報API版本：2.3.7
[4364] 2015/01/27 10:32:32.341 Code: 0
[4364] 2015/01/27 10:32:35.350 reply Serverreal4.capital.com.tw
[3708] 2015/01/27 10:36:23.736 -------------------------------
[3708] 2015/01/27 10:36:25.772 Login ID: E122828927
[3708] 2015/01/27 10:36:25.773 回報API版本：2.3.7
[3708] 2015/01/27 10:36:26.014 Code: 0
[3708] 2015/01/27 10:36:29.022 reply Serverreal7.capital.com.tw
[1528] 2015/01/27 10:37:20.979 -------------------------------
[1528] 2015/01/27 10:37:21.741 Login ID: E122828927
[1528] 2015/01/27 10:37:21.743 回報API版本：2.3.7
[1528] 2015/01/27 10:37:21.967 Code: 0
[1528] 2015/01/27 10:37:24.975 reply Serverreal6.capital.com.tw
[4720] 2015/01/27 10:38:50.383 -------------------------------
[4720] 2015/01/27 10:38:51.147 Login ID: E122828927
[4720] 2015/01/27 10:38:51.148 回報API版本：2.3.7
[4720] 2015/01/27 10:38:51.391 Code: 0
[4720] 2015/01/27 10:38:54.399 reply Serverreal9.capital.com.tw
[4756] 2015/01/27 10:41:05.362 -------------------------------
[4756] 2015/01/27 10:41:06.142 Login ID: E122828927
[4756] 2015/01/27 10:41:06.143 回報API版本：2.3.7
[4756] 2015/01/27 10:41:06.377 Code: 0
[4756] 2015/01/27 10:41:09.385 reply Serverreal6.capital.com.tw
[4916] 2015/01/27 10:44:07.273 -------------------------------
[4916] 2015/01/27 10:44:08.236 Login ID: E122828927
[4916] 2015/01/27 10:44:08.237 回報API版本：2.3.7
[4916] 2015/01/27 10:44:08.493 Code: 0
[4916] 2015/01/27 10:44:11.500 reply Serverreal4.capital.com.tw
[2796] 2015/01/27 11:15:27.777 -------------------------------
[2796] 2015/01/27 11:15:28.606 Login ID: E122828927
[2796] 2015/01/27 11:15:28.608 回報API版本：2.3.7
[2796] 2015/01/27 11:15:28.857 Code: 0
[2796] 2015/01/27 11:15:31.865 reply Serverreal3.capital.com.tw
[1528] 2015/01/27 11:16:13.203 -------------------------------
[1528] 2015/01/27 11:16:13.989 Login ID: E122828927
[1528] 2015/01/27 11:16:13.990 回報API版本：2.3.7
[1528] 2015/01/27 11:16:14.224 Code: 0
[1528] 2015/01/27 11:16:17.233 reply Serverreal6.capital.com.tw
[4108] 2015/01/27 11:24:09.956 -------------------------------
[4772] 2015/01/28 07:46:48.124 -------------------------------
[3716] 2015/01/29 05:59:01.553 -------------------------------
[3716] 2015/01/29 05:59:02.515 Login ID: E122828927
[3716] 2015/01/29 05:59:02.516 回報API版本：2.3.7
[3716] 2015/01/29 05:59:02.773 Code: 0
[3716] 2015/01/29 05:59:05.779 reply Serverreal4.capital.com.tw
[5116] 2015/01/29 21:16:06.933 -------------------------------
[5116] 2015/01/29 21:16:08.018 Login ID: E122828927
[5116] 2015/01/29 21:16:08.019 回報API版本：2.3.7
[5116] 2015/01/29 21:16:08.301 Code: 0
[5116] 2015/01/29 21:16:11.307 reply Serverreal8.capital.com.tw
[4456] 2015/01/29 21:17:38.246 -------------------------------
[3468] 2015/01/31 05:56:37.749 -------------------------------
[1540] 2015/01/31 07:06:20.756 -------------------------------
[1540] 2015/01/31 07:06:21.595 Login ID: E122828927
[1540] 2015/01/31 07:06:21.596 回報API版本：2.3.7
[1540] 2015/01/31 07:06:21.842 Code: 0
[1540] 2015/01/31 07:06:24.849 reply Serverreal3.capital.com.tw
[2152] 2015/01/31 07:08:03.091 -------------------------------
[2152] 2015/01/31 07:08:03.941 Login ID: E122828927
[2152] 2015/01/31 07:08:03.942 回報API版本：2.3.7
[2152] 2015/01/31 07:08:04.187 Code: 0
[2152] 2015/01/31 07:08:07.195 reply Serverreal3.capital.com.tw
[3864] 2015/01/31 07:09:16.427 -------------------------------
[3864] 2015/01/31 07:09:17.212 Login ID: E122828927
[3864] 2015/01/31 07:09:17.214 回報API版本：2.3.7
[3864] 2015/01/31 07:09:17.451 Code: 0
[3864] 2015/01/31 07:09:20.458 reply Serverreal6.capital.com.tw
[2164] 2015/01/31 07:10:03.683 -------------------------------
[2164] 2015/01/31 07:10:04.499 Login ID: E122828927
[2164] 2015/01/31 07:10:04.500 回報API版本：2.3.7
[2164] 2015/01/31 07:10:04.740 Code: 0
[3428] 2015/01/31 07:12:12.373 -------------------------------
[3428] 2015/01/31 07:12:13.218 Login ID: E122828927
[3428] 2015/01/31 07:12:13.219 回報API版本：2.3.7
[3428] 2015/01/31 07:12:13.455 Code: 0
[3428] 2015/01/31 07:12:16.462 reply Serverreal6.capital.com.tw
[2668] 2015/01/31 07:17:59.755 -------------------------------
[2668] 2015/01/31 07:17:59.760 Login ID: E122828927
[2668] 2015/01/31 07:17:59.761 回報API版本：2.3.7
[2668] 2015/01/31 07:18:00.011 Code: 0
[4240] 2015/01/31 07:23:45.407 -------------------------------
[1832] 2015/01/31 07:24:41.929 -------------------------------
[3660] 2015/01/31 07:55:06.110 -------------------------------
[2100] 2015/01/31 07:57:47.748 -------------------------------
[1928] 2015/01/31 07:58:31.285 -------------------------------
[3268] 2015/01/31 07:59:58.882 -------------------------------
[3520] 2015/01/31 08:00:29.359 -------------------------------
[3520] 2015/01/31 08:00:30.246 Login ID: E122828927
[3520] 2015/01/31 08:00:30.247 回報API版本：2.3.7
[3520] 2015/01/31 08:00:30.485 Code: 0
[3520] 2015/01/31 08:00:30.489 reply Serverreal7.capital.com.tw
[672] 2015/01/31 08:06:36.143 -------------------------------
[672] 2015/01/31 08:06:36.950 Login ID: E122828927
[672] 2015/01/31 08:06:36.951 回報API版本：2.3.7
[672] 2015/01/31 08:06:37.188 Code: 0
[672] 2015/01/31 08:06:37.193 reply Serverreal6.capital.com.tw
[4672] 2015/01/31 08:10:41.243 -------------------------------
[4672] 2015/01/31 08:10:42.628 Login ID: E122828927
[4672] 2015/01/31 08:10:42.629 回報API版本：2.3.7
[4672] 2015/01/31 08:10:42.874 Code: 0
[4672] 2015/01/31 08:10:42.878 reply Serverreal7.capital.com.tw
[7076] 2015/02/01 17:17:31.626 -------------------------------
[7076] 2015/02/01 17:17:31.682 Login ID: E122828927
[7076] 2015/02/01 17:17:31.682 回報API版本：2.3.7
[7076] 2015/02/01 17:17:31.891 Code: 0
[7076] 2015/02/01 17:17:31.985 reply Serverreal4.capital.com.tw
[6436] 2015/02/01 17:17:49.080 -------------------------------
[6436] 2015/02/01 17:17:49.083 Login ID: E122828927
[6436] 2015/02/01 17:17:49.084 回報API版本：2.3.7
[6436] 2015/02/01 17:17:49.289 Code: 0
[6436] 2015/02/01 17:17:49.334 reply Serverreal8.capital.com.tw
[6440] 2015/02/01 19:20:52.470 -------------------------------
[6440] 2015/02/01 19:20:52.500 Login ID: E122828927
[6440] 2015/02/01 19:20:52.501 回報API版本：2.3.7
[6440] 2015/02/01 19:20:52.715 Code: 0
[6440] 2015/02/01 19:20:52.882 reply Serverreal3.capital.com.tw
[5420] 2015/02/01 19:22:15.544 -------------------------------
[5420] 2015/02/01 19:22:15.547 Login ID: E122828927
[5420] 2015/02/01 19:22:15.547 回報API版本：2.3.7
[5420] 2015/02/01 19:22:15.738 Code: 0
[5420] 2015/02/01 19:22:15.780 reply Serverreal7.capital.com.tw
[5260] 2015/02/01 19:27:38.120 -------------------------------
[5260] 2015/02/01 19:27:38.123 Login ID: E122828927
[5260] 2015/02/01 19:27:38.123 回報API版本：2.3.7
[5260] 2015/02/01 19:27:38.321 Code: 0
[5260] 2015/02/01 19:27:38.364 reply Serverreal9.capital.com.tw
[2500] 2015/02/04 06:50:02.987 -------------------------------
[2500] 2015/02/04 06:50:02.992 Login ID: E122828927
[2500] 2015/02/04 06:50:02.993 回報API版本：2.3.7
[2500] 2015/02/04 06:50:03.286 Code: 0
[2500] 2015/02/04 06:50:03.372 reply Serverreal6.capital.com.tw
[1272] 2015/02/05 21:03:44.689 -------------------------------
[1272] 2015/02/05 21:03:44.693 Login ID: E122828927
[1272] 2015/02/05 21:03:44.694 回報API版本：2.3.7
[1272] 2015/02/05 21:03:44.942 Code: 0
[1272] 2015/02/05 21:03:44.967 reply Serverreal3.capital.com.tw
[920] 2015/02/05 21:10:45.333 -------------------------------
[920] 2015/02/05 21:10:45.337 Login ID: E122828927
[920] 2015/02/05 21:10:45.339 回報API版本：2.3.7
[920] 2015/02/05 21:10:45.621 Code: 0
[920] 2015/02/05 21:10:45.651 reply Serverreal7.capital.com.tw
[2328] 2015/02/05 21:24:51.001 -------------------------------
[2328] 2015/02/05 21:24:51.005 Login ID: E122828927
[2328] 2015/02/05 21:24:51.006 回報API版本：2.3.7
[2328] 2015/02/05 21:24:51.285 Code: 0
[2328] 2015/02/05 21:24:51.313 reply Serverreal4.capital.com.tw
[2920] 2015/02/07 08:31:27.463 -------------------------------
[2920] 2015/02/07 08:31:27.467 Login ID: E122828927
[2920] 2015/02/07 08:31:27.468 回報API版本：2.3.7
[2920] 2015/02/07 08:31:27.691 Code: 0
[2920] 2015/02/07 08:31:27.752 reply Serverreal7.capital.com.tw
[4196] 2015/02/08 08:57:28.871 -------------------------------
[4196] 2015/02/08 08:57:28.876 Login ID: E122828927
[4196] 2015/02/08 08:57:28.878 回報API版本：2.3.7
[4196] 2015/02/08 08:57:29.115 Code: 0
[4196] 2015/02/08 08:57:29.204 reply Serverreal4.capital.com.tw
[2192] 2015/02/08 08:58:43.817 -------------------------------
[2192] 2015/02/08 08:58:43.822 Login ID: E122828927
[2192] 2015/02/08 08:58:43.824 回報API版本：2.3.7
[2192] 2015/02/08 08:58:44.052 Code: 0
[2192] 2015/02/08 08:58:44.102 reply Serverreal6.capital.com.tw
[5732] 2015/02/09 18:08:04.416 -------------------------------
[5732] 2015/02/09 18:08:04.421 Login ID: E122828927
[5732] 2015/02/09 18:08:04.423 回報API版本：2.3.7
[5732] 2015/02/09 18:08:04.705 Code: 0
[5732] 2015/02/09 18:08:04.735 reply Serverreal6.capital.com.tw
[3376] 2015/02/11 08:11:15.934 -------------------------------
[3376] 2015/02/11 08:11:15.939 Login ID: E122828927
[3376] 2015/02/11 08:11:15.940 回報API版本：2.3.7
[3376] 2015/02/11 08:11:16.168 Code: 0
[3376] 2015/02/11 08:11:16.193 reply Serverreal9.capital.com.tw
[6504] 2015/02/13 10:51:19.875 -------------------------------
[6504] 2015/02/13 10:51:19.880 Login ID: E122828927
[6504] 2015/02/13 10:51:19.882 回報API版本：2.3.7
[6504] 2015/02/13 10:51:20.145 Code: 0
[6504] 2015/02/13 10:51:20.178 reply Serverreal8.capital.com.tw
[3244] 2015/02/13 15:38:07.039 -------------------------------
[3244] 2015/02/13 15:38:07.044 Login ID: E122828927
[3244] 2015/02/13 15:38:07.046 回報API版本：2.3.7
[3244] 2015/02/13 15:38:07.310 Code: 0
[3244] 2015/02/13 15:38:07.339 reply Serverreal9.capital.com.tw
[3904] 2015/02/13 15:41:06.077 -------------------------------
[3904] 2015/02/13 15:41:06.082 Login ID: E122828927
[3904] 2015/02/13 15:41:06.083 回報API版本：2.3.7
[3904] 2015/02/13 15:41:06.346 Code: 0
[3904] 2015/02/13 15:41:06.408 reply Serverreal4.capital.com.tw
[3844] 2015/02/13 15:47:20.675 -------------------------------
[3844] 2015/02/13 15:47:20.680 Login ID: E122828927
[3844] 2015/02/13 15:47:20.681 回報API版本：2.3.7
[3844] 2015/02/13 15:47:20.944 Code: 0
[3844] 2015/02/13 15:47:20.994 reply Serverreal4.capital.com.tw
[7160] 2015/02/13 15:55:58.349 -------------------------------
[7160] 2015/02/13 15:55:58.354 Login ID: E122828927
[7160] 2015/02/13 15:55:58.356 回報API版本：2.3.7
[7160] 2015/02/13 15:55:58.620 Code: 0
[7160] 2015/02/13 15:55:58.671 reply Serverreal3.capital.com.tw
[292] 2015/02/14 07:35:09.931 -------------------------------
[292] 2015/02/14 07:35:09.936 Login ID: E122828927
[292] 2015/02/14 07:35:09.937 回報API版本：2.3.7
[292] 2015/02/14 07:35:10.181 Code: 0
[292] 2015/02/14 07:35:10.218 reply Serverreal9.capital.com.tw
[5484] 2015/02/15 07:18:42.618 -------------------------------
[5484] 2015/02/15 07:18:42.624 Login ID: E122828927
[5484] 2015/02/15 07:18:42.625 回報API版本：2.3.7
[5484] 2015/02/15 07:18:42.855 Code: 0
[5484] 2015/02/15 07:18:42.923 reply Serverreal7.capital.com.tw
[3796] 2015/02/15 07:23:47.077 -------------------------------
[3796] 2015/02/15 07:23:47.082 Login ID: E122828927
[3796] 2015/02/15 07:23:47.083 回報API版本：2.3.7
[3796] 2015/02/15 07:23:47.390 Code: 0
[3796] 2015/02/15 07:23:47.446 reply Serverreal7.capital.com.tw
[4176] 2015/02/15 07:29:35.946 -------------------------------
[4176] 2015/02/15 07:29:35.951 Login ID: E122828927
[4176] 2015/02/15 07:29:35.952 回報API版本：2.3.7
[4176] 2015/02/15 07:29:36.180 Code: 0
[4176] 2015/02/15 07:29:36.233 reply Serverreal6.capital.com.tw
[4184] 2015/02/15 09:01:12.789 -------------------------------
[4184] 2015/02/15 09:01:12.793 Login ID: E122828927
[4184] 2015/02/15 09:01:12.795 回報API版本：2.3.7
[4184] 2015/02/15 09:01:13.041 Code: 0
[4184] 2015/02/15 09:01:13.092 reply Serverreal7.capital.com.tw
[5048] 2015/02/15 09:02:09.828 -------------------------------
[5048] 2015/02/15 09:02:09.833 Login ID: E122828927
[5048] 2015/02/15 09:02:09.834 回報API版本：2.3.7
[5048] 2015/02/15 09:02:10.079 Code: 0
[5048] 2015/02/15 09:02:10.126 reply Serverreal8.capital.com.tw
[4516] 2015/02/15 09:18:05.358 -------------------------------
[4516] 2015/02/15 09:18:05.363 Login ID: E122828927
[4516] 2015/02/15 09:18:05.364 回報API版本：2.3.7
[4516] 2015/02/15 09:18:05.627 Code: 0
[4516] 2015/02/15 09:18:05.696 reply Serverreal6.capital.com.tw
[3700] 2015/02/15 09:19:22.133 -------------------------------
[3700] 2015/02/15 09:19:22.138 Login ID: E122828927
[3700] 2015/02/15 09:19:22.139 回報API版本：2.3.7
[3700] 2015/02/15 09:19:22.365 Code: 0
[3700] 2015/02/15 09:19:22.413 reply Serverreal4.capital.com.tw
[6508] 2015/02/15 09:20:41.216 -------------------------------
[6508] 2015/02/15 09:20:41.221 Login ID: E122828927
[6508] 2015/02/15 09:20:41.222 回報API版本：2.3.7
[6508] 2015/02/15 09:20:41.457 Code: 0
[6508] 2015/02/15 09:20:41.507 reply Serverreal6.capital.com.tw
[3324] 2015/02/15 09:30:44.340 -------------------------------
[3324] 2015/02/15 09:30:44.345 Login ID: E122828927
[3324] 2015/02/15 09:30:44.346 回報API版本：2.3.7
[3324] 2015/02/15 09:30:44.588 Code: 0
[3324] 2015/02/15 09:30:44.639 reply Serverreal6.capital.com.tw
[5844] 2015/02/15 09:46:01.525 -------------------------------
[5844] 2015/02/15 09:46:01.530 Login ID: E122828927
[5844] 2015/02/15 09:46:01.531 回報API版本：2.3.7
[5844] 2015/02/15 09:46:01.769 Code: 0
[5844] 2015/02/15 09:46:01.816 reply Serverreal8.capital.com.tw
[3812] 2015/02/15 09:59:29.603 -------------------------------
[3812] 2015/02/15 09:59:29.608 Login ID: E122828927
[3812] 2015/02/15 09:59:29.609 回報API版本：2.3.7
[3812] 2015/02/15 09:59:29.846 Code: 0
[3812] 2015/02/15 09:59:29.893 reply Serverreal3.capital.com.tw
[5992] 2015/02/15 12:03:50.893 -------------------------------
[5992] 2015/02/15 12:03:50.898 Login ID: E122828927
[5992] 2015/02/15 12:03:50.899 回報API版本：2.3.7
[5992] 2015/02/15 12:03:51.178 Code: 0
[5992] 2015/02/15 12:03:51.224 reply Serverreal6.capital.com.tw
[4992] 2015/02/15 12:05:56.284 -------------------------------
[4992] 2015/02/15 12:05:56.289 Login ID: E122828927
[4992] 2015/02/15 12:05:56.290 回報API版本：2.3.7
[4992] 2015/02/15 12:05:56.570 Code: 0
[4992] 2015/02/15 12:05:56.616 reply Serverreal8.capital.com.tw
[6760] 2015/02/15 12:07:21.027 -------------------------------
[6760] 2015/02/15 12:07:21.033 Login ID: E122828927
[6760] 2015/02/15 12:07:21.034 回報API版本：2.3.7
[6760] 2015/02/15 12:07:21.300 Code: 0
[6760] 2015/02/15 12:07:21.348 reply Serverreal9.capital.com.tw
[7136] 2015/02/15 12:10:34.879 -------------------------------
[7136] 2015/02/15 12:10:34.884 Login ID: E122828927
[7136] 2015/02/15 12:10:34.885 回報API版本：2.3.7
[7136] 2015/02/15 12:10:35.180 Code: 0
[7136] 2015/02/15 12:10:35.385 reply Serverreal6.capital.com.tw
[5212] 2015/02/15 12:12:44.295 -------------------------------
[5212] 2015/02/15 12:12:44.300 Login ID: E122828927
[5212] 2015/02/15 12:12:44.301 回報API版本：2.3.7
[5212] 2015/02/15 12:12:44.577 Code: 0
[5212] 2015/02/15 12:12:44.623 reply Serverreal4.capital.com.tw
[5320] 2015/02/15 17:33:15.497 -------------------------------
[5320] 2015/02/15 17:33:15.502 Login ID: E122828927
[5320] 2015/02/15 17:33:15.503 回報API版本：2.3.7
[5320] 2015/02/15 17:33:15.733 Code: 0
[5320] 2015/02/15 17:33:15.786 reply Serverreal3.capital.com.tw
[4728] 2015/02/15 17:34:48.963 -------------------------------
[4728] 2015/02/15 17:34:48.968 Login ID: E122828927
[4728] 2015/02/15 17:34:48.969 回報API版本：2.3.7
[4728] 2015/02/15 17:34:49.196 Code: 0
[4728] 2015/02/15 17:34:49.247 reply Serverreal6.capital.com.tw
[6992] 2015/02/15 17:36:19.463 -------------------------------
[6992] 2015/02/15 17:36:19.468 Login ID: E122828927
[6992] 2015/02/15 17:36:19.470 回報API版本：2.3.7
[6992] 2015/02/15 17:36:19.702 Code: 0
[6992] 2015/02/15 17:36:19.754 reply Serverreal6.capital.com.tw
[5504] 2015/02/15 17:38:55.626 -------------------------------
[5504] 2015/02/15 17:38:55.631 Login ID: E122828927
[5504] 2015/02/15 17:38:55.632 回報API版本：2.3.7
[5504] 2015/02/15 17:38:55.863 Code: 0
[5504] 2015/02/15 17:38:55.910 reply Serverreal8.capital.com.tw
[4920] 2015/02/15 17:40:13.280 -------------------------------
[4920] 2015/02/15 17:40:13.285 Login ID: E122828927
[4920] 2015/02/15 17:40:13.286 回報API版本：2.3.7
[4920] 2015/02/15 17:40:13.517 Code: 0
[4920] 2015/02/15 17:40:13.567 reply Serverreal4.capital.com.tw
[3648] 2015/02/15 17:41:27.915 -------------------------------
[3648] 2015/02/15 17:41:27.920 Login ID: E122828927
[3648] 2015/02/15 17:41:27.921 回報API版本：2.3.7
[3648] 2015/02/15 17:41:28.138 Code: 0
[3648] 2015/02/15 17:41:28.187 reply Serverreal8.capital.com.tw
[2824] 2015/02/16 10:45:14.723 -------------------------------
[2824] 2015/02/16 10:45:14.728 Login ID: E122828927
[2824] 2015/02/16 10:45:14.730 回報API版本：2.3.7
[2824] 2015/02/16 10:45:15.000 Code: 0
[2824] 2015/02/16 10:45:15.072 reply Serverreal6.capital.com.tw
[6676] 2015/02/16 11:14:16.458 -------------------------------
[6676] 2015/02/16 11:14:16.463 Login ID: E122828927
[6676] 2015/02/16 11:14:16.464 回報API版本：2.3.7
[6676] 2015/02/16 11:14:16.716 Code: 0
[6676] 2015/02/16 11:14:16.764 reply Serverreal4.capital.com.tw
[5712] 2015/02/16 11:46:57.359 -------------------------------
[5712] 2015/02/16 11:46:57.364 Login ID: E122828927
[5712] 2015/02/16 11:46:57.365 回報API版本：2.3.7
[5712] 2015/02/16 11:46:57.627 Code: 0
[5712] 2015/02/16 11:46:57.676 reply Serverreal7.capital.com.tw
[5304] 2015/02/16 14:21:25.165 -------------------------------
[5304] 2015/02/16 14:21:25.169 Login ID: E122828927
[5304] 2015/02/16 14:21:25.171 回報API版本：2.3.7
[5304] 2015/02/16 14:21:25.434 Code: 0
[5304] 2015/02/16 14:21:25.480 reply Serverreal6.capital.com.tw
[5312] 2015/02/16 14:22:15.259 -------------------------------
[5312] 2015/02/16 14:22:15.264 Login ID: E122828927
[5312] 2015/02/16 14:22:15.265 回報API版本：2.3.7
[5312] 2015/02/16 14:22:15.510 Code: 0
[5312] 2015/02/16 14:22:15.557 reply Serverreal7.capital.com.tw
[5056] 2015/02/16 20:51:08.669 -------------------------------
[5056] 2015/02/16 20:51:08.674 Login ID: E122828927
[5056] 2015/02/16 20:51:08.675 回報API版本：2.3.7
[5056] 2015/02/16 20:51:08.905 Code: 0
[5056] 2015/02/16 20:51:08.928 reply Serverreal6.capital.com.tw
[4472] 2015/02/24 14:41:31.987 -------------------------------
[4472] 2015/02/24 14:41:31.992 Login ID: E122828927
[4472] 2015/02/24 14:41:31.993 回報API版本：2.3.7
[4472] 2015/02/24 14:41:32.228 Code: 0
[4472] 2015/02/24 14:41:32.259 reply Serverreal7.capital.com.tw
[3236] 2015/02/24 14:42:26.295 -------------------------------
[3236] 2015/02/24 14:42:26.299 Login ID: E122828927
[3236] 2015/02/24 14:42:26.301 回報API版本：2.3.7
[3236] 2015/02/24 14:42:26.529 Code: 0
[3236] 2015/02/24 14:42:26.553 reply Serverreal6.capital.com.tw
[3044] 2015/02/27 07:09:36.761 -------------------------------
[3044] 2015/02/27 07:09:36.766 Login ID: E122828927
[3044] 2015/02/27 07:09:36.767 回報API版本：2.3.7
[3044] 2015/02/27 07:09:37.010 Code: 0
[3044] 2015/02/27 07:09:37.061 reply Serverreal9.capital.com.tw
[1608] 2015/02/27 07:10:19.662 -------------------------------
[1608] 2015/02/27 07:10:19.668 Login ID: E122828927
[1608] 2015/02/27 07:10:19.669 回報API版本：2.3.7
[1608] 2015/02/27 07:10:19.932 Code: 0
[1608] 2015/02/27 07:10:19.984 reply Serverreal6.capital.com.tw
[3892] 2015/02/27 07:10:43.957 -------------------------------
[3892] 2015/02/27 07:10:43.961 Login ID: E122828927
[3892] 2015/02/27 07:10:43.962 回報API版本：2.3.7
[3892] 2015/02/27 07:10:44.214 Code: 0
[3892] 2015/02/27 07:10:44.254 reply Serverreal8.capital.com.tw
[1864] 2015/02/27 07:13:24.219 -------------------------------
[1864] 2015/02/27 07:13:24.223 Login ID: E122828927
[1864] 2015/02/27 07:13:24.224 回報API版本：2.3.7
[1864] 2015/02/27 07:13:24.468 Code: 0
[1864] 2015/02/27 07:13:24.513 reply Serverreal6.capital.com.tw
[1252] 2015/02/27 07:14:54.271 -------------------------------
[1252] 2015/02/27 07:14:54.276 Login ID: E122828927
[1252] 2015/02/27 07:14:54.277 回報API版本：2.3.7
[1252] 2015/02/27 07:14:55.026 Code: 0
[1252] 2015/02/27 07:14:55.075 reply Serverreal7.capital.com.tw
[4208] 2015/03/02 07:51:48.272 -------------------------------
[4208] 2015/03/02 07:51:48.278 Login ID: E122828927
[4208] 2015/03/02 07:51:48.279 回報API版本：2.3.7
[4208] 2015/03/02 07:51:48.527 Code: 0
[4208] 2015/03/02 07:51:48.555 reply Serverreal9.capital.com.tw
[3580] 2015/03/07 13:52:27.856 -------------------------------
[3580] 2015/03/07 13:52:27.861 Login ID: E122828927
[3580] 2015/03/07 13:52:27.863 回報API版本：2.3.7
[3580] 2015/03/07 13:52:28.097 Code: 0
[3580] 2015/03/07 13:52:28.130 reply Serverreal6.capital.com.tw
[536] 2015/03/07 15:04:57.550 -------------------------------
[536] 2015/03/07 15:04:57.555 Login ID: E122828927
[536] 2015/03/07 15:04:57.556 回報API版本：2.3.7
[536] 2015/03/07 15:04:57.829 Code: 0
[536] 2015/03/07 15:04:57.861 reply Serverreal9.capital.com.tw
[4420] 2015/03/08 10:40:01.845 -------------------------------
[4420] 2015/03/08 10:40:01.850 Login ID: E122828927
[4420] 2015/03/08 10:40:01.852 回報API版本：2.3.7
[4420] 2015/03/08 10:40:02.124 Code: 0
[4420] 2015/03/08 10:40:02.166 reply Serverreal6.capital.com.tw
[1108] 2015/03/09 10:09:31.287 -------------------------------
[1108] 2015/03/09 10:09:31.292 Login ID: E122828927
[1108] 2015/03/09 10:09:31.293 回報API版本：2.3.7
[1108] 2015/03/09 10:09:31.524 Code: 0
[1108] 2015/03/09 10:09:31.556 reply Serverreal8.capital.com.tw
[3812] 2015/03/09 10:13:12.675 -------------------------------
[3812] 2015/03/09 10:13:12.680 Login ID: E122828927
[3812] 2015/03/09 10:13:12.681 回報API版本：2.3.7
[3812] 2015/03/09 10:13:12.907 Code: 0
[3812] 2015/03/09 10:13:12.937 reply Serverreal6.capital.com.tw
[5076] 2015/03/09 11:21:04.275 -------------------------------
[5076] 2015/03/09 11:21:04.280 Login ID: E122828927
[5076] 2015/03/09 11:21:04.281 回報API版本：2.3.7
[5076] 2015/03/09 11:21:04.539 Code: 0
[5076] 2015/03/09 11:21:04.571 reply Serverreal6.capital.com.tw
[3108] 2015/03/09 11:23:28.778 -------------------------------
[3108] 2015/03/09 11:23:28.783 Login ID: E122828927
[3108] 2015/03/09 11:23:28.784 回報API版本：2.3.7
[3108] 2015/03/09 11:23:29.059 Code: 0
[3108] 2015/03/09 11:23:29.087 reply Serverreal7.capital.com.tw
[2360] 2015/03/09 11:42:44.545 -------------------------------
[2360] 2015/03/09 11:42:44.550 Login ID: E122828927
[2360] 2015/03/09 11:42:44.551 回報API版本：2.3.7
[2360] 2015/03/09 11:42:44.815 Code: 0
[2360] 2015/03/09 11:42:44.846 reply Serverreal4.capital.com.tw
[4892] 2015/03/09 11:45:08.301 -------------------------------
[4892] 2015/03/09 11:45:08.306 Login ID: E122828927
[4892] 2015/03/09 11:45:08.307 回報API版本：2.3.7
[4892] 2015/03/09 11:45:08.566 Code: 0
[4892] 2015/03/09 11:45:08.599 reply Serverreal7.capital.com.tw
[2680] 2015/03/09 11:49:49.131 -------------------------------
[2680] 2015/03/09 11:49:49.136 Login ID: E122828927
[2680] 2015/03/09 11:49:49.137 回報API版本：2.3.7
[2680] 2015/03/09 11:49:49.409 Code: 0
[2680] 2015/03/09 11:49:49.437 reply Serverreal6.capital.com.tw
[4860] 2015/03/09 11:51:26.986 -------------------------------
[4860] 2015/03/09 11:51:26.991 Login ID: E122828927
[4860] 2015/03/09 11:51:26.992 回報API版本：2.3.7
[4860] 2015/03/09 11:51:27.261 Code: 0
[4860] 2015/03/09 11:51:27.291 reply Serverreal6.capital.com.tw
[612] 2015/03/09 11:56:25.673 -------------------------------
[612] 2015/03/09 11:56:25.678 Login ID: E122828927
[612] 2015/03/09 11:56:25.679 回報API版本：2.3.7
[612] 2015/03/09 11:56:25.946 Code: 0
[612] 2015/03/09 11:56:25.979 reply Serverreal7.capital.com.tw
[4812] 2015/03/09 11:58:30.073 -------------------------------
[4812] 2015/03/09 11:58:30.078 Login ID: E122828927
[4812] 2015/03/09 11:58:30.080 回報API版本：2.3.7
[4812] 2015/03/09 11:58:30.347 Code: 0
[4812] 2015/03/09 11:58:30.378 reply Serverreal7.capital.com.tw
[4128] 2015/03/09 11:59:17.866 -------------------------------
[4128] 2015/03/09 11:59:17.871 Login ID: E122828927
[4128] 2015/03/09 11:59:17.872 回報API版本：2.3.7
[4128] 2015/03/09 11:59:18.162 Code: 0
[4128] 2015/03/09 11:59:18.196 reply Serverreal3.capital.com.tw
[4056] 2015/03/09 12:30:31.268 -------------------------------
[4056] 2015/03/09 12:30:31.273 Login ID: E122828927
[4056] 2015/03/09 12:30:31.274 回報API版本：2.3.7
[4056] 2015/03/09 12:30:31.582 Code: 0
[4056] 2015/03/09 12:30:31.624 reply Serverreal3.capital.com.tw
[3744] 2015/03/09 12:32:05.475 -------------------------------
[3744] 2015/03/09 12:32:05.480 Login ID: E122828927
[3744] 2015/03/09 12:32:05.481 回報API版本：2.3.7
[3744] 2015/03/09 12:32:05.744 Code: 0
[3744] 2015/03/09 12:32:05.773 reply Serverreal7.capital.com.tw
[1540] 2015/03/11 08:11:53.812 -------------------------------
[1540] 2015/03/11 08:11:53.818 Login ID: E122828927
[1540] 2015/03/11 08:11:53.819 回報API版本：2.3.7
[1540] 2015/03/11 08:11:54.064 Code: 0
[1540] 2015/03/11 08:11:54.096 reply Serverreal3.capital.com.tw
