2014/12/09 18:44:45.710 海期報價版本：2.5.3
2014/12/09 18:45:28.719 海期報價版本：2.5.3
2014/12/09 18:47:17.909 SKOSQuoteLib_RequestStocks 查無商品代號：[OSE,PM1412]
2014/12/09 19:06:13.576 海期報價版本：2.5.3
2014/12/09 19:18:51.404 海期報價版本：2.5.3
2014/12/09 19:22:04.143 海期報價版本：2.5.3
2014/12/09 19:24:41.179 海期報價版本：2.5.3
2015/01/01 13:02:42.983 海期報價版本：2.5.3
2015/01/02 10:06:59.902 海期報價版本：2.5.3
2015/01/02 10:20:27.630 海期報價版本：2.5.3
2015/01/02 10:58:48.062 海期報價版本：2.5.3
2015/01/02 12:36:49.396 海期報價版本：2.5.3
2015/01/02 12:37:12.192 海期報價版本：2.5.3
2015/01/02 16:11:44.370 海期報價版本：2.5.3
2015/01/02 16:12:47.790 海期報價版本：2.5.3
2015/01/02 16:15:28.262 海期報價版本：2.5.3
2015/01/02 16:16:04.144 海期報價版本：2.5.3
2015/01/02 16:30:11.229 海期報價版本：2.5.3
2015/01/02 16:31:11.204 海期報價版本：2.5.3
2015/01/02 16:31:55.783 海期報價版本：2.5.3
2015/01/02 16:34:46.799 海期報價版本：2.5.3
2015/01/02 16:46:32.415 海期報價版本：2.5.3
2015/01/02 17:19:23.219 海期報價版本：2.5.3
2015/01/02 18:14:08.852 海期報價版本：2.5.3
2015/01/02 18:15:54.516 海期報價版本：2.5.3
2015/01/02 18:17:02.891 海期報價版本：2.5.3
2015/01/02 18:27:23.171 海期報價版本：2.5.3
2015/01/02 18:28:32.617 海期報價版本：2.5.3
2015/01/02 18:29:29.256 海期報價版本：2.5.3
2015/01/02 18:32:38.779 海期報價版本：2.5.3
2015/01/02 18:35:41.072 海期報價版本：2.5.3
2015/01/02 18:37:58.300 海期報價版本：2.5.3
2015/01/02 18:56:04.819 海期報價版本：2.5.3
2015/01/02 18:56:38.589 海期報價版本：2.5.3
2015/01/02 18:57:42.251 海期報價版本：2.5.3
2015/01/02 19:23:21.484 海期報價版本：2.5.3
2015/01/03 08:18:42.083 海期報價版本：2.5.3
2015/01/03 08:43:07.698 海期報價版本：2.5.3
2015/01/03 09:03:27.094 海期報價版本：2.5.3
2015/01/17 15:00:23.585 海期報價版本：2.5.3
2015/01/17 15:00:49.425 海期報價版本：2.5.3
2015/01/17 15:01:17.658 海期報價版本：2.5.3
2015/01/17 15:14:25.181 海期報價版本：2.5.3
2015/01/17 15:14:26.009 連線通知: RegisterOnConnectCallBack 涵式未註冊
2015/01/17 15:20:00.620 海期報價版本：2.5.3
2015/01/17 15:22:50.839 海期報價版本：2.5.3
2015/01/17 15:22:52.927 連線通知: RegisterOnConnectCallBack 涵式未註冊
2015/01/18 07:32:29.072 海期報價版本：2.5.3
2015/01/18 07:32:33.393 Login ID: E122828927
2015/01/18 07:32:33.394 回報API版本：2.3.5
2015/01/18 07:32:33.595 Code: 0
2015/01/18 07:32:36.604 reply Serverreal8.capital.com.tw
2015/01/18 07:35:26.151 海期報價版本：2.5.3
2015/01/18 07:38:45.516 海期報價版本：2.5.3
2015/01/18 07:38:48.953 Login ID: E122828927
2015/01/18 07:38:48.954 回報API版本：2.3.5
2015/01/18 07:38:49.136 Code: 0
2015/01/18 07:39:28.323 海期報價版本：2.5.3
2015/01/18 07:39:33.901 Login ID: E122828927
2015/01/18 07:39:33.903 回報API版本：2.3.5
2015/01/18 07:39:34.100 Code: 0
2015/01/18 07:39:54.820 reply Serverreal6.capital.com.tw
2015/01/18 07:56:29.254 海期報價版本：2.5.3
2015/01/18 07:56:34.496 Login ID: E122828927
2015/01/18 07:56:34.497 回報API版本：2.3.5
2015/01/18 07:56:34.682 Code: 0
2015/01/18 07:56:42.243 reply Serverreal6.capital.com.tw
2015/01/18 08:15:00.904 海期報價版本：2.5.3
2015/01/18 08:15:02.552 Login ID: E122828927
2015/01/18 08:15:02.553 回報API版本：2.3.5
2015/01/18 08:15:02.738 Code: 0
2015/01/18 08:15:05.746 reply Serverreal7.capital.com.tw
2015/01/18 08:17:15.817 海期報價版本：2.5.3
2015/01/18 08:17:24.575 Login ID: E122828927
2015/01/18 08:17:24.576 回報API版本：2.3.5
2015/01/18 08:17:24.750 Code: 0
2015/01/18 08:17:54.442 海期報價版本：2.5.3
2015/01/18 08:17:56.007 Login ID: E122828927
2015/01/18 08:17:56.008 回報API版本：2.3.5
2015/01/18 08:17:56.201 Code: 0
2015/01/18 08:17:59.209 reply Serverreal9.capital.com.tw
2015/01/18 08:20:59.012 海期報價版本：2.5.3
2015/01/18 08:21:00.608 Login ID: E122828927
2015/01/18 08:21:00.609 回報API版本：2.3.5
2015/01/18 08:21:00.791 Code: 0
2015/01/18 08:21:03.799 reply Serverreal6.capital.com.tw
2015/01/19 02:30:10.332 海期報價版本：2.5.3
2015/01/19 02:30:12.396 Login ID: E122828927
2015/01/19 02:30:12.397 回報API版本：2.3.5
2015/01/19 02:30:12.553 Code: 0
2015/01/19 02:30:15.561 reply Serverreal6.capital.com.tw
2015/01/19 07:40:10.272 海期報價版本：2.5.3
2015/01/19 07:40:11.897 Login ID: E122828927
2015/01/19 07:40:11.898 回報API版本：2.3.5
2015/01/19 07:40:12.057 Code: 0
2015/01/19 07:40:15.065 reply Serverreal6.capital.com.tw
2015/01/19 14:30:10.186 海期報價版本：2.5.3
2015/01/19 14:30:12.128 Login ID: E122828927
2015/01/19 14:30:12.129 回報API版本：2.3.5
2015/01/19 14:30:12.336 Code: 0
2015/01/19 14:30:15.343 reply Serverreal3.capital.com.tw
2015/01/20 02:30:11.797 海期報價版本：2.5.3
2015/01/20 02:30:19.401 Login ID: E122828927
2015/01/20 02:30:19.402 回報API版本：2.3.5
2015/01/20 02:30:19.581 Code: 0
2015/01/20 02:30:22.588 reply Serverreal3.capital.com.tw
2015/01/20 07:40:10.281 海期報價版本：2.5.3
2015/01/20 07:40:13.703 Login ID: E122828927
2015/01/20 07:40:13.704 回報API版本：2.3.5
2015/01/20 07:40:13.911 Code: 0
2015/01/20 07:40:16.919 reply Serverreal7.capital.com.tw
2015/01/20 14:30:11.695 海期報價版本：2.5.3
2015/01/20 14:30:15.333 Login ID: E122828927
2015/01/20 14:30:15.334 回報API版本：2.3.5
2015/01/20 14:30:15.513 Code: 0
2015/01/20 14:30:18.521 reply Serverreal3.capital.com.tw
2015/01/21 02:30:12.443 海期報價版本：2.5.3
2015/01/21 02:30:16.520 Login ID: E122828927
2015/01/21 02:30:16.521 回報API版本：2.3.5
2015/01/21 02:30:16.691 Code: 0
2015/01/21 02:30:19.699 reply Serverreal6.capital.com.tw
2015/01/21 07:40:12.146 海期報價版本：2.5.3
2015/01/21 07:40:14.463 Login ID: E122828927
2015/01/21 07:40:14.464 回報API版本：2.3.5
2015/01/21 07:40:14.638 Code: 0
2015/01/21 07:40:17.646 reply Serverreal7.capital.com.tw
2015/01/21 14:30:11.534 海期報價版本：2.5.3
2015/01/21 14:30:15.909 Login ID: E122828927
2015/01/21 14:30:15.911 回報API版本：2.3.5
2015/01/21 14:30:16.127 Code: 0
2015/01/21 14:30:19.134 reply Serverreal4.capital.com.tw
2015/01/22 02:30:12.141 海期報價版本：2.5.3
2015/01/22 02:30:14.617 Login ID: E122828927
2015/01/22 02:30:14.618 回報API版本：2.3.5
2015/01/22 02:30:14.802 Code: 0
2015/01/22 02:30:17.810 reply Serverreal9.capital.com.tw
2015/01/22 05:36:14.997 海期報價版本：2.5.3
2015/01/22 05:36:21.084 Login ID: E122828927
2015/01/22 05:36:21.086 回報API版本：2.3.5
2015/01/22 05:36:21.275 Code: 0
2015/01/22 05:36:24.282 reply Serverreal8.capital.com.tw
2015/01/22 06:26:10.853 海期報價版本：2.5.3
2015/01/22 06:26:13.781 Login ID: E122828927
2015/01/22 06:26:13.782 回報API版本：2.3.5
2015/01/22 06:26:14.011 Code: 0
2015/01/22 06:26:17.019 reply Serverreal7.capital.com.tw
2015/01/22 06:33:12.644 海期報價版本：2.5.3
2015/01/22 06:33:15.799 Login ID: E122828927
2015/01/22 06:33:15.801 回報API版本：2.3.5
2015/01/22 06:33:15.995 Code: 0
2015/01/22 06:33:19.003 reply Serverreal9.capital.com.tw
2015/01/22 06:38:39.929 海期報價版本：2.5.3
2015/01/22 06:38:43.687 Login ID: E122828927
2015/01/22 06:38:43.689 回報API版本：2.3.5
2015/01/22 06:38:43.909 Code: 0
2015/01/22 06:38:46.918 reply Serverreal6.capital.com.tw
2015/01/22 07:40:11.998 海期報價版本：2.5.3
2015/01/22 07:40:13.985 Login ID: E122828927
2015/01/22 07:40:13.986 回報API版本：2.3.5
2015/01/22 07:40:14.182 Code: 0
2015/01/22 07:40:17.190 reply Serverreal4.capital.com.tw
2015/01/22 14:30:11.146 海期報價版本：2.5.3
2015/01/22 14:30:13.853 Login ID: E122828927
2015/01/22 14:30:13.854 回報API版本：2.3.5
2015/01/22 14:30:14.004 Code: 0
2015/01/22 14:30:17.007 reply Serverreal9.capital.com.tw
2015/01/23 02:30:12.479 海期報價版本：2.5.3
2015/01/23 02:30:14.437 Login ID: E122828927
2015/01/23 02:30:14.438 回報API版本：2.3.5
2015/01/23 02:30:14.616 Code: 0
2015/01/23 02:30:17.624 reply Serverreal9.capital.com.tw
2015/01/23 07:40:11.954 海期報價版本：2.5.3
2015/01/23 07:40:13.857 Login ID: E122828927
2015/01/23 07:40:13.858 回報API版本：2.3.5
2015/01/23 07:40:14.017 Code: 0
2015/01/23 07:40:17.024 reply Serverreal6.capital.com.tw
2015/01/23 14:30:11.988 海期報價版本：2.5.3
2015/01/23 14:30:13.830 Login ID: E122828927
2015/01/23 14:30:13.831 回報API版本：2.3.5
2015/01/23 14:30:13.993 Code: 0
2015/01/23 14:30:17.001 reply Serverreal9.capital.com.tw
2015/01/24 07:07:21.035 海期報價版本：2.5.3
2015/01/24 07:07:23.904 Login ID: E122828927
2015/01/24 07:07:23.905 回報API版本：2.3.5
2015/01/24 07:07:24.070 Code: 0
2015/01/24 07:07:27.078 reply Serverreal9.capital.com.tw
2015/01/26 07:40:11.483 海期報價版本：2.5.3
2015/01/26 07:40:14.869 Login ID: E122828927
2015/01/26 07:40:14.870 回報API版本：2.3.5
2015/01/26 07:40:15.081 Code: 0
2015/01/26 07:40:18.087 reply Serverreal4.capital.com.tw
2015/01/26 07:50:10.210 海期報價版本：2.5.3
2015/01/26 07:50:11.941 Login ID: E122828927
2015/01/26 07:50:11.942 回報API版本：2.3.5
2015/01/26 07:50:12.171 Code: 0
2015/01/26 07:50:15.178 reply Serverreal3.capital.com.tw
2015/01/26 10:07:01.141 海期報價版本：2.5.3
2015/01/26 10:07:03.034 Login ID: E122828927
2015/01/26 10:07:03.035 回報API版本：2.3.5
2015/01/26 10:07:03.197 Code: 0
2015/01/26 10:07:06.201 reply Serverreal9.capital.com.tw
2015/01/26 10:08:22.033 海期報價版本：2.5.3
2015/01/26 10:08:23.272 Login ID: E122828927
2015/01/26 10:08:23.273 回報API版本：2.3.5
2015/01/26 10:08:23.435 Code: 0
2015/01/26 10:08:26.439 reply Serverreal8.capital.com.tw
2015/01/26 10:20:23.495 海期報價版本：2.5.3
2015/01/26 10:20:24.753 Login ID: E122828927
2015/01/26 10:20:24.754 回報API版本：2.3.5
2015/01/26 10:20:24.916 Code: 0
2015/01/26 10:20:27.920 reply Serverreal7.capital.com.tw
2015/01/26 10:22:17.341 海期報價版本：2.5.3
2015/01/26 10:22:18.682 Login ID: E122828927
2015/01/26 10:22:18.682 回報API版本：2.3.5
2015/01/26 10:22:18.844 Code: 0
2015/01/26 10:22:21.849 reply Serverreal7.capital.com.tw
2015/01/26 10:24:18.410 海期報價版本：2.5.3
2015/01/26 10:24:19.783 Login ID: E122828927
2015/01/26 10:24:19.784 回報API版本：2.3.5
2015/01/26 10:24:19.957 Code: 0
2015/01/26 10:24:22.961 reply Serverreal6.capital.com.tw
2015/01/26 10:25:40.174 海期報價版本：2.5.3
2015/01/26 10:25:41.467 Login ID: E122828927
2015/01/26 10:25:41.468 回報API版本：2.3.5
2015/01/26 10:25:41.662 Code: 0
2015/01/26 10:25:44.667 reply Serverreal6.capital.com.tw
2015/01/26 10:30:29.884 海期報價版本：2.5.3
2015/01/26 10:30:33.315 Login ID: E122828927
2015/01/26 10:30:33.315 回報API版本：2.3.5
2015/01/26 10:30:33.497 Code: 0
2015/01/26 10:30:36.500 reply Serverreal6.capital.com.tw
2015/01/26 10:30:49.028 海期報價版本：2.5.3
2015/01/26 10:30:50.437 Login ID: E122828927
2015/01/26 10:30:50.437 回報API版本：2.3.5
2015/01/26 10:30:50.625 Code: 0
2015/01/26 10:30:53.629 reply Serverreal6.capital.com.tw
2015/01/26 10:49:57.275 Login ID: E122828927
2015/01/26 10:49:57.276 回報API版本：2.3.5
2015/01/26 10:49:57.573 Code: 0
2015/01/26 10:50:00.580 reply Serverreal6.capital.com.tw
2015/01/26 11:00:20.429 Login ID: E122828927
2015/01/26 11:00:20.430 回報API版本：2.3.5
2015/01/26 11:00:20.740 Code: 0
2015/01/26 11:00:23.748 reply Serverreal7.capital.com.tw
2015/01/26 11:56:52.003 Login ID: E122828927
2015/01/26 11:56:52.005 回報API版本：2.3.5
2015/01/26 11:56:52.421 Code: 0
2015/01/26 11:56:55.430 reply Serverreal6.capital.com.tw
2015/01/26 11:59:51.831 Login ID: E122828927
2015/01/26 11:59:51.832 回報API版本：2.3.5
2015/01/26 11:59:52.139 Code: 0
2015/01/26 11:59:55.147 reply Serverreal6.capital.com.tw
2015/01/26 12:00:17.148 Login ID: E122828927
2015/01/26 12:00:17.149 回報API版本：2.3.5
2015/01/26 12:00:17.448 Code: 0
2015/01/26 12:00:20.455 reply Serverreal8.capital.com.tw
2015/01/26 12:17:48.829 Login ID: E122828927
2015/01/26 12:17:48.830 回報API版本：2.3.5
2015/01/26 12:17:49.135 Code: 0
2015/01/26 12:17:52.143 reply Serverreal4.capital.com.tw
2015/01/26 12:26:13.925 Login ID: E122828927
2015/01/26 12:26:13.926 回報API版本：2.3.5
2015/01/26 12:26:14.228 Code: 0
2015/01/26 12:26:17.236 reply Serverreal8.capital.com.tw
2015/01/26 12:28:24.673 Login ID: E122828927
2015/01/26 12:28:24.674 回報API版本：2.3.5
2015/01/26 12:28:24.946 Code: 0
2015/01/26 12:28:27.951 reply Serverreal7.capital.com.tw
2015/01/26 12:30:50.858 Login ID: E122828927
2015/01/26 12:30:50.859 回報API版本：2.3.5
2015/01/26 12:30:51.144 Code: 0
2015/01/26 12:30:54.150 reply Serverreal4.capital.com.tw
2015/01/26 12:32:15.219 Login ID: E122828927
2015/01/26 12:32:15.221 回報API版本：2.3.5
2015/01/26 12:32:15.536 Code: 0
2015/01/26 12:32:18.541 reply Serverreal7.capital.com.tw
2015/01/26 12:34:53.259 Login ID: E122828927
2015/01/26 12:34:53.260 回報API版本：2.3.5
2015/01/26 12:34:53.578 Code: 0
2015/01/26 12:34:56.585 reply Serverreal7.capital.com.tw
2015/01/26 12:35:05.555 Login ID: E122828927
2015/01/26 12:35:05.556 回報API版本：2.3.5
2015/01/26 12:35:05.822 Code: 0
2015/01/26 12:35:08.829 reply Serverreal6.capital.com.tw
2015/01/26 12:39:22.616 Login ID: E122828927
2015/01/26 12:39:22.618 回報API版本：2.3.5
2015/01/26 12:39:22.914 Code: 0
2015/01/26 12:39:25.922 reply Serverreal3.capital.com.tw
2015/01/26 12:43:24.754 Login ID: E122828927
2015/01/26 12:43:24.755 回報API版本：2.3.5
2015/01/26 12:43:25.049 Code: 0
2015/01/26 12:43:28.056 reply Serverreal7.capital.com.tw
2015/01/26 12:43:53.466 Login ID: E122828927
2015/01/26 12:43:53.467 回報API版本：2.3.5
2015/01/26 12:43:53.762 Code: 0
2015/01/26 12:43:56.770 reply Serverreal7.capital.com.tw
2015/01/26 12:44:31.199 Login ID: E122828927
2015/01/26 12:44:31.201 回報API版本：2.3.5
2015/01/26 12:44:31.511 Code: 0
2015/01/26 12:44:34.519 reply Serverreal3.capital.com.tw
2015/01/26 13:22:25.082 Login ID: E122828927
2015/01/26 13:22:25.084 回報API版本：2.3.5
2015/01/26 13:22:25.415 Code: 0
2015/01/26 13:22:28.423 reply Serverreal6.capital.com.tw
2015/01/26 13:23:28.182 Login ID: E122828927
2015/01/26 13:23:28.183 回報API版本：2.3.5
2015/01/26 13:23:28.478 Code: 0
2015/01/26 13:23:31.486 reply Serverreal7.capital.com.tw
2015/01/26 14:30:11.531 Login ID: E122828927
2015/01/26 14:30:11.532 回報API版本：2.3.5
2015/01/26 14:30:11.845 Code: 0
2015/01/26 14:30:14.851 reply Serverreal7.capital.com.tw
2015/01/26 21:28:33.794 Login ID: E122828927
2015/01/26 21:28:33.795 回報API版本：2.3.5
2015/01/26 21:28:34.149 Code: 0
2015/01/26 21:28:37.154 reply Serverreal7.capital.com.tw
2015/01/27 02:30:19.859 Login ID: E122828927
2015/01/27 02:30:19.861 回報API版本：2.3.5
2015/01/27 02:30:22.064 Code: 0
2015/01/27 02:30:25.069 reply Serverreal3.capital.com.tw
2015/01/27 06:53:16.426 Login ID: E122828927
2015/01/27 06:53:16.428 回報API版本：2.3.5
2015/01/27 06:53:16.954 Code: 0
2015/01/27 06:53:19.961 reply Serverreal6.capital.com.tw
2015/01/27 06:56:45.902 Login ID: E122828927
2015/01/27 06:56:45.903 回報API版本：2.3.5
2015/01/27 06:56:46.292 Code: 0
2015/01/27 06:56:49.299 reply Serverreal8.capital.com.tw
2015/01/27 06:57:29.985 Login ID: E122828927
2015/01/27 06:57:29.986 回報API版本：2.3.5
2015/01/27 06:57:30.363 Code: 0
2015/01/27 06:57:33.371 reply Serverreal4.capital.com.tw
2015/01/27 07:12:46.663 Login ID: E122828927
2015/01/27 07:12:46.665 回報API版本：2.3.5
2015/01/27 07:12:51.742 Code: 0
2015/01/27 07:12:54.749 reply Serverreal8.capital.com.tw
2015/01/27 07:13:47.473 Login ID: E122828927
2015/01/27 07:13:47.475 回報API版本：2.3.5
2015/01/27 07:13:48.083 Code: 0
2015/01/27 07:13:51.091 reply Serverreal3.capital.com.tw
2015/01/27 07:14:13.684 Login ID: E122828927
2015/01/27 07:14:13.685 回報API版本：2.3.5
2015/01/27 07:14:14.424 Code: 0
2015/01/27 07:14:17.432 reply Serverreal4.capital.com.tw
2015/01/27 07:18:30.502 Login ID: E122828927
2015/01/27 07:18:30.503 回報API版本：2.3.5
2015/01/27 07:18:30.932 Code: 0
2015/01/27 07:18:33.940 reply Serverreal3.capital.com.tw
2015/01/27 07:18:47.469 Login ID: E122828927
2015/01/27 07:18:47.471 回報API版本：2.3.5
2015/01/27 07:18:47.832 Code: 0
2015/01/27 07:18:50.839 reply Serverreal9.capital.com.tw
2015/01/27 07:20:22.202 Login ID: E122828927
2015/01/27 07:20:22.204 回報API版本：2.3.5
2015/01/27 07:20:22.596 Code: 0
2015/01/27 07:20:25.605 reply Serverreal6.capital.com.tw
2015/01/27 10:51:00.832 海期報價版本：2.5.3
2015/01/27 10:51:02.250 連線通知: RegisterOnConnectCallBack 涵式未註冊
2015/01/27 10:51:58.021 海期報價版本：2.5.3
2015/01/27 10:51:58.680 連線通知: RegisterOnConnectCallBack 涵式未註冊
2015/01/27 11:00:51.127 海期報價版本：2.5.3
2015/01/27 11:00:51.824 連線通知: RegisterOnConnectCallBack 涵式未註冊
2015/01/27 11:03:03.079 海期報價版本：2.5.3
2015/01/27 11:03:03.771 連線通知: RegisterOnConnectCallBack 涵式未註冊
2015/01/27 11:04:33.458 海期報價版本：2.5.3
2015/01/27 11:07:31.521 海期報價版本：2.5.3
2015/01/27 11:08:56.521 海期報價版本：2.5.3
2015/01/27 11:11:08.871 海期報價版本：2.5.3
2015/01/27 11:12:25.821 海期報價版本：2.5.3
