[956] 2015/03/11 07:50:13.334 API InitInstance 
[956] 2015/03/11 07:50:14.238 E122828927 連線 Code：0
[956] 2015/03/11 07:50:15.248 收到 Head 資訊 {Count 2} {Type A } 
[956] 2015/03/11 07:50:15.250              OFDNF0200001709003B10OSE    JNM   201503                     x96360001857500000000000000000000000000000000000000000000000000000000000000000200020000201503100530100000009000000008706 
[956] 2015/03/11 07:50:15.267 收到 Head 資訊 {Count 2} {Type C } 
[956] 2015/03/11 07:50:15.269 收到 Head 資訊 {Count 2} {Type C } 
[956] 2015/03/11 07:50:15.272 收到 Head 資訊 {Count 2} {Type C } 
[956] 2015/03/11 07:50:15.274 收到 Head 資訊 {Count 2} {Type C } 
[956] 2015/03/11 07:50:15.276 收到 Head 資訊 {Count 2} {Type C } 
[956] 2015/03/11 07:50:15.278 收到 Head 資訊 {Count 2} {Type C } 
[956] 2015/03/11 07:50:15.279 收到 Head 資訊 {Count 2} {Type C } 
[956] 2015/03/11 07:50:15.281 收到 Head 資訊 {Count 2} {Type C } 
[956] 2015/03/11 07:50:15.283 收到 Head 資訊 {Count 2} {Type C } 
[956] 2015/03/11 07:50:15.285 收到 Head 資訊 {Count 2} {Type C } 
[956] 2015/03/11 07:50:15.287 收到 Head 資訊 {Count 2} {Type C } 
[956] 2015/03/11 07:50:15.289 收到 Head 資訊 {Count 2} {Type C } 
[956] 2015/03/11 07:50:15.291 收到 Head 資訊 {Count 2} {Type C } 
[956] 2015/03/11 07:50:15.292 收到 Head 資訊 {Count 2} {Type C } 
[956] 2015/03/11 07:50:15.294 收到 Head 資訊 {Count 2} {Type C } 
[956] 2015/03/11 07:50:15.296 收到 Head 資訊 {Count 2} {Type C } 
[956] 2015/03/11 07:50:15.298 收到 Head 資訊 {Count 2} {Type C } 
[956] 2015/03/11 07:50:15.299 收到 Head 資訊 {Count 2} {Type C } 
[956] 2015/03/11 07:50:15.301 收到 Head 資訊 {Count 2} {Type C } 
[956] 2015/03/11 07:50:15.303 收到 Head 資訊 {Count 2} {Type C } 
[956] 2015/03/11 07:50:15.305 收到 Head 資訊 {Count 2} {Type C } 
[956] 2015/03/11 07:50:15.307 收到 Head 資訊 {Count 2} {Type C } 
[956] 2015/03/11 07:50:15.309 收到 Head 資訊 {Count 2} {Type C } 
[956] 2015/03/11 07:50:15.311 收到 Head 資訊 {Count 2} {Type C } 
[956] 2015/03/11 07:50:15.313 收到 Head 資訊 {Count 2} {Type C } 
[956] 2015/03/11 07:50:15.315 收到 Head 資訊 {Count 2} {Type C } 
[956] 2015/03/11 07:50:15.316 收到 Head 資訊 {Count 2} {Type C } 
[956] 2015/03/11 07:50:15.318 收到 Head 資訊 {Count 2} {Type C } 
[956] 2015/03/11 07:50:15.320 收到 Head 資訊 {Count 2} {Type C } 
[956] 2015/03/11 07:50:15.322 收到 Head 資訊 {Count 2} {Type C } 
[956] 2015/03/11 07:50:15.324 收到 Head 資訊 {Count 2} {Type C } 
[956] 2015/03/11 07:50:15.326 收到 Head 資訊 {Count 2} {Type C } 
[956] 2015/03/11 07:50:15.328 收到 Head 資訊 {Count 2} {Type C } 
[956] 2015/03/11 07:50:15.329 收到 Head 資訊 {Count 2} {Type C } 
[956] 2015/03/11 07:50:15.331 收到 Head 資訊 {Count 2} {Type C } 
[956] 2015/03/11 07:50:15.333 收到 Head 資訊 {Count 2} {Type C } 
[956] 2015/03/11 07:50:15.335 收到 Head 資訊 {Count 2} {Type C } 
[956] 2015/03/11 07:50:15.336 收到 Head 資訊 {Count 2} {Type C } 
[956] 2015/03/11 07:50:15.338 收到 Head 資訊 {Count 2} {Type C } 
[956] 2015/03/11 07:50:15.340 收到 Head 資訊 {Count 2} {Type C } 
[956] 2015/03/11 07:50:15.342 收到 Head 資訊 {Count 2} {Type C } 
[956] 2015/03/11 07:50:15.344 收到 Head 資訊 {Count 2} {Type C } 
[956] 2015/03/11 07:50:15.346 收到 Head 資訊 {Count 2} {Type C } 
[956] 2015/03/11 07:50:15.348 收到 Head 資訊 {Count 2} {Type C } 
[956] 2015/03/11 07:50:15.350 收到 Head 資訊 {Count 2} {Type C } 
[956] 2015/03/11 07:50:15.352 收到 Head 資訊 {Count 2} {Type C } 
[956] 2015/03/11 07:50:15.354 收到 Head 資訊 {Count 2} {Type C } 
[956] 2015/03/11 07:50:15.356 收到 Head 資訊 {Count 2} {Type C } 
[956] 2015/03/11 07:50:15.358 收到 Head 資訊 {Count 2} {Type C } 
[956] 2015/03/11 07:50:15.360 收到 Head 資訊 {Count 2} {Type C } 
[956] 2015/03/11 07:50:15.361 收到 Head 資訊 {Count 2} {Type C } 
[956] 2015/03/11 07:50:15.363 收到 Head 資訊 {Count 2} {Type C } 
[956] 2015/03/11 07:50:15.365 收到 Head 資訊 {Count 2} {Type C } 
[956] 2015/03/11 07:50:15.367 收到 Head 資訊 {Count 2} {Type C } 
[956] 2015/03/11 07:50:15.368 收到 Head 資訊 {Count 2} {Type C } 
[956] 2015/03/11 07:50:15.370 收到 Head 資訊 {Count 2} {Type C } 
[956] 2015/03/11 07:50:15.372 收到 Head 資訊 {Count 2} {Type C } 
[956] 2015/03/11 07:50:15.374 收到 Head 資訊 {Count 2} {Type C } 
[956] 2015/03/11 07:50:15.376 收到 Head 資訊 {Count 2} {Type C } 
[956] 2015/03/11 07:50:15.378 收到 Head 資訊 {Count 2} {Type C } 
[956] 2015/03/11 07:50:15.380 收到 Head 資訊 {Count 2} {Type C } 
[956] 2015/03/11 07:50:15.382 收到 Head 資訊 {Count 2} {Type C } 
[956] 2015/03/11 07:50:15.384 收到 Head 資訊 {Count 2} {Type C } 
[956] 2015/03/11 07:50:15.386 收到 Head 資訊 {Count 2} {Type C } 
[956] 2015/03/11 07:50:15.388 收到 Head 資訊 {Count 2} {Type C } 
[956] 2015/03/11 07:50:15.390 收到 Head 資訊 {Count 2} {Type C } 
[956] 2015/03/11 07:50:15.392 收到 Head 資訊 {Count 2} {Type C } 
[956] 2015/03/11 07:50:15.394 收到 Head 資訊 {Count 2} {Type C } 
[956] 2015/03/11 07:50:15.396 收到 Head 資訊 {Count 2} {Type C } 
[956] 2015/03/11 07:50:15.398 收到 Head 資訊 {Count 2} {Type C } 
[956] 2015/03/11 07:50:15.400 收到 Head 資訊 {Count 2} {Type C } 
[956] 2015/03/11 07:50:15.402 收到 Head 資訊 {Count 2} {Type C } 
[956] 2015/03/11 07:50:15.404 收到 Head 資訊 {Count 2} {Type C } 
[956] 2015/03/11 07:50:15.406 收到 Head 資訊 {Count 2} {Type C } 
[956] 2015/03/11 07:50:15.408 收到 Head 資訊 {Count 2} {Type C } 
[956] 2015/03/11 07:50:15.410 收到 Head 資訊 {Count 2} {Type C } 
[956] 2015/03/11 07:50:15.412 收到 Head 資訊 {Count 2} {Type C } 
[956] 2015/03/11 07:50:15.414 收到 Head 資訊 {Count 2} {Type C } 
[956] 2015/03/11 07:50:15.416 收到 Head 資訊 {Count 2} {Type C } 
[956] 2015/03/11 07:50:15.418 收到 Head 資訊 {Count 2} {Type C } 
[956] 2015/03/11 07:50:15.419 收到 Head 資訊 {Count 2} {Type C } 
[956] 2015/03/11 07:50:15.421 收到 Head 資訊 {Count 2} {Type C } 
[956] 2015/03/11 07:50:15.423 收到 Head 資訊 {Count 2} {Type C } 
[956] 2015/03/11 07:50:15.425 收到 Head 資訊 {Count 2} {Type C } 
[956] 2015/03/11 07:50:15.427 收到 Head 資訊 {Count 2} {Type C } 
[956] 2015/03/11 07:50:15.429 收到 Head 資訊 {Count 2} {Type C } 
[956] 2015/03/11 07:50:15.430 收到 Head 資訊 {Count 2} {Type C } 
[956] 2015/03/11 07:50:15.432 收到 Head 資訊 {Count 2} {Type C } 
[956] 2015/03/11 07:50:15.434 收到 Head 資訊 {Count 2} {Type C } 
[956] 2015/03/11 07:50:15.436 收到 Head 資訊 {Count 2} {Type C } 
[956] 2015/03/11 07:50:15.438 收到 Head 資訊 {Count 2} {Type C } 
[956] 2015/03/11 07:50:15.440 收到 Head 資訊 {Count 2} {Type C } 
[956] 2015/03/11 07:50:15.442 收到 Head 資訊 {Count 2} {Type C } 
[956] 2015/03/11 07:50:15.443 收到 Head 資訊 {Count 2} {Type C } 
[956] 2015/03/11 07:50:15.445 收到 Head 資訊 {Count 2} {Type C } 
[956] 2015/03/11 07:50:15.447 收到 Head 資訊 {Count 2} {Type C } 
[956] 2015/03/11 07:50:15.449 收到 Head 資訊 {Count 2} {Type C } 
[956] 2015/03/11 07:50:15.451 收到 Head 資訊 {Count 2} {Type C } 
[956] 2015/03/11 07:50:15.453 收到 Head 資訊 {Count 2} {Type D } 
[956] 2015/03/11 07:50:15.455 收到 Head 資訊 {Count 2} {Type D } 
[956] 2015/03/11 07:50:15.457 收到 Head 資訊 {Count 2} {Type D } 
[956] 2015/03/11 07:50:15.459 收到 Head 資訊 {Count 2} {Type C } 
[956] 2015/03/11 07:50:15.461 收到 Head 資訊 {Count 2} {Type C } 
[956] 2015/03/11 07:50:15.463 收到 Head 資訊 {Count 2} {Type C } 
[956] 2015/03/11 07:50:15.465 收到 Head 資訊 {Count 2} {Type C } 
[956] 2015/03/11 07:50:15.466 收到 Head 資訊 {Count 2} {Type C } 
[956] 2015/03/11 07:50:15.468 收到 Head 資訊 {Count 2} {Type C } 
[956] 2015/03/11 07:50:15.470 收到 Head 資訊 {Count 2} {Type C } 
[956] 2015/03/11 07:50:15.472 收到 Head 資訊 {Count 2} {Type C } 
[956] 2015/03/11 07:50:15.473 收到 Head 資訊 {Count 2} {Type C } 
[956] 2015/03/11 07:50:15.475 收到 Head 資訊 {Count 2} {Type B } 
[956] 2015/03/11 07:51:13.473 收到 Head 資訊 {Count 2} {Type C } 
[956] 2015/03/11 07:51:14.170 連線確認 E122828927 (21,21)
[956] 2015/03/11 07:52:21.503 連線確認 E122828927 (21,21)
[956] 2015/03/11 07:53:21.512 連線確認 E122828927 (21,21)
[956] 2015/03/11 07:54:21.526 連線確認 E122828927 (21,21)
[956] 2015/03/11 07:55:14.454 收到 Head 資訊 {Count 2} {Type B } 
[956] 2015/03/11 07:55:21.539 連線確認 E122828927 (21,21)
[956] 2015/03/11 07:56:21.553 連線確認 E122828927 (21,21)
[956] 2015/03/11 07:57:21.567 連線確認 E122828927 (21,21)
[956] 2015/03/11 07:58:21.581 連線確認 E122828927 (21,21)
[956] 2015/03/11 07:59:21.594 連線確認 E122828927 (21,21)
[956] 2015/03/11 08:00:15.451 收到 Head 資訊 {Count 2} {Type B } 
[956] 2015/03/11 08:00:21.607 連線確認 E122828927 (21,21)
[956] 2015/03/11 08:01:21.621 連線確認 E122828927 (21,21)
[956] 2015/03/11 08:01:43.400 收到 Head 資訊 {Count 2} {Type C } 
[956] 2015/03/11 08:01:53.400 收到 Head 資訊 {Count 2} {Type C } 
[956] 2015/03/11 08:02:21.636 連線確認 E122828927 (21,21)
[956] 2015/03/11 08:03:21.648 連線確認 E122828927 (21,21)
[956] 2015/03/11 08:04:21.662 連線確認 E122828927 (21,21)
[956] 2015/03/11 08:05:16.448 收到 Head 資訊 {Count 2} {Type B } 
[956] 2015/03/11 08:05:21.676 連線確認 E122828927 (21,21)
[956] 2015/03/11 08:06:21.690 連線確認 E122828927 (21,21)
[956] 2015/03/11 08:07:21.703 連線確認 E122828927 (21,21)
[956] 2015/03/11 08:08:21.716 連線確認 E122828927 (21,21)
[956] 2015/03/11 08:09:21.730 連線確認 E122828927 (21,21)
[956] 2015/03/11 08:10:16.767 收到 Head 資訊 {Count 2} {Type B } 
[956] 2015/03/11 08:10:21.743 連線確認 E122828927 (21,21)
[956] 2015/03/11 08:11:24.078 API ExitInstance 
