2015/01/23 02:30:13.331 -----------
2015/01/23 02:30:13.332 API InitInstance 
2015/01/23 02:30:17.670 E122828927 連線 Code：0
2015/01/23 02:30:18.671 收到 Head 資訊 {Count 2} {Type C } 
2015/01/23 02:30:18.673 收到 Head 資訊 {Count 2} {Type C } 
2015/01/23 02:30:18.675 收到 Head 資訊 {Count 2} {Type C } 
2015/01/23 02:30:18.676 收到 Head 資訊 {Count 2} {Type C } 
2015/01/23 02:30:18.678 收到 Head 資訊 {Count 2} {Type C } 
2015/01/23 02:30:18.680 收到 Head 資訊 {Count 2} {Type C } 
2015/01/23 02:30:18.682 收到 Head 資訊 {Count 2} {Type C } 
2015/01/23 02:30:18.684 收到 Head 資訊 {Count 2} {Type C } 
2015/01/23 02:30:18.686 收到 Head 資訊 {Count 2} {Type C } 
2015/01/23 02:30:18.688 收到 Head 資訊 {Count 2} {Type C } 
2015/01/23 02:30:18.689 收到 Head 資訊 {Count 2} {Type C } 
2015/01/23 02:30:18.691 收到 Head 資訊 {Count 2} {Type C } 
2015/01/23 02:30:18.693 收到 Head 資訊 {Count 2} {Type C } 
2015/01/23 02:30:18.694 收到 Head 資訊 {Count 2} {Type C } 
2015/01/23 02:30:18.696 收到 Head 資訊 {Count 2} {Type C } 
2015/01/23 02:30:18.698 收到 Head 資訊 {Count 2} {Type C } 
2015/01/23 02:30:18.699 收到 Head 資訊 {Count 2} {Type C } 
2015/01/23 02:30:18.701 收到 Head 資訊 {Count 2} {Type C } 
2015/01/23 02:30:18.703 收到 Head 資訊 {Count 2} {Type C } 
2015/01/23 02:30:18.705 收到 Head 資訊 {Count 2} {Type C } 
2015/01/23 02:30:18.706 收到 Head 資訊 {Count 2} {Type C } 
2015/01/23 02:30:18.708 收到 Head 資訊 {Count 2} {Type C } 
2015/01/23 02:30:18.710 收到 Head 資訊 {Count 2} {Type C } 
2015/01/23 02:30:18.711 收到 Head 資訊 {Count 2} {Type C } 
2015/01/23 02:30:18.713 收到 Head 資訊 {Count 2} {Type C } 
2015/01/23 02:30:18.715 收到 Head 資訊 {Count 2} {Type C } 
2015/01/23 02:30:18.716 收到 Head 資訊 {Count 2} {Type C } 
2015/01/23 02:30:18.718 收到 Head 資訊 {Count 2} {Type C } 
2015/01/23 02:30:18.719 收到 Head 資訊 {Count 2} {Type C } 
2015/01/23 02:30:18.721 收到 Head 資訊 {Count 2} {Type C } 
2015/01/23 02:30:18.722 收到 Head 資訊 {Count 2} {Type C } 
2015/01/23 02:30:18.724 收到 Head 資訊 {Count 2} {Type C } 
2015/01/23 02:30:18.726 收到 Head 資訊 {Count 2} {Type C } 
2015/01/23 02:30:18.728 收到 Head 資訊 {Count 2} {Type C } 
2015/01/23 02:30:18.729 收到 Head 資訊 {Count 2} {Type C } 
2015/01/23 02:30:18.731 收到 Head 資訊 {Count 2} {Type C } 
2015/01/23 02:30:18.733 收到 Head 資訊 {Count 2} {Type C } 
2015/01/23 02:30:18.735 收到 Head 資訊 {Count 2} {Type C } 
2015/01/23 02:30:18.737 收到 Head 資訊 {Count 2} {Type C } 
2015/01/23 02:30:18.738 收到 Head 資訊 {Count 2} {Type C } 
2015/01/23 02:30:18.740 收到 Head 資訊 {Count 2} {Type C } 
2015/01/23 02:30:18.742 收到 Head 資訊 {Count 2} {Type C } 
2015/01/23 02:30:18.744 收到 Head 資訊 {Count 2} {Type C } 
2015/01/23 02:30:18.746 收到 Head 資訊 {Count 2} {Type C } 
2015/01/23 02:30:18.747 收到 Head 資訊 {Count 2} {Type C } 
2015/01/23 02:30:18.749 收到 Head 資訊 {Count 2} {Type C } 
2015/01/23 02:30:18.751 收到 Head 資訊 {Count 2} {Type C } 
2015/01/23 02:30:18.753 收到 Head 資訊 {Count 2} {Type C } 
2015/01/23 02:30:18.755 收到 Head 資訊 {Count 2} {Type C } 
2015/01/23 02:30:18.756 收到 Head 資訊 {Count 2} {Type C } 
2015/01/23 02:30:18.758 收到 Head 資訊 {Count 2} {Type C } 
2015/01/23 02:30:18.760 收到 Head 資訊 {Count 2} {Type C } 
2015/01/23 02:30:18.762 收到 Head 資訊 {Count 2} {Type C } 
2015/01/23 02:30:18.763 收到 Head 資訊 {Count 2} {Type C } 
2015/01/23 02:30:18.765 收到 Head 資訊 {Count 2} {Type C } 
2015/01/23 02:30:18.767 收到 Head 資訊 {Count 2} {Type C } 
2015/01/23 02:30:18.768 收到 Head 資訊 {Count 2} {Type C } 
2015/01/23 02:30:18.770 收到 Head 資訊 {Count 2} {Type C } 
2015/01/23 02:30:18.772 收到 Head 資訊 {Count 2} {Type C } 
2015/01/23 02:30:18.774 收到 Head 資訊 {Count 2} {Type C } 
2015/01/23 02:30:18.776 收到 Head 資訊 {Count 2} {Type C } 
2015/01/23 02:30:18.777 收到 Head 資訊 {Count 2} {Type C } 
2015/01/23 02:30:18.779 收到 Head 資訊 {Count 2} {Type C } 
2015/01/23 02:30:18.781 收到 Head 資訊 {Count 2} {Type C } 
2015/01/23 02:30:18.783 收到 Head 資訊 {Count 2} {Type C } 
2015/01/23 02:30:18.784 收到 Head 資訊 {Count 2} {Type C } 
2015/01/23 02:30:18.786 收到 Head 資訊 {Count 2} {Type C } 
2015/01/23 02:30:18.788 收到 Head 資訊 {Count 2} {Type C } 
2015/01/23 02:30:18.790 收到 Head 資訊 {Count 2} {Type C } 
2015/01/23 02:30:18.791 收到 Head 資訊 {Count 2} {Type C } 
2015/01/23 02:30:18.793 收到 Head 資訊 {Count 2} {Type C } 
2015/01/23 02:30:18.795 收到 Head 資訊 {Count 2} {Type C } 
2015/01/23 02:30:18.797 收到 Head 資訊 {Count 2} {Type C } 
2015/01/23 02:30:18.799 收到 Head 資訊 {Count 2} {Type C } 
2015/01/23 02:30:18.800 收到 Head 資訊 {Count 2} {Type C } 
2015/01/23 02:30:18.802 收到 Head 資訊 {Count 2} {Type C } 
2015/01/23 02:30:18.804 收到 Head 資訊 {Count 2} {Type C } 
2015/01/23 02:30:18.805 收到 Head 資訊 {Count 2} {Type C } 
2015/01/23 02:30:18.807 收到 Head 資訊 {Count 2} {Type C } 
2015/01/23 02:30:18.808 收到 Head 資訊 {Count 2} {Type C } 
2015/01/23 02:30:18.810 收到 Head 資訊 {Count 2} {Type C } 
2015/01/23 02:30:18.812 收到 Head 資訊 {Count 2} {Type C } 
2015/01/23 02:30:18.814 收到 Head 資訊 {Count 2} {Type C } 
2015/01/23 02:30:18.815 收到 Head 資訊 {Count 2} {Type C } 
2015/01/23 02:30:18.817 收到 Head 資訊 {Count 2} {Type C } 
2015/01/23 02:30:18.819 收到 Head 資訊 {Count 2} {Type C } 
2015/01/23 02:30:18.820 收到 Head 資訊 {Count 2} {Type C } 
2015/01/23 02:30:18.822 收到 Head 資訊 {Count 2} {Type C } 
2015/01/23 02:30:18.824 收到 Head 資訊 {Count 2} {Type C } 
2015/01/23 02:30:18.826 收到 Head 資訊 {Count 2} {Type C } 
2015/01/23 02:30:18.828 收到 Head 資訊 {Count 2} {Type C } 
2015/01/23 02:30:18.829 收到 Head 資訊 {Count 2} {Type C } 
2015/01/23 02:30:18.831 收到 Head 資訊 {Count 2} {Type C } 
2015/01/23 02:30:18.833 收到 Head 資訊 {Count 2} {Type C } 
2015/01/23 02:30:18.834 收到 Head 資訊 {Count 2} {Type C } 
2015/01/23 02:30:18.836 收到 Head 資訊 {Count 2} {Type C } 
2015/01/23 02:30:18.838 收到 Head 資訊 {Count 2} {Type D } 
2015/01/23 02:30:18.840 收到 Head 資訊 {Count 2} {Type D } 
2015/01/23 02:30:18.842 收到 Head 資訊 {Count 2} {Type D } 
2015/01/23 02:30:18.843 收到 Head 資訊 {Count 2} {Type C } 
2015/01/23 02:30:18.845 收到 Head 資訊 {Count 2} {Type C } 
2015/01/23 02:30:18.846 收到 Head 資訊 {Count 2} {Type C } 
2015/01/23 02:30:18.848 收到 Head 資訊 {Count 2} {Type C } 
2015/01/23 02:30:18.850 收到 Head 資訊 {Count 2} {Type C } 
2015/01/23 02:30:18.851 收到 Head 資訊 {Count 2} {Type C } 
2015/01/23 02:30:18.853 收到 Head 資訊 {Count 2} {Type C } 
2015/01/23 02:30:18.855 收到 Head 資訊 {Count 2} {Type C } 
2015/01/23 02:30:18.856 收到 Head 資訊 {Count 2} {Type C } 
2015/01/23 02:30:18.858 收到 Head 資訊 {Count 2} {Type C } 
2015/01/23 02:30:18.860 收到 Head 資訊 {Count 2} {Type C } 
2015/01/23 02:30:18.861 收到 Head 資訊 {Count 2} {Type C } 
2015/01/23 02:30:18.863 收到 Head 資訊 {Count 2} {Type C } 
2015/01/23 02:30:18.865 收到 Head 資訊 {Count 2} {Type C } 
2015/01/23 02:30:18.867 收到 Head 資訊 {Count 2} {Type C } 
2015/01/23 02:30:18.869 收到 Head 資訊 {Count 2} {Type C } 
2015/01/23 02:30:18.870 收到 Head 資訊 {Count 2} {Type D } 
2015/01/23 02:30:18.872 收到 Head 資訊 {Count 2} {Type C } 
2015/01/23 02:30:18.874 收到 Head 資訊 {Count 2} {Type C } 
2015/01/23 02:30:18.876 收到 Head 資訊 {Count 2} {Type C } 
2015/01/23 02:30:18.878 收到 Head 資訊 {Count 2} {Type C } 
2015/01/23 02:30:18.879 收到 Head 資訊 {Count 2} {Type C } 
2015/01/23 02:30:18.881 收到 Head 資訊 {Count 2} {Type C } 
2015/01/23 02:30:18.883 收到 Head 資訊 {Count 2} {Type C } 
2015/01/23 02:30:18.884 收到 Head 資訊 {Count 2} {Type C } 
2015/01/23 02:30:18.886 收到 Head 資訊 {Count 2} {Type C } 
2015/01/23 02:30:18.888 收到 Head 資訊 {Count 2} {Type C } 
2015/01/23 02:30:18.889 收到 Head 資訊 {Count 2} {Type C } 
2015/01/23 02:30:18.891 收到 Head 資訊 {Count 2} {Type C } 
2015/01/23 02:30:18.892 收到 Head 資訊 {Count 2} {Type C } 
2015/01/23 02:30:18.894 收到 Head 資訊 {Count 2} {Type C } 
2015/01/23 02:30:18.896 收到 Head 資訊 {Count 2} {Type C } 
2015/01/23 02:30:18.897 收到 Head 資訊 {Count 2} {Type C } 
2015/01/23 02:30:18.899 收到 Head 資訊 {Count 2} {Type C } 
2015/01/23 02:30:18.901 收到 Head 資訊 {Count 2} {Type C } 
2015/01/23 02:30:18.903 收到 Head 資訊 {Count 2} {Type C } 
2015/01/23 02:30:18.905 收到 Head 資訊 {Count 2} {Type C } 
2015/01/23 02:30:18.906 收到 Head 資訊 {Count 2} {Type C } 
2015/01/23 02:30:18.908 收到 Head 資訊 {Count 2} {Type C } 
2015/01/23 02:30:18.910 收到 Head 資訊 {Count 2} {Type C } 
2015/01/23 02:30:18.912 收到 Head 資訊 {Count 2} {Type C } 
2015/01/23 02:30:18.913 收到 Head 資訊 {Count 2} {Type C } 
2015/01/23 02:30:18.915 收到 Head 資訊 {Count 2} {Type C } 
2015/01/23 02:30:18.917 收到 Head 資訊 {Count 2} {Type C } 
2015/01/23 02:30:18.918 收到 Head 資訊 {Count 2} {Type C } 
2015/01/23 02:30:18.920 收到 Head 資訊 {Count 2} {Type C } 
2015/01/23 02:30:18.922 收到 Head 資訊 {Count 2} {Type C } 
2015/01/23 02:30:18.923 收到 Head 資訊 {Count 2} {Type C } 
2015/01/23 02:30:18.925 收到 Head 資訊 {Count 2} {Type C } 
2015/01/23 02:30:18.927 收到 Head 資訊 {Count 2} {Type C } 
2015/01/23 02:30:18.928 收到 Head 資訊 {Count 2} {Type C } 
2015/01/23 02:30:18.930 收到 Head 資訊 {Count 2} {Type C } 
2015/01/23 02:30:18.932 收到 Head 資訊 {Count 2} {Type C } 
2015/01/23 02:30:18.934 收到 Head 資訊 {Count 2} {Type C } 
2015/01/23 02:30:18.936 收到 Head 資訊 {Count 2} {Type C } 
2015/01/23 02:30:18.937 收到 Head 資訊 {Count 2} {Type C } 
2015/01/23 02:30:18.939 收到 Head 資訊 {Count 2} {Type C } 
2015/01/23 02:30:18.941 收到 Head 資訊 {Count 2} {Type C } 
2015/01/23 02:30:18.943 收到 Head 資訊 {Count 2} {Type D } 
2015/01/23 02:30:18.944 收到 Head 資訊 {Count 2} {Type D } 
2015/01/23 02:30:18.946 收到 Head 資訊 {Count 2} {Type C } 
2015/01/23 02:30:18.948 收到 Head 資訊 {Count 2} {Type C } 
2015/01/23 02:30:18.949 收到 Head 資訊 {Count 2} {Type C } 
2015/01/23 02:30:18.951 收到 Head 資訊 {Count 2} {Type C } 
2015/01/23 02:30:18.953 收到 Head 資訊 {Count 2} {Type C } 
2015/01/23 02:30:18.955 收到 Head 資訊 {Count 2} {Type C } 
2015/01/23 02:30:18.956 收到 Head 資訊 {Count 2} {Type C } 
2015/01/23 02:30:18.958 收到 Head 資訊 {Count 2} {Type C } 
2015/01/23 02:30:18.960 收到 Head 資訊 {Count 2} {Type C } 
2015/01/23 02:30:18.962 收到 Head 資訊 {Count 2} {Type C } 
2015/01/23 02:30:18.963 收到 Head 資訊 {Count 2} {Type C } 
2015/01/23 02:30:18.965 收到 Head 資訊 {Count 2} {Type C } 
2015/01/23 02:30:18.967 收到 Head 資訊 {Count 2} {Type C } 
2015/01/23 02:30:18.968 收到 Head 資訊 {Count 2} {Type C } 
2015/01/23 02:30:18.970 收到 Head 資訊 {Count 2} {Type C } 
2015/01/23 02:30:18.972 收到 Head 資訊 {Count 2} {Type C } 
2015/01/23 02:30:18.974 收到 Head 資訊 {Count 2} {Type C } 
2015/01/23 02:30:18.975 收到 Head 資訊 {Count 2} {Type C } 
2015/01/23 02:30:18.977 收到 Head 資訊 {Count 2} {Type C } 
2015/01/23 02:30:18.979 收到 Head 資訊 {Count 2} {Type C } 
2015/01/23 02:30:18.981 收到 Head 資訊 {Count 2} {Type C } 
2015/01/23 02:30:18.983 收到 Head 資訊 {Count 2} {Type C } 
2015/01/23 02:30:18.984 收到 Head 資訊 {Count 2} {Type C } 
2015/01/23 02:30:18.986 收到 Head 資訊 {Count 2} {Type C } 
2015/01/23 02:30:18.988 收到 Head 資訊 {Count 2} {Type C } 
2015/01/23 02:30:18.990 收到 Head 資訊 {Count 2} {Type C } 
2015/01/23 02:30:18.992 收到 Head 資訊 {Count 2} {Type C } 
2015/01/23 02:30:18.993 收到 Head 資訊 {Count 2} {Type C } 
2015/01/23 02:30:18.995 收到 Head 資訊 {Count 2} {Type C } 
2015/01/23 02:30:18.997 收到 Head 資訊 {Count 2} {Type C } 
2015/01/23 02:30:18.999 收到 Head 資訊 {Count 2} {Type C } 
2015/01/23 02:30:19.000 收到 Head 資訊 {Count 2} {Type C } 
2015/01/23 02:30:19.002 收到 Head 資訊 {Count 2} {Type C } 
2015/01/23 02:30:19.004 收到 Head 資訊 {Count 2} {Type C } 
2015/01/23 02:30:19.006 收到 Head 資訊 {Count 2} {Type C } 
2015/01/23 02:30:19.007 收到 Head 資訊 {Count 2} {Type C } 
2015/01/23 02:30:19.009 收到 Head 資訊 {Count 2} {Type C } 
2015/01/23 02:30:19.011 收到 Head 資訊 {Count 2} {Type C } 
2015/01/23 02:30:19.013 收到 Head 資訊 {Count 2} {Type C } 
2015/01/23 02:30:19.015 收到 Head 資訊 {Count 2} {Type C } 
2015/01/23 02:30:19.016 收到 Head 資訊 {Count 2} {Type C } 
2015/01/23 02:30:19.018 收到 Head 資訊 {Count 2} {Type C } 
2015/01/23 02:30:19.020 收到 Head 資訊 {Count 2} {Type C } 
2015/01/23 02:30:19.022 收到 Head 資訊 {Count 2} {Type C } 
2015/01/23 02:30:19.024 收到 Head 資訊 {Count 2} {Type C } 
2015/01/23 02:30:19.025 收到 Head 資訊 {Count 2} {Type C } 
2015/01/23 02:30:19.027 收到 Head 資訊 {Count 2} {Type C } 
2015/01/23 02:30:19.029 收到 Head 資訊 {Count 2} {Type C } 
2015/01/23 02:30:19.031 收到 Head 資訊 {Count 2} {Type C } 
2015/01/23 02:30:19.032 收到 Head 資訊 {Count 2} {Type C } 
2015/01/23 02:30:19.034 收到 Head 資訊 {Count 2} {Type C } 
2015/01/23 02:30:19.036 收到 Head 資訊 {Count 2} {Type C } 
2015/01/23 02:30:19.038 收到 Head 資訊 {Count 2} {Type C } 
2015/01/23 02:30:19.039 收到 Head 資訊 {Count 2} {Type C } 
2015/01/23 02:30:19.041 收到 Head 資訊 {Count 2} {Type C } 
2015/01/23 02:30:19.043 收到 Head 資訊 {Count 2} {Type C } 
2015/01/23 02:30:19.045 收到 Head 資訊 {Count 2} {Type C } 
2015/01/23 02:30:19.047 收到 Head 資訊 {Count 2} {Type C } 
2015/01/23 02:30:19.048 收到 Head 資訊 {Count 2} {Type C } 
2015/01/23 02:30:19.050 收到 Head 資訊 {Count 2} {Type C } 
2015/01/23 02:30:19.052 收到 Head 資訊 {Count 2} {Type C } 
2015/01/23 02:30:19.054 收到 Head 資訊 {Count 2} {Type C } 
2015/01/23 02:30:19.055 收到 Head 資訊 {Count 2} {Type C } 
2015/01/23 02:30:19.057 收到 Head 資訊 {Count 2} {Type C } 
2015/01/23 02:30:19.059 收到 Head 資訊 {Count 2} {Type C } 
2015/01/23 02:30:19.060 收到 Head 資訊 {Count 2} {Type C } 
2015/01/23 02:30:19.062 收到 Head 資訊 {Count 2} {Type C } 
2015/01/23 02:30:19.063 收到 Head 資訊 {Count 2} {Type C } 
2015/01/23 02:30:19.065 收到 Head 資訊 {Count 2} {Type C } 
2015/01/23 02:30:19.066 收到 Head 資訊 {Count 2} {Type C } 
2015/01/23 02:30:19.068 收到 Head 資訊 {Count 2} {Type C } 
2015/01/23 02:30:19.070 收到 Head 資訊 {Count 2} {Type C } 
2015/01/23 02:30:19.071 收到 Head 資訊 {Count 2} {Type C } 
2015/01/23 02:30:19.073 收到 Head 資訊 {Count 2} {Type C } 
2015/01/23 02:30:19.074 收到 Head 資訊 {Count 2} {Type C } 
2015/01/23 02:30:19.076 收到 Head 資訊 {Count 2} {Type C } 
2015/01/23 02:30:19.078 收到 Head 資訊 {Count 2} {Type C } 
2015/01/23 02:30:19.079 收到 Head 資訊 {Count 2} {Type C } 
2015/01/23 02:30:19.081 收到 Head 資訊 {Count 2} {Type C } 
2015/01/23 02:30:19.083 收到 Head 資訊 {Count 2} {Type C } 
2015/01/23 02:30:19.085 收到 Head 資訊 {Count 2} {Type C } 
2015/01/23 02:30:19.086 收到 Head 資訊 {Count 2} {Type C } 
2015/01/23 02:30:19.088 收到 Head 資訊 {Count 2} {Type D } 
2015/01/23 02:30:19.090 收到 Head 資訊 {Count 2} {Type C } 
2015/01/23 02:30:19.092 收到 Head 資訊 {Count 2} {Type C } 
2015/01/23 02:30:19.093 收到 Head 資訊 {Count 2} {Type C } 
2015/01/23 02:30:19.095 收到 Head 資訊 {Count 2} {Type C } 
2015/01/23 02:30:19.097 收到 Head 資訊 {Count 2} {Type C } 
2015/01/23 02:30:19.098 收到 Head 資訊 {Count 2} {Type C } 
2015/01/23 02:30:19.100 收到 Head 資訊 {Count 2} {Type C } 
2015/01/23 02:30:19.102 收到 Head 資訊 {Count 2} {Type C } 
2015/01/23 02:30:19.103 收到 Head 資訊 {Count 2} {Type C } 
2015/01/23 02:30:19.105 收到 Head 資訊 {Count 2} {Type C } 
2015/01/23 02:30:19.106 收到 Head 資訊 {Count 2} {Type C } 
2015/01/23 02:30:19.108 收到 Head 資訊 {Count 2} {Type C } 
2015/01/23 02:30:19.109 收到 Head 資訊 {Count 2} {Type C } 
2015/01/23 02:30:19.111 收到 Head 資訊 {Count 2} {Type C } 
2015/01/23 02:30:19.113 收到 Head 資訊 {Count 2} {Type C } 
2015/01/23 02:30:19.114 收到 Head 資訊 {Count 2} {Type C } 
2015/01/23 02:30:19.116 收到 Head 資訊 {Count 2} {Type C } 
2015/01/23 02:30:19.117 收到 Head 資訊 {Count 2} {Type C } 
2015/01/23 02:30:19.119 收到 Head 資訊 {Count 2} {Type C } 
2015/01/23 02:30:19.121 收到 Head 資訊 {Count 2} {Type C } 
2015/01/23 02:30:19.122 收到 Head 資訊 {Count 2} {Type C } 
2015/01/23 02:30:19.124 收到 Head 資訊 {Count 2} {Type C } 
2015/01/23 02:30:19.126 收到 Head 資訊 {Count 2} {Type C } 
2015/01/23 02:30:19.128 收到 Head 資訊 {Count 2} {Type C } 
2015/01/23 02:30:19.130 收到 Head 資訊 {Count 2} {Type C } 
2015/01/23 02:30:19.132 收到 Head 資訊 {Count 2} {Type C } 
2015/01/23 02:30:19.133 收到 Head 資訊 {Count 2} {Type C } 
2015/01/23 02:30:19.135 收到 Head 資訊 {Count 2} {Type C } 
2015/01/23 02:30:19.137 收到 Head 資訊 {Count 2} {Type C } 
2015/01/23 02:30:19.139 收到 Head 資訊 {Count 2} {Type C } 
2015/01/23 02:30:19.140 收到 Head 資訊 {Count 2} {Type C } 
2015/01/23 02:30:19.142 收到 Head 資訊 {Count 2} {Type C } 
2015/01/23 02:30:19.144 收到 Head 資訊 {Count 2} {Type C } 
2015/01/23 02:30:19.146 收到 Head 資訊 {Count 2} {Type C } 
2015/01/23 02:30:19.148 收到 Head 資訊 {Count 2} {Type C } 
2015/01/23 02:30:19.149 收到 Head 資訊 {Count 2} {Type C } 
2015/01/23 02:30:19.151 收到 Head 資訊 {Count 2} {Type C } 
2015/01/23 02:30:19.153 收到 Head 資訊 {Count 2} {Type C } 
2015/01/23 02:30:19.154 收到 Head 資訊 {Count 2} {Type C } 
2015/01/23 02:30:19.156 收到 Head 資訊 {Count 2} {Type C } 
2015/01/23 02:30:19.157 收到 Head 資訊 {Count 2} {Type C } 
2015/01/23 02:30:19.159 收到 Head 資訊 {Count 2} {Type C } 
2015/01/23 02:30:19.161 收到 Head 資訊 {Count 2} {Type C } 
2015/01/23 02:30:19.162 收到 Head 資訊 {Count 2} {Type C } 
2015/01/23 02:30:19.164 收到 Head 資訊 {Count 2} {Type C } 
2015/01/23 02:30:19.166 收到 Head 資訊 {Count 2} {Type C } 
2015/01/23 02:30:19.168 收到 Head 資訊 {Count 2} {Type C } 
2015/01/23 02:30:19.170 收到 Head 資訊 {Count 2} {Type C } 
2015/01/23 02:30:19.171 收到 Head 資訊 {Count 2} {Type C } 
2015/01/23 02:30:19.173 收到 Head 資訊 {Count 2} {Type C } 
2015/01/23 02:30:19.175 收到 Head 資訊 {Count 2} {Type C } 
2015/01/23 02:30:19.177 收到 Head 資訊 {Count 2} {Type C } 
2015/01/23 02:30:19.178 收到 Head 資訊 {Count 2} {Type C } 
2015/01/23 02:30:19.180 收到 Head 資訊 {Count 2} {Type C } 
2015/01/23 02:30:19.182 收到 Head 資訊 {Count 2} {Type C } 
2015/01/23 02:30:19.184 收到 Head 資訊 {Count 2} {Type C } 
2015/01/23 02:30:19.186 收到 Head 資訊 {Count 2} {Type C } 
2015/01/23 02:30:19.187 收到 Head 資訊 {Count 2} {Type C } 
2015/01/23 02:30:19.189 收到 Head 資訊 {Count 2} {Type C } 
2015/01/23 02:30:19.191 收到 Head 資訊 {Count 2} {Type C } 
2015/01/23 02:30:19.193 收到 Head 資訊 {Count 2} {Type C } 
2015/01/23 02:30:19.195 收到 Head 資訊 {Count 2} {Type C } 
2015/01/23 02:30:19.196 收到 Head 資訊 {Count 2} {Type C } 
2015/01/23 02:30:19.198 收到 Head 資訊 {Count 2} {Type C } 
2015/01/23 02:30:19.200 收到 Head 資訊 {Count 2} {Type C } 
2015/01/23 02:30:19.202 收到 Head 資訊 {Count 2} {Type C } 
2015/01/23 02:30:19.203 收到 Head 資訊 {Count 2} {Type C } 
2015/01/23 02:30:19.205 收到 Head 資訊 {Count 2} {Type C } 
2015/01/23 02:30:19.207 收到 Head 資訊 {Count 2} {Type C } 
2015/01/23 02:30:19.208 收到 Head 資訊 {Count 2} {Type C } 
2015/01/23 02:30:19.210 收到 Head 資訊 {Count 2} {Type C } 
2015/01/23 02:30:19.211 收到 Head 資訊 {Count 2} {Type B } 
2015/01/23 07:40:12.816 -----------
2015/01/23 07:40:12.817 API InitInstance 
2015/01/23 07:40:17.071 E122828927 連線 Code：0
2015/01/23 07:40:18.072 收到 Head 資訊 {Count 2} {Type C } 
2015/01/23 07:40:18.074 收到 Head 資訊 {Count 2} {Type C } 
2015/01/23 07:40:18.076 收到 Head 資訊 {Count 2} {Type C } 
2015/01/23 07:40:18.077 收到 Head 資訊 {Count 2} {Type C } 
2015/01/23 07:40:18.079 收到 Head 資訊 {Count 2} {Type C } 
2015/01/23 07:40:18.081 收到 Head 資訊 {Count 2} {Type C } 
2015/01/23 07:40:18.083 收到 Head 資訊 {Count 2} {Type C } 
2015/01/23 07:40:18.085 收到 Head 資訊 {Count 2} {Type C } 
2015/01/23 07:40:18.087 收到 Head 資訊 {Count 2} {Type C } 
2015/01/23 07:40:18.088 收到 Head 資訊 {Count 2} {Type C } 
2015/01/23 07:40:18.090 收到 Head 資訊 {Count 2} {Type C } 
2015/01/23 07:40:18.092 收到 Head 資訊 {Count 2} {Type C } 
2015/01/23 07:40:18.093 收到 Head 資訊 {Count 2} {Type C } 
2015/01/23 07:40:18.095 收到 Head 資訊 {Count 2} {Type C } 
2015/01/23 07:40:18.097 收到 Head 資訊 {Count 2} {Type C } 
2015/01/23 07:40:18.099 收到 Head 資訊 {Count 2} {Type C } 
2015/01/23 07:40:18.101 收到 Head 資訊 {Count 2} {Type C } 
2015/01/23 07:40:18.102 收到 Head 資訊 {Count 2} {Type C } 
2015/01/23 07:40:18.104 收到 Head 資訊 {Count 2} {Type C } 
2015/01/23 07:40:18.106 收到 Head 資訊 {Count 2} {Type C } 
2015/01/23 07:40:18.108 收到 Head 資訊 {Count 2} {Type C } 
2015/01/23 07:40:18.110 收到 Head 資訊 {Count 2} {Type C } 
2015/01/23 07:40:18.111 收到 Head 資訊 {Count 2} {Type C } 
2015/01/23 07:40:18.113 收到 Head 資訊 {Count 2} {Type C } 
2015/01/23 07:40:18.115 收到 Head 資訊 {Count 2} {Type C } 
2015/01/23 07:40:18.116 收到 Head 資訊 {Count 2} {Type C } 
2015/01/23 07:40:18.118 收到 Head 資訊 {Count 2} {Type C } 
2015/01/23 07:40:18.119 收到 Head 資訊 {Count 2} {Type C } 
2015/01/23 07:40:18.121 收到 Head 資訊 {Count 2} {Type C } 
2015/01/23 07:40:18.123 收到 Head 資訊 {Count 2} {Type C } 
2015/01/23 07:40:18.124 收到 Head 資訊 {Count 2} {Type C } 
2015/01/23 07:40:18.126 收到 Head 資訊 {Count 2} {Type C } 
2015/01/23 07:40:18.127 收到 Head 資訊 {Count 2} {Type C } 
2015/01/23 07:40:18.129 收到 Head 資訊 {Count 2} {Type C } 
2015/01/23 07:40:18.130 收到 Head 資訊 {Count 2} {Type C } 
2015/01/23 07:40:18.132 收到 Head 資訊 {Count 2} {Type C } 
2015/01/23 07:40:18.134 收到 Head 資訊 {Count 2} {Type C } 
2015/01/23 07:40:18.135 收到 Head 資訊 {Count 2} {Type C } 
2015/01/23 07:40:18.137 收到 Head 資訊 {Count 2} {Type C } 
2015/01/23 07:40:18.139 收到 Head 資訊 {Count 2} {Type C } 
2015/01/23 07:40:18.140 收到 Head 資訊 {Count 2} {Type C } 
2015/01/23 07:40:18.142 收到 Head 資訊 {Count 2} {Type C } 
2015/01/23 07:40:18.144 收到 Head 資訊 {Count 2} {Type C } 
2015/01/23 07:40:18.146 收到 Head 資訊 {Count 2} {Type C } 
2015/01/23 07:40:18.148 收到 Head 資訊 {Count 2} {Type C } 
2015/01/23 07:40:18.149 收到 Head 資訊 {Count 2} {Type C } 
2015/01/23 07:40:18.151 收到 Head 資訊 {Count 2} {Type C } 
2015/01/23 07:40:18.153 收到 Head 資訊 {Count 2} {Type C } 
2015/01/23 07:40:18.155 收到 Head 資訊 {Count 2} {Type C } 
2015/01/23 07:40:18.157 收到 Head 資訊 {Count 2} {Type C } 
2015/01/23 07:40:18.159 收到 Head 資訊 {Count 2} {Type C } 
2015/01/23 07:40:18.160 收到 Head 資訊 {Count 2} {Type C } 
2015/01/23 07:40:18.162 收到 Head 資訊 {Count 2} {Type C } 
2015/01/23 07:40:18.164 收到 Head 資訊 {Count 2} {Type C } 
2015/01/23 07:40:18.166 收到 Head 資訊 {Count 2} {Type C } 
2015/01/23 07:40:18.167 收到 Head 資訊 {Count 2} {Type C } 
2015/01/23 07:40:18.169 收到 Head 資訊 {Count 2} {Type C } 
2015/01/23 07:40:18.171 收到 Head 資訊 {Count 2} {Type C } 
2015/01/23 07:40:18.172 收到 Head 資訊 {Count 2} {Type C } 
2015/01/23 07:40:18.174 收到 Head 資訊 {Count 2} {Type C } 
2015/01/23 07:40:18.175 收到 Head 資訊 {Count 2} {Type C } 
2015/01/23 07:40:18.177 收到 Head 資訊 {Count 2} {Type C } 
2015/01/23 07:40:18.179 收到 Head 資訊 {Count 2} {Type C } 
2015/01/23 07:40:18.180 收到 Head 資訊 {Count 2} {Type C } 
2015/01/23 07:40:18.182 收到 Head 資訊 {Count 2} {Type C } 
2015/01/23 07:40:18.184 收到 Head 資訊 {Count 2} {Type C } 
2015/01/23 07:40:18.185 收到 Head 資訊 {Count 2} {Type C } 
2015/01/23 07:40:18.187 收到 Head 資訊 {Count 2} {Type C } 
2015/01/23 07:40:18.188 收到 Head 資訊 {Count 2} {Type C } 
2015/01/23 07:40:18.190 收到 Head 資訊 {Count 2} {Type C } 
2015/01/23 07:40:18.192 收到 Head 資訊 {Count 2} {Type C } 
2015/01/23 07:40:18.193 收到 Head 資訊 {Count 2} {Type C } 
2015/01/23 07:40:18.195 收到 Head 資訊 {Count 2} {Type C } 
2015/01/23 07:40:18.196 收到 Head 資訊 {Count 2} {Type C } 
2015/01/23 07:40:18.198 收到 Head 資訊 {Count 2} {Type C } 
2015/01/23 07:40:18.199 收到 Head 資訊 {Count 2} {Type C } 
2015/01/23 07:40:18.201 收到 Head 資訊 {Count 2} {Type C } 
2015/01/23 07:40:18.203 收到 Head 資訊 {Count 2} {Type C } 
2015/01/23 07:40:18.205 收到 Head 資訊 {Count 2} {Type C } 
2015/01/23 07:40:18.206 收到 Head 資訊 {Count 2} {Type C } 
2015/01/23 07:40:18.208 收到 Head 資訊 {Count 2} {Type C } 
2015/01/23 07:40:18.210 收到 Head 資訊 {Count 2} {Type C } 
2015/01/23 07:40:18.212 收到 Head 資訊 {Count 2} {Type C } 
2015/01/23 07:40:18.214 收到 Head 資訊 {Count 2} {Type C } 
2015/01/23 07:40:18.215 收到 Head 資訊 {Count 2} {Type C } 
2015/01/23 07:40:18.217 收到 Head 資訊 {Count 2} {Type C } 
2015/01/23 07:40:18.219 收到 Head 資訊 {Count 2} {Type C } 
2015/01/23 07:40:18.221 收到 Head 資訊 {Count 2} {Type C } 
2015/01/23 07:40:18.223 收到 Head 資訊 {Count 2} {Type C } 
2015/01/23 07:40:18.224 收到 Head 資訊 {Count 2} {Type C } 
2015/01/23 07:40:18.226 收到 Head 資訊 {Count 2} {Type C } 
2015/01/23 07:40:18.227 收到 Head 資訊 {Count 2} {Type C } 
2015/01/23 07:40:18.229 收到 Head 資訊 {Count 2} {Type C } 
2015/01/23 07:40:18.231 收到 Head 資訊 {Count 2} {Type C } 
2015/01/23 07:40:18.232 收到 Head 資訊 {Count 2} {Type C } 
2015/01/23 07:40:18.234 收到 Head 資訊 {Count 2} {Type C } 
2015/01/23 07:40:18.235 收到 Head 資訊 {Count 2} {Type C } 
2015/01/23 07:40:18.237 收到 Head 資訊 {Count 2} {Type D } 
2015/01/23 07:40:18.238 收到 Head 資訊 {Count 2} {Type D } 
2015/01/23 07:40:18.240 收到 Head 資訊 {Count 2} {Type D } 
2015/01/23 07:40:18.242 收到 Head 資訊 {Count 2} {Type C } 
2015/01/23 07:40:18.243 收到 Head 資訊 {Count 2} {Type C } 
2015/01/23 07:40:18.245 收到 Head 資訊 {Count 2} {Type C } 
2015/01/23 07:40:18.246 收到 Head 資訊 {Count 2} {Type C } 
2015/01/23 07:40:18.248 收到 Head 資訊 {Count 2} {Type C } 
2015/01/23 07:40:18.250 收到 Head 資訊 {Count 2} {Type C } 
2015/01/23 07:40:18.252 收到 Head 資訊 {Count 2} {Type C } 
2015/01/23 07:40:18.253 收到 Head 資訊 {Count 2} {Type C } 
2015/01/23 07:40:18.255 收到 Head 資訊 {Count 2} {Type C } 
2015/01/23 07:40:18.256 收到 Head 資訊 {Count 2} {Type C } 
2015/01/23 07:40:18.258 收到 Head 資訊 {Count 2} {Type C } 
2015/01/23 07:40:18.259 收到 Head 資訊 {Count 2} {Type C } 
2015/01/23 07:40:18.261 收到 Head 資訊 {Count 2} {Type C } 
2015/01/23 07:40:18.263 收到 Head 資訊 {Count 2} {Type C } 
2015/01/23 07:40:18.265 收到 Head 資訊 {Count 2} {Type B } 
2015/01/23 14:30:12.819 -----------
2015/01/23 14:30:12.820 API InitInstance 
2015/01/23 14:30:20.549 E122828927 連線 Code：0
2015/01/23 14:30:21.552 收到 Head 資訊 {Count 2} {Type C } 
2015/01/23 14:30:21.554 收到 Head 資訊 {Count 2} {Type C } 
2015/01/23 14:30:21.555 收到 Head 資訊 {Count 2} {Type C } 
2015/01/23 14:30:21.557 收到 Head 資訊 {Count 2} {Type C } 
2015/01/23 14:30:21.559 收到 Head 資訊 {Count 2} {Type C } 
2015/01/23 14:30:21.561 收到 Head 資訊 {Count 2} {Type C } 
2015/01/23 14:30:21.563 收到 Head 資訊 {Count 2} {Type C } 
2015/01/23 14:30:21.564 收到 Head 資訊 {Count 2} {Type C } 
2015/01/23 14:30:21.566 收到 Head 資訊 {Count 2} {Type C } 
2015/01/23 14:30:21.568 收到 Head 資訊 {Count 2} {Type C } 
2015/01/23 14:30:21.569 收到 Head 資訊 {Count 2} {Type C } 
2015/01/23 14:30:21.571 收到 Head 資訊 {Count 2} {Type C } 
2015/01/23 14:30:21.573 收到 Head 資訊 {Count 2} {Type C } 
2015/01/23 14:30:21.574 收到 Head 資訊 {Count 2} {Type C } 
2015/01/23 14:30:21.576 收到 Head 資訊 {Count 2} {Type C } 
2015/01/23 14:30:21.578 收到 Head 資訊 {Count 2} {Type C } 
2015/01/23 14:30:21.579 收到 Head 資訊 {Count 2} {Type C } 
2015/01/23 14:30:21.581 收到 Head 資訊 {Count 2} {Type C } 
2015/01/23 14:30:21.583 收到 Head 資訊 {Count 2} {Type C } 
2015/01/23 14:30:21.584 收到 Head 資訊 {Count 2} {Type C } 
2015/01/23 14:30:21.586 收到 Head 資訊 {Count 2} {Type C } 
2015/01/23 14:30:21.588 收到 Head 資訊 {Count 2} {Type C } 
2015/01/23 14:30:21.589 收到 Head 資訊 {Count 2} {Type C } 
2015/01/23 14:30:21.591 收到 Head 資訊 {Count 2} {Type C } 
2015/01/23 14:30:21.593 收到 Head 資訊 {Count 2} {Type C } 
2015/01/23 14:30:21.594 收到 Head 資訊 {Count 2} {Type C } 
2015/01/23 14:30:21.596 收到 Head 資訊 {Count 2} {Type C } 
2015/01/23 14:30:21.598 收到 Head 資訊 {Count 2} {Type C } 
2015/01/23 14:30:21.599 收到 Head 資訊 {Count 2} {Type C } 
2015/01/23 14:30:21.601 收到 Head 資訊 {Count 2} {Type C } 
2015/01/23 14:30:21.603 收到 Head 資訊 {Count 2} {Type C } 
2015/01/23 14:30:21.604 收到 Head 資訊 {Count 2} {Type C } 
2015/01/23 14:30:21.606 收到 Head 資訊 {Count 2} {Type C } 
2015/01/23 14:30:21.608 收到 Head 資訊 {Count 2} {Type C } 
2015/01/23 14:30:21.610 收到 Head 資訊 {Count 2} {Type C } 
2015/01/23 14:30:21.612 收到 Head 資訊 {Count 2} {Type C } 
2015/01/23 14:30:21.613 收到 Head 資訊 {Count 2} {Type C } 
2015/01/23 14:30:21.615 收到 Head 資訊 {Count 2} {Type C } 
2015/01/23 14:30:21.616 收到 Head 資訊 {Count 2} {Type C } 
2015/01/23 14:30:21.618 收到 Head 資訊 {Count 2} {Type C } 
2015/01/23 14:30:21.620 收到 Head 資訊 {Count 2} {Type C } 
2015/01/23 14:30:21.622 收到 Head 資訊 {Count 2} {Type C } 
2015/01/23 14:30:21.623 收到 Head 資訊 {Count 2} {Type C } 
2015/01/23 14:30:21.625 收到 Head 資訊 {Count 2} {Type C } 
2015/01/23 14:30:21.627 收到 Head 資訊 {Count 2} {Type C } 
2015/01/23 14:30:21.629 收到 Head 資訊 {Count 2} {Type C } 
2015/01/23 14:30:21.630 收到 Head 資訊 {Count 2} {Type C } 
2015/01/23 14:30:21.632 收到 Head 資訊 {Count 2} {Type C } 
2015/01/23 14:30:21.633 收到 Head 資訊 {Count 2} {Type C } 
2015/01/23 14:30:21.635 收到 Head 資訊 {Count 2} {Type C } 
2015/01/23 14:30:21.637 收到 Head 資訊 {Count 2} {Type C } 
2015/01/23 14:30:21.638 收到 Head 資訊 {Count 2} {Type C } 
2015/01/23 14:30:21.640 收到 Head 資訊 {Count 2} {Type C } 
2015/01/23 14:30:21.641 收到 Head 資訊 {Count 2} {Type C } 
2015/01/23 14:30:21.643 收到 Head 資訊 {Count 2} {Type C } 
2015/01/23 14:30:21.645 收到 Head 資訊 {Count 2} {Type C } 
2015/01/23 14:30:21.646 收到 Head 資訊 {Count 2} {Type C } 
2015/01/23 14:30:21.648 收到 Head 資訊 {Count 2} {Type C } 
2015/01/23 14:30:21.649 收到 Head 資訊 {Count 2} {Type C } 
2015/01/23 14:30:21.651 收到 Head 資訊 {Count 2} {Type C } 
2015/01/23 14:30:21.653 收到 Head 資訊 {Count 2} {Type C } 
2015/01/23 14:30:21.654 收到 Head 資訊 {Count 2} {Type C } 
2015/01/23 14:30:21.656 收到 Head 資訊 {Count 2} {Type C } 
2015/01/23 14:30:21.657 收到 Head 資訊 {Count 2} {Type C } 
2015/01/23 14:30:21.659 收到 Head 資訊 {Count 2} {Type C } 
2015/01/23 14:30:21.661 收到 Head 資訊 {Count 2} {Type C } 
2015/01/23 14:30:21.662 收到 Head 資訊 {Count 2} {Type C } 
2015/01/23 14:30:21.664 收到 Head 資訊 {Count 2} {Type C } 
2015/01/23 14:30:21.666 收到 Head 資訊 {Count 2} {Type C } 
2015/01/23 14:30:21.667 收到 Head 資訊 {Count 2} {Type C } 
2015/01/23 14:30:21.669 收到 Head 資訊 {Count 2} {Type C } 
2015/01/23 14:30:21.671 收到 Head 資訊 {Count 2} {Type C } 
2015/01/23 14:30:21.672 收到 Head 資訊 {Count 2} {Type C } 
2015/01/23 14:30:21.674 收到 Head 資訊 {Count 2} {Type C } 
2015/01/23 14:30:21.676 收到 Head 資訊 {Count 2} {Type C } 
2015/01/23 14:30:21.677 收到 Head 資訊 {Count 2} {Type C } 
2015/01/23 14:30:21.679 收到 Head 資訊 {Count 2} {Type C } 
2015/01/23 14:30:21.681 收到 Head 資訊 {Count 2} {Type C } 
2015/01/23 14:30:21.682 收到 Head 資訊 {Count 2} {Type C } 
2015/01/23 14:30:21.684 收到 Head 資訊 {Count 2} {Type C } 
2015/01/23 14:30:21.686 收到 Head 資訊 {Count 2} {Type C } 
2015/01/23 14:30:21.687 收到 Head 資訊 {Count 2} {Type C } 
2015/01/23 14:30:21.689 收到 Head 資訊 {Count 2} {Type C } 
2015/01/23 14:30:21.691 收到 Head 資訊 {Count 2} {Type C } 
2015/01/23 14:30:21.692 收到 Head 資訊 {Count 2} {Type C } 
2015/01/23 14:30:21.694 收到 Head 資訊 {Count 2} {Type C } 
2015/01/23 14:30:21.695 收到 Head 資訊 {Count 2} {Type C } 
2015/01/23 14:30:21.697 收到 Head 資訊 {Count 2} {Type C } 
2015/01/23 14:30:21.699 收到 Head 資訊 {Count 2} {Type C } 
2015/01/23 14:30:21.700 收到 Head 資訊 {Count 2} {Type C } 
2015/01/23 14:30:21.702 收到 Head 資訊 {Count 2} {Type C } 
2015/01/23 14:30:21.703 收到 Head 資訊 {Count 2} {Type C } 
2015/01/23 14:30:21.705 收到 Head 資訊 {Count 2} {Type C } 
2015/01/23 14:30:21.706 收到 Head 資訊 {Count 2} {Type C } 
2015/01/23 14:30:21.708 收到 Head 資訊 {Count 2} {Type C } 
2015/01/23 14:30:21.710 收到 Head 資訊 {Count 2} {Type C } 
2015/01/23 14:30:21.711 收到 Head 資訊 {Count 2} {Type C } 
2015/01/23 14:30:21.713 收到 Head 資訊 {Count 2} {Type D } 
2015/01/23 14:30:21.714 收到 Head 資訊 {Count 2} {Type D } 
2015/01/23 14:30:21.716 收到 Head 資訊 {Count 2} {Type D } 
2015/01/23 14:30:21.718 收到 Head 資訊 {Count 2} {Type C } 
2015/01/23 14:30:21.719 收到 Head 資訊 {Count 2} {Type C } 
2015/01/23 14:30:21.721 收到 Head 資訊 {Count 2} {Type C } 
2015/01/23 14:30:21.723 收到 Head 資訊 {Count 2} {Type C } 
2015/01/23 14:30:21.724 收到 Head 資訊 {Count 2} {Type C } 
2015/01/23 14:30:21.726 收到 Head 資訊 {Count 2} {Type C } 
2015/01/23 14:30:21.727 收到 Head 資訊 {Count 2} {Type C } 
2015/01/23 14:30:21.729 收到 Head 資訊 {Count 2} {Type C } 
2015/01/23 14:30:21.731 收到 Head 資訊 {Count 2} {Type C } 
2015/01/23 14:30:21.732 收到 Head 資訊 {Count 2} {Type C } 
2015/01/23 14:30:21.734 收到 Head 資訊 {Count 2} {Type C } 
2015/01/23 14:30:21.736 收到 Head 資訊 {Count 2} {Type C } 
2015/01/23 14:30:21.737 收到 Head 資訊 {Count 2} {Type C } 
2015/01/23 14:30:21.739 收到 Head 資訊 {Count 2} {Type C } 
2015/01/23 14:30:21.740 收到 Head 資訊 {Count 2} {Type C } 
2015/01/23 14:30:21.742 收到 Head 資訊 {Count 2} {Type C } 
2015/01/23 14:30:21.744 收到 Head 資訊 {Count 2} {Type C } 
2015/01/23 14:30:21.745 收到 Head 資訊 {Count 2} {Type C } 
2015/01/23 14:30:21.747 收到 Head 資訊 {Count 2} {Type C } 
2015/01/23 14:30:21.749 收到 Head 資訊 {Count 2} {Type C } 
2015/01/23 14:30:21.750 收到 Head 資訊 {Count 2} {Type C } 
2015/01/23 14:30:21.752 收到 Head 資訊 {Count 2} {Type C } 
2015/01/23 14:30:21.753 收到 Head 資訊 {Count 2} {Type C } 
2015/01/23 14:30:21.755 收到 Head 資訊 {Count 2} {Type C } 
2015/01/23 14:30:21.757 收到 Head 資訊 {Count 2} {Type C } 
2015/01/23 14:30:21.758 收到 Head 資訊 {Count 2} {Type C } 
2015/01/23 14:30:21.760 收到 Head 資訊 {Count 2} {Type C } 
2015/01/23 14:30:21.762 收到 Head 資訊 {Count 2} {Type C } 
2015/01/23 14:30:21.763 收到 Head 資訊 {Count 2} {Type C } 
2015/01/23 14:30:21.765 收到 Head 資訊 {Count 2} {Type C } 
2015/01/23 14:30:21.767 收到 Head 資訊 {Count 2} {Type C } 
2015/01/23 14:30:21.769 收到 Head 資訊 {Count 2} {Type C } 
2015/01/23 14:30:21.771 收到 Head 資訊 {Count 2} {Type C } 
2015/01/23 14:30:21.773 收到 Head 資訊 {Count 2} {Type C } 
2015/01/23 14:30:21.775 收到 Head 資訊 {Count 2} {Type C } 
2015/01/23 14:30:21.777 收到 Head 資訊 {Count 2} {Type C } 
2015/01/23 14:30:21.778 收到 Head 資訊 {Count 2} {Type C } 
2015/01/23 14:30:21.780 收到 Head 資訊 {Count 2} {Type C } 
2015/01/23 14:30:21.782 收到 Head 資訊 {Count 2} {Type C } 
2015/01/23 14:30:21.784 收到 Head 資訊 {Count 2} {Type C } 
2015/01/23 14:30:21.786 收到 Head 資訊 {Count 2} {Type C } 
2015/01/23 14:30:21.788 收到 Head 資訊 {Count 2} {Type C } 
2015/01/23 14:30:21.790 收到 Head 資訊 {Count 2} {Type C } 
2015/01/23 14:30:21.792 收到 Head 資訊 {Count 2} {Type C } 
2015/01/23 14:30:21.793 收到 Head 資訊 {Count 2} {Type C } 
2015/01/23 14:30:21.795 收到 Head 資訊 {Count 2} {Type C } 
2015/01/23 14:30:21.797 收到 Head 資訊 {Count 2} {Type C } 
2015/01/23 14:30:21.799 收到 Head 資訊 {Count 2} {Type C } 
2015/01/23 14:30:21.801 收到 Head 資訊 {Count 2} {Type C } 
2015/01/23 14:30:21.802 收到 Head 資訊 {Count 2} {Type C } 
2015/01/23 14:30:21.804 收到 Head 資訊 {Count 2} {Type C } 
2015/01/23 14:30:21.805 收到 Head 資訊 {Count 2} {Type C } 
2015/01/23 14:30:21.807 收到 Head 資訊 {Count 2} {Type C } 
2015/01/23 14:30:21.809 收到 Head 資訊 {Count 2} {Type C } 
2015/01/23 14:30:21.811 收到 Head 資訊 {Count 2} {Type C } 
2015/01/23 14:30:21.812 收到 Head 資訊 {Count 2} {Type C } 
2015/01/23 14:30:21.814 收到 Head 資訊 {Count 2} {Type C } 
2015/01/23 14:30:21.816 收到 Head 資訊 {Count 2} {Type C } 
2015/01/23 14:30:21.818 收到 Head 資訊 {Count 2} {Type C } 
2015/01/23 14:30:21.820 收到 Head 資訊 {Count 2} {Type C } 
2015/01/23 14:30:21.822 收到 Head 資訊 {Count 2} {Type C } 
2015/01/23 14:30:21.823 收到 Head 資訊 {Count 2} {Type C } 
2015/01/23 14:30:21.825 收到 Head 資訊 {Count 2} {Type C } 
2015/01/23 14:30:21.827 收到 Head 資訊 {Count 2} {Type C } 
2015/01/23 14:30:21.829 收到 Head 資訊 {Count 2} {Type C } 
2015/01/23 14:30:21.831 收到 Head 資訊 {Count 2} {Type C } 
2015/01/23 14:30:21.833 收到 Head 資訊 {Count 2} {Type C } 
2015/01/23 14:30:21.835 收到 Head 資訊 {Count 2} {Type C } 
2015/01/23 14:30:21.836 收到 Head 資訊 {Count 2} {Type C } 
2015/01/23 14:30:21.838 收到 Head 資訊 {Count 2} {Type C } 
2015/01/23 14:30:21.840 收到 Head 資訊 {Count 2} {Type C } 
2015/01/23 14:30:21.842 收到 Head 資訊 {Count 2} {Type C } 
2015/01/23 14:30:21.843 收到 Head 資訊 {Count 2} {Type C } 
2015/01/23 14:30:21.845 收到 Head 資訊 {Count 2} {Type C } 
2015/01/23 14:30:21.846 收到 Head 資訊 {Count 2} {Type C } 
2015/01/23 14:30:21.848 收到 Head 資訊 {Count 2} {Type C } 
2015/01/23 14:30:21.850 收到 Head 資訊 {Count 2} {Type C } 
2015/01/23 14:30:21.851 收到 Head 資訊 {Count 2} {Type C } 
2015/01/23 14:30:21.853 收到 Head 資訊 {Count 2} {Type C } 
2015/01/23 14:30:21.855 收到 Head 資訊 {Count 2} {Type C } 
2015/01/23 14:30:21.856 收到 Head 資訊 {Count 2} {Type C } 
2015/01/23 14:30:21.858 收到 Head 資訊 {Count 2} {Type C } 
2015/01/23 14:30:21.859 收到 Head 資訊 {Count 2} {Type C } 
2015/01/23 14:30:21.861 收到 Head 資訊 {Count 2} {Type C } 
2015/01/23 14:30:21.863 收到 Head 資訊 {Count 2} {Type C } 
2015/01/23 14:30:21.864 收到 Head 資訊 {Count 2} {Type C } 
2015/01/23 14:30:21.866 收到 Head 資訊 {Count 2} {Type C } 
2015/01/23 14:30:21.868 收到 Head 資訊 {Count 2} {Type C } 
2015/01/23 14:30:21.869 收到 Head 資訊 {Count 2} {Type C } 
2015/01/23 14:30:21.871 收到 Head 資訊 {Count 2} {Type C } 
2015/01/23 14:30:21.873 收到 Head 資訊 {Count 2} {Type C } 
2015/01/23 14:30:21.874 收到 Head 資訊 {Count 2} {Type C } 
2015/01/23 14:30:21.876 收到 Head 資訊 {Count 2} {Type C } 
2015/01/23 14:30:21.878 收到 Head 資訊 {Count 2} {Type C } 
2015/01/23 14:30:21.879 收到 Head 資訊 {Count 2} {Type C } 
2015/01/23 14:30:21.881 收到 Head 資訊 {Count 2} {Type C } 
2015/01/23 14:30:21.882 收到 Head 資訊 {Count 2} {Type C } 
2015/01/23 14:30:21.884 收到 Head 資訊 {Count 2} {Type C } 
2015/01/23 14:30:21.886 收到 Head 資訊 {Count 2} {Type C } 
2015/01/23 14:30:21.888 收到 Head 資訊 {Count 2} {Type C } 
2015/01/23 14:30:21.890 收到 Head 資訊 {Count 2} {Type C } 
2015/01/23 14:30:21.892 收到 Head 資訊 {Count 2} {Type C } 
2015/01/23 14:30:21.894 收到 Head 資訊 {Count 2} {Type C } 
2015/01/23 14:30:21.895 收到 Head 資訊 {Count 2} {Type C } 
2015/01/23 14:30:21.897 收到 Head 資訊 {Count 2} {Type C } 
2015/01/23 14:30:21.899 收到 Head 資訊 {Count 2} {Type C } 
2015/01/23 14:30:21.901 收到 Head 資訊 {Count 2} {Type C } 
2015/01/23 14:30:21.902 收到 Head 資訊 {Count 2} {Type C } 
2015/01/23 14:30:21.904 收到 Head 資訊 {Count 2} {Type C } 
2015/01/23 14:30:21.905 收到 Head 資訊 {Count 2} {Type C } 
2015/01/23 14:30:21.907 收到 Head 資訊 {Count 2} {Type C } 
2015/01/23 14:30:21.909 收到 Head 資訊 {Count 2} {Type C } 
2015/01/23 14:30:21.910 收到 Head 資訊 {Count 2} {Type C } 
2015/01/23 14:30:21.912 收到 Head 資訊 {Count 2} {Type C } 
2015/01/23 14:30:21.914 收到 Head 資訊 {Count 2} {Type C } 
2015/01/23 14:30:21.916 收到 Head 資訊 {Count 2} {Type C } 
2015/01/23 14:30:21.917 收到 Head 資訊 {Count 2} {Type C } 
2015/01/23 14:30:21.919 收到 Head 資訊 {Count 2} {Type C } 
2015/01/23 14:30:21.921 收到 Head 資訊 {Count 2} {Type C } 
2015/01/23 14:30:21.923 收到 Head 資訊 {Count 2} {Type C } 
2015/01/23 14:30:21.925 收到 Head 資訊 {Count 2} {Type C } 
2015/01/23 14:30:21.927 收到 Head 資訊 {Count 2} {Type C } 
2015/01/23 14:30:21.929 收到 Head 資訊 {Count 2} {Type C } 
2015/01/23 14:30:21.930 收到 Head 資訊 {Count 2} {Type C } 
2015/01/23 14:30:21.932 收到 Head 資訊 {Count 2} {Type C } 
2015/01/23 14:30:21.934 收到 Head 資訊 {Count 2} {Type C } 
2015/01/23 14:30:21.936 收到 Head 資訊 {Count 2} {Type C } 
2015/01/23 14:30:21.938 收到 Head 資訊 {Count 2} {Type C } 
2015/01/23 14:30:21.940 收到 Head 資訊 {Count 2} {Type C } 
2015/01/23 14:30:21.941 收到 Head 資訊 {Count 2} {Type C } 
2015/01/23 14:30:21.943 收到 Head 資訊 {Count 2} {Type C } 
2015/01/23 14:30:21.944 收到 Head 資訊 {Count 2} {Type C } 
2015/01/23 14:30:21.946 收到 Head 資訊 {Count 2} {Type C } 
2015/01/23 14:30:21.948 收到 Head 資訊 {Count 2} {Type C } 
2015/01/23 14:30:21.949 收到 Head 資訊 {Count 2} {Type C } 
2015/01/23 14:30:21.951 收到 Head 資訊 {Count 2} {Type C } 
2015/01/23 14:30:21.952 收到 Head 資訊 {Count 2} {Type C } 
2015/01/23 14:30:21.954 收到 Head 資訊 {Count 2} {Type C } 
2015/01/23 14:30:21.956 收到 Head 資訊 {Count 2} {Type C } 
2015/01/23 14:30:21.958 收到 Head 資訊 {Count 2} {Type C } 
2015/01/23 14:30:21.959 收到 Head 資訊 {Count 2} {Type C } 
2015/01/23 14:30:21.961 收到 Head 資訊 {Count 2} {Type C } 
2015/01/23 14:30:21.963 收到 Head 資訊 {Count 2} {Type C } 
2015/01/23 14:30:21.964 收到 Head 資訊 {Count 2} {Type C } 
2015/01/23 14:30:21.966 收到 Head 資訊 {Count 2} {Type B } 
