[3272] 2015/02/27 07:50:11.780 API InitInstance 
[3272] 2015/02/27 07:50:12.074 E122828927 連線 Code：0
[3272] 2015/02/27 07:50:13.080 收到 Head 資訊 {Count 2} {Type A } 
[3272] 2015/02/27 07:50:13.081              OFDNF0200001709003B20OSE    JNM   201503                     x54280001881500000000000000000000000000000000000000000000000000000000000000000100010000201502260630540000006600000008706 
[3272] 2015/02/27 07:50:13.087 收到 Head 資訊 {Count 2} {Type A } 
[3272] 2015/02/27 07:50:13.088              OFDNF0200001709003S10OSE    JNM   201503                     x65490001884500000000000000000000000000000000000000000000000000000000000000000100010000201502260630540000006700000008706 
[3272] 2015/02/27 07:50:13.090 收到 Head 資訊 {Count 2} {Type A } 
[3272] 2015/02/27 07:50:13.091              OFDNF0200001709003S20OSE    JNM   201503                     x65510001884500000000000000000000000000000000000000000000000000000000000000000100010000201502260630540000006800000008706 
[3272] 2015/02/27 07:50:13.094 收到 Head 資訊 {Count 2} {Type A } 
[3272] 2015/02/27 07:50:13.095              OFDNF0200001709003B20OSE    JNM   201503                     x65560001885000000000000000000000000000000000000000000000000000000000000000000200020000201502260630540000006900000008706 
[3272] 2015/02/27 07:50:13.097 收到 Head 資訊 {Count 2} {Type A } 
[3272] 2015/02/27 07:50:13.098              OFDNF0200001709003S20OSE    JNM   201503                     x65460001885000000000000000000000000000000000000000000000000000000000000000000100010000201502260630540000007000000008706 
[3272] 2015/02/27 07:50:13.101 收到 Head 資訊 {Count 2} {Type A } 
[3272] 2015/02/27 07:50:13.101              OFDNF0200001709003B20OSE    JNM   201503                     x65630001885500000000000000000000000000000000000000000000000000000000000000000100010000201502260630540000007100000008706 
[3272] 2015/02/27 07:50:13.106 收到 Head 資訊 {Count 2} {Type A } 
[3272] 2015/02/27 07:50:13.107              OFDNF0200001709003S20OSE    JNM   201503                     x66980001884500000000000000000000000000000000000000000000000000000000000000000100010000201502260630540000007200000008706 
[3272] 2015/02/27 07:50:13.110 收到 Head 資訊 {Count 2} {Type A } 
[3272] 2015/02/27 07:50:13.110              OFDNF0200001709003S20OSE    JNM   201503                     x65600001885500000000000000000000000000000000000000000000000000000000000000000100010000201502260630540000007300000008706 
[3272] 2015/02/27 07:50:13.113 收到 Head 資訊 {Count 2} {Type C } 
[3272] 2015/02/27 07:50:13.114 收到 Head 資訊 {Count 2} {Type C } 
[3272] 2015/02/27 07:50:13.115 收到 Head 資訊 {Count 2} {Type C } 
[3272] 2015/02/27 07:50:13.115 收到 Head 資訊 {Count 2} {Type C } 
[3272] 2015/02/27 07:50:13.116 收到 Head 資訊 {Count 2} {Type C } 
[3272] 2015/02/27 07:50:13.117 收到 Head 資訊 {Count 2} {Type C } 
[3272] 2015/02/27 07:50:13.118 收到 Head 資訊 {Count 2} {Type C } 
[3272] 2015/02/27 07:50:13.119 收到 Head 資訊 {Count 2} {Type C } 
[3272] 2015/02/27 07:50:13.119 收到 Head 資訊 {Count 2} {Type C } 
[3272] 2015/02/27 07:50:13.120 收到 Head 資訊 {Count 2} {Type C } 
[3272] 2015/02/27 07:50:13.121 收到 Head 資訊 {Count 2} {Type C } 
[3272] 2015/02/27 07:50:13.122 收到 Head 資訊 {Count 2} {Type C } 
[3272] 2015/02/27 07:50:13.123 收到 Head 資訊 {Count 2} {Type C } 
[3272] 2015/02/27 07:50:13.123 收到 Head 資訊 {Count 2} {Type C } 
[3272] 2015/02/27 07:50:13.124 收到 Head 資訊 {Count 2} {Type C } 
[3272] 2015/02/27 07:50:13.125 收到 Head 資訊 {Count 2} {Type C } 
[3272] 2015/02/27 07:50:13.126 收到 Head 資訊 {Count 2} {Type C } 
[3272] 2015/02/27 07:50:13.127 收到 Head 資訊 {Count 2} {Type C } 
[3272] 2015/02/27 07:50:13.128 收到 Head 資訊 {Count 2} {Type C } 
[3272] 2015/02/27 07:50:13.128 收到 Head 資訊 {Count 2} {Type C } 
[3272] 2015/02/27 07:50:13.129 收到 Head 資訊 {Count 2} {Type C } 
[3272] 2015/02/27 07:50:13.130 收到 Head 資訊 {Count 2} {Type C } 
[3272] 2015/02/27 07:50:13.131 收到 Head 資訊 {Count 2} {Type C } 
[3272] 2015/02/27 07:50:13.132 收到 Head 資訊 {Count 2} {Type C } 
[3272] 2015/02/27 07:50:13.133 收到 Head 資訊 {Count 2} {Type C } 
[3272] 2015/02/27 07:50:13.134 收到 Head 資訊 {Count 2} {Type C } 
[3272] 2015/02/27 07:50:13.135 收到 Head 資訊 {Count 2} {Type C } 
[3272] 2015/02/27 07:50:13.136 收到 Head 資訊 {Count 2} {Type C } 
[3272] 2015/02/27 07:50:13.137 收到 Head 資訊 {Count 2} {Type C } 
[3272] 2015/02/27 07:50:13.137 收到 Head 資訊 {Count 2} {Type C } 
[3272] 2015/02/27 07:50:13.138 收到 Head 資訊 {Count 2} {Type C } 
[3272] 2015/02/27 07:50:13.139 收到 Head 資訊 {Count 2} {Type C } 
[3272] 2015/02/27 07:50:13.140 收到 Head 資訊 {Count 2} {Type C } 
[3272] 2015/02/27 07:50:13.141 收到 Head 資訊 {Count 2} {Type C } 
[3272] 2015/02/27 07:50:13.141 收到 Head 資訊 {Count 2} {Type C } 
[3272] 2015/02/27 07:50:13.142 收到 Head 資訊 {Count 2} {Type C } 
[3272] 2015/02/27 07:50:13.143 收到 Head 資訊 {Count 2} {Type C } 
[3272] 2015/02/27 07:50:13.144 收到 Head 資訊 {Count 2} {Type C } 
[3272] 2015/02/27 07:50:13.145 收到 Head 資訊 {Count 2} {Type C } 
[3272] 2015/02/27 07:50:13.145 收到 Head 資訊 {Count 2} {Type C } 
[3272] 2015/02/27 07:50:13.146 收到 Head 資訊 {Count 2} {Type C } 
[3272] 2015/02/27 07:50:13.147 收到 Head 資訊 {Count 2} {Type C } 
[3272] 2015/02/27 07:50:13.148 收到 Head 資訊 {Count 2} {Type C } 
[3272] 2015/02/27 07:50:13.148 收到 Head 資訊 {Count 2} {Type C } 
[3272] 2015/02/27 07:50:13.149 收到 Head 資訊 {Count 2} {Type C } 
[3272] 2015/02/27 07:50:13.150 收到 Head 資訊 {Count 2} {Type C } 
[3272] 2015/02/27 07:50:13.151 收到 Head 資訊 {Count 2} {Type C } 
[3272] 2015/02/27 07:50:13.152 收到 Head 資訊 {Count 2} {Type C } 
[3272] 2015/02/27 07:50:13.152 收到 Head 資訊 {Count 2} {Type C } 
[3272] 2015/02/27 07:50:13.153 收到 Head 資訊 {Count 2} {Type C } 
[3272] 2015/02/27 07:50:13.154 收到 Head 資訊 {Count 2} {Type C } 
[3272] 2015/02/27 07:50:13.155 收到 Head 資訊 {Count 2} {Type C } 
[3272] 2015/02/27 07:50:13.156 收到 Head 資訊 {Count 2} {Type C } 
[3272] 2015/02/27 07:50:13.156 收到 Head 資訊 {Count 2} {Type C } 
[3272] 2015/02/27 07:50:13.157 收到 Head 資訊 {Count 2} {Type C } 
[3272] 2015/02/27 07:50:13.158 收到 Head 資訊 {Count 2} {Type C } 
[3272] 2015/02/27 07:50:13.159 收到 Head 資訊 {Count 2} {Type C } 
[3272] 2015/02/27 07:50:13.160 收到 Head 資訊 {Count 2} {Type C } 
[3272] 2015/02/27 07:50:13.161 收到 Head 資訊 {Count 2} {Type C } 
[3272] 2015/02/27 07:50:13.161 收到 Head 資訊 {Count 2} {Type C } 
[3272] 2015/02/27 07:50:13.162 收到 Head 資訊 {Count 2} {Type C } 
[3272] 2015/02/27 07:50:13.163 收到 Head 資訊 {Count 2} {Type C } 
[3272] 2015/02/27 07:50:13.164 收到 Head 資訊 {Count 2} {Type C } 
[3272] 2015/02/27 07:50:13.164 收到 Head 資訊 {Count 2} {Type C } 
[3272] 2015/02/27 07:50:13.165 收到 Head 資訊 {Count 2} {Type C } 
[3272] 2015/02/27 07:50:13.166 收到 Head 資訊 {Count 2} {Type C } 
[3272] 2015/02/27 07:50:13.167 收到 Head 資訊 {Count 2} {Type C } 
[3272] 2015/02/27 07:50:13.168 收到 Head 資訊 {Count 2} {Type C } 
[3272] 2015/02/27 07:50:13.168 收到 Head 資訊 {Count 2} {Type C } 
[3272] 2015/02/27 07:50:13.169 收到 Head 資訊 {Count 2} {Type C } 
[3272] 2015/02/27 07:50:13.170 收到 Head 資訊 {Count 2} {Type C } 
[3272] 2015/02/27 07:50:13.171 收到 Head 資訊 {Count 2} {Type C } 
[3272] 2015/02/27 07:50:13.172 收到 Head 資訊 {Count 2} {Type C } 
[3272] 2015/02/27 07:50:13.172 收到 Head 資訊 {Count 2} {Type C } 
[3272] 2015/02/27 07:50:13.173 收到 Head 資訊 {Count 2} {Type C } 
[3272] 2015/02/27 07:50:13.174 收到 Head 資訊 {Count 2} {Type C } 
[3272] 2015/02/27 07:50:13.175 收到 Head 資訊 {Count 2} {Type C } 
[3272] 2015/02/27 07:50:13.176 收到 Head 資訊 {Count 2} {Type C } 
[3272] 2015/02/27 07:50:13.176 收到 Head 資訊 {Count 2} {Type C } 
[3272] 2015/02/27 07:50:13.177 收到 Head 資訊 {Count 2} {Type C } 
[3272] 2015/02/27 07:50:13.178 收到 Head 資訊 {Count 2} {Type C } 
[3272] 2015/02/27 07:50:13.179 收到 Head 資訊 {Count 2} {Type C } 
[3272] 2015/02/27 07:50:13.180 收到 Head 資訊 {Count 2} {Type C } 
[3272] 2015/02/27 07:50:13.180 收到 Head 資訊 {Count 2} {Type C } 
[3272] 2015/02/27 07:50:13.181 收到 Head 資訊 {Count 2} {Type C } 
[3272] 2015/02/27 07:50:13.182 收到 Head 資訊 {Count 2} {Type C } 
[3272] 2015/02/27 07:50:13.183 收到 Head 資訊 {Count 2} {Type C } 
[3272] 2015/02/27 07:50:13.184 收到 Head 資訊 {Count 2} {Type C } 
[3272] 2015/02/27 07:50:13.184 收到 Head 資訊 {Count 2} {Type C } 
[3272] 2015/02/27 07:50:13.185 收到 Head 資訊 {Count 2} {Type C } 
[3272] 2015/02/27 07:50:13.186 收到 Head 資訊 {Count 2} {Type C } 
[3272] 2015/02/27 07:50:13.187 收到 Head 資訊 {Count 2} {Type C } 
[3272] 2015/02/27 07:50:13.188 收到 Head 資訊 {Count 2} {Type C } 
[3272] 2015/02/27 07:50:13.189 收到 Head 資訊 {Count 2} {Type C } 
[3272] 2015/02/27 07:50:13.189 收到 Head 資訊 {Count 2} {Type D } 
[3272] 2015/02/27 07:50:13.190 收到 Head 資訊 {Count 2} {Type C } 
[3272] 2015/02/27 07:50:13.191 收到 Head 資訊 {Count 2} {Type C } 
[3272] 2015/02/27 07:50:13.192 收到 Head 資訊 {Count 2} {Type C } 
[3272] 2015/02/27 07:50:13.193 收到 Head 資訊 {Count 2} {Type C } 
[3272] 2015/02/27 07:50:13.193 收到 Head 資訊 {Count 2} {Type C } 
[3272] 2015/02/27 07:50:13.194 收到 Head 資訊 {Count 2} {Type C } 
[3272] 2015/02/27 07:50:13.195 收到 Head 資訊 {Count 2} {Type C } 
[3272] 2015/02/27 07:50:13.196 收到 Head 資訊 {Count 2} {Type B } 
[3272] 2015/02/27 07:51:12.041 連線確認 E122828927 (21,21)
[3272] 2015/02/27 07:52:12.055 連線確認 E122828927 (21,21)
[3272] 2015/02/27 07:53:12.070 連線確認 E122828927 (21,21)
[3272] 2015/02/27 07:54:12.083 連線確認 E122828927 (21,21)
[3272] 2015/02/27 07:55:12.096 連線確認 E122828927 (21,21)
[3272] 2015/02/27 07:55:12.888 收到 Head 資訊 {Count 2} {Type B } 
[3272] 2015/02/27 07:56:12.110 連線確認 E122828927 (21,21)
[3272] 2015/02/27 07:57:12.122 連線確認 E122828927 (21,21)
[3272] 2015/02/27 07:58:12.136 連線確認 E122828927 (21,21)
[3272] 2015/02/27 07:59:12.150 連線確認 E122828927 (21,21)
[3272] 2015/02/27 08:00:12.164 連線確認 E122828927 (21,21)
[3272] 2015/02/27 08:00:13.887 收到 Head 資訊 {Count 2} {Type B } 
[3272] 2015/02/27 08:01:12.178 連線確認 E122828927 (21,21)
[3272] 2015/02/27 08:02:12.191 連線確認 E122828927 (21,21)
[3272] 2015/02/27 08:03:12.204 連線確認 E122828927 (21,21)
[3272] 2015/02/27 08:04:12.218 連線確認 E122828927 (21,21)
[3272] 2015/02/27 08:05:12.232 連線確認 E122828927 (21,21)
[3272] 2015/02/27 08:05:14.926 收到 Head 資訊 {Count 2} {Type B } 
[3272] 2015/02/27 08:06:12.246 連線確認 E122828927 (21,21)
[3272] 2015/02/27 08:07:12.259 連線確認 E122828927 (21,21)
[3272] 2015/02/27 08:08:12.272 連線確認 E122828927 (21,21)
[3272] 2015/02/27 08:09:12.286 連線確認 E122828927 (21,21)
[3272] 2015/02/27 08:10:12.300 連線確認 E122828927 (21,21)
[3272] 2015/02/27 08:10:15.932 收到 Head 資訊 {Count 2} {Type B } 
[3272] 2015/02/27 08:11:12.314 連線確認 E122828927 (21,21)
[3272] 2015/02/27 08:11:32.800 收到 Head 資訊 {Count 2} {Type C } 
[3272] 2015/02/27 08:11:42.804 收到 Head 資訊 {Count 2} {Type C } 
[3272] 2015/02/27 08:11:52.797 收到 Head 資訊 {Count 2} {Type C } 
[3272] 2015/02/27 08:12:12.329 連線確認 E122828927 (21,21)
[3272] 2015/02/27 08:13:12.341 連線確認 E122828927 (21,21)
[3272] 2015/02/27 08:14:12.354 連線確認 E122828927 (21,21)
[3272] 2015/02/27 08:14:32.930 收到 Head 資訊 {Count 2} {Type C } 
[3272] 2015/02/27 08:15:12.367 連線確認 E122828927 (21,21)
[3272] 2015/02/27 08:15:16.916 收到 Head 資訊 {Count 2} {Type B } 
[3272] 2015/02/27 08:16:12.382 連線確認 E122828927 (21,21)
[3272] 2015/02/27 08:17:12.395 連線確認 E122828927 (21,21)
[3272] 2015/02/27 08:18:12.409 連線確認 E122828927 (21,21)
[3272] 2015/02/27 08:18:12.948 收到 Head 資訊 {Count 2} {Type C } 
[3272] 2015/02/27 08:19:12.423 連線確認 E122828927 (21,21)
[3272] 2015/02/27 08:20:12.435 連線確認 E122828927 (21,21)
[3272] 2015/02/27 08:20:17.930 收到 Head 資訊 {Count 2} {Type B } 
[3272] 2015/02/27 08:21:12.449 連線確認 E122828927 (21,21)
[3272] 2015/02/27 08:22:12.468 連線確認 E122828927 (21,21)
[3272] 2015/02/27 08:23:12.477 連線確認 E122828927 (21,21)
[3272] 2015/02/27 08:24:12.490 連線確認 E122828927 (21,21)
[3272] 2015/02/27 08:25:12.503 連線確認 E122828927 (21,21)
[3272] 2015/02/27 08:25:18.915 收到 Head 資訊 {Count 2} {Type B } 
[3272] 2015/02/27 08:26:12.517 連線確認 E122828927 (21,21)
[3272] 2015/02/27 08:27:12.531 連線確認 E122828927 (21,21)
[3272] 2015/02/27 08:28:12.543 連線確認 E122828927 (21,21)
[3272] 2015/02/27 08:29:12.558 連線確認 E122828927 (21,21)
[3272] 2015/02/27 08:30:12.571 連線確認 E122828927 (21,21)
[3272] 2015/02/27 08:30:19.921 收到 Head 資訊 {Count 2} {Type B } 
[3272] 2015/02/27 08:31:12.585 連線確認 E122828927 (21,21)
[3272] 2015/02/27 08:31:23.260 收到 Head 資訊 {Count 2} {Type C } 
[3272] 2015/02/27 08:32:12.599 連線確認 E122828927 (21,21)
[3272] 2015/02/27 08:33:12.612 連線確認 E122828927 (21,21)
[3272] 2015/02/27 08:34:12.626 連線確認 E122828927 (21,21)
[3272] 2015/02/27 08:35:12.641 連線確認 E122828927 (21,21)
[3272] 2015/02/27 08:35:20.924 收到 Head 資訊 {Count 2} {Type B } 
[3272] 2015/02/27 08:36:12.653 連線確認 E122828927 (21,21)
[3272] 2015/02/27 08:37:12.667 連線確認 E122828927 (21,21)
[3272] 2015/02/27 08:38:12.681 連線確認 E122828927 (21,21)
[3272] 2015/02/27 08:38:23.075 收到 Head 資訊 {Count 2} {Type C } 
[3272] 2015/02/27 08:39:12.694 連線確認 E122828927 (21,21)
[3272] 2015/02/27 08:40:12.708 連線確認 E122828927 (21,21)
[3272] 2015/02/27 08:40:21.922 收到 Head 資訊 {Count 2} {Type B } 
[3272] 2015/02/27 08:41:12.721 連線確認 E122828927 (21,21)
[3272] 2015/02/27 08:42:12.735 連線確認 E122828927 (21,21)
[3272] 2015/02/27 08:43:12.748 連線確認 E122828927 (21,21)
[3272] 2015/02/27 08:44:12.761 連線確認 E122828927 (21,21)
[3272] 2015/02/27 08:45:12.776 連線確認 E122828927 (21,21)
[3272] 2015/02/27 08:45:22.910 收到 Head 資訊 {Count 2} {Type B } 
[3272] 2015/02/27 08:45:48.298 收到 Head 資訊 {Count 2} {Type D } 
[3272] 2015/02/27 08:46:12.788 連線確認 E122828927 (21,21)
[3272] 2015/02/27 08:47:12.803 連線確認 E122828927 (21,21)
[3272] 2015/02/27 08:48:12.815 連線確認 E122828927 (21,21)
[3272] 2015/02/27 08:49:12.831 連線確認 E122828927 (21,21)
[3272] 2015/02/27 08:50:12.843 連線確認 E122828927 (21,21)
[3272] 2015/02/27 08:50:23.914 收到 Head 資訊 {Count 2} {Type B } 
[3272] 2015/02/27 08:51:12.857 連線確認 E122828927 (21,21)
[3272] 2015/02/27 08:51:23.345 收到 Head 資訊 {Count 2} {Type C } 
[3272] 2015/02/27 08:52:12.870 連線確認 E122828927 (21,21)
[3272] 2015/02/27 08:53:12.883 連線確認 E122828927 (21,21)
[3272] 2015/02/27 08:54:12.898 連線確認 E122828927 (21,21)
[3272] 2015/02/27 08:55:12.911 連線確認 E122828927 (21,21)
[3272] 2015/02/27 08:55:24.912 收到 Head 資訊 {Count 2} {Type B } 
[3272] 2015/02/27 08:56:12.925 連線確認 E122828927 (21,21)
[3272] 2015/02/27 08:57:12.938 連線確認 E122828927 (21,21)
[3272] 2015/02/27 08:58:12.952 連線確認 E122828927 (21,21)
[3272] 2015/02/27 08:58:33.269 收到 Head 資訊 {Count 2} {Type C } 
[3272] 2015/02/27 08:59:12.966 連線確認 E122828927 (21,21)
[3272] 2015/02/27 09:00:12.978 連線確認 E122828927 (21,21)
[3272] 2015/02/27 09:00:25.909 收到 Head 資訊 {Count 2} {Type B } 
[3272] 2015/02/27 09:01:12.993 連線確認 E122828927 (21,21)
[3272] 2015/02/27 09:02:13.006 連線確認 E122828927 (21,21)
[3272] 2015/02/27 09:03:13.021 連線確認 E122828927 (21,21)
[3272] 2015/02/27 09:04:13.033 連線確認 E122828927 (21,21)
[3272] 2015/02/27 09:05:13.047 連線確認 E122828927 (21,21)
[3272] 2015/02/27 09:05:26.895 收到 Head 資訊 {Count 2} {Type B } 
[3272] 2015/02/27 09:06:13.060 連線確認 E122828927 (21,21)
[3272] 2015/02/27 09:07:13.073 連線確認 E122828927 (21,21)
[3272] 2015/02/27 09:08:13.089 連線確認 E122828927 (21,21)
[3272] 2015/02/27 09:09:13.101 連線確認 E122828927 (21,21)
[3272] 2015/02/27 09:10:13.115 連線確認 E122828927 (21,21)
[3272] 2015/02/27 09:10:27.890 收到 Head 資訊 {Count 2} {Type B } 
[3272] 2015/02/27 09:11:13.129 連線確認 E122828927 (21,21)
[3272] 2015/02/27 09:11:23.453 收到 Head 資訊 {Count 2} {Type C } 
[3272] 2015/02/27 09:12:13.142 連線確認 E122828927 (21,21)
[3272] 2015/02/27 09:13:13.156 連線確認 E122828927 (21,21)
[3272] 2015/02/27 09:14:13.168 連線確認 E122828927 (21,21)
[3272] 2015/02/27 09:15:13.184 連線確認 E122828927 (21,21)
[3272] 2015/02/27 09:15:28.893 收到 Head 資訊 {Count 2} {Type B } 
[3272] 2015/02/27 09:16:13.197 連線確認 E122828927 (21,21)
[3272] 2015/02/27 09:17:13.211 連線確認 E122828927 (21,21)
[3272] 2015/02/27 09:18:13.224 連線確認 E122828927 (21,21)
[3272] 2015/02/27 09:18:43.426 收到 Head 資訊 {Count 2} {Type C } 
[3272] 2015/02/27 09:19:13.237 連線確認 E122828927 (21,21)
[3272] 2015/02/27 09:20:13.251 連線確認 E122828927 (21,21)
[3272] 2015/02/27 09:20:29.898 收到 Head 資訊 {Count 2} {Type B } 
[3272] 2015/02/27 09:21:13.265 連線確認 E122828927 (21,21)
[3272] 2015/02/27 09:22:13.278 連線確認 E122828927 (21,21)
[3272] 2015/02/27 09:23:13.291 連線確認 E122828927 (21,21)
[3272] 2015/02/27 09:24:13.305 連線確認 E122828927 (21,21)
[3272] 2015/02/27 09:25:13.318 連線確認 E122828927 (21,21)
[3272] 2015/02/27 09:25:30.891 收到 Head 資訊 {Count 2} {Type B } 
[3272] 2015/02/27 09:26:13.332 連線確認 E122828927 (21,21)
[3272] 2015/02/27 09:27:13.345 連線確認 E122828927 (21,21)
[3272] 2015/02/27 09:28:13.360 連線確認 E122828927 (21,21)
[3272] 2015/02/27 09:29:13.373 連線確認 E122828927 (21,21)
[3272] 2015/02/27 09:30:13.386 連線確認 E122828927 (21,21)
[3272] 2015/02/27 09:30:31.891 收到 Head 資訊 {Count 2} {Type B } 
[3272] 2015/02/27 09:31:13.401 連線確認 E122828927 (21,21)
[3272] 2015/02/27 09:31:13.713 收到 Head 資訊 {Count 2} {Type C } 
[3272] 2015/02/27 09:31:23.709 收到 Head 資訊 {Count 2} {Type C } 
[3272] 2015/02/27 09:32:13.413 連線確認 E122828927 (21,21)
[3272] 2015/02/27 09:33:13.427 連線確認 E122828927 (21,21)
[3272] 2015/02/27 09:34:13.441 連線確認 E122828927 (21,21)
[3272] 2015/02/27 09:35:13.454 連線確認 E122828927 (21,21)
[3272] 2015/02/27 09:35:32.892 收到 Head 資訊 {Count 2} {Type B } 
[3272] 2015/02/27 09:36:13.469 連線確認 E122828927 (21,21)
[3272] 2015/02/27 09:37:13.482 連線確認 E122828927 (21,21)
[3272] 2015/02/27 09:38:13.496 連線確認 E122828927 (21,21)
[3272] 2015/02/27 09:39:03.596 收到 Head 資訊 {Count 2} {Type C } 
[3272] 2015/02/27 09:39:13.508 連線確認 E122828927 (21,21)
[3272] 2015/02/27 09:40:13.523 連線確認 E122828927 (21,21)
[3272] 2015/02/27 09:40:33.871 收到 Head 資訊 {Count 2} {Type B } 
[3272] 2015/02/27 09:41:13.536 連線確認 E122828927 (21,21)
[3272] 2015/02/27 09:42:13.550 連線確認 E122828927 (21,21)
[3272] 2015/02/27 09:43:13.563 連線確認 E122828927 (21,21)
[3272] 2015/02/27 09:44:13.576 連線確認 E122828927 (21,21)
[3272] 2015/02/27 09:45:13.590 連線確認 E122828927 (21,21)
[3272] 2015/02/27 09:45:34.890 收到 Head 資訊 {Count 2} {Type B } 
[3272] 2015/02/27 09:46:13.604 連線確認 E122828927 (21,21)
[3272] 2015/02/27 09:47:13.617 連線確認 E122828927 (21,21)
[3272] 2015/02/27 09:48:13.631 連線確認 E122828927 (21,21)
[3272] 2015/02/27 09:49:13.645 連線確認 E122828927 (21,21)
[3272] 2015/02/27 09:50:13.659 連線確認 E122828927 (21,21)
[3272] 2015/02/27 09:50:35.874 收到 Head 資訊 {Count 2} {Type B } 
[3272] 2015/02/27 09:51:13.671 連線確認 E122828927 (21,21)
[3272] 2015/02/27 09:51:13.816 收到 Head 資訊 {Count 2} {Type C } 
[3272] 2015/02/27 09:52:13.686 連線確認 E122828927 (21,21)
[3272] 2015/02/27 09:53:13.698 連線確認 E122828927 (21,21)
[3272] 2015/02/27 09:54:13.714 連線確認 E122828927 (21,21)
[3272] 2015/02/27 09:55:13.726 連線確認 E122828927 (21,21)
[3272] 2015/02/27 09:55:36.869 收到 Head 資訊 {Count 2} {Type B } 
[3272] 2015/02/27 09:56:13.740 連線確認 E122828927 (21,21)
[3272] 2015/02/27 09:57:13.753 連線確認 E122828927 (21,21)
[3272] 2015/02/27 09:58:13.766 連線確認 E122828927 (21,21)
[3272] 2015/02/27 09:59:12.758 收到 Head 資訊 {Count 2} {Type C } 
[3272] 2015/02/27 09:59:13.780 連線確認 E122828927 (21,21)
[3272] 2015/02/27 10:00:13.794 連線確認 E122828927 (21,21)
[3272] 2015/02/27 10:00:37.872 收到 Head 資訊 {Count 2} {Type B } 
[3272] 2015/02/27 10:01:13.808 連線確認 E122828927 (21,21)
[3272] 2015/02/27 10:02:13.821 連線確認 E122828927 (21,21)
[3272] 2015/02/27 10:03:13.835 連線確認 E122828927 (21,21)
[3272] 2015/02/27 10:04:13.849 連線確認 E122828927 (21,21)
[3272] 2015/02/27 10:05:13.862 連線確認 E122828927 (21,21)
[3272] 2015/02/27 10:05:38.743 收到 Head 資訊 {Count 2} {Type B } 
[3272] 2015/02/27 10:06:13.876 連線確認 E122828927 (21,21)
[3272] 2015/02/27 10:07:13.889 連線確認 E122828927 (21,21)
[3272] 2015/02/27 10:08:13.902 連線確認 E122828927 (21,21)
[3272] 2015/02/27 10:09:13.917 連線確認 E122828927 (21,21)
[3272] 2015/02/27 10:10:13.930 連線確認 E122828927 (21,21)
[3272] 2015/02/27 10:10:39.757 收到 Head 資訊 {Count 2} {Type B } 
[3272] 2015/02/27 10:11:12.905 收到 Head 資訊 {Count 2} {Type C } 
[3272] 2015/02/27 10:11:13.943 連線確認 E122828927 (21,21)
[3272] 2015/02/27 10:11:22.890 收到 Head 資訊 {Count 2} {Type C } 
[3272] 2015/02/27 10:11:32.907 收到 Head 資訊 {Count 2} {Type C } 
[3272] 2015/02/27 10:12:13.958 連線確認 E122828927 (21,21)
[3272] 2015/02/27 10:13:13.971 連線確認 E122828927 (21,21)
[3272] 2015/02/27 10:14:13.984 連線確認 E122828927 (21,21)
[3272] 2015/02/27 10:15:13.998 連線確認 E122828927 (21,21)
[3272] 2015/02/27 10:15:40.743 收到 Head 資訊 {Count 2} {Type B } 
[3272] 2015/02/27 10:16:14.012 連線確認 E122828927 (21,21)
[3272] 2015/02/27 10:17:14.024 連線確認 E122828927 (21,21)
[3272] 2015/02/27 10:18:14.039 連線確認 E122828927 (21,21)
[3272] 2015/02/27 10:19:14.052 連線確認 E122828927 (21,21)
[3272] 2015/02/27 10:19:42.665 收到 Head 資訊 {Count 2} {Type C } 
[3272] 2015/02/27 10:20:14.066 連線確認 E122828927 (21,21)
[3272] 2015/02/27 10:20:41.662 收到 Head 資訊 {Count 2} {Type B } 
[3272] 2015/02/27 10:21:14.079 連線確認 E122828927 (21,21)
[3272] 2015/02/27 10:22:14.093 連線確認 E122828927 (21,21)
[3272] 2015/02/27 10:23:14.107 連線確認 E122828927 (21,21)
[3272] 2015/02/27 10:24:14.120 連線確認 E122828927 (21,21)
[3272] 2015/02/27 10:25:14.134 連線確認 E122828927 (21,21)
[3272] 2015/02/27 10:25:42.630 收到 Head 資訊 {Count 2} {Type B } 
[3272] 2015/02/27 10:26:14.147 連線確認 E122828927 (21,21)
[3272] 2015/02/27 10:27:14.161 連線確認 E122828927 (21,21)
[3272] 2015/02/27 10:28:14.175 連線確認 E122828927 (21,21)
[3272] 2015/02/27 10:29:14.187 連線確認 E122828927 (21,21)
[3272] 2015/02/27 10:30:14.201 連線確認 E122828927 (21,21)
[3272] 2015/02/27 10:30:43.641 收到 Head 資訊 {Count 2} {Type B } 
[3272] 2015/02/27 10:31:12.922 收到 Head 資訊 {Count 2} {Type C } 
[3272] 2015/02/27 10:31:14.215 連線確認 E122828927 (21,21)
[3272] 2015/02/27 10:31:22.921 收到 Head 資訊 {Count 2} {Type C } 
[3272] 2015/02/27 10:32:14.229 連線確認 E122828927 (21,21)
[3272] 2015/02/27 10:33:14.243 連線確認 E122828927 (21,21)
[3272] 2015/02/27 10:34:14.255 連線確認 E122828927 (21,21)
[3272] 2015/02/27 10:34:32.123 收到 Head 資訊 {Count 2} {Type C } 
[3272] 2015/02/27 10:35:14.271 連線確認 E122828927 (21,21)
[3272] 2015/02/27 10:35:43.910 收到 Head 資訊 {Count 2} {Type B } 
[3272] 2015/02/27 10:36:14.283 連線確認 E122828927 (21,21)
[3272] 2015/02/27 10:37:14.297 連線確認 E122828927 (21,21)
[3272] 2015/02/27 10:38:14.310 連線確認 E122828927 (21,21)
[3272] 2015/02/27 10:39:14.324 連線確認 E122828927 (21,21)
[3272] 2015/02/27 10:40:12.132 收到 Head 資訊 {Count 2} {Type C } 
[3272] 2015/02/27 10:40:14.338 連線確認 E122828927 (21,21)
[3272] 2015/02/27 10:40:44.924 收到 Head 資訊 {Count 2} {Type B } 
[3272] 2015/02/27 10:41:14.351 連線確認 E122828927 (21,21)
[3272] 2015/02/27 10:42:14.366 連線確認 E122828927 (21,21)
[3272] 2015/02/27 10:43:14.378 連線確認 E122828927 (21,21)
[3272] 2015/02/27 10:44:14.393 連線確認 E122828927 (21,21)
[3272] 2015/02/27 10:45:14.405 連線確認 E122828927 (21,21)
[3272] 2015/02/27 10:45:45.910 收到 Head 資訊 {Count 2} {Type B } 
[3272] 2015/02/27 10:46:14.419 連線確認 E122828927 (21,21)
[3272] 2015/02/27 10:47:14.433 連線確認 E122828927 (21,21)
[3272] 2015/02/27 10:48:14.447 連線確認 E122828927 (21,21)
[3272] 2015/02/27 10:49:20.500 連線確認 E122828927 (21,21)
[3272] 2015/02/27 10:50:20.510 連線確認 E122828927 (21,21)
[3272] 2015/02/27 10:50:47.558 收到 Head 資訊 {Count 2} {Type B } 
[3272] 2015/02/27 10:51:13.015 收到 Head 資訊 {Count 2} {Type C } 
[3272] 2015/02/27 10:51:20.523 連線確認 E122828927 (21,21)
[3272] 2015/02/27 10:51:23.011 收到 Head 資訊 {Count 2} {Type C } 
[3272] 2015/02/27 10:52:20.539 連線確認 E122828927 (21,21)
[3272] 2015/02/27 10:53:20.551 連線確認 E122828927 (21,21)
[3272] 2015/02/27 10:54:20.566 連線確認 E122828927 (21,21)
[3272] 2015/02/27 10:55:20.578 連線確認 E122828927 (21,21)
[3272] 2015/02/27 10:55:48.560 收到 Head 資訊 {Count 2} {Type B } 
[3272] 2015/02/27 10:56:20.592 連線確認 E122828927 (21,21)
[3272] 2015/02/27 10:57:20.606 連線確認 E122828927 (21,21)
[3272] 2015/02/27 10:58:20.619 連線確認 E122828927 (21,21)
[3272] 2015/02/27 10:59:20.633 連線確認 E122828927 (21,21)
[3272] 2015/02/27 11:00:20.647 連線確認 E122828927 (21,21)
[3272] 2015/02/27 11:00:32.965 收到 Head 資訊 {Count 2} {Type C } 
[3272] 2015/02/27 11:00:49.563 收到 Head 資訊 {Count 2} {Type B } 
[3272] 2015/02/27 11:01:20.661 連線確認 E122828927 (21,21)
[3272] 2015/02/27 11:02:20.674 連線確認 E122828927 (21,21)
[3272] 2015/02/27 11:03:20.688 連線確認 E122828927 (21,21)
[3272] 2015/02/27 11:04:20.700 連線確認 E122828927 (21,21)
[3272] 2015/02/27 11:05:20.714 連線確認 E122828927 (21,21)
[3272] 2015/02/27 11:05:50.345 收到 Head 資訊 {Count 2} {Type B } 
[3272] 2015/02/27 11:06:20.728 連線確認 E122828927 (21,21)
[3272] 2015/02/27 11:07:20.741 連線確認 E122828927 (21,21)
[3272] 2015/02/27 11:08:20.755 連線確認 E122828927 (21,21)
[3272] 2015/02/27 11:09:20.769 連線確認 E122828927 (21,21)
[3272] 2015/02/27 11:10:20.781 連線確認 E122828927 (21,21)
[3272] 2015/02/27 11:10:51.344 收到 Head 資訊 {Count 2} {Type B } 
[3272] 2015/02/27 11:11:03.019 收到 Head 資訊 {Count 2} {Type C } 
[3272] 2015/02/27 11:11:13.005 收到 Head 資訊 {Count 2} {Type C } 
[3272] 2015/02/27 11:11:20.797 連線確認 E122828927 (21,21)
[3272] 2015/02/27 11:11:23.010 收到 Head 資訊 {Count 2} {Type C } 
[3272] 2015/02/27 11:11:33.029 收到 Head 資訊 {Count 2} {Type C } 
[3272] 2015/02/27 11:12:20.809 連線確認 E122828927 (21,21)
[3272] 2015/02/27 11:13:20.846 連線確認 E122828927 (21,21)
[3272] 2015/02/27 11:14:20.852 連線確認 E122828927 (21,21)
[3272] 2015/02/27 11:15:20.867 連線確認 E122828927 (21,21)
[3272] 2015/02/27 11:15:52.366 收到 Head 資訊 {Count 2} {Type B } 
[3272] 2015/02/27 11:16:20.879 連線確認 E122828927 (21,21)
[3272] 2015/02/27 11:17:20.903 連線確認 E122828927 (21,21)
[3272] 2015/02/27 11:18:20.907 連線確認 E122828927 (21,21)
[3272] 2015/02/27 11:19:20.921 連線確認 E122828927 (21,21)
[3272] 2015/02/27 11:20:20.936 連線確認 E122828927 (21,21)
[3272] 2015/02/27 11:20:53.330 收到 Head 資訊 {Count 2} {Type B } 
[3272] 2015/02/27 11:21:12.937 收到 Head 資訊 {Count 2} {Type C } 
[3272] 2015/02/27 11:21:20.949 連線確認 E122828927 (21,21)
[3272] 2015/02/27 11:22:20.962 連線確認 E122828927 (21,21)
[3272] 2015/02/27 11:23:20.974 連線確認 E122828927 (21,21)
[3272] 2015/02/27 11:24:20.988 連線確認 E122828927 (21,21)
[3272] 2015/02/27 11:25:21.002 連線確認 E122828927 (21,21)
[3272] 2015/02/27 11:25:54.334 收到 Head 資訊 {Count 2} {Type B } 
[3272] 2015/02/27 11:26:21.015 連線確認 E122828927 (21,21)
[3272] 2015/02/27 11:27:21.029 連線確認 E122828927 (21,21)
[3272] 2015/02/27 11:28:21.042 連線確認 E122828927 (21,21)
[3272] 2015/02/27 11:29:21.057 連線確認 E122828927 (21,21)
[3272] 2015/02/27 11:30:21.070 連線確認 E122828927 (21,21)
[3272] 2015/02/27 11:30:55.346 收到 Head 資訊 {Count 2} {Type B } 
[3272] 2015/02/27 11:31:03.152 收到 Head 資訊 {Count 2} {Type C } 
[3272] 2015/02/27 11:31:13.171 收到 Head 資訊 {Count 2} {Type C } 
[3272] 2015/02/27 11:31:21.083 連線確認 E122828927 (21,21)
[3272] 2015/02/27 11:31:23.180 收到 Head 資訊 {Count 2} {Type C } 
[3272] 2015/02/27 11:31:33.162 收到 Head 資訊 {Count 2} {Type C } 
[3272] 2015/02/27 11:31:43.172 收到 Head 資訊 {Count 2} {Type C } 
[3272] 2015/02/27 11:31:53.157 收到 Head 資訊 {Count 2} {Type C } 
[3272] 2015/02/27 11:32:03.174 收到 Head 資訊 {Count 2} {Type C } 
[3272] 2015/02/27 11:32:21.096 連線確認 E122828927 (21,21)
[3272] 2015/02/27 11:33:21.111 連線確認 E122828927 (21,21)
[3272] 2015/02/27 11:34:21.124 連線確認 E122828927 (21,21)
[3272] 2015/02/27 11:35:21.137 連線確認 E122828927 (21,21)
[3272] 2015/02/27 11:35:56.329 收到 Head 資訊 {Count 2} {Type B } 
[3272] 2015/02/27 11:36:21.151 連線確認 E122828927 (21,21)
[3272] 2015/02/27 11:37:21.165 連線確認 E122828927 (21,21)
[3272] 2015/02/27 11:38:21.179 連線確認 E122828927 (21,21)
[3272] 2015/02/27 11:39:21.191 連線確認 E122828927 (21,21)
[3272] 2015/02/27 11:40:21.206 連線確認 E122828927 (21,21)
[3272] 2015/02/27 11:40:57.316 收到 Head 資訊 {Count 2} {Type B } 
[3272] 2015/02/27 11:41:21.220 連線確認 E122828927 (21,21)
[3272] 2015/02/27 11:42:21.251 連線確認 E122828927 (21,21)
[3272] 2015/02/27 11:42:23.068 收到 Head 資訊 {Count 2} {Type C } 
[3272] 2015/02/27 11:43:21.246 連線確認 E122828927 (21,21)
[3272] 2015/02/27 11:44:21.260 連線確認 E122828927 (21,21)
[3272] 2015/02/27 11:45:21.276 連線確認 E122828927 (21,21)
[3272] 2015/02/27 11:45:58.322 收到 Head 資訊 {Count 2} {Type B } 
[3272] 2015/02/27 11:46:21.287 連線確認 E122828927 (21,21)
[3272] 2015/02/27 11:47:21.301 連線確認 E122828927 (21,21)
[3272] 2015/02/27 11:48:21.315 連線確認 E122828927 (21,21)
[3272] 2015/02/27 11:49:21.328 連線確認 E122828927 (21,21)
[3272] 2015/02/27 11:50:21.343 連線確認 E122828927 (21,21)
[3272] 2015/02/27 11:50:59.308 收到 Head 資訊 {Count 2} {Type B } 
[3272] 2015/02/27 11:51:03.317 收到 Head 資訊 {Count 2} {Type C } 
[3272] 2015/02/27 11:51:21.355 連線確認 E122828927 (21,21)
[3272] 2015/02/27 11:52:21.368 連線確認 E122828927 (21,21)
[3272] 2015/02/27 11:53:21.382 連線確認 E122828927 (21,21)
[3272] 2015/02/27 11:54:21.396 連線確認 E122828927 (21,21)
[3272] 2015/02/27 11:55:21.409 連線確認 E122828927 (21,21)
[3272] 2015/02/27 11:56:00.325 收到 Head 資訊 {Count 2} {Type B } 
[3272] 2015/02/27 11:56:21.423 連線確認 E122828927 (21,21)
[3272] 2015/02/27 11:57:21.438 連線確認 E122828927 (21,21)
[3272] 2015/02/27 11:58:21.450 連線確認 E122828927 (21,21)
[3272] 2015/02/27 11:59:21.465 連線確認 E122828927 (21,21)
[3272] 2015/02/27 12:00:21.477 連線確認 E122828927 (21,21)
[3272] 2015/02/27 12:01:01.312 收到 Head 資訊 {Count 2} {Type B } 
[3272] 2015/02/27 12:01:21.491 連線確認 E122828927 (21,21)
[3272] 2015/02/27 12:02:21.504 連線確認 E122828927 (21,21)
[3272] 2015/02/27 12:02:33.176 收到 Head 資訊 {Count 2} {Type C } 
[3272] 2015/02/27 12:03:21.518 連線確認 E122828927 (21,21)
[3272] 2015/02/27 12:04:21.532 連線確認 E122828927 (21,21)
[3272] 2015/02/27 12:05:21.545 連線確認 E122828927 (21,21)
[3272] 2015/02/27 12:06:02.323 收到 Head 資訊 {Count 2} {Type B } 
[3272] 2015/02/27 12:06:21.560 連線確認 E122828927 (21,21)
[3272] 2015/02/27 12:07:21.572 連線確認 E122828927 (21,21)
[3272] 2015/02/27 12:08:21.586 連線確認 E122828927 (21,21)
[3272] 2015/02/27 12:09:21.601 連線確認 E122828927 (21,21)
[3272] 2015/02/27 12:10:21.613 連線確認 E122828927 (21,21)
[3272] 2015/02/27 12:11:03.296 收到 Head 資訊 {Count 2} {Type B } 
[3272] 2015/02/27 12:11:03.510 收到 Head 資訊 {Count 2} {Type C } 
[3272] 2015/02/27 12:11:13.467 收到 Head 資訊 {Count 2} {Type C } 
[3272] 2015/02/27 12:11:21.628 連線確認 E122828927 (21,21)
[3272] 2015/02/27 12:12:21.640 連線確認 E122828927 (21,21)
[3272] 2015/02/27 12:13:21.655 連線確認 E122828927 (21,21)
[3272] 2015/02/27 12:14:21.667 連線確認 E122828927 (21,21)
[3272] 2015/02/27 12:15:21.682 連線確認 E122828927 (21,21)
[3272] 2015/02/27 12:16:04.322 收到 Head 資訊 {Count 2} {Type B } 
[3272] 2015/02/27 12:16:21.694 連線確認 E122828927 (21,21)
[3272] 2015/02/27 12:17:21.707 連線確認 E122828927 (21,21)
[3272] 2015/02/27 12:18:21.722 連線確認 E122828927 (21,21)
[3272] 2015/02/27 12:19:21.736 連線確認 E122828927 (21,21)
[3272] 2015/02/27 12:20:21.750 連線確認 E122828927 (21,21)
[3272] 2015/02/27 12:21:05.288 收到 Head 資訊 {Count 2} {Type B } 
[3272] 2015/02/27 12:21:21.763 連線確認 E122828927 (21,21)
[3272] 2015/02/27 12:22:21.776 連線確認 E122828927 (21,21)
[3272] 2015/02/27 12:22:53.362 收到 Head 資訊 {Count 2} {Type C } 
[3272] 2015/02/27 12:23:21.789 連線確認 E122828927 (21,21)
[3272] 2015/02/27 12:24:21.802 連線確認 E122828927 (21,21)
[3272] 2015/02/27 12:25:21.816 連線確認 E122828927 (21,21)
[3272] 2015/02/27 12:26:06.312 收到 Head 資訊 {Count 2} {Type B } 
[3272] 2015/02/27 12:26:21.831 連線確認 E122828927 (21,21)
[3272] 2015/02/27 12:27:21.845 連線確認 E122828927 (21,21)
[3272] 2015/02/27 12:28:21.857 連線確認 E122828927 (21,21)
[3272] 2015/02/27 12:29:21.871 連線確認 E122828927 (21,21)
[3272] 2015/02/27 12:30:21.885 連線確認 E122828927 (21,21)
[3272] 2015/02/27 12:31:03.626 收到 Head 資訊 {Count 2} {Type C } 
[3272] 2015/02/27 12:31:07.286 收到 Head 資訊 {Count 2} {Type B } 
[3272] 2015/02/27 12:31:21.899 連線確認 E122828927 (21,21)
[3272] 2015/02/27 12:32:21.914 連線確認 E122828927 (21,21)
[3272] 2015/02/27 12:33:21.925 連線確認 E122828927 (21,21)
[3272] 2015/02/27 12:34:21.939 連線確認 E122828927 (21,21)
[3272] 2015/02/27 12:35:21.953 連線確認 E122828927 (21,21)
[3272] 2015/02/27 12:36:08.284 收到 Head 資訊 {Count 2} {Type B } 
[3272] 2015/02/27 12:36:21.967 連線確認 E122828927 (21,21)
[3272] 2015/02/27 12:37:21.980 連線確認 E122828927 (21,21)
[3272] 2015/02/27 12:38:21.993 連線確認 E122828927 (21,21)
[3272] 2015/02/27 12:39:22.007 連線確認 E122828927 (21,21)
[3272] 2015/02/27 12:40:22.021 連線確認 E122828927 (21,21)
[3272] 2015/02/27 12:41:09.300 收到 Head 資訊 {Count 2} {Type B } 
[3272] 2015/02/27 12:41:22.035 連線確認 E122828927 (21,21)
[3272] 2015/02/27 12:42:22.048 連線確認 E122828927 (21,21)
[3272] 2015/02/27 12:43:02.576 收到 Head 資訊 {Count 2} {Type C } 
[3272] 2015/02/27 12:43:22.061 連線確認 E122828927 (21,21)
[3272] 2015/02/27 12:44:22.075 連線確認 E122828927 (21,21)
[3272] 2015/02/27 12:45:22.090 連線確認 E122828927 (21,21)
[3272] 2015/02/27 12:46:10.277 收到 Head 資訊 {Count 2} {Type B } 
[3272] 2015/02/27 12:46:22.102 連線確認 E122828927 (21,21)
[3272] 2015/02/27 12:47:22.116 連線確認 E122828927 (21,21)
[3272] 2015/02/27 12:48:22.129 連線確認 E122828927 (21,21)
[3272] 2015/02/27 12:49:22.142 連線確認 E122828927 (21,21)
[3272] 2015/02/27 12:50:22.156 連線確認 E122828927 (21,21)
[3272] 2015/02/27 12:51:02.790 收到 Head 資訊 {Count 2} {Type C } 
[3272] 2015/02/27 12:51:11.274 收到 Head 資訊 {Count 2} {Type B } 
[3272] 2015/02/27 12:51:12.798 收到 Head 資訊 {Count 2} {Type C } 
[3272] 2015/02/27 12:51:22.171 連線確認 E122828927 (21,21)
[3272] 2015/02/27 12:51:22.804 收到 Head 資訊 {Count 2} {Type C } 
[3272] 2015/02/27 12:51:32.814 收到 Head 資訊 {Count 2} {Type C } 
[3272] 2015/02/27 12:52:22.185 連線確認 E122828927 (21,21)
[3272] 2015/02/27 12:53:22.198 連線確認 E122828927 (21,21)
[3272] 2015/02/27 12:54:22.210 連線確認 E122828927 (21,21)
[3272] 2015/02/27 12:55:22.225 連線確認 E122828927 (21,21)
[3272] 2015/02/27 12:56:12.296 收到 Head 資訊 {Count 2} {Type B } 
[3272] 2015/02/27 12:56:22.238 連線確認 E122828927 (21,21)
[3272] 2015/02/27 12:57:22.251 連線確認 E122828927 (21,21)
[3272] 2015/02/27 12:58:22.266 連線確認 E122828927 (21,21)
[3272] 2015/02/27 12:59:22.279 連線確認 E122828927 (21,21)
[3272] 2015/02/27 13:00:22.293 連線確認 E122828927 (21,21)
[3272] 2015/02/27 13:01:13.282 收到 Head 資訊 {Count 2} {Type B } 
[3272] 2015/02/27 13:01:22.306 連線確認 E122828927 (21,21)
[3272] 2015/02/27 13:02:22.320 連線確認 E122828927 (21,21)
[3272] 2015/02/27 13:03:22.333 連線確認 E122828927 (21,21)
[3272] 2015/02/27 13:03:42.616 收到 Head 資訊 {Count 2} {Type C } 
[3272] 2015/02/27 13:04:22.346 連線確認 E122828927 (21,21)
[3272] 2015/02/27 13:05:22.361 連線確認 E122828927 (21,21)
[3272] 2015/02/27 13:06:14.281 收到 Head 資訊 {Count 2} {Type B } 
[3272] 2015/02/27 13:06:22.375 連線確認 E122828927 (21,21)
[3272] 2015/02/27 13:07:22.387 連線確認 E122828927 (21,21)
[3272] 2015/02/27 13:08:22.401 連線確認 E122828927 (21,21)
[3272] 2015/02/27 13:09:22.415 連線確認 E122828927 (21,21)
[3272] 2015/02/27 13:10:22.429 連線確認 E122828927 (21,21)
[3272] 2015/02/27 13:11:02.845 收到 Head 資訊 {Count 2} {Type C } 
[3272] 2015/02/27 13:11:12.857 收到 Head 資訊 {Count 2} {Type C } 
[3272] 2015/02/27 13:11:15.270 收到 Head 資訊 {Count 2} {Type B } 
[3272] 2015/02/27 13:11:22.442 連線確認 E122828927 (21,21)
[3272] 2015/02/27 13:12:22.455 連線確認 E122828927 (21,21)
[3272] 2015/02/27 13:13:22.469 連線確認 E122828927 (21,21)
[3272] 2015/02/27 13:14:22.482 連線確認 E122828927 (21,21)
[3272] 2015/02/27 13:15:22.495 連線確認 E122828927 (21,21)
[3272] 2015/02/27 13:16:16.286 收到 Head 資訊 {Count 2} {Type B } 
[3272] 2015/02/27 13:16:22.510 連線確認 E122828927 (21,21)
[3272] 2015/02/27 13:17:22.523 連線確認 E122828927 (21,21)
[3272] 2015/02/27 13:18:22.538 連線確認 E122828927 (21,21)
[3272] 2015/02/27 13:19:22.550 連線確認 E122828927 (21,21)
[3272] 2015/02/27 13:20:22.565 連線確認 E122828927 (21,21)
[3272] 2015/02/27 13:21:17.259 收到 Head 資訊 {Count 2} {Type B } 
[3272] 2015/02/27 13:21:22.578 連線確認 E122828927 (21,21)
[3272] 2015/02/27 13:22:22.592 連線確認 E122828927 (21,21)
[3272] 2015/02/27 13:23:22.605 連線確認 E122828927 (21,21)
[3272] 2015/02/27 13:24:02.869 收到 Head 資訊 {Count 2} {Type C } 
[3272] 2015/02/27 13:24:22.618 連線確認 E122828927 (21,21)
[3272] 2015/02/27 13:25:22.633 連線確認 E122828927 (21,21)
[3272] 2015/02/27 13:26:18.260 收到 Head 資訊 {Count 2} {Type B } 
[3272] 2015/02/27 13:26:22.645 連線確認 E122828927 (21,21)
[3272] 2015/02/27 13:27:22.659 連線確認 E122828927 (21,21)
[3272] 2015/02/27 13:28:22.672 連線確認 E122828927 (21,21)
[3272] 2015/02/27 13:29:22.686 連線確認 E122828927 (21,21)
[3272] 2015/02/27 13:30:22.700 連線確認 E122828927 (21,21)
[3272] 2015/02/27 13:31:03.107 收到 Head 資訊 {Count 2} {Type C } 
[3272] 2015/02/27 13:31:19.259 收到 Head 資訊 {Count 2} {Type B } 
[3272] 2015/02/27 13:31:22.714 連線確認 E122828927 (21,21)
[3272] 2015/02/27 13:32:22.728 連線確認 E122828927 (21,21)
[3272] 2015/02/27 13:33:22.740 連線確認 E122828927 (21,21)
[3272] 2015/02/27 13:34:22.755 連線確認 E122828927 (21,21)
[3272] 2015/02/27 13:34:33.020 收到 Head 資訊 {Count 2} {Type C } 
[3272] 2015/02/27 13:35:22.767 連線確認 E122828927 (21,21)
[3272] 2015/02/27 13:36:20.245 收到 Head 資訊 {Count 2} {Type B } 
[3272] 2015/02/27 13:36:22.782 連線確認 E122828927 (21,21)
[3272] 2015/02/27 13:37:22.795 連線確認 E122828927 (21,21)
[3272] 2015/02/27 13:38:22.808 連線確認 E122828927 (21,21)
[3272] 2015/02/27 13:39:22.822 連線確認 E122828927 (21,21)
[3272] 2015/02/27 13:40:22.836 連線確認 E122828927 (21,21)
[3272] 2015/02/27 13:41:21.263 收到 Head 資訊 {Count 2} {Type B } 
[3272] 2015/02/27 13:41:22.849 連線確認 E122828927 (21,21)
[3272] 2015/02/27 13:42:22.862 連線確認 E122828927 (21,21)
[3272] 2015/02/27 13:43:22.878 連線確認 E122828927 (21,21)
[3272] 2015/02/27 13:44:22.890 連線確認 E122828927 (21,21)
[3272] 2015/02/27 13:44:23.063 收到 Head 資訊 {Count 2} {Type C } 
[3272] 2015/02/27 13:45:22.903 連線確認 E122828927 (21,21)
[3272] 2015/02/27 13:46:22.263 收到 Head 資訊 {Count 2} {Type B } 
[3272] 2015/02/27 13:46:22.917 連線確認 E122828927 (21,21)
[3272] 2015/02/27 13:47:22.930 連線確認 E122828927 (21,21)
[3272] 2015/02/27 13:48:22.945 連線確認 E122828927 (21,21)
[3272] 2015/02/27 13:49:22.958 連線確認 E122828927 (21,21)
[3272] 2015/02/27 13:50:22.972 連線確認 E122828927 (21,21)
[3272] 2015/02/27 13:51:03.297 收到 Head 資訊 {Count 2} {Type C } 
[3272] 2015/02/27 13:51:13.312 收到 Head 資訊 {Count 2} {Type C } 
[3272] 2015/02/27 13:51:22.985 連線確認 E122828927 (21,21)
[3272] 2015/02/27 13:51:23.246 收到 Head 資訊 {Count 2} {Type B } 
[3272] 2015/02/27 13:52:22.999 連線確認 E122828927 (21,21)
[3272] 2015/02/27 13:53:23.012 連線確認 E122828927 (21,21)
[3272] 2015/02/27 13:54:23.025 連線確認 E122828927 (21,21)
[3272] 2015/02/27 13:54:33.226 收到 Head 資訊 {Count 2} {Type C } 
[3272] 2015/02/27 13:55:23.039 連線確認 E122828927 (21,21)
[3272] 2015/02/27 13:56:23.052 連線確認 E122828927 (21,21)
[3272] 2015/02/27 13:56:24.266 收到 Head 資訊 {Count 2} {Type B } 
[3272] 2015/02/27 13:57:23.066 連線確認 E122828927 (21,21)
[3272] 2015/02/27 13:58:23.080 連線確認 E122828927 (21,21)
[3272] 2015/02/27 13:59:23.094 連線確認 E122828927 (21,21)
[3272] 2015/02/27 14:00:23.108 連線確認 E122828927 (21,21)
[3272] 2015/02/27 14:01:23.120 連線確認 E122828927 (21,21)
[3272] 2015/02/27 14:01:25.262 收到 Head 資訊 {Count 2} {Type B } 
[3272] 2015/02/27 14:02:23.134 連線確認 E122828927 (21,21)
[3272] 2015/02/27 14:03:23.148 連線確認 E122828927 (21,21)
[3272] 2015/02/27 14:04:23.163 連線確認 E122828927 (21,21)
[3272] 2015/02/27 14:04:53.249 收到 Head 資訊 {Count 2} {Type C } 
[3272] 2015/02/27 14:05:23.175 連線確認 E122828927 (21,21)
[3272] 2015/02/27 14:06:23.190 連線確認 E122828927 (21,21)
[3272] 2015/02/27 14:06:26.241 收到 Head 資訊 {Count 2} {Type B } 
[3272] 2015/02/27 14:07:23.202 連線確認 E122828927 (21,21)
[3272] 2015/02/27 14:08:23.215 連線確認 E122828927 (21,21)
[3272] 2015/02/27 14:09:23.230 連線確認 E122828927 (21,21)
[3272] 2015/02/27 14:10:23.242 連線確認 E122828927 (21,21)
[3272] 2015/02/27 14:10:53.496 收到 Head 資訊 {Count 2} {Type C } 
[3272] 2015/02/27 14:11:03.516 收到 Head 資訊 {Count 2} {Type C } 
[3272] 2015/02/27 14:11:13.508 收到 Head 資訊 {Count 2} {Type C } 
[3272] 2015/02/27 14:11:23.257 連線確認 E122828927 (21,21)
[3272] 2015/02/27 14:11:23.509 收到 Head 資訊 {Count 2} {Type C } 
[3272] 2015/02/27 14:11:27.252 收到 Head 資訊 {Count 2} {Type B } 
[3272] 2015/02/27 14:12:23.270 連線確認 E122828927 (21,21)
[3272] 2015/02/27 14:13:23.284 連線確認 E122828927 (21,21)
[3272] 2015/02/27 14:14:23.297 連線確認 E122828927 (21,21)
[3272] 2015/02/27 14:15:23.310 連線確認 E122828927 (21,21)
[3272] 2015/02/27 14:16:23.324 連線確認 E122828927 (21,21)
[3272] 2015/02/27 14:16:28.231 收到 Head 資訊 {Count 2} {Type B } 
[3272] 2015/02/27 14:17:23.338 連線確認 E122828927 (21,21)
[3272] 2015/02/27 14:18:23.352 連線確認 E122828927 (21,21)
[3272] 2015/02/27 14:19:23.365 連線確認 E122828927 (21,21)
[3272] 2015/02/27 14:20:23.380 連線確認 E122828927 (21,21)
[3272] 2015/02/27 14:21:23.393 連線確認 E122828927 (21,21)
[3272] 2015/02/27 14:21:29.239 收到 Head 資訊 {Count 2} {Type B } 
[3272] 2015/02/27 14:22:23.405 連線確認 E122828927 (21,21)
[3272] 2015/02/27 14:23:23.420 連線確認 E122828927 (21,21)
[3272] 2015/02/27 14:24:23.433 連線確認 E122828927 (21,21)
[3272] 2015/02/27 14:25:23.447 連線確認 E122828927 (21,21)
[3272] 2015/02/27 14:25:33.272 收到 Head 資訊 {Count 2} {Type C } 
[3272] 2015/02/27 14:26:23.460 連線確認 E122828927 (21,21)
[3272] 2015/02/27 14:26:30.240 收到 Head 資訊 {Count 2} {Type B } 
[3272] 2015/02/27 14:27:23.474 連線確認 E122828927 (21,21)
[3272] 2015/02/27 14:28:23.488 連線確認 E122828927 (21,21)
[3272] 2015/02/27 14:29:23.502 連線確認 E122828927 (21,21)
[3272] 2015/02/27 14:30:23.515 連線確認 E122828927 (21,21)
[3272] 2015/02/27 14:31:23.528 連線確認 E122828927 (21,21)
[3272] 2015/02/27 14:31:31.232 收到 Head 資訊 {Count 2} {Type B } 
[3272] 2015/02/27 14:32:23.542 連線確認 E122828927 (21,21)
[3272] 2015/02/27 14:33:23.555 連線確認 E122828927 (21,21)
[3272] 2015/02/27 14:34:23.569 連線確認 E122828927 (21,21)
[3272] 2015/02/27 14:35:23.583 連線確認 E122828927 (21,21)
[3272] 2015/02/27 14:36:23.597 連線確認 E122828927 (21,21)
[3272] 2015/02/27 14:36:32.241 收到 Head 資訊 {Count 2} {Type B } 
[3272] 2015/02/27 14:37:23.610 連線確認 E122828927 (21,21)
[3272] 2015/02/27 14:38:23.623 連線確認 E122828927 (21,21)
[3272] 2015/02/27 14:39:23.637 連線確認 E122828927 (21,21)
[3272] 2015/02/27 14:40:23.650 連線確認 E122828927 (21,21)
[3272] 2015/02/27 14:41:23.665 連線確認 E122828927 (21,21)
[3272] 2015/02/27 14:41:33.222 收到 Head 資訊 {Count 2} {Type B } 
[3272] 2015/02/27 14:42:23.677 連線確認 E122828927 (21,21)
[3272] 2015/02/27 14:43:23.692 連線確認 E122828927 (21,21)
[3272] 2015/02/27 14:44:23.705 連線確認 E122828927 (21,21)
[3272] 2015/02/27 14:45:23.719 連線確認 E122828927 (21,21)
[3272] 2015/02/27 14:46:23.733 連線確認 E122828927 (21,21)
[3272] 2015/02/27 14:46:34.231 收到 Head 資訊 {Count 2} {Type B } 
[3272] 2015/02/27 14:47:23.745 連線確認 E122828927 (21,21)
[3272] 2015/02/27 14:48:23.760 連線確認 E122828927 (21,21)
[3272] 2015/02/27 14:49:23.773 連線確認 E122828927 (21,21)
[3272] 2015/02/27 14:50:23.788 連線確認 E122828927 (21,21)
[3272] 2015/02/27 14:50:53.741 收到 Head 資訊 {Count 2} {Type C } 
[3272] 2015/02/27 14:51:23.800 連線確認 E122828927 (21,21)
[3272] 2015/02/27 14:51:35.207 收到 Head 資訊 {Count 2} {Type B } 
[3272] 2015/02/27 14:52:23.813 連線確認 E122828927 (21,21)
[3272] 2015/02/27 14:53:23.827 連線確認 E122828927 (21,21)
[3272] 2015/02/27 14:54:23.841 連線確認 E122828927 (21,21)
[3272] 2015/02/27 14:55:23.855 連線確認 E122828927 (21,21)
[3272] 2015/02/27 14:56:23.868 連線確認 E122828927 (21,21)
[3272] 2015/02/27 14:56:36.218 收到 Head 資訊 {Count 2} {Type B } 
[3272] 2015/02/27 14:57:23.882 連線確認 E122828927 (21,21)
[3272] 2015/02/27 14:58:23.895 連線確認 E122828927 (21,21)
[3272] 2015/02/27 14:59:23.908 連線確認 E122828927 (21,21)
[3272] 2015/02/27 15:00:23.922 連線確認 E122828927 (21,21)
[3272] 2015/02/27 15:01:23.935 連線確認 E122828927 (21,21)
[3272] 2015/02/27 15:01:37.220 收到 Head 資訊 {Count 2} {Type B } 
[3272] 2015/02/27 15:02:23.949 連線確認 E122828927 (21,21)
[3272] 2015/02/27 15:03:23.964 連線確認 E122828927 (21,21)
[3272] 2015/02/27 15:04:23.977 連線確認 E122828927 (21,21)
[3272] 2015/02/27 15:05:23.991 連線確認 E122828927 (21,21)
[3272] 2015/02/27 15:05:43.668 收到 Head 資訊 {Count 2} {Type C } 
[3272] 2015/02/27 15:06:24.005 連線確認 E122828927 (21,21)
[3272] 2015/02/27 15:06:38.197 收到 Head 資訊 {Count 2} {Type B } 
[3272] 2015/02/27 15:07:24.018 連線確認 E122828927 (21,21)
[3272] 2015/02/27 15:08:24.031 連線確認 E122828927 (21,21)
[3272] 2015/02/27 15:09:24.044 連線確認 E122828927 (21,21)
[3272] 2015/02/27 15:10:24.058 連線確認 E122828927 (21,21)
[3272] 2015/02/27 15:11:24.073 連線確認 E122828927 (21,21)
[3272] 2015/02/27 15:11:39.196 收到 Head 資訊 {Count 2} {Type B } 
[3272] 2015/02/27 15:12:24.085 連線確認 E122828927 (21,21)
[3272] 2015/02/27 15:13:24.099 連線確認 E122828927 (21,21)
[3272] 2015/02/27 15:14:24.112 連線確認 E122828927 (21,21)
[3272] 2015/02/27 15:14:33.848 收到 Head 資訊 {Count 2} {Type C } 
[3272] 2015/02/27 15:15:24.126 連線確認 E122828927 (21,21)
[3272] 2015/02/27 15:16:24.140 連線確認 E122828927 (21,21)
[3272] 2015/02/27 15:16:40.202 收到 Head 資訊 {Count 2} {Type B } 
[3272] 2015/02/27 15:17:24.153 連線確認 E122828927 (21,21)
[3272] 2015/02/27 15:18:24.167 連線確認 E122828927 (21,21)
[3272] 2015/02/27 15:19:24.180 連線確認 E122828927 (21,21)
[3272] 2015/02/27 15:20:24.194 連線確認 E122828927 (21,21)
[3272] 2015/02/27 15:21:24.208 連線確認 E122828927 (21,21)
[3272] 2015/02/27 15:21:41.212 收到 Head 資訊 {Count 2} {Type B } 
[3272] 2015/02/27 15:22:24.220 連線確認 E122828927 (21,21)
[3272] 2015/02/27 15:23:24.235 連線確認 E122828927 (21,21)
[3272] 2015/02/27 15:24:24.248 連線確認 E122828927 (21,21)
[3272] 2015/02/27 15:25:24.262 連線確認 E122828927 (21,21)
[3272] 2015/02/27 15:25:53.877 收到 Head 資訊 {Count 2} {Type C } 
[3272] 2015/02/27 15:26:24.276 連線確認 E122828927 (21,21)
[3272] 2015/02/27 15:26:42.200 收到 Head 資訊 {Count 2} {Type B } 
[3272] 2015/02/27 15:27:24.289 連線確認 E122828927 (21,21)
[3272] 2015/02/27 15:28:24.302 連線確認 E122828927 (21,21)
[3272] 2015/02/27 15:29:24.316 連線確認 E122828927 (21,21)
[3272] 2015/02/27 15:30:24.330 連線確認 E122828927 (21,21)
[3272] 2015/02/27 15:31:24.344 連線確認 E122828927 (21,21)
[3272] 2015/02/27 15:31:43.206 收到 Head 資訊 {Count 2} {Type B } 
[3272] 2015/02/27 15:32:24.357 連線確認 E122828927 (21,21)
[3272] 2015/02/27 15:33:24.370 連線確認 E122828927 (21,21)
[3272] 2015/02/27 15:34:24.384 連線確認 E122828927 (21,21)
[3272] 2015/02/27 15:35:24.398 連線確認 E122828927 (21,21)
[3272] 2015/02/27 15:36:24.411 連線確認 E122828927 (21,21)
[3272] 2015/02/27 15:36:44.205 收到 Head 資訊 {Count 2} {Type B } 
[3272] 2015/02/27 15:37:24.426 連線確認 E122828927 (21,21)
[3272] 2015/02/27 15:38:24.438 連線確認 E122828927 (21,21)
[3272] 2015/02/27 15:39:24.452 連線確認 E122828927 (21,21)
[3272] 2015/02/27 15:40:24.465 連線確認 E122828927 (21,21)
[3272] 2015/02/27 15:41:24.480 連線確認 E122828927 (21,21)
[3272] 2015/02/27 15:41:45.204 收到 Head 資訊 {Count 2} {Type B } 
[3272] 2015/02/27 15:42:24.493 連線確認 E122828927 (21,21)
[3272] 2015/02/27 15:43:24.507 連線確認 E122828927 (21,21)
[3272] 2015/02/27 15:44:24.521 連線確認 E122828927 (21,21)
[3272] 2015/02/27 15:45:24.533 連線確認 E122828927 (21,21)
[3272] 2015/02/27 15:46:24.547 連線確認 E122828927 (21,21)
[3272] 2015/02/27 15:46:46.179 收到 Head 資訊 {Count 2} {Type B } 
[3272] 2015/02/27 15:47:24.561 連線確認 E122828927 (21,21)
[3272] 2015/02/27 15:48:24.575 連線確認 E122828927 (21,21)
[3272] 2015/02/27 15:49:24.589 連線確認 E122828927 (21,21)
[3272] 2015/02/27 15:50:24.603 連線確認 E122828927 (21,21)
[3272] 2015/02/27 15:50:53.270 收到 Head 資訊 {Count 2} {Type C } 
[3272] 2015/02/27 15:51:03.264 收到 Head 資訊 {Count 2} {Type C } 
[3272] 2015/02/27 15:51:24.615 連線確認 E122828927 (21,21)
[3272] 2015/02/27 15:51:47.185 收到 Head 資訊 {Count 2} {Type B } 
[3272] 2015/02/27 15:52:24.629 連線確認 E122828927 (21,21)
[3272] 2015/02/27 15:53:24.643 連線確認 E122828927 (21,21)
[3272] 2015/02/27 15:54:24.655 連線確認 E122828927 (21,21)
[3272] 2015/02/27 15:55:24.670 連線確認 E122828927 (21,21)
[3272] 2015/02/27 15:56:24.683 連線確認 E122828927 (21,21)
[3272] 2015/02/27 15:56:48.186 收到 Head 資訊 {Count 2} {Type B } 
[3272] 2015/02/27 15:57:24.698 連線確認 E122828927 (21,21)
[3272] 2015/02/27 15:58:24.710 連線確認 E122828927 (21,21)
[3272] 2015/02/27 15:59:24.723 連線確認 E122828927 (21,21)
[3272] 2015/02/27 16:00:24.738 連線確認 E122828927 (21,21)
[3272] 2015/02/27 16:01:24.751 連線確認 E122828927 (21,21)
[3272] 2015/02/27 16:01:49.165 收到 Head 資訊 {Count 2} {Type B } 
[3272] 2015/02/27 16:02:24.766 連線確認 E122828927 (21,21)
[3272] 2015/02/27 16:03:24.779 連線確認 E122828927 (21,21)
[3272] 2015/02/27 16:04:24.793 連線確認 E122828927 (21,21)
[3272] 2015/02/27 16:05:24.805 連線確認 E122828927 (21,21)
[3272] 2015/02/27 16:06:13.161 收到 Head 資訊 {Count 2} {Type C } 
[3272] 2015/02/27 16:06:24.819 連線確認 E122828927 (21,21)
[3272] 2015/02/27 16:06:50.172 收到 Head 資訊 {Count 2} {Type B } 
[3272] 2015/02/27 16:07:24.832 連線確認 E122828927 (21,21)
[3272] 2015/02/27 16:08:24.845 連線確認 E122828927 (21,21)
[3272] 2015/02/27 16:09:24.860 連線確認 E122828927 (21,21)
[3272] 2015/02/27 16:10:24.873 連線確認 E122828927 (21,21)
[3272] 2015/02/27 16:11:24.888 連線確認 E122828927 (21,21)
[3272] 2015/02/27 16:11:51.173 收到 Head 資訊 {Count 2} {Type B } 
[3272] 2015/02/27 16:12:24.900 連線確認 E122828927 (21,21)
[3272] 2015/02/27 16:13:24.914 連線確認 E122828927 (21,21)
[3272] 2015/02/27 16:14:24.927 連線確認 E122828927 (21,21)
[3272] 2015/02/27 16:15:24.941 連線確認 E122828927 (21,21)
[3272] 2015/02/27 16:16:24.955 連線確認 E122828927 (21,21)
[3272] 2015/02/27 16:16:52.156 收到 Head 資訊 {Count 2} {Type B } 
[3272] 2015/02/27 16:17:24.968 連線確認 E122828927 (21,21)
[3272] 2015/02/27 16:18:24.982 連線確認 E122828927 (21,21)
[3272] 2015/02/27 16:19:24.996 連線確認 E122828927 (21,21)
[3272] 2015/02/27 16:20:25.010 連線確認 E122828927 (21,21)
[3272] 2015/02/27 16:21:25.023 連線確認 E122828927 (21,21)
[3272] 2015/02/27 16:21:53.181 收到 Head 資訊 {Count 2} {Type B } 
[3272] 2015/02/27 16:22:25.037 連線確認 E122828927 (21,21)
[3272] 2015/02/27 16:23:25.051 連線確認 E122828927 (21,21)
[3272] 2015/02/27 16:24:25.064 連線確認 E122828927 (21,21)
[3272] 2015/02/27 16:25:25.077 連線確認 E122828927 (21,21)
[3272] 2015/02/27 16:26:25.091 連線確認 E122828927 (21,21)
[3272] 2015/02/27 16:26:54.155 收到 Head 資訊 {Count 2} {Type B } 
[3272] 2015/02/27 16:27:25.105 連線確認 E122828927 (21,21)
[3272] 2015/02/27 16:28:25.118 連線確認 E122828927 (21,21)
[3272] 2015/02/27 16:29:25.131 連線確認 E122828927 (21,21)
[3272] 2015/02/27 16:30:25.146 連線確認 E122828927 (21,21)
[3272] 2015/02/27 16:30:53.719 收到 Head 資訊 {Count 2} {Type C } 
[3272] 2015/02/27 16:31:03.744 收到 Head 資訊 {Count 2} {Type C } 
[3272] 2015/02/27 16:31:25.158 連線確認 E122828927 (21,21)
[3272] 2015/02/27 16:31:55.148 收到 Head 資訊 {Count 2} {Type B } 
[3272] 2015/02/27 16:32:25.173 連線確認 E122828927 (21,21)
[3272] 2015/02/27 16:33:25.186 連線確認 E122828927 (21,21)
[3272] 2015/02/27 16:34:25.200 連線確認 E122828927 (21,21)
[3272] 2015/02/27 16:35:25.213 連線確認 E122828927 (21,21)
[3272] 2015/02/27 16:36:25.226 連線確認 E122828927 (21,21)
[3272] 2015/02/27 16:36:56.145 收到 Head 資訊 {Count 2} {Type B } 
[3272] 2015/02/27 16:37:25.241 連線確認 E122828927 (21,21)
[3272] 2015/02/27 16:38:25.254 連線確認 E122828927 (21,21)
[3272] 2015/02/27 16:39:25.267 連線確認 E122828927 (21,21)
[3272] 2015/02/27 16:40:25.281 連線確認 E122828927 (21,21)
[3272] 2015/02/27 16:41:25.295 連線確認 E122828927 (21,21)
[3272] 2015/02/27 16:41:57.159 收到 Head 資訊 {Count 2} {Type B } 
[3272] 2015/02/27 16:42:25.308 連線確認 E122828927 (21,21)
[3272] 2015/02/27 16:43:25.322 連線確認 E122828927 (21,21)
[3272] 2015/02/27 16:44:25.335 連線確認 E122828927 (21,21)
[3272] 2015/02/27 16:45:25.348 連線確認 E122828927 (21,21)
[3272] 2015/02/27 16:46:25.362 連線確認 E122828927 (21,21)
[3272] 2015/02/27 16:46:33.488 收到 Head 資訊 {Count 2} {Type C } 
[3272] 2015/02/27 16:46:58.160 收到 Head 資訊 {Count 2} {Type B } 
[3272] 2015/02/27 16:47:25.376 連線確認 E122828927 (21,21)
[3272] 2015/02/27 16:48:25.390 連線確認 E122828927 (21,21)
[3272] 2015/02/27 16:49:25.404 連線確認 E122828927 (21,21)
[3272] 2015/02/27 16:50:25.416 連線確認 E122828927 (21,21)
[3272] 2015/02/27 16:51:03.722 收到 Head 資訊 {Count 2} {Type C } 
[3272] 2015/02/27 16:51:13.715 收到 Head 資訊 {Count 2} {Type C } 
[3272] 2015/02/27 16:51:23.697 收到 Head 資訊 {Count 2} {Type C } 
[3272] 2015/02/27 16:51:25.430 連線確認 E122828927 (21,21)
[3272] 2015/02/27 16:51:33.707 收到 Head 資訊 {Count 2} {Type C } 
[3272] 2015/02/27 16:51:59.139 收到 Head 資訊 {Count 2} {Type B } 
[3272] 2015/02/27 16:52:25.444 連線確認 E122828927 (21,21)
[3272] 2015/02/27 16:53:25.458 連線確認 E122828927 (21,21)
[3272] 2015/02/27 16:54:25.470 連線確認 E122828927 (21,21)
[3272] 2015/02/27 16:55:25.485 連線確認 E122828927 (21,21)
[3272] 2015/02/27 16:56:25.498 連線確認 E122828927 (21,21)
[3272] 2015/02/27 16:57:00.137 收到 Head 資訊 {Count 2} {Type B } 
[3272] 2015/02/27 16:57:25.513 連線確認 E122828927 (21,21)
[3272] 2015/02/27 16:58:25.527 連線確認 E122828927 (21,21)
[3272] 2015/02/27 16:59:25.538 連線確認 E122828927 (21,21)
[3272] 2015/02/27 17:00:25.553 連線確認 E122828927 (21,21)
[3272] 2015/02/27 17:01:25.565 連線確認 E122828927 (21,21)
[3272] 2015/02/27 17:02:01.157 收到 Head 資訊 {Count 2} {Type B } 
[3272] 2015/02/27 17:02:25.580 連線確認 E122828927 (21,21)
[3272] 2015/02/27 17:03:25.593 連線確認 E122828927 (21,21)
[3272] 2015/02/27 17:03:43.750 收到 Head 資訊 {Count 2} {Type C } 
[3272] 2015/02/27 17:04:25.608 連線確認 E122828927 (21,21)
[3272] 2015/02/27 17:05:25.620 連線確認 E122828927 (21,21)
[3272] 2015/02/27 17:06:25.633 連線確認 E122828927 (21,21)
[3272] 2015/02/27 17:07:02.125 收到 Head 資訊 {Count 2} {Type B } 
[3272] 2015/02/27 17:07:25.648 連線確認 E122828927 (21,21)
[3272] 2015/02/27 17:08:25.662 連線確認 E122828927 (21,21)
[3272] 2015/02/27 17:09:25.675 連線確認 E122828927 (21,21)
[3272] 2015/02/27 17:10:25.688 連線確認 E122828927 (21,21)
[3272] 2015/02/27 17:11:25.703 連線確認 E122828927 (21,21)
[3272] 2015/02/27 17:12:03.128 收到 Head 資訊 {Count 2} {Type B } 
[3272] 2015/02/27 17:12:25.716 連線確認 E122828927 (21,21)
[3272] 2015/02/27 17:13:25.729 連線確認 E122828927 (21,21)
[3272] 2015/02/27 17:14:25.742 連線確認 E122828927 (21,21)
[3272] 2015/02/27 17:15:25.757 連線確認 E122828927 (21,21)
[3272] 2015/02/27 17:16:25.770 連線確認 E122828927 (21,21)
[3272] 2015/02/27 17:17:04.128 收到 Head 資訊 {Count 2} {Type B } 
[3272] 2015/02/27 17:17:25.784 連線確認 E122828927 (21,21)
[3272] 2015/02/27 17:18:25.797 連線確認 E122828927 (21,21)
[3272] 2015/02/27 17:19:25.811 連線確認 E122828927 (21,21)
[3272] 2015/02/27 17:20:14.027 收到 Head 資訊 {Count 2} {Type C } 
[3272] 2015/02/27 17:20:25.823 連線確認 E122828927 (21,21)
[3272] 2015/02/27 17:21:25.838 連線確認 E122828927 (21,21)
[3272] 2015/02/27 17:22:05.145 收到 Head 資訊 {Count 2} {Type B } 
[3272] 2015/02/27 17:22:25.852 連線確認 E122828927 (21,21)
[3272] 2015/02/27 17:23:25.865 連線確認 E122828927 (21,21)
[3272] 2015/02/27 17:24:25.878 連線確認 E122828927 (21,21)
[3272] 2015/02/27 17:25:25.893 連線確認 E122828927 (21,21)
[3272] 2015/02/27 17:26:25.905 連線確認 E122828927 (21,21)
[3272] 2015/02/27 17:27:06.134 收到 Head 資訊 {Count 2} {Type B } 
[3272] 2015/02/27 17:27:25.919 連線確認 E122828927 (21,21)
[3272] 2015/02/27 17:28:25.934 連線確認 E122828927 (21,21)
[3272] 2015/02/27 17:29:25.947 連線確認 E122828927 (21,21)
[3272] 2015/02/27 17:30:25.961 連線確認 E122828927 (21,21)
[3272] 2015/02/27 17:31:25.974 連線確認 E122828927 (21,21)
[3272] 2015/02/27 17:32:07.134 收到 Head 資訊 {Count 2} {Type B } 
[3272] 2015/02/27 17:32:25.988 連線確認 E122828927 (21,21)
[3272] 2015/02/27 17:33:26.007 連線確認 E122828927 (21,21)
[3272] 2015/02/27 17:34:26.016 連線確認 E122828927 (21,21)
[3272] 2015/02/27 17:35:26.028 連線確認 E122828927 (21,21)
[3272] 2015/02/27 17:36:26.041 連線確認 E122828927 (21,21)
[3272] 2015/02/27 17:36:44.326 收到 Head 資訊 {Count 2} {Type C } 
[3272] 2015/02/27 17:37:08.118 收到 Head 資訊 {Count 2} {Type B } 
[3272] 2015/02/27 17:37:26.056 連線確認 E122828927 (21,21)
[3272] 2015/02/27 17:38:26.069 連線確認 E122828927 (21,21)
[3272] 2015/02/27 17:39:26.083 連線確認 E122828927 (21,21)
[3272] 2015/02/27 17:40:26.096 連線確認 E122828927 (21,21)
[3272] 2015/02/27 17:41:26.110 連線確認 E122828927 (21,21)
[3272] 2015/02/27 17:42:09.135 收到 Head 資訊 {Count 2} {Type B } 
[3272] 2015/02/27 17:42:26.123 連線確認 E122828927 (21,21)
[3272] 2015/02/27 17:43:26.138 連線確認 E122828927 (21,21)
[3272] 2015/02/27 17:44:26.150 連線確認 E122828927 (21,21)
[3272] 2015/02/27 17:45:26.163 連線確認 E122828927 (21,21)
[3272] 2015/02/27 17:46:26.179 連線確認 E122828927 (21,21)
[3272] 2015/02/27 17:47:10.117 收到 Head 資訊 {Count 2} {Type B } 
[3272] 2015/02/27 17:47:26.191 連線確認 E122828927 (21,21)
[3272] 2015/02/27 17:48:26.206 連線確認 E122828927 (21,21)
[3272] 2015/02/27 17:49:26.219 連線確認 E122828927 (21,21)
[3272] 2015/02/27 17:50:26.232 連線確認 E122828927 (21,21)
[3272] 2015/02/27 17:51:26.245 連線確認 E122828927 (21,21)
[3272] 2015/02/27 17:52:11.121 收到 Head 資訊 {Count 2} {Type B } 
[3272] 2015/02/27 17:52:26.259 連線確認 E122828927 (21,21)
[3272] 2015/02/27 17:53:14.576 收到 Head 資訊 {Count 2} {Type C } 
[3272] 2015/02/27 17:53:26.273 連線確認 E122828927 (21,21)
[3272] 2015/02/27 17:54:26.287 連線確認 E122828927 (21,21)
[3272] 2015/02/27 17:55:26.300 連線確認 E122828927 (21,21)
[3272] 2015/02/27 17:56:26.313 連線確認 E122828927 (21,21)
[3272] 2015/02/27 17:57:12.118 收到 Head 資訊 {Count 2} {Type B } 
[3272] 2015/02/27 17:57:26.327 連線確認 E122828927 (21,21)
[3272] 2015/02/27 17:58:26.341 連線確認 E122828927 (21,21)
[3272] 2015/02/27 17:59:26.354 連線確認 E122828927 (21,21)
[3272] 2015/02/27 18:00:26.367 連線確認 E122828927 (21,21)
[3272] 2015/02/27 18:01:26.382 連線確認 E122828927 (21,21)
[3272] 2015/02/27 18:02:13.124 收到 Head 資訊 {Count 2} {Type B } 
[3272] 2015/02/27 18:02:26.395 連線確認 E122828927 (21,21)
[3272] 2015/02/27 18:03:26.410 連線確認 E122828927 (21,21)
[3272] 2015/02/27 18:04:26.423 連線確認 E122828927 (21,21)
[3272] 2015/02/27 18:05:26.436 連線確認 E122828927 (21,21)
[3272] 2015/02/27 18:06:26.448 連線確認 E122828927 (21,21)
[3272] 2015/02/27 18:07:14.105 收到 Head 資訊 {Count 2} {Type B } 
[3272] 2015/02/27 18:07:26.463 連線確認 E122828927 (21,21)
[3272] 2015/02/27 18:08:26.476 連線確認 E122828927 (21,21)
[3272] 2015/02/27 18:09:26.490 連線確認 E122828927 (21,21)
[3272] 2015/02/27 18:09:44.890 收到 Head 資訊 {Count 2} {Type C } 
[3272] 2015/02/27 18:10:26.503 連線確認 E122828927 (21,21)
[3272] 2015/02/27 18:11:26.518 連線確認 E122828927 (21,21)
[3272] 2015/02/27 18:12:15.088 收到 Head 資訊 {Count 2} {Type B } 
[3272] 2015/02/27 18:12:26.531 連線確認 E122828927 (21,21)
[3272] 2015/02/27 18:13:26.544 連線確認 E122828927 (21,21)
[3272] 2015/02/27 18:14:26.573 連線確認 E122828927 (21,21)
[3272] 2015/02/27 18:15:26.571 連線確認 E122828927 (21,21)
[3272] 2015/02/27 18:16:26.585 連線確認 E122828927 (21,21)
[3272] 2015/02/27 18:17:16.103 收到 Head 資訊 {Count 2} {Type B } 
[3272] 2015/02/27 18:17:26.599 連線確認 E122828927 (21,21)
[3272] 2015/02/27 18:18:26.613 連線確認 E122828927 (21,21)
[3272] 2015/02/27 18:19:26.625 連線確認 E122828927 (21,21)
[3272] 2015/02/27 18:20:26.638 連線確認 E122828927 (21,21)
[3272] 2015/02/27 18:21:26.653 連線確認 E122828927 (21,21)
[3272] 2015/02/27 18:22:16.623 收到 Head 資訊 {Count 2} {Type B } 
[3272] 2015/02/27 18:22:26.666 連線確認 E122828927 (21,21)
[3272] 2015/02/27 18:23:26.681 連線確認 E122828927 (21,21)
[3272] 2015/02/27 18:24:26.694 連線確認 E122828927 (21,21)
[3272] 2015/02/27 18:25:26.709 連線確認 E122828927 (21,21)
[3272] 2015/02/27 18:26:14.866 收到 Head 資訊 {Count 2} {Type C } 
[3272] 2015/02/27 18:26:26.720 連線確認 E122828927 (21,21)
[3272] 2015/02/27 18:27:17.618 收到 Head 資訊 {Count 2} {Type B } 
[3272] 2015/02/27 18:27:26.735 連線確認 E122828927 (21,21)
[3272] 2015/02/27 18:28:26.748 連線確認 E122828927 (21,21)
[3272] 2015/02/27 18:29:26.763 連線確認 E122828927 (21,21)
[3272] 2015/02/27 18:30:05.088 收到 Head 資訊 {Count 2} {Type C } 
[3272] 2015/02/27 18:30:15.099 收到 Head 資訊 {Count 2} {Type C } 
[3272] 2015/02/27 18:30:25.108 收到 Head 資訊 {Count 2} {Type C } 
[3272] 2015/02/27 18:30:26.775 連線確認 E122828927 (21,21)
[3272] 2015/02/27 18:30:35.104 收到 Head 資訊 {Count 2} {Type C } 
[3272] 2015/02/27 18:30:45.098 收到 Head 資訊 {Count 2} {Type C } 
[3272] 2015/02/27 18:31:26.789 連線確認 E122828927 (21,21)
[3272] 2015/02/27 18:32:18.618 收到 Head 資訊 {Count 2} {Type B } 
[3272] 2015/02/27 18:32:26.803 連線確認 E122828927 (21,21)
[3272] 2015/02/27 18:33:26.815 連線確認 E122828927 (21,21)
[3272] 2015/02/27 18:34:26.830 連線確認 E122828927 (21,21)
[3272] 2015/02/27 18:35:26.842 連線確認 E122828927 (21,21)
[3272] 2015/02/27 18:36:26.857 連線確認 E122828927 (21,21)
[3272] 2015/02/27 18:37:18.998 收到 Head 資訊 {Count 2} {Type B } 
[3272] 2015/02/27 18:37:26.871 連線確認 E122828927 (21,21)
[3272] 2015/02/27 18:38:26.885 連線確認 E122828927 (21,21)
[3272] 2015/02/27 18:39:26.898 連線確認 E122828927 (21,21)
[3272] 2015/02/27 18:40:26.910 連線確認 E122828927 (21,21)
[3272] 2015/02/27 18:41:26.924 連線確認 E122828927 (21,21)
[3272] 2015/02/27 18:42:19.983 收到 Head 資訊 {Count 2} {Type B } 
[3272] 2015/02/27 18:42:26.938 連線確認 E122828927 (21,21)
[3272] 2015/02/27 18:43:26.952 連線確認 E122828927 (21,21)
[3272] 2015/02/27 18:43:34.507 收到 Head 資訊 {Count 2} {Type C } 
[3272] 2015/02/27 18:44:26.965 連線確認 E122828927 (21,21)
[3272] 2015/02/27 18:45:26.979 連線確認 E122828927 (21,21)
[3272] 2015/02/27 18:46:26.993 連線確認 E122828927 (21,21)
[3272] 2015/02/27 18:47:20.975 收到 Head 資訊 {Count 2} {Type B } 
[3272] 2015/02/27 18:47:27.006 連線確認 E122828927 (21,21)
[3272] 2015/02/27 18:48:27.020 連線確認 E122828927 (21,21)
[3272] 2015/02/27 18:49:27.033 連線確認 E122828927 (21,21)
[3272] 2015/02/27 18:50:27.047 連線確認 E122828927 (21,21)
[3272] 2015/02/27 18:51:27.061 連線確認 E122828927 (21,21)
[3272] 2015/02/27 18:52:21.972 收到 Head 資訊 {Count 2} {Type B } 
[3272] 2015/02/27 18:52:33.512 連線確認 E122828927 (21,21)
[3272] 2015/02/27 18:53:33.499 連線確認 E122828927 (21,21)
[3272] 2015/02/27 18:54:33.512 連線確認 E122828927 (21,21)
[3272] 2015/02/27 18:55:33.529 連線確認 E122828927 (21,21)
[3272] 2015/02/27 18:56:33.540 連線確認 E122828927 (21,21)
[3272] 2015/02/27 18:57:22.938 收到 Head 資訊 {Count 2} {Type B } 
[3272] 2015/02/27 18:57:33.554 連線確認 E122828927 (21,21)
[3272] 2015/02/27 18:58:33.568 連線確認 E122828927 (21,21)
[3272] 2015/02/27 18:59:33.582 連線確認 E122828927 (21,21)
[3272] 2015/02/27 19:00:04.764 收到 Head 資訊 {Count 2} {Type C } 
[3272] 2015/02/27 19:00:33.594 連線確認 E122828927 (21,21)
[3272] 2015/02/27 19:01:33.607 連線確認 E122828927 (21,21)
[3272] 2015/02/27 19:02:23.951 收到 Head 資訊 {Count 2} {Type B } 
[3272] 2015/02/27 19:02:33.622 連線確認 E122828927 (21,21)
[3272] 2015/02/27 19:03:33.635 連線確認 E122828927 (21,21)
[3272] 2015/02/27 19:04:33.649 連線確認 E122828927 (21,21)
[3272] 2015/02/27 19:05:33.662 連線確認 E122828927 (21,21)
[3272] 2015/02/27 19:06:33.676 連線確認 E122828927 (21,21)
[3272] 2015/02/27 19:07:24.953 收到 Head 資訊 {Count 2} {Type B } 
[3272] 2015/02/27 19:07:33.690 連線確認 E122828927 (21,21)
[3272] 2015/02/27 19:08:33.703 連線確認 E122828927 (21,21)
[3272] 2015/02/27 19:09:33.718 連線確認 E122828927 (21,21)
[3272] 2015/02/27 19:10:33.731 連線確認 E122828927 (21,21)
[3272] 2015/02/27 19:11:33.743 連線確認 E122828927 (21,21)
[3272] 2015/02/27 19:12:25.892 收到 Head 資訊 {Count 2} {Type B } 
[3272] 2015/02/27 19:12:33.757 連線確認 E122828927 (21,21)
[3272] 2015/02/27 19:13:33.771 連線確認 E122828927 (21,21)
[3272] 2015/02/27 19:14:33.785 連線確認 E122828927 (21,21)
[3272] 2015/02/27 19:15:33.798 連線確認 E122828927 (21,21)
[3272] 2015/02/27 19:16:33.812 連線確認 E122828927 (21,21)
[3272] 2015/02/27 19:17:26.883 收到 Head 資訊 {Count 2} {Type B } 
[3272] 2015/02/27 19:17:33.826 連線確認 E122828927 (21,21)
[3272] 2015/02/27 19:18:33.839 連線確認 E122828927 (21,21)
[3272] 2015/02/27 19:19:33.853 連線確認 E122828927 (21,21)
[3272] 2015/02/27 19:20:33.865 連線確認 E122828927 (21,21)
[3272] 2015/02/27 19:21:33.879 連線確認 E122828927 (21,21)
[3272] 2015/02/27 19:22:27.879 收到 Head 資訊 {Count 2} {Type B } 
[3272] 2015/02/27 19:22:33.894 連線確認 E122828927 (21,21)
[3272] 2015/02/27 19:23:33.906 連線確認 E122828927 (21,21)
[3272] 2015/02/27 19:24:33.921 連線確認 E122828927 (21,21)
[3272] 2015/02/27 19:25:33.934 連線確認 E122828927 (21,21)
[3272] 2015/02/27 19:26:33.948 連線確認 E122828927 (21,21)
[3272] 2015/02/27 19:27:29.091 收到 Head 資訊 {Count 2} {Type B } 
[3272] 2015/02/27 19:27:33.961 連線確認 E122828927 (21,21)
[3272] 2015/02/27 19:28:33.976 連線確認 E122828927 (21,21)
[3272] 2015/02/27 19:29:33.988 連線確認 E122828927 (21,21)
[3272] 2015/02/27 19:30:34.001 連線確認 E122828927 (21,21)
[3272] 2015/02/27 19:31:34.015 連線確認 E122828927 (21,21)
[3272] 2015/02/27 19:32:30.084 收到 Head 資訊 {Count 2} {Type B } 
[3272] 2015/02/27 19:32:34.029 連線確認 E122828927 (21,21)
[3272] 2015/02/27 19:33:34.044 連線確認 E122828927 (21,21)
[3272] 2015/02/27 19:34:34.057 連線確認 E122828927 (21,21)
[3272] 2015/02/27 19:35:34.071 連線確認 E122828927 (21,21)
[3272] 2015/02/27 19:36:34.083 連線確認 E122828927 (21,21)
[3272] 2015/02/27 19:37:31.090 收到 Head 資訊 {Count 2} {Type B } 
[3272] 2015/02/27 19:37:34.097 連線確認 E122828927 (21,21)
[3272] 2015/02/27 19:38:34.111 連線確認 E122828927 (21,21)
[3272] 2015/02/27 19:39:34.125 連線確認 E122828927 (21,21)
[3272] 2015/02/27 19:40:34.138 連線確認 E122828927 (21,21)
[3272] 2015/02/27 19:41:34.151 連線確認 E122828927 (21,21)
[3272] 2015/02/27 19:42:31.812 收到 Head 資訊 {Count 2} {Type B } 
[3272] 2015/02/27 19:42:34.164 連線確認 E122828927 (21,21)
[3272] 2015/02/27 19:43:34.179 連線確認 E122828927 (21,21)
[3272] 2015/02/27 19:44:34.192 連線確認 E122828927 (21,21)
[3272] 2015/02/27 19:45:34.207 連線確認 E122828927 (21,21)
[3272] 2015/02/27 19:46:34.219 連線確認 E122828927 (21,21)
[3272] 2015/02/27 19:47:32.787 收到 Head 資訊 {Count 2} {Type B } 
[3272] 2015/02/27 19:47:34.233 連線確認 E122828927 (21,21)
[3272] 2015/02/27 19:48:34.247 連線確認 E122828927 (21,21)
[3272] 2015/02/27 19:49:34.260 連線確認 E122828927 (21,21)
[3272] 2015/02/27 19:50:34.273 連線確認 E122828927 (21,21)
[3272] 2015/02/27 19:51:34.287 連線確認 E122828927 (21,21)
[3272] 2015/02/27 19:52:34.302 連線確認 E122828927 (21,21)
[3272] 2015/02/27 19:52:35.795 收到 Head 資訊 {Count 2} {Type B } 
[3272] 2015/02/27 19:53:34.314 連線確認 E122828927 (21,21)
[3272] 2015/02/27 19:54:34.328 連線確認 E122828927 (21,21)
[3272] 2015/02/27 19:55:34.341 連線確認 E122828927 (21,21)
[3272] 2015/02/27 19:56:34.356 連線確認 E122828927 (21,21)
[3272] 2015/02/27 19:57:34.369 連線確認 E122828927 (21,21)
[3272] 2015/02/27 19:57:37.359 收到 Head 資訊 {Count 2} {Type B } 
[3272] 2015/02/27 19:58:34.382 連線確認 E122828927 (21,21)
[3272] 2015/02/27 19:59:34.396 連線確認 E122828927 (21,21)
[3272] 2015/02/27 20:00:34.409 連線確認 E122828927 (21,21)
[3272] 2015/02/27 20:01:34.423 連線確認 E122828927 (21,21)
[3272] 2015/02/27 20:02:34.437 連線確認 E122828927 (21,21)
[3272] 2015/02/27 20:02:38.358 收到 Head 資訊 {Count 2} {Type B } 
[3272] 2015/02/27 20:03:34.450 連線確認 E122828927 (21,21)
[3272] 2015/02/27 20:04:34.464 連線確認 E122828927 (21,21)
[3272] 2015/02/27 20:05:34.478 連線確認 E122828927 (21,21)
[3272] 2015/02/27 20:06:34.490 連線確認 E122828927 (21,21)
[3272] 2015/02/27 20:07:34.504 連線確認 E122828927 (21,21)
[3272] 2015/02/27 20:07:39.368 收到 Head 資訊 {Count 2} {Type B } 
[3272] 2015/02/27 20:08:34.518 連線確認 E122828927 (21,21)
[3272] 2015/02/27 20:09:34.532 連線確認 E122828927 (21,21)
[3272] 2015/02/27 20:10:34.545 連線確認 E122828927 (21,21)
[3272] 2015/02/27 20:11:34.559 連線確認 E122828927 (21,21)
[3272] 2015/02/27 20:12:34.572 連線確認 E122828927 (21,21)
[3272] 2015/02/27 20:12:40.397 收到 Head 資訊 {Count 2} {Type B } 
[3272] 2015/02/27 20:13:34.586 連線確認 E122828927 (21,21)
[3272] 2015/02/27 20:14:34.599 連線確認 E122828927 (21,21)
[3272] 2015/02/27 20:15:34.613 連線確認 E122828927 (21,21)
[3272] 2015/02/27 20:16:34.627 連線確認 E122828927 (21,21)
[3272] 2015/02/27 20:17:34.641 連線確認 E122828927 (21,21)
[3272] 2015/02/27 20:17:41.411 收到 Head 資訊 {Count 2} {Type B } 
[3272] 2015/02/27 20:18:34.653 連線確認 E122828927 (21,21)
[3272] 2015/02/27 20:19:34.669 連線確認 E122828927 (21,21)
[3272] 2015/02/27 20:20:34.681 連線確認 E122828927 (21,21)
[3272] 2015/02/27 20:21:34.695 連線確認 E122828927 (21,21)
[3272] 2015/02/27 20:22:34.708 連線確認 E122828927 (21,21)
[3272] 2015/02/27 20:22:42.397 收到 Head 資訊 {Count 2} {Type B } 
[3272] 2015/02/27 20:23:34.722 連線確認 E122828927 (21,21)
[3272] 2015/02/27 20:24:34.736 連線確認 E122828927 (21,21)
[3272] 2015/02/27 20:25:34.749 連線確認 E122828927 (21,21)
[3272] 2015/02/27 20:26:34.762 連線確認 E122828927 (21,21)
[3272] 2015/02/27 20:27:34.777 連線確認 E122828927 (21,21)
[3272] 2015/02/27 20:27:42.704 收到 Head 資訊 {Count 2} {Type B } 
[3272] 2015/02/27 20:28:34.790 連線確認 E122828927 (21,21)
[3272] 2015/02/27 20:29:34.803 連線確認 E122828927 (21,21)
[3272] 2015/02/27 20:30:34.817 連線確認 E122828927 (21,21)
[3272] 2015/02/27 20:31:34.831 連線確認 E122828927 (21,21)
[3272] 2015/02/27 20:32:34.844 連線確認 E122828927 (21,21)
[3272] 2015/02/27 20:32:43.717 收到 Head 資訊 {Count 2} {Type B } 
[3272] 2015/02/27 20:33:34.858 連線確認 E122828927 (21,21)
[3272] 2015/02/27 20:34:34.871 連線確認 E122828927 (21,21)
[3272] 2015/02/27 20:35:34.884 連線確認 E122828927 (21,21)
[3272] 2015/02/27 20:36:34.899 連線確認 E122828927 (21,21)
[3272] 2015/02/27 20:37:34.912 連線確認 E122828927 (21,21)
[3272] 2015/02/27 20:37:44.716 收到 Head 資訊 {Count 2} {Type B } 
[3272] 2015/02/27 20:38:34.925 連線確認 E122828927 (21,21)
[3272] 2015/02/27 20:39:34.939 連線確認 E122828927 (21,21)
[3272] 2015/02/27 20:40:34.953 連線確認 E122828927 (21,21)
[3272] 2015/02/27 20:41:34.967 連線確認 E122828927 (21,21)
[3272] 2015/02/27 20:42:34.980 連線確認 E122828927 (21,21)
[3272] 2015/02/27 20:42:46.467 收到 Head 資訊 {Count 2} {Type B } 
[3272] 2015/02/27 20:43:34.993 連線確認 E122828927 (21,21)
[3272] 2015/02/27 20:44:35.007 連線確認 E122828927 (21,21)
[3272] 2015/02/27 20:45:35.021 連線確認 E122828927 (21,21)
[3272] 2015/02/27 20:46:35.034 連線確認 E122828927 (21,21)
[3272] 2015/02/27 20:47:35.048 連線確認 E122828927 (21,21)
[3272] 2015/02/27 20:47:47.475 收到 Head 資訊 {Count 2} {Type B } 
[3272] 2015/02/27 20:48:35.062 連線確認 E122828927 (21,21)
[3272] 2015/02/27 20:49:35.075 連線確認 E122828927 (21,21)
[3272] 2015/02/27 20:50:35.088 連線確認 E122828927 (21,21)
[3272] 2015/02/27 20:51:35.103 連線確認 E122828927 (21,21)
[3272] 2015/02/27 20:52:35.116 連線確認 E122828927 (21,21)
[3272] 2015/02/27 20:52:48.455 收到 Head 資訊 {Count 2} {Type B } 
[3272] 2015/02/27 20:53:35.129 連線確認 E122828927 (21,21)
[3272] 2015/02/27 20:54:35.144 連線確認 E122828927 (21,21)
[3272] 2015/02/27 20:55:35.157 連線確認 E122828927 (21,21)
[3272] 2015/02/27 20:56:35.171 連線確認 E122828927 (21,21)
[3272] 2015/02/27 20:57:35.184 連線確認 E122828927 (21,21)
[3272] 2015/02/27 20:57:48.746 收到 Head 資訊 {Count 2} {Type B } 
[3272] 2015/02/27 20:58:35.197 連線確認 E122828927 (21,21)
[3272] 2015/02/27 20:59:35.211 連線確認 E122828927 (21,21)
[3272] 2015/02/27 21:00:35.225 連線確認 E122828927 (21,21)
[3272] 2015/02/27 21:01:35.238 連線確認 E122828927 (21,21)
[3272] 2015/02/27 21:02:35.251 連線確認 E122828927 (21,21)
[3272] 2015/02/27 21:02:49.752 收到 Head 資訊 {Count 2} {Type B } 
[3272] 2015/02/27 21:03:35.266 連線確認 E122828927 (21,21)
[3272] 2015/02/27 21:04:35.279 連線確認 E122828927 (21,21)
[3272] 2015/02/27 21:05:35.292 連線確認 E122828927 (21,21)
[3272] 2015/02/27 21:06:35.307 連線確認 E122828927 (21,21)
[3272] 2015/02/27 21:07:35.319 連線確認 E122828927 (21,21)
[3272] 2015/02/27 21:07:50.758 收到 Head 資訊 {Count 2} {Type B } 
[3272] 2015/02/27 21:08:35.334 連線確認 E122828927 (21,21)
[3272] 2015/02/27 21:09:35.346 連線確認 E122828927 (21,21)
[3272] 2015/02/27 21:10:35.360 連線確認 E122828927 (21,21)
[3272] 2015/02/27 21:11:35.374 連線確認 E122828927 (21,21)
[3272] 2015/02/27 21:12:35.388 連線確認 E122828927 (21,21)
[3272] 2015/02/27 21:12:51.683 收到 Head 資訊 {Count 2} {Type B } 
[3272] 2015/02/27 21:13:35.402 連線確認 E122828927 (21,21)
[3272] 2015/02/27 21:14:35.414 連線確認 E122828927 (21,21)
[3272] 2015/02/27 21:15:35.428 連線確認 E122828927 (21,21)
[3272] 2015/02/27 21:16:35.442 連線確認 E122828927 (21,21)
[3272] 2015/02/27 21:17:35.455 連線確認 E122828927 (21,21)
[3272] 2015/02/27 21:17:52.695 收到 Head 資訊 {Count 2} {Type B } 
[3272] 2015/02/27 21:18:35.469 連線確認 E122828927 (21,21)
[3272] 2015/02/27 21:19:35.482 連線確認 E122828927 (21,21)
[3272] 2015/02/27 21:20:35.497 連線確認 E122828927 (21,21)
[3272] 2015/02/27 21:21:35.510 連線確認 E122828927 (21,21)
[3272] 2015/02/27 21:22:35.524 連線確認 E122828927 (21,21)
[3272] 2015/02/27 21:22:53.696 收到 Head 資訊 {Count 2} {Type B } 
[3272] 2015/02/27 21:23:35.538 連線確認 E122828927 (21,21)
[3272] 2015/02/27 21:24:35.550 連線確認 E122828927 (21,21)
[3272] 2015/02/27 21:25:35.564 連線確認 E122828927 (21,21)
[3272] 2015/02/27 21:26:35.578 連線確認 E122828927 (21,21)
[3272] 2015/02/27 21:27:35.591 連線確認 E122828927 (21,21)
[3272] 2015/02/27 21:27:55.019 收到 Head 資訊 {Count 2} {Type B } 
[3272] 2015/02/27 21:28:35.605 連線確認 E122828927 (21,21)
[3272] 2015/02/27 21:29:35.618 連線確認 E122828927 (21,21)
[3272] 2015/02/27 21:30:35.632 連線確認 E122828927 (21,21)
[3272] 2015/02/27 21:31:35.646 連線確認 E122828927 (21,21)
[3272] 2015/02/27 21:32:35.658 連線確認 E122828927 (21,21)
[3272] 2015/02/27 21:32:55.994 收到 Head 資訊 {Count 2} {Type B } 
[3272] 2015/02/27 21:33:35.674 連線確認 E122828927 (21,21)
[3272] 2015/02/27 21:34:35.687 連線確認 E122828927 (21,21)
[3272] 2015/02/27 21:35:35.701 連線確認 E122828927 (21,21)
[3272] 2015/02/27 21:36:35.713 連線確認 E122828927 (21,21)
[3272] 2015/02/27 21:37:35.728 連線確認 E122828927 (21,21)
[3272] 2015/02/27 21:37:57.011 收到 Head 資訊 {Count 2} {Type B } 
[3272] 2015/02/27 21:38:35.741 連線確認 E122828927 (21,21)
[3272] 2015/02/27 21:39:35.754 連線確認 E122828927 (21,21)
[3272] 2015/02/27 21:40:35.768 連線確認 E122828927 (21,21)
[3272] 2015/02/27 21:41:35.782 連線確認 E122828927 (21,21)
[3272] 2015/02/27 21:42:35.795 連線確認 E122828927 (21,21)
[3272] 2015/02/27 21:42:57.526 收到 Head 資訊 {Count 2} {Type B } 
[3272] 2015/02/27 21:43:35.809 連線確認 E122828927 (21,21)
[3272] 2015/02/27 21:44:35.822 連線確認 E122828927 (21,21)
[3272] 2015/02/27 21:45:35.837 連線確認 E122828927 (21,21)
[3272] 2015/02/27 21:46:35.849 連線確認 E122828927 (21,21)
[3272] 2015/02/27 21:47:35.864 連線確認 E122828927 (21,21)
[3272] 2015/02/27 21:47:58.514 收到 Head 資訊 {Count 2} {Type B } 
[3272] 2015/02/27 21:48:35.877 連線確認 E122828927 (21,21)
[3272] 2015/02/27 21:49:35.890 連線確認 E122828927 (21,21)
[3272] 2015/02/27 21:50:35.903 連線確認 E122828927 (21,21)
[3272] 2015/02/27 21:51:35.917 連線確認 E122828927 (21,21)
[3272] 2015/02/27 21:52:35.931 連線確認 E122828927 (21,21)
[3272] 2015/02/27 21:52:59.505 收到 Head 資訊 {Count 2} {Type B } 
[3272] 2015/02/27 21:53:35.944 連線確認 E122828927 (21,21)
[3272] 2015/02/27 21:54:35.958 連線確認 E122828927 (21,21)
[3272] 2015/02/27 21:55:35.972 連線確認 E122828927 (21,21)
[3272] 2015/02/27 21:56:35.985 連線確認 E122828927 (21,21)
[3272] 2015/02/27 21:57:36.000 連線確認 E122828927 (21,21)
[3272] 2015/02/27 21:58:01.265 收到 Head 資訊 {Count 2} {Type B } 
[3272] 2015/02/27 21:58:36.013 連線確認 E122828927 (21,21)
[3272] 2015/02/27 21:59:36.026 連線確認 E122828927 (21,21)
[3272] 2015/02/27 22:00:36.040 連線確認 E122828927 (21,21)
[3272] 2015/02/27 22:01:36.052 連線確認 E122828927 (21,21)
[3272] 2015/02/27 22:02:36.068 連線確認 E122828927 (21,21)
[3272] 2015/02/27 22:03:02.282 收到 Head 資訊 {Count 2} {Type B } 
[3272] 2015/02/27 22:03:36.081 連線確認 E122828927 (21,21)
[3272] 2015/02/27 22:04:36.095 連線確認 E122828927 (21,21)
[3272] 2015/02/27 22:05:36.108 連線確認 E122828927 (21,21)
[3272] 2015/02/27 22:06:36.120 連線確認 E122828927 (21,21)
[3272] 2015/02/27 22:07:36.135 連線確認 E122828927 (21,21)
[3272] 2015/02/27 22:08:03.271 收到 Head 資訊 {Count 2} {Type B } 
[3272] 2015/02/27 22:08:36.149 連線確認 E122828927 (21,21)
[3272] 2015/02/27 22:09:36.163 連線確認 E122828927 (21,21)
[3272] 2015/02/27 22:10:36.176 連線確認 E122828927 (21,21)
[3272] 2015/02/27 22:11:36.189 連線確認 E122828927 (21,21)
[3272] 2015/02/27 22:12:36.203 連線確認 E122828927 (21,21)
[3272] 2015/02/27 22:13:03.406 收到 Head 資訊 {Count 2} {Type B } 
[3272] 2015/02/27 22:13:36.217 連線確認 E122828927 (21,21)
[3272] 2015/02/27 22:14:36.230 連線確認 E122828927 (21,21)
[3272] 2015/02/27 22:15:36.243 連線確認 E122828927 (21,21)
[3272] 2015/02/27 22:16:36.258 連線確認 E122828927 (21,21)
[3272] 2015/02/27 22:17:36.270 連線確認 E122828927 (21,21)
[3272] 2015/02/27 22:18:04.391 收到 Head 資訊 {Count 2} {Type B } 
[3272] 2015/02/27 22:18:36.283 連線確認 E122828927 (21,21)
[3272] 2015/02/27 22:19:36.298 連線確認 E122828927 (21,21)
[3272] 2015/02/27 22:20:36.311 連線確認 E122828927 (21,21)
[3272] 2015/02/27 22:21:36.325 連線確認 E122828927 (21,21)
[3272] 2015/02/27 22:22:36.339 連線確認 E122828927 (21,21)
[3272] 2015/02/27 22:23:05.394 收到 Head 資訊 {Count 2} {Type B } 
[3272] 2015/02/27 22:23:36.353 連線確認 E122828927 (21,21)
[3272] 2015/02/27 22:24:36.366 連線確認 E122828927 (21,21)
[3272] 2015/02/27 22:25:36.378 連線確認 E122828927 (21,21)
[3272] 2015/02/27 22:26:36.392 連線確認 E122828927 (21,21)
[3272] 2015/02/27 22:27:36.407 連線確認 E122828927 (21,21)
[3272] 2015/02/27 22:28:06.330 收到 Head 資訊 {Count 2} {Type B } 
[3272] 2015/02/27 22:28:36.419 連線確認 E122828927 (21,21)
[3272] 2015/02/27 22:29:36.433 連線確認 E122828927 (21,21)
[3272] 2015/02/27 22:30:36.448 連線確認 E122828927 (21,21)
[3272] 2015/02/27 22:31:36.461 連線確認 E122828927 (21,21)
[3272] 2015/02/27 22:32:36.474 連線確認 E122828927 (21,21)
[3272] 2015/02/27 22:33:07.355 收到 Head 資訊 {Count 2} {Type B } 
[3272] 2015/02/27 22:33:36.488 連線確認 E122828927 (21,21)
[3272] 2015/02/27 22:34:36.502 連線確認 E122828927 (21,21)
[3272] 2015/02/27 22:35:36.515 連線確認 E122828927 (21,21)
[3272] 2015/02/27 22:36:36.529 連線確認 E122828927 (21,21)
[3272] 2015/02/27 22:37:36.543 連線確認 E122828927 (21,21)
[3272] 2015/02/27 22:38:08.329 收到 Head 資訊 {Count 2} {Type B } 
[3272] 2015/02/27 22:38:36.556 連線確認 E122828927 (21,21)
[3272] 2015/02/27 22:39:36.571 連線確認 E122828927 (21,21)
[3272] 2015/02/27 22:40:36.582 連線確認 E122828927 (21,21)
[3272] 2015/02/27 22:41:36.597 連線確認 E122828927 (21,21)
[3272] 2015/02/27 22:42:36.610 連線確認 E122828927 (21,21)
[3272] 2015/02/27 22:43:09.670 收到 Head 資訊 {Count 2} {Type B } 
[3272] 2015/02/27 22:43:36.623 連線確認 E122828927 (21,21)
[3272] 2015/02/27 22:44:36.637 連線確認 E122828927 (21,21)
[3272] 2015/02/27 22:45:36.651 連線確認 E122828927 (21,21)
[3272] 2015/02/27 22:46:36.665 連線確認 E122828927 (21,21)
[3272] 2015/02/27 22:47:36.678 連線確認 E122828927 (21,21)
[3272] 2015/02/27 22:48:10.683 收到 Head 資訊 {Count 2} {Type B } 
[3272] 2015/02/27 22:48:36.693 連線確認 E122828927 (21,21)
[3272] 2015/02/27 22:49:36.706 連線確認 E122828927 (21,21)
[3272] 2015/02/27 22:50:36.718 連線確認 E122828927 (21,21)
[3272] 2015/02/27 22:51:36.733 連線確認 E122828927 (21,21)
[3272] 2015/02/27 22:52:36.746 連線確認 E122828927 (21,21)
[3272] 2015/02/27 22:53:11.662 收到 Head 資訊 {Count 2} {Type B } 
[3272] 2015/02/27 22:53:36.759 連線確認 E122828927 (21,21)
[3272] 2015/02/27 22:54:36.773 連線確認 E122828927 (21,21)
[3272] 2015/02/27 22:55:36.788 連線確認 E122828927 (21,21)
[3272] 2015/02/27 22:56:36.801 連線確認 E122828927 (21,21)
[3272] 2015/02/27 22:57:36.814 連線確認 E122828927 (21,21)
[3272] 2015/02/27 22:58:13.152 收到 Head 資訊 {Count 2} {Type B } 
[3272] 2015/02/27 22:58:36.828 連線確認 E122828927 (21,21)
[3272] 2015/02/27 22:59:36.841 連線確認 E122828927 (21,21)
[3272] 2015/02/27 23:00:36.854 連線確認 E122828927 (21,21)
[3272] 2015/02/27 23:01:36.868 連線確認 E122828927 (21,21)
[3272] 2015/02/27 23:02:36.882 連線確認 E122828927 (21,21)
[3272] 2015/02/27 23:03:14.186 收到 Head 資訊 {Count 2} {Type B } 
[3272] 2015/02/27 23:03:36.895 連線確認 E122828927 (21,21)
[3272] 2015/02/27 23:04:36.908 連線確認 E122828927 (21,21)
[3272] 2015/02/27 23:05:36.923 連線確認 E122828927 (21,21)
[3272] 2015/02/27 23:06:36.936 連線確認 E122828927 (21,21)
[3272] 2015/02/27 23:07:36.950 連線確認 E122828927 (21,21)
[3272] 2015/02/27 23:08:15.164 收到 Head 資訊 {Count 2} {Type B } 
[3272] 2015/02/27 23:08:36.964 連線確認 E122828927 (21,21)
[3272] 2015/02/27 23:09:36.976 連線確認 E122828927 (21,21)
[3272] 2015/02/27 23:10:36.991 連線確認 E122828927 (21,21)
[3272] 2015/02/27 23:11:37.004 連線確認 E122828927 (21,21)
[3272] 2015/02/27 23:12:37.018 連線確認 E122828927 (21,21)
[3272] 2015/02/27 23:13:16.032 收到 Head 資訊 {Count 2} {Type B } 
[3272] 2015/02/27 23:13:37.031 連線確認 E122828927 (21,21)
[3272] 2015/02/27 23:14:37.045 連線確認 E122828927 (21,21)
[3272] 2015/02/27 23:15:37.059 連線確認 E122828927 (21,21)
[3272] 2015/02/27 23:16:37.073 連線確認 E122828927 (21,21)
[3272] 2015/02/27 23:17:37.086 連線確認 E122828927 (21,21)
[3272] 2015/02/27 23:18:16.999 收到 Head 資訊 {Count 2} {Type B } 
[3272] 2015/02/27 23:18:37.099 連線確認 E122828927 (21,21)
[3272] 2015/02/27 23:19:37.113 連線確認 E122828927 (21,21)
[3272] 2015/02/27 23:20:37.127 連線確認 E122828927 (21,21)
[3272] 2015/02/27 23:21:37.140 連線確認 E122828927 (21,21)
[3272] 2015/02/27 23:22:37.154 連線確認 E122828927 (21,21)
[3272] 2015/02/27 23:23:17.997 收到 Head 資訊 {Count 2} {Type B } 
[3272] 2015/02/27 23:23:37.168 連線確認 E122828927 (21,21)
[3272] 2015/02/27 23:24:37.181 連線確認 E122828927 (21,21)
[3272] 2015/02/27 23:25:37.194 連線確認 E122828927 (21,21)
[3272] 2015/02/27 23:26:37.208 連線確認 E122828927 (21,21)
[3272] 2015/02/27 23:27:37.221 連線確認 E122828927 (21,21)
[3272] 2015/02/27 23:28:18.480 收到 Head 資訊 {Count 2} {Type B } 
[3272] 2015/02/27 23:28:37.236 連線確認 E122828927 (21,21)
[3272] 2015/02/27 23:29:37.248 連線確認 E122828927 (21,21)
[3272] 2015/02/27 23:30:37.262 連線確認 E122828927 (21,21)
[3272] 2015/02/27 23:31:37.275 連線確認 E122828927 (21,21)
[3272] 2015/02/27 23:32:37.290 連線確認 E122828927 (21,21)
[3272] 2015/02/27 23:33:19.478 收到 Head 資訊 {Count 2} {Type B } 
[3272] 2015/02/27 23:33:37.303 連線確認 E122828927 (21,21)
[3272] 2015/02/27 23:34:37.317 連線確認 E122828927 (21,21)
[3272] 2015/02/27 23:35:37.330 連線確認 E122828927 (21,21)
[3272] 2015/02/27 23:36:37.343 連線確認 E122828927 (21,21)
[3272] 2015/02/27 23:37:37.358 連線確認 E122828927 (21,21)
[3272] 2015/02/27 23:38:20.499 收到 Head 資訊 {Count 2} {Type B } 
[3272] 2015/02/27 23:38:37.371 連線確認 E122828927 (21,21)
[3272] 2015/02/27 23:39:37.384 連線確認 E122828927 (21,21)
[3272] 2015/02/27 23:40:37.399 連線確認 E122828927 (21,21)
[3272] 2015/02/27 23:41:37.413 連線確認 E122828927 (21,21)
[3272] 2015/02/27 23:42:37.428 連線確認 E122828927 (21,21)
[3272] 2015/02/27 23:43:21.758 收到 Head 資訊 {Count 2} {Type B } 
[3272] 2015/02/27 23:43:37.438 連線確認 E122828927 (21,21)
[3272] 2015/02/27 23:44:37.454 連線確認 E122828927 (21,21)
[3272] 2015/02/27 23:45:37.466 連線確認 E122828927 (21,21)
[3272] 2015/02/27 23:46:37.479 連線確認 E122828927 (21,21)
[3272] 2015/02/27 23:47:37.494 連線確認 E122828927 (21,21)
[3272] 2015/02/27 23:48:22.760 收到 Head 資訊 {Count 2} {Type B } 
[3272] 2015/02/27 23:48:37.507 連線確認 E122828927 (21,21)
[3272] 2015/02/27 23:49:37.520 連線確認 E122828927 (21,21)
[3272] 2015/02/27 23:50:37.534 連線確認 E122828927 (21,21)
[3272] 2015/02/27 23:51:37.548 連線確認 E122828927 (21,21)
[3272] 2015/02/27 23:52:37.561 連線確認 E122828927 (21,21)
[3272] 2015/02/27 23:53:23.743 收到 Head 資訊 {Count 2} {Type B } 
[3272] 2015/02/27 23:53:37.574 連線確認 E122828927 (21,21)
[3272] 2015/02/27 23:54:37.589 連線確認 E122828927 (21,21)
[3272] 2015/02/27 23:55:37.601 連線確認 E122828927 (21,21)
[3272] 2015/02/27 23:56:37.615 連線確認 E122828927 (21,21)
[3272] 2015/02/27 23:57:37.630 連線確認 E122828927 (21,21)
[3272] 2015/02/27 23:58:24.773 收到 Head 資訊 {Count 2} {Type B } 
[3272] 2015/02/27 23:58:37.642 連線確認 E122828927 (21,21)
[3272] 2015/02/27 23:59:37.656 連線確認 E122828927 (21,21)
[3272] 2015/02/28 00:00:37.669 連線確認 E122828927 (21,21)
[3272] 2015/02/28 00:01:37.684 連線確認 E122828927 (21,21)
[3272] 2015/02/28 00:02:37.697 連線確認 E122828927 (21,21)
[3272] 2015/02/28 00:03:25.772 收到 Head 資訊 {Count 2} {Type B } 
[3272] 2015/02/28 00:03:37.711 連線確認 E122828927 (21,21)
[3272] 2015/02/28 00:04:37.725 連線確認 E122828927 (21,21)
[3272] 2015/02/28 00:05:37.738 連線確認 E122828927 (21,21)
[3272] 2015/02/28 00:06:37.752 連線確認 E122828927 (21,21)
[3272] 2015/02/28 00:07:37.765 連線確認 E122828927 (21,21)
[3272] 2015/02/28 00:08:26.779 收到 Head 資訊 {Count 2} {Type B } 
[3272] 2015/02/28 00:08:37.778 連線確認 E122828927 (21,21)
[3272] 2015/02/28 00:09:37.793 連線確認 E122828927 (21,21)
[3272] 2015/02/28 00:10:37.805 連線確認 E122828927 (21,21)
[3272] 2015/02/28 00:11:37.819 連線確認 E122828927 (21,21)
[3272] 2015/02/28 00:12:37.833 連線確認 E122828927 (21,21)
[3272] 2015/02/28 00:13:27.333 收到 Head 資訊 {Count 2} {Type B } 
[3272] 2015/02/28 00:13:37.846 連線確認 E122828927 (21,21)
[3272] 2015/02/28 00:14:37.861 連線確認 E122828927 (21,21)
[3272] 2015/02/28 00:15:37.874 連線確認 E122828927 (21,21)
[3272] 2015/02/28 00:16:37.887 連線確認 E122828927 (21,21)
[3272] 2015/02/28 00:17:37.900 連線確認 E122828927 (21,21)
[3272] 2015/02/28 00:18:28.339 收到 Head 資訊 {Count 2} {Type B } 
[3272] 2015/02/28 00:18:37.915 連線確認 E122828927 (21,21)
[3272] 2015/02/28 00:19:37.928 連線確認 E122828927 (21,21)
[3272] 2015/02/28 00:20:37.942 連線確認 E122828927 (21,21)
[3272] 2015/02/28 00:21:37.955 連線確認 E122828927 (21,21)
[3272] 2015/02/28 00:22:37.969 連線確認 E122828927 (21,21)
[3272] 2015/02/28 00:23:29.307 收到 Head 資訊 {Count 2} {Type B } 
[3272] 2015/02/28 00:23:37.982 連線確認 E122828927 (21,21)
[3272] 2015/02/28 00:24:37.996 連線確認 E122828927 (21,21)
[3272] 2015/02/28 00:25:38.009 連線確認 E122828927 (21,21)
[3272] 2015/02/28 00:26:38.023 連線確認 E122828927 (21,21)
[3272] 2015/02/28 00:27:38.037 連線確認 E122828927 (21,21)
[3272] 2015/02/28 00:28:30.903 收到 Head 資訊 {Count 2} {Type B } 
[3272] 2015/02/28 00:28:38.050 連線確認 E122828927 (21,21)
[3272] 2015/02/28 00:29:38.064 連線確認 E122828927 (21,21)
[3272] 2015/02/28 00:30:38.077 連線確認 E122828927 (21,21)
[3272] 2015/02/28 00:31:38.092 連線確認 E122828927 (21,21)
[3272] 2015/02/28 00:32:38.104 連線確認 E122828927 (21,21)
[3272] 2015/02/28 00:33:31.905 收到 Head 資訊 {Count 2} {Type B } 
[3272] 2015/02/28 00:33:38.118 連線確認 E122828927 (21,21)
[3272] 2015/02/28 00:34:38.132 連線確認 E122828927 (21,21)
[3272] 2015/02/28 00:35:38.146 連線確認 E122828927 (21,21)
[3272] 2015/02/28 00:36:38.158 連線確認 E122828927 (21,21)
[3272] 2015/02/28 00:37:38.173 連線確認 E122828927 (21,21)
[3272] 2015/02/28 00:38:32.901 收到 Head 資訊 {Count 2} {Type B } 
[3272] 2015/02/28 00:38:38.186 連線確認 E122828927 (21,21)
[3272] 2015/02/28 00:39:38.200 連線確認 E122828927 (21,21)
[3272] 2015/02/28 00:40:38.213 連線確認 E122828927 (21,21)
[3272] 2015/02/28 00:41:38.227 連線確認 E122828927 (21,21)
[3272] 2015/02/28 00:42:38.241 連線確認 E122828927 (21,21)
[3272] 2015/02/28 00:43:32.988 收到 Head 資訊 {Count 2} {Type B } 
[3272] 2015/02/28 00:43:38.254 連線確認 E122828927 (21,21)
[3272] 2015/02/28 00:44:38.268 連線確認 E122828927 (21,21)
[3272] 2015/02/28 00:45:38.282 連線確認 E122828927 (21,21)
[3272] 2015/02/28 00:46:38.295 連線確認 E122828927 (21,21)
[3272] 2015/02/28 00:47:38.308 連線確認 E122828927 (21,21)
[3272] 2015/02/28 00:48:33.979 收到 Head 資訊 {Count 2} {Type B } 
[3272] 2015/02/28 00:48:38.322 連線確認 E122828927 (21,21)
[3272] 2015/02/28 00:49:38.337 連線確認 E122828927 (21,21)
[3272] 2015/02/28 00:50:38.350 連線確認 E122828927 (21,21)
[3272] 2015/02/28 00:51:38.362 連線確認 E122828927 (21,21)
[3272] 2015/02/28 00:52:38.377 連線確認 E122828927 (21,21)
[3272] 2015/02/28 00:53:34.994 收到 Head 資訊 {Count 2} {Type B } 
[3272] 2015/02/28 00:53:38.390 連線確認 E122828927 (21,21)
[3272] 2015/02/28 00:54:38.404 連線確認 E122828927 (21,21)
[3272] 2015/02/28 00:55:38.417 連線確認 E122828927 (21,21)
[3272] 2015/02/28 00:56:38.430 連線確認 E122828927 (21,21)
[3272] 2015/02/28 00:57:38.444 連線確認 E122828927 (21,21)
[3272] 2015/02/28 00:58:36.753 收到 Head 資訊 {Count 2} {Type B } 
[3272] 2015/02/28 00:58:38.458 連線確認 E122828927 (21,21)
[3272] 2015/02/28 00:59:38.471 連線確認 E122828927 (21,21)
[3272] 2015/02/28 01:00:38.485 連線確認 E122828927 (21,21)
[3272] 2015/02/28 01:01:38.498 連線確認 E122828927 (21,21)
[3272] 2015/02/28 01:02:38.512 連線確認 E122828927 (21,21)
[3272] 2015/02/28 01:03:37.746 收到 Head 資訊 {Count 2} {Type B } 
[3272] 2015/02/28 01:03:38.525 連線確認 E122828927 (21,21)
[3272] 2015/02/28 01:04:38.539 連線確認 E122828927 (21,21)
[3272] 2015/02/28 01:05:38.553 連線確認 E122828927 (21,21)
[3272] 2015/02/28 01:06:38.567 連線確認 E122828927 (21,21)
[3272] 2015/02/28 01:07:38.581 連線確認 E122828927 (21,21)
[3272] 2015/02/28 01:08:38.594 連線確認 E122828927 (21,21)
[3272] 2015/02/28 01:08:38.744 收到 Head 資訊 {Count 2} {Type B } 
[3272] 2015/02/28 01:09:38.606 連線確認 E122828927 (21,21)
[3272] 2015/02/28 01:10:38.621 連線確認 E122828927 (21,21)
[3272] 2015/02/28 01:11:38.634 連線確認 E122828927 (21,21)
[3272] 2015/02/28 01:12:38.648 連線確認 E122828927 (21,21)
[3272] 2015/02/28 01:13:38.661 連線確認 E122828927 (21,21)
[3272] 2015/02/28 01:13:49.465 收到 Head 資訊 {Count 2} {Type B } 
[3272] 2015/02/28 01:14:38.675 連線確認 E122828927 (21,21)
[3272] 2015/02/28 01:15:38.689 連線確認 E122828927 (21,21)
[3272] 2015/02/28 01:16:38.702 連線確認 E122828927 (21,21)
[3272] 2015/02/28 01:17:38.716 連線確認 E122828927 (21,21)
[3272] 2015/02/28 01:18:38.729 連線確認 E122828927 (21,21)
[3272] 2015/02/28 01:18:40.548 收到 Head 資訊 {Count 2} {Type B } 
[3272] 2015/02/28 01:19:38.744 連線確認 E122828927 (21,21)
[3272] 2015/02/28 01:20:38.757 連線確認 E122828927 (21,21)
[3272] 2015/02/28 01:21:38.769 連線確認 E122828927 (21,21)
[3272] 2015/02/28 01:22:38.783 連線確認 E122828927 (21,21)
[3272] 2015/02/28 01:23:38.797 連線確認 E122828927 (21,21)
[3272] 2015/02/28 01:23:41.523 收到 Head 資訊 {Count 2} {Type B } 
[3272] 2015/02/28 01:24:38.812 連線確認 E122828927 (21,21)
[3272] 2015/02/28 01:25:38.825 連線確認 E122828927 (21,21)
[3272] 2015/02/28 01:26:38.839 連線確認 E122828927 (21,21)
[3272] 2015/02/28 01:27:38.852 連線確認 E122828927 (21,21)
[3272] 2015/02/28 01:28:38.864 連線確認 E122828927 (21,21)
[3272] 2015/02/28 01:28:42.519 收到 Head 資訊 {Count 2} {Type B } 
[3272] 2015/02/28 01:29:38.879 連線確認 E122828927 (21,21)
[3272] 2015/02/28 01:30:38.892 連線確認 E122828927 (21,21)
[3272] 2015/02/28 01:31:38.906 連線確認 E122828927 (21,21)
[3272] 2015/02/28 01:32:38.920 連線確認 E122828927 (21,21)
[3272] 2015/02/28 01:33:38.932 連線確認 E122828927 (21,21)
[3272] 2015/02/28 01:33:43.469 收到 Head 資訊 {Count 2} {Type B } 
[3272] 2015/02/28 01:34:38.947 連線確認 E122828927 (21,21)
[3272] 2015/02/28 01:35:38.960 連線確認 E122828927 (21,21)
[3272] 2015/02/28 01:36:38.974 連線確認 E122828927 (21,21)
[3272] 2015/02/28 01:37:38.988 連線確認 E122828927 (21,21)
[3272] 2015/02/28 01:38:39.000 連線確認 E122828927 (21,21)
[3272] 2015/02/28 01:38:44.443 收到 Head 資訊 {Count 2} {Type B } 
[3272] 2015/02/28 01:39:39.014 連線確認 E122828927 (21,21)
[3272] 2015/02/28 01:40:39.028 連線確認 E122828927 (21,21)
[3272] 2015/02/28 01:41:39.043 連線確認 E122828927 (21,21)
[3272] 2015/02/28 01:42:39.055 連線確認 E122828927 (21,21)
[3272] 2015/02/28 01:43:39.069 連線確認 E122828927 (21,21)
[3272] 2015/02/28 01:43:45.441 收到 Head 資訊 {Count 2} {Type B } 
[3272] 2015/02/28 01:44:39.083 連線確認 E122828927 (21,21)
[3272] 2015/02/28 01:45:39.096 連線確認 E122828927 (21,21)
[3272] 2015/02/28 01:46:39.111 連線確認 E122828927 (21,21)
[3272] 2015/02/28 01:47:39.123 連線確認 E122828927 (21,21)
[3272] 2015/02/28 01:48:39.137 連線確認 E122828927 (21,21)
[3272] 2015/02/28 01:48:46.057 收到 Head 資訊 {Count 2} {Type B } 
[3272] 2015/02/28 01:49:39.151 連線確認 E122828927 (21,21)
[3272] 2015/02/28 01:50:39.163 連線確認 E122828927 (21,21)
[3272] 2015/02/28 01:51:39.179 連線確認 E122828927 (21,21)
[3272] 2015/02/28 01:52:39.191 連線確認 E122828927 (21,21)
[3272] 2015/02/28 01:53:39.206 連線確認 E122828927 (21,21)
[3272] 2015/02/28 01:53:47.073 收到 Head 資訊 {Count 2} {Type B } 
[3272] 2015/02/28 01:54:39.220 連線確認 E122828927 (21,21)
[3272] 2015/02/28 01:55:39.232 連線確認 E122828927 (21,21)
[3272] 2015/02/28 01:56:39.247 連線確認 E122828927 (21,21)
[3272] 2015/02/28 01:57:39.259 連線確認 E122828927 (21,21)
[3272] 2015/02/28 01:58:39.273 連線確認 E122828927 (21,21)
[3272] 2015/02/28 01:58:48.070 收到 Head 資訊 {Count 2} {Type B } 
[3272] 2015/02/28 01:59:39.286 連線確認 E122828927 (21,21)
