2015/01/24 07:07:22.190 -----------
2015/01/24 07:07:22.191 API InitInstance 
2015/01/24 07:07:27.118 E122828927 連線 Code：0
2015/01/24 07:07:28.121 收到 Head 資訊 {Count 2} {Type C } 
2015/01/24 07:07:28.123 收到 Head 資訊 {Count 2} {Type C } 
2015/01/24 07:07:28.124 收到 Head 資訊 {Count 2} {Type C } 
2015/01/24 07:07:28.126 收到 Head 資訊 {Count 2} {Type C } 
2015/01/24 07:07:28.128 收到 Head 資訊 {Count 2} {Type C } 
2015/01/24 07:07:28.130 收到 Head 資訊 {Count 2} {Type C } 
2015/01/24 07:07:28.132 收到 Head 資訊 {Count 2} {Type C } 
2015/01/24 07:07:28.134 收到 Head 資訊 {Count 2} {Type C } 
2015/01/24 07:07:28.136 收到 Head 資訊 {Count 2} {Type C } 
2015/01/24 07:07:28.138 收到 Head 資訊 {Count 2} {Type C } 
2015/01/24 07:07:28.140 收到 Head 資訊 {Count 2} {Type C } 
2015/01/24 07:07:28.141 收到 Head 資訊 {Count 2} {Type C } 
2015/01/24 07:07:28.143 收到 Head 資訊 {Count 2} {Type C } 
2015/01/24 07:07:28.145 收到 Head 資訊 {Count 2} {Type C } 
2015/01/24 07:07:28.146 收到 Head 資訊 {Count 2} {Type C } 
2015/01/24 07:07:28.148 收到 Head 資訊 {Count 2} {Type C } 
2015/01/24 07:07:28.150 收到 Head 資訊 {Count 2} {Type C } 
2015/01/24 07:07:28.151 收到 Head 資訊 {Count 2} {Type C } 
2015/01/24 07:07:28.153 收到 Head 資訊 {Count 2} {Type C } 
2015/01/24 07:07:28.154 收到 Head 資訊 {Count 2} {Type C } 
2015/01/24 07:07:28.156 收到 Head 資訊 {Count 2} {Type C } 
2015/01/24 07:07:28.158 收到 Head 資訊 {Count 2} {Type C } 
2015/01/24 07:07:28.159 收到 Head 資訊 {Count 2} {Type C } 
2015/01/24 07:07:28.161 收到 Head 資訊 {Count 2} {Type C } 
2015/01/24 07:07:28.162 收到 Head 資訊 {Count 2} {Type C } 
2015/01/24 07:07:28.164 收到 Head 資訊 {Count 2} {Type C } 
2015/01/24 07:07:28.166 收到 Head 資訊 {Count 2} {Type C } 
2015/01/24 07:07:28.167 收到 Head 資訊 {Count 2} {Type C } 
2015/01/24 07:07:28.169 收到 Head 資訊 {Count 2} {Type C } 
2015/01/24 07:07:28.170 收到 Head 資訊 {Count 2} {Type C } 
2015/01/24 07:07:28.172 收到 Head 資訊 {Count 2} {Type C } 
2015/01/24 07:07:28.174 收到 Head 資訊 {Count 2} {Type C } 
2015/01/24 07:07:28.176 收到 Head 資訊 {Count 2} {Type C } 
2015/01/24 07:07:28.177 收到 Head 資訊 {Count 2} {Type C } 
2015/01/24 07:07:28.179 收到 Head 資訊 {Count 2} {Type C } 
2015/01/24 07:07:28.180 收到 Head 資訊 {Count 2} {Type C } 
2015/01/24 07:07:28.182 收到 Head 資訊 {Count 2} {Type C } 
2015/01/24 07:07:28.184 收到 Head 資訊 {Count 2} {Type C } 
2015/01/24 07:07:28.185 收到 Head 資訊 {Count 2} {Type C } 
2015/01/24 07:07:28.187 收到 Head 資訊 {Count 2} {Type C } 
2015/01/24 07:07:28.189 收到 Head 資訊 {Count 2} {Type C } 
2015/01/24 07:07:28.190 收到 Head 資訊 {Count 2} {Type C } 
2015/01/24 07:07:28.192 收到 Head 資訊 {Count 2} {Type C } 
2015/01/24 07:07:28.193 收到 Head 資訊 {Count 2} {Type C } 
2015/01/24 07:07:28.195 收到 Head 資訊 {Count 2} {Type C } 
2015/01/24 07:07:28.197 收到 Head 資訊 {Count 2} {Type C } 
2015/01/24 07:07:28.198 收到 Head 資訊 {Count 2} {Type C } 
2015/01/24 07:07:28.200 收到 Head 資訊 {Count 2} {Type C } 
2015/01/24 07:07:28.201 收到 Head 資訊 {Count 2} {Type C } 
2015/01/24 07:07:28.203 收到 Head 資訊 {Count 2} {Type C } 
2015/01/24 07:07:28.204 收到 Head 資訊 {Count 2} {Type C } 
2015/01/24 07:07:28.206 收到 Head 資訊 {Count 2} {Type C } 
2015/01/24 07:07:28.208 收到 Head 資訊 {Count 2} {Type C } 
2015/01/24 07:07:28.209 收到 Head 資訊 {Count 2} {Type C } 
2015/01/24 07:07:28.211 收到 Head 資訊 {Count 2} {Type C } 
2015/01/24 07:07:28.213 收到 Head 資訊 {Count 2} {Type C } 
2015/01/24 07:07:28.214 收到 Head 資訊 {Count 2} {Type C } 
2015/01/24 07:07:28.216 收到 Head 資訊 {Count 2} {Type C } 
2015/01/24 07:07:28.217 收到 Head 資訊 {Count 2} {Type C } 
2015/01/24 07:07:28.219 收到 Head 資訊 {Count 2} {Type C } 
2015/01/24 07:07:28.221 收到 Head 資訊 {Count 2} {Type C } 
2015/01/24 07:07:28.222 收到 Head 資訊 {Count 2} {Type C } 
2015/01/24 07:07:28.224 收到 Head 資訊 {Count 2} {Type C } 
2015/01/24 07:07:28.225 收到 Head 資訊 {Count 2} {Type C } 
2015/01/24 07:07:28.227 收到 Head 資訊 {Count 2} {Type C } 
2015/01/24 07:07:28.229 收到 Head 資訊 {Count 2} {Type C } 
2015/01/24 07:07:28.230 收到 Head 資訊 {Count 2} {Type C } 
2015/01/24 07:07:28.232 收到 Head 資訊 {Count 2} {Type C } 
2015/01/24 07:07:28.234 收到 Head 資訊 {Count 2} {Type C } 
2015/01/24 07:07:28.235 收到 Head 資訊 {Count 2} {Type C } 
2015/01/24 07:07:28.237 收到 Head 資訊 {Count 2} {Type C } 
2015/01/24 07:07:28.239 收到 Head 資訊 {Count 2} {Type C } 
2015/01/24 07:07:28.240 收到 Head 資訊 {Count 2} {Type C } 
2015/01/24 07:07:28.242 收到 Head 資訊 {Count 2} {Type B } 
2015/01/24 07:07:36.942 收到 Head 資訊 {Count 2} {Type C } 
2015/01/24 07:07:46.961 收到 Head 資訊 {Count 2} {Type C } 
