[4916] 2015/01/17 15:00:26.588 API InitInstance 
[4916] 2015/01/17 15:00:33.350 E122828927 連線 Code：0
[4916] 2015/01/17 15:00:34.352 收到 Head 資訊 {Count 2} {Type C } 
[4916] 2015/01/17 15:00:34.408 收到 Head 資訊 {Count 2} {Type C } 
[4916] 2015/01/17 15:00:34.412 收到 Head 資訊 {Count 2} {Type C } 
[4916] 2015/01/17 15:00:34.414 收到 Head 資訊 {Count 2} {Type C } 
[4916] 2015/01/17 15:00:34.416 收到 Head 資訊 {Count 2} {Type C } 
[4916] 2015/01/17 15:00:34.418 收到 Head 資訊 {Count 2} {Type C } 
[4916] 2015/01/17 15:00:34.420 收到 Head 資訊 {Count 2} {Type C } 
[4916] 2015/01/17 15:00:34.422 收到 Head 資訊 {Count 2} {Type C } 
[4916] 2015/01/17 15:00:34.424 收到 Head 資訊 {Count 2} {Type C } 
[4916] 2015/01/17 15:00:34.426 收到 Head 資訊 {Count 2} {Type C } 
[4916] 2015/01/17 15:00:34.428 收到 Head 資訊 {Count 2} {Type C } 
[4916] 2015/01/17 15:00:34.430 收到 Head 資訊 {Count 2} {Type C } 
[4916] 2015/01/17 15:00:34.432 收到 Head 資訊 {Count 2} {Type C } 
[4916] 2015/01/17 15:00:34.434 收到 Head 資訊 {Count 2} {Type C } 
[4916] 2015/01/17 15:00:34.436 收到 Head 資訊 {Count 2} {Type C } 
[4916] 2015/01/17 15:00:34.437 收到 Head 資訊 {Count 2} {Type C } 
[4916] 2015/01/17 15:00:34.439 收到 Head 資訊 {Count 2} {Type C } 
[4916] 2015/01/17 15:00:34.441 收到 Head 資訊 {Count 2} {Type C } 
[4916] 2015/01/17 15:00:34.443 收到 Head 資訊 {Count 2} {Type C } 
[4916] 2015/01/17 15:00:34.445 收到 Head 資訊 {Count 2} {Type C } 
[4916] 2015/01/17 15:00:34.447 收到 Head 資訊 {Count 2} {Type C } 
[4916] 2015/01/17 15:00:34.449 收到 Head 資訊 {Count 2} {Type C } 
[4916] 2015/01/17 15:00:34.451 收到 Head 資訊 {Count 2} {Type C } 
[4916] 2015/01/17 15:00:34.453 收到 Head 資訊 {Count 2} {Type C } 
[4916] 2015/01/17 15:00:34.455 收到 Head 資訊 {Count 2} {Type C } 
[4916] 2015/01/17 15:00:34.457 收到 Head 資訊 {Count 2} {Type C } 
[4916] 2015/01/17 15:00:34.459 收到 Head 資訊 {Count 2} {Type C } 
[4916] 2015/01/17 15:00:34.461 收到 Head 資訊 {Count 2} {Type C } 
[4916] 2015/01/17 15:00:34.463 收到 Head 資訊 {Count 2} {Type C } 
[4916] 2015/01/17 15:00:34.465 收到 Head 資訊 {Count 2} {Type C } 
[4916] 2015/01/17 15:00:34.467 收到 Head 資訊 {Count 2} {Type C } 
[4916] 2015/01/17 15:00:34.469 收到 Head 資訊 {Count 2} {Type C } 
[4916] 2015/01/17 15:00:34.470 收到 Head 資訊 {Count 2} {Type C } 
[4916] 2015/01/17 15:00:34.472 收到 Head 資訊 {Count 2} {Type C } 
[4916] 2015/01/17 15:00:34.474 收到 Head 資訊 {Count 2} {Type C } 
[4916] 2015/01/17 15:00:34.476 收到 Head 資訊 {Count 2} {Type C } 
[4916] 2015/01/17 15:00:34.478 收到 Head 資訊 {Count 2} {Type C } 
[4916] 2015/01/17 15:00:34.480 收到 Head 資訊 {Count 2} {Type C } 
[4916] 2015/01/17 15:00:34.482 收到 Head 資訊 {Count 2} {Type C } 
[4916] 2015/01/17 15:00:34.484 收到 Head 資訊 {Count 2} {Type C } 
[4916] 2015/01/17 15:00:34.486 收到 Head 資訊 {Count 2} {Type C } 
[4916] 2015/01/17 15:00:34.488 收到 Head 資訊 {Count 2} {Type C } 
[4916] 2015/01/17 15:00:34.489 收到 Head 資訊 {Count 2} {Type C } 
[4916] 2015/01/17 15:00:34.491 收到 Head 資訊 {Count 2} {Type C } 
[4916] 2015/01/17 15:00:34.493 收到 Head 資訊 {Count 2} {Type C } 
[4916] 2015/01/17 15:00:34.494 收到 Head 資訊 {Count 2} {Type C } 
[4916] 2015/01/17 15:00:34.496 收到 Head 資訊 {Count 2} {Type C } 
[4916] 2015/01/17 15:00:34.498 收到 Head 資訊 {Count 2} {Type C } 
[4916] 2015/01/17 15:00:34.500 收到 Head 資訊 {Count 2} {Type C } 
[4916] 2015/01/17 15:00:34.502 收到 Head 資訊 {Count 2} {Type C } 
[4916] 2015/01/17 15:00:34.504 收到 Head 資訊 {Count 2} {Type C } 
[4916] 2015/01/17 15:00:34.505 收到 Head 資訊 {Count 2} {Type C } 
[4916] 2015/01/17 15:00:34.507 收到 Head 資訊 {Count 2} {Type C } 
[4916] 2015/01/17 15:00:34.509 收到 Head 資訊 {Count 2} {Type C } 
[4916] 2015/01/17 15:00:34.511 收到 Head 資訊 {Count 2} {Type C } 
[4916] 2015/01/17 15:00:34.513 收到 Head 資訊 {Count 2} {Type C } 
[4916] 2015/01/17 15:00:34.515 收到 Head 資訊 {Count 2} {Type C } 
[4916] 2015/01/17 15:00:34.517 收到 Head 資訊 {Count 2} {Type C } 
[4916] 2015/01/17 15:00:34.519 收到 Head 資訊 {Count 2} {Type C } 
[4916] 2015/01/17 15:00:34.521 收到 Head 資訊 {Count 2} {Type C } 
[4916] 2015/01/17 15:00:34.523 收到 Head 資訊 {Count 2} {Type C } 
[4916] 2015/01/17 15:00:34.525 收到 Head 資訊 {Count 2} {Type C } 
[4916] 2015/01/17 15:00:34.527 收到 Head 資訊 {Count 2} {Type C } 
[4916] 2015/01/17 15:00:34.529 收到 Head 資訊 {Count 2} {Type C } 
[4916] 2015/01/17 15:00:34.531 收到 Head 資訊 {Count 2} {Type C } 
[4916] 2015/01/17 15:00:34.533 收到 Head 資訊 {Count 2} {Type C } 
[4916] 2015/01/17 15:00:34.535 收到 Head 資訊 {Count 2} {Type C } 
[4916] 2015/01/17 15:00:34.537 收到 Head 資訊 {Count 2} {Type C } 
[4916] 2015/01/17 15:00:34.539 收到 Head 資訊 {Count 2} {Type C } 
[4916] 2015/01/17 15:00:34.541 收到 Head 資訊 {Count 2} {Type C } 
[4916] 2015/01/17 15:00:34.543 收到 Head 資訊 {Count 2} {Type C } 
[4916] 2015/01/17 15:00:34.544 收到 Head 資訊 {Count 2} {Type C } 
[4916] 2015/01/17 15:00:34.546 收到 Head 資訊 {Count 2} {Type C } 
[4916] 2015/01/17 15:00:34.548 收到 Head 資訊 {Count 2} {Type C } 
[4916] 2015/01/17 15:00:34.550 收到 Head 資訊 {Count 2} {Type C } 
[4916] 2015/01/17 15:00:34.552 收到 Head 資訊 {Count 2} {Type C } 
[4916] 2015/01/17 15:00:34.554 收到 Head 資訊 {Count 2} {Type C } 
[4916] 2015/01/17 15:00:34.555 收到 Head 資訊 {Count 2} {Type C } 
[4916] 2015/01/17 15:00:34.557 收到 Head 資訊 {Count 2} {Type C } 
[4916] 2015/01/17 15:00:34.559 收到 Head 資訊 {Count 2} {Type C } 
[4916] 2015/01/17 15:00:34.561 收到 Head 資訊 {Count 2} {Type C } 
[4916] 2015/01/17 15:00:34.563 收到 Head 資訊 {Count 2} {Type C } 
[4916] 2015/01/17 15:00:34.564 收到 Head 資訊 {Count 2} {Type C } 
[4916] 2015/01/17 15:00:34.567 收到 Head 資訊 {Count 2} {Type C } 
[4916] 2015/01/17 15:00:34.569 收到 Head 資訊 {Count 2} {Type C } 
[4916] 2015/01/17 15:00:34.571 收到 Head 資訊 {Count 2} {Type C } 
[4916] 2015/01/17 15:00:34.572 收到 Head 資訊 {Count 2} {Type C } 
[4916] 2015/01/17 15:00:34.574 收到 Head 資訊 {Count 2} {Type C } 
[4916] 2015/01/17 15:00:34.576 收到 Head 資訊 {Count 2} {Type C } 
[4916] 2015/01/17 15:00:34.578 收到 Head 資訊 {Count 2} {Type C } 
[4916] 2015/01/17 15:00:34.579 收到 Head 資訊 {Count 2} {Type C } 
[4916] 2015/01/17 15:00:34.581 收到 Head 資訊 {Count 2} {Type C } 
[4916] 2015/01/17 15:00:34.583 收到 Head 資訊 {Count 2} {Type C } 
[4916] 2015/01/17 15:00:34.584 收到 Head 資訊 {Count 2} {Type C } 
[4916] 2015/01/17 15:00:34.586 收到 Head 資訊 {Count 2} {Type C } 
[4916] 2015/01/17 15:00:34.588 收到 Head 資訊 {Count 2} {Type D } 
[4916] 2015/01/17 15:00:34.590 收到 Head 資訊 {Count 2} {Type D } 
[4916] 2015/01/17 15:00:34.591 收到 Head 資訊 {Count 2} {Type C } 
[4916] 2015/01/17 15:00:34.593 收到 Head 資訊 {Count 2} {Type C } 
[4916] 2015/01/17 15:00:34.595 收到 Head 資訊 {Count 2} {Type C } 
[4916] 2015/01/17 15:00:34.597 收到 Head 資訊 {Count 2} {Type C } 
[4916] 2015/01/17 15:00:34.599 收到 Head 資訊 {Count 2} {Type C } 
[4916] 2015/01/17 15:00:34.600 收到 Head 資訊 {Count 2} {Type C } 
[4916] 2015/01/17 15:00:34.602 收到 Head 資訊 {Count 2} {Type C } 
[4916] 2015/01/17 15:00:34.604 收到 Head 資訊 {Count 2} {Type C } 
[4916] 2015/01/17 15:00:34.606 收到 Head 資訊 {Count 2} {Type C } 
[4916] 2015/01/17 15:00:34.607 收到 Head 資訊 {Count 2} {Type C } 
[4916] 2015/01/17 15:00:34.609 收到 Head 資訊 {Count 2} {Type C } 
[4916] 2015/01/17 15:00:34.611 收到 Head 資訊 {Count 2} {Type C } 
[4916] 2015/01/17 15:00:34.613 收到 Head 資訊 {Count 2} {Type C } 
[4916] 2015/01/17 15:00:34.614 收到 Head 資訊 {Count 2} {Type C } 
[4916] 2015/01/17 15:00:34.616 收到 Head 資訊 {Count 2} {Type C } 
[4916] 2015/01/17 15:00:34.618 收到 Head 資訊 {Count 2} {Type C } 
[4916] 2015/01/17 15:00:34.620 收到 Head 資訊 {Count 2} {Type C } 
[4916] 2015/01/17 15:00:34.621 收到 Head 資訊 {Count 2} {Type C } 
[4916] 2015/01/17 15:00:34.623 收到 Head 資訊 {Count 2} {Type C } 
[4916] 2015/01/17 15:00:34.625 收到 Head 資訊 {Count 2} {Type C } 
[4916] 2015/01/17 15:00:34.627 收到 Head 資訊 {Count 2} {Type C } 
[4916] 2015/01/17 15:00:34.629 收到 Head 資訊 {Count 2} {Type C } 
[4916] 2015/01/17 15:00:34.631 收到 Head 資訊 {Count 2} {Type C } 
[4916] 2015/01/17 15:00:34.633 收到 Head 資訊 {Count 2} {Type C } 
[4916] 2015/01/17 15:00:34.634 收到 Head 資訊 {Count 2} {Type C } 
[4916] 2015/01/17 15:00:34.636 收到 Head 資訊 {Count 2} {Type C } 
[4916] 2015/01/17 15:00:34.638 收到 Head 資訊 {Count 2} {Type C } 
[4916] 2015/01/17 15:00:34.640 收到 Head 資訊 {Count 2} {Type C } 
[4916] 2015/01/17 15:00:34.641 收到 Head 資訊 {Count 2} {Type C } 
[4916] 2015/01/17 15:00:34.643 收到 Head 資訊 {Count 2} {Type C } 
[4916] 2015/01/17 15:00:34.645 收到 Head 資訊 {Count 2} {Type C } 
[4916] 2015/01/17 15:00:34.647 收到 Head 資訊 {Count 2} {Type C } 
[4916] 2015/01/17 15:00:34.649 收到 Head 資訊 {Count 2} {Type C } 
[4916] 2015/01/17 15:00:34.651 收到 Head 資訊 {Count 2} {Type C } 
[4916] 2015/01/17 15:00:34.652 收到 Head 資訊 {Count 2} {Type C } 
[4916] 2015/01/17 15:00:34.654 收到 Head 資訊 {Count 2} {Type C } 
[4916] 2015/01/17 15:00:34.656 收到 Head 資訊 {Count 2} {Type C } 
[4916] 2015/01/17 15:00:34.658 收到 Head 資訊 {Count 2} {Type C } 
[4916] 2015/01/17 15:00:34.660 收到 Head 資訊 {Count 2} {Type C } 
[4916] 2015/01/17 15:00:34.661 收到 Head 資訊 {Count 2} {Type C } 
[4916] 2015/01/17 15:00:34.663 收到 Head 資訊 {Count 2} {Type C } 
[4916] 2015/01/17 15:00:34.665 收到 Head 資訊 {Count 2} {Type C } 
[4916] 2015/01/17 15:00:34.667 收到 Head 資訊 {Count 2} {Type C } 
[4916] 2015/01/17 15:00:34.669 收到 Head 資訊 {Count 2} {Type C } 
[4916] 2015/01/17 15:00:34.671 收到 Head 資訊 {Count 2} {Type C } 
[4916] 2015/01/17 15:00:34.673 收到 Head 資訊 {Count 2} {Type C } 
[4916] 2015/01/17 15:00:34.675 收到 Head 資訊 {Count 2} {Type C } 
[4916] 2015/01/17 15:00:34.676 收到 Head 資訊 {Count 2} {Type C } 
[4916] 2015/01/17 15:00:34.678 收到 Head 資訊 {Count 2} {Type C } 
[4916] 2015/01/17 15:00:34.680 收到 Head 資訊 {Count 2} {Type C } 
[4916] 2015/01/17 15:00:34.682 收到 Head 資訊 {Count 2} {Type C } 
[4916] 2015/01/17 15:00:34.684 收到 Head 資訊 {Count 2} {Type C } 
[4916] 2015/01/17 15:00:34.686 收到 Head 資訊 {Count 2} {Type C } 
[4916] 2015/01/17 15:00:34.688 收到 Head 資訊 {Count 2} {Type C } 
[4916] 2015/01/17 15:00:34.689 收到 Head 資訊 {Count 2} {Type C } 
[4916] 2015/01/17 15:00:34.691 收到 Head 資訊 {Count 2} {Type C } 
[4916] 2015/01/17 15:00:34.693 收到 Head 資訊 {Count 2} {Type C } 
[4916] 2015/01/17 15:00:34.695 收到 Head 資訊 {Count 2} {Type C } 
[4916] 2015/01/17 15:00:34.697 收到 Head 資訊 {Count 2} {Type C } 
[4916] 2015/01/17 15:00:34.698 收到 Head 資訊 {Count 2} {Type C } 
[4916] 2015/01/17 15:00:34.700 收到 Head 資訊 {Count 2} {Type C } 
[4916] 2015/01/17 15:00:34.702 收到 Head 資訊 {Count 2} {Type C } 
[4916] 2015/01/17 15:00:34.704 收到 Head 資訊 {Count 2} {Type C } 
[4916] 2015/01/17 15:00:34.706 收到 Head 資訊 {Count 2} {Type C } 
[4916] 2015/01/17 15:00:34.707 收到 Head 資訊 {Count 2} {Type C } 
[4916] 2015/01/17 15:00:34.709 收到 Head 資訊 {Count 2} {Type C } 
[4916] 2015/01/17 15:00:34.711 收到 Head 資訊 {Count 2} {Type C } 
[4916] 2015/01/17 15:00:34.712 收到 Head 資訊 {Count 2} {Type C } 
[4916] 2015/01/17 15:00:34.714 收到 Head 資訊 {Count 2} {Type C } 
[4916] 2015/01/17 15:00:34.716 收到 Head 資訊 {Count 2} {Type C } 
[4916] 2015/01/17 15:00:34.718 收到 Head 資訊 {Count 2} {Type C } 
[4916] 2015/01/17 15:00:34.719 收到 Head 資訊 {Count 2} {Type C } 
[4916] 2015/01/17 15:00:34.721 收到 Head 資訊 {Count 2} {Type C } 
[4916] 2015/01/17 15:00:34.723 收到 Head 資訊 {Count 2} {Type C } 
[4916] 2015/01/17 15:00:34.725 收到 Head 資訊 {Count 2} {Type C } 
[4916] 2015/01/17 15:00:34.727 收到 Head 資訊 {Count 2} {Type C } 
[4916] 2015/01/17 15:00:34.729 收到 Head 資訊 {Count 2} {Type C } 
[4916] 2015/01/17 15:00:34.731 收到 Head 資訊 {Count 2} {Type B } 
[4148] 2015/01/17 15:00:50.175 API InitInstance 
[4148] 2015/01/17 15:00:56.540 E122828927 連線 Code：0
[4148] 2015/01/17 15:00:56.576 收到 Head 資訊 {Count 2} {Type C } 
[4148] 2015/01/17 15:00:56.578 收到 Head 資訊 {Count 2} {Type C } 
[4148] 2015/01/17 15:00:56.580 收到 Head 資訊 {Count 2} {Type C } 
[4148] 2015/01/17 15:00:56.582 收到 Head 資訊 {Count 2} {Type C } 
[4148] 2015/01/17 15:00:56.584 收到 Head 資訊 {Count 2} {Type C } 
[4148] 2015/01/17 15:00:56.586 收到 Head 資訊 {Count 2} {Type C } 
[4148] 2015/01/17 15:00:56.588 收到 Head 資訊 {Count 2} {Type C } 
[4148] 2015/01/17 15:00:56.590 收到 Head 資訊 {Count 2} {Type C } 
[4148] 2015/01/17 15:00:56.592 收到 Head 資訊 {Count 2} {Type C } 
[4148] 2015/01/17 15:00:56.594 收到 Head 資訊 {Count 2} {Type C } 
[4148] 2015/01/17 15:00:56.596 收到 Head 資訊 {Count 2} {Type C } 
[4148] 2015/01/17 15:00:56.598 收到 Head 資訊 {Count 2} {Type C } 
[4148] 2015/01/17 15:00:56.600 收到 Head 資訊 {Count 2} {Type C } 
[4148] 2015/01/17 15:00:56.602 收到 Head 資訊 {Count 2} {Type C } 
[4148] 2015/01/17 15:00:56.603 收到 Head 資訊 {Count 2} {Type C } 
[4148] 2015/01/17 15:00:56.605 收到 Head 資訊 {Count 2} {Type C } 
[4148] 2015/01/17 15:00:56.607 收到 Head 資訊 {Count 2} {Type C } 
[4148] 2015/01/17 15:00:56.609 收到 Head 資訊 {Count 2} {Type C } 
[4148] 2015/01/17 15:00:56.612 收到 Head 資訊 {Count 2} {Type C } 
[4148] 2015/01/17 15:00:56.614 收到 Head 資訊 {Count 2} {Type C } 
[4148] 2015/01/17 15:00:56.615 收到 Head 資訊 {Count 2} {Type C } 
[4148] 2015/01/17 15:00:56.617 收到 Head 資訊 {Count 2} {Type C } 
[4148] 2015/01/17 15:00:56.619 收到 Head 資訊 {Count 2} {Type C } 
[4148] 2015/01/17 15:00:56.623 收到 Head 資訊 {Count 2} {Type C } 
[4148] 2015/01/17 15:00:56.625 收到 Head 資訊 {Count 2} {Type C } 
[4148] 2015/01/17 15:00:56.626 收到 Head 資訊 {Count 2} {Type C } 
[4148] 2015/01/17 15:00:56.628 收到 Head 資訊 {Count 2} {Type C } 
[4148] 2015/01/17 15:00:56.630 收到 Head 資訊 {Count 2} {Type C } 
[4148] 2015/01/17 15:00:56.631 收到 Head 資訊 {Count 2} {Type C } 
[4148] 2015/01/17 15:00:56.633 收到 Head 資訊 {Count 2} {Type C } 
[4148] 2015/01/17 15:00:56.635 收到 Head 資訊 {Count 2} {Type C } 
[4148] 2015/01/17 15:00:56.637 收到 Head 資訊 {Count 2} {Type C } 
[4148] 2015/01/17 15:00:56.638 收到 Head 資訊 {Count 2} {Type C } 
[4148] 2015/01/17 15:00:56.640 收到 Head 資訊 {Count 2} {Type C } 
[4148] 2015/01/17 15:00:56.642 收到 Head 資訊 {Count 2} {Type C } 
[4148] 2015/01/17 15:00:56.644 收到 Head 資訊 {Count 2} {Type C } 
[4148] 2015/01/17 15:00:56.645 收到 Head 資訊 {Count 2} {Type C } 
[4148] 2015/01/17 15:00:56.647 收到 Head 資訊 {Count 2} {Type C } 
[4148] 2015/01/17 15:00:56.649 收到 Head 資訊 {Count 2} {Type C } 
[4148] 2015/01/17 15:00:56.650 收到 Head 資訊 {Count 2} {Type C } 
[4148] 2015/01/17 15:00:56.652 收到 Head 資訊 {Count 2} {Type C } 
[4148] 2015/01/17 15:00:56.654 收到 Head 資訊 {Count 2} {Type C } 
[4148] 2015/01/17 15:00:56.655 收到 Head 資訊 {Count 2} {Type C } 
[4148] 2015/01/17 15:00:56.657 收到 Head 資訊 {Count 2} {Type C } 
[4148] 2015/01/17 15:00:56.659 收到 Head 資訊 {Count 2} {Type C } 
[4148] 2015/01/17 15:00:56.660 收到 Head 資訊 {Count 2} {Type C } 
[4148] 2015/01/17 15:00:56.662 收到 Head 資訊 {Count 2} {Type C } 
[4148] 2015/01/17 15:00:56.664 收到 Head 資訊 {Count 2} {Type C } 
[4148] 2015/01/17 15:00:56.665 收到 Head 資訊 {Count 2} {Type C } 
[4148] 2015/01/17 15:00:56.667 收到 Head 資訊 {Count 2} {Type C } 
[4148] 2015/01/17 15:00:56.669 收到 Head 資訊 {Count 2} {Type C } 
[4148] 2015/01/17 15:00:56.670 收到 Head 資訊 {Count 2} {Type C } 
[4148] 2015/01/17 15:00:56.672 收到 Head 資訊 {Count 2} {Type C } 
[4148] 2015/01/17 15:00:56.674 收到 Head 資訊 {Count 2} {Type C } 
[4148] 2015/01/17 15:00:56.675 收到 Head 資訊 {Count 2} {Type C } 
[4148] 2015/01/17 15:00:56.677 收到 Head 資訊 {Count 2} {Type C } 
[4148] 2015/01/17 15:00:56.679 收到 Head 資訊 {Count 2} {Type C } 
[4148] 2015/01/17 15:00:56.680 收到 Head 資訊 {Count 2} {Type C } 
[4148] 2015/01/17 15:00:56.682 收到 Head 資訊 {Count 2} {Type C } 
[4148] 2015/01/17 15:00:56.684 收到 Head 資訊 {Count 2} {Type C } 
[4148] 2015/01/17 15:00:56.685 收到 Head 資訊 {Count 2} {Type C } 
[4148] 2015/01/17 15:00:56.687 收到 Head 資訊 {Count 2} {Type C } 
[4148] 2015/01/17 15:00:56.689 收到 Head 資訊 {Count 2} {Type C } 
[4148] 2015/01/17 15:00:56.691 收到 Head 資訊 {Count 2} {Type C } 
[4148] 2015/01/17 15:00:56.692 收到 Head 資訊 {Count 2} {Type C } 
[4148] 2015/01/17 15:00:56.694 收到 Head 資訊 {Count 2} {Type C } 
[4148] 2015/01/17 15:00:56.696 收到 Head 資訊 {Count 2} {Type C } 
[4148] 2015/01/17 15:00:56.697 收到 Head 資訊 {Count 2} {Type C } 
[4148] 2015/01/17 15:00:56.699 收到 Head 資訊 {Count 2} {Type C } 
[4148] 2015/01/17 15:00:56.701 收到 Head 資訊 {Count 2} {Type C } 
[4148] 2015/01/17 15:00:56.702 收到 Head 資訊 {Count 2} {Type C } 
[4148] 2015/01/17 15:00:56.704 收到 Head 資訊 {Count 2} {Type C } 
[4148] 2015/01/17 15:00:56.706 收到 Head 資訊 {Count 2} {Type C } 
[4148] 2015/01/17 15:00:56.707 收到 Head 資訊 {Count 2} {Type C } 
[4148] 2015/01/17 15:00:56.709 收到 Head 資訊 {Count 2} {Type C } 
[4148] 2015/01/17 15:00:56.711 收到 Head 資訊 {Count 2} {Type C } 
[4148] 2015/01/17 15:00:56.712 收到 Head 資訊 {Count 2} {Type C } 
[4148] 2015/01/17 15:00:56.714 收到 Head 資訊 {Count 2} {Type C } 
[4148] 2015/01/17 15:00:56.721 收到 Head 資訊 {Count 2} {Type C } 
[4148] 2015/01/17 15:00:56.723 收到 Head 資訊 {Count 2} {Type C } 
[4148] 2015/01/17 15:00:56.725 收到 Head 資訊 {Count 2} {Type C } 
[4148] 2015/01/17 15:00:56.726 收到 Head 資訊 {Count 2} {Type C } 
[4148] 2015/01/17 15:00:56.728 收到 Head 資訊 {Count 2} {Type C } 
[4148] 2015/01/17 15:00:56.730 收到 Head 資訊 {Count 2} {Type C } 
[4148] 2015/01/17 15:00:56.732 收到 Head 資訊 {Count 2} {Type C } 
[4148] 2015/01/17 15:00:56.733 收到 Head 資訊 {Count 2} {Type C } 
[4148] 2015/01/17 15:00:56.735 收到 Head 資訊 {Count 2} {Type C } 
[4148] 2015/01/17 15:00:56.737 收到 Head 資訊 {Count 2} {Type C } 
[4148] 2015/01/17 15:00:56.739 收到 Head 資訊 {Count 2} {Type C } 
[4148] 2015/01/17 15:00:56.740 收到 Head 資訊 {Count 2} {Type C } 
[4148] 2015/01/17 15:00:56.742 收到 Head 資訊 {Count 2} {Type C } 
[4148] 2015/01/17 15:00:56.744 收到 Head 資訊 {Count 2} {Type C } 
[4148] 2015/01/17 15:00:56.746 收到 Head 資訊 {Count 2} {Type C } 
[4148] 2015/01/17 15:00:56.748 收到 Head 資訊 {Count 2} {Type C } 
[4148] 2015/01/17 15:00:56.749 收到 Head 資訊 {Count 2} {Type C } 
[4148] 2015/01/17 15:00:56.751 收到 Head 資訊 {Count 2} {Type D } 
[4148] 2015/01/17 15:00:56.753 收到 Head 資訊 {Count 2} {Type D } 
[4148] 2015/01/17 15:00:56.755 收到 Head 資訊 {Count 2} {Type C } 
[4148] 2015/01/17 15:00:56.757 收到 Head 資訊 {Count 2} {Type C } 
[4148] 2015/01/17 15:00:56.758 收到 Head 資訊 {Count 2} {Type C } 
[4148] 2015/01/17 15:00:56.760 收到 Head 資訊 {Count 2} {Type C } 
[4148] 2015/01/17 15:00:56.762 收到 Head 資訊 {Count 2} {Type C } 
[4148] 2015/01/17 15:00:56.764 收到 Head 資訊 {Count 2} {Type C } 
[4148] 2015/01/17 15:00:56.765 收到 Head 資訊 {Count 2} {Type C } 
[4148] 2015/01/17 15:00:56.767 收到 Head 資訊 {Count 2} {Type C } 
[4148] 2015/01/17 15:00:56.769 收到 Head 資訊 {Count 2} {Type C } 
[4148] 2015/01/17 15:00:56.771 收到 Head 資訊 {Count 2} {Type C } 
[4148] 2015/01/17 15:00:56.773 收到 Head 資訊 {Count 2} {Type C } 
[4148] 2015/01/17 15:00:56.774 收到 Head 資訊 {Count 2} {Type C } 
[4148] 2015/01/17 15:00:56.776 收到 Head 資訊 {Count 2} {Type C } 
[4148] 2015/01/17 15:00:56.778 收到 Head 資訊 {Count 2} {Type C } 
[4148] 2015/01/17 15:00:56.780 收到 Head 資訊 {Count 2} {Type C } 
[4148] 2015/01/17 15:00:56.782 收到 Head 資訊 {Count 2} {Type C } 
[4148] 2015/01/17 15:00:56.784 收到 Head 資訊 {Count 2} {Type C } 
[4148] 2015/01/17 15:00:56.785 收到 Head 資訊 {Count 2} {Type C } 
[4148] 2015/01/17 15:00:56.787 收到 Head 資訊 {Count 2} {Type C } 
[4148] 2015/01/17 15:00:56.789 收到 Head 資訊 {Count 2} {Type C } 
[4148] 2015/01/17 15:00:56.791 收到 Head 資訊 {Count 2} {Type C } 
[4148] 2015/01/17 15:00:56.792 收到 Head 資訊 {Count 2} {Type C } 
[4148] 2015/01/17 15:00:56.794 收到 Head 資訊 {Count 2} {Type C } 
[4148] 2015/01/17 15:00:56.796 收到 Head 資訊 {Count 2} {Type C } 
[4148] 2015/01/17 15:00:56.798 收到 Head 資訊 {Count 2} {Type C } 
[4148] 2015/01/17 15:00:56.800 收到 Head 資訊 {Count 2} {Type C } 
[4148] 2015/01/17 15:00:56.801 收到 Head 資訊 {Count 2} {Type C } 
[4148] 2015/01/17 15:00:56.803 收到 Head 資訊 {Count 2} {Type C } 
[4148] 2015/01/17 15:00:56.805 收到 Head 資訊 {Count 2} {Type C } 
[4148] 2015/01/17 15:00:56.807 收到 Head 資訊 {Count 2} {Type C } 
[4148] 2015/01/17 15:00:56.809 收到 Head 資訊 {Count 2} {Type C } 
[4148] 2015/01/17 15:00:56.811 收到 Head 資訊 {Count 2} {Type C } 
[4148] 2015/01/17 15:00:56.813 收到 Head 資訊 {Count 2} {Type C } 
[4148] 2015/01/17 15:00:56.815 收到 Head 資訊 {Count 2} {Type C } 
[4148] 2015/01/17 15:00:56.817 收到 Head 資訊 {Count 2} {Type C } 
[4148] 2015/01/17 15:00:56.819 收到 Head 資訊 {Count 2} {Type C } 
[4148] 2015/01/17 15:00:56.821 收到 Head 資訊 {Count 2} {Type C } 
[4148] 2015/01/17 15:00:56.823 收到 Head 資訊 {Count 2} {Type C } 
[4148] 2015/01/17 15:00:56.825 收到 Head 資訊 {Count 2} {Type C } 
[4148] 2015/01/17 15:00:56.827 收到 Head 資訊 {Count 2} {Type C } 
[4148] 2015/01/17 15:00:56.829 收到 Head 資訊 {Count 2} {Type C } 
[4148] 2015/01/17 15:00:56.831 收到 Head 資訊 {Count 2} {Type C } 
[4148] 2015/01/17 15:00:56.833 收到 Head 資訊 {Count 2} {Type C } 
[4148] 2015/01/17 15:00:56.835 收到 Head 資訊 {Count 2} {Type C } 
[4148] 2015/01/17 15:00:56.837 收到 Head 資訊 {Count 2} {Type C } 
[4148] 2015/01/17 15:00:56.839 收到 Head 資訊 {Count 2} {Type C } 
[4148] 2015/01/17 15:00:56.841 收到 Head 資訊 {Count 2} {Type C } 
[4148] 2015/01/17 15:00:56.843 收到 Head 資訊 {Count 2} {Type C } 
[4148] 2015/01/17 15:00:56.845 收到 Head 資訊 {Count 2} {Type C } 
[4148] 2015/01/17 15:00:56.847 收到 Head 資訊 {Count 2} {Type C } 
[4148] 2015/01/17 15:00:56.849 收到 Head 資訊 {Count 2} {Type C } 
[4148] 2015/01/17 15:00:56.851 收到 Head 資訊 {Count 2} {Type C } 
[4148] 2015/01/17 15:00:56.853 收到 Head 資訊 {Count 2} {Type C } 
[4148] 2015/01/17 15:00:56.854 收到 Head 資訊 {Count 2} {Type C } 
[4148] 2015/01/17 15:00:56.856 收到 Head 資訊 {Count 2} {Type C } 
[4148] 2015/01/17 15:00:56.858 收到 Head 資訊 {Count 2} {Type C } 
[4148] 2015/01/17 15:00:56.860 收到 Head 資訊 {Count 2} {Type C } 
[4148] 2015/01/17 15:00:56.862 收到 Head 資訊 {Count 2} {Type C } 
[4148] 2015/01/17 15:00:56.864 收到 Head 資訊 {Count 2} {Type C } 
[4148] 2015/01/17 15:00:56.866 收到 Head 資訊 {Count 2} {Type C } 
[4148] 2015/01/17 15:00:56.868 收到 Head 資訊 {Count 2} {Type C } 
[4148] 2015/01/17 15:00:56.870 收到 Head 資訊 {Count 2} {Type C } 
[4148] 2015/01/17 15:00:56.872 收到 Head 資訊 {Count 2} {Type C } 
[4148] 2015/01/17 15:00:56.873 收到 Head 資訊 {Count 2} {Type C } 
[4148] 2015/01/17 15:00:56.875 收到 Head 資訊 {Count 2} {Type C } 
[4148] 2015/01/17 15:00:56.877 收到 Head 資訊 {Count 2} {Type C } 
[4148] 2015/01/17 15:00:56.879 收到 Head 資訊 {Count 2} {Type C } 
[4148] 2015/01/17 15:00:56.881 收到 Head 資訊 {Count 2} {Type C } 
[4148] 2015/01/17 15:00:56.883 收到 Head 資訊 {Count 2} {Type C } 
[4148] 2015/01/17 15:00:56.885 收到 Head 資訊 {Count 2} {Type C } 
[4148] 2015/01/17 15:00:56.887 收到 Head 資訊 {Count 2} {Type C } 
[4148] 2015/01/17 15:00:56.889 收到 Head 資訊 {Count 2} {Type C } 
[4148] 2015/01/17 15:00:56.891 收到 Head 資訊 {Count 2} {Type C } 
[4148] 2015/01/17 15:00:56.893 收到 Head 資訊 {Count 2} {Type C } 
[4148] 2015/01/17 15:00:56.895 收到 Head 資訊 {Count 2} {Type C } 
[4148] 2015/01/17 15:00:56.897 收到 Head 資訊 {Count 2} {Type C } 
[4148] 2015/01/17 15:00:56.898 收到 Head 資訊 {Count 2} {Type C } 
[4148] 2015/01/17 15:00:56.900 收到 Head 資訊 {Count 2} {Type B } 
[4748] 2015/01/17 15:01:18.485 API InitInstance 
[4748] 2015/01/17 15:01:24.723 E122828927 連線 Code：0
[4748] 2015/01/17 15:01:25.727 收到 Head 資訊 {Count 2} {Type C } 
[4748] 2015/01/17 15:01:25.729 收到 Head 資訊 {Count 2} {Type C } 
[4748] 2015/01/17 15:01:25.731 收到 Head 資訊 {Count 2} {Type C } 
[4748] 2015/01/17 15:01:25.733 收到 Head 資訊 {Count 2} {Type C } 
[4748] 2015/01/17 15:01:25.735 收到 Head 資訊 {Count 2} {Type C } 
[4748] 2015/01/17 15:01:25.737 收到 Head 資訊 {Count 2} {Type C } 
[4748] 2015/01/17 15:01:25.739 收到 Head 資訊 {Count 2} {Type C } 
[4748] 2015/01/17 15:01:25.741 收到 Head 資訊 {Count 2} {Type C } 
[4748] 2015/01/17 15:01:25.743 收到 Head 資訊 {Count 2} {Type C } 
[4748] 2015/01/17 15:01:25.745 收到 Head 資訊 {Count 2} {Type C } 
[4748] 2015/01/17 15:01:25.747 收到 Head 資訊 {Count 2} {Type C } 
[4748] 2015/01/17 15:01:25.748 收到 Head 資訊 {Count 2} {Type C } 
[4748] 2015/01/17 15:01:25.750 收到 Head 資訊 {Count 2} {Type C } 
[4748] 2015/01/17 15:01:25.752 收到 Head 資訊 {Count 2} {Type C } 
[4748] 2015/01/17 15:01:25.754 收到 Head 資訊 {Count 2} {Type C } 
[4748] 2015/01/17 15:01:25.756 收到 Head 資訊 {Count 2} {Type C } 
[4748] 2015/01/17 15:01:25.758 收到 Head 資訊 {Count 2} {Type C } 
[4748] 2015/01/17 15:01:25.760 收到 Head 資訊 {Count 2} {Type C } 
[4748] 2015/01/17 15:01:25.762 收到 Head 資訊 {Count 2} {Type C } 
[4748] 2015/01/17 15:01:25.764 收到 Head 資訊 {Count 2} {Type C } 
[4748] 2015/01/17 15:01:25.766 收到 Head 資訊 {Count 2} {Type C } 
[4748] 2015/01/17 15:01:25.768 收到 Head 資訊 {Count 2} {Type C } 
[4748] 2015/01/17 15:01:25.770 收到 Head 資訊 {Count 2} {Type C } 
[4748] 2015/01/17 15:01:25.772 收到 Head 資訊 {Count 2} {Type C } 
[4748] 2015/01/17 15:01:25.774 收到 Head 資訊 {Count 2} {Type C } 
[4748] 2015/01/17 15:01:25.776 收到 Head 資訊 {Count 2} {Type C } 
[4748] 2015/01/17 15:01:25.778 收到 Head 資訊 {Count 2} {Type C } 
[4748] 2015/01/17 15:01:25.780 收到 Head 資訊 {Count 2} {Type C } 
[4748] 2015/01/17 15:01:25.782 收到 Head 資訊 {Count 2} {Type C } 
[4748] 2015/01/17 15:01:25.784 收到 Head 資訊 {Count 2} {Type C } 
[4748] 2015/01/17 15:01:25.786 收到 Head 資訊 {Count 2} {Type C } 
[4748] 2015/01/17 15:01:25.788 收到 Head 資訊 {Count 2} {Type C } 
[4748] 2015/01/17 15:01:25.790 收到 Head 資訊 {Count 2} {Type C } 
[4748] 2015/01/17 15:01:25.791 收到 Head 資訊 {Count 2} {Type C } 
[4748] 2015/01/17 15:01:25.793 收到 Head 資訊 {Count 2} {Type C } 
[4748] 2015/01/17 15:01:25.795 收到 Head 資訊 {Count 2} {Type C } 
[4748] 2015/01/17 15:01:25.797 收到 Head 資訊 {Count 2} {Type C } 
[4748] 2015/01/17 15:01:25.799 收到 Head 資訊 {Count 2} {Type C } 
[4748] 2015/01/17 15:01:25.801 收到 Head 資訊 {Count 2} {Type C } 
[4748] 2015/01/17 15:01:25.803 收到 Head 資訊 {Count 2} {Type C } 
[4748] 2015/01/17 15:01:25.805 收到 Head 資訊 {Count 2} {Type C } 
[4748] 2015/01/17 15:01:25.807 收到 Head 資訊 {Count 2} {Type C } 
[4748] 2015/01/17 15:01:25.809 收到 Head 資訊 {Count 2} {Type C } 
[4748] 2015/01/17 15:01:25.811 收到 Head 資訊 {Count 2} {Type C } 
[4748] 2015/01/17 15:01:25.813 收到 Head 資訊 {Count 2} {Type C } 
[4748] 2015/01/17 15:01:25.815 收到 Head 資訊 {Count 2} {Type C } 
[4748] 2015/01/17 15:01:25.817 收到 Head 資訊 {Count 2} {Type C } 
[4748] 2015/01/17 15:01:25.819 收到 Head 資訊 {Count 2} {Type C } 
[4748] 2015/01/17 15:01:25.821 收到 Head 資訊 {Count 2} {Type C } 
[4748] 2015/01/17 15:01:25.823 收到 Head 資訊 {Count 2} {Type C } 
[4748] 2015/01/17 15:01:25.825 收到 Head 資訊 {Count 2} {Type C } 
[4748] 2015/01/17 15:01:25.827 收到 Head 資訊 {Count 2} {Type C } 
[4748] 2015/01/17 15:01:25.829 收到 Head 資訊 {Count 2} {Type C } 
[4748] 2015/01/17 15:01:25.831 收到 Head 資訊 {Count 2} {Type C } 
[4748] 2015/01/17 15:01:25.833 收到 Head 資訊 {Count 2} {Type C } 
[4748] 2015/01/17 15:01:25.835 收到 Head 資訊 {Count 2} {Type C } 
[4748] 2015/01/17 15:01:25.837 收到 Head 資訊 {Count 2} {Type C } 
[4748] 2015/01/17 15:01:25.839 收到 Head 資訊 {Count 2} {Type C } 
[4748] 2015/01/17 15:01:25.841 收到 Head 資訊 {Count 2} {Type C } 
[4748] 2015/01/17 15:01:25.843 收到 Head 資訊 {Count 2} {Type C } 
[4748] 2015/01/17 15:01:25.845 收到 Head 資訊 {Count 2} {Type C } 
[4748] 2015/01/17 15:01:25.847 收到 Head 資訊 {Count 2} {Type C } 
[4748] 2015/01/17 15:01:25.849 收到 Head 資訊 {Count 2} {Type C } 
[4748] 2015/01/17 15:01:25.851 收到 Head 資訊 {Count 2} {Type C } 
[4748] 2015/01/17 15:01:25.853 收到 Head 資訊 {Count 2} {Type C } 
[4748] 2015/01/17 15:01:25.855 收到 Head 資訊 {Count 2} {Type C } 
[4748] 2015/01/17 15:01:25.857 收到 Head 資訊 {Count 2} {Type C } 
[4748] 2015/01/17 15:01:25.859 收到 Head 資訊 {Count 2} {Type C } 
[4748] 2015/01/17 15:01:25.861 收到 Head 資訊 {Count 2} {Type C } 
[4748] 2015/01/17 15:01:25.863 收到 Head 資訊 {Count 2} {Type C } 
[4748] 2015/01/17 15:01:25.865 收到 Head 資訊 {Count 2} {Type C } 
[4748] 2015/01/17 15:01:25.867 收到 Head 資訊 {Count 2} {Type C } 
[4748] 2015/01/17 15:01:25.869 收到 Head 資訊 {Count 2} {Type C } 
[4748] 2015/01/17 15:01:25.871 收到 Head 資訊 {Count 2} {Type C } 
[4748] 2015/01/17 15:01:25.873 收到 Head 資訊 {Count 2} {Type C } 
[4748] 2015/01/17 15:01:25.875 收到 Head 資訊 {Count 2} {Type C } 
[4748] 2015/01/17 15:01:25.877 收到 Head 資訊 {Count 2} {Type C } 
[4748] 2015/01/17 15:01:25.879 收到 Head 資訊 {Count 2} {Type C } 
[4748] 2015/01/17 15:01:25.881 收到 Head 資訊 {Count 2} {Type C } 
[4748] 2015/01/17 15:01:25.883 收到 Head 資訊 {Count 2} {Type C } 
[4748] 2015/01/17 15:01:25.885 收到 Head 資訊 {Count 2} {Type C } 
[4748] 2015/01/17 15:01:25.887 收到 Head 資訊 {Count 2} {Type C } 
[4748] 2015/01/17 15:01:25.889 收到 Head 資訊 {Count 2} {Type C } 
[4748] 2015/01/17 15:01:25.891 收到 Head 資訊 {Count 2} {Type C } 
[4748] 2015/01/17 15:01:25.893 收到 Head 資訊 {Count 2} {Type C } 
[4748] 2015/01/17 15:01:25.895 收到 Head 資訊 {Count 2} {Type C } 
[4748] 2015/01/17 15:01:25.897 收到 Head 資訊 {Count 2} {Type C } 
[4748] 2015/01/17 15:01:25.899 收到 Head 資訊 {Count 2} {Type C } 
[4748] 2015/01/17 15:01:25.901 收到 Head 資訊 {Count 2} {Type C } 
[4748] 2015/01/17 15:01:25.903 收到 Head 資訊 {Count 2} {Type C } 
[4748] 2015/01/17 15:01:25.905 收到 Head 資訊 {Count 2} {Type C } 
[4748] 2015/01/17 15:01:25.907 收到 Head 資訊 {Count 2} {Type C } 
[4748] 2015/01/17 15:01:25.909 收到 Head 資訊 {Count 2} {Type C } 
[4748] 2015/01/17 15:01:25.910 收到 Head 資訊 {Count 2} {Type C } 
[4748] 2015/01/17 15:01:25.912 收到 Head 資訊 {Count 2} {Type C } 
[4748] 2015/01/17 15:01:25.914 收到 Head 資訊 {Count 2} {Type D } 
[4748] 2015/01/17 15:01:25.916 收到 Head 資訊 {Count 2} {Type D } 
[4748] 2015/01/17 15:01:25.918 收到 Head 資訊 {Count 2} {Type C } 
[4748] 2015/01/17 15:01:25.919 收到 Head 資訊 {Count 2} {Type C } 
[4748] 2015/01/17 15:01:25.921 收到 Head 資訊 {Count 2} {Type C } 
[4748] 2015/01/17 15:01:25.923 收到 Head 資訊 {Count 2} {Type C } 
[4748] 2015/01/17 15:01:25.925 收到 Head 資訊 {Count 2} {Type C } 
[4748] 2015/01/17 15:01:25.927 收到 Head 資訊 {Count 2} {Type C } 
[4748] 2015/01/17 15:01:25.928 收到 Head 資訊 {Count 2} {Type C } 
[4748] 2015/01/17 15:01:25.930 收到 Head 資訊 {Count 2} {Type C } 
[4748] 2015/01/17 15:01:25.932 收到 Head 資訊 {Count 2} {Type C } 
[4748] 2015/01/17 15:01:25.934 收到 Head 資訊 {Count 2} {Type C } 
[4748] 2015/01/17 15:01:25.936 收到 Head 資訊 {Count 2} {Type C } 
[4748] 2015/01/17 15:01:25.938 收到 Head 資訊 {Count 2} {Type C } 
[4748] 2015/01/17 15:01:25.939 收到 Head 資訊 {Count 2} {Type C } 
[4748] 2015/01/17 15:01:25.941 收到 Head 資訊 {Count 2} {Type C } 
[4748] 2015/01/17 15:01:25.943 收到 Head 資訊 {Count 2} {Type C } 
[4748] 2015/01/17 15:01:25.945 收到 Head 資訊 {Count 2} {Type C } 
[4748] 2015/01/17 15:01:25.946 收到 Head 資訊 {Count 2} {Type C } 
[4748] 2015/01/17 15:01:25.948 收到 Head 資訊 {Count 2} {Type C } 
[4748] 2015/01/17 15:01:25.950 收到 Head 資訊 {Count 2} {Type C } 
[4748] 2015/01/17 15:01:25.952 收到 Head 資訊 {Count 2} {Type C } 
[4748] 2015/01/17 15:01:25.954 收到 Head 資訊 {Count 2} {Type C } 
[4748] 2015/01/17 15:01:25.956 收到 Head 資訊 {Count 2} {Type C } 
[4748] 2015/01/17 15:01:25.957 收到 Head 資訊 {Count 2} {Type C } 
[4748] 2015/01/17 15:01:25.959 收到 Head 資訊 {Count 2} {Type C } 
[4748] 2015/01/17 15:01:25.961 收到 Head 資訊 {Count 2} {Type C } 
[4748] 2015/01/17 15:01:25.963 收到 Head 資訊 {Count 2} {Type C } 
[4748] 2015/01/17 15:01:25.965 收到 Head 資訊 {Count 2} {Type C } 
[4748] 2015/01/17 15:01:25.967 收到 Head 資訊 {Count 2} {Type C } 
[4748] 2015/01/17 15:01:25.969 收到 Head 資訊 {Count 2} {Type C } 
[4748] 2015/01/17 15:01:25.971 收到 Head 資訊 {Count 2} {Type C } 
[4748] 2015/01/17 15:01:25.973 收到 Head 資訊 {Count 2} {Type C } 
[4748] 2015/01/17 15:01:25.975 收到 Head 資訊 {Count 2} {Type C } 
[4748] 2015/01/17 15:01:25.977 收到 Head 資訊 {Count 2} {Type C } 
[4748] 2015/01/17 15:01:25.979 收到 Head 資訊 {Count 2} {Type C } 
[4748] 2015/01/17 15:01:25.981 收到 Head 資訊 {Count 2} {Type C } 
[4748] 2015/01/17 15:01:25.983 收到 Head 資訊 {Count 2} {Type C } 
[4748] 2015/01/17 15:01:25.985 收到 Head 資訊 {Count 2} {Type C } 
[4748] 2015/01/17 15:01:25.987 收到 Head 資訊 {Count 2} {Type C } 
[4748] 2015/01/17 15:01:25.989 收到 Head 資訊 {Count 2} {Type C } 
[4748] 2015/01/17 15:01:25.991 收到 Head 資訊 {Count 2} {Type C } 
[4748] 2015/01/17 15:01:25.993 收到 Head 資訊 {Count 2} {Type C } 
[4748] 2015/01/17 15:01:25.995 收到 Head 資訊 {Count 2} {Type C } 
[4748] 2015/01/17 15:01:25.997 收到 Head 資訊 {Count 2} {Type C } 
[4748] 2015/01/17 15:01:25.999 收到 Head 資訊 {Count 2} {Type C } 
[4748] 2015/01/17 15:01:26.001 收到 Head 資訊 {Count 2} {Type C } 
[4748] 2015/01/17 15:01:26.003 收到 Head 資訊 {Count 2} {Type C } 
[4748] 2015/01/17 15:01:26.005 收到 Head 資訊 {Count 2} {Type C } 
[4748] 2015/01/17 15:01:26.007 收到 Head 資訊 {Count 2} {Type C } 
[4748] 2015/01/17 15:01:26.009 收到 Head 資訊 {Count 2} {Type C } 
[4748] 2015/01/17 15:01:26.011 收到 Head 資訊 {Count 2} {Type C } 
[4748] 2015/01/17 15:01:26.013 收到 Head 資訊 {Count 2} {Type C } 
[4748] 2015/01/17 15:01:26.014 收到 Head 資訊 {Count 2} {Type C } 
[4748] 2015/01/17 15:01:26.016 收到 Head 資訊 {Count 2} {Type C } 
[4748] 2015/01/17 15:01:26.018 收到 Head 資訊 {Count 2} {Type C } 
[4748] 2015/01/17 15:01:26.019 收到 Head 資訊 {Count 2} {Type C } 
[4748] 2015/01/17 15:01:26.021 收到 Head 資訊 {Count 2} {Type C } 
[4748] 2015/01/17 15:01:26.023 收到 Head 資訊 {Count 2} {Type C } 
[4748] 2015/01/17 15:01:26.025 收到 Head 資訊 {Count 2} {Type C } 
[4748] 2015/01/17 15:01:26.026 收到 Head 資訊 {Count 2} {Type C } 
[4748] 2015/01/17 15:01:26.028 收到 Head 資訊 {Count 2} {Type C } 
[4748] 2015/01/17 15:01:26.030 收到 Head 資訊 {Count 2} {Type C } 
[4748] 2015/01/17 15:01:26.031 收到 Head 資訊 {Count 2} {Type C } 
[4748] 2015/01/17 15:01:26.033 收到 Head 資訊 {Count 2} {Type C } 
[4748] 2015/01/17 15:01:26.035 收到 Head 資訊 {Count 2} {Type C } 
[4748] 2015/01/17 15:01:26.036 收到 Head 資訊 {Count 2} {Type C } 
[4748] 2015/01/17 15:01:26.038 收到 Head 資訊 {Count 2} {Type C } 
[4748] 2015/01/17 15:01:26.040 收到 Head 資訊 {Count 2} {Type C } 
[4748] 2015/01/17 15:01:26.041 收到 Head 資訊 {Count 2} {Type C } 
[4748] 2015/01/17 15:01:26.043 收到 Head 資訊 {Count 2} {Type C } 
[4748] 2015/01/17 15:01:26.045 收到 Head 資訊 {Count 2} {Type C } 
[4748] 2015/01/17 15:01:26.046 收到 Head 資訊 {Count 2} {Type C } 
[4748] 2015/01/17 15:01:26.048 收到 Head 資訊 {Count 2} {Type C } 
[4748] 2015/01/17 15:01:26.050 收到 Head 資訊 {Count 2} {Type C } 
[4748] 2015/01/17 15:01:26.052 收到 Head 資訊 {Count 2} {Type C } 
[4748] 2015/01/17 15:01:26.053 收到 Head 資訊 {Count 2} {Type C } 
[4748] 2015/01/17 15:01:26.055 收到 Head 資訊 {Count 2} {Type C } 
[4748] 2015/01/17 15:01:26.057 收到 Head 資訊 {Count 2} {Type C } 
[4748] 2015/01/17 15:01:26.058 收到 Head 資訊 {Count 2} {Type B } 
[4928] 2015/01/17 15:14:39.338 API InitInstance 
[4928] 2015/01/17 15:14:57.148 E122828927 連線 Code：0
[4928] 2015/01/17 15:14:58.152 收到 Head 資訊 {Count 2} {Type C } 
[4928] 2015/01/17 15:14:58.154 收到 Head 資訊 {Count 2} {Type C } 
[4928] 2015/01/17 15:14:58.156 收到 Head 資訊 {Count 2} {Type C } 
[4928] 2015/01/17 15:14:58.158 收到 Head 資訊 {Count 2} {Type C } 
[4928] 2015/01/17 15:14:58.160 收到 Head 資訊 {Count 2} {Type C } 
[4928] 2015/01/17 15:14:58.162 收到 Head 資訊 {Count 2} {Type C } 
[4928] 2015/01/17 15:14:58.164 收到 Head 資訊 {Count 2} {Type C } 
[4928] 2015/01/17 15:14:58.166 收到 Head 資訊 {Count 2} {Type C } 
[4928] 2015/01/17 15:14:58.168 收到 Head 資訊 {Count 2} {Type C } 
[4928] 2015/01/17 15:14:58.170 收到 Head 資訊 {Count 2} {Type C } 
[4928] 2015/01/17 15:14:58.171 收到 Head 資訊 {Count 2} {Type C } 
[4928] 2015/01/17 15:14:58.174 收到 Head 資訊 {Count 2} {Type C } 
[4928] 2015/01/17 15:14:58.175 收到 Head 資訊 {Count 2} {Type C } 
[4928] 2015/01/17 15:14:58.177 收到 Head 資訊 {Count 2} {Type C } 
[4928] 2015/01/17 15:14:58.179 收到 Head 資訊 {Count 2} {Type C } 
[4928] 2015/01/17 15:14:58.181 收到 Head 資訊 {Count 2} {Type C } 
[4928] 2015/01/17 15:14:58.183 收到 Head 資訊 {Count 2} {Type C } 
[4928] 2015/01/17 15:14:58.185 收到 Head 資訊 {Count 2} {Type C } 
[4928] 2015/01/17 15:14:58.187 收到 Head 資訊 {Count 2} {Type C } 
[4928] 2015/01/17 15:14:58.189 收到 Head 資訊 {Count 2} {Type C } 
[4928] 2015/01/17 15:14:58.191 收到 Head 資訊 {Count 2} {Type C } 
[4928] 2015/01/17 15:14:58.193 收到 Head 資訊 {Count 2} {Type C } 
[4928] 2015/01/17 15:14:58.195 收到 Head 資訊 {Count 2} {Type C } 
[4928] 2015/01/17 15:14:58.197 收到 Head 資訊 {Count 2} {Type C } 
[4928] 2015/01/17 15:14:58.199 收到 Head 資訊 {Count 2} {Type C } 
[4928] 2015/01/17 15:14:58.200 收到 Head 資訊 {Count 2} {Type C } 
[4928] 2015/01/17 15:14:58.203 收到 Head 資訊 {Count 2} {Type C } 
[4928] 2015/01/17 15:14:58.205 收到 Head 資訊 {Count 2} {Type C } 
[4928] 2015/01/17 15:14:58.207 收到 Head 資訊 {Count 2} {Type C } 
[4928] 2015/01/17 15:14:58.209 收到 Head 資訊 {Count 2} {Type C } 
[4928] 2015/01/17 15:14:58.211 收到 Head 資訊 {Count 2} {Type C } 
[4928] 2015/01/17 15:14:58.213 收到 Head 資訊 {Count 2} {Type C } 
[4928] 2015/01/17 15:14:58.215 收到 Head 資訊 {Count 2} {Type C } 
[4928] 2015/01/17 15:14:58.217 收到 Head 資訊 {Count 2} {Type C } 
[4928] 2015/01/17 15:14:58.218 收到 Head 資訊 {Count 2} {Type C } 
[4928] 2015/01/17 15:14:58.220 收到 Head 資訊 {Count 2} {Type C } 
[4928] 2015/01/17 15:14:58.222 收到 Head 資訊 {Count 2} {Type C } 
[4928] 2015/01/17 15:14:58.224 收到 Head 資訊 {Count 2} {Type C } 
[4928] 2015/01/17 15:14:58.226 收到 Head 資訊 {Count 2} {Type C } 
[4928] 2015/01/17 15:14:58.228 收到 Head 資訊 {Count 2} {Type C } 
[4928] 2015/01/17 15:14:58.230 收到 Head 資訊 {Count 2} {Type C } 
[4928] 2015/01/17 15:14:58.232 收到 Head 資訊 {Count 2} {Type C } 
[4928] 2015/01/17 15:14:58.233 收到 Head 資訊 {Count 2} {Type C } 
[4928] 2015/01/17 15:14:58.235 收到 Head 資訊 {Count 2} {Type C } 
[4928] 2015/01/17 15:14:58.237 收到 Head 資訊 {Count 2} {Type C } 
[4928] 2015/01/17 15:14:58.239 收到 Head 資訊 {Count 2} {Type C } 
[4928] 2015/01/17 15:14:58.241 收到 Head 資訊 {Count 2} {Type C } 
[4928] 2015/01/17 15:14:58.243 收到 Head 資訊 {Count 2} {Type C } 
[4928] 2015/01/17 15:14:58.245 收到 Head 資訊 {Count 2} {Type C } 
[4928] 2015/01/17 15:14:58.247 收到 Head 資訊 {Count 2} {Type C } 
[4928] 2015/01/17 15:14:58.249 收到 Head 資訊 {Count 2} {Type C } 
[4928] 2015/01/17 15:14:58.251 收到 Head 資訊 {Count 2} {Type C } 
[4928] 2015/01/17 15:14:58.253 收到 Head 資訊 {Count 2} {Type C } 
[4928] 2015/01/17 15:14:58.255 收到 Head 資訊 {Count 2} {Type C } 
[4928] 2015/01/17 15:14:58.257 收到 Head 資訊 {Count 2} {Type C } 
[4928] 2015/01/17 15:14:58.259 收到 Head 資訊 {Count 2} {Type C } 
[4928] 2015/01/17 15:14:58.261 收到 Head 資訊 {Count 2} {Type C } 
[4928] 2015/01/17 15:14:58.263 收到 Head 資訊 {Count 2} {Type C } 
[4928] 2015/01/17 15:14:58.265 收到 Head 資訊 {Count 2} {Type C } 
[4928] 2015/01/17 15:14:58.267 收到 Head 資訊 {Count 2} {Type C } 
[4928] 2015/01/17 15:14:58.269 收到 Head 資訊 {Count 2} {Type C } 
[4928] 2015/01/17 15:14:58.271 收到 Head 資訊 {Count 2} {Type C } 
[4928] 2015/01/17 15:14:58.273 收到 Head 資訊 {Count 2} {Type C } 
[4928] 2015/01/17 15:14:58.275 收到 Head 資訊 {Count 2} {Type C } 
[4928] 2015/01/17 15:14:58.277 收到 Head 資訊 {Count 2} {Type C } 
[4928] 2015/01/17 15:14:58.279 收到 Head 資訊 {Count 2} {Type C } 
[4928] 2015/01/17 15:14:58.280 收到 Head 資訊 {Count 2} {Type C } 
[4928] 2015/01/17 15:14:58.282 收到 Head 資訊 {Count 2} {Type C } 
[4928] 2015/01/17 15:14:58.284 收到 Head 資訊 {Count 2} {Type C } 
[4928] 2015/01/17 15:14:58.286 收到 Head 資訊 {Count 2} {Type C } 
[4928] 2015/01/17 15:14:58.288 收到 Head 資訊 {Count 2} {Type C } 
[4928] 2015/01/17 15:14:58.290 收到 Head 資訊 {Count 2} {Type C } 
[4928] 2015/01/17 15:14:58.292 收到 Head 資訊 {Count 2} {Type C } 
[4928] 2015/01/17 15:14:58.294 收到 Head 資訊 {Count 2} {Type C } 
[4928] 2015/01/17 15:14:58.296 收到 Head 資訊 {Count 2} {Type C } 
[4928] 2015/01/17 15:14:58.298 收到 Head 資訊 {Count 2} {Type C } 
[4928] 2015/01/17 15:14:58.300 收到 Head 資訊 {Count 2} {Type C } 
[4928] 2015/01/17 15:14:58.302 收到 Head 資訊 {Count 2} {Type C } 
[4928] 2015/01/17 15:14:58.304 收到 Head 資訊 {Count 2} {Type C } 
[4928] 2015/01/17 15:14:58.306 收到 Head 資訊 {Count 2} {Type C } 
[4928] 2015/01/17 15:14:58.308 收到 Head 資訊 {Count 2} {Type C } 
[4928] 2015/01/17 15:14:58.310 收到 Head 資訊 {Count 2} {Type C } 
[4928] 2015/01/17 15:14:58.312 收到 Head 資訊 {Count 2} {Type C } 
[4928] 2015/01/17 15:14:58.314 收到 Head 資訊 {Count 2} {Type C } 
[4928] 2015/01/17 15:14:58.316 收到 Head 資訊 {Count 2} {Type C } 
[4928] 2015/01/17 15:14:58.318 收到 Head 資訊 {Count 2} {Type C } 
[4928] 2015/01/17 15:14:58.320 收到 Head 資訊 {Count 2} {Type C } 
[4928] 2015/01/17 15:14:58.322 收到 Head 資訊 {Count 2} {Type C } 
[4928] 2015/01/17 15:14:58.324 收到 Head 資訊 {Count 2} {Type C } 
[4928] 2015/01/17 15:14:58.326 收到 Head 資訊 {Count 2} {Type C } 
[4928] 2015/01/17 15:14:58.328 收到 Head 資訊 {Count 2} {Type C } 
[4928] 2015/01/17 15:14:58.330 收到 Head 資訊 {Count 2} {Type C } 
[4928] 2015/01/17 15:14:58.332 收到 Head 資訊 {Count 2} {Type C } 
[4928] 2015/01/17 15:14:58.334 收到 Head 資訊 {Count 2} {Type C } 
[4928] 2015/01/17 15:14:58.335 收到 Head 資訊 {Count 2} {Type C } 
[4928] 2015/01/17 15:14:58.337 收到 Head 資訊 {Count 2} {Type D } 
[4928] 2015/01/17 15:14:58.339 收到 Head 資訊 {Count 2} {Type D } 
[4928] 2015/01/17 15:14:58.341 收到 Head 資訊 {Count 2} {Type C } 
[4928] 2015/01/17 15:14:58.342 收到 Head 資訊 {Count 2} {Type C } 
[4928] 2015/01/17 15:14:58.344 收到 Head 資訊 {Count 2} {Type C } 
[4928] 2015/01/17 15:14:58.346 收到 Head 資訊 {Count 2} {Type C } 
[4928] 2015/01/17 15:14:58.347 收到 Head 資訊 {Count 2} {Type C } 
[4928] 2015/01/17 15:14:58.349 收到 Head 資訊 {Count 2} {Type C } 
[4928] 2015/01/17 15:14:58.351 收到 Head 資訊 {Count 2} {Type C } 
[4928] 2015/01/17 15:14:58.353 收到 Head 資訊 {Count 2} {Type C } 
[4928] 2015/01/17 15:14:58.355 收到 Head 資訊 {Count 2} {Type C } 
[4928] 2015/01/17 15:14:58.357 收到 Head 資訊 {Count 2} {Type C } 
[4928] 2015/01/17 15:14:58.359 收到 Head 資訊 {Count 2} {Type C } 
[4928] 2015/01/17 15:14:58.361 收到 Head 資訊 {Count 2} {Type C } 
[4928] 2015/01/17 15:14:58.363 收到 Head 資訊 {Count 2} {Type C } 
[4928] 2015/01/17 15:14:58.365 收到 Head 資訊 {Count 2} {Type C } 
[4928] 2015/01/17 15:14:58.367 收到 Head 資訊 {Count 2} {Type C } 
[4928] 2015/01/17 15:14:58.370 收到 Head 資訊 {Count 2} {Type C } 
[4928] 2015/01/17 15:14:58.372 收到 Head 資訊 {Count 2} {Type C } 
[4928] 2015/01/17 15:14:58.374 收到 Head 資訊 {Count 2} {Type C } 
[4928] 2015/01/17 15:14:58.375 收到 Head 資訊 {Count 2} {Type C } 
[4928] 2015/01/17 15:14:58.377 收到 Head 資訊 {Count 2} {Type C } 
[4928] 2015/01/17 15:14:58.379 收到 Head 資訊 {Count 2} {Type C } 
[4928] 2015/01/17 15:14:58.381 收到 Head 資訊 {Count 2} {Type C } 
[4928] 2015/01/17 15:14:58.383 收到 Head 資訊 {Count 2} {Type C } 
[4928] 2015/01/17 15:14:58.384 收到 Head 資訊 {Count 2} {Type C } 
[4928] 2015/01/17 15:14:58.386 收到 Head 資訊 {Count 2} {Type C } 
[4928] 2015/01/17 15:14:58.388 收到 Head 資訊 {Count 2} {Type C } 
[4928] 2015/01/17 15:14:58.390 收到 Head 資訊 {Count 2} {Type C } 
[4928] 2015/01/17 15:14:58.392 收到 Head 資訊 {Count 2} {Type C } 
[4928] 2015/01/17 15:14:58.393 收到 Head 資訊 {Count 2} {Type C } 
[4928] 2015/01/17 15:14:58.395 收到 Head 資訊 {Count 2} {Type C } 
[4928] 2015/01/17 15:14:58.397 收到 Head 資訊 {Count 2} {Type C } 
[4928] 2015/01/17 15:14:58.399 收到 Head 資訊 {Count 2} {Type C } 
[4928] 2015/01/17 15:14:58.401 收到 Head 資訊 {Count 2} {Type C } 
[4928] 2015/01/17 15:14:58.402 收到 Head 資訊 {Count 2} {Type C } 
[4928] 2015/01/17 15:14:58.405 收到 Head 資訊 {Count 2} {Type C } 
[4928] 2015/01/17 15:14:58.406 收到 Head 資訊 {Count 2} {Type C } 
[4928] 2015/01/17 15:14:58.408 收到 Head 資訊 {Count 2} {Type C } 
[4928] 2015/01/17 15:14:58.410 收到 Head 資訊 {Count 2} {Type C } 
[4928] 2015/01/17 15:14:58.412 收到 Head 資訊 {Count 2} {Type C } 
[4928] 2015/01/17 15:14:58.414 收到 Head 資訊 {Count 2} {Type C } 
[4928] 2015/01/17 15:14:58.416 收到 Head 資訊 {Count 2} {Type C } 
[4928] 2015/01/17 15:14:58.417 收到 Head 資訊 {Count 2} {Type C } 
[4928] 2015/01/17 15:14:58.419 收到 Head 資訊 {Count 2} {Type C } 
[4928] 2015/01/17 15:14:58.421 收到 Head 資訊 {Count 2} {Type C } 
[4928] 2015/01/17 15:14:58.423 收到 Head 資訊 {Count 2} {Type C } 
[4928] 2015/01/17 15:14:58.425 收到 Head 資訊 {Count 2} {Type C } 
[4928] 2015/01/17 15:14:58.426 收到 Head 資訊 {Count 2} {Type C } 
[4928] 2015/01/17 15:14:58.428 收到 Head 資訊 {Count 2} {Type C } 
[4928] 2015/01/17 15:14:58.430 收到 Head 資訊 {Count 2} {Type C } 
[4928] 2015/01/17 15:14:58.432 收到 Head 資訊 {Count 2} {Type C } 
[4928] 2015/01/17 15:14:58.434 收到 Head 資訊 {Count 2} {Type C } 
[4928] 2015/01/17 15:14:58.435 收到 Head 資訊 {Count 2} {Type C } 
[4928] 2015/01/17 15:14:58.437 收到 Head 資訊 {Count 2} {Type C } 
[4928] 2015/01/17 15:14:58.439 收到 Head 資訊 {Count 2} {Type C } 
[4928] 2015/01/17 15:14:58.441 收到 Head 資訊 {Count 2} {Type C } 
[4928] 2015/01/17 15:14:58.443 收到 Head 資訊 {Count 2} {Type C } 
[4928] 2015/01/17 15:14:58.444 收到 Head 資訊 {Count 2} {Type C } 
[4928] 2015/01/17 15:14:58.446 收到 Head 資訊 {Count 2} {Type C } 
[4928] 2015/01/17 15:14:58.448 收到 Head 資訊 {Count 2} {Type C } 
[4928] 2015/01/17 15:14:58.449 收到 Head 資訊 {Count 2} {Type C } 
[4928] 2015/01/17 15:14:58.451 收到 Head 資訊 {Count 2} {Type C } 
[4928] 2015/01/17 15:14:58.453 收到 Head 資訊 {Count 2} {Type C } 
[4928] 2015/01/17 15:14:58.454 收到 Head 資訊 {Count 2} {Type C } 
[4928] 2015/01/17 15:14:58.456 收到 Head 資訊 {Count 2} {Type C } 
[4928] 2015/01/17 15:14:58.458 收到 Head 資訊 {Count 2} {Type C } 
[4928] 2015/01/17 15:14:58.464 收到 Head 資訊 {Count 2} {Type C } 
[4928] 2015/01/17 15:14:58.466 收到 Head 資訊 {Count 2} {Type C } 
[4928] 2015/01/17 15:14:58.467 收到 Head 資訊 {Count 2} {Type C } 
[4928] 2015/01/17 15:14:58.469 收到 Head 資訊 {Count 2} {Type C } 
[4928] 2015/01/17 15:14:58.471 收到 Head 資訊 {Count 2} {Type C } 
[4928] 2015/01/17 15:14:58.472 收到 Head 資訊 {Count 2} {Type C } 
[4928] 2015/01/17 15:14:58.474 收到 Head 資訊 {Count 2} {Type C } 
[4928] 2015/01/17 15:14:58.476 收到 Head 資訊 {Count 2} {Type C } 
[4928] 2015/01/17 15:14:58.477 收到 Head 資訊 {Count 2} {Type C } 
[4928] 2015/01/17 15:14:58.479 收到 Head 資訊 {Count 2} {Type C } 
[4928] 2015/01/17 15:14:58.481 收到 Head 資訊 {Count 2} {Type C } 
[4928] 2015/01/17 15:14:58.483 收到 Head 資訊 {Count 2} {Type C } 
[4928] 2015/01/17 15:14:58.484 收到 Head 資訊 {Count 2} {Type C } 
[4928] 2015/01/17 15:14:58.486 收到 Head 資訊 {Count 2} {Type C } 
[4928] 2015/01/17 15:14:58.488 收到 Head 資訊 {Count 2} {Type B } 
[4640] 2015/01/17 15:20:01.398 API InitInstance 
[4640] 2015/01/17 15:20:30.471 E122828927 連線 Code：0
