[3868] 2015/01/20 02:30:17.734 SKOrderLib ª©¥» 2.1.22
[3868] 2015/01/20 02:30:17.737 Login ID: E122828927
[3868] 2015/01/20 02:30:18.592 CALL SKOrderLib_ReadCertByID(E122828927)
[3868] 2015/01/20 02:30:19.384 CALL RegisterOnAccountCallBack()
[3868] 2015/01/20 02:30:19.386 CALL GetUserAccount()
[3868] 2015/01/20 02:30:19.388 TS,918J,918J,0456453,E122828927,±d§Óºú,0,0
[3868] 2015/01/20 02:30:19.391 TF,F020000,B17,1709003,E122828927,±d§Óºú,0,0
[3868] 2015/01/20 02:30:19.393 OF,F020000,000,1709003,E122828927,±d§Óºú,0,0
[3868] 2015/01/20 02:30:19.395 CALL RegisterOnOrderAsyncReportCallBack()
[3868] 2015/01/20 02:30:19.399 CALL RegisterOnExecutionReportCallBack()
[4840] 2015/01/20 07:40:11.366 SKOrderLib ª©¥» 2.1.22
[4840] 2015/01/20 07:40:11.368 Login ID: E122828927
[4840] 2015/01/20 07:40:13.338 CALL SKOrderLib_ReadCertByID(E122828927)
[4840] 2015/01/20 07:40:13.691 CALL RegisterOnAccountCallBack()
[4840] 2015/01/20 07:40:13.693 CALL GetUserAccount()
[4840] 2015/01/20 07:40:13.694 TS,918J,918J,0456453,E122828927,±d§Óºú,0,0
[4840] 2015/01/20 07:40:13.696 TF,F020000,B17,1709003,E122828927,±d§Óºú,0,0
[4840] 2015/01/20 07:40:13.698 OF,F020000,000,1709003,E122828927,±d§Óºú,0,0
[4840] 2015/01/20 07:40:13.700 CALL RegisterOnOrderAsyncReportCallBack()
[4840] 2015/01/20 07:40:13.702 CALL RegisterOnExecutionReportCallBack()
[4224] 2015/01/20 14:30:14.318 SKOrderLib ª©¥» 2.1.22
[4224] 2015/01/20 14:30:14.322 Login ID: E122828927
[4224] 2015/01/20 14:30:15.115 CALL SKOrderLib_ReadCertByID(E122828927)
[4224] 2015/01/20 14:30:15.318 CALL RegisterOnAccountCallBack()
[4224] 2015/01/20 14:30:15.320 CALL GetUserAccount()
[4224] 2015/01/20 14:30:15.321 TS,918J,918J,0456453,E122828927,±d§Óºú,0,0
[4224] 2015/01/20 14:30:15.324 TF,F020000,B17,1709003,E122828927,±d§Óºú,0,0
[4224] 2015/01/20 14:30:15.325 OF,F020000,000,1709003,E122828927,±d§Óºú,0,0
[4224] 2015/01/20 14:30:15.328 CALL RegisterOnOrderAsyncReportCallBack()
[4224] 2015/01/20 14:30:15.331 CALL RegisterOnExecutionReportCallBack()
