[4736] 2015/02/25 02:30:13.023 API InitInstance 
[4736] 2015/02/25 02:30:13.027 SKOSQuoteLib_Initialize  ID：E122828927
[4736] 2015/02/25 02:30:13.029 SKOSQuoteLib_Initialize  Server：https://order2.capital.com.tw/
[4736] 2015/02/25 02:30:13.918 SKOSQuoteLib_AttachConnectCallBack
[4736] 2015/02/25 02:30:13.920 SKOSQuoteLib_AttachQuoteCallBack
[4736] 2015/02/25 02:30:13.921 SKOSQuoteLib_AttachTicksCallBack
[4736] 2015/02/25 02:30:13.922 SKOSQuoteLib_AttachBest5CallBack
[4736] 2015/02/25 02:30:13.924 SKOSQuoteLib_AttachServerTimeCallBack
[4736] 2015/02/25 02:30:13.925 SKOSQuoteLib_AttachHistoryTicksGetCallBack
[4736] 2015/02/25 02:30:13.931 SKOSQuoteLib_EnterMonitor(0)
[4736] 2015/02/25 02:30:13.933 Connect FORT03.capital.com.tw 443
[4736] 2015/02/25 02:30:14.614 SK_SUBJECT_CONNECTION_CONNECTED，Code: 0
[4736] 2015/02/25 02:30:21.690 SKOSQuoteLib_RequestTicks (0,OSE,JNMPM1503)
[4116] 2015/02/25 07:40:10.858 API InitInstance 
[4116] 2015/02/25 07:40:10.863 SKOSQuoteLib_Initialize  ID：E122828927
[4116] 2015/02/25 07:40:10.864 SKOSQuoteLib_Initialize  Server：https://order2.capital.com.tw/
[4116] 2015/02/25 07:40:11.579 SKOSQuoteLib_AttachConnectCallBack
[4116] 2015/02/25 07:40:11.580 SKOSQuoteLib_AttachQuoteCallBack
[4116] 2015/02/25 07:40:11.582 SKOSQuoteLib_AttachTicksCallBack
[4116] 2015/02/25 07:40:11.583 SKOSQuoteLib_AttachBest5CallBack
[4116] 2015/02/25 07:40:11.585 SKOSQuoteLib_AttachServerTimeCallBack
[4116] 2015/02/25 07:40:11.587 SKOSQuoteLib_AttachHistoryTicksGetCallBack
[4116] 2015/02/25 07:40:11.595 SKOSQuoteLib_EnterMonitor(0)
[4116] 2015/02/25 07:40:11.597 Connect FORT15.capital.com.tw 443
[4116] 2015/02/25 07:40:11.683 SK_SUBJECT_CONNECTION_CONNECTED，Code: 0
[4116] 2015/02/25 07:40:20.340 SKOSQuoteLib_AttachOverseaProductsCallBack
[4116] 2015/02/25 07:40:20.392 SKOSQuoteLib_RequestOverseaProducts()
[4116] 2015/02/25 07:40:25.584 SKOSQuoteLib_AttachKLineDataCallBack
[4116] 2015/02/25 07:40:25.586 SKOSQuoteLib_RequestKLine (OSE,JNM1503,0)
[4116] 2015/02/25 07:40:30.105 SKOSQuoteLib_RequestKLine (OSE,JNMPM1503,0)
[772] 2015/02/25 07:50:31.917 API InitInstance 
[772] 2015/02/25 07:50:31.921 SKOSQuoteLib_Initialize  ID：E122828927
[772] 2015/02/25 07:50:31.923 SKOSQuoteLib_Initialize  Server：https://order2.capital.com.tw/
[772] 2015/02/25 07:50:32.568 SKOSQuoteLib_AttachConnectCallBack
[772] 2015/02/25 07:50:32.570 SKOSQuoteLib_AttachQuoteCallBack
[772] 2015/02/25 07:50:32.571 SKOSQuoteLib_AttachTicksCallBack
[772] 2015/02/25 07:50:32.573 SKOSQuoteLib_AttachBest5CallBack
[772] 2015/02/25 07:50:32.575 SKOSQuoteLib_AttachServerTimeCallBack
[772] 2015/02/25 07:50:32.577 SKOSQuoteLib_AttachHistoryTicksGetCallBack
[772] 2015/02/25 07:50:32.582 SKOSQuoteLib_EnterMonitor(0)
[772] 2015/02/25 07:50:32.583 Connect FORT15.capital.com.tw 443
[772] 2015/02/25 07:50:32.622 SK_SUBJECT_CONNECTION_CONNECTED，Code: 0
[772] 2015/02/25 07:50:41.519 SKOSQuoteLib_RequestTicks (0,OSE,JNM1503)
[772] 2015/02/25 14:15:59.027 SKOSQuoteLib_LeaveMonitor()
[4316] 2015/02/25 14:30:10.740 API InitInstance 
[4316] 2015/02/25 14:30:10.744 SKOSQuoteLib_Initialize  ID：E122828927
[4316] 2015/02/25 14:30:10.746 SKOSQuoteLib_Initialize  Server：https://order2.capital.com.tw/
[4316] 2015/02/25 14:30:11.422 SKOSQuoteLib_AttachConnectCallBack
[4316] 2015/02/25 14:30:11.423 SKOSQuoteLib_AttachQuoteCallBack
[4316] 2015/02/25 14:30:11.425 SKOSQuoteLib_AttachTicksCallBack
[4316] 2015/02/25 14:30:11.426 SKOSQuoteLib_AttachBest5CallBack
[4316] 2015/02/25 14:30:11.428 SKOSQuoteLib_AttachServerTimeCallBack
[4316] 2015/02/25 14:30:11.430 SKOSQuoteLib_AttachHistoryTicksGetCallBack
[4316] 2015/02/25 14:30:11.436 SKOSQuoteLib_EnterMonitor(0)
[4316] 2015/02/25 14:30:11.437 Connect FORT09.capital.com.tw 443
[4316] 2015/02/25 14:30:11.546 SK_SUBJECT_CONNECTION_CONNECTED，Code: 0
[4316] 2015/02/25 14:30:20.278 SKOSQuoteLib_RequestTicks (0,OSE,JNM1503)
[2372] 2015/02/25 15:26:10.507 API InitInstance 
[2372] 2015/02/25 15:26:10.512 SKOSQuoteLib_Initialize  ID：E122828927
[2372] 2015/02/25 15:26:10.514 SKOSQuoteLib_Initialize  Server：https://order2.capital.com.tw/
[2372] 2015/02/25 15:26:11.256 SKOSQuoteLib_AttachConnectCallBack
[2372] 2015/02/25 15:26:11.258 SKOSQuoteLib_AttachQuoteCallBack
[2372] 2015/02/25 15:26:11.260 SKOSQuoteLib_AttachTicksCallBack
[2372] 2015/02/25 15:26:11.262 SKOSQuoteLib_AttachBest5CallBack
[2372] 2015/02/25 15:26:11.264 SKOSQuoteLib_AttachServerTimeCallBack
[2372] 2015/02/25 15:26:11.266 SKOSQuoteLib_AttachHistoryTicksGetCallBack
[2372] 2015/02/25 15:26:11.271 SKOSQuoteLib_EnterMonitor(0)
[2372] 2015/02/25 15:26:11.273 Connect FORT03.capital.com.tw 443
[2372] 2015/02/25 15:26:11.351 SK_SUBJECT_CONNECTION_CONNECTED，Code: 0
[2372] 2015/02/25 15:26:20.112 SKOSQuoteLib_RequestTicks (0,OSE,JNMPM1503)
[2372] 2015/02/25 17:17:27.059 連線中斷，Code: 10060 , The connection has been dropped because of a network failure or because the peer system failed to respond.
[2372] 2015/02/25 17:17:27.063 SocketDisconnect 斷線CALLBACK通知
[2372] 2015/02/25 17:17:27.096 SK_SUBJECT_CONNECTION_DISCONNECT，Code: 10060
[2372] 2015/02/25 19:16:58.825 SKOSQuoteLib_AttachConnectCallBack
[2372] 2015/02/25 19:16:58.826 SKOSQuoteLib_AttachQuoteCallBack
[2372] 2015/02/25 19:16:58.828 SKOSQuoteLib_AttachTicksCallBack
[2372] 2015/02/25 19:16:58.829 SKOSQuoteLib_AttachBest5CallBack
[2372] 2015/02/25 19:16:58.831 SKOSQuoteLib_AttachServerTimeCallBack
[2372] 2015/02/25 19:16:58.832 SKOSQuoteLib_AttachHistoryTicksGetCallBack
[2372] 2015/02/25 19:16:58.835 SKOSQuoteLib_EnterMonitor(0)
[2372] 2015/02/25 19:16:58.836 Connect FORT03.capital.com.tw 443
[2372] 2015/02/25 19:16:58.874 SK_SUBJECT_CONNECTION_CONNECTED，Code: 0
[2372] 2015/02/25 19:17:02.520 SKOSQuoteLib_RequestTicks (0,OSE,JNMPM1503)
[2372] 2015/02/25 19:53:21.021 連線中斷，Code: 10060 , The connection has been dropped because of a network failure or because the peer system failed to respond.
[2372] 2015/02/25 19:53:21.025 SocketDisconnect 斷線CALLBACK通知
[2372] 2015/02/25 19:53:21.029 SK_SUBJECT_CONNECTION_DISCONNECT，Code: 10060
[2372] 2015/02/25 19:57:43.090 API ExitInstance 
