2015/01/18 07:32:29.068 -----------
2015/01/18 07:32:29.069 API InitInstance 
2015/01/18 07:32:29.073 SKOSQuoteLib_Initialize  ID：E122828927
2015/01/18 07:32:29.074 SKOSQuoteLib_Initialize  Server：https://order2.capital.com.tw/
2015/01/18 07:32:30.425 SKOSQuoteLib_EnterMonitor(0)
2015/01/18 07:32:30.426 Connect FORT09.capital.com.tw 443
2015/01/18 07:32:30.615 SKOSQuoteLib_AttachConnectCallBack
2015/01/18 07:32:30.618 SKOSQuoteLib_AttachQuoteCallBack
2015/01/18 07:32:30.620 SKOSQuoteLib_AttachTicksCallBack
2015/01/18 07:32:30.621 SKOSQuoteLib_AttachBest5CallBack
2015/01/18 07:32:30.623 SKOSQuoteLib_AttachServerTimeCallBack
2015/01/18 07:32:30.625 SKOSQuoteLib_AttachHistoryTicksGetCallBack
2015/01/18 07:32:31.711 SK_SUBJECT_CONNECTION_CONNECTED，Code: 0
2015/01/18 07:32:33.599 SKOSQuoteLib_EnterMonitor(0)
2015/01/18 07:32:33.600 Connect FORT09.capital.com.tw 443
2015/01/18 07:32:33.602 連線中斷，Code: 10053 , The virtual circuit was terminated due to a time-out or other failure. The application should close the socket as it is no longer usable.
2015/01/18 07:32:33.606 SocketDisconnect 斷線CALLBACK通知
2015/01/18 07:32:36.629 SKOSQuoteLib_EnterMonitor(0)
2015/01/18 07:32:36.631 Connect FORT09.capital.com.tw 443
2015/01/18 07:32:36.632 SK_SUBJECT_CONNECTION_CONNECTED，Code: 0
2015/01/18 07:32:36.634 連線中斷，Code: 0 , Connection closed successfully.
2015/01/18 07:32:36.635 SocketDisconnect 斷線CALLBACK通知
2015/01/18 07:32:36.639 SKOSQuoteLib_EnterMonitor(0)
2015/01/18 07:32:36.640 Connect FORT09.capital.com.tw 443
2015/01/18 07:32:36.643 SK_SUBJECT_CONNECTION_DISCONNECT，Code: 0
2015/01/18 07:32:37.642 SK_SUBJECT_CONNECTION_CONNECTED，Code: 0
2015/01/18 07:32:37.815 SKOSQuoteLib_RequestServerTime()
2015/01/18 07:32:39.632 連線中斷，Code: 10053 , The virtual circuit was terminated due to a time-out or other failure. The application should close the socket as it is no longer usable.
2015/01/18 07:32:39.636 SK_SUBJECT_CONNECTION_DISCONNECT，Code: 10053
2015/01/18 07:32:39.638 SocketDisconnect 斷線CALLBACK通知
2015/01/18 07:32:39.640 連線失敗，Code: 10038 , The descriptor specified in the s parameter is not a socket.
2015/01/18 07:32:39.644 SKOSQuoteLib_EnterMonitor(0)
2015/01/18 07:32:39.645 Connect FORT09.capital.com.tw 443
2015/01/18 07:32:40.160 SK_SUBJECT_CONNECTION_DISCONNECT，Code: 10053
2015/01/18 07:32:40.176 SK_SUBJECT_CONNECTION_CONNECTED，Code: 0
2015/01/18 07:35:23.346 -----------
2015/01/18 07:35:23.347 API InitInstance 
2015/01/18 07:35:23.349 SKOSQuoteLib_AttachOverseaProductsCallBack   SK_ERROR_INITIALIZE_FAIL 
2015/01/18 07:35:23.351 SKOSQuoteLib_RequestOverseaProducts   SK_ERROR_INITIALIZE_FAIL 
2015/01/18 07:35:26.153 SKOSQuoteLib_Initialize  ID：E122828927
2015/01/18 07:35:26.154 SKOSQuoteLib_Initialize  Server：https://order2.capital.com.tw/
2015/01/18 07:35:27.008 SKOSQuoteLib_EnterMonitor(0)
2015/01/18 07:35:27.010 Connect FORT03.capital.com.tw 443
2015/01/18 07:35:27.013 SKOSQuoteLib_AttachConnectCallBack
2015/01/18 07:35:27.015 SKOSQuoteLib_AttachQuoteCallBack
2015/01/18 07:35:27.017 SKOSQuoteLib_AttachTicksCallBack
2015/01/18 07:35:27.018 SKOSQuoteLib_AttachBest5CallBack
2015/01/18 07:35:27.020 SKOSQuoteLib_AttachServerTimeCallBack
2015/01/18 07:35:27.022 SKOSQuoteLib_AttachHistoryTicksGetCallBack
2015/01/18 07:35:27.074 SK_SUBJECT_CONNECTION_CONNECTED，Code: 0
2015/01/18 07:35:32.575 SKOSQuoteLib_RequestServerTime()
2015/01/18 07:35:43.278 API ExitInstance 
2015/01/18 07:38:45.512 -----------
2015/01/18 07:38:45.513 API InitInstance 
2015/01/18 07:38:45.517 SKOSQuoteLib_Initialize  ID：E122828927
2015/01/18 07:38:45.518 SKOSQuoteLib_Initialize  Server：https://order2.capital.com.tw/
2015/01/18 07:38:46.329 SKOSQuoteLib_EnterMonitor(0)
2015/01/18 07:38:46.331 Connect FORT07.capital.com.tw 443
2015/01/18 07:38:46.358 SKOSQuoteLib_AttachConnectCallBack
2015/01/18 07:38:46.360 SKOSQuoteLib_AttachQuoteCallBack
2015/01/18 07:38:46.362 SKOSQuoteLib_AttachTicksCallBack
2015/01/18 07:38:46.364 SKOSQuoteLib_AttachBest5CallBack
2015/01/18 07:38:46.366 SKOSQuoteLib_AttachServerTimeCallBack
2015/01/18 07:38:46.368 SKOSQuoteLib_AttachHistoryTicksGetCallBack
2015/01/18 07:38:47.219 SK_SUBJECT_CONNECTION_CONNECTED，Code: 0
2015/01/18 07:39:28.319 -----------
2015/01/18 07:39:28.320 API InitInstance 
2015/01/18 07:39:28.324 SKOSQuoteLib_Initialize  ID：E122828927
2015/01/18 07:39:28.325 SKOSQuoteLib_Initialize  Server：https://order2.capital.com.tw/
2015/01/18 07:39:29.124 SKOSQuoteLib_EnterMonitor(0)
2015/01/18 07:39:29.125 Connect FORT06.capital.com.tw 443
2015/01/18 07:39:29.152 SKOSQuoteLib_AttachConnectCallBack
2015/01/18 07:39:29.154 SKOSQuoteLib_AttachQuoteCallBack
2015/01/18 07:39:29.156 SKOSQuoteLib_AttachTicksCallBack
2015/01/18 07:39:29.158 SKOSQuoteLib_AttachBest5CallBack
2015/01/18 07:39:29.160 SKOSQuoteLib_AttachServerTimeCallBack
2015/01/18 07:39:29.162 SKOSQuoteLib_AttachHistoryTicksGetCallBack
2015/01/18 07:39:31.453 SK_SUBJECT_CONNECTION_CONNECTED，Code: 0
2015/01/18 07:39:40.515 SKOSQuoteLib_EnterMonitor(0)
2015/01/18 07:39:40.517 Connect FORT06.capital.com.tw 443
2015/01/18 07:39:40.518 連線中斷，Code: 10053 , The virtual circuit was terminated due to a time-out or other failure. The application should close the socket as it is no longer usable.
2015/01/18 07:39:40.522 SocketDisconnect 斷線CALLBACK通知
2015/01/18 07:40:10.788 SKOSQuoteLib_EnterMonitor(0)
2015/01/18 07:40:10.789 Connect FORT06.capital.com.tw 443
2015/01/18 07:40:10.793 SK_SUBJECT_CONNECTION_CONNECTED，Code: 0
2015/01/18 07:40:10.794 連線中斷，Code: 0 , Connection closed successfully.
2015/01/18 07:40:10.798 SocketDisconnect 斷線CALLBACK通知
2015/01/18 07:40:10.814 SKOSQuoteLib_EnterMonitor(0)
2015/01/18 07:40:10.815 Connect FORT06.capital.com.tw 443
2015/01/18 07:40:10.818 SK_SUBJECT_CONNECTION_DISCONNECT，Code: 0
2015/01/18 07:40:14.112 SK_SUBJECT_CONNECTION_DISCONNECT，Code: 10053
2015/01/18 07:40:21.047 SK_SUBJECT_CONNECTION_CONNECTED，Code: 0
2015/01/18 07:40:21.059 SK_SUBJECT_CONNECTION_CONNECTED，Code: 0
2015/01/18 07:40:21.186 SKOSQuoteLib_RequestServerTime()
2015/01/18 07:40:21.812 SKOSQuoteLib_RequestServerTime()
2015/01/18 07:40:36.821 SKOSQuoteLib_RequestServerTime()
2015/01/18 07:40:51.825 SKOSQuoteLib_RequestServerTime()
2015/01/18 07:41:06.836 SKOSQuoteLib_RequestServerTime()
2015/01/18 07:56:29.250 -----------
2015/01/18 07:56:29.251 API InitInstance 
2015/01/18 07:56:29.255 SKOSQuoteLib_Initialize  ID：E122828927
2015/01/18 07:56:29.256 SKOSQuoteLib_Initialize  Server：https://order2.capital.com.tw/
2015/01/18 07:56:30.094 SKOSQuoteLib_EnterMonitor(0)
2015/01/18 07:56:30.095 Connect FORT06.capital.com.tw 443
2015/01/18 07:56:30.122 SKOSQuoteLib_AttachConnectCallBack
2015/01/18 07:56:30.124 SKOSQuoteLib_AttachQuoteCallBack
2015/01/18 07:56:30.126 SKOSQuoteLib_AttachTicksCallBack
2015/01/18 07:56:30.128 SKOSQuoteLib_AttachBest5CallBack
2015/01/18 07:56:30.130 SKOSQuoteLib_AttachServerTimeCallBack
2015/01/18 07:56:30.132 SKOSQuoteLib_AttachHistoryTicksGetCallBack
2015/01/18 07:56:33.066 SK_SUBJECT_CONNECTION_CONNECTED，Code: 0
2015/01/18 07:56:39.236 SKOSQuoteLib_EnterMonitor(0)
2015/01/18 07:56:39.238 Connect FORT06.capital.com.tw 443
2015/01/18 07:56:39.239 連線中斷，Code: 10053 , The virtual circuit was terminated due to a time-out or other failure. The application should close the socket as it is no longer usable.
2015/01/18 07:56:39.243 SocketDisconnect 斷線CALLBACK通知
2015/01/18 07:56:39.245 SK_SUBJECT_CONNECTION_DISCONNECT，Code: 10053
2015/01/18 07:56:42.276 SK_SUBJECT_CONNECTION_CONNECTED，Code: 0
2015/01/18 07:56:43.491 SKOSQuoteLib_RequestServerTime()
2015/01/18 07:56:50.158 SKOSQuoteLib_RequestServerTime()
2015/01/18 07:57:05.169 SKOSQuoteLib_RequestServerTime()
2015/01/18 07:57:14.437 SKOSQuoteLib_AttachOverseaProductsCallBack
2015/01/18 07:57:14.439 SKOSQuoteLib_RequestOverseaProducts()
2015/01/18 07:57:20.174 SKOSQuoteLib_RequestServerTime()
2015/01/18 07:57:20.192 SKOSQuoteLib_AttachKLineDataCallBack
2015/01/18 07:57:20.194 SKOSQuoteLib_RequestKLine (OSE,JNMPM1503,0)
2015/01/18 07:57:35.447 SKOSQuoteLib_RequestServerTime()
2015/01/18 07:57:50.183 SKOSQuoteLib_RequestServerTime()
2015/01/18 08:14:16.751 -----------
2015/01/18 08:14:16.752 API InitInstance 
2015/01/18 08:14:16.753 SKOSQuoteLib_RequestServerTime   SK_ERROR_INITIALIZE_FAIL 
2015/01/18 08:14:31.731 SKOSQuoteLib_RequestServerTime   SK_ERROR_INITIALIZE_FAIL 
2015/01/18 08:14:46.735 SKOSQuoteLib_RequestServerTime   SK_ERROR_INITIALIZE_FAIL 
2015/01/18 08:14:53.151 API ExitInstance 
2015/01/18 08:15:00.900 -----------
2015/01/18 08:15:00.901 API InitInstance 
2015/01/18 08:15:00.905 SKOSQuoteLib_Initialize  ID：E122828927
2015/01/18 08:15:00.907 SKOSQuoteLib_Initialize  Server：https://order2.capital.com.tw/
2015/01/18 08:15:01.626 SKOSQuoteLib_EnterMonitor(0)
2015/01/18 08:15:01.627 Connect FORT03.capital.com.tw 443
2015/01/18 08:15:01.646 SKOSQuoteLib_AttachConnectCallBack
2015/01/18 08:15:01.647 SKOSQuoteLib_AttachQuoteCallBack
2015/01/18 08:15:01.650 SKOSQuoteLib_AttachTicksCallBack
2015/01/18 08:15:01.652 SKOSQuoteLib_AttachBest5CallBack
2015/01/18 08:15:01.653 SKOSQuoteLib_AttachServerTimeCallBack
2015/01/18 08:15:01.655 SKOSQuoteLib_AttachHistoryTicksGetCallBack
2015/01/18 08:15:02.378 SK_SUBJECT_CONNECTION_CONNECTED，Code: 0
2015/01/18 08:15:02.742 SKOSQuoteLib_EnterMonitor(0)
2015/01/18 08:15:02.743 Connect FORT03.capital.com.tw 443
2015/01/18 08:15:02.745 連線中斷，Code: 10053 , The virtual circuit was terminated due to a time-out or other failure. The application should close the socket as it is no longer usable.
2015/01/18 08:15:02.749 SocketDisconnect 斷線CALLBACK通知
2015/01/18 08:15:02.750 SK_SUBJECT_CONNECTION_DISCONNECT，Code: 10053
2015/01/18 08:15:06.973 SK_SUBJECT_CONNECTION_CONNECTED，Code: 0
2015/01/18 08:15:11.221 SKOSQuoteLib_RequestServerTime()
2015/01/18 08:15:26.216 SKOSQuoteLib_RequestServerTime()
2015/01/18 08:15:33.473 API ExitInstance 
2015/01/18 08:16:34.645 -----------
2015/01/18 08:16:34.646 API InitInstance 
2015/01/18 08:16:34.647 SKOSQuoteLib_RequestServerTime   SK_ERROR_INITIALIZE_FAIL 
2015/01/18 08:16:49.634 SKOSQuoteLib_RequestServerTime   SK_ERROR_INITIALIZE_FAIL 
2015/01/18 08:16:54.456 SKOSQuoteLib_LeaveMonitor   SK_ERROR_INITIALIZE_FAIL 
2015/01/18 08:16:54.562 API ExitInstance 
2015/01/18 08:17:15.813 -----------
2015/01/18 08:17:15.815 API InitInstance 
2015/01/18 08:17:15.818 SKOSQuoteLib_Initialize  ID：E122828927
2015/01/18 08:17:15.820 SKOSQuoteLib_Initialize  Server：https://order2.capital.com.tw/
2015/01/18 08:17:16.531 SKOSQuoteLib_EnterMonitor(0)
2015/01/18 08:17:16.532 Connect FORT06.capital.com.tw 443
2015/01/18 08:17:16.551 SKOSQuoteLib_AttachConnectCallBack
2015/01/18 08:17:16.553 SKOSQuoteLib_AttachQuoteCallBack
2015/01/18 08:17:16.554 SKOSQuoteLib_AttachTicksCallBack
2015/01/18 08:17:16.556 SKOSQuoteLib_AttachBest5CallBack
2015/01/18 08:17:16.558 SKOSQuoteLib_AttachServerTimeCallBack
2015/01/18 08:17:16.559 SKOSQuoteLib_AttachHistoryTicksGetCallBack
2015/01/18 08:17:17.318 SK_SUBJECT_CONNECTION_CONNECTED，Code: 0
2015/01/18 08:17:21.040 SKOSQuoteLib_RequestServerTime()
2015/01/18 08:17:24.754 SKOSQuoteLib_EnterMonitor(0)
2015/01/18 08:17:24.755 Connect FORT06.capital.com.tw 443
2015/01/18 08:17:24.757 連線中斷，Code: 10053 , The virtual circuit was terminated due to a time-out or other failure. The application should close the socket as it is no longer usable.
2015/01/18 08:17:24.761 SocketDisconnect 斷線CALLBACK通知
2015/01/18 08:17:24.762 SK_SUBJECT_CONNECTION_DISCONNECT，Code: 10053
2015/01/18 08:17:25.552 API ExitInstance 
2015/01/18 08:17:54.438 -----------
2015/01/18 08:17:54.439 API InitInstance 
2015/01/18 08:17:54.443 SKOSQuoteLib_Initialize  ID：E122828927
2015/01/18 08:17:54.444 SKOSQuoteLib_Initialize  Server：https://order2.capital.com.tw/
2015/01/18 08:17:55.125 SKOSQuoteLib_EnterMonitor(0)
2015/01/18 08:17:55.126 Connect FORT09.capital.com.tw 443
2015/01/18 08:17:55.148 SKOSQuoteLib_AttachConnectCallBack
2015/01/18 08:17:55.151 SKOSQuoteLib_AttachQuoteCallBack
2015/01/18 08:17:55.152 SKOSQuoteLib_AttachTicksCallBack
2015/01/18 08:17:55.154 SKOSQuoteLib_AttachBest5CallBack
2015/01/18 08:17:55.156 SKOSQuoteLib_AttachServerTimeCallBack
2015/01/18 08:17:55.158 SKOSQuoteLib_AttachHistoryTicksGetCallBack
2015/01/18 08:17:55.836 SK_SUBJECT_CONNECTION_CONNECTED，Code: 0
2015/01/18 08:17:56.205 SKOSQuoteLib_EnterMonitor(0)
2015/01/18 08:17:56.206 Connect FORT09.capital.com.tw 443
2015/01/18 08:17:56.208 連線中斷，Code: 10053 , The virtual circuit was terminated due to a time-out or other failure. The application should close the socket as it is no longer usable.
2015/01/18 08:17:56.212 SocketDisconnect 斷線CALLBACK通知
2015/01/18 08:17:56.213 SK_SUBJECT_CONNECTION_DISCONNECT，Code: 10053
2015/01/18 08:17:59.226 SK_SUBJECT_CONNECTION_CONNECTED，Code: 0
2015/01/18 08:18:00.405 SKOSQuoteLib_RequestServerTime()
2015/01/18 08:18:14.736 SKOSQuoteLib_RequestServerTime()
2015/01/18 08:18:29.741 SKOSQuoteLib_RequestServerTime()
2015/01/18 08:18:44.745 SKOSQuoteLib_RequestServerTime()
2015/01/18 08:18:59.757 SKOSQuoteLib_RequestServerTime()
2015/01/18 08:19:14.759 SKOSQuoteLib_RequestServerTime()
2015/01/18 08:19:29.765 SKOSQuoteLib_RequestServerTime()
2015/01/18 08:19:34.549 API ExitInstance 
2015/01/18 08:20:59.008 -----------
2015/01/18 08:20:59.009 API InitInstance 
2015/01/18 08:20:59.013 SKOSQuoteLib_Initialize  ID：E122828927
2015/01/18 08:20:59.014 SKOSQuoteLib_Initialize  Server：https://order2.capital.com.tw/
2015/01/18 08:20:59.726 SKOSQuoteLib_EnterMonitor(0)
2015/01/18 08:20:59.727 Connect FORT07.capital.com.tw 443
2015/01/18 08:20:59.747 SKOSQuoteLib_AttachConnectCallBack
2015/01/18 08:20:59.749 SKOSQuoteLib_AttachQuoteCallBack
2015/01/18 08:20:59.751 SKOSQuoteLib_AttachTicksCallBack
2015/01/18 08:20:59.752 SKOSQuoteLib_AttachBest5CallBack
2015/01/18 08:20:59.754 SKOSQuoteLib_AttachServerTimeCallBack
2015/01/18 08:20:59.756 SKOSQuoteLib_AttachHistoryTicksGetCallBack
2015/01/18 08:21:00.445 SK_SUBJECT_CONNECTION_CONNECTED，Code: 0
2015/01/18 08:21:00.796 SKOSQuoteLib_EnterMonitor(0)
2015/01/18 08:21:00.797 Connect FORT07.capital.com.tw 443
2015/01/18 08:21:00.798 連線中斷，Code: 10053 , The virtual circuit was terminated due to a time-out or other failure. The application should close the socket as it is no longer usable.
2015/01/18 08:21:00.802 SocketDisconnect 斷線CALLBACK通知
2015/01/18 08:21:00.804 SK_SUBJECT_CONNECTION_DISCONNECT，Code: 10053
2015/01/18 08:21:03.819 SK_SUBJECT_CONNECTION_CONNECTED，Code: 0
2015/01/18 08:21:04.836 SKOSQuoteLib_RequestServerTime()
2015/01/18 08:21:10.483 SKOSQuoteLib_AttachOverseaProductsCallBack
2015/01/18 08:21:10.485 SKOSQuoteLib_RequestOverseaProducts()
2015/01/18 08:21:19.296 SKOSQuoteLib_RequestServerTime()
2015/01/18 08:21:19.301 SKOSQuoteLib_AttachKLineDataCallBack
2015/01/18 08:21:19.303 SKOSQuoteLib_RequestKLine (OSE,JNMPM1503,0)
2015/01/18 08:21:34.303 SKOSQuoteLib_RequestServerTime()
