[2236] 2015/02/13 07:50:12.945 API InitInstance 
[2236] 2015/02/13 07:50:13.294 E122828927 連線 Code：0
[2236] 2015/02/13 07:50:14.299 收到 Head 資訊 {Count 2} {Type C } 
[2236] 2015/02/13 07:50:14.301 收到 Head 資訊 {Count 2} {Type C } 
[2236] 2015/02/13 07:50:14.303 收到 Head 資訊 {Count 2} {Type C } 
[2236] 2015/02/13 07:50:14.304 收到 Head 資訊 {Count 2} {Type C } 
[2236] 2015/02/13 07:50:14.306 收到 Head 資訊 {Count 2} {Type C } 
[2236] 2015/02/13 07:50:14.308 收到 Head 資訊 {Count 2} {Type C } 
[2236] 2015/02/13 07:50:14.310 收到 Head 資訊 {Count 2} {Type C } 
[2236] 2015/02/13 07:50:14.312 收到 Head 資訊 {Count 2} {Type C } 
[2236] 2015/02/13 07:50:14.314 收到 Head 資訊 {Count 2} {Type C } 
[2236] 2015/02/13 07:50:14.316 收到 Head 資訊 {Count 2} {Type C } 
[2236] 2015/02/13 07:50:14.318 收到 Head 資訊 {Count 2} {Type C } 
[2236] 2015/02/13 07:50:14.320 收到 Head 資訊 {Count 2} {Type C } 
[2236] 2015/02/13 07:50:14.322 收到 Head 資訊 {Count 2} {Type C } 
[2236] 2015/02/13 07:50:14.324 收到 Head 資訊 {Count 2} {Type C } 
[2236] 2015/02/13 07:50:14.326 收到 Head 資訊 {Count 2} {Type C } 
[2236] 2015/02/13 07:50:14.328 收到 Head 資訊 {Count 2} {Type C } 
[2236] 2015/02/13 07:50:14.330 收到 Head 資訊 {Count 2} {Type C } 
[2236] 2015/02/13 07:50:14.332 收到 Head 資訊 {Count 2} {Type C } 
[2236] 2015/02/13 07:50:14.333 收到 Head 資訊 {Count 2} {Type C } 
[2236] 2015/02/13 07:50:14.335 收到 Head 資訊 {Count 2} {Type C } 
[2236] 2015/02/13 07:50:14.337 收到 Head 資訊 {Count 2} {Type C } 
[2236] 2015/02/13 07:50:14.339 收到 Head 資訊 {Count 2} {Type C } 
[2236] 2015/02/13 07:50:14.341 收到 Head 資訊 {Count 2} {Type C } 
[2236] 2015/02/13 07:50:14.343 收到 Head 資訊 {Count 2} {Type C } 
[2236] 2015/02/13 07:50:14.345 收到 Head 資訊 {Count 2} {Type C } 
[2236] 2015/02/13 07:50:14.346 收到 Head 資訊 {Count 2} {Type C } 
[2236] 2015/02/13 07:50:14.348 收到 Head 資訊 {Count 2} {Type C } 
[2236] 2015/02/13 07:50:14.350 收到 Head 資訊 {Count 2} {Type C } 
[2236] 2015/02/13 07:50:14.352 收到 Head 資訊 {Count 2} {Type C } 
[2236] 2015/02/13 07:50:14.354 收到 Head 資訊 {Count 2} {Type C } 
[2236] 2015/02/13 07:50:14.356 收到 Head 資訊 {Count 2} {Type C } 
[2236] 2015/02/13 07:50:14.358 收到 Head 資訊 {Count 2} {Type C } 
[2236] 2015/02/13 07:50:14.359 收到 Head 資訊 {Count 2} {Type C } 
[2236] 2015/02/13 07:50:14.361 收到 Head 資訊 {Count 2} {Type C } 
[2236] 2015/02/13 07:50:14.363 收到 Head 資訊 {Count 2} {Type C } 
[2236] 2015/02/13 07:50:14.365 收到 Head 資訊 {Count 2} {Type C } 
[2236] 2015/02/13 07:50:14.367 收到 Head 資訊 {Count 2} {Type C } 
[2236] 2015/02/13 07:50:14.369 收到 Head 資訊 {Count 2} {Type C } 
[2236] 2015/02/13 07:50:14.371 收到 Head 資訊 {Count 2} {Type C } 
[2236] 2015/02/13 07:50:14.373 收到 Head 資訊 {Count 2} {Type C } 
[2236] 2015/02/13 07:50:14.375 收到 Head 資訊 {Count 2} {Type C } 
[2236] 2015/02/13 07:50:14.377 收到 Head 資訊 {Count 2} {Type C } 
[2236] 2015/02/13 07:50:14.379 收到 Head 資訊 {Count 2} {Type C } 
[2236] 2015/02/13 07:50:14.380 收到 Head 資訊 {Count 2} {Type C } 
[2236] 2015/02/13 07:50:14.382 收到 Head 資訊 {Count 2} {Type C } 
[2236] 2015/02/13 07:50:14.384 收到 Head 資訊 {Count 2} {Type C } 
[2236] 2015/02/13 07:50:14.386 收到 Head 資訊 {Count 2} {Type C } 
[2236] 2015/02/13 07:50:14.388 收到 Head 資訊 {Count 2} {Type C } 
[2236] 2015/02/13 07:50:14.390 收到 Head 資訊 {Count 2} {Type C } 
[2236] 2015/02/13 07:50:14.392 收到 Head 資訊 {Count 2} {Type C } 
[2236] 2015/02/13 07:50:14.394 收到 Head 資訊 {Count 2} {Type C } 
[2236] 2015/02/13 07:50:14.396 收到 Head 資訊 {Count 2} {Type C } 
[2236] 2015/02/13 07:50:14.399 收到 Head 資訊 {Count 2} {Type C } 
[2236] 2015/02/13 07:50:14.401 收到 Head 資訊 {Count 2} {Type C } 
[2236] 2015/02/13 07:50:14.403 收到 Head 資訊 {Count 2} {Type C } 
[2236] 2015/02/13 07:50:14.405 收到 Head 資訊 {Count 2} {Type C } 
[2236] 2015/02/13 07:50:14.407 收到 Head 資訊 {Count 2} {Type C } 
[2236] 2015/02/13 07:50:14.409 收到 Head 資訊 {Count 2} {Type C } 
[2236] 2015/02/13 07:50:14.411 收到 Head 資訊 {Count 2} {Type C } 
[2236] 2015/02/13 07:50:14.413 收到 Head 資訊 {Count 2} {Type C } 
[2236] 2015/02/13 07:50:14.415 收到 Head 資訊 {Count 2} {Type C } 
[2236] 2015/02/13 07:50:14.417 收到 Head 資訊 {Count 2} {Type C } 
[2236] 2015/02/13 07:50:14.419 收到 Head 資訊 {Count 2} {Type C } 
[2236] 2015/02/13 07:50:14.421 收到 Head 資訊 {Count 2} {Type C } 
[2236] 2015/02/13 07:50:14.423 收到 Head 資訊 {Count 2} {Type C } 
[2236] 2015/02/13 07:50:14.425 收到 Head 資訊 {Count 2} {Type C } 
[2236] 2015/02/13 07:50:14.427 收到 Head 資訊 {Count 2} {Type C } 
[2236] 2015/02/13 07:50:14.428 收到 Head 資訊 {Count 2} {Type C } 
[2236] 2015/02/13 07:50:14.430 收到 Head 資訊 {Count 2} {Type C } 
[2236] 2015/02/13 07:50:14.432 收到 Head 資訊 {Count 2} {Type C } 
[2236] 2015/02/13 07:50:14.434 收到 Head 資訊 {Count 2} {Type C } 
[2236] 2015/02/13 07:50:14.435 收到 Head 資訊 {Count 2} {Type C } 
[2236] 2015/02/13 07:50:14.437 收到 Head 資訊 {Count 2} {Type C } 
[2236] 2015/02/13 07:50:14.439 收到 Head 資訊 {Count 2} {Type C } 
[2236] 2015/02/13 07:50:14.441 收到 Head 資訊 {Count 2} {Type C } 
[2236] 2015/02/13 07:50:14.443 收到 Head 資訊 {Count 2} {Type C } 
[2236] 2015/02/13 07:50:14.446 收到 Head 資訊 {Count 2} {Type C } 
[2236] 2015/02/13 07:50:14.448 收到 Head 資訊 {Count 2} {Type C } 
[2236] 2015/02/13 07:50:14.450 收到 Head 資訊 {Count 2} {Type C } 
[2236] 2015/02/13 07:50:14.452 收到 Head 資訊 {Count 2} {Type C } 
[2236] 2015/02/13 07:50:14.454 收到 Head 資訊 {Count 2} {Type C } 
[2236] 2015/02/13 07:50:14.455 收到 Head 資訊 {Count 2} {Type C } 
[2236] 2015/02/13 07:50:14.457 收到 Head 資訊 {Count 2} {Type C } 
[2236] 2015/02/13 07:50:14.459 收到 Head 資訊 {Count 2} {Type C } 
[2236] 2015/02/13 07:50:14.461 收到 Head 資訊 {Count 2} {Type C } 
[2236] 2015/02/13 07:50:14.463 收到 Head 資訊 {Count 2} {Type C } 
[2236] 2015/02/13 07:50:14.465 收到 Head 資訊 {Count 2} {Type C } 
[2236] 2015/02/13 07:50:14.466 收到 Head 資訊 {Count 2} {Type C } 
[2236] 2015/02/13 07:50:14.468 收到 Head 資訊 {Count 2} {Type C } 
[2236] 2015/02/13 07:50:14.470 收到 Head 資訊 {Count 2} {Type D } 
[2236] 2015/02/13 07:50:14.472 收到 Head 資訊 {Count 2} {Type D } 
[2236] 2015/02/13 07:50:14.474 收到 Head 資訊 {Count 2} {Type D } 
[2236] 2015/02/13 07:50:14.476 收到 Head 資訊 {Count 2} {Type D } 
[2236] 2015/02/13 07:50:14.478 收到 Head 資訊 {Count 2} {Type D } 
[2236] 2015/02/13 07:50:14.480 收到 Head 資訊 {Count 2} {Type C } 
[2236] 2015/02/13 07:50:14.482 收到 Head 資訊 {Count 2} {Type C } 
[2236] 2015/02/13 07:50:14.484 收到 Head 資訊 {Count 2} {Type C } 
[2236] 2015/02/13 07:50:14.486 收到 Head 資訊 {Count 2} {Type C } 
[2236] 2015/02/13 07:50:14.488 收到 Head 資訊 {Count 2} {Type C } 
[2236] 2015/02/13 07:50:14.490 收到 Head 資訊 {Count 2} {Type C } 
[2236] 2015/02/13 07:50:14.492 收到 Head 資訊 {Count 2} {Type C } 
[2236] 2015/02/13 07:50:14.494 收到 Head 資訊 {Count 2} {Type C } 
[2236] 2015/02/13 07:50:14.496 收到 Head 資訊 {Count 2} {Type B } 
[2236] 2015/02/13 07:50:24.884 API ExitInstance 
[5684] 2015/02/13 15:26:13.712 API InitInstance 
[5684] 2015/02/13 15:26:14.033 E122828927 連線 Code：0
[5684] 2015/02/13 15:26:15.045 收到 Head 資訊 {Count 2} {Type C } 
[5684] 2015/02/13 15:26:15.047 收到 Head 資訊 {Count 2} {Type C } 
[5684] 2015/02/13 15:26:15.049 收到 Head 資訊 {Count 2} {Type C } 
[5684] 2015/02/13 15:26:15.050 收到 Head 資訊 {Count 2} {Type C } 
[5684] 2015/02/13 15:26:15.052 收到 Head 資訊 {Count 2} {Type C } 
[5684] 2015/02/13 15:26:15.054 收到 Head 資訊 {Count 2} {Type C } 
[5684] 2015/02/13 15:26:15.056 收到 Head 資訊 {Count 2} {Type C } 
[5684] 2015/02/13 15:26:15.058 收到 Head 資訊 {Count 2} {Type C } 
[5684] 2015/02/13 15:26:15.060 收到 Head 資訊 {Count 2} {Type C } 
[5684] 2015/02/13 15:26:15.062 收到 Head 資訊 {Count 2} {Type C } 
[5684] 2015/02/13 15:26:15.064 收到 Head 資訊 {Count 2} {Type C } 
[5684] 2015/02/13 15:26:15.066 收到 Head 資訊 {Count 2} {Type C } 
[5684] 2015/02/13 15:26:15.068 收到 Head 資訊 {Count 2} {Type C } 
[5684] 2015/02/13 15:26:15.070 收到 Head 資訊 {Count 2} {Type C } 
[5684] 2015/02/13 15:26:15.071 收到 Head 資訊 {Count 2} {Type C } 
[5684] 2015/02/13 15:26:15.073 收到 Head 資訊 {Count 2} {Type C } 
[5684] 2015/02/13 15:26:15.075 收到 Head 資訊 {Count 2} {Type C } 
[5684] 2015/02/13 15:26:15.077 收到 Head 資訊 {Count 2} {Type C } 
[5684] 2015/02/13 15:26:15.079 收到 Head 資訊 {Count 2} {Type C } 
[5684] 2015/02/13 15:26:15.080 收到 Head 資訊 {Count 2} {Type C } 
[5684] 2015/02/13 15:26:15.082 收到 Head 資訊 {Count 2} {Type C } 
[5684] 2015/02/13 15:26:15.084 收到 Head 資訊 {Count 2} {Type C } 
[5684] 2015/02/13 15:26:15.085 收到 Head 資訊 {Count 2} {Type C } 
[5684] 2015/02/13 15:26:15.087 收到 Head 資訊 {Count 2} {Type C } 
[5684] 2015/02/13 15:26:15.089 收到 Head 資訊 {Count 2} {Type C } 
[5684] 2015/02/13 15:26:15.091 收到 Head 資訊 {Count 2} {Type C } 
[5684] 2015/02/13 15:26:15.093 收到 Head 資訊 {Count 2} {Type C } 
[5684] 2015/02/13 15:26:15.094 收到 Head 資訊 {Count 2} {Type C } 
[5684] 2015/02/13 15:26:15.096 收到 Head 資訊 {Count 2} {Type C } 
[5684] 2015/02/13 15:26:15.098 收到 Head 資訊 {Count 2} {Type C } 
[5684] 2015/02/13 15:26:15.100 收到 Head 資訊 {Count 2} {Type C } 
[5684] 2015/02/13 15:26:15.101 收到 Head 資訊 {Count 2} {Type C } 
[5684] 2015/02/13 15:26:15.103 收到 Head 資訊 {Count 2} {Type C } 
[5684] 2015/02/13 15:26:15.105 收到 Head 資訊 {Count 2} {Type C } 
[5684] 2015/02/13 15:26:15.107 收到 Head 資訊 {Count 2} {Type C } 
[5684] 2015/02/13 15:26:15.109 收到 Head 資訊 {Count 2} {Type C } 
[5684] 2015/02/13 15:26:15.111 收到 Head 資訊 {Count 2} {Type C } 
[5684] 2015/02/13 15:26:15.113 收到 Head 資訊 {Count 2} {Type C } 
[5684] 2015/02/13 15:26:15.114 收到 Head 資訊 {Count 2} {Type C } 
[5684] 2015/02/13 15:26:15.116 收到 Head 資訊 {Count 2} {Type C } 
[5684] 2015/02/13 15:26:15.118 收到 Head 資訊 {Count 2} {Type C } 
[5684] 2015/02/13 15:26:15.120 收到 Head 資訊 {Count 2} {Type C } 
[5684] 2015/02/13 15:26:15.122 收到 Head 資訊 {Count 2} {Type C } 
[5684] 2015/02/13 15:26:15.123 收到 Head 資訊 {Count 2} {Type C } 
[5684] 2015/02/13 15:26:15.125 收到 Head 資訊 {Count 2} {Type C } 
[5684] 2015/02/13 15:26:15.127 收到 Head 資訊 {Count 2} {Type C } 
[5684] 2015/02/13 15:26:15.129 收到 Head 資訊 {Count 2} {Type C } 
[5684] 2015/02/13 15:26:15.130 收到 Head 資訊 {Count 2} {Type C } 
[5684] 2015/02/13 15:26:15.132 收到 Head 資訊 {Count 2} {Type C } 
[5684] 2015/02/13 15:26:15.134 收到 Head 資訊 {Count 2} {Type C } 
[5684] 2015/02/13 15:26:15.136 收到 Head 資訊 {Count 2} {Type C } 
[5684] 2015/02/13 15:26:15.137 收到 Head 資訊 {Count 2} {Type C } 
[5684] 2015/02/13 15:26:15.139 收到 Head 資訊 {Count 2} {Type C } 
[5684] 2015/02/13 15:26:15.141 收到 Head 資訊 {Count 2} {Type C } 
[5684] 2015/02/13 15:26:15.142 收到 Head 資訊 {Count 2} {Type C } 
[5684] 2015/02/13 15:26:15.144 收到 Head 資訊 {Count 2} {Type C } 
[5684] 2015/02/13 15:26:15.146 收到 Head 資訊 {Count 2} {Type C } 
[5684] 2015/02/13 15:26:15.148 收到 Head 資訊 {Count 2} {Type C } 
[5684] 2015/02/13 15:26:15.149 收到 Head 資訊 {Count 2} {Type C } 
[5684] 2015/02/13 15:26:15.151 收到 Head 資訊 {Count 2} {Type C } 
[5684] 2015/02/13 15:26:15.153 收到 Head 資訊 {Count 2} {Type C } 
[5684] 2015/02/13 15:26:15.154 收到 Head 資訊 {Count 2} {Type C } 
[5684] 2015/02/13 15:26:15.156 收到 Head 資訊 {Count 2} {Type C } 
[5684] 2015/02/13 15:26:15.158 收到 Head 資訊 {Count 2} {Type C } 
[5684] 2015/02/13 15:26:15.160 收到 Head 資訊 {Count 2} {Type C } 
[5684] 2015/02/13 15:26:15.161 收到 Head 資訊 {Count 2} {Type C } 
[5684] 2015/02/13 15:26:15.163 收到 Head 資訊 {Count 2} {Type C } 
[5684] 2015/02/13 15:26:15.165 收到 Head 資訊 {Count 2} {Type C } 
[5684] 2015/02/13 15:26:15.166 收到 Head 資訊 {Count 2} {Type C } 
[5684] 2015/02/13 15:26:15.168 收到 Head 資訊 {Count 2} {Type C } 
[5684] 2015/02/13 15:26:15.170 收到 Head 資訊 {Count 2} {Type C } 
[5684] 2015/02/13 15:26:15.172 收到 Head 資訊 {Count 2} {Type C } 
[5684] 2015/02/13 15:26:15.173 收到 Head 資訊 {Count 2} {Type C } 
[5684] 2015/02/13 15:26:15.175 收到 Head 資訊 {Count 2} {Type C } 
[5684] 2015/02/13 15:26:15.177 收到 Head 資訊 {Count 2} {Type C } 
[5684] 2015/02/13 15:26:15.179 收到 Head 資訊 {Count 2} {Type C } 
[5684] 2015/02/13 15:26:15.181 收到 Head 資訊 {Count 2} {Type C } 
[5684] 2015/02/13 15:26:15.182 收到 Head 資訊 {Count 2} {Type C } 
[5684] 2015/02/13 15:26:15.184 收到 Head 資訊 {Count 2} {Type C } 
[5684] 2015/02/13 15:26:15.186 收到 Head 資訊 {Count 2} {Type C } 
[5684] 2015/02/13 15:26:15.188 收到 Head 資訊 {Count 2} {Type C } 
[5684] 2015/02/13 15:26:15.189 收到 Head 資訊 {Count 2} {Type C } 
[5684] 2015/02/13 15:26:15.191 收到 Head 資訊 {Count 2} {Type C } 
[5684] 2015/02/13 15:26:15.193 收到 Head 資訊 {Count 2} {Type C } 
[5684] 2015/02/13 15:26:15.194 收到 Head 資訊 {Count 2} {Type C } 
[5684] 2015/02/13 15:26:15.196 收到 Head 資訊 {Count 2} {Type C } 
[5684] 2015/02/13 15:26:15.198 收到 Head 資訊 {Count 2} {Type C } 
[5684] 2015/02/13 15:26:15.200 收到 Head 資訊 {Count 2} {Type C } 
[5684] 2015/02/13 15:26:15.201 收到 Head 資訊 {Count 2} {Type C } 
[5684] 2015/02/13 15:26:15.203 收到 Head 資訊 {Count 2} {Type D } 
[5684] 2015/02/13 15:26:15.205 收到 Head 資訊 {Count 2} {Type D } 
[5684] 2015/02/13 15:26:15.206 收到 Head 資訊 {Count 2} {Type D } 
[5684] 2015/02/13 15:26:15.208 收到 Head 資訊 {Count 2} {Type D } 
[5684] 2015/02/13 15:26:15.210 收到 Head 資訊 {Count 2} {Type D } 
[5684] 2015/02/13 15:26:15.211 收到 Head 資訊 {Count 2} {Type C } 
[5684] 2015/02/13 15:26:15.213 收到 Head 資訊 {Count 2} {Type C } 
[5684] 2015/02/13 15:26:15.215 收到 Head 資訊 {Count 2} {Type C } 
[5684] 2015/02/13 15:26:15.217 收到 Head 資訊 {Count 2} {Type C } 
[5684] 2015/02/13 15:26:15.218 收到 Head 資訊 {Count 2} {Type C } 
[5684] 2015/02/13 15:26:15.220 收到 Head 資訊 {Count 2} {Type C } 
[5684] 2015/02/13 15:26:15.222 收到 Head 資訊 {Count 2} {Type C } 
[5684] 2015/02/13 15:26:15.223 收到 Head 資訊 {Count 2} {Type C } 
[5684] 2015/02/13 15:26:15.225 收到 Head 資訊 {Count 2} {Type C } 
[5684] 2015/02/13 15:26:15.227 收到 Head 資訊 {Count 2} {Type C } 
[5684] 2015/02/13 15:26:15.229 收到 Head 資訊 {Count 2} {Type C } 
[5684] 2015/02/13 15:26:15.230 收到 Head 資訊 {Count 2} {Type C } 
[5684] 2015/02/13 15:26:15.232 收到 Head 資訊 {Count 2} {Type C } 
[5684] 2015/02/13 15:26:15.234 收到 Head 資訊 {Count 2} {Type C } 
[5684] 2015/02/13 15:26:15.235 收到 Head 資訊 {Count 2} {Type C } 
[5684] 2015/02/13 15:26:15.237 收到 Head 資訊 {Count 2} {Type C } 
[5684] 2015/02/13 15:26:15.239 收到 Head 資訊 {Count 2} {Type C } 
[5684] 2015/02/13 15:26:15.241 收到 Head 資訊 {Count 2} {Type C } 
[5684] 2015/02/13 15:26:15.242 收到 Head 資訊 {Count 2} {Type C } 
[5684] 2015/02/13 15:26:15.244 收到 Head 資訊 {Count 2} {Type C } 
[5684] 2015/02/13 15:26:15.246 收到 Head 資訊 {Count 2} {Type C } 
[5684] 2015/02/13 15:26:15.247 收到 Head 資訊 {Count 2} {Type C } 
[5684] 2015/02/13 15:26:15.249 收到 Head 資訊 {Count 2} {Type C } 
[5684] 2015/02/13 15:26:15.251 收到 Head 資訊 {Count 2} {Type D } 
[5684] 2015/02/13 15:26:15.253 收到 Head 資訊 {Count 2} {Type D } 
[5684] 2015/02/13 15:26:15.254 收到 Head 資訊 {Count 2} {Type C } 
[5684] 2015/02/13 15:26:15.256 收到 Head 資訊 {Count 2} {Type C } 
[5684] 2015/02/13 15:26:15.258 收到 Head 資訊 {Count 2} {Type C } 
[5684] 2015/02/13 15:26:15.259 收到 Head 資訊 {Count 2} {Type C } 
[5684] 2015/02/13 15:26:15.261 收到 Head 資訊 {Count 2} {Type C } 
[5684] 2015/02/13 15:26:15.263 收到 Head 資訊 {Count 2} {Type C } 
[5684] 2015/02/13 15:26:15.265 收到 Head 資訊 {Count 2} {Type C } 
[5684] 2015/02/13 15:26:15.266 收到 Head 資訊 {Count 2} {Type C } 
[5684] 2015/02/13 15:26:15.268 收到 Head 資訊 {Count 2} {Type C } 
[5684] 2015/02/13 15:26:15.270 收到 Head 資訊 {Count 2} {Type D } 
[5684] 2015/02/13 15:26:15.271 收到 Head 資訊 {Count 2} {Type C } 
[5684] 2015/02/13 15:26:15.273 收到 Head 資訊 {Count 2} {Type D } 
[5684] 2015/02/13 15:26:15.275 收到 Head 資訊 {Count 2} {Type D } 
[5684] 2015/02/13 15:26:15.276 收到 Head 資訊 {Count 2} {Type D } 
[5684] 2015/02/13 15:26:15.278 收到 Head 資訊 {Count 2} {Type C } 
[5684] 2015/02/13 15:26:15.280 收到 Head 資訊 {Count 2} {Type C } 
[5684] 2015/02/13 15:26:15.282 收到 Head 資訊 {Count 2} {Type C } 
[5684] 2015/02/13 15:26:15.283 收到 Head 資訊 {Count 2} {Type C } 
[5684] 2015/02/13 15:26:15.285 收到 Head 資訊 {Count 2} {Type C } 
[5684] 2015/02/13 15:26:15.287 收到 Head 資訊 {Count 2} {Type C } 
[5684] 2015/02/13 15:26:15.288 收到 Head 資訊 {Count 2} {Type C } 
[5684] 2015/02/13 15:26:15.290 收到 Head 資訊 {Count 2} {Type C } 
[5684] 2015/02/13 15:26:15.292 收到 Head 資訊 {Count 2} {Type C } 
[5684] 2015/02/13 15:26:15.294 收到 Head 資訊 {Count 2} {Type C } 
[5684] 2015/02/13 15:26:15.295 收到 Head 資訊 {Count 2} {Type C } 
[5684] 2015/02/13 15:26:15.297 收到 Head 資訊 {Count 2} {Type D } 
[5684] 2015/02/13 15:26:15.299 收到 Head 資訊 {Count 2} {Type C } 
[5684] 2015/02/13 15:26:15.300 收到 Head 資訊 {Count 2} {Type D } 
[5684] 2015/02/13 15:26:15.302 收到 Head 資訊 {Count 2} {Type C } 
[5684] 2015/02/13 15:26:15.304 收到 Head 資訊 {Count 2} {Type C } 
[5684] 2015/02/13 15:26:15.306 收到 Head 資訊 {Count 2} {Type C } 
[5684] 2015/02/13 15:26:15.307 收到 Head 資訊 {Count 2} {Type C } 
[5684] 2015/02/13 15:26:15.309 收到 Head 資訊 {Count 2} {Type C } 
[5684] 2015/02/13 15:26:15.311 收到 Head 資訊 {Count 2} {Type C } 
[5684] 2015/02/13 15:26:15.312 收到 Head 資訊 {Count 2} {Type C } 
[5684] 2015/02/13 15:26:15.314 收到 Head 資訊 {Count 2} {Type C } 
[5684] 2015/02/13 15:26:15.316 收到 Head 資訊 {Count 2} {Type C } 
[5684] 2015/02/13 15:26:15.317 收到 Head 資訊 {Count 2} {Type C } 
[5684] 2015/02/13 15:26:15.319 收到 Head 資訊 {Count 2} {Type C } 
[5684] 2015/02/13 15:26:15.321 收到 Head 資訊 {Count 2} {Type C } 
[5684] 2015/02/13 15:26:15.323 收到 Head 資訊 {Count 2} {Type C } 
[5684] 2015/02/13 15:26:15.324 收到 Head 資訊 {Count 2} {Type C } 
[5684] 2015/02/13 15:26:15.326 收到 Head 資訊 {Count 2} {Type C } 
[5684] 2015/02/13 15:26:15.328 收到 Head 資訊 {Count 2} {Type C } 
[5684] 2015/02/13 15:26:15.329 收到 Head 資訊 {Count 2} {Type C } 
[5684] 2015/02/13 15:26:15.331 收到 Head 資訊 {Count 2} {Type C } 
[5684] 2015/02/13 15:26:15.333 收到 Head 資訊 {Count 2} {Type C } 
[5684] 2015/02/13 15:26:15.335 收到 Head 資訊 {Count 2} {Type C } 
[5684] 2015/02/13 15:26:15.336 收到 Head 資訊 {Count 2} {Type C } 
[5684] 2015/02/13 15:26:15.338 收到 Head 資訊 {Count 2} {Type D } 
[5684] 2015/02/13 15:26:15.340 收到 Head 資訊 {Count 2} {Type D } 
[5684] 2015/02/13 15:26:15.342 收到 Head 資訊 {Count 2} {Type C } 
[5684] 2015/02/13 15:26:15.344 收到 Head 資訊 {Count 2} {Type C } 
[5684] 2015/02/13 15:26:15.345 收到 Head 資訊 {Count 2} {Type C } 
[5684] 2015/02/13 15:26:15.347 收到 Head 資訊 {Count 2} {Type C } 
[5684] 2015/02/13 15:26:15.349 收到 Head 資訊 {Count 2} {Type C } 
[5684] 2015/02/13 15:26:15.351 收到 Head 資訊 {Count 2} {Type C } 
[5684] 2015/02/13 15:26:15.353 收到 Head 資訊 {Count 2} {Type C } 
[5684] 2015/02/13 15:26:15.355 收到 Head 資訊 {Count 2} {Type C } 
[5684] 2015/02/13 15:26:15.356 收到 Head 資訊 {Count 2} {Type C } 
[5684] 2015/02/13 15:26:15.358 收到 Head 資訊 {Count 2} {Type C } 
[5684] 2015/02/13 15:26:15.360 收到 Head 資訊 {Count 2} {Type C } 
[5684] 2015/02/13 15:26:15.362 收到 Head 資訊 {Count 2} {Type C } 
[5684] 2015/02/13 15:26:15.363 收到 Head 資訊 {Count 2} {Type C } 
[5684] 2015/02/13 15:26:15.365 收到 Head 資訊 {Count 2} {Type C } 
[5684] 2015/02/13 15:26:15.367 收到 Head 資訊 {Count 2} {Type C } 
[5684] 2015/02/13 15:26:15.369 收到 Head 資訊 {Count 2} {Type C } 
[5684] 2015/02/13 15:26:15.371 收到 Head 資訊 {Count 2} {Type C } 
[5684] 2015/02/13 15:26:15.372 收到 Head 資訊 {Count 2} {Type C } 
[5684] 2015/02/13 15:26:15.374 收到 Head 資訊 {Count 2} {Type C } 
[5684] 2015/02/13 15:26:15.376 收到 Head 資訊 {Count 2} {Type C } 
[5684] 2015/02/13 15:26:15.378 收到 Head 資訊 {Count 2} {Type C } 
[5684] 2015/02/13 15:26:15.379 收到 Head 資訊 {Count 2} {Type C } 
[5684] 2015/02/13 15:26:15.381 收到 Head 資訊 {Count 2} {Type C } 
[5684] 2015/02/13 15:26:15.383 收到 Head 資訊 {Count 2} {Type C } 
[5684] 2015/02/13 15:26:15.385 收到 Head 資訊 {Count 2} {Type C } 
[5684] 2015/02/13 15:26:15.387 收到 Head 資訊 {Count 2} {Type C } 
[5684] 2015/02/13 15:26:15.389 收到 Head 資訊 {Count 2} {Type C } 
[5684] 2015/02/13 15:26:15.391 收到 Head 資訊 {Count 2} {Type C } 
[5684] 2015/02/13 15:26:15.392 收到 Head 資訊 {Count 2} {Type C } 
[5684] 2015/02/13 15:26:15.394 收到 Head 資訊 {Count 2} {Type C } 
[5684] 2015/02/13 15:26:15.396 收到 Head 資訊 {Count 2} {Type C } 
[5684] 2015/02/13 15:26:15.398 收到 Head 資訊 {Count 2} {Type D } 
[5684] 2015/02/13 15:26:15.400 收到 Head 資訊 {Count 2} {Type D } 
[5684] 2015/02/13 15:26:15.402 收到 Head 資訊 {Count 2} {Type D } 
[5684] 2015/02/13 15:26:15.404 收到 Head 資訊 {Count 2} {Type C } 
[5684] 2015/02/13 15:26:15.405 收到 Head 資訊 {Count 2} {Type C } 
[5684] 2015/02/13 15:26:15.407 收到 Head 資訊 {Count 2} {Type D } 
[5684] 2015/02/13 15:26:15.409 收到 Head 資訊 {Count 2} {Type C } 
[5684] 2015/02/13 15:26:15.411 收到 Head 資訊 {Count 2} {Type C } 
[5684] 2015/02/13 15:26:15.413 收到 Head 資訊 {Count 2} {Type D } 
[5684] 2015/02/13 15:26:15.415 收到 Head 資訊 {Count 2} {Type D } 
[5684] 2015/02/13 15:26:15.416 收到 Head 資訊 {Count 2} {Type C } 
[5684] 2015/02/13 15:26:15.418 收到 Head 資訊 {Count 2} {Type C } 
[5684] 2015/02/13 15:26:15.420 收到 Head 資訊 {Count 2} {Type C } 
[5684] 2015/02/13 15:26:15.422 收到 Head 資訊 {Count 2} {Type C } 
[5684] 2015/02/13 15:26:15.424 收到 Head 資訊 {Count 2} {Type C } 
[5684] 2015/02/13 15:26:15.425 收到 Head 資訊 {Count 2} {Type C } 
[5684] 2015/02/13 15:26:15.427 收到 Head 資訊 {Count 2} {Type C } 
[5684] 2015/02/13 15:26:15.429 收到 Head 資訊 {Count 2} {Type C } 
[5684] 2015/02/13 15:26:15.431 收到 Head 資訊 {Count 2} {Type C } 
[5684] 2015/02/13 15:26:15.433 收到 Head 資訊 {Count 2} {Type C } 
[5684] 2015/02/13 15:26:15.435 收到 Head 資訊 {Count 2} {Type C } 
[5684] 2015/02/13 15:26:15.437 收到 Head 資訊 {Count 2} {Type C } 
[5684] 2015/02/13 15:26:15.438 收到 Head 資訊 {Count 2} {Type C } 
[5684] 2015/02/13 15:26:15.440 收到 Head 資訊 {Count 2} {Type C } 
[5684] 2015/02/13 15:26:15.442 收到 Head 資訊 {Count 2} {Type C } 
[5684] 2015/02/13 15:26:15.444 收到 Head 資訊 {Count 2} {Type C } 
[5684] 2015/02/13 15:26:15.446 收到 Head 資訊 {Count 2} {Type C } 
[5684] 2015/02/13 15:26:15.448 收到 Head 資訊 {Count 2} {Type C } 
[5684] 2015/02/13 15:26:15.449 收到 Head 資訊 {Count 2} {Type C } 
[5684] 2015/02/13 15:26:15.451 收到 Head 資訊 {Count 2} {Type C } 
[5684] 2015/02/13 15:26:15.453 收到 Head 資訊 {Count 2} {Type D } 
[5684] 2015/02/13 15:26:15.455 收到 Head 資訊 {Count 2} {Type C } 
[5684] 2015/02/13 15:26:15.457 收到 Head 資訊 {Count 2} {Type C } 
[5684] 2015/02/13 15:26:15.458 收到 Head 資訊 {Count 2} {Type C } 
[5684] 2015/02/13 15:26:15.460 收到 Head 資訊 {Count 2} {Type C } 
[5684] 2015/02/13 15:26:15.462 收到 Head 資訊 {Count 2} {Type C } 
[5684] 2015/02/13 15:26:15.464 收到 Head 資訊 {Count 2} {Type D } 
[5684] 2015/02/13 15:26:15.466 收到 Head 資訊 {Count 2} {Type C } 
[5684] 2015/02/13 15:26:15.468 收到 Head 資訊 {Count 2} {Type C } 
[5684] 2015/02/13 15:26:15.469 收到 Head 資訊 {Count 2} {Type C } 
[5684] 2015/02/13 15:26:15.471 收到 Head 資訊 {Count 2} {Type C } 
[5684] 2015/02/13 15:26:15.473 收到 Head 資訊 {Count 2} {Type C } 
[5684] 2015/02/13 15:26:15.475 收到 Head 資訊 {Count 2} {Type C } 
[5684] 2015/02/13 15:26:15.477 收到 Head 資訊 {Count 2} {Type C } 
[5684] 2015/02/13 15:26:15.478 收到 Head 資訊 {Count 2} {Type C } 
[5684] 2015/02/13 15:26:15.480 收到 Head 資訊 {Count 2} {Type C } 
[5684] 2015/02/13 15:26:15.482 收到 Head 資訊 {Count 2} {Type C } 
[5684] 2015/02/13 15:26:15.484 收到 Head 資訊 {Count 2} {Type C } 
[5684] 2015/02/13 15:26:15.486 收到 Head 資訊 {Count 2} {Type C } 
[5684] 2015/02/13 15:26:15.488 收到 Head 資訊 {Count 2} {Type C } 
[5684] 2015/02/13 15:26:15.489 收到 Head 資訊 {Count 2} {Type C } 
[5684] 2015/02/13 15:26:15.491 收到 Head 資訊 {Count 2} {Type C } 
[5684] 2015/02/13 15:26:15.493 收到 Head 資訊 {Count 2} {Type C } 
[5684] 2015/02/13 15:26:15.495 收到 Head 資訊 {Count 2} {Type C } 
[5684] 2015/02/13 15:26:15.497 收到 Head 資訊 {Count 2} {Type C } 
[5684] 2015/02/13 15:26:15.499 收到 Head 資訊 {Count 2} {Type C } 
[5684] 2015/02/13 15:26:15.501 收到 Head 資訊 {Count 2} {Type C } 
[5684] 2015/02/13 15:26:15.502 收到 Head 資訊 {Count 2} {Type C } 
[5684] 2015/02/13 15:26:15.504 收到 Head 資訊 {Count 2} {Type C } 
[5684] 2015/02/13 15:26:15.506 收到 Head 資訊 {Count 2} {Type C } 
[5684] 2015/02/13 15:26:15.508 收到 Head 資訊 {Count 2} {Type C } 
[5684] 2015/02/13 15:26:15.510 收到 Head 資訊 {Count 2} {Type B } 
[5684] 2015/02/13 15:27:13.995 連線確認 E122828927 (21,21)
[5684] 2015/02/13 15:28:14.009 連線確認 E122828927 (21,21)
[5684] 2015/02/13 15:29:14.023 連線確認 E122828927 (21,21)
