[3948] 2015/02/25 07:50:12.927 API InitInstance 
[3948] 2015/02/25 07:50:13.435 E122828927 連線 Code：0
[3948] 2015/02/25 07:50:14.440 收到 Head 資訊 {Count 2} {Type C } 
[3948] 2015/02/25 07:50:14.443 收到 Head 資訊 {Count 2} {Type C } 
[3948] 2015/02/25 07:50:14.445 收到 Head 資訊 {Count 2} {Type C } 
[3948] 2015/02/25 07:50:14.448 收到 Head 資訊 {Count 2} {Type C } 
[3948] 2015/02/25 07:50:14.449 收到 Head 資訊 {Count 2} {Type C } 
[3948] 2015/02/25 07:50:14.451 收到 Head 資訊 {Count 2} {Type C } 
[3948] 2015/02/25 07:50:14.453 收到 Head 資訊 {Count 2} {Type C } 
[3948] 2015/02/25 07:50:14.455 收到 Head 資訊 {Count 2} {Type C } 
[3948] 2015/02/25 07:50:14.457 收到 Head 資訊 {Count 2} {Type C } 
[3948] 2015/02/25 07:50:14.459 收到 Head 資訊 {Count 2} {Type C } 
[3948] 2015/02/25 07:50:14.461 收到 Head 資訊 {Count 2} {Type C } 
[3948] 2015/02/25 07:50:14.463 收到 Head 資訊 {Count 2} {Type C } 
[3948] 2015/02/25 07:50:14.465 收到 Head 資訊 {Count 2} {Type C } 
[3948] 2015/02/25 07:50:14.467 收到 Head 資訊 {Count 2} {Type C } 
[3948] 2015/02/25 07:50:14.469 收到 Head 資訊 {Count 2} {Type C } 
[3948] 2015/02/25 07:50:14.470 收到 Head 資訊 {Count 2} {Type C } 
[3948] 2015/02/25 07:50:14.472 收到 Head 資訊 {Count 2} {Type C } 
[3948] 2015/02/25 07:50:14.474 收到 Head 資訊 {Count 2} {Type C } 
[3948] 2015/02/25 07:50:14.476 收到 Head 資訊 {Count 2} {Type C } 
[3948] 2015/02/25 07:50:14.478 收到 Head 資訊 {Count 2} {Type C } 
[3948] 2015/02/25 07:50:14.480 收到 Head 資訊 {Count 2} {Type C } 
[3948] 2015/02/25 07:50:14.481 收到 Head 資訊 {Count 2} {Type C } 
[3948] 2015/02/25 07:50:14.483 收到 Head 資訊 {Count 2} {Type C } 
[3948] 2015/02/25 07:50:14.485 收到 Head 資訊 {Count 2} {Type C } 
[3948] 2015/02/25 07:50:14.487 收到 Head 資訊 {Count 2} {Type C } 
[3948] 2015/02/25 07:50:14.489 收到 Head 資訊 {Count 2} {Type C } 
[3948] 2015/02/25 07:50:14.490 收到 Head 資訊 {Count 2} {Type C } 
[3948] 2015/02/25 07:50:14.492 收到 Head 資訊 {Count 2} {Type C } 
[3948] 2015/02/25 07:50:14.494 收到 Head 資訊 {Count 2} {Type C } 
[3948] 2015/02/25 07:50:14.496 收到 Head 資訊 {Count 2} {Type C } 
[3948] 2015/02/25 07:50:14.497 收到 Head 資訊 {Count 2} {Type C } 
[3948] 2015/02/25 07:50:14.499 收到 Head 資訊 {Count 2} {Type C } 
[3948] 2015/02/25 07:50:14.501 收到 Head 資訊 {Count 2} {Type C } 
[3948] 2015/02/25 07:50:14.503 收到 Head 資訊 {Count 2} {Type C } 
[3948] 2015/02/25 07:50:14.505 收到 Head 資訊 {Count 2} {Type C } 
[3948] 2015/02/25 07:50:14.506 收到 Head 資訊 {Count 2} {Type C } 
[3948] 2015/02/25 07:50:14.508 收到 Head 資訊 {Count 2} {Type C } 
[3948] 2015/02/25 07:50:14.510 收到 Head 資訊 {Count 2} {Type C } 
[3948] 2015/02/25 07:50:14.512 收到 Head 資訊 {Count 2} {Type C } 
[3948] 2015/02/25 07:50:14.513 收到 Head 資訊 {Count 2} {Type C } 
[3948] 2015/02/25 07:50:14.515 收到 Head 資訊 {Count 2} {Type C } 
[3948] 2015/02/25 07:50:14.517 收到 Head 資訊 {Count 2} {Type C } 
[3948] 2015/02/25 07:50:14.519 收到 Head 資訊 {Count 2} {Type C } 
[3948] 2015/02/25 07:50:14.521 收到 Head 資訊 {Count 2} {Type C } 
[3948] 2015/02/25 07:50:14.522 收到 Head 資訊 {Count 2} {Type C } 
[3948] 2015/02/25 07:50:14.524 收到 Head 資訊 {Count 2} {Type C } 
[3948] 2015/02/25 07:50:14.526 收到 Head 資訊 {Count 2} {Type C } 
[3948] 2015/02/25 07:50:14.528 收到 Head 資訊 {Count 2} {Type C } 
[3948] 2015/02/25 07:50:14.529 收到 Head 資訊 {Count 2} {Type C } 
[3948] 2015/02/25 07:50:14.531 收到 Head 資訊 {Count 2} {Type C } 
[3948] 2015/02/25 07:50:14.533 收到 Head 資訊 {Count 2} {Type C } 
[3948] 2015/02/25 07:50:14.535 收到 Head 資訊 {Count 2} {Type C } 
[3948] 2015/02/25 07:50:14.536 收到 Head 資訊 {Count 2} {Type C } 
[3948] 2015/02/25 07:50:14.538 收到 Head 資訊 {Count 2} {Type C } 
[3948] 2015/02/25 07:50:14.540 收到 Head 資訊 {Count 2} {Type C } 
[3948] 2015/02/25 07:50:14.541 收到 Head 資訊 {Count 2} {Type C } 
[3948] 2015/02/25 07:50:14.543 收到 Head 資訊 {Count 2} {Type C } 
[3948] 2015/02/25 07:50:14.545 收到 Head 資訊 {Count 2} {Type C } 
[3948] 2015/02/25 07:50:14.547 收到 Head 資訊 {Count 2} {Type C } 
[3948] 2015/02/25 07:50:14.549 收到 Head 資訊 {Count 2} {Type C } 
[3948] 2015/02/25 07:50:14.550 收到 Head 資訊 {Count 2} {Type C } 
[3948] 2015/02/25 07:50:14.552 收到 Head 資訊 {Count 2} {Type C } 
[3948] 2015/02/25 07:50:14.554 收到 Head 資訊 {Count 2} {Type C } 
[3948] 2015/02/25 07:50:14.556 收到 Head 資訊 {Count 2} {Type C } 
[3948] 2015/02/25 07:50:14.557 收到 Head 資訊 {Count 2} {Type C } 
[3948] 2015/02/25 07:50:14.559 收到 Head 資訊 {Count 2} {Type C } 
[3948] 2015/02/25 07:50:14.561 收到 Head 資訊 {Count 2} {Type C } 
[3948] 2015/02/25 07:50:14.563 收到 Head 資訊 {Count 2} {Type C } 
[3948] 2015/02/25 07:50:14.565 收到 Head 資訊 {Count 2} {Type C } 
[3948] 2015/02/25 07:50:14.566 收到 Head 資訊 {Count 2} {Type C } 
[3948] 2015/02/25 07:50:14.568 收到 Head 資訊 {Count 2} {Type C } 
[3948] 2015/02/25 07:50:14.570 收到 Head 資訊 {Count 2} {Type C } 
[3948] 2015/02/25 07:50:14.572 收到 Head 資訊 {Count 2} {Type C } 
[3948] 2015/02/25 07:50:14.573 收到 Head 資訊 {Count 2} {Type C } 
[3948] 2015/02/25 07:50:14.575 收到 Head 資訊 {Count 2} {Type C } 
[3948] 2015/02/25 07:50:14.577 收到 Head 資訊 {Count 2} {Type C } 
[3948] 2015/02/25 07:50:14.579 收到 Head 資訊 {Count 2} {Type C } 
[3948] 2015/02/25 07:50:14.581 收到 Head 資訊 {Count 2} {Type C } 
[3948] 2015/02/25 07:50:14.582 收到 Head 資訊 {Count 2} {Type C } 
[3948] 2015/02/25 07:50:14.584 收到 Head 資訊 {Count 2} {Type C } 
[3948] 2015/02/25 07:50:14.586 收到 Head 資訊 {Count 2} {Type C } 
[3948] 2015/02/25 07:50:14.588 收到 Head 資訊 {Count 2} {Type C } 
[3948] 2015/02/25 07:50:14.590 收到 Head 資訊 {Count 2} {Type C } 
[3948] 2015/02/25 07:50:14.591 收到 Head 資訊 {Count 2} {Type C } 
[3948] 2015/02/25 07:50:14.593 收到 Head 資訊 {Count 2} {Type C } 
[3948] 2015/02/25 07:50:14.595 收到 Head 資訊 {Count 2} {Type C } 
[3948] 2015/02/25 07:50:14.596 收到 Head 資訊 {Count 2} {Type C } 
[3948] 2015/02/25 07:50:14.598 收到 Head 資訊 {Count 2} {Type C } 
[3948] 2015/02/25 07:50:14.600 收到 Head 資訊 {Count 2} {Type C } 
[3948] 2015/02/25 07:50:14.602 收到 Head 資訊 {Count 2} {Type C } 
[3948] 2015/02/25 07:50:14.604 收到 Head 資訊 {Count 2} {Type C } 
[3948] 2015/02/25 07:50:14.605 收到 Head 資訊 {Count 2} {Type C } 
[3948] 2015/02/25 07:50:14.607 收到 Head 資訊 {Count 2} {Type C } 
[3948] 2015/02/25 07:50:14.609 收到 Head 資訊 {Count 2} {Type C } 
[3948] 2015/02/25 07:50:14.611 收到 Head 資訊 {Count 2} {Type C } 
[3948] 2015/02/25 07:50:14.612 收到 Head 資訊 {Count 2} {Type C } 
[3948] 2015/02/25 07:50:14.614 收到 Head 資訊 {Count 2} {Type C } 
[3948] 2015/02/25 07:50:14.616 收到 Head 資訊 {Count 2} {Type C } 
[3948] 2015/02/25 07:50:14.618 收到 Head 資訊 {Count 2} {Type C } 
[3948] 2015/02/25 07:50:14.619 收到 Head 資訊 {Count 2} {Type C } 
[3948] 2015/02/25 07:50:14.621 收到 Head 資訊 {Count 2} {Type C } 
[3948] 2015/02/25 07:50:14.623 收到 Head 資訊 {Count 2} {Type C } 
[3948] 2015/02/25 07:50:14.625 收到 Head 資訊 {Count 2} {Type C } 
[3948] 2015/02/25 07:50:14.627 收到 Head 資訊 {Count 2} {Type B } 
[3948] 2015/02/25 07:51:13.417 連線確認 E122828927 (21,21)
[3948] 2015/02/25 07:52:13.430 連線確認 E122828927 (21,21)
[3948] 2015/02/25 07:53:13.445 連線確認 E122828927 (21,21)
[3948] 2015/02/25 07:54:13.457 連線確認 E122828927 (21,21)
[3948] 2015/02/25 07:54:37.235 收到 Head 資訊 {Count 2} {Type C } 
[3948] 2015/02/25 07:55:13.472 連線確認 E122828927 (21,21)
[3948] 2015/02/25 07:55:13.665 收到 Head 資訊 {Count 2} {Type B } 
[3948] 2015/02/25 07:56:13.485 連線確認 E122828927 (21,21)
[3948] 2015/02/25 07:57:13.499 連線確認 E122828927 (21,21)
[3948] 2015/02/25 07:58:13.511 連線確認 E122828927 (21,21)
[3948] 2015/02/25 07:59:13.525 連線確認 E122828927 (21,21)
[3948] 2015/02/25 08:00:13.539 連線確認 E122828927 (21,21)
[3948] 2015/02/25 08:00:14.686 收到 Head 資訊 {Count 2} {Type B } 
[3948] 2015/02/25 08:01:13.553 連線確認 E122828927 (21,21)
[3948] 2015/02/25 08:02:13.566 連線確認 E122828927 (21,21)
[3948] 2015/02/25 08:03:13.580 連線確認 E122828927 (21,21)
[3948] 2015/02/25 08:04:13.594 連線確認 E122828927 (21,21)
[3948] 2015/02/25 08:05:13.607 連線確認 E122828927 (21,21)
[3948] 2015/02/25 08:05:15.651 收到 Head 資訊 {Count 2} {Type B } 
[3948] 2015/02/25 08:06:13.620 連線確認 E122828927 (21,21)
[3948] 2015/02/25 08:07:13.635 連線確認 E122828927 (21,21)
[3948] 2015/02/25 08:08:13.647 連線確認 E122828927 (21,21)
[3948] 2015/02/25 08:09:13.661 連線確認 E122828927 (21,21)
[3948] 2015/02/25 08:10:13.675 連線確認 E122828927 (21,21)
[3948] 2015/02/25 08:10:16.648 收到 Head 資訊 {Count 2} {Type B } 
[3948] 2015/02/25 08:11:07.537 收到 Head 資訊 {Count 2} {Type C } 
[3948] 2015/02/25 08:11:13.690 連線確認 E122828927 (21,21)
[3948] 2015/02/25 08:11:17.511 收到 Head 資訊 {Count 2} {Type C } 
[3948] 2015/02/25 08:11:27.511 收到 Head 資訊 {Count 2} {Type C } 
[3948] 2015/02/25 08:11:37.511 收到 Head 資訊 {Count 2} {Type C } 
[3948] 2015/02/25 08:11:47.529 收到 Head 資訊 {Count 2} {Type C } 
[3948] 2015/02/25 08:11:57.544 收到 Head 資訊 {Count 2} {Type C } 
[3948] 2015/02/25 08:12:13.702 連線確認 E122828927 (21,21)
[3948] 2015/02/25 08:13:13.716 連線確認 E122828927 (21,21)
[3948] 2015/02/25 08:14:13.729 連線確認 E122828927 (21,21)
[3948] 2015/02/25 08:15:13.742 連線確認 E122828927 (21,21)
[3948] 2015/02/25 08:15:17.676 收到 Head 資訊 {Count 2} {Type B } 
[3948] 2015/02/25 08:16:13.756 連線確認 E122828927 (21,21)
[3948] 2015/02/25 08:17:13.770 連線確認 E122828927 (21,21)
[3948] 2015/02/25 08:18:13.783 連線確認 E122828927 (21,21)
[3948] 2015/02/25 08:19:13.797 連線確認 E122828927 (21,21)
[3948] 2015/02/25 08:20:13.811 連線確認 E122828927 (21,21)
[3948] 2015/02/25 08:20:18.681 收到 Head 資訊 {Count 2} {Type B } 
[3948] 2015/02/25 08:21:13.824 連線確認 E122828927 (21,21)
[3948] 2015/02/25 08:22:13.837 連線確認 E122828927 (21,21)
[3948] 2015/02/25 08:23:13.852 連線確認 E122828927 (21,21)
[3948] 2015/02/25 08:24:13.864 連線確認 E122828927 (21,21)
[3948] 2015/02/25 08:25:13.880 連線確認 E122828927 (21,21)
[3948] 2015/02/25 08:25:19.727 收到 Head 資訊 {Count 2} {Type B } 
[3948] 2015/02/25 08:26:13.893 連線確認 E122828927 (21,21)
[3948] 2015/02/25 08:27:13.905 連線確認 E122828927 (21,21)
[3948] 2015/02/25 08:28:13.919 連線確認 E122828927 (21,21)
[3948] 2015/02/25 08:29:13.933 連線確認 E122828927 (21,21)
[3948] 2015/02/25 08:30:13.947 連線確認 E122828927 (21,21)
[3948] 2015/02/25 08:30:20.679 收到 Head 資訊 {Count 2} {Type B } 
[3948] 2015/02/25 08:31:08.230 收到 Head 資訊 {Count 2} {Type C } 
[3948] 2015/02/25 08:31:13.960 連線確認 E122828927 (21,21)
[3948] 2015/02/25 08:31:18.224 收到 Head 資訊 {Count 2} {Type C } 
[3948] 2015/02/25 08:31:28.183 收到 Head 資訊 {Count 2} {Type C } 
[3948] 2015/02/25 08:31:38.172 收到 Head 資訊 {Count 2} {Type C } 
[3948] 2015/02/25 08:31:48.224 收到 Head 資訊 {Count 2} {Type C } 
[3948] 2015/02/25 08:32:13.974 連線確認 E122828927 (21,21)
[3948] 2015/02/25 08:33:13.988 連線確認 E122828927 (21,21)
[3948] 2015/02/25 08:34:14.002 連線確認 E122828927 (21,21)
[3948] 2015/02/25 08:34:37.923 收到 Head 資訊 {Count 2} {Type C } 
[3948] 2015/02/25 08:35:14.015 連線確認 E122828927 (21,21)
[3948] 2015/02/25 08:35:21.685 收到 Head 資訊 {Count 2} {Type B } 
[3948] 2015/02/25 08:36:14.027 連線確認 E122828927 (21,21)
[3948] 2015/02/25 08:37:14.042 連線確認 E122828927 (21,21)
[3948] 2015/02/25 08:38:14.055 連線確認 E122828927 (21,21)
[3948] 2015/02/25 08:39:14.070 連線確認 E122828927 (21,21)
[3948] 2015/02/25 08:40:14.083 連線確認 E122828927 (21,21)
[3948] 2015/02/25 08:40:22.705 收到 Head 資訊 {Count 2} {Type B } 
[3948] 2015/02/25 08:41:14.096 連線確認 E122828927 (21,21)
[3948] 2015/02/25 08:42:14.109 連線確認 E122828927 (21,21)
[3948] 2015/02/25 08:43:14.123 連線確認 E122828927 (21,21)
[3948] 2015/02/25 08:44:14.137 連線確認 E122828927 (21,21)
[3948] 2015/02/25 08:45:14.151 連線確認 E122828927 (21,21)
[3948] 2015/02/25 08:45:23.661 收到 Head 資訊 {Count 2} {Type B } 
[3948] 2015/02/25 08:46:14.165 連線確認 E122828927 (21,21)
[3948] 2015/02/25 08:47:14.178 連線確認 E122828927 (21,21)
[3948] 2015/02/25 08:48:14.191 連線確認 E122828927 (21,21)
[3948] 2015/02/25 08:49:14.205 連線確認 E122828927 (21,21)
[3948] 2015/02/25 08:50:14.217 連線確認 E122828927 (21,21)
[3948] 2015/02/25 08:50:24.651 收到 Head 資訊 {Count 2} {Type B } 
[3948] 2015/02/25 08:51:08.226 收到 Head 資訊 {Count 2} {Type C } 
[3948] 2015/02/25 08:51:14.232 連線確認 E122828927 (21,21)
[3948] 2015/02/25 08:51:18.278 收到 Head 資訊 {Count 2} {Type C } 
[3948] 2015/02/25 08:52:14.245 連線確認 E122828927 (21,21)
[3948] 2015/02/25 08:53:14.259 連線確認 E122828927 (21,21)
[3948] 2015/02/25 08:54:14.273 連線確認 E122828927 (21,21)
[3948] 2015/02/25 08:54:38.122 收到 Head 資訊 {Count 2} {Type C } 
[3948] 2015/02/25 08:54:48.212 收到 Head 資訊 {Count 2} {Type C } 
[3948] 2015/02/25 08:55:14.287 連線確認 E122828927 (21,21)
[3948] 2015/02/25 08:55:25.658 收到 Head 資訊 {Count 2} {Type B } 
[3948] 2015/02/25 08:56:14.300 連線確認 E122828927 (21,21)
[3948] 2015/02/25 08:57:14.313 連線確認 E122828927 (21,21)
[3948] 2015/02/25 08:58:14.327 連線確認 E122828927 (21,21)
[3948] 2015/02/25 08:59:14.340 連線確認 E122828927 (21,21)
[3948] 2015/02/25 09:00:14.354 連線確認 E122828927 (21,21)
[3948] 2015/02/25 09:00:26.752 收到 Head 資訊 {Count 2} {Type B } 
[3948] 2015/02/25 09:01:14.368 連線確認 E122828927 (21,21)
[3948] 2015/02/25 09:02:14.382 連線確認 E122828927 (21,21)
[3948] 2015/02/25 09:03:14.395 連線確認 E122828927 (21,21)
[3948] 2015/02/25 09:04:14.409 連線確認 E122828927 (21,21)
[3948] 2015/02/25 09:05:14.422 連線確認 E122828927 (21,21)
[3948] 2015/02/25 09:05:33.994 收到 Head 資訊 {Count 2} {Type B } 
[3948] 2015/02/25 09:05:59.959 收到 Head 資訊 {Count 2} {Type D } 
[3948] 2015/02/25 09:06:14.436 連線確認 E122828927 (21,21)
[3948] 2015/02/25 09:07:14.450 連線確認 E122828927 (21,21)
[3948] 2015/02/25 09:08:14.462 連線確認 E122828927 (21,21)
[3948] 2015/02/25 09:09:14.477 連線確認 E122828927 (21,21)
[3948] 2015/02/25 09:09:30.165 收到 Head 資訊 {Count 2} {Type D } 
[3948] 2015/02/25 09:10:14.490 連線確認 E122828927 (21,21)
[3948] 2015/02/25 09:10:28.740 收到 Head 資訊 {Count 2} {Type B } 
[3948] 2015/02/25 09:11:08.448 收到 Head 資訊 {Count 2} {Type C } 
[3948] 2015/02/25 09:11:14.504 連線確認 E122828927 (21,21)
[3948] 2015/02/25 09:11:18.578 收到 Head 資訊 {Count 2} {Type C } 
[3948] 2015/02/25 09:11:28.496 收到 Head 資訊 {Count 2} {Type C } 
[3948] 2015/02/25 09:11:38.592 收到 Head 資訊 {Count 2} {Type C } 
[3948] 2015/02/25 09:11:48.469 收到 Head 資訊 {Count 2} {Type C } 
[3948] 2015/02/25 09:12:14.518 連線確認 E122828927 (21,21)
[3948] 2015/02/25 09:13:14.530 連線確認 E122828927 (21,21)
[3948] 2015/02/25 09:14:14.544 連線確認 E122828927 (21,21)
[3948] 2015/02/25 09:15:14.557 連線確認 E122828927 (21,21)
[3948] 2015/02/25 09:15:29.735 收到 Head 資訊 {Count 2} {Type B } 
[3948] 2015/02/25 09:16:14.572 連線確認 E122828927 (21,21)
[3948] 2015/02/25 09:17:14.584 連線確認 E122828927 (21,21)
[3948] 2015/02/25 09:18:14.599 連線確認 E122828927 (21,21)
[3948] 2015/02/25 09:19:14.612 連線確認 E122828927 (21,21)
[3948] 2015/02/25 09:20:14.625 連線確認 E122828927 (21,21)
[3948] 2015/02/25 09:20:30.638 收到 Head 資訊 {Count 2} {Type B } 
[3948] 2015/02/25 09:21:14.639 連線確認 E122828927 (21,21)
[3948] 2015/02/25 09:22:14.652 連線確認 E122828927 (21,21)
[3948] 2015/02/25 09:23:14.667 連線確認 E122828927 (21,21)
[3948] 2015/02/25 09:24:14.681 連線確認 E122828927 (21,21)
[3948] 2015/02/25 09:25:14.694 連線確認 E122828927 (21,21)
[3948] 2015/02/25 09:25:31.695 收到 Head 資訊 {Count 2} {Type B } 
[3948] 2015/02/25 09:26:14.707 連線確認 E122828927 (21,21)
[3948] 2015/02/25 09:27:14.721 連線確認 E122828927 (21,21)
[3948] 2015/02/25 09:28:14.734 連線確認 E122828927 (21,21)
[3948] 2015/02/25 09:29:14.748 連線確認 E122828927 (21,21)
[3948] 2015/02/25 09:30:14.762 連線確認 E122828927 (21,21)
[3948] 2015/02/25 09:30:32.632 收到 Head 資訊 {Count 2} {Type B } 
[3948] 2015/02/25 09:31:14.775 連線確認 E122828927 (21,21)
[3948] 2015/02/25 09:31:18.627 收到 Head 資訊 {Count 2} {Type C } 
[3948] 2015/02/25 09:31:28.543 收到 Head 資訊 {Count 2} {Type C } 
[3948] 2015/02/25 09:31:38.716 收到 Head 資訊 {Count 2} {Type C } 
[3948] 2015/02/25 09:31:48.629 收到 Head 資訊 {Count 2} {Type C } 
[3948] 2015/02/25 09:32:14.789 連線確認 E122828927 (21,21)
[3948] 2015/02/25 09:33:14.803 連線確認 E122828927 (21,21)
[3948] 2015/02/25 09:34:14.815 連線確認 E122828927 (21,21)
[3948] 2015/02/25 09:34:37.409 收到 Head 資訊 {Count 2} {Type C } 
[3948] 2015/02/25 09:35:14.830 連線確認 E122828927 (21,21)
[3948] 2015/02/25 09:35:33.754 收到 Head 資訊 {Count 2} {Type B } 
[3948] 2015/02/25 09:36:14.842 連線確認 E122828927 (21,21)
[3948] 2015/02/25 09:37:14.857 連線確認 E122828927 (21,21)
[3948] 2015/02/25 09:38:14.870 連線確認 E122828927 (21,21)
[3948] 2015/02/25 09:39:14.884 連線確認 E122828927 (21,21)
[3948] 2015/02/25 09:40:14.898 連線確認 E122828927 (21,21)
[3948] 2015/02/25 09:40:34.661 收到 Head 資訊 {Count 2} {Type B } 
[3948] 2015/02/25 09:41:14.913 連線確認 E122828927 (21,21)
[3948] 2015/02/25 09:42:14.924 連線確認 E122828927 (21,21)
[3948] 2015/02/25 09:43:14.937 連線確認 E122828927 (21,21)
[3948] 2015/02/25 09:44:14.952 連線確認 E122828927 (21,21)
[3948] 2015/02/25 09:45:14.966 連線確認 E122828927 (21,21)
[3948] 2015/02/25 09:45:35.597 收到 Head 資訊 {Count 2} {Type B } 
[3948] 2015/02/25 09:46:14.979 連線確認 E122828927 (21,21)
[3948] 2015/02/25 09:47:14.993 連線確認 E122828927 (21,21)
[3948] 2015/02/25 09:48:15.007 連線確認 E122828927 (21,21)
[3948] 2015/02/25 09:49:15.019 連線確認 E122828927 (21,21)
[3948] 2015/02/25 09:50:15.033 連線確認 E122828927 (21,21)
[3948] 2015/02/25 09:50:36.828 收到 Head 資訊 {Count 2} {Type B } 
[3948] 2015/02/25 09:51:15.048 連線確認 E122828927 (21,21)
[3948] 2015/02/25 09:51:17.893 收到 Head 資訊 {Count 2} {Type C } 
[3948] 2015/02/25 09:51:27.846 收到 Head 資訊 {Count 2} {Type C } 
[3948] 2015/02/25 09:52:15.060 連線確認 E122828927 (21,21)
[3948] 2015/02/25 09:53:15.074 連線確認 E122828927 (21,21)
[3948] 2015/02/25 09:54:15.088 連線確認 E122828927 (21,21)
[3948] 2015/02/25 09:54:37.661 收到 Head 資訊 {Count 2} {Type C } 
[3948] 2015/02/25 09:54:47.624 收到 Head 資訊 {Count 2} {Type C } 
[3948] 2015/02/25 09:55:15.102 連線確認 E122828927 (21,21)
[3948] 2015/02/25 09:55:37.658 收到 Head 資訊 {Count 2} {Type B } 
[3948] 2015/02/25 09:56:15.115 連線確認 E122828927 (21,21)
[3948] 2015/02/25 09:57:15.128 連線確認 E122828927 (21,21)
[3948] 2015/02/25 09:58:15.143 連線確認 E122828927 (21,21)
[3948] 2015/02/25 09:59:15.156 連線確認 E122828927 (21,21)
[3948] 2015/02/25 10:00:15.169 連線確認 E122828927 (21,21)
[3948] 2015/02/25 10:00:38.820 收到 Head 資訊 {Count 2} {Type B } 
[3948] 2015/02/25 10:01:15.182 連線確認 E122828927 (21,21)
[3948] 2015/02/25 10:02:15.196 連線確認 E122828927 (21,21)
[3948] 2015/02/25 10:03:15.210 連線確認 E122828927 (21,21)
[3948] 2015/02/25 10:04:15.223 連線確認 E122828927 (21,21)
[3948] 2015/02/25 10:05:15.238 連線確認 E122828927 (21,21)
[3948] 2015/02/25 10:05:39.605 收到 Head 資訊 {Count 2} {Type B } 
[3948] 2015/02/25 10:06:15.250 連線確認 E122828927 (21,21)
[3948] 2015/02/25 10:07:15.264 連線確認 E122828927 (21,21)
[3948] 2015/02/25 10:08:15.278 連線確認 E122828927 (21,21)
[3948] 2015/02/25 10:09:15.292 連線確認 E122828927 (21,21)
[3948] 2015/02/25 10:10:15.305 連線確認 E122828927 (21,21)
[3948] 2015/02/25 10:10:40.715 收到 Head 資訊 {Count 2} {Type B } 
[3948] 2015/02/25 10:11:15.319 連線確認 E122828927 (21,21)
[3948] 2015/02/25 10:11:18.119 收到 Head 資訊 {Count 2} {Type C } 
[3948] 2015/02/25 10:11:28.116 收到 Head 資訊 {Count 2} {Type C } 
[3948] 2015/02/25 10:11:38.119 收到 Head 資訊 {Count 2} {Type C } 
[3948] 2015/02/25 10:12:15.332 連線確認 E122828927 (21,21)
[3948] 2015/02/25 10:13:15.346 連線確認 E122828927 (21,21)
[3948] 2015/02/25 10:14:15.359 連線確認 E122828927 (21,21)
[3948] 2015/02/25 10:14:37.970 收到 Head 資訊 {Count 2} {Type C } 
[3948] 2015/02/25 10:15:15.373 連線確認 E122828927 (21,21)
[3948] 2015/02/25 10:15:41.593 收到 Head 資訊 {Count 2} {Type B } 
[3948] 2015/02/25 10:16:04.935 收到 Head 資訊 {Count 2} {Type D } 
[3948] 2015/02/25 10:16:15.386 連線確認 E122828927 (21,21)
[3948] 2015/02/25 10:17:15.400 連線確認 E122828927 (21,21)
[3948] 2015/02/25 10:18:15.415 連線確認 E122828927 (21,21)
[3948] 2015/02/25 10:19:15.428 連線確認 E122828927 (21,21)
[3948] 2015/02/25 10:20:15.441 連線確認 E122828927 (21,21)
[3948] 2015/02/25 10:20:42.576 收到 Head 資訊 {Count 2} {Type B } 
[3948] 2015/02/25 10:21:15.455 連線確認 E122828927 (21,21)
[3948] 2015/02/25 10:22:15.467 連線確認 E122828927 (21,21)
[3948] 2015/02/25 10:23:15.482 連線確認 E122828927 (21,21)
[3948] 2015/02/25 10:24:15.496 連線確認 E122828927 (21,21)
[3948] 2015/02/25 10:25:15.509 連線確認 E122828927 (21,21)
[3948] 2015/02/25 10:25:43.631 收到 Head 資訊 {Count 2} {Type B } 
[3948] 2015/02/25 10:26:15.523 連線確認 E122828927 (21,21)
[3948] 2015/02/25 10:27:15.535 連線確認 E122828927 (21,21)
[3948] 2015/02/25 10:28:15.550 連線確認 E122828927 (21,21)
[3948] 2015/02/25 10:29:15.563 連線確認 E122828927 (21,21)
[3948] 2015/02/25 10:30:15.578 連線確認 E122828927 (21,21)
[3948] 2015/02/25 10:30:44.676 收到 Head 資訊 {Count 2} {Type B } 
[3948] 2015/02/25 10:31:15.590 連線確認 E122828927 (21,21)
[3948] 2015/02/25 10:31:18.231 收到 Head 資訊 {Count 2} {Type C } 
[3948] 2015/02/25 10:31:28.255 收到 Head 資訊 {Count 2} {Type C } 
[3948] 2015/02/25 10:31:38.034 收到 Head 資訊 {Count 2} {Type C } 
[3948] 2015/02/25 10:31:48.261 收到 Head 資訊 {Count 2} {Type C } 
[3948] 2015/02/25 10:31:58.028 收到 Head 資訊 {Count 2} {Type C } 
[3948] 2015/02/25 10:32:15.604 連線確認 E122828927 (21,21)
[3948] 2015/02/25 10:33:15.617 連線確認 E122828927 (21,21)
[3948] 2015/02/25 10:34:15.630 連線確認 E122828927 (21,21)
[3948] 2015/02/25 10:34:38.046 收到 Head 資訊 {Count 2} {Type C } 
[3948] 2015/02/25 10:34:48.044 收到 Head 資訊 {Count 2} {Type C } 
[3948] 2015/02/25 10:35:15.645 連線確認 E122828927 (21,21)
[3948] 2015/02/25 10:35:45.730 收到 Head 資訊 {Count 2} {Type B } 
[3948] 2015/02/25 10:36:15.657 連線確認 E122828927 (21,21)
[3948] 2015/02/25 10:37:15.672 連線確認 E122828927 (21,21)
[3948] 2015/02/25 10:38:15.685 連線確認 E122828927 (21,21)
[3948] 2015/02/25 10:39:15.699 連線確認 E122828927 (21,21)
[3948] 2015/02/25 10:40:15.713 連線確認 E122828927 (21,21)
[3948] 2015/02/25 10:40:46.724 收到 Head 資訊 {Count 2} {Type B } 
[3948] 2015/02/25 10:41:15.726 連線確認 E122828927 (21,21)
[3948] 2015/02/25 10:42:15.739 連線確認 E122828927 (21,21)
[3948] 2015/02/25 10:43:15.753 連線確認 E122828927 (21,21)
[3948] 2015/02/25 10:44:15.768 連線確認 E122828927 (21,21)
[3948] 2015/02/25 10:45:15.780 連線確認 E122828927 (21,21)
[3948] 2015/02/25 10:45:47.610 收到 Head 資訊 {Count 2} {Type B } 
[3948] 2015/02/25 10:46:15.796 連線確認 E122828927 (21,21)
[3948] 2015/02/25 10:47:15.807 連線確認 E122828927 (21,21)
[3948] 2015/02/25 10:48:15.821 連線確認 E122828927 (21,21)
[3948] 2015/02/25 10:49:15.835 連線確認 E122828927 (21,21)
[3948] 2015/02/25 10:50:15.848 連線確認 E122828927 (21,21)
[3948] 2015/02/25 10:50:48.735 收到 Head 資訊 {Count 2} {Type B } 
[3948] 2015/02/25 10:51:15.863 連線確認 E122828927 (21,21)
[3948] 2015/02/25 10:51:18.241 收到 Head 資訊 {Count 2} {Type C } 
[3948] 2015/02/25 10:51:28.225 收到 Head 資訊 {Count 2} {Type C } 
[3948] 2015/02/25 10:51:38.403 收到 Head 資訊 {Count 2} {Type C } 
[3948] 2015/02/25 10:51:48.370 收到 Head 資訊 {Count 2} {Type C } 
[3948] 2015/02/25 10:52:15.876 連線確認 E122828927 (21,21)
[3948] 2015/02/25 10:53:15.891 連線確認 E122828927 (21,21)
[3948] 2015/02/25 10:54:15.902 連線確認 E122828927 (21,21)
[3948] 2015/02/25 10:54:38.333 收到 Head 資訊 {Count 2} {Type C } 
[3948] 2015/02/25 10:54:48.312 收到 Head 資訊 {Count 2} {Type C } 
[3948] 2015/02/25 10:55:15.916 連線確認 E122828927 (21,21)
[3948] 2015/02/25 10:55:49.599 收到 Head 資訊 {Count 2} {Type B } 
[3948] 2015/02/25 10:56:15.929 連線確認 E122828927 (21,21)
[3948] 2015/02/25 10:57:15.943 連線確認 E122828927 (21,21)
[3948] 2015/02/25 10:58:15.957 連線確認 E122828927 (21,21)
[3948] 2015/02/25 10:59:15.970 連線確認 E122828927 (21,21)
[3948] 2015/02/25 11:00:15.985 連線確認 E122828927 (21,21)
[3948] 2015/02/25 11:00:50.584 收到 Head 資訊 {Count 2} {Type B } 
[3948] 2015/02/25 11:01:15.997 連線確認 E122828927 (21,21)
[3948] 2015/02/25 11:02:16.012 連線確認 E122828927 (21,21)
[3948] 2015/02/25 11:03:16.026 連線確認 E122828927 (21,21)
[3948] 2015/02/25 11:04:16.038 連線確認 E122828927 (21,21)
[3948] 2015/02/25 11:05:16.052 連線確認 E122828927 (21,21)
[3948] 2015/02/25 11:05:51.670 收到 Head 資訊 {Count 2} {Type B } 
[3948] 2015/02/25 11:06:16.066 連線確認 E122828927 (21,21)
[3948] 2015/02/25 11:07:16.079 連線確認 E122828927 (21,21)
[3948] 2015/02/25 11:08:16.092 連線確認 E122828927 (21,21)
[3948] 2015/02/25 11:09:16.107 連線確認 E122828927 (21,21)
[3948] 2015/02/25 11:10:16.121 連線確認 E122828927 (21,21)
[3948] 2015/02/25 11:10:52.612 收到 Head 資訊 {Count 2} {Type B } 
[3948] 2015/02/25 11:11:16.134 連線確認 E122828927 (21,21)
[3948] 2015/02/25 11:11:18.555 收到 Head 資訊 {Count 2} {Type C } 
[3948] 2015/02/25 11:11:28.540 收到 Head 資訊 {Count 2} {Type C } 
[3948] 2015/02/25 11:11:38.516 收到 Head 資訊 {Count 2} {Type C } 
[3948] 2015/02/25 11:11:48.475 收到 Head 資訊 {Count 2} {Type C } 
[3948] 2015/02/25 11:11:58.434 收到 Head 資訊 {Count 2} {Type C } 
[3948] 2015/02/25 11:12:16.147 連線確認 E122828927 (21,21)
[3948] 2015/02/25 11:13:16.160 連線確認 E122828927 (21,21)
[3948] 2015/02/25 11:14:16.175 連線確認 E122828927 (21,21)
[3948] 2015/02/25 11:14:38.438 收到 Head 資訊 {Count 2} {Type C } 
[3948] 2015/02/25 11:14:48.401 收到 Head 資訊 {Count 2} {Type C } 
[3948] 2015/02/25 11:14:58.366 收到 Head 資訊 {Count 2} {Type C } 
[3948] 2015/02/25 11:15:16.188 連線確認 E122828927 (21,21)
[3948] 2015/02/25 11:15:53.675 收到 Head 資訊 {Count 2} {Type B } 
[3948] 2015/02/25 11:16:16.202 連線確認 E122828927 (21,21)
[3948] 2015/02/25 11:17:16.215 連線確認 E122828927 (21,21)
[3948] 2015/02/25 11:18:16.229 連線確認 E122828927 (21,21)
[3948] 2015/02/25 11:19:16.243 連線確認 E122828927 (21,21)
[3948] 2015/02/25 11:20:16.255 連線確認 E122828927 (21,21)
[3948] 2015/02/25 11:20:54.634 收到 Head 資訊 {Count 2} {Type B } 
[3948] 2015/02/25 11:21:16.270 連線確認 E122828927 (21,21)
[3948] 2015/02/25 11:22:16.283 連線確認 E122828927 (21,21)
[3948] 2015/02/25 11:23:16.298 連線確認 E122828927 (21,21)
[3948] 2015/02/25 11:24:16.311 連線確認 E122828927 (21,21)
[3948] 2015/02/25 11:25:16.323 連線確認 E122828927 (21,21)
[3948] 2015/02/25 11:25:55.551 收到 Head 資訊 {Count 2} {Type B } 
[3948] 2015/02/25 11:26:16.337 連線確認 E122828927 (21,21)
[3948] 2015/02/25 11:27:16.351 連線確認 E122828927 (21,21)
[3948] 2015/02/25 11:28:16.365 連線確認 E122828927 (21,21)
[3948] 2015/02/25 11:29:16.379 連線確認 E122828927 (21,21)
[3948] 2015/02/25 11:30:16.392 連線確認 E122828927 (21,21)
[3948] 2015/02/25 11:30:56.551 收到 Head 資訊 {Count 2} {Type B } 
[3948] 2015/02/25 11:31:16.405 連線確認 E122828927 (21,21)
[3948] 2015/02/25 11:31:18.654 收到 Head 資訊 {Count 2} {Type C } 
[3948] 2015/02/25 11:31:28.607 收到 Head 資訊 {Count 2} {Type C } 
[3948] 2015/02/25 11:32:16.419 連線確認 E122828927 (21,21)
[3948] 2015/02/25 11:33:16.432 連線確認 E122828927 (21,21)
[3948] 2015/02/25 11:34:16.445 連線確認 E122828927 (21,21)
[3948] 2015/02/25 11:35:16.460 連線確認 E122828927 (21,21)
[3948] 2015/02/25 11:35:57.748 收到 Head 資訊 {Count 2} {Type B } 
[3948] 2015/02/25 11:36:16.473 連線確認 E122828927 (21,21)
[3948] 2015/02/25 11:37:16.487 連線確認 E122828927 (21,21)
[3948] 2015/02/25 11:38:16.500 連線確認 E122828927 (21,21)
[3948] 2015/02/25 11:39:16.514 連線確認 E122828927 (21,21)
[3948] 2015/02/25 11:40:16.529 連線確認 E122828927 (21,21)
[3948] 2015/02/25 11:40:58.724 收到 Head 資訊 {Count 2} {Type B } 
[3948] 2015/02/25 11:41:16.540 連線確認 E122828927 (21,21)
[3948] 2015/02/25 11:42:16.555 連線確認 E122828927 (21,21)
[3948] 2015/02/25 11:43:16.569 連線確認 E122828927 (21,21)
[3948] 2015/02/25 11:44:16.582 連線確認 E122828927 (21,21)
[3948] 2015/02/25 11:45:16.596 連線確認 E122828927 (21,21)
[3948] 2015/02/25 11:45:59.699 收到 Head 資訊 {Count 2} {Type B } 
[3948] 2015/02/25 11:46:16.609 連線確認 E122828927 (21,21)
[3948] 2015/02/25 11:47:16.622 連線確認 E122828927 (21,21)
[3948] 2015/02/25 11:48:16.635 連線確認 E122828927 (21,21)
[3948] 2015/02/25 11:49:16.650 連線確認 E122828927 (21,21)
[3948] 2015/02/25 11:50:16.665 連線確認 E122828927 (21,21)
[3948] 2015/02/25 11:51:00.711 收到 Head 資訊 {Count 2} {Type B } 
[3948] 2015/02/25 11:51:16.679 連線確認 E122828927 (21,21)
[3948] 2015/02/25 11:51:18.783 收到 Head 資訊 {Count 2} {Type C } 
[3948] 2015/02/25 11:51:28.767 收到 Head 資訊 {Count 2} {Type C } 
[3948] 2015/02/25 11:52:16.690 連線確認 E122828927 (21,21)
[3948] 2015/02/25 11:53:16.712 連線確認 E122828927 (21,21)
[3948] 2015/02/25 11:54:16.718 連線確認 E122828927 (21,21)
[3948] 2015/02/25 11:54:38.735 收到 Head 資訊 {Count 2} {Type C } 
[3948] 2015/02/25 11:55:16.731 連線確認 E122828927 (21,21)
[3948] 2015/02/25 11:56:01.563 收到 Head 資訊 {Count 2} {Type B } 
[3948] 2015/02/25 11:56:16.746 連線確認 E122828927 (21,21)
[3948] 2015/02/25 11:57:16.758 連線確認 E122828927 (21,21)
[3948] 2015/02/25 11:58:16.773 連線確認 E122828927 (21,21)
[3948] 2015/02/25 11:59:16.786 連線確認 E122828927 (21,21)
[3948] 2015/02/25 12:00:16.800 連線確認 E122828927 (21,21)
[3948] 2015/02/25 12:01:02.551 收到 Head 資訊 {Count 2} {Type B } 
[3948] 2015/02/25 12:01:16.813 連線確認 E122828927 (21,21)
[3948] 2015/02/25 12:02:16.827 連線確認 E122828927 (21,21)
[3948] 2015/02/25 12:03:16.840 連線確認 E122828927 (21,21)
[3948] 2015/02/25 12:04:16.854 連線確認 E122828927 (21,21)
[3948] 2015/02/25 12:05:16.868 連線確認 E122828927 (21,21)
[3948] 2015/02/25 12:06:03.723 收到 Head 資訊 {Count 2} {Type B } 
[3948] 2015/02/25 12:06:16.881 連線確認 E122828927 (21,21)
[3948] 2015/02/25 12:07:16.894 連線確認 E122828927 (21,21)
[3948] 2015/02/25 12:08:16.907 連線確認 E122828927 (21,21)
[3948] 2015/02/25 12:09:16.922 連線確認 E122828927 (21,21)
[3948] 2015/02/25 12:10:16.936 連線確認 E122828927 (21,21)
[3948] 2015/02/25 12:11:04.638 收到 Head 資訊 {Count 2} {Type B } 
[3948] 2015/02/25 12:11:16.949 連線確認 E122828927 (21,21)
[3948] 2015/02/25 12:11:18.873 收到 Head 資訊 {Count 2} {Type C } 
[3948] 2015/02/25 12:11:29.078 收到 Head 資訊 {Count 2} {Type C } 
[3948] 2015/02/25 12:11:39.052 收到 Head 資訊 {Count 2} {Type C } 
[3948] 2015/02/25 12:11:49.014 收到 Head 資訊 {Count 2} {Type C } 
[3948] 2015/02/25 12:11:58.986 收到 Head 資訊 {Count 2} {Type C } 
[3948] 2015/02/25 12:12:08.967 收到 Head 資訊 {Count 2} {Type C } 
[3948] 2015/02/25 12:12:16.962 連線確認 E122828927 (21,21)
[3948] 2015/02/25 12:13:16.976 連線確認 E122828927 (21,21)
[3948] 2015/02/25 12:14:16.989 連線確認 E122828927 (21,21)
[3948] 2015/02/25 12:14:37.761 收到 Head 資訊 {Count 2} {Type C } 
[3948] 2015/02/25 12:14:47.724 收到 Head 資訊 {Count 2} {Type C } 
[3948] 2015/02/25 12:14:57.689 收到 Head 資訊 {Count 2} {Type C } 
[3948] 2015/02/25 12:15:17.004 連線確認 E122828927 (21,21)
[3948] 2015/02/25 12:16:05.711 收到 Head 資訊 {Count 2} {Type B } 
[3948] 2015/02/25 12:16:17.017 連線確認 E122828927 (21,21)
[3948] 2015/02/25 12:17:17.031 連線確認 E122828927 (21,21)
[3948] 2015/02/25 12:18:17.043 連線確認 E122828927 (21,21)
[3948] 2015/02/25 12:19:17.057 連線確認 E122828927 (21,21)
[3948] 2015/02/25 12:20:17.071 連線確認 E122828927 (21,21)
[3948] 2015/02/25 12:21:06.605 收到 Head 資訊 {Count 2} {Type B } 
[3948] 2015/02/25 12:21:17.084 連線確認 E122828927 (21,21)
[3948] 2015/02/25 12:22:17.099 連線確認 E122828927 (21,21)
[3948] 2015/02/25 12:23:17.113 連線確認 E122828927 (21,21)
[3948] 2015/02/25 12:24:17.125 連線確認 E122828927 (21,21)
[3948] 2015/02/25 12:25:17.138 連線確認 E122828927 (21,21)
[3948] 2015/02/25 12:26:07.517 收到 Head 資訊 {Count 2} {Type B } 
[3948] 2015/02/25 12:26:17.153 連線確認 E122828927 (21,21)
[3948] 2015/02/25 12:27:17.165 連線確認 E122828927 (21,21)
[3948] 2015/02/25 12:28:17.179 連線確認 E122828927 (21,21)
[3948] 2015/02/25 12:29:17.193 連線確認 E122828927 (21,21)
[3948] 2015/02/25 12:30:17.208 連線確認 E122828927 (21,21)
[3948] 2015/02/25 12:31:08.696 收到 Head 資訊 {Count 2} {Type B } 
[3948] 2015/02/25 12:31:17.220 連線確認 E122828927 (21,21)
[3948] 2015/02/25 12:31:48.347 收到 Head 資訊 {Count 2} {Type C } 
[3948] 2015/02/25 12:31:58.315 收到 Head 資訊 {Count 2} {Type C } 
[3948] 2015/02/25 12:32:08.302 收到 Head 資訊 {Count 2} {Type C } 
[3948] 2015/02/25 12:32:17.233 連線確認 E122828927 (21,21)
[3948] 2015/02/25 12:32:18.300 收到 Head 資訊 {Count 2} {Type C } 
[3948] 2015/02/25 12:33:17.248 連線確認 E122828927 (21,21)
[3948] 2015/02/25 12:34:17.261 連線確認 E122828927 (21,21)
[3948] 2015/02/25 12:34:37.907 收到 Head 資訊 {Count 2} {Type C } 
[3948] 2015/02/25 12:35:17.276 連線確認 E122828927 (21,21)
[3948] 2015/02/25 12:36:09.599 收到 Head 資訊 {Count 2} {Type B } 
[3948] 2015/02/25 12:36:17.288 連線確認 E122828927 (21,21)
[3948] 2015/02/25 12:37:17.303 連線確認 E122828927 (21,21)
[3948] 2015/02/25 12:38:17.316 連線確認 E122828927 (21,21)
[3948] 2015/02/25 12:39:17.330 連線確認 E122828927 (21,21)
[3948] 2015/02/25 12:40:17.342 連線確認 E122828927 (21,21)
[3948] 2015/02/25 12:41:10.578 收到 Head 資訊 {Count 2} {Type B } 
[3948] 2015/02/25 12:41:17.356 連線確認 E122828927 (21,21)
[3948] 2015/02/25 12:42:17.371 連線確認 E122828927 (21,21)
[3948] 2015/02/25 12:43:17.384 連線確認 E122828927 (21,21)
[3948] 2015/02/25 12:44:17.398 連線確認 E122828927 (21,21)
[3948] 2015/02/25 12:45:17.411 連線確認 E122828927 (21,21)
[3948] 2015/02/25 12:46:11.727 收到 Head 資訊 {Count 2} {Type B } 
[3948] 2015/02/25 12:46:17.440 連線確認 E122828927 (21,21)
[3948] 2015/02/25 12:47:17.437 連線確認 E122828927 (21,21)
[3948] 2015/02/25 12:48:17.451 連線確認 E122828927 (21,21)
[3948] 2015/02/25 12:49:17.465 連線確認 E122828927 (21,21)
[3948] 2015/02/25 12:50:17.479 連線確認 E122828927 (21,21)
[3948] 2015/02/25 12:51:12.592 收到 Head 資訊 {Count 2} {Type B } 
[3948] 2015/02/25 12:51:17.492 連線確認 E122828927 (21,21)
[3948] 2015/02/25 12:51:48.432 收到 Head 資訊 {Count 2} {Type C } 
[3948] 2015/02/25 12:51:58.409 收到 Head 資訊 {Count 2} {Type C } 
[3948] 2015/02/25 12:52:08.362 收到 Head 資訊 {Count 2} {Type C } 
[3948] 2015/02/25 12:52:17.505 連線確認 E122828927 (21,21)
[3948] 2015/02/25 12:53:17.519 連線確認 E122828927 (21,21)
[3948] 2015/02/25 12:54:17.533 連線確認 E122828927 (21,21)
[3948] 2015/02/25 12:54:38.143 收到 Head 資訊 {Count 2} {Type C } 
[3948] 2015/02/25 12:54:48.074 收到 Head 資訊 {Count 2} {Type C } 
[3948] 2015/02/25 12:55:17.547 連線確認 E122828927 (21,21)
[3948] 2015/02/25 12:56:13.700 收到 Head 資訊 {Count 2} {Type B } 
[3948] 2015/02/25 12:56:17.560 連線確認 E122828927 (21,21)
[3948] 2015/02/25 12:57:17.574 連線確認 E122828927 (21,21)
[3948] 2015/02/25 12:58:17.588 連線確認 E122828927 (21,21)
[3948] 2015/02/25 12:59:17.601 連線確認 E122828927 (21,21)
[3948] 2015/02/25 13:00:17.615 連線確認 E122828927 (21,21)
[3948] 2015/02/25 13:01:14.519 收到 Head 資訊 {Count 2} {Type B } 
[3948] 2015/02/25 13:01:17.629 連線確認 E122828927 (21,21)
[3948] 2015/02/25 13:02:17.641 連線確認 E122828927 (21,21)
[3948] 2015/02/25 13:03:17.656 連線確認 E122828927 (21,21)
[3948] 2015/02/25 13:04:17.669 連線確認 E122828927 (21,21)
[3948] 2015/02/25 13:05:17.682 連線確認 E122828927 (21,21)
[3948] 2015/02/25 13:06:15.568 收到 Head 資訊 {Count 2} {Type B } 
[3948] 2015/02/25 13:06:17.696 連線確認 E122828927 (21,21)
[3948] 2015/02/25 13:07:17.710 連線確認 E122828927 (21,21)
[3948] 2015/02/25 13:08:17.723 連線確認 E122828927 (21,21)
[3948] 2015/02/25 13:09:17.737 連線確認 E122828927 (21,21)
[3948] 2015/02/25 13:10:17.751 連線確認 E122828927 (21,21)
[3948] 2015/02/25 13:11:16.713 收到 Head 資訊 {Count 2} {Type B } 
[3948] 2015/02/25 13:11:17.764 連線確認 E122828927 (21,21)
[3948] 2015/02/25 13:11:48.598 收到 Head 資訊 {Count 2} {Type C } 
[3948] 2015/02/25 13:11:58.571 收到 Head 資訊 {Count 2} {Type C } 
[3948] 2015/02/25 13:12:17.779 連線確認 E122828927 (21,21)
[3948] 2015/02/25 13:13:17.790 連線確認 E122828927 (21,21)
[3948] 2015/02/25 13:14:17.804 連線確認 E122828927 (21,21)
[3948] 2015/02/25 13:14:38.369 收到 Head 資訊 {Count 2} {Type C } 
[3948] 2015/02/25 13:15:17.818 連線確認 E122828927 (21,21)
[3948] 2015/02/25 13:16:17.590 收到 Head 資訊 {Count 2} {Type B } 
[3948] 2015/02/25 13:16:17.833 連線確認 E122828927 (21,21)
[3948] 2015/02/25 13:17:17.846 連線確認 E122828927 (21,21)
[3948] 2015/02/25 13:18:17.859 連線確認 E122828927 (21,21)
[3948] 2015/02/25 13:19:17.873 連線確認 E122828927 (21,21)
[3948] 2015/02/25 13:20:17.886 連線確認 E122828927 (21,21)
[3948] 2015/02/25 13:21:17.900 連線確認 E122828927 (21,21)
[3948] 2015/02/25 13:21:18.570 收到 Head 資訊 {Count 2} {Type B } 
[3948] 2015/02/25 13:22:17.913 連線確認 E122828927 (21,21)
[3948] 2015/02/25 13:23:17.927 連線確認 E122828927 (21,21)
[3948] 2015/02/25 13:24:17.940 連線確認 E122828927 (21,21)
[3948] 2015/02/25 13:25:17.954 連線確認 E122828927 (21,21)
[3948] 2015/02/25 13:26:17.967 連線確認 E122828927 (21,21)
[3948] 2015/02/25 13:26:19.650 收到 Head 資訊 {Count 2} {Type B } 
[3948] 2015/02/25 13:27:17.981 連線確認 E122828927 (21,21)
[3948] 2015/02/25 13:28:17.995 連線確認 E122828927 (21,21)
[3948] 2015/02/25 13:29:18.009 連線確認 E122828927 (21,21)
[3948] 2015/02/25 13:30:18.022 連線確認 E122828927 (21,21)
[3948] 2015/02/25 13:31:18.035 連線確認 E122828927 (21,21)
[3948] 2015/02/25 13:31:20.679 收到 Head 資訊 {Count 2} {Type B } 
[3948] 2015/02/25 13:31:48.810 收到 Head 資訊 {Count 2} {Type C } 
[3948] 2015/02/25 13:31:58.599 收到 Head 資訊 {Count 2} {Type C } 
[3948] 2015/02/25 13:32:08.760 收到 Head 資訊 {Count 2} {Type C } 
[3948] 2015/02/25 13:32:18.049 連線確認 E122828927 (21,21)
[3948] 2015/02/25 13:33:18.062 連線確認 E122828927 (21,21)
[3948] 2015/02/25 13:34:18.076 連線確認 E122828927 (21,21)
[3948] 2015/02/25 13:34:38.283 收到 Head 資訊 {Count 2} {Type C } 
[3948] 2015/02/25 13:35:18.090 連線確認 E122828927 (21,21)
[3948] 2015/02/25 13:36:18.104 連線確認 E122828927 (21,21)
[3948] 2015/02/25 13:36:21.615 收到 Head 資訊 {Count 2} {Type B } 
[3948] 2015/02/25 13:37:18.117 連線確認 E122828927 (21,21)
[3948] 2015/02/25 13:38:18.131 連線確認 E122828927 (21,21)
[3948] 2015/02/25 13:39:18.144 連線確認 E122828927 (21,21)
[3948] 2015/02/25 13:40:18.158 連線確認 E122828927 (21,21)
[3948] 2015/02/25 13:41:18.171 連線確認 E122828927 (21,21)
[3948] 2015/02/25 13:41:22.594 收到 Head 資訊 {Count 2} {Type B } 
[3948] 2015/02/25 13:42:18.185 連線確認 E122828927 (21,21)
[3948] 2015/02/25 13:43:18.198 連線確認 E122828927 (21,21)
[3948] 2015/02/25 13:44:18.212 連線確認 E122828927 (21,21)
[3948] 2015/02/25 13:45:18.225 連線確認 E122828927 (21,21)
[3948] 2015/02/25 13:46:18.238 連線確認 E122828927 (21,21)
[3948] 2015/02/25 13:46:23.549 收到 Head 資訊 {Count 2} {Type B } 
[3948] 2015/02/25 13:47:18.253 連線確認 E122828927 (21,21)
[3948] 2015/02/25 13:48:18.266 連線確認 E122828927 (21,21)
[3948] 2015/02/25 13:49:18.281 連線確認 E122828927 (21,21)
[3948] 2015/02/25 13:50:18.294 連線確認 E122828927 (21,21)
[3948] 2015/02/25 13:51:18.307 連線確認 E122828927 (21,21)
[3948] 2015/02/25 13:51:24.546 收到 Head 資訊 {Count 2} {Type B } 
[3948] 2015/02/25 13:51:48.563 收到 Head 資訊 {Count 2} {Type C } 
[3948] 2015/02/25 13:51:58.616 收到 Head 資訊 {Count 2} {Type C } 
[3948] 2015/02/25 13:52:08.622 收到 Head 資訊 {Count 2} {Type C } 
[3948] 2015/02/25 13:52:18.321 連線確認 E122828927 (21,21)
[3948] 2015/02/25 13:52:18.618 收到 Head 資訊 {Count 2} {Type C } 
[3948] 2015/02/25 13:52:28.607 收到 Head 資訊 {Count 2} {Type C } 
[3948] 2015/02/25 13:53:18.335 連線確認 E122828927 (21,21)
[3948] 2015/02/25 13:54:18.348 連線確認 E122828927 (21,21)
[3948] 2015/02/25 13:54:38.579 收到 Head 資訊 {Count 2} {Type C } 
[3948] 2015/02/25 13:54:48.612 收到 Head 資訊 {Count 2} {Type C } 
[3948] 2015/02/25 13:54:58.570 收到 Head 資訊 {Count 2} {Type C } 
[3948] 2015/02/25 13:55:08.536 收到 Head 資訊 {Count 2} {Type C } 
[3948] 2015/02/25 13:55:18.361 連線確認 E122828927 (21,21)
[3948] 2015/02/25 13:56:18.375 連線確認 E122828927 (21,21)
[3948] 2015/02/25 13:56:25.485 收到 Head 資訊 {Count 2} {Type B } 
[3948] 2015/02/25 13:57:18.389 連線確認 E122828927 (21,21)
[3948] 2015/02/25 13:58:18.403 連線確認 E122828927 (21,21)
[3948] 2015/02/25 13:59:18.416 連線確認 E122828927 (21,21)
[3948] 2015/02/25 14:00:18.431 連線確認 E122828927 (21,21)
[3948] 2015/02/25 14:01:18.444 連線確認 E122828927 (21,21)
[3948] 2015/02/25 14:01:26.454 收到 Head 資訊 {Count 2} {Type B } 
[3948] 2015/02/25 14:02:18.456 連線確認 E122828927 (21,21)
[3948] 2015/02/25 14:03:18.470 連線確認 E122828927 (21,21)
[3948] 2015/02/25 14:04:18.483 連線確認 E122828927 (21,21)
[3948] 2015/02/25 14:05:18.497 連線確認 E122828927 (21,21)
[3948] 2015/02/25 14:06:18.510 連線確認 E122828927 (21,21)
[3948] 2015/02/25 14:06:27.559 收到 Head 資訊 {Count 2} {Type B } 
[3948] 2015/02/25 14:07:18.525 連線確認 E122828927 (21,21)
[3948] 2015/02/25 14:08:18.538 連線確認 E122828927 (21,21)
[3948] 2015/02/25 14:09:18.551 連線確認 E122828927 (21,21)
[3948] 2015/02/25 14:10:18.566 連線確認 E122828927 (21,21)
[3948] 2015/02/25 14:11:18.578 連線確認 E122828927 (21,21)
[3948] 2015/02/25 14:11:28.556 收到 Head 資訊 {Count 2} {Type B } 
[3948] 2015/02/25 14:11:48.926 收到 Head 資訊 {Count 2} {Type C } 
[3948] 2015/02/25 14:11:58.856 收到 Head 資訊 {Count 2} {Type C } 
[3948] 2015/02/25 14:12:08.947 收到 Head 資訊 {Count 2} {Type C } 
[3948] 2015/02/25 14:12:18.592 連線確認 E122828927 (21,21)
[3948] 2015/02/25 14:12:18.920 收到 Head 資訊 {Count 2} {Type C } 
[3948] 2015/02/25 14:12:28.909 收到 Head 資訊 {Count 2} {Type C } 
[3948] 2015/02/25 14:13:18.606 連線確認 E122828927 (21,21)
[3948] 2015/02/25 14:14:18.620 連線確認 E122828927 (21,21)
[3948] 2015/02/25 14:14:38.622 收到 Head 資訊 {Count 2} {Type C } 
[3948] 2015/02/25 14:14:48.677 收到 Head 資訊 {Count 2} {Type C } 
[3948] 2015/02/25 14:15:18.633 連線確認 E122828927 (21,21)
[3948] 2015/02/25 14:16:18.646 連線確認 E122828927 (21,21)
[3948] 2015/02/25 14:16:29.558 收到 Head 資訊 {Count 2} {Type B } 
[3948] 2015/02/25 14:17:18.661 連線確認 E122828927 (21,21)
[3948] 2015/02/25 14:18:18.673 連線確認 E122828927 (21,21)
[3948] 2015/02/25 14:19:18.687 連線確認 E122828927 (21,21)
[3948] 2015/02/25 14:20:18.701 連線確認 E122828927 (21,21)
[3948] 2015/02/25 14:21:18.716 連線確認 E122828927 (21,21)
[3948] 2015/02/25 14:21:30.494 收到 Head 資訊 {Count 2} {Type B } 
[3948] 2015/02/25 14:22:18.729 連線確認 E122828927 (21,21)
[3948] 2015/02/25 14:23:18.741 連線確認 E122828927 (21,21)
[3948] 2015/02/25 14:24:18.755 連線確認 E122828927 (21,21)
[3948] 2015/02/25 14:25:18.769 連線確認 E122828927 (21,21)
[3948] 2015/02/25 14:26:18.782 連線確認 E122828927 (21,21)
[3948] 2015/02/25 14:26:31.468 收到 Head 資訊 {Count 2} {Type B } 
[3948] 2015/02/25 14:27:18.796 連線確認 E122828927 (21,21)
[3948] 2015/02/25 14:28:18.810 連線確認 E122828927 (21,21)
[3948] 2015/02/25 14:29:18.824 連線確認 E122828927 (21,21)
[3948] 2015/02/25 14:30:18.837 連線確認 E122828927 (21,21)
[3948] 2015/02/25 14:31:18.851 連線確認 E122828927 (21,21)
[3948] 2015/02/25 14:31:32.476 收到 Head 資訊 {Count 2} {Type B } 
[3948] 2015/02/25 14:31:49.021 收到 Head 資訊 {Count 2} {Type C } 
[3948] 2015/02/25 14:31:58.968 收到 Head 資訊 {Count 2} {Type C } 
[3948] 2015/02/25 14:32:08.989 收到 Head 資訊 {Count 2} {Type C } 
[3948] 2015/02/25 14:32:18.864 連線確認 E122828927 (21,21)
[3948] 2015/02/25 14:32:19.013 收到 Head 資訊 {Count 2} {Type C } 
[3948] 2015/02/25 14:32:29.020 收到 Head 資訊 {Count 2} {Type C } 
[3948] 2015/02/25 14:32:38.945 收到 Head 資訊 {Count 2} {Type C } 
[3948] 2015/02/25 14:32:48.965 收到 Head 資訊 {Count 2} {Type C } 
[3948] 2015/02/25 14:32:58.991 收到 Head 資訊 {Count 2} {Type C } 
[3948] 2015/02/25 14:33:09.017 收到 Head 資訊 {Count 2} {Type C } 
[3948] 2015/02/25 14:33:18.877 連線確認 E122828927 (21,21)
[3948] 2015/02/25 14:34:18.891 連線確認 E122828927 (21,21)
[3948] 2015/02/25 14:34:38.817 收到 Head 資訊 {Count 2} {Type C } 
[3948] 2015/02/25 14:34:48.833 收到 Head 資訊 {Count 2} {Type C } 
[3948] 2015/02/25 14:34:58.888 收到 Head 資訊 {Count 2} {Type C } 
[3948] 2015/02/25 14:35:08.825 收到 Head 資訊 {Count 2} {Type C } 
[3948] 2015/02/25 14:35:18.905 連線確認 E122828927 (21,21)
[3948] 2015/02/25 14:36:18.918 連線確認 E122828927 (21,21)
[3948] 2015/02/25 14:36:33.501 收到 Head 資訊 {Count 2} {Type B } 
[3948] 2015/02/25 14:37:18.933 連線確認 E122828927 (21,21)
[3948] 2015/02/25 14:38:18.945 連線確認 E122828927 (21,21)
[3948] 2015/02/25 14:39:18.958 連線確認 E122828927 (21,21)
[3948] 2015/02/25 14:40:18.973 連線確認 E122828927 (21,21)
[3948] 2015/02/25 14:41:18.986 連線確認 E122828927 (21,21)
[3948] 2015/02/25 14:41:34.503 收到 Head 資訊 {Count 2} {Type B } 
[3948] 2015/02/25 14:42:19.000 連線確認 E122828927 (21,21)
[3948] 2015/02/25 14:43:19.014 連線確認 E122828927 (21,21)
[3948] 2015/02/25 14:44:19.028 連線確認 E122828927 (21,21)
[3948] 2015/02/25 14:45:19.040 連線確認 E122828927 (21,21)
[3948] 2015/02/25 14:46:19.054 連線確認 E122828927 (21,21)
[3948] 2015/02/25 14:46:35.520 收到 Head 資訊 {Count 2} {Type B } 
[3948] 2015/02/25 14:47:19.069 連線確認 E122828927 (21,21)
[3948] 2015/02/25 14:48:19.081 連線確認 E122828927 (21,21)
[3948] 2015/02/25 14:49:19.096 連線確認 E122828927 (21,21)
[3948] 2015/02/25 14:50:19.109 連線確認 E122828927 (21,21)
[3948] 2015/02/25 14:51:19.123 連線確認 E122828927 (21,21)
[3948] 2015/02/25 14:51:36.491 收到 Head 資訊 {Count 2} {Type B } 
[3948] 2015/02/25 14:51:49.150 收到 Head 資訊 {Count 2} {Type C } 
[3948] 2015/02/25 14:51:59.097 收到 Head 資訊 {Count 2} {Type C } 
[3948] 2015/02/25 14:52:09.114 收到 Head 資訊 {Count 2} {Type C } 
[3948] 2015/02/25 14:52:19.136 連線確認 E122828927 (21,21)
[3948] 2015/02/25 14:52:19.147 收到 Head 資訊 {Count 2} {Type C } 
[3948] 2015/02/25 14:52:29.088 收到 Head 資訊 {Count 2} {Type C } 
[3948] 2015/02/25 14:52:39.109 收到 Head 資訊 {Count 2} {Type C } 
[3948] 2015/02/25 14:52:49.151 收到 Head 資訊 {Count 2} {Type C } 
[3948] 2015/02/25 14:52:59.085 收到 Head 資訊 {Count 2} {Type C } 
[3948] 2015/02/25 14:53:09.104 收到 Head 資訊 {Count 2} {Type C } 
[3948] 2015/02/25 14:53:19.150 連線確認 E122828927 (21,21)
[3948] 2015/02/25 14:54:19.168 連線確認 E122828927 (21,21)
[3948] 2015/02/25 14:54:39.795 收到 Head 資訊 {Count 2} {Type C } 
[3948] 2015/02/25 14:54:49.788 收到 Head 資訊 {Count 2} {Type C } 
[3948] 2015/02/25 14:54:59.835 收到 Head 資訊 {Count 2} {Type C } 
[3948] 2015/02/25 14:55:19.176 連線確認 E122828927 (21,21)
[3948] 2015/02/25 14:56:19.190 連線確認 E122828927 (21,21)
[3948] 2015/02/25 14:56:37.467 收到 Head 資訊 {Count 2} {Type B } 
[3948] 2015/02/25 14:57:19.204 連線確認 E122828927 (21,21)
[3948] 2015/02/25 14:58:19.218 連線確認 E122828927 (21,21)
[3948] 2015/02/25 14:59:19.231 連線確認 E122828927 (21,21)
[3948] 2015/02/25 15:00:19.245 連線確認 E122828927 (21,21)
[3948] 2015/02/25 15:01:19.259 連線確認 E122828927 (21,21)
[3948] 2015/02/25 15:01:38.497 收到 Head 資訊 {Count 2} {Type B } 
[3948] 2015/02/25 15:02:19.272 連線確認 E122828927 (21,21)
[3948] 2015/02/25 15:03:19.286 連線確認 E122828927 (21,21)
[3948] 2015/02/25 15:04:19.298 連線確認 E122828927 (21,21)
[3948] 2015/02/25 15:05:19.312 連線確認 E122828927 (21,21)
[3948] 2015/02/25 15:06:19.327 連線確認 E122828927 (21,21)
[3948] 2015/02/25 15:06:39.473 收到 Head 資訊 {Count 2} {Type B } 
[3948] 2015/02/25 15:07:19.340 連線確認 E122828927 (21,21)
[3948] 2015/02/25 15:08:19.353 連線確認 E122828927 (21,21)
[3948] 2015/02/25 15:09:19.366 連線確認 E122828927 (21,21)
[3948] 2015/02/25 15:10:19.381 連線確認 E122828927 (21,21)
[3948] 2015/02/25 15:11:19.394 連線確認 E122828927 (21,21)
[3948] 2015/02/25 15:11:40.451 收到 Head 資訊 {Count 2} {Type B } 
[3948] 2015/02/25 15:11:50.058 收到 Head 資訊 {Count 2} {Type C } 
[3948] 2015/02/25 15:12:00.074 收到 Head 資訊 {Count 2} {Type C } 
[3948] 2015/02/25 15:12:10.076 收到 Head 資訊 {Count 2} {Type C } 
[3948] 2015/02/25 15:12:19.408 連線確認 E122828927 (21,21)
[3948] 2015/02/25 15:12:20.091 收到 Head 資訊 {Count 2} {Type C } 
[3948] 2015/02/25 15:13:19.422 連線確認 E122828927 (21,21)
[3948] 2015/02/25 15:14:19.435 連線確認 E122828927 (21,21)
[3948] 2015/02/25 15:14:39.082 收到 Head 資訊 {Count 2} {Type C } 
[3948] 2015/02/25 15:15:19.449 連線確認 E122828927 (21,21)
[3948] 2015/02/25 15:16:19.461 連線確認 E122828927 (21,21)
[3948] 2015/02/25 15:16:41.465 收到 Head 資訊 {Count 2} {Type B } 
[3948] 2015/02/25 15:17:19.475 連線確認 E122828927 (21,21)
[3948] 2015/02/25 15:18:19.489 連線確認 E122828927 (21,21)
[3948] 2015/02/25 15:19:19.503 連線確認 E122828927 (21,21)
[3948] 2015/02/25 15:20:19.516 連線確認 E122828927 (21,21)
[3948] 2015/02/25 15:21:19.530 連線確認 E122828927 (21,21)
[3948] 2015/02/25 15:21:42.426 收到 Head 資訊 {Count 2} {Type B } 
[3948] 2015/02/25 15:22:19.543 連線確認 E122828927 (21,21)
[3948] 2015/02/25 15:23:19.556 連線確認 E122828927 (21,21)
[3948] 2015/02/25 15:24:19.571 連線確認 E122828927 (21,21)
[3948] 2015/02/25 15:25:19.583 連線確認 E122828927 (21,21)
[3948] 2015/02/25 15:26:19.598 連線確認 E122828927 (21,21)
[3948] 2015/02/25 15:26:43.435 收到 Head 資訊 {Count 2} {Type B } 
[3948] 2015/02/25 15:27:19.611 連線確認 E122828927 (21,21)
[3948] 2015/02/25 15:28:19.625 連線確認 E122828927 (21,21)
[3948] 2015/02/25 15:29:19.638 連線確認 E122828927 (21,21)
[3948] 2015/02/25 15:30:19.652 連線確認 E122828927 (21,21)
[3948] 2015/02/25 15:31:19.666 連線確認 E122828927 (21,21)
[3948] 2015/02/25 15:31:44.468 收到 Head 資訊 {Count 2} {Type B } 
[3948] 2015/02/25 15:32:19.679 連線確認 E122828927 (21,21)
[3948] 2015/02/25 15:33:19.694 連線確認 E122828927 (21,21)
[3948] 2015/02/25 15:34:19.706 連線確認 E122828927 (21,21)
[3948] 2015/02/25 15:35:19.720 連線確認 E122828927 (21,21)
[3948] 2015/02/25 15:36:19.733 連線確認 E122828927 (21,21)
[3948] 2015/02/25 15:36:45.467 收到 Head 資訊 {Count 2} {Type B } 
[3948] 2015/02/25 15:37:19.748 連線確認 E122828927 (21,21)
[3948] 2015/02/25 15:38:19.761 連線確認 E122828927 (21,21)
[3948] 2015/02/25 15:39:19.774 連線確認 E122828927 (21,21)
[3948] 2015/02/25 15:40:19.788 連線確認 E122828927 (21,21)
[3948] 2015/02/25 15:41:19.802 連線確認 E122828927 (21,21)
[3948] 2015/02/25 15:41:46.445 收到 Head 資訊 {Count 2} {Type B } 
[3948] 2015/02/25 15:42:19.815 連線確認 E122828927 (21,21)
[3948] 2015/02/25 15:43:19.829 連線確認 E122828927 (21,21)
[3948] 2015/02/25 15:44:19.842 連線確認 E122828927 (21,21)
[3948] 2015/02/25 15:45:19.855 連線確認 E122828927 (21,21)
[3948] 2015/02/25 15:46:19.869 連線確認 E122828927 (21,21)
[3948] 2015/02/25 15:46:47.459 收到 Head 資訊 {Count 2} {Type B } 
[3948] 2015/02/25 15:47:19.883 連線確認 E122828927 (21,21)
[3948] 2015/02/25 15:48:19.897 連線確認 E122828927 (21,21)
[3948] 2015/02/25 15:49:19.910 連線確認 E122828927 (21,21)
[3948] 2015/02/25 15:50:19.923 連線確認 E122828927 (21,21)
[3948] 2015/02/25 15:51:19.938 連線確認 E122828927 (21,21)
[3948] 2015/02/25 15:51:48.466 收到 Head 資訊 {Count 2} {Type B } 
[3948] 2015/02/25 15:51:48.674 收到 Head 資訊 {Count 2} {Type C } 
[3948] 2015/02/25 15:51:58.597 收到 Head 資訊 {Count 2} {Type C } 
[3948] 2015/02/25 15:52:08.612 收到 Head 資訊 {Count 2} {Type C } 
[3948] 2015/02/25 15:52:18.614 收到 Head 資訊 {Count 2} {Type C } 
[3948] 2015/02/25 15:52:19.952 連線確認 E122828927 (21,21)
[3948] 2015/02/25 15:52:28.579 收到 Head 資訊 {Count 2} {Type C } 
[3948] 2015/02/25 15:52:38.594 收到 Head 資訊 {Count 2} {Type C } 
[3948] 2015/02/25 15:52:48.619 收到 Head 資訊 {Count 2} {Type C } 
[3948] 2015/02/25 15:53:19.964 連線確認 E122828927 (21,21)
[3948] 2015/02/25 15:54:19.979 連線確認 E122828927 (21,21)
[3948] 2015/02/25 15:54:38.543 收到 Head 資訊 {Count 2} {Type C } 
[3948] 2015/02/25 15:54:48.483 收到 Head 資訊 {Count 2} {Type C } 
[3948] 2015/02/25 15:54:58.503 收到 Head 資訊 {Count 2} {Type C } 
[3948] 2015/02/25 15:55:08.521 收到 Head 資訊 {Count 2} {Type C } 
[3948] 2015/02/25 15:55:18.538 收到 Head 資訊 {Count 2} {Type C } 
[3948] 2015/02/25 15:55:19.991 連線確認 E122828927 (21,21)
[3948] 2015/02/25 15:55:28.470 收到 Head 資訊 {Count 2} {Type C } 
[3948] 2015/02/25 15:56:20.005 連線確認 E122828927 (21,21)
[3948] 2015/02/25 15:56:49.430 收到 Head 資訊 {Count 2} {Type B } 
[3948] 2015/02/25 15:57:20.018 連線確認 E122828927 (21,21)
[3948] 2015/02/25 15:58:20.033 連線確認 E122828927 (21,21)
[3948] 2015/02/25 15:59:20.046 連線確認 E122828927 (21,21)
[3948] 2015/02/25 16:00:20.060 連線確認 E122828927 (21,21)
[3948] 2015/02/25 16:01:20.073 連線確認 E122828927 (21,21)
[3948] 2015/02/25 16:01:50.467 收到 Head 資訊 {Count 2} {Type B } 
[3948] 2015/02/25 16:02:20.086 連線確認 E122828927 (21,21)
[3948] 2015/02/25 16:03:20.100 連線確認 E122828927 (21,21)
[3948] 2015/02/25 16:04:20.114 連線確認 E122828927 (21,21)
[3948] 2015/02/25 16:05:20.128 連線確認 E122828927 (21,21)
[3948] 2015/02/25 16:06:20.141 連線確認 E122828927 (21,21)
[3948] 2015/02/25 16:06:51.446 收到 Head 資訊 {Count 2} {Type B } 
[3948] 2015/02/25 16:07:20.154 連線確認 E122828927 (21,21)
[3948] 2015/02/25 16:08:20.169 連線確認 E122828927 (21,21)
[3948] 2015/02/25 16:09:20.181 連線確認 E122828927 (21,21)
[3948] 2015/02/25 16:10:20.196 連線確認 E122828927 (21,21)
[3948] 2015/02/25 16:11:20.210 連線確認 E122828927 (21,21)
[3948] 2015/02/25 16:11:40.538 收到 Head 資訊 {Count 2} {Type C } 
[3948] 2015/02/25 16:11:50.570 收到 Head 資訊 {Count 2} {Type C } 
[3948] 2015/02/25 16:11:52.387 收到 Head 資訊 {Count 2} {Type B } 
[3948] 2015/02/25 16:12:00.621 收到 Head 資訊 {Count 2} {Type C } 
[3948] 2015/02/25 16:12:10.586 收到 Head 資訊 {Count 2} {Type C } 
[3948] 2015/02/25 16:12:20.224 連線確認 E122828927 (21,21)
[3948] 2015/02/25 16:12:20.547 收到 Head 資訊 {Count 2} {Type C } 
[3948] 2015/02/25 16:12:30.580 收到 Head 資訊 {Count 2} {Type C } 
[3948] 2015/02/25 16:12:40.608 收到 Head 資訊 {Count 2} {Type C } 
[3948] 2015/02/25 16:12:50.542 收到 Head 資訊 {Count 2} {Type C } 
[3948] 2015/02/25 16:13:20.236 連線確認 E122828927 (21,21)
[3948] 2015/02/25 16:14:20.252 連線確認 E122828927 (21,21)
[3948] 2015/02/25 16:14:38.664 收到 Head 資訊 {Count 2} {Type C } 
[3948] 2015/02/25 16:14:48.662 收到 Head 資訊 {Count 2} {Type C } 
[3948] 2015/02/25 16:14:58.639 收到 Head 資訊 {Count 2} {Type C } 
[3948] 2015/02/25 16:15:08.634 收到 Head 資訊 {Count 2} {Type C } 
[3948] 2015/02/25 16:15:20.264 連線確認 E122828927 (21,21)
[3948] 2015/02/25 16:16:20.276 連線確認 E122828927 (21,21)
[3948] 2015/02/25 16:16:53.424 收到 Head 資訊 {Count 2} {Type B } 
[3948] 2015/02/25 16:17:20.291 連線確認 E122828927 (21,21)
[3948] 2015/02/25 16:18:20.303 連線確認 E122828927 (21,21)
[3948] 2015/02/25 16:19:20.318 連線確認 E122828927 (21,21)
[3948] 2015/02/25 16:20:20.331 連線確認 E122828927 (21,21)
[3948] 2015/02/25 16:21:20.360 連線確認 E122828927 (21,21)
[3948] 2015/02/25 16:21:54.374 收到 Head 資訊 {Count 2} {Type B } 
[3948] 2015/02/25 16:22:20.359 連線確認 E122828927 (21,21)
[3948] 2015/02/25 16:23:20.372 連線確認 E122828927 (21,21)
[3948] 2015/02/25 16:24:20.386 連線確認 E122828927 (21,21)
[3948] 2015/02/25 16:25:20.399 連線確認 E122828927 (21,21)
[3948] 2015/02/25 16:26:20.414 連線確認 E122828927 (21,21)
[3948] 2015/02/25 16:26:55.403 收到 Head 資訊 {Count 2} {Type B } 
[3948] 2015/02/25 16:27:20.426 連線確認 E122828927 (21,21)
[3948] 2015/02/25 16:28:20.441 連線確認 E122828927 (21,21)
[3948] 2015/02/25 16:29:20.453 連線確認 E122828927 (21,21)
[3948] 2015/02/25 16:30:20.466 連線確認 E122828927 (21,21)
[3948] 2015/02/25 16:31:20.480 連線確認 E122828927 (21,21)
[3948] 2015/02/25 16:31:38.941 收到 Head 資訊 {Count 2} {Type C } 
[3948] 2015/02/25 16:31:48.910 收到 Head 資訊 {Count 2} {Type C } 
[3948] 2015/02/25 16:31:56.441 收到 Head 資訊 {Count 2} {Type B } 
[3948] 2015/02/25 16:31:58.959 收到 Head 資訊 {Count 2} {Type C } 
[3948] 2015/02/25 16:32:08.940 收到 Head 資訊 {Count 2} {Type C } 
[3948] 2015/02/25 16:32:18.937 收到 Head 資訊 {Count 2} {Type C } 
[3948] 2015/02/25 16:32:20.494 連線確認 E122828927 (21,21)
[3948] 2015/02/25 16:32:28.901 收到 Head 資訊 {Count 2} {Type C } 
[3948] 2015/02/25 16:32:38.961 收到 Head 資訊 {Count 2} {Type C } 
[3948] 2015/02/25 16:32:48.936 收到 Head 資訊 {Count 2} {Type C } 
[3948] 2015/02/25 16:33:20.508 連線確認 E122828927 (21,21)
[3948] 2015/02/25 16:34:20.521 連線確認 E122828927 (21,21)
[3948] 2015/02/25 16:34:40.382 收到 Head 資訊 {Count 2} {Type C } 
[3948] 2015/02/25 16:34:50.393 收到 Head 資訊 {Count 2} {Type C } 
[3948] 2015/02/25 16:35:00.395 收到 Head 資訊 {Count 2} {Type C } 
[3948] 2015/02/25 16:35:10.374 收到 Head 資訊 {Count 2} {Type C } 
[3948] 2015/02/25 16:35:20.358 收到 Head 資訊 {Count 2} {Type C } 
[3948] 2015/02/25 16:35:20.535 連線確認 E122828927 (21,21)
[3948] 2015/02/25 16:35:30.342 收到 Head 資訊 {Count 2} {Type C } 
[3948] 2015/02/25 16:36:20.549 連線確認 E122828927 (21,21)
[3948] 2015/02/25 16:36:57.407 收到 Head 資訊 {Count 2} {Type B } 
[3948] 2015/02/25 16:37:20.562 連線確認 E122828927 (21,21)
[3948] 2015/02/25 16:38:20.577 連線確認 E122828927 (21,21)
[3948] 2015/02/25 16:39:20.589 連線確認 E122828927 (21,21)
[3948] 2015/02/25 16:40:20.603 連線確認 E122828927 (21,21)
[3948] 2015/02/25 16:41:20.616 連線確認 E122828927 (21,21)
[3948] 2015/02/25 16:41:58.386 收到 Head 資訊 {Count 2} {Type B } 
[3948] 2015/02/25 16:42:20.631 連線確認 E122828927 (21,21)
[3948] 2015/02/25 16:43:20.644 連線確認 E122828927 (21,21)
[3948] 2015/02/25 16:44:20.663 連線確認 E122828927 (21,21)
[3948] 2015/02/25 16:45:20.672 連線確認 E122828927 (21,21)
[3948] 2015/02/25 16:46:20.685 連線確認 E122828927 (21,21)
[3948] 2015/02/25 16:46:59.387 收到 Head 資訊 {Count 2} {Type B } 
[3948] 2015/02/25 16:47:20.698 連線確認 E122828927 (21,21)
[3948] 2015/02/25 16:48:20.711 連線確認 E122828927 (21,21)
[3948] 2015/02/25 16:49:20.726 連線確認 E122828927 (21,21)
[3948] 2015/02/25 16:50:20.739 連線確認 E122828927 (21,21)
[3948] 2015/02/25 16:51:10.676 收到 Head 資訊 {Count 2} {Type C } 
[3948] 2015/02/25 16:51:20.617 收到 Head 資訊 {Count 2} {Type C } 
[3948] 2015/02/25 16:51:20.753 連線確認 E122828927 (21,21)
[3948] 2015/02/25 16:51:30.625 收到 Head 資訊 {Count 2} {Type C } 
[3948] 2015/02/25 16:52:00.398 收到 Head 資訊 {Count 2} {Type B } 
[3948] 2015/02/25 16:52:20.766 連線確認 E122828927 (21,21)
[3948] 2015/02/25 16:53:20.780 連線確認 E122828927 (21,21)
[3948] 2015/02/25 16:54:20.793 連線確認 E122828927 (21,21)
[3948] 2015/02/25 16:55:20.806 連線確認 E122828927 (21,21)
[3948] 2015/02/25 16:56:20.820 連線確認 E122828927 (21,21)
[3948] 2015/02/25 16:57:01.398 收到 Head 資訊 {Count 2} {Type B } 
[3948] 2015/02/25 16:57:20.834 連線確認 E122828927 (21,21)
[3948] 2015/02/25 16:58:20.849 連線確認 E122828927 (21,21)
[3948] 2015/02/25 16:59:20.861 連線確認 E122828927 (21,21)
[3948] 2015/02/25 17:00:20.874 連線確認 E122828927 (21,21)
[3948] 2015/02/25 17:01:20.888 連線確認 E122828927 (21,21)
[3948] 2015/02/25 17:02:02.359 收到 Head 資訊 {Count 2} {Type B } 
[3948] 2015/02/25 17:02:20.902 連線確認 E122828927 (21,21)
[3948] 2015/02/25 17:03:20.916 連線確認 E122828927 (21,21)
[3948] 2015/02/25 17:04:20.929 連線確認 E122828927 (21,21)
[3948] 2015/02/25 17:05:20.943 連線確認 E122828927 (21,21)
[3948] 2015/02/25 17:06:20.958 連線確認 E122828927 (21,21)
[3948] 2015/02/25 17:07:03.350 收到 Head 資訊 {Count 2} {Type B } 
[3948] 2015/02/25 17:07:20.969 連線確認 E122828927 (21,21)
[3948] 2015/02/25 17:07:40.907 收到 Head 資訊 {Count 2} {Type C } 
[3948] 2015/02/25 17:07:50.918 收到 Head 資訊 {Count 2} {Type C } 
[3948] 2015/02/25 17:08:00.881 收到 Head 資訊 {Count 2} {Type C } 
[3948] 2015/02/25 17:08:10.873 收到 Head 資訊 {Count 2} {Type C } 
[3948] 2015/02/25 17:08:20.889 收到 Head 資訊 {Count 2} {Type C } 
[3948] 2015/02/25 17:08:20.983 連線確認 E122828927 (21,21)
[3948] 2015/02/25 17:08:30.899 收到 Head 資訊 {Count 2} {Type C } 
[3948] 2015/02/25 17:08:40.906 收到 Head 資訊 {Count 2} {Type C } 
[3948] 2015/02/25 17:08:50.895 收到 Head 資訊 {Count 2} {Type C } 
[3948] 2015/02/25 17:09:00.876 收到 Head 資訊 {Count 2} {Type C } 
[3948] 2015/02/25 17:09:10.899 收到 Head 資訊 {Count 2} {Type C } 
[3948] 2015/02/25 17:09:20.997 連線確認 E122828927 (21,21)
[3948] 2015/02/25 17:10:21.011 連線確認 E122828927 (21,21)
[3948] 2015/02/25 17:11:21.025 連線確認 E122828927 (21,21)
[3948] 2015/02/25 17:12:13.033 收到 Head 資訊 {Count 2} {Type B } 
[3948] 2015/02/25 17:12:19.586 連線確認 E122828927 (21,21)
[3948] 2015/02/25 17:13:19.600 連線確認 E122828927 (21,21)
[3948] 2015/02/25 17:14:19.614 連線確認 E122828927 (21,21)
[3948] 2015/02/25 17:15:19.627 連線確認 E122828927 (21,21)
[3948] 2015/02/25 17:16:19.641 連線確認 E122828927 (21,21)
[3948] 2015/02/25 17:17:04.218 收到 Head 資訊 {Count 2} {Type B } 
[3948] 2015/02/25 17:17:19.654 連線確認 E122828927 (21,21)
[3948] 2015/02/25 17:18:19.668 連線確認 E122828927 (21,21)
[3948] 2015/02/25 17:19:19.681 連線確認 E122828927 (21,21)
[3948] 2015/02/25 17:20:19.695 連線確認 E122828927 (21,21)
[3948] 2015/02/25 17:21:19.708 連線確認 E122828927 (21,21)
[3948] 2015/02/25 17:22:05.235 收到 Head 資訊 {Count 2} {Type B } 
[3948] 2015/02/25 17:22:19.722 連線確認 E122828927 (21,21)
[3948] 2015/02/25 17:23:19.736 連線確認 E122828927 (21,21)
[3948] 2015/02/25 17:24:10.019 收到 Head 資訊 {Count 2} {Type C } 
[3948] 2015/02/25 17:24:19.748 連線確認 E122828927 (21,21)
[3948] 2015/02/25 17:24:19.992 收到 Head 資訊 {Count 2} {Type C } 
[3948] 2015/02/25 17:24:30.047 收到 Head 資訊 {Count 2} {Type C } 
[3948] 2015/02/25 17:24:40.012 收到 Head 資訊 {Count 2} {Type C } 
[3948] 2015/02/25 17:24:50.029 收到 Head 資訊 {Count 2} {Type C } 
[3948] 2015/02/25 17:25:19.762 連線確認 E122828927 (21,21)
[3948] 2015/02/25 17:26:19.776 連線確認 E122828927 (21,21)
[3948] 2015/02/25 17:27:06.215 收到 Head 資訊 {Count 2} {Type B } 
[3948] 2015/02/25 17:27:19.795 連線確認 E122828927 (21,21)
[3948] 2015/02/25 17:28:19.803 連線確認 E122828927 (21,21)
[3948] 2015/02/25 17:29:19.817 連線確認 E122828927 (21,21)
[3948] 2015/02/25 17:30:19.830 連線確認 E122828927 (21,21)
[3948] 2015/02/25 17:31:19.843 連線確認 E122828927 (21,21)
[3948] 2015/02/25 17:32:06.362 收到 Head 資訊 {Count 2} {Type B } 
[3948] 2015/02/25 17:32:19.858 連線確認 E122828927 (21,21)
[3948] 2015/02/25 17:33:19.872 連線確認 E122828927 (21,21)
[3948] 2015/02/25 17:34:19.885 連線確認 E122828927 (21,21)
[3948] 2015/02/25 17:35:19.898 連線確認 E122828927 (21,21)
[3948] 2015/02/25 17:36:19.911 連線確認 E122828927 (21,21)
[3948] 2015/02/25 17:37:07.323 收到 Head 資訊 {Count 2} {Type B } 
[3948] 2015/02/25 17:37:19.927 連線確認 E122828927 (21,21)
[3948] 2015/02/25 17:38:19.939 連線確認 E122828927 (21,21)
[3948] 2015/02/25 17:39:19.953 連線確認 E122828927 (21,21)
[3948] 2015/02/25 17:40:19.966 連線確認 E122828927 (21,21)
[3948] 2015/02/25 17:40:39.408 收到 Head 資訊 {Count 2} {Type C } 
[3948] 2015/02/25 17:40:49.413 收到 Head 資訊 {Count 2} {Type C } 
[3948] 2015/02/25 17:40:59.422 收到 Head 資訊 {Count 2} {Type C } 
[3948] 2015/02/25 17:41:09.460 收到 Head 資訊 {Count 2} {Type C } 
[3948] 2015/02/25 17:41:19.439 收到 Head 資訊 {Count 2} {Type C } 
[3948] 2015/02/25 17:41:19.980 連線確認 E122828927 (21,21)
[3948] 2015/02/25 17:41:29.433 收到 Head 資訊 {Count 2} {Type C } 
[3948] 2015/02/25 17:41:39.443 收到 Head 資訊 {Count 2} {Type C } 
[3948] 2015/02/25 17:41:49.441 收到 Head 資訊 {Count 2} {Type C } 
[3948] 2015/02/25 17:41:59.446 收到 Head 資訊 {Count 2} {Type C } 
[3948] 2015/02/25 17:42:08.350 收到 Head 資訊 {Count 2} {Type B } 
[3948] 2015/02/25 17:42:09.465 收到 Head 資訊 {Count 2} {Type C } 
[3948] 2015/02/25 17:42:19.419 收到 Head 資訊 {Count 2} {Type C } 
[3948] 2015/02/25 17:42:19.993 連線確認 E122828927 (21,21)
[3948] 2015/02/25 17:42:34.968 收到 Head 資訊 {Count 2} {Type C } 
[3948] 2015/02/25 17:42:40.326 收到 Head 資訊 {Count 2} {Type C } 
[3948] 2015/02/25 17:42:50.326 收到 Head 資訊 {Count 2} {Type C } 
[3948] 2015/02/25 17:43:00.303 收到 Head 資訊 {Count 2} {Type C } 
[3948] 2015/02/25 17:43:10.309 收到 Head 資訊 {Count 2} {Type C } 
[3948] 2015/02/25 17:43:20.006 連線確認 E122828927 (21,21)
[3948] 2015/02/25 17:43:20.353 收到 Head 資訊 {Count 2} {Type C } 
[3948] 2015/02/25 17:43:30.306 收到 Head 資訊 {Count 2} {Type C } 
[3948] 2015/02/25 17:43:40.295 收到 Head 資訊 {Count 2} {Type C } 
[3948] 2015/02/25 17:44:20.021 連線確認 E122828927 (21,21)
[3948] 2015/02/25 17:45:20.034 連線確認 E122828927 (21,21)
[3948] 2015/02/25 17:46:20.048 連線確認 E122828927 (21,21)
[3948] 2015/02/25 17:47:10.220 收到 Head 資訊 {Count 2} {Type B } 
[3948] 2015/02/25 17:47:20.062 連線確認 E122828927 (21,21)
[3948] 2015/02/25 17:48:20.074 連線確認 E122828927 (21,21)
[3948] 2015/02/25 17:49:20.088 連線確認 E122828927 (21,21)
[3948] 2015/02/25 17:50:20.101 連線確認 E122828927 (21,21)
[3948] 2015/02/25 17:51:20.116 連線確認 E122828927 (21,21)
[3948] 2015/02/25 17:52:11.240 收到 Head 資訊 {Count 2} {Type B } 
[3948] 2015/02/25 17:52:20.130 連線確認 E122828927 (21,21)
[3948] 2015/02/25 17:53:20.143 連線確認 E122828927 (21,21)
[3948] 2015/02/25 17:54:20.156 連線確認 E122828927 (21,21)
[3948] 2015/02/25 17:55:20.170 連線確認 E122828927 (21,21)
[3948] 2015/02/25 17:56:20.184 連線確認 E122828927 (21,21)
[3948] 2015/02/25 17:57:10.581 收到 Head 資訊 {Count 2} {Type C } 
[3948] 2015/02/25 17:57:12.214 收到 Head 資訊 {Count 2} {Type B } 
[3948] 2015/02/25 17:57:20.196 連線確認 E122828927 (21,21)
[3948] 2015/02/25 17:57:20.600 收到 Head 資訊 {Count 2} {Type C } 
[3948] 2015/02/25 17:57:30.575 收到 Head 資訊 {Count 2} {Type C } 
[3948] 2015/02/25 17:57:50.173 收到 Head 資訊 {Count 2} {Type C } 
[3948] 2015/02/25 17:57:50.381 收到 Head 資訊 {Count 2} {Type C } 
[3948] 2015/02/25 17:58:00.160 收到 Head 資訊 {Count 2} {Type C } 
[3948] 2015/02/25 17:58:10.177 收到 Head 資訊 {Count 2} {Type C } 
[3948] 2015/02/25 17:58:20.184 收到 Head 資訊 {Count 2} {Type C } 
[3948] 2015/02/25 17:58:20.211 連線確認 E122828927 (21,21)
[3948] 2015/02/25 17:58:30.179 收到 Head 資訊 {Count 2} {Type C } 
[3948] 2015/02/25 17:58:40.167 收到 Head 資訊 {Count 2} {Type C } 
[3948] 2015/02/25 17:58:50.159 收到 Head 資訊 {Count 2} {Type C } 
[3948] 2015/02/25 17:59:00.136 收到 Head 資訊 {Count 2} {Type C } 
[3948] 2015/02/25 17:59:10.131 收到 Head 資訊 {Count 2} {Type C } 
[3948] 2015/02/25 17:59:20.195 收到 Head 資訊 {Count 2} {Type C } 
[3948] 2015/02/25 17:59:20.225 連線確認 E122828927 (21,21)
[3948] 2015/02/25 17:59:30.160 收到 Head 資訊 {Count 2} {Type C } 
[3948] 2015/02/25 17:59:40.136 收到 Head 資訊 {Count 2} {Type C } 
[3948] 2015/02/25 17:59:50.186 收到 Head 資訊 {Count 2} {Type C } 
[3948] 2015/02/25 18:00:00.170 收到 Head 資訊 {Count 2} {Type C } 
[3948] 2015/02/25 18:00:10.151 收到 Head 資訊 {Count 2} {Type C } 
[3948] 2015/02/25 18:00:20.237 連線確認 E122828927 (21,21)
[3948] 2015/02/25 18:01:20.252 連線確認 E122828927 (21,21)
[3948] 2015/02/25 18:02:12.803 收到 Head 資訊 {Count 2} {Type B } 
[3948] 2015/02/25 18:02:20.264 連線確認 E122828927 (21,21)
[3948] 2015/02/25 18:03:20.279 連線確認 E122828927 (21,21)
[3948] 2015/02/25 18:04:20.292 連線確認 E122828927 (21,21)
[3948] 2015/02/25 18:05:20.306 連線確認 E122828927 (21,21)
[3948] 2015/02/25 18:06:20.319 連線確認 E122828927 (21,21)
[3948] 2015/02/25 18:07:13.799 收到 Head 資訊 {Count 2} {Type B } 
[3948] 2015/02/25 18:07:20.332 連線確認 E122828927 (21,21)
[3948] 2015/02/25 18:08:20.347 連線確認 E122828927 (21,21)
[3948] 2015/02/25 18:09:20.360 連線確認 E122828927 (21,21)
[3948] 2015/02/25 18:10:20.375 連線確認 E122828927 (21,21)
[3948] 2015/02/25 18:11:20.388 連線確認 E122828927 (21,21)
[3948] 2015/02/25 18:12:14.783 收到 Head 資訊 {Count 2} {Type B } 
[3948] 2015/02/25 18:12:20.402 連線確認 E122828927 (21,21)
[3948] 2015/02/25 18:13:20.415 連線確認 E122828927 (21,21)
[3948] 2015/02/25 18:13:40.718 收到 Head 資訊 {Count 2} {Type C } 
[3948] 2015/02/25 18:13:50.704 收到 Head 資訊 {Count 2} {Type C } 
[3948] 2015/02/25 18:14:00.717 收到 Head 資訊 {Count 2} {Type C } 
[3948] 2015/02/25 18:14:10.696 收到 Head 資訊 {Count 2} {Type C } 
[3948] 2015/02/25 18:14:20.429 連線確認 E122828927 (21,21)
[3948] 2015/02/25 18:14:20.679 收到 Head 資訊 {Count 2} {Type C } 
[3948] 2015/02/25 18:14:30.711 收到 Head 資訊 {Count 2} {Type C } 
[3948] 2015/02/25 18:14:40.692 收到 Head 資訊 {Count 2} {Type C } 
[3948] 2015/02/25 18:14:50.679 收到 Head 資訊 {Count 2} {Type C } 
[3948] 2015/02/25 18:15:20.442 連線確認 E122828927 (21,21)
[3948] 2015/02/25 18:16:20.456 連線確認 E122828927 (21,21)
[3948] 2015/02/25 18:17:16.058 收到 Head 資訊 {Count 2} {Type B } 
[3948] 2015/02/25 18:17:20.468 連線確認 E122828927 (21,21)
[3948] 2015/02/25 18:18:20.483 連線確認 E122828927 (21,21)
[3948] 2015/02/25 18:19:20.495 連線確認 E122828927 (21,21)
[3948] 2015/02/25 18:20:20.510 連線確認 E122828927 (21,21)
[3948] 2015/02/25 18:21:20.525 連線確認 E122828927 (21,21)
[3948] 2015/02/25 18:22:17.038 收到 Head 資訊 {Count 2} {Type B } 
[3948] 2015/02/25 18:22:20.538 連線確認 E122828927 (21,21)
[3948] 2015/02/25 18:23:20.551 連線確認 E122828927 (21,21)
[3948] 2015/02/25 18:24:20.564 連線確認 E122828927 (21,21)
[3948] 2015/02/25 18:25:20.578 連線確認 E122828927 (21,21)
[3948] 2015/02/25 18:26:20.591 連線確認 E122828927 (21,21)
[3948] 2015/02/25 18:27:18.008 收到 Head 資訊 {Count 2} {Type B } 
[3948] 2015/02/25 18:27:20.605 連線確認 E122828927 (21,21)
[3948] 2015/02/25 18:28:20.619 連線確認 E122828927 (21,21)
[3948] 2015/02/25 18:29:20.631 連線確認 E122828927 (21,21)
[3948] 2015/02/25 18:30:10.831 收到 Head 資訊 {Count 2} {Type C } 
[3948] 2015/02/25 18:30:20.646 連線確認 E122828927 (21,21)
[3948] 2015/02/25 18:30:20.798 收到 Head 資訊 {Count 2} {Type C } 
[3948] 2015/02/25 18:30:30.813 收到 Head 資訊 {Count 2} {Type C } 
[3948] 2015/02/25 18:30:40.825 收到 Head 資訊 {Count 2} {Type C } 
[3948] 2015/02/25 18:30:50.830 收到 Head 資訊 {Count 2} {Type C } 
[3948] 2015/02/25 18:31:00.855 收到 Head 資訊 {Count 2} {Type C } 
[3948] 2015/02/25 18:31:10.814 收到 Head 資訊 {Count 2} {Type C } 
[3948] 2015/02/25 18:31:20.659 連線確認 E122828927 (21,21)
[3948] 2015/02/25 18:31:20.835 收到 Head 資訊 {Count 2} {Type C } 
[3948] 2015/02/25 18:32:18.831 收到 Head 資訊 {Count 2} {Type B } 
[3948] 2015/02/25 18:32:20.673 連線確認 E122828927 (21,21)
[3948] 2015/02/25 18:33:20.687 連線確認 E122828927 (21,21)
[3948] 2015/02/25 18:34:20.699 連線確認 E122828927 (21,21)
[3948] 2015/02/25 18:35:20.714 連線確認 E122828927 (21,21)
[3948] 2015/02/25 18:36:20.726 連線確認 E122828927 (21,21)
[3948] 2015/02/25 18:37:19.817 收到 Head 資訊 {Count 2} {Type B } 
[3948] 2015/02/25 18:37:20.740 連線確認 E122828927 (21,21)
[3948] 2015/02/25 18:38:20.755 連線確認 E122828927 (21,21)
[3948] 2015/02/25 18:39:20.768 連線確認 E122828927 (21,21)
[3948] 2015/02/25 18:40:20.782 連線確認 E122828927 (21,21)
[3948] 2015/02/25 18:41:20.794 連線確認 E122828927 (21,21)
[3948] 2015/02/25 18:42:20.809 連線確認 E122828927 (21,21)
[3948] 2015/02/25 18:42:22.816 收到 Head 資訊 {Count 2} {Type B } 
[3948] 2015/02/25 18:43:20.821 連線確認 E122828927 (21,21)
[3948] 2015/02/25 18:44:20.835 連線確認 E122828927 (21,21)
[3948] 2015/02/25 18:45:20.850 連線確認 E122828927 (21,21)
[3948] 2015/02/25 18:46:20.863 連線確認 E122828927 (21,21)
[3948] 2015/02/25 18:46:50.791 收到 Head 資訊 {Count 2} {Type C } 
[3948] 2015/02/25 18:47:00.771 收到 Head 資訊 {Count 2} {Type C } 
[3948] 2015/02/25 18:47:10.758 收到 Head 資訊 {Count 2} {Type C } 
[3948] 2015/02/25 18:47:20.791 收到 Head 資訊 {Count 2} {Type C } 
[3948] 2015/02/25 18:47:20.876 連線確認 E122828927 (21,21)
[3948] 2015/02/25 18:47:23.510 收到 Head 資訊 {Count 2} {Type B } 
[3948] 2015/02/25 18:47:30.773 收到 Head 資訊 {Count 2} {Type C } 
[3948] 2015/02/25 18:47:40.768 收到 Head 資訊 {Count 2} {Type C } 
[3948] 2015/02/25 18:48:20.890 連線確認 E122828927 (21,21)
[3948] 2015/02/25 18:49:20.904 連線確認 E122828927 (21,21)
[3948] 2015/02/25 18:50:20.918 連線確認 E122828927 (21,21)
[3948] 2015/02/25 18:51:20.930 連線確認 E122828927 (21,21)
[3948] 2015/02/25 18:52:20.944 連線確認 E122828927 (21,21)
[3948] 2015/02/25 18:52:24.491 收到 Head 資訊 {Count 2} {Type B } 
[3948] 2015/02/25 18:53:20.957 連線確認 E122828927 (21,21)
[3948] 2015/02/25 18:54:20.972 連線確認 E122828927 (21,21)
[3948] 2015/02/25 18:55:20.985 連線確認 E122828927 (21,21)
[3948] 2015/02/25 18:56:20.999 連線確認 E122828927 (21,21)
[3948] 2015/02/25 18:57:21.013 連線確認 E122828927 (21,21)
[3948] 2015/02/25 18:57:25.475 收到 Head 資訊 {Count 2} {Type B } 
[3948] 2015/02/25 18:58:21.025 連線確認 E122828927 (21,21)
[3948] 2015/02/25 18:59:21.039 連線確認 E122828927 (21,21)
[3948] 2015/02/25 19:00:21.054 連線確認 E122828927 (21,21)
[3948] 2015/02/25 19:01:21.066 連線確認 E122828927 (21,21)
[3948] 2015/02/25 19:02:21.080 連線確認 E122828927 (21,21)
[3948] 2015/02/25 19:02:26.958 收到 Head 資訊 {Count 2} {Type B } 
[3948] 2015/02/25 19:03:21.094 連線確認 E122828927 (21,21)
[3948] 2015/02/25 19:04:21.107 連線確認 E122828927 (21,21)
[3948] 2015/02/25 19:05:21.121 連線確認 E122828927 (21,21)
[3948] 2015/02/25 19:06:21.135 連線確認 E122828927 (21,21)
[3948] 2015/02/25 19:07:21.148 連線確認 E122828927 (21,21)
[3948] 2015/02/25 19:07:27.953 收到 Head 資訊 {Count 2} {Type B } 
[3948] 2015/02/25 19:08:21.162 連線確認 E122828927 (21,21)
[3948] 2015/02/25 19:09:21.176 連線確認 E122828927 (21,21)
[3948] 2015/02/25 19:10:21.189 連線確認 E122828927 (21,21)
[3948] 2015/02/25 19:11:21.202 連線確認 E122828927 (21,21)
[3948] 2015/02/25 19:12:21.216 連線確認 E122828927 (21,21)
[3948] 2015/02/25 19:12:28.952 收到 Head 資訊 {Count 2} {Type B } 
[3948] 2015/02/25 19:13:21.229 連線確認 E122828927 (21,21)
[3948] 2015/02/25 19:14:21.243 連線確認 E122828927 (21,21)
[3948] 2015/02/25 19:15:21.256 連線確認 E122828927 (21,21)
[3948] 2015/02/25 19:16:21.270 連線確認 E122828927 (21,21)
[3948] 2015/02/25 19:17:21.284 連線確認 E122828927 (21,21)
[3948] 2015/02/25 19:17:30.053 收到 Head 資訊 {Count 2} {Type B } 
[3948] 2015/02/25 19:18:21.297 連線確認 E122828927 (21,21)
[3948] 2015/02/25 19:19:21.312 連線確認 E122828927 (21,21)
[3948] 2015/02/25 19:20:21.325 連線確認 E122828927 (21,21)
[3948] 2015/02/25 19:21:21.340 連線確認 E122828927 (21,21)
[3948] 2015/02/25 19:22:21.352 連線確認 E122828927 (21,21)
[3948] 2015/02/25 19:22:30.994 收到 Head 資訊 {Count 2} {Type B } 
[3948] 2015/02/25 19:23:21.365 連線確認 E122828927 (21,21)
[3948] 2015/02/25 19:24:21.379 連線確認 E122828927 (21,21)
[3948] 2015/02/25 19:25:21.392 連線確認 E122828927 (21,21)
[3948] 2015/02/25 19:26:21.408 連線確認 E122828927 (21,21)
[3948] 2015/02/25 19:27:21.419 連線確認 E122828927 (21,21)
[3948] 2015/02/25 19:27:32.003 收到 Head 資訊 {Count 2} {Type B } 
[3948] 2015/02/25 19:28:21.434 連線確認 E122828927 (21,21)
[3948] 2015/02/25 19:29:21.446 連線確認 E122828927 (21,21)
[3948] 2015/02/25 19:30:21.462 連線確認 E122828927 (21,21)
[3948] 2015/02/25 19:31:21.474 連線確認 E122828927 (21,21)
[3948] 2015/02/25 19:32:21.487 連線確認 E122828927 (21,21)
[3948] 2015/02/25 19:32:33.018 收到 Head 資訊 {Count 2} {Type B } 
[3948] 2015/02/25 19:33:21.500 連線確認 E122828927 (21,21)
[3948] 2015/02/25 19:34:21.515 連線確認 E122828927 (21,21)
[3948] 2015/02/25 19:35:21.529 連線確認 E122828927 (21,21)
[3948] 2015/02/25 19:36:21.542 連線確認 E122828927 (21,21)
[3948] 2015/02/25 19:37:21.555 連線確認 E122828927 (21,21)
[3948] 2015/02/25 19:37:33.411 收到 Head 資訊 {Count 2} {Type B } 
[3948] 2015/02/25 19:38:21.569 連線確認 E122828927 (21,21)
[3948] 2015/02/25 19:39:21.583 連線確認 E122828927 (21,21)
[3948] 2015/02/25 19:40:21.596 連線確認 E122828927 (21,21)
[3948] 2015/02/25 19:41:21.610 連線確認 E122828927 (21,21)
[3948] 2015/02/25 19:42:21.623 連線確認 E122828927 (21,21)
[3948] 2015/02/25 19:42:34.410 收到 Head 資訊 {Count 2} {Type B } 
[3948] 2015/02/25 19:43:21.637 連線確認 E122828927 (21,21)
[3948] 2015/02/25 19:44:21.650 連線確認 E122828927 (21,21)
[3948] 2015/02/25 19:45:21.665 連線確認 E122828927 (21,21)
[3948] 2015/02/25 19:46:21.678 連線確認 E122828927 (21,21)
[3948] 2015/02/25 19:47:21.693 連線確認 E122828927 (21,21)
[3948] 2015/02/25 19:47:35.438 收到 Head 資訊 {Count 2} {Type B } 
[3948] 2015/02/25 19:48:21.705 連線確認 E122828927 (21,21)
[3948] 2015/02/25 19:49:21.719 連線確認 E122828927 (21,21)
[3948] 2015/02/25 19:50:21.733 連線確認 E122828927 (21,21)
[3948] 2015/02/25 19:51:21.746 連線確認 E122828927 (21,21)
[3948] 2015/02/25 19:52:21.759 連線確認 E122828927 (21,21)
[3948] 2015/02/25 19:52:36.317 收到 Head 資訊 {Count 2} {Type B } 
[3948] 2015/02/25 19:53:21.773 連線確認 E122828927 (21,21)
[3948] 2015/02/25 19:54:21.787 連線確認 E122828927 (21,21)
[3948] 2015/02/25 19:55:21.800 連線確認 E122828927 (21,21)
[3948] 2015/02/25 19:56:21.814 連線確認 E122828927 (21,21)
[3948] 2015/02/25 19:57:21.827 連線確認 E122828927 (21,21)
[3948] 2015/02/25 19:57:37.307 收到 Head 資訊 {Count 2} {Type B } 
[3948] 2015/02/25 19:58:21.840 連線確認 E122828927 (21,21)
[3948] 2015/02/25 19:59:21.854 連線確認 E122828927 (21,21)
[3948] 2015/02/25 20:00:21.868 連線確認 E122828927 (21,21)
[3948] 2015/02/25 20:01:21.882 連線確認 E122828927 (21,21)
[3948] 2015/02/25 20:02:21.896 連線確認 E122828927 (21,21)
[3948] 2015/02/25 20:02:38.317 收到 Head 資訊 {Count 2} {Type B } 
[3948] 2015/02/25 20:03:21.908 連線確認 E122828927 (21,21)
[3948] 2015/02/25 20:04:21.922 連線確認 E122828927 (21,21)
[3948] 2015/02/25 20:05:21.937 連線確認 E122828927 (21,21)
[3948] 2015/02/25 20:06:21.949 連線確認 E122828927 (21,21)
[3948] 2015/02/25 20:07:21.963 連線確認 E122828927 (21,21)
[3948] 2015/02/25 20:07:39.296 收到 Head 資訊 {Count 2} {Type B } 
[3948] 2015/02/25 20:08:21.977 連線確認 E122828927 (21,21)
[3948] 2015/02/25 20:09:21.991 連線確認 E122828927 (21,21)
[3948] 2015/02/25 20:10:22.003 連線確認 E122828927 (21,21)
[3948] 2015/02/25 20:11:22.018 連線確認 E122828927 (21,21)
[3948] 2015/02/25 20:12:22.032 連線確認 E122828927 (21,21)
[3948] 2015/02/25 20:12:40.296 收到 Head 資訊 {Count 2} {Type B } 
[3948] 2015/02/25 20:13:22.045 連線確認 E122828927 (21,21)
[3948] 2015/02/25 20:14:22.059 連線確認 E122828927 (21,21)
[3948] 2015/02/25 20:15:22.072 連線確認 E122828927 (21,21)
[3948] 2015/02/25 20:16:22.086 連線確認 E122828927 (21,21)
[3948] 2015/02/25 20:17:22.098 連線確認 E122828927 (21,21)
[3948] 2015/02/25 20:17:41.297 收到 Head 資訊 {Count 2} {Type B } 
[3948] 2015/02/25 20:18:22.114 連線確認 E122828927 (21,21)
[3948] 2015/02/25 20:19:22.126 連線確認 E122828927 (21,21)
[3948] 2015/02/25 20:20:22.140 連線確認 E122828927 (21,21)
[3948] 2015/02/25 20:21:22.154 連線確認 E122828927 (21,21)
[3948] 2015/02/25 20:22:22.166 連線確認 E122828927 (21,21)
[3948] 2015/02/25 20:22:42.336 收到 Head 資訊 {Count 2} {Type B } 
[3948] 2015/02/25 20:23:22.181 連線確認 E122828927 (21,21)
[3948] 2015/02/25 20:24:22.193 連線確認 E122828927 (21,21)
[3948] 2015/02/25 20:25:22.208 連線確認 E122828927 (21,21)
[3948] 2015/02/25 20:26:22.222 連線確認 E122828927 (21,21)
[3948] 2015/02/25 20:27:22.245 連線確認 E122828927 (21,21)
[3948] 2015/02/25 20:27:43.301 收到 Head 資訊 {Count 2} {Type B } 
[3948] 2015/02/25 20:28:22.249 連線確認 E122828927 (21,21)
[3948] 2015/02/25 20:29:22.261 連線確認 E122828927 (21,21)
[3948] 2015/02/25 20:30:22.276 連線確認 E122828927 (21,21)
[3948] 2015/02/25 20:31:22.290 連線確認 E122828927 (21,21)
[3948] 2015/02/25 20:32:22.303 連線確認 E122828927 (21,21)
[3948] 2015/02/25 20:32:44.231 收到 Head 資訊 {Count 2} {Type B } 
[3948] 2015/02/25 20:33:22.317 連線確認 E122828927 (21,21)
[3948] 2015/02/25 20:34:22.329 連線確認 E122828927 (21,21)
[3948] 2015/02/25 20:35:22.343 連線確認 E122828927 (21,21)
[3948] 2015/02/25 20:36:22.357 連線確認 E122828927 (21,21)
[3948] 2015/02/25 20:37:22.371 連線確認 E122828927 (21,21)
[3948] 2015/02/25 20:37:45.251 收到 Head 資訊 {Count 2} {Type B } 
[3948] 2015/02/25 20:38:22.384 連線確認 E122828927 (21,21)
[3948] 2015/02/25 20:39:22.398 連線確認 E122828927 (21,21)
[3948] 2015/02/25 20:40:22.411 連線確認 E122828927 (21,21)
[3948] 2015/02/25 20:41:22.424 連線確認 E122828927 (21,21)
[3948] 2015/02/25 20:42:22.439 連線確認 E122828927 (21,21)
[3948] 2015/02/25 20:42:46.238 收到 Head 資訊 {Count 2} {Type B } 
[3948] 2015/02/25 20:43:22.452 連線確認 E122828927 (21,21)
[3948] 2015/02/25 20:44:22.466 連線確認 E122828927 (21,21)
[3948] 2015/02/25 20:45:22.479 連線確認 E122828927 (21,21)
[3948] 2015/02/25 20:46:22.493 連線確認 E122828927 (21,21)
[3948] 2015/02/25 20:47:22.506 連線確認 E122828927 (21,21)
[3948] 2015/02/25 20:47:47.219 收到 Head 資訊 {Count 2} {Type B } 
[3948] 2015/02/25 20:48:22.520 連線確認 E122828927 (21,21)
[3948] 2015/02/25 20:49:22.534 連線確認 E122828927 (21,21)
[3948] 2015/02/25 20:50:22.547 連線確認 E122828927 (21,21)
[3948] 2015/02/25 20:51:22.561 連線確認 E122828927 (21,21)
[3948] 2015/02/25 20:52:22.575 連線確認 E122828927 (21,21)
[3948] 2015/02/25 20:52:48.242 收到 Head 資訊 {Count 2} {Type B } 
[3948] 2015/02/25 20:53:22.588 連線確認 E122828927 (21,21)
[3948] 2015/02/25 20:54:22.602 連線確認 E122828927 (21,21)
[3948] 2015/02/25 20:55:22.614 連線確認 E122828927 (21,21)
[3948] 2015/02/25 20:56:22.630 連線確認 E122828927 (21,21)
[3948] 2015/02/25 20:57:22.642 連線確認 E122828927 (21,21)
[3948] 2015/02/25 20:57:49.236 收到 Head 資訊 {Count 2} {Type B } 
[3948] 2015/02/25 20:58:22.656 連線確認 E122828927 (21,21)
[3948] 2015/02/25 20:59:22.670 連線確認 E122828927 (21,21)
[3948] 2015/02/25 21:00:22.683 連線確認 E122828927 (21,21)
[3948] 2015/02/25 21:01:22.697 連線確認 E122828927 (21,21)
[3948] 2015/02/25 21:02:22.710 連線確認 E122828927 (21,21)
[3948] 2015/02/25 21:02:50.046 收到 Head 資訊 {Count 2} {Type B } 
[3948] 2015/02/25 21:03:22.724 連線確認 E122828927 (21,21)
[3948] 2015/02/25 21:04:22.738 連線確認 E122828927 (21,21)
[3948] 2015/02/25 21:05:22.751 連線確認 E122828927 (21,21)
[3948] 2015/02/25 21:06:22.764 連線確認 E122828927 (21,21)
[3948] 2015/02/25 21:07:22.778 連線確認 E122828927 (21,21)
[3948] 2015/02/25 21:07:51.072 收到 Head 資訊 {Count 2} {Type B } 
[3948] 2015/02/25 21:08:22.792 連線確認 E122828927 (21,21)
[3948] 2015/02/25 21:09:22.805 連線確認 E122828927 (21,21)
[3948] 2015/02/25 21:10:22.819 連線確認 E122828927 (21,21)
[3948] 2015/02/25 21:11:22.832 連線確認 E122828927 (21,21)
[3948] 2015/02/25 21:12:22.846 連線確認 E122828927 (21,21)
[3948] 2015/02/25 21:12:52.072 收到 Head 資訊 {Count 2} {Type B } 
[3948] 2015/02/25 21:13:22.859 連線確認 E122828927 (21,21)
[3948] 2015/02/25 21:14:22.873 連線確認 E122828927 (21,21)
[3948] 2015/02/25 21:15:22.887 連線確認 E122828927 (21,21)
[3948] 2015/02/25 21:16:22.900 連線確認 E122828927 (21,21)
[3948] 2015/02/25 21:17:22.914 連線確認 E122828927 (21,21)
[3948] 2015/02/25 21:17:53.048 收到 Head 資訊 {Count 2} {Type B } 
[3948] 2015/02/25 21:18:22.928 連線確認 E122828927 (21,21)
[3948] 2015/02/25 21:19:22.942 連線確認 E122828927 (21,21)
[3948] 2015/02/25 21:20:22.954 連線確認 E122828927 (21,21)
[3948] 2015/02/25 21:21:22.969 連線確認 E122828927 (21,21)
[3948] 2015/02/25 21:22:22.982 連線確認 E122828927 (21,21)
[3948] 2015/02/25 21:22:54.655 收到 Head 資訊 {Count 2} {Type B } 
[3948] 2015/02/25 21:23:22.996 連線確認 E122828927 (21,21)
[3948] 2015/02/25 21:24:23.011 連線確認 E122828927 (21,21)
[3948] 2015/02/25 21:25:23.023 連線確認 E122828927 (21,21)
[3948] 2015/02/25 21:26:23.037 連線確認 E122828927 (21,21)
[3948] 2015/02/25 21:27:23.049 連線確認 E122828927 (21,21)
[3948] 2015/02/25 21:27:55.662 收到 Head 資訊 {Count 2} {Type B } 
[3948] 2015/02/25 21:28:23.063 連線確認 E122828927 (21,21)
[3948] 2015/02/25 21:29:23.078 連線確認 E122828927 (21,21)
[3948] 2015/02/25 21:30:23.091 連線確認 E122828927 (21,21)
[3948] 2015/02/25 21:31:23.105 連線確認 E122828927 (21,21)
[3948] 2015/02/25 21:32:23.117 連線確認 E122828927 (21,21)
[3948] 2015/02/25 21:32:56.657 收到 Head 資訊 {Count 2} {Type B } 
[3948] 2015/02/25 21:33:23.132 連線確認 E122828927 (21,21)
[3948] 2015/02/25 21:34:23.145 連線確認 E122828927 (21,21)
[3948] 2015/02/25 21:35:23.159 連線確認 E122828927 (21,21)
[3948] 2015/02/25 21:36:23.173 連線確認 E122828927 (21,21)
[3948] 2015/02/25 21:37:23.186 連線確認 E122828927 (21,21)
[3948] 2015/02/25 21:37:57.733 收到 Head 資訊 {Count 2} {Type B } 
[3948] 2015/02/25 21:38:23.200 連線確認 E122828927 (21,21)
[3948] 2015/02/25 21:39:23.213 連線確認 E122828927 (21,21)
[3948] 2015/02/25 21:40:23.228 連線確認 E122828927 (21,21)
[3948] 2015/02/25 21:41:23.240 連線確認 E122828927 (21,21)
[3948] 2015/02/25 21:42:23.253 連線確認 E122828927 (21,21)
[3948] 2015/02/25 21:42:58.681 收到 Head 資訊 {Count 2} {Type B } 
[3948] 2015/02/25 21:43:23.267 連線確認 E122828927 (21,21)
[3948] 2015/02/25 21:44:23.281 連線確認 E122828927 (21,21)
[3948] 2015/02/25 21:45:23.295 連線確認 E122828927 (21,21)
[3948] 2015/02/25 21:46:23.308 連線確認 E122828927 (21,21)
[3948] 2015/02/25 21:47:23.322 連線確認 E122828927 (21,21)
[3948] 2015/02/25 21:47:59.714 收到 Head 資訊 {Count 2} {Type B } 
[3948] 2015/02/25 21:48:23.335 連線確認 E122828927 (21,21)
[3948] 2015/02/25 21:49:23.349 連線確認 E122828927 (21,21)
[3948] 2015/02/25 21:50:23.363 連線確認 E122828927 (21,21)
[3948] 2015/02/25 21:51:23.375 連線確認 E122828927 (21,21)
[3948] 2015/02/25 21:52:23.390 連線確認 E122828927 (21,21)
[3948] 2015/02/25 21:53:00.700 收到 Head 資訊 {Count 2} {Type B } 
[3948] 2015/02/25 21:53:23.403 連線確認 E122828927 (21,21)
[3948] 2015/02/25 21:54:23.417 連線確認 E122828927 (21,21)
[3948] 2015/02/25 21:55:23.431 連線確認 E122828927 (21,21)
[3948] 2015/02/25 21:56:23.444 連線確認 E122828927 (21,21)
[3948] 2015/02/25 21:57:23.457 連線確認 E122828927 (21,21)
[3948] 2015/02/25 21:58:01.706 收到 Head 資訊 {Count 2} {Type B } 
[3948] 2015/02/25 21:58:23.470 連線確認 E122828927 (21,21)
[3948] 2015/02/25 21:59:23.485 連線確認 E122828927 (21,21)
[3948] 2015/02/25 22:00:23.498 連線確認 E122828927 (21,21)
[3948] 2015/02/25 22:01:23.512 連線確認 E122828927 (21,21)
[3948] 2015/02/25 22:02:23.525 連線確認 E122828927 (21,21)
[3948] 2015/02/25 22:03:02.426 收到 Head 資訊 {Count 2} {Type B } 
[3948] 2015/02/25 22:03:23.538 連線確認 E122828927 (21,21)
[3948] 2015/02/25 22:04:23.553 連線確認 E122828927 (21,21)
[3948] 2015/02/25 22:05:23.566 連線確認 E122828927 (21,21)
[3948] 2015/02/25 22:06:23.580 連線確認 E122828927 (21,21)
[3948] 2015/02/25 22:07:23.594 連線確認 E122828927 (21,21)
[3948] 2015/02/25 22:08:03.428 收到 Head 資訊 {Count 2} {Type B } 
[3948] 2015/02/25 22:08:23.607 連線確認 E122828927 (21,21)
[3948] 2015/02/25 22:09:23.620 連線確認 E122828927 (21,21)
[3948] 2015/02/25 22:10:23.635 連線確認 E122828927 (21,21)
[3948] 2015/02/25 22:11:23.648 連線確認 E122828927 (21,21)
[3948] 2015/02/25 22:12:23.660 連線確認 E122828927 (21,21)
[3948] 2015/02/25 22:13:04.446 收到 Head 資訊 {Count 2} {Type B } 
[3948] 2015/02/25 22:13:23.675 連線確認 E122828927 (21,21)
[3948] 2015/02/25 22:14:23.688 連線確認 E122828927 (21,21)
[3948] 2015/02/25 22:15:23.702 連線確認 E122828927 (21,21)
[3948] 2015/02/25 22:16:23.716 連線確認 E122828927 (21,21)
[3948] 2015/02/25 22:17:23.729 連線確認 E122828927 (21,21)
[3948] 2015/02/25 22:18:04.908 收到 Head 資訊 {Count 2} {Type B } 
[3948] 2015/02/25 22:18:23.743 連線確認 E122828927 (21,21)
[3948] 2015/02/25 22:19:23.757 連線確認 E122828927 (21,21)
[3948] 2015/02/25 22:20:23.769 連線確認 E122828927 (21,21)
[3948] 2015/02/25 22:21:23.783 連線確認 E122828927 (21,21)
[3948] 2015/02/25 22:22:23.797 連線確認 E122828927 (21,21)
[3948] 2015/02/25 22:23:05.872 收到 Head 資訊 {Count 2} {Type B } 
[3948] 2015/02/25 22:23:23.811 連線確認 E122828927 (21,21)
[3948] 2015/02/25 22:24:23.824 連線確認 E122828927 (21,21)
[3948] 2015/02/25 22:25:23.838 連線確認 E122828927 (21,21)
[3948] 2015/02/25 22:26:23.852 連線確認 E122828927 (21,21)
[3948] 2015/02/25 22:27:23.865 連線確認 E122828927 (21,21)
[3948] 2015/02/25 22:28:06.873 收到 Head 資訊 {Count 2} {Type B } 
[3948] 2015/02/25 22:28:23.878 連線確認 E122828927 (21,21)
[3948] 2015/02/25 22:29:23.891 連線確認 E122828927 (21,21)
[3948] 2015/02/25 22:30:23.906 連線確認 E122828927 (21,21)
[3948] 2015/02/25 22:31:23.920 連線確認 E122828927 (21,21)
[3948] 2015/02/25 22:32:23.933 連線確認 E122828927 (21,21)
[3948] 2015/02/25 22:33:07.959 收到 Head 資訊 {Count 2} {Type B } 
[3948] 2015/02/25 22:33:23.947 連線確認 E122828927 (21,21)
[3948] 2015/02/25 22:34:23.961 連線確認 E122828927 (21,21)
[3948] 2015/02/25 22:35:23.974 連線確認 E122828927 (21,21)
[3948] 2015/02/25 22:36:23.988 連線確認 E122828927 (21,21)
[3948] 2015/02/25 22:37:24.002 連線確認 E122828927 (21,21)
[3948] 2015/02/25 22:38:08.950 收到 Head 資訊 {Count 2} {Type B } 
[3948] 2015/02/25 22:38:24.014 連線確認 E122828927 (21,21)
[3948] 2015/02/25 22:39:24.027 連線確認 E122828927 (21,21)
[3948] 2015/02/25 22:40:24.041 連線確認 E122828927 (21,21)
[3948] 2015/02/25 22:41:24.055 連線確認 E122828927 (21,21)
[3948] 2015/02/25 22:42:24.069 連線確認 E122828927 (21,21)
[3948] 2015/02/25 22:43:09.926 收到 Head 資訊 {Count 2} {Type B } 
[3948] 2015/02/25 22:43:24.083 連線確認 E122828927 (21,21)
[3948] 2015/02/25 22:44:24.097 連線確認 E122828927 (21,21)
[3948] 2015/02/25 22:45:24.110 連線確認 E122828927 (21,21)
[3948] 2015/02/25 22:46:24.123 連線確認 E122828927 (21,21)
[3948] 2015/02/25 22:47:24.136 連線確認 E122828927 (21,21)
[3948] 2015/02/25 22:48:21.318 收到 Head 資訊 {Count 2} {Type B } 
[3948] 2015/02/25 22:48:24.150 連線確認 E122828927 (21,21)
[3948] 2015/02/25 22:49:24.163 連線確認 E122828927 (21,21)
[3948] 2015/02/25 22:50:24.178 連線確認 E122828927 (21,21)
[3948] 2015/02/25 22:51:24.190 連線確認 E122828927 (21,21)
[3948] 2015/02/25 22:52:24.205 連線確認 E122828927 (21,21)
[3948] 2015/02/25 22:53:12.346 收到 Head 資訊 {Count 2} {Type B } 
[3948] 2015/02/25 22:53:24.219 連線確認 E122828927 (21,21)
[3948] 2015/02/25 22:54:24.232 連線確認 E122828927 (21,21)
[3948] 2015/02/25 22:55:24.246 連線確認 E122828927 (21,21)
[3948] 2015/02/25 22:56:24.259 連線確認 E122828927 (21,21)
[3948] 2015/02/25 22:57:24.273 連線確認 E122828927 (21,21)
[3948] 2015/02/25 22:58:13.299 收到 Head 資訊 {Count 2} {Type B } 
[3948] 2015/02/25 22:58:24.285 連線確認 E122828927 (21,21)
[3948] 2015/02/25 22:59:24.300 連線確認 E122828927 (21,21)
[3948] 2015/02/25 23:00:24.313 連線確認 E122828927 (21,21)
[3948] 2015/02/25 23:01:24.327 連線確認 E122828927 (21,21)
[3948] 2015/02/25 23:02:24.340 連線確認 E122828927 (21,21)
[3948] 2015/02/25 23:03:14.317 收到 Head 資訊 {Count 2} {Type B } 
[3948] 2015/02/25 23:03:31.563 連線確認 E122828927 (21,21)
[3948] 2015/02/25 23:04:31.513 連線確認 E122828927 (21,21)
[3948] 2015/02/25 23:05:31.525 連線確認 E122828927 (21,21)
[3948] 2015/02/25 23:06:31.540 連線確認 E122828927 (21,21)
[3948] 2015/02/25 23:07:31.554 連線確認 E122828927 (21,21)
[3948] 2015/02/25 23:08:15.466 收到 Head 資訊 {Count 2} {Type B } 
[3948] 2015/02/25 23:08:31.567 連線確認 E122828927 (21,21)
[3948] 2015/02/25 23:09:31.581 連線確認 E122828927 (21,21)
[3948] 2015/02/25 23:10:31.594 連線確認 E122828927 (21,21)
[3948] 2015/02/25 23:11:31.607 連線確認 E122828927 (21,21)
[3948] 2015/02/25 23:12:31.620 連線確認 E122828927 (21,21)
[3948] 2015/02/25 23:13:16.429 收到 Head 資訊 {Count 2} {Type B } 
[3948] 2015/02/25 23:13:31.635 連線確認 E122828927 (21,21)
[3948] 2015/02/25 23:14:31.649 連線確認 E122828927 (21,21)
[3948] 2015/02/25 23:15:31.662 連線確認 E122828927 (21,21)
[3948] 2015/02/25 23:16:31.675 連線確認 E122828927 (21,21)
[3948] 2015/02/25 23:17:31.689 連線確認 E122828927 (21,21)
[3948] 2015/02/25 23:18:17.471 收到 Head 資訊 {Count 2} {Type B } 
[3948] 2015/02/25 23:18:31.703 連線確認 E122828927 (21,21)
[3948] 2015/02/25 23:19:31.716 連線確認 E122828927 (21,21)
[3948] 2015/02/25 23:20:31.730 連線確認 E122828927 (21,21)
[3948] 2015/02/25 23:21:31.743 連線確認 E122828927 (21,21)
[3948] 2015/02/25 23:22:31.757 連線確認 E122828927 (21,21)
[3948] 2015/02/25 23:23:18.497 收到 Head 資訊 {Count 2} {Type B } 
[3948] 2015/02/25 23:23:31.771 連線確認 E122828927 (21,21)
[3948] 2015/02/25 23:24:31.785 連線確認 E122828927 (21,21)
[3948] 2015/02/25 23:25:31.798 連線確認 E122828927 (21,21)
[3948] 2015/02/25 23:26:31.811 連線確認 E122828927 (21,21)
[3948] 2015/02/25 23:27:31.825 連線確認 E122828927 (21,21)
[3948] 2015/02/25 23:28:19.481 收到 Head 資訊 {Count 2} {Type B } 
[3948] 2015/02/25 23:28:31.839 連線確認 E122828927 (21,21)
[3948] 2015/02/25 23:29:31.851 連線確認 E122828927 (21,21)
[3948] 2015/02/25 23:30:31.866 連線確認 E122828927 (21,21)
[3948] 2015/02/25 23:31:31.879 連線確認 E122828927 (21,21)
[3948] 2015/02/25 23:32:31.893 連線確認 E122828927 (21,21)
[3948] 2015/02/25 23:33:20.469 收到 Head 資訊 {Count 2} {Type B } 
[3948] 2015/02/25 23:33:31.906 連線確認 E122828927 (21,21)
[3948] 2015/02/25 23:34:31.919 連線確認 E122828927 (21,21)
[3948] 2015/02/25 23:35:31.934 連線確認 E122828927 (21,21)
[3948] 2015/02/25 23:36:31.948 連線確認 E122828927 (21,21)
[3948] 2015/02/25 23:37:31.961 連線確認 E122828927 (21,21)
[3948] 2015/02/25 23:38:21.270 收到 Head 資訊 {Count 2} {Type B } 
[3948] 2015/02/25 23:38:31.975 連線確認 E122828927 (21,21)
[3948] 2015/02/25 23:39:31.987 連線確認 E122828927 (21,21)
[3948] 2015/02/25 23:40:32.002 連線確認 E122828927 (21,21)
[3948] 2015/02/25 23:41:32.014 連線確認 E122828927 (21,21)
[3948] 2015/02/25 23:42:32.029 連線確認 E122828927 (21,21)
[3948] 2015/02/25 23:43:22.266 收到 Head 資訊 {Count 2} {Type B } 
[3948] 2015/02/25 23:43:32.042 連線確認 E122828927 (21,21)
[3948] 2015/02/25 23:44:32.056 連線確認 E122828927 (21,21)
[3948] 2015/02/25 23:45:32.070 連線確認 E122828927 (21,21)
[3948] 2015/02/25 23:46:32.082 連線確認 E122828927 (21,21)
[3948] 2015/02/25 23:47:32.097 連線確認 E122828927 (21,21)
[3948] 2015/02/25 23:48:23.309 收到 Head 資訊 {Count 2} {Type B } 
[3948] 2015/02/25 23:48:32.110 連線確認 E122828927 (21,21)
[3948] 2015/02/25 23:49:32.123 連線確認 E122828927 (21,21)
[3948] 2015/02/25 23:50:32.138 連線確認 E122828927 (21,21)
[3948] 2015/02/25 23:51:32.150 連線確認 E122828927 (21,21)
[3948] 2015/02/25 23:52:32.165 連線確認 E122828927 (21,21)
[3948] 2015/02/25 23:53:24.445 收到 Head 資訊 {Count 2} {Type B } 
[3948] 2015/02/25 23:53:32.178 連線確認 E122828927 (21,21)
[3948] 2015/02/25 23:54:32.191 連線確認 E122828927 (21,21)
[3948] 2015/02/25 23:55:32.205 連線確認 E122828927 (21,21)
[3948] 2015/02/25 23:56:32.219 連線確認 E122828927 (21,21)
[3948] 2015/02/25 23:57:32.232 連線確認 E122828927 (21,21)
[3948] 2015/02/25 23:58:25.460 收到 Head 資訊 {Count 2} {Type B } 
[3948] 2015/02/25 23:58:32.245 連線確認 E122828927 (21,21)
[3948] 2015/02/25 23:59:32.261 連線確認 E122828927 (21,21)
[3948] 2015/02/26 00:00:32.274 連線確認 E122828927 (21,21)
[3948] 2015/02/26 00:01:32.288 連線確認 E122828927 (21,21)
[3948] 2015/02/26 00:02:32.301 連線確認 E122828927 (21,21)
[3948] 2015/02/26 00:03:26.476 收到 Head 資訊 {Count 2} {Type B } 
[3948] 2015/02/26 00:03:32.314 連線確認 E122828927 (21,21)
[3948] 2015/02/26 00:04:32.328 連線確認 E122828927 (21,21)
[3948] 2015/02/26 00:05:32.342 連線確認 E122828927 (21,21)
[3948] 2015/02/26 00:06:32.355 連線確認 E122828927 (21,21)
[3948] 2015/02/26 00:07:32.368 連線確認 E122828927 (21,21)
[3948] 2015/02/26 00:08:26.764 收到 Head 資訊 {Count 2} {Type B } 
[3948] 2015/02/26 00:08:32.381 連線確認 E122828927 (21,21)
[3948] 2015/02/26 00:09:32.396 連線確認 E122828927 (21,21)
[3948] 2015/02/26 00:10:32.408 連線確認 E122828927 (21,21)
[3948] 2015/02/26 00:11:32.423 連線確認 E122828927 (21,21)
[3948] 2015/02/26 00:12:32.436 連線確認 E122828927 (21,21)
[3948] 2015/02/26 00:13:27.759 收到 Head 資訊 {Count 2} {Type B } 
[3948] 2015/02/26 00:13:32.450 連線確認 E122828927 (21,21)
[3948] 2015/02/26 00:14:32.464 連線確認 E122828927 (21,21)
[3948] 2015/02/26 00:15:32.476 連線確認 E122828927 (21,21)
[3948] 2015/02/26 00:16:32.491 連線確認 E122828927 (21,21)
[3948] 2015/02/26 00:17:32.504 連線確認 E122828927 (21,21)
[3948] 2015/02/26 00:18:28.759 收到 Head 資訊 {Count 2} {Type B } 
[3948] 2015/02/26 00:18:32.518 連線確認 E122828927 (21,21)
[3948] 2015/02/26 00:19:32.531 連線確認 E122828927 (21,21)
[3948] 2015/02/26 00:20:32.545 連線確認 E122828927 (21,21)
[3948] 2015/02/26 00:21:32.558 連線確認 E122828927 (21,21)
[3948] 2015/02/26 00:22:32.572 連線確認 E122828927 (21,21)
[3948] 2015/02/26 00:23:30.274 收到 Head 資訊 {Count 2} {Type B } 
[3948] 2015/02/26 00:23:32.585 連線確認 E122828927 (21,21)
[3948] 2015/02/26 00:24:32.600 連線確認 E122828927 (21,21)
[3948] 2015/02/26 00:25:32.613 連線確認 E122828927 (21,21)
[3948] 2015/02/26 00:26:32.627 連線確認 E122828927 (21,21)
[3948] 2015/02/26 00:27:32.640 連線確認 E122828927 (21,21)
[3948] 2015/02/26 00:28:31.290 收到 Head 資訊 {Count 2} {Type B } 
[3948] 2015/02/26 00:28:32.653 連線確認 E122828927 (21,21)
[3948] 2015/02/26 00:29:32.667 連線確認 E122828927 (21,21)
[3948] 2015/02/26 00:30:32.680 連線確認 E122828927 (21,21)
[3948] 2015/02/26 00:31:32.695 連線確認 E122828927 (21,21)
[3948] 2015/02/26 00:32:32.708 連線確認 E122828927 (21,21)
[3948] 2015/02/26 00:33:32.278 收到 Head 資訊 {Count 2} {Type B } 
[3948] 2015/02/26 00:33:32.722 連線確認 E122828927 (21,21)
[3948] 2015/02/26 00:34:32.735 連線確認 E122828927 (21,21)
[3948] 2015/02/26 00:35:33.515 連線確認 E122828927 (21,21)
[3948] 2015/02/26 00:36:33.511 連線確認 E122828927 (21,21)
[3948] 2015/02/26 00:37:33.524 連線確認 E122828927 (21,21)
[3948] 2015/02/26 00:38:32.930 收到 Head 資訊 {Count 2} {Type B } 
[3948] 2015/02/26 00:38:33.539 連線確認 E122828927 (21,21)
[3948] 2015/02/26 00:39:33.552 連線確認 E122828927 (21,21)
[3948] 2015/02/26 00:40:33.565 連線確認 E122828927 (21,21)
[3948] 2015/02/26 00:41:33.580 連線確認 E122828927 (21,21)
[3948] 2015/02/26 00:42:33.593 連線確認 E122828927 (21,21)
[3948] 2015/02/26 00:43:33.607 連線確認 E122828927 (21,21)
[3948] 2015/02/26 00:43:33.920 收到 Head 資訊 {Count 2} {Type B } 
[3948] 2015/02/26 00:44:33.619 連線確認 E122828927 (21,21)
[3948] 2015/02/26 00:45:33.635 連線確認 E122828927 (21,21)
[3948] 2015/02/26 00:46:33.646 連線確認 E122828927 (21,21)
[3948] 2015/02/26 00:47:33.661 連線確認 E122828927 (21,21)
[3948] 2015/02/26 00:48:33.674 連線確認 E122828927 (21,21)
[3948] 2015/02/26 00:48:34.927 收到 Head 資訊 {Count 2} {Type B } 
[3948] 2015/02/26 00:49:33.688 連線確認 E122828927 (21,21)
[3948] 2015/02/26 00:50:33.701 連線確認 E122828927 (21,21)
[3948] 2015/02/26 00:51:33.714 連線確認 E122828927 (21,21)
[3948] 2015/02/26 00:52:33.730 連線確認 E122828927 (21,21)
[3948] 2015/02/26 00:53:33.742 連線確認 E122828927 (21,21)
[3948] 2015/02/26 00:53:35.559 收到 Head 資訊 {Count 2} {Type B } 
[3948] 2015/02/26 00:54:33.756 連線確認 E122828927 (21,21)
[3948] 2015/02/26 00:55:33.771 連線確認 E122828927 (21,21)
[3948] 2015/02/26 00:56:33.782 連線確認 E122828927 (21,21)
[3948] 2015/02/26 00:57:33.797 連線確認 E122828927 (21,21)
[3948] 2015/02/26 00:58:33.809 連線確認 E122828927 (21,21)
[3948] 2015/02/26 00:58:36.570 收到 Head 資訊 {Count 2} {Type B } 
[3948] 2015/02/26 00:59:33.825 連線確認 E122828927 (21,21)
[3948] 2015/02/26 01:00:33.837 連線確認 E122828927 (21,21)
[3948] 2015/02/26 01:01:33.851 連線確認 E122828927 (21,21)
[3948] 2015/02/26 01:02:33.864 連線確認 E122828927 (21,21)
[3948] 2015/02/26 01:03:33.878 連線確認 E122828927 (21,21)
[3948] 2015/02/26 01:03:37.556 收到 Head 資訊 {Count 2} {Type B } 
[3948] 2015/02/26 01:04:33.892 連線確認 E122828927 (21,21)
[3948] 2015/02/26 01:05:33.905 連線確認 E122828927 (21,21)
[3948] 2015/02/26 01:06:33.918 連線確認 E122828927 (21,21)
[3948] 2015/02/26 01:07:33.933 連線確認 E122828927 (21,21)
[3948] 2015/02/26 01:08:33.946 連線確認 E122828927 (21,21)
[3948] 2015/02/26 01:08:38.975 收到 Head 資訊 {Count 2} {Type B } 
[3948] 2015/02/26 01:09:33.960 連線確認 E122828927 (21,21)
[3948] 2015/02/26 01:10:33.973 連線確認 E122828927 (21,21)
[3948] 2015/02/26 01:11:33.987 連線確認 E122828927 (21,21)
[3948] 2015/02/26 01:12:34.000 連線確認 E122828927 (21,21)
[3948] 2015/02/26 01:13:34.013 連線確認 E122828927 (21,21)
[3948] 2015/02/26 01:13:39.986 收到 Head 資訊 {Count 2} {Type B } 
[3948] 2015/02/26 01:14:34.028 連線確認 E122828927 (21,21)
[3948] 2015/02/26 01:15:34.041 連線確認 E122828927 (21,21)
[3948] 2015/02/26 01:16:34.055 連線確認 E122828927 (21,21)
[3948] 2015/02/26 01:17:34.068 連線確認 E122828927 (21,21)
[3948] 2015/02/26 01:18:34.082 連線確認 E122828927 (21,21)
[3948] 2015/02/26 01:18:40.984 收到 Head 資訊 {Count 2} {Type B } 
[3948] 2015/02/26 01:19:34.095 連線確認 E122828927 (21,21)
[3948] 2015/02/26 01:20:34.109 連線確認 E122828927 (21,21)
[3948] 2015/02/26 01:21:34.123 連線確認 E122828927 (21,21)
[3948] 2015/02/26 01:22:34.135 連線確認 E122828927 (21,21)
[3948] 2015/02/26 01:23:34.149 連線確認 E122828927 (21,21)
[3948] 2015/02/26 01:23:42.127 收到 Head 資訊 {Count 2} {Type B } 
[3948] 2015/02/26 01:24:34.164 連線確認 E122828927 (21,21)
[3948] 2015/02/26 01:25:34.177 連線確認 E122828927 (21,21)
[3948] 2015/02/26 01:26:34.190 連線確認 E122828927 (21,21)
[3948] 2015/02/26 01:27:34.205 連線確認 E122828927 (21,21)
[3948] 2015/02/26 01:28:34.227 連線確認 E122828927 (21,21)
[3948] 2015/02/26 01:28:43.127 收到 Head 資訊 {Count 2} {Type B } 
[3948] 2015/02/26 01:29:34.230 連線確認 E122828927 (21,21)
[3948] 2015/02/26 01:30:34.245 連線確認 E122828927 (21,21)
[3948] 2015/02/26 01:31:34.258 連線確認 E122828927 (21,21)
[3948] 2015/02/26 01:32:34.272 連線確認 E122828927 (21,21)
[3948] 2015/02/26 01:33:34.285 連線確認 E122828927 (21,21)
[3948] 2015/02/26 01:33:44.134 收到 Head 資訊 {Count 2} {Type B } 
[3948] 2015/02/26 01:34:34.299 連線確認 E122828927 (21,21)
[3948] 2015/02/26 01:35:34.312 連線確認 E122828927 (21,21)
[3948] 2015/02/26 01:36:34.325 連線確認 E122828927 (21,21)
[3948] 2015/02/26 01:37:34.340 連線確認 E122828927 (21,21)
[3948] 2015/02/26 01:38:34.354 連線確認 E122828927 (21,21)
[3948] 2015/02/26 01:38:44.250 收到 Head 資訊 {Count 2} {Type B } 
[3948] 2015/02/26 01:39:34.367 連線確認 E122828927 (21,21)
[3948] 2015/02/26 01:40:34.380 連線確認 E122828927 (21,21)
[3948] 2015/02/26 01:41:34.393 連線確認 E122828927 (21,21)
[3948] 2015/02/26 01:42:34.409 連線確認 E122828927 (21,21)
[3948] 2015/02/26 01:43:34.421 連線確認 E122828927 (21,21)
[3948] 2015/02/26 01:43:45.246 收到 Head 資訊 {Count 2} {Type B } 
[3948] 2015/02/26 01:44:34.435 連線確認 E122828927 (21,21)
[3948] 2015/02/26 01:45:34.449 連線確認 E122828927 (21,21)
[3948] 2015/02/26 01:46:34.461 連線確認 E122828927 (21,21)
[3948] 2015/02/26 01:47:34.475 連線確認 E122828927 (21,21)
[3948] 2015/02/26 01:48:34.489 連線確認 E122828927 (21,21)
[3948] 2015/02/26 01:48:46.265 收到 Head 資訊 {Count 2} {Type B } 
[3948] 2015/02/26 01:49:34.503 連線確認 E122828927 (21,21)
[3948] 2015/02/26 01:50:34.517 連線確認 E122828927 (21,21)
[3948] 2015/02/26 01:51:34.531 連線確認 E122828927 (21,21)
[3948] 2015/02/26 01:52:34.544 連線確認 E122828927 (21,21)
[3948] 2015/02/26 01:53:34.557 連線確認 E122828927 (21,21)
[3948] 2015/02/26 01:53:47.749 收到 Head 資訊 {Count 2} {Type B } 
[3948] 2015/02/26 01:54:34.571 連線確認 E122828927 (21,21)
[3948] 2015/02/26 01:55:34.584 連線確認 E122828927 (21,21)
[3948] 2015/02/26 01:56:34.598 連線確認 E122828927 (21,21)
[3948] 2015/02/26 01:57:34.611 連線確認 E122828927 (21,21)
[3948] 2015/02/26 01:58:34.624 連線確認 E122828927 (21,21)
[3948] 2015/02/26 01:58:48.755 收到 Head 資訊 {Count 2} {Type B } 
[3948] 2015/02/26 01:59:34.639 連線確認 E122828927 (21,21)
