[2236] 2015/02/13 07:50:11.496 SKOrderLib ª©¥» 2.1.22
[2236] 2015/02/13 07:50:11.499 Login ID: E122828927
[2236] 2015/02/13 07:50:12.232 CALL SKOrderLib_ReadCertByID(E122828927)
[2236] 2015/02/13 07:50:12.694 CALL RegisterOnAccountCallBack()
[2236] 2015/02/13 07:50:12.697 CALL GetUserAccount()
[2236] 2015/02/13 07:50:12.698 TS,918J,918J,0456453,E122828927,±d§Óºú,0,0
[2236] 2015/02/13 07:50:12.700 TF,F020000,B17,1709003,E122828927,±d§Óºú,0,0
[2236] 2015/02/13 07:50:12.702 OF,F020000,000,1709003,E122828927,±d§Óºú,0,0
[2236] 2015/02/13 07:50:12.705 CALL RegisterOnOrderAsyncReportCallBack()
[2236] 2015/02/13 07:50:12.708 CALL RegisterOnExecutionReportCallBack()
[5684] 2015/02/13 15:26:11.594 SKOrderLib ª©¥» 2.1.22
[5684] 2015/02/13 15:26:11.598 Login ID: E122828927
[5684] 2015/02/13 15:26:13.476 CALL SKOrderLib_ReadCertByID(E122828927)
[5684] 2015/02/13 15:26:13.644 CALL RegisterOnAccountCallBack()
[5684] 2015/02/13 15:26:13.646 CALL GetUserAccount()
[5684] 2015/02/13 15:26:13.648 TS,918J,918J,0456453,E122828927,±d§Óºú,0,0
[5684] 2015/02/13 15:26:13.650 TF,F020000,B17,1709003,E122828927,±d§Óºú,0,0
[5684] 2015/02/13 15:26:13.652 OF,F020000,000,1709003,E122828927,±d§Óºú,0,0
[5684] 2015/02/13 15:26:13.655 CALL RegisterOnOrderAsyncReportCallBack()
[5684] 2015/02/13 15:26:13.657 CALL RegisterOnExecutionReportCallBack()
[5684] 2015/02/13 15:26:14.039 CALL RegisterOnOverseaFutureOpenInterestCallBack()
[5684] 2015/02/13 15:26:14.041 CALL GetOverseaFutureOpenInterest(F0200001709003)
