[356] 2015/03/09 09:50:07.572 SKOrderLib ª©¥» 2.1.22
[356] 2015/03/09 09:50:07.574 Login ID: E122828927
[356] 2015/03/09 09:50:08.310 CALL SKOrderLib_ReadCertByID(E122828927)
[356] 2015/03/09 09:50:08.581 CALL RegisterOnAccountCallBack()
[356] 2015/03/09 09:50:08.583 CALL GetUserAccount()
[356] 2015/03/09 09:50:08.585 TS,918J,918J,0456453,E122828927,±d§Óºú,0,0
[356] 2015/03/09 09:50:08.587 TF,F020000,B17,1709003,E122828927,±d§Óºú,0,0
[356] 2015/03/09 09:50:08.589 OF,F020000,000,1709003,E122828927,±d§Óºú,0,0
[356] 2015/03/09 09:50:08.592 CALL RegisterOnOrderAsyncReportCallBack()
[356] 2015/03/09 09:50:08.595 CALL RegisterOnExecutionReportCallBack()
[356] 2015/03/09 09:50:08.983 SKOrderLib ª©¥» 2.1.22
[356] 2015/03/09 09:50:08.986 Login ID: E122828927
[356] 2015/03/09 09:50:09.000 CALL RegisterOnOverseaFutureOpenInterestCallBack()
[356] 2015/03/09 09:50:09.002 CALL GetOverseaFutureOpenInterest(F0200001709003)
[356] 2015/03/09 10:09:02.351 CALL SKOrderLib_ReadCertByID(E122828927)
[356] 2015/03/09 10:09:02.518 CALL RegisterOnAccountCallBack()
[356] 2015/03/09 10:09:02.520 CALL GetUserAccount()
[356] 2015/03/09 10:09:02.521 TS,918J,918J,0456453,E122828927,±d§Óºú,0,0
[356] 2015/03/09 10:09:02.523 TF,F020000,B17,1709003,E122828927,±d§Óºú,0,0
[356] 2015/03/09 10:09:02.525 OF,F020000,000,1709003,E122828927,±d§Óºú,0,0
[356] 2015/03/09 10:09:02.526 CALL RegisterOnOrderAsyncReportCallBack()
[356] 2015/03/09 10:09:02.528 CALL RegisterOnExecutionReportCallBack()
