[4064] 2015/03/02 07:50:16.347 API InitInstance 
[4064] 2015/03/02 07:50:16.671 E122828927 連線 Code：0
[4064] 2015/03/02 07:50:17.683 收到 Head 資訊 {Count 2} {Type C } 
[4064] 2015/03/02 07:50:17.685 收到 Head 資訊 {Count 2} {Type C } 
[4064] 2015/03/02 07:50:17.687 收到 Head 資訊 {Count 2} {Type C } 
[4064] 2015/03/02 07:50:17.690 收到 Head 資訊 {Count 2} {Type C } 
[4064] 2015/03/02 07:50:17.692 收到 Head 資訊 {Count 2} {Type D } 
[4064] 2015/03/02 07:50:17.694 收到 Head 資訊 {Count 2} {Type C } 
[4064] 2015/03/02 07:50:17.696 收到 Head 資訊 {Count 2} {Type C } 
[4064] 2015/03/02 07:50:17.698 收到 Head 資訊 {Count 2} {Type C } 
[4064] 2015/03/02 07:50:17.700 收到 Head 資訊 {Count 2} {Type C } 
[4064] 2015/03/02 07:50:17.702 收到 Head 資訊 {Count 2} {Type C } 
[4064] 2015/03/02 07:50:17.704 收到 Head 資訊 {Count 2} {Type C } 
[4064] 2015/03/02 07:50:17.706 收到 Head 資訊 {Count 2} {Type C } 
[4064] 2015/03/02 07:50:17.708 收到 Head 資訊 {Count 2} {Type C } 
[4064] 2015/03/02 07:50:17.710 收到 Head 資訊 {Count 2} {Type C } 
[4064] 2015/03/02 07:50:17.712 收到 Head 資訊 {Count 2} {Type C } 
[4064] 2015/03/02 07:50:17.714 收到 Head 資訊 {Count 2} {Type C } 
[4064] 2015/03/02 07:50:17.716 收到 Head 資訊 {Count 2} {Type C } 
[4064] 2015/03/02 07:50:17.718 收到 Head 資訊 {Count 2} {Type C } 
[4064] 2015/03/02 07:50:17.720 收到 Head 資訊 {Count 2} {Type C } 
[4064] 2015/03/02 07:50:17.722 收到 Head 資訊 {Count 2} {Type C } 
[4064] 2015/03/02 07:50:17.724 收到 Head 資訊 {Count 2} {Type C } 
[4064] 2015/03/02 07:50:17.725 收到 Head 資訊 {Count 2} {Type C } 
[4064] 2015/03/02 07:50:17.727 收到 Head 資訊 {Count 2} {Type C } 
[4064] 2015/03/02 07:50:17.729 收到 Head 資訊 {Count 2} {Type C } 
[4064] 2015/03/02 07:50:17.731 收到 Head 資訊 {Count 2} {Type C } 
[4064] 2015/03/02 07:50:17.733 收到 Head 資訊 {Count 2} {Type C } 
[4064] 2015/03/02 07:50:17.735 收到 Head 資訊 {Count 2} {Type C } 
[4064] 2015/03/02 07:50:17.737 收到 Head 資訊 {Count 2} {Type C } 
[4064] 2015/03/02 07:50:17.739 收到 Head 資訊 {Count 2} {Type C } 
[4064] 2015/03/02 07:50:17.741 收到 Head 資訊 {Count 2} {Type C } 
[4064] 2015/03/02 07:50:17.743 收到 Head 資訊 {Count 2} {Type C } 
[4064] 2015/03/02 07:50:17.745 收到 Head 資訊 {Count 2} {Type C } 
[4064] 2015/03/02 07:50:17.747 收到 Head 資訊 {Count 2} {Type D } 
[4064] 2015/03/02 07:50:17.748 收到 Head 資訊 {Count 2} {Type C } 
[4064] 2015/03/02 07:50:17.750 收到 Head 資訊 {Count 2} {Type C } 
[4064] 2015/03/02 07:50:17.752 收到 Head 資訊 {Count 2} {Type C } 
[4064] 2015/03/02 07:50:17.754 收到 Head 資訊 {Count 2} {Type C } 
[4064] 2015/03/02 07:50:17.756 收到 Head 資訊 {Count 2} {Type C } 
[4064] 2015/03/02 07:50:17.758 收到 Head 資訊 {Count 2} {Type C } 
[4064] 2015/03/02 07:50:17.760 收到 Head 資訊 {Count 2} {Type C } 
[4064] 2015/03/02 07:50:17.762 收到 Head 資訊 {Count 2} {Type C } 
[4064] 2015/03/02 07:50:17.764 收到 Head 資訊 {Count 2} {Type C } 
[4064] 2015/03/02 07:50:17.766 收到 Head 資訊 {Count 2} {Type D } 
[4064] 2015/03/02 07:50:17.768 收到 Head 資訊 {Count 2} {Type C } 
[4064] 2015/03/02 07:50:17.770 收到 Head 資訊 {Count 2} {Type C } 
[4064] 2015/03/02 07:50:17.772 收到 Head 資訊 {Count 2} {Type C } 
[4064] 2015/03/02 07:50:17.774 收到 Head 資訊 {Count 2} {Type C } 
[4064] 2015/03/02 07:50:17.777 收到 Head 資訊 {Count 2} {Type C } 
[4064] 2015/03/02 07:50:17.779 收到 Head 資訊 {Count 2} {Type C } 
[4064] 2015/03/02 07:50:17.781 收到 Head 資訊 {Count 2} {Type C } 
[4064] 2015/03/02 07:50:17.783 收到 Head 資訊 {Count 2} {Type C } 
[4064] 2015/03/02 07:50:17.785 收到 Head 資訊 {Count 2} {Type C } 
[4064] 2015/03/02 07:50:17.787 收到 Head 資訊 {Count 2} {Type C } 
[4064] 2015/03/02 07:50:17.789 收到 Head 資訊 {Count 2} {Type C } 
[4064] 2015/03/02 07:50:17.791 收到 Head 資訊 {Count 2} {Type C } 
[4064] 2015/03/02 07:50:17.793 收到 Head 資訊 {Count 2} {Type C } 
[4064] 2015/03/02 07:50:17.795 收到 Head 資訊 {Count 2} {Type C } 
[4064] 2015/03/02 07:50:17.797 收到 Head 資訊 {Count 2} {Type C } 
[4064] 2015/03/02 07:50:17.799 收到 Head 資訊 {Count 2} {Type C } 
[4064] 2015/03/02 07:50:17.801 收到 Head 資訊 {Count 2} {Type D } 
[4064] 2015/03/02 07:50:17.803 收到 Head 資訊 {Count 2} {Type C } 
[4064] 2015/03/02 07:50:17.805 收到 Head 資訊 {Count 2} {Type C } 
[4064] 2015/03/02 07:50:17.807 收到 Head 資訊 {Count 2} {Type C } 
[4064] 2015/03/02 07:50:17.809 收到 Head 資訊 {Count 2} {Type C } 
[4064] 2015/03/02 07:50:17.811 收到 Head 資訊 {Count 2} {Type C } 
[4064] 2015/03/02 07:50:17.813 收到 Head 資訊 {Count 2} {Type C } 
[4064] 2015/03/02 07:50:17.815 收到 Head 資訊 {Count 2} {Type C } 
[4064] 2015/03/02 07:50:17.817 收到 Head 資訊 {Count 2} {Type C } 
[4064] 2015/03/02 07:50:17.819 收到 Head 資訊 {Count 2} {Type C } 
[4064] 2015/03/02 07:50:17.821 收到 Head 資訊 {Count 2} {Type C } 
[4064] 2015/03/02 07:50:17.823 收到 Head 資訊 {Count 2} {Type C } 
[4064] 2015/03/02 07:50:17.825 收到 Head 資訊 {Count 2} {Type C } 
[4064] 2015/03/02 07:50:17.827 收到 Head 資訊 {Count 2} {Type C } 
[4064] 2015/03/02 07:50:17.829 收到 Head 資訊 {Count 2} {Type C } 
[4064] 2015/03/02 07:50:17.831 收到 Head 資訊 {Count 2} {Type C } 
[4064] 2015/03/02 07:50:17.833 收到 Head 資訊 {Count 2} {Type C } 
[4064] 2015/03/02 07:50:17.835 收到 Head 資訊 {Count 2} {Type C } 
[4064] 2015/03/02 07:50:17.837 收到 Head 資訊 {Count 2} {Type C } 
[4064] 2015/03/02 07:50:17.839 收到 Head 資訊 {Count 2} {Type D } 
[4064] 2015/03/02 07:50:17.841 收到 Head 資訊 {Count 2} {Type C } 
[4064] 2015/03/02 07:50:17.843 收到 Head 資訊 {Count 2} {Type C } 
[4064] 2015/03/02 07:50:17.845 收到 Head 資訊 {Count 2} {Type C } 
[4064] 2015/03/02 07:50:17.847 收到 Head 資訊 {Count 2} {Type D } 
[4064] 2015/03/02 07:50:17.849 收到 Head 資訊 {Count 2} {Type D } 
[4064] 2015/03/02 07:50:17.851 收到 Head 資訊 {Count 2} {Type D } 
[4064] 2015/03/02 07:50:17.853 收到 Head 資訊 {Count 2} {Type C } 
[4064] 2015/03/02 07:50:17.855 收到 Head 資訊 {Count 2} {Type D } 
[4064] 2015/03/02 07:50:17.857 收到 Head 資訊 {Count 2} {Type D } 
[4064] 2015/03/02 07:50:17.859 收到 Head 資訊 {Count 2} {Type C } 
[4064] 2015/03/02 07:50:17.861 收到 Head 資訊 {Count 2} {Type D } 
[4064] 2015/03/02 07:50:17.863 收到 Head 資訊 {Count 2} {Type D } 
[4064] 2015/03/02 07:50:17.865 收到 Head 資訊 {Count 2} {Type B } 
[4064] 2015/03/02 07:50:40.758 API ExitInstance 
