[4064] 2015/03/02 07:50:15.165 SKOrderLib ª©¥» 2.1.22
[4064] 2015/03/02 07:50:15.168 Login ID: E122828927
[4064] 2015/03/02 07:50:15.903 CALL SKOrderLib_ReadCertByID(E122828927)
[4064] 2015/03/02 07:50:16.131 CALL RegisterOnAccountCallBack()
[4064] 2015/03/02 07:50:16.134 CALL GetUserAccount()
[4064] 2015/03/02 07:50:16.135 TS,918J,918J,0456453,E122828927,±d§Óºú,0,0
[4064] 2015/03/02 07:50:16.138 TF,F020000,B17,1709003,E122828927,±d§Óºú,0,0
[4064] 2015/03/02 07:50:16.139 OF,F020000,000,1709003,E122828927,±d§Óºú,0,0
[4064] 2015/03/02 07:50:16.142 CALL RegisterOnOrderAsyncReportCallBack()
[4064] 2015/03/02 07:50:16.145 CALL RegisterOnExecutionReportCallBack()
[4064] 2015/03/02 07:50:16.678 CALL RegisterOnOverseaFutureOpenInterestCallBack()
[4064] 2015/03/02 07:50:16.680 CALL GetOverseaFutureOpenInterest(F0200001709003)
[4064] 2015/03/02 07:50:34.875 SKOrderLib ª©¥» 2.1.22
[4064] 2015/03/02 07:50:34.878 Login ID: E122828927
[4064] 2015/03/02 07:50:38.381 CALL SKOrderLib_ReadCertByID(E122828927)
[4064] 2015/03/02 07:50:38.463 CALL RegisterOnAccountCallBack()
[4064] 2015/03/02 07:50:38.464 CALL GetUserAccount()
[4064] 2015/03/02 07:50:38.466 TS,918J,918J,0456453,E122828927,±d§Óºú,0,0
[4064] 2015/03/02 07:50:38.467 TF,F020000,B17,1709003,E122828927,±d§Óºú,0,0
[4064] 2015/03/02 07:50:38.469 OF,F020000,000,1709003,E122828927,±d§Óºú,0,0
[4064] 2015/03/02 07:50:38.471 CALL RegisterOnOrderAsyncReportCallBack()
[4064] 2015/03/02 07:50:38.473 CALL RegisterOnExecutionReportCallBack()
