[256] 2015/02/24 07:50:12.620 API InitInstance 
[256] 2015/02/24 07:50:14.147 E122828927 連線 Code：0
[256] 2015/02/24 07:50:15.152 收到 Head 資訊 {Count 2} {Type C } 
[256] 2015/02/24 07:50:15.155 收到 Head 資訊 {Count 2} {Type C } 
[256] 2015/02/24 07:50:15.157 收到 Head 資訊 {Count 2} {Type C } 
[256] 2015/02/24 07:50:15.159 收到 Head 資訊 {Count 2} {Type C } 
[256] 2015/02/24 07:50:15.161 收到 Head 資訊 {Count 2} {Type C } 
[256] 2015/02/24 07:50:15.163 收到 Head 資訊 {Count 2} {Type C } 
[256] 2015/02/24 07:50:15.165 收到 Head 資訊 {Count 2} {Type C } 
[256] 2015/02/24 07:50:15.167 收到 Head 資訊 {Count 2} {Type C } 
[256] 2015/02/24 07:50:15.170 收到 Head 資訊 {Count 2} {Type C } 
[256] 2015/02/24 07:50:15.172 收到 Head 資訊 {Count 2} {Type C } 
[256] 2015/02/24 07:50:15.174 收到 Head 資訊 {Count 2} {Type C } 
[256] 2015/02/24 07:50:15.175 收到 Head 資訊 {Count 2} {Type C } 
[256] 2015/02/24 07:50:15.177 收到 Head 資訊 {Count 2} {Type C } 
[256] 2015/02/24 07:50:15.179 收到 Head 資訊 {Count 2} {Type C } 
[256] 2015/02/24 07:50:15.181 收到 Head 資訊 {Count 2} {Type C } 
[256] 2015/02/24 07:50:15.183 收到 Head 資訊 {Count 2} {Type C } 
[256] 2015/02/24 07:50:15.185 收到 Head 資訊 {Count 2} {Type C } 
[256] 2015/02/24 07:50:15.187 收到 Head 資訊 {Count 2} {Type C } 
[256] 2015/02/24 07:50:15.189 收到 Head 資訊 {Count 2} {Type C } 
[256] 2015/02/24 07:50:15.191 收到 Head 資訊 {Count 2} {Type C } 
[256] 2015/02/24 07:50:15.193 收到 Head 資訊 {Count 2} {Type C } 
[256] 2015/02/24 07:50:15.195 收到 Head 資訊 {Count 2} {Type C } 
[256] 2015/02/24 07:50:15.197 收到 Head 資訊 {Count 2} {Type C } 
[256] 2015/02/24 07:50:15.199 收到 Head 資訊 {Count 2} {Type C } 
[256] 2015/02/24 07:50:15.201 收到 Head 資訊 {Count 2} {Type C } 
[256] 2015/02/24 07:50:15.203 收到 Head 資訊 {Count 2} {Type C } 
[256] 2015/02/24 07:50:15.205 收到 Head 資訊 {Count 2} {Type C } 
[256] 2015/02/24 07:50:15.206 收到 Head 資訊 {Count 2} {Type C } 
[256] 2015/02/24 07:50:15.208 收到 Head 資訊 {Count 2} {Type C } 
[256] 2015/02/24 07:50:15.210 收到 Head 資訊 {Count 2} {Type C } 
[256] 2015/02/24 07:50:15.212 收到 Head 資訊 {Count 2} {Type C } 
[256] 2015/02/24 07:50:15.213 收到 Head 資訊 {Count 2} {Type C } 
[256] 2015/02/24 07:50:15.215 收到 Head 資訊 {Count 2} {Type C } 
[256] 2015/02/24 07:50:15.217 收到 Head 資訊 {Count 2} {Type C } 
[256] 2015/02/24 07:50:15.219 收到 Head 資訊 {Count 2} {Type C } 
[256] 2015/02/24 07:50:15.221 收到 Head 資訊 {Count 2} {Type C } 
[256] 2015/02/24 07:50:15.223 收到 Head 資訊 {Count 2} {Type C } 
[256] 2015/02/24 07:50:15.225 收到 Head 資訊 {Count 2} {Type C } 
[256] 2015/02/24 07:50:15.227 收到 Head 資訊 {Count 2} {Type C } 
[256] 2015/02/24 07:50:15.228 收到 Head 資訊 {Count 2} {Type C } 
[256] 2015/02/24 07:50:15.230 收到 Head 資訊 {Count 2} {Type C } 
[256] 2015/02/24 07:50:15.232 收到 Head 資訊 {Count 2} {Type C } 
[256] 2015/02/24 07:50:15.234 收到 Head 資訊 {Count 2} {Type C } 
[256] 2015/02/24 07:50:15.236 收到 Head 資訊 {Count 2} {Type C } 
[256] 2015/02/24 07:50:15.237 收到 Head 資訊 {Count 2} {Type C } 
[256] 2015/02/24 07:50:15.239 收到 Head 資訊 {Count 2} {Type C } 
[256] 2015/02/24 07:50:15.241 收到 Head 資訊 {Count 2} {Type C } 
[256] 2015/02/24 07:50:15.243 收到 Head 資訊 {Count 2} {Type C } 
[256] 2015/02/24 07:50:15.245 收到 Head 資訊 {Count 2} {Type C } 
[256] 2015/02/24 07:50:15.247 收到 Head 資訊 {Count 2} {Type C } 
[256] 2015/02/24 07:50:15.248 收到 Head 資訊 {Count 2} {Type C } 
[256] 2015/02/24 07:50:15.250 收到 Head 資訊 {Count 2} {Type C } 
[256] 2015/02/24 07:50:15.252 收到 Head 資訊 {Count 2} {Type C } 
[256] 2015/02/24 07:50:15.254 收到 Head 資訊 {Count 2} {Type C } 
[256] 2015/02/24 07:50:15.256 收到 Head 資訊 {Count 2} {Type C } 
[256] 2015/02/24 07:50:15.258 收到 Head 資訊 {Count 2} {Type C } 
[256] 2015/02/24 07:50:15.260 收到 Head 資訊 {Count 2} {Type C } 
[256] 2015/02/24 07:50:15.262 收到 Head 資訊 {Count 2} {Type C } 
[256] 2015/02/24 07:50:15.264 收到 Head 資訊 {Count 2} {Type C } 
[256] 2015/02/24 07:50:15.266 收到 Head 資訊 {Count 2} {Type C } 
[256] 2015/02/24 07:50:15.268 收到 Head 資訊 {Count 2} {Type C } 
[256] 2015/02/24 07:50:15.269 收到 Head 資訊 {Count 2} {Type C } 
[256] 2015/02/24 07:50:15.271 收到 Head 資訊 {Count 2} {Type C } 
[256] 2015/02/24 07:50:15.273 收到 Head 資訊 {Count 2} {Type C } 
[256] 2015/02/24 07:50:15.275 收到 Head 資訊 {Count 2} {Type C } 
[256] 2015/02/24 07:50:15.277 收到 Head 資訊 {Count 2} {Type C } 
[256] 2015/02/24 07:50:15.279 收到 Head 資訊 {Count 2} {Type C } 
[256] 2015/02/24 07:50:15.281 收到 Head 資訊 {Count 2} {Type C } 
[256] 2015/02/24 07:50:15.283 收到 Head 資訊 {Count 2} {Type C } 
[256] 2015/02/24 07:50:15.285 收到 Head 資訊 {Count 2} {Type C } 
[256] 2015/02/24 07:50:15.287 收到 Head 資訊 {Count 2} {Type C } 
[256] 2015/02/24 07:50:15.289 收到 Head 資訊 {Count 2} {Type C } 
[256] 2015/02/24 07:50:15.291 收到 Head 資訊 {Count 2} {Type C } 
[256] 2015/02/24 07:50:15.292 收到 Head 資訊 {Count 2} {Type C } 
[256] 2015/02/24 07:50:15.294 收到 Head 資訊 {Count 2} {Type C } 
[256] 2015/02/24 07:50:15.296 收到 Head 資訊 {Count 2} {Type C } 
[256] 2015/02/24 07:50:15.298 收到 Head 資訊 {Count 2} {Type C } 
[256] 2015/02/24 07:50:15.300 收到 Head 資訊 {Count 2} {Type C } 
[256] 2015/02/24 07:50:15.301 收到 Head 資訊 {Count 2} {Type C } 
[256] 2015/02/24 07:50:15.303 收到 Head 資訊 {Count 2} {Type C } 
[256] 2015/02/24 07:50:15.305 收到 Head 資訊 {Count 2} {Type C } 
[256] 2015/02/24 07:50:15.307 收到 Head 資訊 {Count 2} {Type C } 
[256] 2015/02/24 07:50:15.309 收到 Head 資訊 {Count 2} {Type C } 
[256] 2015/02/24 07:50:15.311 收到 Head 資訊 {Count 2} {Type C } 
[256] 2015/02/24 07:50:15.312 收到 Head 資訊 {Count 2} {Type C } 
[256] 2015/02/24 07:50:15.314 收到 Head 資訊 {Count 2} {Type C } 
[256] 2015/02/24 07:50:15.316 收到 Head 資訊 {Count 2} {Type C } 
[256] 2015/02/24 07:50:15.318 收到 Head 資訊 {Count 2} {Type C } 
[256] 2015/02/24 07:50:15.320 收到 Head 資訊 {Count 2} {Type C } 
[256] 2015/02/24 07:50:15.321 收到 Head 資訊 {Count 2} {Type C } 
[256] 2015/02/24 07:50:15.323 收到 Head 資訊 {Count 2} {Type C } 
[256] 2015/02/24 07:50:15.325 收到 Head 資訊 {Count 2} {Type C } 
[256] 2015/02/24 07:50:15.327 收到 Head 資訊 {Count 2} {Type C } 
[256] 2015/02/24 07:50:15.329 收到 Head 資訊 {Count 2} {Type C } 
[256] 2015/02/24 07:50:15.331 收到 Head 資訊 {Count 2} {Type C } 
[256] 2015/02/24 07:50:15.332 收到 Head 資訊 {Count 2} {Type C } 
[256] 2015/02/24 07:50:15.334 收到 Head 資訊 {Count 2} {Type C } 
[256] 2015/02/24 07:50:15.336 收到 Head 資訊 {Count 2} {Type C } 
[256] 2015/02/24 07:50:15.338 收到 Head 資訊 {Count 2} {Type C } 
[256] 2015/02/24 07:50:15.339 收到 Head 資訊 {Count 2} {Type C } 
[256] 2015/02/24 07:50:15.341 收到 Head 資訊 {Count 2} {Type C } 
[256] 2015/02/24 07:50:15.343 收到 Head 資訊 {Count 2} {Type C } 
[256] 2015/02/24 07:50:15.345 收到 Head 資訊 {Count 2} {Type C } 
[256] 2015/02/24 07:50:15.347 收到 Head 資訊 {Count 2} {Type C } 
[256] 2015/02/24 07:50:15.349 收到 Head 資訊 {Count 2} {Type C } 
[256] 2015/02/24 07:50:15.351 收到 Head 資訊 {Count 2} {Type C } 
[256] 2015/02/24 07:50:15.353 收到 Head 資訊 {Count 2} {Type C } 
[256] 2015/02/24 07:50:15.354 收到 Head 資訊 {Count 2} {Type C } 
[256] 2015/02/24 07:50:15.356 收到 Head 資訊 {Count 2} {Type C } 
[256] 2015/02/24 07:50:15.358 收到 Head 資訊 {Count 2} {Type C } 
[256] 2015/02/24 07:50:15.360 收到 Head 資訊 {Count 2} {Type C } 
[256] 2015/02/24 07:50:15.362 收到 Head 資訊 {Count 2} {Type C } 
[256] 2015/02/24 07:50:15.364 收到 Head 資訊 {Count 2} {Type B } 
[256] 2015/02/24 07:51:09.826 收到 Head 資訊 {Count 2} {Type C } 
[256] 2015/02/24 07:51:12.911 連線確認 E122828927 (21,21)
[256] 2015/02/24 07:52:12.925 連線確認 E122828927 (21,21)
[256] 2015/02/24 07:53:12.938 連線確認 E122828927 (21,21)
[256] 2015/02/24 07:54:12.952 連線確認 E122828927 (21,21)
[256] 2015/02/24 07:54:39.744 收到 Head 資訊 {Count 2} {Type C } 
[256] 2015/02/24 07:54:49.739 收到 Head 資訊 {Count 2} {Type C } 
[256] 2015/02/24 07:55:12.965 連線確認 E122828927 (21,21)
[256] 2015/02/24 07:55:14.647 收到 Head 資訊 {Count 2} {Type B } 
[256] 2015/02/24 07:56:12.978 連線確認 E122828927 (21,21)
[256] 2015/02/24 07:57:12.992 連線確認 E122828927 (21,21)
[256] 2015/02/24 07:58:13.006 連線確認 E122828927 (21,21)
[256] 2015/02/24 07:59:13.020 連線確認 E122828927 (21,21)
[256] 2015/02/24 07:59:32.675 收到 Head 資訊 {Count 2} {Type C } 
[256] 2015/02/24 07:59:44.835 收到 Head 資訊 {Count 2} {Type C } 
[256] 2015/02/24 08:00:13.032 連線確認 E122828927 (21,21)
[256] 2015/02/24 08:00:17.210 收到 Head 資訊 {Count 2} {Type B } 
[256] 2015/02/24 08:01:13.046 連線確認 E122828927 (21,21)
[256] 2015/02/24 08:02:13.060 連線確認 E122828927 (21,21)
[256] 2015/02/24 08:03:13.074 連線確認 E122828927 (21,21)
[256] 2015/02/24 08:04:13.087 連線確認 E122828927 (21,21)
[256] 2015/02/24 08:05:13.100 連線確認 E122828927 (21,21)
[256] 2015/02/24 08:05:16.660 收到 Head 資訊 {Count 2} {Type B } 
[256] 2015/02/24 08:06:13.115 連線確認 E122828927 (21,21)
[256] 2015/02/24 08:07:13.127 連線確認 E122828927 (21,21)
[256] 2015/02/24 08:08:13.142 連線確認 E122828927 (21,21)
[256] 2015/02/24 08:08:49.780 收到 Head 資訊 {Count 2} {Type C } 
[256] 2015/02/24 08:09:13.155 連線確認 E122828927 (21,21)
[256] 2015/02/24 08:10:13.168 連線確認 E122828927 (21,21)
[256] 2015/02/24 08:10:17.679 收到 Head 資訊 {Count 2} {Type B } 
[256] 2015/02/24 08:11:13.183 連線確認 E122828927 (21,21)
[256] 2015/02/24 08:12:13.196 連線確認 E122828927 (21,21)
[256] 2015/02/24 08:13:13.209 連線確認 E122828927 (21,21)
[256] 2015/02/24 08:14:13.224 連線確認 E122828927 (21,21)
[256] 2015/02/24 08:15:13.238 連線確認 E122828927 (21,21)
[256] 2015/02/24 08:15:18.682 收到 Head 資訊 {Count 2} {Type B } 
[256] 2015/02/24 08:16:13.251 連線確認 E122828927 (21,21)
[256] 2015/02/24 08:17:13.263 連線確認 E122828927 (21,21)
[256] 2015/02/24 08:18:13.277 連線確認 E122828927 (21,21)
[256] 2015/02/24 08:19:13.290 連線確認 E122828927 (21,21)
[256] 2015/02/24 08:20:13.305 連線確認 E122828927 (21,21)
[256] 2015/02/24 08:20:19.702 收到 Head 資訊 {Count 2} {Type B } 
[256] 2015/02/24 08:21:13.318 連線確認 E122828927 (21,21)
[256] 2015/02/24 08:22:13.333 連線確認 E122828927 (21,21)
[256] 2015/02/24 08:23:13.346 連線確認 E122828927 (21,21)
[256] 2015/02/24 08:24:13.358 連線確認 E122828927 (21,21)
[256] 2015/02/24 08:25:13.373 連線確認 E122828927 (21,21)
[256] 2015/02/24 08:25:20.588 收到 Head 資訊 {Count 2} {Type B } 
[256] 2015/02/24 08:26:13.387 連線確認 E122828927 (21,21)
[256] 2015/02/24 08:27:13.401 連線確認 E122828927 (21,21)
[256] 2015/02/24 08:28:13.414 連線確認 E122828927 (21,21)
[256] 2015/02/24 08:29:13.426 連線確認 E122828927 (21,21)
[256] 2015/02/24 08:30:13.440 連線確認 E122828927 (21,21)
[256] 2015/02/24 08:30:21.640 收到 Head 資訊 {Count 2} {Type B } 
[256] 2015/02/24 08:31:13.453 連線確認 E122828927 (21,21)
[256] 2015/02/24 08:31:19.508 收到 Head 資訊 {Count 2} {Type C } 
[256] 2015/02/24 08:31:29.465 收到 Head 資訊 {Count 2} {Type C } 
[256] 2015/02/24 08:32:13.467 連線確認 E122828927 (21,21)
[256] 2015/02/24 08:33:13.482 連線確認 E122828927 (21,21)
[256] 2015/02/24 08:34:13.496 連線確認 E122828927 (21,21)
[256] 2015/02/24 08:34:39.364 收到 Head 資訊 {Count 2} {Type C } 
[256] 2015/02/24 08:34:49.368 收到 Head 資訊 {Count 2} {Type C } 
[256] 2015/02/24 08:34:59.333 收到 Head 資訊 {Count 2} {Type C } 
[256] 2015/02/24 08:35:13.509 連線確認 E122828927 (21,21)
[256] 2015/02/24 08:35:22.591 收到 Head 資訊 {Count 2} {Type B } 
[256] 2015/02/24 08:36:13.521 連線確認 E122828927 (21,21)
[256] 2015/02/24 08:37:13.536 連線確認 E122828927 (21,21)
[256] 2015/02/24 08:38:13.549 連線確認 E122828927 (21,21)
[256] 2015/02/24 08:39:13.563 連線確認 E122828927 (21,21)
[256] 2015/02/24 08:40:13.577 連線確認 E122828927 (21,21)
[256] 2015/02/24 08:40:18.877 收到 Head 資訊 {Count 2} {Type C } 
[256] 2015/02/24 08:40:23.133 收到 Head 資訊 {Count 2} {Type B } 
[256] 2015/02/24 08:40:28.854 收到 Head 資訊 {Count 2} {Type C } 
[256] 2015/02/24 08:41:13.589 連線確認 E122828927 (21,21)
[256] 2015/02/24 08:42:13.604 連線確認 E122828927 (21,21)
[256] 2015/02/24 08:43:13.617 連線確認 E122828927 (21,21)
[256] 2015/02/24 08:44:13.631 連線確認 E122828927 (21,21)
[256] 2015/02/24 08:45:13.644 連線確認 E122828927 (21,21)
[256] 2015/02/24 08:45:24.149 收到 Head 資訊 {Count 2} {Type B } 
[256] 2015/02/24 08:46:13.658 連線確認 E122828927 (21,21)
[256] 2015/02/24 08:47:13.671 連線確認 E122828927 (21,21)
[256] 2015/02/24 08:48:13.685 連線確認 E122828927 (21,21)
[256] 2015/02/24 08:49:13.699 連線確認 E122828927 (21,21)
[256] 2015/02/24 08:49:38.890 收到 Head 資訊 {Count 2} {Type C } 
[256] 2015/02/24 08:50:13.712 連線確認 E122828927 (21,21)
[256] 2015/02/24 08:50:25.172 收到 Head 資訊 {Count 2} {Type B } 
[256] 2015/02/24 08:51:13.726 連線確認 E122828927 (21,21)
[256] 2015/02/24 08:51:19.113 收到 Head 資訊 {Count 2} {Type C } 
[256] 2015/02/24 08:51:29.137 收到 Head 資訊 {Count 2} {Type C } 
[256] 2015/02/24 08:51:39.116 收到 Head 資訊 {Count 2} {Type C } 
[256] 2015/02/24 08:51:49.197 收到 Head 資訊 {Count 2} {Type C } 
[256] 2015/02/24 08:51:59.111 收到 Head 資訊 {Count 2} {Type C } 
[256] 2015/02/24 08:52:09.109 收到 Head 資訊 {Count 2} {Type C } 
[256] 2015/02/24 08:52:13.739 連線確認 E122828927 (21,21)
[256] 2015/02/24 08:52:19.209 收到 Head 資訊 {Count 2} {Type C } 
[256] 2015/02/24 08:53:13.753 連線確認 E122828927 (21,21)
[256] 2015/02/24 08:54:13.767 連線確認 E122828927 (21,21)
[256] 2015/02/24 08:55:13.779 連線確認 E122828927 (21,21)
[256] 2015/02/24 08:55:26.748 收到 Head 資訊 {Count 2} {Type B } 
[256] 2015/02/24 08:56:13.794 連線確認 E122828927 (21,21)
[256] 2015/02/24 08:57:13.807 連線確認 E122828927 (21,21)
[256] 2015/02/24 08:58:13.821 連線確認 E122828927 (21,21)
[256] 2015/02/24 08:59:13.835 連線確認 E122828927 (21,21)
[256] 2015/02/24 09:00:13.849 連線確認 E122828927 (21,21)
[256] 2015/02/24 09:00:27.784 收到 Head 資訊 {Count 2} {Type B } 
[256] 2015/02/24 09:01:13.862 連線確認 E122828927 (21,21)
[256] 2015/02/24 09:01:29.627 收到 Head 資訊 {Count 2} {Type C } 
[256] 2015/02/24 09:01:39.714 收到 Head 資訊 {Count 2} {Type C } 
[256] 2015/02/24 09:02:13.874 連線確認 E122828927 (21,21)
[256] 2015/02/24 09:03:13.888 連線確認 E122828927 (21,21)
[256] 2015/02/24 09:04:13.902 連線確認 E122828927 (21,21)
[256] 2015/02/24 09:05:13.918 連線確認 E122828927 (21,21)
[256] 2015/02/24 09:05:28.780 收到 Head 資訊 {Count 2} {Type B } 
[256] 2015/02/24 09:06:13.929 連線確認 E122828927 (21,21)
[256] 2015/02/24 09:07:13.944 連線確認 E122828927 (21,21)
[256] 2015/02/24 09:08:13.956 連線確認 E122828927 (21,21)
[256] 2015/02/24 09:09:13.970 連線確認 E122828927 (21,21)
[256] 2015/02/24 09:10:13.984 連線確認 E122828927 (21,21)
[256] 2015/02/24 09:10:29.690 收到 Head 資訊 {Count 2} {Type B } 
[256] 2015/02/24 09:11:13.998 連線確認 E122828927 (21,21)
[256] 2015/02/24 09:11:19.823 收到 Head 資訊 {Count 2} {Type C } 
[256] 2015/02/24 09:11:29.904 收到 Head 資訊 {Count 2} {Type C } 
[256] 2015/02/24 09:11:39.940 收到 Head 資訊 {Count 2} {Type C } 
[256] 2015/02/24 09:11:49.897 收到 Head 資訊 {Count 2} {Type C } 
[256] 2015/02/24 09:11:59.836 收到 Head 資訊 {Count 2} {Type C } 
[256] 2015/02/24 09:12:09.925 收到 Head 資訊 {Count 2} {Type C } 
[256] 2015/02/24 09:12:14.011 連線確認 E122828927 (21,21)
[256] 2015/02/24 09:13:14.025 連線確認 E122828927 (21,21)
[256] 2015/02/24 09:14:14.037 連線確認 E122828927 (21,21)
[256] 2015/02/24 09:14:39.832 收到 Head 資訊 {Count 2} {Type C } 
[256] 2015/02/24 09:15:14.053 連線確認 E122828927 (21,21)
[256] 2015/02/24 09:15:30.811 收到 Head 資訊 {Count 2} {Type B } 
[256] 2015/02/24 09:16:14.065 連線確認 E122828927 (21,21)
[256] 2015/02/24 09:17:14.080 連線確認 E122828927 (21,21)
[256] 2015/02/24 09:18:14.092 連線確認 E122828927 (21,21)
[256] 2015/02/24 09:19:14.106 連線確認 E122828927 (21,21)
[256] 2015/02/24 09:20:14.119 連線確認 E122828927 (21,21)
[256] 2015/02/24 09:20:31.802 收到 Head 資訊 {Count 2} {Type B } 
[256] 2015/02/24 09:21:14.133 連線確認 E122828927 (21,21)
[256] 2015/02/24 09:22:14.148 連線確認 E122828927 (21,21)
[256] 2015/02/24 09:22:39.738 收到 Head 資訊 {Count 2} {Type C } 
[256] 2015/02/24 09:22:49.860 收到 Head 資訊 {Count 2} {Type C } 
[256] 2015/02/24 09:23:14.161 連線確認 E122828927 (21,21)
[256] 2015/02/24 09:24:14.175 連線確認 E122828927 (21,21)
[256] 2015/02/24 09:25:14.188 連線確認 E122828927 (21,21)
[256] 2015/02/24 09:25:32.721 收到 Head 資訊 {Count 2} {Type B } 
[256] 2015/02/24 09:26:14.201 連線確認 E122828927 (21,21)
[256] 2015/02/24 09:27:14.215 連線確認 E122828927 (21,21)
[256] 2015/02/24 09:28:14.228 連線確認 E122828927 (21,21)
[256] 2015/02/24 09:29:14.242 連線確認 E122828927 (21,21)
[256] 2015/02/24 09:30:14.255 連線確認 E122828927 (21,21)
[256] 2015/02/24 09:30:33.862 收到 Head 資訊 {Count 2} {Type B } 
[256] 2015/02/24 09:31:14.270 連線確認 E122828927 (21,21)
[256] 2015/02/24 09:31:29.988 收到 Head 資訊 {Count 2} {Type C } 
[256] 2015/02/24 09:31:40.056 收到 Head 資訊 {Count 2} {Type C } 
[256] 2015/02/24 09:31:50.050 收到 Head 資訊 {Count 2} {Type C } 
[256] 2015/02/24 09:32:00.043 收到 Head 資訊 {Count 2} {Type C } 
[256] 2015/02/24 09:32:14.282 連線確認 E122828927 (21,21)
[256] 2015/02/24 09:33:14.296 連線確認 E122828927 (21,21)
[256] 2015/02/24 09:34:14.309 連線確認 E122828927 (21,21)
[256] 2015/02/24 09:35:14.323 連線確認 E122828927 (21,21)
[256] 2015/02/24 09:35:34.787 收到 Head 資訊 {Count 2} {Type B } 
[256] 2015/02/24 09:36:14.337 連線確認 E122828927 (21,21)
[256] 2015/02/24 09:37:14.350 連線確認 E122828927 (21,21)
[256] 2015/02/24 09:38:14.363 連線確認 E122828927 (21,21)
[256] 2015/02/24 09:39:14.378 連線確認 E122828927 (21,21)
[256] 2015/02/24 09:40:14.392 連線確認 E122828927 (21,21)
[256] 2015/02/24 09:40:35.800 收到 Head 資訊 {Count 2} {Type B } 
[256] 2015/02/24 09:41:14.405 連線確認 E122828927 (21,21)
[256] 2015/02/24 09:42:14.418 連線確認 E122828927 (21,21)
[256] 2015/02/24 09:43:14.433 連線確認 E122828927 (21,21)
[256] 2015/02/24 09:43:19.944 收到 Head 資訊 {Count 2} {Type C } 
[256] 2015/02/24 09:43:29.950 收到 Head 資訊 {Count 2} {Type C } 
[256] 2015/02/24 09:44:14.446 連線確認 E122828927 (21,21)
[256] 2015/02/24 09:45:14.458 連線確認 E122828927 (21,21)
[256] 2015/02/24 09:45:36.769 收到 Head 資訊 {Count 2} {Type B } 
[256] 2015/02/24 09:46:14.472 連線確認 E122828927 (21,21)
[256] 2015/02/24 09:47:14.486 連線確認 E122828927 (21,21)
[256] 2015/02/24 09:48:14.500 連線確認 E122828927 (21,21)
[256] 2015/02/24 09:49:14.513 連線確認 E122828927 (21,21)
[256] 2015/02/24 09:50:14.528 連線確認 E122828927 (21,21)
[256] 2015/02/24 09:50:37.735 收到 Head 資訊 {Count 2} {Type B } 
[256] 2015/02/24 09:51:14.541 連線確認 E122828927 (21,21)
[256] 2015/02/24 09:51:30.305 收到 Head 資訊 {Count 2} {Type C } 
[256] 2015/02/24 09:52:14.554 連線確認 E122828927 (21,21)
[256] 2015/02/24 09:53:14.569 連線確認 E122828927 (21,21)
[256] 2015/02/24 09:54:14.581 連線確認 E122828927 (21,21)
[256] 2015/02/24 09:54:39.697 收到 Head 資訊 {Count 2} {Type C } 
[256] 2015/02/24 09:55:14.595 連線確認 E122828927 (21,21)
[256] 2015/02/24 09:55:38.480 收到 Head 資訊 {Count 2} {Type B } 
[256] 2015/02/24 09:56:14.609 連線確認 E122828927 (21,21)
[256] 2015/02/24 09:57:14.621 連線確認 E122828927 (21,21)
[256] 2015/02/24 09:58:14.638 連線確認 E122828927 (21,21)
[256] 2015/02/24 09:59:14.650 連線確認 E122828927 (21,21)
[256] 2015/02/24 10:00:14.663 連線確認 E122828927 (21,21)
[256] 2015/02/24 10:00:39.511 收到 Head 資訊 {Count 2} {Type B } 
[256] 2015/02/24 10:01:14.677 連線確認 E122828927 (21,21)
[256] 2015/02/24 10:02:14.690 連線確認 E122828927 (21,21)
[256] 2015/02/24 10:03:14.704 連線確認 E122828927 (21,21)
[256] 2015/02/24 10:03:39.750 收到 Head 資訊 {Count 2} {Type C } 
[256] 2015/02/24 10:03:49.746 收到 Head 資訊 {Count 2} {Type C } 
[256] 2015/02/24 10:04:14.717 連線確認 E122828927 (21,21)
[256] 2015/02/24 10:05:14.732 連線確認 E122828927 (21,21)
[256] 2015/02/24 10:05:40.412 收到 Head 資訊 {Count 2} {Type B } 
[256] 2015/02/24 10:06:14.744 連線確認 E122828927 (21,21)
[256] 2015/02/24 10:07:16.507 連線確認 E122828927 (21,21)
[256] 2015/02/24 10:08:16.503 連線確認 E122828927 (21,21)
[256] 2015/02/24 10:09:16.517 連線確認 E122828927 (21,21)
[256] 2015/02/24 10:10:16.530 連線確認 E122828927 (21,21)
[256] 2015/02/24 10:10:41.852 收到 Head 資訊 {Count 2} {Type B } 
[256] 2015/02/24 10:11:16.544 連線確認 E122828927 (21,21)
[256] 2015/02/24 10:11:30.354 收到 Head 資訊 {Count 2} {Type C } 
[256] 2015/02/24 10:11:40.338 收到 Head 資訊 {Count 2} {Type C } 
[256] 2015/02/24 10:11:50.321 收到 Head 資訊 {Count 2} {Type C } 
[256] 2015/02/24 10:12:00.342 收到 Head 資訊 {Count 2} {Type C } 
[256] 2015/02/24 10:12:10.362 收到 Head 資訊 {Count 2} {Type C } 
[256] 2015/02/24 10:12:16.559 連線確認 E122828927 (21,21)
[256] 2015/02/24 10:13:16.571 連線確認 E122828927 (21,21)
[256] 2015/02/24 10:14:16.585 連線確認 E122828927 (21,21)
[256] 2015/02/24 10:15:16.599 連線確認 E122828927 (21,21)
[256] 2015/02/24 10:15:42.861 收到 Head 資訊 {Count 2} {Type B } 
[256] 2015/02/24 10:16:16.612 連線確認 E122828927 (21,21)
[256] 2015/02/24 10:17:16.626 連線確認 E122828927 (21,21)
[256] 2015/02/24 10:18:16.640 連線確認 E122828927 (21,21)
[256] 2015/02/24 10:19:16.653 連線確認 E122828927 (21,21)
[256] 2015/02/24 10:20:16.667 連線確認 E122828927 (21,21)
[256] 2015/02/24 10:20:43.817 收到 Head 資訊 {Count 2} {Type B } 
[256] 2015/02/24 10:21:16.680 連線確認 E122828927 (21,21)
[256] 2015/02/24 10:22:16.693 連線確認 E122828927 (21,21)
[256] 2015/02/24 10:23:16.706 連線確認 E122828927 (21,21)
[256] 2015/02/24 10:24:16.720 連線確認 E122828927 (21,21)
[256] 2015/02/24 10:24:29.233 收到 Head 資訊 {Count 2} {Type C } 
[256] 2015/02/24 10:24:39.336 收到 Head 資訊 {Count 2} {Type C } 
[256] 2015/02/24 10:25:16.734 連線確認 E122828927 (21,21)
[256] 2015/02/24 10:25:44.870 收到 Head 資訊 {Count 2} {Type B } 
[256] 2015/02/24 10:26:16.748 連線確認 E122828927 (21,21)
[256] 2015/02/24 10:27:16.762 連線確認 E122828927 (21,21)
[256] 2015/02/24 10:28:16.776 連線確認 E122828927 (21,21)
[256] 2015/02/24 10:29:16.789 連線確認 E122828927 (21,21)
[256] 2015/02/24 10:30:16.802 連線確認 E122828927 (21,21)
[256] 2015/02/24 10:30:45.869 收到 Head 資訊 {Count 2} {Type B } 
[256] 2015/02/24 10:31:16.815 連線確認 E122828927 (21,21)
[256] 2015/02/24 10:32:16.830 連線確認 E122828927 (21,21)
[256] 2015/02/24 10:33:16.843 連線確認 E122828927 (21,21)
[256] 2015/02/24 10:34:16.856 連線確認 E122828927 (21,21)
[256] 2015/02/24 10:34:39.494 收到 Head 資訊 {Count 2} {Type C } 
[256] 2015/02/24 10:34:49.477 收到 Head 資訊 {Count 2} {Type C } 
[256] 2015/02/24 10:34:59.478 收到 Head 資訊 {Count 2} {Type C } 
[256] 2015/02/24 10:35:16.870 連線確認 E122828927 (21,21)
[256] 2015/02/24 10:35:46.970 收到 Head 資訊 {Count 2} {Type B } 
[256] 2015/02/24 10:36:16.883 連線確認 E122828927 (21,21)
[256] 2015/02/24 10:37:16.897 連線確認 E122828927 (21,21)
[256] 2015/02/24 10:38:16.911 連線確認 E122828927 (21,21)
[256] 2015/02/24 10:39:16.924 連線確認 E122828927 (21,21)
[256] 2015/02/24 10:40:16.939 連線確認 E122828927 (21,21)
[256] 2015/02/24 10:40:47.927 收到 Head 資訊 {Count 2} {Type B } 
[256] 2015/02/24 10:41:16.952 連線確認 E122828927 (21,21)
[256] 2015/02/24 10:42:16.965 連線確認 E122828927 (21,21)
[256] 2015/02/24 10:43:16.979 連線確認 E122828927 (21,21)
[256] 2015/02/24 10:44:16.993 連線確認 E122828927 (21,21)
[256] 2015/02/24 10:44:59.463 收到 Head 資訊 {Count 2} {Type C } 
[256] 2015/02/24 10:45:09.498 收到 Head 資訊 {Count 2} {Type C } 
[256] 2015/02/24 10:45:17.007 連線確認 E122828927 (21,21)
[256] 2015/02/24 10:45:48.911 收到 Head 資訊 {Count 2} {Type B } 
[256] 2015/02/24 10:46:17.020 連線確認 E122828927 (21,21)
[256] 2015/02/24 10:47:17.034 連線確認 E122828927 (21,21)
[256] 2015/02/24 10:48:17.046 連線確認 E122828927 (21,21)
[256] 2015/02/24 10:49:17.061 連線確認 E122828927 (21,21)
[256] 2015/02/24 10:50:17.075 連線確認 E122828927 (21,21)
[256] 2015/02/24 10:50:49.952 收到 Head 資訊 {Count 2} {Type B } 
[256] 2015/02/24 10:51:17.088 連線確認 E122828927 (21,21)
[256] 2015/02/24 10:51:29.701 收到 Head 資訊 {Count 2} {Type C } 
[256] 2015/02/24 10:51:39.744 收到 Head 資訊 {Count 2} {Type C } 
[256] 2015/02/24 10:51:49.787 收到 Head 資訊 {Count 2} {Type C } 
[256] 2015/02/24 10:51:59.788 收到 Head 資訊 {Count 2} {Type C } 
[256] 2015/02/24 10:52:09.771 收到 Head 資訊 {Count 2} {Type C } 
[256] 2015/02/24 10:52:17.101 連線確認 E122828927 (21,21)
[256] 2015/02/24 10:53:17.115 連線確認 E122828927 (21,21)
[256] 2015/02/24 10:54:17.129 連線確認 E122828927 (21,21)
[256] 2015/02/24 10:55:17.141 連線確認 E122828927 (21,21)
[256] 2015/02/24 10:55:51.010 收到 Head 資訊 {Count 2} {Type B } 
[256] 2015/02/24 10:56:17.156 連線確認 E122828927 (21,21)
[256] 2015/02/24 10:57:17.169 連線確認 E122828927 (21,21)
[256] 2015/02/24 10:58:17.183 連線確認 E122828927 (21,21)
[256] 2015/02/24 10:59:17.196 連線確認 E122828927 (21,21)
[256] 2015/02/24 11:00:17.210 連線確認 E122828927 (21,21)
[256] 2015/02/24 11:00:52.013 收到 Head 資訊 {Count 2} {Type B } 
[256] 2015/02/24 11:01:17.223 連線確認 E122828927 (21,21)
[256] 2015/02/24 11:02:17.237 連線確認 E122828927 (21,21)
[256] 2015/02/24 11:03:17.251 連線確認 E122828927 (21,21)
[256] 2015/02/24 11:04:17.263 連線確認 E122828927 (21,21)
[256] 2015/02/24 11:05:17.278 連線確認 E122828927 (21,21)
[256] 2015/02/24 11:05:49.565 收到 Head 資訊 {Count 2} {Type C } 
[256] 2015/02/24 11:05:52.960 收到 Head 資訊 {Count 2} {Type B } 
[256] 2015/02/24 11:05:59.576 收到 Head 資訊 {Count 2} {Type C } 
[256] 2015/02/24 11:06:17.291 連線確認 E122828927 (21,21)
[256] 2015/02/24 11:07:17.305 連線確認 E122828927 (21,21)
[256] 2015/02/24 11:08:17.318 連線確認 E122828927 (21,21)
[256] 2015/02/24 11:09:17.332 連線確認 E122828927 (21,21)
[256] 2015/02/24 11:10:17.345 連線確認 E122828927 (21,21)
[256] 2015/02/24 11:10:54.008 收到 Head 資訊 {Count 2} {Type B } 
[256] 2015/02/24 11:11:17.360 連線確認 E122828927 (21,21)
[256] 2015/02/24 11:11:29.775 收到 Head 資訊 {Count 2} {Type C } 
[256] 2015/02/24 11:11:39.800 收到 Head 資訊 {Count 2} {Type C } 
[256] 2015/02/24 11:11:49.829 收到 Head 資訊 {Count 2} {Type C } 
[256] 2015/02/24 11:11:59.877 收到 Head 資訊 {Count 2} {Type C } 
[256] 2015/02/24 11:12:09.860 收到 Head 資訊 {Count 2} {Type C } 
[256] 2015/02/24 11:12:17.374 連線確認 E122828927 (21,21)
[256] 2015/02/24 11:12:19.875 收到 Head 資訊 {Count 2} {Type C } 
[256] 2015/02/24 11:13:17.387 連線確認 E122828927 (21,21)
[256] 2015/02/24 11:14:17.399 連線確認 E122828927 (21,21)
[256] 2015/02/24 11:14:39.773 收到 Head 資訊 {Count 2} {Type C } 
[256] 2015/02/24 11:14:49.761 收到 Head 資訊 {Count 2} {Type C } 
[256] 2015/02/24 11:15:17.414 連線確認 E122828927 (21,21)
[256] 2015/02/24 11:15:54.923 收到 Head 資訊 {Count 2} {Type B } 
[256] 2015/02/24 11:16:17.427 連線確認 E122828927 (21,21)
[256] 2015/02/24 11:17:17.440 連線確認 E122828927 (21,21)
[256] 2015/02/24 11:18:17.455 連線確認 E122828927 (21,21)
[256] 2015/02/24 11:19:17.468 連線確認 E122828927 (21,21)
[256] 2015/02/24 11:20:17.482 連線確認 E122828927 (21,21)
[256] 2015/02/24 11:20:56.032 收到 Head 資訊 {Count 2} {Type B } 
[256] 2015/02/24 11:21:17.495 連線確認 E122828927 (21,21)
[256] 2015/02/24 11:22:17.508 連線確認 E122828927 (21,21)
[256] 2015/02/24 11:23:17.521 連線確認 E122828927 (21,21)
[256] 2015/02/24 11:24:17.536 連線確認 E122828927 (21,21)
[256] 2015/02/24 11:25:17.550 連線確認 E122828927 (21,21)
[256] 2015/02/24 11:25:56.961 收到 Head 資訊 {Count 2} {Type B } 
[256] 2015/02/24 11:26:17.564 連線確認 E122828927 (21,21)
[256] 2015/02/24 11:27:09.761 收到 Head 資訊 {Count 2} {Type C } 
[256] 2015/02/24 11:27:17.576 連線確認 E122828927 (21,21)
[256] 2015/02/24 11:27:19.793 收到 Head 資訊 {Count 2} {Type C } 
[256] 2015/02/24 11:28:17.590 連線確認 E122828927 (21,21)
[256] 2015/02/24 11:29:17.604 連線確認 E122828927 (21,21)
[256] 2015/02/24 11:30:17.616 連線確認 E122828927 (21,21)
[256] 2015/02/24 11:30:58.087 收到 Head 資訊 {Count 2} {Type B } 
[256] 2015/02/24 11:31:17.631 連線確認 E122828927 (21,21)
[256] 2015/02/24 11:31:30.084 收到 Head 資訊 {Count 2} {Type C } 
[256] 2015/02/24 11:31:40.107 收到 Head 資訊 {Count 2} {Type C } 
[256] 2015/02/24 11:32:17.645 連線確認 E122828927 (21,21)
[256] 2015/02/24 11:33:17.659 連線確認 E122828927 (21,21)
[256] 2015/02/24 11:34:17.671 連線確認 E122828927 (21,21)
[256] 2015/02/24 11:34:39.957 收到 Head 資訊 {Count 2} {Type C } 
[256] 2015/02/24 11:35:17.686 連線確認 E122828927 (21,21)
[256] 2015/02/24 11:35:59.093 收到 Head 資訊 {Count 2} {Type B } 
[256] 2015/02/24 11:36:17.699 連線確認 E122828927 (21,21)
[256] 2015/02/24 11:37:17.712 連線確認 E122828927 (21,21)
[256] 2015/02/24 11:38:17.726 連線確認 E122828927 (21,21)
[256] 2015/02/24 11:39:17.740 連線確認 E122828927 (21,21)
[256] 2015/02/24 11:40:17.753 連線確認 E122828927 (21,21)
[256] 2015/02/24 11:41:00.024 收到 Head 資訊 {Count 2} {Type B } 
[256] 2015/02/24 11:41:17.766 連線確認 E122828927 (21,21)
[256] 2015/02/24 11:42:17.780 連線確認 E122828927 (21,21)
[256] 2015/02/24 11:43:17.794 連線確認 E122828927 (21,21)
[256] 2015/02/24 11:44:32.029 連線確認 E122828927 (21,21)
[256] 2015/02/24 11:45:32.018 連線確認 E122828927 (21,21)
[256] 2015/02/24 11:46:00.989 收到 Head 資訊 {Count 2} {Type B } 
[256] 2015/02/24 11:46:32.030 連線確認 E122828927 (21,21)
[256] 2015/02/24 11:47:32.045 連線確認 E122828927 (21,21)
[256] 2015/02/24 11:47:39.862 收到 Head 資訊 {Count 2} {Type C } 
[256] 2015/02/24 11:47:49.932 收到 Head 資訊 {Count 2} {Type C } 
[256] 2015/02/24 11:48:32.058 連線確認 E122828927 (21,21)
[256] 2015/02/24 11:49:32.071 連線確認 E122828927 (21,21)
[256] 2015/02/24 11:50:32.086 連線確認 E122828927 (21,21)
[256] 2015/02/24 11:51:02.066 收到 Head 資訊 {Count 2} {Type B } 
[256] 2015/02/24 11:51:30.268 收到 Head 資訊 {Count 2} {Type C } 
[256] 2015/02/24 11:51:32.098 連線確認 E122828927 (21,21)
[256] 2015/02/24 11:51:40.135 收到 Head 資訊 {Count 2} {Type C } 
[256] 2015/02/24 11:51:50.144 收到 Head 資訊 {Count 2} {Type C } 
[256] 2015/02/24 11:52:00.194 收到 Head 資訊 {Count 2} {Type C } 
[256] 2015/02/24 11:52:32.112 連線確認 E122828927 (21,21)
[256] 2015/02/24 11:53:32.125 連線確認 E122828927 (21,21)
[256] 2015/02/24 11:54:32.139 連線確認 E122828927 (21,21)
[256] 2015/02/24 11:55:20.458 收到 Head 資訊 {Count 2} {Type C } 
[256] 2015/02/24 11:55:30.477 收到 Head 資訊 {Count 2} {Type C } 
[256] 2015/02/24 11:55:32.153 連線確認 E122828927 (21,21)
[256] 2015/02/24 11:56:03.060 收到 Head 資訊 {Count 2} {Type B } 
[256] 2015/02/24 11:56:32.167 連線確認 E122828927 (21,21)
[256] 2015/02/24 11:57:32.180 連線確認 E122828927 (21,21)
[256] 2015/02/24 11:58:32.193 連線確認 E122828927 (21,21)
[256] 2015/02/24 11:59:32.208 連線確認 E122828927 (21,21)
[256] 2015/02/24 12:00:32.221 連線確認 E122828927 (21,21)
[256] 2015/02/24 12:01:04.069 收到 Head 資訊 {Count 2} {Type B } 
[256] 2015/02/24 12:01:32.235 連線確認 E122828927 (21,21)
[256] 2015/02/24 12:02:32.248 連線確認 E122828927 (21,21)
[256] 2015/02/24 12:03:32.261 連線確認 E122828927 (21,21)
[256] 2015/02/24 12:04:32.276 連線確認 E122828927 (21,21)
[256] 2015/02/24 12:05:32.288 連線確認 E122828927 (21,21)
[256] 2015/02/24 12:06:05.083 收到 Head 資訊 {Count 2} {Type B } 
[256] 2015/02/24 12:06:32.303 連線確認 E122828927 (21,21)
[256] 2015/02/24 12:07:32.316 連線確認 E122828927 (21,21)
[256] 2015/02/24 12:08:32.330 連線確認 E122828927 (21,21)
[256] 2015/02/24 12:09:20.549 收到 Head 資訊 {Count 2} {Type C } 
[256] 2015/02/24 12:09:30.575 收到 Head 資訊 {Count 2} {Type C } 
[256] 2015/02/24 12:09:32.343 連線確認 E122828927 (21,21)
[256] 2015/02/24 12:10:32.357 連線確認 E122828927 (21,21)
[256] 2015/02/24 12:11:06.178 收到 Head 資訊 {Count 2} {Type B } 
[256] 2015/02/24 12:11:32.370 連線確認 E122828927 (21,21)
[256] 2015/02/24 12:12:10.819 收到 Head 資訊 {Count 2} {Type C } 
[256] 2015/02/24 12:12:20.858 收到 Head 資訊 {Count 2} {Type C } 
[256] 2015/02/24 12:12:30.823 收到 Head 資訊 {Count 2} {Type C } 
[256] 2015/02/24 12:12:32.383 連線確認 E122828927 (21,21)
[256] 2015/02/24 12:12:40.914 收到 Head 資訊 {Count 2} {Type C } 
[256] 2015/02/24 12:12:50.816 收到 Head 資訊 {Count 2} {Type C } 
[256] 2015/02/24 12:13:00.812 收到 Head 資訊 {Count 2} {Type C } 
[256] 2015/02/24 12:13:10.819 收到 Head 資訊 {Count 2} {Type C } 
[256] 2015/02/24 12:13:32.398 連線確認 E122828927 (21,21)
[256] 2015/02/24 12:14:32.411 連線確認 E122828927 (21,21)
[256] 2015/02/24 12:14:40.236 收到 Head 資訊 {Count 2} {Type C } 
[256] 2015/02/24 12:14:50.130 收到 Head 資訊 {Count 2} {Type C } 
[256] 2015/02/24 12:15:00.169 收到 Head 資訊 {Count 2} {Type C } 
[256] 2015/02/24 12:15:32.425 連線確認 E122828927 (21,21)
[256] 2015/02/24 12:16:07.104 收到 Head 資訊 {Count 2} {Type B } 
[256] 2015/02/24 12:16:32.438 連線確認 E122828927 (21,21)
[256] 2015/02/24 12:17:32.452 連線確認 E122828927 (21,21)
[256] 2015/02/24 12:18:32.466 連線確認 E122828927 (21,21)
[256] 2015/02/24 12:19:32.478 連線確認 E122828927 (21,21)
[256] 2015/02/24 12:20:32.493 連線確認 E122828927 (21,21)
[256] 2015/02/24 12:21:08.125 收到 Head 資訊 {Count 2} {Type B } 
[256] 2015/02/24 12:21:32.506 連線確認 E122828927 (21,21)
[256] 2015/02/24 12:22:32.520 連線確認 E122828927 (21,21)
[256] 2015/02/24 12:23:32.533 連線確認 E122828927 (21,21)
[256] 2015/02/24 12:24:32.548 連線確認 E122828927 (21,21)
[256] 2015/02/24 12:25:32.560 連線確認 E122828927 (21,21)
[256] 2015/02/24 12:26:09.079 收到 Head 資訊 {Count 2} {Type B } 
[256] 2015/02/24 12:26:32.574 連線確認 E122828927 (21,21)
[256] 2015/02/24 12:27:32.588 連線確認 E122828927 (21,21)
[256] 2015/02/24 12:28:32.601 連線確認 E122828927 (21,21)
[256] 2015/02/24 12:29:32.616 連線確認 E122828927 (21,21)
[256] 2015/02/24 12:30:20.283 收到 Head 資訊 {Count 2} {Type C } 
[256] 2015/02/24 12:30:30.297 收到 Head 資訊 {Count 2} {Type C } 
[256] 2015/02/24 12:30:32.629 連線確認 E122828927 (21,21)
[256] 2015/02/24 12:31:10.137 收到 Head 資訊 {Count 2} {Type B } 
[256] 2015/02/24 12:31:30.482 收到 Head 資訊 {Count 2} {Type C } 
[256] 2015/02/24 12:31:32.642 連線確認 E122828927 (21,21)
[256] 2015/02/24 12:31:40.505 收到 Head 資訊 {Count 2} {Type C } 
[256] 2015/02/24 12:32:32.655 連線確認 E122828927 (21,21)
[256] 2015/02/24 12:33:32.669 連線確認 E122828927 (21,21)
[256] 2015/02/24 12:34:32.683 連線確認 E122828927 (21,21)
[256] 2015/02/24 12:34:40.268 收到 Head 資訊 {Count 2} {Type C } 
[256] 2015/02/24 12:34:50.344 收到 Head 資訊 {Count 2} {Type C } 
[256] 2015/02/24 12:35:00.387 收到 Head 資訊 {Count 2} {Type C } 
[256] 2015/02/24 12:35:32.697 連線確認 E122828927 (21,21)
[256] 2015/02/24 12:36:11.094 收到 Head 資訊 {Count 2} {Type B } 
[256] 2015/02/24 12:36:32.710 連線確認 E122828927 (21,21)
[256] 2015/02/24 12:37:32.723 連線確認 E122828927 (21,21)
[256] 2015/02/24 12:38:32.737 連線確認 E122828927 (21,21)
[256] 2015/02/24 12:39:32.751 連線確認 E122828927 (21,21)
[256] 2015/02/24 12:40:32.764 連線確認 E122828927 (21,21)
[256] 2015/02/24 12:41:12.206 收到 Head 資訊 {Count 2} {Type B } 
[256] 2015/02/24 12:41:32.778 連線確認 E122828927 (21,21)
[256] 2015/02/24 12:42:32.792 連線確認 E122828927 (21,21)
[256] 2015/02/24 12:43:32.805 連線確認 E122828927 (21,21)
[256] 2015/02/24 12:44:32.819 連線確認 E122828927 (21,21)
[256] 2015/02/24 12:45:32.833 連線確認 E122828927 (21,21)
[256] 2015/02/24 12:46:13.125 收到 Head 資訊 {Count 2} {Type B } 
[256] 2015/02/24 12:46:32.845 連線確認 E122828927 (21,21)
[256] 2015/02/24 12:47:32.860 連線確認 E122828927 (21,21)
[256] 2015/02/24 12:48:32.873 連線確認 E122828927 (21,21)
[256] 2015/02/24 12:49:32.886 連線確認 E122828927 (21,21)
[256] 2015/02/24 12:50:32.901 連線確認 E122828927 (21,21)
[256] 2015/02/24 12:51:14.123 收到 Head 資訊 {Count 2} {Type B } 
[256] 2015/02/24 12:51:30.637 收到 Head 資訊 {Count 2} {Type C } 
[256] 2015/02/24 12:51:32.913 連線確認 E122828927 (21,21)
[256] 2015/02/24 12:51:40.632 收到 Head 資訊 {Count 2} {Type C } 
[256] 2015/02/24 12:51:50.674 收到 Head 資訊 {Count 2} {Type C } 
[256] 2015/02/24 12:52:32.927 連線確認 E122828927 (21,21)
[256] 2015/02/24 12:53:32.942 連線確認 E122828927 (21,21)
[256] 2015/02/24 12:54:32.954 連線確認 E122828927 (21,21)
[256] 2015/02/24 12:54:39.445 收到 Head 資訊 {Count 2} {Type C } 
[256] 2015/02/24 12:54:49.577 收到 Head 資訊 {Count 2} {Type C } 
[256] 2015/02/24 12:55:32.969 連線確認 E122828927 (21,21)
[256] 2015/02/24 12:56:15.178 收到 Head 資訊 {Count 2} {Type B } 
[256] 2015/02/24 12:56:32.981 連線確認 E122828927 (21,21)
[256] 2015/02/24 12:57:32.996 連線確認 E122828927 (21,21)
[256] 2015/02/24 12:58:33.008 連線確認 E122828927 (21,21)
[256] 2015/02/24 12:59:33.023 連線確認 E122828927 (21,21)
[256] 2015/02/24 13:00:33.036 連線確認 E122828927 (21,21)
[256] 2015/02/24 13:01:16.258 收到 Head 資訊 {Count 2} {Type B } 
[256] 2015/02/24 13:01:33.050 連線確認 E122828927 (21,21)
[256] 2015/02/24 13:02:33.063 連線確認 E122828927 (21,21)
[256] 2015/02/24 13:03:33.076 連線確認 E122828927 (21,21)
[256] 2015/02/24 13:04:33.090 連線確認 E122828927 (21,21)
[256] 2015/02/24 13:05:33.104 連線確認 E122828927 (21,21)
[256] 2015/02/24 13:06:17.272 收到 Head 資訊 {Count 2} {Type B } 
[256] 2015/02/24 13:06:33.117 連線確認 E122828927 (21,21)
[256] 2015/02/24 13:07:33.131 連線確認 E122828927 (21,21)
[256] 2015/02/24 13:08:33.145 連線確認 E122828927 (21,21)
[256] 2015/02/24 13:09:33.159 連線確認 E122828927 (21,21)
[256] 2015/02/24 13:10:33.171 連線確認 E122828927 (21,21)
[256] 2015/02/24 13:11:18.299 收到 Head 資訊 {Count 2} {Type B } 
[256] 2015/02/24 13:11:29.734 收到 Head 資訊 {Count 2} {Type C } 
[256] 2015/02/24 13:11:33.185 連線確認 E122828927 (21,21)
[256] 2015/02/24 13:12:33.199 連線確認 E122828927 (21,21)
[256] 2015/02/24 13:13:33.213 連線確認 E122828927 (21,21)
[256] 2015/02/24 13:14:33.226 連線確認 E122828927 (21,21)
[256] 2015/02/24 13:14:39.707 收到 Head 資訊 {Count 2} {Type C } 
[256] 2015/02/24 13:15:33.240 連線確認 E122828927 (21,21)
[256] 2015/02/24 13:16:19.179 收到 Head 資訊 {Count 2} {Type B } 
[256] 2015/02/24 13:16:33.253 連線確認 E122828927 (21,21)
[256] 2015/02/24 13:17:33.269 連線確認 E122828927 (21,21)
[256] 2015/02/24 13:18:33.280 連線確認 E122828927 (21,21)
[256] 2015/02/24 13:19:33.293 連線確認 E122828927 (21,21)
[256] 2015/02/24 13:20:33.308 連線確認 E122828927 (21,21)
[256] 2015/02/24 13:21:20.299 收到 Head 資訊 {Count 2} {Type B } 
[256] 2015/02/24 13:21:33.321 連線確認 E122828927 (21,21)
[256] 2015/02/24 13:22:33.335 連線確認 E122828927 (21,21)
[256] 2015/02/24 13:23:33.348 連線確認 E122828927 (21,21)
[256] 2015/02/24 13:24:33.363 連線確認 E122828927 (21,21)
[256] 2015/02/24 13:25:33.376 連線確認 E122828927 (21,21)
[256] 2015/02/24 13:26:21.327 收到 Head 資訊 {Count 2} {Type B } 
[256] 2015/02/24 13:26:33.390 連線確認 E122828927 (21,21)
[256] 2015/02/24 13:27:33.403 連線確認 E122828927 (21,21)
[256] 2015/02/24 13:28:33.416 連線確認 E122828927 (21,21)
[256] 2015/02/24 13:29:33.430 連線確認 E122828927 (21,21)
[256] 2015/02/24 13:30:33.443 連線確認 E122828927 (21,21)
[256] 2015/02/24 13:31:22.255 收到 Head 資訊 {Count 2} {Type B } 
[256] 2015/02/24 13:31:29.945 收到 Head 資訊 {Count 2} {Type C } 
[256] 2015/02/24 13:31:33.457 連線確認 E122828927 (21,21)
[256] 2015/02/24 13:31:39.970 收到 Head 資訊 {Count 2} {Type C } 
[256] 2015/02/24 13:32:33.471 連線確認 E122828927 (21,21)
[256] 2015/02/24 13:33:33.484 連線確認 E122828927 (21,21)
[256] 2015/02/24 13:34:33.498 連線確認 E122828927 (21,21)
[256] 2015/02/24 13:35:33.511 連線確認 E122828927 (21,21)
[256] 2015/02/24 13:36:23.248 收到 Head 資訊 {Count 2} {Type B } 
[256] 2015/02/24 13:36:33.525 連線確認 E122828927 (21,21)
[256] 2015/02/24 13:37:33.538 連線確認 E122828927 (21,21)
[256] 2015/02/24 13:38:33.553 連線確認 E122828927 (21,21)
[256] 2015/02/24 13:39:33.565 連線確認 E122828927 (21,21)
[256] 2015/02/24 13:40:33.579 連線確認 E122828927 (21,21)
[256] 2015/02/24 13:41:24.314 收到 Head 資訊 {Count 2} {Type B } 
[256] 2015/02/24 13:41:33.593 連線確認 E122828927 (21,21)
[256] 2015/02/24 13:42:33.606 連線確認 E122828927 (21,21)
[256] 2015/02/24 13:43:33.621 連線確認 E122828927 (21,21)
[256] 2015/02/24 13:44:33.634 連線確認 E122828927 (21,21)
[256] 2015/02/24 13:45:33.648 連線確認 E122828927 (21,21)
[256] 2015/02/24 13:46:25.240 收到 Head 資訊 {Count 2} {Type B } 
[256] 2015/02/24 13:46:33.661 連線確認 E122828927 (21,21)
[256] 2015/02/24 13:47:33.674 連線確認 E122828927 (21,21)
[256] 2015/02/24 13:48:33.688 連線確認 E122828927 (21,21)
[256] 2015/02/24 13:49:33.701 連線確認 E122828927 (21,21)
[256] 2015/02/24 13:50:33.715 連線確認 E122828927 (21,21)
[256] 2015/02/24 13:51:26.234 收到 Head 資訊 {Count 2} {Type B } 
[256] 2015/02/24 13:51:30.094 收到 Head 資訊 {Count 2} {Type C } 
[256] 2015/02/24 13:51:33.728 連線確認 E122828927 (21,21)
[256] 2015/02/24 13:51:40.002 收到 Head 資訊 {Count 2} {Type C } 
[256] 2015/02/24 13:51:50.086 收到 Head 資訊 {Count 2} {Type C } 
[256] 2015/02/24 13:52:00.000 收到 Head 資訊 {Count 2} {Type C } 
[256] 2015/02/24 13:52:09.999 收到 Head 資訊 {Count 2} {Type C } 
[256] 2015/02/24 13:52:20.071 收到 Head 資訊 {Count 2} {Type C } 
[256] 2015/02/24 13:52:30.020 收到 Head 資訊 {Count 2} {Type C } 
[256] 2015/02/24 13:52:33.743 連線確認 E122828927 (21,21)
[256] 2015/02/24 13:53:33.756 連線確認 E122828927 (21,21)
[256] 2015/02/24 13:54:33.770 連線確認 E122828927 (21,21)
[256] 2015/02/24 13:54:39.930 收到 Head 資訊 {Count 2} {Type C } 
[256] 2015/02/24 13:55:33.784 連線確認 E122828927 (21,21)
[256] 2015/02/24 13:56:27.251 收到 Head 資訊 {Count 2} {Type B } 
[256] 2015/02/24 13:56:33.796 連線確認 E122828927 (21,21)
[256] 2015/02/24 13:57:33.810 連線確認 E122828927 (21,21)
[256] 2015/02/24 13:58:33.823 連線確認 E122828927 (21,21)
[256] 2015/02/24 13:59:33.837 連線確認 E122828927 (21,21)
[256] 2015/02/24 14:00:33.851 連線確認 E122828927 (21,21)
[256] 2015/02/24 14:01:28.285 收到 Head 資訊 {Count 2} {Type B } 
[256] 2015/02/24 14:01:33.865 連線確認 E122828927 (21,21)
[256] 2015/02/24 14:02:33.879 連線確認 E122828927 (21,21)
[256] 2015/02/24 14:03:33.891 連線確認 E122828927 (21,21)
[256] 2015/02/24 14:04:33.905 連線確認 E122828927 (21,21)
[256] 2015/02/24 14:05:33.918 連線確認 E122828927 (21,21)
[256] 2015/02/24 14:06:29.290 收到 Head 資訊 {Count 2} {Type B } 
[256] 2015/02/24 14:06:33.932 連線確認 E122828927 (21,21)
[256] 2015/02/24 14:07:33.946 連線確認 E122828927 (21,21)
[256] 2015/02/24 14:08:33.960 連線確認 E122828927 (21,21)
[256] 2015/02/24 14:09:33.973 連線確認 E122828927 (21,21)
[256] 2015/02/24 14:10:33.986 連線確認 E122828927 (21,21)
[256] 2015/02/24 14:11:30.354 收到 Head 資訊 {Count 2} {Type B } 
[256] 2015/02/24 14:11:34.000 連線確認 E122828927 (21,21)
[256] 2015/02/24 14:11:50.273 收到 Head 資訊 {Count 2} {Type C } 
[256] 2015/02/24 14:12:00.273 收到 Head 資訊 {Count 2} {Type C } 
[256] 2015/02/24 14:12:10.258 收到 Head 資訊 {Count 2} {Type C } 
[256] 2015/02/24 14:12:20.311 收到 Head 資訊 {Count 2} {Type C } 
[256] 2015/02/24 14:12:30.271 收到 Head 資訊 {Count 2} {Type C } 
[256] 2015/02/24 14:12:34.014 連線確認 E122828927 (21,21)
[256] 2015/02/24 14:12:40.255 收到 Head 資訊 {Count 2} {Type C } 
[256] 2015/02/24 14:13:34.028 連線確認 E122828927 (21,21)
[256] 2015/02/24 14:14:34.041 連線確認 E122828927 (21,21)
[256] 2015/02/24 14:14:40.111 收到 Head 資訊 {Count 2} {Type C } 
[256] 2015/02/24 14:15:34.055 連線確認 E122828927 (21,21)
