[4120] 2015/02/09 07:50:12.421 SKOrderLib ª©¥» 2.1.22
[4120] 2015/02/09 07:50:12.424 Login ID: E122828927
[4120] 2015/02/09 07:50:13.210 CALL SKOrderLib_ReadCertByID(E122828927)
[4120] 2015/02/09 07:50:13.820 CALL RegisterOnAccountCallBack()
[4120] 2015/02/09 07:50:13.822 CALL GetUserAccount()
[4120] 2015/02/09 07:50:13.823 TS,918J,918J,0456453,E122828927,±d§Óºú,0,0
[4120] 2015/02/09 07:50:13.827 TF,F020000,B17,1709003,E122828927,±d§Óºú,0,0
[4120] 2015/02/09 07:50:13.828 OF,F020000,000,1709003,E122828927,±d§Óºú,0,0
[4120] 2015/02/09 07:50:13.831 CALL RegisterOnOrderAsyncReportCallBack()
[4120] 2015/02/09 07:50:13.834 CALL RegisterOnExecutionReportCallBack()
[4596] 2015/02/09 15:26:11.788 SKOrderLib ª©¥» 2.1.22
[4596] 2015/02/09 15:26:11.791 Login ID: E122828927
[4596] 2015/02/09 15:26:12.541 CALL SKOrderLib_ReadCertByID(E122828927)
[4596] 2015/02/09 15:26:12.685 CALL RegisterOnAccountCallBack()
[4596] 2015/02/09 15:26:12.686 CALL GetUserAccount()
[4596] 2015/02/09 15:26:12.687 TS,918J,918J,0456453,E122828927,±d§Óºú,0,0
[4596] 2015/02/09 15:26:12.689 TF,F020000,B17,1709003,E122828927,±d§Óºú,0,0
[4596] 2015/02/09 15:26:12.690 OF,F020000,000,1709003,E122828927,±d§Óºú,0,0
[4596] 2015/02/09 15:26:12.692 CALL RegisterOnOrderAsyncReportCallBack()
[4596] 2015/02/09 15:26:12.694 CALL RegisterOnExecutionReportCallBack()
[4596] 2015/02/09 15:26:13.011 CALL RegisterOnOverseaFutureOpenInterestCallBack()
[4596] 2015/02/09 15:26:13.012 CALL GetOverseaFutureOpenInterest(F0200001709003)
