[2788] 2015/02/16 07:50:11.343 SKOrderLib ª©¥» 2.1.22
[2788] 2015/02/16 07:50:11.346 Login ID: E122828927
[2788] 2015/02/16 07:50:12.180 CALL SKOrderLib_ReadCertByID(E122828927)
[2788] 2015/02/16 07:50:12.402 CALL RegisterOnAccountCallBack()
[2788] 2015/02/16 07:50:12.404 CALL GetUserAccount()
[2788] 2015/02/16 07:50:12.406 TS,918J,918J,0456453,E122828927,±d§Óºú,0,0
[2788] 2015/02/16 07:50:12.408 TF,F020000,B17,1709003,E122828927,±d§Óºú,0,0
[2788] 2015/02/16 07:50:12.410 OF,F020000,000,1709003,E122828927,±d§Óºú,0,0
[2788] 2015/02/16 07:50:12.413 CALL RegisterOnOrderAsyncReportCallBack()
[2788] 2015/02/16 07:50:12.416 CALL RegisterOnExecutionReportCallBack()
[1504] 2015/02/16 15:26:11.537 SKOrderLib ª©¥» 2.1.22
[1504] 2015/02/16 15:26:11.541 Login ID: E122828927
[1504] 2015/02/16 15:26:12.236 CALL SKOrderLib_ReadCertByID(E122828927)
[1504] 2015/02/16 15:26:12.382 CALL RegisterOnAccountCallBack()
[1504] 2015/02/16 15:26:12.384 CALL GetUserAccount()
[1504] 2015/02/16 15:26:12.385 TS,918J,918J,0456453,E122828927,±d§Óºú,0,0
[1504] 2015/02/16 15:26:12.388 TF,F020000,B17,1709003,E122828927,±d§Óºú,0,0
[1504] 2015/02/16 15:26:12.389 OF,F020000,000,1709003,E122828927,±d§Óºú,0,0
[1504] 2015/02/16 15:26:12.392 CALL RegisterOnOrderAsyncReportCallBack()
[1504] 2015/02/16 15:26:12.394 CALL RegisterOnExecutionReportCallBack()
[1504] 2015/02/16 15:26:12.745 CALL RegisterOnOverseaFutureOpenInterestCallBack()
[1504] 2015/02/16 15:26:12.747 CALL GetOverseaFutureOpenInterest(F0200001709003)
