[5012] 2015/02/11 07:50:10.308 SKOrderLib ª©¥» 2.1.22
[5012] 2015/02/11 07:50:10.310 Login ID: E122828927
[5012] 2015/02/11 07:50:10.918 CALL SKOrderLib_ReadCertByID(E122828927)
[5012] 2015/02/11 07:50:11.185 CALL RegisterOnAccountCallBack()
[5012] 2015/02/11 07:50:11.187 CALL GetUserAccount()
[5012] 2015/02/11 07:50:11.187 TS,918J,918J,0456453,E122828927,±d§Óºú,0,0
[5012] 2015/02/11 07:50:11.189 TF,F020000,B17,1709003,E122828927,±d§Óºú,0,0
[5012] 2015/02/11 07:50:11.190 OF,F020000,000,1709003,E122828927,±d§Óºú,0,0
[5012] 2015/02/11 07:50:11.192 CALL RegisterOnOrderAsyncReportCallBack()
[5012] 2015/02/11 07:50:11.194 CALL RegisterOnExecutionReportCallBack()
[4632] 2015/02/11 15:26:10.214 SKOrderLib ª©¥» 2.1.22
[4632] 2015/02/11 15:26:10.217 Login ID: E122828927
[4632] 2015/02/11 15:26:11.402 CALL SKOrderLib_ReadCertByID(E122828927)
[4632] 2015/02/11 15:26:11.758 CALL RegisterOnAccountCallBack()
[4632] 2015/02/11 15:26:11.760 CALL GetUserAccount()
[4632] 2015/02/11 15:26:11.761 TS,918J,918J,0456453,E122828927,±d§Óºú,0,0
[4632] 2015/02/11 15:26:11.764 TF,F020000,B17,1709003,E122828927,±d§Óºú,0,0
[4632] 2015/02/11 15:26:11.765 OF,F020000,000,1709003,E122828927,±d§Óºú,0,0
[4632] 2015/02/11 15:26:11.768 CALL RegisterOnOrderAsyncReportCallBack()
[4632] 2015/02/11 15:26:11.770 CALL RegisterOnExecutionReportCallBack()
