[3408] 2015/02/12 07:50:11.392 SKOrderLib ª©¥» 2.1.22
[3408] 2015/02/12 07:50:11.395 Login ID: E122828927
[3408] 2015/02/12 07:50:13.510 CALL SKOrderLib_ReadCertByID(E122828927)
[3408] 2015/02/12 07:50:13.830 CALL RegisterOnAccountCallBack()
[3408] 2015/02/12 07:50:13.832 CALL GetUserAccount()
[3408] 2015/02/12 07:50:13.833 TS,918J,918J,0456453,E122828927,±d§Óºú,0,0
[3408] 2015/02/12 07:50:13.836 TF,F020000,B17,1709003,E122828927,±d§Óºú,0,0
[3408] 2015/02/12 07:50:13.838 OF,F020000,000,1709003,E122828927,±d§Óºú,0,0
[3408] 2015/02/12 07:50:13.840 CALL RegisterOnOrderAsyncReportCallBack()
[3408] 2015/02/12 07:50:13.844 CALL RegisterOnExecutionReportCallBack()
[6444] 2015/02/12 15:26:11.860 SKOrderLib ª©¥» 2.1.22
[6444] 2015/02/12 15:26:11.864 Login ID: E122828927
[6444] 2015/02/12 15:26:12.585 CALL SKOrderLib_ReadCertByID(E122828927)
[6444] 2015/02/12 15:26:12.720 CALL RegisterOnAccountCallBack()
[6444] 2015/02/12 15:26:12.721 CALL GetUserAccount()
[6444] 2015/02/12 15:26:12.723 TS,918J,918J,0456453,E122828927,±d§Óºú,0,0
[6444] 2015/02/12 15:26:12.725 TF,F020000,B17,1709003,E122828927,±d§Óºú,0,0
[6444] 2015/02/12 15:26:12.726 OF,F020000,000,1709003,E122828927,±d§Óºú,0,0
[6444] 2015/02/12 15:26:12.730 CALL RegisterOnOrderAsyncReportCallBack()
[6444] 2015/02/12 15:26:12.732 CALL RegisterOnExecutionReportCallBack()
[6444] 2015/02/12 15:26:13.160 CALL RegisterOnOverseaFutureOpenInterestCallBack()
[6444] 2015/02/12 15:26:13.162 CALL GetOverseaFutureOpenInterest(F0200001709003)
