[2140] 2015/03/04 07:50:16.079 API InitInstance 
[2140] 2015/03/04 07:50:16.595 E122828927 連線 Code：0
[2140] 2015/03/04 07:50:17.605 收到 Head 資訊 {Count 2} {Type C } 
[2140] 2015/03/04 07:50:17.609 收到 Head 資訊 {Count 2} {Type C } 
[2140] 2015/03/04 07:50:17.611 收到 Head 資訊 {Count 2} {Type C } 
[2140] 2015/03/04 07:50:17.613 收到 Head 資訊 {Count 2} {Type C } 
[2140] 2015/03/04 07:50:17.615 收到 Head 資訊 {Count 2} {Type C } 
[2140] 2015/03/04 07:50:17.616 收到 Head 資訊 {Count 2} {Type C } 
[2140] 2015/03/04 07:50:17.618 收到 Head 資訊 {Count 2} {Type C } 
[2140] 2015/03/04 07:50:17.620 收到 Head 資訊 {Count 2} {Type C } 
[2140] 2015/03/04 07:50:17.622 收到 Head 資訊 {Count 2} {Type C } 
[2140] 2015/03/04 07:50:17.624 收到 Head 資訊 {Count 2} {Type C } 
[2140] 2015/03/04 07:50:17.626 收到 Head 資訊 {Count 2} {Type C } 
[2140] 2015/03/04 07:50:17.628 收到 Head 資訊 {Count 2} {Type C } 
[2140] 2015/03/04 07:50:17.629 收到 Head 資訊 {Count 2} {Type C } 
[2140] 2015/03/04 07:50:17.631 收到 Head 資訊 {Count 2} {Type C } 
[2140] 2015/03/04 07:50:17.633 收到 Head 資訊 {Count 2} {Type C } 
[2140] 2015/03/04 07:50:17.634 收到 Head 資訊 {Count 2} {Type C } 
[2140] 2015/03/04 07:50:17.636 收到 Head 資訊 {Count 2} {Type C } 
[2140] 2015/03/04 07:50:17.638 收到 Head 資訊 {Count 2} {Type C } 
[2140] 2015/03/04 07:50:17.640 收到 Head 資訊 {Count 2} {Type C } 
[2140] 2015/03/04 07:50:17.641 收到 Head 資訊 {Count 2} {Type C } 
[2140] 2015/03/04 07:50:17.643 收到 Head 資訊 {Count 2} {Type C } 
[2140] 2015/03/04 07:50:17.645 收到 Head 資訊 {Count 2} {Type C } 
[2140] 2015/03/04 07:50:17.646 收到 Head 資訊 {Count 2} {Type C } 
[2140] 2015/03/04 07:50:17.648 收到 Head 資訊 {Count 2} {Type C } 
[2140] 2015/03/04 07:50:17.650 收到 Head 資訊 {Count 2} {Type C } 
[2140] 2015/03/04 07:50:17.651 收到 Head 資訊 {Count 2} {Type C } 
[2140] 2015/03/04 07:50:17.653 收到 Head 資訊 {Count 2} {Type C } 
[2140] 2015/03/04 07:50:17.655 收到 Head 資訊 {Count 2} {Type C } 
[2140] 2015/03/04 07:50:17.656 收到 Head 資訊 {Count 2} {Type C } 
[2140] 2015/03/04 07:50:17.658 收到 Head 資訊 {Count 2} {Type C } 
[2140] 2015/03/04 07:50:17.660 收到 Head 資訊 {Count 2} {Type C } 
[2140] 2015/03/04 07:50:17.661 收到 Head 資訊 {Count 2} {Type C } 
[2140] 2015/03/04 07:50:17.663 收到 Head 資訊 {Count 2} {Type C } 
[2140] 2015/03/04 07:50:17.665 收到 Head 資訊 {Count 2} {Type C } 
[2140] 2015/03/04 07:50:17.666 收到 Head 資訊 {Count 2} {Type C } 
[2140] 2015/03/04 07:50:17.668 收到 Head 資訊 {Count 2} {Type C } 
[2140] 2015/03/04 07:50:17.670 收到 Head 資訊 {Count 2} {Type C } 
[2140] 2015/03/04 07:50:17.672 收到 Head 資訊 {Count 2} {Type C } 
[2140] 2015/03/04 07:50:17.673 收到 Head 資訊 {Count 2} {Type C } 
[2140] 2015/03/04 07:50:17.675 收到 Head 資訊 {Count 2} {Type C } 
[2140] 2015/03/04 07:50:17.677 收到 Head 資訊 {Count 2} {Type C } 
[2140] 2015/03/04 07:50:17.678 收到 Head 資訊 {Count 2} {Type C } 
[2140] 2015/03/04 07:50:17.680 收到 Head 資訊 {Count 2} {Type C } 
[2140] 2015/03/04 07:50:17.682 收到 Head 資訊 {Count 2} {Type C } 
[2140] 2015/03/04 07:50:17.683 收到 Head 資訊 {Count 2} {Type C } 
[2140] 2015/03/04 07:50:17.685 收到 Head 資訊 {Count 2} {Type C } 
[2140] 2015/03/04 07:50:17.687 收到 Head 資訊 {Count 2} {Type C } 
[2140] 2015/03/04 07:50:17.689 收到 Head 資訊 {Count 2} {Type C } 
[2140] 2015/03/04 07:50:17.690 收到 Head 資訊 {Count 2} {Type C } 
[2140] 2015/03/04 07:50:17.692 收到 Head 資訊 {Count 2} {Type C } 
[2140] 2015/03/04 07:50:17.694 收到 Head 資訊 {Count 2} {Type C } 
[2140] 2015/03/04 07:50:17.695 收到 Head 資訊 {Count 2} {Type C } 
[2140] 2015/03/04 07:50:17.697 收到 Head 資訊 {Count 2} {Type C } 
[2140] 2015/03/04 07:50:17.699 收到 Head 資訊 {Count 2} {Type C } 
[2140] 2015/03/04 07:50:17.700 收到 Head 資訊 {Count 2} {Type C } 
[2140] 2015/03/04 07:50:17.702 收到 Head 資訊 {Count 2} {Type C } 
[2140] 2015/03/04 07:50:17.704 收到 Head 資訊 {Count 2} {Type C } 
[2140] 2015/03/04 07:50:17.706 收到 Head 資訊 {Count 2} {Type C } 
[2140] 2015/03/04 07:50:17.707 收到 Head 資訊 {Count 2} {Type C } 
[2140] 2015/03/04 07:50:17.709 收到 Head 資訊 {Count 2} {Type C } 
[2140] 2015/03/04 07:50:17.711 收到 Head 資訊 {Count 2} {Type C } 
[2140] 2015/03/04 07:50:17.712 收到 Head 資訊 {Count 2} {Type C } 
[2140] 2015/03/04 07:50:17.714 收到 Head 資訊 {Count 2} {Type C } 
[2140] 2015/03/04 07:50:17.716 收到 Head 資訊 {Count 2} {Type C } 
[2140] 2015/03/04 07:50:17.717 收到 Head 資訊 {Count 2} {Type C } 
[2140] 2015/03/04 07:50:17.719 收到 Head 資訊 {Count 2} {Type C } 
[2140] 2015/03/04 07:50:17.721 收到 Head 資訊 {Count 2} {Type C } 
[2140] 2015/03/04 07:50:17.723 收到 Head 資訊 {Count 2} {Type C } 
[2140] 2015/03/04 07:50:17.724 收到 Head 資訊 {Count 2} {Type C } 
[2140] 2015/03/04 07:50:17.726 收到 Head 資訊 {Count 2} {Type C } 
[2140] 2015/03/04 07:50:17.727 收到 Head 資訊 {Count 2} {Type C } 
[2140] 2015/03/04 07:50:17.729 收到 Head 資訊 {Count 2} {Type C } 
[2140] 2015/03/04 07:50:17.730 收到 Head 資訊 {Count 2} {Type C } 
[2140] 2015/03/04 07:50:17.732 收到 Head 資訊 {Count 2} {Type C } 
[2140] 2015/03/04 07:50:17.733 收到 Head 資訊 {Count 2} {Type C } 
[2140] 2015/03/04 07:50:17.734 收到 Head 資訊 {Count 2} {Type C } 
[2140] 2015/03/04 07:50:17.736 收到 Head 資訊 {Count 2} {Type C } 
[2140] 2015/03/04 07:50:17.737 收到 Head 資訊 {Count 2} {Type C } 
[2140] 2015/03/04 07:50:17.739 收到 Head 資訊 {Count 2} {Type C } 
[2140] 2015/03/04 07:50:17.740 收到 Head 資訊 {Count 2} {Type C } 
[2140] 2015/03/04 07:50:17.742 收到 Head 資訊 {Count 2} {Type C } 
[2140] 2015/03/04 07:50:17.743 收到 Head 資訊 {Count 2} {Type C } 
[2140] 2015/03/04 07:50:17.745 收到 Head 資訊 {Count 2} {Type C } 
[2140] 2015/03/04 07:50:17.746 收到 Head 資訊 {Count 2} {Type C } 
[2140] 2015/03/04 07:50:17.748 收到 Head 資訊 {Count 2} {Type C } 
[2140] 2015/03/04 07:50:17.749 收到 Head 資訊 {Count 2} {Type C } 
[2140] 2015/03/04 07:50:17.751 收到 Head 資訊 {Count 2} {Type C } 
[2140] 2015/03/04 07:50:17.752 收到 Head 資訊 {Count 2} {Type C } 
[2140] 2015/03/04 07:50:17.754 收到 Head 資訊 {Count 2} {Type C } 
[2140] 2015/03/04 07:50:17.755 收到 Head 資訊 {Count 2} {Type C } 
[2140] 2015/03/04 07:50:17.757 收到 Head 資訊 {Count 2} {Type C } 
[2140] 2015/03/04 07:50:17.758 收到 Head 資訊 {Count 2} {Type C } 
[2140] 2015/03/04 07:50:17.760 收到 Head 資訊 {Count 2} {Type C } 
[2140] 2015/03/04 07:50:17.761 收到 Head 資訊 {Count 2} {Type C } 
[2140] 2015/03/04 07:50:17.763 收到 Head 資訊 {Count 2} {Type D } 
[2140] 2015/03/04 07:50:17.764 收到 Head 資訊 {Count 2} {Type C } 
[2140] 2015/03/04 07:50:17.766 收到 Head 資訊 {Count 2} {Type C } 
[2140] 2015/03/04 07:50:17.767 收到 Head 資訊 {Count 2} {Type C } 
[2140] 2015/03/04 07:50:17.769 收到 Head 資訊 {Count 2} {Type C } 
[2140] 2015/03/04 07:50:17.770 收到 Head 資訊 {Count 2} {Type C } 
[2140] 2015/03/04 07:50:17.772 收到 Head 資訊 {Count 2} {Type C } 
[2140] 2015/03/04 07:50:17.773 收到 Head 資訊 {Count 2} {Type C } 
[2140] 2015/03/04 07:50:17.775 收到 Head 資訊 {Count 2} {Type C } 
[2140] 2015/03/04 07:50:17.776 收到 Head 資訊 {Count 2} {Type B } 
[2140] 2015/03/04 07:51:13.362 收到 Head 資訊 {Count 2} {Type C } 
[2140] 2015/03/04 07:51:16.568 連線確認 E122828927 (21,21)
[2140] 2015/03/04 07:52:16.582 連線確認 E122828927 (21,21)
[2140] 2015/03/04 07:53:16.596 連線確認 E122828927 (21,21)
[2140] 2015/03/04 07:54:16.610 連線確認 E122828927 (21,21)
[2140] 2015/03/04 07:55:16.624 連線確認 E122828927 (21,21)
[2140] 2015/03/04 07:55:17.558 收到 Head 資訊 {Count 2} {Type B } 
[2140] 2015/03/04 07:56:16.636 連線確認 E122828927 (21,21)
[2140] 2015/03/04 07:57:16.650 連線確認 E122828927 (21,21)
[2140] 2015/03/04 07:58:16.663 連線確認 E122828927 (21,21)
[2140] 2015/03/04 07:59:16.678 連線確認 E122828927 (21,21)
[2140] 2015/03/04 08:00:16.691 連線確認 E122828927 (21,21)
[2140] 2015/03/04 08:00:18.555 收到 Head 資訊 {Count 2} {Type B } 
[2140] 2015/03/04 08:01:39.695 連線確認 E122828927 (21,21)
[2140] 2015/03/04 08:02:16.718 連線確認 E122828927 (21,21)
[2140] 2015/03/04 08:03:16.732 連線確認 E122828927 (21,21)
[2140] 2015/03/04 08:04:16.744 連線確認 E122828927 (21,21)
[2140] 2015/03/04 08:05:16.760 連線確認 E122828927 (21,21)
[2140] 2015/03/04 08:05:19.551 收到 Head 資訊 {Count 2} {Type B } 
[2140] 2015/03/04 08:06:16.772 連線確認 E122828927 (21,21)
[2140] 2015/03/04 08:07:16.787 連線確認 E122828927 (21,21)
[2140] 2015/03/04 08:08:16.800 連線確認 E122828927 (21,21)
[2140] 2015/03/04 08:09:16.813 連線確認 E122828927 (21,21)
[2140] 2015/03/04 08:10:16.827 連線確認 E122828927 (21,21)
[2140] 2015/03/04 08:10:20.567 收到 Head 資訊 {Count 2} {Type B } 
[2140] 2015/03/04 08:11:13.486 收到 Head 資訊 {Count 2} {Type C } 
[2140] 2015/03/04 08:11:16.840 連線確認 E122828927 (21,21)
[2140] 2015/03/04 08:12:16.854 連線確認 E122828927 (21,21)
[2140] 2015/03/04 08:13:16.868 連線確認 E122828927 (21,21)
[2140] 2015/03/04 08:14:16.881 連線確認 E122828927 (21,21)
[2140] 2015/03/04 08:15:16.895 連線確認 E122828927 (21,21)
[2140] 2015/03/04 08:15:21.533 收到 Head 資訊 {Count 2} {Type B } 
[2140] 2015/03/04 08:16:16.909 連線確認 E122828927 (21,21)
[2140] 2015/03/04 08:17:16.922 連線確認 E122828927 (21,21)
[2140] 2015/03/04 08:18:16.937 連線確認 E122828927 (21,21)
[2140] 2015/03/04 08:19:16.949 連線確認 E122828927 (21,21)
[2140] 2015/03/04 08:20:16.962 連線確認 E122828927 (21,21)
[2140] 2015/03/04 08:20:22.631 收到 Head 資訊 {Count 2} {Type B } 
[2140] 2015/03/04 08:21:16.977 連線確認 E122828927 (21,21)
[2140] 2015/03/04 08:22:16.989 連線確認 E122828927 (21,21)
[2140] 2015/03/04 08:23:17.004 連線確認 E122828927 (21,21)
[2140] 2015/03/04 08:24:17.017 連線確認 E122828927 (21,21)
[2140] 2015/03/04 08:25:17.031 連線確認 E122828927 (21,21)
[2140] 2015/03/04 08:25:23.586 收到 Head 資訊 {Count 2} {Type B } 
[2140] 2015/03/04 08:26:17.044 連線確認 E122828927 (21,21)
[2140] 2015/03/04 08:27:17.058 連線確認 E122828927 (21,21)
[2140] 2015/03/04 08:28:17.072 連線確認 E122828927 (21,21)
[2140] 2015/03/04 08:29:17.085 連線確認 E122828927 (21,21)
[2140] 2015/03/04 08:30:17.098 連線確認 E122828927 (21,21)
[2140] 2015/03/04 08:30:24.552 收到 Head 資訊 {Count 2} {Type B } 
[2140] 2015/03/04 08:31:14.232 收到 Head 資訊 {Count 2} {Type C } 
[2140] 2015/03/04 08:31:17.111 連線確認 E122828927 (21,21)
[2140] 2015/03/04 08:31:24.252 收到 Head 資訊 {Count 2} {Type C } 
[2140] 2015/03/04 08:31:34.261 收到 Head 資訊 {Count 2} {Type C } 
[2140] 2015/03/04 08:31:44.272 收到 Head 資訊 {Count 2} {Type C } 
[2140] 2015/03/04 08:31:54.171 收到 Head 資訊 {Count 2} {Type C } 
[2140] 2015/03/04 08:32:04.202 收到 Head 資訊 {Count 2} {Type C } 
[2140] 2015/03/04 08:32:14.231 收到 Head 資訊 {Count 2} {Type C } 
[2140] 2015/03/04 08:32:17.127 連線確認 E122828927 (21,21)
[2140] 2015/03/04 08:32:24.191 收到 Head 資訊 {Count 2} {Type C } 
[2140] 2015/03/04 08:32:34.272 收到 Head 資訊 {Count 2} {Type C } 
[2140] 2015/03/04 08:32:44.231 收到 Head 資訊 {Count 2} {Type C } 
[2140] 2015/03/04 08:32:54.191 收到 Head 資訊 {Count 2} {Type C } 
[2140] 2015/03/04 08:33:17.140 連線確認 E122828927 (21,21)
[2140] 2015/03/04 08:34:17.155 連線確認 E122828927 (21,21)
[2140] 2015/03/04 08:34:24.119 收到 Head 資訊 {Count 2} {Type C } 
[2140] 2015/03/04 08:34:34.089 收到 Head 資訊 {Count 2} {Type C } 
[2140] 2015/03/04 08:35:17.167 連線確認 E122828927 (21,21)
[2140] 2015/03/04 08:35:25.599 收到 Head 資訊 {Count 2} {Type B } 
[2140] 2015/03/04 08:36:17.180 連線確認 E122828927 (21,21)
[2140] 2015/03/04 08:37:17.194 連線確認 E122828927 (21,21)
[2140] 2015/03/04 08:38:17.208 連線確認 E122828927 (21,21)
[2140] 2015/03/04 08:39:17.222 連線確認 E122828927 (21,21)
[2140] 2015/03/04 08:40:17.234 連線確認 E122828927 (21,21)
[2140] 2015/03/04 08:40:26.526 收到 Head 資訊 {Count 2} {Type B } 
[2140] 2015/03/04 08:41:17.248 連線確認 E122828927 (21,21)
[2140] 2015/03/04 08:42:17.262 連線確認 E122828927 (21,21)
[2140] 2015/03/04 08:43:17.275 連線確認 E122828927 (21,21)
[2140] 2015/03/04 08:44:17.289 連線確認 E122828927 (21,21)
[2140] 2015/03/04 08:45:17.302 連線確認 E122828927 (21,21)
[2140] 2015/03/04 08:45:27.541 收到 Head 資訊 {Count 2} {Type B } 
[2140] 2015/03/04 08:46:17.316 連線確認 E122828927 (21,21)
[2140] 2015/03/04 08:47:17.330 連線確認 E122828927 (21,21)
[2140] 2015/03/04 08:48:17.343 連線確認 E122828927 (21,21)
[2140] 2015/03/04 08:49:17.356 連線確認 E122828927 (21,21)
[2140] 2015/03/04 08:50:17.369 連線確認 E122828927 (21,21)
[2140] 2015/03/04 08:50:28.688 收到 Head 資訊 {Count 2} {Type B } 
[2140] 2015/03/04 08:51:14.498 收到 Head 資訊 {Count 2} {Type C } 
[2140] 2015/03/04 08:51:17.384 連線確認 E122828927 (21,21)
[2140] 2015/03/04 08:51:24.498 收到 Head 資訊 {Count 2} {Type C } 
[2140] 2015/03/04 08:51:34.507 收到 Head 資訊 {Count 2} {Type C } 
[2140] 2015/03/04 08:51:44.506 收到 Head 資訊 {Count 2} {Type C } 
[2140] 2015/03/04 08:51:54.507 收到 Head 資訊 {Count 2} {Type C } 
[2140] 2015/03/04 08:52:04.506 收到 Head 資訊 {Count 2} {Type C } 
[2140] 2015/03/04 08:52:14.506 收到 Head 資訊 {Count 2} {Type C } 
[2140] 2015/03/04 08:52:17.398 連線確認 E122828927 (21,21)
[2140] 2015/03/04 08:52:24.507 收到 Head 資訊 {Count 2} {Type C } 
[2140] 2015/03/04 08:53:17.411 連線確認 E122828927 (21,21)
[2140] 2015/03/04 08:54:17.425 連線確認 E122828927 (21,21)
[2140] 2015/03/04 08:54:23.244 收到 Head 資訊 {Count 2} {Type C } 
[2140] 2015/03/04 08:54:33.325 收到 Head 資訊 {Count 2} {Type C } 
[2140] 2015/03/04 08:54:43.405 收到 Head 資訊 {Count 2} {Type C } 
[2140] 2015/03/04 08:54:53.274 收到 Head 資訊 {Count 2} {Type C } 
[2140] 2015/03/04 08:55:03.404 收到 Head 資訊 {Count 2} {Type C } 
[2140] 2015/03/04 08:55:13.313 收到 Head 資訊 {Count 2} {Type C } 
[2140] 2015/03/04 08:55:17.439 連線確認 E122828927 (21,21)
[2140] 2015/03/04 08:55:29.584 收到 Head 資訊 {Count 2} {Type B } 
[2140] 2015/03/04 08:56:17.451 連線確認 E122828927 (21,21)
[2140] 2015/03/04 08:57:17.465 連線確認 E122828927 (21,21)
[2140] 2015/03/04 08:58:17.479 連線確認 E122828927 (21,21)
[2140] 2015/03/04 08:59:17.493 連線確認 E122828927 (21,21)
[2140] 2015/03/04 09:00:05.796 API ExitInstance 
