[6340] 2015/02/14 16:58:42.678 API InitInstance 
[6340] 2015/02/14 16:58:42.968 E122828927 連線 Code：0
[6340] 2015/02/14 16:58:43.972 收到 Head 資訊 {Count 2} {Type C } 
[6340] 2015/02/14 16:58:43.974 收到 Head 資訊 {Count 2} {Type C } 
[6340] 2015/02/14 16:58:43.976 收到 Head 資訊 {Count 2} {Type C } 
[6340] 2015/02/14 16:58:43.978 收到 Head 資訊 {Count 2} {Type C } 
[6340] 2015/02/14 16:58:43.980 收到 Head 資訊 {Count 2} {Type C } 
[6340] 2015/02/14 16:58:43.982 收到 Head 資訊 {Count 2} {Type C } 
[6340] 2015/02/14 16:58:43.984 收到 Head 資訊 {Count 2} {Type C } 
[6340] 2015/02/14 16:58:43.986 收到 Head 資訊 {Count 2} {Type C } 
[6340] 2015/02/14 16:58:43.988 收到 Head 資訊 {Count 2} {Type C } 
[6340] 2015/02/14 16:58:43.990 收到 Head 資訊 {Count 2} {Type C } 
[6340] 2015/02/14 16:58:43.992 收到 Head 資訊 {Count 2} {Type C } 
[6340] 2015/02/14 16:58:43.994 收到 Head 資訊 {Count 2} {Type C } 
[6340] 2015/02/14 16:58:43.996 收到 Head 資訊 {Count 2} {Type C } 
[6340] 2015/02/14 16:58:43.998 收到 Head 資訊 {Count 2} {Type C } 
[6340] 2015/02/14 16:58:44.000 收到 Head 資訊 {Count 2} {Type C } 
[6340] 2015/02/14 16:58:44.002 收到 Head 資訊 {Count 2} {Type C } 
[6340] 2015/02/14 16:58:44.004 收到 Head 資訊 {Count 2} {Type C } 
[6340] 2015/02/14 16:58:44.005 收到 Head 資訊 {Count 2} {Type C } 
[6340] 2015/02/14 16:58:44.007 收到 Head 資訊 {Count 2} {Type C } 
[6340] 2015/02/14 16:58:44.009 收到 Head 資訊 {Count 2} {Type C } 
[6340] 2015/02/14 16:58:44.011 收到 Head 資訊 {Count 2} {Type C } 
[6340] 2015/02/14 16:58:44.013 收到 Head 資訊 {Count 2} {Type C } 
[6340] 2015/02/14 16:58:44.015 收到 Head 資訊 {Count 2} {Type C } 
[6340] 2015/02/14 16:58:44.017 收到 Head 資訊 {Count 2} {Type C } 
[6340] 2015/02/14 16:58:44.019 收到 Head 資訊 {Count 2} {Type C } 
[6340] 2015/02/14 16:58:44.021 收到 Head 資訊 {Count 2} {Type C } 
[6340] 2015/02/14 16:58:44.023 收到 Head 資訊 {Count 2} {Type C } 
[6340] 2015/02/14 16:58:44.025 收到 Head 資訊 {Count 2} {Type C } 
[6340] 2015/02/14 16:58:44.027 收到 Head 資訊 {Count 2} {Type C } 
[6340] 2015/02/14 16:58:44.028 收到 Head 資訊 {Count 2} {Type C } 
[6340] 2015/02/14 16:58:44.030 收到 Head 資訊 {Count 2} {Type C } 
[6340] 2015/02/14 16:58:44.032 收到 Head 資訊 {Count 2} {Type C } 
[6340] 2015/02/14 16:58:44.034 收到 Head 資訊 {Count 2} {Type C } 
[6340] 2015/02/14 16:58:44.036 收到 Head 資訊 {Count 2} {Type C } 
[6340] 2015/02/14 16:58:44.038 收到 Head 資訊 {Count 2} {Type C } 
[6340] 2015/02/14 16:58:44.040 收到 Head 資訊 {Count 2} {Type C } 
[6340] 2015/02/14 16:58:44.041 收到 Head 資訊 {Count 2} {Type C } 
[6340] 2015/02/14 16:58:44.043 收到 Head 資訊 {Count 2} {Type C } 
[6340] 2015/02/14 16:58:44.045 收到 Head 資訊 {Count 2} {Type C } 
[6340] 2015/02/14 16:58:44.047 收到 Head 資訊 {Count 2} {Type C } 
[6340] 2015/02/14 16:58:44.049 收到 Head 資訊 {Count 2} {Type C } 
[6340] 2015/02/14 16:58:44.051 收到 Head 資訊 {Count 2} {Type C } 
[6340] 2015/02/14 16:58:44.052 收到 Head 資訊 {Count 2} {Type C } 
[6340] 2015/02/14 16:58:44.054 收到 Head 資訊 {Count 2} {Type C } 
[6340] 2015/02/14 16:58:44.056 收到 Head 資訊 {Count 2} {Type C } 
[6340] 2015/02/14 16:58:44.058 收到 Head 資訊 {Count 2} {Type C } 
[6340] 2015/02/14 16:58:44.059 收到 Head 資訊 {Count 2} {Type C } 
[6340] 2015/02/14 16:58:44.061 收到 Head 資訊 {Count 2} {Type C } 
[6340] 2015/02/14 16:58:44.063 收到 Head 資訊 {Count 2} {Type C } 
[6340] 2015/02/14 16:58:44.065 收到 Head 資訊 {Count 2} {Type C } 
[6340] 2015/02/14 16:58:44.067 收到 Head 資訊 {Count 2} {Type C } 
[6340] 2015/02/14 16:58:44.068 收到 Head 資訊 {Count 2} {Type C } 
[6340] 2015/02/14 16:58:44.070 收到 Head 資訊 {Count 2} {Type C } 
[6340] 2015/02/14 16:58:44.072 收到 Head 資訊 {Count 2} {Type C } 
[6340] 2015/02/14 16:58:44.074 收到 Head 資訊 {Count 2} {Type C } 
[6340] 2015/02/14 16:58:44.076 收到 Head 資訊 {Count 2} {Type C } 
[6340] 2015/02/14 16:58:44.077 收到 Head 資訊 {Count 2} {Type C } 
[6340] 2015/02/14 16:58:44.079 收到 Head 資訊 {Count 2} {Type C } 
[6340] 2015/02/14 16:58:44.081 收到 Head 資訊 {Count 2} {Type C } 
[6340] 2015/02/14 16:58:44.083 收到 Head 資訊 {Count 2} {Type C } 
[6340] 2015/02/14 16:58:44.085 收到 Head 資訊 {Count 2} {Type C } 
[6340] 2015/02/14 16:58:44.086 收到 Head 資訊 {Count 2} {Type C } 
[6340] 2015/02/14 16:58:44.088 收到 Head 資訊 {Count 2} {Type C } 
[6340] 2015/02/14 16:58:44.090 收到 Head 資訊 {Count 2} {Type C } 
[6340] 2015/02/14 16:58:44.092 收到 Head 資訊 {Count 2} {Type C } 
[6340] 2015/02/14 16:58:44.093 收到 Head 資訊 {Count 2} {Type C } 
[6340] 2015/02/14 16:58:44.095 收到 Head 資訊 {Count 2} {Type C } 
[6340] 2015/02/14 16:58:44.097 收到 Head 資訊 {Count 2} {Type C } 
[6340] 2015/02/14 16:58:44.099 收到 Head 資訊 {Count 2} {Type C } 
[6340] 2015/02/14 16:58:44.101 收到 Head 資訊 {Count 2} {Type C } 
[6340] 2015/02/14 16:58:44.102 收到 Head 資訊 {Count 2} {Type C } 
[6340] 2015/02/14 16:58:44.104 收到 Head 資訊 {Count 2} {Type C } 
[6340] 2015/02/14 16:58:44.106 收到 Head 資訊 {Count 2} {Type C } 
[6340] 2015/02/14 16:58:44.108 收到 Head 資訊 {Count 2} {Type C } 
[6340] 2015/02/14 16:58:44.110 收到 Head 資訊 {Count 2} {Type C } 
[6340] 2015/02/14 16:58:44.111 收到 Head 資訊 {Count 2} {Type C } 
[6340] 2015/02/14 16:58:44.113 收到 Head 資訊 {Count 2} {Type C } 
[6340] 2015/02/14 16:58:44.115 收到 Head 資訊 {Count 2} {Type C } 
[6340] 2015/02/14 16:58:44.116 收到 Head 資訊 {Count 2} {Type C } 
[6340] 2015/02/14 16:58:44.118 收到 Head 資訊 {Count 2} {Type C } 
[6340] 2015/02/14 16:58:44.120 收到 Head 資訊 {Count 2} {Type C } 
[6340] 2015/02/14 16:58:44.122 收到 Head 資訊 {Count 2} {Type C } 
[6340] 2015/02/14 16:58:44.123 收到 Head 資訊 {Count 2} {Type C } 
[6340] 2015/02/14 16:58:44.126 收到 Head 資訊 {Count 2} {Type C } 
[6340] 2015/02/14 16:58:44.128 收到 Head 資訊 {Count 2} {Type C } 
[6340] 2015/02/14 16:58:44.129 收到 Head 資訊 {Count 2} {Type C } 
[6340] 2015/02/14 16:58:44.131 收到 Head 資訊 {Count 2} {Type C } 
[6340] 2015/02/14 16:58:44.133 收到 Head 資訊 {Count 2} {Type C } 
[6340] 2015/02/14 16:58:44.135 收到 Head 資訊 {Count 2} {Type C } 
[6340] 2015/02/14 16:58:44.137 收到 Head 資訊 {Count 2} {Type C } 
[6340] 2015/02/14 16:58:44.139 收到 Head 資訊 {Count 2} {Type C } 
[6340] 2015/02/14 16:58:44.140 收到 Head 資訊 {Count 2} {Type C } 
[6340] 2015/02/14 16:58:44.142 收到 Head 資訊 {Count 2} {Type C } 
[6340] 2015/02/14 16:58:44.144 收到 Head 資訊 {Count 2} {Type C } 
[6340] 2015/02/14 16:58:44.146 收到 Head 資訊 {Count 2} {Type C } 
[6340] 2015/02/14 16:58:44.148 收到 Head 資訊 {Count 2} {Type D } 
[6340] 2015/02/14 16:58:44.150 收到 Head 資訊 {Count 2} {Type D } 
[6340] 2015/02/14 16:58:44.152 收到 Head 資訊 {Count 2} {Type D } 
[6340] 2015/02/14 16:58:44.153 收到 Head 資訊 {Count 2} {Type D } 
[6340] 2015/02/14 16:58:44.155 收到 Head 資訊 {Count 2} {Type D } 
[6340] 2015/02/14 16:58:44.157 收到 Head 資訊 {Count 2} {Type D } 
[6340] 2015/02/14 16:58:44.159 收到 Head 資訊 {Count 2} {Type D } 
[6340] 2015/02/14 16:58:44.161 收到 Head 資訊 {Count 2} {Type D } 
[6340] 2015/02/14 16:58:44.163 收到 Head 資訊 {Count 2} {Type C } 
[6340] 2015/02/14 16:58:44.164 收到 Head 資訊 {Count 2} {Type C } 
[6340] 2015/02/14 16:58:44.166 收到 Head 資訊 {Count 2} {Type C } 
[6340] 2015/02/14 16:58:44.168 收到 Head 資訊 {Count 2} {Type C } 
[6340] 2015/02/14 16:58:44.170 收到 Head 資訊 {Count 2} {Type C } 
[6340] 2015/02/14 16:58:44.172 收到 Head 資訊 {Count 2} {Type C } 
[6340] 2015/02/14 16:58:44.173 收到 Head 資訊 {Count 2} {Type C } 
[6340] 2015/02/14 16:58:44.175 收到 Head 資訊 {Count 2} {Type C } 
[6340] 2015/02/14 16:58:44.177 收到 Head 資訊 {Count 2} {Type C } 
[6340] 2015/02/14 16:58:44.179 收到 Head 資訊 {Count 2} {Type C } 
[6340] 2015/02/14 16:58:44.180 收到 Head 資訊 {Count 2} {Type C } 
[6340] 2015/02/14 16:58:44.182 收到 Head 資訊 {Count 2} {Type C } 
[6340] 2015/02/14 16:58:44.184 收到 Head 資訊 {Count 2} {Type C } 
[6340] 2015/02/14 16:58:44.186 收到 Head 資訊 {Count 2} {Type C } 
[6340] 2015/02/14 16:58:44.187 收到 Head 資訊 {Count 2} {Type C } 
[6340] 2015/02/14 16:58:44.189 收到 Head 資訊 {Count 2} {Type C } 
[6340] 2015/02/14 16:58:44.191 收到 Head 資訊 {Count 2} {Type C } 
[6340] 2015/02/14 16:58:44.193 收到 Head 資訊 {Count 2} {Type C } 
[6340] 2015/02/14 16:58:44.195 收到 Head 資訊 {Count 2} {Type C } 
[6340] 2015/02/14 16:58:44.196 收到 Head 資訊 {Count 2} {Type C } 
[6340] 2015/02/14 16:58:44.198 收到 Head 資訊 {Count 2} {Type C } 
[6340] 2015/02/14 16:58:44.200 收到 Head 資訊 {Count 2} {Type C } 
[6340] 2015/02/14 16:58:44.202 收到 Head 資訊 {Count 2} {Type C } 
[6340] 2015/02/14 16:58:44.203 收到 Head 資訊 {Count 2} {Type C } 
[6340] 2015/02/14 16:58:44.205 收到 Head 資訊 {Count 2} {Type C } 
[6340] 2015/02/14 16:58:44.207 收到 Head 資訊 {Count 2} {Type C } 
[6340] 2015/02/14 16:58:44.209 收到 Head 資訊 {Count 2} {Type C } 
[6340] 2015/02/14 16:58:44.210 收到 Head 資訊 {Count 2} {Type C } 
[6340] 2015/02/14 16:58:44.212 收到 Head 資訊 {Count 2} {Type C } 
[6340] 2015/02/14 16:58:44.214 收到 Head 資訊 {Count 2} {Type C } 
[6340] 2015/02/14 16:58:44.216 收到 Head 資訊 {Count 2} {Type C } 
[6340] 2015/02/14 16:58:44.217 收到 Head 資訊 {Count 2} {Type C } 
[6340] 2015/02/14 16:58:44.219 收到 Head 資訊 {Count 2} {Type C } 
[6340] 2015/02/14 16:58:44.221 收到 Head 資訊 {Count 2} {Type C } 
[6340] 2015/02/14 16:58:44.223 收到 Head 資訊 {Count 2} {Type C } 
[6340] 2015/02/14 16:58:44.224 收到 Head 資訊 {Count 2} {Type C } 
[6340] 2015/02/14 16:58:44.226 收到 Head 資訊 {Count 2} {Type C } 
[6340] 2015/02/14 16:58:44.228 收到 Head 資訊 {Count 2} {Type C } 
[6340] 2015/02/14 16:58:44.229 收到 Head 資訊 {Count 2} {Type C } 
[6340] 2015/02/14 16:58:44.231 收到 Head 資訊 {Count 2} {Type C } 
[6340] 2015/02/14 16:58:44.233 收到 Head 資訊 {Count 2} {Type C } 
[6340] 2015/02/14 16:58:44.235 收到 Head 資訊 {Count 2} {Type C } 
[6340] 2015/02/14 16:58:44.237 收到 Head 資訊 {Count 2} {Type C } 
[6340] 2015/02/14 16:58:44.239 收到 Head 資訊 {Count 2} {Type C } 
[6340] 2015/02/14 16:58:44.240 收到 Head 資訊 {Count 2} {Type C } 
[6340] 2015/02/14 16:58:44.242 收到 Head 資訊 {Count 2} {Type C } 
[6340] 2015/02/14 16:58:44.244 收到 Head 資訊 {Count 2} {Type C } 
[6340] 2015/02/14 16:58:44.246 收到 Head 資訊 {Count 2} {Type C } 
[6340] 2015/02/14 16:58:44.247 收到 Head 資訊 {Count 2} {Type C } 
[6340] 2015/02/14 16:58:44.249 收到 Head 資訊 {Count 2} {Type C } 
[6340] 2015/02/14 16:58:44.251 收到 Head 資訊 {Count 2} {Type C } 
[6340] 2015/02/14 16:58:44.253 收到 Head 資訊 {Count 2} {Type C } 
[6340] 2015/02/14 16:58:44.255 收到 Head 資訊 {Count 2} {Type C } 
[6340] 2015/02/14 16:58:44.256 收到 Head 資訊 {Count 2} {Type C } 
[6340] 2015/02/14 16:58:44.258 收到 Head 資訊 {Count 2} {Type C } 
[6340] 2015/02/14 16:58:44.260 收到 Head 資訊 {Count 2} {Type C } 
[6340] 2015/02/14 16:58:44.262 收到 Head 資訊 {Count 2} {Type B } 
[6340] 2015/02/14 16:58:46.185 收到 Head 資訊 {Count 2} {Type C } 
[6340] 2015/02/14 16:59:06.181 收到 Head 資訊 {Count 2} {Type C } 
[6340] 2015/02/14 16:59:42.950 連線確認 E122828927 (21,21)
[6340] 2015/02/14 17:00:42.964 連線確認 E122828927 (21,21)
[6340] 2015/02/14 17:01:42.978 連線確認 E122828927 (21,21)
[6340] 2015/02/14 17:02:42.991 連線確認 E122828927 (21,21)
[6340] 2015/02/14 17:03:15.201 API ExitInstance 
