[5732] 2015/02/20 07:50:11.534 SKOrderLib ª©¥» 2.1.22
[5732] 2015/02/20 07:50:11.537 Login ID: E122828927
[5732] 2015/02/20 07:50:12.309 CALL SKOrderLib_ReadCertByID(E122828927)
[5732] 2015/02/20 07:50:12.768 CALL RegisterOnAccountCallBack()
[5732] 2015/02/20 07:50:12.770 CALL GetUserAccount()
[5732] 2015/02/20 07:50:12.771 TS,918J,918J,0456453,E122828927,±d§Óºú,0,0
[5732] 2015/02/20 07:50:12.774 TF,F020000,B17,1709003,E122828927,±d§Óºú,0,0
[5732] 2015/02/20 07:50:12.776 OF,F020000,000,1709003,E122828927,±d§Óºú,0,0
[5732] 2015/02/20 07:50:12.779 CALL RegisterOnOrderAsyncReportCallBack()
[5732] 2015/02/20 07:50:12.782 CALL RegisterOnExecutionReportCallBack()
[5792] 2015/02/20 15:26:11.074 SKOrderLib ª©¥» 2.1.22
[5792] 2015/02/20 15:26:11.077 Login ID: E122828927
[5792] 2015/02/20 15:26:11.835 CALL SKOrderLib_ReadCertByID(E122828927)
[5792] 2015/02/20 15:26:12.203 CALL RegisterOnAccountCallBack()
[5792] 2015/02/20 15:26:12.205 CALL GetUserAccount()
[5792] 2015/02/20 15:26:12.206 TS,918J,918J,0456453,E122828927,±d§Óºú,0,0
[5792] 2015/02/20 15:26:12.208 TF,F020000,B17,1709003,E122828927,±d§Óºú,0,0
[5792] 2015/02/20 15:26:12.210 OF,F020000,000,1709003,E122828927,±d§Óºú,0,0
[5792] 2015/02/20 15:26:12.212 CALL RegisterOnOrderAsyncReportCallBack()
[5792] 2015/02/20 15:26:12.214 CALL RegisterOnExecutionReportCallBack()
[5792] 2015/02/20 15:26:12.699 CALL RegisterOnOverseaFutureOpenInterestCallBack()
[5792] 2015/02/20 15:26:12.701 CALL GetOverseaFutureOpenInterest(F0200001709003)
