[1904] 2015/02/04 07:50:11.278 SKOrderLib ª©¥» 2.1.22
[1904] 2015/02/04 07:50:11.281 Login ID: E122828927
[1904] 2015/02/04 07:50:12.093 CALL SKOrderLib_ReadCertByID(E122828927)
[1904] 2015/02/04 07:50:12.955 CALL RegisterOnAccountCallBack()
[1904] 2015/02/04 07:50:12.957 CALL GetUserAccount()
[1904] 2015/02/04 07:50:12.959 TS,918J,918J,0456453,E122828927,±d§Óºú,0,0
[1904] 2015/02/04 07:50:12.961 TF,F020000,B17,1709003,E122828927,±d§Óºú,0,0
[1904] 2015/02/04 07:50:12.963 OF,F020000,000,1709003,E122828927,±d§Óºú,0,0
[1904] 2015/02/04 07:50:12.966 CALL RegisterOnOrderAsyncReportCallBack()
[1904] 2015/02/04 07:50:12.968 CALL RegisterOnExecutionReportCallBack()
[3156] 2015/02/04 15:26:11.675 SKOrderLib ª©¥» 2.1.22
[3156] 2015/02/04 15:26:11.678 Login ID: E122828927
[3156] 2015/02/04 15:26:12.465 CALL SKOrderLib_ReadCertByID(E122828927)
[3156] 2015/02/04 15:26:12.612 CALL RegisterOnAccountCallBack()
[3156] 2015/02/04 15:26:12.613 CALL GetUserAccount()
[3156] 2015/02/04 15:26:12.614 TS,918J,918J,0456453,E122828927,±d§Óºú,0,0
[3156] 2015/02/04 15:26:12.616 TF,F020000,B17,1709003,E122828927,±d§Óºú,0,0
[3156] 2015/02/04 15:26:12.617 OF,F020000,000,1709003,E122828927,±d§Óºú,0,0
[3156] 2015/02/04 15:26:12.619 CALL RegisterOnOrderAsyncReportCallBack()
[3156] 2015/02/04 15:26:12.621 CALL RegisterOnExecutionReportCallBack()
[3156] 2015/02/04 15:26:12.990 CALL RegisterOnOverseaFutureOpenInterestCallBack()
[3156] 2015/02/04 15:26:12.991 CALL GetOverseaFutureOpenInterest(F0200001709003)
