[3416] 2015/02/05 07:50:11.746 SKOrderLib ª©¥» 2.1.22
[3416] 2015/02/05 07:50:11.748 Login ID: E122828927
[3416] 2015/02/05 07:50:13.667 CALL SKOrderLib_ReadCertByID(E122828927)
[3416] 2015/02/05 07:50:13.967 CALL RegisterOnAccountCallBack()
[3416] 2015/02/05 07:50:13.969 CALL GetUserAccount()
[3416] 2015/02/05 07:50:13.970 TS,918J,918J,0456453,E122828927,±d§Óºú,0,0
[3416] 2015/02/05 07:50:13.972 TF,F020000,B17,1709003,E122828927,±d§Óºú,0,0
[3416] 2015/02/05 07:50:13.974 OF,F020000,000,1709003,E122828927,±d§Óºú,0,0
[3416] 2015/02/05 07:50:13.976 CALL RegisterOnOrderAsyncReportCallBack()
[3416] 2015/02/05 07:50:13.979 CALL RegisterOnExecutionReportCallBack()
[2752] 2015/02/05 15:26:11.522 SKOrderLib ª©¥» 2.1.22
[2752] 2015/02/05 15:26:11.525 Login ID: E122828927
[2752] 2015/02/05 15:26:12.285 CALL SKOrderLib_ReadCertByID(E122828927)
[2752] 2015/02/05 15:26:12.445 CALL RegisterOnAccountCallBack()
[2752] 2015/02/05 15:26:12.446 CALL GetUserAccount()
[2752] 2015/02/05 15:26:12.448 TS,918J,918J,0456453,E122828927,±d§Óºú,0,0
[2752] 2015/02/05 15:26:12.450 TF,F020000,B17,1709003,E122828927,±d§Óºú,0,0
[2752] 2015/02/05 15:26:12.451 OF,F020000,000,1709003,E122828927,±d§Óºú,0,0
[2752] 2015/02/05 15:26:12.454 CALL RegisterOnOrderAsyncReportCallBack()
[2752] 2015/02/05 15:26:12.456 CALL RegisterOnExecutionReportCallBack()
[2752] 2015/02/05 15:26:13.124 CALL RegisterOnOverseaFutureOpenInterestCallBack()
[2752] 2015/02/05 15:26:13.126 CALL GetOverseaFutureOpenInterest(F0200001709003)
