[2072] 2015/03/12 07:50:12.145 API InitInstance 
[2072] 2015/03/12 07:50:12.532 E122828927 連線 Code：0
[2072] 2015/03/12 07:50:13.542 收到 Head 資訊 {Count 2} {Type A } 
[2072] 2015/03/12 07:50:13.544              OFDNF0200001709003B10OSE    JNM   201503                     x63920001870500000000000000000000000000000000000000000000000000000000000000000200020000201503110532200000005200000008706 
[2072] 2015/03/12 07:50:13.560 收到 Head 資訊 {Count 2} {Type C } 
[2072] 2015/03/12 07:50:13.562 收到 Head 資訊 {Count 2} {Type C } 
[2072] 2015/03/12 07:50:13.564 收到 Head 資訊 {Count 2} {Type C } 
[2072] 2015/03/12 07:50:13.566 收到 Head 資訊 {Count 2} {Type C } 
[2072] 2015/03/12 07:50:13.568 收到 Head 資訊 {Count 2} {Type C } 
[2072] 2015/03/12 07:50:13.570 收到 Head 資訊 {Count 2} {Type C } 
[2072] 2015/03/12 07:50:13.572 收到 Head 資訊 {Count 2} {Type C } 
[2072] 2015/03/12 07:50:13.575 收到 Head 資訊 {Count 2} {Type C } 
[2072] 2015/03/12 07:50:13.577 收到 Head 資訊 {Count 2} {Type C } 
[2072] 2015/03/12 07:50:13.578 收到 Head 資訊 {Count 2} {Type C } 
[2072] 2015/03/12 07:50:13.580 收到 Head 資訊 {Count 2} {Type C } 
[2072] 2015/03/12 07:50:13.582 收到 Head 資訊 {Count 2} {Type C } 
[2072] 2015/03/12 07:50:13.584 收到 Head 資訊 {Count 2} {Type C } 
[2072] 2015/03/12 07:50:13.586 收到 Head 資訊 {Count 2} {Type C } 
[2072] 2015/03/12 07:50:13.589 收到 Head 資訊 {Count 2} {Type C } 
[2072] 2015/03/12 07:50:13.590 收到 Head 資訊 {Count 2} {Type C } 
[2072] 2015/03/12 07:50:13.592 收到 Head 資訊 {Count 2} {Type C } 
[2072] 2015/03/12 07:50:13.594 收到 Head 資訊 {Count 2} {Type C } 
[2072] 2015/03/12 07:50:13.596 收到 Head 資訊 {Count 2} {Type C } 
[2072] 2015/03/12 07:50:13.598 收到 Head 資訊 {Count 2} {Type C } 
[2072] 2015/03/12 07:50:13.600 收到 Head 資訊 {Count 2} {Type C } 
[2072] 2015/03/12 07:50:13.602 收到 Head 資訊 {Count 2} {Type C } 
[2072] 2015/03/12 07:50:13.605 收到 Head 資訊 {Count 2} {Type C } 
[2072] 2015/03/12 07:50:13.607 收到 Head 資訊 {Count 2} {Type C } 
[2072] 2015/03/12 07:50:13.609 收到 Head 資訊 {Count 2} {Type C } 
[2072] 2015/03/12 07:50:13.611 收到 Head 資訊 {Count 2} {Type C } 
[2072] 2015/03/12 07:50:13.613 收到 Head 資訊 {Count 2} {Type C } 
[2072] 2015/03/12 07:50:13.615 收到 Head 資訊 {Count 2} {Type C } 
[2072] 2015/03/12 07:50:13.617 收到 Head 資訊 {Count 2} {Type C } 
[2072] 2015/03/12 07:50:13.618 收到 Head 資訊 {Count 2} {Type C } 
[2072] 2015/03/12 07:50:13.620 收到 Head 資訊 {Count 2} {Type C } 
[2072] 2015/03/12 07:50:13.622 收到 Head 資訊 {Count 2} {Type C } 
[2072] 2015/03/12 07:50:13.624 收到 Head 資訊 {Count 2} {Type C } 
[2072] 2015/03/12 07:50:13.625 收到 Head 資訊 {Count 2} {Type C } 
[2072] 2015/03/12 07:50:13.627 收到 Head 資訊 {Count 2} {Type C } 
[2072] 2015/03/12 07:50:13.629 收到 Head 資訊 {Count 2} {Type C } 
[2072] 2015/03/12 07:50:13.631 收到 Head 資訊 {Count 2} {Type C } 
[2072] 2015/03/12 07:50:13.633 收到 Head 資訊 {Count 2} {Type C } 
[2072] 2015/03/12 07:50:13.635 收到 Head 資訊 {Count 2} {Type C } 
[2072] 2015/03/12 07:50:13.637 收到 Head 資訊 {Count 2} {Type C } 
[2072] 2015/03/12 07:50:13.640 收到 Head 資訊 {Count 2} {Type C } 
[2072] 2015/03/12 07:50:13.642 收到 Head 資訊 {Count 2} {Type C } 
[2072] 2015/03/12 07:50:13.644 收到 Head 資訊 {Count 2} {Type C } 
[2072] 2015/03/12 07:50:13.646 收到 Head 資訊 {Count 2} {Type C } 
[2072] 2015/03/12 07:50:13.648 收到 Head 資訊 {Count 2} {Type C } 
[2072] 2015/03/12 07:50:13.650 收到 Head 資訊 {Count 2} {Type C } 
[2072] 2015/03/12 07:50:13.652 收到 Head 資訊 {Count 2} {Type C } 
[2072] 2015/03/12 07:50:13.654 收到 Head 資訊 {Count 2} {Type C } 
[2072] 2015/03/12 07:50:13.656 收到 Head 資訊 {Count 2} {Type C } 
[2072] 2015/03/12 07:50:13.658 收到 Head 資訊 {Count 2} {Type C } 
[2072] 2015/03/12 07:50:13.660 收到 Head 資訊 {Count 2} {Type C } 
[2072] 2015/03/12 07:50:13.662 收到 Head 資訊 {Count 2} {Type C } 
[2072] 2015/03/12 07:50:13.664 收到 Head 資訊 {Count 2} {Type C } 
[2072] 2015/03/12 07:50:13.666 收到 Head 資訊 {Count 2} {Type C } 
[2072] 2015/03/12 07:50:13.668 收到 Head 資訊 {Count 2} {Type C } 
[2072] 2015/03/12 07:50:13.670 收到 Head 資訊 {Count 2} {Type C } 
[2072] 2015/03/12 07:50:13.672 收到 Head 資訊 {Count 2} {Type C } 
[2072] 2015/03/12 07:50:13.674 收到 Head 資訊 {Count 2} {Type C } 
[2072] 2015/03/12 07:50:13.675 收到 Head 資訊 {Count 2} {Type C } 
[2072] 2015/03/12 07:50:13.677 收到 Head 資訊 {Count 2} {Type C } 
[2072] 2015/03/12 07:50:13.679 收到 Head 資訊 {Count 2} {Type C } 
[2072] 2015/03/12 07:50:13.681 收到 Head 資訊 {Count 2} {Type C } 
[2072] 2015/03/12 07:50:13.683 收到 Head 資訊 {Count 2} {Type C } 
[2072] 2015/03/12 07:50:13.685 收到 Head 資訊 {Count 2} {Type C } 
[2072] 2015/03/12 07:50:13.687 收到 Head 資訊 {Count 2} {Type C } 
[2072] 2015/03/12 07:50:13.689 收到 Head 資訊 {Count 2} {Type C } 
[2072] 2015/03/12 07:50:13.691 收到 Head 資訊 {Count 2} {Type C } 
[2072] 2015/03/12 07:50:13.693 收到 Head 資訊 {Count 2} {Type C } 
[2072] 2015/03/12 07:50:13.695 收到 Head 資訊 {Count 2} {Type C } 
[2072] 2015/03/12 07:50:13.697 收到 Head 資訊 {Count 2} {Type C } 
[2072] 2015/03/12 07:50:13.699 收到 Head 資訊 {Count 2} {Type C } 
[2072] 2015/03/12 07:50:13.701 收到 Head 資訊 {Count 2} {Type C } 
[2072] 2015/03/12 07:50:13.703 收到 Head 資訊 {Count 2} {Type C } 
[2072] 2015/03/12 07:50:13.705 收到 Head 資訊 {Count 2} {Type C } 
[2072] 2015/03/12 07:50:13.707 收到 Head 資訊 {Count 2} {Type C } 
[2072] 2015/03/12 07:50:13.709 收到 Head 資訊 {Count 2} {Type C } 
[2072] 2015/03/12 07:50:13.711 收到 Head 資訊 {Count 2} {Type C } 
[2072] 2015/03/12 07:50:13.713 收到 Head 資訊 {Count 2} {Type C } 
[2072] 2015/03/12 07:50:13.715 收到 Head 資訊 {Count 2} {Type C } 
[2072] 2015/03/12 07:50:13.717 收到 Head 資訊 {Count 2} {Type C } 
[2072] 2015/03/12 07:50:13.719 收到 Head 資訊 {Count 2} {Type C } 
[2072] 2015/03/12 07:50:13.721 收到 Head 資訊 {Count 2} {Type C } 
[2072] 2015/03/12 07:50:13.723 收到 Head 資訊 {Count 2} {Type C } 
[2072] 2015/03/12 07:50:13.725 收到 Head 資訊 {Count 2} {Type C } 
[2072] 2015/03/12 07:50:13.727 收到 Head 資訊 {Count 2} {Type C } 
[2072] 2015/03/12 07:50:13.729 收到 Head 資訊 {Count 2} {Type C } 
[2072] 2015/03/12 07:50:13.731 收到 Head 資訊 {Count 2} {Type C } 
[2072] 2015/03/12 07:50:13.733 收到 Head 資訊 {Count 2} {Type C } 
[2072] 2015/03/12 07:50:13.735 收到 Head 資訊 {Count 2} {Type C } 
[2072] 2015/03/12 07:50:13.737 收到 Head 資訊 {Count 2} {Type C } 
[2072] 2015/03/12 07:50:13.739 收到 Head 資訊 {Count 2} {Type C } 
[2072] 2015/03/12 07:50:13.741 收到 Head 資訊 {Count 2} {Type C } 
[2072] 2015/03/12 07:50:13.743 收到 Head 資訊 {Count 2} {Type C } 
[2072] 2015/03/12 07:50:13.745 收到 Head 資訊 {Count 2} {Type C } 
[2072] 2015/03/12 07:50:13.747 收到 Head 資訊 {Count 2} {Type C } 
[2072] 2015/03/12 07:50:13.749 收到 Head 資訊 {Count 2} {Type C } 
[2072] 2015/03/12 07:50:13.751 收到 Head 資訊 {Count 2} {Type D } 
[2072] 2015/03/12 07:50:13.753 收到 Head 資訊 {Count 2} {Type D } 
[2072] 2015/03/12 07:50:13.755 收到 Head 資訊 {Count 2} {Type C } 
[2072] 2015/03/12 07:50:13.757 收到 Head 資訊 {Count 2} {Type C } 
[2072] 2015/03/12 07:50:13.759 收到 Head 資訊 {Count 2} {Type C } 
[2072] 2015/03/12 07:50:13.761 收到 Head 資訊 {Count 2} {Type C } 
[2072] 2015/03/12 07:50:13.763 收到 Head 資訊 {Count 2} {Type C } 
[2072] 2015/03/12 07:50:13.765 收到 Head 資訊 {Count 2} {Type C } 
[2072] 2015/03/12 07:50:13.767 收到 Head 資訊 {Count 2} {Type C } 
[2072] 2015/03/12 07:50:13.769 收到 Head 資訊 {Count 2} {Type C } 
[2072] 2015/03/12 07:50:13.771 收到 Head 資訊 {Count 2} {Type C } 
[2072] 2015/03/12 07:50:13.773 收到 Head 資訊 {Count 2} {Type B } 
[2072] 2015/03/12 07:51:12.498 連線確認 E122828927 (21,21)
[2072] 2015/03/12 07:52:12.513 連線確認 E122828927 (21,21)
[2072] 2015/03/12 07:53:12.527 連線確認 E122828927 (21,21)
[2072] 2015/03/12 07:54:12.540 連線確認 E122828927 (21,21)
[2072] 2015/03/12 07:55:12.554 連線確認 E122828927 (21,21)
[2072] 2015/03/12 07:55:13.532 收到 Head 資訊 {Count 2} {Type B } 
[2072] 2015/03/12 07:55:37.781 收到 Head 資訊 {Count 2} {Type A } 
[2072] 2015/03/12 07:55:37.783 2300000038751OFNNF0200001709003B13OSE    JNM   201506       N             x03339999999999999000000000+00000000000000000000000000000000000000000000000000100000001201503120801340000011000000008706g
[2072] 2015/03/12 07:55:37.992 收到 Head 資訊 {Count 2} {Type A } 
[2072] 2015/03/12 07:55:37.993              OFDNF0200001709003B10OSE    JNM   201506                     x03330001870500000000000000000000000000000000000000000000000000000000000000000100010000201503120801340000011100000008706g
[2072] 2015/03/12 07:56:12.566 連線確認 E122828927 (21,21)
[2072] 2015/03/12 07:57:12.581 連線確認 E122828927 (21,21)
[2072] 2015/03/12 07:58:12.594 連線確認 E122828927 (21,21)
[2072] 2015/03/12 07:59:12.608 連線確認 E122828927 (21,21)
[2072] 2015/03/12 08:00:12.622 連線確認 E122828927 (21,21)
[2072] 2015/03/12 08:00:14.548 收到 Head 資訊 {Count 2} {Type B } 
[2072] 2015/03/12 08:01:12.637 連線確認 E122828927 (21,21)
[2072] 2015/03/12 08:02:12.648 連線確認 E122828927 (21,21)
[2072] 2015/03/12 08:03:12.662 連線確認 E122828927 (21,21)
[2072] 2015/03/12 08:04:12.676 連線確認 E122828927 (21,21)
[2072] 2015/03/12 08:05:12.689 連線確認 E122828927 (21,21)
[2072] 2015/03/12 08:05:15.566 收到 Head 資訊 {Count 2} {Type B } 
[2072] 2015/03/12 08:06:12.703 連線確認 E122828927 (21,21)
[2072] 2015/03/12 08:07:12.717 連線確認 E122828927 (21,21)
[2072] 2015/03/12 08:08:12.731 連線確認 E122828927 (21,21)
[2072] 2015/03/12 08:09:12.744 連線確認 E122828927 (21,21)
[2072] 2015/03/12 08:10:12.757 連線確認 E122828927 (21,21)
[2072] 2015/03/12 08:10:16.572 收到 Head 資訊 {Count 2} {Type B } 
[2072] 2015/03/12 08:11:12.771 連線確認 E122828927 (21,21)
[2072] 2015/03/12 08:12:12.785 連線確認 E122828927 (21,21)
[2072] 2015/03/12 08:13:12.798 連線確認 E122828927 (21,21)
[2072] 2015/03/12 08:14:12.812 連線確認 E122828927 (21,21)
[2072] 2015/03/12 08:15:12.825 連線確認 E122828927 (21,21)
[2072] 2015/03/12 08:15:17.569 收到 Head 資訊 {Count 2} {Type B } 
[2072] 2015/03/12 08:16:12.838 連線確認 E122828927 (21,21)
[2072] 2015/03/12 08:17:12.854 連線確認 E122828927 (21,21)
[2072] 2015/03/12 08:18:12.866 連線確認 E122828927 (21,21)
[2072] 2015/03/12 08:18:25.666 收到 Head 資訊 {Count 2} {Type A } 
[2072] 2015/03/12 08:18:25.667 2300000038852OFNNF0200001709003B13OSE    JNM   201506       N             x04759999999999999000000000+00000000000000000000000000000000000000000000000000100000001201503120824210000024700000008706g
[2072] 2015/03/12 08:18:25.874 收到 Head 資訊 {Count 2} {Type A } 
[2072] 2015/03/12 08:18:25.874              OFDNF0200001709003B10OSE    JNM   201506                     x04750001870500000000000000000000000000000000000000000000000000000000000000000100010000201503120824210000024800000008706g
[2072] 2015/03/12 08:19:12.879 連線確認 E122828927 (21,21)
[2072] 2015/03/12 08:20:12.894 連線確認 E122828927 (21,21)
[2072] 2015/03/12 08:20:19.064 收到 Head 資訊 {Count 2} {Type B } 
[2072] 2015/03/12 08:21:12.907 連線確認 E122828927 (21,21)
[2072] 2015/03/12 08:22:12.921 連線確認 E122828927 (21,21)
[2072] 2015/03/12 08:23:12.934 連線確認 E122828927 (21,21)
[2072] 2015/03/12 08:24:12.947 連線確認 E122828927 (21,21)
[2072] 2015/03/12 08:25:12.961 連線確認 E122828927 (21,21)
[2072] 2015/03/12 08:25:20.021 收到 Head 資訊 {Count 2} {Type B } 
[2072] 2015/03/12 08:26:12.975 連線確認 E122828927 (21,21)
[2072] 2015/03/12 08:27:12.989 連線確認 E122828927 (21,21)
[2072] 2015/03/12 08:28:13.002 連線確認 E122828927 (21,21)
[2072] 2015/03/12 08:29:13.016 連線確認 E122828927 (21,21)
[2072] 2015/03/12 08:30:13.029 連線確認 E122828927 (21,21)
[2072] 2015/03/12 08:30:20.997 收到 Head 資訊 {Count 2} {Type B } 
[2072] 2015/03/12 08:30:32.317 收到 Head 資訊 {Count 2} {Type C } 
[2072] 2015/03/12 08:31:13.042 連線確認 E122828927 (21,21)
[2072] 2015/03/12 08:32:13.056 連線確認 E122828927 (21,21)
[2072] 2015/03/12 08:33:21.506 連線確認 E122828927 (21,21)
[2072] 2015/03/12 08:34:12.233 收到 Head 資訊 {Count 2} {Type C } 
[2072] 2015/03/12 08:34:21.508 連線確認 E122828927 (21,21)
[2072] 2015/03/12 08:35:21.521 連線確認 E122828927 (21,21)
[2072] 2015/03/12 08:35:22.032 收到 Head 資訊 {Count 2} {Type B } 
[2072] 2015/03/12 08:36:21.535 連線確認 E122828927 (21,21)
[2072] 2015/03/12 08:36:31.612 收到 Head 資訊 {Count 2} {Type D } 
[2072] 2015/03/12 08:37:21.548 連線確認 E122828927 (21,21)
[2072] 2015/03/12 08:38:21.563 連線確認 E122828927 (21,21)
[2072] 2015/03/12 08:39:21.575 連線確認 E122828927 (21,21)
[2072] 2015/03/12 08:40:21.589 連線確認 E122828927 (21,21)
[2072] 2015/03/12 08:40:23.000 收到 Head 資訊 {Count 2} {Type B } 
[2072] 2015/03/12 08:41:12.329 收到 Head 資訊 {Count 2} {Type C } 
[2072] 2015/03/12 08:41:21.602 連線確認 E122828927 (21,21)
[2072] 2015/03/12 08:42:21.616 連線確認 E122828927 (21,21)
[2072] 2015/03/12 08:43:21.631 連線確認 E122828927 (21,21)
[2072] 2015/03/12 08:44:21.643 連線確認 E122828927 (21,21)
[2072] 2015/03/12 08:45:21.657 連線確認 E122828927 (21,21)
[2072] 2015/03/12 08:45:24.046 收到 Head 資訊 {Count 2} {Type B } 
[2072] 2015/03/12 08:46:21.671 連線確認 E122828927 (21,21)
[2072] 2015/03/12 08:47:21.685 連線確認 E122828927 (21,21)
[2072] 2015/03/12 08:48:21.697 連線確認 E122828927 (21,21)
[2072] 2015/03/12 08:49:21.712 連線確認 E122828927 (21,21)
[2072] 2015/03/12 08:50:21.726 連線確認 E122828927 (21,21)
[2072] 2015/03/12 08:50:24.667 收到 Head 資訊 {Count 2} {Type B } 
[2072] 2015/03/12 08:50:31.997 收到 Head 資訊 {Count 2} {Type C } 
[2072] 2015/03/12 08:50:42.087 收到 Head 資訊 {Count 2} {Type C } 
[2072] 2015/03/12 08:50:51.997 收到 Head 資訊 {Count 2} {Type C } 
[2072] 2015/03/12 08:51:01.987 收到 Head 資訊 {Count 2} {Type C } 
[2072] 2015/03/12 08:51:11.986 收到 Head 資訊 {Count 2} {Type C } 
[2072] 2015/03/12 08:51:21.738 連線確認 E122828927 (21,21)
[2072] 2015/03/12 08:51:21.986 收到 Head 資訊 {Count 2} {Type C } 
[2072] 2015/03/12 08:51:31.987 收到 Head 資訊 {Count 2} {Type C } 
[2072] 2015/03/12 08:51:41.986 收到 Head 資訊 {Count 2} {Type C } 
[2072] 2015/03/12 08:52:21.751 連線確認 E122828927 (21,21)
[2072] 2015/03/12 08:53:21.766 連線確認 E122828927 (21,21)
[2072] 2015/03/12 08:54:12.045 收到 Head 資訊 {Count 2} {Type C } 
[2072] 2015/03/12 08:54:21.779 連線確認 E122828927 (21,21)
[2072] 2015/03/12 08:55:21.792 連線確認 E122828927 (21,21)
[2072] 2015/03/12 08:55:25.564 收到 Head 資訊 {Count 2} {Type B } 
[2072] 2015/03/12 08:56:21.806 連線確認 E122828927 (21,21)
[2072] 2015/03/12 08:57:21.820 連線確認 E122828927 (21,21)
[2072] 2015/03/12 08:58:21.834 連線確認 E122828927 (21,21)
[2072] 2015/03/12 08:59:21.846 連線確認 E122828927 (21,21)
[2072] 2015/03/12 09:00:21.860 連線確認 E122828927 (21,21)
[2072] 2015/03/12 09:00:26.680 收到 Head 資訊 {Count 2} {Type B } 
[2072] 2015/03/12 09:01:21.873 連線確認 E122828927 (21,21)
[2072] 2015/03/12 09:02:21.888 連線確認 E122828927 (21,21)
[2072] 2015/03/12 09:02:42.079 收到 Head 資訊 {Count 2} {Type C } 
[2072] 2015/03/12 09:03:21.902 連線確認 E122828927 (21,21)
[2072] 2015/03/12 09:04:21.914 連線確認 E122828927 (21,21)
[2072] 2015/03/12 09:05:21.929 連線確認 E122828927 (21,21)
[2072] 2015/03/12 09:05:27.957 收到 Head 資訊 {Count 2} {Type B } 
[2072] 2015/03/12 09:06:21.943 連線確認 E122828927 (21,21)
[2072] 2015/03/12 09:07:21.957 連線確認 E122828927 (21,21)
[2072] 2015/03/12 09:08:21.970 連線確認 E122828927 (21,21)
[2072] 2015/03/12 09:09:21.982 連線確認 E122828927 (21,21)
[2072] 2015/03/12 09:10:21.997 連線確認 E122828927 (21,21)
[2072] 2015/03/12 09:10:22.614 收到 Head 資訊 {Count 2} {Type C } 
[2072] 2015/03/12 09:10:28.873 收到 Head 資訊 {Count 2} {Type B } 
[2072] 2015/03/12 09:10:32.653 收到 Head 資訊 {Count 2} {Type C } 
[2072] 2015/03/12 09:10:42.544 收到 Head 資訊 {Count 2} {Type C } 
[2072] 2015/03/12 09:10:52.684 收到 Head 資訊 {Count 2} {Type C } 
[2072] 2015/03/12 09:11:02.564 收到 Head 資訊 {Count 2} {Type C } 
[2072] 2015/03/12 09:11:12.564 收到 Head 資訊 {Count 2} {Type C } 
[2072] 2015/03/12 09:11:22.010 連線確認 E122828927 (21,21)
[2072] 2015/03/12 09:11:22.553 收到 Head 資訊 {Count 2} {Type C } 
[2072] 2015/03/12 09:11:32.703 收到 Head 資訊 {Count 2} {Type C } 
[2072] 2015/03/12 09:12:22.024 連線確認 E122828927 (21,21)
[2072] 2015/03/12 09:13:22.037 連線確認 E122828927 (21,21)
[2072] 2015/03/12 09:14:12.432 收到 Head 資訊 {Count 2} {Type C } 
[2072] 2015/03/12 09:14:22.051 連線確認 E122828927 (21,21)
[2072] 2015/03/12 09:15:22.065 連線確認 E122828927 (21,21)
[2072] 2015/03/12 09:15:29.921 收到 Head 資訊 {Count 2} {Type B } 
[2072] 2015/03/12 09:16:22.077 連線確認 E122828927 (21,21)
[2072] 2015/03/12 09:17:22.092 連線確認 E122828927 (21,21)
[2072] 2015/03/12 09:18:22.105 連線確認 E122828927 (21,21)
[2072] 2015/03/12 09:19:22.118 連線確認 E122828927 (21,21)
[2072] 2015/03/12 09:20:22.132 連線確認 E122828927 (21,21)
[2072] 2015/03/12 09:20:30.586 收到 Head 資訊 {Count 2} {Type B } 
[2072] 2015/03/12 09:21:22.145 連線確認 E122828927 (21,21)
[2072] 2015/03/12 09:22:22.159 連線確認 E122828927 (21,21)
[2072] 2015/03/12 09:23:22.172 連線確認 E122828927 (21,21)
[2072] 2015/03/12 09:24:12.065 收到 Head 資訊 {Count 2} {Type C } 
[2072] 2015/03/12 09:24:22.187 連線確認 E122828927 (21,21)
[2072] 2015/03/12 09:25:22.200 連線確認 E122828927 (21,21)
[2072] 2015/03/12 09:25:31.374 收到 Head 資訊 {Count 2} {Type B } 
[2072] 2015/03/12 09:26:22.213 連線確認 E122828927 (21,21)
[2072] 2015/03/12 09:27:22.228 連線確認 E122828927 (21,21)
[2072] 2015/03/12 09:28:22.241 連線確認 E122828927 (21,21)
[2072] 2015/03/12 09:29:22.254 連線確認 E122828927 (21,21)
[2072] 2015/03/12 09:30:22.268 連線確認 E122828927 (21,21)
[2072] 2015/03/12 09:30:22.271 收到 Head 資訊 {Count 2} {Type C } 
[2072] 2015/03/12 09:30:32.441 收到 Head 資訊 {Count 2} {Type C } 
[2072] 2015/03/12 09:30:32.649 收到 Head 資訊 {Count 2} {Type B } 
[2072] 2015/03/12 09:30:42.270 收到 Head 資訊 {Count 2} {Type C } 
[2072] 2015/03/12 09:31:22.282 連線確認 E122828927 (21,21)
[2072] 2015/03/12 09:32:22.295 連線確認 E122828927 (21,21)
[2072] 2015/03/12 09:33:22.310 連線確認 E122828927 (21,21)
[2072] 2015/03/12 09:34:11.999 收到 Head 資訊 {Count 2} {Type C } 
[2072] 2015/03/12 09:34:22.323 連線確認 E122828927 (21,21)
[2072] 2015/03/12 09:35:22.337 連線確認 E122828927 (21,21)
[2072] 2015/03/12 09:35:33.730 收到 Head 資訊 {Count 2} {Type B } 
[2072] 2015/03/12 09:36:22.350 連線確認 E122828927 (21,21)
[2072] 2015/03/12 09:37:22.364 連線確認 E122828927 (21,21)
[2072] 2015/03/12 09:38:22.377 連線確認 E122828927 (21,21)
[2072] 2015/03/12 09:39:22.390 連線確認 E122828927 (21,21)
[2072] 2015/03/12 09:40:17.967 收到 Head 資訊 {Count 2} {Type D } 
[2072] 2015/03/12 09:40:22.404 連線確認 E122828927 (21,21)
[2072] 2015/03/12 09:40:34.547 收到 Head 資訊 {Count 2} {Type B } 
[2072] 2015/03/12 09:41:22.418 連線確認 E122828927 (21,21)
[2072] 2015/03/12 09:42:22.431 連線確認 E122828927 (21,21)
[2072] 2015/03/12 09:43:22.444 連線確認 E122828927 (21,21)
[2072] 2015/03/12 09:44:22.458 連線確認 E122828927 (21,21)
[2072] 2015/03/12 09:44:52.375 收到 Head 資訊 {Count 2} {Type C } 
[2072] 2015/03/12 09:45:22.472 連線確認 E122828927 (21,21)
[2072] 2015/03/12 09:45:35.663 收到 Head 資訊 {Count 2} {Type B } 
[2072] 2015/03/12 09:46:22.486 連線確認 E122828927 (21,21)
[2072] 2015/03/12 09:47:22.498 連線確認 E122828927 (21,21)
[2072] 2015/03/12 09:48:22.514 連線確認 E122828927 (21,21)
[2072] 2015/03/12 09:49:22.527 連線確認 E122828927 (21,21)
[2072] 2015/03/12 09:50:02.944 收到 Head 資訊 {Count 2} {Type C } 
[2072] 2015/03/12 09:50:13.093 收到 Head 資訊 {Count 2} {Type C } 
[2072] 2015/03/12 09:50:22.540 連線確認 E122828927 (21,21)
[2072] 2015/03/12 09:50:22.962 收到 Head 資訊 {Count 2} {Type C } 
[2072] 2015/03/12 09:50:33.113 收到 Head 資訊 {Count 2} {Type C } 
[2072] 2015/03/12 09:50:37.172 收到 Head 資訊 {Count 2} {Type B } 
[2072] 2015/03/12 09:50:42.972 收到 Head 資訊 {Count 2} {Type C } 
[2072] 2015/03/12 09:51:22.554 連線確認 E122828927 (21,21)
[2072] 2015/03/12 09:52:22.568 連線確認 E122828927 (21,21)
[2072] 2015/03/12 09:53:22.581 連線確認 E122828927 (21,21)
[2072] 2015/03/12 09:54:12.660 收到 Head 資訊 {Count 2} {Type C } 
[2072] 2015/03/12 09:54:22.594 連線確認 E122828927 (21,21)
[2072] 2015/03/12 09:54:22.640 收到 Head 資訊 {Count 2} {Type C } 
[2072] 2015/03/12 09:55:22.607 連線確認 E122828927 (21,21)
[2072] 2015/03/12 09:55:38.049 收到 Head 資訊 {Count 2} {Type B } 
[2072] 2015/03/12 09:56:22.622 連線確認 E122828927 (21,21)
[2072] 2015/03/12 09:57:22.634 連線確認 E122828927 (21,21)
[2072] 2015/03/12 09:58:22.649 連線確認 E122828927 (21,21)
[2072] 2015/03/12 09:59:22.663 連線確認 E122828927 (21,21)
[2072] 2015/03/12 10:00:22.675 連線確認 E122828927 (21,21)
[2072] 2015/03/12 10:00:39.025 收到 Head 資訊 {Count 2} {Type B } 
[2072] 2015/03/12 10:01:22.689 連線確認 E122828927 (21,21)
[2072] 2015/03/12 10:02:22.703 連線確認 E122828927 (21,21)
[2072] 2015/03/12 10:03:22.716 連線確認 E122828927 (21,21)
[2072] 2015/03/12 10:04:22.730 連線確認 E122828927 (21,21)
[2072] 2015/03/12 10:05:22.743 連線確認 E122828927 (21,21)
[2072] 2015/03/12 10:05:39.699 收到 Head 資訊 {Count 2} {Type B } 
[2072] 2015/03/12 10:06:02.520 收到 Head 資訊 {Count 2} {Type C } 
[2072] 2015/03/12 10:06:22.757 連線確認 E122828927 (21,21)
[2072] 2015/03/12 10:07:22.770 連線確認 E122828927 (21,21)
[2072] 2015/03/12 10:08:22.785 連線確認 E122828927 (21,21)
[2072] 2015/03/12 10:09:22.797 連線確認 E122828927 (21,21)
[2072] 2015/03/12 10:09:52.678 收到 Head 資訊 {Count 2} {Type C } 
[2072] 2015/03/12 10:10:02.887 收到 Head 資訊 {Count 2} {Type C } 
[2072] 2015/03/12 10:10:12.737 收到 Head 資訊 {Count 2} {Type C } 
[2072] 2015/03/12 10:10:22.636 收到 Head 資訊 {Count 2} {Type C } 
[2072] 2015/03/12 10:10:22.812 連線確認 E122828927 (21,21)
[2072] 2015/03/12 10:10:40.887 收到 Head 資訊 {Count 2} {Type B } 
[2072] 2015/03/12 10:11:22.825 連線確認 E122828927 (21,21)
[2072] 2015/03/12 10:12:22.838 連線確認 E122828927 (21,21)
[2072] 2015/03/12 10:13:22.853 連線確認 E122828927 (21,21)
[2072] 2015/03/12 10:14:12.685 收到 Head 資訊 {Count 2} {Type C } 
[2072] 2015/03/12 10:14:22.584 收到 Head 資訊 {Count 2} {Type C } 
[2072] 2015/03/12 10:14:22.865 連線確認 E122828927 (21,21)
[2072] 2015/03/12 10:15:22.879 連線確認 E122828927 (21,21)
[2072] 2015/03/12 10:15:41.893 收到 Head 資訊 {Count 2} {Type B } 
[2072] 2015/03/12 10:16:22.892 連線確認 E122828927 (21,21)
[2072] 2015/03/12 10:17:22.908 連線確認 E122828927 (21,21)
[2072] 2015/03/12 10:18:22.921 連線確認 E122828927 (21,21)
[2072] 2015/03/12 10:19:22.934 連線確認 E122828927 (21,21)
[2072] 2015/03/12 10:20:22.947 連線確認 E122828927 (21,21)
[2072] 2015/03/12 10:20:42.991 收到 Head 資訊 {Count 2} {Type B } 
[2072] 2015/03/12 10:21:22.961 連線確認 E122828927 (21,21)
[2072] 2015/03/12 10:22:22.974 連線確認 E122828927 (21,21)
[2072] 2015/03/12 10:23:22.988 連線確認 E122828927 (21,21)
[2072] 2015/03/12 10:24:23.001 連線確認 E122828927 (21,21)
[2072] 2015/03/12 10:25:23.016 連線確認 E122828927 (21,21)
[2072] 2015/03/12 10:25:43.898 收到 Head 資訊 {Count 2} {Type B } 
[2072] 2015/03/12 10:26:23.028 連線確認 E122828927 (21,21)
[2072] 2015/03/12 10:27:02.827 收到 Head 資訊 {Count 2} {Type C } 
[2072] 2015/03/12 10:27:23.043 連線確認 E122828927 (21,21)
[2072] 2015/03/12 10:28:23.057 連線確認 E122828927 (21,21)
[2072] 2015/03/12 10:29:23.070 連線確認 E122828927 (21,21)
[2072] 2015/03/12 10:29:53.006 收到 Head 資訊 {Count 2} {Type C } 
[2072] 2015/03/12 10:30:03.226 收到 Head 資訊 {Count 2} {Type C } 
[2072] 2015/03/12 10:30:13.195 收到 Head 資訊 {Count 2} {Type C } 
[2072] 2015/03/12 10:30:23.084 連線確認 E122828927 (21,21)
[2072] 2015/03/12 10:30:23.095 收到 Head 資訊 {Count 2} {Type C } 
[2072] 2015/03/12 10:30:44.995 收到 Head 資訊 {Count 2} {Type B } 
[2072] 2015/03/12 10:31:23.096 連線確認 E122828927 (21,21)
[2072] 2015/03/12 10:32:23.111 連線確認 E122828927 (21,21)
[2072] 2015/03/12 10:33:23.124 連線確認 E122828927 (21,21)
[2072] 2015/03/12 10:34:12.923 收到 Head 資訊 {Count 2} {Type C } 
[2072] 2015/03/12 10:34:23.138 連線確認 E122828927 (21,21)
[2072] 2015/03/12 10:35:23.152 連線確認 E122828927 (21,21)
[2072] 2015/03/12 10:35:45.326 收到 Head 資訊 {Count 2} {Type B } 
[2072] 2015/03/12 10:36:23.165 連線確認 E122828927 (21,21)
[2072] 2015/03/12 10:37:23.179 連線確認 E122828927 (21,21)
[2072] 2015/03/12 10:38:23.192 連線確認 E122828927 (21,21)
[2072] 2015/03/12 10:39:23.205 連線確認 E122828927 (21,21)
[2072] 2015/03/12 10:40:23.219 連線確認 E122828927 (21,21)
[2072] 2015/03/12 10:40:46.521 收到 Head 資訊 {Count 2} {Type B } 
[2072] 2015/03/12 10:41:23.232 連線確認 E122828927 (21,21)
[2072] 2015/03/12 10:42:23.247 連線確認 E122828927 (21,21)
[2072] 2015/03/12 10:43:23.259 連線確認 E122828927 (21,21)
[2072] 2015/03/12 10:44:23.274 連線確認 E122828927 (21,21)
[2072] 2015/03/12 10:45:23.287 連線確認 E122828927 (21,21)
[2072] 2015/03/12 10:45:47.518 收到 Head 資訊 {Count 2} {Type B } 
[2072] 2015/03/12 10:46:23.300 連線確認 E122828927 (21,21)
[2072] 2015/03/12 10:47:23.315 連線確認 E122828927 (21,21)
[2072] 2015/03/12 10:47:52.328 收到 Head 資訊 {Count 2} {Type C } 
[2072] 2015/03/12 10:48:23.327 連線確認 E122828927 (21,21)
[2072] 2015/03/12 10:49:23.342 連線確認 E122828927 (21,21)
[2072] 2015/03/12 10:49:52.656 收到 Head 資訊 {Count 2} {Type C } 
[2072] 2015/03/12 10:50:02.586 收到 Head 資訊 {Count 2} {Type C } 
[2072] 2015/03/12 10:50:12.516 收到 Head 資訊 {Count 2} {Type C } 
[2072] 2015/03/12 10:50:22.416 收到 Head 資訊 {Count 2} {Type C } 
[2072] 2015/03/12 10:50:23.355 連線確認 E122828927 (21,21)
[2072] 2015/03/12 10:50:48.945 收到 Head 資訊 {Count 2} {Type B } 
[2072] 2015/03/12 10:51:23.369 連線確認 E122828927 (21,21)
[2072] 2015/03/12 10:52:23.383 連線確認 E122828927 (21,21)
[2072] 2015/03/12 10:53:23.396 連線確認 E122828927 (21,21)
[2072] 2015/03/12 10:54:12.944 收到 Head 資訊 {Count 2} {Type C } 
[2072] 2015/03/12 10:54:23.409 連線確認 E122828927 (21,21)
[2072] 2015/03/12 10:55:23.423 連線確認 E122828927 (21,21)
[2072] 2015/03/12 10:55:49.882 收到 Head 資訊 {Count 2} {Type B } 
[2072] 2015/03/12 10:56:23.436 連線確認 E122828927 (21,21)
[2072] 2015/03/12 10:57:23.450 連線確認 E122828927 (21,21)
[2072] 2015/03/12 10:58:23.463 連線確認 E122828927 (21,21)
[2072] 2015/03/12 10:59:23.477 連線確認 E122828927 (21,21)
[2072] 2015/03/12 11:00:23.490 連線確認 E122828927 (21,21)
[2072] 2015/03/12 11:00:50.820 收到 Head 資訊 {Count 2} {Type B } 
[2072] 2015/03/12 11:01:23.505 連線確認 E122828927 (21,21)
[2072] 2015/03/12 11:02:23.519 連線確認 E122828927 (21,21)
[2072] 2015/03/12 11:03:23.532 連線確認 E122828927 (21,21)
[2072] 2015/03/12 11:04:23.546 連線確認 E122828927 (21,21)
[2072] 2015/03/12 11:05:23.559 連線確認 E122828927 (21,21)
[2072] 2015/03/12 11:05:53.879 收到 Head 資訊 {Count 2} {Type B } 
[2072] 2015/03/12 11:06:23.572 連線確認 E122828927 (21,21)
[2072] 2015/03/12 11:07:23.587 連線確認 E122828927 (21,21)
[2072] 2015/03/12 11:08:23.599 連線確認 E122828927 (21,21)
[2072] 2015/03/12 11:08:43.038 收到 Head 資訊 {Count 2} {Type C } 
[2072] 2015/03/12 11:09:23.613 連線確認 E122828927 (21,21)
[2072] 2015/03/12 11:09:43.127 收到 Head 資訊 {Count 2} {Type C } 
[2072] 2015/03/12 11:09:53.377 收到 Head 資訊 {Count 2} {Type C } 
[2072] 2015/03/12 11:10:03.297 收到 Head 資訊 {Count 2} {Type C } 
[2072] 2015/03/12 11:10:13.217 收到 Head 資訊 {Count 2} {Type C } 
[2072] 2015/03/12 11:10:23.137 收到 Head 資訊 {Count 2} {Type C } 
[2072] 2015/03/12 11:10:23.627 連線確認 E122828927 (21,21)
[2072] 2015/03/12 11:10:33.367 收到 Head 資訊 {Count 2} {Type C } 
[2072] 2015/03/12 11:10:52.896 收到 Head 資訊 {Count 2} {Type B } 
[2072] 2015/03/12 11:11:23.640 連線確認 E122828927 (21,21)
[2072] 2015/03/12 11:12:23.653 連線確認 E122828927 (21,21)
[2072] 2015/03/12 11:13:23.667 連線確認 E122828927 (21,21)
[2072] 2015/03/12 11:14:11.914 收到 Head 資訊 {Count 2} {Type C } 
[2072] 2015/03/12 11:14:22.154 收到 Head 資訊 {Count 2} {Type C } 
[2072] 2015/03/12 11:14:23.681 連線確認 E122828927 (21,21)
[2072] 2015/03/12 11:14:32.134 收到 Head 資訊 {Count 2} {Type C } 
[2072] 2015/03/12 11:14:53.834 收到 Head 資訊 {Count 2} {Type A } 
[2072] 2015/03/12 11:14:53.836 2300000039476OFNNF0200001709003S13OSE    JNM   201506       N             x26909999999999999000000000+00000000000000000000000000000000000000000000000000200000002201503121120490000104000000008706g
[2072] 2015/03/12 11:14:54.040 收到 Head 資訊 {Count 2} {Type A } 
[2072] 2015/03/12 11:14:54.042              OFDNF0200001709003S10OSE    JNM   201506                     x26900001885500000000000000000000000000000000000000000000000000000000000000000200020000201503121120490000104100000008706g
[2072] 2015/03/12 11:15:23.695 連線確認 E122828927 (21,21)
[2072] 2015/03/12 11:15:53.973 收到 Head 資訊 {Count 2} {Type B } 
[2072] 2015/03/12 11:16:23.709 連線確認 E122828927 (21,21)
[2072] 2015/03/12 11:17:23.721 連線確認 E122828927 (21,21)
[2072] 2015/03/12 11:18:23.735 連線確認 E122828927 (21,21)
[2072] 2015/03/12 11:19:23.749 連線確認 E122828927 (21,21)
[2072] 2015/03/12 11:20:23.763 連線確認 E122828927 (21,21)
[2072] 2015/03/12 11:20:54.980 收到 Head 資訊 {Count 2} {Type B } 
[2072] 2015/03/12 11:21:23.775 連線確認 E122828927 (21,21)
[2072] 2015/03/12 11:22:23.790 連線確認 E122828927 (21,21)
[2072] 2015/03/12 11:23:23.802 連線確認 E122828927 (21,21)
[2072] 2015/03/12 11:24:23.818 連線確認 E122828927 (21,21)
[2072] 2015/03/12 11:25:23.830 連線確認 E122828927 (21,21)
[2072] 2015/03/12 11:25:55.338 收到 Head 資訊 {Count 2} {Type B } 
[2072] 2015/03/12 11:26:23.844 連線確認 E122828927 (21,21)
[2072] 2015/03/12 11:27:23.857 連線確認 E122828927 (21,21)
[2072] 2015/03/12 11:28:23.871 連線確認 E122828927 (21,21)
[2072] 2015/03/12 11:29:23.885 連線確認 E122828927 (21,21)
[2072] 2015/03/12 11:29:41.896 收到 Head 資訊 {Count 2} {Type C } 
[2072] 2015/03/12 11:29:51.665 收到 Head 資訊 {Count 2} {Type C } 
[2072] 2015/03/12 11:30:23.897 連線確認 E122828927 (21,21)
[2072] 2015/03/12 11:30:56.464 收到 Head 資訊 {Count 2} {Type B } 
[2072] 2015/03/12 11:31:23.912 連線確認 E122828927 (21,21)
[2072] 2015/03/12 11:32:23.926 連線確認 E122828927 (21,21)
[2072] 2015/03/12 11:33:23.941 連線確認 E122828927 (21,21)
[2072] 2015/03/12 11:34:11.453 收到 Head 資訊 {Count 2} {Type C } 
[2072] 2015/03/12 11:34:21.713 收到 Head 資訊 {Count 2} {Type C } 
[2072] 2015/03/12 11:34:23.952 連線確認 E122828927 (21,21)
[2072] 2015/03/12 11:34:31.703 收到 Head 資訊 {Count 2} {Type C } 
[2072] 2015/03/12 11:35:23.965 連線確認 E122828927 (21,21)
[2072] 2015/03/12 11:35:57.262 收到 Head 資訊 {Count 2} {Type B } 
[2072] 2015/03/12 11:36:23.980 連線確認 E122828927 (21,21)
[2072] 2015/03/12 11:37:23.994 連線確認 E122828927 (21,21)
[2072] 2015/03/12 11:38:24.008 連線確認 E122828927 (21,21)
[2072] 2015/03/12 11:39:24.021 連線確認 E122828927 (21,21)
[2072] 2015/03/12 11:40:24.034 連線確認 E122828927 (21,21)
[2072] 2015/03/12 11:40:57.926 收到 Head 資訊 {Count 2} {Type B } 
[2072] 2015/03/12 11:41:24.048 連線確認 E122828927 (21,21)
[2072] 2015/03/12 11:42:24.061 連線確認 E122828927 (21,21)
[2072] 2015/03/12 11:43:24.075 連線確認 E122828927 (21,21)
[2072] 2015/03/12 11:44:24.088 連線確認 E122828927 (21,21)
[2072] 2015/03/12 11:45:24.103 連線確認 E122828927 (21,21)
[2072] 2015/03/12 11:45:58.964 收到 Head 資訊 {Count 2} {Type B } 
[2072] 2015/03/12 11:46:24.116 連線確認 E122828927 (21,21)
[2072] 2015/03/12 11:47:24.128 連線確認 E122828927 (21,21)
[2072] 2015/03/12 11:48:24.143 連線確認 E122828927 (21,21)
[2072] 2015/03/12 11:49:11.472 收到 Head 資訊 {Count 2} {Type C } 
[2072] 2015/03/12 11:49:21.531 收到 Head 資訊 {Count 2} {Type C } 
[2072] 2015/03/12 11:49:24.157 連線確認 E122828927 (21,21)
[2072] 2015/03/12 11:50:24.171 連線確認 E122828927 (21,21)
[2072] 2015/03/12 11:51:00.110 收到 Head 資訊 {Count 2} {Type B } 
[2072] 2015/03/12 11:51:24.183 連線確認 E122828927 (21,21)
[2072] 2015/03/12 11:52:24.198 連線確認 E122828927 (21,21)
[2072] 2015/03/12 11:53:24.211 連線確認 E122828927 (21,21)
[2072] 2015/03/12 11:54:24.224 連線確認 E122828927 (21,21)
[2072] 2015/03/12 11:55:24.237 連線確認 E122828927 (21,21)
[2072] 2015/03/12 11:56:01.441 收到 Head 資訊 {Count 2} {Type B } 
[2072] 2015/03/12 11:56:24.251 連線確認 E122828927 (21,21)
[2072] 2015/03/12 11:57:24.264 連線確認 E122828927 (21,21)
[2072] 2015/03/12 11:58:24.279 連線確認 E122828927 (21,21)
[2072] 2015/03/12 11:59:24.293 連線確認 E122828927 (21,21)
[2072] 2015/03/12 12:00:24.306 連線確認 E122828927 (21,21)
[2072] 2015/03/12 12:01:02.447 收到 Head 資訊 {Count 2} {Type B } 
[2072] 2015/03/12 12:01:24.319 連線確認 E122828927 (21,21)
[2072] 2015/03/12 12:02:24.333 連線確認 E122828927 (21,21)
[2072] 2015/03/12 12:03:24.347 連線確認 E122828927 (21,21)
[2072] 2015/03/12 12:04:24.360 連線確認 E122828927 (21,21)
[2072] 2015/03/12 12:05:24.374 連線確認 E122828927 (21,21)
[2072] 2015/03/12 12:06:03.454 收到 Head 資訊 {Count 2} {Type B } 
[2072] 2015/03/12 12:06:24.387 連線確認 E122828927 (21,21)
[2072] 2015/03/12 12:07:24.400 連線確認 E122828927 (21,21)
[2072] 2015/03/12 12:08:24.414 連線確認 E122828927 (21,21)
[2072] 2015/03/12 12:09:02.489 收到 Head 資訊 {Count 2} {Type C } 
[2072] 2015/03/12 12:09:12.229 收到 Head 資訊 {Count 2} {Type C } 
[2072] 2015/03/12 12:09:22.228 收到 Head 資訊 {Count 2} {Type C } 
[2072] 2015/03/12 12:09:24.427 連線確認 E122828927 (21,21)
[2072] 2015/03/12 12:10:24.443 連線確認 E122828927 (21,21)
[2072] 2015/03/12 12:11:04.527 收到 Head 資訊 {Count 2} {Type B } 
[2072] 2015/03/12 12:11:24.455 連線確認 E122828927 (21,21)
[2072] 2015/03/12 12:12:24.469 連線確認 E122828927 (21,21)
[2072] 2015/03/12 12:13:24.482 連線確認 E122828927 (21,21)
[2072] 2015/03/12 12:14:12.075 收到 Head 資訊 {Count 2} {Type C } 
[2072] 2015/03/12 12:14:24.496 連線確認 E122828927 (21,21)
[2072] 2015/03/12 12:15:24.510 連線確認 E122828927 (21,21)
[2072] 2015/03/12 12:16:05.633 收到 Head 資訊 {Count 2} {Type B } 
[2072] 2015/03/12 12:16:24.522 連線確認 E122828927 (21,21)
[2072] 2015/03/12 12:17:24.538 連線確認 E122828927 (21,21)
[2072] 2015/03/12 12:18:24.550 連線確認 E122828927 (21,21)
[2072] 2015/03/12 12:19:24.565 連線確認 E122828927 (21,21)
[2072] 2015/03/12 12:20:24.578 連線確認 E122828927 (21,21)
[2072] 2015/03/12 12:21:06.680 收到 Head 資訊 {Count 2} {Type B } 
[2072] 2015/03/12 12:21:24.591 連線確認 E122828927 (21,21)
[2072] 2015/03/12 12:22:24.606 連線確認 E122828927 (21,21)
[2072] 2015/03/12 12:23:24.618 連線確認 E122828927 (21,21)
[2072] 2015/03/12 12:24:24.632 連線確認 E122828927 (21,21)
[2072] 2015/03/12 12:25:24.646 連線確認 E122828927 (21,21)
[2072] 2015/03/12 12:26:06.948 收到 Head 資訊 {Count 2} {Type B } 
[2072] 2015/03/12 12:26:24.658 連線確認 E122828927 (21,21)
[2072] 2015/03/12 12:27:24.672 連線確認 E122828927 (21,21)
[2072] 2015/03/12 12:28:24.686 連線確認 E122828927 (21,21)
[2072] 2015/03/12 12:29:11.707 收到 Head 資訊 {Count 2} {Type C } 
[2072] 2015/03/12 12:29:21.607 收到 Head 資訊 {Count 2} {Type C } 
[2072] 2015/03/12 12:29:24.700 連線確認 E122828927 (21,21)
[2072] 2015/03/12 12:30:24.714 連線確認 E122828927 (21,21)
[2072] 2015/03/12 12:31:07.976 收到 Head 資訊 {Count 2} {Type B } 
[2072] 2015/03/12 12:31:24.726 連線確認 E122828927 (21,21)
[2072] 2015/03/12 12:32:24.740 連線確認 E122828927 (21,21)
[2072] 2015/03/12 12:33:24.753 連線確認 E122828927 (21,21)
[2072] 2015/03/12 12:34:11.504 收到 Head 資訊 {Count 2} {Type C } 
[2072] 2015/03/12 12:34:24.768 連線確認 E122828927 (21,21)
[2072] 2015/03/12 12:35:24.782 連線確認 E122828927 (21,21)
[2072] 2015/03/12 12:36:08.802 收到 Head 資訊 {Count 2} {Type B } 
[2072] 2015/03/12 12:36:24.796 連線確認 E122828927 (21,21)
[2072] 2015/03/12 12:37:24.809 連線確認 E122828927 (21,21)
[2072] 2015/03/12 12:38:24.822 連線確認 E122828927 (21,21)
[2072] 2015/03/12 12:39:24.836 連線確認 E122828927 (21,21)
[2072] 2015/03/12 12:40:24.850 連線確認 E122828927 (21,21)
[2072] 2015/03/12 12:41:10.430 收到 Head 資訊 {Count 2} {Type B } 
[2072] 2015/03/12 12:41:24.862 連線確認 E122828927 (21,21)
[2072] 2015/03/12 12:42:24.877 連線確認 E122828927 (21,21)
[2072] 2015/03/12 12:43:24.889 連線確認 E122828927 (21,21)
[2072] 2015/03/12 12:44:24.904 連線確認 E122828927 (21,21)
[2072] 2015/03/12 12:45:24.917 連線確認 E122828927 (21,21)
[2072] 2015/03/12 12:46:11.436 收到 Head 資訊 {Count 2} {Type B } 
[2072] 2015/03/12 12:46:24.931 連線確認 E122828927 (21,21)
[2072] 2015/03/12 12:47:24.944 連線確認 E122828927 (21,21)
[2072] 2015/03/12 12:48:24.958 連線確認 E122828927 (21,21)
[2072] 2015/03/12 12:49:02.245 收到 Head 資訊 {Count 2} {Type C } 
[2072] 2015/03/12 12:49:12.325 收到 Head 資訊 {Count 2} {Type C } 
[2072] 2015/03/12 12:49:24.972 連線確認 E122828927 (21,21)
[2072] 2015/03/12 12:50:24.985 連線確認 E122828927 (21,21)
[2072] 2015/03/12 12:51:12.603 收到 Head 資訊 {Count 2} {Type B } 
[2072] 2015/03/12 12:51:24.999 連線確認 E122828927 (21,21)
[2072] 2015/03/12 12:52:25.013 連線確認 E122828927 (21,21)
[2072] 2015/03/12 12:53:25.025 連線確認 E122828927 (21,21)
[2072] 2015/03/12 12:54:11.969 收到 Head 資訊 {Count 2} {Type C } 
[2072] 2015/03/12 12:54:25.039 連線確認 E122828927 (21,21)
[2072] 2015/03/12 12:55:25.053 連線確認 E122828927 (21,21)
[2072] 2015/03/12 12:56:13.228 收到 Head 資訊 {Count 2} {Type B } 
[2072] 2015/03/12 12:56:25.067 連線確認 E122828927 (21,21)
[2072] 2015/03/12 12:57:25.080 連線確認 E122828927 (21,21)
[2072] 2015/03/12 12:58:25.094 連線確認 E122828927 (21,21)
[2072] 2015/03/12 12:59:25.107 連線確認 E122828927 (21,21)
[2072] 2015/03/12 13:00:25.120 連線確認 E122828927 (21,21)
[2072] 2015/03/12 13:01:14.244 收到 Head 資訊 {Count 2} {Type B } 
[2072] 2015/03/12 13:01:25.134 連線確認 E122828927 (21,21)
[2072] 2015/03/12 13:02:25.148 連線確認 E122828927 (21,21)
[2072] 2015/03/12 13:03:25.163 連線確認 E122828927 (21,21)
[2072] 2015/03/12 13:04:25.175 連線確認 E122828927 (21,21)
[2072] 2015/03/12 13:05:25.188 連線確認 E122828927 (21,21)
[2072] 2015/03/12 13:06:15.251 收到 Head 資訊 {Count 2} {Type B } 
[2072] 2015/03/12 13:06:25.202 連線確認 E122828927 (21,21)
[2072] 2015/03/12 13:07:25.215 連線確認 E122828927 (21,21)
[2072] 2015/03/12 13:08:25.230 連線確認 E122828927 (21,21)
[2072] 2015/03/12 13:08:52.230 收到 Head 資訊 {Count 2} {Type C } 
[2072] 2015/03/12 13:09:25.244 連線確認 E122828927 (21,21)
[2072] 2015/03/12 13:10:25.256 連線確認 E122828927 (21,21)
[2072] 2015/03/12 13:11:16.418 收到 Head 資訊 {Count 2} {Type B } 
[2072] 2015/03/12 13:11:25.271 連線確認 E122828927 (21,21)
[2072] 2015/03/12 13:12:25.284 連線確認 E122828927 (21,21)
[2072] 2015/03/12 13:13:25.298 連線確認 E122828927 (21,21)
[2072] 2015/03/12 13:14:12.186 收到 Head 資訊 {Count 2} {Type C } 
[2072] 2015/03/12 13:14:25.312 連線確認 E122828927 (21,21)
[2072] 2015/03/12 13:15:25.325 連線確認 E122828927 (21,21)
[2072] 2015/03/12 13:16:17.364 收到 Head 資訊 {Count 2} {Type B } 
[2072] 2015/03/12 13:16:25.338 連線確認 E122828927 (21,21)
[2072] 2015/03/12 13:17:25.351 連線確認 E122828927 (21,21)
[2072] 2015/03/12 13:18:25.366 連線確認 E122828927 (21,21)
[2072] 2015/03/12 13:19:25.378 連線確認 E122828927 (21,21)
[2072] 2015/03/12 13:20:25.393 連線確認 E122828927 (21,21)
[2072] 2015/03/12 13:21:18.382 收到 Head 資訊 {Count 2} {Type B } 
[2072] 2015/03/12 13:21:25.407 連線確認 E122828927 (21,21)
[2072] 2015/03/12 13:22:25.419 連線確認 E122828927 (21,21)
[2072] 2015/03/12 13:23:25.433 連線確認 E122828927 (21,21)
[2072] 2015/03/12 13:24:25.447 連線確認 E122828927 (21,21)
[2072] 2015/03/12 13:25:25.460 連線確認 E122828927 (21,21)
[2072] 2015/03/12 13:26:18.847 收到 Head 資訊 {Count 2} {Type B } 
[2072] 2015/03/12 13:26:25.474 連線確認 E122828927 (21,21)
[2072] 2015/03/12 13:27:25.487 連線確認 E122828927 (21,21)
[2072] 2015/03/12 13:28:25.502 連線確認 E122828927 (21,21)
[2072] 2015/03/12 13:28:52.015 收到 Head 資訊 {Count 2} {Type C } 
[2072] 2015/03/12 13:29:25.514 連線確認 E122828927 (21,21)
[2072] 2015/03/12 13:30:25.528 連線確認 E122828927 (21,21)
[2072] 2015/03/12 13:31:19.983 收到 Head 資訊 {Count 2} {Type B } 
[2072] 2015/03/12 13:31:25.541 連線確認 E122828927 (21,21)
[2072] 2015/03/12 13:32:25.557 連線確認 E122828927 (21,21)
[2072] 2015/03/12 13:33:25.569 連線確認 E122828927 (21,21)
[2072] 2015/03/12 13:34:11.662 收到 Head 資訊 {Count 2} {Type C } 
[2072] 2015/03/12 13:34:25.583 連線確認 E122828927 (21,21)
[2072] 2015/03/12 13:35:25.597 連線確認 E122828927 (21,21)
[2072] 2015/03/12 13:36:20.940 收到 Head 資訊 {Count 2} {Type B } 
[2072] 2015/03/12 13:36:25.609 連線確認 E122828927 (21,21)
[2072] 2015/03/12 13:37:25.624 連線確認 E122828927 (21,21)
[2072] 2015/03/12 13:38:25.637 連線確認 E122828927 (21,21)
[2072] 2015/03/12 13:39:25.651 連線確認 E122828927 (21,21)
[2072] 2015/03/12 13:40:25.664 連線確認 E122828927 (21,21)
[2072] 2015/03/12 13:41:22.109 收到 Head 資訊 {Count 2} {Type B } 
[2072] 2015/03/12 13:41:25.678 連線確認 E122828927 (21,21)
[2072] 2015/03/12 13:42:25.692 連線確認 E122828927 (21,21)
[2072] 2015/03/12 13:43:25.706 連線確認 E122828927 (21,21)
[2072] 2015/03/12 13:44:25.719 連線確認 E122828927 (21,21)
[2072] 2015/03/12 13:45:07.747 收到 Head 資訊 {Count 2} {Type D } 
[2072] 2015/03/12 13:45:25.733 連線確認 E122828927 (21,21)
[2072] 2015/03/12 13:46:24.925 收到 Head 資訊 {Count 2} {Type B } 
[2072] 2015/03/12 13:46:25.746 連線確認 E122828927 (21,21)
[2072] 2015/03/12 13:47:25.760 連線確認 E122828927 (21,21)
[2072] 2015/03/12 13:48:25.772 連線確認 E122828927 (21,21)
[2072] 2015/03/12 13:48:52.145 收到 Head 資訊 {Count 2} {Type C } 
[2072] 2015/03/12 13:49:02.134 收到 Head 資訊 {Count 2} {Type C } 
[2072] 2015/03/12 13:49:12.074 收到 Head 資訊 {Count 2} {Type C } 
[2072] 2015/03/12 13:49:21.964 收到 Head 資訊 {Count 2} {Type C } 
[2072] 2015/03/12 13:49:25.787 連線確認 E122828927 (21,21)
[2072] 2015/03/12 13:49:32.034 收到 Head 資訊 {Count 2} {Type C } 
[2072] 2015/03/12 13:50:25.801 連線確認 E122828927 (21,21)
[2072] 2015/03/12 13:51:25.814 連線確認 E122828927 (21,21)
[2072] 2015/03/12 13:51:25.932 收到 Head 資訊 {Count 2} {Type B } 
[2072] 2015/03/12 13:52:25.827 連線確認 E122828927 (21,21)
[2072] 2015/03/12 13:53:25.841 連線確認 E122828927 (21,21)
[2072] 2015/03/12 13:54:11.842 收到 Head 資訊 {Count 2} {Type C } 
[2072] 2015/03/12 13:54:21.940 收到 Head 資訊 {Count 2} {Type C } 
[2072] 2015/03/12 13:54:25.854 連線確認 E122828927 (21,21)
[2072] 2015/03/12 13:54:31.861 收到 Head 資訊 {Count 2} {Type C } 
[2072] 2015/03/12 13:55:25.869 連線確認 E122828927 (21,21)
[2072] 2015/03/12 13:56:25.882 連線確認 E122828927 (21,21)
[2072] 2015/03/12 13:56:27.408 收到 Head 資訊 {Count 2} {Type B } 
[2072] 2015/03/12 13:57:25.896 連線確認 E122828927 (21,21)
[2072] 2015/03/12 13:58:25.909 連線確認 E122828927 (21,21)
[2072] 2015/03/12 13:59:25.922 連線確認 E122828927 (21,21)
[2072] 2015/03/12 14:00:25.937 連線確認 E122828927 (21,21)
[2072] 2015/03/12 14:01:25.949 連線確認 E122828927 (21,21)
[2072] 2015/03/12 14:01:28.495 收到 Head 資訊 {Count 2} {Type B } 
[2072] 2015/03/12 14:02:25.964 連線確認 E122828927 (21,21)
[2072] 2015/03/12 14:03:25.976 連線確認 E122828927 (21,21)
[2072] 2015/03/12 14:04:25.991 連線確認 E122828927 (21,21)
[2072] 2015/03/12 14:05:26.003 連線確認 E122828927 (21,21)
[2072] 2015/03/12 14:06:26.019 連線確認 E122828927 (21,21)
[2072] 2015/03/12 14:06:29.442 收到 Head 資訊 {Count 2} {Type B } 
[2072] 2015/03/12 14:07:26.031 連線確認 E122828927 (21,21)
[2072] 2015/03/12 14:08:26.044 連線確認 E122828927 (21,21)
[2072] 2015/03/12 14:09:02.571 收到 Head 資訊 {Count 2} {Type C } 
[2072] 2015/03/12 14:09:12.611 收到 Head 資訊 {Count 2} {Type C } 
[2072] 2015/03/12 14:09:22.611 收到 Head 資訊 {Count 2} {Type C } 
[2072] 2015/03/12 14:09:26.059 連線確認 E122828927 (21,21)
[2072] 2015/03/12 14:09:32.661 收到 Head 資訊 {Count 2} {Type C } 
[2072] 2015/03/12 14:09:42.571 收到 Head 資訊 {Count 2} {Type C } 
[2072] 2015/03/12 14:09:52.620 收到 Head 資訊 {Count 2} {Type C } 
[2072] 2015/03/12 14:10:02.520 收到 Head 資訊 {Count 2} {Type C } 
[2072] 2015/03/12 14:10:12.569 收到 Head 資訊 {Count 2} {Type C } 
[2072] 2015/03/12 14:10:22.620 收到 Head 資訊 {Count 2} {Type C } 
[2072] 2015/03/12 14:10:26.072 連線確認 E122828927 (21,21)
[2072] 2015/03/12 14:10:41.859 收到 Head 資訊 {Count 2} {Type C } 
[2072] 2015/03/12 14:11:26.085 連線確認 E122828927 (21,21)
[2072] 2015/03/12 14:11:29.958 收到 Head 資訊 {Count 2} {Type B } 
[2072] 2015/03/12 14:12:26.099 連線確認 E122828927 (21,21)
[2072] 2015/03/12 14:13:26.112 連線確認 E122828927 (21,21)
[2072] 2015/03/12 14:14:12.107 收到 Head 資訊 {Count 2} {Type C } 
[2072] 2015/03/12 14:14:21.996 收到 Head 資訊 {Count 2} {Type C } 
[2072] 2015/03/12 14:14:26.127 連線確認 E122828927 (21,21)
[2072] 2015/03/12 14:14:32.086 收到 Head 資訊 {Count 2} {Type C } 
[2072] 2015/03/12 14:14:42.027 收到 Head 資訊 {Count 2} {Type C } 
[2072] 2015/03/12 14:14:52.106 收到 Head 資訊 {Count 2} {Type C } 
[2072] 2015/03/12 14:15:02.046 收到 Head 資訊 {Count 2} {Type C } 
[2072] 2015/03/12 14:15:12.116 收到 Head 資訊 {Count 2} {Type C } 
[2072] 2015/03/12 14:15:26.140 連線確認 E122828927 (21,21)
[2072] 2015/03/12 14:16:26.153 連線確認 E122828927 (21,21)
[2072] 2015/03/12 14:16:30.935 收到 Head 資訊 {Count 2} {Type B } 
[2072] 2015/03/12 14:17:26.167 連線確認 E122828927 (21,21)
[2072] 2015/03/12 14:18:26.181 連線確認 E122828927 (21,21)
[2072] 2015/03/12 14:19:26.194 連線確認 E122828927 (21,21)
[2072] 2015/03/12 14:20:26.207 連線確認 E122828927 (21,21)
[2072] 2015/03/12 14:21:26.222 連線確認 E122828927 (21,21)
[2072] 2015/03/12 14:21:31.942 收到 Head 資訊 {Count 2} {Type B } 
[2072] 2015/03/12 14:22:26.234 連線確認 E122828927 (21,21)
[2072] 2015/03/12 14:23:26.249 連線確認 E122828927 (21,21)
[2072] 2015/03/12 14:24:26.263 連線確認 E122828927 (21,21)
[2072] 2015/03/12 14:25:26.275 連線確認 E122828927 (21,21)
[2072] 2015/03/12 14:26:26.289 連線確認 E122828927 (21,21)
[2072] 2015/03/12 14:26:33.365 收到 Head 資訊 {Count 2} {Type B } 
[2072] 2015/03/12 14:27:28.155 連線確認 E122828927 (21,21)
[2072] 2015/03/12 14:28:26.316 連線確認 E122828927 (21,21)
[2072] 2015/03/12 14:29:22.803 收到 Head 資訊 {Count 2} {Type C } 
[2072] 2015/03/12 14:29:26.330 連線確認 E122828927 (21,21)
[2072] 2015/03/12 14:29:32.773 收到 Head 資訊 {Count 2} {Type C } 
[2072] 2015/03/12 14:29:42.834 收到 Head 資訊 {Count 2} {Type C } 
[2072] 2015/03/12 14:29:52.843 收到 Head 資訊 {Count 2} {Type C } 
[2072] 2015/03/12 14:30:02.853 收到 Head 資訊 {Count 2} {Type C } 
[2072] 2015/03/12 14:30:12.862 收到 Head 資訊 {Count 2} {Type C } 
[2072] 2015/03/12 14:30:22.873 收到 Head 資訊 {Count 2} {Type C } 
[2072] 2015/03/12 14:30:26.343 連線確認 E122828927 (21,21)
[2072] 2015/03/12 14:30:32.883 收到 Head 資訊 {Count 2} {Type C } 
[2072] 2015/03/12 14:30:42.772 收到 Head 資訊 {Count 2} {Type C } 
[2072] 2015/03/12 14:31:26.357 連線確認 E122828927 (21,21)
[2072] 2015/03/12 14:31:34.381 收到 Head 資訊 {Count 2} {Type B } 
[2072] 2015/03/12 14:32:26.371 連線確認 E122828927 (21,21)
[2072] 2015/03/12 14:33:26.385 連線確認 E122828927 (21,21)
[2072] 2015/03/12 14:34:12.590 收到 Head 資訊 {Count 2} {Type C } 
[2072] 2015/03/12 14:34:22.540 收到 Head 資訊 {Count 2} {Type C } 
[2072] 2015/03/12 14:34:26.397 連線確認 E122828927 (21,21)
[2072] 2015/03/12 14:34:32.600 收到 Head 資訊 {Count 2} {Type C } 
[2072] 2015/03/12 14:34:42.610 收到 Head 資訊 {Count 2} {Type C } 
[2072] 2015/03/12 14:34:52.620 收到 Head 資訊 {Count 2} {Type C } 
[2072] 2015/03/12 14:35:02.630 收到 Head 資訊 {Count 2} {Type C } 
[2072] 2015/03/12 14:35:12.640 收到 Head 資訊 {Count 2} {Type C } 
[2072] 2015/03/12 14:35:26.411 連線確認 E122828927 (21,21)
[2072] 2015/03/12 14:36:26.426 連線確認 E122828927 (21,21)
[2072] 2015/03/12 14:36:35.279 收到 Head 資訊 {Count 2} {Type B } 
[2072] 2015/03/12 14:37:26.438 連線確認 E122828927 (21,21)
[2072] 2015/03/12 14:38:26.452 連線確認 E122828927 (21,21)
[2072] 2015/03/12 14:39:26.466 連線確認 E122828927 (21,21)
[2072] 2015/03/12 14:40:26.479 連線確認 E122828927 (21,21)
[2072] 2015/03/12 14:41:26.493 連線確認 E122828927 (21,21)
[2072] 2015/03/12 14:41:36.386 收到 Head 資訊 {Count 2} {Type B } 
[2072] 2015/03/12 14:42:26.506 連線確認 E122828927 (21,21)
[2072] 2015/03/12 14:43:26.520 連線確認 E122828927 (21,21)
[2072] 2015/03/12 14:44:26.533 連線確認 E122828927 (21,21)
[2072] 2015/03/12 14:45:26.548 連線確認 E122828927 (21,21)
[2072] 2015/03/12 14:46:26.561 連線確認 E122828927 (21,21)
[2072] 2015/03/12 14:46:36.999 收到 Head 資訊 {Count 2} {Type B } 
[2072] 2015/03/12 14:47:26.574 連線確認 E122828927 (21,21)
[2072] 2015/03/12 14:48:26.589 連線確認 E122828927 (21,21)
[2072] 2015/03/12 14:49:26.602 連線確認 E122828927 (21,21)
[2072] 2015/03/12 14:49:52.477 收到 Head 資訊 {Count 2} {Type C } 
[2072] 2015/03/12 14:50:02.527 收到 Head 資訊 {Count 2} {Type C } 
[2072] 2015/03/12 14:50:12.537 收到 Head 資訊 {Count 2} {Type C } 
[2072] 2015/03/12 14:50:22.506 收到 Head 資訊 {Count 2} {Type C } 
[2072] 2015/03/12 14:50:26.616 連線確認 E122828927 (21,21)
[2072] 2015/03/12 14:50:32.466 收到 Head 資訊 {Count 2} {Type C } 
[2072] 2015/03/12 14:50:42.547 收到 Head 資訊 {Count 2} {Type C } 
[2072] 2015/03/12 14:50:52.506 收到 Head 資訊 {Count 2} {Type C } 
[2072] 2015/03/12 14:51:02.466 收到 Head 資訊 {Count 2} {Type C } 
[2072] 2015/03/12 14:51:26.629 連線確認 E122828927 (21,21)
[2072] 2015/03/12 14:51:37.986 收到 Head 資訊 {Count 2} {Type B } 
[2072] 2015/03/12 14:52:26.643 連線確認 E122828927 (21,21)
[2072] 2015/03/12 14:53:26.656 連線確認 E122828927 (21,21)
[2072] 2015/03/12 14:54:12.306 收到 Head 資訊 {Count 2} {Type C } 
[2072] 2015/03/12 14:54:22.354 收到 Head 資訊 {Count 2} {Type C } 
[2072] 2015/03/12 14:54:26.669 連線確認 E122828927 (21,21)
[2072] 2015/03/12 14:54:32.375 收到 Head 資訊 {Count 2} {Type C } 
[2072] 2015/03/12 14:54:42.333 收到 Head 資訊 {Count 2} {Type C } 
[2072] 2015/03/12 14:55:26.684 連線確認 E122828927 (21,21)
[2072] 2015/03/12 14:56:26.696 連線確認 E122828927 (21,21)
[2072] 2015/03/12 14:56:38.972 收到 Head 資訊 {Count 2} {Type B } 
[2072] 2015/03/12 14:57:26.711 連線確認 E122828927 (21,21)
[2072] 2015/03/12 14:58:26.725 連線確認 E122828927 (21,21)
[2072] 2015/03/12 14:59:26.738 連線確認 E122828927 (21,21)
[2072] 2015/03/12 15:00:26.752 連線確認 E122828927 (21,21)
[2072] 2015/03/12 15:01:26.765 連線確認 E122828927 (21,21)
[2072] 2015/03/12 15:01:40.388 收到 Head 資訊 {Count 2} {Type B } 
[2072] 2015/03/12 15:02:26.779 連線確認 E122828927 (21,21)
[2072] 2015/03/12 15:03:26.792 連線確認 E122828927 (21,21)
[2072] 2015/03/12 15:04:26.805 連線確認 E122828927 (21,21)
[2072] 2015/03/12 15:05:26.820 連線確認 E122828927 (21,21)
[2072] 2015/03/12 15:06:26.832 連線確認 E122828927 (21,21)
[2072] 2015/03/12 15:06:41.465 收到 Head 資訊 {Count 2} {Type B } 
[2072] 2015/03/12 15:07:26.846 連線確認 E122828927 (21,21)
[2072] 2015/03/12 15:08:26.859 連線確認 E122828927 (21,21)
[2072] 2015/03/12 15:09:26.874 連線確認 E122828927 (21,21)
[2072] 2015/03/12 15:10:03.093 收到 Head 資訊 {Count 2} {Type C } 
[2072] 2015/03/12 15:10:13.083 收到 Head 資訊 {Count 2} {Type C } 
[2072] 2015/03/12 15:10:23.083 收到 Head 資訊 {Count 2} {Type C } 
[2072] 2015/03/12 15:10:26.887 連線確認 E122828927 (21,21)
[2072] 2015/03/12 15:10:33.093 收到 Head 資訊 {Count 2} {Type C } 
[2072] 2015/03/12 15:11:26.901 連線確認 E122828927 (21,21)
[2072] 2015/03/12 15:11:42.392 收到 Head 資訊 {Count 2} {Type B } 
[2072] 2015/03/12 15:12:26.915 連線確認 E122828927 (21,21)
[2072] 2015/03/12 15:13:26.927 連線確認 E122828927 (21,21)
[2072] 2015/03/12 15:14:12.185 收到 Head 資訊 {Count 2} {Type C } 
[2072] 2015/03/12 15:14:22.204 收到 Head 資訊 {Count 2} {Type C } 
[2072] 2015/03/12 15:14:26.940 連線確認 E122828927 (21,21)
[2072] 2015/03/12 15:15:26.955 連線確認 E122828927 (21,21)
[2072] 2015/03/12 15:16:26.968 連線確認 E122828927 (21,21)
[2072] 2015/03/12 15:16:42.762 收到 Head 資訊 {Count 2} {Type B } 
[2072] 2015/03/12 15:17:26.982 連線確認 E122828927 (21,21)
[2072] 2015/03/12 15:18:26.995 連線確認 E122828927 (21,21)
[2072] 2015/03/12 15:19:27.010 連線確認 E122828927 (21,21)
[2072] 2015/03/12 15:20:27.023 連線確認 E122828927 (21,21)
[2072] 2015/03/12 15:21:27.036 連線確認 E122828927 (21,21)
[2072] 2015/03/12 15:21:43.719 收到 Head 資訊 {Count 2} {Type B } 
[2072] 2015/03/12 15:22:27.051 連線確認 E122828927 (21,21)
[2072] 2015/03/12 15:23:27.064 連線確認 E122828927 (21,21)
[2072] 2015/03/12 15:24:27.077 連線確認 E122828927 (21,21)
[2072] 2015/03/12 15:25:27.090 連線確認 E122828927 (21,21)
[2072] 2015/03/12 15:26:27.104 連線確認 E122828927 (21,21)
[2072] 2015/03/12 15:26:44.706 收到 Head 資訊 {Count 2} {Type B } 
[2072] 2015/03/12 15:27:27.118 連線確認 E122828927 (21,21)
[2072] 2015/03/12 15:28:27.131 連線確認 E122828927 (21,21)
[2072] 2015/03/12 15:29:27.145 連線確認 E122828927 (21,21)
[2072] 2015/03/12 15:30:02.413 收到 Head 資訊 {Count 2} {Type C } 
[2072] 2015/03/12 15:30:12.383 收到 Head 資訊 {Count 2} {Type C } 
[2072] 2015/03/12 15:30:22.424 收到 Head 資訊 {Count 2} {Type C } 
[2072] 2015/03/12 15:30:27.158 連線確認 E122828927 (21,21)
[2072] 2015/03/12 15:30:32.323 收到 Head 資訊 {Count 2} {Type C } 
[2072] 2015/03/12 15:30:42.343 收到 Head 資訊 {Count 2} {Type C } 
[2072] 2015/03/12 15:30:52.353 收到 Head 資訊 {Count 2} {Type C } 
[2072] 2015/03/12 15:31:02.353 收到 Head 資訊 {Count 2} {Type C } 
[2072] 2015/03/12 15:31:12.354 收到 Head 資訊 {Count 2} {Type C } 
[2072] 2015/03/12 15:31:22.353 收到 Head 資訊 {Count 2} {Type C } 
[2072] 2015/03/12 15:31:27.172 連線確認 E122828927 (21,21)
[2072] 2015/03/12 15:31:32.353 收到 Head 資訊 {Count 2} {Type C } 
[2072] 2015/03/12 15:31:42.353 收到 Head 資訊 {Count 2} {Type C } 
[2072] 2015/03/12 15:31:45.652 收到 Head 資訊 {Count 2} {Type B } 
[2072] 2015/03/12 15:32:27.186 連線確認 E122828927 (21,21)
[2072] 2015/03/12 15:33:27.199 連線確認 E122828927 (21,21)
[2072] 2015/03/12 15:34:12.221 收到 Head 資訊 {Count 2} {Type C } 
[2072] 2015/03/12 15:34:22.141 收到 Head 資訊 {Count 2} {Type C } 
[2072] 2015/03/12 15:34:27.213 連線確認 E122828927 (21,21)
[2072] 2015/03/12 15:35:27.227 連線確認 E122828927 (21,21)
[2072] 2015/03/12 15:36:27.240 連線確認 E122828927 (21,21)
[2072] 2015/03/12 15:36:46.670 收到 Head 資訊 {Count 2} {Type B } 
[2072] 2015/03/12 15:37:27.253 連線確認 E122828927 (21,21)
[2072] 2015/03/12 15:38:27.267 連線確認 E122828927 (21,21)
[2072] 2015/03/12 15:39:27.282 連線確認 E122828927 (21,21)
[2072] 2015/03/12 15:40:27.295 連線確認 E122828927 (21,21)
[2072] 2015/03/12 15:41:27.308 連線確認 E122828927 (21,21)
[2072] 2015/03/12 15:41:47.676 收到 Head 資訊 {Count 2} {Type B } 
[2072] 2015/03/12 15:42:27.322 連線確認 E122828927 (21,21)
[2072] 2015/03/12 15:43:27.336 連線確認 E122828927 (21,21)
[2072] 2015/03/12 15:44:27.349 連線確認 E122828927 (21,21)
[2072] 2015/03/12 15:45:27.363 連線確認 E122828927 (21,21)
[2072] 2015/03/12 15:46:27.377 連線確認 E122828927 (21,21)
[2072] 2015/03/12 15:46:48.690 收到 Head 資訊 {Count 2} {Type B } 
[2072] 2015/03/12 15:47:24.080 收到 Head 資訊 {Count 2} {Type D } 
[2072] 2015/03/12 15:47:27.390 連線確認 E122828927 (21,21)
[2072] 2015/03/12 15:48:27.403 連線確認 E122828927 (21,21)
[2072] 2015/03/12 15:49:27.417 連線確認 E122828927 (21,21)
[2072] 2015/03/12 15:50:12.467 收到 Head 資訊 {Count 2} {Type C } 
[2072] 2015/03/12 15:50:22.527 收到 Head 資訊 {Count 2} {Type C } 
[2072] 2015/03/12 15:50:27.430 連線確認 E122828927 (21,21)
[2072] 2015/03/12 15:50:32.477 收到 Head 資訊 {Count 2} {Type C } 
[2072] 2015/03/12 15:50:42.477 收到 Head 資訊 {Count 2} {Type C } 
[2072] 2015/03/12 15:50:52.478 收到 Head 資訊 {Count 2} {Type C } 
[2072] 2015/03/12 15:51:02.476 收到 Head 資訊 {Count 2} {Type C } 
[2072] 2015/03/12 15:51:12.477 收到 Head 資訊 {Count 2} {Type C } 
[2072] 2015/03/12 15:51:27.444 連線確認 E122828927 (21,21)
[2072] 2015/03/12 15:51:49.676 收到 Head 資訊 {Count 2} {Type B } 
[2072] 2015/03/12 15:52:27.457 連線確認 E122828927 (21,21)
[2072] 2015/03/12 15:53:27.473 連線確認 E122828927 (21,21)
[2072] 2015/03/12 15:54:12.375 收到 Head 資訊 {Count 2} {Type C } 
[2072] 2015/03/12 15:54:22.405 收到 Head 資訊 {Count 2} {Type C } 
[2072] 2015/03/12 15:54:27.485 連線確認 E122828927 (21,21)
[2072] 2015/03/12 15:54:32.444 收到 Head 資訊 {Count 2} {Type C } 
[2072] 2015/03/12 15:54:42.445 收到 Head 資訊 {Count 2} {Type C } 
[2072] 2015/03/12 15:54:52.444 收到 Head 資訊 {Count 2} {Type C } 
[2072] 2015/03/12 15:55:02.446 收到 Head 資訊 {Count 2} {Type C } 
[2072] 2015/03/12 15:55:12.445 收到 Head 資訊 {Count 2} {Type C } 
[2072] 2015/03/12 15:55:22.444 收到 Head 資訊 {Count 2} {Type C } 
[2072] 2015/03/12 15:55:27.498 連線確認 E122828927 (21,21)
[2072] 2015/03/12 15:56:27.512 連線確認 E122828927 (21,21)
[2072] 2015/03/12 15:56:50.743 收到 Head 資訊 {Count 2} {Type B } 
[2072] 2015/03/12 15:57:27.525 連線確認 E122828927 (21,21)
[2072] 2015/03/12 15:58:27.539 連線確認 E122828927 (21,21)
[2072] 2015/03/12 15:59:27.553 連線確認 E122828927 (21,21)
[2072] 2015/03/12 16:00:27.565 連線確認 E122828927 (21,21)
[2072] 2015/03/12 16:01:27.581 連線確認 E122828927 (21,21)
[2072] 2015/03/12 16:01:51.790 收到 Head 資訊 {Count 2} {Type B } 
[2072] 2015/03/12 16:02:27.594 連線確認 E122828927 (21,21)
[2072] 2015/03/12 16:03:27.607 連線確認 E122828927 (21,21)
[2072] 2015/03/12 16:04:27.621 連線確認 E122828927 (21,21)
[2072] 2015/03/12 16:05:27.634 連線確認 E122828927 (21,21)
[2072] 2015/03/12 16:06:27.648 連線確認 E122828927 (21,21)
[2072] 2015/03/12 16:06:52.796 收到 Head 資訊 {Count 2} {Type B } 
[2072] 2015/03/12 16:07:27.660 連線確認 E122828927 (21,21)
[2072] 2015/03/12 16:08:27.675 連線確認 E122828927 (21,21)
[2072] 2015/03/12 16:09:27.689 連線確認 E122828927 (21,21)
[2072] 2015/03/12 16:10:27.703 連線確認 E122828927 (21,21)
[2072] 2015/03/12 16:10:52.786 收到 Head 資訊 {Count 2} {Type C } 
[2072] 2015/03/12 16:11:02.775 收到 Head 資訊 {Count 2} {Type C } 
[2072] 2015/03/12 16:11:12.795 收到 Head 資訊 {Count 2} {Type C } 
[2072] 2015/03/12 16:11:22.785 收到 Head 資訊 {Count 2} {Type C } 
[2072] 2015/03/12 16:11:27.716 連線確認 E122828927 (21,21)
[2072] 2015/03/12 16:11:32.774 收到 Head 資訊 {Count 2} {Type C } 
[2072] 2015/03/12 16:11:42.765 收到 Head 資訊 {Count 2} {Type C } 
[2072] 2015/03/12 16:11:52.753 收到 Head 資訊 {Count 2} {Type C } 
[2072] 2015/03/12 16:11:53.744 收到 Head 資訊 {Count 2} {Type B } 
[2072] 2015/03/12 16:12:02.744 收到 Head 資訊 {Count 2} {Type C } 
[2072] 2015/03/12 16:12:12.754 收到 Head 資訊 {Count 2} {Type C } 
[2072] 2015/03/12 16:12:22.754 收到 Head 資訊 {Count 2} {Type C } 
[2072] 2015/03/12 16:12:27.729 連線確認 E122828927 (21,21)
[2072] 2015/03/12 16:12:32.765 收到 Head 資訊 {Count 2} {Type C } 
[2072] 2015/03/12 16:13:27.743 連線確認 E122828927 (21,21)
[2072] 2015/03/12 16:14:12.562 收到 Head 資訊 {Count 2} {Type C } 
[2072] 2015/03/12 16:14:22.583 收到 Head 資訊 {Count 2} {Type C } 
[2072] 2015/03/12 16:14:36.506 連線確認 E122828927 (21,21)
[2072] 2015/03/12 16:14:42.831 收到 Head 資訊 {Count 2} {Type C } 
[2072] 2015/03/12 16:14:43.036 收到 Head 資訊 {Count 2} {Type C } 
[2072] 2015/03/12 16:14:53.000 收到 Head 資訊 {Count 2} {Type C } 
[2072] 2015/03/12 16:15:02.991 收到 Head 資訊 {Count 2} {Type C } 
[2072] 2015/03/12 16:15:12.982 收到 Head 資訊 {Count 2} {Type C } 
[2072] 2015/03/12 16:15:23.060 收到 Head 資訊 {Count 2} {Type C } 
[2072] 2015/03/12 16:15:36.506 連線確認 E122828927 (21,21)
[2072] 2015/03/12 16:16:36.520 連線確認 E122828927 (21,21)
[2072] 2015/03/12 16:16:55.199 收到 Head 資訊 {Count 2} {Type B } 
[2072] 2015/03/12 16:17:36.533 連線確認 E122828927 (21,21)
[2072] 2015/03/12 16:18:36.547 連線確認 E122828927 (21,21)
[2072] 2015/03/12 16:19:36.561 連線確認 E122828927 (21,21)
[2072] 2015/03/12 16:20:36.574 連線確認 E122828927 (21,21)
[2072] 2015/03/12 16:21:36.588 連線確認 E122828927 (21,21)
[2072] 2015/03/12 16:21:56.256 收到 Head 資訊 {Count 2} {Type B } 
[2072] 2015/03/12 16:22:36.603 連線確認 E122828927 (21,21)
[2072] 2015/03/12 16:23:36.614 連線確認 E122828927 (21,21)
[2072] 2015/03/12 16:24:36.629 連線確認 E122828927 (21,21)
[2072] 2015/03/12 16:25:36.642 連線確認 E122828927 (21,21)
[2072] 2015/03/12 16:26:36.656 連線確認 E122828927 (21,21)
[2072] 2015/03/12 16:26:57.233 收到 Head 資訊 {Count 2} {Type B } 
[2072] 2015/03/12 16:27:36.668 連線確認 E122828927 (21,21)
[2072] 2015/03/12 16:28:36.684 連線確認 E122828927 (21,21)
[2072] 2015/03/12 16:29:36.697 連線確認 E122828927 (21,21)
[2072] 2015/03/12 16:30:36.710 連線確認 E122828927 (21,21)
[2072] 2015/03/12 16:31:12.604 收到 Head 資訊 {Count 2} {Type C } 
[2072] 2015/03/12 16:31:22.575 收到 Head 資訊 {Count 2} {Type C } 
[2072] 2015/03/12 16:31:32.624 收到 Head 資訊 {Count 2} {Type C } 
[2072] 2015/03/12 16:31:36.723 連線確認 E122828927 (21,21)
[2072] 2015/03/12 16:31:42.625 收到 Head 資訊 {Count 2} {Type C } 
[2072] 2015/03/12 16:31:52.614 收到 Head 資訊 {Count 2} {Type C } 
[2072] 2015/03/12 16:31:57.564 收到 Head 資訊 {Count 2} {Type B } 
[2072] 2015/03/12 16:32:02.605 收到 Head 資訊 {Count 2} {Type C } 
[2072] 2015/03/12 16:32:12.595 收到 Head 資訊 {Count 2} {Type C } 
[2072] 2015/03/12 16:32:22.584 收到 Head 資訊 {Count 2} {Type C } 
[2072] 2015/03/12 16:32:32.574 收到 Head 資訊 {Count 2} {Type C } 
[2072] 2015/03/12 16:32:36.737 連線確認 E122828927 (21,21)
[2072] 2015/03/12 16:33:36.750 連線確認 E122828927 (21,21)
[2072] 2015/03/12 16:34:12.383 收到 Head 資訊 {Count 2} {Type C } 
[2072] 2015/03/12 16:34:22.373 收到 Head 資訊 {Count 2} {Type C } 
[2072] 2015/03/12 16:34:32.353 收到 Head 資訊 {Count 2} {Type C } 
[2072] 2015/03/12 16:34:36.764 連線確認 E122828927 (21,21)
[2072] 2015/03/12 16:34:42.342 收到 Head 資訊 {Count 2} {Type C } 
[2072] 2015/03/12 16:34:52.423 收到 Head 資訊 {Count 2} {Type C } 
[2072] 2015/03/12 16:35:02.412 收到 Head 資訊 {Count 2} {Type C } 
[2072] 2015/03/12 16:35:12.402 收到 Head 資訊 {Count 2} {Type C } 
[2072] 2015/03/12 16:35:36.778 連線確認 E122828927 (21,21)
[2072] 2015/03/12 16:36:36.791 連線確認 E122828927 (21,21)
[2072] 2015/03/12 16:36:58.511 收到 Head 資訊 {Count 2} {Type B } 
[2072] 2015/03/12 16:37:36.804 連線確認 E122828927 (21,21)
[2072] 2015/03/12 16:38:36.819 連線確認 E122828927 (21,21)
[2072] 2015/03/12 16:39:36.833 連線確認 E122828927 (21,21)
[2072] 2015/03/12 16:40:36.845 連線確認 E122828927 (21,21)
[2072] 2015/03/12 16:41:36.860 連線確認 E122828927 (21,21)
[2072] 2015/03/12 16:41:59.478 收到 Head 資訊 {Count 2} {Type B } 
[2072] 2015/03/12 16:42:36.873 連線確認 E122828927 (21,21)
[2072] 2015/03/12 16:43:36.887 連線確認 E122828927 (21,21)
[2072] 2015/03/12 16:44:36.900 連線確認 E122828927 (21,21)
[2072] 2015/03/12 16:45:36.914 連線確認 E122828927 (21,21)
[2072] 2015/03/12 16:46:36.928 連線確認 E122828927 (21,21)
[2072] 2015/03/12 16:47:00.342 收到 Head 資訊 {Count 2} {Type B } 
[2072] 2015/03/12 16:47:36.941 連線確認 E122828927 (21,21)
[2072] 2015/03/12 16:48:36.955 連線確認 E122828927 (21,21)
[2072] 2015/03/12 16:49:36.968 連線確認 E122828927 (21,21)
[2072] 2015/03/12 16:50:36.982 連線確認 E122828927 (21,21)
[2072] 2015/03/12 16:51:12.519 收到 Head 資訊 {Count 2} {Type C } 
[2072] 2015/03/12 16:51:22.559 收到 Head 資訊 {Count 2} {Type C } 
[2072] 2015/03/12 16:51:32.569 收到 Head 資訊 {Count 2} {Type C } 
[2072] 2015/03/12 16:51:36.995 連線確認 E122828927 (21,21)
[2072] 2015/03/12 16:51:42.559 收到 Head 資訊 {Count 2} {Type C } 
[2072] 2015/03/12 16:51:52.520 收到 Head 資訊 {Count 2} {Type C } 
[2072] 2015/03/12 16:52:01.338 收到 Head 資訊 {Count 2} {Type B } 
[2072] 2015/03/12 16:52:02.539 收到 Head 資訊 {Count 2} {Type C } 
[2072] 2015/03/12 16:52:12.569 收到 Head 資訊 {Count 2} {Type C } 
[2072] 2015/03/12 16:52:22.528 收到 Head 資訊 {Count 2} {Type C } 
[2072] 2015/03/12 16:52:32.519 收到 Head 資訊 {Count 2} {Type C } 
[2072] 2015/03/12 16:52:37.009 連線確認 E122828927 (21,21)
[2072] 2015/03/12 16:52:42.519 收到 Head 資訊 {Count 2} {Type C } 
[2072] 2015/03/12 16:53:37.023 連線確認 E122828927 (21,21)
[2072] 2015/03/12 16:54:37.036 連線確認 E122828927 (21,21)
[2072] 2015/03/12 16:55:37.049 連線確認 E122828927 (21,21)
[2072] 2015/03/12 16:56:37.063 連線確認 E122828927 (21,21)
[2072] 2015/03/12 16:57:02.315 收到 Head 資訊 {Count 2} {Type B } 
[2072] 2015/03/12 16:57:37.076 連線確認 E122828927 (21,21)
[2072] 2015/03/12 16:58:37.091 連線確認 E122828927 (21,21)
[2072] 2015/03/12 16:59:37.103 連線確認 E122828927 (21,21)
[2072] 2015/03/12 17:00:37.116 連線確認 E122828927 (21,21)
[2072] 2015/03/12 17:01:37.131 連線確認 E122828927 (21,21)
[2072] 2015/03/12 17:02:03.467 收到 Head 資訊 {Count 2} {Type B } 
[2072] 2015/03/12 17:02:37.144 連線確認 E122828927 (21,21)
[2072] 2015/03/12 17:03:37.159 連線確認 E122828927 (21,21)
[2072] 2015/03/12 17:04:37.171 連線確認 E122828927 (21,21)
[2072] 2015/03/12 17:05:37.186 連線確認 E122828927 (21,21)
[2072] 2015/03/12 17:06:37.198 連線確認 E122828927 (21,21)
[2072] 2015/03/12 17:07:04.445 收到 Head 資訊 {Count 2} {Type B } 
[2072] 2015/03/12 17:07:37.213 連線確認 E122828927 (21,21)
[2072] 2015/03/12 17:08:37.226 連線確認 E122828927 (21,21)
[2072] 2015/03/12 17:09:37.240 連線確認 E122828927 (21,21)
[2072] 2015/03/12 17:10:37.254 連線確認 E122828927 (21,21)
[2072] 2015/03/12 17:11:37.266 連線確認 E122828927 (21,21)
[2072] 2015/03/12 17:12:05.422 收到 Head 資訊 {Count 2} {Type B } 
[2072] 2015/03/12 17:12:37.281 連線確認 E122828927 (21,21)
[2072] 2015/03/12 17:13:37.294 連線確認 E122828927 (21,21)
[2072] 2015/03/12 17:14:37.307 連線確認 E122828927 (21,21)
[2072] 2015/03/12 17:15:37.321 連線確認 E122828927 (21,21)
[2072] 2015/03/12 17:16:37.335 連線確認 E122828927 (21,21)
[2072] 2015/03/12 17:17:06.236 收到 Head 資訊 {Count 2} {Type B } 
[2072] 2015/03/12 17:17:37.347 連線確認 E122828927 (21,21)
[2072] 2015/03/12 17:18:37.362 連線確認 E122828927 (21,21)
[2072] 2015/03/12 17:19:37.375 連線確認 E122828927 (21,21)
[2072] 2015/03/12 17:20:37.390 連線確認 E122828927 (21,21)
[2072] 2015/03/12 17:21:37.402 連線確認 E122828927 (21,21)
[2072] 2015/03/12 17:22:07.272 收到 Head 資訊 {Count 2} {Type B } 
[2072] 2015/03/12 17:22:37.416 連線確認 E122828927 (21,21)
[2072] 2015/03/12 17:23:37.429 連線確認 E122828927 (21,21)
[2072] 2015/03/12 17:24:37.443 連線確認 E122828927 (21,21)
[2072] 2015/03/12 17:25:37.458 連線確認 E122828927 (21,21)
[2072] 2015/03/12 17:26:37.471 連線確認 E122828927 (21,21)
[2072] 2015/03/12 17:27:08.229 收到 Head 資訊 {Count 2} {Type B } 
[2072] 2015/03/12 17:27:37.486 連線確認 E122828927 (21,21)
[2072] 2015/03/12 17:28:37.498 連線確認 E122828927 (21,21)
[2072] 2015/03/12 17:29:37.511 連線確認 E122828927 (21,21)
[2072] 2015/03/12 17:30:37.524 連線確認 E122828927 (21,21)
[2072] 2015/03/12 17:31:37.538 連線確認 E122828927 (21,21)
[2072] 2015/03/12 17:32:09.688 收到 Head 資訊 {Count 2} {Type B } 
[2072] 2015/03/12 17:32:37.552 連線確認 E122828927 (21,21)
[2072] 2015/03/12 17:33:37.565 連線確認 E122828927 (21,21)
[2072] 2015/03/12 17:34:37.579 連線確認 E122828927 (21,21)
[2072] 2015/03/12 17:35:37.592 連線確認 E122828927 (21,21)
[2072] 2015/03/12 17:36:37.606 連線確認 E122828927 (21,21)
[2072] 2015/03/12 17:37:10.654 收到 Head 資訊 {Count 2} {Type B } 
[2072] 2015/03/12 17:37:37.620 連線確認 E122828927 (21,21)
[2072] 2015/03/12 17:38:37.634 連線確認 E122828927 (21,21)
[2072] 2015/03/12 17:39:37.647 連線確認 E122828927 (21,21)
[2072] 2015/03/12 17:40:37.660 連線確認 E122828927 (21,21)
[2072] 2015/03/12 17:41:37.673 連線確認 E122828927 (21,21)
[2072] 2015/03/12 17:42:11.681 收到 Head 資訊 {Count 2} {Type B } 
[2072] 2015/03/12 17:42:37.687 連線確認 E122828927 (21,21)
[2072] 2015/03/12 17:43:37.702 連線確認 E122828927 (21,21)
[2072] 2015/03/12 17:44:37.716 連線確認 E122828927 (21,21)
[2072] 2015/03/12 17:45:37.728 連線確認 E122828927 (21,21)
[2072] 2015/03/12 17:46:37.741 連線確認 E122828927 (21,21)
[2072] 2015/03/12 17:47:12.918 收到 Head 資訊 {Count 2} {Type B } 
[2072] 2015/03/12 17:47:37.757 連線確認 E122828927 (21,21)
[2072] 2015/03/12 17:48:37.770 連線確認 E122828927 (21,21)
[2072] 2015/03/12 17:49:37.784 連線確認 E122828927 (21,21)
[2072] 2015/03/12 17:50:37.797 連線確認 E122828927 (21,21)
[2072] 2015/03/12 17:51:37.810 連線確認 E122828927 (21,21)
[2072] 2015/03/12 17:52:13.935 收到 Head 資訊 {Count 2} {Type B } 
[2072] 2015/03/12 17:52:37.823 連線確認 E122828927 (21,21)
[2072] 2015/03/12 17:53:37.838 連線確認 E122828927 (21,21)
[2072] 2015/03/12 17:54:37.851 連線確認 E122828927 (21,21)
[2072] 2015/03/12 17:55:37.865 連線確認 E122828927 (21,21)
[2072] 2015/03/12 17:56:37.878 連線確認 E122828927 (21,21)
[2072] 2015/03/12 17:57:14.912 收到 Head 資訊 {Count 2} {Type B } 
[2072] 2015/03/12 17:57:37.892 連線確認 E122828927 (21,21)
[2072] 2015/03/12 17:58:37.905 連線確認 E122828927 (21,21)
[2072] 2015/03/12 17:59:37.919 連線確認 E122828927 (21,21)
[2072] 2015/03/12 18:00:37.932 連線確認 E122828927 (21,21)
[2072] 2015/03/12 18:01:37.946 連線確認 E122828927 (21,21)
[2072] 2015/03/12 18:02:15.994 收到 Head 資訊 {Count 2} {Type B } 
[2072] 2015/03/12 18:02:37.959 連線確認 E122828927 (21,21)
[2072] 2015/03/12 18:03:37.972 連線確認 E122828927 (21,21)
[2072] 2015/03/12 18:04:37.987 連線確認 E122828927 (21,21)
[2072] 2015/03/12 18:05:38.000 連線確認 E122828927 (21,21)
[2072] 2015/03/12 18:06:38.015 連線確認 E122828927 (21,21)
[2072] 2015/03/12 18:07:16.990 收到 Head 資訊 {Count 2} {Type B } 
[2072] 2015/03/12 18:07:38.028 連線確認 E122828927 (21,21)
[2072] 2015/03/12 18:08:38.040 連線確認 E122828927 (21,21)
[2072] 2015/03/12 18:09:38.054 連線確認 E122828927 (21,21)
[2072] 2015/03/12 18:10:38.067 連線確認 E122828927 (21,21)
[2072] 2015/03/12 18:11:38.082 連線確認 E122828927 (21,21)
[2072] 2015/03/12 18:12:17.987 收到 Head 資訊 {Count 2} {Type B } 
[2072] 2015/03/12 18:12:38.096 連線確認 E122828927 (21,21)
[2072] 2015/03/12 18:13:38.110 連線確認 E122828927 (21,21)
[2072] 2015/03/12 18:14:38.122 連線確認 E122828927 (21,21)
[2072] 2015/03/12 18:15:38.136 連線確認 E122828927 (21,21)
[2072] 2015/03/12 18:16:38.151 連線確認 E122828927 (21,21)
[2072] 2015/03/12 18:17:18.359 收到 Head 資訊 {Count 2} {Type B } 
[2072] 2015/03/12 18:17:38.163 連線確認 E122828927 (21,21)
[2072] 2015/03/12 18:18:38.178 連線確認 E122828927 (21,21)
[2072] 2015/03/12 18:19:38.190 連線確認 E122828927 (21,21)
[2072] 2015/03/12 18:20:38.205 連線確認 E122828927 (21,21)
[2072] 2015/03/12 18:21:38.218 連線確認 E122828927 (21,21)
[2072] 2015/03/12 18:22:19.356 收到 Head 資訊 {Count 2} {Type B } 
[2072] 2015/03/12 18:22:38.231 連線確認 E122828927 (21,21)
[2072] 2015/03/12 18:23:38.246 連線確認 E122828927 (21,21)
[2072] 2015/03/12 18:24:38.258 連線確認 E122828927 (21,21)
[2072] 2015/03/12 18:25:38.272 連線確認 E122828927 (21,21)
[2072] 2015/03/12 18:26:38.286 連線確認 E122828927 (21,21)
[2072] 2015/03/12 18:27:20.343 收到 Head 資訊 {Count 2} {Type B } 
[2072] 2015/03/12 18:27:38.298 連線確認 E122828927 (21,21)
[2072] 2015/03/12 18:28:38.313 連線確認 E122828927 (21,21)
[2072] 2015/03/12 18:29:38.327 連線確認 E122828927 (21,21)
[2072] 2015/03/12 18:30:38.340 連線確認 E122828927 (21,21)
[2072] 2015/03/12 18:31:38.353 連線確認 E122828927 (21,21)
[2072] 2015/03/12 18:32:21.171 收到 Head 資訊 {Count 2} {Type B } 
[2072] 2015/03/12 18:32:38.367 連線確認 E122828927 (21,21)
[2072] 2015/03/12 18:33:38.382 連線確認 E122828927 (21,21)
[2072] 2015/03/12 18:34:38.396 連線確認 E122828927 (21,21)
[2072] 2015/03/12 18:35:38.407 連線確認 E122828927 (21,21)
[2072] 2015/03/12 18:36:38.422 連線確認 E122828927 (21,21)
[2072] 2015/03/12 18:37:22.168 收到 Head 資訊 {Count 2} {Type B } 
[2072] 2015/03/12 18:37:38.435 連線確認 E122828927 (21,21)
[2072] 2015/03/12 18:38:38.449 連線確認 E122828927 (21,21)
[2072] 2015/03/12 18:39:38.462 連線確認 E122828927 (21,21)
[2072] 2015/03/12 18:40:38.477 連線確認 E122828927 (21,21)
[2072] 2015/03/12 18:41:38.490 連線確認 E122828927 (21,21)
[2072] 2015/03/12 18:42:23.175 收到 Head 資訊 {Count 2} {Type B } 
[2072] 2015/03/12 18:42:38.504 連線確認 E122828927 (21,21)
[2072] 2015/03/12 18:43:38.516 連線確認 E122828927 (21,21)
[2072] 2015/03/12 18:44:38.529 連線確認 E122828927 (21,21)
[2072] 2015/03/12 18:45:38.544 連線確認 E122828927 (21,21)
[2072] 2015/03/12 18:46:38.558 連線確認 E122828927 (21,21)
[2072] 2015/03/12 18:47:24.681 收到 Head 資訊 {Count 2} {Type B } 
[2072] 2015/03/12 18:47:38.570 連線確認 E122828927 (21,21)
[2072] 2015/03/12 18:48:38.584 連線確認 E122828927 (21,21)
[2072] 2015/03/12 18:49:38.598 連線確認 E122828927 (21,21)
[2072] 2015/03/12 18:50:38.612 連線確認 E122828927 (21,21)
[2072] 2015/03/12 18:51:38.625 連線確認 E122828927 (21,21)
[2072] 2015/03/12 18:52:25.668 收到 Head 資訊 {Count 2} {Type B } 
[2072] 2015/03/12 18:52:38.638 連線確認 E122828927 (21,21)
[2072] 2015/03/12 18:53:38.652 連線確認 E122828927 (21,21)
[2072] 2015/03/12 18:54:38.666 連線確認 E122828927 (21,21)
[2072] 2015/03/12 18:55:38.680 連線確認 E122828927 (21,21)
[2072] 2015/03/12 18:56:38.693 連線確認 E122828927 (21,21)
[2072] 2015/03/12 18:57:26.675 收到 Head 資訊 {Count 2} {Type B } 
[2072] 2015/03/12 18:57:38.707 連線確認 E122828927 (21,21)
[2072] 2015/03/12 18:58:38.720 連線確認 E122828927 (21,21)
[2072] 2015/03/12 18:59:38.734 連線確認 E122828927 (21,21)
[2072] 2015/03/12 19:00:38.747 連線確認 E122828927 (21,21)
[2072] 2015/03/12 19:01:38.760 連線確認 E122828927 (21,21)
[2072] 2015/03/12 19:02:27.613 收到 Head 資訊 {Count 2} {Type B } 
[2072] 2015/03/12 19:02:38.774 連線確認 E122828927 (21,21)
[2072] 2015/03/12 19:03:38.788 連線確認 E122828927 (21,21)
[2072] 2015/03/12 19:04:38.801 連線確認 E122828927 (21,21)
[2072] 2015/03/12 19:05:38.815 連線確認 E122828927 (21,21)
[2072] 2015/03/12 19:06:38.828 連線確認 E122828927 (21,21)
[2072] 2015/03/12 19:07:28.609 收到 Head 資訊 {Count 2} {Type B } 
[2072] 2015/03/12 19:07:38.843 連線確認 E122828927 (21,21)
[2072] 2015/03/12 19:08:38.857 連線確認 E122828927 (21,21)
[2072] 2015/03/12 19:09:38.871 連線確認 E122828927 (21,21)
[2072] 2015/03/12 19:10:38.884 連線確認 E122828927 (21,21)
[2072] 2015/03/12 19:11:38.896 連線確認 E122828927 (21,21)
[2072] 2015/03/12 19:12:29.606 收到 Head 資訊 {Count 2} {Type B } 
[2072] 2015/03/12 19:12:38.910 連線確認 E122828927 (21,21)
[2072] 2015/03/12 19:13:38.923 連線確認 E122828927 (21,21)
[2072] 2015/03/12 19:14:38.938 連線確認 E122828927 (21,21)
[2072] 2015/03/12 19:15:38.951 連線確認 E122828927 (21,21)
[2072] 2015/03/12 19:16:38.966 連線確認 E122828927 (21,21)
[2072] 2015/03/12 19:17:38.978 連線確認 E122828927 (21,21)
[2072] 2015/03/12 19:17:40.598 收到 Head 資訊 {Count 2} {Type B } 
[2072] 2015/03/12 19:18:38.992 連線確認 E122828927 (21,21)
[2072] 2015/03/12 19:19:39.006 連線確認 E122828927 (21,21)
[2072] 2015/03/12 19:20:39.019 連線確認 E122828927 (21,21)
[2072] 2015/03/12 19:21:39.033 連線確認 E122828927 (21,21)
[2072] 2015/03/12 19:22:31.804 收到 Head 資訊 {Count 2} {Type B } 
[2072] 2015/03/12 19:22:39.047 連線確認 E122828927 (21,21)
[2072] 2015/03/12 19:23:39.059 連線確認 E122828927 (21,21)
[2072] 2015/03/12 19:24:39.074 連線確認 E122828927 (21,21)
[2072] 2015/03/12 19:25:39.089 連線確認 E122828927 (21,21)
[2072] 2015/03/12 19:26:39.102 連線確認 E122828927 (21,21)
[2072] 2015/03/12 19:27:32.802 收到 Head 資訊 {Count 2} {Type B } 
[2072] 2015/03/12 19:27:39.115 連線確認 E122828927 (21,21)
[2072] 2015/03/12 19:28:39.127 連線確認 E122828927 (21,21)
[2072] 2015/03/12 19:29:39.142 連線確認 E122828927 (21,21)
[2072] 2015/03/12 19:30:39.155 連線確認 E122828927 (21,21)
[2072] 2015/03/12 19:31:39.169 連線確認 E122828927 (21,21)
[2072] 2015/03/12 19:32:33.799 收到 Head 資訊 {Count 2} {Type B } 
[2072] 2015/03/12 19:32:39.182 連線確認 E122828927 (21,21)
[2072] 2015/03/12 19:33:39.195 連線確認 E122828927 (21,21)
[2072] 2015/03/12 19:34:39.209 連線確認 E122828927 (21,21)
[2072] 2015/03/12 19:35:39.223 連線確認 E122828927 (21,21)
[2072] 2015/03/12 19:36:39.238 連線確認 E122828927 (21,21)
[2072] 2015/03/12 19:37:34.576 收到 Head 資訊 {Count 2} {Type B } 
[2072] 2015/03/12 19:37:39.251 連線確認 E122828927 (21,21)
[2072] 2015/03/12 19:38:39.263 連線確認 E122828927 (21,21)
[2072] 2015/03/12 19:39:39.277 連線確認 E122828927 (21,21)
[2072] 2015/03/12 19:40:39.291 連線確認 E122828927 (21,21)
[2072] 2015/03/12 19:41:39.305 連線確認 E122828927 (21,21)
[2072] 2015/03/12 19:42:35.572 收到 Head 資訊 {Count 2} {Type B } 
[2072] 2015/03/12 19:42:39.318 連線確認 E122828927 (21,21)
[2072] 2015/03/12 19:43:39.332 連線確認 E122828927 (21,21)
[2072] 2015/03/12 19:44:39.346 連線確認 E122828927 (21,21)
[2072] 2015/03/12 19:45:39.359 連線確認 E122828927 (21,21)
[2072] 2015/03/12 19:46:39.372 連線確認 E122828927 (21,21)
[2072] 2015/03/12 19:47:36.569 收到 Head 資訊 {Count 2} {Type B } 
[2072] 2015/03/12 19:47:39.386 連線確認 E122828927 (21,21)
[2072] 2015/03/12 19:48:39.399 連線確認 E122828927 (21,21)
[2072] 2015/03/12 19:49:39.413 連線確認 E122828927 (21,21)
[2072] 2015/03/12 19:50:39.427 連線確認 E122828927 (21,21)
[2072] 2015/03/12 19:51:39.440 連線確認 E122828927 (21,21)
[2072] 2015/03/12 19:52:37.514 收到 Head 資訊 {Count 2} {Type B } 
[2072] 2015/03/12 19:52:39.453 連線確認 E122828927 (21,21)
[2072] 2015/03/12 19:53:39.468 連線確認 E122828927 (21,21)
[2072] 2015/03/12 19:54:39.481 連線確認 E122828927 (21,21)
[2072] 2015/03/12 19:55:39.495 連線確認 E122828927 (21,21)
[2072] 2015/03/12 19:56:39.509 連線確認 E122828927 (21,21)
[2072] 2015/03/12 19:57:38.511 收到 Head 資訊 {Count 2} {Type B } 
[2072] 2015/03/12 19:57:39.521 連線確認 E122828927 (21,21)
[2072] 2015/03/12 19:58:39.535 連線確認 E122828927 (21,21)
[2072] 2015/03/12 19:59:39.549 連線確認 E122828927 (21,21)
[2072] 2015/03/12 20:00:39.563 連線確認 E122828927 (21,21)
[2072] 2015/03/12 20:01:39.577 連線確認 E122828927 (21,21)
[2072] 2015/03/12 20:02:39.537 收到 Head 資訊 {Count 2} {Type B } 
[2072] 2015/03/12 20:02:39.590 連線確認 E122828927 (21,21)
[2072] 2015/03/12 20:03:39.603 連線確認 E122828927 (21,21)
[2072] 2015/03/12 20:04:39.616 連線確認 E122828927 (21,21)
[2072] 2015/03/12 20:05:39.631 連線確認 E122828927 (21,21)
[2072] 2015/03/12 20:06:39.644 連線確認 E122828927 (21,21)
[2072] 2015/03/12 20:07:39.658 連線確認 E122828927 (21,21)
[2072] 2015/03/12 20:07:40.534 收到 Head 資訊 {Count 2} {Type B } 
[2072] 2015/03/12 20:08:39.672 連線確認 E122828927 (21,21)
[2072] 2015/03/12 20:09:39.685 連線確認 E122828927 (21,21)
[2072] 2015/03/12 20:10:39.699 連線確認 E122828927 (21,21)
[2072] 2015/03/12 20:11:39.712 連線確認 E122828927 (21,21)
[2072] 2015/03/12 20:12:39.725 連線確認 E122828927 (21,21)
[2072] 2015/03/12 20:12:41.711 收到 Head 資訊 {Count 2} {Type B } 
[2072] 2015/03/12 20:13:39.739 連線確認 E122828927 (21,21)
[2072] 2015/03/12 20:14:39.753 連線確認 E122828927 (21,21)
[2072] 2015/03/12 20:15:39.767 連線確認 E122828927 (21,21)
[2072] 2015/03/12 20:16:39.779 連線確認 E122828927 (21,21)
[2072] 2015/03/12 20:17:39.794 連線確認 E122828927 (21,21)
[2072] 2015/03/12 20:17:42.707 收到 Head 資訊 {Count 2} {Type B } 
[2072] 2015/03/12 20:18:39.806 連線確認 E122828927 (21,21)
[2072] 2015/03/12 20:19:39.821 連線確認 E122828927 (21,21)
[2072] 2015/03/12 20:20:39.835 連線確認 E122828927 (21,21)
[2072] 2015/03/12 20:21:39.849 連線確認 E122828927 (21,21)
[2072] 2015/03/12 20:22:39.862 連線確認 E122828927 (21,21)
[2072] 2015/03/12 20:22:43.704 收到 Head 資訊 {Count 2} {Type B } 
[2072] 2015/03/12 20:23:39.875 連線確認 E122828927 (21,21)
[2072] 2015/03/12 20:24:39.889 連線確認 E122828927 (21,21)
[2072] 2015/03/12 20:25:39.901 連線確認 E122828927 (21,21)
[2072] 2015/03/12 20:26:39.917 連線確認 E122828927 (21,21)
[2072] 2015/03/12 20:27:39.929 連線確認 E122828927 (21,21)
[2072] 2015/03/12 20:27:44.102 收到 Head 資訊 {Count 2} {Type B } 
[2072] 2015/03/12 20:28:39.943 連線確認 E122828927 (21,21)
[2072] 2015/03/12 20:29:39.956 連線確認 E122828927 (21,21)
[2072] 2015/03/12 20:30:39.969 連線確認 E122828927 (21,21)
[2072] 2015/03/12 20:31:39.983 連線確認 E122828927 (21,21)
[2072] 2015/03/12 20:32:39.997 連線確認 E122828927 (21,21)
[2072] 2015/03/12 20:32:45.100 收到 Head 資訊 {Count 2} {Type B } 
[2072] 2015/03/12 20:33:40.011 連線確認 E122828927 (21,21)
[2072] 2015/03/12 20:34:40.025 連線確認 E122828927 (21,21)
[2072] 2015/03/12 20:35:40.038 連線確認 E122828927 (21,21)
[2072] 2015/03/12 20:36:40.051 連線確認 E122828927 (21,21)
[2072] 2015/03/12 20:37:40.065 連線確認 E122828927 (21,21)
[2072] 2015/03/12 20:37:46.096 收到 Head 資訊 {Count 2} {Type B } 
[2072] 2015/03/12 20:38:40.078 連線確認 E122828927 (21,21)
[2072] 2015/03/12 20:39:47.504 連線確認 E122828927 (21,21)
[2072] 2015/03/12 20:40:47.501 連線確認 E122828927 (21,21)
[2072] 2015/03/12 20:41:47.513 連線確認 E122828927 (21,21)
[2072] 2015/03/12 20:42:47.528 連線確認 E122828927 (21,21)
[2072] 2015/03/12 20:42:47.676 收到 Head 資訊 {Count 2} {Type B } 
[2072] 2015/03/12 20:43:47.541 連線確認 E122828927 (21,21)
[2072] 2015/03/12 20:44:47.555 連線確認 E122828927 (21,21)
[2072] 2015/03/12 20:45:47.568 連線確認 E122828927 (21,21)
[2072] 2015/03/12 20:46:47.582 連線確認 E122828927 (21,21)
[2072] 2015/03/12 20:47:47.596 連線確認 E122828927 (21,21)
[2072] 2015/03/12 20:47:48.673 收到 Head 資訊 {Count 2} {Type B } 
[2072] 2015/03/12 20:48:47.609 連線確認 E122828927 (21,21)
[2072] 2015/03/12 20:49:47.623 連線確認 E122828927 (21,21)
[2072] 2015/03/12 20:50:47.636 連線確認 E122828927 (21,21)
[2072] 2015/03/12 20:51:47.650 連線確認 E122828927 (21,21)
[2072] 2015/03/12 20:52:47.664 連線確認 E122828927 (21,21)
[2072] 2015/03/12 20:52:49.669 收到 Head 資訊 {Count 2} {Type B } 
[2072] 2015/03/12 20:53:47.677 連線確認 E122828927 (21,21)
[2072] 2015/03/12 20:54:47.691 連線確認 E122828927 (21,21)
[2072] 2015/03/12 20:55:47.705 連線確認 E122828927 (21,21)
[2072] 2015/03/12 20:56:47.718 連線確認 E122828927 (21,21)
[2072] 2015/03/12 20:57:47.731 連線確認 E122828927 (21,21)
[2072] 2015/03/12 20:57:50.058 收到 Head 資訊 {Count 2} {Type B } 
[2072] 2015/03/12 20:58:47.745 連線確認 E122828927 (21,21)
[2072] 2015/03/12 20:59:47.760 連線確認 E122828927 (21,21)
[2072] 2015/03/12 21:00:47.772 連線確認 E122828927 (21,21)
[2072] 2015/03/12 21:01:47.786 連線確認 E122828927 (21,21)
[2072] 2015/03/12 21:02:47.800 連線確認 E122828927 (21,21)
[2072] 2015/03/12 21:02:51.055 收到 Head 資訊 {Count 2} {Type B } 
[2072] 2015/03/12 21:03:47.813 連線確認 E122828927 (21,21)
[2072] 2015/03/12 21:04:47.827 連線確認 E122828927 (21,21)
[2072] 2015/03/12 21:05:47.840 連線確認 E122828927 (21,21)
[2072] 2015/03/12 21:06:47.853 連線確認 E122828927 (21,21)
[2072] 2015/03/12 21:07:47.866 連線確認 E122828927 (21,21)
[2072] 2015/03/12 21:07:52.052 收到 Head 資訊 {Count 2} {Type B } 
[2072] 2015/03/12 21:08:47.881 連線確認 E122828927 (21,21)
[2072] 2015/03/12 21:09:47.895 連線確認 E122828927 (21,21)
[2072] 2015/03/12 21:10:47.907 連線確認 E122828927 (21,21)
[2072] 2015/03/12 21:11:47.922 連線確認 E122828927 (21,21)
[2072] 2015/03/12 21:12:47.937 連線確認 E122828927 (21,21)
[2072] 2015/03/12 21:12:53.270 收到 Head 資訊 {Count 2} {Type B } 
[2072] 2015/03/12 21:13:47.949 連線確認 E122828927 (21,21)
[2072] 2015/03/12 21:14:47.963 連線確認 E122828927 (21,21)
[2072] 2015/03/12 21:15:47.976 連線確認 E122828927 (21,21)
[2072] 2015/03/12 21:16:47.990 連線確認 E122828927 (21,21)
[2072] 2015/03/12 21:17:48.003 連線確認 E122828927 (21,21)
[2072] 2015/03/12 21:17:54.267 收到 Head 資訊 {Count 2} {Type B } 
[2072] 2015/03/12 21:18:48.017 連線確認 E122828927 (21,21)
[2072] 2015/03/12 21:19:48.030 連線確認 E122828927 (21,21)
[2072] 2015/03/12 21:20:48.044 連線確認 E122828927 (21,21)
[2072] 2015/03/12 21:21:48.057 連線確認 E122828927 (21,21)
[2072] 2015/03/12 21:22:48.070 連線確認 E122828927 (21,21)
[2072] 2015/03/12 21:22:55.264 收到 Head 資訊 {Count 2} {Type B } 
[2072] 2015/03/12 21:23:48.084 連線確認 E122828927 (21,21)
[2072] 2015/03/12 21:24:48.097 連線確認 E122828927 (21,21)
[2072] 2015/03/12 21:25:48.111 連線確認 E122828927 (21,21)
[2072] 2015/03/12 21:26:48.126 連線確認 E122828927 (21,21)
[2072] 2015/03/12 21:27:48.139 連線確認 E122828927 (21,21)
[2072] 2015/03/12 21:27:55.948 收到 Head 資訊 {Count 2} {Type B } 
[2072] 2015/03/12 21:28:48.152 連線確認 E122828927 (21,21)
[2072] 2015/03/12 21:29:48.165 連線確認 E122828927 (21,21)
[2072] 2015/03/12 21:30:48.180 連線確認 E122828927 (21,21)
[2072] 2015/03/12 21:31:48.194 連線確認 E122828927 (21,21)
[2072] 2015/03/12 21:32:48.206 連線確認 E122828927 (21,21)
[2072] 2015/03/12 21:32:56.943 收到 Head 資訊 {Count 2} {Type B } 
[2072] 2015/03/12 21:33:48.220 連線確認 E122828927 (21,21)
[2072] 2015/03/12 21:34:48.234 連線確認 E122828927 (21,21)
[2072] 2015/03/12 21:35:48.248 連線確認 E122828927 (21,21)
[2072] 2015/03/12 21:36:48.262 連線確認 E122828927 (21,21)
[2072] 2015/03/12 21:37:48.276 連線確認 E122828927 (21,21)
[2072] 2015/03/12 21:37:57.939 收到 Head 資訊 {Count 2} {Type B } 
[2072] 2015/03/12 21:38:48.289 連線確認 E122828927 (21,21)
[2072] 2015/03/12 21:39:48.301 連線確認 E122828927 (21,21)
[2072] 2015/03/12 21:40:49.505 連線確認 E122828927 (21,21)
[2072] 2015/03/12 21:41:49.499 連線確認 E122828927 (21,21)
[2072] 2015/03/12 21:42:49.512 連線確認 E122828927 (21,21)
[2072] 2015/03/12 21:42:59.609 收到 Head 資訊 {Count 2} {Type B } 
[2072] 2015/03/12 21:43:49.527 連線確認 E122828927 (21,21)
[2072] 2015/03/12 21:44:49.539 連線確認 E122828927 (21,21)
[2072] 2015/03/12 21:45:49.554 連線確認 E122828927 (21,21)
[2072] 2015/03/12 21:46:49.567 連線確認 E122828927 (21,21)
[2072] 2015/03/12 21:47:49.581 連線確認 E122828927 (21,21)
[2072] 2015/03/12 21:48:00.605 收到 Head 資訊 {Count 2} {Type B } 
[2072] 2015/03/12 21:48:49.595 連線確認 E122828927 (21,21)
[2072] 2015/03/12 21:49:49.607 連線確認 E122828927 (21,21)
[2072] 2015/03/12 21:50:49.621 連線確認 E122828927 (21,21)
[2072] 2015/03/12 21:51:49.635 連線確認 E122828927 (21,21)
[2072] 2015/03/12 21:52:49.649 連線確認 E122828927 (21,21)
[2072] 2015/03/12 21:53:01.621 收到 Head 資訊 {Count 2} {Type B } 
[2072] 2015/03/12 21:53:49.661 連線確認 E122828927 (21,21)
[2072] 2015/03/12 21:54:49.677 連線確認 E122828927 (21,21)
[2072] 2015/03/12 21:55:49.690 連線確認 E122828927 (21,21)
[2072] 2015/03/12 21:56:49.703 連線確認 E122828927 (21,21)
[2072] 2015/03/12 21:57:49.716 連線確認 E122828927 (21,21)
[2072] 2015/03/12 21:58:01.880 收到 Head 資訊 {Count 2} {Type B } 
[2072] 2015/03/12 21:58:49.729 連線確認 E122828927 (21,21)
[2072] 2015/03/12 21:59:49.743 連線確認 E122828927 (21,21)
[2072] 2015/03/12 22:00:49.758 連線確認 E122828927 (21,21)
[2072] 2015/03/12 22:01:49.771 連線確認 E122828927 (21,21)
[2072] 2015/03/12 22:02:49.784 連線確認 E122828927 (21,21)
[2072] 2015/03/12 22:03:02.847 收到 Head 資訊 {Count 2} {Type B } 
[2072] 2015/03/12 22:03:49.798 連線確認 E122828927 (21,21)
[2072] 2015/03/12 22:04:49.812 連線確認 E122828927 (21,21)
[2072] 2015/03/12 22:05:49.826 連線確認 E122828927 (21,21)
[2072] 2015/03/12 22:06:49.840 連線確認 E122828927 (21,21)
[2072] 2015/03/12 22:07:49.853 連線確認 E122828927 (21,21)
[2072] 2015/03/12 22:08:03.844 收到 Head 資訊 {Count 2} {Type B } 
[2072] 2015/03/12 22:08:49.866 連線確認 E122828927 (21,21)
[2072] 2015/03/12 22:09:49.879 連線確認 E122828927 (21,21)
[2072] 2015/03/12 22:10:49.893 連線確認 E122828927 (21,21)
[2072] 2015/03/12 22:11:49.906 連線確認 E122828927 (21,21)
[2072] 2015/03/12 22:12:49.920 連線確認 E122828927 (21,21)
[2072] 2015/03/12 22:13:05.181 收到 Head 資訊 {Count 2} {Type B } 
[2072] 2015/03/12 22:13:49.933 連線確認 E122828927 (21,21)
[2072] 2015/03/12 22:14:49.948 連線確認 E122828927 (21,21)
[2072] 2015/03/12 22:15:49.961 連線確認 E122828927 (21,21)
[2072] 2015/03/12 22:16:49.974 連線確認 E122828927 (21,21)
[2072] 2015/03/12 22:17:49.990 連線確認 E122828927 (21,21)
[2072] 2015/03/12 22:18:06.213 收到 Head 資訊 {Count 2} {Type B } 
[2072] 2015/03/12 22:18:50.001 連線確認 E122828927 (21,21)
[2072] 2015/03/12 22:19:50.015 連線確認 E122828927 (21,21)
[2072] 2015/03/12 22:20:50.029 連線確認 E122828927 (21,21)
[2072] 2015/03/12 22:21:50.043 連線確認 E122828927 (21,21)
[2072] 2015/03/12 22:22:50.056 連線確認 E122828927 (21,21)
[2072] 2015/03/12 22:23:07.210 收到 Head 資訊 {Count 2} {Type B } 
[2072] 2015/03/12 22:23:50.069 連線確認 E122828927 (21,21)
[2072] 2015/03/12 22:24:50.084 連線確認 E122828927 (21,21)
[2072] 2015/03/12 22:25:50.097 連線確認 E122828927 (21,21)
[2072] 2015/03/12 22:26:50.109 連線確認 E122828927 (21,21)
[2072] 2015/03/12 22:27:50.124 連線確認 E122828927 (21,21)
[2072] 2015/03/12 22:28:08.394 收到 Head 資訊 {Count 2} {Type B } 
[2072] 2015/03/12 22:28:50.137 連線確認 E122828927 (21,21)
[2072] 2015/03/12 22:29:50.153 連線確認 E122828927 (21,21)
[2072] 2015/03/12 22:30:50.164 連線確認 E122828927 (21,21)
[2072] 2015/03/12 22:31:50.179 連線確認 E122828927 (21,21)
[2072] 2015/03/12 22:32:50.192 連線確認 E122828927 (21,21)
[2072] 2015/03/12 22:33:09.411 收到 Head 資訊 {Count 2} {Type B } 
[2072] 2015/03/12 22:33:50.206 連線確認 E122828927 (21,21)
[2072] 2015/03/12 22:34:50.219 連線確認 E122828927 (21,21)
[2072] 2015/03/12 22:35:50.233 連線確認 E122828927 (21,21)
[2072] 2015/03/12 22:36:50.247 連線確認 E122828927 (21,21)
[2072] 2015/03/12 22:37:50.260 連線確認 E122828927 (21,21)
[2072] 2015/03/12 22:38:10.408 收到 Head 資訊 {Count 2} {Type B } 
[2072] 2015/03/12 22:38:50.273 連線確認 E122828927 (21,21)
[2072] 2015/03/12 22:39:50.287 連線確認 E122828927 (21,21)
[2072] 2015/03/12 22:40:50.301 連線確認 E122828927 (21,21)
[2072] 2015/03/12 22:41:50.314 連線確認 E122828927 (21,21)
[2072] 2015/03/12 22:42:50.327 連線確認 E122828927 (21,21)
[2072] 2015/03/12 22:43:11.315 收到 Head 資訊 {Count 2} {Type B } 
[2072] 2015/03/12 22:43:50.341 連線確認 E122828927 (21,21)
[2072] 2015/03/12 22:44:50.355 連線確認 E122828927 (21,21)
[2072] 2015/03/12 22:45:50.368 連線確認 E122828927 (21,21)
[2072] 2015/03/12 22:46:50.382 連線確認 E122828927 (21,21)
[2072] 2015/03/12 22:47:50.396 連線確認 E122828927 (21,21)
[2072] 2015/03/12 22:48:12.311 收到 Head 資訊 {Count 2} {Type B } 
[2072] 2015/03/12 22:48:50.410 連線確認 E122828927 (21,21)
[2072] 2015/03/12 22:49:50.423 連線確認 E122828927 (21,21)
[2072] 2015/03/12 22:50:50.435 連線確認 E122828927 (21,21)
[2072] 2015/03/12 22:51:50.451 連線確認 E122828927 (21,21)
[2072] 2015/03/12 22:52:50.463 連線確認 E122828927 (21,21)
[2072] 2015/03/12 22:53:13.310 收到 Head 資訊 {Count 2} {Type B } 
[2072] 2015/03/12 22:53:50.478 連線確認 E122828927 (21,21)
[2072] 2015/03/12 22:54:50.491 連線確認 E122828927 (21,21)
[2072] 2015/03/12 22:55:50.504 連線確認 E122828927 (21,21)
[2072] 2015/03/12 22:56:50.518 連線確認 E122828927 (21,21)
[2072] 2015/03/12 22:57:50.532 連線確認 E122828927 (21,21)
[2072] 2015/03/12 22:58:14.300 收到 Head 資訊 {Count 2} {Type B } 
[2072] 2015/03/12 22:58:50.546 連線確認 E122828927 (21,21)
[2072] 2015/03/12 22:59:50.558 連線確認 E122828927 (21,21)
[2072] 2015/03/12 23:00:50.571 連線確認 E122828927 (21,21)
[2072] 2015/03/12 23:01:50.586 連線確認 E122828927 (21,21)
[2072] 2015/03/12 23:02:50.599 連線確認 E122828927 (21,21)
[2072] 2015/03/12 23:03:15.298 收到 Head 資訊 {Count 2} {Type B } 
[2072] 2015/03/12 23:03:50.614 連線確認 E122828927 (21,21)
[2072] 2015/03/12 23:04:50.627 連線確認 E122828927 (21,21)
[2072] 2015/03/12 23:05:50.641 連線確認 E122828927 (21,21)
[2072] 2015/03/12 23:06:50.654 連線確認 E122828927 (21,21)
[2072] 2015/03/12 23:07:50.667 連線確認 E122828927 (21,21)
[2072] 2015/03/12 23:08:16.294 收到 Head 資訊 {Count 2} {Type B } 
[2072] 2015/03/12 23:08:50.681 連線確認 E122828927 (21,21)
[2072] 2015/03/12 23:09:50.694 連線確認 E122828927 (21,21)
[2072] 2015/03/12 23:10:50.708 連線確認 E122828927 (21,21)
[2072] 2015/03/12 23:11:50.721 連線確認 E122828927 (21,21)
[2072] 2015/03/12 23:12:50.736 連線確認 E122828927 (21,21)
[2072] 2015/03/12 23:13:17.017 收到 Head 資訊 {Count 2} {Type B } 
[2072] 2015/03/12 23:13:50.749 連線確認 E122828927 (21,21)
[2072] 2015/03/12 23:14:50.762 連線確認 E122828927 (21,21)
[2072] 2015/03/12 23:15:50.776 連線確認 E122828927 (21,21)
[2072] 2015/03/12 23:16:50.789 連線確認 E122828927 (21,21)
[2072] 2015/03/12 23:17:50.802 連線確認 E122828927 (21,21)
[2072] 2015/03/12 23:18:18.015 收到 Head 資訊 {Count 2} {Type B } 
[2072] 2015/03/12 23:18:50.817 連線確認 E122828927 (21,21)
[2072] 2015/03/12 23:19:50.831 連線確認 E122828927 (21,21)
[2072] 2015/03/12 23:20:50.844 連線確認 E122828927 (21,21)
[2072] 2015/03/12 23:21:50.857 連線確認 E122828927 (21,21)
[2072] 2015/03/12 23:22:50.873 連線確認 E122828927 (21,21)
[2072] 2015/03/12 23:23:19.040 收到 Head 資訊 {Count 2} {Type B } 
[2072] 2015/03/12 23:23:50.885 連線確認 E122828927 (21,21)
[2072] 2015/03/12 23:24:50.898 連線確認 E122828927 (21,21)
[2072] 2015/03/12 23:25:50.912 連線確認 E122828927 (21,21)
[2072] 2015/03/12 23:26:50.926 連線確認 E122828927 (21,21)
[2072] 2015/03/12 23:27:50.939 連線確認 E122828927 (21,21)
[2072] 2015/03/12 23:28:20.494 收到 Head 資訊 {Count 2} {Type B } 
[2072] 2015/03/12 23:28:50.952 連線確認 E122828927 (21,21)
[2072] 2015/03/12 23:29:50.966 連線確認 E122828927 (21,21)
[2072] 2015/03/12 23:30:50.981 連線確認 E122828927 (21,21)
[2072] 2015/03/12 23:31:50.994 連線確認 E122828927 (21,21)
[2072] 2015/03/12 23:32:51.008 連線確認 E122828927 (21,21)
[2072] 2015/03/12 23:33:21.511 收到 Head 資訊 {Count 2} {Type B } 
[2072] 2015/03/12 23:33:51.021 連線確認 E122828927 (21,21)
[2072] 2015/03/12 23:34:51.034 連線確認 E122828927 (21,21)
[2072] 2015/03/12 23:35:51.048 連線確認 E122828927 (21,21)
[2072] 2015/03/12 23:36:51.060 連線確認 E122828927 (21,21)
[2072] 2015/03/12 23:37:51.075 連線確認 E122828927 (21,21)
[2072] 2015/03/12 23:38:22.528 收到 Head 資訊 {Count 2} {Type B } 
[2072] 2015/03/12 23:38:51.088 連線確認 E122828927 (21,21)
[2072] 2015/03/12 23:39:51.102 連線確認 E122828927 (21,21)
[2072] 2015/03/12 23:40:51.116 連線確認 E122828927 (21,21)
[2072] 2015/03/12 23:41:51.129 連線確認 E122828927 (21,21)
[2072] 2015/03/12 23:42:51.143 連線確認 E122828927 (21,21)
[2072] 2015/03/12 23:43:22.574 收到 Head 資訊 {Count 2} {Type B } 
[2072] 2015/03/12 23:43:51.156 連線確認 E122828927 (21,21)
[2072] 2015/03/12 23:44:51.170 連線確認 E122828927 (21,21)
[2072] 2015/03/12 23:45:51.184 連線確認 E122828927 (21,21)
[2072] 2015/03/12 23:46:51.197 連線確認 E122828927 (21,21)
[2072] 2015/03/12 23:47:51.211 連線確認 E122828927 (21,21)
[2072] 2015/03/12 23:48:23.622 收到 Head 資訊 {Count 2} {Type B } 
[2072] 2015/03/12 23:48:51.224 連線確認 E122828927 (21,21)
[2072] 2015/03/12 23:49:51.239 連線確認 E122828927 (21,21)
[2072] 2015/03/12 23:50:51.251 連線確認 E122828927 (21,21)
[2072] 2015/03/12 23:51:51.265 連線確認 E122828927 (21,21)
[2072] 2015/03/12 23:52:51.278 連線確認 E122828927 (21,21)
[2072] 2015/03/12 23:53:24.577 收到 Head 資訊 {Count 2} {Type B } 
[2072] 2015/03/12 23:53:51.291 連線確認 E122828927 (21,21)
[2072] 2015/03/12 23:54:51.306 連線確認 E122828927 (21,21)
[2072] 2015/03/12 23:55:51.319 連線確認 E122828927 (21,21)
[2072] 2015/03/12 23:56:51.333 連線確認 E122828927 (21,21)
[2072] 2015/03/12 23:57:51.347 連線確認 E122828927 (21,21)
[2072] 2015/03/12 23:58:26.258 收到 Head 資訊 {Count 2} {Type B } 
[2072] 2015/03/12 23:58:51.361 連線確認 E122828927 (21,21)
[2072] 2015/03/12 23:59:51.373 連線確認 E122828927 (21,21)
[2072] 2015/03/13 00:00:51.388 連線確認 E122828927 (21,21)
[2072] 2015/03/13 00:01:51.400 連線確認 E122828927 (21,21)
[2072] 2015/03/13 00:02:51.414 連線確認 E122828927 (21,21)
[2072] 2015/03/13 00:03:27.245 收到 Head 資訊 {Count 2} {Type B } 
[2072] 2015/03/13 00:03:51.427 連線確認 E122828927 (21,21)
[2072] 2015/03/13 00:04:51.442 連線確認 E122828927 (21,21)
[2072] 2015/03/13 00:05:51.456 連線確認 E122828927 (21,21)
[2072] 2015/03/13 00:06:51.470 連線確認 E122828927 (21,21)
[2072] 2015/03/13 00:07:51.482 連線確認 E122828927 (21,21)
[2072] 2015/03/13 00:08:28.245 收到 Head 資訊 {Count 2} {Type B } 
[2072] 2015/03/13 00:08:51.495 連線確認 E122828927 (21,21)
[2072] 2015/03/13 00:09:51.509 連線確認 E122828927 (21,21)
[2072] 2015/03/13 00:10:51.523 連線確認 E122828927 (21,21)
[2072] 2015/03/13 00:11:51.538 連線確認 E122828927 (21,21)
[2072] 2015/03/13 00:12:51.550 連線確認 E122828927 (21,21)
[2072] 2015/03/13 00:13:28.756 收到 Head 資訊 {Count 2} {Type B } 
[2072] 2015/03/13 00:13:51.564 連線確認 E122828927 (21,21)
[2072] 2015/03/13 00:14:51.577 連線確認 E122828927 (21,21)
[2072] 2015/03/13 00:15:51.591 連線確認 E122828927 (21,21)
[2072] 2015/03/13 00:16:51.606 連線確認 E122828927 (21,21)
[2072] 2015/03/13 00:17:51.618 連線確認 E122828927 (21,21)
[2072] 2015/03/13 00:18:29.752 收到 Head 資訊 {Count 2} {Type B } 
[2072] 2015/03/13 00:18:51.631 連線確認 E122828927 (21,21)
[2072] 2015/03/13 00:19:51.645 連線確認 E122828927 (21,21)
[2072] 2015/03/13 00:20:51.658 連線確認 E122828927 (21,21)
[2072] 2015/03/13 00:21:51.673 連線確認 E122828927 (21,21)
[2072] 2015/03/13 00:22:51.687 連線確認 E122828927 (21,21)
[2072] 2015/03/13 00:23:30.753 收到 Head 資訊 {Count 2} {Type B } 
[2072] 2015/03/13 00:23:51.700 連線確認 E122828927 (21,21)
[2072] 2015/03/13 00:24:51.713 連線確認 E122828927 (21,21)
[2072] 2015/03/13 00:25:51.727 連線確認 E122828927 (21,21)
[2072] 2015/03/13 00:26:51.740 連線確認 E122828927 (21,21)
[2072] 2015/03/13 00:27:51.755 連線確認 E122828927 (21,21)
[2072] 2015/03/13 00:28:41.429 收到 Head 資訊 {Count 2} {Type B } 
[2072] 2015/03/13 00:28:51.768 連線確認 E122828927 (21,21)
[2072] 2015/03/13 00:29:51.782 連線確認 E122828927 (21,21)
[2072] 2015/03/13 00:30:51.795 連線確認 E122828927 (21,21)
[2072] 2015/03/13 00:31:51.809 連線確認 E122828927 (21,21)
[2072] 2015/03/13 00:32:51.822 連線確認 E122828927 (21,21)
[2072] 2015/03/13 00:33:32.605 收到 Head 資訊 {Count 2} {Type B } 
[2072] 2015/03/13 00:33:51.836 連線確認 E122828927 (21,21)
[2072] 2015/03/13 00:34:51.849 連線確認 E122828927 (21,21)
[2072] 2015/03/13 00:35:51.863 連線確認 E122828927 (21,21)
[2072] 2015/03/13 00:36:51.876 連線確認 E122828927 (21,21)
[2072] 2015/03/13 00:37:51.889 連線確認 E122828927 (21,21)
[2072] 2015/03/13 00:38:33.604 收到 Head 資訊 {Count 2} {Type B } 
[2072] 2015/03/13 00:38:51.904 連線確認 E122828927 (21,21)
[2072] 2015/03/13 00:39:51.917 連線確認 E122828927 (21,21)
[2072] 2015/03/13 00:40:51.932 連線確認 E122828927 (21,21)
[2072] 2015/03/13 00:41:51.945 連線確認 E122828927 (21,21)
[2072] 2015/03/13 00:42:51.957 連線確認 E122828927 (21,21)
[2072] 2015/03/13 00:43:34.599 收到 Head 資訊 {Count 2} {Type B } 
[2072] 2015/03/13 00:43:51.972 連線確認 E122828927 (21,21)
[2072] 2015/03/13 00:44:51.985 連線確認 E122828927 (21,21)
[2072] 2015/03/13 00:45:51.999 連線確認 E122828927 (21,21)
[2072] 2015/03/13 00:46:52.013 連線確認 E122828927 (21,21)
[2072] 2015/03/13 00:47:52.026 連線確認 E122828927 (21,21)
[2072] 2015/03/13 00:48:35.560 收到 Head 資訊 {Count 2} {Type B } 
[2072] 2015/03/13 00:48:52.039 連線確認 E122828927 (21,21)
[2072] 2015/03/13 00:49:52.052 連線確認 E122828927 (21,21)
[2072] 2015/03/13 00:50:52.067 連線確認 E122828927 (21,21)
[2072] 2015/03/13 00:51:52.081 連線確認 E122828927 (21,21)
[2072] 2015/03/13 00:52:52.094 連線確認 E122828927 (21,21)
[2072] 2015/03/13 00:53:36.547 收到 Head 資訊 {Count 2} {Type B } 
[2072] 2015/03/13 00:53:52.108 連線確認 E122828927 (21,21)
[2072] 2015/03/13 00:54:52.120 連線確認 E122828927 (21,21)
[2072] 2015/03/13 00:55:52.134 連線確認 E122828927 (21,21)
[2072] 2015/03/13 00:56:52.148 連線確認 E122828927 (21,21)
[2072] 2015/03/13 00:57:52.161 連線確認 E122828927 (21,21)
[2072] 2015/03/13 00:58:37.544 收到 Head 資訊 {Count 2} {Type B } 
[2072] 2015/03/13 00:58:52.175 連線確認 E122828927 (21,21)
[2072] 2015/03/13 00:59:52.189 連線確認 E122828927 (21,21)
[2072] 2015/03/13 01:00:52.203 連線確認 E122828927 (21,21)
[2072] 2015/03/13 01:01:52.216 連線確認 E122828927 (21,21)
[2072] 2015/03/13 01:02:52.229 連線確認 E122828927 (21,21)
[2072] 2015/03/13 01:03:38.592 收到 Head 資訊 {Count 2} {Type B } 
[2072] 2015/03/13 01:03:52.243 連線確認 E122828927 (21,21)
[2072] 2015/03/13 01:04:52.257 連線確認 E122828927 (21,21)
[2072] 2015/03/13 01:05:52.270 連線確認 E122828927 (21,21)
[2072] 2015/03/13 01:06:52.284 連線確認 E122828927 (21,21)
[2072] 2015/03/13 01:07:52.297 連線確認 E122828927 (21,21)
[2072] 2015/03/13 01:08:39.598 收到 Head 資訊 {Count 2} {Type B } 
[2072] 2015/03/13 01:08:52.312 連線確認 E122828927 (21,21)
[2072] 2015/03/13 01:09:52.325 連線確認 E122828927 (21,21)
[2072] 2015/03/13 01:10:52.339 連線確認 E122828927 (21,21)
[2072] 2015/03/13 01:11:52.352 連線確認 E122828927 (21,21)
[2072] 2015/03/13 01:12:52.366 連線確認 E122828927 (21,21)
[2072] 2015/03/13 01:13:40.586 收到 Head 資訊 {Count 2} {Type B } 
[2072] 2015/03/13 01:13:52.378 連線確認 E122828927 (21,21)
[2072] 2015/03/13 01:14:52.392 連線確認 E122828927 (21,21)
[2072] 2015/03/13 01:15:52.407 連線確認 E122828927 (21,21)
[2072] 2015/03/13 01:16:52.420 連線確認 E122828927 (21,21)
[2072] 2015/03/13 01:17:52.433 連線確認 E122828927 (21,21)
[2072] 2015/03/13 01:18:41.985 收到 Head 資訊 {Count 2} {Type B } 
[2072] 2015/03/13 01:18:52.447 連線確認 E122828927 (21,21)
[2072] 2015/03/13 01:19:52.461 連線確認 E122828927 (21,21)
[2072] 2015/03/13 01:20:52.474 連線確認 E122828927 (21,21)
[2072] 2015/03/13 01:21:52.487 連線確認 E122828927 (21,21)
[2072] 2015/03/13 01:22:52.501 連線確認 E122828927 (21,21)
[2072] 2015/03/13 01:23:42.982 收到 Head 資訊 {Count 2} {Type B } 
[2072] 2015/03/13 01:23:52.515 連線確認 E122828927 (21,21)
[2072] 2015/03/13 01:24:52.529 連線確認 E122828927 (21,21)
[2072] 2015/03/13 01:25:52.541 連線確認 E122828927 (21,21)
[2072] 2015/03/13 01:26:52.557 連線確認 E122828927 (21,21)
[2072] 2015/03/13 01:27:52.569 連線確認 E122828927 (21,21)
[2072] 2015/03/13 01:28:43.979 收到 Head 資訊 {Count 2} {Type B } 
[2072] 2015/03/13 01:28:52.582 連線確認 E122828927 (21,21)
[2072] 2015/03/13 01:29:52.597 連線確認 E122828927 (21,21)
[2072] 2015/03/13 01:30:52.610 連線確認 E122828927 (21,21)
[2072] 2015/03/13 01:31:52.623 連線確認 E122828927 (21,21)
[2072] 2015/03/13 01:32:52.638 連線確認 E122828927 (21,21)
[2072] 2015/03/13 01:33:45.127 收到 Head 資訊 {Count 2} {Type B } 
[2072] 2015/03/13 01:33:52.651 連線確認 E122828927 (21,21)
[2072] 2015/03/13 01:34:52.665 連線確認 E122828927 (21,21)
[2072] 2015/03/13 01:35:52.678 連線確認 E122828927 (21,21)
[2072] 2015/03/13 01:36:52.692 連線確認 E122828927 (21,21)
[2072] 2015/03/13 01:37:52.705 連線確認 E122828927 (21,21)
[2072] 2015/03/13 01:38:46.143 收到 Head 資訊 {Count 2} {Type B } 
[2072] 2015/03/13 01:38:52.719 連線確認 E122828927 (21,21)
[2072] 2015/03/13 01:39:52.733 連線確認 E122828927 (21,21)
[2072] 2015/03/13 01:40:52.746 連線確認 E122828927 (21,21)
[2072] 2015/03/13 01:41:52.759 連線確認 E122828927 (21,21)
[2072] 2015/03/13 01:42:52.773 連線確認 E122828927 (21,21)
[2072] 2015/03/13 01:43:47.130 收到 Head 資訊 {Count 2} {Type B } 
[2072] 2015/03/13 01:43:52.787 連線確認 E122828927 (21,21)
[2072] 2015/03/13 01:44:52.801 連線確認 E122828927 (21,21)
[2072] 2015/03/13 01:45:52.813 連線確認 E122828927 (21,21)
[2072] 2015/03/13 01:46:52.828 連線確認 E122828927 (21,21)
[2072] 2015/03/13 01:47:52.840 連線確認 E122828927 (21,21)
[2072] 2015/03/13 01:48:48.236 收到 Head 資訊 {Count 2} {Type B } 
[2072] 2015/03/13 01:48:52.854 連線確認 E122828927 (21,21)
[2072] 2015/03/13 01:49:52.868 連線確認 E122828927 (21,21)
[2072] 2015/03/13 01:50:52.881 連線確認 E122828927 (21,21)
[2072] 2015/03/13 01:51:52.895 連線確認 E122828927 (21,21)
[2072] 2015/03/13 01:52:52.909 連線確認 E122828927 (21,21)
[2072] 2015/03/13 01:53:49.252 收到 Head 資訊 {Count 2} {Type B } 
[2072] 2015/03/13 01:53:52.923 連線確認 E122828927 (21,21)
[2072] 2015/03/13 01:54:52.936 連線確認 E122828927 (21,21)
[2072] 2015/03/13 01:55:52.950 連線確認 E122828927 (21,21)
[2072] 2015/03/13 01:56:52.964 連線確認 E122828927 (21,21)
[2072] 2015/03/13 01:57:52.977 連線確認 E122828927 (21,21)
[2072] 2015/03/13 01:58:50.239 收到 Head 資訊 {Count 2} {Type B } 
[2072] 2015/03/13 01:58:52.991 連線確認 E122828927 (21,21)
[2072] 2015/03/13 01:59:53.004 連線確認 E122828927 (21,21)
