[7012] 2015/02/18 07:50:13.108 API InitInstance 
[7012] 2015/02/18 07:50:13.488 E122828927 連線 Code：0
[7012] 2015/02/18 07:50:14.495 收到 Head 資訊 {Count 2} {Type C } 
[7012] 2015/02/18 07:50:14.497 收到 Head 資訊 {Count 2} {Type C } 
[7012] 2015/02/18 07:50:14.499 收到 Head 資訊 {Count 2} {Type C } 
[7012] 2015/02/18 07:50:14.501 收到 Head 資訊 {Count 2} {Type C } 
[7012] 2015/02/18 07:50:14.503 收到 Head 資訊 {Count 2} {Type C } 
[7012] 2015/02/18 07:50:14.505 收到 Head 資訊 {Count 2} {Type C } 
[7012] 2015/02/18 07:50:14.507 收到 Head 資訊 {Count 2} {Type C } 
[7012] 2015/02/18 07:50:14.508 收到 Head 資訊 {Count 2} {Type C } 
[7012] 2015/02/18 07:50:14.510 收到 Head 資訊 {Count 2} {Type C } 
[7012] 2015/02/18 07:50:14.512 收到 Head 資訊 {Count 2} {Type C } 
[7012] 2015/02/18 07:50:14.514 收到 Head 資訊 {Count 2} {Type C } 
[7012] 2015/02/18 07:50:14.516 收到 Head 資訊 {Count 2} {Type C } 
[7012] 2015/02/18 07:50:14.517 收到 Head 資訊 {Count 2} {Type C } 
[7012] 2015/02/18 07:50:14.519 收到 Head 資訊 {Count 2} {Type C } 
[7012] 2015/02/18 07:50:14.521 收到 Head 資訊 {Count 2} {Type C } 
[7012] 2015/02/18 07:50:14.523 收到 Head 資訊 {Count 2} {Type C } 
[7012] 2015/02/18 07:50:14.525 收到 Head 資訊 {Count 2} {Type C } 
[7012] 2015/02/18 07:50:14.527 收到 Head 資訊 {Count 2} {Type C } 
[7012] 2015/02/18 07:50:14.529 收到 Head 資訊 {Count 2} {Type C } 
[7012] 2015/02/18 07:50:14.531 收到 Head 資訊 {Count 2} {Type C } 
[7012] 2015/02/18 07:50:14.533 收到 Head 資訊 {Count 2} {Type C } 
[7012] 2015/02/18 07:50:14.535 收到 Head 資訊 {Count 2} {Type C } 
[7012] 2015/02/18 07:50:14.537 收到 Head 資訊 {Count 2} {Type C } 
[7012] 2015/02/18 07:50:14.539 收到 Head 資訊 {Count 2} {Type C } 
[7012] 2015/02/18 07:50:14.541 收到 Head 資訊 {Count 2} {Type C } 
[7012] 2015/02/18 07:50:14.543 收到 Head 資訊 {Count 2} {Type C } 
[7012] 2015/02/18 07:50:14.545 收到 Head 資訊 {Count 2} {Type C } 
[7012] 2015/02/18 07:50:14.547 收到 Head 資訊 {Count 2} {Type C } 
[7012] 2015/02/18 07:50:14.548 收到 Head 資訊 {Count 2} {Type C } 
[7012] 2015/02/18 07:50:14.550 收到 Head 資訊 {Count 2} {Type C } 
[7012] 2015/02/18 07:50:14.552 收到 Head 資訊 {Count 2} {Type C } 
[7012] 2015/02/18 07:50:14.554 收到 Head 資訊 {Count 2} {Type C } 
[7012] 2015/02/18 07:50:14.556 收到 Head 資訊 {Count 2} {Type C } 
[7012] 2015/02/18 07:50:14.558 收到 Head 資訊 {Count 2} {Type C } 
[7012] 2015/02/18 07:50:14.560 收到 Head 資訊 {Count 2} {Type C } 
[7012] 2015/02/18 07:50:14.562 收到 Head 資訊 {Count 2} {Type C } 
[7012] 2015/02/18 07:50:14.564 收到 Head 資訊 {Count 2} {Type C } 
[7012] 2015/02/18 07:50:14.566 收到 Head 資訊 {Count 2} {Type C } 
[7012] 2015/02/18 07:50:14.567 收到 Head 資訊 {Count 2} {Type C } 
[7012] 2015/02/18 07:50:14.569 收到 Head 資訊 {Count 2} {Type C } 
[7012] 2015/02/18 07:50:14.571 收到 Head 資訊 {Count 2} {Type C } 
[7012] 2015/02/18 07:50:14.573 收到 Head 資訊 {Count 2} {Type C } 
[7012] 2015/02/18 07:50:14.575 收到 Head 資訊 {Count 2} {Type C } 
[7012] 2015/02/18 07:50:14.577 收到 Head 資訊 {Count 2} {Type C } 
[7012] 2015/02/18 07:50:14.579 收到 Head 資訊 {Count 2} {Type C } 
[7012] 2015/02/18 07:50:14.581 收到 Head 資訊 {Count 2} {Type C } 
[7012] 2015/02/18 07:50:14.583 收到 Head 資訊 {Count 2} {Type C } 
[7012] 2015/02/18 07:50:14.585 收到 Head 資訊 {Count 2} {Type C } 
[7012] 2015/02/18 07:50:14.587 收到 Head 資訊 {Count 2} {Type C } 
[7012] 2015/02/18 07:50:14.589 收到 Head 資訊 {Count 2} {Type C } 
[7012] 2015/02/18 07:50:14.590 收到 Head 資訊 {Count 2} {Type C } 
[7012] 2015/02/18 07:50:14.592 收到 Head 資訊 {Count 2} {Type C } 
[7012] 2015/02/18 07:50:14.594 收到 Head 資訊 {Count 2} {Type C } 
[7012] 2015/02/18 07:50:14.596 收到 Head 資訊 {Count 2} {Type C } 
[7012] 2015/02/18 07:50:14.598 收到 Head 資訊 {Count 2} {Type C } 
[7012] 2015/02/18 07:50:14.600 收到 Head 資訊 {Count 2} {Type C } 
[7012] 2015/02/18 07:50:14.602 收到 Head 資訊 {Count 2} {Type C } 
[7012] 2015/02/18 07:50:14.604 收到 Head 資訊 {Count 2} {Type C } 
[7012] 2015/02/18 07:50:14.606 收到 Head 資訊 {Count 2} {Type C } 
[7012] 2015/02/18 07:50:14.608 收到 Head 資訊 {Count 2} {Type C } 
[7012] 2015/02/18 07:50:14.610 收到 Head 資訊 {Count 2} {Type C } 
[7012] 2015/02/18 07:50:14.612 收到 Head 資訊 {Count 2} {Type C } 
[7012] 2015/02/18 07:50:14.614 收到 Head 資訊 {Count 2} {Type C } 
[7012] 2015/02/18 07:50:14.616 收到 Head 資訊 {Count 2} {Type C } 
[7012] 2015/02/18 07:50:14.617 收到 Head 資訊 {Count 2} {Type C } 
[7012] 2015/02/18 07:50:14.619 收到 Head 資訊 {Count 2} {Type C } 
[7012] 2015/02/18 07:50:14.621 收到 Head 資訊 {Count 2} {Type C } 
[7012] 2015/02/18 07:50:14.622 收到 Head 資訊 {Count 2} {Type C } 
[7012] 2015/02/18 07:50:14.624 收到 Head 資訊 {Count 2} {Type C } 
[7012] 2015/02/18 07:50:14.626 收到 Head 資訊 {Count 2} {Type C } 
[7012] 2015/02/18 07:50:14.628 收到 Head 資訊 {Count 2} {Type C } 
[7012] 2015/02/18 07:50:14.629 收到 Head 資訊 {Count 2} {Type C } 
[7012] 2015/02/18 07:50:14.631 收到 Head 資訊 {Count 2} {Type C } 
[7012] 2015/02/18 07:50:14.633 收到 Head 資訊 {Count 2} {Type C } 
[7012] 2015/02/18 07:50:14.635 收到 Head 資訊 {Count 2} {Type C } 
[7012] 2015/02/18 07:50:14.636 收到 Head 資訊 {Count 2} {Type C } 
[7012] 2015/02/18 07:50:14.638 收到 Head 資訊 {Count 2} {Type C } 
[7012] 2015/02/18 07:50:14.640 收到 Head 資訊 {Count 2} {Type C } 
[7012] 2015/02/18 07:50:14.643 收到 Head 資訊 {Count 2} {Type C } 
[7012] 2015/02/18 07:50:14.645 收到 Head 資訊 {Count 2} {Type C } 
[7012] 2015/02/18 07:50:14.647 收到 Head 資訊 {Count 2} {Type C } 
[7012] 2015/02/18 07:50:14.649 收到 Head 資訊 {Count 2} {Type C } 
[7012] 2015/02/18 07:50:14.650 收到 Head 資訊 {Count 2} {Type C } 
[7012] 2015/02/18 07:50:14.652 收到 Head 資訊 {Count 2} {Type C } 
[7012] 2015/02/18 07:50:14.654 收到 Head 資訊 {Count 2} {Type C } 
[7012] 2015/02/18 07:50:14.656 收到 Head 資訊 {Count 2} {Type C } 
[7012] 2015/02/18 07:50:14.658 收到 Head 資訊 {Count 2} {Type C } 
[7012] 2015/02/18 07:50:14.659 收到 Head 資訊 {Count 2} {Type C } 
[7012] 2015/02/18 07:50:14.661 收到 Head 資訊 {Count 2} {Type C } 
[7012] 2015/02/18 07:50:14.663 收到 Head 資訊 {Count 2} {Type C } 
[7012] 2015/02/18 07:50:14.665 收到 Head 資訊 {Count 2} {Type C } 
[7012] 2015/02/18 07:50:14.667 收到 Head 資訊 {Count 2} {Type C } 
[7012] 2015/02/18 07:50:14.669 收到 Head 資訊 {Count 2} {Type C } 
[7012] 2015/02/18 07:50:14.671 收到 Head 資訊 {Count 2} {Type C } 
[7012] 2015/02/18 07:50:14.673 收到 Head 資訊 {Count 2} {Type C } 
[7012] 2015/02/18 07:50:14.675 收到 Head 資訊 {Count 2} {Type C } 
[7012] 2015/02/18 07:50:14.677 收到 Head 資訊 {Count 2} {Type C } 
[7012] 2015/02/18 07:50:14.679 收到 Head 資訊 {Count 2} {Type C } 
[7012] 2015/02/18 07:50:14.681 收到 Head 資訊 {Count 2} {Type C } 
[7012] 2015/02/18 07:50:14.683 收到 Head 資訊 {Count 2} {Type C } 
[7012] 2015/02/18 07:50:14.685 收到 Head 資訊 {Count 2} {Type C } 
[7012] 2015/02/18 07:50:14.687 收到 Head 資訊 {Count 2} {Type B } 
[7012] 2015/02/18 07:51:13.445 連線確認 E122828927 (21,21)
[7012] 2015/02/18 07:52:13.459 連線確認 E122828927 (21,21)
[7012] 2015/02/18 07:53:13.472 連線確認 E122828927 (21,21)
[7012] 2015/02/18 07:54:13.485 連線確認 E122828927 (21,21)
[7012] 2015/02/18 07:55:13.499 連線確認 E122828927 (21,21)
[7012] 2015/02/18 07:55:14.274 收到 Head 資訊 {Count 2} {Type B } 
[7012] 2015/02/18 07:56:13.512 連線確認 E122828927 (21,21)
[7012] 2015/02/18 07:57:13.526 連線確認 E122828927 (21,21)
[7012] 2015/02/18 07:58:13.540 連線確認 E122828927 (21,21)
[7012] 2015/02/18 07:59:13.553 連線確認 E122828927 (21,21)
[7012] 2015/02/18 08:00:13.568 連線確認 E122828927 (21,21)
[7012] 2015/02/18 08:00:15.277 收到 Head 資訊 {Count 2} {Type B } 
[7012] 2015/02/18 08:01:13.580 連線確認 E122828927 (21,21)
[7012] 2015/02/18 08:02:13.594 連線確認 E122828927 (21,21)
[7012] 2015/02/18 08:03:13.608 連線確認 E122828927 (21,21)
[7012] 2015/02/18 08:04:13.622 連線確認 E122828927 (21,21)
[7012] 2015/02/18 08:05:13.636 連線確認 E122828927 (21,21)
[7012] 2015/02/18 08:05:16.162 收到 Head 資訊 {Count 2} {Type B } 
[7012] 2015/02/18 08:06:13.649 連線確認 E122828927 (21,21)
[7012] 2015/02/18 08:07:13.663 連線確認 E122828927 (21,21)
[7012] 2015/02/18 08:08:13.675 連線確認 E122828927 (21,21)
[7012] 2015/02/18 08:09:13.689 連線確認 E122828927 (21,21)
[7012] 2015/02/18 08:10:13.703 連線確認 E122828927 (21,21)
[7012] 2015/02/18 08:10:17.159 收到 Head 資訊 {Count 2} {Type B } 
[7012] 2015/02/18 08:11:13.716 連線確認 E122828927 (21,21)
[7012] 2015/02/18 08:12:13.731 連線確認 E122828927 (21,21)
[7012] 2015/02/18 08:13:13.744 連線確認 E122828927 (21,21)
[7012] 2015/02/18 08:14:13.758 連線確認 E122828927 (21,21)
[7012] 2015/02/18 08:15:13.770 連線確認 E122828927 (21,21)
[7012] 2015/02/18 08:15:18.157 收到 Head 資訊 {Count 2} {Type B } 
[7012] 2015/02/18 08:16:13.784 連線確認 E122828927 (21,21)
[7012] 2015/02/18 08:17:13.798 連線確認 E122828927 (21,21)
[7012] 2015/02/18 08:18:13.813 連線確認 E122828927 (21,21)
[7012] 2015/02/18 08:19:13.826 連線確認 E122828927 (21,21)
[7012] 2015/02/18 08:20:13.838 連線確認 E122828927 (21,21)
[7012] 2015/02/18 08:20:19.154 收到 Head 資訊 {Count 2} {Type B } 
[7012] 2015/02/18 08:21:13.852 連線確認 E122828927 (21,21)
[7012] 2015/02/18 08:22:13.865 連線確認 E122828927 (21,21)
[7012] 2015/02/18 08:23:13.879 連線確認 E122828927 (21,21)
[7012] 2015/02/18 08:24:13.893 連線確認 E122828927 (21,21)
[7012] 2015/02/18 08:25:13.907 連線確認 E122828927 (21,21)
[7012] 2015/02/18 08:25:22.142 收到 Head 資訊 {Count 2} {Type B } 
[7012] 2015/02/18 08:26:13.921 連線確認 E122828927 (21,21)
[7012] 2015/02/18 08:27:13.934 連線確認 E122828927 (21,21)
[7012] 2015/02/18 08:28:13.948 連線確認 E122828927 (21,21)
[7012] 2015/02/18 08:29:13.960 連線確認 E122828927 (21,21)
[7012] 2015/02/18 08:30:13.975 連線確認 E122828927 (21,21)
[7012] 2015/02/18 08:30:23.154 收到 Head 資訊 {Count 2} {Type B } 
[7012] 2015/02/18 08:31:13.988 連線確認 E122828927 (21,21)
[7012] 2015/02/18 08:32:14.002 連線確認 E122828927 (21,21)
[7012] 2015/02/18 08:33:14.015 連線確認 E122828927 (21,21)
[7012] 2015/02/18 08:34:14.030 連線確認 E122828927 (21,21)
[7012] 2015/02/18 08:35:14.043 連線確認 E122828927 (21,21)
[7012] 2015/02/18 08:35:24.144 收到 Head 資訊 {Count 2} {Type B } 
[7012] 2015/02/18 08:36:14.056 連線確認 E122828927 (21,21)
[7012] 2015/02/18 08:37:14.069 連線確認 E122828927 (21,21)
[7012] 2015/02/18 08:38:14.083 連線確認 E122828927 (21,21)
[7012] 2015/02/18 08:39:14.098 連線確認 E122828927 (21,21)
[7012] 2015/02/18 08:40:14.110 連線確認 E122828927 (21,21)
[7012] 2015/02/18 08:40:25.133 收到 Head 資訊 {Count 2} {Type B } 
[7012] 2015/02/18 08:41:14.124 連線確認 E122828927 (21,21)
[7012] 2015/02/18 08:42:14.137 連線確認 E122828927 (21,21)
[7012] 2015/02/18 08:43:14.151 連線確認 E122828927 (21,21)
[7012] 2015/02/18 08:44:14.164 連線確認 E122828927 (21,21)
[7012] 2015/02/18 08:45:14.179 連線確認 E122828927 (21,21)
[7012] 2015/02/18 08:45:26.133 收到 Head 資訊 {Count 2} {Type B } 
[7012] 2015/02/18 08:46:14.192 連線確認 E122828927 (21,21)
[7012] 2015/02/18 08:47:14.206 連線確認 E122828927 (21,21)
[7012] 2015/02/18 08:48:14.220 連線確認 E122828927 (21,21)
[7012] 2015/02/18 08:49:14.234 連線確認 E122828927 (21,21)
[7012] 2015/02/18 08:50:14.246 連線確認 E122828927 (21,21)
[7012] 2015/02/18 08:50:27.140 收到 Head 資訊 {Count 2} {Type B } 
[7012] 2015/02/18 08:51:14.260 連線確認 E122828927 (21,21)
[7012] 2015/02/18 08:51:50.697 收到 Head 資訊 {Count 2} {Type C } 
[7012] 2015/02/18 08:52:00.711 收到 Head 資訊 {Count 2} {Type C } 
[7012] 2015/02/18 08:52:10.703 收到 Head 資訊 {Count 2} {Type C } 
[7012] 2015/02/18 08:52:14.274 連線確認 E122828927 (21,21)
[7012] 2015/02/18 08:53:14.288 連線確認 E122828927 (21,21)
[7012] 2015/02/18 08:54:14.301 連線確認 E122828927 (21,21)
[7012] 2015/02/18 08:54:30.706 收到 Head 資訊 {Count 2} {Type C } 
[7012] 2015/02/18 08:54:40.707 收到 Head 資訊 {Count 2} {Type C } 
[7012] 2015/02/18 08:54:50.566 收到 Head 資訊 {Count 2} {Type C } 
[7012] 2015/02/18 08:55:14.315 連線確認 E122828927 (21,21)
[7012] 2015/02/18 08:55:28.133 收到 Head 資訊 {Count 2} {Type B } 
[7012] 2015/02/18 08:56:14.328 連線確認 E122828927 (21,21)
[7012] 2015/02/18 08:57:14.340 連線確認 E122828927 (21,21)
[7012] 2015/02/18 08:57:40.587 收到 Head 資訊 {Count 2} {Type C } 
[7012] 2015/02/18 08:57:50.565 收到 Head 資訊 {Count 2} {Type C } 
[7012] 2015/02/18 08:58:14.355 連線確認 E122828927 (21,21)
[7012] 2015/02/18 08:59:14.368 連線確認 E122828927 (21,21)
[7012] 2015/02/18 09:00:14.382 連線確認 E122828927 (21,21)
[7012] 2015/02/18 09:00:29.131 收到 Head 資訊 {Count 2} {Type B } 
[7012] 2015/02/18 09:01:14.395 連線確認 E122828927 (21,21)
[7012] 2015/02/18 09:02:14.410 連線確認 E122828927 (21,21)
[7012] 2015/02/18 09:03:14.423 連線確認 E122828927 (21,21)
[7012] 2015/02/18 09:04:14.437 連線確認 E122828927 (21,21)
[7012] 2015/02/18 09:05:14.451 連線確認 E122828927 (21,21)
[7012] 2015/02/18 09:05:30.127 收到 Head 資訊 {Count 2} {Type B } 
[7012] 2015/02/18 09:06:14.463 連線確認 E122828927 (21,21)
[7012] 2015/02/18 09:07:14.478 連線確認 E122828927 (21,21)
[7012] 2015/02/18 09:08:14.491 連線確認 E122828927 (21,21)
[7012] 2015/02/18 09:09:14.504 連線確認 E122828927 (21,21)
[7012] 2015/02/18 09:09:38.663 收到 Head 資訊 {Count 2} {Type D } 
[7012] 2015/02/18 09:10:14.518 連線確認 E122828927 (21,21)
[7012] 2015/02/18 09:10:31.116 收到 Head 資訊 {Count 2} {Type B } 
[7012] 2015/02/18 09:11:14.532 連線確認 E122828927 (21,21)
[7012] 2015/02/18 09:12:14.547 連線確認 E122828927 (21,21)
[7012] 2015/02/18 09:13:14.558 連線確認 E122828927 (21,21)
[7012] 2015/02/18 09:14:14.572 連線確認 E122828927 (21,21)
[7012] 2015/02/18 09:14:20.849 收到 Head 資訊 {Count 2} {Type C } 
[7012] 2015/02/18 09:14:30.849 收到 Head 資訊 {Count 2} {Type C } 
[7012] 2015/02/18 09:14:50.694 收到 Head 資訊 {Count 2} {Type C } 
[7012] 2015/02/18 09:15:14.585 連線確認 E122828927 (21,21)
[7012] 2015/02/18 09:15:32.135 收到 Head 資訊 {Count 2} {Type B } 
[7012] 2015/02/18 09:16:14.599 連線確認 E122828927 (21,21)
[7012] 2015/02/18 09:17:14.613 連線確認 E122828927 (21,21)
[7012] 2015/02/18 09:17:50.690 收到 Head 資訊 {Count 2} {Type C } 
[7012] 2015/02/18 09:18:00.706 收到 Head 資訊 {Count 2} {Type C } 
[7012] 2015/02/18 09:18:14.627 連線確認 E122828927 (21,21)
[7012] 2015/02/18 09:19:14.641 連線確認 E122828927 (21,21)
[7012] 2015/02/18 09:20:14.654 連線確認 E122828927 (21,21)
[7012] 2015/02/18 09:20:33.125 收到 Head 資訊 {Count 2} {Type B } 
[7012] 2015/02/18 09:21:14.668 連線確認 E122828927 (21,21)
[7012] 2015/02/18 09:22:14.681 連線確認 E122828927 (21,21)
[7012] 2015/02/18 09:23:14.695 連線確認 E122828927 (21,21)
[7012] 2015/02/18 09:24:14.708 連線確認 E122828927 (21,21)
[7012] 2015/02/18 09:25:14.723 連線確認 E122828927 (21,21)
[7012] 2015/02/18 09:25:34.117 收到 Head 資訊 {Count 2} {Type B } 
[7012] 2015/02/18 09:26:14.735 連線確認 E122828927 (21,21)
[7012] 2015/02/18 09:27:14.748 連線確認 E122828927 (21,21)
[7012] 2015/02/18 09:28:14.762 連線確認 E122828927 (21,21)
[7012] 2015/02/18 09:29:14.777 連線確認 E122828927 (21,21)
[7012] 2015/02/18 09:30:14.789 連線確認 E122828927 (21,21)
[7012] 2015/02/18 09:30:35.110 收到 Head 資訊 {Count 2} {Type B } 
[7012] 2015/02/18 09:31:14.804 連線確認 E122828927 (21,21)
[7012] 2015/02/18 09:32:14.818 連線確認 E122828927 (21,21)
[7012] 2015/02/18 09:33:14.831 連線確認 E122828927 (21,21)
[7012] 2015/02/18 09:34:14.845 連線確認 E122828927 (21,21)
[7012] 2015/02/18 09:34:50.849 收到 Head 資訊 {Count 2} {Type C } 
[7012] 2015/02/18 09:35:00.853 收到 Head 資訊 {Count 2} {Type C } 
[7012] 2015/02/18 09:35:14.858 連線確認 E122828927 (21,21)
[7012] 2015/02/18 09:35:36.109 收到 Head 資訊 {Count 2} {Type B } 
[7012] 2015/02/18 09:36:14.871 連線確認 E122828927 (21,21)
[7012] 2015/02/18 09:37:14.885 連線確認 E122828927 (21,21)
[7012] 2015/02/18 09:38:10.855 收到 Head 資訊 {Count 2} {Type C } 
[7012] 2015/02/18 09:38:14.898 連線確認 E122828927 (21,21)
[7012] 2015/02/18 09:38:20.863 收到 Head 資訊 {Count 2} {Type C } 
[7012] 2015/02/18 09:39:14.912 連線確認 E122828927 (21,21)
[7012] 2015/02/18 09:40:14.926 連線確認 E122828927 (21,21)
[7012] 2015/02/18 09:40:37.121 收到 Head 資訊 {Count 2} {Type B } 
[7012] 2015/02/18 09:41:14.939 連線確認 E122828927 (21,21)
[7012] 2015/02/18 09:42:14.952 連線確認 E122828927 (21,21)
[7012] 2015/02/18 09:43:03.086 收到 Head 資訊 {Count 2} {Type D } 
[7012] 2015/02/18 09:43:14.966 連線確認 E122828927 (21,21)
[7012] 2015/02/18 09:44:14.980 連線確認 E122828927 (21,21)
[7012] 2015/02/18 09:45:14.993 連線確認 E122828927 (21,21)
[7012] 2015/02/18 09:45:38.113 收到 Head 資訊 {Count 2} {Type B } 
[7012] 2015/02/18 09:46:15.007 連線確認 E122828927 (21,21)
[7012] 2015/02/18 09:47:15.020 連線確認 E122828927 (21,21)
[7012] 2015/02/18 09:48:15.035 連線確認 E122828927 (21,21)
[7012] 2015/02/18 09:49:15.047 連線確認 E122828927 (21,21)
[7012] 2015/02/18 09:50:15.061 連線確認 E122828927 (21,21)
[7012] 2015/02/18 09:50:39.106 收到 Head 資訊 {Count 2} {Type B } 
[7012] 2015/02/18 09:51:15.076 連線確認 E122828927 (21,21)
[7012] 2015/02/18 09:52:15.092 連線確認 E122828927 (21,21)
[7012] 2015/02/18 09:53:15.102 連線確認 E122828927 (21,21)
[7012] 2015/02/18 09:54:11.138 收到 Head 資訊 {Count 2} {Type C } 
[7012] 2015/02/18 09:54:15.117 連線確認 E122828927 (21,21)
[7012] 2015/02/18 09:54:21.128 收到 Head 資訊 {Count 2} {Type C } 
[7012] 2015/02/18 09:55:15.129 連線確認 E122828927 (21,21)
[7012] 2015/02/18 09:55:40.110 收到 Head 資訊 {Count 2} {Type B } 
[7012] 2015/02/18 09:56:15.142 連線確認 E122828927 (21,21)
[7012] 2015/02/18 09:57:15.156 連線確認 E122828927 (21,21)
[7012] 2015/02/18 09:58:15.171 連線確認 E122828927 (21,21)
[7012] 2015/02/18 09:59:16.089 連線確認 E122828927 (21,21)
[7012] 2015/02/18 10:00:15.946 連線確認 E122828927 (21,21)
[7012] 2015/02/18 10:00:40.970 收到 Head 資訊 {Count 2} {Type B } 
[7012] 2015/02/18 10:01:15.959 連線確認 E122828927 (21,21)
[7012] 2015/02/18 10:02:15.973 連線確認 E122828927 (21,21)
[7012] 2015/02/18 10:03:15.987 連線確認 E122828927 (21,21)
[7012] 2015/02/18 10:04:16.000 連線確認 E122828927 (21,21)
[7012] 2015/02/18 10:05:16.015 連線確認 E122828927 (21,21)
[7012] 2015/02/18 10:05:41.950 收到 Head 資訊 {Count 2} {Type B } 
[7012] 2015/02/18 10:06:16.027 連線確認 E122828927 (21,21)
[7012] 2015/02/18 10:07:16.041 連線確認 E122828927 (21,21)
[7012] 2015/02/18 10:08:16.054 連線確認 E122828927 (21,21)
[7012] 2015/02/18 10:09:16.069 連線確認 E122828927 (21,21)
[7012] 2015/02/18 10:10:16.081 連線確認 E122828927 (21,21)
[7012] 2015/02/18 10:10:42.960 收到 Head 資訊 {Count 2} {Type B } 
[7012] 2015/02/18 10:11:16.095 連線確認 E122828927 (21,21)
[7012] 2015/02/18 10:12:16.110 連線確認 E122828927 (21,21)
[7012] 2015/02/18 10:13:16.122 連線確認 E122828927 (21,21)
[7012] 2015/02/18 10:14:16.136 連線確認 E122828927 (21,21)
[7012] 2015/02/18 10:15:16.149 連線確認 E122828927 (21,21)
[7012] 2015/02/18 10:15:43.963 收到 Head 資訊 {Count 2} {Type B } 
[7012] 2015/02/18 10:16:16.164 連線確認 E122828927 (21,21)
[7012] 2015/02/18 10:17:16.178 連線確認 E122828927 (21,21)
[7012] 2015/02/18 10:17:48.938 收到 Head 資訊 {Count 2} {Type D } 
[7012] 2015/02/18 10:18:16.191 連線確認 E122828927 (21,21)
[7012] 2015/02/18 10:19:16.205 連線確認 E122828927 (21,21)
[7012] 2015/02/18 10:20:16.218 連線確認 E122828927 (21,21)
[7012] 2015/02/18 10:20:44.946 收到 Head 資訊 {Count 2} {Type B } 
[7012] 2015/02/18 10:21:16.231 連線確認 E122828927 (21,21)
[7012] 2015/02/18 10:22:16.245 連線確認 E122828927 (21,21)
[7012] 2015/02/18 10:23:16.259 連線確認 E122828927 (21,21)
[7012] 2015/02/18 10:24:16.272 連線確認 E122828927 (21,21)
[7012] 2015/02/18 10:25:16.285 連線確認 E122828927 (21,21)
[7012] 2015/02/18 10:25:45.950 收到 Head 資訊 {Count 2} {Type B } 
[7012] 2015/02/18 10:26:16.300 連線確認 E122828927 (21,21)
[7012] 2015/02/18 10:27:16.312 連線確認 E122828927 (21,21)
[7012] 2015/02/18 10:28:16.326 連線確認 E122828927 (21,21)
[7012] 2015/02/18 10:29:16.339 連線確認 E122828927 (21,21)
[7012] 2015/02/18 10:30:16.353 連線確認 E122828927 (21,21)
[7012] 2015/02/18 10:30:46.944 收到 Head 資訊 {Count 2} {Type B } 
[7012] 2015/02/18 10:31:16.367 連線確認 E122828927 (21,21)
[7012] 2015/02/18 10:32:16.380 連線確認 E122828927 (21,21)
[7012] 2015/02/18 10:33:16.394 連線確認 E122828927 (21,21)
[7012] 2015/02/18 10:34:16.408 連線確認 E122828927 (21,21)
[7012] 2015/02/18 10:35:16.421 連線確認 E122828927 (21,21)
[7012] 2015/02/18 10:35:47.933 收到 Head 資訊 {Count 2} {Type B } 
[7012] 2015/02/18 10:36:16.435 連線確認 E122828927 (21,21)
[7012] 2015/02/18 10:37:16.449 連線確認 E122828927 (21,21)
[7012] 2015/02/18 10:38:16.462 連線確認 E122828927 (21,21)
[7012] 2015/02/18 10:39:16.477 連線確認 E122828927 (21,21)
[7012] 2015/02/18 10:40:16.490 連線確認 E122828927 (21,21)
[7012] 2015/02/18 10:40:48.951 收到 Head 資訊 {Count 2} {Type B } 
[7012] 2015/02/18 10:41:16.503 連線確認 E122828927 (21,21)
[7012] 2015/02/18 10:42:16.516 連線確認 E122828927 (21,21)
[7012] 2015/02/18 10:43:16.529 連線確認 E122828927 (21,21)
[7012] 2015/02/18 10:44:17.515 連線確認 E122828927 (21,21)
[7012] 2015/02/18 10:45:17.509 連線確認 E122828927 (21,21)
[7012] 2015/02/18 10:45:49.341 收到 Head 資訊 {Count 2} {Type B } 
[7012] 2015/02/18 10:46:17.523 連線確認 E122828927 (21,21)
[7012] 2015/02/18 10:47:17.536 連線確認 E122828927 (21,21)
[7012] 2015/02/18 10:48:17.549 連線確認 E122828927 (21,21)
[7012] 2015/02/18 10:49:17.563 連線確認 E122828927 (21,21)
[7012] 2015/02/18 10:50:17.577 連線確認 E122828927 (21,21)
[7012] 2015/02/18 10:50:39.897 收到 Head 資訊 {Count 2} {Type C } 
[7012] 2015/02/18 10:50:50.347 收到 Head 資訊 {Count 2} {Type B } 
[7012] 2015/02/18 10:51:17.590 連線確認 E122828927 (21,21)
[7012] 2015/02/18 10:52:17.605 連線確認 E122828927 (21,21)
[7012] 2015/02/18 10:53:17.618 連線確認 E122828927 (21,21)
[7012] 2015/02/18 10:54:17.632 連線確認 E122828927 (21,21)
[7012] 2015/02/18 10:55:17.645 連線確認 E122828927 (21,21)
[7012] 2015/02/18 10:55:51.333 收到 Head 資訊 {Count 2} {Type B } 
[7012] 2015/02/18 10:56:17.659 連線確認 E122828927 (21,21)
[7012] 2015/02/18 10:57:17.671 連線確認 E122828927 (21,21)
[7012] 2015/02/18 10:58:17.686 連線確認 E122828927 (21,21)
[7012] 2015/02/18 10:58:19.758 收到 Head 資訊 {Count 2} {Type C } 
[7012] 2015/02/18 10:58:29.755 收到 Head 資訊 {Count 2} {Type C } 
[7012] 2015/02/18 10:59:17.699 連線確認 E122828927 (21,21)
[7012] 2015/02/18 11:00:17.713 連線確認 E122828927 (21,21)
[7012] 2015/02/18 11:00:52.661 收到 Head 資訊 {Count 2} {Type B } 
[7012] 2015/02/18 11:01:17.726 連線確認 E122828927 (21,21)
[7012] 2015/02/18 11:02:17.740 連線確認 E122828927 (21,21)
[7012] 2015/02/18 11:03:17.753 連線確認 E122828927 (21,21)
[7012] 2015/02/18 11:04:17.768 連線確認 E122828927 (21,21)
[7012] 2015/02/18 11:05:17.781 連線確認 E122828927 (21,21)
[7012] 2015/02/18 11:05:53.659 收到 Head 資訊 {Count 2} {Type B } 
[7012] 2015/02/18 11:06:17.795 連線確認 E122828927 (21,21)
[7012] 2015/02/18 11:07:17.808 連線確認 E122828927 (21,21)
[7012] 2015/02/18 11:08:17.822 連線確認 E122828927 (21,21)
[7012] 2015/02/18 11:09:17.834 連線確認 E122828927 (21,21)
[7012] 2015/02/18 11:10:17.849 連線確認 E122828927 (21,21)
[7012] 2015/02/18 11:10:40.254 收到 Head 資訊 {Count 2} {Type C } 
[7012] 2015/02/18 11:10:54.669 收到 Head 資訊 {Count 2} {Type B } 
[7012] 2015/02/18 11:11:17.862 連線確認 E122828927 (21,21)
[7012] 2015/02/18 11:12:17.876 連線確認 E122828927 (21,21)
[7012] 2015/02/18 11:13:17.892 連線確認 E122828927 (21,21)
[7012] 2015/02/18 11:14:17.902 連線確認 E122828927 (21,21)
[7012] 2015/02/18 11:14:50.369 收到 Head 資訊 {Count 2} {Type C } 
[7012] 2015/02/18 11:15:17.916 連線確認 E122828927 (21,21)
[7012] 2015/02/18 11:15:55.789 收到 Head 資訊 {Count 2} {Type B } 
[7012] 2015/02/18 11:16:17.930 連線確認 E122828927 (21,21)
[7012] 2015/02/18 11:17:17.943 連線確認 E122828927 (21,21)
[7012] 2015/02/18 11:18:17.956 連線確認 E122828927 (21,21)
[7012] 2015/02/18 11:18:40.386 收到 Head 資訊 {Count 2} {Type C } 
[7012] 2015/02/18 11:18:50.376 收到 Head 資訊 {Count 2} {Type C } 
[7012] 2015/02/18 11:19:17.970 連線確認 E122828927 (21,21)
[7012] 2015/02/18 11:20:17.984 連線確認 E122828927 (21,21)
[7012] 2015/02/18 11:20:56.787 收到 Head 資訊 {Count 2} {Type B } 
[7012] 2015/02/18 11:21:17.998 連線確認 E122828927 (21,21)
[7012] 2015/02/18 11:22:18.011 連線確認 E122828927 (21,21)
[7012] 2015/02/18 11:23:18.025 連線確認 E122828927 (21,21)
[7012] 2015/02/18 11:24:18.038 連線確認 E122828927 (21,21)
[7012] 2015/02/18 11:25:18.052 連線確認 E122828927 (21,21)
[7012] 2015/02/18 11:25:57.777 收到 Head 資訊 {Count 2} {Type B } 
[7012] 2015/02/18 11:26:18.067 連線確認 E122828927 (21,21)
[7012] 2015/02/18 11:27:18.079 連線確認 E122828927 (21,21)
[7012] 2015/02/18 11:28:18.093 連線確認 E122828927 (21,21)
[7012] 2015/02/18 11:29:18.107 連線確認 E122828927 (21,21)
[7012] 2015/02/18 11:30:18.121 連線確認 E122828927 (21,21)
[7012] 2015/02/18 11:30:58.789 收到 Head 資訊 {Count 2} {Type B } 
[7012] 2015/02/18 11:31:18.133 連線確認 E122828927 (21,21)
[7012] 2015/02/18 11:32:18.147 連線確認 E122828927 (21,21)
[7012] 2015/02/18 11:33:18.161 連線確認 E122828927 (21,21)
[7012] 2015/02/18 11:34:18.174 連線確認 E122828927 (21,21)
[7012] 2015/02/18 11:35:18.188 連線確認 E122828927 (21,21)
[7012] 2015/02/18 11:35:59.778 收到 Head 資訊 {Count 2} {Type B } 
[7012] 2015/02/18 11:36:18.202 連線確認 E122828927 (21,21)
[7012] 2015/02/18 11:37:18.215 連線確認 E122828927 (21,21)
[7012] 2015/02/18 11:38:18.229 連線確認 E122828927 (21,21)
[7012] 2015/02/18 11:39:18.244 連線確認 E122828927 (21,21)
[7012] 2015/02/18 11:40:18.256 連線確認 E122828927 (21,21)
[7012] 2015/02/18 11:41:00.776 收到 Head 資訊 {Count 2} {Type B } 
[7012] 2015/02/18 11:41:18.269 連線確認 E122828927 (21,21)
[7012] 2015/02/18 11:42:18.284 連線確認 E122828927 (21,21)
[7012] 2015/02/18 11:43:18.297 連線確認 E122828927 (21,21)
[7012] 2015/02/18 11:44:18.310 連線確認 E122828927 (21,21)
[7012] 2015/02/18 11:45:18.323 連線確認 E122828927 (21,21)
[7012] 2015/02/18 11:46:01.771 收到 Head 資訊 {Count 2} {Type B } 
[7012] 2015/02/18 11:46:18.338 連線確認 E122828927 (21,21)
[7012] 2015/02/18 11:47:18.352 連線確認 E122828927 (21,21)
[7012] 2015/02/18 11:48:18.365 連線確認 E122828927 (21,21)
[7012] 2015/02/18 11:49:18.378 連線確認 E122828927 (21,21)
[7012] 2015/02/18 11:50:18.391 連線確認 E122828927 (21,21)
[7012] 2015/02/18 11:51:02.995 收到 Head 資訊 {Count 2} {Type B } 
[7012] 2015/02/18 11:51:18.406 連線確認 E122828927 (21,21)
[7012] 2015/02/18 11:52:18.419 連線確認 E122828927 (21,21)
[7012] 2015/02/18 11:53:18.433 連線確認 E122828927 (21,21)
[7012] 2015/02/18 11:54:18.446 連線確認 E122828927 (21,21)
[7012] 2015/02/18 11:55:18.460 連線確認 E122828927 (21,21)
[7012] 2015/02/18 11:56:03.988 收到 Head 資訊 {Count 2} {Type B } 
[7012] 2015/02/18 11:56:18.474 連線確認 E122828927 (21,21)
[7012] 2015/02/18 11:57:18.487 連線確認 E122828927 (21,21)
[7012] 2015/02/18 11:58:18.502 連線確認 E122828927 (21,21)
[7012] 2015/02/18 11:59:18.514 連線確認 E122828927 (21,21)
[7012] 2015/02/18 12:00:18.527 連線確認 E122828927 (21,21)
[7012] 2015/02/18 12:01:05.000 收到 Head 資訊 {Count 2} {Type B } 
[7012] 2015/02/18 12:01:18.542 連線確認 E122828927 (21,21)
[7012] 2015/02/18 12:02:18.554 連線確認 E122828927 (21,21)
[7012] 2015/02/18 12:03:18.568 連線確認 E122828927 (21,21)
[7012] 2015/02/18 12:04:18.582 連線確認 E122828927 (21,21)
[7012] 2015/02/18 12:05:18.595 連線確認 E122828927 (21,21)
[7012] 2015/02/18 12:06:05.831 收到 Head 資訊 {Count 2} {Type B } 
[7012] 2015/02/18 12:06:18.609 連線確認 E122828927 (21,21)
[7012] 2015/02/18 12:07:18.622 連線確認 E122828927 (21,21)
[7012] 2015/02/18 12:08:18.637 連線確認 E122828927 (21,21)
[7012] 2015/02/18 12:09:18.651 連線確認 E122828927 (21,21)
[7012] 2015/02/18 12:10:18.663 連線確認 E122828927 (21,21)
[7012] 2015/02/18 12:11:06.814 收到 Head 資訊 {Count 2} {Type B } 
[7012] 2015/02/18 12:11:18.677 連線確認 E122828927 (21,21)
[7012] 2015/02/18 12:12:18.691 連線確認 E122828927 (21,21)
[7012] 2015/02/18 12:13:18.705 連線確認 E122828927 (21,21)
[7012] 2015/02/18 12:14:18.718 連線確認 E122828927 (21,21)
[7012] 2015/02/18 12:15:18.733 連線確認 E122828927 (21,21)
[7012] 2015/02/18 12:15:49.868 收到 Head 資訊 {Count 2} {Type D } 
[7012] 2015/02/18 12:16:07.807 收到 Head 資訊 {Count 2} {Type B } 
[7012] 2015/02/18 12:16:18.745 連線確認 E122828927 (21,21)
[7012] 2015/02/18 12:17:18.758 連線確認 E122828927 (21,21)
[7012] 2015/02/18 12:18:18.773 連線確認 E122828927 (21,21)
[7012] 2015/02/18 12:19:18.785 連線確認 E122828927 (21,21)
[7012] 2015/02/18 12:20:18.800 連線確認 E122828927 (21,21)
[7012] 2015/02/18 12:21:08.536 收到 Head 資訊 {Count 2} {Type B } 
[7012] 2015/02/18 12:21:18.813 連線確認 E122828927 (21,21)
[7012] 2015/02/18 12:22:18.827 連線確認 E122828927 (21,21)
[7012] 2015/02/18 12:23:18.840 連線確認 E122828927 (21,21)
[7012] 2015/02/18 12:24:18.854 連線確認 E122828927 (21,21)
[7012] 2015/02/18 12:25:18.867 連線確認 E122828927 (21,21)
[7012] 2015/02/18 12:26:09.539 收到 Head 資訊 {Count 2} {Type B } 
[7012] 2015/02/18 12:26:18.880 連線確認 E122828927 (21,21)
[7012] 2015/02/18 12:27:18.894 連線確認 E122828927 (21,21)
[7012] 2015/02/18 12:28:18.908 連線確認 E122828927 (21,21)
[7012] 2015/02/18 12:29:18.923 連線確認 E122828927 (21,21)
[7012] 2015/02/18 12:30:18.935 連線確認 E122828927 (21,21)
[7012] 2015/02/18 12:30:40.919 收到 Head 資訊 {Count 2} {Type C } 
[7012] 2015/02/18 12:30:50.939 收到 Head 資訊 {Count 2} {Type C } 
[7012] 2015/02/18 12:31:00.925 收到 Head 資訊 {Count 2} {Type C } 
[7012] 2015/02/18 12:31:10.540 收到 Head 資訊 {Count 2} {Type B } 
[7012] 2015/02/18 12:31:18.949 連線確認 E122828927 (21,21)
[7012] 2015/02/18 12:32:18.963 連線確認 E122828927 (21,21)
[7012] 2015/02/18 12:33:18.975 連線確認 E122828927 (21,21)
[7012] 2015/02/18 12:34:18.990 連線確認 E122828927 (21,21)
[7012] 2015/02/18 12:35:19.003 連線確認 E122828927 (21,21)
[7012] 2015/02/18 12:36:11.301 收到 Head 資訊 {Count 2} {Type B } 
[7012] 2015/02/18 12:36:19.017 連線確認 E122828927 (21,21)
[7012] 2015/02/18 12:37:19.030 連線確認 E122828927 (21,21)
[7012] 2015/02/18 12:38:19.044 連線確認 E122828927 (21,21)
[7012] 2015/02/18 12:39:09.591 收到 Head 資訊 {Count 2} {Type C } 
[7012] 2015/02/18 12:39:19.057 連線確認 E122828927 (21,21)
[7012] 2015/02/18 12:39:19.595 收到 Head 資訊 {Count 2} {Type C } 
[7012] 2015/02/18 12:40:19.071 連線確認 E122828927 (21,21)
[7012] 2015/02/18 12:41:12.291 收到 Head 資訊 {Count 2} {Type B } 
[7012] 2015/02/18 12:41:19.085 連線確認 E122828927 (21,21)
[7012] 2015/02/18 12:42:19.099 連線確認 E122828927 (21,21)
[7012] 2015/02/18 12:43:19.112 連線確認 E122828927 (21,21)
[7012] 2015/02/18 12:44:19.126 連線確認 E122828927 (21,21)
[7012] 2015/02/18 12:45:19.140 連線確認 E122828927 (21,21)
[7012] 2015/02/18 12:46:13.282 收到 Head 資訊 {Count 2} {Type B } 
[7012] 2015/02/18 12:46:19.153 連線確認 E122828927 (21,21)
[7012] 2015/02/18 12:46:48.438 收到 Head 資訊 {Count 2} {Type D } 
[7012] 2015/02/18 12:47:19.166 連線確認 E122828927 (21,21)
[7012] 2015/02/18 12:48:19.180 連線確認 E122828927 (21,21)
[7012] 2015/02/18 12:49:19.193 連線確認 E122828927 (21,21)
[7012] 2015/02/18 12:50:19.208 連線確認 E122828927 (21,21)
[7012] 2015/02/18 12:51:14.781 收到 Head 資訊 {Count 2} {Type B } 
[7012] 2015/02/18 12:51:19.220 連線確認 E122828927 (21,21)
[7012] 2015/02/18 12:52:19.235 連線確認 E122828927 (21,21)
[7012] 2015/02/18 12:53:19.248 連線確認 E122828927 (21,21)
[7012] 2015/02/18 12:54:19.260 連線確認 E122828927 (21,21)
[7012] 2015/02/18 12:55:19.275 連線確認 E122828927 (21,21)
[7012] 2015/02/18 12:56:15.773 收到 Head 資訊 {Count 2} {Type B } 
[7012] 2015/02/18 12:56:19.288 連線確認 E122828927 (21,21)
[7012] 2015/02/18 12:57:19.302 連線確認 E122828927 (21,21)
[7012] 2015/02/18 12:58:19.315 連線確認 E122828927 (21,21)
[7012] 2015/02/18 12:59:19.330 連線確認 E122828927 (21,21)
[7012] 2015/02/18 13:00:19.343 連線確認 E122828927 (21,21)
[7012] 2015/02/18 13:01:16.771 收到 Head 資訊 {Count 2} {Type B } 
[7012] 2015/02/18 13:01:19.357 連線確認 E122828927 (21,21)
[7012] 2015/02/18 13:02:19.370 連線確認 E122828927 (21,21)
[7012] 2015/02/18 13:03:19.384 連線確認 E122828927 (21,21)
[7012] 2015/02/18 13:04:19.397 連線確認 E122828927 (21,21)
[7012] 2015/02/18 13:05:19.410 連線確認 E122828927 (21,21)
[7012] 2015/02/18 13:06:17.485 收到 Head 資訊 {Count 2} {Type B } 
[7012] 2015/02/18 13:06:19.424 連線確認 E122828927 (21,21)
[7012] 2015/02/18 13:07:19.439 連線確認 E122828927 (21,21)
[7012] 2015/02/18 13:08:19.451 連線確認 E122828927 (21,21)
[7012] 2015/02/18 13:09:19.465 連線確認 E122828927 (21,21)
[7012] 2015/02/18 13:10:19.478 連線確認 E122828927 (21,21)
[7012] 2015/02/18 13:11:18.477 收到 Head 資訊 {Count 2} {Type B } 
[7012] 2015/02/18 13:11:19.492 連線確認 E122828927 (21,21)
[7012] 2015/02/18 13:12:19.506 連線確認 E122828927 (21,21)
[7012] 2015/02/18 13:13:19.520 連線確認 E122828927 (21,21)
[7012] 2015/02/18 13:14:19.534 連線確認 E122828927 (21,21)
[7012] 2015/02/18 13:15:19.546 連線確認 E122828927 (21,21)
[7012] 2015/02/18 13:16:19.475 收到 Head 資訊 {Count 2} {Type B } 
[7012] 2015/02/18 13:16:19.561 連線確認 E122828927 (21,21)
[7012] 2015/02/18 13:17:19.573 連線確認 E122828927 (21,21)
[7012] 2015/02/18 13:18:19.587 連線確認 E122828927 (21,21)
[7012] 2015/02/18 13:19:19.601 連線確認 E122828927 (21,21)
[7012] 2015/02/18 13:20:19.614 連線確認 E122828927 (21,21)
[7012] 2015/02/18 13:21:19.628 連線確認 E122828927 (21,21)
[7012] 2015/02/18 13:21:20.751 收到 Head 資訊 {Count 2} {Type B } 
[7012] 2015/02/18 13:22:19.642 連線確認 E122828927 (21,21)
[7012] 2015/02/18 13:23:19.656 連線確認 E122828927 (21,21)
[7012] 2015/02/18 13:24:19.669 連線確認 E122828927 (21,21)
[7012] 2015/02/18 13:25:19.682 連線確認 E122828927 (21,21)
[7012] 2015/02/18 13:26:19.696 連線確認 E122828927 (21,21)
[7012] 2015/02/18 13:26:21.756 收到 Head 資訊 {Count 2} {Type B } 
[7012] 2015/02/18 13:27:19.709 連線確認 E122828927 (21,21)
[7012] 2015/02/18 13:28:19.724 連線確認 E122828927 (21,21)
[7012] 2015/02/18 13:29:19.737 連線確認 E122828927 (21,21)
[7012] 2015/02/18 13:30:19.751 連線確認 E122828927 (21,21)
[7012] 2015/02/18 13:30:30.622 收到 Head 資訊 {Count 2} {Type C } 
[7012] 2015/02/18 13:31:19.765 連線確認 E122828927 (21,21)
[7012] 2015/02/18 13:31:22.739 收到 Head 資訊 {Count 2} {Type B } 
[7012] 2015/02/18 13:32:19.777 連線確認 E122828927 (21,21)
[7012] 2015/02/18 13:33:19.792 連線確認 E122828927 (21,21)
[7012] 2015/02/18 13:34:19.805 連線確認 E122828927 (21,21)
[7012] 2015/02/18 13:35:19.819 連線確認 E122828927 (21,21)
[7012] 2015/02/18 13:36:19.833 連線確認 E122828927 (21,21)
[7012] 2015/02/18 13:36:23.007 收到 Head 資訊 {Count 2} {Type B } 
[7012] 2015/02/18 13:37:19.846 連線確認 E122828927 (21,21)
[7012] 2015/02/18 13:38:19.859 連線確認 E122828927 (21,21)
[7012] 2015/02/18 13:39:17.782 收到 Head 資訊 {Count 2} {Type C } 
[7012] 2015/02/18 13:39:19.873 連線確認 E122828927 (21,21)
[7012] 2015/02/18 13:39:27.783 收到 Head 資訊 {Count 2} {Type C } 
[7012] 2015/02/18 13:40:19.885 連線確認 E122828927 (21,21)
[7012] 2015/02/18 13:41:19.901 連線確認 E122828927 (21,21)
[7012] 2015/02/18 13:41:24.009 收到 Head 資訊 {Count 2} {Type B } 
[7012] 2015/02/18 13:42:19.913 連線確認 E122828927 (21,21)
[7012] 2015/02/18 13:43:19.927 連線確認 E122828927 (21,21)
[7012] 2015/02/18 13:44:19.940 連線確認 E122828927 (21,21)
[7012] 2015/02/18 13:45:19.954 連線確認 E122828927 (21,21)
[7012] 2015/02/18 13:46:19.968 連線確認 E122828927 (21,21)
[7012] 2015/02/18 13:46:24.993 收到 Head 資訊 {Count 2} {Type B } 
[7012] 2015/02/18 13:47:19.981 連線確認 E122828927 (21,21)
[7012] 2015/02/18 13:48:19.995 連線確認 E122828927 (21,21)
[7012] 2015/02/18 13:49:20.009 連線確認 E122828927 (21,21)
[7012] 2015/02/18 13:50:20.021 連線確認 E122828927 (21,21)
[7012] 2015/02/18 13:51:20.037 連線確認 E122828927 (21,21)
[7012] 2015/02/18 13:51:26.331 收到 Head 資訊 {Count 2} {Type B } 
[7012] 2015/02/18 13:52:20.050 連線確認 E122828927 (21,21)
[7012] 2015/02/18 13:53:20.064 連線確認 E122828927 (21,21)
[7012] 2015/02/18 13:54:20.076 連線確認 E122828927 (21,21)
[7012] 2015/02/18 13:55:20.089 連線確認 E122828927 (21,21)
[7012] 2015/02/18 13:56:20.104 連線確認 E122828927 (21,21)
[7012] 2015/02/18 13:56:27.319 收到 Head 資訊 {Count 2} {Type B } 
[7012] 2015/02/18 13:57:20.117 連線確認 E122828927 (21,21)
[7012] 2015/02/18 13:58:20.131 連線確認 E122828927 (21,21)
[7012] 2015/02/18 13:59:20.144 連線確認 E122828927 (21,21)
[7012] 2015/02/18 14:00:20.159 連線確認 E122828927 (21,21)
[7012] 2015/02/18 14:01:20.171 連線確認 E122828927 (21,21)
[7012] 2015/02/18 14:01:28.320 收到 Head 資訊 {Count 2} {Type B } 
[7012] 2015/02/18 14:02:20.184 連線確認 E122828927 (21,21)
[7012] 2015/02/18 14:03:20.198 連線確認 E122828927 (21,21)
[7012] 2015/02/18 14:04:20.212 連線確認 E122828927 (21,21)
[7012] 2015/02/18 14:05:20.226 連線確認 E122828927 (21,21)
[7012] 2015/02/18 14:06:20.239 連線確認 E122828927 (21,21)
[7012] 2015/02/18 14:06:29.379 收到 Head 資訊 {Count 2} {Type B } 
[7012] 2015/02/18 14:07:20.253 連線確認 E122828927 (21,21)
[7012] 2015/02/18 14:08:20.267 連線確認 E122828927 (21,21)
[7012] 2015/02/18 14:09:20.280 連線確認 E122828927 (21,21)
[7012] 2015/02/18 14:10:20.295 連線確認 E122828927 (21,21)
[7012] 2015/02/18 14:11:20.307 連線確認 E122828927 (21,21)
[7012] 2015/02/18 14:11:30.379 收到 Head 資訊 {Count 2} {Type B } 
[7012] 2015/02/18 14:12:20.320 連線確認 E122828927 (21,21)
[7012] 2015/02/18 14:13:20.334 連線確認 E122828927 (21,21)
[7012] 2015/02/18 14:14:20.347 連線確認 E122828927 (21,21)
[7012] 2015/02/18 14:15:20.362 連線確認 E122828927 (21,21)
[2752] 2015/02/18 15:26:12.308 API InitInstance 
[2752] 2015/02/18 15:26:12.643 E122828927 連線 Code：0
[2752] 2015/02/18 15:26:13.653 收到 Head 資訊 {Count 2} {Type C } 
[2752] 2015/02/18 15:26:13.656 收到 Head 資訊 {Count 2} {Type C } 
[2752] 2015/02/18 15:26:13.658 收到 Head 資訊 {Count 2} {Type C } 
[2752] 2015/02/18 15:26:13.660 收到 Head 資訊 {Count 2} {Type C } 
[2752] 2015/02/18 15:26:13.662 收到 Head 資訊 {Count 2} {Type C } 
[2752] 2015/02/18 15:26:13.664 收到 Head 資訊 {Count 2} {Type C } 
[2752] 2015/02/18 15:26:13.665 收到 Head 資訊 {Count 2} {Type C } 
[2752] 2015/02/18 15:26:13.667 收到 Head 資訊 {Count 2} {Type C } 
[2752] 2015/02/18 15:26:13.669 收到 Head 資訊 {Count 2} {Type C } 
[2752] 2015/02/18 15:26:13.671 收到 Head 資訊 {Count 2} {Type C } 
[2752] 2015/02/18 15:26:13.673 收到 Head 資訊 {Count 2} {Type C } 
[2752] 2015/02/18 15:26:13.675 收到 Head 資訊 {Count 2} {Type C } 
[2752] 2015/02/18 15:26:13.677 收到 Head 資訊 {Count 2} {Type C } 
[2752] 2015/02/18 15:26:13.679 收到 Head 資訊 {Count 2} {Type C } 
[2752] 2015/02/18 15:26:13.681 收到 Head 資訊 {Count 2} {Type C } 
[2752] 2015/02/18 15:26:13.682 收到 Head 資訊 {Count 2} {Type C } 
[2752] 2015/02/18 15:26:13.684 收到 Head 資訊 {Count 2} {Type C } 
[2752] 2015/02/18 15:26:13.686 收到 Head 資訊 {Count 2} {Type C } 
[2752] 2015/02/18 15:26:13.688 收到 Head 資訊 {Count 2} {Type C } 
[2752] 2015/02/18 15:26:13.689 收到 Head 資訊 {Count 2} {Type C } 
[2752] 2015/02/18 15:26:13.691 收到 Head 資訊 {Count 2} {Type C } 
[2752] 2015/02/18 15:26:13.693 收到 Head 資訊 {Count 2} {Type C } 
[2752] 2015/02/18 15:26:13.695 收到 Head 資訊 {Count 2} {Type C } 
[2752] 2015/02/18 15:26:13.697 收到 Head 資訊 {Count 2} {Type C } 
[2752] 2015/02/18 15:26:13.698 收到 Head 資訊 {Count 2} {Type C } 
[2752] 2015/02/18 15:26:13.700 收到 Head 資訊 {Count 2} {Type C } 
[2752] 2015/02/18 15:26:13.702 收到 Head 資訊 {Count 2} {Type C } 
[2752] 2015/02/18 15:26:13.704 收到 Head 資訊 {Count 2} {Type C } 
[2752] 2015/02/18 15:26:13.706 收到 Head 資訊 {Count 2} {Type C } 
[2752] 2015/02/18 15:26:13.707 收到 Head 資訊 {Count 2} {Type C } 
[2752] 2015/02/18 15:26:13.709 收到 Head 資訊 {Count 2} {Type C } 
[2752] 2015/02/18 15:26:13.711 收到 Head 資訊 {Count 2} {Type C } 
[2752] 2015/02/18 15:26:13.713 收到 Head 資訊 {Count 2} {Type C } 
[2752] 2015/02/18 15:26:13.715 收到 Head 資訊 {Count 2} {Type C } 
[2752] 2015/02/18 15:26:13.716 收到 Head 資訊 {Count 2} {Type C } 
[2752] 2015/02/18 15:26:13.718 收到 Head 資訊 {Count 2} {Type C } 
[2752] 2015/02/18 15:26:13.720 收到 Head 資訊 {Count 2} {Type C } 
[2752] 2015/02/18 15:26:13.721 收到 Head 資訊 {Count 2} {Type C } 
[2752] 2015/02/18 15:26:13.723 收到 Head 資訊 {Count 2} {Type C } 
[2752] 2015/02/18 15:26:13.725 收到 Head 資訊 {Count 2} {Type C } 
[2752] 2015/02/18 15:26:13.727 收到 Head 資訊 {Count 2} {Type C } 
[2752] 2015/02/18 15:26:13.728 收到 Head 資訊 {Count 2} {Type C } 
[2752] 2015/02/18 15:26:13.730 收到 Head 資訊 {Count 2} {Type C } 
[2752] 2015/02/18 15:26:13.732 收到 Head 資訊 {Count 2} {Type C } 
[2752] 2015/02/18 15:26:13.734 收到 Head 資訊 {Count 2} {Type C } 
[2752] 2015/02/18 15:26:13.736 收到 Head 資訊 {Count 2} {Type C } 
[2752] 2015/02/18 15:26:13.738 收到 Head 資訊 {Count 2} {Type C } 
[2752] 2015/02/18 15:26:13.740 收到 Head 資訊 {Count 2} {Type C } 
[2752] 2015/02/18 15:26:13.742 收到 Head 資訊 {Count 2} {Type C } 
[2752] 2015/02/18 15:26:13.743 收到 Head 資訊 {Count 2} {Type C } 
[2752] 2015/02/18 15:26:13.745 收到 Head 資訊 {Count 2} {Type C } 
[2752] 2015/02/18 15:26:13.747 收到 Head 資訊 {Count 2} {Type C } 
[2752] 2015/02/18 15:26:13.749 收到 Head 資訊 {Count 2} {Type C } 
[2752] 2015/02/18 15:26:13.751 收到 Head 資訊 {Count 2} {Type C } 
[2752] 2015/02/18 15:26:13.753 收到 Head 資訊 {Count 2} {Type C } 
[2752] 2015/02/18 15:26:13.754 收到 Head 資訊 {Count 2} {Type C } 
[2752] 2015/02/18 15:26:13.756 收到 Head 資訊 {Count 2} {Type C } 
[2752] 2015/02/18 15:26:13.758 收到 Head 資訊 {Count 2} {Type C } 
[2752] 2015/02/18 15:26:13.760 收到 Head 資訊 {Count 2} {Type C } 
[2752] 2015/02/18 15:26:13.761 收到 Head 資訊 {Count 2} {Type C } 
[2752] 2015/02/18 15:26:13.763 收到 Head 資訊 {Count 2} {Type C } 
[2752] 2015/02/18 15:26:13.765 收到 Head 資訊 {Count 2} {Type C } 
[2752] 2015/02/18 15:26:13.767 收到 Head 資訊 {Count 2} {Type C } 
[2752] 2015/02/18 15:26:13.768 收到 Head 資訊 {Count 2} {Type C } 
[2752] 2015/02/18 15:26:13.770 收到 Head 資訊 {Count 2} {Type C } 
[2752] 2015/02/18 15:26:13.772 收到 Head 資訊 {Count 2} {Type C } 
[2752] 2015/02/18 15:26:13.774 收到 Head 資訊 {Count 2} {Type C } 
[2752] 2015/02/18 15:26:13.776 收到 Head 資訊 {Count 2} {Type C } 
[2752] 2015/02/18 15:26:13.778 收到 Head 資訊 {Count 2} {Type C } 
[2752] 2015/02/18 15:26:13.779 收到 Head 資訊 {Count 2} {Type C } 
[2752] 2015/02/18 15:26:13.781 收到 Head 資訊 {Count 2} {Type C } 
[2752] 2015/02/18 15:26:13.783 收到 Head 資訊 {Count 2} {Type C } 
[2752] 2015/02/18 15:26:13.785 收到 Head 資訊 {Count 2} {Type C } 
[2752] 2015/02/18 15:26:13.786 收到 Head 資訊 {Count 2} {Type C } 
[2752] 2015/02/18 15:26:13.788 收到 Head 資訊 {Count 2} {Type C } 
[2752] 2015/02/18 15:26:13.790 收到 Head 資訊 {Count 2} {Type C } 
[2752] 2015/02/18 15:26:13.792 收到 Head 資訊 {Count 2} {Type C } 
[2752] 2015/02/18 15:26:13.793 收到 Head 資訊 {Count 2} {Type C } 
[2752] 2015/02/18 15:26:13.795 收到 Head 資訊 {Count 2} {Type C } 
[2752] 2015/02/18 15:26:13.797 收到 Head 資訊 {Count 2} {Type C } 
[2752] 2015/02/18 15:26:13.799 收到 Head 資訊 {Count 2} {Type C } 
[2752] 2015/02/18 15:26:13.800 收到 Head 資訊 {Count 2} {Type C } 
[2752] 2015/02/18 15:26:13.802 收到 Head 資訊 {Count 2} {Type C } 
[2752] 2015/02/18 15:26:13.804 收到 Head 資訊 {Count 2} {Type C } 
[2752] 2015/02/18 15:26:13.806 收到 Head 資訊 {Count 2} {Type C } 
[2752] 2015/02/18 15:26:13.807 收到 Head 資訊 {Count 2} {Type C } 
[2752] 2015/02/18 15:26:13.809 收到 Head 資訊 {Count 2} {Type C } 
[2752] 2015/02/18 15:26:13.811 收到 Head 資訊 {Count 2} {Type C } 
[2752] 2015/02/18 15:26:13.813 收到 Head 資訊 {Count 2} {Type C } 
[2752] 2015/02/18 15:26:13.814 收到 Head 資訊 {Count 2} {Type C } 
[2752] 2015/02/18 15:26:13.816 收到 Head 資訊 {Count 2} {Type C } 
[2752] 2015/02/18 15:26:13.818 收到 Head 資訊 {Count 2} {Type C } 
[2752] 2015/02/18 15:26:13.820 收到 Head 資訊 {Count 2} {Type C } 
[2752] 2015/02/18 15:26:13.821 收到 Head 資訊 {Count 2} {Type C } 
[2752] 2015/02/18 15:26:13.823 收到 Head 資訊 {Count 2} {Type C } 
[2752] 2015/02/18 15:26:13.825 收到 Head 資訊 {Count 2} {Type C } 
[2752] 2015/02/18 15:26:13.827 收到 Head 資訊 {Count 2} {Type C } 
[2752] 2015/02/18 15:26:13.828 收到 Head 資訊 {Count 2} {Type C } 
[2752] 2015/02/18 15:26:13.830 收到 Head 資訊 {Count 2} {Type C } 
[2752] 2015/02/18 15:26:13.832 收到 Head 資訊 {Count 2} {Type C } 
[2752] 2015/02/18 15:26:13.834 收到 Head 資訊 {Count 2} {Type C } 
[2752] 2015/02/18 15:26:13.835 收到 Head 資訊 {Count 2} {Type C } 
[2752] 2015/02/18 15:26:13.837 收到 Head 資訊 {Count 2} {Type C } 
[2752] 2015/02/18 15:26:13.840 收到 Head 資訊 {Count 2} {Type C } 
[2752] 2015/02/18 15:26:13.842 收到 Head 資訊 {Count 2} {Type C } 
[2752] 2015/02/18 15:26:13.843 收到 Head 資訊 {Count 2} {Type C } 
[2752] 2015/02/18 15:26:13.845 收到 Head 資訊 {Count 2} {Type C } 
[2752] 2015/02/18 15:26:13.847 收到 Head 資訊 {Count 2} {Type C } 
[2752] 2015/02/18 15:26:13.849 收到 Head 資訊 {Count 2} {Type C } 
[2752] 2015/02/18 15:26:13.851 收到 Head 資訊 {Count 2} {Type C } 
[2752] 2015/02/18 15:26:13.853 收到 Head 資訊 {Count 2} {Type C } 
[2752] 2015/02/18 15:26:13.854 收到 Head 資訊 {Count 2} {Type C } 
[2752] 2015/02/18 15:26:13.856 收到 Head 資訊 {Count 2} {Type C } 
[2752] 2015/02/18 15:26:13.858 收到 Head 資訊 {Count 2} {Type C } 
[2752] 2015/02/18 15:26:13.860 收到 Head 資訊 {Count 2} {Type D } 
[2752] 2015/02/18 15:26:13.861 收到 Head 資訊 {Count 2} {Type C } 
[2752] 2015/02/18 15:26:13.863 收到 Head 資訊 {Count 2} {Type C } 
[2752] 2015/02/18 15:26:13.865 收到 Head 資訊 {Count 2} {Type C } 
[2752] 2015/02/18 15:26:13.866 收到 Head 資訊 {Count 2} {Type C } 
[2752] 2015/02/18 15:26:13.868 收到 Head 資訊 {Count 2} {Type D } 
[2752] 2015/02/18 15:26:13.870 收到 Head 資訊 {Count 2} {Type C } 
[2752] 2015/02/18 15:26:13.872 收到 Head 資訊 {Count 2} {Type C } 
[2752] 2015/02/18 15:26:13.873 收到 Head 資訊 {Count 2} {Type D } 
[2752] 2015/02/18 15:26:13.875 收到 Head 資訊 {Count 2} {Type C } 
[2752] 2015/02/18 15:26:13.877 收到 Head 資訊 {Count 2} {Type C } 
[2752] 2015/02/18 15:26:13.879 收到 Head 資訊 {Count 2} {Type C } 
[2752] 2015/02/18 15:26:13.881 收到 Head 資訊 {Count 2} {Type C } 
[2752] 2015/02/18 15:26:13.882 收到 Head 資訊 {Count 2} {Type C } 
[2752] 2015/02/18 15:26:13.884 收到 Head 資訊 {Count 2} {Type C } 
[2752] 2015/02/18 15:26:13.886 收到 Head 資訊 {Count 2} {Type C } 
[2752] 2015/02/18 15:26:13.888 收到 Head 資訊 {Count 2} {Type D } 
[2752] 2015/02/18 15:26:13.890 收到 Head 資訊 {Count 2} {Type C } 
[2752] 2015/02/18 15:26:13.891 收到 Head 資訊 {Count 2} {Type C } 
[2752] 2015/02/18 15:26:13.893 收到 Head 資訊 {Count 2} {Type C } 
[2752] 2015/02/18 15:26:13.895 收到 Head 資訊 {Count 2} {Type C } 
[2752] 2015/02/18 15:26:13.897 收到 Head 資訊 {Count 2} {Type C } 
[2752] 2015/02/18 15:26:13.899 收到 Head 資訊 {Count 2} {Type D } 
[2752] 2015/02/18 15:26:13.900 收到 Head 資訊 {Count 2} {Type C } 
[2752] 2015/02/18 15:26:13.902 收到 Head 資訊 {Count 2} {Type C } 
[2752] 2015/02/18 15:26:13.904 收到 Head 資訊 {Count 2} {Type C } 
[2752] 2015/02/18 15:26:13.906 收到 Head 資訊 {Count 2} {Type C } 
[2752] 2015/02/18 15:26:13.907 收到 Head 資訊 {Count 2} {Type C } 
[2752] 2015/02/18 15:26:13.909 收到 Head 資訊 {Count 2} {Type C } 
[2752] 2015/02/18 15:26:13.911 收到 Head 資訊 {Count 2} {Type B } 
[2752] 2015/02/18 15:27:12.620 連線確認 E122828927 (21,21)
[2752] 2015/02/18 15:28:12.632 連線確認 E122828927 (21,21)
[2752] 2015/02/18 15:29:12.646 連線確認 E122828927 (21,21)
[2752] 2015/02/18 15:30:12.660 連線確認 E122828927 (21,21)
[2752] 2015/02/18 15:31:12.674 連線確認 E122828927 (21,21)
[2752] 2015/02/18 15:31:13.189 收到 Head 資訊 {Count 2} {Type B } 
[2752] 2015/02/18 15:32:12.688 連線確認 E122828927 (21,21)
[2752] 2015/02/18 15:33:12.700 連線確認 E122828927 (21,21)
[2752] 2015/02/18 15:34:12.714 連線確認 E122828927 (21,21)
[2752] 2015/02/18 15:35:12.727 連線確認 E122828927 (21,21)
[2752] 2015/02/18 15:36:12.741 連線確認 E122828927 (21,21)
[2752] 2015/02/18 15:36:14.208 收到 Head 資訊 {Count 2} {Type B } 
[2752] 2015/02/18 15:37:12.755 連線確認 E122828927 (21,21)
[2752] 2015/02/18 15:38:12.769 連線確認 E122828927 (21,21)
[2752] 2015/02/18 15:39:12.782 連線確認 E122828927 (21,21)
[2752] 2015/02/18 15:40:12.795 連線確認 E122828927 (21,21)
[2752] 2015/02/18 15:41:12.810 連線確認 E122828927 (21,21)
[2752] 2015/02/18 15:41:15.163 收到 Head 資訊 {Count 2} {Type B } 
[2752] 2015/02/18 15:42:12.824 連線確認 E122828927 (21,21)
[2752] 2015/02/18 15:43:12.837 連線確認 E122828927 (21,21)
[2752] 2015/02/18 15:44:12.850 連線確認 E122828927 (21,21)
[2752] 2015/02/18 15:45:12.863 連線確認 E122828927 (21,21)
[2752] 2015/02/18 15:46:12.878 連線確認 E122828927 (21,21)
[2752] 2015/02/18 15:46:16.172 收到 Head 資訊 {Count 2} {Type B } 
[2752] 2015/02/18 15:47:12.891 連線確認 E122828927 (21,21)
[2752] 2015/02/18 15:48:12.906 連線確認 E122828927 (21,21)
[2752] 2015/02/18 15:49:12.919 連線確認 E122828927 (21,21)
[2752] 2015/02/18 15:50:12.932 連線確認 E122828927 (21,21)
[2752] 2015/02/18 15:51:12.946 連線確認 E122828927 (21,21)
[2752] 2015/02/18 15:51:17.185 收到 Head 資訊 {Count 2} {Type B } 
[2752] 2015/02/18 15:52:12.959 連線確認 E122828927 (21,21)
[2752] 2015/02/18 15:53:12.973 連線確認 E122828927 (21,21)
[2752] 2015/02/18 15:54:12.987 連線確認 E122828927 (21,21)
[2752] 2015/02/18 15:55:13.000 連線確認 E122828927 (21,21)
[2752] 2015/02/18 15:56:13.014 連線確認 E122828927 (21,21)
[2752] 2015/02/18 15:56:18.348 收到 Head 資訊 {Count 2} {Type B } 
[2752] 2015/02/18 15:57:13.026 連線確認 E122828927 (21,21)
[2752] 2015/02/18 15:58:13.041 連線確認 E122828927 (21,21)
[2752] 2015/02/18 15:59:13.054 連線確認 E122828927 (21,21)
[2752] 2015/02/18 16:00:13.067 連線確認 E122828927 (21,21)
[2752] 2015/02/18 16:01:13.082 連線確認 E122828927 (21,21)
[2752] 2015/02/18 16:01:19.350 收到 Head 資訊 {Count 2} {Type B } 
[2752] 2015/02/18 16:02:13.095 連線確認 E122828927 (21,21)
[2752] 2015/02/18 16:03:13.109 連線確認 E122828927 (21,21)
[2752] 2015/02/18 16:04:13.122 連線確認 E122828927 (21,21)
[2752] 2015/02/18 16:05:13.137 連線確認 E122828927 (21,21)
[2752] 2015/02/18 16:06:13.149 連線確認 E122828927 (21,21)
[2752] 2015/02/18 16:06:20.360 收到 Head 資訊 {Count 2} {Type B } 
[2752] 2015/02/18 16:07:13.163 連線確認 E122828927 (21,21)
[2752] 2015/02/18 16:08:13.177 連線確認 E122828927 (21,21)
[2752] 2015/02/18 16:09:13.190 連線確認 E122828927 (21,21)
[2752] 2015/02/18 16:10:13.204 連線確認 E122828927 (21,21)
[2752] 2015/02/18 16:11:13.218 連線確認 E122828927 (21,21)
[2752] 2015/02/18 16:11:21.812 收到 Head 資訊 {Count 2} {Type B } 
[2752] 2015/02/18 16:12:13.230 連線確認 E122828927 (21,21)
[2752] 2015/02/18 16:13:13.245 連線確認 E122828927 (21,21)
[2752] 2015/02/18 16:14:13.258 連線確認 E122828927 (21,21)
[2752] 2015/02/18 16:14:48.425 收到 Head 資訊 {Count 2} {Type C } 
[2752] 2015/02/18 16:15:13.272 連線確認 E122828927 (21,21)
[2752] 2015/02/18 16:16:13.285 連線確認 E122828927 (21,21)
[2752] 2015/02/18 16:16:22.817 收到 Head 資訊 {Count 2} {Type B } 
[2752] 2015/02/18 16:17:13.299 連線確認 E122828927 (21,21)
[2752] 2015/02/18 16:18:13.312 連線確認 E122828927 (21,21)
[2752] 2015/02/18 16:19:13.325 連線確認 E122828927 (21,21)
[2752] 2015/02/18 16:19:38.445 收到 Head 資訊 {Count 2} {Type C } 
[2752] 2015/02/18 16:19:48.438 收到 Head 資訊 {Count 2} {Type C } 
[2752] 2015/02/18 16:20:13.340 連線確認 E122828927 (21,21)
[2752] 2015/02/18 16:21:13.353 連線確認 E122828927 (21,21)
[2752] 2015/02/18 16:21:23.833 收到 Head 資訊 {Count 2} {Type B } 
[2752] 2015/02/18 16:22:18.569 連線確認 E122828927 (21,21)
[2752] 2015/02/18 16:23:18.512 連線確認 E122828927 (21,21)
[2752] 2015/02/18 16:24:18.526 連線確認 E122828927 (21,21)
[2752] 2015/02/18 16:25:18.540 連線確認 E122828927 (21,21)
[2752] 2015/02/18 16:26:18.553 連線確認 E122828927 (21,21)
[2752] 2015/02/18 16:26:24.624 收到 Head 資訊 {Count 2} {Type B } 
[2752] 2015/02/18 16:27:18.568 連線確認 E122828927 (21,21)
[2752] 2015/02/18 16:28:18.580 連線確認 E122828927 (21,21)
[2752] 2015/02/18 16:29:18.595 連線確認 E122828927 (21,21)
[2752] 2015/02/18 16:29:28.467 收到 Head 資訊 {Count 2} {Type C } 
[2752] 2015/02/18 16:30:18.607 連線確認 E122828927 (21,21)
[2752] 2015/02/18 16:31:18.620 連線確認 E122828927 (21,21)
[2752] 2015/02/18 16:31:25.636 收到 Head 資訊 {Count 2} {Type B } 
[2752] 2015/02/18 16:32:18.636 連線確認 E122828927 (21,21)
[2752] 2015/02/18 16:33:18.648 連線確認 E122828927 (21,21)
[2752] 2015/02/18 16:34:18.663 連線確認 E122828927 (21,21)
[2752] 2015/02/18 16:35:18.675 連線確認 E122828927 (21,21)
[2752] 2015/02/18 16:36:18.689 連線確認 E122828927 (21,21)
[2752] 2015/02/18 16:36:26.637 收到 Head 資訊 {Count 2} {Type B } 
[2752] 2015/02/18 16:37:18.702 連線確認 E122828927 (21,21)
[2752] 2015/02/18 16:38:18.717 連線確認 E122828927 (21,21)
[2752] 2015/02/18 16:39:18.730 連線確認 E122828927 (21,21)
[2752] 2015/02/18 16:39:48.542 收到 Head 資訊 {Count 2} {Type C } 
[2752] 2015/02/18 16:39:58.547 收到 Head 資訊 {Count 2} {Type C } 
[2752] 2015/02/18 16:40:18.743 連線確認 E122828927 (21,21)
[2752] 2015/02/18 16:41:18.757 連線確認 E122828927 (21,21)
[2752] 2015/02/18 16:41:27.808 收到 Head 資訊 {Count 2} {Type B } 
[2752] 2015/02/18 16:42:18.770 連線確認 E122828927 (21,21)
[2752] 2015/02/18 16:43:18.785 連線確認 E122828927 (21,21)
[2752] 2015/02/18 16:44:18.798 連線確認 E122828927 (21,21)
[2752] 2015/02/18 16:45:18.811 連線確認 E122828927 (21,21)
[2752] 2015/02/18 16:46:18.826 連線確認 E122828927 (21,21)
[2752] 2015/02/18 16:46:28.820 收到 Head 資訊 {Count 2} {Type B } 
[2752] 2015/02/18 16:47:18.839 連線確認 E122828927 (21,21)
[2752] 2015/02/18 16:48:18.851 連線確認 E122828927 (21,21)
[2752] 2015/02/18 16:49:18.865 連線確認 E122828927 (21,21)
[2752] 2015/02/18 16:50:18.879 連線確認 E122828927 (21,21)
[2752] 2015/02/18 16:51:18.894 連線確認 E122828927 (21,21)
[2752] 2015/02/18 16:51:29.826 收到 Head 資訊 {Count 2} {Type B } 
[2752] 2015/02/18 16:52:18.906 連線確認 E122828927 (21,21)
[2752] 2015/02/18 16:53:18.919 連線確認 E122828927 (21,21)
[2752] 2015/02/18 16:54:18.935 連線確認 E122828927 (21,21)
[2752] 2015/02/18 16:55:18.947 連線確認 E122828927 (21,21)
[2752] 2015/02/18 16:56:18.962 連線確認 E122828927 (21,21)
[2752] 2015/02/18 16:56:30.985 收到 Head 資訊 {Count 2} {Type B } 
[2752] 2015/02/18 16:57:18.974 連線確認 E122828927 (21,21)
[2752] 2015/02/18 16:58:18.987 連線確認 E122828927 (21,21)
[2752] 2015/02/18 16:59:19.001 連線確認 E122828927 (21,21)
[2752] 2015/02/18 17:00:19.015 連線確認 E122828927 (21,21)
[2752] 2015/02/18 17:01:19.030 連線確認 E122828927 (21,21)
[2752] 2015/02/18 17:01:31.994 收到 Head 資訊 {Count 2} {Type B } 
[2752] 2015/02/18 17:02:19.042 連線確認 E122828927 (21,21)
[2752] 2015/02/18 17:03:19.056 連線確認 E122828927 (21,21)
[2752] 2015/02/18 17:04:09.176 收到 Head 資訊 {Count 2} {Type C } 
[2752] 2015/02/18 17:04:19.070 連線確認 E122828927 (21,21)
[2752] 2015/02/18 17:05:19.082 連線確認 E122828927 (21,21)
[2752] 2015/02/18 17:06:19.097 連線確認 E122828927 (21,21)
[2752] 2015/02/18 17:06:33.001 收到 Head 資訊 {Count 2} {Type B } 
[2752] 2015/02/18 17:07:19.110 連線確認 E122828927 (21,21)
[2752] 2015/02/18 17:08:19.124 連線確認 E122828927 (21,21)
[2752] 2015/02/18 17:09:19.094 收到 Head 資訊 {Count 2} {Type C } 
[2752] 2015/02/18 17:09:19.137 連線確認 E122828927 (21,21)
[2752] 2015/02/18 17:09:29.095 收到 Head 資訊 {Count 2} {Type C } 
[2752] 2015/02/18 17:10:19.150 連線確認 E122828927 (21,21)
[2752] 2015/02/18 17:11:19.165 連線確認 E122828927 (21,21)
[2752] 2015/02/18 17:11:33.918 收到 Head 資訊 {Count 2} {Type B } 
[2752] 2015/02/18 17:12:19.179 連線確認 E122828927 (21,21)
[2752] 2015/02/18 17:13:19.193 連線確認 E122828927 (21,21)
[2752] 2015/02/18 17:14:19.206 連線確認 E122828927 (21,21)
[2752] 2015/02/18 17:15:19.219 連線確認 E122828927 (21,21)
[2752] 2015/02/18 17:16:19.232 連線確認 E122828927 (21,21)
[2752] 2015/02/18 17:16:34.930 收到 Head 資訊 {Count 2} {Type B } 
[2752] 2015/02/18 17:17:19.246 連線確認 E122828927 (21,21)
[2752] 2015/02/18 17:18:19.261 連線確認 E122828927 (21,21)
[2752] 2015/02/18 17:19:19.274 連線確認 E122828927 (21,21)
[2752] 2015/02/18 17:20:19.287 連線確認 E122828927 (21,21)
[2752] 2015/02/18 17:21:19.301 連線確認 E122828927 (21,21)
[2752] 2015/02/18 17:21:35.942 收到 Head 資訊 {Count 2} {Type B } 
[2752] 2015/02/18 17:22:19.313 連線確認 E122828927 (21,21)
[2752] 2015/02/18 17:23:19.328 連線確認 E122828927 (21,21)
[2752] 2015/02/18 17:23:29.392 收到 Head 資訊 {Count 2} {Type C } 
[2752] 2015/02/18 17:23:59.392 收到 Head 資訊 {Count 2} {Type C } 
[2752] 2015/02/18 17:24:09.397 收到 Head 資訊 {Count 2} {Type C } 
[2752] 2015/02/18 17:24:19.341 連線確認 E122828927 (21,21)
[2752] 2015/02/18 17:25:19.354 連線確認 E122828927 (21,21)
[2752] 2015/02/18 17:26:19.369 連線確認 E122828927 (21,21)
[2752] 2015/02/18 17:26:36.988 收到 Head 資訊 {Count 2} {Type B } 
[2752] 2015/02/18 17:27:19.382 連線確認 E122828927 (21,21)
[2752] 2015/02/18 17:28:19.396 連線確認 E122828927 (21,21)
[2752] 2015/02/18 17:29:19.410 連線確認 E122828927 (21,21)
[2752] 2015/02/18 17:30:19.423 連線確認 E122828927 (21,21)
[2752] 2015/02/18 17:31:19.436 連線確認 E122828927 (21,21)
[2752] 2015/02/18 17:31:38.007 收到 Head 資訊 {Count 2} {Type B } 
[2752] 2015/02/18 17:32:19.450 連線確認 E122828927 (21,21)
[2752] 2015/02/18 17:33:19.464 連線確認 E122828927 (21,21)
[2752] 2015/02/18 17:33:29.637 收到 Head 資訊 {Count 2} {Type C } 
[2752] 2015/02/18 17:33:39.638 收到 Head 資訊 {Count 2} {Type C } 
[2752] 2015/02/18 17:34:19.477 連線確認 E122828927 (21,21)
[2752] 2015/02/18 17:35:19.490 連線確認 E122828927 (21,21)
[2752] 2015/02/18 17:36:19.504 連線確認 E122828927 (21,21)
[2752] 2015/02/18 17:36:39.016 收到 Head 資訊 {Count 2} {Type B } 
[2752] 2015/02/18 17:37:19.518 連線確認 E122828927 (21,21)
[2752] 2015/02/18 17:38:19.531 連線確認 E122828927 (21,21)
[2752] 2015/02/18 17:38:59.625 收到 Head 資訊 {Count 2} {Type C } 
[2752] 2015/02/18 17:39:09.621 收到 Head 資訊 {Count 2} {Type C } 
[2752] 2015/02/18 17:39:19.544 連線確認 E122828927 (21,21)
[2752] 2015/02/18 17:40:19.559 連線確認 E122828927 (21,21)
[2752] 2015/02/18 17:41:19.572 連線確認 E122828927 (21,21)
[2752] 2015/02/18 17:41:39.994 收到 Head 資訊 {Count 2} {Type B } 
[2752] 2015/02/18 17:42:19.587 連線確認 E122828927 (21,21)
[2752] 2015/02/18 17:43:19.599 連線確認 E122828927 (21,21)
[2752] 2015/02/18 17:44:19.612 連線確認 E122828927 (21,21)
[2752] 2015/02/18 17:45:19.627 連線確認 E122828927 (21,21)
[2752] 2015/02/18 17:46:19.640 連線確認 E122828927 (21,21)
[2752] 2015/02/18 17:46:40.998 收到 Head 資訊 {Count 2} {Type B } 
[2752] 2015/02/18 17:47:19.655 連線確認 E122828927 (21,21)
[2752] 2015/02/18 17:48:19.668 連線確認 E122828927 (21,21)
[2752] 2015/02/18 17:49:19.681 連線確認 E122828927 (21,21)
[2752] 2015/02/18 17:50:19.695 連線確認 E122828927 (21,21)
[2752] 2015/02/18 17:51:19.707 連線確認 E122828927 (21,21)
[2752] 2015/02/18 17:51:42.014 收到 Head 資訊 {Count 2} {Type B } 
[2752] 2015/02/18 17:52:19.722 連線確認 E122828927 (21,21)
[2752] 2015/02/18 17:53:19.735 連線確認 E122828927 (21,21)
[2752] 2015/02/18 17:54:00.351 收到 Head 資訊 {Count 2} {Type C } 
[2752] 2015/02/18 17:54:00.556 收到 Head 資訊 {Count 2} {Type C } 
[2752] 2015/02/18 17:54:19.749 連線確認 E122828927 (21,21)
[2752] 2015/02/18 17:55:19.763 連線確認 E122828927 (21,21)
[2752] 2015/02/18 17:56:19.775 連線確認 E122828927 (21,21)
[2752] 2015/02/18 17:56:43.025 收到 Head 資訊 {Count 2} {Type B } 
[2752] 2015/02/18 17:57:19.789 連線確認 E122828927 (21,21)
[2752] 2015/02/18 17:58:19.803 連線確認 E122828927 (21,21)
[2752] 2015/02/18 17:59:19.817 連線確認 E122828927 (21,21)
[2752] 2015/02/18 18:00:19.831 連線確認 E122828927 (21,21)
[2752] 2015/02/18 18:01:19.844 連線確認 E122828927 (21,21)
[2752] 2015/02/18 18:01:44.037 收到 Head 資訊 {Count 2} {Type B } 
[2752] 2015/02/18 18:02:19.858 連線確認 E122828927 (21,21)
[2752] 2015/02/18 18:02:50.107 收到 Head 資訊 {Count 2} {Type C } 
[2752] 2015/02/18 18:03:19.871 連線確認 E122828927 (21,21)
[2752] 2015/02/18 18:04:19.886 連線確認 E122828927 (21,21)
[2752] 2015/02/18 18:05:19.898 連線確認 E122828927 (21,21)
[2752] 2015/02/18 18:06:19.912 連線確認 E122828927 (21,21)
[2752] 2015/02/18 18:06:45.046 收到 Head 資訊 {Count 2} {Type B } 
[2752] 2015/02/18 18:07:19.925 連線確認 E122828927 (21,21)
[2752] 2015/02/18 18:08:00.127 收到 Head 資訊 {Count 2} {Type C } 
[2752] 2015/02/18 18:08:19.939 連線確認 E122828927 (21,21)
[2752] 2015/02/18 18:08:30.128 收到 Head 資訊 {Count 2} {Type C } 
[2752] 2015/02/18 18:08:40.130 收到 Head 資訊 {Count 2} {Type C } 
[2752] 2015/02/18 18:09:19.952 連線確認 E122828927 (21,21)
[2752] 2015/02/18 18:10:19.967 連線確認 E122828927 (21,21)
[2752] 2015/02/18 18:11:19.979 連線確認 E122828927 (21,21)
[2752] 2015/02/18 18:11:45.287 收到 Head 資訊 {Count 2} {Type B } 
[2752] 2015/02/18 18:12:19.993 連線確認 E122828927 (21,21)
[2752] 2015/02/18 18:13:20.006 連線確認 E122828927 (21,21)
[2752] 2015/02/18 18:14:20.020 連線確認 E122828927 (21,21)
[2752] 2015/02/18 18:15:20.033 連線確認 E122828927 (21,21)
[2752] 2015/02/18 18:16:20.049 連線確認 E122828927 (21,21)
[2752] 2015/02/18 18:16:46.295 收到 Head 資訊 {Count 2} {Type B } 
[2752] 2015/02/18 18:17:20.061 連線確認 E122828927 (21,21)
[2752] 2015/02/18 18:18:20.075 連線確認 E122828927 (21,21)
[2752] 2015/02/18 18:19:20.088 連線確認 E122828927 (21,21)
[2752] 2015/02/18 18:20:20.113 連線確認 E122828927 (21,21)
[2752] 2015/02/18 18:21:20.115 連線確認 E122828927 (21,21)
[2752] 2015/02/18 18:21:47.297 收到 Head 資訊 {Count 2} {Type B } 
[2752] 2015/02/18 18:22:20.130 連線確認 E122828927 (21,21)
[2752] 2015/02/18 18:23:09.604 收到 Head 資訊 {Count 2} {Type C } 
[2752] 2015/02/18 18:23:19.602 收到 Head 資訊 {Count 2} {Type C } 
[2752] 2015/02/18 18:23:20.143 連線確認 E122828927 (21,21)
[2752] 2015/02/18 18:24:20.157 連線確認 E122828927 (21,21)
[2752] 2015/02/18 18:25:20.170 連線確認 E122828927 (21,21)
[2752] 2015/02/18 18:26:20.183 連線確認 E122828927 (21,21)
[2752] 2015/02/18 18:26:49.072 收到 Head 資訊 {Count 2} {Type B } 
[2752] 2015/02/18 18:27:20.197 連線確認 E122828927 (21,21)
[2752] 2015/02/18 18:28:20.210 連線確認 E122828927 (21,21)
[2752] 2015/02/18 18:29:20.224 連線確認 E122828927 (21,21)
[2752] 2015/02/18 18:30:20.237 連線確認 E122828927 (21,21)
[2752] 2015/02/18 18:31:20.252 連線確認 E122828927 (21,21)
[2752] 2015/02/18 18:31:50.085 收到 Head 資訊 {Count 2} {Type B } 
[2752] 2015/02/18 18:32:10.580 收到 Head 資訊 {Count 2} {Type C } 
[2752] 2015/02/18 18:32:20.265 連線確認 E122828927 (21,21)
[2752] 2015/02/18 18:33:20.279 連線確認 E122828927 (21,21)
[2752] 2015/02/18 18:34:20.293 連線確認 E122828927 (21,21)
[2752] 2015/02/18 18:35:20.305 連線確認 E122828927 (21,21)
[2752] 2015/02/18 18:36:20.320 連線確認 E122828927 (21,21)
[2752] 2015/02/18 18:36:51.089 收到 Head 資訊 {Count 2} {Type B } 
[2752] 2015/02/18 18:37:20.333 連線確認 E122828927 (21,21)
[2752] 2015/02/18 18:38:00.606 收到 Head 資訊 {Count 2} {Type C } 
[2752] 2015/02/18 18:38:10.607 收到 Head 資訊 {Count 2} {Type C } 
[2752] 2015/02/18 18:38:20.347 連線確認 E122828927 (21,21)
[2752] 2015/02/18 18:39:20.360 連線確認 E122828927 (21,21)
[2752] 2015/02/18 18:40:20.374 連線確認 E122828927 (21,21)
[2752] 2015/02/18 18:41:20.388 連線確認 E122828927 (21,21)
[2752] 2015/02/18 18:41:51.512 收到 Head 資訊 {Count 2} {Type B } 
[2752] 2015/02/18 18:42:20.400 連線確認 E122828927 (21,21)
[2752] 2015/02/18 18:43:00.536 收到 Head 資訊 {Count 2} {Type D } 
[2752] 2015/02/18 18:43:20.415 連線確認 E122828927 (21,21)
[2752] 2015/02/18 18:44:20.429 連線確認 E122828927 (21,21)
[2752] 2015/02/18 18:45:20.441 連線確認 E122828927 (21,21)
[2752] 2015/02/18 18:46:20.455 連線確認 E122828927 (21,21)
[2752] 2015/02/18 18:46:52.521 收到 Head 資訊 {Count 2} {Type B } 
[2752] 2015/02/18 18:47:20.470 連線確認 E122828927 (21,21)
[2752] 2015/02/18 18:48:20.483 連線確認 E122828927 (21,21)
[2752] 2015/02/18 18:49:20.495 連線確認 E122828927 (21,21)
[2752] 2015/02/18 18:50:20.510 連線確認 E122828927 (21,21)
[2752] 2015/02/18 18:51:20.524 連線確認 E122828927 (21,21)
[2752] 2015/02/18 18:51:53.534 收到 Head 資訊 {Count 2} {Type B } 
[2752] 2015/02/18 18:52:10.252 收到 Head 資訊 {Count 2} {Type C } 
[2752] 2015/02/18 18:52:20.537 連線確認 E122828927 (21,21)
[2752] 2015/02/18 18:52:40.254 收到 Head 資訊 {Count 2} {Type C } 
[2752] 2015/02/18 18:52:50.260 收到 Head 資訊 {Count 2} {Type C } 
[2752] 2015/02/18 18:53:20.550 連線確認 E122828927 (21,21)
[2752] 2015/02/18 18:54:20.564 連線確認 E122828927 (21,21)
[2752] 2015/02/18 18:55:20.578 連線確認 E122828927 (21,21)
[2752] 2015/02/18 18:56:20.592 連線確認 E122828927 (21,21)
[2752] 2015/02/18 18:56:54.235 收到 Head 資訊 {Count 2} {Type B } 
[2752] 2015/02/18 18:57:20.604 連線確認 E122828927 (21,21)
[2752] 2015/02/18 18:58:20.618 連線確認 E122828927 (21,21)
[2752] 2015/02/18 18:59:20.632 連線確認 E122828927 (21,21)
[2752] 2015/02/18 19:00:20.645 連線確認 E122828927 (21,21)
[2752] 2015/02/18 19:01:20.659 連線確認 E122828927 (21,21)
[2752] 2015/02/18 19:01:55.257 收到 Head 資訊 {Count 2} {Type B } 
[2752] 2015/02/18 19:02:20.672 連線確認 E122828927 (21,21)
[2752] 2015/02/18 19:03:20.686 連線確認 E122828927 (21,21)
[2752] 2015/02/18 19:04:20.699 連線確認 E122828927 (21,21)
[2752] 2015/02/18 19:05:20.714 連線確認 E122828927 (21,21)
[2752] 2015/02/18 19:06:20.727 連線確認 E122828927 (21,21)
[2752] 2015/02/18 19:06:56.253 收到 Head 資訊 {Count 2} {Type B } 
[2752] 2015/02/18 19:07:20.740 連線確認 E122828927 (21,21)
[2752] 2015/02/18 19:08:20.754 連線確認 E122828927 (21,21)
[2752] 2015/02/18 19:09:20.768 連線確認 E122828927 (21,21)
[2752] 2015/02/18 19:10:20.781 連線確認 E122828927 (21,21)
[2752] 2015/02/18 19:11:20.794 連線確認 E122828927 (21,21)
[2752] 2015/02/18 19:11:57.557 收到 Head 資訊 {Count 2} {Type B } 
[2752] 2015/02/18 19:12:20.808 連線確認 E122828927 (21,21)
[2752] 2015/02/18 19:13:20.822 連線確認 E122828927 (21,21)
[2752] 2015/02/18 19:14:20.835 連線確認 E122828927 (21,21)
[2752] 2015/02/18 19:15:20.850 連線確認 E122828927 (21,21)
[2752] 2015/02/18 19:16:20.863 連線確認 E122828927 (21,21)
[2752] 2015/02/18 19:16:58.567 收到 Head 資訊 {Count 2} {Type B } 
[2752] 2015/02/18 19:17:20.877 連線確認 E122828927 (21,21)
[2752] 2015/02/18 19:18:20.889 連線確認 E122828927 (21,21)
[2752] 2015/02/18 19:19:20.903 連線確認 E122828927 (21,21)
[2752] 2015/02/18 19:20:20.917 連線確認 E122828927 (21,21)
[2752] 2015/02/18 19:21:20.930 連線確認 E122828927 (21,21)
[2752] 2015/02/18 19:21:59.574 收到 Head 資訊 {Count 2} {Type B } 
[2752] 2015/02/18 19:22:20.945 連線確認 E122828927 (21,21)
[2752] 2015/02/18 19:23:20.958 連線確認 E122828927 (21,21)
[2752] 2015/02/18 19:24:20.971 連線確認 E122828927 (21,21)
[2752] 2015/02/18 19:25:20.986 連線確認 E122828927 (21,21)
[2752] 2015/02/18 19:26:20.999 連線確認 E122828927 (21,21)
[2752] 2015/02/18 19:27:00.387 收到 Head 資訊 {Count 2} {Type B } 
[2752] 2015/02/18 19:27:21.013 連線確認 E122828927 (21,21)
[2752] 2015/02/18 19:28:21.026 連線確認 E122828927 (21,21)
[2752] 2015/02/18 19:29:21.039 連線確認 E122828927 (21,21)
[2752] 2015/02/18 19:30:21.054 連線確認 E122828927 (21,21)
[2752] 2015/02/18 19:31:21.066 連線確認 E122828927 (21,21)
[2752] 2015/02/18 19:32:01.395 收到 Head 資訊 {Count 2} {Type B } 
[2752] 2015/02/18 19:32:21.080 連線確認 E122828927 (21,21)
[2752] 2015/02/18 19:33:21.093 連線確認 E122828927 (21,21)
[2752] 2015/02/18 19:34:21.108 連線確認 E122828927 (21,21)
[2752] 2015/02/18 19:35:21.120 連線確認 E122828927 (21,21)
[2752] 2015/02/18 19:36:21.134 連線確認 E122828927 (21,21)
[2752] 2015/02/18 19:37:02.404 收到 Head 資訊 {Count 2} {Type B } 
[2752] 2015/02/18 19:37:21.148 連線確認 E122828927 (21,21)
[2752] 2015/02/18 19:38:21.161 連線確認 E122828927 (21,21)
[2752] 2015/02/18 19:39:21.176 連線確認 E122828927 (21,21)
[2752] 2015/02/18 19:40:21.189 連線確認 E122828927 (21,21)
[2752] 2015/02/18 19:41:21.202 連線確認 E122828927 (21,21)
[2752] 2015/02/18 19:42:03.572 收到 Head 資訊 {Count 2} {Type B } 
[2752] 2015/02/18 19:42:21.217 連線確認 E122828927 (21,21)
[2752] 2015/02/18 19:43:21.229 連線確認 E122828927 (21,21)
[2752] 2015/02/18 19:44:21.243 連線確認 E122828927 (21,21)
[2752] 2015/02/18 19:45:21.256 連線確認 E122828927 (21,21)
[2752] 2015/02/18 19:46:21.269 連線確認 E122828927 (21,21)
[2752] 2015/02/18 19:47:04.586 收到 Head 資訊 {Count 2} {Type B } 
[2752] 2015/02/18 19:47:21.284 連線確認 E122828927 (21,21)
[2752] 2015/02/18 19:48:21.297 連線確認 E122828927 (21,21)
[2752] 2015/02/18 19:49:21.311 連線確認 E122828927 (21,21)
[2752] 2015/02/18 19:50:21.325 連線確認 E122828927 (21,21)
[2752] 2015/02/18 19:51:21.339 連線確認 E122828927 (21,21)
[2752] 2015/02/18 19:52:05.591 收到 Head 資訊 {Count 2} {Type B } 
[2752] 2015/02/18 19:52:21.351 連線確認 E122828927 (21,21)
[2752] 2015/02/18 19:53:21.365 連線確認 E122828927 (21,21)
[2752] 2015/02/18 19:54:21.380 連線確認 E122828927 (21,21)
[2752] 2015/02/18 19:55:21.392 連線確認 E122828927 (21,21)
[2752] 2015/02/18 19:56:21.406 連線確認 E122828927 (21,21)
[2752] 2015/02/18 19:57:06.354 收到 Head 資訊 {Count 2} {Type B } 
[2752] 2015/02/18 19:57:21.420 連線確認 E122828927 (21,21)
[2752] 2015/02/18 19:58:21.433 連線確認 E122828927 (21,21)
[2752] 2015/02/18 19:59:21.447 連線確認 E122828927 (21,21)
[2752] 2015/02/18 20:00:21.460 連線確認 E122828927 (21,21)
[2752] 2015/02/18 20:01:21.475 連線確認 E122828927 (21,21)
[2752] 2015/02/18 20:02:07.373 收到 Head 資訊 {Count 2} {Type B } 
[2752] 2015/02/18 20:02:21.488 連線確認 E122828927 (21,21)
[2752] 2015/02/18 20:03:21.501 連線確認 E122828927 (21,21)
[2752] 2015/02/18 20:04:21.515 連線確認 E122828927 (21,21)
[2752] 2015/02/18 20:05:21.529 連線確認 E122828927 (21,21)
[2752] 2015/02/18 20:06:21.543 連線確認 E122828927 (21,21)
[2752] 2015/02/18 20:07:08.373 收到 Head 資訊 {Count 2} {Type B } 
[2752] 2015/02/18 20:07:21.556 連線確認 E122828927 (21,21)
[2752] 2015/02/18 20:08:21.569 連線確認 E122828927 (21,21)
[2752] 2015/02/18 20:09:21.583 連線確認 E122828927 (21,21)
[2752] 2015/02/18 20:10:21.596 連線確認 E122828927 (21,21)
[2752] 2015/02/18 20:11:21.611 連線確認 E122828927 (21,21)
[2752] 2015/02/18 20:12:09.378 收到 Head 資訊 {Count 2} {Type B } 
[2752] 2015/02/18 20:12:21.623 連線確認 E122828927 (21,21)
[2752] 2015/02/18 20:13:21.637 連線確認 E122828927 (21,21)
[2752] 2015/02/18 20:14:21.650 連線確認 E122828927 (21,21)
[2752] 2015/02/18 20:15:21.664 連線確認 E122828927 (21,21)
[2752] 2015/02/18 20:16:21.678 連線確認 E122828927 (21,21)
[2752] 2015/02/18 20:17:10.395 收到 Head 資訊 {Count 2} {Type B } 
[2752] 2015/02/18 20:17:21.691 連線確認 E122828927 (21,21)
[2752] 2015/02/18 20:18:21.705 連線確認 E122828927 (21,21)
[2752] 2015/02/18 20:19:21.719 連線確認 E122828927 (21,21)
[2752] 2015/02/18 20:20:21.732 連線確認 E122828927 (21,21)
[2752] 2015/02/18 20:21:21.745 連線確認 E122828927 (21,21)
[2752] 2015/02/18 20:22:11.406 收到 Head 資訊 {Count 2} {Type B } 
[2752] 2015/02/18 20:22:21.759 連線確認 E122828927 (21,21)
[2752] 2015/02/18 20:23:21.774 連線確認 E122828927 (21,21)
[2752] 2015/02/18 20:24:21.788 連線確認 E122828927 (21,21)
[2752] 2015/02/18 20:25:21.800 連線確認 E122828927 (21,21)
[2752] 2015/02/18 20:26:21.814 連線確認 E122828927 (21,21)
[2752] 2015/02/18 20:27:12.412 收到 Head 資訊 {Count 2} {Type B } 
[2752] 2015/02/18 20:27:21.826 連線確認 E122828927 (21,21)
[2752] 2015/02/18 20:28:21.841 連線確認 E122828927 (21,21)
[2752] 2015/02/18 20:29:21.854 連線確認 E122828927 (21,21)
[2752] 2015/02/18 20:30:21.869 連線確認 E122828927 (21,21)
[2752] 2015/02/18 20:31:21.881 連線確認 E122828927 (21,21)
[2752] 2015/02/18 20:32:14.149 收到 Head 資訊 {Count 2} {Type B } 
[2752] 2015/02/18 20:32:21.895 連線確認 E122828927 (21,21)
[2752] 2015/02/18 20:33:21.908 連線確認 E122828927 (21,21)
[2752] 2015/02/18 20:34:21.922 連線確認 E122828927 (21,21)
[2752] 2015/02/18 20:35:21.937 連線確認 E122828927 (21,21)
[2752] 2015/02/18 20:36:21.950 連線確認 E122828927 (21,21)
[2752] 2015/02/18 20:37:15.155 收到 Head 資訊 {Count 2} {Type B } 
[2752] 2015/02/18 20:37:21.963 連線確認 E122828927 (21,21)
[2752] 2015/02/18 20:38:21.977 連線確認 E122828927 (21,21)
[2752] 2015/02/18 20:39:21.990 連線確認 E122828927 (21,21)
[2752] 2015/02/18 20:40:22.004 連線確認 E122828927 (21,21)
[2752] 2015/02/18 20:41:22.016 連線確認 E122828927 (21,21)
[2752] 2015/02/18 20:42:16.170 收到 Head 資訊 {Count 2} {Type B } 
[2752] 2015/02/18 20:42:22.032 連線確認 E122828927 (21,21)
[2752] 2015/02/18 20:43:22.045 連線確認 E122828927 (21,21)
[2752] 2015/02/18 20:44:22.058 連線確認 E122828927 (21,21)
[2752] 2015/02/18 20:45:22.072 連線確認 E122828927 (21,21)
[2752] 2015/02/18 20:46:22.084 連線確認 E122828927 (21,21)
[2752] 2015/02/18 20:47:16.324 收到 Head 資訊 {Count 2} {Type B } 
[2752] 2015/02/18 20:47:22.099 連線確認 E122828927 (21,21)
[2752] 2015/02/18 20:48:22.112 連線確認 E122828927 (21,21)
[2752] 2015/02/18 20:49:22.127 連線確認 E122828927 (21,21)
[2752] 2015/02/18 20:50:22.139 連線確認 E122828927 (21,21)
[2752] 2015/02/18 20:51:22.154 連線確認 E122828927 (21,21)
[2752] 2015/02/18 20:52:17.334 收到 Head 資訊 {Count 2} {Type B } 
[2752] 2015/02/18 20:52:22.167 連線確認 E122828927 (21,21)
[2752] 2015/02/18 20:53:22.180 連線確認 E122828927 (21,21)
[2752] 2015/02/18 20:54:22.195 連線確認 E122828927 (21,21)
[2752] 2015/02/18 20:55:22.208 連線確認 E122828927 (21,21)
[2752] 2015/02/18 20:56:22.222 連線確認 E122828927 (21,21)
[2752] 2015/02/18 20:57:18.341 收到 Head 資訊 {Count 2} {Type B } 
[2752] 2015/02/18 20:57:22.236 連線確認 E122828927 (21,21)
[2752] 2015/02/18 20:58:22.248 連線確認 E122828927 (21,21)
[2752] 2015/02/18 20:59:22.263 連線確認 E122828927 (21,21)
[2752] 2015/02/18 21:00:22.276 連線確認 E122828927 (21,21)
[2752] 2015/02/18 21:01:22.290 連線確認 E122828927 (21,21)
[2752] 2015/02/18 21:02:19.530 收到 Head 資訊 {Count 2} {Type B } 
[2752] 2015/02/18 21:02:22.302 連線確認 E122828927 (21,21)
[2752] 2015/02/18 21:03:22.316 連線確認 E122828927 (21,21)
[2752] 2015/02/18 21:04:22.330 連線確認 E122828927 (21,21)
[2752] 2015/02/18 21:05:22.343 連線確認 E122828927 (21,21)
[2752] 2015/02/18 21:06:22.357 連線確認 E122828927 (21,21)
[2752] 2015/02/18 21:07:20.541 收到 Head 資訊 {Count 2} {Type B } 
[2752] 2015/02/18 21:07:22.371 連線確認 E122828927 (21,21)
[2752] 2015/02/18 21:08:22.384 連線確認 E122828927 (21,21)
[2752] 2015/02/18 21:09:22.398 連線確認 E122828927 (21,21)
[2752] 2015/02/18 21:10:22.411 連線確認 E122828927 (21,21)
[2752] 2015/02/18 21:11:22.426 連線確認 E122828927 (21,21)
[2752] 2015/02/18 21:12:21.546 收到 Head 資訊 {Count 2} {Type B } 
[2752] 2015/02/18 21:12:22.438 連線確認 E122828927 (21,21)
[2752] 2015/02/18 21:13:22.453 連線確認 E122828927 (21,21)
[2752] 2015/02/18 21:14:22.466 連線確認 E122828927 (21,21)
[2752] 2015/02/18 21:15:22.479 連線確認 E122828927 (21,21)
[2752] 2015/02/18 21:16:22.494 連線確認 E122828927 (21,21)
[2752] 2015/02/18 21:17:22.506 連線確認 E122828927 (21,21)
[2752] 2015/02/18 21:17:22.907 收到 Head 資訊 {Count 2} {Type B } 
[2752] 2015/02/18 21:18:22.520 連線確認 E122828927 (21,21)
[2752] 2015/02/18 21:19:22.534 連線確認 E122828927 (21,21)
[2752] 2015/02/18 21:20:22.547 連線確認 E122828927 (21,21)
[2752] 2015/02/18 21:21:22.561 連線確認 E122828927 (21,21)
[2752] 2015/02/18 21:22:22.574 連線確認 E122828927 (21,21)
[2752] 2015/02/18 21:22:23.914 收到 Head 資訊 {Count 2} {Type B } 
[2752] 2015/02/18 21:23:22.588 連線確認 E122828927 (21,21)
[2752] 2015/02/18 21:24:22.601 連線確認 E122828927 (21,21)
[2752] 2015/02/18 21:25:22.616 連線確認 E122828927 (21,21)
[2752] 2015/02/18 21:26:22.629 連線確認 E122828927 (21,21)
[2752] 2015/02/18 21:27:22.642 連線確認 E122828927 (21,21)
[2752] 2015/02/18 21:27:24.921 收到 Head 資訊 {Count 2} {Type B } 
[2752] 2015/02/18 21:28:22.657 連線確認 E122828927 (21,21)
[2752] 2015/02/18 21:29:22.670 連線確認 E122828927 (21,21)
[2752] 2015/02/18 21:30:22.684 連線確認 E122828927 (21,21)
[2752] 2015/02/18 21:31:22.696 連線確認 E122828927 (21,21)
[2752] 2015/02/18 21:32:22.710 連線確認 E122828927 (21,21)
[2752] 2015/02/18 21:32:26.172 收到 Head 資訊 {Count 2} {Type B } 
[2752] 2015/02/18 21:33:22.723 連線確認 E122828927 (21,21)
[2752] 2015/02/18 21:34:22.737 連線確認 E122828927 (21,21)
[2752] 2015/02/18 21:35:22.751 連線確認 E122828927 (21,21)
[2752] 2015/02/18 21:36:22.764 連線確認 E122828927 (21,21)
[2752] 2015/02/18 21:37:22.779 連線確認 E122828927 (21,21)
[2752] 2015/02/18 21:37:27.184 收到 Head 資訊 {Count 2} {Type B } 
[2752] 2015/02/18 21:38:22.792 連線確認 E122828927 (21,21)
[2752] 2015/02/18 21:39:22.805 連線確認 E122828927 (21,21)
[2752] 2015/02/18 21:40:22.818 連線確認 E122828927 (21,21)
[2752] 2015/02/18 21:41:22.832 連線確認 E122828927 (21,21)
[2752] 2015/02/18 21:42:22.847 連線確認 E122828927 (21,21)
[2752] 2015/02/18 21:42:28.193 收到 Head 資訊 {Count 2} {Type B } 
[2752] 2015/02/18 21:43:22.859 連線確認 E122828927 (21,21)
[2752] 2015/02/18 21:44:22.873 連線確認 E122828927 (21,21)
[2752] 2015/02/18 21:45:22.887 連線確認 E122828927 (21,21)
[2752] 2015/02/18 21:46:22.901 連線確認 E122828927 (21,21)
[2752] 2015/02/18 21:47:22.918 連線確認 E122828927 (21,21)
[2752] 2015/02/18 21:47:28.545 收到 Head 資訊 {Count 2} {Type B } 
[2752] 2015/02/18 21:48:22.927 連線確認 E122828927 (21,21)
[2752] 2015/02/18 21:49:22.941 連線確認 E122828927 (21,21)
[2752] 2015/02/18 21:50:22.954 連線確認 E122828927 (21,21)
[2752] 2015/02/18 21:51:22.969 連線確認 E122828927 (21,21)
[2752] 2015/02/18 21:52:22.982 連線確認 E122828927 (21,21)
[2752] 2015/02/18 21:52:29.549 收到 Head 資訊 {Count 2} {Type B } 
[2752] 2015/02/18 21:53:22.996 連線確認 E122828927 (21,21)
[2752] 2015/02/18 21:54:23.009 連線確認 E122828927 (21,21)
[2752] 2015/02/18 21:55:23.023 連線確認 E122828927 (21,21)
[2752] 2015/02/18 21:56:23.036 連線確認 E122828927 (21,21)
[2752] 2015/02/18 21:57:23.051 連線確認 E122828927 (21,21)
[2752] 2015/02/18 21:57:30.563 收到 Head 資訊 {Count 2} {Type B } 
[2752] 2015/02/18 21:58:23.081 連線確認 E122828927 (21,21)
[2752] 2015/02/18 21:59:23.078 連線確認 E122828927 (21,21)
[2752] 2015/02/18 22:00:23.090 連線確認 E122828927 (21,21)
[2752] 2015/02/18 22:01:23.104 連線確認 E122828927 (21,21)
[2752] 2015/02/18 22:02:23.119 連線確認 E122828927 (21,21)
[2752] 2015/02/18 22:02:31.573 收到 Head 資訊 {Count 2} {Type B } 
[2752] 2015/02/18 22:03:23.132 連線確認 E122828927 (21,21)
[2752] 2015/02/18 22:04:23.145 連線確認 E122828927 (21,21)
[2752] 2015/02/18 22:05:23.158 連線確認 E122828927 (21,21)
[2752] 2015/02/18 22:06:23.172 連線確認 E122828927 (21,21)
[2752] 2015/02/18 22:07:23.185 連線確認 E122828927 (21,21)
[2752] 2015/02/18 22:07:33.054 收到 Head 資訊 {Count 2} {Type B } 
[2752] 2015/02/18 22:08:23.200 連線確認 E122828927 (21,21)
[2752] 2015/02/18 22:09:23.213 連線確認 E122828927 (21,21)
[2752] 2015/02/18 22:10:23.227 連線確認 E122828927 (21,21)
[2752] 2015/02/18 22:11:23.239 連線確認 E122828927 (21,21)
[2752] 2015/02/18 22:12:23.254 連線確認 E122828927 (21,21)
[2752] 2015/02/18 22:12:34.065 收到 Head 資訊 {Count 2} {Type B } 
[2752] 2015/02/18 22:13:23.268 連線確認 E122828927 (21,21)
[2752] 2015/02/18 22:14:23.281 連線確認 E122828927 (21,21)
[2752] 2015/02/18 22:15:23.295 連線確認 E122828927 (21,21)
[2752] 2015/02/18 22:16:23.307 連線確認 E122828927 (21,21)
[2752] 2015/02/18 22:17:23.321 連線確認 E122828927 (21,21)
[2752] 2015/02/18 22:17:35.077 收到 Head 資訊 {Count 2} {Type B } 
[2752] 2015/02/18 22:18:23.334 連線確認 E122828927 (21,21)
[2752] 2015/02/18 22:19:23.349 連線確認 E122828927 (21,21)
[2752] 2015/02/18 22:20:23.362 連線確認 E122828927 (21,21)
[2752] 2015/02/18 22:21:23.375 連線確認 E122828927 (21,21)
[2752] 2015/02/18 22:22:23.389 連線確認 E122828927 (21,21)
[2752] 2015/02/18 22:22:35.404 收到 Head 資訊 {Count 2} {Type B } 
[2752] 2015/02/18 22:23:23.403 連線確認 E122828927 (21,21)
[2752] 2015/02/18 22:24:23.417 連線確認 E122828927 (21,21)
[2752] 2015/02/18 22:25:23.431 連線確認 E122828927 (21,21)
[2752] 2015/02/18 22:26:23.444 連線確認 E122828927 (21,21)
[2752] 2015/02/18 22:27:23.458 連線確認 E122828927 (21,21)
[2752] 2015/02/18 22:27:36.420 收到 Head 資訊 {Count 2} {Type B } 
[2752] 2015/02/18 22:28:23.470 連線確認 E122828927 (21,21)
[2752] 2015/02/18 22:29:23.485 連線確認 E122828927 (21,21)
[2752] 2015/02/18 22:30:23.499 連線確認 E122828927 (21,21)
[2752] 2015/02/18 22:31:23.512 連線確認 E122828927 (21,21)
[2752] 2015/02/18 22:32:23.525 連線確認 E122828927 (21,21)
[2752] 2015/02/18 22:32:37.420 收到 Head 資訊 {Count 2} {Type B } 
[2752] 2015/02/18 22:33:23.538 連線確認 E122828927 (21,21)
[2752] 2015/02/18 22:34:23.554 連線確認 E122828927 (21,21)
[2752] 2015/02/18 22:35:23.567 連線確認 E122828927 (21,21)
[2752] 2015/02/18 22:36:23.580 連線確認 E122828927 (21,21)
[2752] 2015/02/18 22:37:23.594 連線確認 E122828927 (21,21)
[2752] 2015/02/18 22:37:38.243 收到 Head 資訊 {Count 2} {Type B } 
[2752] 2015/02/18 22:38:23.606 連線確認 E122828927 (21,21)
[2752] 2015/02/18 22:39:23.620 連線確認 E122828927 (21,21)
[2752] 2015/02/18 22:40:23.634 連線確認 E122828927 (21,21)
[2752] 2015/02/18 22:41:23.649 連線確認 E122828927 (21,21)
[2752] 2015/02/18 22:42:23.662 連線確認 E122828927 (21,21)
[2752] 2015/02/18 22:42:39.247 收到 Head 資訊 {Count 2} {Type B } 
[2752] 2015/02/18 22:43:23.675 連線確認 E122828927 (21,21)
[2752] 2015/02/18 22:44:23.689 連線確認 E122828927 (21,21)
[2752] 2015/02/18 22:45:23.702 連線確認 E122828927 (21,21)
[2752] 2015/02/18 22:46:23.716 連線確認 E122828927 (21,21)
[2752] 2015/02/18 22:47:23.729 連線確認 E122828927 (21,21)
[2752] 2015/02/18 22:47:40.256 收到 Head 資訊 {Count 2} {Type B } 
[2752] 2015/02/18 22:48:23.743 連線確認 E122828927 (21,21)
[2752] 2015/02/18 22:49:23.756 連線確認 E122828927 (21,21)
[2752] 2015/02/18 22:50:23.770 連線確認 E122828927 (21,21)
[2752] 2015/02/18 22:51:23.784 連線確認 E122828927 (21,21)
[2752] 2015/02/18 22:52:23.797 連線確認 E122828927 (21,21)
[2752] 2015/02/18 22:52:41.553 收到 Head 資訊 {Count 2} {Type B } 
[2752] 2015/02/18 22:53:23.810 連線確認 E122828927 (21,21)
[2752] 2015/02/18 22:54:23.825 連線確認 E122828927 (21,21)
[2752] 2015/02/18 22:55:23.837 連線確認 E122828927 (21,21)
[2752] 2015/02/18 22:56:23.852 連線確認 E122828927 (21,21)
[2752] 2015/02/18 22:57:23.865 連線確認 E122828927 (21,21)
[2752] 2015/02/18 22:57:42.560 收到 Head 資訊 {Count 2} {Type B } 
[2752] 2015/02/18 22:58:23.879 連線確認 E122828927 (21,21)
[2752] 2015/02/18 22:59:23.892 連線確認 E122828927 (21,21)
[2752] 2015/02/18 23:00:23.905 連線確認 E122828927 (21,21)
[2752] 2015/02/18 23:01:23.920 連線確認 E122828927 (21,21)
[2752] 2015/02/18 23:02:23.933 連線確認 E122828927 (21,21)
[2752] 2015/02/18 23:02:43.567 收到 Head 資訊 {Count 2} {Type B } 
[2752] 2015/02/18 23:03:23.946 連線確認 E122828927 (21,21)
[2752] 2015/02/18 23:04:23.961 連線確認 E122828927 (21,21)
[2752] 2015/02/18 23:05:23.974 連線確認 E122828927 (21,21)
[2752] 2015/02/18 23:06:23.987 連線確認 E122828927 (21,21)
[2752] 2015/02/18 23:07:24.000 連線確認 E122828927 (21,21)
[2752] 2015/02/18 23:07:44.325 收到 Head 資訊 {Count 2} {Type B } 
[2752] 2015/02/18 23:08:24.014 連線確認 E122828927 (21,21)
[2752] 2015/02/18 23:09:24.028 連線確認 E122828927 (21,21)
[2752] 2015/02/18 23:10:24.041 連線確認 E122828927 (21,21)
[2752] 2015/02/18 23:11:24.055 連線確認 E122828927 (21,21)
[2752] 2015/02/18 23:12:24.069 連線確認 E122828927 (21,21)
[2752] 2015/02/18 23:12:45.329 收到 Head 資訊 {Count 2} {Type B } 
[2752] 2015/02/18 23:13:24.084 連線確認 E122828927 (21,21)
[2752] 2015/02/18 23:14:24.096 連線確認 E122828927 (21,21)
[2752] 2015/02/18 23:15:24.109 連線確認 E122828927 (21,21)
[2752] 2015/02/18 23:16:24.123 連線確認 E122828927 (21,21)
[2752] 2015/02/18 23:17:24.136 連線確認 E122828927 (21,21)
[2752] 2015/02/18 23:17:46.338 收到 Head 資訊 {Count 2} {Type B } 
[2752] 2015/02/18 23:18:24.150 連線確認 E122828927 (21,21)
[2752] 2015/02/18 23:19:24.163 連線確認 E122828927 (21,21)
[2752] 2015/02/18 23:20:24.177 連線確認 E122828927 (21,21)
[2752] 2015/02/18 23:21:24.192 連線確認 E122828927 (21,21)
[2752] 2015/02/18 23:22:24.205 連線確認 E122828927 (21,21)
[2752] 2015/02/18 23:22:47.492 收到 Head 資訊 {Count 2} {Type B } 
[2752] 2015/02/18 23:23:24.218 連線確認 E122828927 (21,21)
[2752] 2015/02/18 23:24:24.232 連線確認 E122828927 (21,21)
[2752] 2015/02/18 23:25:24.245 連線確認 E122828927 (21,21)
[2752] 2015/02/18 23:26:24.259 連線確認 E122828927 (21,21)
[2752] 2015/02/18 23:27:24.272 連線確認 E122828927 (21,21)
[2752] 2015/02/18 23:27:48.499 收到 Head 資訊 {Count 2} {Type B } 
[2752] 2015/02/18 23:28:24.286 連線確認 E122828927 (21,21)
[2752] 2015/02/18 23:29:24.299 連線確認 E122828927 (21,21)
[2752] 2015/02/18 23:30:24.313 連線確認 E122828927 (21,21)
[2752] 2015/02/18 23:31:24.326 連線確認 E122828927 (21,21)
[2752] 2015/02/18 23:32:24.341 連線確認 E122828927 (21,21)
[2752] 2015/02/18 23:32:49.506 收到 Head 資訊 {Count 2} {Type B } 
[2752] 2015/02/18 23:33:24.354 連線確認 E122828927 (21,21)
[2752] 2015/02/18 23:34:24.368 連線確認 E122828927 (21,21)
[2752] 2015/02/18 23:35:24.382 連線確認 E122828927 (21,21)
[2752] 2015/02/18 23:36:24.395 連線確認 E122828927 (21,21)
[2752] 2015/02/18 23:37:24.408 連線確認 E122828927 (21,21)
[2752] 2015/02/18 23:37:50.786 收到 Head 資訊 {Count 2} {Type B } 
[2752] 2015/02/18 23:38:24.423 連線確認 E122828927 (21,21)
[2752] 2015/02/18 23:39:24.435 連線確認 E122828927 (21,21)
[2752] 2015/02/18 23:40:24.449 連線確認 E122828927 (21,21)
[2752] 2015/02/18 23:41:24.462 連線確認 E122828927 (21,21)
[2752] 2015/02/18 23:42:24.477 連線確認 E122828927 (21,21)
[2752] 2015/02/18 23:42:51.796 收到 Head 資訊 {Count 2} {Type B } 
[2752] 2015/02/18 23:43:24.490 連線確認 E122828927 (21,21)
[2752] 2015/02/18 23:44:24.503 連線確認 E122828927 (21,21)
[2752] 2015/02/18 23:45:24.517 連線確認 E122828927 (21,21)
[2752] 2015/02/18 23:46:24.530 連線確認 E122828927 (21,21)
[2752] 2015/02/18 23:47:24.544 連線確認 E122828927 (21,21)
[2752] 2015/02/18 23:47:52.805 收到 Head 資訊 {Count 2} {Type B } 
[2752] 2015/02/18 23:48:24.557 連線確認 E122828927 (21,21)
[2752] 2015/02/18 23:49:24.572 連線確認 E122828927 (21,21)
[2752] 2015/02/18 23:50:24.586 連線確認 E122828927 (21,21)
[2752] 2015/02/18 23:51:24.598 連線確認 E122828927 (21,21)
[2752] 2015/02/18 23:52:24.613 連線確認 E122828927 (21,21)
[2752] 2015/02/18 23:52:53.988 收到 Head 資訊 {Count 2} {Type B } 
[2752] 2015/02/18 23:53:24.626 連線確認 E122828927 (21,21)
[2752] 2015/02/18 23:54:24.638 連線確認 E122828927 (21,21)
[2752] 2015/02/18 23:55:24.654 連線確認 E122828927 (21,21)
[2752] 2015/02/18 23:56:24.667 連線確認 E122828927 (21,21)
[2752] 2015/02/18 23:57:24.681 連線確認 E122828927 (21,21)
[2752] 2015/02/18 23:57:55.001 收到 Head 資訊 {Count 2} {Type B } 
[2752] 2015/02/18 23:58:24.693 連線確認 E122828927 (21,21)
[2752] 2015/02/18 23:59:24.708 連線確認 E122828927 (21,21)
[2752] 2015/02/19 00:00:24.721 連線確認 E122828927 (21,21)
[2752] 2015/02/19 00:01:24.733 連線確認 E122828927 (21,21)
[2752] 2015/02/19 00:02:24.748 連線確認 E122828927 (21,21)
[2752] 2015/02/19 00:02:56.014 收到 Head 資訊 {Count 2} {Type B } 
[2752] 2015/02/19 00:03:24.762 連線確認 E122828927 (21,21)
[2752] 2015/02/19 00:04:24.775 連線確認 E122828927 (21,21)
[2752] 2015/02/19 00:05:24.789 連線確認 E122828927 (21,21)
[2752] 2015/02/19 00:06:24.802 連線確認 E122828927 (21,21)
[2752] 2015/02/19 00:07:24.817 連線確認 E122828927 (21,21)
[2752] 2015/02/19 00:07:56.832 收到 Head 資訊 {Count 2} {Type B } 
[2752] 2015/02/19 00:08:24.829 連線確認 E122828927 (21,21)
[2752] 2015/02/19 00:09:24.842 連線確認 E122828927 (21,21)
[2752] 2015/02/19 00:10:24.857 連線確認 E122828927 (21,21)
[2752] 2015/02/19 00:11:24.869 連線確認 E122828927 (21,21)
[2752] 2015/02/19 00:12:24.885 連線確認 E122828927 (21,21)
[2752] 2015/02/19 00:12:57.746 收到 Head 資訊 {Count 2} {Type B } 
[2752] 2015/02/19 00:13:24.897 連線確認 E122828927 (21,21)
[2752] 2015/02/19 00:14:24.911 連線確認 E122828927 (21,21)
[2752] 2015/02/19 00:15:24.924 連線確認 E122828927 (21,21)
[2752] 2015/02/19 00:16:24.938 連線確認 E122828927 (21,21)
[2752] 2015/02/19 00:17:24.952 連線確認 E122828927 (21,21)
[2752] 2015/02/19 00:17:58.751 收到 Head 資訊 {Count 2} {Type B } 
[2752] 2015/02/19 00:18:24.964 連線確認 E122828927 (21,21)
[2752] 2015/02/19 00:19:24.979 連線確認 E122828927 (21,21)
[2752] 2015/02/19 00:20:34.007 連線確認 E122828927 (21,21)
[2752] 2015/02/19 00:21:33.508 連線確認 E122828927 (21,21)
[2752] 2015/02/19 00:22:33.522 連線確認 E122828927 (21,21)
[2752] 2015/02/19 00:23:00.269 收到 Head 資訊 {Count 2} {Type B } 
[2752] 2015/02/19 00:23:33.536 連線確認 E122828927 (21,21)
[2752] 2015/02/19 00:24:33.548 連線確認 E122828927 (21,21)
[2752] 2015/02/19 00:25:33.563 連線確認 E122828927 (21,21)
[2752] 2015/02/19 00:26:33.575 連線確認 E122828927 (21,21)
[2752] 2015/02/19 00:27:33.590 連線確認 E122828927 (21,21)
[2752] 2015/02/19 00:28:01.285 收到 Head 資訊 {Count 2} {Type B } 
[2752] 2015/02/19 00:28:33.603 連線確認 E122828927 (21,21)
[2752] 2015/02/19 00:29:33.618 連線確認 E122828927 (21,21)
[2752] 2015/02/19 00:30:33.631 連線確認 E122828927 (21,21)
[2752] 2015/02/19 00:31:33.643 連線確認 E122828927 (21,21)
[2752] 2015/02/19 00:32:33.658 連線確認 E122828927 (21,21)
[2752] 2015/02/19 00:33:02.298 收到 Head 資訊 {Count 2} {Type B } 
[2752] 2015/02/19 00:33:33.671 連線確認 E122828927 (21,21)
[2752] 2015/02/19 00:34:33.685 連線確認 E122828927 (21,21)
[2752] 2015/02/19 00:35:33.699 連線確認 E122828927 (21,21)
[2752] 2015/02/19 00:36:33.712 連線確認 E122828927 (21,21)
[2752] 2015/02/19 00:37:33.725 連線確認 E122828927 (21,21)
[2752] 2015/02/19 00:38:02.636 收到 Head 資訊 {Count 2} {Type B } 
[2752] 2015/02/19 00:38:33.740 連線確認 E122828927 (21,21)
[2752] 2015/02/19 00:39:33.753 連線確認 E122828927 (21,21)
[2752] 2015/02/19 00:40:33.766 連線確認 E122828927 (21,21)
[2752] 2015/02/19 00:41:33.779 連線確認 E122828927 (21,21)
[2752] 2015/02/19 00:42:33.793 連線確認 E122828927 (21,21)
[2752] 2015/02/19 00:43:03.641 收到 Head 資訊 {Count 2} {Type B } 
[2752] 2015/02/19 00:43:33.806 連線確認 E122828927 (21,21)
[2752] 2015/02/19 00:44:33.821 連線確認 E122828927 (21,21)
[2752] 2015/02/19 00:45:33.835 連線確認 E122828927 (21,21)
[2752] 2015/02/19 00:46:33.847 連線確認 E122828927 (21,21)
[2752] 2015/02/19 00:47:33.862 連線確認 E122828927 (21,21)
[2752] 2015/02/19 00:48:04.653 收到 Head 資訊 {Count 2} {Type B } 
[2752] 2015/02/19 00:48:33.875 連線確認 E122828927 (21,21)
[2752] 2015/02/19 00:49:33.889 連線確認 E122828927 (21,21)
[2752] 2015/02/19 00:50:33.902 連線確認 E122828927 (21,21)
[2752] 2015/02/19 00:51:33.915 連線確認 E122828927 (21,21)
[2752] 2015/02/19 00:52:33.930 連線確認 E122828927 (21,21)
[2752] 2015/02/19 00:53:06.289 收到 Head 資訊 {Count 2} {Type B } 
[2752] 2015/02/19 00:53:33.942 連線確認 E122828927 (21,21)
[2752] 2015/02/19 00:54:33.956 連線確認 E122828927 (21,21)
[2752] 2015/02/19 00:55:33.971 連線確認 E122828927 (21,21)
[2752] 2015/02/19 00:56:33.983 連線確認 E122828927 (21,21)
[2752] 2015/02/19 00:57:33.998 連線確認 E122828927 (21,21)
[2752] 2015/02/19 00:58:07.299 收到 Head 資訊 {Count 2} {Type B } 
[2752] 2015/02/19 00:58:34.011 連線確認 E122828927 (21,21)
[2752] 2015/02/19 00:59:34.025 連線確認 E122828927 (21,21)
[2752] 2015/02/19 01:00:34.037 連線確認 E122828927 (21,21)
[2752] 2015/02/19 01:01:34.053 連線確認 E122828927 (21,21)
[2752] 2015/02/19 01:02:34.065 連線確認 E122828927 (21,21)
[2752] 2015/02/19 01:03:08.309 收到 Head 資訊 {Count 2} {Type B } 
[2752] 2015/02/19 01:03:34.079 連線確認 E122828927 (21,21)
[2752] 2015/02/19 01:04:34.093 連線確認 E122828927 (21,21)
[2752] 2015/02/19 01:05:34.106 連線確認 E122828927 (21,21)
[2752] 2015/02/19 01:06:34.118 連線確認 E122828927 (21,21)
[2752] 2015/02/19 01:07:34.133 連線確認 E122828927 (21,21)
[2752] 2015/02/19 01:08:08.793 收到 Head 資訊 {Count 2} {Type B } 
[2752] 2015/02/19 01:08:34.147 連線確認 E122828927 (21,21)
[2752] 2015/02/19 01:09:34.161 連線確認 E122828927 (21,21)
[2752] 2015/02/19 01:10:34.173 連線確認 E122828927 (21,21)
[2752] 2015/02/19 01:11:34.188 連線確認 E122828927 (21,21)
[2752] 2015/02/19 01:12:34.201 連線確認 E122828927 (21,21)
[2752] 2015/02/19 01:13:09.810 收到 Head 資訊 {Count 2} {Type B } 
[2752] 2015/02/19 01:13:34.214 連線確認 E122828927 (21,21)
[2752] 2015/02/19 01:14:34.228 連線確認 E122828927 (21,21)
[2752] 2015/02/19 01:15:34.242 連線確認 E122828927 (21,21)
[2752] 2015/02/19 01:16:34.256 連線確認 E122828927 (21,21)
[2752] 2015/02/19 01:17:34.268 連線確認 E122828927 (21,21)
[2752] 2015/02/19 01:18:10.819 收到 Head 資訊 {Count 2} {Type B } 
[2752] 2015/02/19 01:18:34.283 連線確認 E122828927 (21,21)
[2752] 2015/02/19 01:19:34.296 連線確認 E122828927 (21,21)
[2752] 2015/02/19 01:20:34.310 連線確認 E122828927 (21,21)
[2752] 2015/02/19 01:21:34.324 連線確認 E122828927 (21,21)
[2752] 2015/02/19 01:22:34.336 連線確認 E122828927 (21,21)
[2752] 2015/02/19 01:23:11.510 收到 Head 資訊 {Count 2} {Type B } 
[2752] 2015/02/19 01:23:34.350 連線確認 E122828927 (21,21)
[2752] 2015/02/19 01:24:34.364 連線確認 E122828927 (21,21)
[2752] 2015/02/19 01:25:34.377 連線確認 E122828927 (21,21)
[2752] 2015/02/19 01:26:34.392 連線確認 E122828927 (21,21)
[2752] 2015/02/19 01:27:34.404 連線確認 E122828927 (21,21)
[2752] 2015/02/19 01:28:12.513 收到 Head 資訊 {Count 2} {Type B } 
[2752] 2015/02/19 01:28:34.418 連線確認 E122828927 (21,21)
[2752] 2015/02/19 01:29:34.431 連線確認 E122828927 (21,21)
[2752] 2015/02/19 01:30:34.446 連線確認 E122828927 (21,21)
[2752] 2015/02/19 01:31:34.459 連線確認 E122828927 (21,21)
[2752] 2015/02/19 01:32:34.472 連線確認 E122828927 (21,21)
[2752] 2015/02/19 01:33:13.530 收到 Head 資訊 {Count 2} {Type B } 
[2752] 2015/02/19 01:33:34.487 連線確認 E122828927 (21,21)
[2752] 2015/02/19 01:34:34.501 連線確認 E122828927 (21,21)
[2752] 2015/02/19 01:35:34.514 連線確認 E122828927 (21,21)
[2752] 2015/02/19 01:36:34.527 連線確認 E122828927 (21,21)
[2752] 2015/02/19 01:37:34.540 連線確認 E122828927 (21,21)
[2752] 2015/02/19 01:38:15.125 收到 Head 資訊 {Count 2} {Type B } 
[2752] 2015/02/19 01:38:34.555 連線確認 E122828927 (21,21)
[2752] 2015/02/19 01:39:34.568 連線確認 E122828927 (21,21)
[2752] 2015/02/19 01:40:34.580 連線確認 E122828927 (21,21)
[2752] 2015/02/19 01:41:34.595 連線確認 E122828927 (21,21)
[2752] 2015/02/19 01:42:34.608 連線確認 E122828927 (21,21)
[2752] 2015/02/19 01:43:16.132 收到 Head 資訊 {Count 2} {Type B } 
[2752] 2015/02/19 01:43:34.622 連線確認 E122828927 (21,21)
[2752] 2015/02/19 01:44:34.635 連線確認 E122828927 (21,21)
[2752] 2015/02/19 01:45:34.649 連線確認 E122828927 (21,21)
[2752] 2015/02/19 01:46:34.662 連線確認 E122828927 (21,21)
[2752] 2015/02/19 01:47:34.676 連線確認 E122828927 (21,21)
[2752] 2015/02/19 01:48:17.141 收到 Head 資訊 {Count 2} {Type B } 
[2752] 2015/02/19 01:48:34.690 連線確認 E122828927 (21,21)
[2752] 2015/02/19 01:49:34.704 連線確認 E122828927 (21,21)
[2752] 2015/02/19 01:50:34.717 連線確認 E122828927 (21,21)
[2752] 2015/02/19 01:51:34.731 連線確認 E122828927 (21,21)
[2752] 2015/02/19 01:52:34.745 連線確認 E122828927 (21,21)
[2752] 2015/02/19 01:53:17.852 收到 Head 資訊 {Count 2} {Type B } 
[2752] 2015/02/19 01:53:34.758 連線確認 E122828927 (21,21)
[2752] 2015/02/19 01:54:34.772 連線確認 E122828927 (21,21)
[2752] 2015/02/19 01:55:34.785 連線確認 E122828927 (21,21)
[2752] 2015/02/19 01:56:34.799 連線確認 E122828927 (21,21)
[2752] 2015/02/19 01:57:34.812 連線確認 E122828927 (21,21)
[2752] 2015/02/19 01:58:18.865 收到 Head 資訊 {Count 2} {Type B } 
[2752] 2015/02/19 01:58:34.825 連線確認 E122828927 (21,21)
[2752] 2015/02/19 01:59:34.840 連線確認 E122828927 (21,21)
