[5044] 2015/02/17 07:50:12.495 API InitInstance 
[5044] 2015/02/17 07:50:12.846 E122828927 連線 Code：0
[5044] 2015/02/17 07:50:13.852 收到 Head 資訊 {Count 2} {Type C } 
[5044] 2015/02/17 07:50:13.854 收到 Head 資訊 {Count 2} {Type C } 
[5044] 2015/02/17 07:50:13.856 收到 Head 資訊 {Count 2} {Type C } 
[5044] 2015/02/17 07:50:13.859 收到 Head 資訊 {Count 2} {Type C } 
[5044] 2015/02/17 07:50:13.861 收到 Head 資訊 {Count 2} {Type C } 
[5044] 2015/02/17 07:50:13.863 收到 Head 資訊 {Count 2} {Type C } 
[5044] 2015/02/17 07:50:13.865 收到 Head 資訊 {Count 2} {Type C } 
[5044] 2015/02/17 07:50:13.867 收到 Head 資訊 {Count 2} {Type C } 
[5044] 2015/02/17 07:50:13.869 收到 Head 資訊 {Count 2} {Type C } 
[5044] 2015/02/17 07:50:13.871 收到 Head 資訊 {Count 2} {Type C } 
[5044] 2015/02/17 07:50:13.873 收到 Head 資訊 {Count 2} {Type C } 
[5044] 2015/02/17 07:50:13.875 收到 Head 資訊 {Count 2} {Type C } 
[5044] 2015/02/17 07:50:13.877 收到 Head 資訊 {Count 2} {Type C } 
[5044] 2015/02/17 07:50:13.879 收到 Head 資訊 {Count 2} {Type C } 
[5044] 2015/02/17 07:50:13.881 收到 Head 資訊 {Count 2} {Type C } 
[5044] 2015/02/17 07:50:13.883 收到 Head 資訊 {Count 2} {Type C } 
[5044] 2015/02/17 07:50:13.885 收到 Head 資訊 {Count 2} {Type C } 
[5044] 2015/02/17 07:50:13.887 收到 Head 資訊 {Count 2} {Type C } 
[5044] 2015/02/17 07:50:13.889 收到 Head 資訊 {Count 2} {Type C } 
[5044] 2015/02/17 07:50:13.891 收到 Head 資訊 {Count 2} {Type C } 
[5044] 2015/02/17 07:50:13.893 收到 Head 資訊 {Count 2} {Type C } 
[5044] 2015/02/17 07:50:13.895 收到 Head 資訊 {Count 2} {Type C } 
[5044] 2015/02/17 07:50:13.897 收到 Head 資訊 {Count 2} {Type C } 
[5044] 2015/02/17 07:50:13.899 收到 Head 資訊 {Count 2} {Type C } 
[5044] 2015/02/17 07:50:13.901 收到 Head 資訊 {Count 2} {Type C } 
[5044] 2015/02/17 07:50:13.903 收到 Head 資訊 {Count 2} {Type C } 
[5044] 2015/02/17 07:50:13.904 收到 Head 資訊 {Count 2} {Type C } 
[5044] 2015/02/17 07:50:13.906 收到 Head 資訊 {Count 2} {Type C } 
[5044] 2015/02/17 07:50:13.908 收到 Head 資訊 {Count 2} {Type C } 
[5044] 2015/02/17 07:50:13.910 收到 Head 資訊 {Count 2} {Type C } 
[5044] 2015/02/17 07:50:13.912 收到 Head 資訊 {Count 2} {Type C } 
[5044] 2015/02/17 07:50:13.914 收到 Head 資訊 {Count 2} {Type C } 
[5044] 2015/02/17 07:50:13.916 收到 Head 資訊 {Count 2} {Type C } 
[5044] 2015/02/17 07:50:13.918 收到 Head 資訊 {Count 2} {Type C } 
[5044] 2015/02/17 07:50:13.920 收到 Head 資訊 {Count 2} {Type C } 
[5044] 2015/02/17 07:50:13.922 收到 Head 資訊 {Count 2} {Type C } 
[5044] 2015/02/17 07:50:13.924 收到 Head 資訊 {Count 2} {Type C } 
[5044] 2015/02/17 07:50:13.926 收到 Head 資訊 {Count 2} {Type C } 
[5044] 2015/02/17 07:50:13.927 收到 Head 資訊 {Count 2} {Type C } 
[5044] 2015/02/17 07:50:13.929 收到 Head 資訊 {Count 2} {Type C } 
[5044] 2015/02/17 07:50:13.931 收到 Head 資訊 {Count 2} {Type C } 
[5044] 2015/02/17 07:50:13.933 收到 Head 資訊 {Count 2} {Type C } 
[5044] 2015/02/17 07:50:13.935 收到 Head 資訊 {Count 2} {Type C } 
[5044] 2015/02/17 07:50:13.937 收到 Head 資訊 {Count 2} {Type C } 
[5044] 2015/02/17 07:50:13.939 收到 Head 資訊 {Count 2} {Type C } 
[5044] 2015/02/17 07:50:13.941 收到 Head 資訊 {Count 2} {Type C } 
[5044] 2015/02/17 07:50:13.943 收到 Head 資訊 {Count 2} {Type C } 
[5044] 2015/02/17 07:50:13.945 收到 Head 資訊 {Count 2} {Type C } 
[5044] 2015/02/17 07:50:13.947 收到 Head 資訊 {Count 2} {Type C } 
[5044] 2015/02/17 07:50:13.949 收到 Head 資訊 {Count 2} {Type C } 
[5044] 2015/02/17 07:50:13.951 收到 Head 資訊 {Count 2} {Type C } 
[5044] 2015/02/17 07:50:13.954 收到 Head 資訊 {Count 2} {Type C } 
[5044] 2015/02/17 07:50:13.956 收到 Head 資訊 {Count 2} {Type C } 
[5044] 2015/02/17 07:50:13.958 收到 Head 資訊 {Count 2} {Type C } 
[5044] 2015/02/17 07:50:13.960 收到 Head 資訊 {Count 2} {Type C } 
[5044] 2015/02/17 07:50:13.962 收到 Head 資訊 {Count 2} {Type C } 
[5044] 2015/02/17 07:50:13.964 收到 Head 資訊 {Count 2} {Type C } 
[5044] 2015/02/17 07:50:13.966 收到 Head 資訊 {Count 2} {Type C } 
[5044] 2015/02/17 07:50:13.968 收到 Head 資訊 {Count 2} {Type C } 
[5044] 2015/02/17 07:50:13.970 收到 Head 資訊 {Count 2} {Type C } 
[5044] 2015/02/17 07:50:13.972 收到 Head 資訊 {Count 2} {Type C } 
[5044] 2015/02/17 07:50:13.973 收到 Head 資訊 {Count 2} {Type C } 
[5044] 2015/02/17 07:50:13.975 收到 Head 資訊 {Count 2} {Type C } 
[5044] 2015/02/17 07:50:13.977 收到 Head 資訊 {Count 2} {Type C } 
[5044] 2015/02/17 07:50:13.979 收到 Head 資訊 {Count 2} {Type C } 
[5044] 2015/02/17 07:50:13.982 收到 Head 資訊 {Count 2} {Type C } 
[5044] 2015/02/17 07:50:13.984 收到 Head 資訊 {Count 2} {Type C } 
[5044] 2015/02/17 07:50:13.986 收到 Head 資訊 {Count 2} {Type C } 
[5044] 2015/02/17 07:50:13.988 收到 Head 資訊 {Count 2} {Type C } 
[5044] 2015/02/17 07:50:13.990 收到 Head 資訊 {Count 2} {Type C } 
[5044] 2015/02/17 07:50:13.991 收到 Head 資訊 {Count 2} {Type C } 
[5044] 2015/02/17 07:50:13.993 收到 Head 資訊 {Count 2} {Type C } 
[5044] 2015/02/17 07:50:13.995 收到 Head 資訊 {Count 2} {Type C } 
[5044] 2015/02/17 07:50:13.997 收到 Head 資訊 {Count 2} {Type C } 
[5044] 2015/02/17 07:50:13.999 收到 Head 資訊 {Count 2} {Type C } 
[5044] 2015/02/17 07:50:14.001 收到 Head 資訊 {Count 2} {Type C } 
[5044] 2015/02/17 07:50:14.003 收到 Head 資訊 {Count 2} {Type C } 
[5044] 2015/02/17 07:50:14.005 收到 Head 資訊 {Count 2} {Type C } 
[5044] 2015/02/17 07:50:14.007 收到 Head 資訊 {Count 2} {Type C } 
[5044] 2015/02/17 07:50:14.009 收到 Head 資訊 {Count 2} {Type C } 
[5044] 2015/02/17 07:50:14.011 收到 Head 資訊 {Count 2} {Type C } 
[5044] 2015/02/17 07:50:14.012 收到 Head 資訊 {Count 2} {Type C } 
[5044] 2015/02/17 07:50:14.014 收到 Head 資訊 {Count 2} {Type C } 
[5044] 2015/02/17 07:50:14.016 收到 Head 資訊 {Count 2} {Type C } 
[5044] 2015/02/17 07:50:14.017 收到 Head 資訊 {Count 2} {Type C } 
[5044] 2015/02/17 07:50:14.019 收到 Head 資訊 {Count 2} {Type C } 
[5044] 2015/02/17 07:50:14.022 收到 Head 資訊 {Count 2} {Type C } 
[5044] 2015/02/17 07:50:14.024 收到 Head 資訊 {Count 2} {Type C } 
[5044] 2015/02/17 07:50:14.026 收到 Head 資訊 {Count 2} {Type C } 
[5044] 2015/02/17 07:50:14.028 收到 Head 資訊 {Count 2} {Type C } 
[5044] 2015/02/17 07:50:14.030 收到 Head 資訊 {Count 2} {Type C } 
[5044] 2015/02/17 07:50:14.032 收到 Head 資訊 {Count 2} {Type C } 
[5044] 2015/02/17 07:50:14.034 收到 Head 資訊 {Count 2} {Type C } 
[5044] 2015/02/17 07:50:14.036 收到 Head 資訊 {Count 2} {Type C } 
[5044] 2015/02/17 07:50:14.038 收到 Head 資訊 {Count 2} {Type C } 
[5044] 2015/02/17 07:50:14.040 收到 Head 資訊 {Count 2} {Type C } 
[5044] 2015/02/17 07:50:14.042 收到 Head 資訊 {Count 2} {Type C } 
[5044] 2015/02/17 07:50:14.044 收到 Head 資訊 {Count 2} {Type C } 
[5044] 2015/02/17 07:50:14.046 收到 Head 資訊 {Count 2} {Type D } 
[5044] 2015/02/17 07:50:14.048 收到 Head 資訊 {Count 2} {Type C } 
[5044] 2015/02/17 07:50:14.050 收到 Head 資訊 {Count 2} {Type C } 
[5044] 2015/02/17 07:50:14.052 收到 Head 資訊 {Count 2} {Type C } 
[5044] 2015/02/17 07:50:14.054 收到 Head 資訊 {Count 2} {Type C } 
[5044] 2015/02/17 07:50:14.056 收到 Head 資訊 {Count 2} {Type C } 
[5044] 2015/02/17 07:50:14.058 收到 Head 資訊 {Count 2} {Type C } 
[5044] 2015/02/17 07:50:14.060 收到 Head 資訊 {Count 2} {Type C } 
[5044] 2015/02/17 07:50:14.062 收到 Head 資訊 {Count 2} {Type C } 
[5044] 2015/02/17 07:50:14.064 收到 Head 資訊 {Count 2} {Type C } 
[5044] 2015/02/17 07:50:14.066 收到 Head 資訊 {Count 2} {Type B } 
[5044] 2015/02/17 07:51:12.805 連線確認 E122828927 (21,21)
[5044] 2015/02/17 07:52:01.372 收到 Head 資訊 {Count 2} {Type C } 
[5044] 2015/02/17 07:52:12.819 連線確認 E122828927 (21,21)
[5044] 2015/02/17 07:53:12.833 連線確認 E122828927 (21,21)
[5044] 2015/02/17 07:54:12.847 連線確認 E122828927 (21,21)
[5044] 2015/02/17 07:54:51.249 收到 Head 資訊 {Count 2} {Type C } 
[5044] 2015/02/17 07:55:12.860 連線確認 E122828927 (21,21)
[5044] 2015/02/17 07:55:13.569 收到 Head 資訊 {Count 2} {Type B } 
[5044] 2015/02/17 07:56:12.873 連線確認 E122828927 (21,21)
[5044] 2015/02/17 07:57:12.888 連線確認 E122828927 (21,21)
[5044] 2015/02/17 07:58:01.247 收到 Head 資訊 {Count 2} {Type C } 
[5044] 2015/02/17 07:58:12.901 連線確認 E122828927 (21,21)
[5044] 2015/02/17 07:59:12.914 連線確認 E122828927 (21,21)
[5044] 2015/02/17 08:00:12.928 連線確認 E122828927 (21,21)
[5044] 2015/02/17 08:00:14.340 收到 Head 資訊 {Count 2} {Type B } 
[5044] 2015/02/17 08:01:12.943 連線確認 E122828927 (21,21)
[5044] 2015/02/17 08:02:12.954 連線確認 E122828927 (21,21)
[5044] 2015/02/17 08:03:12.970 連線確認 E122828927 (21,21)
[5044] 2015/02/17 08:04:12.983 連線確認 E122828927 (21,21)
[5044] 2015/02/17 08:05:12.997 連線確認 E122828927 (21,21)
[5044] 2015/02/17 08:05:15.336 收到 Head 資訊 {Count 2} {Type B } 
[5044] 2015/02/17 08:06:13.010 連線確認 E122828927 (21,21)
[5044] 2015/02/17 08:07:13.023 連線確認 E122828927 (21,21)
[5044] 2015/02/17 08:08:13.037 連線確認 E122828927 (21,21)
[5044] 2015/02/17 08:09:13.050 連線確認 E122828927 (21,21)
[5044] 2015/02/17 08:10:13.065 連線確認 E122828927 (21,21)
[5044] 2015/02/17 08:10:16.332 收到 Head 資訊 {Count 2} {Type B } 
[5044] 2015/02/17 08:11:13.077 連線確認 E122828927 (21,21)
[5044] 2015/02/17 08:12:01.291 收到 Head 資訊 {Count 2} {Type C } 
[5044] 2015/02/17 08:12:11.291 收到 Head 資訊 {Count 2} {Type C } 
[5044] 2015/02/17 08:12:13.091 連線確認 E122828927 (21,21)
[5044] 2015/02/17 08:12:21.290 收到 Head 資訊 {Count 2} {Type C } 
[5044] 2015/02/17 08:12:31.291 收到 Head 資訊 {Count 2} {Type C } 
[5044] 2015/02/17 08:13:13.105 連線確認 E122828927 (21,21)
[5044] 2015/02/17 08:14:13.118 連線確認 E122828927 (21,21)
[5044] 2015/02/17 08:15:13.133 連線確認 E122828927 (21,21)
[5044] 2015/02/17 08:15:17.371 收到 Head 資訊 {Count 2} {Type B } 
[5044] 2015/02/17 08:16:13.145 連線確認 E122828927 (21,21)
[5044] 2015/02/17 08:17:13.159 連線確認 E122828927 (21,21)
[5044] 2015/02/17 08:18:13.172 連線確認 E122828927 (21,21)
[5044] 2015/02/17 08:18:41.509 收到 Head 資訊 {Count 2} {Type C } 
[5044] 2015/02/17 08:19:13.185 連線確認 E122828927 (21,21)
[5044] 2015/02/17 08:20:13.201 連線確認 E122828927 (21,21)
[5044] 2015/02/17 08:20:18.367 收到 Head 資訊 {Count 2} {Type B } 
[5044] 2015/02/17 08:21:13.213 連線確認 E122828927 (21,21)
[5044] 2015/02/17 08:22:13.227 連線確認 E122828927 (21,21)
[5044] 2015/02/17 08:23:13.240 連線確認 E122828927 (21,21)
[5044] 2015/02/17 08:24:13.254 連線確認 E122828927 (21,21)
[5044] 2015/02/17 08:25:13.268 連線確認 E122828927 (21,21)
[5044] 2015/02/17 08:25:19.363 收到 Head 資訊 {Count 2} {Type B } 
[5044] 2015/02/17 08:26:13.281 連線確認 E122828927 (21,21)
[5044] 2015/02/17 08:27:13.296 連線確認 E122828927 (21,21)
[5044] 2015/02/17 08:28:13.308 連線確認 E122828927 (21,21)
[5044] 2015/02/17 08:29:14.508 連線確認 E122828927 (21,21)
[5044] 2015/02/17 08:30:14.506 連線確認 E122828927 (21,21)
[5044] 2015/02/17 08:30:20.428 收到 Head 資訊 {Count 2} {Type B } 
[5044] 2015/02/17 08:31:14.518 連線確認 E122828927 (21,21)
[5044] 2015/02/17 08:32:14.532 連線確認 E122828927 (21,21)
[5044] 2015/02/17 08:33:14.546 連線確認 E122828927 (21,21)
[5044] 2015/02/17 08:34:14.561 連線確認 E122828927 (21,21)
[5044] 2015/02/17 08:34:51.705 收到 Head 資訊 {Count 2} {Type C } 
[5044] 2015/02/17 08:35:01.705 收到 Head 資訊 {Count 2} {Type C } 
[5044] 2015/02/17 08:35:14.573 連線確認 E122828927 (21,21)
[5044] 2015/02/17 08:35:21.424 收到 Head 資訊 {Count 2} {Type B } 
[5044] 2015/02/17 08:36:14.588 連線確認 E122828927 (21,21)
[5044] 2015/02/17 08:37:14.601 連線確認 E122828927 (21,21)
[5044] 2015/02/17 08:38:14.613 連線確認 E122828927 (21,21)
[5044] 2015/02/17 08:39:01.722 收到 Head 資訊 {Count 2} {Type C } 
[5044] 2015/02/17 08:39:14.629 連線確認 E122828927 (21,21)
[5044] 2015/02/17 08:40:14.642 連線確認 E122828927 (21,21)
[5044] 2015/02/17 08:40:22.421 收到 Head 資訊 {Count 2} {Type B } 
[5044] 2015/02/17 08:41:14.656 連線確認 E122828927 (21,21)
[5044] 2015/02/17 08:42:14.669 連線確認 E122828927 (21,21)
[5044] 2015/02/17 08:43:14.683 連線確認 E122828927 (21,21)
[5044] 2015/02/17 08:44:14.696 連線確認 E122828927 (21,21)
[5044] 2015/02/17 08:45:14.710 連線確認 E122828927 (21,21)
[5044] 2015/02/17 08:45:23.451 收到 Head 資訊 {Count 2} {Type B } 
[5044] 2015/02/17 08:46:14.722 連線確認 E122828927 (21,21)
[5044] 2015/02/17 08:47:14.737 連線確認 E122828927 (21,21)
[5044] 2015/02/17 08:48:14.750 連線確認 E122828927 (21,21)
[5044] 2015/02/17 08:49:14.764 連線確認 E122828927 (21,21)
[5044] 2015/02/17 08:50:14.777 連線確認 E122828927 (21,21)
[5044] 2015/02/17 08:50:24.448 收到 Head 資訊 {Count 2} {Type B } 
[5044] 2015/02/17 08:51:14.792 連線確認 E122828927 (21,21)
[5044] 2015/02/17 08:52:14.804 連線確認 E122828927 (21,21)
[5044] 2015/02/17 08:53:14.818 連線確認 E122828927 (21,21)
[5044] 2015/02/17 08:54:14.831 連線確認 E122828927 (21,21)
[5044] 2015/02/17 08:54:51.904 收到 Head 資訊 {Count 2} {Type C } 
[5044] 2015/02/17 08:55:14.845 連線確認 E122828927 (21,21)
[5044] 2015/02/17 08:55:25.444 收到 Head 資訊 {Count 2} {Type B } 
[5044] 2015/02/17 08:56:14.859 連線確認 E122828927 (21,21)
[5044] 2015/02/17 08:57:14.872 連線確認 E122828927 (21,21)
[5044] 2015/02/17 08:58:14.887 連線確認 E122828927 (21,21)
[5044] 2015/02/17 08:59:11.921 收到 Head 資訊 {Count 2} {Type C } 
[5044] 2015/02/17 08:59:14.899 連線確認 E122828927 (21,21)
[5044] 2015/02/17 09:00:14.914 連線確認 E122828927 (21,21)
[5044] 2015/02/17 09:00:27.095 收到 Head 資訊 {Count 2} {Type B } 
[5044] 2015/02/17 09:01:14.928 連線確認 E122828927 (21,21)
[5044] 2015/02/17 09:02:14.940 連線確認 E122828927 (21,21)
[5044] 2015/02/17 09:03:14.953 連線確認 E122828927 (21,21)
[5044] 2015/02/17 09:04:14.968 連線確認 E122828927 (21,21)
[5044] 2015/02/17 09:05:14.981 連線確認 E122828927 (21,21)
[5044] 2015/02/17 09:05:28.091 收到 Head 資訊 {Count 2} {Type B } 
[5044] 2015/02/17 09:06:14.995 連線確認 E122828927 (21,21)
[5044] 2015/02/17 09:07:15.009 連線確認 E122828927 (21,21)
[5044] 2015/02/17 09:08:15.023 連線確認 E122828927 (21,21)
[5044] 2015/02/17 09:09:15.036 連線確認 E122828927 (21,21)
[5044] 2015/02/17 09:10:15.048 連線確認 E122828927 (21,21)
[5044] 2015/02/17 09:10:29.087 收到 Head 資訊 {Count 2} {Type B } 
[5044] 2015/02/17 09:11:15.063 連線確認 E122828927 (21,21)
[5044] 2015/02/17 09:12:15.075 連線確認 E122828927 (21,21)
[5044] 2015/02/17 09:13:15.091 連線確認 E122828927 (21,21)
[5044] 2015/02/17 09:14:15.103 連線確認 E122828927 (21,21)
[5044] 2015/02/17 09:14:52.723 收到 Head 資訊 {Count 2} {Type C } 
[5044] 2015/02/17 09:15:02.724 收到 Head 資訊 {Count 2} {Type C } 
[5044] 2015/02/17 09:15:15.117 連線確認 E122828927 (21,21)
[5044] 2015/02/17 09:15:30.083 收到 Head 資訊 {Count 2} {Type B } 
[5044] 2015/02/17 09:16:15.130 連線確認 E122828927 (21,21)
[5044] 2015/02/17 09:17:15.145 連線確認 E122828927 (21,21)
[5044] 2015/02/17 09:18:15.158 連線確認 E122828927 (21,21)
[5044] 2015/02/17 09:19:15.171 連線確認 E122828927 (21,21)
[5044] 2015/02/17 09:19:31.934 收到 Head 資訊 {Count 2} {Type C } 
[5044] 2015/02/17 09:20:15.185 連線確認 E122828927 (21,21)
[5044] 2015/02/17 09:20:30.274 收到 Head 資訊 {Count 2} {Type B } 
[5044] 2015/02/17 09:21:15.199 連線確認 E122828927 (21,21)
[5044] 2015/02/17 09:22:15.212 連線確認 E122828927 (21,21)
[5044] 2015/02/17 09:23:15.225 連線確認 E122828927 (21,21)
[5044] 2015/02/17 09:24:15.240 連線確認 E122828927 (21,21)
[5044] 2015/02/17 09:25:15.339 連線確認 E122828927 (21,21)
[5044] 2015/02/17 09:25:31.280 收到 Head 資訊 {Count 2} {Type B } 
[5044] 2015/02/17 09:26:15.343 連線確認 E122828927 (21,21)
[5044] 2015/02/17 09:27:15.359 連線確認 E122828927 (21,21)
[5044] 2015/02/17 09:28:15.371 連線確認 E122828927 (21,21)
[5044] 2015/02/17 09:29:15.385 連線確認 E122828927 (21,21)
[5044] 2015/02/17 09:30:15.398 連線確認 E122828927 (21,21)
[5044] 2015/02/17 09:30:32.266 收到 Head 資訊 {Count 2} {Type B } 
[5044] 2015/02/17 09:31:15.413 連線確認 E122828927 (21,21)
[5044] 2015/02/17 09:32:02.205 收到 Head 資訊 {Count 2} {Type C } 
[5044] 2015/02/17 09:32:15.426 連線確認 E122828927 (21,21)
[5044] 2015/02/17 09:33:15.439 連線確認 E122828927 (21,21)
[5044] 2015/02/17 09:34:15.453 連線確認 E122828927 (21,21)
[5044] 2015/02/17 09:34:51.073 收到 Head 資訊 {Count 2} {Type C } 
[5044] 2015/02/17 09:35:01.063 收到 Head 資訊 {Count 2} {Type C } 
[5044] 2015/02/17 09:35:15.466 連線確認 E122828927 (21,21)
[5044] 2015/02/17 09:35:33.282 收到 Head 資訊 {Count 2} {Type B } 
[5044] 2015/02/17 09:36:15.480 連線確認 E122828927 (21,21)
[5044] 2015/02/17 09:37:15.494 連線確認 E122828927 (21,21)
[5044] 2015/02/17 09:38:15.508 連線確認 E122828927 (21,21)
[5044] 2015/02/17 09:39:15.521 連線確認 E122828927 (21,21)
[5044] 2015/02/17 09:40:01.090 收到 Head 資訊 {Count 2} {Type C } 
[5044] 2015/02/17 09:40:15.535 連線確認 E122828927 (21,21)
[5044] 2015/02/17 09:40:34.269 收到 Head 資訊 {Count 2} {Type B } 
[5044] 2015/02/17 09:41:15.549 連線確認 E122828927 (21,21)
[5044] 2015/02/17 09:42:15.562 連線確認 E122828927 (21,21)
[5044] 2015/02/17 09:43:15.576 連線確認 E122828927 (21,21)
[5044] 2015/02/17 09:44:15.589 連線確認 E122828927 (21,21)
[5044] 2015/02/17 09:45:15.602 連線確認 E122828927 (21,21)
[5044] 2015/02/17 09:45:35.774 收到 Head 資訊 {Count 2} {Type B } 
[5044] 2015/02/17 09:46:15.616 連線確認 E122828927 (21,21)
[5044] 2015/02/17 09:47:15.629 連線確認 E122828927 (21,21)
[5044] 2015/02/17 09:48:15.644 連線確認 E122828927 (21,21)
[5044] 2015/02/17 09:49:15.657 連線確認 E122828927 (21,21)
[5044] 2015/02/17 09:50:15.671 連線確認 E122828927 (21,21)
[5044] 2015/02/17 09:50:36.789 收到 Head 資訊 {Count 2} {Type B } 
[5044] 2015/02/17 09:51:15.684 連線確認 E122828927 (21,21)
[5044] 2015/02/17 09:52:15.698 連線確認 E122828927 (21,21)
[5044] 2015/02/17 09:53:15.712 連線確認 E122828927 (21,21)
[5044] 2015/02/17 09:54:15.725 連線確認 E122828927 (21,21)
[5044] 2015/02/17 09:54:51.755 收到 Head 資訊 {Count 2} {Type C } 
[5044] 2015/02/17 09:55:01.745 收到 Head 資訊 {Count 2} {Type C } 
[5044] 2015/02/17 09:55:15.738 連線確認 E122828927 (21,21)
[5044] 2015/02/17 09:55:37.775 收到 Head 資訊 {Count 2} {Type B } 
[5044] 2015/02/17 09:56:15.752 連線確認 E122828927 (21,21)
[5044] 2015/02/17 09:57:15.765 連線確認 E122828927 (21,21)
[5044] 2015/02/17 09:58:15.780 連線確認 E122828927 (21,21)
[5044] 2015/02/17 09:59:15.792 連線確認 E122828927 (21,21)
[5044] 2015/02/17 10:00:15.806 連線確認 E122828927 (21,21)
[5044] 2015/02/17 10:00:21.379 收到 Head 資訊 {Count 2} {Type C } 
[5044] 2015/02/17 10:00:38.358 收到 Head 資訊 {Count 2} {Type B } 
[5044] 2015/02/17 10:01:15.820 連線確認 E122828927 (21,21)
[5044] 2015/02/17 10:02:15.833 連線確認 E122828927 (21,21)
[5044] 2015/02/17 10:03:15.847 連線確認 E122828927 (21,21)
[5044] 2015/02/17 10:04:15.861 連線確認 E122828927 (21,21)
[5044] 2015/02/17 10:05:15.875 連線確認 E122828927 (21,21)
[5044] 2015/02/17 10:05:39.374 收到 Head 資訊 {Count 2} {Type B } 
[5044] 2015/02/17 10:06:15.888 連線確認 E122828927 (21,21)
[5044] 2015/02/17 10:07:15.902 連線確認 E122828927 (21,21)
[5044] 2015/02/17 10:08:15.915 連線確認 E122828927 (21,21)
[5044] 2015/02/17 10:09:15.928 連線確認 E122828927 (21,21)
[5044] 2015/02/17 10:10:15.942 連線確認 E122828927 (21,21)
[5044] 2015/02/17 10:10:40.360 收到 Head 資訊 {Count 2} {Type B } 
[5044] 2015/02/17 10:11:15.956 連線確認 E122828927 (21,21)
[5044] 2015/02/17 10:12:01.631 收到 Head 資訊 {Count 2} {Type C } 
[5044] 2015/02/17 10:12:17.512 連線確認 E122828927 (21,21)
[5044] 2015/02/17 10:12:21.789 收到 Head 資訊 {Count 2} {Type C } 
[5044] 2015/02/17 10:12:22.009 收到 Head 資訊 {Count 2} {Type C } 
[5044] 2015/02/17 10:12:31.999 收到 Head 資訊 {Count 2} {Type C } 
[5044] 2015/02/17 10:13:17.511 連線確認 E122828927 (21,21)
[5044] 2015/02/17 10:14:17.525 連線確認 E122828927 (21,21)
[5044] 2015/02/17 10:15:17.539 連線確認 E122828927 (21,21)
[5044] 2015/02/17 10:15:41.717 收到 Head 資訊 {Count 2} {Type B } 
[5044] 2015/02/17 10:16:17.552 連線確認 E122828927 (21,21)
[5044] 2015/02/17 10:17:17.566 連線確認 E122828927 (21,21)
[5044] 2015/02/17 10:18:17.579 連線確認 E122828927 (21,21)
[5044] 2015/02/17 10:19:17.594 連線確認 E122828927 (21,21)
[5044] 2015/02/17 10:20:17.607 連線確認 E122828927 (21,21)
[5044] 2015/02/17 10:20:42.733 收到 Head 資訊 {Count 2} {Type B } 
[5044] 2015/02/17 10:21:01.902 收到 Head 資訊 {Count 2} {Type C } 
[5044] 2015/02/17 10:21:17.620 連線確認 E122828927 (21,21)
[5044] 2015/02/17 10:22:17.634 連線確認 E122828927 (21,21)
[5044] 2015/02/17 10:23:17.647 連線確認 E122828927 (21,21)
[5044] 2015/02/17 10:24:17.661 連線確認 E122828927 (21,21)
[5044] 2015/02/17 10:25:17.675 連線確認 E122828927 (21,21)
[5044] 2015/02/17 10:25:43.720 收到 Head 資訊 {Count 2} {Type B } 
[5044] 2015/02/17 10:26:17.689 連線確認 E122828927 (21,21)
[5044] 2015/02/17 10:27:17.702 連線確認 E122828927 (21,21)
[5044] 2015/02/17 10:28:17.714 連線確認 E122828927 (21,21)
[5044] 2015/02/17 10:29:17.730 連線確認 E122828927 (21,21)
[5044] 2015/02/17 10:30:17.743 連線確認 E122828927 (21,21)
[5044] 2015/02/17 10:30:44.706 收到 Head 資訊 {Count 2} {Type B } 
[5044] 2015/02/17 10:31:17.756 連線確認 E122828927 (21,21)
[5044] 2015/02/17 10:32:02.195 收到 Head 資訊 {Count 2} {Type C } 
[5044] 2015/02/17 10:32:17.769 連線確認 E122828927 (21,21)
[5044] 2015/02/17 10:33:17.784 連線確認 E122828927 (21,21)
[5044] 2015/02/17 10:34:17.797 連線確認 E122828927 (21,21)
[5044] 2015/02/17 10:34:52.023 收到 Head 資訊 {Count 2} {Type C } 
[5044] 2015/02/17 10:35:02.044 收到 Head 資訊 {Count 2} {Type C } 
[5044] 2015/02/17 10:35:17.811 連線確認 E122828927 (21,21)
[5044] 2015/02/17 10:35:45.722 收到 Head 資訊 {Count 2} {Type B } 
[5044] 2015/02/17 10:36:17.824 連線確認 E122828927 (21,21)
[5044] 2015/02/17 10:37:17.837 連線確認 E122828927 (21,21)
[5044] 2015/02/17 10:38:17.852 連線確認 E122828927 (21,21)
[5044] 2015/02/17 10:39:17.865 連線確認 E122828927 (21,21)
[5044] 2015/02/17 10:40:17.879 連線確認 E122828927 (21,21)
[5044] 2015/02/17 10:40:46.303 收到 Head 資訊 {Count 2} {Type B } 
[5044] 2015/02/17 10:41:17.892 連線確認 E122828927 (21,21)
[5044] 2015/02/17 10:41:31.633 收到 Head 資訊 {Count 2} {Type C } 
[5044] 2015/02/17 10:42:17.905 連線確認 E122828927 (21,21)
[5044] 2015/02/17 10:43:17.919 連線確認 E122828927 (21,21)
[5044] 2015/02/17 10:44:17.933 連線確認 E122828927 (21,21)
[5044] 2015/02/17 10:45:17.946 連線確認 E122828927 (21,21)
[5044] 2015/02/17 10:45:47.289 收到 Head 資訊 {Count 2} {Type B } 
[5044] 2015/02/17 10:46:17.960 連線確認 E122828927 (21,21)
[5044] 2015/02/17 10:47:17.973 連線確認 E122828927 (21,21)
[5044] 2015/02/17 10:48:17.987 連線確認 E122828927 (21,21)
[5044] 2015/02/17 10:49:18.001 連線確認 E122828927 (21,21)
[5044] 2015/02/17 10:50:18.014 連線確認 E122828927 (21,21)
[5044] 2015/02/17 10:50:48.306 收到 Head 資訊 {Count 2} {Type B } 
[5044] 2015/02/17 10:51:18.028 連線確認 E122828927 (21,21)
[5044] 2015/02/17 10:52:01.925 收到 Head 資訊 {Count 2} {Type C } 
[5044] 2015/02/17 10:52:11.944 收到 Head 資訊 {Count 2} {Type C } 
[5044] 2015/02/17 10:52:18.042 連線確認 E122828927 (21,21)
[5044] 2015/02/17 10:53:18.055 連線確認 E122828927 (21,21)
[5044] 2015/02/17 10:54:18.069 連線確認 E122828927 (21,21)
[5044] 2015/02/17 10:54:51.817 收到 Head 資訊 {Count 2} {Type C } 
[5044] 2015/02/17 10:55:18.083 連線確認 E122828927 (21,21)
[5044] 2015/02/17 10:55:49.207 收到 Head 資訊 {Count 2} {Type B } 
[5044] 2015/02/17 10:56:18.095 連線確認 E122828927 (21,21)
[5044] 2015/02/17 10:57:18.109 連線確認 E122828927 (21,21)
[5044] 2015/02/17 10:58:18.123 連線確認 E122828927 (21,21)
[5044] 2015/02/17 10:59:18.137 連線確認 E122828927 (21,21)
[5044] 2015/02/17 11:00:18.150 連線確認 E122828927 (21,21)
[5044] 2015/02/17 11:00:50.194 收到 Head 資訊 {Count 2} {Type B } 
[5044] 2015/02/17 11:01:18.163 連線確認 E122828927 (21,21)
[5044] 2015/02/17 11:02:01.742 收到 Head 資訊 {Count 2} {Type C } 
[5044] 2015/02/17 11:02:18.177 連線確認 E122828927 (21,21)
[5044] 2015/02/17 11:03:18.191 連線確認 E122828927 (21,21)
[5044] 2015/02/17 11:04:18.205 連線確認 E122828927 (21,21)
[5044] 2015/02/17 11:05:18.217 連線確認 E122828927 (21,21)
[5044] 2015/02/17 11:05:51.209 收到 Head 資訊 {Count 2} {Type B } 
[5044] 2015/02/17 11:06:18.233 連線確認 E122828927 (21,21)
[5044] 2015/02/17 11:07:18.245 連線確認 E122828927 (21,21)
[5044] 2015/02/17 11:08:18.258 連線確認 E122828927 (21,21)
[5044] 2015/02/17 11:09:18.272 連線確認 E122828927 (21,21)
[5044] 2015/02/17 11:10:18.285 連線確認 E122828927 (21,21)
[5044] 2015/02/17 11:10:52.592 收到 Head 資訊 {Count 2} {Type B } 
[5044] 2015/02/17 11:11:18.299 連線確認 E122828927 (21,21)
[5044] 2015/02/17 11:12:02.371 收到 Head 資訊 {Count 2} {Type C } 
[5044] 2015/02/17 11:12:12.390 收到 Head 資訊 {Count 2} {Type C } 
[5044] 2015/02/17 11:12:18.313 連線確認 E122828927 (21,21)
[5044] 2015/02/17 11:12:22.381 收到 Head 資訊 {Count 2} {Type C } 
[5044] 2015/02/17 11:12:32.371 收到 Head 資訊 {Count 2} {Type C } 
[5044] 2015/02/17 11:13:18.327 連線確認 E122828927 (21,21)
[5044] 2015/02/17 11:14:18.341 連線確認 E122828927 (21,21)
[5044] 2015/02/17 11:14:52.289 收到 Head 資訊 {Count 2} {Type C } 
[5044] 2015/02/17 11:15:02.279 收到 Head 資訊 {Count 2} {Type C } 
[5044] 2015/02/17 11:15:18.353 連線確認 E122828927 (21,21)
[5044] 2015/02/17 11:15:53.578 收到 Head 資訊 {Count 2} {Type B } 
[5044] 2015/02/17 11:16:18.367 連線確認 E122828927 (21,21)
[5044] 2015/02/17 11:17:18.382 連線確認 E122828927 (21,21)
[5044] 2015/02/17 11:18:18.394 連線確認 E122828927 (21,21)
[5044] 2015/02/17 11:19:18.409 連線確認 E122828927 (21,21)
[5044] 2015/02/17 11:20:18.422 連線確認 E122828927 (21,21)
[5044] 2015/02/17 11:20:54.594 收到 Head 資訊 {Count 2} {Type B } 
[5044] 2015/02/17 11:21:18.436 連線確認 E122828927 (21,21)
[5044] 2015/02/17 11:22:18.449 連線確認 E122828927 (21,21)
[5044] 2015/02/17 11:23:02.303 收到 Head 資訊 {Count 2} {Type C } 
[5044] 2015/02/17 11:23:18.463 連線確認 E122828927 (21,21)
[5044] 2015/02/17 11:24:18.476 連線確認 E122828927 (21,21)
[5044] 2015/02/17 11:25:18.489 連線確認 E122828927 (21,21)
[5044] 2015/02/17 11:26:05.018 收到 Head 資訊 {Count 2} {Type B } 
[5044] 2015/02/17 11:26:18.504 連線確認 E122828927 (21,21)
[5044] 2015/02/17 11:27:18.517 連線確認 E122828927 (21,21)
[5044] 2015/02/17 11:28:18.531 連線確認 E122828927 (21,21)
[5044] 2015/02/17 11:29:18.544 連線確認 E122828927 (21,21)
[5044] 2015/02/17 11:30:18.559 連線確認 E122828927 (21,21)
[5044] 2015/02/17 11:30:56.144 收到 Head 資訊 {Count 2} {Type B } 
[5044] 2015/02/17 11:31:18.572 連線確認 E122828927 (21,21)
[5044] 2015/02/17 11:32:02.113 收到 Head 資訊 {Count 2} {Type C } 
[5044] 2015/02/17 11:32:12.133 收到 Head 資訊 {Count 2} {Type C } 
[5044] 2015/02/17 11:32:18.585 連線確認 E122828927 (21,21)
[5044] 2015/02/17 11:33:18.598 連線確認 E122828927 (21,21)
[5044] 2015/02/17 11:34:18.612 連線確認 E122828927 (21,21)
[5044] 2015/02/17 11:34:52.001 收到 Head 資訊 {Count 2} {Type C } 
[5044] 2015/02/17 11:35:01.991 收到 Head 資訊 {Count 2} {Type C } 
[5044] 2015/02/17 11:35:11.981 收到 Head 資訊 {Count 2} {Type C } 
[5044] 2015/02/17 11:35:18.625 連線確認 E122828927 (21,21)
[5044] 2015/02/17 11:35:57.160 收到 Head 資訊 {Count 2} {Type B } 
[5044] 2015/02/17 11:36:18.639 連線確認 E122828927 (21,21)
[5044] 2015/02/17 11:37:18.652 連線確認 E122828927 (21,21)
[5044] 2015/02/17 11:38:18.667 連線確認 E122828927 (21,21)
[5044] 2015/02/17 11:39:18.680 連線確認 E122828927 (21,21)
[5044] 2015/02/17 11:40:18.694 連線確認 E122828927 (21,21)
[5044] 2015/02/17 11:40:58.147 收到 Head 資訊 {Count 2} {Type B } 
[5044] 2015/02/17 11:41:18.707 連線確認 E122828927 (21,21)
[5044] 2015/02/17 11:42:18.722 連線確認 E122828927 (21,21)
[5044] 2015/02/17 11:43:18.734 連線確認 E122828927 (21,21)
[5044] 2015/02/17 11:43:52.025 收到 Head 資訊 {Count 2} {Type C } 
[5044] 2015/02/17 11:44:18.748 連線確認 E122828927 (21,21)
[5044] 2015/02/17 11:45:18.761 連線確認 E122828927 (21,21)
[5044] 2015/02/17 11:45:59.133 收到 Head 資訊 {Count 2} {Type B } 
[5044] 2015/02/17 11:46:18.774 連線確認 E122828927 (21,21)
[5044] 2015/02/17 11:47:18.788 連線確認 E122828927 (21,21)
[5044] 2015/02/17 11:48:18.802 連線確認 E122828927 (21,21)
[5044] 2015/02/17 11:49:18.817 連線確認 E122828927 (21,21)
[5044] 2015/02/17 11:50:18.829 連線確認 E122828927 (21,21)
[5044] 2015/02/17 11:51:00.149 收到 Head 資訊 {Count 2} {Type B } 
[5044] 2015/02/17 11:51:18.843 連線確認 E122828927 (21,21)
[5044] 2015/02/17 11:52:04.883 收到 Head 資訊 {Count 2} {Type C } 
[5044] 2015/02/17 11:52:12.892 收到 Head 資訊 {Count 2} {Type C } 
[5044] 2015/02/17 11:52:18.857 連線確認 E122828927 (21,21)
[5044] 2015/02/17 11:53:18.871 連線確認 E122828927 (21,21)
[5044] 2015/02/17 11:54:18.884 連線確認 E122828927 (21,21)
[5044] 2015/02/17 11:55:18.897 連線確認 E122828927 (21,21)
[5044] 2015/02/17 11:56:01.769 收到 Head 資訊 {Count 2} {Type B } 
[5044] 2015/02/17 11:56:18.910 連線確認 E122828927 (21,21)
[5044] 2015/02/17 11:57:18.925 連線確認 E122828927 (21,21)
[5044] 2015/02/17 11:58:18.939 連線確認 E122828927 (21,21)
[5044] 2015/02/17 11:59:18.951 連線確認 E122828927 (21,21)
[5044] 2015/02/17 12:00:18.966 連線確認 E122828927 (21,21)
[5044] 2015/02/17 12:01:02.755 收到 Head 資訊 {Count 2} {Type B } 
[5044] 2015/02/17 12:01:18.979 連線確認 E122828927 (21,21)
[5044] 2015/02/17 12:02:18.993 連線確認 E122828927 (21,21)
[5044] 2015/02/17 12:03:19.006 連線確認 E122828927 (21,21)
[5044] 2015/02/17 12:04:12.803 收到 Head 資訊 {Count 2} {Type C } 
[5044] 2015/02/17 12:04:19.019 連線確認 E122828927 (21,21)
[5044] 2015/02/17 12:05:19.033 連線確認 E122828927 (21,21)
[5044] 2015/02/17 12:06:03.743 收到 Head 資訊 {Count 2} {Type B } 
[5044] 2015/02/17 12:06:19.046 連線確認 E122828927 (21,21)
[5044] 2015/02/17 12:07:19.060 連線確認 E122828927 (21,21)
[5044] 2015/02/17 12:08:19.074 連線確認 E122828927 (21,21)
[5044] 2015/02/17 12:09:19.088 連線確認 E122828927 (21,21)
[5044] 2015/02/17 12:10:19.102 連線確認 E122828927 (21,21)
[5044] 2015/02/17 12:11:04.242 收到 Head 資訊 {Count 2} {Type B } 
[5044] 2015/02/17 12:11:19.114 連線確認 E122828927 (21,21)
[5044] 2015/02/17 12:12:02.531 收到 Head 資訊 {Count 2} {Type C } 
[5044] 2015/02/17 12:12:12.521 收到 Head 資訊 {Count 2} {Type C } 
[5044] 2015/02/17 12:12:19.128 連線確認 E122828927 (21,21)
[5044] 2015/02/17 12:12:22.541 收到 Head 資訊 {Count 2} {Type C } 
[5044] 2015/02/17 12:12:32.531 收到 Head 資訊 {Count 2} {Type C } 
[5044] 2015/02/17 12:12:42.521 收到 Head 資訊 {Count 2} {Type C } 
[5044] 2015/02/17 12:13:19.142 連線確認 E122828927 (21,21)
[5044] 2015/02/17 12:14:19.156 連線確認 E122828927 (21,21)
[5044] 2015/02/17 12:14:52.419 收到 Head 資訊 {Count 2} {Type C } 
[5044] 2015/02/17 12:15:02.409 收到 Head 資訊 {Count 2} {Type C } 
[5044] 2015/02/17 12:15:12.429 收到 Head 資訊 {Count 2} {Type C } 
[5044] 2015/02/17 12:15:19.168 連線確認 E122828927 (21,21)
[5044] 2015/02/17 12:16:05.229 收到 Head 資訊 {Count 2} {Type B } 
[5044] 2015/02/17 12:16:19.183 連線確認 E122828927 (21,21)
[5044] 2015/02/17 12:17:19.197 連線確認 E122828927 (21,21)
[5044] 2015/02/17 12:18:19.209 連線確認 E122828927 (21,21)
[5044] 2015/02/17 12:19:19.223 連線確認 E122828927 (21,21)
[5044] 2015/02/17 12:20:19.237 連線確認 E122828927 (21,21)
[5044] 2015/02/17 12:21:06.215 收到 Head 資訊 {Count 2} {Type B } 
[5044] 2015/02/17 12:21:19.251 連線確認 E122828927 (21,21)
[5044] 2015/02/17 12:22:19.264 連線確認 E122828927 (21,21)
[5044] 2015/02/17 12:23:19.277 連線確認 E122828927 (21,21)
[5044] 2015/02/17 12:24:19.292 連線確認 E122828927 (21,21)
[5044] 2015/02/17 12:25:19.305 連線確認 E122828927 (21,21)
[5044] 2015/02/17 12:25:32.007 收到 Head 資訊 {Count 2} {Type C } 
[5044] 2015/02/17 12:26:06.777 收到 Head 資訊 {Count 2} {Type B } 
[5044] 2015/02/17 12:26:19.319 連線確認 E122828927 (21,21)
[5044] 2015/02/17 12:27:19.332 連線確認 E122828927 (21,21)
[5044] 2015/02/17 12:28:19.346 連線確認 E122828927 (21,21)
[5044] 2015/02/17 12:29:19.360 連線確認 E122828927 (21,21)
[5044] 2015/02/17 12:30:19.372 連線確認 E122828927 (21,21)
[5044] 2015/02/17 12:31:07.763 收到 Head 資訊 {Count 2} {Type B } 
[5044] 2015/02/17 12:31:19.387 連線確認 E122828927 (21,21)
[5044] 2015/02/17 12:32:19.400 連線確認 E122828927 (21,21)
[5044] 2015/02/17 12:33:19.414 連線確認 E122828927 (21,21)
[5044] 2015/02/17 12:34:19.428 連線確認 E122828927 (21,21)
[5044] 2015/02/17 12:34:51.111 收到 Head 資訊 {Count 2} {Type C } 
[5044] 2015/02/17 12:35:19.442 連線確認 E122828927 (21,21)
[5044] 2015/02/17 12:36:08.749 收到 Head 資訊 {Count 2} {Type B } 
[5044] 2015/02/17 12:36:19.455 連線確認 E122828927 (21,21)
[5044] 2015/02/17 12:37:19.467 連線確認 E122828927 (21,21)
[5044] 2015/02/17 12:38:19.481 連線確認 E122828927 (21,21)
[5044] 2015/02/17 12:39:19.495 連線確認 E122828927 (21,21)
[5044] 2015/02/17 12:40:19.509 連線確認 E122828927 (21,21)
[5044] 2015/02/17 12:41:10.393 收到 Head 資訊 {Count 2} {Type B } 
[5044] 2015/02/17 12:41:19.523 連線確認 E122828927 (21,21)
[5044] 2015/02/17 12:42:19.536 連線確認 E122828927 (21,21)
[5044] 2015/02/17 12:43:19.550 連線確認 E122828927 (21,21)
[5044] 2015/02/17 12:44:19.562 連線確認 E122828927 (21,21)
[5044] 2015/02/17 12:45:19.576 連線確認 E122828927 (21,21)
[5044] 2015/02/17 12:45:41.771 收到 Head 資訊 {Count 2} {Type C } 
[5044] 2015/02/17 12:46:11.380 收到 Head 資訊 {Count 2} {Type B } 
[5044] 2015/02/17 12:46:19.590 連線確認 E122828927 (21,21)
[5044] 2015/02/17 12:47:19.604 連線確認 E122828927 (21,21)
[5044] 2015/02/17 12:48:19.618 連線確認 E122828927 (21,21)
[5044] 2015/02/17 12:49:19.630 連線確認 E122828927 (21,21)
[5044] 2015/02/17 12:50:19.645 連線確認 E122828927 (21,21)
[5044] 2015/02/17 12:51:12.366 收到 Head 資訊 {Count 2} {Type B } 
[5044] 2015/02/17 12:51:19.658 連線確認 E122828927 (21,21)
[5044] 2015/02/17 12:52:02.016 收到 Head 資訊 {Count 2} {Type C } 
[5044] 2015/02/17 12:52:12.005 收到 Head 資訊 {Count 2} {Type C } 
[5044] 2015/02/17 12:52:19.672 連線確認 E122828927 (21,21)
[5044] 2015/02/17 12:52:22.026 收到 Head 資訊 {Count 2} {Type C } 
[5044] 2015/02/17 12:53:19.686 連線確認 E122828927 (21,21)
[5044] 2015/02/17 12:54:19.699 連線確認 E122828927 (21,21)
[5044] 2015/02/17 12:54:51.903 收到 Head 資訊 {Count 2} {Type C } 
[5044] 2015/02/17 12:55:19.712 連線確認 E122828927 (21,21)
[5044] 2015/02/17 12:56:12.799 收到 Head 資訊 {Count 2} {Type B } 
[5044] 2015/02/17 12:56:19.725 連線確認 E122828927 (21,21)
[5044] 2015/02/17 12:57:19.739 連線確認 E122828927 (21,21)
[5044] 2015/02/17 12:58:19.753 連線確認 E122828927 (21,21)
[5044] 2015/02/17 12:59:19.766 連線確認 E122828927 (21,21)
[5044] 2015/02/17 13:00:19.781 連線確認 E122828927 (21,21)
[5044] 2015/02/17 13:01:13.785 收到 Head 資訊 {Count 2} {Type B } 
[5044] 2015/02/17 13:01:19.793 連線確認 E122828927 (21,21)
[5044] 2015/02/17 13:02:19.807 連線確認 E122828927 (21,21)
[5044] 2015/02/17 13:03:19.820 連線確認 E122828927 (21,21)
[5044] 2015/02/17 13:04:19.836 連線確認 E122828927 (21,21)
[5044] 2015/02/17 13:05:19.848 連線確認 E122828927 (21,21)
[5044] 2015/02/17 13:06:14.771 收到 Head 資訊 {Count 2} {Type B } 
[5044] 2015/02/17 13:06:19.861 連線確認 E122828927 (21,21)
[5044] 2015/02/17 13:06:21.372 收到 Head 資訊 {Count 2} {Type C } 
[5044] 2015/02/17 13:07:19.876 連線確認 E122828927 (21,21)
[5044] 2015/02/17 13:08:19.889 連線確認 E122828927 (21,21)
[5044] 2015/02/17 13:09:19.902 連線確認 E122828927 (21,21)
[5044] 2015/02/17 13:10:19.915 連線確認 E122828927 (21,21)
[5044] 2015/02/17 13:11:16.125 收到 Head 資訊 {Count 2} {Type B } 
[5044] 2015/02/17 13:11:19.930 連線確認 E122828927 (21,21)
[5044] 2015/02/17 13:12:01.935 收到 Head 資訊 {Count 2} {Type C } 
[5044] 2015/02/17 13:12:11.924 收到 Head 資訊 {Count 2} {Type C } 
[5044] 2015/02/17 13:12:19.943 連線確認 E122828927 (21,21)
[5044] 2015/02/17 13:12:21.915 收到 Head 資訊 {Count 2} {Type C } 
[5044] 2015/02/17 13:13:19.956 連線確認 E122828927 (21,21)
[5044] 2015/02/17 13:14:19.970 連線確認 E122828927 (21,21)
[5044] 2015/02/17 13:15:19.983 連線確認 E122828927 (21,21)
[5044] 2015/02/17 13:16:17.111 收到 Head 資訊 {Count 2} {Type B } 
[5044] 2015/02/17 13:16:19.997 連線確認 E122828927 (21,21)
[5044] 2015/02/17 13:17:20.012 連線確認 E122828927 (21,21)
[5044] 2015/02/17 13:18:20.024 連線確認 E122828927 (21,21)
[5044] 2015/02/17 13:19:20.038 連線確認 E122828927 (21,21)
[5044] 2015/02/17 13:20:20.052 連線確認 E122828927 (21,21)
[5044] 2015/02/17 13:21:18.098 收到 Head 資訊 {Count 2} {Type B } 
[5044] 2015/02/17 13:21:20.066 連線確認 E122828927 (21,21)
[5044] 2015/02/17 13:22:20.080 連線確認 E122828927 (21,21)
[5044] 2015/02/17 13:23:20.094 連線確認 E122828927 (21,21)
[5044] 2015/02/17 13:24:20.106 連線確認 E122828927 (21,21)
[5044] 2015/02/17 13:25:20.120 連線確認 E122828927 (21,21)
[5044] 2015/02/17 13:26:18.827 收到 Head 資訊 {Count 2} {Type B } 
[5044] 2015/02/17 13:26:20.134 連線確認 E122828927 (21,21)
[5044] 2015/02/17 13:26:51.587 收到 Head 資訊 {Count 2} {Type C } 
[5044] 2015/02/17 13:27:20.147 連線確認 E122828927 (21,21)
[5044] 2015/02/17 13:28:20.162 連線確認 E122828927 (21,21)
[5044] 2015/02/17 13:29:20.175 連線確認 E122828927 (21,21)
[5044] 2015/02/17 13:30:20.188 連線確認 E122828927 (21,21)
[5044] 2015/02/17 13:31:19.814 收到 Head 資訊 {Count 2} {Type B } 
[5044] 2015/02/17 13:31:20.202 連線確認 E122828927 (21,21)
[5044] 2015/02/17 13:32:01.814 收到 Head 資訊 {Count 2} {Type C } 
[5044] 2015/02/17 13:32:20.215 連線確認 E122828927 (21,21)
[5044] 2015/02/17 13:33:20.230 連線確認 E122828927 (21,21)
[5044] 2015/02/17 13:34:20.243 連線確認 E122828927 (21,21)
[5044] 2015/02/17 13:35:20.256 連線確認 E122828927 (21,21)
[5044] 2015/02/17 13:36:20.270 連線確認 E122828927 (21,21)
[5044] 2015/02/17 13:36:20.801 收到 Head 資訊 {Count 2} {Type B } 
[5044] 2015/02/17 13:37:20.283 連線確認 E122828927 (21,21)
[5044] 2015/02/17 13:38:20.297 連線確認 E122828927 (21,21)
[5044] 2015/02/17 13:39:20.309 連線確認 E122828927 (21,21)
[5044] 2015/02/17 13:40:20.325 連線確認 E122828927 (21,21)
[5044] 2015/02/17 13:41:20.338 連線確認 E122828927 (21,21)
[5044] 2015/02/17 13:41:22.012 收到 Head 資訊 {Count 2} {Type B } 
[5044] 2015/02/17 13:42:20.350 連線確認 E122828927 (21,21)
[5044] 2015/02/17 13:43:20.364 連線確認 E122828927 (21,21)
[5044] 2015/02/17 13:44:20.378 連線確認 E122828927 (21,21)
[5044] 2015/02/17 13:45:20.392 連線確認 E122828927 (21,21)
[5044] 2015/02/17 13:46:20.406 連線確認 E122828927 (21,21)
[5044] 2015/02/17 13:46:22.998 收到 Head 資訊 {Count 2} {Type B } 
[5044] 2015/02/17 13:47:01.938 收到 Head 資訊 {Count 2} {Type C } 
[5044] 2015/02/17 13:47:20.419 連線確認 E122828927 (21,21)
[5044] 2015/02/17 13:48:20.433 連線確認 E122828927 (21,21)
[5044] 2015/02/17 13:49:20.445 連線確認 E122828927 (21,21)
[5044] 2015/02/17 13:50:20.460 連線確認 E122828927 (21,21)
[5044] 2015/02/17 13:51:20.473 連線確認 E122828927 (21,21)
[5044] 2015/02/17 13:51:23.985 收到 Head 資訊 {Count 2} {Type B } 
[5044] 2015/02/17 13:52:20.487 連線確認 E122828927 (21,21)
[5044] 2015/02/17 13:53:20.500 連線確認 E122828927 (21,21)
[5044] 2015/02/17 13:54:20.514 連線確認 E122828927 (21,21)
[5044] 2015/02/17 13:54:50.082 收到 Head 資訊 {Count 2} {Type C } 
[5044] 2015/02/17 13:55:20.528 連線確認 E122828927 (21,21)
[5044] 2015/02/17 13:56:20.541 連線確認 E122828927 (21,21)
[5044] 2015/02/17 13:56:24.910 收到 Head 資訊 {Count 2} {Type B } 
[5044] 2015/02/17 13:57:20.554 連線確認 E122828927 (21,21)
[5044] 2015/02/17 13:58:20.569 連線確認 E122828927 (21,21)
[5044] 2015/02/17 13:59:20.581 連線確認 E122828927 (21,21)
[5044] 2015/02/17 14:00:20.595 連線確認 E122828927 (21,21)
[5044] 2015/02/17 14:01:20.610 連線確認 E122828927 (21,21)
[5044] 2015/02/17 14:01:25.907 收到 Head 資訊 {Count 2} {Type B } 
[5044] 2015/02/17 14:02:20.622 連線確認 E122828927 (21,21)
[5044] 2015/02/17 14:03:20.636 連線確認 E122828927 (21,21)
[5044] 2015/02/17 14:04:20.649 連線確認 E122828927 (21,21)
[5044] 2015/02/17 14:05:20.663 連線確認 E122828927 (21,21)
[5044] 2015/02/17 14:06:20.677 連線確認 E122828927 (21,21)
[5044] 2015/02/17 14:06:26.893 收到 Head 資訊 {Count 2} {Type B } 
[5044] 2015/02/17 14:07:10.033 收到 Head 資訊 {Count 2} {Type C } 
[5044] 2015/02/17 14:07:20.690 連線確認 E122828927 (21,21)
[5044] 2015/02/17 14:08:20.704 連線確認 E122828927 (21,21)
[5044] 2015/02/17 14:09:20.717 連線確認 E122828927 (21,21)
[5044] 2015/02/17 14:10:20.732 連線確認 E122828927 (21,21)
[5044] 2015/02/17 14:11:20.749 連線確認 E122828927 (21,21)
[5044] 2015/02/17 14:11:37.624 收到 Head 資訊 {Count 2} {Type B } 
[5044] 2015/02/17 14:12:20.759 連線確認 E122828927 (21,21)
[5044] 2015/02/17 14:13:20.773 連線確認 E122828927 (21,21)
[5044] 2015/02/17 14:14:20.785 連線確認 E122828927 (21,21)
[5044] 2015/02/17 14:14:50.062 收到 Head 資訊 {Count 2} {Type C } 
[5044] 2015/02/17 14:15:20.799 連線確認 E122828927 (21,21)
[5396] 2015/02/17 15:26:13.350 API InitInstance 
[5396] 2015/02/17 15:26:13.684 E122828927 連線 Code：0
[5396] 2015/02/17 15:26:14.694 收到 Head 資訊 {Count 2} {Type C } 
[5396] 2015/02/17 15:26:14.697 收到 Head 資訊 {Count 2} {Type C } 
[5396] 2015/02/17 15:26:14.699 收到 Head 資訊 {Count 2} {Type C } 
[5396] 2015/02/17 15:26:14.701 收到 Head 資訊 {Count 2} {Type C } 
[5396] 2015/02/17 15:26:14.702 收到 Head 資訊 {Count 2} {Type C } 
[5396] 2015/02/17 15:26:14.704 收到 Head 資訊 {Count 2} {Type C } 
[5396] 2015/02/17 15:26:14.706 收到 Head 資訊 {Count 2} {Type C } 
[5396] 2015/02/17 15:26:14.708 收到 Head 資訊 {Count 2} {Type C } 
[5396] 2015/02/17 15:26:14.710 收到 Head 資訊 {Count 2} {Type C } 
[5396] 2015/02/17 15:26:14.711 收到 Head 資訊 {Count 2} {Type C } 
[5396] 2015/02/17 15:26:14.713 收到 Head 資訊 {Count 2} {Type C } 
[5396] 2015/02/17 15:26:14.715 收到 Head 資訊 {Count 2} {Type C } 
[5396] 2015/02/17 15:26:14.716 收到 Head 資訊 {Count 2} {Type C } 
[5396] 2015/02/17 15:26:14.718 收到 Head 資訊 {Count 2} {Type C } 
[5396] 2015/02/17 15:26:14.720 收到 Head 資訊 {Count 2} {Type C } 
[5396] 2015/02/17 15:26:14.721 收到 Head 資訊 {Count 2} {Type C } 
[5396] 2015/02/17 15:26:14.723 收到 Head 資訊 {Count 2} {Type C } 
[5396] 2015/02/17 15:26:14.725 收到 Head 資訊 {Count 2} {Type C } 
[5396] 2015/02/17 15:26:14.727 收到 Head 資訊 {Count 2} {Type C } 
[5396] 2015/02/17 15:26:14.728 收到 Head 資訊 {Count 2} {Type C } 
[5396] 2015/02/17 15:26:14.730 收到 Head 資訊 {Count 2} {Type C } 
[5396] 2015/02/17 15:26:14.732 收到 Head 資訊 {Count 2} {Type C } 
[5396] 2015/02/17 15:26:14.733 收到 Head 資訊 {Count 2} {Type C } 
[5396] 2015/02/17 15:26:14.735 收到 Head 資訊 {Count 2} {Type C } 
[5396] 2015/02/17 15:26:14.737 收到 Head 資訊 {Count 2} {Type C } 
[5396] 2015/02/17 15:26:14.738 收到 Head 資訊 {Count 2} {Type C } 
[5396] 2015/02/17 15:26:14.740 收到 Head 資訊 {Count 2} {Type C } 
[5396] 2015/02/17 15:26:14.742 收到 Head 資訊 {Count 2} {Type C } 
[5396] 2015/02/17 15:26:14.743 收到 Head 資訊 {Count 2} {Type C } 
[5396] 2015/02/17 15:26:14.745 收到 Head 資訊 {Count 2} {Type C } 
[5396] 2015/02/17 15:26:14.747 收到 Head 資訊 {Count 2} {Type C } 
[5396] 2015/02/17 15:26:14.748 收到 Head 資訊 {Count 2} {Type C } 
[5396] 2015/02/17 15:26:14.750 收到 Head 資訊 {Count 2} {Type C } 
[5396] 2015/02/17 15:26:14.752 收到 Head 資訊 {Count 2} {Type C } 
[5396] 2015/02/17 15:26:14.754 收到 Head 資訊 {Count 2} {Type C } 
[5396] 2015/02/17 15:26:14.755 收到 Head 資訊 {Count 2} {Type C } 
[5396] 2015/02/17 15:26:14.757 收到 Head 資訊 {Count 2} {Type C } 
[5396] 2015/02/17 15:26:14.759 收到 Head 資訊 {Count 2} {Type C } 
[5396] 2015/02/17 15:26:14.760 收到 Head 資訊 {Count 2} {Type C } 
[5396] 2015/02/17 15:26:14.762 收到 Head 資訊 {Count 2} {Type C } 
[5396] 2015/02/17 15:26:14.763 收到 Head 資訊 {Count 2} {Type C } 
[5396] 2015/02/17 15:26:14.765 收到 Head 資訊 {Count 2} {Type C } 
[5396] 2015/02/17 15:26:14.767 收到 Head 資訊 {Count 2} {Type C } 
[5396] 2015/02/17 15:26:14.769 收到 Head 資訊 {Count 2} {Type C } 
[5396] 2015/02/17 15:26:14.770 收到 Head 資訊 {Count 2} {Type C } 
[5396] 2015/02/17 15:26:14.772 收到 Head 資訊 {Count 2} {Type C } 
[5396] 2015/02/17 15:26:14.773 收到 Head 資訊 {Count 2} {Type C } 
[5396] 2015/02/17 15:26:14.775 收到 Head 資訊 {Count 2} {Type C } 
[5396] 2015/02/17 15:26:14.777 收到 Head 資訊 {Count 2} {Type C } 
[5396] 2015/02/17 15:26:14.779 收到 Head 資訊 {Count 2} {Type C } 
[5396] 2015/02/17 15:26:14.780 收到 Head 資訊 {Count 2} {Type C } 
[5396] 2015/02/17 15:26:14.782 收到 Head 資訊 {Count 2} {Type C } 
[5396] 2015/02/17 15:26:14.784 收到 Head 資訊 {Count 2} {Type C } 
[5396] 2015/02/17 15:26:14.785 收到 Head 資訊 {Count 2} {Type C } 
[5396] 2015/02/17 15:26:14.787 收到 Head 資訊 {Count 2} {Type C } 
[5396] 2015/02/17 15:26:14.789 收到 Head 資訊 {Count 2} {Type C } 
[5396] 2015/02/17 15:26:14.790 收到 Head 資訊 {Count 2} {Type C } 
[5396] 2015/02/17 15:26:14.792 收到 Head 資訊 {Count 2} {Type C } 
[5396] 2015/02/17 15:26:14.794 收到 Head 資訊 {Count 2} {Type C } 
[5396] 2015/02/17 15:26:14.795 收到 Head 資訊 {Count 2} {Type C } 
[5396] 2015/02/17 15:26:14.797 收到 Head 資訊 {Count 2} {Type C } 
[5396] 2015/02/17 15:26:14.799 收到 Head 資訊 {Count 2} {Type C } 
[5396] 2015/02/17 15:26:14.800 收到 Head 資訊 {Count 2} {Type C } 
[5396] 2015/02/17 15:26:14.802 收到 Head 資訊 {Count 2} {Type C } 
[5396] 2015/02/17 15:26:14.804 收到 Head 資訊 {Count 2} {Type C } 
[5396] 2015/02/17 15:26:14.805 收到 Head 資訊 {Count 2} {Type C } 
[5396] 2015/02/17 15:26:14.807 收到 Head 資訊 {Count 2} {Type C } 
[5396] 2015/02/17 15:26:14.809 收到 Head 資訊 {Count 2} {Type C } 
[5396] 2015/02/17 15:26:14.811 收到 Head 資訊 {Count 2} {Type C } 
[5396] 2015/02/17 15:26:14.813 收到 Head 資訊 {Count 2} {Type C } 
[5396] 2015/02/17 15:26:14.814 收到 Head 資訊 {Count 2} {Type C } 
[5396] 2015/02/17 15:26:14.816 收到 Head 資訊 {Count 2} {Type C } 
[5396] 2015/02/17 15:26:14.818 收到 Head 資訊 {Count 2} {Type C } 
[5396] 2015/02/17 15:26:14.819 收到 Head 資訊 {Count 2} {Type C } 
[5396] 2015/02/17 15:26:14.821 收到 Head 資訊 {Count 2} {Type C } 
[5396] 2015/02/17 15:26:14.823 收到 Head 資訊 {Count 2} {Type C } 
[5396] 2015/02/17 15:26:14.824 收到 Head 資訊 {Count 2} {Type C } 
[5396] 2015/02/17 15:26:14.826 收到 Head 資訊 {Count 2} {Type C } 
[5396] 2015/02/17 15:26:14.828 收到 Head 資訊 {Count 2} {Type C } 
[5396] 2015/02/17 15:26:14.829 收到 Head 資訊 {Count 2} {Type C } 
[5396] 2015/02/17 15:26:14.831 收到 Head 資訊 {Count 2} {Type C } 
[5396] 2015/02/17 15:26:14.833 收到 Head 資訊 {Count 2} {Type C } 
[5396] 2015/02/17 15:26:14.834 收到 Head 資訊 {Count 2} {Type C } 
[5396] 2015/02/17 15:26:14.836 收到 Head 資訊 {Count 2} {Type C } 
[5396] 2015/02/17 15:26:14.838 收到 Head 資訊 {Count 2} {Type C } 
[5396] 2015/02/17 15:26:14.839 收到 Head 資訊 {Count 2} {Type C } 
[5396] 2015/02/17 15:26:14.841 收到 Head 資訊 {Count 2} {Type C } 
[5396] 2015/02/17 15:26:14.843 收到 Head 資訊 {Count 2} {Type C } 
[5396] 2015/02/17 15:26:14.844 收到 Head 資訊 {Count 2} {Type C } 
[5396] 2015/02/17 15:26:14.846 收到 Head 資訊 {Count 2} {Type C } 
[5396] 2015/02/17 15:26:14.848 收到 Head 資訊 {Count 2} {Type C } 
[5396] 2015/02/17 15:26:14.849 收到 Head 資訊 {Count 2} {Type C } 
[5396] 2015/02/17 15:26:14.851 收到 Head 資訊 {Count 2} {Type C } 
[5396] 2015/02/17 15:26:14.853 收到 Head 資訊 {Count 2} {Type C } 
[5396] 2015/02/17 15:26:14.854 收到 Head 資訊 {Count 2} {Type C } 
[5396] 2015/02/17 15:26:14.856 收到 Head 資訊 {Count 2} {Type C } 
[5396] 2015/02/17 15:26:14.858 收到 Head 資訊 {Count 2} {Type C } 
[5396] 2015/02/17 15:26:14.859 收到 Head 資訊 {Count 2} {Type C } 
[5396] 2015/02/17 15:26:14.861 收到 Head 資訊 {Count 2} {Type D } 
[5396] 2015/02/17 15:26:14.863 收到 Head 資訊 {Count 2} {Type C } 
[5396] 2015/02/17 15:26:14.864 收到 Head 資訊 {Count 2} {Type C } 
[5396] 2015/02/17 15:26:14.866 收到 Head 資訊 {Count 2} {Type C } 
[5396] 2015/02/17 15:26:14.868 收到 Head 資訊 {Count 2} {Type C } 
[5396] 2015/02/17 15:26:14.870 收到 Head 資訊 {Count 2} {Type C } 
[5396] 2015/02/17 15:26:14.871 收到 Head 資訊 {Count 2} {Type C } 
[5396] 2015/02/17 15:26:14.873 收到 Head 資訊 {Count 2} {Type C } 
[5396] 2015/02/17 15:26:14.875 收到 Head 資訊 {Count 2} {Type C } 
[5396] 2015/02/17 15:26:14.876 收到 Head 資訊 {Count 2} {Type C } 
[5396] 2015/02/17 15:26:14.878 收到 Head 資訊 {Count 2} {Type C } 
[5396] 2015/02/17 15:26:14.880 收到 Head 資訊 {Count 2} {Type C } 
[5396] 2015/02/17 15:26:14.881 收到 Head 資訊 {Count 2} {Type C } 
[5396] 2015/02/17 15:26:14.883 收到 Head 資訊 {Count 2} {Type C } 
[5396] 2015/02/17 15:26:14.885 收到 Head 資訊 {Count 2} {Type C } 
[5396] 2015/02/17 15:26:14.886 收到 Head 資訊 {Count 2} {Type C } 
[5396] 2015/02/17 15:26:14.888 收到 Head 資訊 {Count 2} {Type C } 
[5396] 2015/02/17 15:26:14.890 收到 Head 資訊 {Count 2} {Type C } 
[5396] 2015/02/17 15:26:14.892 收到 Head 資訊 {Count 2} {Type C } 
[5396] 2015/02/17 15:26:14.893 收到 Head 資訊 {Count 2} {Type C } 
[5396] 2015/02/17 15:26:14.895 收到 Head 資訊 {Count 2} {Type C } 
[5396] 2015/02/17 15:26:14.897 收到 Head 資訊 {Count 2} {Type C } 
[5396] 2015/02/17 15:26:14.898 收到 Head 資訊 {Count 2} {Type C } 
[5396] 2015/02/17 15:26:14.900 收到 Head 資訊 {Count 2} {Type C } 
[5396] 2015/02/17 15:26:14.902 收到 Head 資訊 {Count 2} {Type C } 
[5396] 2015/02/17 15:26:14.903 收到 Head 資訊 {Count 2} {Type C } 
[5396] 2015/02/17 15:26:14.905 收到 Head 資訊 {Count 2} {Type C } 
[5396] 2015/02/17 15:26:14.907 收到 Head 資訊 {Count 2} {Type C } 
[5396] 2015/02/17 15:26:14.908 收到 Head 資訊 {Count 2} {Type C } 
[5396] 2015/02/17 15:26:14.910 收到 Head 資訊 {Count 2} {Type C } 
[5396] 2015/02/17 15:26:14.912 收到 Head 資訊 {Count 2} {Type C } 
[5396] 2015/02/17 15:26:14.913 收到 Head 資訊 {Count 2} {Type C } 
[5396] 2015/02/17 15:26:14.915 收到 Head 資訊 {Count 2} {Type C } 
[5396] 2015/02/17 15:26:14.917 收到 Head 資訊 {Count 2} {Type C } 
[5396] 2015/02/17 15:26:14.918 收到 Head 資訊 {Count 2} {Type C } 
[5396] 2015/02/17 15:26:14.920 收到 Head 資訊 {Count 2} {Type C } 
[5396] 2015/02/17 15:26:14.922 收到 Head 資訊 {Count 2} {Type C } 
[5396] 2015/02/17 15:26:14.923 收到 Head 資訊 {Count 2} {Type C } 
[5396] 2015/02/17 15:26:14.925 收到 Head 資訊 {Count 2} {Type C } 
[5396] 2015/02/17 15:26:14.927 收到 Head 資訊 {Count 2} {Type C } 
[5396] 2015/02/17 15:26:14.928 收到 Head 資訊 {Count 2} {Type C } 
[5396] 2015/02/17 15:26:14.930 收到 Head 資訊 {Count 2} {Type C } 
[5396] 2015/02/17 15:26:14.932 收到 Head 資訊 {Count 2} {Type C } 
[5396] 2015/02/17 15:26:14.933 收到 Head 資訊 {Count 2} {Type C } 
[5396] 2015/02/17 15:26:14.935 收到 Head 資訊 {Count 2} {Type C } 
[5396] 2015/02/17 15:26:14.937 收到 Head 資訊 {Count 2} {Type C } 
[5396] 2015/02/17 15:26:14.939 收到 Head 資訊 {Count 2} {Type C } 
[5396] 2015/02/17 15:26:14.941 收到 Head 資訊 {Count 2} {Type C } 
[5396] 2015/02/17 15:26:14.943 收到 Head 資訊 {Count 2} {Type C } 
[5396] 2015/02/17 15:26:14.945 收到 Head 資訊 {Count 2} {Type C } 
[5396] 2015/02/17 15:26:14.946 收到 Head 資訊 {Count 2} {Type C } 
[5396] 2015/02/17 15:26:14.948 收到 Head 資訊 {Count 2} {Type C } 
[5396] 2015/02/17 15:26:14.950 收到 Head 資訊 {Count 2} {Type C } 
[5396] 2015/02/17 15:26:14.952 收到 Head 資訊 {Count 2} {Type C } 
[5396] 2015/02/17 15:26:14.953 收到 Head 資訊 {Count 2} {Type C } 
[5396] 2015/02/17 15:26:14.955 收到 Head 資訊 {Count 2} {Type C } 
[5396] 2015/02/17 15:26:14.957 收到 Head 資訊 {Count 2} {Type C } 
[5396] 2015/02/17 15:26:14.959 收到 Head 資訊 {Count 2} {Type C } 
[5396] 2015/02/17 15:26:14.961 收到 Head 資訊 {Count 2} {Type C } 
[5396] 2015/02/17 15:26:14.962 收到 Head 資訊 {Count 2} {Type C } 
[5396] 2015/02/17 15:26:14.964 收到 Head 資訊 {Count 2} {Type C } 
[5396] 2015/02/17 15:26:14.966 收到 Head 資訊 {Count 2} {Type C } 
[5396] 2015/02/17 15:26:14.968 收到 Head 資訊 {Count 2} {Type C } 
[5396] 2015/02/17 15:26:14.970 收到 Head 資訊 {Count 2} {Type C } 
[5396] 2015/02/17 15:26:14.971 收到 Head 資訊 {Count 2} {Type C } 
[5396] 2015/02/17 15:26:14.973 收到 Head 資訊 {Count 2} {Type C } 
[5396] 2015/02/17 15:26:14.975 收到 Head 資訊 {Count 2} {Type C } 
[5396] 2015/02/17 15:26:14.977 收到 Head 資訊 {Count 2} {Type C } 
[5396] 2015/02/17 15:26:14.979 收到 Head 資訊 {Count 2} {Type C } 
[5396] 2015/02/17 15:26:14.981 收到 Head 資訊 {Count 2} {Type C } 
[5396] 2015/02/17 15:26:14.982 收到 Head 資訊 {Count 2} {Type C } 
[5396] 2015/02/17 15:26:14.984 收到 Head 資訊 {Count 2} {Type C } 
[5396] 2015/02/17 15:26:14.986 收到 Head 資訊 {Count 2} {Type C } 
[5396] 2015/02/17 15:26:14.988 收到 Head 資訊 {Count 2} {Type C } 
[5396] 2015/02/17 15:26:14.990 收到 Head 資訊 {Count 2} {Type C } 
[5396] 2015/02/17 15:26:14.992 收到 Head 資訊 {Count 2} {Type C } 
[5396] 2015/02/17 15:26:14.993 收到 Head 資訊 {Count 2} {Type C } 
[5396] 2015/02/17 15:26:14.995 收到 Head 資訊 {Count 2} {Type C } 
[5396] 2015/02/17 15:26:14.997 收到 Head 資訊 {Count 2} {Type C } 
[5396] 2015/02/17 15:26:14.999 收到 Head 資訊 {Count 2} {Type C } 
[5396] 2015/02/17 15:26:15.001 收到 Head 資訊 {Count 2} {Type C } 
[5396] 2015/02/17 15:26:15.003 收到 Head 資訊 {Count 2} {Type C } 
[5396] 2015/02/17 15:26:15.005 收到 Head 資訊 {Count 2} {Type C } 
[5396] 2015/02/17 15:26:15.006 收到 Head 資訊 {Count 2} {Type C } 
[5396] 2015/02/17 15:26:15.008 收到 Head 資訊 {Count 2} {Type C } 
[5396] 2015/02/17 15:26:15.010 收到 Head 資訊 {Count 2} {Type C } 
[5396] 2015/02/17 15:26:15.012 收到 Head 資訊 {Count 2} {Type C } 
[5396] 2015/02/17 15:26:15.014 收到 Head 資訊 {Count 2} {Type C } 
[5396] 2015/02/17 15:26:15.016 收到 Head 資訊 {Count 2} {Type C } 
[5396] 2015/02/17 15:26:15.018 收到 Head 資訊 {Count 2} {Type C } 
[5396] 2015/02/17 15:26:15.020 收到 Head 資訊 {Count 2} {Type C } 
[5396] 2015/02/17 15:26:15.022 收到 Head 資訊 {Count 2} {Type C } 
[5396] 2015/02/17 15:26:15.024 收到 Head 資訊 {Count 2} {Type C } 
[5396] 2015/02/17 15:26:15.026 收到 Head 資訊 {Count 2} {Type C } 
[5396] 2015/02/17 15:26:15.028 收到 Head 資訊 {Count 2} {Type C } 
[5396] 2015/02/17 15:26:15.030 收到 Head 資訊 {Count 2} {Type C } 
[5396] 2015/02/17 15:26:15.032 收到 Head 資訊 {Count 2} {Type C } 
[5396] 2015/02/17 15:26:15.034 收到 Head 資訊 {Count 2} {Type D } 
[5396] 2015/02/17 15:26:15.036 收到 Head 資訊 {Count 2} {Type C } 
[5396] 2015/02/17 15:26:15.038 收到 Head 資訊 {Count 2} {Type C } 
[5396] 2015/02/17 15:26:15.040 收到 Head 資訊 {Count 2} {Type C } 
[5396] 2015/02/17 15:26:15.042 收到 Head 資訊 {Count 2} {Type C } 
[5396] 2015/02/17 15:26:15.044 收到 Head 資訊 {Count 2} {Type C } 
[5396] 2015/02/17 15:26:15.045 收到 Head 資訊 {Count 2} {Type C } 
[5396] 2015/02/17 15:26:15.047 收到 Head 資訊 {Count 2} {Type C } 
[5396] 2015/02/17 15:26:15.049 收到 Head 資訊 {Count 2} {Type C } 
[5396] 2015/02/17 15:26:15.051 收到 Head 資訊 {Count 2} {Type C } 
[5396] 2015/02/17 15:26:15.053 收到 Head 資訊 {Count 2} {Type C } 
[5396] 2015/02/17 15:26:15.055 收到 Head 資訊 {Count 2} {Type D } 
[5396] 2015/02/17 15:26:15.057 收到 Head 資訊 {Count 2} {Type B } 
[5396] 2015/02/17 15:27:13.649 連線確認 E122828927 (21,21)
[5396] 2015/02/17 15:28:13.663 連線確認 E122828927 (21,21)
[5396] 2015/02/17 15:29:13.677 連線確認 E122828927 (21,21)
[5396] 2015/02/17 15:30:09.459 收到 Head 資訊 {Count 2} {Type C } 
[5396] 2015/02/17 15:30:13.691 連線確認 E122828927 (21,21)
[5396] 2015/02/17 15:31:13.704 連線確認 E122828927 (21,21)
[5396] 2015/02/17 15:31:14.618 收到 Head 資訊 {Count 2} {Type B } 
[5396] 2015/02/17 15:31:59.707 收到 Head 資訊 {Count 2} {Type C } 
[5396] 2015/02/17 15:32:09.697 收到 Head 資訊 {Count 2} {Type C } 
[5396] 2015/02/17 15:32:13.717 連線確認 E122828927 (21,21)
[5396] 2015/02/17 15:32:19.687 收到 Head 資訊 {Count 2} {Type C } 
[5396] 2015/02/17 15:33:13.731 連線確認 E122828927 (21,21)
[5396] 2015/02/17 15:34:13.744 連線確認 E122828927 (21,21)
[5396] 2015/02/17 15:35:13.757 連線確認 E122828927 (21,21)
[5396] 2015/02/17 15:36:13.772 連線確認 E122828927 (21,21)
[5396] 2015/02/17 15:36:15.604 收到 Head 資訊 {Count 2} {Type B } 
[5396] 2015/02/17 15:37:13.785 連線確認 E122828927 (21,21)
[5396] 2015/02/17 15:38:13.800 連線確認 E122828927 (21,21)
[5396] 2015/02/17 15:39:13.813 連線確認 E122828927 (21,21)
[5396] 2015/02/17 15:40:13.827 連線確認 E122828927 (21,21)
[5396] 2015/02/17 15:40:14.611 收到 Head 資訊 {Count 2} {Type D } 
[5396] 2015/02/17 15:41:13.839 連線確認 E122828927 (21,21)
[5396] 2015/02/17 15:41:16.590 收到 Head 資訊 {Count 2} {Type B } 
[5396] 2015/02/17 15:42:13.853 連線確認 E122828927 (21,21)
[5396] 2015/02/17 15:43:13.868 連線確認 E122828927 (21,21)
[5396] 2015/02/17 15:44:13.880 連線確認 E122828927 (21,21)
[5396] 2015/02/17 15:45:13.895 連線確認 E122828927 (21,21)
[5396] 2015/02/17 15:46:13.908 連線確認 E122828927 (21,21)
[5396] 2015/02/17 15:46:18.296 收到 Head 資訊 {Count 2} {Type B } 
[5396] 2015/02/17 15:47:13.921 連線確認 E122828927 (21,21)
[5396] 2015/02/17 15:48:13.936 連線確認 E122828927 (21,21)
[5396] 2015/02/17 15:49:13.948 連線確認 E122828927 (21,21)
[5396] 2015/02/17 15:50:13.963 連線確認 E122828927 (21,21)
[5396] 2015/02/17 15:50:40.312 收到 Head 資訊 {Count 2} {Type C } 
[5396] 2015/02/17 15:51:13.975 連線確認 E122828927 (21,21)
[5396] 2015/02/17 15:51:19.282 收到 Head 資訊 {Count 2} {Type B } 
[5396] 2015/02/17 15:52:00.532 收到 Head 資訊 {Count 2} {Type C } 
[5396] 2015/02/17 15:52:10.521 收到 Head 資訊 {Count 2} {Type C } 
[5396] 2015/02/17 15:52:13.999 連線確認 E122828927 (21,21)
[5396] 2015/02/17 15:53:14.003 連線確認 E122828927 (21,21)
[5396] 2015/02/17 15:54:14.015 連線確認 E122828927 (21,21)
[5396] 2015/02/17 15:54:50.420 收到 Head 資訊 {Count 2} {Type C } 
[5396] 2015/02/17 15:55:00.400 收到 Head 資訊 {Count 2} {Type C } 
[5396] 2015/02/17 15:55:10.420 收到 Head 資訊 {Count 2} {Type C } 
[5396] 2015/02/17 15:55:14.030 連線確認 E122828927 (21,21)
[5396] 2015/02/17 15:55:20.409 收到 Head 資訊 {Count 2} {Type C } 
[5396] 2015/02/17 15:55:30.400 收到 Head 資訊 {Count 2} {Type C } 
[5396] 2015/02/17 15:56:14.043 連線確認 E122828927 (21,21)
[5396] 2015/02/17 15:56:20.289 收到 Head 資訊 {Count 2} {Type B } 
[5396] 2015/02/17 15:57:14.057 連線確認 E122828927 (21,21)
[5396] 2015/02/17 15:58:14.070 連線確認 E122828927 (21,21)
[5396] 2015/02/17 15:59:14.083 連線確認 E122828927 (21,21)
[5396] 2015/02/17 15:59:34.248 收到 Head 資訊 {Count 2} {Type D } 
[5396] 2015/02/17 16:00:14.099 連線確認 E122828927 (21,21)
[5396] 2015/02/17 16:01:14.112 連線確認 E122828927 (21,21)
[5396] 2015/02/17 16:01:20.678 收到 Head 資訊 {Count 2} {Type B } 
[5396] 2015/02/17 16:02:14.126 連線確認 E122828927 (21,21)
[5396] 2015/02/17 16:03:14.138 連線確認 E122828927 (21,21)
[5396] 2015/02/17 16:04:14.152 連線確認 E122828927 (21,21)
[5396] 2015/02/17 16:05:14.166 連線確認 E122828927 (21,21)
[5396] 2015/02/17 16:06:14.179 連線確認 E122828927 (21,21)
[5396] 2015/02/17 16:06:21.674 收到 Head 資訊 {Count 2} {Type B } 
[5396] 2015/02/17 16:07:14.193 連線確認 E122828927 (21,21)
[5396] 2015/02/17 16:08:14.206 連線確認 E122828927 (21,21)
[5396] 2015/02/17 16:09:14.220 連線確認 E122828927 (21,21)
[5396] 2015/02/17 16:10:14.234 連線確認 E122828927 (21,21)
[5396] 2015/02/17 16:11:14.247 連線確認 E122828927 (21,21)
[5396] 2015/02/17 16:11:22.660 收到 Head 資訊 {Count 2} {Type B } 
[5396] 2015/02/17 16:12:00.099 收到 Head 資訊 {Count 2} {Type C } 
[5396] 2015/02/17 16:12:10.120 收到 Head 資訊 {Count 2} {Type C } 
[5396] 2015/02/17 16:12:14.261 連線確認 E122828927 (21,21)
[5396] 2015/02/17 16:12:20.109 收到 Head 資訊 {Count 2} {Type C } 
[5396] 2015/02/17 16:13:14.274 連線確認 E122828927 (21,21)
[5396] 2015/02/17 16:14:15.504 連線確認 E122828927 (21,21)
[5396] 2015/02/17 16:15:15.502 連線確認 E122828927 (21,21)
[5396] 2015/02/17 16:16:15.516 連線確認 E122828927 (21,21)
[5396] 2015/02/17 16:16:23.253 收到 Head 資訊 {Count 2} {Type B } 
[5396] 2015/02/17 16:17:15.530 連線確認 E122828927 (21,21)
[5396] 2015/02/17 16:18:15.543 連線確認 E122828927 (21,21)
[5396] 2015/02/17 16:18:45.180 收到 Head 資訊 {Count 2} {Type D } 
[5396] 2015/02/17 16:19:15.557 連線確認 E122828927 (21,21)
[5396] 2015/02/17 16:20:15.571 連線確認 E122828927 (21,21)
[5396] 2015/02/17 16:21:15.584 連線確認 E122828927 (21,21)
[5396] 2015/02/17 16:21:24.237 收到 Head 資訊 {Count 2} {Type B } 
[5396] 2015/02/17 16:21:45.867 收到 Head 資訊 {Count 2} {Type D } 
[5396] 2015/02/17 16:22:15.598 連線確認 E122828927 (21,21)
[5396] 2015/02/17 16:23:15.612 連線確認 E122828927 (21,21)
[5396] 2015/02/17 16:24:15.625 連線確認 E122828927 (21,21)
[5396] 2015/02/17 16:25:15.638 連線確認 E122828927 (21,21)
[5396] 2015/02/17 16:26:15.652 連線確認 E122828927 (21,21)
[5396] 2015/02/17 16:26:25.224 收到 Head 資訊 {Count 2} {Type B } 
[5396] 2015/02/17 16:27:15.665 連線確認 E122828927 (21,21)
[5396] 2015/02/17 16:28:06.803 收到 Head 資訊 {Count 2} {Type D } 
[5396] 2015/02/17 16:28:15.679 連線確認 E122828927 (21,21)
[5396] 2015/02/17 16:29:15.694 連線確認 E122828927 (21,21)
[5396] 2015/02/17 16:30:15.706 連線確認 E122828927 (21,21)
[5396] 2015/02/17 16:31:15.719 連線確認 E122828927 (21,21)
[5396] 2015/02/17 16:31:27.116 收到 Head 資訊 {Count 2} {Type B } 
[5396] 2015/02/17 16:32:15.735 連線確認 E122828927 (21,21)
[5396] 2015/02/17 16:33:15.748 連線確認 E122828927 (21,21)
[5396] 2015/02/17 16:34:15.762 連線確認 E122828927 (21,21)
[5396] 2015/02/17 16:35:15.774 連線確認 E122828927 (21,21)
[5396] 2015/02/17 16:36:15.788 連線確認 E122828927 (21,21)
[5396] 2015/02/17 16:36:28.102 收到 Head 資訊 {Count 2} {Type B } 
[5396] 2015/02/17 16:37:15.803 連線確認 E122828927 (21,21)
[5396] 2015/02/17 16:38:15.838 連線確認 E122828927 (21,21)
[5396] 2015/02/17 16:39:15.829 連線確認 E122828927 (21,21)
[5396] 2015/02/17 16:40:15.844 連線確認 E122828927 (21,21)
[5396] 2015/02/17 16:41:15.856 連線確認 E122828927 (21,21)
[5396] 2015/02/17 16:41:29.089 收到 Head 資訊 {Count 2} {Type B } 
[5396] 2015/02/17 16:42:15.869 連線確認 E122828927 (21,21)
[5396] 2015/02/17 16:42:41.987 收到 Head 資訊 {Count 2} {Type D } 
[5396] 2015/02/17 16:43:15.884 連線確認 E122828927 (21,21)
[5396] 2015/02/17 16:44:15.897 連線確認 E122828927 (21,21)
[5396] 2015/02/17 16:45:15.910 連線確認 E122828927 (21,21)
[5396] 2015/02/17 16:46:15.925 連線確認 E122828927 (21,21)
[5396] 2015/02/17 16:46:29.583 收到 Head 資訊 {Count 2} {Type B } 
[5396] 2015/02/17 16:47:15.937 連線確認 E122828927 (21,21)
[5396] 2015/02/17 16:48:15.952 連線確認 E122828927 (21,21)
[5396] 2015/02/17 16:49:15.990 連線確認 E122828927 (21,21)
[5396] 2015/02/17 16:50:15.978 連線確認 E122828927 (21,21)
[5396] 2015/02/17 16:51:15.992 連線確認 E122828927 (21,21)
[5396] 2015/02/17 16:51:30.565 收到 Head 資訊 {Count 2} {Type B } 
[5396] 2015/02/17 16:52:00.324 收到 Head 資訊 {Count 2} {Type C } 
[5396] 2015/02/17 16:52:10.314 收到 Head 資訊 {Count 2} {Type C } 
[5396] 2015/02/17 16:52:16.006 連線確認 E122828927 (21,21)
[5396] 2015/02/17 16:52:20.335 收到 Head 資訊 {Count 2} {Type C } 
[5396] 2015/02/17 16:52:30.323 收到 Head 資訊 {Count 2} {Type C } 
[5396] 2015/02/17 16:52:40.314 收到 Head 資訊 {Count 2} {Type C } 
[5396] 2015/02/17 16:53:16.019 連線確認 E122828927 (21,21)
[5396] 2015/02/17 16:54:16.032 連線確認 E122828927 (21,21)
[5396] 2015/02/17 16:55:16.047 連線確認 E122828927 (21,21)
[5396] 2015/02/17 16:56:16.060 連線確認 E122828927 (21,21)
[5396] 2015/02/17 16:56:31.551 收到 Head 資訊 {Count 2} {Type B } 
[5396] 2015/02/17 16:57:16.073 連線確認 E122828927 (21,21)
[5396] 2015/02/17 16:58:16.088 連線確認 E122828927 (21,21)
[5396] 2015/02/17 16:59:16.100 連線確認 E122828927 (21,21)
[5396] 2015/02/17 17:00:16.114 連線確認 E122828927 (21,21)
[5396] 2015/02/17 17:01:16.128 連線確認 E122828927 (21,21)
[5396] 2015/02/17 17:01:33.002 收到 Head 資訊 {Count 2} {Type B } 
[5396] 2015/02/17 17:02:16.141 連線確認 E122828927 (21,21)
[5396] 2015/02/17 17:03:16.155 連線確認 E122828927 (21,21)
[5396] 2015/02/17 17:04:16.168 連線確認 E122828927 (21,21)
[5396] 2015/02/17 17:05:16.181 連線確認 E122828927 (21,21)
[5396] 2015/02/17 17:06:16.195 連線確認 E122828927 (21,21)
[5396] 2015/02/17 17:06:33.987 收到 Head 資訊 {Count 2} {Type B } 
[5396] 2015/02/17 17:07:16.209 連線確認 E122828927 (21,21)
[5396] 2015/02/17 17:08:16.224 連線確認 E122828927 (21,21)
[5396] 2015/02/17 17:09:11.066 收到 Head 資訊 {Count 2} {Type C } 
[5396] 2015/02/17 17:09:16.237 連線確認 E122828927 (21,21)
[5396] 2015/02/17 17:09:21.055 收到 Head 資訊 {Count 2} {Type C } 
[5396] 2015/02/17 17:10:16.251 連線確認 E122828927 (21,21)
[5396] 2015/02/17 17:11:16.264 連線確認 E122828927 (21,21)
[5396] 2015/02/17 17:11:34.973 收到 Head 資訊 {Count 2} {Type B } 
[5396] 2015/02/17 17:12:16.277 連線確認 E122828927 (21,21)
[5396] 2015/02/17 17:13:16.291 連線確認 E122828927 (21,21)
[5396] 2015/02/17 17:14:16.304 連線確認 E122828927 (21,21)
[5396] 2015/02/17 17:15:16.318 連線確認 E122828927 (21,21)
[5396] 2015/02/17 17:16:16.331 連線確認 E122828927 (21,21)
[5396] 2015/02/17 17:16:35.588 收到 Head 資訊 {Count 2} {Type B } 
[5396] 2015/02/17 17:17:16.345 連線確認 E122828927 (21,21)
[5396] 2015/02/17 17:18:16.358 連線確認 E122828927 (21,21)
[5396] 2015/02/17 17:19:16.373 連線確認 E122828927 (21,21)
[5396] 2015/02/17 17:20:16.386 連線確認 E122828927 (21,21)
[5396] 2015/02/17 17:21:16.399 連線確認 E122828927 (21,21)
[5396] 2015/02/17 17:21:36.546 收到 Head 資訊 {Count 2} {Type B } 
[5396] 2015/02/17 17:22:16.413 連線確認 E122828927 (21,21)
[5396] 2015/02/17 17:23:16.426 連線確認 E122828927 (21,21)
[5396] 2015/02/17 17:24:16.441 連線確認 E122828927 (21,21)
[5396] 2015/02/17 17:25:16.453 連線確認 E122828927 (21,21)
[5396] 2015/02/17 17:26:16.467 連線確認 E122828927 (21,21)
[5396] 2015/02/17 17:26:20.882 收到 Head 資訊 {Count 2} {Type C } 
[5396] 2015/02/17 17:26:30.872 收到 Head 資訊 {Count 2} {Type C } 
[5396] 2015/02/17 17:26:37.532 收到 Head 資訊 {Count 2} {Type B } 
[5396] 2015/02/17 17:26:40.892 收到 Head 資訊 {Count 2} {Type C } 
[5396] 2015/02/17 17:26:50.882 收到 Head 資訊 {Count 2} {Type C } 
[5396] 2015/02/17 17:27:00.872 收到 Head 資訊 {Count 2} {Type C } 
[5396] 2015/02/17 17:27:10.892 收到 Head 資訊 {Count 2} {Type C } 
[5396] 2015/02/17 17:27:16.481 連線確認 E122828927 (21,21)
[5396] 2015/02/17 17:27:20.882 收到 Head 資訊 {Count 2} {Type C } 
[5396] 2015/02/17 17:27:30.872 收到 Head 資訊 {Count 2} {Type C } 
[5396] 2015/02/17 17:27:40.892 收到 Head 資訊 {Count 2} {Type C } 
[5396] 2015/02/17 17:27:50.881 收到 Head 資訊 {Count 2} {Type C } 
[5396] 2015/02/17 17:28:00.902 收到 Head 資訊 {Count 2} {Type C } 
[5396] 2015/02/17 17:28:10.891 收到 Head 資訊 {Count 2} {Type C } 
[5396] 2015/02/17 17:28:16.495 連線確認 E122828927 (21,21)
[5396] 2015/02/17 17:29:16.508 連線確認 E122828927 (21,21)
[5396] 2015/02/17 17:30:16.522 連線確認 E122828927 (21,21)
[5396] 2015/02/17 17:31:17.502 連線確認 E122828927 (21,21)
[5396] 2015/02/17 17:31:39.055 收到 Head 資訊 {Count 2} {Type B } 
[5396] 2015/02/17 17:32:17.500 連線確認 E122828927 (21,21)
[5396] 2015/02/17 17:33:17.513 連線確認 E122828927 (21,21)
[5396] 2015/02/17 17:34:17.528 連線確認 E122828927 (21,21)
[5396] 2015/02/17 17:35:17.541 連線確認 E122828927 (21,21)
[5396] 2015/02/17 17:36:17.555 連線確認 E122828927 (21,21)
[5396] 2015/02/17 17:36:40.041 收到 Head 資訊 {Count 2} {Type B } 
[5396] 2015/02/17 17:37:17.568 連線確認 E122828927 (21,21)
[5396] 2015/02/17 17:38:17.583 連線確認 E122828927 (21,21)
[5396] 2015/02/17 17:39:17.596 連線確認 E122828927 (21,21)
[5396] 2015/02/17 17:40:17.609 連線確認 E122828927 (21,21)
[5396] 2015/02/17 17:41:17.623 連線確認 E122828927 (21,21)
[5396] 2015/02/17 17:41:41.027 收到 Head 資訊 {Count 2} {Type B } 
[5396] 2015/02/17 17:42:17.636 連線確認 E122828927 (21,21)
[5396] 2015/02/17 17:43:17.650 連線確認 E122828927 (21,21)
[5396] 2015/02/17 17:43:31.665 收到 Head 資訊 {Count 2} {Type C } 
[5396] 2015/02/17 17:43:41.656 收到 Head 資訊 {Count 2} {Type C } 
[5396] 2015/02/17 17:43:51.676 收到 Head 資訊 {Count 2} {Type C } 
[5396] 2015/02/17 17:44:01.665 收到 Head 資訊 {Count 2} {Type C } 
[5396] 2015/02/17 17:44:17.664 連線確認 E122828927 (21,21)
[5396] 2015/02/17 17:45:17.677 連線確認 E122828927 (21,21)
[5396] 2015/02/17 17:46:17.690 連線確認 E122828927 (21,21)
[5396] 2015/02/17 17:46:41.594 收到 Head 資訊 {Count 2} {Type B } 
[5396] 2015/02/17 17:47:17.704 連線確認 E122828927 (21,21)
[5396] 2015/02/17 17:48:17.718 連線確認 E122828927 (21,21)
[5396] 2015/02/17 17:49:17.731 連線確認 E122828927 (21,21)
[5396] 2015/02/17 17:50:17.744 連線確認 E122828927 (21,21)
[5396] 2015/02/17 17:51:17.758 連線確認 E122828927 (21,21)
[5396] 2015/02/17 17:51:42.580 收到 Head 資訊 {Count 2} {Type B } 
[5396] 2015/02/17 17:52:17.772 連線確認 E122828927 (21,21)
[5396] 2015/02/17 17:53:17.787 連線確認 E122828927 (21,21)
[5396] 2015/02/17 17:54:17.799 連線確認 E122828927 (21,21)
[5396] 2015/02/17 17:55:17.814 連線確認 E122828927 (21,21)
[5396] 2015/02/17 17:56:17.826 連線確認 E122828927 (21,21)
[5396] 2015/02/17 17:56:43.567 收到 Head 資訊 {Count 2} {Type B } 
[5396] 2015/02/17 17:57:17.840 連線確認 E122828927 (21,21)
[5396] 2015/02/17 17:58:17.853 連線確認 E122828927 (21,21)
[5396] 2015/02/17 17:59:17.867 連線確認 E122828927 (21,21)
[5396] 2015/02/17 18:00:17.881 連線確認 E122828927 (21,21)
[5396] 2015/02/17 18:00:41.493 收到 Head 資訊 {Count 2} {Type C } 
[5396] 2015/02/17 18:00:51.513 收到 Head 資訊 {Count 2} {Type C } 
[5396] 2015/02/17 18:01:01.503 收到 Head 資訊 {Count 2} {Type C } 
[5396] 2015/02/17 18:01:11.493 收到 Head 資訊 {Count 2} {Type C } 
[5396] 2015/02/17 18:01:17.894 連線確認 E122828927 (21,21)
[5396] 2015/02/17 18:01:21.512 收到 Head 資訊 {Count 2} {Type C } 
[5396] 2015/02/17 18:01:31.502 收到 Head 資訊 {Count 2} {Type C } 
[5396] 2015/02/17 18:01:41.493 收到 Head 資訊 {Count 2} {Type C } 
[5396] 2015/02/17 18:01:44.584 收到 Head 資訊 {Count 2} {Type B } 
[5396] 2015/02/17 18:01:51.512 收到 Head 資訊 {Count 2} {Type C } 
[5396] 2015/02/17 18:02:01.503 收到 Head 資訊 {Count 2} {Type C } 
[5396] 2015/02/17 18:02:11.492 收到 Head 資訊 {Count 2} {Type C } 
[5396] 2015/02/17 18:02:17.908 連線確認 E122828927 (21,21)
[5396] 2015/02/17 18:02:21.512 收到 Head 資訊 {Count 2} {Type C } 
[5396] 2015/02/17 18:02:31.501 收到 Head 資訊 {Count 2} {Type C } 
[5396] 2015/02/17 18:02:51.118 收到 Head 資訊 {Count 2} {Type C } 
[5396] 2015/02/17 18:03:17.921 連線確認 E122828927 (21,21)
[5396] 2015/02/17 18:04:17.936 連線確認 E122828927 (21,21)
[5396] 2015/02/17 18:05:17.949 連線確認 E122828927 (21,21)
[5396] 2015/02/17 18:06:17.963 連線確認 E122828927 (21,21)
[5396] 2015/02/17 18:06:45.375 收到 Head 資訊 {Count 2} {Type B } 
[5396] 2015/02/17 18:07:17.976 連線確認 E122828927 (21,21)
[5396] 2015/02/17 18:08:17.990 連線確認 E122828927 (21,21)
[5396] 2015/02/17 18:09:18.003 連線確認 E122828927 (21,21)
[5396] 2015/02/17 18:10:18.016 連線確認 E122828927 (21,21)
[5396] 2015/02/17 18:11:18.031 連線確認 E122828927 (21,21)
[5396] 2015/02/17 18:11:46.361 收到 Head 資訊 {Count 2} {Type B } 
[5396] 2015/02/17 18:12:18.044 連線確認 E122828927 (21,21)
[5396] 2015/02/17 18:13:18.057 連線確認 E122828927 (21,21)
[5396] 2015/02/17 18:14:18.071 連線確認 E122828927 (21,21)
[5396] 2015/02/17 18:15:18.084 連線確認 E122828927 (21,21)
[5396] 2015/02/17 18:16:18.098 連線確認 E122828927 (21,21)
[5396] 2015/02/17 18:16:47.378 收到 Head 資訊 {Count 2} {Type B } 
[5396] 2015/02/17 18:17:18.111 連線確認 E122828927 (21,21)
[5396] 2015/02/17 18:17:51.576 收到 Head 資訊 {Count 2} {Type C } 
[5396] 2015/02/17 18:18:18.126 連線確認 E122828927 (21,21)
[5396] 2015/02/17 18:19:18.139 連線確認 E122828927 (21,21)
[5396] 2015/02/17 18:20:18.153 連線確認 E122828927 (21,21)
[5396] 2015/02/17 18:21:18.167 連線確認 E122828927 (21,21)
[5396] 2015/02/17 18:21:48.364 收到 Head 資訊 {Count 2} {Type B } 
[5396] 2015/02/17 18:22:18.181 連線確認 E122828927 (21,21)
[5396] 2015/02/17 18:23:18.204 連線確認 E122828927 (21,21)
[5396] 2015/02/17 18:24:18.207 連線確認 E122828927 (21,21)
[5396] 2015/02/17 18:25:18.221 連線確認 E122828927 (21,21)
[5396] 2015/02/17 18:26:18.233 連線確認 E122828927 (21,21)
[5396] 2015/02/17 18:26:49.350 收到 Head 資訊 {Count 2} {Type B } 
[5396] 2015/02/17 18:27:18.247 連線確認 E122828927 (21,21)
[5396] 2015/02/17 18:28:18.261 連線確認 E122828927 (21,21)
[5396] 2015/02/17 18:29:18.275 連線確認 E122828927 (21,21)
[5396] 2015/02/17 18:30:18.289 連線確認 E122828927 (21,21)
[5396] 2015/02/17 18:31:18.301 連線確認 E122828927 (21,21)
[5396] 2015/02/17 18:31:50.366 收到 Head 資訊 {Count 2} {Type B } 
[5396] 2015/02/17 18:32:18.316 連線確認 E122828927 (21,21)
[5396] 2015/02/17 18:33:18.329 連線確認 E122828927 (21,21)
[5396] 2015/02/17 18:34:18.344 連線確認 E122828927 (21,21)
[5396] 2015/02/17 18:35:01.853 收到 Head 資訊 {Count 2} {Type C } 
[5396] 2015/02/17 18:35:11.844 收到 Head 資訊 {Count 2} {Type C } 
[5396] 2015/02/17 18:35:18.356 連線確認 E122828927 (21,21)
[5396] 2015/02/17 18:35:21.863 收到 Head 資訊 {Count 2} {Type C } 
[5396] 2015/02/17 18:35:31.854 收到 Head 資訊 {Count 2} {Type C } 
[5396] 2015/02/17 18:36:18.370 連線確認 E122828927 (21,21)
[5396] 2015/02/17 18:36:51.352 收到 Head 資訊 {Count 2} {Type B } 
[5396] 2015/02/17 18:37:18.384 連線確認 E122828927 (21,21)
[5396] 2015/02/17 18:38:18.401 連線確認 E122828927 (21,21)
[5396] 2015/02/17 18:39:18.410 連線確認 E122828927 (21,21)
[5396] 2015/02/17 18:40:18.424 連線確認 E122828927 (21,21)
[5396] 2015/02/17 18:41:18.438 連線確認 E122828927 (21,21)
[5396] 2015/02/17 18:41:52.339 收到 Head 資訊 {Count 2} {Type B } 
[5396] 2015/02/17 18:42:18.452 連線確認 E122828927 (21,21)
[5396] 2015/02/17 18:43:18.466 連線確認 E122828927 (21,21)
[5396] 2015/02/17 18:44:18.478 連線確認 E122828927 (21,21)
[5396] 2015/02/17 18:45:18.491 連線確認 E122828927 (21,21)
[5396] 2015/02/17 18:46:18.505 連線確認 E122828927 (21,21)
[5396] 2015/02/17 18:46:53.355 收到 Head 資訊 {Count 2} {Type B } 
[5396] 2015/02/17 18:47:18.519 連線確認 E122828927 (21,21)
[5396] 2015/02/17 18:48:18.533 連線確認 E122828927 (21,21)
[5396] 2015/02/17 18:49:18.546 連線確認 E122828927 (21,21)
[5396] 2015/02/17 18:50:18.561 連線確認 E122828927 (21,21)
[5396] 2015/02/17 18:51:18.573 連線確認 E122828927 (21,21)
[5396] 2015/02/17 18:51:54.341 收到 Head 資訊 {Count 2} {Type B } 
[5396] 2015/02/17 18:52:12.100 收到 Head 資訊 {Count 2} {Type C } 
[5396] 2015/02/17 18:52:18.586 連線確認 E122828927 (21,21)
[5396] 2015/02/17 18:52:22.121 收到 Head 資訊 {Count 2} {Type C } 
[5396] 2015/02/17 18:52:32.110 收到 Head 資訊 {Count 2} {Type C } 
[5396] 2015/02/17 18:52:42.100 收到 Head 資訊 {Count 2} {Type C } 
[5396] 2015/02/17 18:52:52.120 收到 Head 資訊 {Count 2} {Type C } 
[5396] 2015/02/17 18:53:02.110 收到 Head 資訊 {Count 2} {Type C } 
[5396] 2015/02/17 18:53:12.100 收到 Head 資訊 {Count 2} {Type C } 
[5396] 2015/02/17 18:53:18.601 連線確認 E122828927 (21,21)
[5396] 2015/02/17 18:53:22.120 收到 Head 資訊 {Count 2} {Type C } 
[5396] 2015/02/17 18:54:18.614 連線確認 E122828927 (21,21)
[5396] 2015/02/17 18:55:18.628 連線確認 E122828927 (21,21)
[5396] 2015/02/17 18:56:18.641 連線確認 E122828927 (21,21)
[5396] 2015/02/17 18:56:55.327 收到 Head 資訊 {Count 2} {Type B } 
[5396] 2015/02/17 18:57:18.656 連線確認 E122828927 (21,21)
[5396] 2015/02/17 18:58:18.669 連線確認 E122828927 (21,21)
[5396] 2015/02/17 18:59:18.682 連線確認 E122828927 (21,21)
[5396] 2015/02/17 19:00:18.695 連線確認 E122828927 (21,21)
[5396] 2015/02/17 19:01:18.709 連線確認 E122828927 (21,21)
[5396] 2015/02/17 19:01:56.344 收到 Head 資訊 {Count 2} {Type B } 
[5396] 2015/02/17 19:02:18.723 連線確認 E122828927 (21,21)
[5396] 2015/02/17 19:03:18.738 連線確認 E122828927 (21,21)
[5396] 2015/02/17 19:04:18.751 連線確認 E122828927 (21,21)
[5396] 2015/02/17 19:05:18.764 連線確認 E122828927 (21,21)
[5396] 2015/02/17 19:06:18.778 連線確認 E122828927 (21,21)
[5396] 2015/02/17 19:06:57.330 收到 Head 資訊 {Count 2} {Type B } 
[5396] 2015/02/17 19:07:18.792 連線確認 E122828927 (21,21)
[5396] 2015/02/17 19:08:18.804 連線確認 E122828927 (21,21)
[5396] 2015/02/17 19:09:18.818 連線確認 E122828927 (21,21)
[5396] 2015/02/17 19:10:18.832 連線確認 E122828927 (21,21)
[5396] 2015/02/17 19:11:18.845 連線確認 E122828927 (21,21)
[5396] 2015/02/17 19:11:58.316 收到 Head 資訊 {Count 2} {Type B } 
[5396] 2015/02/17 19:12:18.858 連線確認 E122828927 (21,21)
[5396] 2015/02/17 19:13:18.873 連線確認 E122828927 (21,21)
[5396] 2015/02/17 19:14:18.886 連線確認 E122828927 (21,21)
[5396] 2015/02/17 19:15:18.900 連線確認 E122828927 (21,21)
[5396] 2015/02/17 19:16:18.914 連線確認 E122828927 (21,21)
[5396] 2015/02/17 19:16:59.332 收到 Head 資訊 {Count 2} {Type B } 
[5396] 2015/02/17 19:17:18.927 連線確認 E122828927 (21,21)
[5396] 2015/02/17 19:18:18.940 連線確認 E122828927 (21,21)
[5396] 2015/02/17 19:19:18.953 連線確認 E122828927 (21,21)
[5396] 2015/02/17 19:20:18.969 連線確認 E122828927 (21,21)
[5396] 2015/02/17 19:21:18.981 連線確認 E122828927 (21,21)
[5396] 2015/02/17 19:22:00.318 收到 Head 資訊 {Count 2} {Type B } 
[5396] 2015/02/17 19:22:18.995 連線確認 E122828927 (21,21)
[5396] 2015/02/17 19:23:19.008 連線確認 E122828927 (21,21)
[5396] 2015/02/17 19:24:19.021 連線確認 E122828927 (21,21)
[5396] 2015/02/17 19:25:19.037 連線確認 E122828927 (21,21)
[5396] 2015/02/17 19:26:19.049 連線確認 E122828927 (21,21)
[5396] 2015/02/17 19:27:01.305 收到 Head 資訊 {Count 2} {Type B } 
[5396] 2015/02/17 19:27:19.063 連線確認 E122828927 (21,21)
[5396] 2015/02/17 19:28:19.076 連線確認 E122828927 (21,21)
[5396] 2015/02/17 19:29:19.089 連線確認 E122828927 (21,21)
[5396] 2015/02/17 19:30:19.104 連線確認 E122828927 (21,21)
[5396] 2015/02/17 19:31:19.116 連線確認 E122828927 (21,21)
[5396] 2015/02/17 19:32:02.321 收到 Head 資訊 {Count 2} {Type B } 
[5396] 2015/02/17 19:32:19.131 連線確認 E122828927 (21,21)
[5396] 2015/02/17 19:33:19.144 連線確認 E122828927 (21,21)
[5396] 2015/02/17 19:34:19.159 連線確認 E122828927 (21,21)
[5396] 2015/02/17 19:35:19.172 連線確認 E122828927 (21,21)
[5396] 2015/02/17 19:36:19.185 連線確認 E122828927 (21,21)
[5396] 2015/02/17 19:37:03.307 收到 Head 資訊 {Count 2} {Type B } 
[5396] 2015/02/17 19:37:19.198 連線確認 E122828927 (21,21)
[5396] 2015/02/17 19:38:19.212 連線確認 E122828927 (21,21)
[5396] 2015/02/17 19:39:19.225 連線確認 E122828927 (21,21)
[5396] 2015/02/17 19:40:19.240 連線確認 E122828927 (21,21)
[5396] 2015/02/17 19:41:19.254 連線確認 E122828927 (21,21)
[5396] 2015/02/17 19:42:04.294 收到 Head 資訊 {Count 2} {Type B } 
[5396] 2015/02/17 19:42:19.266 連線確認 E122828927 (21,21)
[5396] 2015/02/17 19:43:19.280 連線確認 E122828927 (21,21)
[5396] 2015/02/17 19:44:19.293 連線確認 E122828927 (21,21)
[5396] 2015/02/17 19:45:19.307 連線確認 E122828927 (21,21)
[5396] 2015/02/17 19:46:19.320 連線確認 E122828927 (21,21)
[5396] 2015/02/17 19:47:05.309 收到 Head 資訊 {Count 2} {Type B } 
[5396] 2015/02/17 19:47:19.334 連線確認 E122828927 (21,21)
[5396] 2015/02/17 19:48:19.349 連線確認 E122828927 (21,21)
[5396] 2015/02/17 19:49:19.361 連線確認 E122828927 (21,21)
[5396] 2015/02/17 19:50:19.375 連線確認 E122828927 (21,21)
[5396] 2015/02/17 19:51:19.388 連線確認 E122828927 (21,21)
[5396] 2015/02/17 19:52:06.296 收到 Head 資訊 {Count 2} {Type B } 
[5396] 2015/02/17 19:52:19.402 連線確認 E122828927 (21,21)
[5396] 2015/02/17 19:53:19.416 連線確認 E122828927 (21,21)
[5396] 2015/02/17 19:54:19.429 連線確認 E122828927 (21,21)
[5396] 2015/02/17 19:55:19.443 連線確認 E122828927 (21,21)
[5396] 2015/02/17 19:56:19.457 連線確認 E122828927 (21,21)
[5396] 2015/02/17 19:57:07.282 收到 Head 資訊 {Count 2} {Type B } 
[5396] 2015/02/17 19:57:19.471 連線確認 E122828927 (21,21)
[5396] 2015/02/17 19:58:19.483 連線確認 E122828927 (21,21)
[5396] 2015/02/17 19:59:19.496 連線確認 E122828927 (21,21)
[5396] 2015/02/17 20:00:19.511 連線確認 E122828927 (21,21)
[5396] 2015/02/17 20:01:19.524 連線確認 E122828927 (21,21)
[5396] 2015/02/17 20:02:08.298 收到 Head 資訊 {Count 2} {Type B } 
[5396] 2015/02/17 20:02:19.538 連線確認 E122828927 (21,21)
[5396] 2015/02/17 20:03:19.552 連線確認 E122828927 (21,21)
[5396] 2015/02/17 20:04:19.565 連線確認 E122828927 (21,21)
[5396] 2015/02/17 20:05:19.578 連線確認 E122828927 (21,21)
[5396] 2015/02/17 20:06:19.593 連線確認 E122828927 (21,21)
[5396] 2015/02/17 20:07:09.284 收到 Head 資訊 {Count 2} {Type B } 
[5396] 2015/02/17 20:07:19.607 連線確認 E122828927 (21,21)
[5396] 2015/02/17 20:08:19.619 連線確認 E122828927 (21,21)
[5396] 2015/02/17 20:09:19.634 連線確認 E122828927 (21,21)
[5396] 2015/02/17 20:10:19.647 連線確認 E122828927 (21,21)
[5396] 2015/02/17 20:11:19.660 連線確認 E122828927 (21,21)
[5396] 2015/02/17 20:12:10.272 收到 Head 資訊 {Count 2} {Type B } 
[5396] 2015/02/17 20:12:19.673 連線確認 E122828927 (21,21)
[5396] 2015/02/17 20:13:19.689 連線確認 E122828927 (21,21)
[5396] 2015/02/17 20:14:19.701 連線確認 E122828927 (21,21)
[5396] 2015/02/17 20:15:19.715 連線確認 E122828927 (21,21)
[5396] 2015/02/17 20:16:19.729 連線確認 E122828927 (21,21)
[5396] 2015/02/17 20:17:11.287 收到 Head 資訊 {Count 2} {Type B } 
[5396] 2015/02/17 20:17:19.741 連線確認 E122828927 (21,21)
[5396] 2015/02/17 20:18:19.755 連線確認 E122828927 (21,21)
[5396] 2015/02/17 20:19:19.769 連線確認 E122828927 (21,21)
[5396] 2015/02/17 20:20:19.784 連線確認 E122828927 (21,21)
[5396] 2015/02/17 20:21:19.796 連線確認 E122828927 (21,21)
[5396] 2015/02/17 20:22:12.273 收到 Head 資訊 {Count 2} {Type B } 
[5396] 2015/02/17 20:22:19.809 連線確認 E122828927 (21,21)
[5396] 2015/02/17 20:23:19.824 連線確認 E122828927 (21,21)
[5396] 2015/02/17 20:24:19.836 連線確認 E122828927 (21,21)
[5396] 2015/02/17 20:25:19.850 連線確認 E122828927 (21,21)
[5396] 2015/02/17 20:26:19.865 連線確認 E122828927 (21,21)
[5396] 2015/02/17 20:27:13.260 收到 Head 資訊 {Count 2} {Type B } 
[5396] 2015/02/17 20:27:19.878 連線確認 E122828927 (21,21)
[5396] 2015/02/17 20:28:19.892 連線確認 E122828927 (21,21)
[5396] 2015/02/17 20:29:19.905 連線確認 E122828927 (21,21)
[5396] 2015/02/17 20:30:19.919 連線確認 E122828927 (21,21)
[5396] 2015/02/17 20:31:19.932 連線確認 E122828927 (21,21)
[5396] 2015/02/17 20:32:14.275 收到 Head 資訊 {Count 2} {Type B } 
[5396] 2015/02/17 20:32:19.945 連線確認 E122828927 (21,21)
[5396] 2015/02/17 20:33:19.960 連線確認 E122828927 (21,21)
[5396] 2015/02/17 20:34:19.974 連線確認 E122828927 (21,21)
[5396] 2015/02/17 20:35:19.986 連線確認 E122828927 (21,21)
[5396] 2015/02/17 20:36:19.999 連線確認 E122828927 (21,21)
[5396] 2015/02/17 20:37:15.262 收到 Head 資訊 {Count 2} {Type B } 
[5396] 2015/02/17 20:37:20.014 連線確認 E122828927 (21,21)
[5396] 2015/02/17 20:38:20.026 連線確認 E122828927 (21,21)
[5396] 2015/02/17 20:39:20.041 連線確認 E122828927 (21,21)
[5396] 2015/02/17 20:40:20.054 連線確認 E122828927 (21,21)
[5396] 2015/02/17 20:41:20.068 連線確認 E122828927 (21,21)
[5396] 2015/02/17 20:42:16.248 收到 Head 資訊 {Count 2} {Type B } 
[5396] 2015/02/17 20:42:20.081 連線確認 E122828927 (21,21)
[5396] 2015/02/17 20:43:20.096 連線確認 E122828927 (21,21)
[5396] 2015/02/17 20:44:20.109 連線確認 E122828927 (21,21)
[5396] 2015/02/17 20:45:20.121 連線確認 E122828927 (21,21)
[5396] 2015/02/17 20:46:20.136 連線確認 E122828927 (21,21)
[5396] 2015/02/17 20:47:17.264 收到 Head 資訊 {Count 2} {Type B } 
[5396] 2015/02/17 20:47:20.150 連線確認 E122828927 (21,21)
[5396] 2015/02/17 20:48:20.162 連線確認 E122828927 (21,21)
[5396] 2015/02/17 20:49:20.178 連線確認 E122828927 (21,21)
[5396] 2015/02/17 20:50:20.190 連線確認 E122828927 (21,21)
[5396] 2015/02/17 20:51:20.204 連線確認 E122828927 (21,21)
[5396] 2015/02/17 20:52:18.282 收到 Head 資訊 {Count 2} {Type B } 
[5396] 2015/02/17 20:52:20.217 連線確認 E122828927 (21,21)
[5396] 2015/02/17 20:53:20.230 連線確認 E122828927 (21,21)
[5396] 2015/02/17 20:54:20.245 連線確認 E122828927 (21,21)
[5396] 2015/02/17 20:55:20.259 連線確認 E122828927 (21,21)
[5396] 2015/02/17 20:56:20.273 連線確認 E122828927 (21,21)
[5396] 2015/02/17 20:57:19.268 收到 Head 資訊 {Count 2} {Type B } 
[5396] 2015/02/17 20:57:20.286 連線確認 E122828927 (21,21)
[5396] 2015/02/17 20:58:20.298 連線確認 E122828927 (21,21)
[5396] 2015/02/17 20:59:20.313 連線確認 E122828927 (21,21)
[5396] 2015/02/17 21:00:20.325 連線確認 E122828927 (21,21)
[5396] 2015/02/17 21:01:20.339 連線確認 E122828927 (21,21)
[5396] 2015/02/17 21:02:20.284 收到 Head 資訊 {Count 2} {Type B } 
[5396] 2015/02/17 21:02:20.353 連線確認 E122828927 (21,21)
[5396] 2015/02/17 21:03:20.367 連線確認 E122828927 (21,21)
[5396] 2015/02/17 21:04:20.380 連線確認 E122828927 (21,21)
[5396] 2015/02/17 21:05:20.394 連線確認 E122828927 (21,21)
[5396] 2015/02/17 21:06:20.408 連線確認 E122828927 (21,21)
[5396] 2015/02/17 21:07:20.421 連線確認 E122828927 (21,21)
[5396] 2015/02/17 21:07:20.580 收到 Head 資訊 {Count 2} {Type B } 
[5396] 2015/02/17 21:08:20.436 連線確認 E122828927 (21,21)
[5396] 2015/02/17 21:09:20.448 連線確認 E122828927 (21,21)
[5396] 2015/02/17 21:10:20.461 連線確認 E122828927 (21,21)
[5396] 2015/02/17 21:11:20.476 連線確認 E122828927 (21,21)
[5396] 2015/02/17 21:12:20.489 連線確認 E122828927 (21,21)
[5396] 2015/02/17 21:12:21.566 收到 Head 資訊 {Count 2} {Type B } 
[5396] 2015/02/17 21:13:20.502 連線確認 E122828927 (21,21)
[5396] 2015/02/17 21:14:20.516 連線確認 E122828927 (21,21)
[5396] 2015/02/17 21:15:20.531 連線確認 E122828927 (21,21)
[5396] 2015/02/17 21:16:20.543 連線確認 E122828927 (21,21)
[5396] 2015/02/17 21:17:20.556 連線確認 E122828927 (21,21)
[5396] 2015/02/17 21:17:22.583 收到 Head 資訊 {Count 2} {Type B } 
[5396] 2015/02/17 21:18:20.572 連線確認 E122828927 (21,21)
[5396] 2015/02/17 21:19:20.585 連線確認 E122828927 (21,21)
[5396] 2015/02/17 21:20:20.598 連線確認 E122828927 (21,21)
[5396] 2015/02/17 21:21:20.611 連線確認 E122828927 (21,21)
[5396] 2015/02/17 21:22:20.625 連線確認 E122828927 (21,21)
[5396] 2015/02/17 21:22:24.498 收到 Head 資訊 {Count 2} {Type B } 
[5396] 2015/02/17 21:23:20.638 連線確認 E122828927 (21,21)
[5396] 2015/02/17 21:24:20.652 連線確認 E122828927 (21,21)
[5396] 2015/02/17 21:25:20.667 連線確認 E122828927 (21,21)
[5396] 2015/02/17 21:26:20.679 連線確認 E122828927 (21,21)
[5396] 2015/02/17 21:27:20.693 連線確認 E122828927 (21,21)
[5396] 2015/02/17 21:27:25.484 收到 Head 資訊 {Count 2} {Type B } 
[5396] 2015/02/17 21:28:20.706 連線確認 E122828927 (21,21)
[5396] 2015/02/17 21:29:20.719 連線確認 E122828927 (21,21)
[5396] 2015/02/17 21:30:20.733 連線確認 E122828927 (21,21)
[5396] 2015/02/17 21:31:20.747 連線確認 E122828927 (21,21)
[5396] 2015/02/17 21:32:20.762 連線確認 E122828927 (21,21)
[5396] 2015/02/17 21:32:26.499 收到 Head 資訊 {Count 2} {Type B } 
[5396] 2015/02/17 21:33:20.775 連線確認 E122828927 (21,21)
[5396] 2015/02/17 21:34:20.787 連線確認 E122828927 (21,21)
[5396] 2015/02/17 21:35:20.802 連線確認 E122828927 (21,21)
[5396] 2015/02/17 21:36:20.815 連線確認 E122828927 (21,21)
[5396] 2015/02/17 21:37:20.829 連線確認 E122828927 (21,21)
[5396] 2015/02/17 21:37:27.432 收到 Head 資訊 {Count 2} {Type B } 
[5396] 2015/02/17 21:38:20.845 連線確認 E122828927 (21,21)
[5396] 2015/02/17 21:39:20.855 連線確認 E122828927 (21,21)
[5396] 2015/02/17 21:40:20.870 連線確認 E122828927 (21,21)
[5396] 2015/02/17 21:41:20.882 連線確認 E122828927 (21,21)
[5396] 2015/02/17 21:42:20.898 連線確認 E122828927 (21,21)
[5396] 2015/02/17 21:42:28.419 收到 Head 資訊 {Count 2} {Type B } 
[5396] 2015/02/17 21:43:20.925 連線確認 E122828927 (21,21)
[5396] 2015/02/17 21:44:20.925 連線確認 E122828927 (21,21)
[5396] 2015/02/17 21:45:20.938 連線確認 E122828927 (21,21)
[5396] 2015/02/17 21:46:20.950 連線確認 E122828927 (21,21)
[5396] 2015/02/17 21:47:20.965 連線確認 E122828927 (21,21)
[5396] 2015/02/17 21:47:29.414 收到 Head 資訊 {Count 2} {Type B } 
[5396] 2015/02/17 21:48:20.977 連線確認 E122828927 (21,21)
[5396] 2015/02/17 21:49:20.991 連線確認 E122828927 (21,21)
[5396] 2015/02/17 21:50:21.005 連線確認 E122828927 (21,21)
[5396] 2015/02/17 21:51:21.018 連線確認 E122828927 (21,21)
[5396] 2015/02/17 21:52:21.032 連線確認 E122828927 (21,21)
[5396] 2015/02/17 21:52:29.868 收到 Head 資訊 {Count 2} {Type B } 
[5396] 2015/02/17 21:53:21.046 連線確認 E122828927 (21,21)
[5396] 2015/02/17 21:54:21.060 連線確認 E122828927 (21,21)
[5396] 2015/02/17 21:55:21.073 連線確認 E122828927 (21,21)
[5396] 2015/02/17 21:56:21.086 連線確認 E122828927 (21,21)
[5396] 2015/02/17 21:57:21.100 連線確認 E122828927 (21,21)
[5396] 2015/02/17 21:57:30.874 收到 Head 資訊 {Count 2} {Type B } 
[5396] 2015/02/17 21:58:21.113 連線確認 E122828927 (21,21)
[5396] 2015/02/17 21:59:21.127 連線確認 E122828927 (21,21)
[5396] 2015/02/17 22:00:21.143 連線確認 E122828927 (21,21)
[5396] 2015/02/17 22:01:21.156 連線確認 E122828927 (21,21)
[5396] 2015/02/17 22:02:21.169 連線確認 E122828927 (21,21)
[5396] 2015/02/17 22:02:31.861 收到 Head 資訊 {Count 2} {Type B } 
[5396] 2015/02/17 22:03:21.182 連線確認 E122828927 (21,21)
[5396] 2015/02/17 22:04:21.196 連線確認 E122828927 (21,21)
[5396] 2015/02/17 22:05:21.210 連線確認 E122828927 (21,21)
[5396] 2015/02/17 22:06:21.223 連線確認 E122828927 (21,21)
[5396] 2015/02/17 22:07:21.237 連線確認 E122828927 (21,21)
[5396] 2015/02/17 22:07:33.279 收到 Head 資訊 {Count 2} {Type B } 
[5396] 2015/02/17 22:08:21.249 連線確認 E122828927 (21,21)
[5396] 2015/02/17 22:09:21.263 連線確認 E122828927 (21,21)
[5396] 2015/02/17 22:10:21.278 連線確認 E122828927 (21,21)
[5396] 2015/02/17 22:11:21.290 連線確認 E122828927 (21,21)
[5396] 2015/02/17 22:12:21.304 連線確認 E122828927 (21,21)
[5396] 2015/02/17 22:12:34.305 收到 Head 資訊 {Count 2} {Type B } 
[5396] 2015/02/17 22:13:21.318 連線確認 E122828927 (21,21)
[5396] 2015/02/17 22:14:21.332 連線確認 E122828927 (21,21)
[5396] 2015/02/17 22:15:21.345 連線確認 E122828927 (21,21)
[5396] 2015/02/17 22:16:21.358 連線確認 E122828927 (21,21)
[5396] 2015/02/17 22:17:21.373 連線確認 E122828927 (21,21)
[5396] 2015/02/17 22:17:35.291 收到 Head 資訊 {Count 2} {Type B } 
[5396] 2015/02/17 22:18:21.387 連線確認 E122828927 (21,21)
[5396] 2015/02/17 22:19:21.400 連線確認 E122828927 (21,21)
[5396] 2015/02/17 22:20:21.413 連線確認 E122828927 (21,21)
[5396] 2015/02/17 22:21:21.427 連線確認 E122828927 (21,21)
[5396] 2015/02/17 22:22:21.441 連線確認 E122828927 (21,21)
[5396] 2015/02/17 22:22:36.171 收到 Head 資訊 {Count 2} {Type B } 
[5396] 2015/02/17 22:23:21.453 連線確認 E122828927 (21,21)
[5396] 2015/02/17 22:24:21.468 連線確認 E122828927 (21,21)
[5396] 2015/02/17 22:25:21.480 連線確認 E122828927 (21,21)
[5396] 2015/02/17 22:26:21.494 連線確認 E122828927 (21,21)
[5396] 2015/02/17 22:27:21.507 連線確認 E122828927 (21,21)
[5396] 2015/02/17 22:27:37.158 收到 Head 資訊 {Count 2} {Type B } 
[5396] 2015/02/17 22:28:21.523 連線確認 E122828927 (21,21)
[5396] 2015/02/17 22:29:21.535 連線確認 E122828927 (21,21)
[5396] 2015/02/17 22:30:21.548 連線確認 E122828927 (21,21)
[5396] 2015/02/17 22:31:21.562 連線確認 E122828927 (21,21)
[5396] 2015/02/17 22:32:21.576 連線確認 E122828927 (21,21)
[5396] 2015/02/17 22:32:38.174 收到 Head 資訊 {Count 2} {Type B } 
[5396] 2015/02/17 22:33:21.590 連線確認 E122828927 (21,21)
[5396] 2015/02/17 22:34:21.602 連線確認 E122828927 (21,21)
[5396] 2015/02/17 22:35:21.617 連線確認 E122828927 (21,21)
[5396] 2015/02/17 22:36:21.631 連線確認 E122828927 (21,21)
[5396] 2015/02/17 22:37:21.645 連線確認 E122828927 (21,21)
[5396] 2015/02/17 22:37:38.508 收到 Head 資訊 {Count 2} {Type B } 
[5396] 2015/02/17 22:38:21.657 連線確認 E122828927 (21,21)
[5396] 2015/02/17 22:39:21.671 連線確認 E122828927 (21,21)
[5396] 2015/02/17 22:40:21.684 連線確認 E122828927 (21,21)
[5396] 2015/02/17 22:41:21.697 連線確認 E122828927 (21,21)
[5396] 2015/02/17 22:42:21.713 連線確認 E122828927 (21,21)
[5396] 2015/02/17 22:42:39.493 收到 Head 資訊 {Count 2} {Type B } 
[5396] 2015/02/17 22:43:21.726 連線確認 E122828927 (21,21)
[5396] 2015/02/17 22:44:21.740 連線確認 E122828927 (21,21)
[5396] 2015/02/17 22:45:21.752 連線確認 E122828927 (21,21)
[5396] 2015/02/17 22:46:21.766 連線確認 E122828927 (21,21)
[5396] 2015/02/17 22:47:21.779 連線確認 E122828927 (21,21)
[5396] 2015/02/17 22:47:40.509 收到 Head 資訊 {Count 2} {Type B } 
[5396] 2015/02/17 22:48:21.793 連線確認 E122828927 (21,21)
[5396] 2015/02/17 22:49:21.807 連線確認 E122828927 (21,21)
[5396] 2015/02/17 22:50:21.820 連線確認 E122828927 (21,21)
[5396] 2015/02/17 22:51:21.834 連線確認 E122828927 (21,21)
[5396] 2015/02/17 22:52:21.848 連線確認 E122828927 (21,21)
[5396] 2015/02/17 22:52:41.351 收到 Head 資訊 {Count 2} {Type B } 
[5396] 2015/02/17 22:53:21.860 連線確認 E122828927 (21,21)
[5396] 2015/02/17 22:54:21.875 連線確認 E122828927 (21,21)
[5396] 2015/02/17 22:55:21.891 連線確認 E122828927 (21,21)
[5396] 2015/02/17 22:56:21.902 連線確認 E122828927 (21,21)
[5396] 2015/02/17 22:57:21.915 連線確認 E122828927 (21,21)
[5396] 2015/02/17 22:57:42.338 收到 Head 資訊 {Count 2} {Type B } 
[5396] 2015/02/17 22:58:21.928 連線確認 E122828927 (21,21)
[5396] 2015/02/17 22:59:21.943 連線確認 E122828927 (21,21)
[5396] 2015/02/17 23:00:21.955 連線確認 E122828927 (21,21)
[5396] 2015/02/17 23:01:21.970 連線確認 E122828927 (21,21)
[5396] 2015/02/17 23:02:21.984 連線確認 E122828927 (21,21)
[5396] 2015/02/17 23:02:43.353 收到 Head 資訊 {Count 2} {Type B } 
[5396] 2015/02/17 23:03:21.998 連線確認 E122828927 (21,21)
[5396] 2015/02/17 23:04:22.011 連線確認 E122828927 (21,21)
[5396] 2015/02/17 23:05:22.023 連線確認 E122828927 (21,21)
[5396] 2015/02/17 23:06:22.038 連線確認 E122828927 (21,21)
[5396] 2015/02/17 23:07:22.051 連線確認 E122828927 (21,21)
[5396] 2015/02/17 23:07:44.567 收到 Head 資訊 {Count 2} {Type B } 
[5396] 2015/02/17 23:08:22.064 連線確認 E122828927 (21,21)
[5396] 2015/02/17 23:09:22.079 連線確認 E122828927 (21,21)
[5396] 2015/02/17 23:10:22.091 連線確認 E122828927 (21,21)
[5396] 2015/02/17 23:11:22.107 連線確認 E122828927 (21,21)
[5396] 2015/02/17 23:12:22.120 連線確認 E122828927 (21,21)
[5396] 2015/02/17 23:12:45.553 收到 Head 資訊 {Count 2} {Type B } 
[5396] 2015/02/17 23:13:22.134 連線確認 E122828927 (21,21)
[5396] 2015/02/17 23:14:22.146 連線確認 E122828927 (21,21)
[5396] 2015/02/17 23:15:22.159 連線確認 E122828927 (21,21)
[5396] 2015/02/17 23:16:22.174 連線確認 E122828927 (21,21)
[5396] 2015/02/17 23:17:22.187 連線確認 E122828927 (21,21)
[5396] 2015/02/17 23:17:46.570 收到 Head 資訊 {Count 2} {Type B } 
[5396] 2015/02/17 23:18:22.201 連線確認 E122828927 (21,21)
[5396] 2015/02/17 23:19:22.214 連線確認 E122828927 (21,21)
[5396] 2015/02/17 23:20:22.228 連線確認 E122828927 (21,21)
[5396] 2015/02/17 23:21:22.241 連線確認 E122828927 (21,21)
[5396] 2015/02/17 23:22:22.256 連線確認 E122828927 (21,21)
[5396] 2015/02/17 23:22:47.916 收到 Head 資訊 {Count 2} {Type B } 
[5396] 2015/02/17 23:23:22.270 連線確認 E122828927 (21,21)
[5396] 2015/02/17 23:24:22.283 連線確認 E122828927 (21,21)
[5396] 2015/02/17 23:25:22.296 連線確認 E122828927 (21,21)
[5396] 2015/02/17 23:26:22.309 連線確認 E122828927 (21,21)
[5396] 2015/02/17 23:27:22.322 連線確認 E122828927 (21,21)
[5396] 2015/02/17 23:27:48.902 收到 Head 資訊 {Count 2} {Type B } 
[5396] 2015/02/17 23:28:22.336 連線確認 E122828927 (21,21)
[5396] 2015/02/17 23:29:22.350 連線確認 E122828927 (21,21)
[5396] 2015/02/17 23:30:22.364 連線確認 E122828927 (21,21)
[5396] 2015/02/17 23:31:22.378 連線確認 E122828927 (21,21)
[5396] 2015/02/17 23:32:22.391 連線確認 E122828927 (21,21)
[5396] 2015/02/17 23:32:49.918 收到 Head 資訊 {Count 2} {Type B } 
[5396] 2015/02/17 23:33:22.405 連線確認 E122828927 (21,21)
[5396] 2015/02/17 23:34:22.417 連線確認 E122828927 (21,21)
[5396] 2015/02/17 23:35:22.433 連線確認 E122828927 (21,21)
[5396] 2015/02/17 23:36:22.445 連線確認 E122828927 (21,21)
[5396] 2015/02/17 23:37:22.459 連線確認 E122828927 (21,21)
[5396] 2015/02/17 23:37:51.207 收到 Head 資訊 {Count 2} {Type B } 
[5396] 2015/02/17 23:38:22.473 連線確認 E122828927 (21,21)
[5396] 2015/02/17 23:39:22.485 連線確認 E122828927 (21,21)
[5396] 2015/02/17 23:40:22.500 連線確認 E122828927 (21,21)
[5396] 2015/02/17 23:41:22.514 連線確認 E122828927 (21,21)
[5396] 2015/02/17 23:42:22.527 連線確認 E122828927 (21,21)
[5396] 2015/02/17 23:42:52.194 收到 Head 資訊 {Count 2} {Type B } 
[5396] 2015/02/17 23:43:22.540 連線確認 E122828927 (21,21)
[5396] 2015/02/17 23:44:22.553 連線確認 E122828927 (21,21)
[5396] 2015/02/17 23:45:22.567 連線確認 E122828927 (21,21)
[5396] 2015/02/17 23:46:22.581 連線確認 E122828927 (21,21)
[5396] 2015/02/17 23:47:22.595 連線確認 E122828927 (21,21)
[5396] 2015/02/17 23:47:53.209 收到 Head 資訊 {Count 2} {Type B } 
[5396] 2015/02/17 23:48:22.608 連線確認 E122828927 (21,21)
[5396] 2015/02/17 23:49:22.622 連線確認 E122828927 (21,21)
[5396] 2015/02/17 23:50:22.635 連線確認 E122828927 (21,21)
[5396] 2015/02/17 23:51:22.648 連線確認 E122828927 (21,21)
[5396] 2015/02/17 23:52:22.663 連線確認 E122828927 (21,21)
[5396] 2015/02/17 23:52:53.689 收到 Head 資訊 {Count 2} {Type B } 
[5396] 2015/02/17 23:53:22.676 連線確認 E122828927 (21,21)
[5396] 2015/02/17 23:54:22.689 連線確認 E122828927 (21,21)
[5396] 2015/02/17 23:55:22.704 連線確認 E122828927 (21,21)
[5396] 2015/02/17 23:56:22.717 連線確認 E122828927 (21,21)
[5396] 2015/02/17 23:57:22.731 連線確認 E122828927 (21,21)
[5396] 2015/02/17 23:57:54.673 收到 Head 資訊 {Count 2} {Type B } 
[5396] 2015/02/17 23:58:22.745 連線確認 E122828927 (21,21)
[5396] 2015/02/17 23:59:22.758 連線確認 E122828927 (21,21)
[5396] 2015/02/18 00:00:22.771 連線確認 E122828927 (21,21)
[5396] 2015/02/18 00:01:22.785 連線確認 E122828927 (21,21)
[5396] 2015/02/18 00:02:22.799 連線確認 E122828927 (21,21)
[5396] 2015/02/18 00:02:55.690 收到 Head 資訊 {Count 2} {Type B } 
[5396] 2015/02/18 00:03:22.812 連線確認 E122828927 (21,21)
[5396] 2015/02/18 00:04:22.826 連線確認 E122828927 (21,21)
[5396] 2015/02/18 00:05:22.840 連線確認 E122828927 (21,21)
[5396] 2015/02/18 00:06:22.853 連線確認 E122828927 (21,21)
[5396] 2015/02/18 00:07:22.867 連線確認 E122828927 (21,21)
[5396] 2015/02/18 00:07:56.427 收到 Head 資訊 {Count 2} {Type B } 
[5396] 2015/02/18 00:08:22.880 連線確認 E122828927 (21,21)
[5396] 2015/02/18 00:09:22.893 連線確認 E122828927 (21,21)
[5396] 2015/02/18 00:10:22.908 連線確認 E122828927 (21,21)
[5396] 2015/02/18 00:11:22.921 連線確認 E122828927 (21,21)
[5396] 2015/02/18 00:12:22.934 連線確認 E122828927 (21,21)
[5396] 2015/02/18 00:12:57.414 收到 Head 資訊 {Count 2} {Type B } 
[5396] 2015/02/18 00:13:22.948 連線確認 E122828927 (21,21)
[5396] 2015/02/18 00:14:22.962 連線確認 E122828927 (21,21)
[5396] 2015/02/18 00:15:22.976 連線確認 E122828927 (21,21)
[5396] 2015/02/18 00:16:22.989 連線確認 E122828927 (21,21)
[5396] 2015/02/18 00:17:23.003 連線確認 E122828927 (21,21)
[5396] 2015/02/18 00:17:58.431 收到 Head 資訊 {Count 2} {Type B } 
[5396] 2015/02/18 00:18:23.015 連線確認 E122828927 (21,21)
[5396] 2015/02/18 00:19:23.029 連線確認 E122828927 (21,21)
[5396] 2015/02/18 00:20:23.043 連線確認 E122828927 (21,21)
[5396] 2015/02/18 00:21:23.057 連線確認 E122828927 (21,21)
[5396] 2015/02/18 00:22:23.070 連線確認 E122828927 (21,21)
[5396] 2015/02/18 00:22:59.521 收到 Head 資訊 {Count 2} {Type B } 
[5396] 2015/02/18 00:23:23.084 連線確認 E122828927 (21,21)
[5396] 2015/02/18 00:24:23.097 連線確認 E122828927 (21,21)
[5396] 2015/02/18 00:25:23.110 連線確認 E122828927 (21,21)
[5396] 2015/02/18 00:26:23.125 連線確認 E122828927 (21,21)
[5396] 2015/02/18 00:27:23.138 連線確認 E122828927 (21,21)
[5396] 2015/02/18 00:28:00.507 收到 Head 資訊 {Count 2} {Type B } 
[5396] 2015/02/18 00:28:23.153 連線確認 E122828927 (21,21)
[5396] 2015/02/18 00:29:23.165 連線確認 E122828927 (21,21)
[5396] 2015/02/18 00:30:23.178 連線確認 E122828927 (21,21)
[5396] 2015/02/18 00:31:23.192 連線確認 E122828927 (21,21)
[5396] 2015/02/18 00:32:23.207 連線確認 E122828927 (21,21)
[5396] 2015/02/18 00:33:01.523 收到 Head 資訊 {Count 2} {Type B } 
[5396] 2015/02/18 00:33:23.219 連線確認 E122828927 (21,21)
[5396] 2015/02/18 00:34:23.233 連線確認 E122828927 (21,21)
[5396] 2015/02/18 00:35:23.247 連線確認 E122828927 (21,21)
[5396] 2015/02/18 00:36:23.261 連線確認 E122828927 (21,21)
[5396] 2015/02/18 00:37:23.274 連線確認 E122828927 (21,21)
[5396] 2015/02/18 00:38:02.716 收到 Head 資訊 {Count 2} {Type B } 
[5396] 2015/02/18 00:38:23.288 連線確認 E122828927 (21,21)
[5396] 2015/02/18 00:39:23.302 連線確認 E122828927 (21,21)
[5396] 2015/02/18 00:40:23.315 連線確認 E122828927 (21,21)
[5396] 2015/02/18 00:41:23.328 連線確認 E122828927 (21,21)
[5396] 2015/02/18 00:42:23.341 連線確認 E122828927 (21,21)
[5396] 2015/02/18 00:43:03.703 收到 Head 資訊 {Count 2} {Type B } 
[5396] 2015/02/18 00:43:23.355 連線確認 E122828927 (21,21)
[5396] 2015/02/18 00:44:23.369 連線確認 E122828927 (21,21)
[5396] 2015/02/18 00:45:23.382 連線確認 E122828927 (21,21)
[5396] 2015/02/18 00:46:23.397 連線確認 E122828927 (21,21)
[5396] 2015/02/18 00:47:23.409 連線確認 E122828927 (21,21)
[5396] 2015/02/18 00:48:04.709 收到 Head 資訊 {Count 2} {Type B } 
[5396] 2015/02/18 00:48:23.423 連線確認 E122828927 (21,21)
[5396] 2015/02/18 00:49:23.438 連線確認 E122828927 (21,21)
[5396] 2015/02/18 00:50:23.451 連線確認 E122828927 (21,21)
[5396] 2015/02/18 00:51:23.464 連線確認 E122828927 (21,21)
[5396] 2015/02/18 00:52:23.478 連線確認 E122828927 (21,21)
[5396] 2015/02/18 00:53:05.363 收到 Head 資訊 {Count 2} {Type B } 
[5396] 2015/02/18 00:53:23.491 連線確認 E122828927 (21,21)
[5396] 2015/02/18 00:54:23.505 連線確認 E122828927 (21,21)
[5396] 2015/02/18 00:55:23.518 連線確認 E122828927 (21,21)
[5396] 2015/02/18 00:56:23.532 連線確認 E122828927 (21,21)
[5396] 2015/02/18 00:57:23.545 連線確認 E122828927 (21,21)
[5396] 2015/02/18 00:58:06.380 收到 Head 資訊 {Count 2} {Type B } 
[5396] 2015/02/18 00:58:23.559 連線確認 E122828927 (21,21)
[5396] 2015/02/18 00:59:23.572 連線確認 E122828927 (21,21)
[5396] 2015/02/18 01:00:23.588 連線確認 E122828927 (21,21)
[5396] 2015/02/18 01:01:23.600 連線確認 E122828927 (21,21)
[5396] 2015/02/18 01:02:23.613 連線確認 E122828927 (21,21)
[5396] 2015/02/18 01:03:07.366 收到 Head 資訊 {Count 2} {Type B } 
[5396] 2015/02/18 01:03:23.628 連線確認 E122828927 (21,21)
[5396] 2015/02/18 01:04:23.640 連線確認 E122828927 (21,21)
[5396] 2015/02/18 01:05:23.654 連線確認 E122828927 (21,21)
[5396] 2015/02/18 01:06:23.667 連線確認 E122828927 (21,21)
[5396] 2015/02/18 01:07:23.681 連線確認 E122828927 (21,21)
[5396] 2015/02/18 01:08:08.381 收到 Head 資訊 {Count 2} {Type B } 
[5396] 2015/02/18 01:08:23.696 連線確認 E122828927 (21,21)
[5396] 2015/02/18 01:09:23.708 連線確認 E122828927 (21,21)
[5396] 2015/02/18 01:10:23.722 連線確認 E122828927 (21,21)
[5396] 2015/02/18 01:11:23.736 連線確認 E122828927 (21,21)
[5396] 2015/02/18 01:12:23.749 連線確認 E122828927 (21,21)
[5396] 2015/02/18 01:13:09.387 收到 Head 資訊 {Count 2} {Type B } 
[5396] 2015/02/18 01:13:23.763 連線確認 E122828927 (21,21)
[5396] 2015/02/18 01:14:23.776 連線確認 E122828927 (21,21)
[5396] 2015/02/18 01:15:23.790 連線確認 E122828927 (21,21)
[5396] 2015/02/18 01:16:23.804 連線確認 E122828927 (21,21)
[5396] 2015/02/18 01:17:23.817 連線確認 E122828927 (21,21)
[5396] 2015/02/18 01:18:10.373 收到 Head 資訊 {Count 2} {Type B } 
[5396] 2015/02/18 01:18:23.831 連線確認 E122828927 (21,21)
[5396] 2015/02/18 01:19:23.844 連線確認 E122828927 (21,21)
[5396] 2015/02/18 01:20:23.859 連線確認 E122828927 (21,21)
[5396] 2015/02/18 01:21:23.872 連線確認 E122828927 (21,21)
[5396] 2015/02/18 01:22:23.886 連線確認 E122828927 (21,21)
[5396] 2015/02/18 01:23:11.450 收到 Head 資訊 {Count 2} {Type B } 
[5396] 2015/02/18 01:23:23.898 連線確認 E122828927 (21,21)
[5396] 2015/02/18 01:24:23.912 連線確認 E122828927 (21,21)
[5396] 2015/02/18 01:25:23.927 連線確認 E122828927 (21,21)
[5396] 2015/02/18 01:26:23.940 連線確認 E122828927 (21,21)
[5396] 2015/02/18 01:27:23.954 連線確認 E122828927 (21,21)
[5396] 2015/02/18 01:28:12.456 收到 Head 資訊 {Count 2} {Type B } 
[5396] 2015/02/18 01:28:23.967 連線確認 E122828927 (21,21)
[5396] 2015/02/18 01:29:23.980 連線確認 E122828927 (21,21)
[5396] 2015/02/18 01:30:23.995 連線確認 E122828927 (21,21)
[5396] 2015/02/18 01:31:24.008 連線確認 E122828927 (21,21)
[5396] 2015/02/18 01:32:24.022 連線確認 E122828927 (21,21)
[5396] 2015/02/18 01:33:13.443 收到 Head 資訊 {Count 2} {Type B } 
[5396] 2015/02/18 01:33:24.035 連線確認 E122828927 (21,21)
[5396] 2015/02/18 01:34:24.049 連線確認 E122828927 (21,21)
[5396] 2015/02/18 01:35:24.062 連線確認 E122828927 (21,21)
[5396] 2015/02/18 01:36:24.076 連線確認 E122828927 (21,21)
[5396] 2015/02/18 01:37:24.089 連線確認 E122828927 (21,21)
[5396] 2015/02/18 01:38:24.103 連線確認 E122828927 (21,21)
[5396] 2015/02/18 01:38:24.688 收到 Head 資訊 {Count 2} {Type B } 
[5396] 2015/02/18 01:39:24.115 連線確認 E122828927 (21,21)
[5396] 2015/02/18 01:40:24.131 連線確認 E122828927 (21,21)
[5396] 2015/02/18 01:41:24.143 連線確認 E122828927 (21,21)
[5396] 2015/02/18 01:42:24.158 連線確認 E122828927 (21,21)
[5396] 2015/02/18 01:43:15.885 收到 Head 資訊 {Count 2} {Type B } 
[5396] 2015/02/18 01:43:24.170 連線確認 E122828927 (21,21)
[5396] 2015/02/18 01:44:24.184 連線確認 E122828927 (21,21)
[5396] 2015/02/18 01:45:24.197 連線確認 E122828927 (21,21)
[5396] 2015/02/18 01:46:24.211 連線確認 E122828927 (21,21)
[5396] 2015/02/18 01:47:24.226 連線確認 E122828927 (21,21)
[5396] 2015/02/18 01:48:16.881 收到 Head 資訊 {Count 2} {Type B } 
[5396] 2015/02/18 01:48:24.239 連線確認 E122828927 (21,21)
[5396] 2015/02/18 01:49:24.252 連線確認 E122828927 (21,21)
[5396] 2015/02/18 01:50:24.266 連線確認 E122828927 (21,21)
[5396] 2015/02/18 01:51:24.279 連線確認 E122828927 (21,21)
[5396] 2015/02/18 01:52:24.293 連線確認 E122828927 (21,21)
[5396] 2015/02/18 01:53:17.877 收到 Head 資訊 {Count 2} {Type B } 
[5396] 2015/02/18 01:53:31.628 連線確認 E122828927 (21,21)
[5396] 2015/02/18 01:54:31.512 連線確認 E122828927 (21,21)
[5396] 2015/02/18 01:55:31.525 連線確認 E122828927 (21,21)
[5396] 2015/02/18 01:56:31.539 連線確認 E122828927 (21,21)
[5396] 2015/02/18 01:57:31.552 連線確認 E122828927 (21,21)
[5396] 2015/02/18 01:58:18.539 收到 Head 資訊 {Count 2} {Type B } 
[5396] 2015/02/18 01:58:31.567 連線確認 E122828927 (21,21)
[5396] 2015/02/18 01:59:31.580 連線確認 E122828927 (21,21)
