[4724] 2015/02/10 07:50:10.410 SKOrderLib ª©¥» 2.1.22
[4724] 2015/02/10 07:50:10.425 Login ID: E122828927
[4724] 2015/02/10 07:50:11.346 CALL SKOrderLib_ReadCertByID(E122828927)
[4724] 2015/02/10 07:50:11.642 CALL RegisterOnAccountCallBack()
[4724] 2015/02/10 07:50:11.642 CALL GetUserAccount()
[4724] 2015/02/10 07:50:11.642 TS,918J,918J,0456453,E122828927,±d§Óºú,0,0
[4724] 2015/02/10 07:50:11.642 TF,F020000,B17,1709003,E122828927,±d§Óºú,0,0
[4724] 2015/02/10 07:50:11.642 OF,F020000,000,1709003,E122828927,±d§Óºú,0,0
[4724] 2015/02/10 07:50:11.642 CALL RegisterOnOrderAsyncReportCallBack()
[4724] 2015/02/10 07:50:11.658 CALL RegisterOnExecutionReportCallBack()
[2516] 2015/02/10 15:26:10.987 SKOrderLib ª©¥» 2.1.22
[2516] 2015/02/10 15:26:10.987 Login ID: E122828927
[2516] 2015/02/10 15:26:12.952 CALL SKOrderLib_ReadCertByID(E122828927)
[2516] 2015/02/10 15:26:13.093 CALL RegisterOnAccountCallBack()
[2516] 2015/02/10 15:26:13.108 CALL GetUserAccount()
[2516] 2015/02/10 15:26:13.108 TS,918J,918J,0456453,E122828927,±d§Óºú,0,0
[2516] 2015/02/10 15:26:13.108 TF,F020000,B17,1709003,E122828927,±d§Óºú,0,0
[2516] 2015/02/10 15:26:13.108 OF,F020000,000,1709003,E122828927,±d§Óºú,0,0
[2516] 2015/02/10 15:26:13.108 CALL RegisterOnOrderAsyncReportCallBack()
[2516] 2015/02/10 15:26:13.108 CALL RegisterOnExecutionReportCallBack()
[2516] 2015/02/10 15:26:13.467 CALL RegisterOnOverseaFutureOpenInterestCallBack()
[2516] 2015/02/10 15:26:13.467 CALL GetOverseaFutureOpenInterest(F0200001709003)
