[2788] 2015/02/16 07:50:12.618 API InitInstance 
[2788] 2015/02/16 07:50:12.986 E122828927 連線 Code：0
[2788] 2015/02/16 07:50:13.991 收到 Head 資訊 {Count 2} {Type C } 
[2788] 2015/02/16 07:50:13.993 收到 Head 資訊 {Count 2} {Type C } 
[2788] 2015/02/16 07:50:14.020 收到 Head 資訊 {Count 2} {Type C } 
[2788] 2015/02/16 07:50:14.022 收到 Head 資訊 {Count 2} {Type C } 
[2788] 2015/02/16 07:50:14.024 收到 Head 資訊 {Count 2} {Type C } 
[2788] 2015/02/16 07:50:14.026 收到 Head 資訊 {Count 2} {Type C } 
[2788] 2015/02/16 07:50:14.028 收到 Head 資訊 {Count 2} {Type C } 
[2788] 2015/02/16 07:50:14.030 收到 Head 資訊 {Count 2} {Type C } 
[2788] 2015/02/16 07:50:14.032 收到 Head 資訊 {Count 2} {Type C } 
[2788] 2015/02/16 07:50:14.035 收到 Head 資訊 {Count 2} {Type C } 
[2788] 2015/02/16 07:50:14.037 收到 Head 資訊 {Count 2} {Type C } 
[2788] 2015/02/16 07:50:14.038 收到 Head 資訊 {Count 2} {Type C } 
[2788] 2015/02/16 07:50:14.040 收到 Head 資訊 {Count 2} {Type C } 
[2788] 2015/02/16 07:50:14.042 收到 Head 資訊 {Count 2} {Type C } 
[2788] 2015/02/16 07:50:14.044 收到 Head 資訊 {Count 2} {Type C } 
[2788] 2015/02/16 07:50:14.047 收到 Head 資訊 {Count 2} {Type C } 
[2788] 2015/02/16 07:50:14.049 收到 Head 資訊 {Count 2} {Type C } 
[2788] 2015/02/16 07:50:14.051 收到 Head 資訊 {Count 2} {Type C } 
[2788] 2015/02/16 07:50:14.053 收到 Head 資訊 {Count 2} {Type C } 
[2788] 2015/02/16 07:50:14.055 收到 Head 資訊 {Count 2} {Type C } 
[2788] 2015/02/16 07:50:14.057 收到 Head 資訊 {Count 2} {Type C } 
[2788] 2015/02/16 07:50:14.059 收到 Head 資訊 {Count 2} {Type C } 
[2788] 2015/02/16 07:50:14.060 收到 Head 資訊 {Count 2} {Type C } 
[2788] 2015/02/16 07:50:14.064 收到 Head 資訊 {Count 2} {Type C } 
[2788] 2015/02/16 07:50:14.066 收到 Head 資訊 {Count 2} {Type C } 
[2788] 2015/02/16 07:50:14.068 收到 Head 資訊 {Count 2} {Type C } 
[2788] 2015/02/16 07:50:14.070 收到 Head 資訊 {Count 2} {Type C } 
[2788] 2015/02/16 07:50:14.072 收到 Head 資訊 {Count 2} {Type C } 
[2788] 2015/02/16 07:50:14.074 收到 Head 資訊 {Count 2} {Type C } 
[2788] 2015/02/16 07:50:14.076 收到 Head 資訊 {Count 2} {Type C } 
[2788] 2015/02/16 07:50:14.078 收到 Head 資訊 {Count 2} {Type C } 
[2788] 2015/02/16 07:50:14.080 收到 Head 資訊 {Count 2} {Type C } 
[2788] 2015/02/16 07:50:14.082 收到 Head 資訊 {Count 2} {Type C } 
[2788] 2015/02/16 07:50:14.084 收到 Head 資訊 {Count 2} {Type C } 
[2788] 2015/02/16 07:50:14.086 收到 Head 資訊 {Count 2} {Type C } 
[2788] 2015/02/16 07:50:14.088 收到 Head 資訊 {Count 2} {Type C } 
[2788] 2015/02/16 07:50:14.090 收到 Head 資訊 {Count 2} {Type C } 
[2788] 2015/02/16 07:50:14.092 收到 Head 資訊 {Count 2} {Type C } 
[2788] 2015/02/16 07:50:14.094 收到 Head 資訊 {Count 2} {Type D } 
[2788] 2015/02/16 07:50:14.096 收到 Head 資訊 {Count 2} {Type C } 
[2788] 2015/02/16 07:50:14.097 收到 Head 資訊 {Count 2} {Type D } 
[2788] 2015/02/16 07:50:14.099 收到 Head 資訊 {Count 2} {Type C } 
[2788] 2015/02/16 07:50:14.101 收到 Head 資訊 {Count 2} {Type C } 
[2788] 2015/02/16 07:50:14.103 收到 Head 資訊 {Count 2} {Type D } 
[2788] 2015/02/16 07:50:14.104 收到 Head 資訊 {Count 2} {Type C } 
[2788] 2015/02/16 07:50:14.106 收到 Head 資訊 {Count 2} {Type D } 
[2788] 2015/02/16 07:50:14.108 收到 Head 資訊 {Count 2} {Type C } 
[2788] 2015/02/16 07:50:14.110 收到 Head 資訊 {Count 2} {Type C } 
[2788] 2015/02/16 07:50:14.112 收到 Head 資訊 {Count 2} {Type C } 
[2788] 2015/02/16 07:50:14.114 收到 Head 資訊 {Count 2} {Type D } 
[2788] 2015/02/16 07:50:14.116 收到 Head 資訊 {Count 2} {Type C } 
[2788] 2015/02/16 07:50:14.118 收到 Head 資訊 {Count 2} {Type C } 
[2788] 2015/02/16 07:50:14.121 收到 Head 資訊 {Count 2} {Type C } 
[2788] 2015/02/16 07:50:14.123 收到 Head 資訊 {Count 2} {Type C } 
[2788] 2015/02/16 07:50:14.125 收到 Head 資訊 {Count 2} {Type C } 
[2788] 2015/02/16 07:50:14.127 收到 Head 資訊 {Count 2} {Type C } 
[2788] 2015/02/16 07:50:14.129 收到 Head 資訊 {Count 2} {Type C } 
[2788] 2015/02/16 07:50:14.131 收到 Head 資訊 {Count 2} {Type C } 
[2788] 2015/02/16 07:50:14.133 收到 Head 資訊 {Count 2} {Type C } 
[2788] 2015/02/16 07:50:14.135 收到 Head 資訊 {Count 2} {Type C } 
[2788] 2015/02/16 07:50:14.137 收到 Head 資訊 {Count 2} {Type C } 
[2788] 2015/02/16 07:50:14.139 收到 Head 資訊 {Count 2} {Type C } 
[2788] 2015/02/16 07:50:14.141 收到 Head 資訊 {Count 2} {Type C } 
[2788] 2015/02/16 07:50:14.143 收到 Head 資訊 {Count 2} {Type C } 
[2788] 2015/02/16 07:50:14.145 收到 Head 資訊 {Count 2} {Type C } 
[2788] 2015/02/16 07:50:14.147 收到 Head 資訊 {Count 2} {Type C } 
[2788] 2015/02/16 07:50:14.149 收到 Head 資訊 {Count 2} {Type C } 
[2788] 2015/02/16 07:50:14.151 收到 Head 資訊 {Count 2} {Type C } 
[2788] 2015/02/16 07:50:14.153 收到 Head 資訊 {Count 2} {Type C } 
[2788] 2015/02/16 07:50:14.155 收到 Head 資訊 {Count 2} {Type C } 
[2788] 2015/02/16 07:50:14.157 收到 Head 資訊 {Count 2} {Type C } 
[2788] 2015/02/16 07:50:14.159 收到 Head 資訊 {Count 2} {Type C } 
[2788] 2015/02/16 07:50:14.160 收到 Head 資訊 {Count 2} {Type C } 
[2788] 2015/02/16 07:50:14.162 收到 Head 資訊 {Count 2} {Type C } 
[2788] 2015/02/16 07:50:14.164 收到 Head 資訊 {Count 2} {Type C } 
[2788] 2015/02/16 07:50:14.166 收到 Head 資訊 {Count 2} {Type C } 
[2788] 2015/02/16 07:50:14.168 收到 Head 資訊 {Count 2} {Type C } 
[2788] 2015/02/16 07:50:14.170 收到 Head 資訊 {Count 2} {Type C } 
[2788] 2015/02/16 07:50:14.174 收到 Head 資訊 {Count 2} {Type C } 
[2788] 2015/02/16 07:50:14.176 收到 Head 資訊 {Count 2} {Type C } 
[2788] 2015/02/16 07:50:14.178 收到 Head 資訊 {Count 2} {Type C } 
[2788] 2015/02/16 07:50:14.180 收到 Head 資訊 {Count 2} {Type C } 
[2788] 2015/02/16 07:50:14.182 收到 Head 資訊 {Count 2} {Type C } 
[2788] 2015/02/16 07:50:14.184 收到 Head 資訊 {Count 2} {Type C } 
[2788] 2015/02/16 07:50:14.186 收到 Head 資訊 {Count 2} {Type C } 
[2788] 2015/02/16 07:50:14.188 收到 Head 資訊 {Count 2} {Type C } 
[2788] 2015/02/16 07:50:14.190 收到 Head 資訊 {Count 2} {Type C } 
[2788] 2015/02/16 07:50:14.192 收到 Head 資訊 {Count 2} {Type C } 
[2788] 2015/02/16 07:50:14.194 收到 Head 資訊 {Count 2} {Type C } 
[2788] 2015/02/16 07:50:14.196 收到 Head 資訊 {Count 2} {Type C } 
[2788] 2015/02/16 07:50:14.198 收到 Head 資訊 {Count 2} {Type C } 
[2788] 2015/02/16 07:50:14.200 收到 Head 資訊 {Count 2} {Type C } 
[2788] 2015/02/16 07:50:14.202 收到 Head 資訊 {Count 2} {Type C } 
[2788] 2015/02/16 07:50:14.204 收到 Head 資訊 {Count 2} {Type C } 
[2788] 2015/02/16 07:50:14.206 收到 Head 資訊 {Count 2} {Type C } 
[2788] 2015/02/16 07:50:14.208 收到 Head 資訊 {Count 2} {Type C } 
[2788] 2015/02/16 07:50:14.210 收到 Head 資訊 {Count 2} {Type C } 
[2788] 2015/02/16 07:50:14.212 收到 Head 資訊 {Count 2} {Type D } 
[2788] 2015/02/16 07:50:14.213 收到 Head 資訊 {Count 2} {Type D } 
[2788] 2015/02/16 07:50:14.215 收到 Head 資訊 {Count 2} {Type C } 
[2788] 2015/02/16 07:50:14.217 收到 Head 資訊 {Count 2} {Type B } 
[2788] 2015/02/16 07:51:12.946 連線確認 E122828927 (21,21)
[2788] 2015/02/16 07:52:12.960 連線確認 E122828927 (21,21)
[2788] 2015/02/16 07:53:12.974 連線確認 E122828927 (21,21)
[2788] 2015/02/16 07:54:12.987 連線確認 E122828927 (21,21)
[2788] 2015/02/16 07:55:13.002 連線確認 E122828927 (21,21)
[2788] 2015/02/16 07:55:13.257 收到 Head 資訊 {Count 2} {Type B } 
[2788] 2015/02/16 07:56:13.015 連線確認 E122828927 (21,21)
[2788] 2015/02/16 07:57:13.028 連線確認 E122828927 (21,21)
[2788] 2015/02/16 07:58:13.041 連線確認 E122828927 (21,21)
[2788] 2015/02/16 07:59:13.055 連線確認 E122828927 (21,21)
[2788] 2015/02/16 08:00:13.070 連線確認 E122828927 (21,21)
[2788] 2015/02/16 08:00:14.253 收到 Head 資訊 {Count 2} {Type B } 
[2788] 2015/02/16 08:01:13.083 連線確認 E122828927 (21,21)
[2788] 2015/02/16 08:02:13.096 連線確認 E122828927 (21,21)
[2788] 2015/02/16 08:03:13.109 連線確認 E122828927 (21,21)
[2788] 2015/02/16 08:04:13.123 連線確認 E122828927 (21,21)
[2788] 2015/02/16 08:05:13.136 連線確認 E122828927 (21,21)
[2788] 2015/02/16 08:05:15.250 收到 Head 資訊 {Count 2} {Type B } 
[2788] 2015/02/16 08:06:13.151 連線確認 E122828927 (21,21)
[2788] 2015/02/16 08:07:13.164 連線確認 E122828927 (21,21)
[2788] 2015/02/16 08:08:13.177 連線確認 E122828927 (21,21)
[2788] 2015/02/16 08:09:13.190 連線確認 E122828927 (21,21)
[2788] 2015/02/16 08:10:13.205 連線確認 E122828927 (21,21)
[2788] 2015/02/16 08:10:13.812 收到 Head 資訊 {Count 2} {Type C } 
[2788] 2015/02/16 08:10:16.871 收到 Head 資訊 {Count 2} {Type B } 
[2788] 2015/02/16 08:10:23.811 收到 Head 資訊 {Count 2} {Type C } 
[2788] 2015/02/16 08:11:13.219 連線確認 E122828927 (21,21)
[2788] 2015/02/16 08:12:13.233 連線確認 E122828927 (21,21)
[2788] 2015/02/16 08:13:13.246 連線確認 E122828927 (21,21)
[2788] 2015/02/16 08:14:13.258 連線確認 E122828927 (21,21)
[2788] 2015/02/16 08:15:13.273 連線確認 E122828927 (21,21)
[2788] 2015/02/16 08:15:17.868 收到 Head 資訊 {Count 2} {Type B } 
[2788] 2015/02/16 08:16:13.286 連線確認 E122828927 (21,21)
[2788] 2015/02/16 08:17:13.300 連線確認 E122828927 (21,21)
[2788] 2015/02/16 08:18:13.313 連線確認 E122828927 (21,21)
[2788] 2015/02/16 08:19:13.328 連線確認 E122828927 (21,21)
[2788] 2015/02/16 08:20:13.341 連線確認 E122828927 (21,21)
[2788] 2015/02/16 08:20:18.864 收到 Head 資訊 {Count 2} {Type B } 
[2788] 2015/02/16 08:21:13.353 連線確認 E122828927 (21,21)
[2788] 2015/02/16 08:22:09.345 收到 Head 資訊 {Count 2} {Type D } 
[2788] 2015/02/16 08:22:09.552 收到 Head 資訊 {Count 2} {Type D } 
[2788] 2015/02/16 08:22:13.367 連線確認 E122828927 (21,21)
[2788] 2015/02/16 08:23:13.381 連線確認 E122828927 (21,21)
[2788] 2015/02/16 08:24:13.394 連線確認 E122828927 (21,21)
[2788] 2015/02/16 08:25:13.408 連線確認 E122828927 (21,21)
[2788] 2015/02/16 08:25:19.502 收到 Head 資訊 {Count 2} {Type B } 
[2788] 2015/02/16 08:26:13.421 連線確認 E122828927 (21,21)
[2788] 2015/02/16 08:27:13.436 連線確認 E122828927 (21,21)
[2788] 2015/02/16 08:28:13.450 連線確認 E122828927 (21,21)
[2788] 2015/02/16 08:29:13.464 連線確認 E122828927 (21,21)
[2788] 2015/02/16 08:30:13.477 連線確認 E122828927 (21,21)
[2788] 2015/02/16 08:30:13.878 收到 Head 資訊 {Count 2} {Type C } 
[2788] 2015/02/16 08:30:20.498 收到 Head 資訊 {Count 2} {Type B } 
[2788] 2015/02/16 08:30:23.879 收到 Head 資訊 {Count 2} {Type C } 
[2788] 2015/02/16 08:30:33.878 收到 Head 資訊 {Count 2} {Type C } 
[2788] 2015/02/16 08:31:13.491 連線確認 E122828927 (21,21)
[2788] 2015/02/16 08:32:13.503 連線確認 E122828927 (21,21)
[2788] 2015/02/16 08:33:13.517 連線確認 E122828927 (21,21)
[2788] 2015/02/16 08:34:07.675 收到 Head 資訊 {Count 2} {Type D } 
[2788] 2015/02/16 08:34:13.532 連線確認 E122828927 (21,21)
[2788] 2015/02/16 08:35:13.545 連線確認 E122828927 (21,21)
[2788] 2015/02/16 08:35:21.495 收到 Head 資訊 {Count 2} {Type B } 
[2788] 2015/02/16 08:36:13.559 連線確認 E122828927 (21,21)
[2788] 2015/02/16 08:37:13.572 連線確認 E122828927 (21,21)
[2788] 2015/02/16 08:38:18.501 連線確認 E122828927 (21,21)
[2788] 2015/02/16 08:39:18.512 連線確認 E122828927 (21,21)
[2788] 2015/02/16 08:40:18.527 連線確認 E122828927 (21,21)
[2788] 2015/02/16 08:40:22.181 收到 Head 資訊 {Count 2} {Type B } 
[2788] 2015/02/16 08:41:18.541 連線確認 E122828927 (21,21)
[2788] 2015/02/16 08:42:18.554 連線確認 E122828927 (21,21)
[2788] 2015/02/16 08:43:18.567 連線確認 E122828927 (21,21)
[2788] 2015/02/16 08:44:18.581 連線確認 E122828927 (21,21)
[2788] 2015/02/16 08:45:18.595 連線確認 E122828927 (21,21)
[2788] 2015/02/16 08:45:23.177 收到 Head 資訊 {Count 2} {Type B } 
[2788] 2015/02/16 08:46:18.608 連線確認 E122828927 (21,21)
[2788] 2015/02/16 08:47:18.621 連線確認 E122828927 (21,21)
[2788] 2015/02/16 08:48:18.636 連線確認 E122828927 (21,21)
[2788] 2015/02/16 08:49:18.649 連線確認 E122828927 (21,21)
[2788] 2015/02/16 08:50:18.663 連線確認 E122828927 (21,21)
[2788] 2015/02/16 08:50:24.173 收到 Head 資訊 {Count 2} {Type B } 
[2788] 2015/02/16 08:51:18.676 連線確認 E122828927 (21,21)
[2788] 2015/02/16 08:52:18.689 連線確認 E122828927 (21,21)
[2788] 2015/02/16 08:53:18.704 連線確認 E122828927 (21,21)
[2788] 2015/02/16 08:54:18.717 連線確認 E122828927 (21,21)
[2788] 2015/02/16 08:55:18.729 連線確認 E122828927 (21,21)
[2788] 2015/02/16 08:55:25.458 收到 Head 資訊 {Count 2} {Type B } 
[2788] 2015/02/16 08:56:18.744 連線確認 E122828927 (21,21)
[2788] 2015/02/16 08:57:18.757 連線確認 E122828927 (21,21)
[2788] 2015/02/16 08:58:18.772 連線確認 E122828927 (21,21)
[2788] 2015/02/16 08:59:18.786 連線確認 E122828927 (21,21)
[2788] 2015/02/16 09:00:18.798 連線確認 E122828927 (21,21)
[2788] 2015/02/16 09:00:26.474 收到 Head 資訊 {Count 2} {Type B } 
[2788] 2015/02/16 09:01:18.811 連線確認 E122828927 (21,21)
[2788] 2015/02/16 09:02:18.824 連線確認 E122828927 (21,21)
[2788] 2015/02/16 09:03:18.839 連線確認 E122828927 (21,21)
[2788] 2015/02/16 09:04:18.853 連線確認 E122828927 (21,21)
[2788] 2015/02/16 09:05:18.866 連線確認 E122828927 (21,21)
[2788] 2015/02/16 09:05:27.460 收到 Head 資訊 {Count 2} {Type B } 
[2788] 2015/02/16 09:06:18.879 連線確認 E122828927 (21,21)
[2788] 2015/02/16 09:07:18.893 連線確認 E122828927 (21,21)
[2788] 2015/02/16 09:08:18.906 連線確認 E122828927 (21,21)
[2788] 2015/02/16 09:09:18.921 連線確認 E122828927 (21,21)
[2788] 2015/02/16 09:10:14.138 收到 Head 資訊 {Count 2} {Type C } 
[2788] 2015/02/16 09:10:18.934 連線確認 E122828927 (21,21)
[2788] 2015/02/16 09:10:24.127 收到 Head 資訊 {Count 2} {Type C } 
[2788] 2015/02/16 09:10:28.447 收到 Head 資訊 {Count 2} {Type B } 
[2788] 2015/02/16 09:10:33.158 收到 Head 資訊 {Count 2} {Type D } 
[2788] 2015/02/16 09:10:34.147 收到 Head 資訊 {Count 2} {Type C } 
[2788] 2015/02/16 09:10:41.737 收到 Head 資訊 {Count 2} {Type D } 
[2788] 2015/02/16 09:10:44.137 收到 Head 資訊 {Count 2} {Type C } 
[2788] 2015/02/16 09:10:54.157 收到 Head 資訊 {Count 2} {Type C } 
[2788] 2015/02/16 09:11:18.948 連線確認 E122828927 (21,21)
[2788] 2015/02/16 09:12:18.961 連線確認 E122828927 (21,21)
[2788] 2015/02/16 09:13:18.975 連線確認 E122828927 (21,21)
[2788] 2015/02/16 09:14:18.988 連線確認 E122828927 (21,21)
[2788] 2015/02/16 09:14:54.065 收到 Head 資訊 {Count 2} {Type C } 
[2788] 2015/02/16 09:15:19.001 連線確認 E122828927 (21,21)
[2788] 2015/02/16 09:15:29.464 收到 Head 資訊 {Count 2} {Type B } 
[2788] 2015/02/16 09:16:19.015 連線確認 E122828927 (21,21)
[2788] 2015/02/16 09:17:19.030 連線確認 E122828927 (21,21)
[2788] 2015/02/16 09:18:19.042 連線確認 E122828927 (21,21)
[2788] 2015/02/16 09:19:19.057 連線確認 E122828927 (21,21)
[2788] 2015/02/16 09:20:19.070 連線確認 E122828927 (21,21)
[2788] 2015/02/16 09:20:30.418 收到 Head 資訊 {Count 2} {Type B } 
[2788] 2015/02/16 09:21:19.082 連線確認 E122828927 (21,21)
[2788] 2015/02/16 09:22:19.098 連線確認 E122828927 (21,21)
[2788] 2015/02/16 09:23:19.110 連線確認 E122828927 (21,21)
[2788] 2015/02/16 09:24:19.125 連線確認 E122828927 (21,21)
[2788] 2015/02/16 09:25:19.138 連線確認 E122828927 (21,21)
[2788] 2015/02/16 09:25:31.404 收到 Head 資訊 {Count 2} {Type B } 
[2788] 2015/02/16 09:26:19.152 連線確認 E122828927 (21,21)
[2788] 2015/02/16 09:27:19.165 連線確認 E122828927 (21,21)
[2788] 2015/02/16 09:28:19.179 連線確認 E122828927 (21,21)
[2788] 2015/02/16 09:29:19.192 連線確認 E122828927 (21,21)
[2788] 2015/02/16 09:30:14.271 收到 Head 資訊 {Count 2} {Type C } 
[2788] 2015/02/16 09:30:19.205 連線確認 E122828927 (21,21)
[2788] 2015/02/16 09:30:32.421 收到 Head 資訊 {Count 2} {Type B } 
[2788] 2015/02/16 09:31:19.220 連線確認 E122828927 (21,21)
[2788] 2015/02/16 09:32:19.233 連線確認 E122828927 (21,21)
[2788] 2015/02/16 09:33:19.247 連線確認 E122828927 (21,21)
[2788] 2015/02/16 09:34:19.260 連線確認 E122828927 (21,21)
[2788] 2015/02/16 09:34:54.168 收到 Head 資訊 {Count 2} {Type C } 
[2788] 2015/02/16 09:35:04.158 收到 Head 資訊 {Count 2} {Type C } 
[2788] 2015/02/16 09:35:14.177 收到 Head 資訊 {Count 2} {Type C } 
[2788] 2015/02/16 09:35:19.275 連線確認 E122828927 (21,21)
[2788] 2015/02/16 09:35:33.408 收到 Head 資訊 {Count 2} {Type B } 
[2788] 2015/02/16 09:36:19.287 連線確認 E122828927 (21,21)
[2788] 2015/02/16 09:37:19.301 連線確認 E122828927 (21,21)
[2788] 2015/02/16 09:38:19.314 連線確認 E122828927 (21,21)
[2788] 2015/02/16 09:39:19.328 連線確認 E122828927 (21,21)
[2788] 2015/02/16 09:40:19.341 連線確認 E122828927 (21,21)
[2788] 2015/02/16 09:40:34.395 收到 Head 資訊 {Count 2} {Type B } 
[2788] 2015/02/16 09:41:19.354 連線確認 E122828927 (21,21)
[2788] 2015/02/16 09:42:19.369 連線確認 E122828927 (21,21)
[2788] 2015/02/16 09:43:19.382 連線確認 E122828927 (21,21)
[2788] 2015/02/16 09:44:19.395 連線確認 E122828927 (21,21)
[2788] 2015/02/16 09:45:19.410 連線確認 E122828927 (21,21)
[2788] 2015/02/16 09:45:35.410 收到 Head 資訊 {Count 2} {Type B } 
[2788] 2015/02/16 09:46:19.423 連線確認 E122828927 (21,21)
[2788] 2015/02/16 09:47:19.436 連線確認 E122828927 (21,21)
[2788] 2015/02/16 09:48:19.451 連線確認 E122828927 (21,21)
[2788] 2015/02/16 09:49:19.464 連線確認 E122828927 (21,21)
[2788] 2015/02/16 09:50:14.407 收到 Head 資訊 {Count 2} {Type C } 
[2788] 2015/02/16 09:50:19.477 連線確認 E122828927 (21,21)
[2788] 2015/02/16 09:50:24.426 收到 Head 資訊 {Count 2} {Type C } 
[2788] 2015/02/16 09:50:36.396 收到 Head 資訊 {Count 2} {Type B } 
[2788] 2015/02/16 09:51:19.491 連線確認 E122828927 (21,21)
[2788] 2015/02/16 09:52:19.504 連線確認 E122828927 (21,21)
[2788] 2015/02/16 09:53:19.518 連線確認 E122828927 (21,21)
[2788] 2015/02/16 09:54:19.531 連線確認 E122828927 (21,21)
[2788] 2015/02/16 09:54:53.284 收到 Head 資訊 {Count 2} {Type C } 
[2788] 2015/02/16 09:55:19.546 連線確認 E122828927 (21,21)
[2788] 2015/02/16 09:55:37.533 收到 Head 資訊 {Count 2} {Type B } 
[2788] 2015/02/16 09:56:19.558 連線確認 E122828927 (21,21)
[2788] 2015/02/16 09:57:19.573 連線確認 E122828927 (21,21)
[2788] 2015/02/16 09:58:19.587 連線確認 E122828927 (21,21)
[2788] 2015/02/16 09:59:19.599 連線確認 E122828927 (21,21)
[2788] 2015/02/16 10:00:19.614 連線確認 E122828927 (21,21)
[2788] 2015/02/16 10:00:38.549 收到 Head 資訊 {Count 2} {Type B } 
[2788] 2015/02/16 10:01:19.626 連線確認 E122828927 (21,21)
[2788] 2015/02/16 10:02:19.641 連線確認 E122828927 (21,21)
[2788] 2015/02/16 10:03:19.654 連線確認 E122828927 (21,21)
[2788] 2015/02/16 10:04:19.669 連線確認 E122828927 (21,21)
[2788] 2015/02/16 10:05:19.682 連線確認 E122828927 (21,21)
[2788] 2015/02/16 10:05:39.535 收到 Head 資訊 {Count 2} {Type B } 
[2788] 2015/02/16 10:06:19.694 連線確認 E122828927 (21,21)
[2788] 2015/02/16 10:07:19.708 連線確認 E122828927 (21,21)
[2788] 2015/02/16 10:07:55.494 收到 Head 資訊 {Count 2} {Type D } 
[2788] 2015/02/16 10:08:19.721 連線確認 E122828927 (21,21)
[2788] 2015/02/16 10:09:19.736 連線確認 E122828927 (21,21)
[2788] 2015/02/16 10:10:13.703 收到 Head 資訊 {Count 2} {Type C } 
[2788] 2015/02/16 10:10:19.749 連線確認 E122828927 (21,21)
[2788] 2015/02/16 10:10:23.692 收到 Head 資訊 {Count 2} {Type C } 
[2788] 2015/02/16 10:11:00.503 收到 Head 資訊 {Count 2} {Type B } 
[2788] 2015/02/16 10:11:19.762 連線確認 E122828927 (21,21)
[2788] 2015/02/16 10:12:19.776 連線確認 E122828927 (21,21)
[2788] 2015/02/16 10:13:19.789 連線確認 E122828927 (21,21)
[2788] 2015/02/16 10:14:19.803 連線確認 E122828927 (21,21)
[2788] 2015/02/16 10:15:19.816 連線確認 E122828927 (21,21)
[2788] 2015/02/16 10:15:41.251 收到 Head 資訊 {Count 2} {Type B } 
[2788] 2015/02/16 10:16:19.830 連線確認 E122828927 (21,21)
[2788] 2015/02/16 10:17:19.844 連線確認 E122828927 (21,21)
[2788] 2015/02/16 10:18:19.858 連線確認 E122828927 (21,21)
[2788] 2015/02/16 10:19:19.872 連線確認 E122828927 (21,21)
[2788] 2015/02/16 10:20:19.884 連線確認 E122828927 (21,21)
[2788] 2015/02/16 10:20:42.237 收到 Head 資訊 {Count 2} {Type B } 
[2788] 2015/02/16 10:21:19.899 連線確認 E122828927 (21,21)
[2788] 2015/02/16 10:22:19.912 連線確認 E122828927 (21,21)
[2788] 2015/02/16 10:23:19.925 連線確認 E122828927 (21,21)
[2788] 2015/02/16 10:24:19.940 連線確認 E122828927 (21,21)
[2788] 2015/02/16 10:25:19.953 連線確認 E122828927 (21,21)
[2788] 2015/02/16 10:25:43.224 收到 Head 資訊 {Count 2} {Type B } 
[2788] 2015/02/16 10:26:19.967 連線確認 E122828927 (21,21)
[2788] 2015/02/16 10:27:19.980 連線確認 E122828927 (21,21)
[2788] 2015/02/16 10:28:13.210 API ExitInstance 
[1504] 2015/02/16 15:26:12.415 API InitInstance 
[1504] 2015/02/16 15:26:12.741 E122828927 連線 Code：0
[1504] 2015/02/16 15:26:13.753 收到 Head 資訊 {Count 2} {Type A } 
[1504] 2015/02/16 15:26:13.756 0402164501522OFNNF0200001709003S20OSE    JNM   201503       Y             x1757+001799500000000000000+00000000000000000000000000000000000000000000000000100000001201502161311140000105500000008706y
[1504] 2015/02/16 15:26:13.769 收到 Head 資訊 {Count 2} {Type A } 
[1504] 2015/02/16 15:26:13.771 0402164501597OFNNF0200001709003B20OSE    JNM   201503       Y             x1856+001802000000000000000+00000000000000000000000000000000000000000000000000100000001201502161342170000112900000008706y
[1504] 2015/02/16 15:26:13.778 收到 Head 資訊 {Count 2} {Type A } 
[1504] 2015/02/16 15:26:13.780              OFDNF0200001709003S20OSE    JNM   201503                     x17570001799500000000000000000000000000000000000000000000000000000000000000000100010000201502161311140000105600000008706y
[1504] 2015/02/16 15:26:13.786 收到 Head 資訊 {Count 2} {Type A } 
[1504] 2015/02/16 15:26:13.788              OFDNF0200001709003B20OSE    JNM   201503                     x18560001802000000000000000000000000000000000000000000000000000000000000000000100010000201502161342170000113000000008706y
[1504] 2015/02/16 15:26:13.794 收到 Head 資訊 {Count 2} {Type C } 
[1504] 2015/02/16 15:26:13.796 收到 Head 資訊 {Count 2} {Type C } 
[1504] 2015/02/16 15:26:13.797 收到 Head 資訊 {Count 2} {Type C } 
[1504] 2015/02/16 15:26:13.799 收到 Head 資訊 {Count 2} {Type C } 
[1504] 2015/02/16 15:26:13.801 收到 Head 資訊 {Count 2} {Type C } 
[1504] 2015/02/16 15:26:13.803 收到 Head 資訊 {Count 2} {Type C } 
[1504] 2015/02/16 15:26:13.805 收到 Head 資訊 {Count 2} {Type C } 
[1504] 2015/02/16 15:26:13.806 收到 Head 資訊 {Count 2} {Type C } 
[1504] 2015/02/16 15:26:13.808 收到 Head 資訊 {Count 2} {Type C } 
[1504] 2015/02/16 15:26:13.810 收到 Head 資訊 {Count 2} {Type C } 
[1504] 2015/02/16 15:26:13.812 收到 Head 資訊 {Count 2} {Type C } 
[1504] 2015/02/16 15:26:13.814 收到 Head 資訊 {Count 2} {Type C } 
[1504] 2015/02/16 15:26:13.815 收到 Head 資訊 {Count 2} {Type C } 
[1504] 2015/02/16 15:26:13.817 收到 Head 資訊 {Count 2} {Type C } 
[1504] 2015/02/16 15:26:13.819 收到 Head 資訊 {Count 2} {Type C } 
[1504] 2015/02/16 15:26:13.821 收到 Head 資訊 {Count 2} {Type C } 
[1504] 2015/02/16 15:26:13.823 收到 Head 資訊 {Count 2} {Type C } 
[1504] 2015/02/16 15:26:13.824 收到 Head 資訊 {Count 2} {Type C } 
[1504] 2015/02/16 15:26:13.826 收到 Head 資訊 {Count 2} {Type C } 
[1504] 2015/02/16 15:26:13.828 收到 Head 資訊 {Count 2} {Type C } 
[1504] 2015/02/16 15:26:13.830 收到 Head 資訊 {Count 2} {Type C } 
[1504] 2015/02/16 15:26:13.832 收到 Head 資訊 {Count 2} {Type C } 
[1504] 2015/02/16 15:26:13.834 收到 Head 資訊 {Count 2} {Type C } 
[1504] 2015/02/16 15:26:13.835 收到 Head 資訊 {Count 2} {Type C } 
[1504] 2015/02/16 15:26:13.837 收到 Head 資訊 {Count 2} {Type C } 
[1504] 2015/02/16 15:26:13.839 收到 Head 資訊 {Count 2} {Type C } 
[1504] 2015/02/16 15:26:13.840 收到 Head 資訊 {Count 2} {Type C } 
[1504] 2015/02/16 15:26:13.842 收到 Head 資訊 {Count 2} {Type C } 
[1504] 2015/02/16 15:26:13.844 收到 Head 資訊 {Count 2} {Type C } 
[1504] 2015/02/16 15:26:13.846 收到 Head 資訊 {Count 2} {Type C } 
[1504] 2015/02/16 15:26:13.847 收到 Head 資訊 {Count 2} {Type C } 
[1504] 2015/02/16 15:26:13.849 收到 Head 資訊 {Count 2} {Type C } 
[1504] 2015/02/16 15:26:13.851 收到 Head 資訊 {Count 2} {Type C } 
[1504] 2015/02/16 15:26:13.852 收到 Head 資訊 {Count 2} {Type C } 
[1504] 2015/02/16 15:26:13.854 收到 Head 資訊 {Count 2} {Type C } 
[1504] 2015/02/16 15:26:13.862 收到 Head 資訊 {Count 2} {Type C } 
[1504] 2015/02/16 15:26:13.864 收到 Head 資訊 {Count 2} {Type C } 
[1504] 2015/02/16 15:26:13.866 收到 Head 資訊 {Count 2} {Type C } 
[1504] 2015/02/16 15:26:13.868 收到 Head 資訊 {Count 2} {Type D } 
[1504] 2015/02/16 15:26:13.869 收到 Head 資訊 {Count 2} {Type C } 
[1504] 2015/02/16 15:26:13.871 收到 Head 資訊 {Count 2} {Type D } 
[1504] 2015/02/16 15:26:13.873 收到 Head 資訊 {Count 2} {Type C } 
[1504] 2015/02/16 15:26:13.874 收到 Head 資訊 {Count 2} {Type C } 
[1504] 2015/02/16 15:26:13.876 收到 Head 資訊 {Count 2} {Type D } 
[1504] 2015/02/16 15:26:13.878 收到 Head 資訊 {Count 2} {Type C } 
[1504] 2015/02/16 15:26:13.880 收到 Head 資訊 {Count 2} {Type D } 
[1504] 2015/02/16 15:26:13.882 收到 Head 資訊 {Count 2} {Type C } 
[1504] 2015/02/16 15:26:13.884 收到 Head 資訊 {Count 2} {Type C } 
[1504] 2015/02/16 15:26:13.885 收到 Head 資訊 {Count 2} {Type C } 
[1504] 2015/02/16 15:26:13.887 收到 Head 資訊 {Count 2} {Type D } 
[1504] 2015/02/16 15:26:13.889 收到 Head 資訊 {Count 2} {Type C } 
[1504] 2015/02/16 15:26:13.890 收到 Head 資訊 {Count 2} {Type C } 
[1504] 2015/02/16 15:26:13.892 收到 Head 資訊 {Count 2} {Type C } 
[1504] 2015/02/16 15:26:13.894 收到 Head 資訊 {Count 2} {Type C } 
[1504] 2015/02/16 15:26:13.895 收到 Head 資訊 {Count 2} {Type C } 
[1504] 2015/02/16 15:26:13.897 收到 Head 資訊 {Count 2} {Type C } 
[1504] 2015/02/16 15:26:13.899 收到 Head 資訊 {Count 2} {Type C } 
[1504] 2015/02/16 15:26:13.901 收到 Head 資訊 {Count 2} {Type C } 
[1504] 2015/02/16 15:26:13.902 收到 Head 資訊 {Count 2} {Type C } 
[1504] 2015/02/16 15:26:13.904 收到 Head 資訊 {Count 2} {Type C } 
[1504] 2015/02/16 15:26:13.906 收到 Head 資訊 {Count 2} {Type C } 
[1504] 2015/02/16 15:26:13.907 收到 Head 資訊 {Count 2} {Type C } 
[1504] 2015/02/16 15:26:13.909 收到 Head 資訊 {Count 2} {Type C } 
[1504] 2015/02/16 15:26:13.911 收到 Head 資訊 {Count 2} {Type C } 
[1504] 2015/02/16 15:26:13.912 收到 Head 資訊 {Count 2} {Type C } 
[1504] 2015/02/16 15:26:13.914 收到 Head 資訊 {Count 2} {Type C } 
[1504] 2015/02/16 15:26:13.916 收到 Head 資訊 {Count 2} {Type C } 
[1504] 2015/02/16 15:26:13.917 收到 Head 資訊 {Count 2} {Type C } 
[1504] 2015/02/16 15:26:13.919 收到 Head 資訊 {Count 2} {Type C } 
[1504] 2015/02/16 15:26:13.921 收到 Head 資訊 {Count 2} {Type C } 
[1504] 2015/02/16 15:26:13.923 收到 Head 資訊 {Count 2} {Type C } 
[1504] 2015/02/16 15:26:13.924 收到 Head 資訊 {Count 2} {Type C } 
[1504] 2015/02/16 15:26:13.926 收到 Head 資訊 {Count 2} {Type C } 
[1504] 2015/02/16 15:26:13.928 收到 Head 資訊 {Count 2} {Type C } 
[1504] 2015/02/16 15:26:13.929 收到 Head 資訊 {Count 2} {Type C } 
[1504] 2015/02/16 15:26:13.931 收到 Head 資訊 {Count 2} {Type C } 
[1504] 2015/02/16 15:26:13.933 收到 Head 資訊 {Count 2} {Type C } 
[1504] 2015/02/16 15:26:13.935 收到 Head 資訊 {Count 2} {Type C } 
[1504] 2015/02/16 15:26:13.937 收到 Head 資訊 {Count 2} {Type C } 
[1504] 2015/02/16 15:26:13.938 收到 Head 資訊 {Count 2} {Type C } 
[1504] 2015/02/16 15:26:13.940 收到 Head 資訊 {Count 2} {Type C } 
[1504] 2015/02/16 15:26:13.942 收到 Head 資訊 {Count 2} {Type C } 
[1504] 2015/02/16 15:26:13.944 收到 Head 資訊 {Count 2} {Type C } 
[1504] 2015/02/16 15:26:13.946 收到 Head 資訊 {Count 2} {Type C } 
[1504] 2015/02/16 15:26:13.947 收到 Head 資訊 {Count 2} {Type C } 
[1504] 2015/02/16 15:26:13.949 收到 Head 資訊 {Count 2} {Type C } 
[1504] 2015/02/16 15:26:13.951 收到 Head 資訊 {Count 2} {Type C } 
[1504] 2015/02/16 15:26:13.953 收到 Head 資訊 {Count 2} {Type C } 
[1504] 2015/02/16 15:26:13.955 收到 Head 資訊 {Count 2} {Type C } 
[1504] 2015/02/16 15:26:13.957 收到 Head 資訊 {Count 2} {Type C } 
[1504] 2015/02/16 15:26:13.958 收到 Head 資訊 {Count 2} {Type C } 
[1504] 2015/02/16 15:26:13.960 收到 Head 資訊 {Count 2} {Type C } 
[1504] 2015/02/16 15:26:13.962 收到 Head 資訊 {Count 2} {Type C } 
[1504] 2015/02/16 15:26:13.964 收到 Head 資訊 {Count 2} {Type C } 
[1504] 2015/02/16 15:26:13.966 收到 Head 資訊 {Count 2} {Type C } 
[1504] 2015/02/16 15:26:13.967 收到 Head 資訊 {Count 2} {Type C } 
[1504] 2015/02/16 15:26:13.969 收到 Head 資訊 {Count 2} {Type C } 
[1504] 2015/02/16 15:26:13.971 收到 Head 資訊 {Count 2} {Type D } 
[1504] 2015/02/16 15:26:13.973 收到 Head 資訊 {Count 2} {Type D } 
[1504] 2015/02/16 15:26:13.975 收到 Head 資訊 {Count 2} {Type C } 
[1504] 2015/02/16 15:26:13.977 收到 Head 資訊 {Count 2} {Type C } 
[1504] 2015/02/16 15:26:13.978 收到 Head 資訊 {Count 2} {Type C } 
[1504] 2015/02/16 15:26:13.980 收到 Head 資訊 {Count 2} {Type D } 
[1504] 2015/02/16 15:26:13.982 收到 Head 資訊 {Count 2} {Type D } 
[1504] 2015/02/16 15:26:13.984 收到 Head 資訊 {Count 2} {Type C } 
[1504] 2015/02/16 15:26:13.986 收到 Head 資訊 {Count 2} {Type C } 
[1504] 2015/02/16 15:26:13.988 收到 Head 資訊 {Count 2} {Type C } 
[1504] 2015/02/16 15:26:13.989 收到 Head 資訊 {Count 2} {Type D } 
[1504] 2015/02/16 15:26:13.991 收到 Head 資訊 {Count 2} {Type C } 
[1504] 2015/02/16 15:26:13.993 收到 Head 資訊 {Count 2} {Type C } 
[1504] 2015/02/16 15:26:13.995 收到 Head 資訊 {Count 2} {Type D } 
[1504] 2015/02/16 15:26:13.996 收到 Head 資訊 {Count 2} {Type C } 
[1504] 2015/02/16 15:26:13.998 收到 Head 資訊 {Count 2} {Type D } 
[1504] 2015/02/16 15:26:14.000 收到 Head 資訊 {Count 2} {Type C } 
[1504] 2015/02/16 15:26:14.002 收到 Head 資訊 {Count 2} {Type C } 
[1504] 2015/02/16 15:26:14.004 收到 Head 資訊 {Count 2} {Type C } 
[1504] 2015/02/16 15:26:14.005 收到 Head 資訊 {Count 2} {Type C } 
[1504] 2015/02/16 15:26:14.007 收到 Head 資訊 {Count 2} {Type C } 
[1504] 2015/02/16 15:26:14.009 收到 Head 資訊 {Count 2} {Type C } 
[1504] 2015/02/16 15:26:14.011 收到 Head 資訊 {Count 2} {Type C } 
[1504] 2015/02/16 15:26:14.013 收到 Head 資訊 {Count 2} {Type C } 
[1504] 2015/02/16 15:26:14.014 收到 Head 資訊 {Count 2} {Type C } 
[1504] 2015/02/16 15:26:14.016 收到 Head 資訊 {Count 2} {Type C } 
[1504] 2015/02/16 15:26:14.018 收到 Head 資訊 {Count 2} {Type D } 
[1504] 2015/02/16 15:26:14.020 收到 Head 資訊 {Count 2} {Type C } 
[1504] 2015/02/16 15:26:14.022 收到 Head 資訊 {Count 2} {Type C } 
[1504] 2015/02/16 15:26:14.023 收到 Head 資訊 {Count 2} {Type C } 
[1504] 2015/02/16 15:26:14.025 收到 Head 資訊 {Count 2} {Type C } 
[1504] 2015/02/16 15:26:14.027 收到 Head 資訊 {Count 2} {Type C } 
[1504] 2015/02/16 15:26:14.029 收到 Head 資訊 {Count 2} {Type C } 
[1504] 2015/02/16 15:26:14.031 收到 Head 資訊 {Count 2} {Type C } 
[1504] 2015/02/16 15:26:14.033 收到 Head 資訊 {Count 2} {Type C } 
[1504] 2015/02/16 15:26:14.035 收到 Head 資訊 {Count 2} {Type C } 
[1504] 2015/02/16 15:26:14.037 收到 Head 資訊 {Count 2} {Type C } 
[1504] 2015/02/16 15:26:14.039 收到 Head 資訊 {Count 2} {Type C } 
[1504] 2015/02/16 15:26:14.041 收到 Head 資訊 {Count 2} {Type C } 
[1504] 2015/02/16 15:26:14.043 收到 Head 資訊 {Count 2} {Type C } 
[1504] 2015/02/16 15:26:14.045 收到 Head 資訊 {Count 2} {Type C } 
[1504] 2015/02/16 15:26:14.047 收到 Head 資訊 {Count 2} {Type C } 
[1504] 2015/02/16 15:26:14.049 收到 Head 資訊 {Count 2} {Type C } 
[1504] 2015/02/16 15:26:14.051 收到 Head 資訊 {Count 2} {Type C } 
[1504] 2015/02/16 15:26:14.052 收到 Head 資訊 {Count 2} {Type C } 
[1504] 2015/02/16 15:26:14.054 收到 Head 資訊 {Count 2} {Type C } 
[1504] 2015/02/16 15:26:14.056 收到 Head 資訊 {Count 2} {Type C } 
[1504] 2015/02/16 15:26:14.058 收到 Head 資訊 {Count 2} {Type C } 
[1504] 2015/02/16 15:26:14.060 收到 Head 資訊 {Count 2} {Type C } 
[1504] 2015/02/16 15:26:14.062 收到 Head 資訊 {Count 2} {Type C } 
[1504] 2015/02/16 15:26:14.064 收到 Head 資訊 {Count 2} {Type C } 
[1504] 2015/02/16 15:26:14.066 收到 Head 資訊 {Count 2} {Type C } 
[1504] 2015/02/16 15:26:14.068 收到 Head 資訊 {Count 2} {Type C } 
[1504] 2015/02/16 15:26:14.070 收到 Head 資訊 {Count 2} {Type C } 
[1504] 2015/02/16 15:26:14.072 收到 Head 資訊 {Count 2} {Type C } 
[1504] 2015/02/16 15:26:14.074 收到 Head 資訊 {Count 2} {Type C } 
[1504] 2015/02/16 15:26:14.076 收到 Head 資訊 {Count 2} {Type D } 
[1504] 2015/02/16 15:26:14.078 收到 Head 資訊 {Count 2} {Type D } 
[1504] 2015/02/16 15:26:14.080 收到 Head 資訊 {Count 2} {Type D } 
[1504] 2015/02/16 15:26:14.082 收到 Head 資訊 {Count 2} {Type C } 
[1504] 2015/02/16 15:26:14.083 收到 Head 資訊 {Count 2} {Type C } 
[1504] 2015/02/16 15:26:14.085 收到 Head 資訊 {Count 2} {Type C } 
[1504] 2015/02/16 15:26:14.087 收到 Head 資訊 {Count 2} {Type C } 
[1504] 2015/02/16 15:26:14.089 收到 Head 資訊 {Count 2} {Type C } 
[1504] 2015/02/16 15:26:14.091 收到 Head 資訊 {Count 2} {Type C } 
[1504] 2015/02/16 15:26:14.093 收到 Head 資訊 {Count 2} {Type C } 
[1504] 2015/02/16 15:26:14.095 收到 Head 資訊 {Count 2} {Type C } 
[1504] 2015/02/16 15:26:14.097 收到 Head 資訊 {Count 2} {Type C } 
[1504] 2015/02/16 15:26:14.099 收到 Head 資訊 {Count 2} {Type C } 
[1504] 2015/02/16 15:26:14.101 收到 Head 資訊 {Count 2} {Type C } 
[1504] 2015/02/16 15:26:14.103 收到 Head 資訊 {Count 2} {Type C } 
[1504] 2015/02/16 15:26:14.105 收到 Head 資訊 {Count 2} {Type C } 
[1504] 2015/02/16 15:26:14.107 收到 Head 資訊 {Count 2} {Type C } 
[1504] 2015/02/16 15:26:14.109 收到 Head 資訊 {Count 2} {Type C } 
[1504] 2015/02/16 15:26:14.111 收到 Head 資訊 {Count 2} {Type C } 
[1504] 2015/02/16 15:26:14.113 收到 Head 資訊 {Count 2} {Type C } 
[1504] 2015/02/16 15:26:14.115 收到 Head 資訊 {Count 2} {Type C } 
[1504] 2015/02/16 15:26:14.117 收到 Head 資訊 {Count 2} {Type C } 
[1504] 2015/02/16 15:26:14.119 收到 Head 資訊 {Count 2} {Type C } 
[1504] 2015/02/16 15:26:14.121 收到 Head 資訊 {Count 2} {Type C } 
[1504] 2015/02/16 15:26:14.123 收到 Head 資訊 {Count 2} {Type C } 
[1504] 2015/02/16 15:26:14.125 收到 Head 資訊 {Count 2} {Type C } 
[1504] 2015/02/16 15:26:14.127 收到 Head 資訊 {Count 2} {Type C } 
[1504] 2015/02/16 15:26:14.129 收到 Head 資訊 {Count 2} {Type C } 
[1504] 2015/02/16 15:26:14.130 收到 Head 資訊 {Count 2} {Type C } 
[1504] 2015/02/16 15:26:14.132 收到 Head 資訊 {Count 2} {Type C } 
[1504] 2015/02/16 15:26:14.135 收到 Head 資訊 {Count 2} {Type C } 
[1504] 2015/02/16 15:26:14.136 收到 Head 資訊 {Count 2} {Type C } 
[1504] 2015/02/16 15:26:14.138 收到 Head 資訊 {Count 2} {Type C } 
[1504] 2015/02/16 15:26:14.140 收到 Head 資訊 {Count 2} {Type C } 
[1504] 2015/02/16 15:26:14.142 收到 Head 資訊 {Count 2} {Type C } 
[1504] 2015/02/16 15:26:14.144 收到 Head 資訊 {Count 2} {Type C } 
[1504] 2015/02/16 15:26:14.146 收到 Head 資訊 {Count 2} {Type C } 
[1504] 2015/02/16 15:26:14.148 收到 Head 資訊 {Count 2} {Type C } 
[1504] 2015/02/16 15:26:14.150 收到 Head 資訊 {Count 2} {Type C } 
[1504] 2015/02/16 15:26:14.152 收到 Head 資訊 {Count 2} {Type B } 
[1504] 2015/02/16 15:27:12.698 連線確認 E122828927 (21,21)
[1504] 2015/02/16 15:28:12.712 連線確認 E122828927 (21,21)
[1504] 2015/02/16 15:29:12.725 連線確認 E122828927 (21,21)
[1504] 2015/02/16 15:30:12.740 連線確認 E122828927 (21,21)
[1504] 2015/02/16 15:31:12.752 連線確認 E122828927 (21,21)
[1504] 2015/02/16 15:31:13.800 收到 Head 資訊 {Count 2} {Type B } 
[1504] 2015/02/16 15:31:21.721 收到 Head 資訊 {Count 2} {Type C } 
[1504] 2015/02/16 15:31:31.733 收到 Head 資訊 {Count 2} {Type C } 
[1504] 2015/02/16 15:31:41.743 收到 Head 資訊 {Count 2} {Type C } 
[1504] 2015/02/16 15:32:12.767 連線確認 E122828927 (21,21)
[1504] 2015/02/16 15:33:12.780 連線確認 E122828927 (21,21)
[1504] 2015/02/16 15:34:12.794 連線確認 E122828927 (21,21)
[1504] 2015/02/16 15:34:51.604 收到 Head 資訊 {Count 2} {Type C } 
[1504] 2015/02/16 15:35:01.595 收到 Head 資訊 {Count 2} {Type C } 
[1504] 2015/02/16 15:35:12.807 連線確認 E122828927 (21,21)
[1504] 2015/02/16 15:36:12.820 連線確認 E122828927 (21,21)
[1504] 2015/02/16 15:36:14.778 收到 Head 資訊 {Count 2} {Type B } 
[1504] 2015/02/16 15:37:12.834 連線確認 E122828927 (21,21)
[1504] 2015/02/16 15:38:12.848 連線確認 E122828927 (21,21)
[1504] 2015/02/16 15:39:12.861 連線確認 E122828927 (21,21)
[1504] 2015/02/16 15:40:12.876 連線確認 E122828927 (21,21)
[1504] 2015/02/16 15:41:12.889 連線確認 E122828927 (21,21)
[1504] 2015/02/16 15:41:15.784 收到 Head 資訊 {Count 2} {Type B } 
[1504] 2015/02/16 15:42:12.902 連線確認 E122828927 (21,21)
[1504] 2015/02/16 15:43:12.916 連線確認 E122828927 (21,21)
[1504] 2015/02/16 15:44:12.929 連線確認 E122828927 (21,21)
[1504] 2015/02/16 15:45:12.943 連線確認 E122828927 (21,21)
[1504] 2015/02/16 15:46:12.956 連線確認 E122828927 (21,21)
[1504] 2015/02/16 15:46:16.798 收到 Head 資訊 {Count 2} {Type B } 
[1504] 2015/02/16 15:47:12.970 連線確認 E122828927 (21,21)
[1504] 2015/02/16 15:48:12.984 連線確認 E122828927 (21,21)
[1504] 2015/02/16 15:49:12.997 連線確認 E122828927 (21,21)
[1504] 2015/02/16 15:50:13.010 連線確認 E122828927 (21,21)
[1504] 2015/02/16 15:51:13.026 連線確認 E122828927 (21,21)
[1504] 2015/02/16 15:51:17.776 收到 Head 資訊 {Count 2} {Type B } 
[1504] 2015/02/16 15:51:21.884 收到 Head 資訊 {Count 2} {Type C } 
[1504] 2015/02/16 15:51:31.860 收到 Head 資訊 {Count 2} {Type C } 
[1504] 2015/02/16 15:51:41.861 收到 Head 資訊 {Count 2} {Type C } 
[1504] 2015/02/16 15:51:51.886 收到 Head 資訊 {Count 2} {Type C } 
[1504] 2015/02/16 15:52:01.874 收到 Head 資訊 {Count 2} {Type C } 
[1504] 2015/02/16 15:52:13.037 連線確認 E122828927 (21,21)
[1504] 2015/02/16 15:53:13.051 連線確認 E122828927 (21,21)
[1504] 2015/02/16 15:54:13.066 連線確認 E122828927 (21,21)
[1504] 2015/02/16 15:54:51.911 收到 Head 資訊 {Count 2} {Type C } 
[1504] 2015/02/16 15:55:13.079 連線確認 E122828927 (21,21)
[1504] 2015/02/16 15:56:13.093 連線確認 E122828927 (21,21)
[1504] 2015/02/16 15:56:18.925 收到 Head 資訊 {Count 2} {Type B } 
[1504] 2015/02/16 15:57:13.106 連線確認 E122828927 (21,21)
[1504] 2015/02/16 15:58:13.120 連線確認 E122828927 (21,21)
[1504] 2015/02/16 15:59:13.133 連線確認 E122828927 (21,21)
[1504] 2015/02/16 16:00:13.146 連線確認 E122828927 (21,21)
[1504] 2015/02/16 16:01:13.160 連線確認 E122828927 (21,21)
[1504] 2015/02/16 16:01:19.936 收到 Head 資訊 {Count 2} {Type B } 
[1504] 2015/02/16 16:02:13.174 連線確認 E122828927 (21,21)
[1504] 2015/02/16 16:03:13.188 連線確認 E122828927 (21,21)
[1504] 2015/02/16 16:04:13.201 連線確認 E122828927 (21,21)
[1504] 2015/02/16 16:05:13.216 連線確認 E122828927 (21,21)
[1504] 2015/02/16 16:06:13.228 連線確認 E122828927 (21,21)
[1504] 2015/02/16 16:06:20.912 收到 Head 資訊 {Count 2} {Type B } 
[1504] 2015/02/16 16:07:13.242 連線確認 E122828927 (21,21)
[1504] 2015/02/16 16:08:13.256 連線確認 E122828927 (21,21)
[1504] 2015/02/16 16:09:13.269 連線確認 E122828927 (21,21)
[1504] 2015/02/16 16:10:13.282 連線確認 E122828927 (21,21)
[1504] 2015/02/16 16:11:13.296 連線確認 E122828927 (21,21)
[1504] 2015/02/16 16:11:21.798 收到 Head 資訊 {Count 2} {Type B } 
[1504] 2015/02/16 16:11:52.044 收到 Head 資訊 {Count 2} {Type C } 
[1504] 2015/02/16 16:12:13.310 連線確認 E122828927 (21,21)
[1504] 2015/02/16 16:13:13.323 連線確認 E122828927 (21,21)
[1504] 2015/02/16 16:14:13.337 連線確認 E122828927 (21,21)
[1504] 2015/02/16 16:15:13.351 連線確認 E122828927 (21,21)
[1504] 2015/02/16 16:16:13.364 連線確認 E122828927 (21,21)
[1504] 2015/02/16 16:16:22.790 收到 Head 資訊 {Count 2} {Type B } 
[1504] 2015/02/16 16:17:13.378 連線確認 E122828927 (21,21)
[1504] 2015/02/16 16:18:13.392 連線確認 E122828927 (21,21)
[1504] 2015/02/16 16:19:13.405 連線確認 E122828927 (21,21)
[1504] 2015/02/16 16:20:13.418 連線確認 E122828927 (21,21)
[1504] 2015/02/16 16:21:13.432 連線確認 E122828927 (21,21)
[1504] 2015/02/16 16:21:23.780 收到 Head 資訊 {Count 2} {Type B } 
[1504] 2015/02/16 16:22:13.446 連線確認 E122828927 (21,21)
[1504] 2015/02/16 16:23:13.459 連線確認 E122828927 (21,21)
[1504] 2015/02/16 16:24:13.472 連線確認 E122828927 (21,21)
[1504] 2015/02/16 16:25:13.487 連線確認 E122828927 (21,21)
[1504] 2015/02/16 16:26:13.501 連線確認 E122828927 (21,21)
[1504] 2015/02/16 16:26:24.319 收到 Head 資訊 {Count 2} {Type B } 
[1504] 2015/02/16 16:27:13.513 連線確認 E122828927 (21,21)
[1504] 2015/02/16 16:28:13.528 連線確認 E122828927 (21,21)
[1504] 2015/02/16 16:29:13.540 連線確認 E122828927 (21,21)
[1504] 2015/02/16 16:30:13.553 連線確認 E122828927 (21,21)
[1504] 2015/02/16 16:31:13.569 連線確認 E122828927 (21,21)
[1504] 2015/02/16 16:31:25.313 收到 Head 資訊 {Count 2} {Type B } 
[1504] 2015/02/16 16:31:51.767 收到 Head 資訊 {Count 2} {Type C } 
[1504] 2015/02/16 16:32:01.763 收到 Head 資訊 {Count 2} {Type C } 
[1504] 2015/02/16 16:32:11.761 收到 Head 資訊 {Count 2} {Type C } 
[1504] 2015/02/16 16:32:13.581 連線確認 E122828927 (21,21)
[1504] 2015/02/16 16:32:21.768 收到 Head 資訊 {Count 2} {Type C } 
[1504] 2015/02/16 16:32:31.745 收到 Head 資訊 {Count 2} {Type C } 
[1504] 2015/02/16 16:32:41.748 收到 Head 資訊 {Count 2} {Type C } 
[1504] 2015/02/16 16:32:51.764 收到 Head 資訊 {Count 2} {Type C } 
[1504] 2015/02/16 16:33:01.765 收到 Head 資訊 {Count 2} {Type C } 
[1504] 2015/02/16 16:33:11.754 收到 Head 資訊 {Count 2} {Type C } 
[1504] 2015/02/16 16:33:13.596 連線確認 E122828927 (21,21)
[1504] 2015/02/16 16:33:21.745 收到 Head 資訊 {Count 2} {Type C } 
[1504] 2015/02/16 16:34:13.609 連線確認 E122828927 (21,21)
[1504] 2015/02/16 16:35:13.622 連線確認 E122828927 (21,21)
[1504] 2015/02/16 16:36:13.635 連線確認 E122828927 (21,21)
[1504] 2015/02/16 16:36:26.310 收到 Head 資訊 {Count 2} {Type B } 
[1504] 2015/02/16 16:37:13.649 連線確認 E122828927 (21,21)
[1504] 2015/02/16 16:38:13.663 連線確認 E122828927 (21,21)
[1504] 2015/02/16 16:39:13.676 連線確認 E122828927 (21,21)
[1504] 2015/02/16 16:40:13.691 連線確認 E122828927 (21,21)
[1504] 2015/02/16 16:41:13.703 連線確認 E122828927 (21,21)
[1504] 2015/02/16 16:41:27.302 收到 Head 資訊 {Count 2} {Type B } 
[1504] 2015/02/16 16:42:13.717 連線確認 E122828927 (21,21)
[1504] 2015/02/16 16:43:13.732 連線確認 E122828927 (21,21)
[1504] 2015/02/16 16:44:13.768 連線確認 E122828927 (21,21)
[1504] 2015/02/16 16:45:13.758 連線確認 E122828927 (21,21)
[1504] 2015/02/16 16:46:13.772 連線確認 E122828927 (21,21)
[1504] 2015/02/16 16:46:28.293 收到 Head 資訊 {Count 2} {Type B } 
[1504] 2015/02/16 16:47:13.785 連線確認 E122828927 (21,21)
[1504] 2015/02/16 16:48:13.800 連線確認 E122828927 (21,21)
[1504] 2015/02/16 16:49:13.813 連線確認 E122828927 (21,21)
[1504] 2015/02/16 16:50:13.826 連線確認 E122828927 (21,21)
[1504] 2015/02/16 16:51:13.839 連線確認 E122828927 (21,21)
[1504] 2015/02/16 16:51:29.283 收到 Head 資訊 {Count 2} {Type B } 
[1504] 2015/02/16 16:52:01.927 收到 Head 資訊 {Count 2} {Type C } 
[1504] 2015/02/16 16:52:11.932 收到 Head 資訊 {Count 2} {Type C } 
[1504] 2015/02/16 16:52:13.853 連線確認 E122828927 (21,21)
[1504] 2015/02/16 16:52:21.927 收到 Head 資訊 {Count 2} {Type C } 
[1504] 2015/02/16 16:52:31.918 收到 Head 資訊 {Count 2} {Type C } 
[1504] 2015/02/16 16:52:41.920 收到 Head 資訊 {Count 2} {Type C } 
[1504] 2015/02/16 16:52:51.923 收到 Head 資訊 {Count 2} {Type C } 
[1504] 2015/02/16 16:53:13.867 連線確認 E122828927 (21,21)
[1504] 2015/02/16 16:54:13.879 連線確認 E122828927 (21,21)
[1504] 2015/02/16 16:55:13.895 連線確認 E122828927 (21,21)
[1504] 2015/02/16 16:56:13.909 連線確認 E122828927 (21,21)
[1504] 2015/02/16 16:56:31.689 收到 Head 資訊 {Count 2} {Type B } 
[1504] 2015/02/16 16:57:13.921 連線確認 E122828927 (21,21)
[1504] 2015/02/16 16:58:13.934 連線確認 E122828927 (21,21)
[1504] 2015/02/16 16:59:13.947 連線確認 E122828927 (21,21)
[1504] 2015/02/16 17:00:13.962 連線確認 E122828927 (21,21)
[1504] 2015/02/16 17:01:13.975 連線確認 E122828927 (21,21)
[1504] 2015/02/16 17:01:33.333 收到 Head 資訊 {Count 2} {Type B } 
[1504] 2015/02/16 17:02:13.990 連線確認 E122828927 (21,21)
[1504] 2015/02/16 17:03:14.003 連線確認 E122828927 (21,21)
[1504] 2015/02/16 17:04:14.015 連線確認 E122828927 (21,21)
[1504] 2015/02/16 17:05:14.030 連線確認 E122828927 (21,21)
[1504] 2015/02/16 17:06:14.043 連線確認 E122828927 (21,21)
[1504] 2015/02/16 17:06:51.577 收到 Head 資訊 {Count 2} {Type B } 
[1504] 2015/02/16 17:07:14.070 連線確認 E122828927 (21,21)
[1504] 2015/02/16 17:08:14.070 連線確認 E122828927 (21,21)
[1504] 2015/02/16 17:09:14.084 連線確認 E122828927 (21,21)
[1504] 2015/02/16 17:09:34.114 收到 Head 資訊 {Count 2} {Type C } 
[1504] 2015/02/16 17:09:34.395 收到 Head 資訊 {Count 2} {Type C } 
[1504] 2015/02/16 17:10:14.097 連線確認 E122828927 (21,21)
[1504] 2015/02/16 17:11:19.530 連線確認 E122828927 (21,21)
[1504] 2015/02/16 17:11:34.218 收到 Head 資訊 {Count 2} {Type B } 
[1504] 2015/02/16 17:12:19.507 連線確認 E122828927 (21,21)
[1504] 2015/02/16 17:13:19.521 連線確認 E122828927 (21,21)
[1504] 2015/02/16 17:14:19.535 連線確認 E122828927 (21,21)
[1504] 2015/02/16 17:15:19.548 連線確認 E122828927 (21,21)
[1504] 2015/02/16 17:16:19.562 連線確認 E122828927 (21,21)
[1504] 2015/02/16 17:16:35.192 收到 Head 資訊 {Count 2} {Type B } 
[1504] 2015/02/16 17:17:19.575 連線確認 E122828927 (21,21)
[1504] 2015/02/16 17:18:19.589 連線確認 E122828927 (21,21)
[1504] 2015/02/16 17:19:19.602 連線確認 E122828927 (21,21)
[1504] 2015/02/16 17:20:19.616 連線確認 E122828927 (21,21)
[1504] 2015/02/16 17:21:19.629 連線確認 E122828927 (21,21)
[1504] 2015/02/16 17:21:36.204 收到 Head 資訊 {Count 2} {Type B } 
[1504] 2015/02/16 17:22:19.643 連線確認 E122828927 (21,21)
[1504] 2015/02/16 17:23:19.656 連線確認 E122828927 (21,21)
[1504] 2015/02/16 17:24:19.669 連線確認 E122828927 (21,21)
[1504] 2015/02/16 17:25:19.684 連線確認 E122828927 (21,21)
[1504] 2015/02/16 17:26:19.698 連線確認 E122828927 (21,21)
[1504] 2015/02/16 17:26:23.392 收到 Head 資訊 {Count 2} {Type C } 
[1504] 2015/02/16 17:26:37.733 收到 Head 資訊 {Count 2} {Type C } 
[1504] 2015/02/16 17:26:55.764 收到 Head 資訊 {Count 2} {Type B } 
[1504] 2015/02/16 17:26:56.014 收到 Head 資訊 {Count 2} {Type C } 
[1504] 2015/02/16 17:26:56.014 收到 Head 資訊 {Count 2} {Type C } 
[1504] 2015/02/16 17:27:02.526 收到 Head 資訊 {Count 2} {Type C } 
[1504] 2015/02/16 17:27:13.283 收到 Head 資訊 {Count 2} {Type C } 
[1504] 2015/02/16 17:27:19.711 連線確認 E122828927 (21,21)
[1504] 2015/02/16 17:27:22.526 收到 Head 資訊 {Count 2} {Type C } 
[1504] 2015/02/16 17:27:32.541 收到 Head 資訊 {Count 2} {Type C } 
[1504] 2015/02/16 17:27:44.775 收到 Head 資訊 {Count 2} {Type C } 
[1504] 2015/02/16 17:28:13.253 收到 Head 資訊 {Count 2} {Type C } 
[1504] 2015/02/16 17:28:13.531 收到 Head 資訊 {Count 2} {Type C } 
[1504] 2015/02/16 17:28:13.533 收到 Head 資訊 {Count 2} {Type C } 
[1504] 2015/02/16 17:28:19.725 連線確認 E122828927 (21,21)
[1504] 2015/02/16 17:28:22.525 收到 Head 資訊 {Count 2} {Type C } 
[1504] 2015/02/16 17:28:34.873 收到 Head 資訊 {Count 2} {Type C } 
[1504] 2015/02/16 17:28:45.655 收到 Head 資訊 {Count 2} {Type C } 
[1504] 2015/02/16 17:29:19.738 連線確認 E122828927 (21,21)
[1504] 2015/02/16 17:30:19.751 連線確認 E122828927 (21,21)
[1504] 2015/02/16 17:31:19.765 連線確認 E122828927 (21,21)
[1504] 2015/02/16 17:31:43.512 收到 Head 資訊 {Count 2} {Type B } 
[1504] 2015/02/16 17:32:19.779 連線確認 E122828927 (21,21)
[1504] 2015/02/16 17:33:19.793 連線確認 E122828927 (21,21)
[1504] 2015/02/16 17:34:19.805 連線確認 E122828927 (21,21)
[1504] 2015/02/16 17:35:19.819 連線確認 E122828927 (21,21)
[1504] 2015/02/16 17:36:19.833 連線確認 E122828927 (21,21)
[1504] 2015/02/16 17:36:38.342 收到 Head 資訊 {Count 2} {Type B } 
[1504] 2015/02/16 17:37:19.846 連線確認 E122828927 (21,21)
[1504] 2015/02/16 17:38:19.861 連線確認 E122828927 (21,21)
[1504] 2015/02/16 17:39:19.874 連線確認 E122828927 (21,21)
[1504] 2015/02/16 17:40:19.888 連線確認 E122828927 (21,21)
[1504] 2015/02/16 17:41:19.901 連線確認 E122828927 (21,21)
[1504] 2015/02/16 17:41:39.266 收到 Head 資訊 {Count 2} {Type B } 
[1504] 2015/02/16 17:42:19.914 連線確認 E122828927 (21,21)
[1504] 2015/02/16 17:43:19.928 連線確認 E122828927 (21,21)
[1504] 2015/02/16 17:43:33.520 收到 Head 資訊 {Count 2} {Type C } 
[1504] 2015/02/16 17:43:43.529 收到 Head 資訊 {Count 2} {Type C } 
[1504] 2015/02/16 17:43:53.537 收到 Head 資訊 {Count 2} {Type C } 
[1504] 2015/02/16 17:44:03.542 收到 Head 資訊 {Count 2} {Type C } 
[1504] 2015/02/16 17:44:13.527 收到 Head 資訊 {Count 2} {Type C } 
[1504] 2015/02/16 17:44:19.942 連線確認 E122828927 (21,21)
[1504] 2015/02/16 17:45:19.955 連線確認 E122828927 (21,21)
[1504] 2015/02/16 17:46:19.969 連線確認 E122828927 (21,21)
[1504] 2015/02/16 17:46:41.056 收到 Head 資訊 {Count 2} {Type B } 
[1504] 2015/02/16 17:47:19.983 連線確認 E122828927 (21,21)
[1504] 2015/02/16 17:48:19.996 連線確認 E122828927 (21,21)
[1504] 2015/02/16 17:49:20.010 連線確認 E122828927 (21,21)
[1504] 2015/02/16 17:50:20.025 連線確認 E122828927 (21,21)
[1504] 2015/02/16 17:51:20.036 連線確認 E122828927 (21,21)
[1504] 2015/02/16 17:51:42.044 收到 Head 資訊 {Count 2} {Type B } 
[1504] 2015/02/16 17:52:20.051 連線確認 E122828927 (21,21)
[1504] 2015/02/16 17:53:20.065 連線確認 E122828927 (21,21)
[1504] 2015/02/16 17:54:20.077 連線確認 E122828927 (21,21)
[1504] 2015/02/16 17:55:20.092 連線確認 E122828927 (21,21)
[1504] 2015/02/16 17:56:20.104 連線確認 E122828927 (21,21)
[1504] 2015/02/16 17:56:43.037 收到 Head 資訊 {Count 2} {Type B } 
[1504] 2015/02/16 17:57:20.118 連線確認 E122828927 (21,21)
[1504] 2015/02/16 17:58:20.132 連線確認 E122828927 (21,21)
[1504] 2015/02/16 17:59:20.145 連線確認 E122828927 (21,21)
[1504] 2015/02/16 18:00:20.159 連線確認 E122828927 (21,21)
[1504] 2015/02/16 18:01:20.173 連線確認 E122828927 (21,21)
[1504] 2015/02/16 18:01:44.024 收到 Head 資訊 {Count 2} {Type B } 
[1504] 2015/02/16 18:02:20.186 連線確認 E122828927 (21,21)
[1504] 2015/02/16 18:03:20.199 連線確認 E122828927 (21,21)
[1504] 2015/02/16 18:04:20.213 連線確認 E122828927 (21,21)
[1504] 2015/02/16 18:05:20.226 連線確認 E122828927 (21,21)
[1504] 2015/02/16 18:06:20.268 連線確認 E122828927 (21,21)
[1504] 2015/02/16 18:06:45.031 收到 Head 資訊 {Count 2} {Type B } 
[1504] 2015/02/16 18:07:20.254 連線確認 E122828927 (21,21)
[1504] 2015/02/16 18:08:20.268 連線確認 E122828927 (21,21)
[1504] 2015/02/16 18:09:20.281 連線確認 E122828927 (21,21)
[1504] 2015/02/16 18:10:20.295 連線確認 E122828927 (21,21)
[1504] 2015/02/16 18:11:20.308 連線確認 E122828927 (21,21)
[1504] 2015/02/16 18:11:45.762 收到 Head 資訊 {Count 2} {Type B } 
[1504] 2015/02/16 18:12:20.323 連線確認 E122828927 (21,21)
[1504] 2015/02/16 18:13:20.335 連線確認 E122828927 (21,21)
[1504] 2015/02/16 18:14:20.349 連線確認 E122828927 (21,21)
[1504] 2015/02/16 18:15:20.362 連線確認 E122828927 (21,21)
[1504] 2015/02/16 18:16:20.377 連線確認 E122828927 (21,21)
[1504] 2015/02/16 18:16:46.751 收到 Head 資訊 {Count 2} {Type B } 
[1504] 2015/02/16 18:17:20.389 連線確認 E122828927 (21,21)
[1504] 2015/02/16 18:17:53.798 收到 Head 資訊 {Count 2} {Type C } 
[1504] 2015/02/16 18:18:03.809 收到 Head 資訊 {Count 2} {Type C } 
[1504] 2015/02/16 18:18:13.794 收到 Head 資訊 {Count 2} {Type C } 
[1504] 2015/02/16 18:18:20.403 連線確認 E122828927 (21,21)
[1504] 2015/02/16 18:18:23.791 收到 Head 資訊 {Count 2} {Type C } 
[1504] 2015/02/16 18:18:33.799 收到 Head 資訊 {Count 2} {Type C } 
[1504] 2015/02/16 18:18:43.793 收到 Head 資訊 {Count 2} {Type C } 
[1504] 2015/02/16 18:18:53.796 收到 Head 資訊 {Count 2} {Type C } 
[1504] 2015/02/16 18:19:03.802 收到 Head 資訊 {Count 2} {Type C } 
[1504] 2015/02/16 18:19:13.801 收到 Head 資訊 {Count 2} {Type C } 
[1504] 2015/02/16 18:19:20.417 連線確認 E122828927 (21,21)
[1504] 2015/02/16 18:19:23.818 收到 Head 資訊 {Count 2} {Type C } 
[1504] 2015/02/16 18:19:33.812 收到 Head 資訊 {Count 2} {Type C } 
[1504] 2015/02/16 18:19:43.812 收到 Head 資訊 {Count 2} {Type C } 
[1504] 2015/02/16 18:19:53.797 收到 Head 資訊 {Count 2} {Type C } 
[1504] 2015/02/16 18:20:20.431 連線確認 E122828927 (21,21)
[1504] 2015/02/16 18:21:20.444 連線確認 E122828927 (21,21)
[1504] 2015/02/16 18:21:47.749 收到 Head 資訊 {Count 2} {Type B } 
[1504] 2015/02/16 18:22:20.457 連線確認 E122828927 (21,21)
[1504] 2015/02/16 18:23:20.472 連線確認 E122828927 (21,21)
[1504] 2015/02/16 18:24:20.486 連線確認 E122828927 (21,21)
[1504] 2015/02/16 18:25:20.499 連線確認 E122828927 (21,21)
[1504] 2015/02/16 18:26:20.513 連線確認 E122828927 (21,21)
[1504] 2015/02/16 18:26:48.892 收到 Head 資訊 {Count 2} {Type B } 
[1504] 2015/02/16 18:27:20.525 連線確認 E122828927 (21,21)
[1504] 2015/02/16 18:28:20.540 連線確認 E122828927 (21,21)
[1504] 2015/02/16 18:29:20.553 連線確認 E122828927 (21,21)
[1504] 2015/02/16 18:30:20.567 連線確認 E122828927 (21,21)
[1504] 2015/02/16 18:31:20.581 連線確認 E122828927 (21,21)
[1504] 2015/02/16 18:31:49.902 收到 Head 資訊 {Count 2} {Type B } 
[1504] 2015/02/16 18:32:20.594 連線確認 E122828927 (21,21)
[1504] 2015/02/16 18:33:20.607 連線確認 E122828927 (21,21)
[1504] 2015/02/16 18:34:20.621 連線確認 E122828927 (21,21)
[1504] 2015/02/16 18:35:04.220 收到 Head 資訊 {Count 2} {Type C } 
[1504] 2015/02/16 18:35:14.223 收到 Head 資訊 {Count 2} {Type C } 
[1504] 2015/02/16 18:35:20.634 連線確認 E122828927 (21,21)
[1504] 2015/02/16 18:35:24.223 收到 Head 資訊 {Count 2} {Type C } 
[1504] 2015/02/16 18:35:34.227 收到 Head 資訊 {Count 2} {Type C } 
[1504] 2015/02/16 18:35:44.224 收到 Head 資訊 {Count 2} {Type C } 
[1504] 2015/02/16 18:35:54.228 收到 Head 資訊 {Count 2} {Type C } 
[1504] 2015/02/16 18:36:04.215 收到 Head 資訊 {Count 2} {Type C } 
[1504] 2015/02/16 18:36:20.648 連線確認 E122828927 (21,21)
[1504] 2015/02/16 18:36:50.881 收到 Head 資訊 {Count 2} {Type B } 
[1504] 2015/02/16 18:37:20.661 連線確認 E122828927 (21,21)
[1504] 2015/02/16 18:38:20.675 連線確認 E122828927 (21,21)
[1504] 2015/02/16 18:39:20.689 連線確認 E122828927 (21,21)
[1504] 2015/02/16 18:40:20.702 連線確認 E122828927 (21,21)
[1504] 2015/02/16 18:41:20.716 連線確認 E122828927 (21,21)
[1504] 2015/02/16 18:41:51.897 收到 Head 資訊 {Count 2} {Type B } 
[1504] 2015/02/16 18:42:20.729 連線確認 E122828927 (21,21)
[1504] 2015/02/16 18:43:20.743 連線確認 E122828927 (21,21)
[1504] 2015/02/16 18:44:20.757 連線確認 E122828927 (21,21)
[1504] 2015/02/16 18:45:20.771 連線確認 E122828927 (21,21)
[1504] 2015/02/16 18:46:20.784 連線確認 E122828927 (21,21)
[1504] 2015/02/16 18:46:52.905 收到 Head 資訊 {Count 2} {Type B } 
[1504] 2015/02/16 18:47:20.797 連線確認 E122828927 (21,21)
[1504] 2015/02/16 18:48:20.812 連線確認 E122828927 (21,21)
[1504] 2015/02/16 18:49:20.824 連線確認 E122828927 (21,21)
[1504] 2015/02/16 18:50:20.837 連線確認 E122828927 (21,21)
[1504] 2015/02/16 18:51:20.853 連線確認 E122828927 (21,21)
[1504] 2015/02/16 18:51:53.908 收到 Head 資訊 {Count 2} {Type B } 
[1504] 2015/02/16 18:52:14.512 收到 Head 資訊 {Count 2} {Type C } 
[1504] 2015/02/16 18:52:20.866 連線確認 E122828927 (21,21)
[1504] 2015/02/16 18:53:20.880 連線確認 E122828927 (21,21)
[1504] 2015/02/16 18:54:20.893 連線確認 E122828927 (21,21)
[1504] 2015/02/16 18:55:20.906 連線確認 E122828927 (21,21)
[1504] 2015/02/16 18:56:20.920 連線確認 E122828927 (21,21)
[1504] 2015/02/16 18:56:54.560 收到 Head 資訊 {Count 2} {Type B } 
[1504] 2015/02/16 18:57:20.934 連線確認 E122828927 (21,21)
[1504] 2015/02/16 18:58:20.947 連線確認 E122828927 (21,21)
[1504] 2015/02/16 18:59:20.960 連線確認 E122828927 (21,21)
[1504] 2015/02/16 19:00:20.974 連線確認 E122828927 (21,21)
[1504] 2015/02/16 19:01:20.988 連線確認 E122828927 (21,21)
[1504] 2015/02/16 19:01:55.541 收到 Head 資訊 {Count 2} {Type B } 
[1504] 2015/02/16 19:02:21.001 連線確認 E122828927 (21,21)
[1504] 2015/02/16 19:03:21.016 連線確認 E122828927 (21,21)
[1504] 2015/02/16 19:04:21.030 連線確認 E122828927 (21,21)
[1504] 2015/02/16 19:05:21.043 連線確認 E122828927 (21,21)
[1504] 2015/02/16 19:06:21.056 連線確認 E122828927 (21,21)
[1504] 2015/02/16 19:06:56.557 收到 Head 資訊 {Count 2} {Type B } 
[1504] 2015/02/16 19:07:21.068 連線確認 E122828927 (21,21)
[1504] 2015/02/16 19:08:21.083 連線確認 E122828927 (21,21)
[1504] 2015/02/16 19:09:21.096 連線確認 E122828927 (21,21)
[1504] 2015/02/16 19:10:21.110 連線確認 E122828927 (21,21)
[1504] 2015/02/16 19:11:21.123 連線確認 E122828927 (21,21)
[1504] 2015/02/16 19:11:57.503 收到 Head 資訊 {Count 2} {Type B } 
[1504] 2015/02/16 19:12:21.137 連線確認 E122828927 (21,21)
[1504] 2015/02/16 19:13:21.150 連線確認 E122828927 (21,21)
[1504] 2015/02/16 19:14:21.165 連線確認 E122828927 (21,21)
[1504] 2015/02/16 19:15:21.179 連線確認 E122828927 (21,21)
[1504] 2015/02/16 19:16:21.191 連線確認 E122828927 (21,21)
[1504] 2015/02/16 19:16:58.502 收到 Head 資訊 {Count 2} {Type B } 
[1504] 2015/02/16 19:17:21.204 連線確認 E122828927 (21,21)
[1504] 2015/02/16 19:18:21.219 連線確認 E122828927 (21,21)
[1504] 2015/02/16 19:19:21.232 連線確認 E122828927 (21,21)
[1504] 2015/02/16 19:20:21.247 連線確認 E122828927 (21,21)
[1504] 2015/02/16 19:21:21.260 連線確認 E122828927 (21,21)
[1504] 2015/02/16 19:21:59.515 收到 Head 資訊 {Count 2} {Type B } 
[1504] 2015/02/16 19:22:21.274 連線確認 E122828927 (21,21)
[1504] 2015/02/16 19:23:21.286 連線確認 E122828927 (21,21)
[1504] 2015/02/16 19:24:21.300 連線確認 E122828927 (21,21)
[1504] 2015/02/16 19:25:21.314 連線確認 E122828927 (21,21)
[1504] 2015/02/16 19:26:21.327 連線確認 E122828927 (21,21)
[1504] 2015/02/16 19:27:00.000 收到 Head 資訊 {Count 2} {Type B } 
[1504] 2015/02/16 19:27:21.342 連線確認 E122828927 (21,21)
[1504] 2015/02/16 19:28:21.355 連線確認 E122828927 (21,21)
[1504] 2015/02/16 19:29:21.368 連線確認 E122828927 (21,21)
[1504] 2015/02/16 19:30:21.382 連線確認 E122828927 (21,21)
[1504] 2015/02/16 19:31:21.395 連線確認 E122828927 (21,21)
[1504] 2015/02/16 19:32:00.993 收到 Head 資訊 {Count 2} {Type B } 
[1504] 2015/02/16 19:32:21.409 連線確認 E122828927 (21,21)
[1504] 2015/02/16 19:33:21.422 連線確認 E122828927 (21,21)
[1504] 2015/02/16 19:34:21.436 連線確認 E122828927 (21,21)
[1504] 2015/02/16 19:35:21.450 連線確認 E122828927 (21,21)
[1504] 2015/02/16 19:36:21.463 連線確認 E122828927 (21,21)
[1504] 2015/02/16 19:37:01.978 收到 Head 資訊 {Count 2} {Type B } 
[1504] 2015/02/16 19:37:21.476 連線確認 E122828927 (21,21)
[1504] 2015/02/16 19:38:21.490 連線確認 E122828927 (21,21)
[1504] 2015/02/16 19:39:21.504 連線確認 E122828927 (21,21)
[1504] 2015/02/16 19:40:21.517 連線確認 E122828927 (21,21)
[1504] 2015/02/16 19:41:21.530 連線確認 E122828927 (21,21)
[1504] 2015/02/16 19:42:03.879 收到 Head 資訊 {Count 2} {Type B } 
[1504] 2015/02/16 19:42:21.545 連線確認 E122828927 (21,21)
[1504] 2015/02/16 19:43:21.558 連線確認 E122828927 (21,21)
[1504] 2015/02/16 19:44:21.571 連線確認 E122828927 (21,21)
[1504] 2015/02/16 19:45:21.586 連線確認 E122828927 (21,21)
[1504] 2015/02/16 19:46:21.599 連線確認 E122828927 (21,21)
[1504] 2015/02/16 19:47:04.876 收到 Head 資訊 {Count 2} {Type B } 
[1504] 2015/02/16 19:47:21.613 連線確認 E122828927 (21,21)
[1504] 2015/02/16 19:48:21.627 連線確認 E122828927 (21,21)
[1504] 2015/02/16 19:49:21.640 連線確認 E122828927 (21,21)
[1504] 2015/02/16 19:50:21.653 連線確認 E122828927 (21,21)
[1504] 2015/02/16 19:51:21.666 連線確認 E122828927 (21,21)
[1504] 2015/02/16 19:52:05.867 收到 Head 資訊 {Count 2} {Type B } 
[1504] 2015/02/16 19:52:21.681 連線確認 E122828927 (21,21)
[1504] 2015/02/16 19:53:21.694 連線確認 E122828927 (21,21)
[1504] 2015/02/16 19:54:21.708 連線確認 E122828927 (21,21)
[1504] 2015/02/16 19:55:21.721 連線確認 E122828927 (21,21)
[1504] 2015/02/16 19:56:21.735 連線確認 E122828927 (21,21)
[1504] 2015/02/16 19:57:06.367 收到 Head 資訊 {Count 2} {Type B } 
[1504] 2015/02/16 19:57:21.749 連線確認 E122828927 (21,21)
[1504] 2015/02/16 19:58:21.761 連線確認 E122828927 (21,21)
[1504] 2015/02/16 19:59:21.776 連線確認 E122828927 (21,21)
[1504] 2015/02/16 20:00:21.789 連線確認 E122828927 (21,21)
[1504] 2015/02/16 20:01:21.804 連線確認 E122828927 (21,21)
[1504] 2015/02/16 20:02:07.366 收到 Head 資訊 {Count 2} {Type B } 
[1504] 2015/02/16 20:02:21.816 連線確認 E122828927 (21,21)
[1504] 2015/02/16 20:03:21.830 連線確認 E122828927 (21,21)
[1504] 2015/02/16 20:04:21.845 連線確認 E122828927 (21,21)
[1504] 2015/02/16 20:05:21.856 連線確認 E122828927 (21,21)
[1504] 2015/02/16 20:06:21.871 連線確認 E122828927 (21,21)
[1504] 2015/02/16 20:07:08.376 收到 Head 資訊 {Count 2} {Type B } 
[1504] 2015/02/16 20:07:21.884 連線確認 E122828927 (21,21)
[1504] 2015/02/16 20:08:21.898 連線確認 E122828927 (21,21)
[1504] 2015/02/16 20:09:21.911 連線確認 E122828927 (21,21)
[1504] 2015/02/16 20:10:21.925 連線確認 E122828927 (21,21)
[1504] 2015/02/16 20:11:21.939 連線確認 E122828927 (21,21)
[1504] 2015/02/16 20:12:09.696 收到 Head 資訊 {Count 2} {Type B } 
[1504] 2015/02/16 20:12:21.952 連線確認 E122828927 (21,21)
[1504] 2015/02/16 20:13:21.967 連線確認 E122828927 (21,21)
[1504] 2015/02/16 20:14:21.979 連線確認 E122828927 (21,21)
[1504] 2015/02/16 20:15:21.993 連線確認 E122828927 (21,21)
[1504] 2015/02/16 20:16:22.007 連線確認 E122828927 (21,21)
[1504] 2015/02/16 20:17:10.682 收到 Head 資訊 {Count 2} {Type B } 
[1504] 2015/02/16 20:17:22.020 連線確認 E122828927 (21,21)
[1504] 2015/02/16 20:18:22.034 連線確認 E122828927 (21,21)
[1504] 2015/02/16 20:19:22.047 連線確認 E122828927 (21,21)
[1504] 2015/02/16 20:20:22.060 連線確認 E122828927 (21,21)
[1504] 2015/02/16 20:21:22.075 連線確認 E122828927 (21,21)
[1504] 2015/02/16 20:22:11.690 收到 Head 資訊 {Count 2} {Type B } 
[1504] 2015/02/16 20:22:22.088 連線確認 E122828927 (21,21)
[1504] 2015/02/16 20:23:22.102 連線確認 E122828927 (21,21)
[1504] 2015/02/16 20:24:22.135 連線確認 E122828927 (21,21)
[1504] 2015/02/16 20:25:22.130 連線確認 E122828927 (21,21)
[1504] 2015/02/16 20:26:22.143 連線確認 E122828927 (21,21)
[1504] 2015/02/16 20:27:12.104 收到 Head 資訊 {Count 2} {Type B } 
[1504] 2015/02/16 20:27:22.156 連線確認 E122828927 (21,21)
[1504] 2015/02/16 20:28:22.169 連線確認 E122828927 (21,21)
[1504] 2015/02/16 20:29:22.183 連線確認 E122828927 (21,21)
[1504] 2015/02/16 20:30:22.196 連線確認 E122828927 (21,21)
[1504] 2015/02/16 20:31:22.210 連線確認 E122828927 (21,21)
[1504] 2015/02/16 20:32:13.110 收到 Head 資訊 {Count 2} {Type B } 
[1504] 2015/02/16 20:32:22.223 連線確認 E122828927 (21,21)
[1504] 2015/02/16 20:33:22.238 連線確認 E122828927 (21,21)
[1504] 2015/02/16 20:34:22.251 連線確認 E122828927 (21,21)
[1504] 2015/02/16 20:35:22.266 連線確認 E122828927 (21,21)
[1504] 2015/02/16 20:36:22.278 連線確認 E122828927 (21,21)
[1504] 2015/02/16 20:37:14.092 收到 Head 資訊 {Count 2} {Type B } 
[1504] 2015/02/16 20:37:22.292 連線確認 E122828927 (21,21)
[1504] 2015/02/16 20:38:22.305 連線確認 E122828927 (21,21)
[1504] 2015/02/16 20:39:22.319 連線確認 E122828927 (21,21)
[1504] 2015/02/16 20:40:22.332 連線確認 E122828927 (21,21)
[1504] 2015/02/16 20:41:22.345 連線確認 E122828927 (21,21)
[1504] 2015/02/16 20:42:15.539 收到 Head 資訊 {Count 2} {Type B } 
[1504] 2015/02/16 20:42:22.360 連線確認 E122828927 (21,21)
[1504] 2015/02/16 20:43:22.374 連線確認 E122828927 (21,21)
[1504] 2015/02/16 20:44:22.386 連線確認 E122828927 (21,21)
[1504] 2015/02/16 20:45:22.401 連線確認 E122828927 (21,21)
[1504] 2015/02/16 20:46:22.414 連線確認 E122828927 (21,21)
[1504] 2015/02/16 20:47:16.546 收到 Head 資訊 {Count 2} {Type B } 
[1504] 2015/02/16 20:47:22.427 連線確認 E122828927 (21,21)
[1504] 2015/02/16 20:48:22.441 連線確認 E122828927 (21,21)
[1504] 2015/02/16 20:49:22.455 連線確認 E122828927 (21,21)
[1504] 2015/02/16 20:50:22.468 連線確認 E122828927 (21,21)
[1504] 2015/02/16 20:50:38.911 API ExitInstance 
