[5012] 2015/02/11 07:50:11.365 API InitInstance 
[5012] 2015/02/11 07:50:11.651 E122828927 連線 Code：0
[5012] 2015/02/11 07:50:12.654 收到 Head 資訊 {Count 2} {Type C } 
[5012] 2015/02/11 07:50:12.656 收到 Head 資訊 {Count 2} {Type C } 
[5012] 2015/02/11 07:50:12.658 收到 Head 資訊 {Count 2} {Type C } 
[5012] 2015/02/11 07:50:12.660 收到 Head 資訊 {Count 2} {Type C } 
[5012] 2015/02/11 07:50:12.662 收到 Head 資訊 {Count 2} {Type C } 
[5012] 2015/02/11 07:50:12.664 收到 Head 資訊 {Count 2} {Type C } 
[5012] 2015/02/11 07:50:12.665 收到 Head 資訊 {Count 2} {Type C } 
[5012] 2015/02/11 07:50:12.667 收到 Head 資訊 {Count 2} {Type C } 
[5012] 2015/02/11 07:50:12.669 收到 Head 資訊 {Count 2} {Type C } 
[5012] 2015/02/11 07:50:12.671 收到 Head 資訊 {Count 2} {Type C } 
[5012] 2015/02/11 07:50:12.673 收到 Head 資訊 {Count 2} {Type C } 
[5012] 2015/02/11 07:50:12.674 收到 Head 資訊 {Count 2} {Type C } 
[5012] 2015/02/11 07:50:12.676 收到 Head 資訊 {Count 2} {Type C } 
[5012] 2015/02/11 07:50:12.678 收到 Head 資訊 {Count 2} {Type C } 
[5012] 2015/02/11 07:50:12.680 收到 Head 資訊 {Count 2} {Type C } 
[5012] 2015/02/11 07:50:12.681 收到 Head 資訊 {Count 2} {Type C } 
[5012] 2015/02/11 07:50:12.683 收到 Head 資訊 {Count 2} {Type C } 
[5012] 2015/02/11 07:50:12.685 收到 Head 資訊 {Count 2} {Type C } 
[5012] 2015/02/11 07:50:12.687 收到 Head 資訊 {Count 2} {Type C } 
[5012] 2015/02/11 07:50:12.688 收到 Head 資訊 {Count 2} {Type C } 
[5012] 2015/02/11 07:50:12.690 收到 Head 資訊 {Count 2} {Type C } 
[5012] 2015/02/11 07:50:12.692 收到 Head 資訊 {Count 2} {Type C } 
[5012] 2015/02/11 07:50:12.694 收到 Head 資訊 {Count 2} {Type C } 
[5012] 2015/02/11 07:50:12.696 收到 Head 資訊 {Count 2} {Type C } 
[5012] 2015/02/11 07:50:12.697 收到 Head 資訊 {Count 2} {Type C } 
[5012] 2015/02/11 07:50:12.699 收到 Head 資訊 {Count 2} {Type C } 
[5012] 2015/02/11 07:50:12.701 收到 Head 資訊 {Count 2} {Type C } 
[5012] 2015/02/11 07:50:12.703 收到 Head 資訊 {Count 2} {Type C } 
[5012] 2015/02/11 07:50:12.704 收到 Head 資訊 {Count 2} {Type C } 
[5012] 2015/02/11 07:50:12.706 收到 Head 資訊 {Count 2} {Type C } 
[5012] 2015/02/11 07:50:12.708 收到 Head 資訊 {Count 2} {Type C } 
[5012] 2015/02/11 07:50:12.710 收到 Head 資訊 {Count 2} {Type C } 
[5012] 2015/02/11 07:50:12.712 收到 Head 資訊 {Count 2} {Type C } 
[5012] 2015/02/11 07:50:12.713 收到 Head 資訊 {Count 2} {Type C } 
[5012] 2015/02/11 07:50:12.715 收到 Head 資訊 {Count 2} {Type C } 
[5012] 2015/02/11 07:50:12.717 收到 Head 資訊 {Count 2} {Type C } 
[5012] 2015/02/11 07:50:12.718 收到 Head 資訊 {Count 2} {Type C } 
[5012] 2015/02/11 07:50:12.720 收到 Head 資訊 {Count 2} {Type C } 
[5012] 2015/02/11 07:50:12.722 收到 Head 資訊 {Count 2} {Type C } 
[5012] 2015/02/11 07:50:12.724 收到 Head 資訊 {Count 2} {Type C } 
[5012] 2015/02/11 07:50:12.725 收到 Head 資訊 {Count 2} {Type C } 
[5012] 2015/02/11 07:50:12.727 收到 Head 資訊 {Count 2} {Type C } 
[5012] 2015/02/11 07:50:12.729 收到 Head 資訊 {Count 2} {Type C } 
[5012] 2015/02/11 07:50:12.731 收到 Head 資訊 {Count 2} {Type C } 
[5012] 2015/02/11 07:50:12.732 收到 Head 資訊 {Count 2} {Type C } 
[5012] 2015/02/11 07:50:12.734 收到 Head 資訊 {Count 2} {Type C } 
[5012] 2015/02/11 07:50:12.736 收到 Head 資訊 {Count 2} {Type C } 
[5012] 2015/02/11 07:50:12.737 收到 Head 資訊 {Count 2} {Type C } 
[5012] 2015/02/11 07:50:12.739 收到 Head 資訊 {Count 2} {Type C } 
[5012] 2015/02/11 07:50:12.740 收到 Head 資訊 {Count 2} {Type C } 
[5012] 2015/02/11 07:50:12.742 收到 Head 資訊 {Count 2} {Type C } 
[5012] 2015/02/11 07:50:12.743 收到 Head 資訊 {Count 2} {Type C } 
[5012] 2015/02/11 07:50:12.745 收到 Head 資訊 {Count 2} {Type C } 
[5012] 2015/02/11 07:50:12.746 收到 Head 資訊 {Count 2} {Type C } 
[5012] 2015/02/11 07:50:12.748 收到 Head 資訊 {Count 2} {Type C } 
[5012] 2015/02/11 07:50:12.750 收到 Head 資訊 {Count 2} {Type C } 
[5012] 2015/02/11 07:50:12.751 收到 Head 資訊 {Count 2} {Type C } 
[5012] 2015/02/11 07:50:12.753 收到 Head 資訊 {Count 2} {Type C } 
[5012] 2015/02/11 07:50:12.754 收到 Head 資訊 {Count 2} {Type C } 
[5012] 2015/02/11 07:50:12.756 收到 Head 資訊 {Count 2} {Type C } 
[5012] 2015/02/11 07:50:12.757 收到 Head 資訊 {Count 2} {Type C } 
[5012] 2015/02/11 07:50:12.759 收到 Head 資訊 {Count 2} {Type C } 
[5012] 2015/02/11 07:50:12.760 收到 Head 資訊 {Count 2} {Type C } 
[5012] 2015/02/11 07:50:12.762 收到 Head 資訊 {Count 2} {Type C } 
[5012] 2015/02/11 07:50:12.763 收到 Head 資訊 {Count 2} {Type C } 
[5012] 2015/02/11 07:50:12.765 收到 Head 資訊 {Count 2} {Type C } 
[5012] 2015/02/11 07:50:12.767 收到 Head 資訊 {Count 2} {Type C } 
[5012] 2015/02/11 07:50:12.768 收到 Head 資訊 {Count 2} {Type C } 
[5012] 2015/02/11 07:50:12.770 收到 Head 資訊 {Count 2} {Type C } 
[5012] 2015/02/11 07:50:12.771 收到 Head 資訊 {Count 2} {Type C } 
[5012] 2015/02/11 07:50:12.773 收到 Head 資訊 {Count 2} {Type C } 
[5012] 2015/02/11 07:50:12.774 收到 Head 資訊 {Count 2} {Type C } 
[5012] 2015/02/11 07:50:12.776 收到 Head 資訊 {Count 2} {Type C } 
[5012] 2015/02/11 07:50:12.777 收到 Head 資訊 {Count 2} {Type C } 
[5012] 2015/02/11 07:50:12.779 收到 Head 資訊 {Count 2} {Type C } 
[5012] 2015/02/11 07:50:12.780 收到 Head 資訊 {Count 2} {Type C } 
[5012] 2015/02/11 07:50:12.782 收到 Head 資訊 {Count 2} {Type C } 
[5012] 2015/02/11 07:50:12.784 收到 Head 資訊 {Count 2} {Type C } 
[5012] 2015/02/11 07:50:12.785 收到 Head 資訊 {Count 2} {Type C } 
[5012] 2015/02/11 07:50:12.787 收到 Head 資訊 {Count 2} {Type C } 
[5012] 2015/02/11 07:50:12.788 收到 Head 資訊 {Count 2} {Type C } 
[5012] 2015/02/11 07:50:12.790 收到 Head 資訊 {Count 2} {Type C } 
[5012] 2015/02/11 07:50:12.791 收到 Head 資訊 {Count 2} {Type C } 
[5012] 2015/02/11 07:50:12.793 收到 Head 資訊 {Count 2} {Type C } 
[5012] 2015/02/11 07:50:12.794 收到 Head 資訊 {Count 2} {Type C } 
[5012] 2015/02/11 07:50:12.796 收到 Head 資訊 {Count 2} {Type C } 
[5012] 2015/02/11 07:50:12.797 收到 Head 資訊 {Count 2} {Type C } 
[5012] 2015/02/11 07:50:12.799 收到 Head 資訊 {Count 2} {Type C } 
[5012] 2015/02/11 07:50:12.801 收到 Head 資訊 {Count 2} {Type C } 
[5012] 2015/02/11 07:50:12.802 收到 Head 資訊 {Count 2} {Type C } 
[5012] 2015/02/11 07:50:12.804 收到 Head 資訊 {Count 2} {Type C } 
[5012] 2015/02/11 07:50:12.805 收到 Head 資訊 {Count 2} {Type C } 
[5012] 2015/02/11 07:50:12.807 收到 Head 資訊 {Count 2} {Type C } 
[5012] 2015/02/11 07:50:12.808 收到 Head 資訊 {Count 2} {Type C } 
[5012] 2015/02/11 07:50:12.810 收到 Head 資訊 {Count 2} {Type C } 
[5012] 2015/02/11 07:50:12.811 收到 Head 資訊 {Count 2} {Type C } 
[5012] 2015/02/11 07:50:12.813 收到 Head 資訊 {Count 2} {Type C } 
[5012] 2015/02/11 07:50:12.814 收到 Head 資訊 {Count 2} {Type C } 
[5012] 2015/02/11 07:50:12.816 收到 Head 資訊 {Count 2} {Type D } 
[5012] 2015/02/11 07:50:12.818 收到 Head 資訊 {Count 2} {Type D } 
[5012] 2015/02/11 07:50:12.819 收到 Head 資訊 {Count 2} {Type C } 
[5012] 2015/02/11 07:50:12.821 收到 Head 資訊 {Count 2} {Type C } 
[5012] 2015/02/11 07:50:12.822 收到 Head 資訊 {Count 2} {Type C } 
[5012] 2015/02/11 07:50:12.824 收到 Head 資訊 {Count 2} {Type C } 
[5012] 2015/02/11 07:50:12.825 收到 Head 資訊 {Count 2} {Type C } 
[5012] 2015/02/11 07:50:12.827 收到 Head 資訊 {Count 2} {Type C } 
[5012] 2015/02/11 07:50:12.828 收到 Head 資訊 {Count 2} {Type C } 
[5012] 2015/02/11 07:50:12.830 收到 Head 資訊 {Count 2} {Type C } 
[5012] 2015/02/11 07:50:12.832 收到 Head 資訊 {Count 2} {Type D } 
[5012] 2015/02/11 07:50:12.833 收到 Head 資訊 {Count 2} {Type C } 
[5012] 2015/02/11 07:50:12.835 收到 Head 資訊 {Count 2} {Type C } 
[5012] 2015/02/11 07:50:12.836 收到 Head 資訊 {Count 2} {Type C } 
[5012] 2015/02/11 07:50:12.838 收到 Head 資訊 {Count 2} {Type C } 
[5012] 2015/02/11 07:50:12.839 收到 Head 資訊 {Count 2} {Type C } 
[5012] 2015/02/11 07:50:12.841 收到 Head 資訊 {Count 2} {Type C } 
[5012] 2015/02/11 07:50:12.842 收到 Head 資訊 {Count 2} {Type C } 
[5012] 2015/02/11 07:50:12.844 收到 Head 資訊 {Count 2} {Type C } 
[5012] 2015/02/11 07:50:12.846 收到 Head 資訊 {Count 2} {Type C } 
[5012] 2015/02/11 07:50:12.847 收到 Head 資訊 {Count 2} {Type B } 
[5012] 2015/02/11 07:51:11.623 連線確認 E122828927 (21,21)
[5012] 2015/02/11 07:52:01.496 收到 Head 資訊 {Count 2} {Type C } 
[5012] 2015/02/11 07:52:11.637 連線確認 E122828927 (21,21)
[5012] 2015/02/11 07:53:11.650 連線確認 E122828927 (21,21)
[5012] 2015/02/11 07:54:11.665 連線確認 E122828927 (21,21)
[5012] 2015/02/11 07:55:11.677 連線確認 E122828927 (21,21)
[5012] 2015/02/11 07:55:12.514 收到 Head 資訊 {Count 2} {Type B } 
[5012] 2015/02/11 07:56:11.691 連線確認 E122828927 (21,21)
[5012] 2015/02/11 07:57:11.706 連線確認 E122828927 (21,21)
[5012] 2015/02/11 07:58:11.718 連線確認 E122828927 (21,21)
[5012] 2015/02/11 07:59:11.732 連線確認 E122828927 (21,21)
[5012] 2015/02/11 08:00:11.746 連線確認 E122828927 (21,21)
[5012] 2015/02/11 08:00:12.918 收到 Head 資訊 {Count 2} {Type B } 
[5012] 2015/02/11 08:01:11.759 連線確認 E122828927 (21,21)
[5012] 2015/02/11 08:02:11.773 連線確認 E122828927 (21,21)
[5012] 2015/02/11 08:03:11.787 連線確認 E122828927 (21,21)
[5012] 2015/02/11 08:04:11.801 連線確認 E122828927 (21,21)
[5012] 2015/02/11 08:05:11.813 連線確認 E122828927 (21,21)
[5012] 2015/02/11 08:05:13.915 收到 Head 資訊 {Count 2} {Type B } 
[5012] 2015/02/11 08:06:11.826 連線確認 E122828927 (21,21)
[5012] 2015/02/11 08:07:11.840 連線確認 E122828927 (21,21)
[5012] 2015/02/11 08:08:11.854 連線確認 E122828927 (21,21)
[5012] 2015/02/11 08:08:29.992 API ExitInstance 
[4632] 2015/02/11 15:26:11.889 API InitInstance 
[4632] 2015/02/11 20:24:27.971 API ExitInstance 
