[4812] 2015/01/29 02:30:12.785 API InitInstance 
[2848] 2015/01/29 07:40:10.918 API InitInstance 
[2848] 2015/01/29 07:40:15.190 E122828927 連線 Code：0
[2848] 2015/01/29 07:40:16.192 收到 Head 資訊 {Count 2} {Type C } 
[2848] 2015/01/29 07:40:16.194 收到 Head 資訊 {Count 2} {Type C } 
[2848] 2015/01/29 07:40:16.196 收到 Head 資訊 {Count 2} {Type C } 
[2848] 2015/01/29 07:40:16.198 收到 Head 資訊 {Count 2} {Type C } 
[2848] 2015/01/29 07:40:16.200 收到 Head 資訊 {Count 2} {Type C } 
[2848] 2015/01/29 07:40:16.202 收到 Head 資訊 {Count 2} {Type C } 
[2848] 2015/01/29 07:40:16.204 收到 Head 資訊 {Count 2} {Type C } 
[2848] 2015/01/29 07:40:16.206 收到 Head 資訊 {Count 2} {Type C } 
[2848] 2015/01/29 07:40:16.209 收到 Head 資訊 {Count 2} {Type C } 
[2848] 2015/01/29 07:40:16.210 收到 Head 資訊 {Count 2} {Type C } 
[2848] 2015/01/29 07:40:16.213 收到 Head 資訊 {Count 2} {Type C } 
[2848] 2015/01/29 07:40:16.214 收到 Head 資訊 {Count 2} {Type C } 
[2848] 2015/01/29 07:40:16.217 收到 Head 資訊 {Count 2} {Type C } 
[2848] 2015/01/29 07:40:16.219 收到 Head 資訊 {Count 2} {Type C } 
[2848] 2015/01/29 07:40:16.221 收到 Head 資訊 {Count 2} {Type C } 
[2848] 2015/01/29 07:40:16.223 收到 Head 資訊 {Count 2} {Type C } 
[2848] 2015/01/29 07:40:16.225 收到 Head 資訊 {Count 2} {Type C } 
[2848] 2015/01/29 07:40:16.226 收到 Head 資訊 {Count 2} {Type C } 
[2848] 2015/01/29 07:40:16.228 收到 Head 資訊 {Count 2} {Type C } 
[2848] 2015/01/29 07:40:16.230 收到 Head 資訊 {Count 2} {Type C } 
[2848] 2015/01/29 07:40:16.232 收到 Head 資訊 {Count 2} {Type C } 
[2848] 2015/01/29 07:40:16.234 收到 Head 資訊 {Count 2} {Type C } 
[2848] 2015/01/29 07:40:16.236 收到 Head 資訊 {Count 2} {Type C } 
[2848] 2015/01/29 07:40:16.238 收到 Head 資訊 {Count 2} {Type C } 
[2848] 2015/01/29 07:40:16.240 收到 Head 資訊 {Count 2} {Type C } 
[2848] 2015/01/29 07:40:16.242 收到 Head 資訊 {Count 2} {Type C } 
[2848] 2015/01/29 07:40:16.244 收到 Head 資訊 {Count 2} {Type C } 
[2848] 2015/01/29 07:40:16.246 收到 Head 資訊 {Count 2} {Type C } 
[2848] 2015/01/29 07:40:16.248 收到 Head 資訊 {Count 2} {Type C } 
[2848] 2015/01/29 07:40:16.250 收到 Head 資訊 {Count 2} {Type C } 
[2848] 2015/01/29 07:40:16.252 收到 Head 資訊 {Count 2} {Type C } 
[2848] 2015/01/29 07:40:16.254 收到 Head 資訊 {Count 2} {Type C } 
[2848] 2015/01/29 07:40:16.256 收到 Head 資訊 {Count 2} {Type C } 
[2848] 2015/01/29 07:40:16.257 收到 Head 資訊 {Count 2} {Type C } 
[2848] 2015/01/29 07:40:16.259 收到 Head 資訊 {Count 2} {Type C } 
[2848] 2015/01/29 07:40:16.261 收到 Head 資訊 {Count 2} {Type C } 
[2848] 2015/01/29 07:40:16.263 收到 Head 資訊 {Count 2} {Type C } 
[2848] 2015/01/29 07:40:16.265 收到 Head 資訊 {Count 2} {Type C } 
[2848] 2015/01/29 07:40:16.267 收到 Head 資訊 {Count 2} {Type C } 
[2848] 2015/01/29 07:40:16.269 收到 Head 資訊 {Count 2} {Type C } 
[2848] 2015/01/29 07:40:16.270 收到 Head 資訊 {Count 2} {Type C } 
[2848] 2015/01/29 07:40:16.272 收到 Head 資訊 {Count 2} {Type C } 
[2848] 2015/01/29 07:40:16.274 收到 Head 資訊 {Count 2} {Type C } 
[2848] 2015/01/29 07:40:16.276 收到 Head 資訊 {Count 2} {Type C } 
[2848] 2015/01/29 07:40:16.278 收到 Head 資訊 {Count 2} {Type C } 
[2848] 2015/01/29 07:40:16.280 收到 Head 資訊 {Count 2} {Type C } 
[2848] 2015/01/29 07:40:16.281 收到 Head 資訊 {Count 2} {Type C } 
[2848] 2015/01/29 07:40:16.283 收到 Head 資訊 {Count 2} {Type C } 
[2848] 2015/01/29 07:40:16.285 收到 Head 資訊 {Count 2} {Type C } 
[2848] 2015/01/29 07:40:16.287 收到 Head 資訊 {Count 2} {Type C } 
[2848] 2015/01/29 07:40:16.289 收到 Head 資訊 {Count 2} {Type C } 
[2848] 2015/01/29 07:40:16.291 收到 Head 資訊 {Count 2} {Type C } 
[2848] 2015/01/29 07:40:16.293 收到 Head 資訊 {Count 2} {Type C } 
[2848] 2015/01/29 07:40:16.294 收到 Head 資訊 {Count 2} {Type C } 
[2848] 2015/01/29 07:40:16.296 收到 Head 資訊 {Count 2} {Type C } 
[2848] 2015/01/29 07:40:16.298 收到 Head 資訊 {Count 2} {Type C } 
[2848] 2015/01/29 07:40:16.300 收到 Head 資訊 {Count 2} {Type C } 
[2848] 2015/01/29 07:40:16.301 收到 Head 資訊 {Count 2} {Type C } 
[2848] 2015/01/29 07:40:16.303 收到 Head 資訊 {Count 2} {Type C } 
[2848] 2015/01/29 07:40:16.305 收到 Head 資訊 {Count 2} {Type C } 
[2848] 2015/01/29 07:40:16.307 收到 Head 資訊 {Count 2} {Type C } 
[2848] 2015/01/29 07:40:16.309 收到 Head 資訊 {Count 2} {Type C } 
[2848] 2015/01/29 07:40:16.311 收到 Head 資訊 {Count 2} {Type C } 
[2848] 2015/01/29 07:40:16.312 收到 Head 資訊 {Count 2} {Type C } 
[2848] 2015/01/29 07:40:16.314 收到 Head 資訊 {Count 2} {Type C } 
[2848] 2015/01/29 07:40:16.316 收到 Head 資訊 {Count 2} {Type C } 
[2848] 2015/01/29 07:40:16.318 收到 Head 資訊 {Count 2} {Type C } 
[2848] 2015/01/29 07:40:16.319 收到 Head 資訊 {Count 2} {Type C } 
[2848] 2015/01/29 07:40:16.321 收到 Head 資訊 {Count 2} {Type C } 
[2848] 2015/01/29 07:40:16.323 收到 Head 資訊 {Count 2} {Type C } 
[2848] 2015/01/29 07:40:16.325 收到 Head 資訊 {Count 2} {Type C } 
[2848] 2015/01/29 07:40:16.327 收到 Head 資訊 {Count 2} {Type C } 
[2848] 2015/01/29 07:40:16.329 收到 Head 資訊 {Count 2} {Type C } 
[2848] 2015/01/29 07:40:16.331 收到 Head 資訊 {Count 2} {Type C } 
[2848] 2015/01/29 07:40:16.332 收到 Head 資訊 {Count 2} {Type C } 
[2848] 2015/01/29 07:40:16.334 收到 Head 資訊 {Count 2} {Type C } 
[2848] 2015/01/29 07:40:16.336 收到 Head 資訊 {Count 2} {Type C } 
[2848] 2015/01/29 07:40:16.337 收到 Head 資訊 {Count 2} {Type C } 
[2848] 2015/01/29 07:40:16.339 收到 Head 資訊 {Count 2} {Type C } 
[2848] 2015/01/29 07:40:16.341 收到 Head 資訊 {Count 2} {Type C } 
[2848] 2015/01/29 07:40:16.342 收到 Head 資訊 {Count 2} {Type C } 
[2848] 2015/01/29 07:40:16.344 收到 Head 資訊 {Count 2} {Type C } 
[2848] 2015/01/29 07:40:16.345 收到 Head 資訊 {Count 2} {Type C } 
[2848] 2015/01/29 07:40:16.347 收到 Head 資訊 {Count 2} {Type C } 
[2848] 2015/01/29 07:40:16.348 收到 Head 資訊 {Count 2} {Type C } 
[2848] 2015/01/29 07:40:16.350 收到 Head 資訊 {Count 2} {Type C } 
[2848] 2015/01/29 07:40:16.352 收到 Head 資訊 {Count 2} {Type C } 
[2848] 2015/01/29 07:40:16.353 收到 Head 資訊 {Count 2} {Type C } 
[2848] 2015/01/29 07:40:16.355 收到 Head 資訊 {Count 2} {Type C } 
[2848] 2015/01/29 07:40:16.357 收到 Head 資訊 {Count 2} {Type C } 
[2848] 2015/01/29 07:40:16.358 收到 Head 資訊 {Count 2} {Type C } 
[2848] 2015/01/29 07:40:16.360 收到 Head 資訊 {Count 2} {Type C } 
[2848] 2015/01/29 07:40:16.361 收到 Head 資訊 {Count 2} {Type C } 
[2848] 2015/01/29 07:40:16.363 收到 Head 資訊 {Count 2} {Type C } 
[2848] 2015/01/29 07:40:16.364 收到 Head 資訊 {Count 2} {Type C } 
[2848] 2015/01/29 07:40:16.366 收到 Head 資訊 {Count 2} {Type C } 
[2848] 2015/01/29 07:40:16.368 收到 Head 資訊 {Count 2} {Type C } 
[2848] 2015/01/29 07:40:16.369 收到 Head 資訊 {Count 2} {Type C } 
[2848] 2015/01/29 07:40:16.371 收到 Head 資訊 {Count 2} {Type D } 
[2848] 2015/01/29 07:40:16.373 收到 Head 資訊 {Count 2} {Type D } 
[2848] 2015/01/29 07:40:16.374 收到 Head 資訊 {Count 2} {Type C } 
[2848] 2015/01/29 07:40:16.376 收到 Head 資訊 {Count 2} {Type C } 
[2848] 2015/01/29 07:40:16.378 收到 Head 資訊 {Count 2} {Type C } 
[2848] 2015/01/29 07:40:16.379 收到 Head 資訊 {Count 2} {Type C } 
[2848] 2015/01/29 07:40:16.381 收到 Head 資訊 {Count 2} {Type C } 
[2848] 2015/01/29 07:40:16.383 收到 Head 資訊 {Count 2} {Type C } 
[2848] 2015/01/29 07:40:16.384 收到 Head 資訊 {Count 2} {Type C } 
[2848] 2015/01/29 07:40:16.386 收到 Head 資訊 {Count 2} {Type C } 
[2848] 2015/01/29 07:40:16.388 收到 Head 資訊 {Count 2} {Type C } 
[2848] 2015/01/29 07:40:16.389 收到 Head 資訊 {Count 2} {Type C } 
[2848] 2015/01/29 07:40:16.391 收到 Head 資訊 {Count 2} {Type C } 
[2848] 2015/01/29 07:40:16.393 收到 Head 資訊 {Count 2} {Type B } 
[568] 2015/01/29 14:30:11.176 API InitInstance 
[568] 2015/01/29 14:30:17.766 E122828927 連線 Code：0
[568] 2015/01/29 14:30:18.768 收到 Head 資訊 {Count 2} {Type C } 
[568] 2015/01/29 14:30:18.770 收到 Head 資訊 {Count 2} {Type C } 
[568] 2015/01/29 14:30:18.772 收到 Head 資訊 {Count 2} {Type C } 
[568] 2015/01/29 14:30:18.773 收到 Head 資訊 {Count 2} {Type C } 
[568] 2015/01/29 14:30:18.775 收到 Head 資訊 {Count 2} {Type C } 
[568] 2015/01/29 14:30:18.777 收到 Head 資訊 {Count 2} {Type C } 
[568] 2015/01/29 14:30:18.779 收到 Head 資訊 {Count 2} {Type C } 
[568] 2015/01/29 14:30:18.781 收到 Head 資訊 {Count 2} {Type C } 
[568] 2015/01/29 14:30:18.783 收到 Head 資訊 {Count 2} {Type C } 
[568] 2015/01/29 14:30:18.785 收到 Head 資訊 {Count 2} {Type C } 
[568] 2015/01/29 14:30:18.787 收到 Head 資訊 {Count 2} {Type C } 
[568] 2015/01/29 14:30:18.789 收到 Head 資訊 {Count 2} {Type C } 
[568] 2015/01/29 14:30:18.791 收到 Head 資訊 {Count 2} {Type C } 
[568] 2015/01/29 14:30:18.792 收到 Head 資訊 {Count 2} {Type C } 
[568] 2015/01/29 14:30:18.794 收到 Head 資訊 {Count 2} {Type C } 
[568] 2015/01/29 14:30:18.796 收到 Head 資訊 {Count 2} {Type C } 
[568] 2015/01/29 14:30:18.798 收到 Head 資訊 {Count 2} {Type C } 
[568] 2015/01/29 14:30:18.800 收到 Head 資訊 {Count 2} {Type C } 
[568] 2015/01/29 14:30:18.802 收到 Head 資訊 {Count 2} {Type C } 
[568] 2015/01/29 14:30:18.804 收到 Head 資訊 {Count 2} {Type C } 
[568] 2015/01/29 14:30:18.806 收到 Head 資訊 {Count 2} {Type C } 
[568] 2015/01/29 14:30:18.808 收到 Head 資訊 {Count 2} {Type C } 
[568] 2015/01/29 14:30:18.810 收到 Head 資訊 {Count 2} {Type C } 
[568] 2015/01/29 14:30:18.812 收到 Head 資訊 {Count 2} {Type C } 
[568] 2015/01/29 14:30:18.814 收到 Head 資訊 {Count 2} {Type C } 
[568] 2015/01/29 14:30:18.815 收到 Head 資訊 {Count 2} {Type C } 
[568] 2015/01/29 14:30:18.817 收到 Head 資訊 {Count 2} {Type C } 
[568] 2015/01/29 14:30:18.819 收到 Head 資訊 {Count 2} {Type C } 
[568] 2015/01/29 14:30:18.821 收到 Head 資訊 {Count 2} {Type C } 
[568] 2015/01/29 14:30:18.823 收到 Head 資訊 {Count 2} {Type C } 
[568] 2015/01/29 14:30:18.824 收到 Head 資訊 {Count 2} {Type C } 
[568] 2015/01/29 14:30:18.826 收到 Head 資訊 {Count 2} {Type C } 
[568] 2015/01/29 14:30:18.828 收到 Head 資訊 {Count 2} {Type C } 
[568] 2015/01/29 14:30:18.830 收到 Head 資訊 {Count 2} {Type C } 
[568] 2015/01/29 14:30:18.832 收到 Head 資訊 {Count 2} {Type C } 
[568] 2015/01/29 14:30:18.834 收到 Head 資訊 {Count 2} {Type C } 
[568] 2015/01/29 14:30:18.835 收到 Head 資訊 {Count 2} {Type C } 
[568] 2015/01/29 14:30:18.837 收到 Head 資訊 {Count 2} {Type C } 
[568] 2015/01/29 14:30:18.839 收到 Head 資訊 {Count 2} {Type C } 
[568] 2015/01/29 14:30:18.841 收到 Head 資訊 {Count 2} {Type C } 
[568] 2015/01/29 14:30:18.842 收到 Head 資訊 {Count 2} {Type C } 
[568] 2015/01/29 14:30:18.844 收到 Head 資訊 {Count 2} {Type C } 
[568] 2015/01/29 14:30:18.846 收到 Head 資訊 {Count 2} {Type C } 
[568] 2015/01/29 14:30:18.848 收到 Head 資訊 {Count 2} {Type C } 
[568] 2015/01/29 14:30:18.850 收到 Head 資訊 {Count 2} {Type C } 
[568] 2015/01/29 14:30:18.851 收到 Head 資訊 {Count 2} {Type C } 
[568] 2015/01/29 14:30:18.853 收到 Head 資訊 {Count 2} {Type C } 
[568] 2015/01/29 14:30:18.855 收到 Head 資訊 {Count 2} {Type C } 
[568] 2015/01/29 14:30:18.857 收到 Head 資訊 {Count 2} {Type C } 
[568] 2015/01/29 14:30:18.859 收到 Head 資訊 {Count 2} {Type C } 
[568] 2015/01/29 14:30:18.860 收到 Head 資訊 {Count 2} {Type C } 
[568] 2015/01/29 14:30:18.862 收到 Head 資訊 {Count 2} {Type C } 
[568] 2015/01/29 14:30:18.864 收到 Head 資訊 {Count 2} {Type C } 
[568] 2015/01/29 14:30:18.866 收到 Head 資訊 {Count 2} {Type C } 
[568] 2015/01/29 14:30:18.868 收到 Head 資訊 {Count 2} {Type C } 
[568] 2015/01/29 14:30:18.870 收到 Head 資訊 {Count 2} {Type C } 
[568] 2015/01/29 14:30:18.871 收到 Head 資訊 {Count 2} {Type C } 
[568] 2015/01/29 14:30:18.873 收到 Head 資訊 {Count 2} {Type C } 
[568] 2015/01/29 14:30:18.875 收到 Head 資訊 {Count 2} {Type C } 
[568] 2015/01/29 14:30:18.877 收到 Head 資訊 {Count 2} {Type C } 
[568] 2015/01/29 14:30:18.879 收到 Head 資訊 {Count 2} {Type C } 
[568] 2015/01/29 14:30:18.880 收到 Head 資訊 {Count 2} {Type C } 
[568] 2015/01/29 14:30:18.882 收到 Head 資訊 {Count 2} {Type C } 
[568] 2015/01/29 14:30:18.884 收到 Head 資訊 {Count 2} {Type C } 
[568] 2015/01/29 14:30:18.886 收到 Head 資訊 {Count 2} {Type C } 
[568] 2015/01/29 14:30:18.887 收到 Head 資訊 {Count 2} {Type C } 
[568] 2015/01/29 14:30:18.889 收到 Head 資訊 {Count 2} {Type C } 
[568] 2015/01/29 14:30:18.891 收到 Head 資訊 {Count 2} {Type C } 
[568] 2015/01/29 14:30:18.893 收到 Head 資訊 {Count 2} {Type C } 
[568] 2015/01/29 14:30:18.895 收到 Head 資訊 {Count 2} {Type C } 
[568] 2015/01/29 14:30:18.896 收到 Head 資訊 {Count 2} {Type C } 
[568] 2015/01/29 14:30:18.898 收到 Head 資訊 {Count 2} {Type C } 
[568] 2015/01/29 14:30:18.900 收到 Head 資訊 {Count 2} {Type C } 
[568] 2015/01/29 14:30:18.902 收到 Head 資訊 {Count 2} {Type C } 
[568] 2015/01/29 14:30:18.903 收到 Head 資訊 {Count 2} {Type C } 
[568] 2015/01/29 14:30:18.905 收到 Head 資訊 {Count 2} {Type C } 
[568] 2015/01/29 14:30:18.907 收到 Head 資訊 {Count 2} {Type C } 
[568] 2015/01/29 14:30:18.909 收到 Head 資訊 {Count 2} {Type C } 
[568] 2015/01/29 14:30:18.910 收到 Head 資訊 {Count 2} {Type C } 
[568] 2015/01/29 14:30:18.912 收到 Head 資訊 {Count 2} {Type C } 
[568] 2015/01/29 14:30:18.914 收到 Head 資訊 {Count 2} {Type C } 
[568] 2015/01/29 14:30:18.916 收到 Head 資訊 {Count 2} {Type C } 
[568] 2015/01/29 14:30:18.918 收到 Head 資訊 {Count 2} {Type C } 
[568] 2015/01/29 14:30:18.920 收到 Head 資訊 {Count 2} {Type C } 
[568] 2015/01/29 14:30:18.921 收到 Head 資訊 {Count 2} {Type C } 
[568] 2015/01/29 14:30:18.923 收到 Head 資訊 {Count 2} {Type C } 
[568] 2015/01/29 14:30:18.925 收到 Head 資訊 {Count 2} {Type C } 
[568] 2015/01/29 14:30:18.927 收到 Head 資訊 {Count 2} {Type C } 
[568] 2015/01/29 14:30:18.929 收到 Head 資訊 {Count 2} {Type C } 
[568] 2015/01/29 14:30:18.930 收到 Head 資訊 {Count 2} {Type C } 
[568] 2015/01/29 14:30:18.932 收到 Head 資訊 {Count 2} {Type C } 
[568] 2015/01/29 14:30:18.934 收到 Head 資訊 {Count 2} {Type C } 
[568] 2015/01/29 14:30:18.936 收到 Head 資訊 {Count 2} {Type C } 
[568] 2015/01/29 14:30:18.938 收到 Head 資訊 {Count 2} {Type C } 
[568] 2015/01/29 14:30:18.939 收到 Head 資訊 {Count 2} {Type C } 
[568] 2015/01/29 14:30:18.941 收到 Head 資訊 {Count 2} {Type C } 
[568] 2015/01/29 14:30:18.943 收到 Head 資訊 {Count 2} {Type C } 
[568] 2015/01/29 14:30:18.945 收到 Head 資訊 {Count 2} {Type C } 
[568] 2015/01/29 14:30:18.947 收到 Head 資訊 {Count 2} {Type D } 
[568] 2015/01/29 14:30:18.949 收到 Head 資訊 {Count 2} {Type D } 
[568] 2015/01/29 14:30:18.950 收到 Head 資訊 {Count 2} {Type C } 
[568] 2015/01/29 14:30:18.952 收到 Head 資訊 {Count 2} {Type C } 
[568] 2015/01/29 14:30:18.954 收到 Head 資訊 {Count 2} {Type C } 
[568] 2015/01/29 14:30:18.956 收到 Head 資訊 {Count 2} {Type C } 
[568] 2015/01/29 14:30:18.958 收到 Head 資訊 {Count 2} {Type C } 
[568] 2015/01/29 14:30:18.959 收到 Head 資訊 {Count 2} {Type C } 
[568] 2015/01/29 14:30:18.961 收到 Head 資訊 {Count 2} {Type C } 
[568] 2015/01/29 14:30:18.963 收到 Head 資訊 {Count 2} {Type C } 
[568] 2015/01/29 14:30:18.965 收到 Head 資訊 {Count 2} {Type C } 
[568] 2015/01/29 14:30:18.967 收到 Head 資訊 {Count 2} {Type C } 
[568] 2015/01/29 14:30:18.969 收到 Head 資訊 {Count 2} {Type C } 
[568] 2015/01/29 14:30:18.970 收到 Head 資訊 {Count 2} {Type C } 
[568] 2015/01/29 14:30:18.972 收到 Head 資訊 {Count 2} {Type C } 
[568] 2015/01/29 14:30:18.974 收到 Head 資訊 {Count 2} {Type C } 
[568] 2015/01/29 14:30:18.976 收到 Head 資訊 {Count 2} {Type C } 
[568] 2015/01/29 14:30:18.978 收到 Head 資訊 {Count 2} {Type C } 
[568] 2015/01/29 14:30:18.979 收到 Head 資訊 {Count 2} {Type C } 
[568] 2015/01/29 14:30:18.981 收到 Head 資訊 {Count 2} {Type C } 
[568] 2015/01/29 14:30:18.983 收到 Head 資訊 {Count 2} {Type C } 
[568] 2015/01/29 14:30:18.985 收到 Head 資訊 {Count 2} {Type C } 
[568] 2015/01/29 14:30:18.987 收到 Head 資訊 {Count 2} {Type C } 
[568] 2015/01/29 14:30:18.988 收到 Head 資訊 {Count 2} {Type C } 
[568] 2015/01/29 14:30:18.990 收到 Head 資訊 {Count 2} {Type C } 
[568] 2015/01/29 14:30:18.992 收到 Head 資訊 {Count 2} {Type C } 
[568] 2015/01/29 14:30:18.994 收到 Head 資訊 {Count 2} {Type C } 
[568] 2015/01/29 14:30:18.995 收到 Head 資訊 {Count 2} {Type C } 
[568] 2015/01/29 14:30:18.997 收到 Head 資訊 {Count 2} {Type C } 
[568] 2015/01/29 14:30:18.999 收到 Head 資訊 {Count 2} {Type C } 
[568] 2015/01/29 14:30:19.001 收到 Head 資訊 {Count 2} {Type C } 
[568] 2015/01/29 14:30:19.003 收到 Head 資訊 {Count 2} {Type C } 
[568] 2015/01/29 14:30:19.005 收到 Head 資訊 {Count 2} {Type C } 
[568] 2015/01/29 14:30:19.006 收到 Head 資訊 {Count 2} {Type C } 
[568] 2015/01/29 14:30:19.008 收到 Head 資訊 {Count 2} {Type C } 
[568] 2015/01/29 14:30:19.010 收到 Head 資訊 {Count 2} {Type C } 
[568] 2015/01/29 14:30:19.012 收到 Head 資訊 {Count 2} {Type C } 
[568] 2015/01/29 14:30:19.014 收到 Head 資訊 {Count 2} {Type C } 
[568] 2015/01/29 14:30:19.016 收到 Head 資訊 {Count 2} {Type C } 
[568] 2015/01/29 14:30:19.017 收到 Head 資訊 {Count 2} {Type C } 
[568] 2015/01/29 14:30:19.019 收到 Head 資訊 {Count 2} {Type C } 
[568] 2015/01/29 14:30:19.021 收到 Head 資訊 {Count 2} {Type C } 
[568] 2015/01/29 14:30:19.023 收到 Head 資訊 {Count 2} {Type C } 
[568] 2015/01/29 14:30:19.025 收到 Head 資訊 {Count 2} {Type C } 
[568] 2015/01/29 14:30:19.026 收到 Head 資訊 {Count 2} {Type C } 
[568] 2015/01/29 14:30:19.028 收到 Head 資訊 {Count 2} {Type C } 
[568] 2015/01/29 14:30:19.030 收到 Head 資訊 {Count 2} {Type C } 
[568] 2015/01/29 14:30:19.032 收到 Head 資訊 {Count 2} {Type C } 
[568] 2015/01/29 14:30:19.034 收到 Head 資訊 {Count 2} {Type C } 
[568] 2015/01/29 14:30:19.036 收到 Head 資訊 {Count 2} {Type C } 
[568] 2015/01/29 14:30:19.037 收到 Head 資訊 {Count 2} {Type C } 
[568] 2015/01/29 14:30:19.039 收到 Head 資訊 {Count 2} {Type C } 
[568] 2015/01/29 14:30:19.041 收到 Head 資訊 {Count 2} {Type C } 
[568] 2015/01/29 14:30:19.043 收到 Head 資訊 {Count 2} {Type C } 
[568] 2015/01/29 14:30:19.044 收到 Head 資訊 {Count 2} {Type C } 
[568] 2015/01/29 14:30:19.046 收到 Head 資訊 {Count 2} {Type C } 
[568] 2015/01/29 14:30:19.048 收到 Head 資訊 {Count 2} {Type C } 
[568] 2015/01/29 14:30:19.050 收到 Head 資訊 {Count 2} {Type C } 
[568] 2015/01/29 14:30:19.052 收到 Head 資訊 {Count 2} {Type C } 
[568] 2015/01/29 14:30:19.054 收到 Head 資訊 {Count 2} {Type C } 
[568] 2015/01/29 14:30:19.056 收到 Head 資訊 {Count 2} {Type C } 
[568] 2015/01/29 14:30:19.057 收到 Head 資訊 {Count 2} {Type C } 
[568] 2015/01/29 14:30:19.059 收到 Head 資訊 {Count 2} {Type C } 
[568] 2015/01/29 14:30:19.061 收到 Head 資訊 {Count 2} {Type C } 
[568] 2015/01/29 14:30:19.063 收到 Head 資訊 {Count 2} {Type C } 
[568] 2015/01/29 14:30:19.065 收到 Head 資訊 {Count 2} {Type C } 
[568] 2015/01/29 14:30:19.067 收到 Head 資訊 {Count 2} {Type C } 
[568] 2015/01/29 14:30:19.068 收到 Head 資訊 {Count 2} {Type C } 
[568] 2015/01/29 14:30:19.070 收到 Head 資訊 {Count 2} {Type C } 
[568] 2015/01/29 14:30:19.072 收到 Head 資訊 {Count 2} {Type C } 
[568] 2015/01/29 14:30:19.074 收到 Head 資訊 {Count 2} {Type C } 
[568] 2015/01/29 14:30:19.076 收到 Head 資訊 {Count 2} {Type C } 
[568] 2015/01/29 14:30:19.078 收到 Head 資訊 {Count 2} {Type C } 
[568] 2015/01/29 14:30:19.080 收到 Head 資訊 {Count 2} {Type C } 
[568] 2015/01/29 14:30:19.081 收到 Head 資訊 {Count 2} {Type C } 
[568] 2015/01/29 14:30:19.083 收到 Head 資訊 {Count 2} {Type C } 
[568] 2015/01/29 14:30:19.086 收到 Head 資訊 {Count 2} {Type C } 
[568] 2015/01/29 14:30:19.087 收到 Head 資訊 {Count 2} {Type C } 
[568] 2015/01/29 14:30:19.089 收到 Head 資訊 {Count 2} {Type C } 
[568] 2015/01/29 14:30:19.091 收到 Head 資訊 {Count 2} {Type C } 
[568] 2015/01/29 14:30:19.093 收到 Head 資訊 {Count 2} {Type C } 
[568] 2015/01/29 14:30:19.095 收到 Head 資訊 {Count 2} {Type C } 
[568] 2015/01/29 14:30:19.097 收到 Head 資訊 {Count 2} {Type C } 
[568] 2015/01/29 14:30:19.099 收到 Head 資訊 {Count 2} {Type C } 
[568] 2015/01/29 14:30:19.101 收到 Head 資訊 {Count 2} {Type C } 
[568] 2015/01/29 14:30:19.103 收到 Head 資訊 {Count 2} {Type C } 
[568] 2015/01/29 14:30:19.105 收到 Head 資訊 {Count 2} {Type C } 
[568] 2015/01/29 14:30:19.107 收到 Head 資訊 {Count 2} {Type C } 
[568] 2015/01/29 14:30:19.109 收到 Head 資訊 {Count 2} {Type C } 
[568] 2015/01/29 14:30:19.111 收到 Head 資訊 {Count 2} {Type C } 
[568] 2015/01/29 14:30:19.113 收到 Head 資訊 {Count 2} {Type C } 
[568] 2015/01/29 14:30:19.115 收到 Head 資訊 {Count 2} {Type C } 
[568] 2015/01/29 14:30:19.117 收到 Head 資訊 {Count 2} {Type C } 
[568] 2015/01/29 14:30:19.119 收到 Head 資訊 {Count 2} {Type C } 
[568] 2015/01/29 14:30:19.121 收到 Head 資訊 {Count 2} {Type C } 
[568] 2015/01/29 14:30:19.123 收到 Head 資訊 {Count 2} {Type C } 
[568] 2015/01/29 14:30:19.125 收到 Head 資訊 {Count 2} {Type C } 
[568] 2015/01/29 14:30:19.127 收到 Head 資訊 {Count 2} {Type C } 
[568] 2015/01/29 14:30:19.129 收到 Head 資訊 {Count 2} {Type C } 
[568] 2015/01/29 14:30:19.131 收到 Head 資訊 {Count 2} {Type C } 
[568] 2015/01/29 14:30:19.133 收到 Head 資訊 {Count 2} {Type C } 
[568] 2015/01/29 14:30:19.135 收到 Head 資訊 {Count 2} {Type C } 
[568] 2015/01/29 14:30:19.137 收到 Head 資訊 {Count 2} {Type C } 
[568] 2015/01/29 14:30:19.139 收到 Head 資訊 {Count 2} {Type C } 
[568] 2015/01/29 14:30:19.141 收到 Head 資訊 {Count 2} {Type C } 
[568] 2015/01/29 14:30:19.143 收到 Head 資訊 {Count 2} {Type C } 
[568] 2015/01/29 14:30:19.145 收到 Head 資訊 {Count 2} {Type C } 
[568] 2015/01/29 14:30:19.147 收到 Head 資訊 {Count 2} {Type C } 
[568] 2015/01/29 14:30:19.149 收到 Head 資訊 {Count 2} {Type C } 
[568] 2015/01/29 14:30:19.151 收到 Head 資訊 {Count 2} {Type C } 
[568] 2015/01/29 14:30:19.153 收到 Head 資訊 {Count 2} {Type C } 
[568] 2015/01/29 14:30:19.155 收到 Head 資訊 {Count 2} {Type C } 
[568] 2015/01/29 14:30:19.157 收到 Head 資訊 {Count 2} {Type C } 
[568] 2015/01/29 14:30:19.159 收到 Head 資訊 {Count 2} {Type C } 
[568] 2015/01/29 14:30:19.161 收到 Head 資訊 {Count 2} {Type C } 
[568] 2015/01/29 14:30:19.163 收到 Head 資訊 {Count 2} {Type C } 
[568] 2015/01/29 14:30:19.165 收到 Head 資訊 {Count 2} {Type C } 
[568] 2015/01/29 14:30:19.167 收到 Head 資訊 {Count 2} {Type C } 
[568] 2015/01/29 14:30:19.169 收到 Head 資訊 {Count 2} {Type C } 
[568] 2015/01/29 14:30:19.171 收到 Head 資訊 {Count 2} {Type C } 
[568] 2015/01/29 14:30:19.173 收到 Head 資訊 {Count 2} {Type C } 
[568] 2015/01/29 14:30:19.175 收到 Head 資訊 {Count 2} {Type C } 
[568] 2015/01/29 14:30:19.177 收到 Head 資訊 {Count 2} {Type C } 
[568] 2015/01/29 14:30:19.179 收到 Head 資訊 {Count 2} {Type C } 
[568] 2015/01/29 14:30:19.180 收到 Head 資訊 {Count 2} {Type B } 
[3268] 2015/01/29 15:26:10.756 API InitInstance 
[3268] 2015/01/29 15:26:14.817 E122828927 連線 Code：0
[3268] 2015/01/29 15:26:15.819 收到 Head 資訊 {Count 2} {Type C } 
[3268] 2015/01/29 15:26:15.821 收到 Head 資訊 {Count 2} {Type C } 
[3268] 2015/01/29 15:26:15.822 收到 Head 資訊 {Count 2} {Type C } 
[3268] 2015/01/29 15:26:15.824 收到 Head 資訊 {Count 2} {Type C } 
[3268] 2015/01/29 15:26:15.826 收到 Head 資訊 {Count 2} {Type C } 
[3268] 2015/01/29 15:26:15.828 收到 Head 資訊 {Count 2} {Type C } 
[3268] 2015/01/29 15:26:15.830 收到 Head 資訊 {Count 2} {Type C } 
[3268] 2015/01/29 15:26:15.832 收到 Head 資訊 {Count 2} {Type C } 
[3268] 2015/01/29 15:26:15.834 收到 Head 資訊 {Count 2} {Type C } 
[3268] 2015/01/29 15:26:15.836 收到 Head 資訊 {Count 2} {Type C } 
[3268] 2015/01/29 15:26:15.838 收到 Head 資訊 {Count 2} {Type C } 
[3268] 2015/01/29 15:26:15.839 收到 Head 資訊 {Count 2} {Type C } 
[3268] 2015/01/29 15:26:15.841 收到 Head 資訊 {Count 2} {Type C } 
[3268] 2015/01/29 15:26:15.843 收到 Head 資訊 {Count 2} {Type C } 
[3268] 2015/01/29 15:26:15.845 收到 Head 資訊 {Count 2} {Type C } 
[3268] 2015/01/29 15:26:15.846 收到 Head 資訊 {Count 2} {Type C } 
[3268] 2015/01/29 15:26:15.848 收到 Head 資訊 {Count 2} {Type C } 
[3268] 2015/01/29 15:26:15.850 收到 Head 資訊 {Count 2} {Type C } 
[3268] 2015/01/29 15:26:15.852 收到 Head 資訊 {Count 2} {Type C } 
[3268] 2015/01/29 15:26:15.854 收到 Head 資訊 {Count 2} {Type C } 
[3268] 2015/01/29 15:26:15.855 收到 Head 資訊 {Count 2} {Type C } 
[3268] 2015/01/29 15:26:15.857 收到 Head 資訊 {Count 2} {Type C } 
[3268] 2015/01/29 15:26:15.859 收到 Head 資訊 {Count 2} {Type C } 
[3268] 2015/01/29 15:26:15.861 收到 Head 資訊 {Count 2} {Type C } 
[3268] 2015/01/29 15:26:15.863 收到 Head 資訊 {Count 2} {Type C } 
[3268] 2015/01/29 15:26:15.865 收到 Head 資訊 {Count 2} {Type C } 
[3268] 2015/01/29 15:26:15.866 收到 Head 資訊 {Count 2} {Type C } 
[3268] 2015/01/29 15:26:15.868 收到 Head 資訊 {Count 2} {Type C } 
[3268] 2015/01/29 15:26:15.870 收到 Head 資訊 {Count 2} {Type C } 
[3268] 2015/01/29 15:26:15.872 收到 Head 資訊 {Count 2} {Type C } 
[3268] 2015/01/29 15:26:15.874 收到 Head 資訊 {Count 2} {Type C } 
[3268] 2015/01/29 15:26:15.876 收到 Head 資訊 {Count 2} {Type C } 
[3268] 2015/01/29 15:26:15.878 收到 Head 資訊 {Count 2} {Type C } 
[3268] 2015/01/29 15:26:15.879 收到 Head 資訊 {Count 2} {Type C } 
[3268] 2015/01/29 15:26:15.881 收到 Head 資訊 {Count 2} {Type C } 
[3268] 2015/01/29 15:26:15.883 收到 Head 資訊 {Count 2} {Type C } 
[3268] 2015/01/29 15:26:15.885 收到 Head 資訊 {Count 2} {Type C } 
[3268] 2015/01/29 15:26:15.887 收到 Head 資訊 {Count 2} {Type C } 
[3268] 2015/01/29 15:26:15.888 收到 Head 資訊 {Count 2} {Type C } 
[3268] 2015/01/29 15:26:15.890 收到 Head 資訊 {Count 2} {Type C } 
[3268] 2015/01/29 15:26:15.892 收到 Head 資訊 {Count 2} {Type C } 
[3268] 2015/01/29 15:26:15.894 收到 Head 資訊 {Count 2} {Type C } 
[3268] 2015/01/29 15:26:15.896 收到 Head 資訊 {Count 2} {Type C } 
[3268] 2015/01/29 15:26:15.898 收到 Head 資訊 {Count 2} {Type C } 
[3268] 2015/01/29 15:26:15.899 收到 Head 資訊 {Count 2} {Type C } 
[3268] 2015/01/29 15:26:15.901 收到 Head 資訊 {Count 2} {Type C } 
[3268] 2015/01/29 15:26:15.903 收到 Head 資訊 {Count 2} {Type C } 
[3268] 2015/01/29 15:26:15.905 收到 Head 資訊 {Count 2} {Type C } 
[3268] 2015/01/29 15:26:15.907 收到 Head 資訊 {Count 2} {Type C } 
[3268] 2015/01/29 15:26:15.908 收到 Head 資訊 {Count 2} {Type C } 
[3268] 2015/01/29 15:26:15.910 收到 Head 資訊 {Count 2} {Type C } 
[3268] 2015/01/29 15:26:15.912 收到 Head 資訊 {Count 2} {Type C } 
[3268] 2015/01/29 15:26:15.914 收到 Head 資訊 {Count 2} {Type C } 
[3268] 2015/01/29 15:26:15.916 收到 Head 資訊 {Count 2} {Type C } 
[3268] 2015/01/29 15:26:15.918 收到 Head 資訊 {Count 2} {Type C } 
[3268] 2015/01/29 15:26:15.919 收到 Head 資訊 {Count 2} {Type C } 
[3268] 2015/01/29 15:26:15.921 收到 Head 資訊 {Count 2} {Type C } 
[3268] 2015/01/29 15:26:15.923 收到 Head 資訊 {Count 2} {Type C } 
[3268] 2015/01/29 15:26:15.925 收到 Head 資訊 {Count 2} {Type C } 
[3268] 2015/01/29 15:26:15.927 收到 Head 資訊 {Count 2} {Type C } 
[3268] 2015/01/29 15:26:15.928 收到 Head 資訊 {Count 2} {Type C } 
[3268] 2015/01/29 15:26:15.930 收到 Head 資訊 {Count 2} {Type C } 
[3268] 2015/01/29 15:26:15.932 收到 Head 資訊 {Count 2} {Type C } 
[3268] 2015/01/29 15:26:15.934 收到 Head 資訊 {Count 2} {Type C } 
[3268] 2015/01/29 15:26:15.936 收到 Head 資訊 {Count 2} {Type C } 
[3268] 2015/01/29 15:26:15.937 收到 Head 資訊 {Count 2} {Type C } 
[3268] 2015/01/29 15:26:15.939 收到 Head 資訊 {Count 2} {Type C } 
[3268] 2015/01/29 15:26:15.941 收到 Head 資訊 {Count 2} {Type C } 
[3268] 2015/01/29 15:26:15.943 收到 Head 資訊 {Count 2} {Type C } 
[3268] 2015/01/29 15:26:15.945 收到 Head 資訊 {Count 2} {Type C } 
[3268] 2015/01/29 15:26:15.946 收到 Head 資訊 {Count 2} {Type C } 
[3268] 2015/01/29 15:26:15.948 收到 Head 資訊 {Count 2} {Type C } 
[3268] 2015/01/29 15:26:15.950 收到 Head 資訊 {Count 2} {Type C } 
[3268] 2015/01/29 15:26:15.952 收到 Head 資訊 {Count 2} {Type C } 
[3268] 2015/01/29 15:26:15.954 收到 Head 資訊 {Count 2} {Type C } 
[3268] 2015/01/29 15:26:15.956 收到 Head 資訊 {Count 2} {Type C } 
[3268] 2015/01/29 15:26:15.957 收到 Head 資訊 {Count 2} {Type C } 
[3268] 2015/01/29 15:26:15.959 收到 Head 資訊 {Count 2} {Type C } 
[3268] 2015/01/29 15:26:15.961 收到 Head 資訊 {Count 2} {Type C } 
[3268] 2015/01/29 15:26:15.963 收到 Head 資訊 {Count 2} {Type C } 
[3268] 2015/01/29 15:26:15.964 收到 Head 資訊 {Count 2} {Type C } 
[3268] 2015/01/29 15:26:15.966 收到 Head 資訊 {Count 2} {Type C } 
[3268] 2015/01/29 15:26:15.968 收到 Head 資訊 {Count 2} {Type C } 
[3268] 2015/01/29 15:26:15.970 收到 Head 資訊 {Count 2} {Type C } 
[3268] 2015/01/29 15:26:15.972 收到 Head 資訊 {Count 2} {Type C } 
[3268] 2015/01/29 15:26:15.973 收到 Head 資訊 {Count 2} {Type C } 
[3268] 2015/01/29 15:26:15.975 收到 Head 資訊 {Count 2} {Type C } 
[3268] 2015/01/29 15:26:15.977 收到 Head 資訊 {Count 2} {Type C } 
[3268] 2015/01/29 15:26:15.979 收到 Head 資訊 {Count 2} {Type C } 
[3268] 2015/01/29 15:26:15.981 收到 Head 資訊 {Count 2} {Type C } 
[3268] 2015/01/29 15:26:15.982 收到 Head 資訊 {Count 2} {Type C } 
[3268] 2015/01/29 15:26:15.984 收到 Head 資訊 {Count 2} {Type C } 
[3268] 2015/01/29 15:26:15.986 收到 Head 資訊 {Count 2} {Type C } 
[3268] 2015/01/29 15:26:15.988 收到 Head 資訊 {Count 2} {Type C } 
[3268] 2015/01/29 15:26:15.990 收到 Head 資訊 {Count 2} {Type C } 
[3268] 2015/01/29 15:26:15.991 收到 Head 資訊 {Count 2} {Type C } 
[3268] 2015/01/29 15:26:15.993 收到 Head 資訊 {Count 2} {Type C } 
[3268] 2015/01/29 15:26:15.995 收到 Head 資訊 {Count 2} {Type C } 
[3268] 2015/01/29 15:26:15.997 收到 Head 資訊 {Count 2} {Type D } 
[3268] 2015/01/29 15:26:15.999 收到 Head 資訊 {Count 2} {Type D } 
[3268] 2015/01/29 15:26:16.001 收到 Head 資訊 {Count 2} {Type C } 
[3268] 2015/01/29 15:26:16.002 收到 Head 資訊 {Count 2} {Type C } 
[3268] 2015/01/29 15:26:16.004 收到 Head 資訊 {Count 2} {Type C } 
[3268] 2015/01/29 15:26:16.006 收到 Head 資訊 {Count 2} {Type C } 
[3268] 2015/01/29 15:26:16.008 收到 Head 資訊 {Count 2} {Type C } 
[3268] 2015/01/29 15:26:16.009 收到 Head 資訊 {Count 2} {Type C } 
[3268] 2015/01/29 15:26:16.011 收到 Head 資訊 {Count 2} {Type C } 
[3268] 2015/01/29 15:26:16.013 收到 Head 資訊 {Count 2} {Type C } 
[3268] 2015/01/29 15:26:16.015 收到 Head 資訊 {Count 2} {Type C } 
[3268] 2015/01/29 15:26:16.017 收到 Head 資訊 {Count 2} {Type C } 
[3268] 2015/01/29 15:26:16.018 收到 Head 資訊 {Count 2} {Type C } 
[3268] 2015/01/29 15:26:16.020 收到 Head 資訊 {Count 2} {Type C } 
[3268] 2015/01/29 15:26:16.022 收到 Head 資訊 {Count 2} {Type C } 
[3268] 2015/01/29 15:26:16.024 收到 Head 資訊 {Count 2} {Type C } 
[3268] 2015/01/29 15:26:16.026 收到 Head 資訊 {Count 2} {Type C } 
[3268] 2015/01/29 15:26:16.027 收到 Head 資訊 {Count 2} {Type C } 
[3268] 2015/01/29 15:26:16.029 收到 Head 資訊 {Count 2} {Type C } 
[3268] 2015/01/29 15:26:16.031 收到 Head 資訊 {Count 2} {Type C } 
[3268] 2015/01/29 15:26:16.033 收到 Head 資訊 {Count 2} {Type C } 
[3268] 2015/01/29 15:26:16.035 收到 Head 資訊 {Count 2} {Type C } 
[3268] 2015/01/29 15:26:16.037 收到 Head 資訊 {Count 2} {Type C } 
[3268] 2015/01/29 15:26:16.039 收到 Head 資訊 {Count 2} {Type C } 
[3268] 2015/01/29 15:26:16.040 收到 Head 資訊 {Count 2} {Type C } 
[3268] 2015/01/29 15:26:16.042 收到 Head 資訊 {Count 2} {Type C } 
[3268] 2015/01/29 15:26:16.044 收到 Head 資訊 {Count 2} {Type C } 
[3268] 2015/01/29 15:26:16.046 收到 Head 資訊 {Count 2} {Type C } 
[3268] 2015/01/29 15:26:16.048 收到 Head 資訊 {Count 2} {Type C } 
[3268] 2015/01/29 15:26:16.050 收到 Head 資訊 {Count 2} {Type C } 
[3268] 2015/01/29 15:26:16.051 收到 Head 資訊 {Count 2} {Type C } 
[3268] 2015/01/29 15:26:16.053 收到 Head 資訊 {Count 2} {Type C } 
[3268] 2015/01/29 15:26:16.055 收到 Head 資訊 {Count 2} {Type C } 
[3268] 2015/01/29 15:26:16.057 收到 Head 資訊 {Count 2} {Type C } 
[3268] 2015/01/29 15:26:16.058 收到 Head 資訊 {Count 2} {Type C } 
[3268] 2015/01/29 15:26:16.060 收到 Head 資訊 {Count 2} {Type C } 
[3268] 2015/01/29 15:26:16.062 收到 Head 資訊 {Count 2} {Type C } 
[3268] 2015/01/29 15:26:16.064 收到 Head 資訊 {Count 2} {Type C } 
[3268] 2015/01/29 15:26:16.066 收到 Head 資訊 {Count 2} {Type C } 
[3268] 2015/01/29 15:26:16.067 收到 Head 資訊 {Count 2} {Type C } 
[3268] 2015/01/29 15:26:16.069 收到 Head 資訊 {Count 2} {Type C } 
[3268] 2015/01/29 15:26:16.071 收到 Head 資訊 {Count 2} {Type C } 
[3268] 2015/01/29 15:26:16.073 收到 Head 資訊 {Count 2} {Type C } 
[3268] 2015/01/29 15:26:16.074 收到 Head 資訊 {Count 2} {Type C } 
[3268] 2015/01/29 15:26:16.076 收到 Head 資訊 {Count 2} {Type C } 
[3268] 2015/01/29 15:26:16.078 收到 Head 資訊 {Count 2} {Type C } 
[3268] 2015/01/29 15:26:16.080 收到 Head 資訊 {Count 2} {Type C } 
[3268] 2015/01/29 15:26:16.081 收到 Head 資訊 {Count 2} {Type C } 
[3268] 2015/01/29 15:26:16.083 收到 Head 資訊 {Count 2} {Type C } 
[3268] 2015/01/29 15:26:16.085 收到 Head 資訊 {Count 2} {Type C } 
[3268] 2015/01/29 15:26:16.087 收到 Head 資訊 {Count 2} {Type C } 
[3268] 2015/01/29 15:26:16.089 收到 Head 資訊 {Count 2} {Type C } 
[3268] 2015/01/29 15:26:16.090 收到 Head 資訊 {Count 2} {Type C } 
[3268] 2015/01/29 15:26:16.092 收到 Head 資訊 {Count 2} {Type C } 
[3268] 2015/01/29 15:26:16.094 收到 Head 資訊 {Count 2} {Type C } 
[3268] 2015/01/29 15:26:16.096 收到 Head 資訊 {Count 2} {Type C } 
[3268] 2015/01/29 15:26:16.098 收到 Head 資訊 {Count 2} {Type C } 
[3268] 2015/01/29 15:26:16.099 收到 Head 資訊 {Count 2} {Type C } 
[3268] 2015/01/29 15:26:16.101 收到 Head 資訊 {Count 2} {Type C } 
[3268] 2015/01/29 15:26:16.103 收到 Head 資訊 {Count 2} {Type C } 
[3268] 2015/01/29 15:26:16.105 收到 Head 資訊 {Count 2} {Type C } 
[3268] 2015/01/29 15:26:16.106 收到 Head 資訊 {Count 2} {Type C } 
[3268] 2015/01/29 15:26:16.108 收到 Head 資訊 {Count 2} {Type C } 
[3268] 2015/01/29 15:26:16.110 收到 Head 資訊 {Count 2} {Type C } 
[3268] 2015/01/29 15:26:16.112 收到 Head 資訊 {Count 2} {Type C } 
[3268] 2015/01/29 15:26:16.114 收到 Head 資訊 {Count 2} {Type C } 
[3268] 2015/01/29 15:26:16.116 收到 Head 資訊 {Count 2} {Type C } 
[3268] 2015/01/29 15:26:16.117 收到 Head 資訊 {Count 2} {Type C } 
[3268] 2015/01/29 15:26:16.119 收到 Head 資訊 {Count 2} {Type C } 
[3268] 2015/01/29 15:26:16.121 收到 Head 資訊 {Count 2} {Type C } 
[3268] 2015/01/29 15:26:16.123 收到 Head 資訊 {Count 2} {Type C } 
[3268] 2015/01/29 15:26:16.125 收到 Head 資訊 {Count 2} {Type C } 
[3268] 2015/01/29 15:26:16.127 收到 Head 資訊 {Count 2} {Type C } 
[3268] 2015/01/29 15:26:16.129 收到 Head 資訊 {Count 2} {Type C } 
[3268] 2015/01/29 15:26:16.130 收到 Head 資訊 {Count 2} {Type C } 
[3268] 2015/01/29 15:26:16.132 收到 Head 資訊 {Count 2} {Type C } 
[3268] 2015/01/29 15:26:16.134 收到 Head 資訊 {Count 2} {Type C } 
[3268] 2015/01/29 15:26:16.136 收到 Head 資訊 {Count 2} {Type C } 
[3268] 2015/01/29 15:26:16.138 收到 Head 資訊 {Count 2} {Type C } 
[3268] 2015/01/29 15:26:16.140 收到 Head 資訊 {Count 2} {Type C } 
[3268] 2015/01/29 15:26:16.141 收到 Head 資訊 {Count 2} {Type C } 
[3268] 2015/01/29 15:26:16.143 收到 Head 資訊 {Count 2} {Type C } 
[3268] 2015/01/29 15:26:16.145 收到 Head 資訊 {Count 2} {Type C } 
[3268] 2015/01/29 15:26:16.147 收到 Head 資訊 {Count 2} {Type C } 
[3268] 2015/01/29 15:26:16.149 收到 Head 資訊 {Count 2} {Type C } 
[3268] 2015/01/29 15:26:16.151 收到 Head 資訊 {Count 2} {Type C } 
[3268] 2015/01/29 15:26:16.152 收到 Head 資訊 {Count 2} {Type C } 
[3268] 2015/01/29 15:26:16.154 收到 Head 資訊 {Count 2} {Type C } 
[3268] 2015/01/29 15:26:16.156 收到 Head 資訊 {Count 2} {Type C } 
[3268] 2015/01/29 15:26:16.158 收到 Head 資訊 {Count 2} {Type C } 
[3268] 2015/01/29 15:26:16.160 收到 Head 資訊 {Count 2} {Type C } 
[3268] 2015/01/29 15:26:16.162 收到 Head 資訊 {Count 2} {Type C } 
[3268] 2015/01/29 15:26:16.163 收到 Head 資訊 {Count 2} {Type C } 
[3268] 2015/01/29 15:26:16.165 收到 Head 資訊 {Count 2} {Type C } 
[3268] 2015/01/29 15:26:16.167 收到 Head 資訊 {Count 2} {Type C } 
[3268] 2015/01/29 15:26:16.169 收到 Head 資訊 {Count 2} {Type C } 
[3268] 2015/01/29 15:26:16.171 收到 Head 資訊 {Count 2} {Type C } 
[3268] 2015/01/29 15:26:16.173 收到 Head 資訊 {Count 2} {Type C } 
[3268] 2015/01/29 15:26:16.175 收到 Head 資訊 {Count 2} {Type C } 
[3268] 2015/01/29 15:26:16.177 收到 Head 資訊 {Count 2} {Type C } 
[3268] 2015/01/29 15:26:16.179 收到 Head 資訊 {Count 2} {Type C } 
[3268] 2015/01/29 15:26:16.180 收到 Head 資訊 {Count 2} {Type C } 
[3268] 2015/01/29 15:26:16.182 收到 Head 資訊 {Count 2} {Type C } 
[3268] 2015/01/29 15:26:16.184 收到 Head 資訊 {Count 2} {Type C } 
[3268] 2015/01/29 15:26:16.186 收到 Head 資訊 {Count 2} {Type C } 
[3268] 2015/01/29 15:26:16.188 收到 Head 資訊 {Count 2} {Type C } 
[3268] 2015/01/29 15:26:16.190 收到 Head 資訊 {Count 2} {Type C } 
[3268] 2015/01/29 15:26:16.192 收到 Head 資訊 {Count 2} {Type C } 
[3268] 2015/01/29 15:26:16.194 收到 Head 資訊 {Count 2} {Type C } 
[3268] 2015/01/29 15:26:16.195 收到 Head 資訊 {Count 2} {Type C } 
[3268] 2015/01/29 15:26:16.197 收到 Head 資訊 {Count 2} {Type C } 
[3268] 2015/01/29 15:26:16.199 收到 Head 資訊 {Count 2} {Type C } 
[3268] 2015/01/29 15:26:16.201 收到 Head 資訊 {Count 2} {Type C } 
[3268] 2015/01/29 15:26:16.203 收到 Head 資訊 {Count 2} {Type C } 
[3268] 2015/01/29 15:26:16.205 收到 Head 資訊 {Count 2} {Type C } 
[3268] 2015/01/29 15:26:16.207 收到 Head 資訊 {Count 2} {Type C } 
[3268] 2015/01/29 15:26:16.209 收到 Head 資訊 {Count 2} {Type C } 
[3268] 2015/01/29 15:26:16.211 收到 Head 資訊 {Count 2} {Type C } 
[3268] 2015/01/29 15:26:16.212 收到 Head 資訊 {Count 2} {Type C } 
[3268] 2015/01/29 15:26:16.214 收到 Head 資訊 {Count 2} {Type C } 
[3268] 2015/01/29 15:26:16.216 收到 Head 資訊 {Count 2} {Type C } 
[3268] 2015/01/29 15:26:16.218 收到 Head 資訊 {Count 2} {Type C } 
[3268] 2015/01/29 15:26:16.220 收到 Head 資訊 {Count 2} {Type C } 
[3268] 2015/01/29 15:26:16.222 收到 Head 資訊 {Count 2} {Type C } 
[3268] 2015/01/29 15:26:16.224 收到 Head 資訊 {Count 2} {Type C } 
[3268] 2015/01/29 15:26:16.226 收到 Head 資訊 {Count 2} {Type C } 
[3268] 2015/01/29 15:26:16.227 收到 Head 資訊 {Count 2} {Type C } 
[3268] 2015/01/29 15:26:16.229 收到 Head 資訊 {Count 2} {Type C } 
[3268] 2015/01/29 15:26:16.231 收到 Head 資訊 {Count 2} {Type C } 
[3268] 2015/01/29 15:26:16.233 收到 Head 資訊 {Count 2} {Type C } 
[3268] 2015/01/29 15:26:16.235 收到 Head 資訊 {Count 2} {Type C } 
[3268] 2015/01/29 15:26:16.237 收到 Head 資訊 {Count 2} {Type C } 
[3268] 2015/01/29 15:26:16.239 收到 Head 資訊 {Count 2} {Type C } 
[3268] 2015/01/29 15:26:16.241 收到 Head 資訊 {Count 2} {Type C } 
[3268] 2015/01/29 15:26:16.243 收到 Head 資訊 {Count 2} {Type C } 
[3268] 2015/01/29 15:26:16.244 收到 Head 資訊 {Count 2} {Type C } 
[3268] 2015/01/29 15:26:16.246 收到 Head 資訊 {Count 2} {Type C } 
[3268] 2015/01/29 15:26:16.248 收到 Head 資訊 {Count 2} {Type C } 
[3268] 2015/01/29 15:26:16.250 收到 Head 資訊 {Count 2} {Type C } 
[3268] 2015/01/29 15:26:16.252 收到 Head 資訊 {Count 2} {Type C } 
[3268] 2015/01/29 15:26:16.254 收到 Head 資訊 {Count 2} {Type C } 
[3268] 2015/01/29 15:26:16.256 收到 Head 資訊 {Count 2} {Type C } 
[3268] 2015/01/29 15:26:16.258 收到 Head 資訊 {Count 2} {Type C } 
[3268] 2015/01/29 15:26:16.260 收到 Head 資訊 {Count 2} {Type C } 
[3268] 2015/01/29 15:26:16.262 收到 Head 資訊 {Count 2} {Type C } 
[3268] 2015/01/29 15:26:16.264 收到 Head 資訊 {Count 2} {Type C } 
[3268] 2015/01/29 15:26:16.266 收到 Head 資訊 {Count 2} {Type C } 
[3268] 2015/01/29 15:26:16.268 收到 Head 資訊 {Count 2} {Type C } 
[3268] 2015/01/29 15:26:16.270 收到 Head 資訊 {Count 2} {Type C } 
[3268] 2015/01/29 15:26:16.272 收到 Head 資訊 {Count 2} {Type B } 
