2015/01/21 02:30:14.912 -----------
2015/01/21 02:30:14.913 API InitInstance 
2015/01/21 02:30:19.723 E122828927 連線 Code：0
2015/01/21 02:30:20.725 收到 Head 資訊 {Count 2} {Type C } 
2015/01/21 02:30:20.727 收到 Head 資訊 {Count 2} {Type C } 
2015/01/21 02:30:20.728 收到 Head 資訊 {Count 2} {Type C } 
2015/01/21 02:30:20.730 收到 Head 資訊 {Count 2} {Type C } 
2015/01/21 02:30:20.732 收到 Head 資訊 {Count 2} {Type C } 
2015/01/21 02:30:20.734 收到 Head 資訊 {Count 2} {Type C } 
2015/01/21 02:30:20.736 收到 Head 資訊 {Count 2} {Type C } 
2015/01/21 02:30:20.737 收到 Head 資訊 {Count 2} {Type C } 
2015/01/21 02:30:20.739 收到 Head 資訊 {Count 2} {Type C } 
2015/01/21 02:30:20.741 收到 Head 資訊 {Count 2} {Type C } 
2015/01/21 02:30:20.743 收到 Head 資訊 {Count 2} {Type C } 
2015/01/21 02:30:20.745 收到 Head 資訊 {Count 2} {Type C } 
2015/01/21 02:30:20.746 收到 Head 資訊 {Count 2} {Type C } 
2015/01/21 02:30:20.748 收到 Head 資訊 {Count 2} {Type C } 
2015/01/21 02:30:20.750 收到 Head 資訊 {Count 2} {Type C } 
2015/01/21 02:30:20.751 收到 Head 資訊 {Count 2} {Type C } 
2015/01/21 02:30:20.753 收到 Head 資訊 {Count 2} {Type C } 
2015/01/21 02:30:20.755 收到 Head 資訊 {Count 2} {Type C } 
2015/01/21 02:30:20.756 收到 Head 資訊 {Count 2} {Type C } 
2015/01/21 02:30:20.758 收到 Head 資訊 {Count 2} {Type C } 
2015/01/21 02:30:20.760 收到 Head 資訊 {Count 2} {Type C } 
2015/01/21 02:30:20.762 收到 Head 資訊 {Count 2} {Type C } 
2015/01/21 02:30:20.763 收到 Head 資訊 {Count 2} {Type C } 
2015/01/21 02:30:20.765 收到 Head 資訊 {Count 2} {Type C } 
2015/01/21 02:30:20.767 收到 Head 資訊 {Count 2} {Type C } 
2015/01/21 02:30:20.769 收到 Head 資訊 {Count 2} {Type C } 
2015/01/21 02:30:20.770 收到 Head 資訊 {Count 2} {Type C } 
2015/01/21 02:30:20.772 收到 Head 資訊 {Count 2} {Type C } 
2015/01/21 02:30:20.774 收到 Head 資訊 {Count 2} {Type C } 
2015/01/21 02:30:20.776 收到 Head 資訊 {Count 2} {Type C } 
2015/01/21 02:30:20.777 收到 Head 資訊 {Count 2} {Type C } 
2015/01/21 02:30:20.779 收到 Head 資訊 {Count 2} {Type C } 
2015/01/21 02:30:20.781 收到 Head 資訊 {Count 2} {Type C } 
2015/01/21 02:30:20.783 收到 Head 資訊 {Count 2} {Type C } 
2015/01/21 02:30:20.785 收到 Head 資訊 {Count 2} {Type C } 
2015/01/21 02:30:20.786 收到 Head 資訊 {Count 2} {Type C } 
2015/01/21 02:30:20.788 收到 Head 資訊 {Count 2} {Type C } 
2015/01/21 02:30:20.789 收到 Head 資訊 {Count 2} {Type C } 
2015/01/21 02:30:20.791 收到 Head 資訊 {Count 2} {Type C } 
2015/01/21 02:30:20.793 收到 Head 資訊 {Count 2} {Type C } 
2015/01/21 02:30:20.794 收到 Head 資訊 {Count 2} {Type C } 
2015/01/21 02:30:20.796 收到 Head 資訊 {Count 2} {Type C } 
2015/01/21 02:30:20.797 收到 Head 資訊 {Count 2} {Type C } 
2015/01/21 02:30:20.799 收到 Head 資訊 {Count 2} {Type C } 
2015/01/21 02:30:20.801 收到 Head 資訊 {Count 2} {Type C } 
2015/01/21 02:30:20.802 收到 Head 資訊 {Count 2} {Type C } 
2015/01/21 02:30:20.804 收到 Head 資訊 {Count 2} {Type C } 
2015/01/21 02:30:20.806 收到 Head 資訊 {Count 2} {Type C } 
2015/01/21 02:30:20.807 收到 Head 資訊 {Count 2} {Type C } 
2015/01/21 02:30:20.809 收到 Head 資訊 {Count 2} {Type C } 
2015/01/21 02:30:20.810 收到 Head 資訊 {Count 2} {Type C } 
2015/01/21 02:30:20.812 收到 Head 資訊 {Count 2} {Type C } 
2015/01/21 02:30:20.814 收到 Head 資訊 {Count 2} {Type C } 
2015/01/21 02:30:20.815 收到 Head 資訊 {Count 2} {Type C } 
2015/01/21 02:30:20.817 收到 Head 資訊 {Count 2} {Type C } 
2015/01/21 02:30:20.818 收到 Head 資訊 {Count 2} {Type C } 
2015/01/21 02:30:20.820 收到 Head 資訊 {Count 2} {Type C } 
2015/01/21 02:30:20.822 收到 Head 資訊 {Count 2} {Type C } 
2015/01/21 02:30:20.824 收到 Head 資訊 {Count 2} {Type C } 
2015/01/21 02:30:20.825 收到 Head 資訊 {Count 2} {Type C } 
2015/01/21 02:30:20.827 收到 Head 資訊 {Count 2} {Type C } 
2015/01/21 02:30:20.829 收到 Head 資訊 {Count 2} {Type C } 
2015/01/21 02:30:20.831 收到 Head 資訊 {Count 2} {Type C } 
2015/01/21 02:30:20.832 收到 Head 資訊 {Count 2} {Type C } 
2015/01/21 02:30:20.834 收到 Head 資訊 {Count 2} {Type C } 
2015/01/21 02:30:20.836 收到 Head 資訊 {Count 2} {Type C } 
2015/01/21 02:30:20.837 收到 Head 資訊 {Count 2} {Type C } 
2015/01/21 02:30:20.839 收到 Head 資訊 {Count 2} {Type C } 
2015/01/21 02:30:20.841 收到 Head 資訊 {Count 2} {Type C } 
2015/01/21 02:30:20.843 收到 Head 資訊 {Count 2} {Type C } 
2015/01/21 02:30:20.844 收到 Head 資訊 {Count 2} {Type C } 
2015/01/21 02:30:20.846 收到 Head 資訊 {Count 2} {Type C } 
2015/01/21 02:30:20.848 收到 Head 資訊 {Count 2} {Type C } 
2015/01/21 02:30:20.849 收到 Head 資訊 {Count 2} {Type C } 
2015/01/21 02:30:20.851 收到 Head 資訊 {Count 2} {Type C } 
2015/01/21 02:30:20.853 收到 Head 資訊 {Count 2} {Type C } 
2015/01/21 02:30:20.854 收到 Head 資訊 {Count 2} {Type C } 
2015/01/21 02:30:20.856 收到 Head 資訊 {Count 2} {Type C } 
2015/01/21 02:30:20.857 收到 Head 資訊 {Count 2} {Type C } 
2015/01/21 02:30:20.859 收到 Head 資訊 {Count 2} {Type C } 
2015/01/21 02:30:20.860 收到 Head 資訊 {Count 2} {Type C } 
2015/01/21 02:30:20.862 收到 Head 資訊 {Count 2} {Type C } 
2015/01/21 02:30:20.864 收到 Head 資訊 {Count 2} {Type C } 
2015/01/21 02:30:20.866 收到 Head 資訊 {Count 2} {Type C } 
2015/01/21 02:30:20.867 收到 Head 資訊 {Count 2} {Type C } 
2015/01/21 02:30:20.869 收到 Head 資訊 {Count 2} {Type C } 
2015/01/21 02:30:20.871 收到 Head 資訊 {Count 2} {Type C } 
2015/01/21 02:30:20.873 收到 Head 資訊 {Count 2} {Type C } 
2015/01/21 02:30:20.874 收到 Head 資訊 {Count 2} {Type C } 
2015/01/21 02:30:20.876 收到 Head 資訊 {Count 2} {Type C } 
2015/01/21 02:30:20.878 收到 Head 資訊 {Count 2} {Type C } 
2015/01/21 02:30:20.879 收到 Head 資訊 {Count 2} {Type C } 
2015/01/21 02:30:20.881 收到 Head 資訊 {Count 2} {Type C } 
2015/01/21 02:30:20.882 收到 Head 資訊 {Count 2} {Type C } 
2015/01/21 02:30:20.884 收到 Head 資訊 {Count 2} {Type C } 
2015/01/21 02:30:20.886 收到 Head 資訊 {Count 2} {Type D } 
2015/01/21 02:30:20.887 收到 Head 資訊 {Count 2} {Type D } 
2015/01/21 02:30:20.889 收到 Head 資訊 {Count 2} {Type C } 
2015/01/21 02:30:20.891 收到 Head 資訊 {Count 2} {Type C } 
2015/01/21 02:30:20.892 收到 Head 資訊 {Count 2} {Type C } 
2015/01/21 02:30:20.894 收到 Head 資訊 {Count 2} {Type C } 
2015/01/21 02:30:20.896 收到 Head 資訊 {Count 2} {Type C } 
2015/01/21 02:30:20.897 收到 Head 資訊 {Count 2} {Type C } 
2015/01/21 02:30:20.899 收到 Head 資訊 {Count 2} {Type C } 
2015/01/21 02:30:20.901 收到 Head 資訊 {Count 2} {Type C } 
2015/01/21 02:30:20.902 收到 Head 資訊 {Count 2} {Type C } 
2015/01/21 02:30:20.904 收到 Head 資訊 {Count 2} {Type C } 
2015/01/21 02:30:20.906 收到 Head 資訊 {Count 2} {Type C } 
2015/01/21 02:30:20.907 收到 Head 資訊 {Count 2} {Type C } 
2015/01/21 02:30:20.909 收到 Head 資訊 {Count 2} {Type C } 
2015/01/21 02:30:20.911 收到 Head 資訊 {Count 2} {Type C } 
2015/01/21 02:30:20.912 收到 Head 資訊 {Count 2} {Type C } 
2015/01/21 02:30:20.914 收到 Head 資訊 {Count 2} {Type C } 
2015/01/21 02:30:20.916 收到 Head 資訊 {Count 2} {Type C } 
2015/01/21 02:30:20.917 收到 Head 資訊 {Count 2} {Type C } 
2015/01/21 02:30:20.919 收到 Head 資訊 {Count 2} {Type C } 
2015/01/21 02:30:20.921 收到 Head 資訊 {Count 2} {Type C } 
2015/01/21 02:30:20.923 收到 Head 資訊 {Count 2} {Type C } 
2015/01/21 02:30:20.924 收到 Head 資訊 {Count 2} {Type C } 
2015/01/21 02:30:20.926 收到 Head 資訊 {Count 2} {Type C } 
2015/01/21 02:30:20.928 收到 Head 資訊 {Count 2} {Type C } 
2015/01/21 02:30:20.929 收到 Head 資訊 {Count 2} {Type C } 
2015/01/21 02:30:20.931 收到 Head 資訊 {Count 2} {Type C } 
2015/01/21 02:30:20.933 收到 Head 資訊 {Count 2} {Type C } 
2015/01/21 02:30:20.935 收到 Head 資訊 {Count 2} {Type C } 
2015/01/21 02:30:20.936 收到 Head 資訊 {Count 2} {Type C } 
2015/01/21 02:30:20.938 收到 Head 資訊 {Count 2} {Type C } 
2015/01/21 02:30:20.940 收到 Head 資訊 {Count 2} {Type C } 
2015/01/21 02:30:20.941 收到 Head 資訊 {Count 2} {Type C } 
2015/01/21 02:30:20.943 收到 Head 資訊 {Count 2} {Type C } 
2015/01/21 02:30:20.945 收到 Head 資訊 {Count 2} {Type C } 
2015/01/21 02:30:20.946 收到 Head 資訊 {Count 2} {Type C } 
2015/01/21 02:30:20.948 收到 Head 資訊 {Count 2} {Type C } 
2015/01/21 02:30:20.949 收到 Head 資訊 {Count 2} {Type C } 
2015/01/21 02:30:20.951 收到 Head 資訊 {Count 2} {Type C } 
2015/01/21 02:30:20.953 收到 Head 資訊 {Count 2} {Type C } 
2015/01/21 02:30:20.954 收到 Head 資訊 {Count 2} {Type C } 
2015/01/21 02:30:20.956 收到 Head 資訊 {Count 2} {Type C } 
2015/01/21 02:30:20.958 收到 Head 資訊 {Count 2} {Type C } 
2015/01/21 02:30:20.959 收到 Head 資訊 {Count 2} {Type C } 
2015/01/21 02:30:20.961 收到 Head 資訊 {Count 2} {Type C } 
2015/01/21 02:30:20.962 收到 Head 資訊 {Count 2} {Type C } 
2015/01/21 02:30:20.964 收到 Head 資訊 {Count 2} {Type C } 
2015/01/21 02:30:20.965 收到 Head 資訊 {Count 2} {Type C } 
2015/01/21 02:30:20.967 收到 Head 資訊 {Count 2} {Type C } 
2015/01/21 02:30:20.968 收到 Head 資訊 {Count 2} {Type C } 
2015/01/21 02:30:20.970 收到 Head 資訊 {Count 2} {Type C } 
2015/01/21 02:30:20.972 收到 Head 資訊 {Count 2} {Type C } 
2015/01/21 02:30:20.973 收到 Head 資訊 {Count 2} {Type C } 
2015/01/21 02:30:20.975 收到 Head 資訊 {Count 2} {Type C } 
2015/01/21 02:30:20.977 收到 Head 資訊 {Count 2} {Type C } 
2015/01/21 02:30:20.978 收到 Head 資訊 {Count 2} {Type C } 
2015/01/21 02:30:20.980 收到 Head 資訊 {Count 2} {Type C } 
2015/01/21 02:30:20.982 收到 Head 資訊 {Count 2} {Type C } 
2015/01/21 02:30:20.983 收到 Head 資訊 {Count 2} {Type C } 
2015/01/21 02:30:20.985 收到 Head 資訊 {Count 2} {Type C } 
2015/01/21 02:30:20.986 收到 Head 資訊 {Count 2} {Type C } 
2015/01/21 02:30:20.988 收到 Head 資訊 {Count 2} {Type C } 
2015/01/21 02:30:20.990 收到 Head 資訊 {Count 2} {Type C } 
2015/01/21 02:30:20.991 收到 Head 資訊 {Count 2} {Type C } 
2015/01/21 02:30:20.993 收到 Head 資訊 {Count 2} {Type C } 
2015/01/21 02:30:20.994 收到 Head 資訊 {Count 2} {Type C } 
2015/01/21 02:30:20.996 收到 Head 資訊 {Count 2} {Type C } 
2015/01/21 02:30:20.997 收到 Head 資訊 {Count 2} {Type C } 
2015/01/21 02:30:20.999 收到 Head 資訊 {Count 2} {Type C } 
2015/01/21 02:30:21.001 收到 Head 資訊 {Count 2} {Type C } 
2015/01/21 02:30:21.002 收到 Head 資訊 {Count 2} {Type C } 
2015/01/21 02:30:21.004 收到 Head 資訊 {Count 2} {Type C } 
2015/01/21 02:30:21.006 收到 Head 資訊 {Count 2} {Type C } 
2015/01/21 02:30:21.007 收到 Head 資訊 {Count 2} {Type C } 
2015/01/21 02:30:21.009 收到 Head 資訊 {Count 2} {Type C } 
2015/01/21 02:30:21.011 收到 Head 資訊 {Count 2} {Type C } 
2015/01/21 02:30:21.012 收到 Head 資訊 {Count 2} {Type C } 
2015/01/21 02:30:21.014 收到 Head 資訊 {Count 2} {Type C } 
2015/01/21 02:30:21.016 收到 Head 資訊 {Count 2} {Type C } 
2015/01/21 02:30:21.017 收到 Head 資訊 {Count 2} {Type C } 
2015/01/21 02:30:21.019 收到 Head 資訊 {Count 2} {Type C } 
2015/01/21 02:30:21.021 收到 Head 資訊 {Count 2} {Type C } 
2015/01/21 02:30:21.022 收到 Head 資訊 {Count 2} {Type C } 
2015/01/21 02:30:21.024 收到 Head 資訊 {Count 2} {Type C } 
2015/01/21 02:30:21.026 收到 Head 資訊 {Count 2} {Type C } 
2015/01/21 02:30:21.027 收到 Head 資訊 {Count 2} {Type C } 
2015/01/21 02:30:21.029 收到 Head 資訊 {Count 2} {Type C } 
2015/01/21 02:30:21.030 收到 Head 資訊 {Count 2} {Type C } 
2015/01/21 02:30:21.032 收到 Head 資訊 {Count 2} {Type C } 
2015/01/21 02:30:21.034 收到 Head 資訊 {Count 2} {Type C } 
2015/01/21 02:30:21.035 收到 Head 資訊 {Count 2} {Type C } 
2015/01/21 02:30:21.037 收到 Head 資訊 {Count 2} {Type C } 
2015/01/21 02:30:21.038 收到 Head 資訊 {Count 2} {Type C } 
2015/01/21 02:30:21.040 收到 Head 資訊 {Count 2} {Type C } 
2015/01/21 02:30:21.042 收到 Head 資訊 {Count 2} {Type C } 
2015/01/21 02:30:21.043 收到 Head 資訊 {Count 2} {Type C } 
2015/01/21 02:30:21.045 收到 Head 資訊 {Count 2} {Type C } 
2015/01/21 02:30:21.046 收到 Head 資訊 {Count 2} {Type C } 
2015/01/21 02:30:21.048 收到 Head 資訊 {Count 2} {Type C } 
2015/01/21 02:30:21.050 收到 Head 資訊 {Count 2} {Type C } 
2015/01/21 02:30:21.051 收到 Head 資訊 {Count 2} {Type C } 
2015/01/21 02:30:21.053 收到 Head 資訊 {Count 2} {Type C } 
2015/01/21 02:30:21.055 收到 Head 資訊 {Count 2} {Type C } 
2015/01/21 02:30:21.056 收到 Head 資訊 {Count 2} {Type C } 
2015/01/21 02:30:21.058 收到 Head 資訊 {Count 2} {Type C } 
2015/01/21 02:30:21.060 收到 Head 資訊 {Count 2} {Type C } 
2015/01/21 02:30:21.061 收到 Head 資訊 {Count 2} {Type C } 
2015/01/21 02:30:21.063 收到 Head 資訊 {Count 2} {Type C } 
2015/01/21 02:30:21.065 收到 Head 資訊 {Count 2} {Type C } 
2015/01/21 02:30:21.067 收到 Head 資訊 {Count 2} {Type C } 
2015/01/21 02:30:21.068 收到 Head 資訊 {Count 2} {Type C } 
2015/01/21 02:30:21.070 收到 Head 資訊 {Count 2} {Type C } 
2015/01/21 02:30:21.071 收到 Head 資訊 {Count 2} {Type C } 
2015/01/21 02:30:21.073 收到 Head 資訊 {Count 2} {Type C } 
2015/01/21 02:30:21.075 收到 Head 資訊 {Count 2} {Type C } 
2015/01/21 02:30:21.076 收到 Head 資訊 {Count 2} {Type C } 
2015/01/21 02:30:21.078 收到 Head 資訊 {Count 2} {Type C } 
2015/01/21 02:30:21.079 收到 Head 資訊 {Count 2} {Type C } 
2015/01/21 02:30:21.081 收到 Head 資訊 {Count 2} {Type C } 
2015/01/21 02:30:21.083 收到 Head 資訊 {Count 2} {Type C } 
2015/01/21 02:30:21.084 收到 Head 資訊 {Count 2} {Type C } 
2015/01/21 02:30:21.086 收到 Head 資訊 {Count 2} {Type C } 
2015/01/21 02:30:21.087 收到 Head 資訊 {Count 2} {Type C } 
2015/01/21 02:30:21.089 收到 Head 資訊 {Count 2} {Type C } 
2015/01/21 02:30:21.091 收到 Head 資訊 {Count 2} {Type C } 
2015/01/21 02:30:21.092 收到 Head 資訊 {Count 2} {Type C } 
2015/01/21 02:30:21.094 收到 Head 資訊 {Count 2} {Type C } 
2015/01/21 02:30:21.096 收到 Head 資訊 {Count 2} {Type C } 
2015/01/21 02:30:21.097 收到 Head 資訊 {Count 2} {Type C } 
2015/01/21 02:30:21.099 收到 Head 資訊 {Count 2} {Type C } 
2015/01/21 02:30:21.101 收到 Head 資訊 {Count 2} {Type C } 
2015/01/21 02:30:21.102 收到 Head 資訊 {Count 2} {Type C } 
2015/01/21 02:30:21.104 收到 Head 資訊 {Count 2} {Type C } 
2015/01/21 02:30:21.106 收到 Head 資訊 {Count 2} {Type C } 
2015/01/21 02:30:21.108 收到 Head 資訊 {Count 2} {Type C } 
2015/01/21 02:30:21.110 收到 Head 資訊 {Count 2} {Type C } 
2015/01/21 02:30:21.111 收到 Head 資訊 {Count 2} {Type C } 
2015/01/21 02:30:21.113 收到 Head 資訊 {Count 2} {Type C } 
2015/01/21 02:30:21.115 收到 Head 資訊 {Count 2} {Type C } 
2015/01/21 02:30:21.116 收到 Head 資訊 {Count 2} {Type C } 
2015/01/21 02:30:21.118 收到 Head 資訊 {Count 2} {Type C } 
2015/01/21 02:30:21.119 收到 Head 資訊 {Count 2} {Type C } 
2015/01/21 02:30:21.121 收到 Head 資訊 {Count 2} {Type C } 
2015/01/21 02:30:21.123 收到 Head 資訊 {Count 2} {Type C } 
2015/01/21 02:30:21.124 收到 Head 資訊 {Count 2} {Type C } 
2015/01/21 02:30:21.126 收到 Head 資訊 {Count 2} {Type C } 
2015/01/21 02:30:21.127 收到 Head 資訊 {Count 2} {Type C } 
2015/01/21 02:30:21.129 收到 Head 資訊 {Count 2} {Type C } 
2015/01/21 02:30:21.131 收到 Head 資訊 {Count 2} {Type C } 
2015/01/21 02:30:21.132 收到 Head 資訊 {Count 2} {Type C } 
2015/01/21 02:30:21.134 收到 Head 資訊 {Count 2} {Type C } 
2015/01/21 02:30:21.135 收到 Head 資訊 {Count 2} {Type C } 
2015/01/21 02:30:21.137 收到 Head 資訊 {Count 2} {Type C } 
2015/01/21 02:30:21.139 收到 Head 資訊 {Count 2} {Type C } 
2015/01/21 02:30:21.140 收到 Head 資訊 {Count 2} {Type C } 
2015/01/21 02:30:21.142 收到 Head 資訊 {Count 2} {Type C } 
2015/01/21 02:30:21.144 收到 Head 資訊 {Count 2} {Type C } 
2015/01/21 02:30:21.145 收到 Head 資訊 {Count 2} {Type C } 
2015/01/21 02:30:21.147 收到 Head 資訊 {Count 2} {Type C } 
2015/01/21 02:30:21.149 收到 Head 資訊 {Count 2} {Type C } 
2015/01/21 02:30:21.151 收到 Head 資訊 {Count 2} {Type C } 
2015/01/21 02:30:21.152 收到 Head 資訊 {Count 2} {Type C } 
2015/01/21 02:30:21.154 收到 Head 資訊 {Count 2} {Type C } 
2015/01/21 02:30:21.156 收到 Head 資訊 {Count 2} {Type C } 
2015/01/21 02:30:21.158 收到 Head 資訊 {Count 2} {Type C } 
2015/01/21 02:30:21.160 收到 Head 資訊 {Count 2} {Type C } 
2015/01/21 02:30:21.161 收到 Head 資訊 {Count 2} {Type C } 
2015/01/21 02:30:21.163 收到 Head 資訊 {Count 2} {Type C } 
2015/01/21 02:30:21.165 收到 Head 資訊 {Count 2} {Type C } 
2015/01/21 02:30:21.167 收到 Head 資訊 {Count 2} {Type C } 
2015/01/21 02:30:21.169 收到 Head 資訊 {Count 2} {Type C } 
2015/01/21 02:30:21.170 收到 Head 資訊 {Count 2} {Type C } 
2015/01/21 02:30:21.172 收到 Head 資訊 {Count 2} {Type C } 
2015/01/21 02:30:21.174 收到 Head 資訊 {Count 2} {Type C } 
2015/01/21 02:30:21.176 收到 Head 資訊 {Count 2} {Type C } 
2015/01/21 02:30:21.178 收到 Head 資訊 {Count 2} {Type C } 
2015/01/21 02:30:21.179 收到 Head 資訊 {Count 2} {Type C } 
2015/01/21 02:30:21.181 收到 Head 資訊 {Count 2} {Type C } 
2015/01/21 02:30:21.183 收到 Head 資訊 {Count 2} {Type C } 
2015/01/21 02:30:21.185 收到 Head 資訊 {Count 2} {Type C } 
2015/01/21 02:30:21.186 收到 Head 資訊 {Count 2} {Type C } 
2015/01/21 02:30:21.188 收到 Head 資訊 {Count 2} {Type C } 
2015/01/21 02:30:21.190 收到 Head 資訊 {Count 2} {Type C } 
2015/01/21 02:30:21.191 收到 Head 資訊 {Count 2} {Type C } 
2015/01/21 02:30:21.193 收到 Head 資訊 {Count 2} {Type C } 
2015/01/21 02:30:21.194 收到 Head 資訊 {Count 2} {Type C } 
2015/01/21 02:30:21.196 收到 Head 資訊 {Count 2} {Type C } 
2015/01/21 02:30:21.198 收到 Head 資訊 {Count 2} {Type C } 
2015/01/21 02:30:21.199 收到 Head 資訊 {Count 2} {Type C } 
2015/01/21 02:30:21.201 收到 Head 資訊 {Count 2} {Type C } 
2015/01/21 02:30:21.203 收到 Head 資訊 {Count 2} {Type C } 
2015/01/21 02:30:21.204 收到 Head 資訊 {Count 2} {Type C } 
2015/01/21 02:30:21.206 收到 Head 資訊 {Count 2} {Type C } 
2015/01/21 02:30:21.207 收到 Head 資訊 {Count 2} {Type C } 
2015/01/21 02:30:21.209 收到 Head 資訊 {Count 2} {Type C } 
2015/01/21 02:30:21.211 收到 Head 資訊 {Count 2} {Type C } 
2015/01/21 02:30:21.212 收到 Head 資訊 {Count 2} {Type C } 
2015/01/21 02:30:21.214 收到 Head 資訊 {Count 2} {Type C } 
2015/01/21 02:30:21.216 收到 Head 資訊 {Count 2} {Type C } 
2015/01/21 02:30:21.218 收到 Head 資訊 {Count 2} {Type C } 
2015/01/21 02:30:21.219 收到 Head 資訊 {Count 2} {Type C } 
2015/01/21 02:30:21.221 收到 Head 資訊 {Count 2} {Type C } 
2015/01/21 02:30:21.223 收到 Head 資訊 {Count 2} {Type C } 
2015/01/21 02:30:21.224 收到 Head 資訊 {Count 2} {Type C } 
2015/01/21 02:30:21.226 收到 Head 資訊 {Count 2} {Type C } 
2015/01/21 02:30:21.228 收到 Head 資訊 {Count 2} {Type C } 
2015/01/21 02:30:21.229 收到 Head 資訊 {Count 2} {Type C } 
2015/01/21 02:30:21.231 收到 Head 資訊 {Count 2} {Type C } 
2015/01/21 02:30:21.233 收到 Head 資訊 {Count 2} {Type C } 
2015/01/21 02:30:21.234 收到 Head 資訊 {Count 2} {Type C } 
2015/01/21 02:30:21.236 收到 Head 資訊 {Count 2} {Type C } 
2015/01/21 02:30:21.238 收到 Head 資訊 {Count 2} {Type C } 
2015/01/21 02:30:21.240 收到 Head 資訊 {Count 2} {Type C } 
2015/01/21 02:30:21.242 收到 Head 資訊 {Count 2} {Type C } 
2015/01/21 02:30:21.243 收到 Head 資訊 {Count 2} {Type C } 
2015/01/21 02:30:21.245 收到 Head 資訊 {Count 2} {Type C } 
2015/01/21 02:30:21.247 收到 Head 資訊 {Count 2} {Type C } 
2015/01/21 02:30:21.248 收到 Head 資訊 {Count 2} {Type C } 
2015/01/21 02:30:21.250 收到 Head 資訊 {Count 2} {Type C } 
2015/01/21 02:30:21.252 收到 Head 資訊 {Count 2} {Type C } 
2015/01/21 02:30:21.253 收到 Head 資訊 {Count 2} {Type C } 
2015/01/21 02:30:21.255 收到 Head 資訊 {Count 2} {Type C } 
2015/01/21 02:30:21.256 收到 Head 資訊 {Count 2} {Type C } 
2015/01/21 02:30:21.258 收到 Head 資訊 {Count 2} {Type C } 
2015/01/21 02:30:21.259 收到 Head 資訊 {Count 2} {Type C } 
2015/01/21 02:30:21.261 收到 Head 資訊 {Count 2} {Type C } 
2015/01/21 02:30:21.263 收到 Head 資訊 {Count 2} {Type C } 
2015/01/21 02:30:21.264 收到 Head 資訊 {Count 2} {Type C } 
2015/01/21 02:30:21.266 收到 Head 資訊 {Count 2} {Type C } 
2015/01/21 02:30:21.268 收到 Head 資訊 {Count 2} {Type C } 
2015/01/21 02:30:21.269 收到 Head 資訊 {Count 2} {Type C } 
2015/01/21 02:30:21.271 收到 Head 資訊 {Count 2} {Type C } 
2015/01/21 02:30:21.272 收到 Head 資訊 {Count 2} {Type C } 
2015/01/21 02:30:21.274 收到 Head 資訊 {Count 2} {Type C } 
2015/01/21 02:30:21.276 收到 Head 資訊 {Count 2} {Type C } 
2015/01/21 02:30:21.277 收到 Head 資訊 {Count 2} {Type C } 
2015/01/21 02:30:21.279 收到 Head 資訊 {Count 2} {Type C } 
2015/01/21 02:30:21.280 收到 Head 資訊 {Count 2} {Type C } 
2015/01/21 02:30:21.282 收到 Head 資訊 {Count 2} {Type C } 
2015/01/21 02:30:21.284 收到 Head 資訊 {Count 2} {Type C } 
2015/01/21 02:30:21.286 收到 Head 資訊 {Count 2} {Type C } 
2015/01/21 02:30:21.288 收到 Head 資訊 {Count 2} {Type C } 
2015/01/21 02:30:21.289 收到 Head 資訊 {Count 2} {Type C } 
2015/01/21 02:30:21.291 收到 Head 資訊 {Count 2} {Type C } 
2015/01/21 02:30:21.293 收到 Head 資訊 {Count 2} {Type C } 
2015/01/21 02:30:21.295 收到 Head 資訊 {Count 2} {Type C } 
2015/01/21 02:30:21.297 收到 Head 資訊 {Count 2} {Type C } 
2015/01/21 02:30:21.299 收到 Head 資訊 {Count 2} {Type C } 
2015/01/21 02:30:21.300 收到 Head 資訊 {Count 2} {Type C } 
2015/01/21 02:30:21.302 收到 Head 資訊 {Count 2} {Type C } 
2015/01/21 02:30:21.303 收到 Head 資訊 {Count 2} {Type C } 
2015/01/21 02:30:21.305 收到 Head 資訊 {Count 2} {Type C } 
2015/01/21 02:30:21.307 收到 Head 資訊 {Count 2} {Type C } 
2015/01/21 02:30:21.308 收到 Head 資訊 {Count 2} {Type C } 
2015/01/21 02:30:21.310 收到 Head 資訊 {Count 2} {Type C } 
2015/01/21 02:30:21.312 收到 Head 資訊 {Count 2} {Type B } 
2015/01/21 07:40:13.261 -----------
2015/01/21 07:40:13.262 API InitInstance 
2015/01/21 07:40:17.676 E122828927 連線 Code：0
2015/01/21 07:40:18.678 收到 Head 資訊 {Count 2} {Type C } 
2015/01/21 07:40:18.680 收到 Head 資訊 {Count 2} {Type C } 
2015/01/21 07:40:18.681 收到 Head 資訊 {Count 2} {Type C } 
2015/01/21 07:40:18.683 收到 Head 資訊 {Count 2} {Type C } 
2015/01/21 07:40:18.685 收到 Head 資訊 {Count 2} {Type C } 
2015/01/21 07:40:18.686 收到 Head 資訊 {Count 2} {Type C } 
2015/01/21 07:40:18.688 收到 Head 資訊 {Count 2} {Type C } 
2015/01/21 07:40:18.690 收到 Head 資訊 {Count 2} {Type C } 
2015/01/21 07:40:18.692 收到 Head 資訊 {Count 2} {Type C } 
2015/01/21 07:40:18.693 收到 Head 資訊 {Count 2} {Type C } 
2015/01/21 07:40:18.695 收到 Head 資訊 {Count 2} {Type C } 
2015/01/21 07:40:18.697 收到 Head 資訊 {Count 2} {Type C } 
2015/01/21 07:40:18.698 收到 Head 資訊 {Count 2} {Type C } 
2015/01/21 07:40:18.700 收到 Head 資訊 {Count 2} {Type C } 
2015/01/21 07:40:18.701 收到 Head 資訊 {Count 2} {Type C } 
2015/01/21 07:40:18.703 收到 Head 資訊 {Count 2} {Type C } 
2015/01/21 07:40:18.705 收到 Head 資訊 {Count 2} {Type C } 
2015/01/21 07:40:18.706 收到 Head 資訊 {Count 2} {Type C } 
2015/01/21 07:40:18.708 收到 Head 資訊 {Count 2} {Type C } 
2015/01/21 07:40:18.709 收到 Head 資訊 {Count 2} {Type C } 
2015/01/21 07:40:18.711 收到 Head 資訊 {Count 2} {Type C } 
2015/01/21 07:40:18.713 收到 Head 資訊 {Count 2} {Type C } 
2015/01/21 07:40:18.715 收到 Head 資訊 {Count 2} {Type C } 
2015/01/21 07:40:18.716 收到 Head 資訊 {Count 2} {Type C } 
2015/01/21 07:40:18.718 收到 Head 資訊 {Count 2} {Type C } 
2015/01/21 07:40:18.720 收到 Head 資訊 {Count 2} {Type C } 
2015/01/21 07:40:18.722 收到 Head 資訊 {Count 2} {Type C } 
2015/01/21 07:40:18.724 收到 Head 資訊 {Count 2} {Type C } 
2015/01/21 07:40:18.726 收到 Head 資訊 {Count 2} {Type C } 
2015/01/21 07:40:18.728 收到 Head 資訊 {Count 2} {Type C } 
2015/01/21 07:40:18.730 收到 Head 資訊 {Count 2} {Type C } 
2015/01/21 07:40:18.731 收到 Head 資訊 {Count 2} {Type C } 
2015/01/21 07:40:18.733 收到 Head 資訊 {Count 2} {Type C } 
2015/01/21 07:40:18.735 收到 Head 資訊 {Count 2} {Type C } 
2015/01/21 07:40:18.737 收到 Head 資訊 {Count 2} {Type C } 
2015/01/21 07:40:18.738 收到 Head 資訊 {Count 2} {Type C } 
2015/01/21 07:40:18.740 收到 Head 資訊 {Count 2} {Type C } 
2015/01/21 07:40:18.741 收到 Head 資訊 {Count 2} {Type C } 
2015/01/21 07:40:18.743 收到 Head 資訊 {Count 2} {Type C } 
2015/01/21 07:40:18.745 收到 Head 資訊 {Count 2} {Type C } 
2015/01/21 07:40:18.746 收到 Head 資訊 {Count 2} {Type C } 
2015/01/21 07:40:18.748 收到 Head 資訊 {Count 2} {Type C } 
2015/01/21 07:40:18.750 收到 Head 資訊 {Count 2} {Type C } 
2015/01/21 07:40:18.752 收到 Head 資訊 {Count 2} {Type C } 
2015/01/21 07:40:18.754 收到 Head 資訊 {Count 2} {Type C } 
2015/01/21 07:40:18.755 收到 Head 資訊 {Count 2} {Type C } 
2015/01/21 07:40:18.757 收到 Head 資訊 {Count 2} {Type C } 
2015/01/21 07:40:18.759 收到 Head 資訊 {Count 2} {Type C } 
2015/01/21 07:40:18.761 收到 Head 資訊 {Count 2} {Type C } 
2015/01/21 07:40:18.763 收到 Head 資訊 {Count 2} {Type C } 
2015/01/21 07:40:18.764 收到 Head 資訊 {Count 2} {Type C } 
2015/01/21 07:40:18.766 收到 Head 資訊 {Count 2} {Type C } 
2015/01/21 07:40:18.768 收到 Head 資訊 {Count 2} {Type C } 
2015/01/21 07:40:18.770 收到 Head 資訊 {Count 2} {Type C } 
2015/01/21 07:40:18.771 收到 Head 資訊 {Count 2} {Type C } 
2015/01/21 07:40:18.773 收到 Head 資訊 {Count 2} {Type C } 
2015/01/21 07:40:18.775 收到 Head 資訊 {Count 2} {Type C } 
2015/01/21 07:40:18.777 收到 Head 資訊 {Count 2} {Type C } 
2015/01/21 07:40:18.778 收到 Head 資訊 {Count 2} {Type C } 
2015/01/21 07:40:18.780 收到 Head 資訊 {Count 2} {Type C } 
2015/01/21 07:40:18.782 收到 Head 資訊 {Count 2} {Type C } 
2015/01/21 07:40:18.784 收到 Head 資訊 {Count 2} {Type C } 
2015/01/21 07:40:18.786 收到 Head 資訊 {Count 2} {Type C } 
2015/01/21 07:40:18.788 收到 Head 資訊 {Count 2} {Type C } 
2015/01/21 07:40:18.789 收到 Head 資訊 {Count 2} {Type C } 
2015/01/21 07:40:18.791 收到 Head 資訊 {Count 2} {Type C } 
2015/01/21 07:40:18.793 收到 Head 資訊 {Count 2} {Type C } 
2015/01/21 07:40:18.795 收到 Head 資訊 {Count 2} {Type C } 
2015/01/21 07:40:18.797 收到 Head 資訊 {Count 2} {Type C } 
2015/01/21 07:40:18.798 收到 Head 資訊 {Count 2} {Type C } 
2015/01/21 07:40:18.800 收到 Head 資訊 {Count 2} {Type C } 
2015/01/21 07:40:18.802 收到 Head 資訊 {Count 2} {Type C } 
2015/01/21 07:40:18.804 收到 Head 資訊 {Count 2} {Type C } 
2015/01/21 07:40:18.806 收到 Head 資訊 {Count 2} {Type C } 
2015/01/21 07:40:18.807 收到 Head 資訊 {Count 2} {Type C } 
2015/01/21 07:40:18.809 收到 Head 資訊 {Count 2} {Type C } 
2015/01/21 07:40:18.811 收到 Head 資訊 {Count 2} {Type C } 
2015/01/21 07:40:18.813 收到 Head 資訊 {Count 2} {Type C } 
2015/01/21 07:40:18.815 收到 Head 資訊 {Count 2} {Type C } 
2015/01/21 07:40:18.816 收到 Head 資訊 {Count 2} {Type C } 
2015/01/21 07:40:18.818 收到 Head 資訊 {Count 2} {Type C } 
2015/01/21 07:40:18.819 收到 Head 資訊 {Count 2} {Type C } 
2015/01/21 07:40:18.821 收到 Head 資訊 {Count 2} {Type C } 
2015/01/21 07:40:18.823 收到 Head 資訊 {Count 2} {Type C } 
2015/01/21 07:40:18.825 收到 Head 資訊 {Count 2} {Type C } 
2015/01/21 07:40:18.826 收到 Head 資訊 {Count 2} {Type C } 
2015/01/21 07:40:18.828 收到 Head 資訊 {Count 2} {Type C } 
2015/01/21 07:40:18.830 收到 Head 資訊 {Count 2} {Type C } 
2015/01/21 07:40:18.831 收到 Head 資訊 {Count 2} {Type C } 
2015/01/21 07:40:18.833 收到 Head 資訊 {Count 2} {Type C } 
2015/01/21 07:40:18.835 收到 Head 資訊 {Count 2} {Type C } 
2015/01/21 07:40:18.836 收到 Head 資訊 {Count 2} {Type C } 
2015/01/21 07:40:18.838 收到 Head 資訊 {Count 2} {Type C } 
2015/01/21 07:40:18.840 收到 Head 資訊 {Count 2} {Type C } 
2015/01/21 07:40:18.841 收到 Head 資訊 {Count 2} {Type C } 
2015/01/21 07:40:18.843 收到 Head 資訊 {Count 2} {Type D } 
2015/01/21 07:40:18.844 收到 Head 資訊 {Count 2} {Type D } 
2015/01/21 07:40:18.846 收到 Head 資訊 {Count 2} {Type C } 
2015/01/21 07:40:18.848 收到 Head 資訊 {Count 2} {Type C } 
2015/01/21 07:40:18.849 收到 Head 資訊 {Count 2} {Type C } 
2015/01/21 07:40:18.851 收到 Head 資訊 {Count 2} {Type C } 
2015/01/21 07:40:18.853 收到 Head 資訊 {Count 2} {Type C } 
2015/01/21 07:40:18.854 收到 Head 資訊 {Count 2} {Type C } 
2015/01/21 07:40:18.856 收到 Head 資訊 {Count 2} {Type C } 
2015/01/21 07:40:18.858 收到 Head 資訊 {Count 2} {Type C } 
2015/01/21 07:40:18.859 收到 Head 資訊 {Count 2} {Type C } 
2015/01/21 07:40:18.861 收到 Head 資訊 {Count 2} {Type C } 
2015/01/21 07:40:18.862 收到 Head 資訊 {Count 2} {Type B } 
2015/01/21 14:30:12.484 -----------
2015/01/21 14:30:12.485 API InitInstance 
2015/01/21 14:30:19.169 E122828927 連線 Code：0
2015/01/21 14:30:20.171 收到 Head 資訊 {Count 2} {Type C } 
2015/01/21 14:30:20.172 收到 Head 資訊 {Count 2} {Type C } 
2015/01/21 14:30:20.174 收到 Head 資訊 {Count 2} {Type C } 
2015/01/21 14:30:20.175 收到 Head 資訊 {Count 2} {Type C } 
2015/01/21 14:30:20.177 收到 Head 資訊 {Count 2} {Type C } 
2015/01/21 14:30:20.179 收到 Head 資訊 {Count 2} {Type C } 
2015/01/21 14:30:20.180 收到 Head 資訊 {Count 2} {Type C } 
2015/01/21 14:30:20.182 收到 Head 資訊 {Count 2} {Type C } 
2015/01/21 14:30:20.184 收到 Head 資訊 {Count 2} {Type C } 
2015/01/21 14:30:20.186 收到 Head 資訊 {Count 2} {Type C } 
2015/01/21 14:30:20.187 收到 Head 資訊 {Count 2} {Type C } 
2015/01/21 14:30:20.189 收到 Head 資訊 {Count 2} {Type C } 
2015/01/21 14:30:20.190 收到 Head 資訊 {Count 2} {Type C } 
2015/01/21 14:30:20.192 收到 Head 資訊 {Count 2} {Type C } 
2015/01/21 14:30:20.193 收到 Head 資訊 {Count 2} {Type C } 
2015/01/21 14:30:20.195 收到 Head 資訊 {Count 2} {Type C } 
2015/01/21 14:30:20.196 收到 Head 資訊 {Count 2} {Type C } 
2015/01/21 14:30:20.198 收到 Head 資訊 {Count 2} {Type C } 
2015/01/21 14:30:20.199 收到 Head 資訊 {Count 2} {Type C } 
2015/01/21 14:30:20.201 收到 Head 資訊 {Count 2} {Type C } 
2015/01/21 14:30:20.203 收到 Head 資訊 {Count 2} {Type C } 
2015/01/21 14:30:20.204 收到 Head 資訊 {Count 2} {Type C } 
2015/01/21 14:30:20.206 收到 Head 資訊 {Count 2} {Type C } 
2015/01/21 14:30:20.208 收到 Head 資訊 {Count 2} {Type C } 
2015/01/21 14:30:20.209 收到 Head 資訊 {Count 2} {Type C } 
2015/01/21 14:30:20.211 收到 Head 資訊 {Count 2} {Type C } 
2015/01/21 14:30:20.213 收到 Head 資訊 {Count 2} {Type C } 
2015/01/21 14:30:20.214 收到 Head 資訊 {Count 2} {Type C } 
2015/01/21 14:30:20.216 收到 Head 資訊 {Count 2} {Type C } 
2015/01/21 14:30:20.218 收到 Head 資訊 {Count 2} {Type C } 
2015/01/21 14:30:20.219 收到 Head 資訊 {Count 2} {Type C } 
2015/01/21 14:30:20.221 收到 Head 資訊 {Count 2} {Type C } 
2015/01/21 14:30:20.222 收到 Head 資訊 {Count 2} {Type C } 
2015/01/21 14:30:20.224 收到 Head 資訊 {Count 2} {Type C } 
2015/01/21 14:30:20.226 收到 Head 資訊 {Count 2} {Type C } 
2015/01/21 14:30:20.228 收到 Head 資訊 {Count 2} {Type C } 
2015/01/21 14:30:20.229 收到 Head 資訊 {Count 2} {Type C } 
2015/01/21 14:30:20.231 收到 Head 資訊 {Count 2} {Type C } 
2015/01/21 14:30:20.233 收到 Head 資訊 {Count 2} {Type C } 
2015/01/21 14:30:20.234 收到 Head 資訊 {Count 2} {Type C } 
2015/01/21 14:30:20.236 收到 Head 資訊 {Count 2} {Type C } 
2015/01/21 14:30:20.238 收到 Head 資訊 {Count 2} {Type C } 
2015/01/21 14:30:20.239 收到 Head 資訊 {Count 2} {Type C } 
2015/01/21 14:30:20.241 收到 Head 資訊 {Count 2} {Type C } 
2015/01/21 14:30:20.243 收到 Head 資訊 {Count 2} {Type C } 
2015/01/21 14:30:20.244 收到 Head 資訊 {Count 2} {Type C } 
2015/01/21 14:30:20.246 收到 Head 資訊 {Count 2} {Type C } 
2015/01/21 14:30:20.248 收到 Head 資訊 {Count 2} {Type C } 
2015/01/21 14:30:20.249 收到 Head 資訊 {Count 2} {Type C } 
2015/01/21 14:30:20.251 收到 Head 資訊 {Count 2} {Type C } 
2015/01/21 14:30:20.252 收到 Head 資訊 {Count 2} {Type C } 
2015/01/21 14:30:20.254 收到 Head 資訊 {Count 2} {Type C } 
2015/01/21 14:30:20.256 收到 Head 資訊 {Count 2} {Type C } 
2015/01/21 14:30:20.257 收到 Head 資訊 {Count 2} {Type C } 
2015/01/21 14:30:20.259 收到 Head 資訊 {Count 2} {Type C } 
2015/01/21 14:30:20.261 收到 Head 資訊 {Count 2} {Type C } 
2015/01/21 14:30:20.262 收到 Head 資訊 {Count 2} {Type C } 
2015/01/21 14:30:20.264 收到 Head 資訊 {Count 2} {Type C } 
2015/01/21 14:30:20.266 收到 Head 資訊 {Count 2} {Type C } 
2015/01/21 14:30:20.267 收到 Head 資訊 {Count 2} {Type C } 
2015/01/21 14:30:20.269 收到 Head 資訊 {Count 2} {Type C } 
2015/01/21 14:30:20.271 收到 Head 資訊 {Count 2} {Type C } 
2015/01/21 14:30:20.272 收到 Head 資訊 {Count 2} {Type C } 
2015/01/21 14:30:20.273 收到 Head 資訊 {Count 2} {Type C } 
2015/01/21 14:30:20.275 收到 Head 資訊 {Count 2} {Type C } 
2015/01/21 14:30:20.276 收到 Head 資訊 {Count 2} {Type C } 
2015/01/21 14:30:20.278 收到 Head 資訊 {Count 2} {Type C } 
2015/01/21 14:30:20.279 收到 Head 資訊 {Count 2} {Type C } 
2015/01/21 14:30:20.281 收到 Head 資訊 {Count 2} {Type C } 
2015/01/21 14:30:20.282 收到 Head 資訊 {Count 2} {Type C } 
2015/01/21 14:30:20.284 收到 Head 資訊 {Count 2} {Type C } 
2015/01/21 14:30:20.286 收到 Head 資訊 {Count 2} {Type C } 
2015/01/21 14:30:20.288 收到 Head 資訊 {Count 2} {Type C } 
2015/01/21 14:30:20.289 收到 Head 資訊 {Count 2} {Type C } 
2015/01/21 14:30:20.291 收到 Head 資訊 {Count 2} {Type C } 
2015/01/21 14:30:20.292 收到 Head 資訊 {Count 2} {Type C } 
2015/01/21 14:30:20.294 收到 Head 資訊 {Count 2} {Type C } 
2015/01/21 14:30:20.295 收到 Head 資訊 {Count 2} {Type C } 
2015/01/21 14:30:20.297 收到 Head 資訊 {Count 2} {Type C } 
2015/01/21 14:30:20.298 收到 Head 資訊 {Count 2} {Type C } 
2015/01/21 14:30:20.300 收到 Head 資訊 {Count 2} {Type C } 
2015/01/21 14:30:20.301 收到 Head 資訊 {Count 2} {Type C } 
2015/01/21 14:30:20.303 收到 Head 資訊 {Count 2} {Type C } 
2015/01/21 14:30:20.304 收到 Head 資訊 {Count 2} {Type C } 
2015/01/21 14:30:20.306 收到 Head 資訊 {Count 2} {Type C } 
2015/01/21 14:30:20.307 收到 Head 資訊 {Count 2} {Type C } 
2015/01/21 14:30:20.309 收到 Head 資訊 {Count 2} {Type C } 
2015/01/21 14:30:20.310 收到 Head 資訊 {Count 2} {Type C } 
2015/01/21 14:30:20.312 收到 Head 資訊 {Count 2} {Type C } 
2015/01/21 14:30:20.313 收到 Head 資訊 {Count 2} {Type C } 
2015/01/21 14:30:20.315 收到 Head 資訊 {Count 2} {Type C } 
2015/01/21 14:30:20.316 收到 Head 資訊 {Count 2} {Type C } 
2015/01/21 14:30:20.318 收到 Head 資訊 {Count 2} {Type C } 
2015/01/21 14:30:20.319 收到 Head 資訊 {Count 2} {Type C } 
2015/01/21 14:30:20.321 收到 Head 資訊 {Count 2} {Type C } 
2015/01/21 14:30:20.322 收到 Head 資訊 {Count 2} {Type D } 
2015/01/21 14:30:20.324 收到 Head 資訊 {Count 2} {Type D } 
2015/01/21 14:30:20.325 收到 Head 資訊 {Count 2} {Type C } 
2015/01/21 14:30:20.327 收到 Head 資訊 {Count 2} {Type C } 
2015/01/21 14:30:20.328 收到 Head 資訊 {Count 2} {Type C } 
2015/01/21 14:30:20.330 收到 Head 資訊 {Count 2} {Type C } 
2015/01/21 14:30:20.331 收到 Head 資訊 {Count 2} {Type C } 
2015/01/21 14:30:20.333 收到 Head 資訊 {Count 2} {Type C } 
2015/01/21 14:30:20.334 收到 Head 資訊 {Count 2} {Type C } 
2015/01/21 14:30:20.336 收到 Head 資訊 {Count 2} {Type C } 
2015/01/21 14:30:20.337 收到 Head 資訊 {Count 2} {Type C } 
2015/01/21 14:30:20.339 收到 Head 資訊 {Count 2} {Type C } 
2015/01/21 14:30:20.340 收到 Head 資訊 {Count 2} {Type C } 
2015/01/21 14:30:20.342 收到 Head 資訊 {Count 2} {Type C } 
2015/01/21 14:30:20.343 收到 Head 資訊 {Count 2} {Type C } 
2015/01/21 14:30:20.345 收到 Head 資訊 {Count 2} {Type C } 
2015/01/21 14:30:20.346 收到 Head 資訊 {Count 2} {Type C } 
2015/01/21 14:30:20.348 收到 Head 資訊 {Count 2} {Type C } 
2015/01/21 14:30:20.349 收到 Head 資訊 {Count 2} {Type C } 
2015/01/21 14:30:20.351 收到 Head 資訊 {Count 2} {Type C } 
2015/01/21 14:30:20.352 收到 Head 資訊 {Count 2} {Type C } 
2015/01/21 14:30:20.354 收到 Head 資訊 {Count 2} {Type C } 
2015/01/21 14:30:20.355 收到 Head 資訊 {Count 2} {Type C } 
2015/01/21 14:30:20.357 收到 Head 資訊 {Count 2} {Type C } 
2015/01/21 14:30:20.358 收到 Head 資訊 {Count 2} {Type C } 
2015/01/21 14:30:20.360 收到 Head 資訊 {Count 2} {Type C } 
2015/01/21 14:30:20.361 收到 Head 資訊 {Count 2} {Type C } 
2015/01/21 14:30:20.363 收到 Head 資訊 {Count 2} {Type C } 
2015/01/21 14:30:20.364 收到 Head 資訊 {Count 2} {Type C } 
2015/01/21 14:30:20.366 收到 Head 資訊 {Count 2} {Type C } 
2015/01/21 14:30:20.367 收到 Head 資訊 {Count 2} {Type C } 
2015/01/21 14:30:20.369 收到 Head 資訊 {Count 2} {Type C } 
2015/01/21 14:30:20.370 收到 Head 資訊 {Count 2} {Type C } 
2015/01/21 14:30:20.372 收到 Head 資訊 {Count 2} {Type C } 
2015/01/21 14:30:20.373 收到 Head 資訊 {Count 2} {Type C } 
2015/01/21 14:30:20.375 收到 Head 資訊 {Count 2} {Type C } 
2015/01/21 14:30:20.376 收到 Head 資訊 {Count 2} {Type C } 
2015/01/21 14:30:20.378 收到 Head 資訊 {Count 2} {Type D } 
2015/01/21 14:30:20.379 收到 Head 資訊 {Count 2} {Type C } 
2015/01/21 14:30:20.381 收到 Head 資訊 {Count 2} {Type C } 
2015/01/21 14:30:20.382 收到 Head 資訊 {Count 2} {Type C } 
2015/01/21 14:30:20.384 收到 Head 資訊 {Count 2} {Type C } 
2015/01/21 14:30:20.385 收到 Head 資訊 {Count 2} {Type C } 
2015/01/21 14:30:20.387 收到 Head 資訊 {Count 2} {Type C } 
2015/01/21 14:30:20.388 收到 Head 資訊 {Count 2} {Type C } 
2015/01/21 14:30:20.390 收到 Head 資訊 {Count 2} {Type C } 
2015/01/21 14:30:20.391 收到 Head 資訊 {Count 2} {Type C } 
2015/01/21 14:30:20.393 收到 Head 資訊 {Count 2} {Type C } 
2015/01/21 14:30:20.394 收到 Head 資訊 {Count 2} {Type C } 
2015/01/21 14:30:20.396 收到 Head 資訊 {Count 2} {Type C } 
2015/01/21 14:30:20.397 收到 Head 資訊 {Count 2} {Type C } 
2015/01/21 14:30:20.399 收到 Head 資訊 {Count 2} {Type C } 
2015/01/21 14:30:20.400 收到 Head 資訊 {Count 2} {Type C } 
2015/01/21 14:30:20.402 收到 Head 資訊 {Count 2} {Type C } 
2015/01/21 14:30:20.403 收到 Head 資訊 {Count 2} {Type C } 
2015/01/21 14:30:20.405 收到 Head 資訊 {Count 2} {Type C } 
2015/01/21 14:30:20.406 收到 Head 資訊 {Count 2} {Type C } 
2015/01/21 14:30:20.408 收到 Head 資訊 {Count 2} {Type C } 
2015/01/21 14:30:20.409 收到 Head 資訊 {Count 2} {Type C } 
2015/01/21 14:30:20.411 收到 Head 資訊 {Count 2} {Type C } 
2015/01/21 14:30:20.412 收到 Head 資訊 {Count 2} {Type C } 
2015/01/21 14:30:20.414 收到 Head 資訊 {Count 2} {Type C } 
2015/01/21 14:30:20.415 收到 Head 資訊 {Count 2} {Type C } 
2015/01/21 14:30:20.417 收到 Head 資訊 {Count 2} {Type C } 
2015/01/21 14:30:20.418 收到 Head 資訊 {Count 2} {Type C } 
2015/01/21 14:30:20.420 收到 Head 資訊 {Count 2} {Type C } 
2015/01/21 14:30:20.421 收到 Head 資訊 {Count 2} {Type C } 
2015/01/21 14:30:20.423 收到 Head 資訊 {Count 2} {Type C } 
2015/01/21 14:30:20.424 收到 Head 資訊 {Count 2} {Type C } 
2015/01/21 14:30:20.426 收到 Head 資訊 {Count 2} {Type C } 
2015/01/21 14:30:20.427 收到 Head 資訊 {Count 2} {Type C } 
2015/01/21 14:30:20.429 收到 Head 資訊 {Count 2} {Type C } 
2015/01/21 14:30:20.430 收到 Head 資訊 {Count 2} {Type C } 
2015/01/21 14:30:20.432 收到 Head 資訊 {Count 2} {Type C } 
2015/01/21 14:30:20.433 收到 Head 資訊 {Count 2} {Type C } 
2015/01/21 14:30:20.435 收到 Head 資訊 {Count 2} {Type C } 
2015/01/21 14:30:20.436 收到 Head 資訊 {Count 2} {Type C } 
2015/01/21 14:30:20.438 收到 Head 資訊 {Count 2} {Type C } 
2015/01/21 14:30:20.439 收到 Head 資訊 {Count 2} {Type C } 
2015/01/21 14:30:20.441 收到 Head 資訊 {Count 2} {Type C } 
2015/01/21 14:30:20.442 收到 Head 資訊 {Count 2} {Type C } 
2015/01/21 14:30:20.444 收到 Head 資訊 {Count 2} {Type C } 
2015/01/21 14:30:20.445 收到 Head 資訊 {Count 2} {Type C } 
2015/01/21 14:30:20.447 收到 Head 資訊 {Count 2} {Type C } 
2015/01/21 14:30:20.448 收到 Head 資訊 {Count 2} {Type C } 
2015/01/21 14:30:20.450 收到 Head 資訊 {Count 2} {Type C } 
2015/01/21 14:30:20.451 收到 Head 資訊 {Count 2} {Type C } 
2015/01/21 14:30:20.453 收到 Head 資訊 {Count 2} {Type C } 
2015/01/21 14:30:20.454 收到 Head 資訊 {Count 2} {Type C } 
2015/01/21 14:30:20.456 收到 Head 資訊 {Count 2} {Type C } 
2015/01/21 14:30:20.457 收到 Head 資訊 {Count 2} {Type C } 
2015/01/21 14:30:20.459 收到 Head 資訊 {Count 2} {Type C } 
2015/01/21 14:30:20.460 收到 Head 資訊 {Count 2} {Type C } 
2015/01/21 14:30:20.462 收到 Head 資訊 {Count 2} {Type C } 
2015/01/21 14:30:20.463 收到 Head 資訊 {Count 2} {Type C } 
2015/01/21 14:30:20.465 收到 Head 資訊 {Count 2} {Type C } 
2015/01/21 14:30:20.466 收到 Head 資訊 {Count 2} {Type C } 
2015/01/21 14:30:20.468 收到 Head 資訊 {Count 2} {Type C } 
2015/01/21 14:30:20.469 收到 Head 資訊 {Count 2} {Type C } 
2015/01/21 14:30:20.471 收到 Head 資訊 {Count 2} {Type C } 
2015/01/21 14:30:20.472 收到 Head 資訊 {Count 2} {Type C } 
2015/01/21 14:30:20.474 收到 Head 資訊 {Count 2} {Type C } 
2015/01/21 14:30:20.475 收到 Head 資訊 {Count 2} {Type C } 
2015/01/21 14:30:20.477 收到 Head 資訊 {Count 2} {Type C } 
2015/01/21 14:30:20.478 收到 Head 資訊 {Count 2} {Type C } 
2015/01/21 14:30:20.479 收到 Head 資訊 {Count 2} {Type C } 
2015/01/21 14:30:20.481 收到 Head 資訊 {Count 2} {Type C } 
2015/01/21 14:30:20.482 收到 Head 資訊 {Count 2} {Type C } 
2015/01/21 14:30:20.484 收到 Head 資訊 {Count 2} {Type C } 
2015/01/21 14:30:20.485 收到 Head 資訊 {Count 2} {Type C } 
2015/01/21 14:30:20.487 收到 Head 資訊 {Count 2} {Type C } 
2015/01/21 14:30:20.488 收到 Head 資訊 {Count 2} {Type C } 
2015/01/21 14:30:20.490 收到 Head 資訊 {Count 2} {Type C } 
2015/01/21 14:30:20.491 收到 Head 資訊 {Count 2} {Type C } 
2015/01/21 14:30:20.493 收到 Head 資訊 {Count 2} {Type C } 
2015/01/21 14:30:20.495 收到 Head 資訊 {Count 2} {Type C } 
2015/01/21 14:30:20.496 收到 Head 資訊 {Count 2} {Type C } 
2015/01/21 14:30:20.498 收到 Head 資訊 {Count 2} {Type C } 
2015/01/21 14:30:20.499 收到 Head 資訊 {Count 2} {Type C } 
2015/01/21 14:30:20.501 收到 Head 資訊 {Count 2} {Type C } 
2015/01/21 14:30:20.502 收到 Head 資訊 {Count 2} {Type C } 
2015/01/21 14:30:20.504 收到 Head 資訊 {Count 2} {Type C } 
2015/01/21 14:30:20.505 收到 Head 資訊 {Count 2} {Type C } 
2015/01/21 14:30:20.507 收到 Head 資訊 {Count 2} {Type C } 
2015/01/21 14:30:20.508 收到 Head 資訊 {Count 2} {Type C } 
2015/01/21 14:30:20.510 收到 Head 資訊 {Count 2} {Type C } 
2015/01/21 14:30:20.511 收到 Head 資訊 {Count 2} {Type C } 
2015/01/21 14:30:20.513 收到 Head 資訊 {Count 2} {Type C } 
2015/01/21 14:30:20.515 收到 Head 資訊 {Count 2} {Type C } 
2015/01/21 14:30:20.516 收到 Head 資訊 {Count 2} {Type C } 
2015/01/21 14:30:20.518 收到 Head 資訊 {Count 2} {Type D } 
2015/01/21 14:30:20.519 收到 Head 資訊 {Count 2} {Type C } 
2015/01/21 14:30:20.521 收到 Head 資訊 {Count 2} {Type C } 
2015/01/21 14:30:20.522 收到 Head 資訊 {Count 2} {Type C } 
2015/01/21 14:30:20.524 收到 Head 資訊 {Count 2} {Type C } 
2015/01/21 14:30:20.525 收到 Head 資訊 {Count 2} {Type C } 
2015/01/21 14:30:20.527 收到 Head 資訊 {Count 2} {Type C } 
2015/01/21 14:30:20.528 收到 Head 資訊 {Count 2} {Type B } 
