[356] 2015/03/09 09:50:08.651 API InitInstance 
[356] 2015/03/09 09:50:08.996 E122828927 連線 Code：0
[356] 2015/03/09 09:50:10.005 收到 Head 資訊 {Count 2} {Type D } 
[356] 2015/03/09 09:50:10.007 收到 Head 資訊 {Count 2} {Type C } 
[356] 2015/03/09 09:50:10.009 收到 Head 資訊 {Count 2} {Type C } 
[356] 2015/03/09 09:50:10.012 收到 Head 資訊 {Count 2} {Type C } 
[356] 2015/03/09 09:50:10.015 收到 Head 資訊 {Count 2} {Type C } 
[356] 2015/03/09 09:50:10.017 收到 Head 資訊 {Count 2} {Type C } 
[356] 2015/03/09 09:50:10.018 收到 Head 資訊 {Count 2} {Type C } 
[356] 2015/03/09 09:50:10.020 收到 Head 資訊 {Count 2} {Type C } 
[356] 2015/03/09 09:50:10.023 收到 Head 資訊 {Count 2} {Type C } 
[356] 2015/03/09 09:50:10.025 收到 Head 資訊 {Count 2} {Type C } 
[356] 2015/03/09 09:50:10.027 收到 Head 資訊 {Count 2} {Type C } 
[356] 2015/03/09 09:50:10.029 收到 Head 資訊 {Count 2} {Type C } 
[356] 2015/03/09 09:50:10.031 收到 Head 資訊 {Count 2} {Type C } 
[356] 2015/03/09 09:50:10.033 收到 Head 資訊 {Count 2} {Type C } 
[356] 2015/03/09 09:50:10.034 收到 Head 資訊 {Count 2} {Type C } 
[356] 2015/03/09 09:50:10.036 收到 Head 資訊 {Count 2} {Type C } 
[356] 2015/03/09 09:50:10.038 收到 Head 資訊 {Count 2} {Type C } 
[356] 2015/03/09 09:50:10.040 收到 Head 資訊 {Count 2} {Type C } 
[356] 2015/03/09 09:50:10.042 收到 Head 資訊 {Count 2} {Type C } 
[356] 2015/03/09 09:50:10.044 收到 Head 資訊 {Count 2} {Type C } 
[356] 2015/03/09 09:50:10.046 收到 Head 資訊 {Count 2} {Type C } 
[356] 2015/03/09 09:50:10.048 收到 Head 資訊 {Count 2} {Type C } 
[356] 2015/03/09 09:50:10.050 收到 Head 資訊 {Count 2} {Type C } 
[356] 2015/03/09 09:50:10.052 收到 Head 資訊 {Count 2} {Type C } 
[356] 2015/03/09 09:50:10.054 收到 Head 資訊 {Count 2} {Type C } 
[356] 2015/03/09 09:50:10.056 收到 Head 資訊 {Count 2} {Type C } 
[356] 2015/03/09 09:50:10.058 收到 Head 資訊 {Count 2} {Type C } 
[356] 2015/03/09 09:50:10.060 收到 Head 資訊 {Count 2} {Type C } 
[356] 2015/03/09 09:50:10.062 收到 Head 資訊 {Count 2} {Type C } 
[356] 2015/03/09 09:50:10.064 收到 Head 資訊 {Count 2} {Type C } 
[356] 2015/03/09 09:50:10.065 收到 Head 資訊 {Count 2} {Type C } 
[356] 2015/03/09 09:50:10.067 收到 Head 資訊 {Count 2} {Type C } 
[356] 2015/03/09 09:50:10.069 收到 Head 資訊 {Count 2} {Type C } 
[356] 2015/03/09 09:50:10.071 收到 Head 資訊 {Count 2} {Type C } 
[356] 2015/03/09 09:50:10.073 收到 Head 資訊 {Count 2} {Type C } 
[356] 2015/03/09 09:50:10.075 收到 Head 資訊 {Count 2} {Type C } 
[356] 2015/03/09 09:50:10.076 收到 Head 資訊 {Count 2} {Type C } 
[356] 2015/03/09 09:50:10.078 收到 Head 資訊 {Count 2} {Type C } 
[356] 2015/03/09 09:50:10.080 收到 Head 資訊 {Count 2} {Type C } 
[356] 2015/03/09 09:50:10.082 收到 Head 資訊 {Count 2} {Type C } 
[356] 2015/03/09 09:50:10.084 收到 Head 資訊 {Count 2} {Type C } 
[356] 2015/03/09 09:50:10.085 收到 Head 資訊 {Count 2} {Type C } 
[356] 2015/03/09 09:50:10.087 收到 Head 資訊 {Count 2} {Type C } 
[356] 2015/03/09 09:50:10.089 收到 Head 資訊 {Count 2} {Type C } 
[356] 2015/03/09 09:50:10.091 收到 Head 資訊 {Count 2} {Type C } 
[356] 2015/03/09 09:50:10.092 收到 Head 資訊 {Count 2} {Type C } 
[356] 2015/03/09 09:50:10.094 收到 Head 資訊 {Count 2} {Type C } 
[356] 2015/03/09 09:50:10.096 收到 Head 資訊 {Count 2} {Type C } 
[356] 2015/03/09 09:50:10.098 收到 Head 資訊 {Count 2} {Type C } 
[356] 2015/03/09 09:50:10.099 收到 Head 資訊 {Count 2} {Type C } 
[356] 2015/03/09 09:50:10.101 收到 Head 資訊 {Count 2} {Type C } 
[356] 2015/03/09 09:50:10.103 收到 Head 資訊 {Count 2} {Type C } 
[356] 2015/03/09 09:50:10.105 收到 Head 資訊 {Count 2} {Type C } 
[356] 2015/03/09 09:50:10.107 收到 Head 資訊 {Count 2} {Type C } 
[356] 2015/03/09 09:50:10.109 收到 Head 資訊 {Count 2} {Type C } 
[356] 2015/03/09 09:50:10.111 收到 Head 資訊 {Count 2} {Type C } 
[356] 2015/03/09 09:50:10.113 收到 Head 資訊 {Count 2} {Type C } 
[356] 2015/03/09 09:50:10.115 收到 Head 資訊 {Count 2} {Type C } 
[356] 2015/03/09 09:50:10.117 收到 Head 資訊 {Count 2} {Type C } 
[356] 2015/03/09 09:50:10.119 收到 Head 資訊 {Count 2} {Type C } 
[356] 2015/03/09 09:50:10.121 收到 Head 資訊 {Count 2} {Type C } 
[356] 2015/03/09 09:50:10.123 收到 Head 資訊 {Count 2} {Type C } 
[356] 2015/03/09 09:50:10.125 收到 Head 資訊 {Count 2} {Type C } 
[356] 2015/03/09 09:50:10.127 收到 Head 資訊 {Count 2} {Type C } 
[356] 2015/03/09 09:50:10.129 收到 Head 資訊 {Count 2} {Type C } 
[356] 2015/03/09 09:50:10.131 收到 Head 資訊 {Count 2} {Type C } 
[356] 2015/03/09 09:50:10.133 收到 Head 資訊 {Count 2} {Type C } 
[356] 2015/03/09 09:50:10.135 收到 Head 資訊 {Count 2} {Type C } 
[356] 2015/03/09 09:50:10.137 收到 Head 資訊 {Count 2} {Type C } 
[356] 2015/03/09 09:50:10.139 收到 Head 資訊 {Count 2} {Type C } 
[356] 2015/03/09 09:50:10.141 收到 Head 資訊 {Count 2} {Type C } 
[356] 2015/03/09 09:50:10.143 收到 Head 資訊 {Count 2} {Type C } 
[356] 2015/03/09 09:50:10.145 收到 Head 資訊 {Count 2} {Type C } 
[356] 2015/03/09 09:50:10.147 收到 Head 資訊 {Count 2} {Type C } 
[356] 2015/03/09 09:50:10.149 收到 Head 資訊 {Count 2} {Type C } 
[356] 2015/03/09 09:50:10.151 收到 Head 資訊 {Count 2} {Type C } 
[356] 2015/03/09 09:50:10.153 收到 Head 資訊 {Count 2} {Type C } 
[356] 2015/03/09 09:50:10.155 收到 Head 資訊 {Count 2} {Type C } 
[356] 2015/03/09 09:50:10.157 收到 Head 資訊 {Count 2} {Type C } 
[356] 2015/03/09 09:50:10.159 收到 Head 資訊 {Count 2} {Type C } 
[356] 2015/03/09 09:50:10.161 收到 Head 資訊 {Count 2} {Type C } 
[356] 2015/03/09 09:50:10.163 收到 Head 資訊 {Count 2} {Type C } 
[356] 2015/03/09 09:50:10.165 收到 Head 資訊 {Count 2} {Type C } 
[356] 2015/03/09 09:50:10.167 收到 Head 資訊 {Count 2} {Type C } 
[356] 2015/03/09 09:50:10.169 收到 Head 資訊 {Count 2} {Type C } 
[356] 2015/03/09 09:50:10.171 收到 Head 資訊 {Count 2} {Type C } 
[356] 2015/03/09 09:50:10.172 收到 Head 資訊 {Count 2} {Type D } 
[356] 2015/03/09 09:50:10.174 收到 Head 資訊 {Count 2} {Type C } 
[356] 2015/03/09 09:50:10.176 收到 Head 資訊 {Count 2} {Type C } 
[356] 2015/03/09 09:50:10.178 收到 Head 資訊 {Count 2} {Type C } 
[356] 2015/03/09 09:50:10.180 收到 Head 資訊 {Count 2} {Type C } 
[356] 2015/03/09 09:50:10.181 收到 Head 資訊 {Count 2} {Type C } 
[356] 2015/03/09 09:50:10.183 收到 Head 資訊 {Count 2} {Type C } 
[356] 2015/03/09 09:50:10.185 收到 Head 資訊 {Count 2} {Type C } 
[356] 2015/03/09 09:50:10.187 收到 Head 資訊 {Count 2} {Type C } 
[356] 2015/03/09 09:50:10.188 收到 Head 資訊 {Count 2} {Type C } 
[356] 2015/03/09 09:50:10.190 收到 Head 資訊 {Count 2} {Type C } 
[356] 2015/03/09 09:50:10.192 收到 Head 資訊 {Count 2} {Type C } 
[356] 2015/03/09 09:50:10.194 收到 Head 資訊 {Count 2} {Type C } 
[356] 2015/03/09 09:50:10.195 收到 Head 資訊 {Count 2} {Type C } 
[356] 2015/03/09 09:50:10.197 收到 Head 資訊 {Count 2} {Type C } 
[356] 2015/03/09 09:50:10.199 收到 Head 資訊 {Count 2} {Type C } 
[356] 2015/03/09 09:50:10.201 收到 Head 資訊 {Count 2} {Type C } 
[356] 2015/03/09 09:50:10.202 收到 Head 資訊 {Count 2} {Type C } 
[356] 2015/03/09 09:50:10.204 收到 Head 資訊 {Count 2} {Type C } 
[356] 2015/03/09 09:50:10.206 收到 Head 資訊 {Count 2} {Type C } 
[356] 2015/03/09 09:50:10.208 收到 Head 資訊 {Count 2} {Type C } 
[356] 2015/03/09 09:50:10.209 收到 Head 資訊 {Count 2} {Type C } 
[356] 2015/03/09 09:50:10.211 收到 Head 資訊 {Count 2} {Type C } 
[356] 2015/03/09 09:50:10.213 收到 Head 資訊 {Count 2} {Type C } 
[356] 2015/03/09 09:50:10.214 收到 Head 資訊 {Count 2} {Type C } 
[356] 2015/03/09 09:50:10.216 收到 Head 資訊 {Count 2} {Type C } 
[356] 2015/03/09 09:50:10.218 收到 Head 資訊 {Count 2} {Type C } 
[356] 2015/03/09 09:50:10.220 收到 Head 資訊 {Count 2} {Type C } 
[356] 2015/03/09 09:50:10.221 收到 Head 資訊 {Count 2} {Type C } 
[356] 2015/03/09 09:50:10.223 收到 Head 資訊 {Count 2} {Type C } 
[356] 2015/03/09 09:50:10.225 收到 Head 資訊 {Count 2} {Type C } 
[356] 2015/03/09 09:50:10.227 收到 Head 資訊 {Count 2} {Type C } 
[356] 2015/03/09 09:50:10.229 收到 Head 資訊 {Count 2} {Type C } 
[356] 2015/03/09 09:50:10.231 收到 Head 資訊 {Count 2} {Type C } 
[356] 2015/03/09 09:50:10.233 收到 Head 資訊 {Count 2} {Type C } 
[356] 2015/03/09 09:50:10.235 收到 Head 資訊 {Count 2} {Type C } 
[356] 2015/03/09 09:50:10.237 收到 Head 資訊 {Count 2} {Type C } 
[356] 2015/03/09 09:50:10.239 收到 Head 資訊 {Count 2} {Type C } 
[356] 2015/03/09 09:50:10.241 收到 Head 資訊 {Count 2} {Type C } 
[356] 2015/03/09 09:50:10.243 收到 Head 資訊 {Count 2} {Type C } 
[356] 2015/03/09 09:50:10.245 收到 Head 資訊 {Count 2} {Type B } 
[356] 2015/03/09 09:51:08.952 連線確認 E122828927 (21,21)
[356] 2015/03/09 09:52:08.965 連線確認 E122828927 (21,21)
[356] 2015/03/09 09:53:08.978 連線確認 E122828927 (21,21)
[356] 2015/03/09 09:54:08.993 連線確認 E122828927 (21,21)
[356] 2015/03/09 09:54:16.441 收到 Head 資訊 {Count 2} {Type C } 
[356] 2015/03/09 09:54:26.454 收到 Head 資訊 {Count 2} {Type C } 
[356] 2015/03/09 09:54:36.478 收到 Head 資訊 {Count 2} {Type C } 
[356] 2015/03/09 09:54:46.530 收到 Head 資訊 {Count 2} {Type C } 
[356] 2015/03/09 09:55:09.006 連線確認 E122828927 (21,21)
[356] 2015/03/09 09:55:10.133 收到 Head 資訊 {Count 2} {Type B } 
[356] 2015/03/09 09:56:09.020 連線確認 E122828927 (21,21)
[356] 2015/03/09 09:57:09.034 連線確認 E122828927 (21,21)
[356] 2015/03/09 09:58:09.048 連線確認 E122828927 (21,21)
[356] 2015/03/09 09:59:09.060 連線確認 E122828927 (21,21)
[356] 2015/03/09 10:00:09.074 連線確認 E122828927 (21,21)
[356] 2015/03/09 10:00:11.014 收到 Head 資訊 {Count 2} {Type B } 
[356] 2015/03/09 10:01:09.088 連線確認 E122828927 (21,21)
[356] 2015/03/09 10:02:09.102 連線確認 E122828927 (21,21)
[356] 2015/03/09 10:03:09.115 連線確認 E122828927 (21,21)
[356] 2015/03/09 10:04:09.128 連線確認 E122828927 (21,21)
[356] 2015/03/09 10:05:09.143 連線確認 E122828927 (21,21)
[356] 2015/03/09 10:05:12.240 收到 Head 資訊 {Count 2} {Type B } 
[356] 2015/03/09 10:06:09.156 連線確認 E122828927 (21,21)
[356] 2015/03/09 10:07:09.169 連線確認 E122828927 (21,21)
[356] 2015/03/09 10:08:09.182 連線確認 E122828927 (21,21)
[356] 2015/03/09 10:08:26.612 收到 Head 資訊 {Count 2} {Type C } 
[356] 2015/03/09 10:08:36.660 收到 Head 資訊 {Count 2} {Type C } 
[356] 2015/03/09 10:09:05.720 API ExitInstance 
