[7012] 2015/02/18 07:50:11.628 SKOrderLib ª©¥» 2.1.22
[7012] 2015/02/18 07:50:11.631 Login ID: E122828927
[7012] 2015/02/18 07:50:12.386 CALL SKOrderLib_ReadCertByID(E122828927)
[7012] 2015/02/18 07:50:12.844 CALL RegisterOnAccountCallBack()
[7012] 2015/02/18 07:50:12.846 CALL GetUserAccount()
[7012] 2015/02/18 07:50:12.848 TS,918J,918J,0456453,E122828927,±d§Óºú,0,0
[7012] 2015/02/18 07:50:12.850 TF,F020000,B17,1709003,E122828927,±d§Óºú,0,0
[7012] 2015/02/18 07:50:12.852 OF,F020000,000,1709003,E122828927,±d§Óºú,0,0
[7012] 2015/02/18 07:50:12.855 CALL RegisterOnOrderAsyncReportCallBack()
[7012] 2015/02/18 07:50:12.858 CALL RegisterOnExecutionReportCallBack()
[2752] 2015/02/18 15:26:11.386 SKOrderLib ª©¥» 2.1.22
[2752] 2015/02/18 15:26:11.389 Login ID: E122828927
[2752] 2015/02/18 15:26:12.121 CALL SKOrderLib_ReadCertByID(E122828927)
[2752] 2015/02/18 15:26:12.277 CALL RegisterOnAccountCallBack()
[2752] 2015/02/18 15:26:12.279 CALL GetUserAccount()
[2752] 2015/02/18 15:26:12.281 TS,918J,918J,0456453,E122828927,±d§Óºú,0,0
[2752] 2015/02/18 15:26:12.283 TF,F020000,B17,1709003,E122828927,±d§Óºú,0,0
[2752] 2015/02/18 15:26:12.285 OF,F020000,000,1709003,E122828927,±d§Óºú,0,0
[2752] 2015/02/18 15:26:12.287 CALL RegisterOnOrderAsyncReportCallBack()
[2752] 2015/02/18 15:26:12.290 CALL RegisterOnExecutionReportCallBack()
[2752] 2015/02/18 15:26:12.647 CALL RegisterOnOverseaFutureOpenInterestCallBack()
[2752] 2015/02/18 15:26:12.649 CALL GetOverseaFutureOpenInterest(F0200001709003)
