2015/01/25 07:02:48.097 -----------
2015/01/25 07:02:48.099 API InitInstance 
2015/01/25 07:02:48.100 SKOSQuoteLib_RequestServerTime   SK_ERROR_INITIALIZE_FAIL 
2015/01/25 07:03:02.770 SKOSQuoteLib_RequestServerTime   SK_ERROR_INITIALIZE_FAIL 
2015/01/25 07:03:17.782 SKOSQuoteLib_RequestServerTime   SK_ERROR_INITIALIZE_FAIL 
2015/01/25 07:03:32.787 SKOSQuoteLib_RequestServerTime   SK_ERROR_INITIALIZE_FAIL 
2015/01/25 07:03:47.794 SKOSQuoteLib_RequestServerTime   SK_ERROR_INITIALIZE_FAIL 
2015/01/25 07:04:02.801 SKOSQuoteLib_RequestServerTime   SK_ERROR_INITIALIZE_FAIL 
2015/01/25 07:04:17.810 SKOSQuoteLib_RequestServerTime   SK_ERROR_INITIALIZE_FAIL 
2015/01/25 07:04:32.814 SKOSQuoteLib_RequestServerTime   SK_ERROR_INITIALIZE_FAIL 
2015/01/25 07:04:47.827 SKOSQuoteLib_RequestServerTime   SK_ERROR_INITIALIZE_FAIL 
2015/01/25 07:05:02.834 SKOSQuoteLib_RequestServerTime   SK_ERROR_INITIALIZE_FAIL 
2015/01/25 07:05:48.726 -----------
2015/01/25 07:05:48.727 API InitInstance 
2015/01/25 07:05:48.728 SKOSQuoteLib_RequestServerTime   SK_ERROR_INITIALIZE_FAIL 
2015/01/25 07:06:01.549 SKOSQuoteLib_RequestServerTime   SK_ERROR_INITIALIZE_FAIL 
2015/01/25 07:06:16.561 SKOSQuoteLib_RequestServerTime   SK_ERROR_INITIALIZE_FAIL 
2015/01/25 07:06:31.569 SKOSQuoteLib_RequestServerTime   SK_ERROR_INITIALIZE_FAIL 
2015/01/25 07:06:46.572 SKOSQuoteLib_RequestServerTime   SK_ERROR_INITIALIZE_FAIL 
2015/01/25 07:07:01.580 SKOSQuoteLib_RequestServerTime   SK_ERROR_INITIALIZE_FAIL 
2015/01/25 07:07:16.587 SKOSQuoteLib_RequestServerTime   SK_ERROR_INITIALIZE_FAIL 
2015/01/25 07:07:31.592 SKOSQuoteLib_RequestServerTime   SK_ERROR_INITIALIZE_FAIL 
2015/01/25 07:07:46.603 SKOSQuoteLib_RequestServerTime   SK_ERROR_INITIALIZE_FAIL 
2015/01/25 07:08:01.608 SKOSQuoteLib_RequestServerTime   SK_ERROR_INITIALIZE_FAIL 
2015/01/25 07:08:16.613 SKOSQuoteLib_RequestServerTime   SK_ERROR_INITIALIZE_FAIL 
2015/01/25 07:08:31.625 SKOSQuoteLib_RequestServerTime   SK_ERROR_INITIALIZE_FAIL 
2015/01/25 07:08:46.628 SKOSQuoteLib_RequestServerTime   SK_ERROR_INITIALIZE_FAIL 
2015/01/25 07:09:01.635 SKOSQuoteLib_RequestServerTime   SK_ERROR_INITIALIZE_FAIL 
2015/01/25 07:09:28.228 -----------
2015/01/25 07:09:28.229 API InitInstance 
2015/01/25 07:09:28.231 SKOSQuoteLib_RequestServerTime   SK_ERROR_INITIALIZE_FAIL 
2015/01/25 07:09:43.197 SKOSQuoteLib_RequestServerTime   SK_ERROR_INITIALIZE_FAIL 
2015/01/25 07:09:58.202 SKOSQuoteLib_RequestServerTime   SK_ERROR_INITIALIZE_FAIL 
2015/01/25 07:10:13.210 SKOSQuoteLib_RequestServerTime   SK_ERROR_INITIALIZE_FAIL 
2015/01/25 07:10:28.216 SKOSQuoteLib_RequestServerTime   SK_ERROR_INITIALIZE_FAIL 
2015/01/25 07:10:43.230 SKOSQuoteLib_RequestServerTime   SK_ERROR_INITIALIZE_FAIL 
2015/01/25 07:10:58.232 SKOSQuoteLib_RequestServerTime   SK_ERROR_INITIALIZE_FAIL 
2015/01/25 07:11:13.237 SKOSQuoteLib_RequestServerTime   SK_ERROR_INITIALIZE_FAIL 
2015/01/25 07:11:28.246 SKOSQuoteLib_RequestServerTime   SK_ERROR_INITIALIZE_FAIL 
2015/01/25 07:11:43.255 SKOSQuoteLib_RequestServerTime   SK_ERROR_INITIALIZE_FAIL 
2015/01/25 07:11:58.265 SKOSQuoteLib_RequestServerTime   SK_ERROR_INITIALIZE_FAIL 
2015/01/25 07:12:13.274 SKOSQuoteLib_RequestServerTime   SK_ERROR_INITIALIZE_FAIL 
2015/01/25 07:12:28.274 SKOSQuoteLib_RequestServerTime   SK_ERROR_INITIALIZE_FAIL 
2015/01/25 07:12:43.288 SKOSQuoteLib_RequestServerTime   SK_ERROR_INITIALIZE_FAIL 
2015/01/25 07:12:58.290 SKOSQuoteLib_RequestServerTime   SK_ERROR_INITIALIZE_FAIL 
2015/01/25 07:13:13.300 SKOSQuoteLib_RequestServerTime   SK_ERROR_INITIALIZE_FAIL 
2015/01/25 07:13:28.306 SKOSQuoteLib_RequestServerTime   SK_ERROR_INITIALIZE_FAIL 
2015/01/25 07:13:43.311 SKOSQuoteLib_RequestServerTime   SK_ERROR_INITIALIZE_FAIL 
2015/01/25 07:13:58.320 SKOSQuoteLib_RequestServerTime   SK_ERROR_INITIALIZE_FAIL 
2015/01/25 07:14:13.328 SKOSQuoteLib_RequestServerTime   SK_ERROR_INITIALIZE_FAIL 
2015/01/25 07:14:28.335 SKOSQuoteLib_RequestServerTime   SK_ERROR_INITIALIZE_FAIL 
2015/01/25 07:14:43.346 SKOSQuoteLib_RequestServerTime   SK_ERROR_INITIALIZE_FAIL 
2015/01/25 07:14:58.347 SKOSQuoteLib_RequestServerTime   SK_ERROR_INITIALIZE_FAIL 
2015/01/25 07:15:13.356 SKOSQuoteLib_RequestServerTime   SK_ERROR_INITIALIZE_FAIL 
2015/01/25 07:15:28.368 SKOSQuoteLib_RequestServerTime   SK_ERROR_INITIALIZE_FAIL 
2015/01/25 07:15:43.370 SKOSQuoteLib_RequestServerTime   SK_ERROR_INITIALIZE_FAIL 
2015/01/25 07:15:58.384 SKOSQuoteLib_RequestServerTime   SK_ERROR_INITIALIZE_FAIL 
2015/01/25 07:16:13.384 SKOSQuoteLib_RequestServerTime   SK_ERROR_INITIALIZE_FAIL 
2015/01/25 07:16:28.393 SKOSQuoteLib_RequestServerTime   SK_ERROR_INITIALIZE_FAIL 
2015/01/25 07:16:43.400 SKOSQuoteLib_RequestServerTime   SK_ERROR_INITIALIZE_FAIL 
2015/01/25 07:16:58.408 SKOSQuoteLib_RequestServerTime   SK_ERROR_INITIALIZE_FAIL 
2015/01/25 07:17:13.416 SKOSQuoteLib_RequestServerTime   SK_ERROR_INITIALIZE_FAIL 
2015/01/25 07:17:28.420 SKOSQuoteLib_RequestServerTime   SK_ERROR_INITIALIZE_FAIL 
2015/01/25 07:17:43.428 SKOSQuoteLib_RequestServerTime   SK_ERROR_INITIALIZE_FAIL 
2015/01/25 07:17:58.439 SKOSQuoteLib_RequestServerTime   SK_ERROR_INITIALIZE_FAIL 
2015/01/25 07:18:13.448 SKOSQuoteLib_RequestServerTime   SK_ERROR_INITIALIZE_FAIL 
2015/01/25 07:18:28.451 SKOSQuoteLib_RequestServerTime   SK_ERROR_INITIALIZE_FAIL 
2015/01/25 07:18:43.456 SKOSQuoteLib_RequestServerTime   SK_ERROR_INITIALIZE_FAIL 
2015/01/25 07:18:58.468 SKOSQuoteLib_RequestServerTime   SK_ERROR_INITIALIZE_FAIL 
2015/01/25 07:19:13.471 SKOSQuoteLib_RequestServerTime   SK_ERROR_INITIALIZE_FAIL 
2015/01/25 07:19:28.478 SKOSQuoteLib_RequestServerTime   SK_ERROR_INITIALIZE_FAIL 
2015/01/25 07:19:43.489 SKOSQuoteLib_RequestServerTime   SK_ERROR_INITIALIZE_FAIL 
2015/01/25 07:19:58.492 SKOSQuoteLib_RequestServerTime   SK_ERROR_INITIALIZE_FAIL 
2015/01/25 07:20:13.501 SKOSQuoteLib_RequestServerTime   SK_ERROR_INITIALIZE_FAIL 
2015/01/25 07:20:28.515 SKOSQuoteLib_RequestServerTime   SK_ERROR_INITIALIZE_FAIL 
2015/01/25 07:20:43.520 SKOSQuoteLib_RequestServerTime   SK_ERROR_INITIALIZE_FAIL 
2015/01/25 07:20:58.525 SKOSQuoteLib_RequestServerTime   SK_ERROR_INITIALIZE_FAIL 
2015/01/25 07:21:13.530 SKOSQuoteLib_RequestServerTime   SK_ERROR_INITIALIZE_FAIL 
2015/01/25 07:21:28.554 SKOSQuoteLib_RequestServerTime   SK_ERROR_INITIALIZE_FAIL 
2015/01/25 07:21:43.567 SKOSQuoteLib_RequestServerTime   SK_ERROR_INITIALIZE_FAIL 
2015/01/25 07:21:58.571 SKOSQuoteLib_RequestServerTime   SK_ERROR_INITIALIZE_FAIL 
2015/01/25 07:22:13.581 SKOSQuoteLib_RequestServerTime   SK_ERROR_INITIALIZE_FAIL 
2015/01/25 07:22:28.589 SKOSQuoteLib_RequestServerTime   SK_ERROR_INITIALIZE_FAIL 
2015/01/25 07:22:43.589 SKOSQuoteLib_RequestServerTime   SK_ERROR_INITIALIZE_FAIL 
2015/01/25 07:22:58.599 SKOSQuoteLib_RequestServerTime   SK_ERROR_INITIALIZE_FAIL 
2015/01/25 07:23:13.606 SKOSQuoteLib_RequestServerTime   SK_ERROR_INITIALIZE_FAIL 
2015/01/25 07:23:28.617 SKOSQuoteLib_RequestServerTime   SK_ERROR_INITIALIZE_FAIL 
2015/01/25 07:23:43.618 SKOSQuoteLib_RequestServerTime   SK_ERROR_INITIALIZE_FAIL 
2015/01/25 07:23:58.625 SKOSQuoteLib_RequestServerTime   SK_ERROR_INITIALIZE_FAIL 
2015/01/25 07:24:13.634 SKOSQuoteLib_RequestServerTime   SK_ERROR_INITIALIZE_FAIL 
2015/01/25 07:24:28.644 SKOSQuoteLib_RequestServerTime   SK_ERROR_INITIALIZE_FAIL 
2015/01/25 07:24:43.649 SKOSQuoteLib_RequestServerTime   SK_ERROR_INITIALIZE_FAIL 
2015/01/25 07:24:58.654 SKOSQuoteLib_RequestServerTime   SK_ERROR_INITIALIZE_FAIL 
2015/01/25 07:25:13.661 SKOSQuoteLib_RequestServerTime   SK_ERROR_INITIALIZE_FAIL 
2015/01/25 07:25:28.671 SKOSQuoteLib_RequestServerTime   SK_ERROR_INITIALIZE_FAIL 
2015/01/25 07:25:43.678 SKOSQuoteLib_RequestServerTime   SK_ERROR_INITIALIZE_FAIL 
2015/01/25 07:25:58.683 SKOSQuoteLib_RequestServerTime   SK_ERROR_INITIALIZE_FAIL 
2015/01/25 07:26:13.695 SKOSQuoteLib_RequestServerTime   SK_ERROR_INITIALIZE_FAIL 
2015/01/25 07:26:28.699 SKOSQuoteLib_RequestServerTime   SK_ERROR_INITIALIZE_FAIL 
2015/01/25 07:26:43.711 SKOSQuoteLib_RequestServerTime   SK_ERROR_INITIALIZE_FAIL 
2015/01/25 07:26:58.716 SKOSQuoteLib_RequestServerTime   SK_ERROR_INITIALIZE_FAIL 
2015/01/25 07:27:13.723 SKOSQuoteLib_RequestServerTime   SK_ERROR_INITIALIZE_FAIL 
2015/01/25 07:27:28.729 SKOSQuoteLib_RequestServerTime   SK_ERROR_INITIALIZE_FAIL 
2015/01/25 07:27:43.734 SKOSQuoteLib_RequestServerTime   SK_ERROR_INITIALIZE_FAIL 
2015/01/25 07:27:58.742 SKOSQuoteLib_RequestServerTime   SK_ERROR_INITIALIZE_FAIL 
2015/01/25 07:28:13.755 SKOSQuoteLib_RequestServerTime   SK_ERROR_INITIALIZE_FAIL 
2015/01/25 07:28:28.763 SKOSQuoteLib_RequestServerTime   SK_ERROR_INITIALIZE_FAIL 
2015/01/25 07:28:43.768 SKOSQuoteLib_RequestServerTime   SK_ERROR_INITIALIZE_FAIL 
2015/01/25 07:28:58.775 SKOSQuoteLib_RequestServerTime   SK_ERROR_INITIALIZE_FAIL 
2015/01/25 07:29:13.780 SKOSQuoteLib_RequestServerTime   SK_ERROR_INITIALIZE_FAIL 
2015/01/25 07:29:28.786 SKOSQuoteLib_RequestServerTime   SK_ERROR_INITIALIZE_FAIL 
2015/01/25 07:29:43.795 SKOSQuoteLib_RequestServerTime   SK_ERROR_INITIALIZE_FAIL 
2015/01/25 07:29:58.801 SKOSQuoteLib_RequestServerTime   SK_ERROR_INITIALIZE_FAIL 
2015/01/25 07:30:13.815 SKOSQuoteLib_RequestServerTime   SK_ERROR_INITIALIZE_FAIL 
2015/01/25 07:30:28.814 SKOSQuoteLib_RequestServerTime   SK_ERROR_INITIALIZE_FAIL 
2015/01/25 07:30:43.825 SKOSQuoteLib_RequestServerTime   SK_ERROR_INITIALIZE_FAIL 
2015/01/25 07:30:58.833 SKOSQuoteLib_RequestServerTime   SK_ERROR_INITIALIZE_FAIL 
2015/01/25 07:31:13.839 SKOSQuoteLib_RequestServerTime   SK_ERROR_INITIALIZE_FAIL 
2015/01/25 07:31:28.848 SKOSQuoteLib_RequestServerTime   SK_ERROR_INITIALIZE_FAIL 
2015/01/25 07:31:43.856 SKOSQuoteLib_RequestServerTime   SK_ERROR_INITIALIZE_FAIL 
2015/01/25 07:31:58.864 SKOSQuoteLib_RequestServerTime   SK_ERROR_INITIALIZE_FAIL 
2015/01/25 07:32:13.865 SKOSQuoteLib_RequestServerTime   SK_ERROR_INITIALIZE_FAIL 
2015/01/25 07:32:28.873 SKOSQuoteLib_RequestServerTime   SK_ERROR_INITIALIZE_FAIL 
2015/01/25 07:32:43.880 SKOSQuoteLib_RequestServerTime   SK_ERROR_INITIALIZE_FAIL 
2015/01/25 07:32:58.890 SKOSQuoteLib_RequestServerTime   SK_ERROR_INITIALIZE_FAIL 
2015/01/25 07:33:13.896 SKOSQuoteLib_RequestServerTime   SK_ERROR_INITIALIZE_FAIL 
2015/01/25 07:33:28.906 SKOSQuoteLib_RequestServerTime   SK_ERROR_INITIALIZE_FAIL 
2015/01/25 07:33:43.912 SKOSQuoteLib_RequestServerTime   SK_ERROR_INITIALIZE_FAIL 
2015/01/25 07:33:58.918 SKOSQuoteLib_RequestServerTime   SK_ERROR_INITIALIZE_FAIL 
2015/01/25 07:34:13.924 SKOSQuoteLib_RequestServerTime   SK_ERROR_INITIALIZE_FAIL 
2015/01/25 07:34:28.937 SKOSQuoteLib_RequestServerTime   SK_ERROR_INITIALIZE_FAIL 
2015/01/25 07:34:43.944 SKOSQuoteLib_RequestServerTime   SK_ERROR_INITIALIZE_FAIL 
2015/01/25 07:34:58.949 SKOSQuoteLib_RequestServerTime   SK_ERROR_INITIALIZE_FAIL 
2015/01/25 07:35:13.957 SKOSQuoteLib_RequestServerTime   SK_ERROR_INITIALIZE_FAIL 
2015/01/25 07:35:28.964 SKOSQuoteLib_RequestServerTime   SK_ERROR_INITIALIZE_FAIL 
2015/01/25 07:35:43.970 SKOSQuoteLib_RequestServerTime   SK_ERROR_INITIALIZE_FAIL 
2015/01/25 07:35:58.975 SKOSQuoteLib_RequestServerTime   SK_ERROR_INITIALIZE_FAIL 
2015/01/25 07:36:13.986 SKOSQuoteLib_RequestServerTime   SK_ERROR_INITIALIZE_FAIL 
2015/01/25 07:36:28.991 SKOSQuoteLib_RequestServerTime   SK_ERROR_INITIALIZE_FAIL 
2015/01/25 07:36:44.001 SKOSQuoteLib_RequestServerTime   SK_ERROR_INITIALIZE_FAIL 
2015/01/25 07:36:59.005 SKOSQuoteLib_RequestServerTime   SK_ERROR_INITIALIZE_FAIL 
2015/01/25 07:37:14.017 SKOSQuoteLib_RequestServerTime   SK_ERROR_INITIALIZE_FAIL 
2015/01/25 07:37:29.025 SKOSQuoteLib_RequestServerTime   SK_ERROR_INITIALIZE_FAIL 
2015/01/25 07:37:44.027 SKOSQuoteLib_RequestServerTime   SK_ERROR_INITIALIZE_FAIL 
2015/01/25 07:37:59.036 SKOSQuoteLib_RequestServerTime   SK_ERROR_INITIALIZE_FAIL 
2015/01/25 07:38:14.043 SKOSQuoteLib_RequestServerTime   SK_ERROR_INITIALIZE_FAIL 
2015/01/25 07:38:29.055 SKOSQuoteLib_RequestServerTime   SK_ERROR_INITIALIZE_FAIL 
2015/01/25 07:38:44.059 SKOSQuoteLib_RequestServerTime   SK_ERROR_INITIALIZE_FAIL 
2015/01/25 07:38:59.068 SKOSQuoteLib_RequestServerTime   SK_ERROR_INITIALIZE_FAIL 
2015/01/25 07:39:14.077 SKOSQuoteLib_RequestServerTime   SK_ERROR_INITIALIZE_FAIL 
2015/01/25 07:39:29.080 SKOSQuoteLib_RequestServerTime   SK_ERROR_INITIALIZE_FAIL 
2015/01/25 07:39:44.089 SKOSQuoteLib_RequestServerTime   SK_ERROR_INITIALIZE_FAIL 
2015/01/25 07:39:59.096 SKOSQuoteLib_RequestServerTime   SK_ERROR_INITIALIZE_FAIL 
2015/01/25 07:40:14.100 SKOSQuoteLib_RequestServerTime   SK_ERROR_INITIALIZE_FAIL 
2015/01/25 07:40:29.108 SKOSQuoteLib_RequestServerTime   SK_ERROR_INITIALIZE_FAIL 
2015/01/25 07:40:44.117 SKOSQuoteLib_RequestServerTime   SK_ERROR_INITIALIZE_FAIL 
2015/01/25 07:40:59.125 SKOSQuoteLib_RequestServerTime   SK_ERROR_INITIALIZE_FAIL 
2015/01/25 07:41:14.130 SKOSQuoteLib_RequestServerTime   SK_ERROR_INITIALIZE_FAIL 
2015/01/25 07:41:29.139 SKOSQuoteLib_RequestServerTime   SK_ERROR_INITIALIZE_FAIL 
2015/01/25 07:41:44.146 SKOSQuoteLib_RequestServerTime   SK_ERROR_INITIALIZE_FAIL 
2015/01/25 07:41:59.158 SKOSQuoteLib_RequestServerTime   SK_ERROR_INITIALIZE_FAIL 
2015/01/25 07:42:14.158 SKOSQuoteLib_RequestServerTime   SK_ERROR_INITIALIZE_FAIL 
2015/01/25 07:42:29.166 SKOSQuoteLib_RequestServerTime   SK_ERROR_INITIALIZE_FAIL 
2015/01/25 07:42:44.173 SKOSQuoteLib_RequestServerTime   SK_ERROR_INITIALIZE_FAIL 
2015/01/25 07:42:59.182 SKOSQuoteLib_RequestServerTime   SK_ERROR_INITIALIZE_FAIL 
2015/01/25 07:43:14.193 SKOSQuoteLib_RequestServerTime   SK_ERROR_INITIALIZE_FAIL 
2015/01/25 07:43:29.194 SKOSQuoteLib_RequestServerTime   SK_ERROR_INITIALIZE_FAIL 
2015/01/25 07:43:44.202 SKOSQuoteLib_RequestServerTime   SK_ERROR_INITIALIZE_FAIL 
2015/01/25 07:43:59.209 SKOSQuoteLib_RequestServerTime   SK_ERROR_INITIALIZE_FAIL 
2015/01/25 07:44:14.222 SKOSQuoteLib_RequestServerTime   SK_ERROR_INITIALIZE_FAIL 
2015/01/25 07:44:29.226 SKOSQuoteLib_RequestServerTime   SK_ERROR_INITIALIZE_FAIL 
2015/01/25 07:44:44.234 SKOSQuoteLib_RequestServerTime   SK_ERROR_INITIALIZE_FAIL 
2015/01/25 07:44:59.243 SKOSQuoteLib_RequestServerTime   SK_ERROR_INITIALIZE_FAIL 
2015/01/25 07:45:14.248 SKOSQuoteLib_RequestServerTime   SK_ERROR_INITIALIZE_FAIL 
2015/01/25 07:45:29.257 SKOSQuoteLib_RequestServerTime   SK_ERROR_INITIALIZE_FAIL 
2015/01/25 07:45:44.264 SKOSQuoteLib_RequestServerTime   SK_ERROR_INITIALIZE_FAIL 
2015/01/25 07:45:59.272 SKOSQuoteLib_RequestServerTime   SK_ERROR_INITIALIZE_FAIL 
2015/01/25 07:46:14.274 SKOSQuoteLib_RequestServerTime   SK_ERROR_INITIALIZE_FAIL 
2015/01/25 07:46:29.285 SKOSQuoteLib_RequestServerTime   SK_ERROR_INITIALIZE_FAIL 
2015/01/25 07:46:44.292 SKOSQuoteLib_RequestServerTime   SK_ERROR_INITIALIZE_FAIL 
2015/01/25 07:46:59.299 SKOSQuoteLib_RequestServerTime   SK_ERROR_INITIALIZE_FAIL 
2015/01/25 07:47:14.310 SKOSQuoteLib_RequestServerTime   SK_ERROR_INITIALIZE_FAIL 
2015/01/25 07:47:29.313 SKOSQuoteLib_RequestServerTime   SK_ERROR_INITIALIZE_FAIL 
2015/01/25 07:47:44.319 SKOSQuoteLib_RequestServerTime   SK_ERROR_INITIALIZE_FAIL 
2015/01/25 07:47:59.327 SKOSQuoteLib_RequestServerTime   SK_ERROR_INITIALIZE_FAIL 
2015/01/25 07:48:14.336 SKOSQuoteLib_RequestServerTime   SK_ERROR_INITIALIZE_FAIL 
2015/01/25 07:48:29.343 SKOSQuoteLib_RequestServerTime   SK_ERROR_INITIALIZE_FAIL 
2015/01/25 07:48:44.350 SKOSQuoteLib_RequestServerTime   SK_ERROR_INITIALIZE_FAIL 
2015/01/25 07:48:59.362 SKOSQuoteLib_RequestServerTime   SK_ERROR_INITIALIZE_FAIL 
2015/01/25 07:49:14.365 SKOSQuoteLib_RequestServerTime   SK_ERROR_INITIALIZE_FAIL 
2015/01/25 07:49:29.372 SKOSQuoteLib_RequestServerTime   SK_ERROR_INITIALIZE_FAIL 
2015/01/25 07:49:44.379 SKOSQuoteLib_RequestServerTime   SK_ERROR_INITIALIZE_FAIL 
2015/01/25 07:49:59.388 SKOSQuoteLib_RequestServerTime   SK_ERROR_INITIALIZE_FAIL 
2015/01/25 07:50:14.393 SKOSQuoteLib_RequestServerTime   SK_ERROR_INITIALIZE_FAIL 
2015/01/25 07:50:29.401 SKOSQuoteLib_RequestServerTime   SK_ERROR_INITIALIZE_FAIL 
2015/01/25 07:50:44.412 SKOSQuoteLib_RequestServerTime   SK_ERROR_INITIALIZE_FAIL 
2015/01/25 07:50:59.419 SKOSQuoteLib_RequestServerTime   SK_ERROR_INITIALIZE_FAIL 
2015/01/25 07:51:14.424 SKOSQuoteLib_RequestServerTime   SK_ERROR_INITIALIZE_FAIL 
2015/01/25 07:51:29.430 SKOSQuoteLib_RequestServerTime   SK_ERROR_INITIALIZE_FAIL 
2015/01/25 07:51:44.437 SKOSQuoteLib_RequestServerTime   SK_ERROR_INITIALIZE_FAIL 
2015/01/25 07:51:59.443 SKOSQuoteLib_RequestServerTime   SK_ERROR_INITIALIZE_FAIL 
2015/01/25 07:52:14.454 SKOSQuoteLib_RequestServerTime   SK_ERROR_INITIALIZE_FAIL 
2015/01/25 07:52:29.462 SKOSQuoteLib_RequestServerTime   SK_ERROR_INITIALIZE_FAIL 
2015/01/25 07:52:44.465 SKOSQuoteLib_RequestServerTime   SK_ERROR_INITIALIZE_FAIL 
2015/01/25 07:52:59.474 SKOSQuoteLib_RequestServerTime   SK_ERROR_INITIALIZE_FAIL 
2015/01/25 07:53:14.479 SKOSQuoteLib_RequestServerTime   SK_ERROR_INITIALIZE_FAIL 
2015/01/25 07:53:29.491 SKOSQuoteLib_RequestServerTime   SK_ERROR_INITIALIZE_FAIL 
2015/01/25 07:53:44.500 SKOSQuoteLib_RequestServerTime   SK_ERROR_INITIALIZE_FAIL 
2015/01/25 07:53:59.501 SKOSQuoteLib_RequestServerTime   SK_ERROR_INITIALIZE_FAIL 
2015/01/25 07:54:14.514 SKOSQuoteLib_RequestServerTime   SK_ERROR_INITIALIZE_FAIL 
2015/01/25 07:54:29.521 SKOSQuoteLib_RequestServerTime   SK_ERROR_INITIALIZE_FAIL 
2015/01/25 07:54:44.526 SKOSQuoteLib_RequestServerTime   SK_ERROR_INITIALIZE_FAIL 
2015/01/25 07:54:59.534 SKOSQuoteLib_RequestServerTime   SK_ERROR_INITIALIZE_FAIL 
2015/01/25 07:55:14.540 SKOSQuoteLib_RequestServerTime   SK_ERROR_INITIALIZE_FAIL 
2015/01/25 07:55:29.544 SKOSQuoteLib_RequestServerTime   SK_ERROR_INITIALIZE_FAIL 
2015/01/25 07:55:44.556 SKOSQuoteLib_RequestServerTime   SK_ERROR_INITIALIZE_FAIL 
2015/01/25 07:55:59.562 SKOSQuoteLib_RequestServerTime   SK_ERROR_INITIALIZE_FAIL 
2015/01/25 07:56:14.569 SKOSQuoteLib_RequestServerTime   SK_ERROR_INITIALIZE_FAIL 
2015/01/25 07:56:29.577 SKOSQuoteLib_RequestServerTime   SK_ERROR_INITIALIZE_FAIL 
2015/01/25 07:56:44.584 SKOSQuoteLib_RequestServerTime   SK_ERROR_INITIALIZE_FAIL 
2015/01/25 07:56:59.594 SKOSQuoteLib_RequestServerTime   SK_ERROR_INITIALIZE_FAIL 
2015/01/25 07:57:14.597 SKOSQuoteLib_RequestServerTime   SK_ERROR_INITIALIZE_FAIL 
2015/01/25 07:57:29.608 SKOSQuoteLib_RequestServerTime   SK_ERROR_INITIALIZE_FAIL 
2015/01/25 07:57:44.611 SKOSQuoteLib_RequestServerTime   SK_ERROR_INITIALIZE_FAIL 
2015/01/25 07:57:59.619 SKOSQuoteLib_RequestServerTime   SK_ERROR_INITIALIZE_FAIL 
2015/01/25 07:58:14.628 SKOSQuoteLib_RequestServerTime   SK_ERROR_INITIALIZE_FAIL 
2015/01/25 07:58:29.635 SKOSQuoteLib_RequestServerTime   SK_ERROR_INITIALIZE_FAIL 
2015/01/25 07:58:44.639 SKOSQuoteLib_RequestServerTime   SK_ERROR_INITIALIZE_FAIL 
2015/01/25 07:58:59.646 SKOSQuoteLib_RequestServerTime   SK_ERROR_INITIALIZE_FAIL 
2015/01/25 07:59:14.661 SKOSQuoteLib_RequestServerTime   SK_ERROR_INITIALIZE_FAIL 
2015/01/25 08:10:52.667 -----------
2015/01/25 08:10:52.669 API InitInstance 
2015/01/25 08:10:52.670 SKOSQuoteLib_RequestServerTime   SK_ERROR_INITIALIZE_FAIL 
2015/01/25 08:26:06.058 -----------
2015/01/25 08:26:06.060 API InitInstance 
2015/01/25 08:26:06.061 SKOSQuoteLib_RequestServerTime   SK_ERROR_INITIALIZE_FAIL 
2015/01/25 08:26:20.343 SKOSQuoteLib_RequestServerTime   SK_ERROR_INITIALIZE_FAIL 
2015/01/25 08:26:35.610 SKOSQuoteLib_RequestServerTime   SK_ERROR_INITIALIZE_FAIL 
2015/01/25 08:28:05.299 -----------
2015/01/25 08:28:05.301 API InitInstance 
2015/01/25 08:28:05.302 SKOSQuoteLib_RequestServerTime   SK_ERROR_INITIALIZE_FAIL 
2015/01/25 09:43:12.087 -----------
2015/01/25 09:43:12.088 API InitInstance 
2015/01/25 09:43:12.089 SKOSQuoteLib_RequestServerTime   SK_ERROR_INITIALIZE_FAIL 
2015/01/25 09:43:24.013 SKOSQuoteLib_RequestServerTime   SK_ERROR_INITIALIZE_FAIL 
2015/01/25 09:45:36.027 -----------
2015/01/25 09:45:36.028 API InitInstance 
2015/01/25 09:45:36.029 SKOSQuoteLib_RequestServerTime   SK_ERROR_INITIALIZE_FAIL 
2015/01/25 09:45:51.007 SKOSQuoteLib_RequestServerTime   SK_ERROR_INITIALIZE_FAIL 
2015/01/25 09:46:06.017 SKOSQuoteLib_RequestServerTime   SK_ERROR_INITIALIZE_FAIL 
2015/01/25 09:46:21.023 SKOSQuoteLib_RequestServerTime   SK_ERROR_INITIALIZE_FAIL 
2015/01/25 09:46:36.036 SKOSQuoteLib_RequestServerTime   SK_ERROR_INITIALIZE_FAIL 
2015/01/25 09:46:51.038 SKOSQuoteLib_RequestServerTime   SK_ERROR_INITIALIZE_FAIL 
2015/01/25 09:47:06.047 SKOSQuoteLib_RequestServerTime   SK_ERROR_INITIALIZE_FAIL 
2015/01/25 09:47:21.054 SKOSQuoteLib_RequestServerTime   SK_ERROR_INITIALIZE_FAIL 
2015/01/25 09:47:36.064 SKOSQuoteLib_RequestServerTime   SK_ERROR_INITIALIZE_FAIL 
2015/01/25 09:47:51.069 SKOSQuoteLib_RequestServerTime   SK_ERROR_INITIALIZE_FAIL 
2015/01/25 09:48:06.080 SKOSQuoteLib_RequestServerTime   SK_ERROR_INITIALIZE_FAIL 
2015/01/25 09:48:21.081 SKOSQuoteLib_RequestServerTime   SK_ERROR_INITIALIZE_FAIL 
2015/01/25 09:48:36.088 SKOSQuoteLib_RequestServerTime   SK_ERROR_INITIALIZE_FAIL 
2015/01/25 09:48:51.101 SKOSQuoteLib_RequestServerTime   SK_ERROR_INITIALIZE_FAIL 
2015/01/25 09:49:06.104 SKOSQuoteLib_RequestServerTime   SK_ERROR_INITIALIZE_FAIL 
2015/01/25 09:49:21.115 SKOSQuoteLib_RequestServerTime   SK_ERROR_INITIALIZE_FAIL 
2015/01/25 09:49:36.124 SKOSQuoteLib_RequestServerTime   SK_ERROR_INITIALIZE_FAIL 
2015/01/25 09:49:51.128 SKOSQuoteLib_RequestServerTime   SK_ERROR_INITIALIZE_FAIL 
2015/01/25 09:50:06.132 SKOSQuoteLib_RequestServerTime   SK_ERROR_INITIALIZE_FAIL 
2015/01/25 09:50:21.144 SKOSQuoteLib_RequestServerTime   SK_ERROR_INITIALIZE_FAIL 
2015/01/25 09:50:36.145 SKOSQuoteLib_RequestServerTime   SK_ERROR_INITIALIZE_FAIL 
2015/01/25 09:50:51.155 SKOSQuoteLib_RequestServerTime   SK_ERROR_INITIALIZE_FAIL 
2015/01/25 09:51:06.162 SKOSQuoteLib_RequestServerTime   SK_ERROR_INITIALIZE_FAIL 
2015/01/25 09:51:21.174 SKOSQuoteLib_RequestServerTime   SK_ERROR_INITIALIZE_FAIL 
2015/01/25 09:52:12.385 -----------
2015/01/25 09:52:12.386 API InitInstance 
2015/01/25 09:52:12.387 SKOSQuoteLib_RequestServerTime   SK_ERROR_INITIALIZE_FAIL 
2015/01/25 09:52:19.094 SKOSQuoteLib_RequestServerTime   SK_ERROR_INITIALIZE_FAIL 
2015/01/25 09:52:34.098 SKOSQuoteLib_RequestServerTime   SK_ERROR_INITIALIZE_FAIL 
2015/01/25 09:52:49.107 SKOSQuoteLib_RequestServerTime   SK_ERROR_INITIALIZE_FAIL 
2015/01/25 09:53:04.120 SKOSQuoteLib_RequestServerTime   SK_ERROR_INITIALIZE_FAIL 
2015/01/25 09:53:19.120 SKOSQuoteLib_RequestServerTime   SK_ERROR_INITIALIZE_FAIL 
2015/01/25 09:53:34.134 SKOSQuoteLib_RequestServerTime   SK_ERROR_INITIALIZE_FAIL 
2015/01/25 09:55:29.570 -----------
2015/01/25 09:55:29.571 API InitInstance 
2015/01/25 09:55:29.573 SKOSQuoteLib_RequestServerTime   SK_ERROR_INITIALIZE_FAIL 
2015/01/25 09:55:44.550 SKOSQuoteLib_RequestServerTime   SK_ERROR_INITIALIZE_FAIL 
2015/01/25 09:55:59.552 SKOSQuoteLib_RequestServerTime   SK_ERROR_INITIALIZE_FAIL 
2015/01/25 09:56:14.561 SKOSQuoteLib_RequestServerTime   SK_ERROR_INITIALIZE_FAIL 
2015/01/25 09:57:29.332 SKOSQuoteLib_RequestServerTime   SK_ERROR_INITIALIZE_FAIL 
2015/01/25 09:57:29.595 SKOSQuoteLib_RequestServerTime   SK_ERROR_INITIALIZE_FAIL 
2015/01/25 09:57:44.602 SKOSQuoteLib_RequestServerTime   SK_ERROR_INITIALIZE_FAIL 
2015/01/25 09:57:59.610 SKOSQuoteLib_RequestServerTime   SK_ERROR_INITIALIZE_FAIL 
2015/01/25 10:01:52.020 -----------
2015/01/25 10:01:52.021 API InitInstance 
2015/01/25 10:01:52.023 SKOSQuoteLib_RequestServerTime   SK_ERROR_INITIALIZE_FAIL 
2015/01/25 10:02:07.000 SKOSQuoteLib_RequestServerTime   SK_ERROR_INITIALIZE_FAIL 
2015/01/25 10:02:22.003 SKOSQuoteLib_RequestServerTime   SK_ERROR_INITIALIZE_FAIL 
2015/01/25 10:02:37.015 SKOSQuoteLib_RequestServerTime   SK_ERROR_INITIALIZE_FAIL 
2015/01/25 10:02:52.019 SKOSQuoteLib_RequestServerTime   SK_ERROR_INITIALIZE_FAIL 
2015/01/25 10:03:07.027 SKOSQuoteLib_RequestServerTime   SK_ERROR_INITIALIZE_FAIL 
2015/01/25 10:03:22.035 SKOSQuoteLib_RequestServerTime   SK_ERROR_INITIALIZE_FAIL 
2015/01/25 10:03:37.043 SKOSQuoteLib_RequestServerTime   SK_ERROR_INITIALIZE_FAIL 
2015/01/25 10:03:45.721 SKOSQuoteLib_LeaveMonitor   SK_ERROR_INITIALIZE_FAIL 
2015/01/25 10:03:45.826 API ExitInstance 
2015/01/25 18:40:14.703 -----------
2015/01/25 18:40:14.704 API InitInstance 
2015/01/25 18:40:14.706 SKOSQuoteLib_RequestServerTime   SK_ERROR_INITIALIZE_FAIL 
2015/01/25 18:40:29.681 SKOSQuoteLib_RequestServerTime   SK_ERROR_INITIALIZE_FAIL 
2015/01/25 18:40:36.155 API ExitInstance 
2015/01/25 18:50:34.934 -----------
2015/01/25 18:50:34.935 API InitInstance 
2015/01/25 18:50:34.936 SKOSQuoteLib_RequestServerTime   SK_ERROR_INITIALIZE_FAIL 
2015/01/25 18:50:46.406 API ExitInstance 
