[5732] 2015/02/20 07:50:12.978 API InitInstance 
[5732] 2015/02/20 07:50:13.475 E122828927 連線 Code：0
[5732] 2015/02/20 07:50:14.481 收到 Head 資訊 {Count 2} {Type C } 
[5732] 2015/02/20 07:50:14.485 收到 Head 資訊 {Count 2} {Type C } 
[5732] 2015/02/20 07:50:14.486 收到 Head 資訊 {Count 2} {Type C } 
[5732] 2015/02/20 07:50:14.488 收到 Head 資訊 {Count 2} {Type C } 
[5732] 2015/02/20 07:50:14.490 收到 Head 資訊 {Count 2} {Type C } 
[5732] 2015/02/20 07:50:14.492 收到 Head 資訊 {Count 2} {Type C } 
[5732] 2015/02/20 07:50:14.495 收到 Head 資訊 {Count 2} {Type C } 
[5732] 2015/02/20 07:50:14.497 收到 Head 資訊 {Count 2} {Type C } 
[5732] 2015/02/20 07:50:14.499 收到 Head 資訊 {Count 2} {Type C } 
[5732] 2015/02/20 07:50:14.501 收到 Head 資訊 {Count 2} {Type C } 
[5732] 2015/02/20 07:50:14.503 收到 Head 資訊 {Count 2} {Type C } 
[5732] 2015/02/20 07:50:14.504 收到 Head 資訊 {Count 2} {Type C } 
[5732] 2015/02/20 07:50:14.506 收到 Head 資訊 {Count 2} {Type C } 
[5732] 2015/02/20 07:50:14.508 收到 Head 資訊 {Count 2} {Type C } 
[5732] 2015/02/20 07:50:14.510 收到 Head 資訊 {Count 2} {Type C } 
[5732] 2015/02/20 07:50:14.512 收到 Head 資訊 {Count 2} {Type C } 
[5732] 2015/02/20 07:50:14.514 收到 Head 資訊 {Count 2} {Type C } 
[5732] 2015/02/20 07:50:14.516 收到 Head 資訊 {Count 2} {Type C } 
[5732] 2015/02/20 07:50:14.518 收到 Head 資訊 {Count 2} {Type C } 
[5732] 2015/02/20 07:50:14.519 收到 Head 資訊 {Count 2} {Type C } 
[5732] 2015/02/20 07:50:14.521 收到 Head 資訊 {Count 2} {Type C } 
[5732] 2015/02/20 07:50:14.523 收到 Head 資訊 {Count 2} {Type C } 
[5732] 2015/02/20 07:50:14.525 收到 Head 資訊 {Count 2} {Type C } 
[5732] 2015/02/20 07:50:14.527 收到 Head 資訊 {Count 2} {Type C } 
[5732] 2015/02/20 07:50:14.528 收到 Head 資訊 {Count 2} {Type C } 
[5732] 2015/02/20 07:50:14.530 收到 Head 資訊 {Count 2} {Type C } 
[5732] 2015/02/20 07:50:14.532 收到 Head 資訊 {Count 2} {Type C } 
[5732] 2015/02/20 07:50:14.534 收到 Head 資訊 {Count 2} {Type C } 
[5732] 2015/02/20 07:50:14.536 收到 Head 資訊 {Count 2} {Type C } 
[5732] 2015/02/20 07:50:14.538 收到 Head 資訊 {Count 2} {Type C } 
[5732] 2015/02/20 07:50:14.540 收到 Head 資訊 {Count 2} {Type C } 
[5732] 2015/02/20 07:50:14.542 收到 Head 資訊 {Count 2} {Type C } 
[5732] 2015/02/20 07:50:14.543 收到 Head 資訊 {Count 2} {Type C } 
[5732] 2015/02/20 07:50:14.545 收到 Head 資訊 {Count 2} {Type C } 
[5732] 2015/02/20 07:50:14.547 收到 Head 資訊 {Count 2} {Type C } 
[5732] 2015/02/20 07:50:14.549 收到 Head 資訊 {Count 2} {Type C } 
[5732] 2015/02/20 07:50:14.550 收到 Head 資訊 {Count 2} {Type C } 
[5732] 2015/02/20 07:50:14.552 收到 Head 資訊 {Count 2} {Type C } 
[5732] 2015/02/20 07:50:14.554 收到 Head 資訊 {Count 2} {Type C } 
[5732] 2015/02/20 07:50:14.556 收到 Head 資訊 {Count 2} {Type C } 
[5732] 2015/02/20 07:50:14.558 收到 Head 資訊 {Count 2} {Type C } 
[5732] 2015/02/20 07:50:14.559 收到 Head 資訊 {Count 2} {Type C } 
[5732] 2015/02/20 07:50:14.561 收到 Head 資訊 {Count 2} {Type C } 
[5732] 2015/02/20 07:50:14.563 收到 Head 資訊 {Count 2} {Type C } 
[5732] 2015/02/20 07:50:14.565 收到 Head 資訊 {Count 2} {Type C } 
[5732] 2015/02/20 07:50:14.567 收到 Head 資訊 {Count 2} {Type C } 
[5732] 2015/02/20 07:50:14.568 收到 Head 資訊 {Count 2} {Type C } 
[5732] 2015/02/20 07:50:14.570 收到 Head 資訊 {Count 2} {Type C } 
[5732] 2015/02/20 07:50:14.572 收到 Head 資訊 {Count 2} {Type C } 
[5732] 2015/02/20 07:50:14.574 收到 Head 資訊 {Count 2} {Type C } 
[5732] 2015/02/20 07:50:14.576 收到 Head 資訊 {Count 2} {Type C } 
[5732] 2015/02/20 07:50:14.577 收到 Head 資訊 {Count 2} {Type C } 
[5732] 2015/02/20 07:50:14.579 收到 Head 資訊 {Count 2} {Type C } 
[5732] 2015/02/20 07:50:14.581 收到 Head 資訊 {Count 2} {Type C } 
[5732] 2015/02/20 07:50:14.583 收到 Head 資訊 {Count 2} {Type C } 
[5732] 2015/02/20 07:50:14.585 收到 Head 資訊 {Count 2} {Type C } 
[5732] 2015/02/20 07:50:14.586 收到 Head 資訊 {Count 2} {Type C } 
[5732] 2015/02/20 07:50:14.588 收到 Head 資訊 {Count 2} {Type C } 
[5732] 2015/02/20 07:50:14.590 收到 Head 資訊 {Count 2} {Type C } 
[5732] 2015/02/20 07:50:14.592 收到 Head 資訊 {Count 2} {Type C } 
[5732] 2015/02/20 07:50:14.594 收到 Head 資訊 {Count 2} {Type C } 
[5732] 2015/02/20 07:50:14.596 收到 Head 資訊 {Count 2} {Type B } 
[5732] 2015/02/20 07:51:13.444 連線確認 E122828927 (21,21)
[5732] 2015/02/20 07:52:13.457 連線確認 E122828927 (21,21)
[5732] 2015/02/20 07:53:13.471 連線確認 E122828927 (21,21)
[5732] 2015/02/20 07:54:13.485 連線確認 E122828927 (21,21)
[5732] 2015/02/20 07:54:45.761 收到 Head 資訊 {Count 2} {Type C } 
[5732] 2015/02/20 07:55:13.498 連線確認 E122828927 (21,21)
[5732] 2015/02/20 07:55:14.287 收到 Head 資訊 {Count 2} {Type B } 
[5732] 2015/02/20 07:56:13.512 連線確認 E122828927 (21,21)
[5732] 2015/02/20 07:56:15.763 收到 Head 資訊 {Count 2} {Type C } 
[5732] 2015/02/20 07:56:25.748 收到 Head 資訊 {Count 2} {Type C } 
[5732] 2015/02/20 07:56:35.762 收到 Head 資訊 {Count 2} {Type C } 
[5732] 2015/02/20 07:57:13.525 連線確認 E122828927 (21,21)
[5732] 2015/02/20 07:58:13.539 連線確認 E122828927 (21,21)
[5732] 2015/02/20 07:59:13.553 連線確認 E122828927 (21,21)
[5732] 2015/02/20 08:00:13.566 連線確認 E122828927 (21,21)
[5732] 2015/02/20 08:00:15.580 收到 Head 資訊 {Count 2} {Type B } 
[5732] 2015/02/20 08:01:13.579 連線確認 E122828927 (21,21)
[5732] 2015/02/20 08:02:13.593 連線確認 E122828927 (21,21)
[5732] 2015/02/20 08:03:13.607 連線確認 E122828927 (21,21)
[5732] 2015/02/20 08:04:13.620 連線確認 E122828927 (21,21)
[5732] 2015/02/20 08:04:56.329 收到 Head 資訊 {Count 2} {Type C } 
[5732] 2015/02/20 08:05:13.634 連線確認 E122828927 (21,21)
[5732] 2015/02/20 08:05:16.591 收到 Head 資訊 {Count 2} {Type B } 
[5732] 2015/02/20 08:06:13.648 連線確認 E122828927 (21,21)
[5732] 2015/02/20 08:06:36.336 收到 Head 資訊 {Count 2} {Type C } 
[5732] 2015/02/20 08:06:46.334 收到 Head 資訊 {Count 2} {Type C } 
[5732] 2015/02/20 08:06:56.319 收到 Head 資訊 {Count 2} {Type C } 
[5732] 2015/02/20 08:07:13.661 連線確認 E122828927 (21,21)
[5732] 2015/02/20 08:08:13.675 連線確認 E122828927 (21,21)
[5732] 2015/02/20 08:09:13.688 連線確認 E122828927 (21,21)
[5732] 2015/02/20 08:10:13.701 連線確認 E122828927 (21,21)
[5732] 2015/02/20 08:10:17.569 收到 Head 資訊 {Count 2} {Type B } 
[5732] 2015/02/20 08:11:13.716 連線確認 E122828927 (21,21)
[5732] 2015/02/20 08:12:13.729 連線確認 E122828927 (21,21)
[5732] 2015/02/20 08:13:13.743 連線確認 E122828927 (21,21)
[5732] 2015/02/20 08:14:13.756 連線確認 E122828927 (21,21)
[5732] 2015/02/20 08:15:18.546 連線確認 E122828927 (21,21)
[5732] 2015/02/20 08:15:22.302 收到 Head 資訊 {Count 2} {Type B } 
[5732] 2015/02/20 08:16:18.525 連線確認 E122828927 (21,21)
[5732] 2015/02/20 08:16:26.304 收到 Head 資訊 {Count 2} {Type C } 
[5732] 2015/02/20 08:16:36.305 收到 Head 資訊 {Count 2} {Type C } 
[5732] 2015/02/20 08:16:46.306 收到 Head 資訊 {Count 2} {Type C } 
[5732] 2015/02/20 08:17:18.538 連線確認 E122828927 (21,21)
[5732] 2015/02/20 08:18:18.553 連線確認 E122828927 (21,21)
[5732] 2015/02/20 08:19:18.566 連線確認 E122828927 (21,21)
[5732] 2015/02/20 08:20:18.580 連線確認 E122828927 (21,21)
[5732] 2015/02/20 08:20:19.418 收到 Head 資訊 {Count 2} {Type B } 
[5732] 2015/02/20 08:21:18.594 連線確認 E122828927 (21,21)
[5732] 2015/02/20 08:22:18.608 連線確認 E122828927 (21,21)
[5732] 2015/02/20 08:23:18.620 連線確認 E122828927 (21,21)
[5732] 2015/02/20 08:24:18.634 連線確認 E122828927 (21,21)
[5732] 2015/02/20 08:25:18.649 連線確認 E122828927 (21,21)
[5732] 2015/02/20 08:25:20.417 收到 Head 資訊 {Count 2} {Type B } 
[5732] 2015/02/20 08:26:18.661 連線確認 E122828927 (21,21)
[5732] 2015/02/20 08:26:26.499 收到 Head 資訊 {Count 2} {Type C } 
[5732] 2015/02/20 08:26:36.496 收到 Head 資訊 {Count 2} {Type C } 
[5732] 2015/02/20 08:26:46.507 收到 Head 資訊 {Count 2} {Type C } 
[5732] 2015/02/20 08:27:18.675 連線確認 E122828927 (21,21)
[5732] 2015/02/20 08:28:18.689 連線確認 E122828927 (21,21)
[5732] 2015/02/20 08:29:18.703 連線確認 E122828927 (21,21)
[5732] 2015/02/20 08:30:18.717 連線確認 E122828927 (21,21)
[5732] 2015/02/20 08:30:21.406 收到 Head 資訊 {Count 2} {Type B } 
[5732] 2015/02/20 08:31:18.742 連線確認 E122828927 (21,21)
[5732] 2015/02/20 08:32:18.743 連線確認 E122828927 (21,21)
[5732] 2015/02/20 08:33:18.756 連線確認 E122828927 (21,21)
[5732] 2015/02/20 08:34:18.771 連線確認 E122828927 (21,21)
[5732] 2015/02/20 08:35:18.783 連線確認 E122828927 (21,21)
[5732] 2015/02/20 08:35:22.827 收到 Head 資訊 {Count 2} {Type B } 
[5732] 2015/02/20 08:36:18.797 連線確認 E122828927 (21,21)
[5732] 2015/02/20 08:37:18.810 連線確認 E122828927 (21,21)
[5732] 2015/02/20 08:38:18.825 連線確認 E122828927 (21,21)
[5732] 2015/02/20 08:39:18.838 連線確認 E122828927 (21,21)
[5732] 2015/02/20 08:40:18.851 連線確認 E122828927 (21,21)
[5732] 2015/02/20 08:40:23.815 收到 Head 資訊 {Count 2} {Type B } 
[5732] 2015/02/20 08:41:18.866 連線確認 E122828927 (21,21)
[5732] 2015/02/20 08:42:18.879 連線確認 E122828927 (21,21)
[5732] 2015/02/20 08:43:18.893 連線確認 E122828927 (21,21)
[5732] 2015/02/20 08:44:18.906 連線確認 E122828927 (21,21)
[5732] 2015/02/20 08:45:18.920 連線確認 E122828927 (21,21)
[5732] 2015/02/20 08:45:24.815 收到 Head 資訊 {Count 2} {Type B } 
[5732] 2015/02/20 08:46:18.933 連線確認 E122828927 (21,21)
[5732] 2015/02/20 08:47:18.946 連線確認 E122828927 (21,21)
[5732] 2015/02/20 08:48:18.960 連線確認 E122828927 (21,21)
[5732] 2015/02/20 08:49:18.975 連線確認 E122828927 (21,21)
[5732] 2015/02/20 08:50:18.988 連線確認 E122828927 (21,21)
[5732] 2015/02/20 08:50:25.746 收到 Head 資訊 {Count 2} {Type B } 
[5732] 2015/02/20 08:51:19.002 連線確認 E122828927 (21,21)
[5732] 2015/02/20 08:51:24.727 收到 Head 資訊 {Count 2} {Type D } 
[5732] 2015/02/20 08:52:19.015 連線確認 E122828927 (21,21)
[5732] 2015/02/20 08:53:19.028 連線確認 E122828927 (21,21)
[5732] 2015/02/20 08:54:19.043 連線確認 E122828927 (21,21)
[5732] 2015/02/20 08:55:19.055 連線確認 E122828927 (21,21)
[5732] 2015/02/20 08:55:26.738 收到 Head 資訊 {Count 2} {Type B } 
[5732] 2015/02/20 08:56:19.070 連線確認 E122828927 (21,21)
[5732] 2015/02/20 08:57:19.082 連線確認 E122828927 (21,21)
[5732] 2015/02/20 08:58:19.096 連線確認 E122828927 (21,21)
[5732] 2015/02/20 08:59:19.109 連線確認 E122828927 (21,21)
[5732] 2015/02/20 09:00:19.123 連線確認 E122828927 (21,21)
[5732] 2015/02/20 09:00:27.750 收到 Head 資訊 {Count 2} {Type B } 
[5732] 2015/02/20 09:01:19.137 連線確認 E122828927 (21,21)
[5732] 2015/02/20 09:02:19.150 連線確認 E122828927 (21,21)
[5732] 2015/02/20 09:03:19.164 連線確認 E122828927 (21,21)
[5732] 2015/02/20 09:04:19.179 連線確認 E122828927 (21,21)
[5732] 2015/02/20 09:05:19.191 連線確認 E122828927 (21,21)
[5732] 2015/02/20 09:05:28.688 收到 Head 資訊 {Count 2} {Type B } 
[5732] 2015/02/20 09:06:19.205 連線確認 E122828927 (21,21)
[5732] 2015/02/20 09:07:19.219 連線確認 E122828927 (21,21)
[5732] 2015/02/20 09:08:19.232 連線確認 E122828927 (21,21)
[5732] 2015/02/20 09:09:19.246 連線確認 E122828927 (21,21)
[5732] 2015/02/20 09:10:19.260 連線確認 E122828927 (21,21)
[5732] 2015/02/20 09:10:29.687 收到 Head 資訊 {Count 2} {Type B } 
[5732] 2015/02/20 09:11:19.274 連線確認 E122828927 (21,21)
[5732] 2015/02/20 09:12:19.286 連線確認 E122828927 (21,21)
[5732] 2015/02/20 09:13:19.300 連線確認 E122828927 (21,21)
[5732] 2015/02/20 09:14:19.314 連線確認 E122828927 (21,21)
[5732] 2015/02/20 09:15:19.326 連線確認 E122828927 (21,21)
[5732] 2015/02/20 09:15:30.686 收到 Head 資訊 {Count 2} {Type B } 
[5732] 2015/02/20 09:16:19.341 連線確認 E122828927 (21,21)
[5732] 2015/02/20 09:17:19.355 連線確認 E122828927 (21,21)
[5732] 2015/02/20 09:18:19.369 連線確認 E122828927 (21,21)
[5732] 2015/02/20 09:19:19.382 連線確認 E122828927 (21,21)
[5732] 2015/02/20 09:20:19.394 連線確認 E122828927 (21,21)
[5732] 2015/02/20 09:20:31.682 收到 Head 資訊 {Count 2} {Type B } 
[5732] 2015/02/20 09:21:19.408 連線確認 E122828927 (21,21)
[5732] 2015/02/20 09:22:19.423 連線確認 E122828927 (21,21)
[5732] 2015/02/20 09:23:19.435 連線確認 E122828927 (21,21)
[5732] 2015/02/20 09:24:19.450 連線確認 E122828927 (21,21)
[5732] 2015/02/20 09:25:19.463 連線確認 E122828927 (21,21)
[5732] 2015/02/20 09:25:31.947 收到 Head 資訊 {Count 2} {Type B } 
[5732] 2015/02/20 09:26:19.477 連線確認 E122828927 (21,21)
[5732] 2015/02/20 09:27:19.490 連線確認 E122828927 (21,21)
[5732] 2015/02/20 09:28:19.504 連線確認 E122828927 (21,21)
[5732] 2015/02/20 09:29:19.518 連線確認 E122828927 (21,21)
[5732] 2015/02/20 09:30:19.530 連線確認 E122828927 (21,21)
[5732] 2015/02/20 09:30:32.928 收到 Head 資訊 {Count 2} {Type B } 
[5732] 2015/02/20 09:31:19.544 連線確認 E122828927 (21,21)
[5732] 2015/02/20 09:32:19.558 連線確認 E122828927 (21,21)
[5732] 2015/02/20 09:32:47.896 收到 Head 資訊 {Count 2} {Type D } 
[5732] 2015/02/20 09:33:19.573 連線確認 E122828927 (21,21)
[5732] 2015/02/20 09:34:19.586 連線確認 E122828927 (21,21)
[5732] 2015/02/20 09:35:19.600 連線確認 E122828927 (21,21)
[5732] 2015/02/20 09:35:33.940 收到 Head 資訊 {Count 2} {Type B } 
[5732] 2015/02/20 09:36:19.613 連線確認 E122828927 (21,21)
[5732] 2015/02/20 09:37:19.626 連線確認 E122828927 (21,21)
[5732] 2015/02/20 09:38:19.640 連線確認 E122828927 (21,21)
[5732] 2015/02/20 09:39:19.652 連線確認 E122828927 (21,21)
[5732] 2015/02/20 09:40:19.667 連線確認 E122828927 (21,21)
[5732] 2015/02/20 09:40:35.195 收到 Head 資訊 {Count 2} {Type B } 
[5732] 2015/02/20 09:41:19.680 連線確認 E122828927 (21,21)
[5732] 2015/02/20 09:42:19.694 連線確認 E122828927 (21,21)
[5732] 2015/02/20 09:43:19.707 連線確認 E122828927 (21,21)
[5732] 2015/02/20 09:44:19.722 連線確認 E122828927 (21,21)
[5732] 2015/02/20 09:45:19.735 連線確認 E122828927 (21,21)
[5732] 2015/02/20 09:45:36.195 收到 Head 資訊 {Count 2} {Type B } 
[5732] 2015/02/20 09:46:06.965 收到 Head 資訊 {Count 2} {Type C } 
[5732] 2015/02/20 09:46:16.953 收到 Head 資訊 {Count 2} {Type C } 
[5732] 2015/02/20 09:46:19.748 連線確認 E122828927 (21,21)
[5732] 2015/02/20 09:46:26.963 收到 Head 資訊 {Count 2} {Type C } 
[5732] 2015/02/20 09:47:19.763 連線確認 E122828927 (21,21)
[5732] 2015/02/20 09:48:19.775 連線確認 E122828927 (21,21)
[5732] 2015/02/20 09:49:19.789 連線確認 E122828927 (21,21)
[5732] 2015/02/20 09:50:19.803 連線確認 E122828927 (21,21)
[5732] 2015/02/20 09:50:37.185 收到 Head 資訊 {Count 2} {Type B } 
[5732] 2015/02/20 09:51:19.817 連線確認 E122828927 (21,21)
[5732] 2015/02/20 09:52:19.830 連線確認 E122828927 (21,21)
[5732] 2015/02/20 09:53:19.843 連線確認 E122828927 (21,21)
[5732] 2015/02/20 09:54:19.858 連線確認 E122828927 (21,21)
[5732] 2015/02/20 09:55:19.871 連線確認 E122828927 (21,21)
[5732] 2015/02/20 09:55:37.936 收到 Head 資訊 {Count 2} {Type B } 
[5732] 2015/02/20 09:56:19.884 連線確認 E122828927 (21,21)
[5732] 2015/02/20 09:57:19.898 連線確認 E122828927 (21,21)
[5732] 2015/02/20 09:58:19.912 連線確認 E122828927 (21,21)
[5732] 2015/02/20 09:59:19.926 連線確認 E122828927 (21,21)
[5732] 2015/02/20 10:00:19.938 連線確認 E122828927 (21,21)
[5732] 2015/02/20 10:00:38.947 收到 Head 資訊 {Count 2} {Type B } 
[5732] 2015/02/20 10:01:19.952 連線確認 E122828927 (21,21)
[5732] 2015/02/20 10:02:19.966 連線確認 E122828927 (21,21)
[5732] 2015/02/20 10:03:19.978 連線確認 E122828927 (21,21)
[5732] 2015/02/20 10:04:19.994 連線確認 E122828927 (21,21)
[5732] 2015/02/20 10:04:26.862 收到 Head 資訊 {Count 2} {Type C } 
[5732] 2015/02/20 10:05:20.006 連線確認 E122828927 (21,21)
[5732] 2015/02/20 10:05:39.936 收到 Head 資訊 {Count 2} {Type B } 
[5732] 2015/02/20 10:06:20.021 連線確認 E122828927 (21,21)
[5732] 2015/02/20 10:07:20.033 連線確認 E122828927 (21,21)
[5732] 2015/02/20 10:08:20.046 連線確認 E122828927 (21,21)
[5732] 2015/02/20 10:09:20.062 連線確認 E122828927 (21,21)
[5732] 2015/02/20 10:10:20.074 連線確認 E122828927 (21,21)
[5732] 2015/02/20 10:10:41.086 收到 Head 資訊 {Count 2} {Type B } 
[5732] 2015/02/20 10:11:20.089 連線確認 E122828927 (21,21)
[5732] 2015/02/20 10:12:20.101 連線確認 E122828927 (21,21)
[5732] 2015/02/20 10:13:20.114 連線確認 E122828927 (21,21)
[5732] 2015/02/20 10:14:07.209 收到 Head 資訊 {Count 2} {Type C } 
[5732] 2015/02/20 10:14:20.128 連線確認 E122828927 (21,21)
[5732] 2015/02/20 10:14:45.995 收到 Head 資訊 {Count 2} {Type C } 
[5732] 2015/02/20 10:14:56.014 收到 Head 資訊 {Count 2} {Type C } 
[5732] 2015/02/20 10:15:06.005 收到 Head 資訊 {Count 2} {Type C } 
[5732] 2015/02/20 10:15:16.002 收到 Head 資訊 {Count 2} {Type C } 
[5732] 2015/02/20 10:15:20.142 連線確認 E122828927 (21,21)
[5732] 2015/02/20 10:15:26.011 收到 Head 資訊 {Count 2} {Type C } 
[5732] 2015/02/20 10:15:36.009 收到 Head 資訊 {Count 2} {Type C } 
[5732] 2015/02/20 10:15:42.097 收到 Head 資訊 {Count 2} {Type B } 
[5732] 2015/02/20 10:16:20.157 連線確認 E122828927 (21,21)
[5732] 2015/02/20 10:17:20.170 連線確認 E122828927 (21,21)
[5732] 2015/02/20 10:17:46.021 收到 Head 資訊 {Count 2} {Type C } 
[5732] 2015/02/20 10:17:56.009 收到 Head 資訊 {Count 2} {Type C } 
[5732] 2015/02/20 10:18:06.013 收到 Head 資訊 {Count 2} {Type C } 
[5732] 2015/02/20 10:18:20.184 連線確認 E122828927 (21,21)
[5732] 2015/02/20 10:19:20.197 連線確認 E122828927 (21,21)
[5732] 2015/02/20 10:20:20.210 連線確認 E122828927 (21,21)
[5732] 2015/02/20 10:20:43.085 收到 Head 資訊 {Count 2} {Type B } 
[5732] 2015/02/20 10:21:20.224 連線確認 E122828927 (21,21)
[5732] 2015/02/20 10:22:20.238 連線確認 E122828927 (21,21)
[5732] 2015/02/20 10:23:20.250 連線確認 E122828927 (21,21)
[5732] 2015/02/20 10:24:20.265 連線確認 E122828927 (21,21)
[5732] 2015/02/20 10:25:20.279 連線確認 E122828927 (21,21)
[5732] 2015/02/20 10:25:43.996 收到 Head 資訊 {Count 2} {Type B } 
[5732] 2015/02/20 10:26:20.292 連線確認 E122828927 (21,21)
[5732] 2015/02/20 10:27:20.306 連線確認 E122828927 (21,21)
[5732] 2015/02/20 10:27:26.117 收到 Head 資訊 {Count 2} {Type C } 
[5732] 2015/02/20 10:27:36.109 收到 Head 資訊 {Count 2} {Type C } 
[5732] 2015/02/20 10:27:46.105 收到 Head 資訊 {Count 2} {Type C } 
[5732] 2015/02/20 10:28:20.320 連線確認 E122828927 (21,21)
[5732] 2015/02/20 10:29:20.333 連線確認 E122828927 (21,21)
[5732] 2015/02/20 10:30:20.346 連線確認 E122828927 (21,21)
[5732] 2015/02/20 10:30:44.979 收到 Head 資訊 {Count 2} {Type B } 
[5732] 2015/02/20 10:31:20.359 連線確認 E122828927 (21,21)
[5732] 2015/02/20 10:32:20.394 連線確認 E122828927 (21,21)
[5732] 2015/02/20 10:33:20.387 連線確認 E122828927 (21,21)
[5732] 2015/02/20 10:34:06.296 收到 Head 資訊 {Count 2} {Type C } 
[5732] 2015/02/20 10:34:20.400 連線確認 E122828927 (21,21)
[5732] 2015/02/20 10:35:20.414 連線確認 E122828927 (21,21)
[5732] 2015/02/20 10:35:45.986 收到 Head 資訊 {Count 2} {Type B } 
[5732] 2015/02/20 10:36:20.427 連線確認 E122828927 (21,21)
[5732] 2015/02/20 10:37:20.441 連線確認 E122828927 (21,21)
[5732] 2015/02/20 10:37:56.052 收到 Head 資訊 {Count 2} {Type C } 
[5732] 2015/02/20 10:38:06.064 收到 Head 資訊 {Count 2} {Type C } 
[5732] 2015/02/20 10:38:20.455 連線確認 E122828927 (21,21)
[5732] 2015/02/20 10:38:20.634 收到 Head 資訊 {Count 2} {Type C } 
[5732] 2015/02/20 10:39:20.469 連線確認 E122828927 (21,21)
[5732] 2015/02/20 10:40:20.483 連線確認 E122828927 (21,21)
[5732] 2015/02/20 10:40:46.883 收到 Head 資訊 {Count 2} {Type B } 
[5732] 2015/02/20 10:41:20.496 連線確認 E122828927 (21,21)
[5732] 2015/02/20 10:42:20.509 連線確認 E122828927 (21,21)
[5732] 2015/02/20 10:43:20.523 連線確認 E122828927 (21,21)
[5732] 2015/02/20 10:44:20.536 連線確認 E122828927 (21,21)
[5732] 2015/02/20 10:44:26.142 收到 Head 資訊 {Count 2} {Type C } 
[5732] 2015/02/20 10:45:20.551 連線確認 E122828927 (21,21)
[5732] 2015/02/20 10:45:47.878 收到 Head 資訊 {Count 2} {Type B } 
[5732] 2015/02/20 10:46:20.563 連線確認 E122828927 (21,21)
[5732] 2015/02/20 10:47:20.578 連線確認 E122828927 (21,21)
[5732] 2015/02/20 10:47:46.165 收到 Head 資訊 {Count 2} {Type C } 
[5732] 2015/02/20 10:47:56.157 收到 Head 資訊 {Count 2} {Type C } 
[5732] 2015/02/20 10:48:06.159 收到 Head 資訊 {Count 2} {Type C } 
[5732] 2015/02/20 10:48:20.591 連線確認 E122828927 (21,21)
[5732] 2015/02/20 10:49:20.604 連線確認 E122828927 (21,21)
[5732] 2015/02/20 10:50:20.618 連線確認 E122828927 (21,21)
[5732] 2015/02/20 10:50:48.884 收到 Head 資訊 {Count 2} {Type B } 
[5732] 2015/02/20 10:51:20.631 連線確認 E122828927 (21,21)
[5732] 2015/02/20 10:52:20.645 連線確認 E122828927 (21,21)
[5732] 2015/02/20 10:53:20.659 連線確認 E122828927 (21,21)
[5732] 2015/02/20 10:54:20.672 連線確認 E122828927 (21,21)
[5732] 2015/02/20 10:54:46.104 收到 Head 資訊 {Count 2} {Type C } 
[5732] 2015/02/20 10:54:56.107 收到 Head 資訊 {Count 2} {Type C } 
[5732] 2015/02/20 10:55:20.686 連線確認 E122828927 (21,21)
[5732] 2015/02/20 10:55:49.873 收到 Head 資訊 {Count 2} {Type B } 
[5732] 2015/02/20 10:56:20.700 連線確認 E122828927 (21,21)
[5732] 2015/02/20 10:57:20.712 連線確認 E122828927 (21,21)
[5732] 2015/02/20 10:58:20.726 連線確認 E122828927 (21,21)
[5732] 2015/02/20 10:58:26.116 收到 Head 資訊 {Count 2} {Type C } 
[5732] 2015/02/20 10:58:36.118 收到 Head 資訊 {Count 2} {Type C } 
[5732] 2015/02/20 10:58:46.122 收到 Head 資訊 {Count 2} {Type C } 
[5732] 2015/02/20 10:59:20.740 連線確認 E122828927 (21,21)
[5732] 2015/02/20 11:00:20.754 連線確認 E122828927 (21,21)
[5732] 2015/02/20 11:00:50.863 收到 Head 資訊 {Count 2} {Type B } 
[5732] 2015/02/20 11:01:20.767 連線確認 E122828927 (21,21)
[5732] 2015/02/20 11:02:20.782 連線確認 E122828927 (21,21)
[5732] 2015/02/20 11:03:20.794 連線確認 E122828927 (21,21)
[5732] 2015/02/20 11:04:20.809 連線確認 E122828927 (21,21)
[5732] 2015/02/20 11:05:20.822 連線確認 E122828927 (21,21)
[5732] 2015/02/20 11:05:51.859 收到 Head 資訊 {Count 2} {Type B } 
[5732] 2015/02/20 11:06:20.834 連線確認 E122828927 (21,21)
[5732] 2015/02/20 11:07:20.848 連線確認 E122828927 (21,21)
[5732] 2015/02/20 11:08:16.352 收到 Head 資訊 {Count 2} {Type C } 
[5732] 2015/02/20 11:08:20.862 連線確認 E122828927 (21,21)
[5732] 2015/02/20 11:08:26.348 收到 Head 資訊 {Count 2} {Type C } 
[5732] 2015/02/20 11:08:36.341 收到 Head 資訊 {Count 2} {Type C } 
[5732] 2015/02/20 11:09:20.875 連線確認 E122828927 (21,21)
[5732] 2015/02/20 11:10:20.890 連線確認 E122828927 (21,21)
[5732] 2015/02/20 11:10:52.851 收到 Head 資訊 {Count 2} {Type B } 
[5732] 2015/02/20 11:11:20.903 連線確認 E122828927 (21,21)
[5732] 2015/02/20 11:12:20.917 連線確認 E122828927 (21,21)
[5732] 2015/02/20 11:13:20.930 連線確認 E122828927 (21,21)
[5732] 2015/02/20 11:14:20.944 連線確認 E122828927 (21,21)
[5732] 2015/02/20 11:15:20.957 連線確認 E122828927 (21,21)
[5732] 2015/02/20 11:15:53.850 收到 Head 資訊 {Count 2} {Type B } 
[5732] 2015/02/20 11:16:20.971 連線確認 E122828927 (21,21)
[5732] 2015/02/20 11:17:20.985 連線確認 E122828927 (21,21)
[5732] 2015/02/20 11:18:20.998 連線確認 E122828927 (21,21)
[5732] 2015/02/20 11:19:21.012 連線確認 E122828927 (21,21)
[5732] 2015/02/20 11:20:21.025 連線確認 E122828927 (21,21)
[5732] 2015/02/20 11:20:54.850 收到 Head 資訊 {Count 2} {Type B } 
[5732] 2015/02/20 11:21:21.039 連線確認 E122828927 (21,21)
[5732] 2015/02/20 11:22:21.052 連線確認 E122828927 (21,21)
[5732] 2015/02/20 11:23:21.066 連線確認 E122828927 (21,21)
[5732] 2015/02/20 11:24:21.080 連線確認 E122828927 (21,21)
[5732] 2015/02/20 11:25:21.094 連線確認 E122828927 (21,21)
[5732] 2015/02/20 11:25:55.859 收到 Head 資訊 {Count 2} {Type B } 
[5732] 2015/02/20 11:26:21.106 連線確認 E122828927 (21,21)
[5732] 2015/02/20 11:27:21.121 連線確認 E122828927 (21,21)
[5732] 2015/02/20 11:28:21.133 連線確認 E122828927 (21,21)
[5732] 2015/02/20 11:29:21.147 連線確認 E122828927 (21,21)
[5732] 2015/02/20 11:30:21.161 連線確認 E122828927 (21,21)
[5732] 2015/02/20 11:30:56.849 收到 Head 資訊 {Count 2} {Type B } 
[5732] 2015/02/20 11:31:21.175 連線確認 E122828927 (21,21)
[5732] 2015/02/20 11:32:21.188 連線確認 E122828927 (21,21)
[5732] 2015/02/20 11:33:21.201 連線確認 E122828927 (21,21)
[5732] 2015/02/20 11:34:21.215 連線確認 E122828927 (21,21)
[5732] 2015/02/20 11:34:26.662 收到 Head 資訊 {Count 2} {Type C } 
[5732] 2015/02/20 11:35:21.229 連線確認 E122828927 (21,21)
[5732] 2015/02/20 11:35:57.834 收到 Head 資訊 {Count 2} {Type B } 
[5732] 2015/02/20 11:36:21.244 連線確認 E122828927 (21,21)
[5732] 2015/02/20 11:37:21.257 連線確認 E122828927 (21,21)
[5732] 2015/02/20 11:38:21.270 連線確認 E122828927 (21,21)
[5732] 2015/02/20 11:38:36.428 收到 Head 資訊 {Count 2} {Type C } 
[5732] 2015/02/20 11:38:46.425 收到 Head 資訊 {Count 2} {Type C } 
[5732] 2015/02/20 11:38:56.427 收到 Head 資訊 {Count 2} {Type C } 
[5732] 2015/02/20 11:39:21.285 連線確認 E122828927 (21,21)
[5732] 2015/02/20 11:40:21.297 連線確認 E122828927 (21,21)
[5732] 2015/02/20 11:40:59.432 收到 Head 資訊 {Count 2} {Type B } 
[5732] 2015/02/20 11:41:21.310 連線確認 E122828927 (21,21)
[5732] 2015/02/20 11:42:21.325 連線確認 E122828927 (21,21)
[5732] 2015/02/20 11:42:43.308 收到 Head 資訊 {Count 2} {Type D } 
[5732] 2015/02/20 11:43:21.338 連線確認 E122828927 (21,21)
[5732] 2015/02/20 11:44:21.351 連線確認 E122828927 (21,21)
[5732] 2015/02/20 11:45:21.364 連線確認 E122828927 (21,21)
[5732] 2015/02/20 11:46:00.414 收到 Head 資訊 {Count 2} {Type B } 
[5732] 2015/02/20 11:46:21.379 連線確認 E122828927 (21,21)
[5732] 2015/02/20 11:47:21.393 連線確認 E122828927 (21,21)
[5732] 2015/02/20 11:48:21.406 連線確認 E122828927 (21,21)
[5732] 2015/02/20 11:49:21.419 連線確認 E122828927 (21,21)
[5732] 2015/02/20 11:50:21.432 連線確認 E122828927 (21,21)
[5732] 2015/02/20 11:51:01.411 收到 Head 資訊 {Count 2} {Type B } 
[5732] 2015/02/20 11:51:21.447 連線確認 E122828927 (21,21)
[5732] 2015/02/20 11:52:21.459 連線確認 E122828927 (21,21)
[5732] 2015/02/20 11:53:21.474 連線確認 E122828927 (21,21)
[5732] 2015/02/20 11:54:21.487 連線確認 E122828927 (21,21)
[5732] 2015/02/20 11:55:21.500 連線確認 E122828927 (21,21)
[5732] 2015/02/20 11:56:02.215 收到 Head 資訊 {Count 2} {Type B } 
[5732] 2015/02/20 11:56:21.515 連線確認 E122828927 (21,21)
[5732] 2015/02/20 11:57:21.528 連線確認 E122828927 (21,21)
[5732] 2015/02/20 11:58:21.542 連線確認 E122828927 (21,21)
[5732] 2015/02/20 11:59:21.556 連線確認 E122828927 (21,21)
[5732] 2015/02/20 12:00:21.569 連線確認 E122828927 (21,21)
[5732] 2015/02/20 12:01:03.216 收到 Head 資訊 {Count 2} {Type B } 
[5732] 2015/02/20 12:01:21.582 連線確認 E122828927 (21,21)
[5732] 2015/02/20 12:02:21.596 連線確認 E122828927 (21,21)
[5732] 2015/02/20 12:03:21.610 連線確認 E122828927 (21,21)
[5732] 2015/02/20 12:04:21.623 連線確認 E122828927 (21,21)
[5732] 2015/02/20 12:05:21.637 連線確認 E122828927 (21,21)
[5732] 2015/02/20 12:06:04.197 收到 Head 資訊 {Count 2} {Type B } 
[5732] 2015/02/20 12:06:21.651 連線確認 E122828927 (21,21)
[5732] 2015/02/20 12:07:21.664 連線確認 E122828927 (21,21)
[5732] 2015/02/20 12:08:21.677 連線確認 E122828927 (21,21)
[5732] 2015/02/20 12:09:21.690 連線確認 E122828927 (21,21)
[5732] 2015/02/20 12:10:21.706 連線確認 E122828927 (21,21)
[5732] 2015/02/20 12:11:05.345 收到 Head 資訊 {Count 2} {Type B } 
[5732] 2015/02/20 12:11:21.718 連線確認 E122828927 (21,21)
[5732] 2015/02/20 12:12:21.731 連線確認 E122828927 (21,21)
[5732] 2015/02/20 12:13:21.745 連線確認 E122828927 (21,21)
[5732] 2015/02/20 12:14:07.486 收到 Head 資訊 {Count 2} {Type C } 
[5732] 2015/02/20 12:14:21.759 連線確認 E122828927 (21,21)
[5732] 2015/02/20 12:15:21.772 連線確認 E122828927 (21,21)
[5732] 2015/02/20 12:16:06.338 收到 Head 資訊 {Count 2} {Type B } 
[5732] 2015/02/20 12:16:21.786 連線確認 E122828927 (21,21)
[5732] 2015/02/20 12:17:21.800 連線確認 E122828927 (21,21)
[5732] 2015/02/20 12:18:21.813 連線確認 E122828927 (21,21)
[5732] 2015/02/20 12:18:47.269 收到 Head 資訊 {Count 2} {Type C } 
[5732] 2015/02/20 12:18:57.266 收到 Head 資訊 {Count 2} {Type C } 
[5732] 2015/02/20 12:19:07.276 收到 Head 資訊 {Count 2} {Type C } 
[5732] 2015/02/20 12:19:21.826 連線確認 E122828927 (21,21)
[5732] 2015/02/20 12:20:21.841 連線確認 E122828927 (21,21)
[5732] 2015/02/20 12:21:07.341 收到 Head 資訊 {Count 2} {Type B } 
[5732] 2015/02/20 12:21:21.854 連線確認 E122828927 (21,21)
[5732] 2015/02/20 12:22:21.868 連線確認 E122828927 (21,21)
[5732] 2015/02/20 12:23:21.881 連線確認 E122828927 (21,21)
[5732] 2015/02/20 12:24:17.933 收到 Head 資訊 {Count 2} {Type D } 
[5732] 2015/02/20 12:24:21.896 連線確認 E122828927 (21,21)
[5732] 2015/02/20 12:25:19.740 收到 Head 資訊 {Count 2} {Type D } 
[5732] 2015/02/20 12:25:21.909 連線確認 E122828927 (21,21)
[5732] 2015/02/20 12:26:07.399 收到 Head 資訊 {Count 2} {Type B } 
[5732] 2015/02/20 12:26:21.921 連線確認 E122828927 (21,21)
[5732] 2015/02/20 12:27:21.936 連線確認 E122828927 (21,21)
[5732] 2015/02/20 12:28:21.950 連線確認 E122828927 (21,21)
[5732] 2015/02/20 12:28:36.566 收到 Head 資訊 {Count 2} {Type C } 
[5732] 2015/02/20 12:28:46.566 收到 Head 資訊 {Count 2} {Type C } 
[5732] 2015/02/20 12:28:56.561 收到 Head 資訊 {Count 2} {Type C } 
[5732] 2015/02/20 12:29:21.962 連線確認 E122828927 (21,21)
[5732] 2015/02/20 12:30:21.977 連線確認 E122828927 (21,21)
[5732] 2015/02/20 12:31:08.394 收到 Head 資訊 {Count 2} {Type B } 
[5732] 2015/02/20 12:31:21.989 連線確認 E122828927 (21,21)
[5732] 2015/02/20 12:32:22.004 連線確認 E122828927 (21,21)
[5732] 2015/02/20 12:33:22.017 連線確認 E122828927 (21,21)
[5732] 2015/02/20 12:34:22.031 連線確認 E122828927 (21,21)
[5732] 2015/02/20 12:35:22.045 連線確認 E122828927 (21,21)
[5732] 2015/02/20 12:36:09.408 收到 Head 資訊 {Count 2} {Type B } 
[5732] 2015/02/20 12:36:22.058 連線確認 E122828927 (21,21)
[5732] 2015/02/20 12:37:22.071 連線確認 E122828927 (21,21)
[5732] 2015/02/20 12:38:22.085 連線確認 E122828927 (21,21)
[5732] 2015/02/20 12:39:22.098 連線確認 E122828927 (21,21)
[5732] 2015/02/20 12:40:22.112 連線確認 E122828927 (21,21)
[5732] 2015/02/20 12:41:10.757 收到 Head 資訊 {Count 2} {Type B } 
[5732] 2015/02/20 12:41:22.126 連線確認 E122828927 (21,21)
[5732] 2015/02/20 12:42:22.140 連線確認 E122828927 (21,21)
[5732] 2015/02/20 12:43:22.153 連線確認 E122828927 (21,21)
[5732] 2015/02/20 12:44:22.166 連線確認 E122828927 (21,21)
[5732] 2015/02/20 12:45:22.180 連線確認 E122828927 (21,21)
[5732] 2015/02/20 12:46:11.764 收到 Head 資訊 {Count 2} {Type B } 
[5732] 2015/02/20 12:46:22.193 連線確認 E122828927 (21,21)
[5732] 2015/02/20 12:47:22.207 連線確認 E122828927 (21,21)
[5732] 2015/02/20 12:48:22.220 連線確認 E122828927 (21,21)
[5732] 2015/02/20 12:49:22.234 連線確認 E122828927 (21,21)
[5732] 2015/02/20 12:50:22.249 連線確認 E122828927 (21,21)
[5732] 2015/02/20 12:51:12.747 收到 Head 資訊 {Count 2} {Type B } 
[5732] 2015/02/20 12:51:22.262 連線確認 E122828927 (21,21)
[5732] 2015/02/20 12:52:22.275 連線確認 E122828927 (21,21)
[5732] 2015/02/20 12:53:22.288 連線確認 E122828927 (21,21)
[5732] 2015/02/20 12:54:22.302 連線確認 E122828927 (21,21)
[5732] 2015/02/20 12:54:27.521 收到 Head 資訊 {Count 2} {Type C } 
[5732] 2015/02/20 12:55:22.316 連線確認 E122828927 (21,21)
[5732] 2015/02/20 12:56:13.764 收到 Head 資訊 {Count 2} {Type B } 
[5732] 2015/02/20 12:56:22.329 連線確認 E122828927 (21,21)
[5732] 2015/02/20 12:57:22.342 連線確認 E122828927 (21,21)
[5732] 2015/02/20 12:58:22.357 連線確認 E122828927 (21,21)
[5732] 2015/02/20 12:58:56.006 收到 Head 資訊 {Count 2} {Type C } 
[5732] 2015/02/20 12:59:06.011 收到 Head 資訊 {Count 2} {Type C } 
[5732] 2015/02/20 12:59:16.020 收到 Head 資訊 {Count 2} {Type C } 
[5732] 2015/02/20 12:59:22.371 連線確認 E122828927 (21,21)
[5732] 2015/02/20 13:00:22.385 連線確認 E122828927 (21,21)
[5732] 2015/02/20 13:01:14.750 收到 Head 資訊 {Count 2} {Type B } 
[5732] 2015/02/20 13:01:22.398 連線確認 E122828927 (21,21)
[5732] 2015/02/20 13:02:22.411 連線確認 E122828927 (21,21)
[5732] 2015/02/20 13:03:22.425 連線確認 E122828927 (21,21)
[5732] 2015/02/20 13:04:22.437 連線確認 E122828927 (21,21)
[5732] 2015/02/20 13:04:46.199 收到 Head 資訊 {Count 2} {Type C } 
[5732] 2015/02/20 13:04:56.198 收到 Head 資訊 {Count 2} {Type C } 
[5732] 2015/02/20 13:05:22.452 連線確認 E122828927 (21,21)
[5732] 2015/02/20 13:06:15.756 收到 Head 資訊 {Count 2} {Type B } 
[5732] 2015/02/20 13:06:22.465 連線確認 E122828927 (21,21)
[5732] 2015/02/20 13:07:22.479 連線確認 E122828927 (21,21)
[5732] 2015/02/20 13:08:22.492 連線確認 E122828927 (21,21)
[5732] 2015/02/20 13:09:16.215 收到 Head 資訊 {Count 2} {Type C } 
[5732] 2015/02/20 13:09:22.506 連線確認 E122828927 (21,21)
[5732] 2015/02/20 13:09:26.226 收到 Head 資訊 {Count 2} {Type C } 
[5732] 2015/02/20 13:09:36.217 收到 Head 資訊 {Count 2} {Type C } 
[5732] 2015/02/20 13:10:22.519 連線確認 E122828927 (21,21)
[5732] 2015/02/20 13:11:16.758 收到 Head 資訊 {Count 2} {Type B } 
[5732] 2015/02/20 13:11:22.534 連線確認 E122828927 (21,21)
[5732] 2015/02/20 13:12:22.547 連線確認 E122828927 (21,21)
[5732] 2015/02/20 13:13:22.561 連線確認 E122828927 (21,21)
[5732] 2015/02/20 13:14:22.574 連線確認 E122828927 (21,21)
[5732] 2015/02/20 13:15:22.588 連線確認 E122828927 (21,21)
[5732] 2015/02/20 13:16:17.749 收到 Head 資訊 {Count 2} {Type B } 
[5732] 2015/02/20 13:16:22.601 連線確認 E122828927 (21,21)
[5732] 2015/02/20 13:17:22.614 連線確認 E122828927 (21,21)
[5732] 2015/02/20 13:18:22.628 連線確認 E122828927 (21,21)
[5732] 2015/02/20 13:19:16.176 收到 Head 資訊 {Count 2} {Type C } 
[5732] 2015/02/20 13:19:22.642 連線確認 E122828927 (21,21)
[5732] 2015/02/20 13:19:26.179 收到 Head 資訊 {Count 2} {Type C } 
[5732] 2015/02/20 13:19:36.177 收到 Head 資訊 {Count 2} {Type C } 
[5732] 2015/02/20 13:20:22.655 連線確認 E122828927 (21,21)
[5732] 2015/02/20 13:21:18.752 收到 Head 資訊 {Count 2} {Type B } 
[5732] 2015/02/20 13:21:22.670 連線確認 E122828927 (21,21)
[5732] 2015/02/20 13:22:22.683 連線確認 E122828927 (21,21)
[5732] 2015/02/20 13:23:22.696 連線確認 E122828927 (21,21)
[5732] 2015/02/20 13:24:22.710 連線確認 E122828927 (21,21)
[5732] 2015/02/20 13:24:56.380 收到 Head 資訊 {Count 2} {Type C } 
[5732] 2015/02/20 13:25:22.723 連線確認 E122828927 (21,21)
[5732] 2015/02/20 13:26:19.732 收到 Head 資訊 {Count 2} {Type B } 
[5732] 2015/02/20 13:26:22.738 連線確認 E122828927 (21,21)
[5732] 2015/02/20 13:27:22.751 連線確認 E122828927 (21,21)
[5732] 2015/02/20 13:28:22.765 連線確認 E122828927 (21,21)
[5732] 2015/02/20 13:29:22.778 連線確認 E122828927 (21,21)
[5732] 2015/02/20 13:29:36.377 收到 Head 資訊 {Count 2} {Type C } 
[5732] 2015/02/20 13:29:46.372 收到 Head 資訊 {Count 2} {Type C } 
[5732] 2015/02/20 13:29:56.385 收到 Head 資訊 {Count 2} {Type C } 
[5732] 2015/02/20 13:30:22.790 連線確認 E122828927 (21,21)
[5732] 2015/02/20 13:31:20.730 收到 Head 資訊 {Count 2} {Type B } 
[5732] 2015/02/20 13:31:22.805 連線確認 E122828927 (21,21)
[5732] 2015/02/20 13:32:22.819 連線確認 E122828927 (21,21)
[5732] 2015/02/20 13:33:22.833 連線確認 E122828927 (21,21)
[5732] 2015/02/20 13:34:22.845 連線確認 E122828927 (21,21)
[5732] 2015/02/20 13:35:22.859 連線確認 E122828927 (21,21)
[5732] 2015/02/20 13:36:21.733 收到 Head 資訊 {Count 2} {Type B } 
[5732] 2015/02/20 13:36:22.873 連線確認 E122828927 (21,21)
[5732] 2015/02/20 13:37:22.886 連線確認 E122828927 (21,21)
[5732] 2015/02/20 13:38:22.901 連線確認 E122828927 (21,21)
[5732] 2015/02/20 13:39:22.914 連線確認 E122828927 (21,21)
[5732] 2015/02/20 13:39:26.287 收到 Head 資訊 {Count 2} {Type C } 
[5732] 2015/02/20 13:39:36.293 收到 Head 資訊 {Count 2} {Type C } 
[5732] 2015/02/20 13:39:46.303 收到 Head 資訊 {Count 2} {Type C } 
[5732] 2015/02/20 13:40:22.928 連線確認 E122828927 (21,21)
[5732] 2015/02/20 13:41:22.740 收到 Head 資訊 {Count 2} {Type B } 
[5732] 2015/02/20 13:41:22.941 連線確認 E122828927 (21,21)
[5732] 2015/02/20 13:42:22.954 連線確認 E122828927 (21,21)
[5732] 2015/02/20 13:43:22.967 連線確認 E122828927 (21,21)
[5732] 2015/02/20 13:44:22.982 連線確認 E122828927 (21,21)
[5732] 2015/02/20 13:45:22.995 連線確認 E122828927 (21,21)
[5732] 2015/02/20 13:46:23.008 連線確認 E122828927 (21,21)
[5732] 2015/02/20 13:46:23.739 收到 Head 資訊 {Count 2} {Type B } 
[5732] 2015/02/20 13:47:23.023 連線確認 E122828927 (21,21)
[5732] 2015/02/20 13:48:23.036 連線確認 E122828927 (21,21)
[5732] 2015/02/20 13:49:23.050 連線確認 E122828927 (21,21)
[5732] 2015/02/20 13:50:23.063 連線確認 E122828927 (21,21)
[5732] 2015/02/20 13:51:23.078 連線確認 E122828927 (21,21)
[5732] 2015/02/20 13:51:24.729 收到 Head 資訊 {Count 2} {Type B } 
[5732] 2015/02/20 13:52:23.090 連線確認 E122828927 (21,21)
[5732] 2015/02/20 13:53:23.104 連線確認 E122828927 (21,21)
[5732] 2015/02/20 13:54:23.118 連線確認 E122828927 (21,21)
[5732] 2015/02/20 13:55:23.133 連線確認 E122828927 (21,21)
[5732] 2015/02/20 13:56:23.145 連線確認 E122828927 (21,21)
[5732] 2015/02/20 13:56:25.637 收到 Head 資訊 {Count 2} {Type B } 
[5732] 2015/02/20 13:57:23.159 連線確認 E122828927 (21,21)
[5732] 2015/02/20 13:58:23.172 連線確認 E122828927 (21,21)
[5732] 2015/02/20 13:59:23.185 連線確認 E122828927 (21,21)
[5732] 2015/02/20 14:00:23.199 連線確認 E122828927 (21,21)
[5732] 2015/02/20 14:01:23.212 連線確認 E122828927 (21,21)
[5732] 2015/02/20 14:01:26.634 收到 Head 資訊 {Count 2} {Type B } 
[5732] 2015/02/20 14:02:23.227 連線確認 E122828927 (21,21)
[5732] 2015/02/20 14:03:23.239 連線確認 E122828927 (21,21)
[5732] 2015/02/20 14:04:23.254 連線確認 E122828927 (21,21)
[5732] 2015/02/20 14:05:23.266 連線確認 E122828927 (21,21)
[5732] 2015/02/20 14:06:23.280 連線確認 E122828927 (21,21)
[5732] 2015/02/20 14:06:27.626 收到 Head 資訊 {Count 2} {Type B } 
[5732] 2015/02/20 14:07:23.295 連線確認 E122828927 (21,21)
[5732] 2015/02/20 14:08:23.307 連線確認 E122828927 (21,21)
[5732] 2015/02/20 14:09:23.321 連線確認 E122828927 (21,21)
[5732] 2015/02/20 14:10:23.362 連線確認 E122828927 (21,21)
[5732] 2015/02/20 14:11:23.349 連線確認 E122828927 (21,21)
[5732] 2015/02/20 14:11:29.147 收到 Head 資訊 {Count 2} {Type B } 
[5732] 2015/02/20 14:12:23.362 連線確認 E122828927 (21,21)
[5732] 2015/02/20 14:13:23.376 連線確認 E122828927 (21,21)
[5732] 2015/02/20 14:14:23.389 連線確認 E122828927 (21,21)
[5732] 2015/02/20 14:15:23.403 連線確認 E122828927 (21,21)
[5792] 2015/02/20 15:26:12.283 API InitInstance 
[5792] 2015/02/20 15:26:12.696 E122828927 連線 Code：0
[5792] 2015/02/20 15:26:13.705 收到 Head 資訊 {Count 2} {Type C } 
[5792] 2015/02/20 15:26:13.709 收到 Head 資訊 {Count 2} {Type C } 
[5792] 2015/02/20 15:26:13.710 收到 Head 資訊 {Count 2} {Type C } 
[5792] 2015/02/20 15:26:13.712 收到 Head 資訊 {Count 2} {Type C } 
[5792] 2015/02/20 15:26:13.714 收到 Head 資訊 {Count 2} {Type C } 
[5792] 2015/02/20 15:26:13.716 收到 Head 資訊 {Count 2} {Type C } 
[5792] 2015/02/20 15:26:13.717 收到 Head 資訊 {Count 2} {Type C } 
[5792] 2015/02/20 15:26:13.719 收到 Head 資訊 {Count 2} {Type C } 
[5792] 2015/02/20 15:26:13.721 收到 Head 資訊 {Count 2} {Type C } 
[5792] 2015/02/20 15:26:13.723 收到 Head 資訊 {Count 2} {Type C } 
[5792] 2015/02/20 15:26:13.724 收到 Head 資訊 {Count 2} {Type C } 
[5792] 2015/02/20 15:26:13.726 收到 Head 資訊 {Count 2} {Type C } 
[5792] 2015/02/20 15:26:13.728 收到 Head 資訊 {Count 2} {Type C } 
[5792] 2015/02/20 15:26:13.730 收到 Head 資訊 {Count 2} {Type C } 
[5792] 2015/02/20 15:26:13.731 收到 Head 資訊 {Count 2} {Type C } 
[5792] 2015/02/20 15:26:13.733 收到 Head 資訊 {Count 2} {Type C } 
[5792] 2015/02/20 15:26:13.735 收到 Head 資訊 {Count 2} {Type C } 
[5792] 2015/02/20 15:26:13.737 收到 Head 資訊 {Count 2} {Type C } 
[5792] 2015/02/20 15:26:13.739 收到 Head 資訊 {Count 2} {Type C } 
[5792] 2015/02/20 15:26:13.741 收到 Head 資訊 {Count 2} {Type C } 
[5792] 2015/02/20 15:26:13.742 收到 Head 資訊 {Count 2} {Type C } 
[5792] 2015/02/20 15:26:13.744 收到 Head 資訊 {Count 2} {Type C } 
[5792] 2015/02/20 15:26:13.746 收到 Head 資訊 {Count 2} {Type C } 
[5792] 2015/02/20 15:26:13.747 收到 Head 資訊 {Count 2} {Type C } 
[5792] 2015/02/20 15:26:13.749 收到 Head 資訊 {Count 2} {Type C } 
[5792] 2015/02/20 15:26:13.751 收到 Head 資訊 {Count 2} {Type C } 
[5792] 2015/02/20 15:26:13.752 收到 Head 資訊 {Count 2} {Type C } 
[5792] 2015/02/20 15:26:13.754 收到 Head 資訊 {Count 2} {Type C } 
[5792] 2015/02/20 15:26:13.756 收到 Head 資訊 {Count 2} {Type C } 
[5792] 2015/02/20 15:26:13.758 收到 Head 資訊 {Count 2} {Type C } 
[5792] 2015/02/20 15:26:13.759 收到 Head 資訊 {Count 2} {Type C } 
[5792] 2015/02/20 15:26:13.761 收到 Head 資訊 {Count 2} {Type C } 
[5792] 2015/02/20 15:26:13.763 收到 Head 資訊 {Count 2} {Type C } 
[5792] 2015/02/20 15:26:13.764 收到 Head 資訊 {Count 2} {Type C } 
[5792] 2015/02/20 15:26:13.766 收到 Head 資訊 {Count 2} {Type C } 
[5792] 2015/02/20 15:26:13.768 收到 Head 資訊 {Count 2} {Type C } 
[5792] 2015/02/20 15:26:13.769 收到 Head 資訊 {Count 2} {Type C } 
[5792] 2015/02/20 15:26:13.771 收到 Head 資訊 {Count 2} {Type C } 
[5792] 2015/02/20 15:26:13.773 收到 Head 資訊 {Count 2} {Type C } 
[5792] 2015/02/20 15:26:13.775 收到 Head 資訊 {Count 2} {Type C } 
[5792] 2015/02/20 15:26:13.776 收到 Head 資訊 {Count 2} {Type C } 
[5792] 2015/02/20 15:26:13.778 收到 Head 資訊 {Count 2} {Type C } 
[5792] 2015/02/20 15:26:13.780 收到 Head 資訊 {Count 2} {Type C } 
[5792] 2015/02/20 15:26:13.781 收到 Head 資訊 {Count 2} {Type C } 
[5792] 2015/02/20 15:26:13.783 收到 Head 資訊 {Count 2} {Type C } 
[5792] 2015/02/20 15:26:13.785 收到 Head 資訊 {Count 2} {Type C } 
[5792] 2015/02/20 15:26:13.787 收到 Head 資訊 {Count 2} {Type C } 
[5792] 2015/02/20 15:26:13.788 收到 Head 資訊 {Count 2} {Type C } 
[5792] 2015/02/20 15:26:13.790 收到 Head 資訊 {Count 2} {Type C } 
[5792] 2015/02/20 15:26:13.792 收到 Head 資訊 {Count 2} {Type C } 
[5792] 2015/02/20 15:26:13.793 收到 Head 資訊 {Count 2} {Type C } 
[5792] 2015/02/20 15:26:13.795 收到 Head 資訊 {Count 2} {Type C } 
[5792] 2015/02/20 15:26:13.797 收到 Head 資訊 {Count 2} {Type C } 
[5792] 2015/02/20 15:26:13.799 收到 Head 資訊 {Count 2} {Type C } 
[5792] 2015/02/20 15:26:13.800 收到 Head 資訊 {Count 2} {Type C } 
[5792] 2015/02/20 15:26:13.802 收到 Head 資訊 {Count 2} {Type C } 
[5792] 2015/02/20 15:26:13.804 收到 Head 資訊 {Count 2} {Type C } 
[5792] 2015/02/20 15:26:13.805 收到 Head 資訊 {Count 2} {Type C } 
[5792] 2015/02/20 15:26:13.807 收到 Head 資訊 {Count 2} {Type C } 
[5792] 2015/02/20 15:26:13.809 收到 Head 資訊 {Count 2} {Type C } 
[5792] 2015/02/20 15:26:13.810 收到 Head 資訊 {Count 2} {Type C } 
[5792] 2015/02/20 15:26:13.812 收到 Head 資訊 {Count 2} {Type C } 
[5792] 2015/02/20 15:26:13.814 收到 Head 資訊 {Count 2} {Type C } 
[5792] 2015/02/20 15:26:13.816 收到 Head 資訊 {Count 2} {Type C } 
[5792] 2015/02/20 15:26:13.817 收到 Head 資訊 {Count 2} {Type C } 
[5792] 2015/02/20 15:26:13.819 收到 Head 資訊 {Count 2} {Type C } 
[5792] 2015/02/20 15:26:13.821 收到 Head 資訊 {Count 2} {Type C } 
[5792] 2015/02/20 15:26:13.822 收到 Head 資訊 {Count 2} {Type C } 
[5792] 2015/02/20 15:26:13.824 收到 Head 資訊 {Count 2} {Type C } 
[5792] 2015/02/20 15:26:13.826 收到 Head 資訊 {Count 2} {Type C } 
[5792] 2015/02/20 15:26:13.827 收到 Head 資訊 {Count 2} {Type C } 
[5792] 2015/02/20 15:26:13.829 收到 Head 資訊 {Count 2} {Type C } 
[5792] 2015/02/20 15:26:13.831 收到 Head 資訊 {Count 2} {Type C } 
[5792] 2015/02/20 15:26:13.833 收到 Head 資訊 {Count 2} {Type C } 
[5792] 2015/02/20 15:26:13.834 收到 Head 資訊 {Count 2} {Type C } 
[5792] 2015/02/20 15:26:13.836 收到 Head 資訊 {Count 2} {Type D } 
[5792] 2015/02/20 15:26:13.838 收到 Head 資訊 {Count 2} {Type D } 
[5792] 2015/02/20 15:26:13.840 收到 Head 資訊 {Count 2} {Type C } 
[5792] 2015/02/20 15:26:13.841 收到 Head 資訊 {Count 2} {Type C } 
[5792] 2015/02/20 15:26:13.843 收到 Head 資訊 {Count 2} {Type C } 
[5792] 2015/02/20 15:26:13.845 收到 Head 資訊 {Count 2} {Type C } 
[5792] 2015/02/20 15:26:13.846 收到 Head 資訊 {Count 2} {Type C } 
[5792] 2015/02/20 15:26:13.848 收到 Head 資訊 {Count 2} {Type C } 
[5792] 2015/02/20 15:26:13.850 收到 Head 資訊 {Count 2} {Type C } 
[5792] 2015/02/20 15:26:13.852 收到 Head 資訊 {Count 2} {Type C } 
[5792] 2015/02/20 15:26:13.853 收到 Head 資訊 {Count 2} {Type C } 
[5792] 2015/02/20 15:26:13.855 收到 Head 資訊 {Count 2} {Type C } 
[5792] 2015/02/20 15:26:13.857 收到 Head 資訊 {Count 2} {Type C } 
[5792] 2015/02/20 15:26:13.858 收到 Head 資訊 {Count 2} {Type C } 
[5792] 2015/02/20 15:26:13.860 收到 Head 資訊 {Count 2} {Type C } 
[5792] 2015/02/20 15:26:13.862 收到 Head 資訊 {Count 2} {Type C } 
[5792] 2015/02/20 15:26:13.863 收到 Head 資訊 {Count 2} {Type C } 
[5792] 2015/02/20 15:26:13.865 收到 Head 資訊 {Count 2} {Type C } 
[5792] 2015/02/20 15:26:13.867 收到 Head 資訊 {Count 2} {Type C } 
[5792] 2015/02/20 15:26:13.869 收到 Head 資訊 {Count 2} {Type C } 
[5792] 2015/02/20 15:26:13.870 收到 Head 資訊 {Count 2} {Type C } 
[5792] 2015/02/20 15:26:13.872 收到 Head 資訊 {Count 2} {Type C } 
[5792] 2015/02/20 15:26:13.874 收到 Head 資訊 {Count 2} {Type C } 
[5792] 2015/02/20 15:26:13.875 收到 Head 資訊 {Count 2} {Type C } 
[5792] 2015/02/20 15:26:13.877 收到 Head 資訊 {Count 2} {Type C } 
[5792] 2015/02/20 15:26:13.879 收到 Head 資訊 {Count 2} {Type C } 
[5792] 2015/02/20 15:26:13.881 收到 Head 資訊 {Count 2} {Type C } 
[5792] 2015/02/20 15:26:13.882 收到 Head 資訊 {Count 2} {Type C } 
[5792] 2015/02/20 15:26:13.884 收到 Head 資訊 {Count 2} {Type C } 
[5792] 2015/02/20 15:26:13.886 收到 Head 資訊 {Count 2} {Type C } 
[5792] 2015/02/20 15:26:13.888 收到 Head 資訊 {Count 2} {Type C } 
[5792] 2015/02/20 15:26:13.889 收到 Head 資訊 {Count 2} {Type C } 
[5792] 2015/02/20 15:26:13.891 收到 Head 資訊 {Count 2} {Type C } 
[5792] 2015/02/20 15:26:13.893 收到 Head 資訊 {Count 2} {Type C } 
[5792] 2015/02/20 15:26:13.894 收到 Head 資訊 {Count 2} {Type C } 
[5792] 2015/02/20 15:26:13.896 收到 Head 資訊 {Count 2} {Type C } 
[5792] 2015/02/20 15:26:13.898 收到 Head 資訊 {Count 2} {Type C } 
[5792] 2015/02/20 15:26:13.899 收到 Head 資訊 {Count 2} {Type C } 
[5792] 2015/02/20 15:26:13.901 收到 Head 資訊 {Count 2} {Type C } 
[5792] 2015/02/20 15:26:13.903 收到 Head 資訊 {Count 2} {Type D } 
[5792] 2015/02/20 15:26:13.905 收到 Head 資訊 {Count 2} {Type C } 
[5792] 2015/02/20 15:26:13.906 收到 Head 資訊 {Count 2} {Type C } 
[5792] 2015/02/20 15:26:13.908 收到 Head 資訊 {Count 2} {Type C } 
[5792] 2015/02/20 15:26:13.910 收到 Head 資訊 {Count 2} {Type C } 
[5792] 2015/02/20 15:26:13.911 收到 Head 資訊 {Count 2} {Type D } 
[5792] 2015/02/20 15:26:13.913 收到 Head 資訊 {Count 2} {Type D } 
[5792] 2015/02/20 15:26:13.915 收到 Head 資訊 {Count 2} {Type C } 
[5792] 2015/02/20 15:26:13.917 收到 Head 資訊 {Count 2} {Type C } 
[5792] 2015/02/20 15:26:13.918 收到 Head 資訊 {Count 2} {Type C } 
[5792] 2015/02/20 15:26:13.920 收到 Head 資訊 {Count 2} {Type C } 
[5792] 2015/02/20 15:26:13.922 收到 Head 資訊 {Count 2} {Type C } 
[5792] 2015/02/20 15:26:13.923 收到 Head 資訊 {Count 2} {Type C } 
[5792] 2015/02/20 15:26:13.925 收到 Head 資訊 {Count 2} {Type C } 
[5792] 2015/02/20 15:26:13.927 收到 Head 資訊 {Count 2} {Type C } 
[5792] 2015/02/20 15:26:13.928 收到 Head 資訊 {Count 2} {Type C } 
[5792] 2015/02/20 15:26:13.930 收到 Head 資訊 {Count 2} {Type C } 
[5792] 2015/02/20 15:26:13.932 收到 Head 資訊 {Count 2} {Type C } 
[5792] 2015/02/20 15:26:13.934 收到 Head 資訊 {Count 2} {Type C } 
[5792] 2015/02/20 15:26:13.936 收到 Head 資訊 {Count 2} {Type C } 
[5792] 2015/02/20 15:26:13.937 收到 Head 資訊 {Count 2} {Type C } 
[5792] 2015/02/20 15:26:13.939 收到 Head 資訊 {Count 2} {Type C } 
[5792] 2015/02/20 15:26:13.941 收到 Head 資訊 {Count 2} {Type C } 
[5792] 2015/02/20 15:26:13.943 收到 Head 資訊 {Count 2} {Type C } 
[5792] 2015/02/20 15:26:13.945 收到 Head 資訊 {Count 2} {Type C } 
[5792] 2015/02/20 15:26:13.947 收到 Head 資訊 {Count 2} {Type C } 
[5792] 2015/02/20 15:26:13.949 收到 Head 資訊 {Count 2} {Type C } 
[5792] 2015/02/20 15:26:13.951 收到 Head 資訊 {Count 2} {Type C } 
[5792] 2015/02/20 15:26:13.952 收到 Head 資訊 {Count 2} {Type C } 
[5792] 2015/02/20 15:26:13.954 收到 Head 資訊 {Count 2} {Type D } 
[5792] 2015/02/20 15:26:13.956 收到 Head 資訊 {Count 2} {Type C } 
[5792] 2015/02/20 15:26:13.958 收到 Head 資訊 {Count 2} {Type C } 
[5792] 2015/02/20 15:26:13.960 收到 Head 資訊 {Count 2} {Type C } 
[5792] 2015/02/20 15:26:13.961 收到 Head 資訊 {Count 2} {Type C } 
[5792] 2015/02/20 15:26:13.963 收到 Head 資訊 {Count 2} {Type C } 
[5792] 2015/02/20 15:26:13.965 收到 Head 資訊 {Count 2} {Type C } 
[5792] 2015/02/20 15:26:13.967 收到 Head 資訊 {Count 2} {Type C } 
[5792] 2015/02/20 15:26:13.969 收到 Head 資訊 {Count 2} {Type B } 
[5792] 2015/02/20 15:27:12.666 連線確認 E122828927 (21,21)
[5792] 2015/02/20 15:28:12.679 連線確認 E122828927 (21,21)
[5792] 2015/02/20 15:29:12.692 連線確認 E122828927 (21,21)
[5792] 2015/02/20 15:30:12.706 連線確認 E122828927 (21,21)
[5792] 2015/02/20 15:31:12.720 連線確認 E122828927 (21,21)
[5792] 2015/02/20 15:31:13.455 收到 Head 資訊 {Count 2} {Type B } 
[5792] 2015/02/20 15:32:12.732 連線確認 E122828927 (21,21)
[5792] 2015/02/20 15:33:12.746 連線確認 E122828927 (21,21)
[5792] 2015/02/20 15:34:12.761 連線確認 E122828927 (21,21)
[5792] 2015/02/20 15:34:47.024 收到 Head 資訊 {Count 2} {Type C } 
[5792] 2015/02/20 15:35:12.773 連線確認 E122828927 (21,21)
[5792] 2015/02/20 15:36:12.788 連線確認 E122828927 (21,21)
[5792] 2015/02/20 15:36:14.461 收到 Head 資訊 {Count 2} {Type B } 
[5792] 2015/02/20 15:37:12.800 連線確認 E122828927 (21,21)
[5792] 2015/02/20 15:38:12.815 連線確認 E122828927 (21,21)
[5792] 2015/02/20 15:39:12.829 連線確認 E122828927 (21,21)
[5792] 2015/02/20 15:39:47.143 收到 Head 資訊 {Count 2} {Type C } 
[5792] 2015/02/20 15:39:57.154 收到 Head 資訊 {Count 2} {Type C } 
[5792] 2015/02/20 15:40:07.149 收到 Head 資訊 {Count 2} {Type C } 
[5792] 2015/02/20 15:40:12.841 連線確認 E122828927 (21,21)
[5792] 2015/02/20 15:41:12.856 連線確認 E122828927 (21,21)
[5792] 2015/02/20 15:41:15.561 收到 Head 資訊 {Count 2} {Type B } 
[5792] 2015/02/20 15:42:12.868 連線確認 E122828927 (21,21)
[5792] 2015/02/20 15:43:12.881 連線確認 E122828927 (21,21)
[5792] 2015/02/20 15:44:12.896 連線確認 E122828927 (21,21)
[5792] 2015/02/20 15:44:57.329 收到 Head 資訊 {Count 2} {Type C } 
[5792] 2015/02/20 15:45:12.910 連線確認 E122828927 (21,21)
[5792] 2015/02/20 15:46:12.924 連線確認 E122828927 (21,21)
[5792] 2015/02/20 15:46:16.545 收到 Head 資訊 {Count 2} {Type B } 
[5792] 2015/02/20 15:47:12.936 連線確認 E122828927 (21,21)
[5792] 2015/02/20 15:48:12.951 連線確認 E122828927 (21,21)
[5792] 2015/02/20 15:49:12.964 連線確認 E122828927 (21,21)
[5792] 2015/02/20 15:50:07.339 收到 Head 資訊 {Count 2} {Type C } 
[5792] 2015/02/20 15:50:12.978 連線確認 E122828927 (21,21)
[5792] 2015/02/20 15:50:17.339 收到 Head 資訊 {Count 2} {Type C } 
[5792] 2015/02/20 15:50:27.349 收到 Head 資訊 {Count 2} {Type C } 
[5792] 2015/02/20 15:51:12.991 連線確認 E122828927 (21,21)
[5792] 2015/02/20 15:51:17.537 收到 Head 資訊 {Count 2} {Type B } 
[5792] 2015/02/20 15:52:13.004 連線確認 E122828927 (21,21)
[5792] 2015/02/20 15:53:13.019 連線確認 E122828927 (21,21)
[5792] 2015/02/20 15:54:13.031 連線確認 E122828927 (21,21)
[5792] 2015/02/20 15:55:13.045 連線確認 E122828927 (21,21)
[5792] 2015/02/20 15:56:13.060 連線確認 E122828927 (21,21)
[5792] 2015/02/20 15:56:18.192 收到 Head 資訊 {Count 2} {Type B } 
[5792] 2015/02/20 15:57:13.073 連線確認 E122828927 (21,21)
[5792] 2015/02/20 15:58:13.087 連線確認 E122828927 (21,21)
[5792] 2015/02/20 15:59:13.100 連線確認 E122828927 (21,21)
[5792] 2015/02/20 15:59:55.933 收到 Head 資訊 {Count 2} {Type C } 
[5792] 2015/02/20 16:00:05.932 收到 Head 資訊 {Count 2} {Type C } 
[5792] 2015/02/20 16:00:13.113 連線確認 E122828927 (21,21)
[5792] 2015/02/20 16:00:15.936 收到 Head 資訊 {Count 2} {Type C } 
[5792] 2015/02/20 16:01:13.128 連線確認 E122828927 (21,21)
[5792] 2015/02/20 16:01:19.186 收到 Head 資訊 {Count 2} {Type B } 
[5792] 2015/02/20 16:02:13.140 連線確認 E122828927 (21,21)
[5792] 2015/02/20 16:03:13.154 連線確認 E122828927 (21,21)
[5792] 2015/02/20 16:04:13.168 連線確認 E122828927 (21,21)
[5792] 2015/02/20 16:05:13.182 連線確認 E122828927 (21,21)
[5792] 2015/02/20 16:06:13.195 連線確認 E122828927 (21,21)
[5792] 2015/02/20 16:06:20.177 收到 Head 資訊 {Count 2} {Type B } 
[5792] 2015/02/20 16:07:13.209 連線確認 E122828927 (21,21)
[5792] 2015/02/20 16:08:13.222 連線確認 E122828927 (21,21)
[5792] 2015/02/20 16:09:13.235 連線確認 E122828927 (21,21)
[5792] 2015/02/20 16:10:13.249 連線確認 E122828927 (21,21)
[5792] 2015/02/20 16:10:16.390 收到 Head 資訊 {Count 2} {Type C } 
[5792] 2015/02/20 16:10:26.387 收到 Head 資訊 {Count 2} {Type C } 
[5792] 2015/02/20 16:10:36.374 收到 Head 資訊 {Count 2} {Type C } 
[5792] 2015/02/20 16:11:13.263 連線確認 E122828927 (21,21)
[5792] 2015/02/20 16:11:21.428 收到 Head 資訊 {Count 2} {Type B } 
[5792] 2015/02/20 16:12:13.276 連線確認 E122828927 (21,21)
[5792] 2015/02/20 16:13:13.292 連線確認 E122828927 (21,21)
[5792] 2015/02/20 16:14:13.303 連線確認 E122828927 (21,21)
[5792] 2015/02/20 16:15:13.317 連線確認 E122828927 (21,21)
[5792] 2015/02/20 16:16:13.331 連線確認 E122828927 (21,21)
[5792] 2015/02/20 16:16:22.431 收到 Head 資訊 {Count 2} {Type B } 
[5792] 2015/02/20 16:17:13.345 連線確認 E122828927 (21,21)
[5792] 2015/02/20 16:18:13.358 連線確認 E122828927 (21,21)
[5792] 2015/02/20 16:19:13.371 連線確認 E122828927 (21,21)
[5792] 2015/02/20 16:20:13.386 連線確認 E122828927 (21,21)
[5792] 2015/02/20 16:21:13.399 連線確認 E122828927 (21,21)
[5792] 2015/02/20 16:21:23.421 收到 Head 資訊 {Count 2} {Type B } 
[5792] 2015/02/20 16:22:13.412 連線確認 E122828927 (21,21)
[5792] 2015/02/20 16:23:13.425 連線確認 E122828927 (21,21)
[5792] 2015/02/20 16:24:17.516 連線確認 E122828927 (21,21)
[5792] 2015/02/20 16:25:17.509 連線確認 E122828927 (21,21)
[5792] 2015/02/20 16:26:17.522 連線確認 E122828927 (21,21)
[5792] 2015/02/20 16:26:24.664 收到 Head 資訊 {Count 2} {Type B } 
[5792] 2015/02/20 16:27:17.537 連線確認 E122828927 (21,21)
[5792] 2015/02/20 16:28:17.549 連線確認 E122828927 (21,21)
[5792] 2015/02/20 16:29:17.564 連線確認 E122828927 (21,21)
[5792] 2015/02/20 16:30:17.577 連線確認 E122828927 (21,21)
[5792] 2015/02/20 16:31:17.591 連線確認 E122828927 (21,21)
[5792] 2015/02/20 16:31:25.682 收到 Head 資訊 {Count 2} {Type B } 
[5792] 2015/02/20 16:32:17.604 連線確認 E122828927 (21,21)
[5792] 2015/02/20 16:33:17.617 連線確認 E122828927 (21,21)
[5792] 2015/02/20 16:34:17.631 連線確認 E122828927 (21,21)
[5792] 2015/02/20 16:35:17.644 連線確認 E122828927 (21,21)
[5792] 2015/02/20 16:36:17.658 連線確認 E122828927 (21,21)
[5792] 2015/02/20 16:36:26.669 收到 Head 資訊 {Count 2} {Type B } 
[5792] 2015/02/20 16:37:17.672 連線確認 E122828927 (21,21)
[5792] 2015/02/20 16:38:17.686 連線確認 E122828927 (21,21)
[5792] 2015/02/20 16:39:17.700 連線確認 E122828927 (21,21)
[5792] 2015/02/20 16:40:17.713 連線確認 E122828927 (21,21)
[5792] 2015/02/20 16:41:17.726 連線確認 E122828927 (21,21)
[5792] 2015/02/20 16:41:27.731 收到 Head 資訊 {Count 2} {Type B } 
[5792] 2015/02/20 16:42:17.741 連線確認 E122828927 (21,21)
[5792] 2015/02/20 16:43:17.754 連線確認 E122828927 (21,21)
[5792] 2015/02/20 16:44:17.768 連線確認 E122828927 (21,21)
[5792] 2015/02/20 16:45:17.781 連線確認 E122828927 (21,21)
[5792] 2015/02/20 16:46:17.794 連線確認 E122828927 (21,21)
[5792] 2015/02/20 16:46:28.731 收到 Head 資訊 {Count 2} {Type B } 
[5792] 2015/02/20 16:47:17.808 連線確認 E122828927 (21,21)
[5792] 2015/02/20 16:48:17.822 連線確認 E122828927 (21,21)
[5792] 2015/02/20 16:49:17.835 連線確認 E122828927 (21,21)
[5792] 2015/02/20 16:50:17.848 連線確認 E122828927 (21,21)
[5792] 2015/02/20 16:51:17.863 連線確認 E122828927 (21,21)
[5792] 2015/02/20 16:51:29.718 收到 Head 資訊 {Count 2} {Type B } 
[5792] 2015/02/20 16:52:17.876 連線確認 E122828927 (21,21)
[5792] 2015/02/20 16:53:17.889 連線確認 E122828927 (21,21)
[5792] 2015/02/20 16:54:17.902 連線確認 E122828927 (21,21)
[5792] 2015/02/20 16:55:17.916 連線確認 E122828927 (21,21)
[5792] 2015/02/20 16:56:17.930 連線確認 E122828927 (21,21)
[5792] 2015/02/20 16:56:30.699 收到 Head 資訊 {Count 2} {Type B } 
[5792] 2015/02/20 16:57:17.944 連線確認 E122828927 (21,21)
[5792] 2015/02/20 16:58:17.957 連線確認 E122828927 (21,21)
[5792] 2015/02/20 16:59:17.971 連線確認 E122828927 (21,21)
[5792] 2015/02/20 17:00:17.984 連線確認 E122828927 (21,21)
[5792] 2015/02/20 17:00:37.225 收到 Head 資訊 {Count 2} {Type C } 
[5792] 2015/02/20 17:00:47.243 收到 Head 資訊 {Count 2} {Type C } 
[5792] 2015/02/20 17:00:57.233 收到 Head 資訊 {Count 2} {Type C } 
[5792] 2015/02/20 17:01:17.998 連線確認 E122828927 (21,21)
[5792] 2015/02/20 17:01:31.694 收到 Head 資訊 {Count 2} {Type B } 
[5792] 2015/02/20 17:02:18.012 連線確認 E122828927 (21,21)
[5792] 2015/02/20 17:03:18.025 連線確認 E122828927 (21,21)
[5792] 2015/02/20 17:04:18.038 連線確認 E122828927 (21,21)
[5792] 2015/02/20 17:05:18.052 連線確認 E122828927 (21,21)
[5792] 2015/02/20 17:06:18.067 連線確認 E122828927 (21,21)
[5792] 2015/02/20 17:06:32.705 收到 Head 資訊 {Count 2} {Type B } 
[5792] 2015/02/20 17:07:18.079 連線確認 E122828927 (21,21)
[5792] 2015/02/20 17:08:18.094 連線確認 E122828927 (21,21)
[5792] 2015/02/20 17:09:18.107 連線確認 E122828927 (21,21)
[5792] 2015/02/20 17:10:18.121 連線確認 E122828927 (21,21)
[5792] 2015/02/20 17:10:57.190 收到 Head 資訊 {Count 2} {Type C } 
[5792] 2015/02/20 17:11:07.193 收到 Head 資訊 {Count 2} {Type C } 
[5792] 2015/02/20 17:11:17.199 收到 Head 資訊 {Count 2} {Type C } 
[5792] 2015/02/20 17:11:18.135 連線確認 E122828927 (21,21)
[5792] 2015/02/20 17:11:33.457 收到 Head 資訊 {Count 2} {Type B } 
[5792] 2015/02/20 17:12:18.148 連線確認 E122828927 (21,21)
[5792] 2015/02/20 17:13:18.161 連線確認 E122828927 (21,21)
[5792] 2015/02/20 17:14:18.175 連線確認 E122828927 (21,21)
[5792] 2015/02/20 17:15:18.188 連線確認 E122828927 (21,21)
[5792] 2015/02/20 17:16:18.201 連線確認 E122828927 (21,21)
[5792] 2015/02/20 17:16:34.461 收到 Head 資訊 {Count 2} {Type B } 
[5792] 2015/02/20 17:17:18.215 連線確認 E122828927 (21,21)
[5792] 2015/02/20 17:18:18.230 連線確認 E122828927 (21,21)
[5792] 2015/02/20 17:19:18.242 連線確認 E122828927 (21,21)
[5792] 2015/02/20 17:20:18.257 連線確認 E122828927 (21,21)
[5792] 2015/02/20 17:20:27.377 收到 Head 資訊 {Count 2} {Type C } 
[5792] 2015/02/20 17:20:47.377 收到 Head 資訊 {Count 2} {Type C } 
[5792] 2015/02/20 17:21:17.390 收到 Head 資訊 {Count 2} {Type C } 
[5792] 2015/02/20 17:21:18.269 連線確認 E122828927 (21,21)
[5792] 2015/02/20 17:21:27.381 收到 Head 資訊 {Count 2} {Type C } 
[5792] 2015/02/20 17:21:35.448 收到 Head 資訊 {Count 2} {Type B } 
[5792] 2015/02/20 17:21:37.394 收到 Head 資訊 {Count 2} {Type C } 
[5792] 2015/02/20 17:22:18.283 連線確認 E122828927 (21,21)
[5792] 2015/02/20 17:23:18.298 連線確認 E122828927 (21,21)
[5792] 2015/02/20 17:24:18.311 連線確認 E122828927 (21,21)
[5792] 2015/02/20 17:25:18.560 連線確認 E122828927 (21,21)
[5792] 2015/02/20 17:26:18.510 連線確認 E122828927 (21,21)
[5792] 2015/02/20 17:26:35.925 收到 Head 資訊 {Count 2} {Type B } 
[5792] 2015/02/20 17:27:18.522 連線確認 E122828927 (21,21)
[5792] 2015/02/20 17:28:18.537 連線確認 E122828927 (21,21)
[5792] 2015/02/20 17:29:18.550 連線確認 E122828927 (21,21)
[5792] 2015/02/20 17:30:18.564 連線確認 E122828927 (21,21)
[5792] 2015/02/20 17:31:18.577 連線確認 E122828927 (21,21)
[5792] 2015/02/20 17:31:36.933 收到 Head 資訊 {Count 2} {Type B } 
[5792] 2015/02/20 17:31:37.138 收到 Head 資訊 {Count 2} {Type C } 
[5792] 2015/02/20 17:31:47.072 收到 Head 資訊 {Count 2} {Type C } 
[5792] 2015/02/20 17:31:57.067 收到 Head 資訊 {Count 2} {Type C } 
[5792] 2015/02/20 17:32:18.591 連線確認 E122828927 (21,21)
[5792] 2015/02/20 17:33:18.604 連線確認 E122828927 (21,21)
[5792] 2015/02/20 17:34:18.618 連線確認 E122828927 (21,21)
[5792] 2015/02/20 17:35:18.632 連線確認 E122828927 (21,21)
[5792] 2015/02/20 17:36:18.644 連線確認 E122828927 (21,21)
[5792] 2015/02/20 17:36:37.929 收到 Head 資訊 {Count 2} {Type B } 
[5792] 2015/02/20 17:37:18.660 連線確認 E122828927 (21,21)
[5792] 2015/02/20 17:38:18.672 連線確認 E122828927 (21,21)
[5792] 2015/02/20 17:39:18.686 連線確認 E122828927 (21,21)
[5792] 2015/02/20 17:40:18.702 連線確認 E122828927 (21,21)
[5792] 2015/02/20 17:41:18.712 連線確認 E122828927 (21,21)
[5792] 2015/02/20 17:41:39.152 收到 Head 資訊 {Count 2} {Type B } 
[5792] 2015/02/20 17:41:57.523 收到 Head 資訊 {Count 2} {Type C } 
[5792] 2015/02/20 17:42:07.513 收到 Head 資訊 {Count 2} {Type C } 
[5792] 2015/02/20 17:42:17.517 收到 Head 資訊 {Count 2} {Type C } 
[5792] 2015/02/20 17:42:18.728 連線確認 E122828927 (21,21)
[5792] 2015/02/20 17:43:18.740 連線確認 E122828927 (21,21)
[5792] 2015/02/20 17:44:18.754 連線確認 E122828927 (21,21)
[5792] 2015/02/20 17:45:18.768 連線確認 E122828927 (21,21)
[5792] 2015/02/20 17:46:18.781 連線確認 E122828927 (21,21)
[5792] 2015/02/20 17:46:40.148 收到 Head 資訊 {Count 2} {Type B } 
[5792] 2015/02/20 17:47:18.794 連線確認 E122828927 (21,21)
[5792] 2015/02/20 17:48:18.809 連線確認 E122828927 (21,21)
[5792] 2015/02/20 17:49:18.822 連線確認 E122828927 (21,21)
[5792] 2015/02/20 17:50:18.836 連線確認 E122828927 (21,21)
[5792] 2015/02/20 17:51:18.848 連線確認 E122828927 (21,21)
[5792] 2015/02/20 17:51:41.180 收到 Head 資訊 {Count 2} {Type B } 
[5792] 2015/02/20 17:52:17.735 收到 Head 資訊 {Count 2} {Type C } 
[5792] 2015/02/20 17:52:18.863 連線確認 E122828927 (21,21)
[5792] 2015/02/20 17:52:27.741 收到 Head 資訊 {Count 2} {Type C } 
[5792] 2015/02/20 17:52:37.737 收到 Head 資訊 {Count 2} {Type C } 
[5792] 2015/02/20 17:53:18.876 連線確認 E122828927 (21,21)
[5792] 2015/02/20 17:54:18.890 連線確認 E122828927 (21,21)
[5792] 2015/02/20 17:55:18.903 連線確認 E122828927 (21,21)
[5792] 2015/02/20 17:56:18.917 連線確認 E122828927 (21,21)
[5792] 2015/02/20 17:56:41.934 收到 Head 資訊 {Count 2} {Type B } 
[5792] 2015/02/20 17:57:18.931 連線確認 E122828927 (21,21)
[5792] 2015/02/20 17:58:18.943 連線確認 E122828927 (21,21)
[5792] 2015/02/20 17:59:18.958 連線確認 E122828927 (21,21)
[5792] 2015/02/20 18:00:18.971 連線確認 E122828927 (21,21)
[5792] 2015/02/20 18:01:18.984 連線確認 E122828927 (21,21)
[5792] 2015/02/20 18:01:42.928 收到 Head 資訊 {Count 2} {Type B } 
[5792] 2015/02/20 18:02:18.998 連線確認 E122828927 (21,21)
[5792] 2015/02/20 18:02:37.741 收到 Head 資訊 {Count 2} {Type C } 
[5792] 2015/02/20 18:02:47.729 收到 Head 資訊 {Count 2} {Type C } 
[5792] 2015/02/20 18:02:57.726 收到 Head 資訊 {Count 2} {Type C } 
[5792] 2015/02/20 18:03:19.011 連線確認 E122828927 (21,21)
[5792] 2015/02/20 18:04:19.026 連線確認 E122828927 (21,21)
[5792] 2015/02/20 18:05:19.038 連線確認 E122828927 (21,21)
[5792] 2015/02/20 18:06:19.053 連線確認 E122828927 (21,21)
[5792] 2015/02/20 18:06:43.932 收到 Head 資訊 {Count 2} {Type B } 
[5792] 2015/02/20 18:07:19.067 連線確認 E122828927 (21,21)
[5792] 2015/02/20 18:08:19.079 連線確認 E122828927 (21,21)
[5792] 2015/02/20 18:09:19.094 連線確認 E122828927 (21,21)
[5792] 2015/02/20 18:10:19.107 連線確認 E122828927 (21,21)
[5792] 2015/02/20 18:11:19.120 連線確認 E122828927 (21,21)
[5792] 2015/02/20 18:11:45.246 收到 Head 資訊 {Count 2} {Type B } 
[5792] 2015/02/20 18:12:08.258 收到 Head 資訊 {Count 2} {Type C } 
[5792] 2015/02/20 18:12:19.135 連線確認 E122828927 (21,21)
[5792] 2015/02/20 18:12:28.249 收到 Head 資訊 {Count 2} {Type C } 
[5792] 2015/02/20 18:12:58.257 收到 Head 資訊 {Count 2} {Type C } 
[5792] 2015/02/20 18:13:08.252 收到 Head 資訊 {Count 2} {Type C } 
[5792] 2015/02/20 18:13:18.272 收到 Head 資訊 {Count 2} {Type C } 
[5792] 2015/02/20 18:13:19.148 連線確認 E122828927 (21,21)
[5792] 2015/02/20 18:14:19.162 連線確認 E122828927 (21,21)
[5792] 2015/02/20 18:15:19.175 連線確認 E122828927 (21,21)
[5792] 2015/02/20 18:16:19.189 連線確認 E122828927 (21,21)
[5792] 2015/02/20 18:16:46.242 收到 Head 資訊 {Count 2} {Type B } 
[5792] 2015/02/20 18:17:19.203 連線確認 E122828927 (21,21)
[5792] 2015/02/20 18:18:19.215 連線確認 E122828927 (21,21)
[5792] 2015/02/20 18:19:19.229 連線確認 E122828927 (21,21)
[5792] 2015/02/20 18:20:19.242 連線確認 E122828927 (21,21)
[5792] 2015/02/20 18:21:19.256 連線確認 E122828927 (21,21)
[5792] 2015/02/20 18:21:47.243 收到 Head 資訊 {Count 2} {Type B } 
[5792] 2015/02/20 18:22:19.269 連線確認 E122828927 (21,21)
[5792] 2015/02/20 18:23:18.444 收到 Head 資訊 {Count 2} {Type C } 
[5792] 2015/02/20 18:23:19.285 連線確認 E122828927 (21,21)
[5792] 2015/02/20 18:23:28.444 收到 Head 資訊 {Count 2} {Type C } 
[5792] 2015/02/20 18:23:38.452 收到 Head 資訊 {Count 2} {Type C } 
[5792] 2015/02/20 18:24:19.297 連線確認 E122828927 (21,21)
[5792] 2015/02/20 18:25:19.310 連線確認 E122828927 (21,21)
[5792] 2015/02/20 18:26:19.325 連線確認 E122828927 (21,21)
[5792] 2015/02/20 18:26:48.244 收到 Head 資訊 {Count 2} {Type B } 
[5792] 2015/02/20 18:27:19.338 連線確認 E122828927 (21,21)
[5792] 2015/02/20 18:28:19.351 連線確認 E122828927 (21,21)
[5792] 2015/02/20 18:28:28.646 收到 Head 資訊 {Count 2} {Type C } 
[5792] 2015/02/20 18:29:19.365 連線確認 E122828927 (21,21)
[5792] 2015/02/20 18:30:19.378 連線確認 E122828927 (21,21)
[5792] 2015/02/20 18:31:19.393 連線確認 E122828927 (21,21)
[5792] 2015/02/20 18:31:49.237 收到 Head 資訊 {Count 2} {Type B } 
[5792] 2015/02/20 18:32:19.406 連線確認 E122828927 (21,21)
[5792] 2015/02/20 18:33:19.420 連線確認 E122828927 (21,21)
[5792] 2015/02/20 18:33:48.668 收到 Head 資訊 {Count 2} {Type C } 
[5792] 2015/02/20 18:33:58.659 收到 Head 資訊 {Count 2} {Type C } 
[5792] 2015/02/20 18:34:08.647 收到 Head 資訊 {Count 2} {Type C } 
[5792] 2015/02/20 18:34:19.434 連線確認 E122828927 (21,21)
[5792] 2015/02/20 18:35:19.446 連線確認 E122828927 (21,21)
[5792] 2015/02/20 18:36:19.460 連線確認 E122828927 (21,21)
[5792] 2015/02/20 18:36:50.243 收到 Head 資訊 {Count 2} {Type B } 
[5792] 2015/02/20 18:37:19.474 連線確認 E122828927 (21,21)
[5792] 2015/02/20 18:38:19.488 連線確認 E122828927 (21,21)
[5792] 2015/02/20 18:39:19.500 連線確認 E122828927 (21,21)
[5792] 2015/02/20 18:40:19.515 連線確認 E122828927 (21,21)
[5792] 2015/02/20 18:41:19.528 連線確認 E122828927 (21,21)
[5792] 2015/02/20 18:41:51.327 收到 Head 資訊 {Count 2} {Type B } 
[5792] 2015/02/20 18:42:19.542 連線確認 E122828927 (21,21)
[5792] 2015/02/20 18:43:19.556 連線確認 E122828927 (21,21)
[5792] 2015/02/20 18:44:18.958 收到 Head 資訊 {Count 2} {Type C } 
[5792] 2015/02/20 18:44:19.569 連線確認 E122828927 (21,21)
[5792] 2015/02/20 18:44:28.939 收到 Head 資訊 {Count 2} {Type C } 
[5792] 2015/02/20 18:44:38.954 收到 Head 資訊 {Count 2} {Type C } 
[5792] 2015/02/20 18:45:19.583 連線確認 E122828927 (21,21)
[5792] 2015/02/20 18:46:19.597 連線確認 E122828927 (21,21)
[5792] 2015/02/20 18:46:52.311 收到 Head 資訊 {Count 2} {Type B } 
[5792] 2015/02/20 18:47:19.610 連線確認 E122828927 (21,21)
[5792] 2015/02/20 18:48:19.623 連線確認 E122828927 (21,21)
[5792] 2015/02/20 18:49:19.637 連線確認 E122828927 (21,21)
[5792] 2015/02/20 18:50:19.651 連線確認 E122828927 (21,21)
[5792] 2015/02/20 18:51:19.665 連線確認 E122828927 (21,21)
[5792] 2015/02/20 18:51:53.320 收到 Head 資訊 {Count 2} {Type B } 
[5792] 2015/02/20 18:52:19.677 連線確認 E122828927 (21,21)
[5792] 2015/02/20 18:53:19.691 連線確認 E122828927 (21,21)
[5792] 2015/02/20 18:53:59.129 收到 Head 資訊 {Count 2} {Type C } 
[5792] 2015/02/20 18:54:19.144 收到 Head 資訊 {Count 2} {Type C } 
[5792] 2015/02/20 18:54:19.705 連線確認 E122828927 (21,21)
[5792] 2015/02/20 18:54:49.147 收到 Head 資訊 {Count 2} {Type C } 
[5792] 2015/02/20 18:54:59.141 收到 Head 資訊 {Count 2} {Type C } 
[5792] 2015/02/20 18:55:09.143 收到 Head 資訊 {Count 2} {Type C } 
[5792] 2015/02/20 18:55:19.718 連線確認 E122828927 (21,21)
[5792] 2015/02/20 18:56:19.731 連線確認 E122828927 (21,21)
[5792] 2015/02/20 18:56:54.477 收到 Head 資訊 {Count 2} {Type B } 
[5792] 2015/02/20 18:57:19.745 連線確認 E122828927 (21,21)
[5792] 2015/02/20 18:58:19.759 連線確認 E122828927 (21,21)
[5792] 2015/02/20 18:59:19.772 連線確認 E122828927 (21,21)
[5792] 2015/02/20 19:00:19.786 連線確認 E122828927 (21,21)
[5792] 2015/02/20 19:01:19.800 連線確認 E122828927 (21,21)
[5792] 2015/02/20 19:01:55.482 收到 Head 資訊 {Count 2} {Type B } 
[5792] 2015/02/20 19:02:19.813 連線確認 E122828927 (21,21)
[5792] 2015/02/20 19:03:19.828 連線確認 E122828927 (21,21)
[5792] 2015/02/20 19:04:19.841 連線確認 E122828927 (21,21)
[5792] 2015/02/20 19:05:19.854 連線確認 E122828927 (21,21)
[5792] 2015/02/20 19:06:19.868 連線確認 E122828927 (21,21)
[5792] 2015/02/20 19:06:56.486 收到 Head 資訊 {Count 2} {Type B } 
[5792] 2015/02/20 19:07:19.882 連線確認 E122828927 (21,21)
[5792] 2015/02/20 19:08:19.894 連線確認 E122828927 (21,21)
[5792] 2015/02/20 19:09:19.908 連線確認 E122828927 (21,21)
[5792] 2015/02/20 19:10:19.922 連線確認 E122828927 (21,21)
[5792] 2015/02/20 19:11:19.936 連線確認 E122828927 (21,21)
[5792] 2015/02/20 19:12:17.750 收到 Head 資訊 {Count 2} {Type B } 
[5792] 2015/02/20 19:12:19.949 連線確認 E122828927 (21,21)
[5792] 2015/02/20 19:13:19.962 連線確認 E122828927 (21,21)
[5792] 2015/02/20 19:14:19.976 連線確認 E122828927 (21,21)
[5792] 2015/02/20 19:15:19.990 連線確認 E122828927 (21,21)
[5792] 2015/02/20 19:16:20.004 連線確認 E122828927 (21,21)
[5792] 2015/02/20 19:16:58.198 收到 Head 資訊 {Count 2} {Type B } 
[5792] 2015/02/20 19:17:20.017 連線確認 E122828927 (21,21)
[5792] 2015/02/20 19:18:20.031 連線確認 E122828927 (21,21)
[5792] 2015/02/20 19:19:20.044 連線確認 E122828927 (21,21)
[5792] 2015/02/20 19:20:20.058 連線確認 E122828927 (21,21)
[5792] 2015/02/20 19:21:20.072 連線確認 E122828927 (21,21)
[5792] 2015/02/20 19:21:59.191 收到 Head 資訊 {Count 2} {Type B } 
[5792] 2015/02/20 19:22:20.085 連線確認 E122828927 (21,21)
[5792] 2015/02/20 19:23:20.099 連線確認 E122828927 (21,21)
[5792] 2015/02/20 19:24:20.112 連線確認 E122828927 (21,21)
[5792] 2015/02/20 19:25:20.127 連線確認 E122828927 (21,21)
[5792] 2015/02/20 19:26:20.140 連線確認 E122828927 (21,21)
[5792] 2015/02/20 19:27:00.192 收到 Head 資訊 {Count 2} {Type B } 
[5792] 2015/02/20 19:27:20.153 連線確認 E122828927 (21,21)
[5792] 2015/02/20 19:28:20.166 連線確認 E122828927 (21,21)
[5792] 2015/02/20 19:29:20.180 連線確認 E122828927 (21,21)
[5792] 2015/02/20 19:30:20.194 連線確認 E122828927 (21,21)
[5792] 2015/02/20 19:31:20.207 連線確認 E122828927 (21,21)
[5792] 2015/02/20 19:32:01.395 收到 Head 資訊 {Count 2} {Type B } 
[5792] 2015/02/20 19:32:20.221 連線確認 E122828927 (21,21)
[5792] 2015/02/20 19:33:20.235 連線確認 E122828927 (21,21)
[5792] 2015/02/20 19:34:20.248 連線確認 E122828927 (21,21)
[5792] 2015/02/20 19:35:20.262 連線確認 E122828927 (21,21)
[5792] 2015/02/20 19:36:20.276 連線確認 E122828927 (21,21)
[5792] 2015/02/20 19:37:02.377 收到 Head 資訊 {Count 2} {Type B } 
[5792] 2015/02/20 19:37:20.290 連線確認 E122828927 (21,21)
[5792] 2015/02/20 19:38:20.302 連線確認 E122828927 (21,21)
[5792] 2015/02/20 19:39:20.317 連線確認 E122828927 (21,21)
[5792] 2015/02/20 19:40:20.330 連線確認 E122828927 (21,21)
[5792] 2015/02/20 19:41:20.343 連線確認 E122828927 (21,21)
[5792] 2015/02/20 19:42:03.380 收到 Head 資訊 {Count 2} {Type B } 
[5792] 2015/02/20 19:42:20.357 連線確認 E122828927 (21,21)
[5792] 2015/02/20 19:43:20.371 連線確認 E122828927 (21,21)
[5792] 2015/02/20 19:44:20.384 連線確認 E122828927 (21,21)
[5792] 2015/02/20 19:45:20.398 連線確認 E122828927 (21,21)
[5792] 2015/02/20 19:46:20.411 連線確認 E122828927 (21,21)
[5792] 2015/02/20 19:47:03.998 收到 Head 資訊 {Count 2} {Type B } 
[5792] 2015/02/20 19:47:20.424 連線確認 E122828927 (21,21)
[5792] 2015/02/20 19:48:20.438 連線確認 E122828927 (21,21)
[5792] 2015/02/20 19:49:20.453 連線確認 E122828927 (21,21)
[5792] 2015/02/20 19:50:20.465 連線確認 E122828927 (21,21)
[5792] 2015/02/20 19:51:20.480 連線確認 E122828927 (21,21)
[5792] 2015/02/20 19:52:04.988 收到 Head 資訊 {Count 2} {Type B } 
[5792] 2015/02/20 19:52:20.492 連線確認 E122828927 (21,21)
[5792] 2015/02/20 19:53:20.507 連線確認 E122828927 (21,21)
[5792] 2015/02/20 19:54:20.519 連線確認 E122828927 (21,21)
[5792] 2015/02/20 19:55:20.533 連線確認 E122828927 (21,21)
[5792] 2015/02/20 19:56:20.548 連線確認 E122828927 (21,21)
[5792] 2015/02/20 19:57:05.982 收到 Head 資訊 {Count 2} {Type B } 
[5792] 2015/02/20 19:57:20.561 連線確認 E122828927 (21,21)
[5792] 2015/02/20 19:58:20.575 連線確認 E122828927 (21,21)
[5792] 2015/02/20 19:59:20.588 連線確認 E122828927 (21,21)
[5792] 2015/02/20 20:00:20.600 連線確認 E122828927 (21,21)
[5792] 2015/02/20 20:01:20.615 連線確認 E122828927 (21,21)
[5792] 2015/02/20 20:02:07.252 收到 Head 資訊 {Count 2} {Type B } 
[5792] 2015/02/20 20:02:20.628 連線確認 E122828927 (21,21)
[5792] 2015/02/20 20:03:20.643 連線確認 E122828927 (21,21)
[5792] 2015/02/20 20:04:20.655 連線確認 E122828927 (21,21)
[5792] 2015/02/20 20:05:20.669 連線確認 E122828927 (21,21)
[5792] 2015/02/20 20:06:20.683 連線確認 E122828927 (21,21)
[5792] 2015/02/20 20:07:08.254 收到 Head 資訊 {Count 2} {Type B } 
[5792] 2015/02/20 20:07:20.696 連線確認 E122828927 (21,21)
[5792] 2015/02/20 20:08:20.711 連線確認 E122828927 (21,21)
[5792] 2015/02/20 20:09:20.724 連線確認 E122828927 (21,21)
[5792] 2015/02/20 20:10:20.738 連線確認 E122828927 (21,21)
[5792] 2015/02/20 20:11:20.751 連線確認 E122828927 (21,21)
[5792] 2015/02/20 20:12:09.240 收到 Head 資訊 {Count 2} {Type B } 
[5792] 2015/02/20 20:12:20.764 連線確認 E122828927 (21,21)
[5792] 2015/02/20 20:13:20.777 連線確認 E122828927 (21,21)
[5792] 2015/02/20 20:14:20.791 連線確認 E122828927 (21,21)
[5792] 2015/02/20 20:15:20.805 連線確認 E122828927 (21,21)
[5792] 2015/02/20 20:16:20.818 連線確認 E122828927 (21,21)
[5792] 2015/02/20 20:17:10.343 收到 Head 資訊 {Count 2} {Type B } 
[5792] 2015/02/20 20:17:20.832 連線確認 E122828927 (21,21)
[5792] 2015/02/20 20:18:20.847 連線確認 E122828927 (21,21)
[5792] 2015/02/20 20:19:20.860 連線確認 E122828927 (21,21)
[5792] 2015/02/20 20:20:20.874 連線確認 E122828927 (21,21)
[5792] 2015/02/20 20:21:20.887 連線確認 E122828927 (21,21)
[5792] 2015/02/20 20:22:11.340 收到 Head 資訊 {Count 2} {Type B } 
[5792] 2015/02/20 20:22:20.899 連線確認 E122828927 (21,21)
[5792] 2015/02/20 20:23:20.914 連線確認 E122828927 (21,21)
[5792] 2015/02/20 20:24:20.928 連線確認 E122828927 (21,21)
[5792] 2015/02/20 20:25:20.941 連線確認 E122828927 (21,21)
[5792] 2015/02/20 20:26:20.954 連線確認 E122828927 (21,21)
[5792] 2015/02/20 20:27:12.337 收到 Head 資訊 {Count 2} {Type B } 
[5792] 2015/02/20 20:27:20.969 連線確認 E122828927 (21,21)
[5792] 2015/02/20 20:28:20.982 連線確認 E122828927 (21,21)
[5792] 2015/02/20 20:29:20.995 連線確認 E122828927 (21,21)
[5792] 2015/02/20 20:30:21.010 連線確認 E122828927 (21,21)
[5792] 2015/02/20 20:31:21.022 連線確認 E122828927 (21,21)
[5792] 2015/02/20 20:32:13.239 收到 Head 資訊 {Count 2} {Type B } 
[5792] 2015/02/20 20:32:21.036 連線確認 E122828927 (21,21)
[5792] 2015/02/20 20:33:21.049 連線確認 E122828927 (21,21)
[5792] 2015/02/20 20:34:21.062 連線確認 E122828927 (21,21)
[5792] 2015/02/20 20:35:21.077 連線確認 E122828927 (21,21)
[5792] 2015/02/20 20:36:21.091 連線確認 E122828927 (21,21)
[5792] 2015/02/20 20:37:14.241 收到 Head 資訊 {Count 2} {Type B } 
[5792] 2015/02/20 20:37:21.105 連線確認 E122828927 (21,21)
[5792] 2015/02/20 20:38:21.117 連線確認 E122828927 (21,21)
[5792] 2015/02/20 20:39:21.131 連線確認 E122828927 (21,21)
[5792] 2015/02/20 20:40:21.144 連線確認 E122828927 (21,21)
[5792] 2015/02/20 20:41:21.158 連線確認 E122828927 (21,21)
[5792] 2015/02/20 20:42:15.232 收到 Head 資訊 {Count 2} {Type B } 
[5792] 2015/02/20 20:42:21.172 連線確認 E122828927 (21,21)
[5792] 2015/02/20 20:43:21.185 連線確認 E122828927 (21,21)
[5792] 2015/02/20 20:44:21.198 連線確認 E122828927 (21,21)
[5792] 2015/02/20 20:45:21.213 連線確認 E122828927 (21,21)
[5792] 2015/02/20 20:46:21.227 連線確認 E122828927 (21,21)
[5792] 2015/02/20 20:47:15.681 收到 Head 資訊 {Count 2} {Type B } 
[5792] 2015/02/20 20:47:21.240 連線確認 E122828927 (21,21)
[5792] 2015/02/20 20:48:21.254 連線確認 E122828927 (21,21)
[5792] 2015/02/20 20:49:21.266 連線確認 E122828927 (21,21)
[5792] 2015/02/20 20:50:21.281 連線確認 E122828927 (21,21)
[5792] 2015/02/20 20:51:21.297 連線確認 E122828927 (21,21)
[5792] 2015/02/20 20:52:16.682 收到 Head 資訊 {Count 2} {Type B } 
[5792] 2015/02/20 20:52:21.308 連線確認 E122828927 (21,21)
[5792] 2015/02/20 20:53:21.321 連線確認 E122828927 (21,21)
[5792] 2015/02/20 20:54:21.335 連線確認 E122828927 (21,21)
[5792] 2015/02/20 20:55:21.349 連線確認 E122828927 (21,21)
[5792] 2015/02/20 20:56:21.361 連線確認 E122828927 (21,21)
[5792] 2015/02/20 20:57:17.682 收到 Head 資訊 {Count 2} {Type B } 
[5792] 2015/02/20 20:57:21.376 連線確認 E122828927 (21,21)
[5792] 2015/02/20 20:58:21.389 連線確認 E122828927 (21,21)
[5792] 2015/02/20 20:59:21.402 連線確認 E122828927 (21,21)
[5792] 2015/02/20 21:00:21.416 連線確認 E122828927 (21,21)
[5792] 2015/02/20 21:01:21.431 連線確認 E122828927 (21,21)
[5792] 2015/02/20 21:02:18.392 收到 Head 資訊 {Count 2} {Type B } 
[5792] 2015/02/20 21:02:21.443 連線確認 E122828927 (21,21)
[5792] 2015/02/20 21:03:21.457 連線確認 E122828927 (21,21)
[5792] 2015/02/20 21:04:21.471 連線確認 E122828927 (21,21)
[5792] 2015/02/20 21:05:21.484 連線確認 E122828927 (21,21)
[5792] 2015/02/20 21:06:21.498 連線確認 E122828927 (21,21)
[5792] 2015/02/20 21:07:19.390 收到 Head 資訊 {Count 2} {Type B } 
[5792] 2015/02/20 21:07:21.511 連線確認 E122828927 (21,21)
[5792] 2015/02/20 21:08:21.525 連線確認 E122828927 (21,21)
[5792] 2015/02/20 21:09:21.538 連線確認 E122828927 (21,21)
[5792] 2015/02/20 21:10:21.553 連線確認 E122828927 (21,21)
[5792] 2015/02/20 21:11:21.566 連線確認 E122828927 (21,21)
[5792] 2015/02/20 21:12:20.376 收到 Head 資訊 {Count 2} {Type B } 
[5792] 2015/02/20 21:12:21.580 連線確認 E122828927 (21,21)
[5792] 2015/02/20 21:13:21.593 連線確認 E122828927 (21,21)
[5792] 2015/02/20 21:14:21.608 連線確認 E122828927 (21,21)
[5792] 2015/02/20 21:15:21.621 連線確認 E122828927 (21,21)
[5792] 2015/02/20 21:16:21.633 連線確認 E122828927 (21,21)
[5792] 2015/02/20 21:17:21.545 收到 Head 資訊 {Count 2} {Type B } 
[5792] 2015/02/20 21:17:21.648 連線確認 E122828927 (21,21)
[5792] 2015/02/20 21:18:21.661 連線確認 E122828927 (21,21)
[5792] 2015/02/20 21:19:21.675 連線確認 E122828927 (21,21)
[5792] 2015/02/20 21:20:21.689 連線確認 E122828927 (21,21)
[5792] 2015/02/20 21:21:21.702 連線確認 E122828927 (21,21)
[5792] 2015/02/20 21:22:21.715 連線確認 E122828927 (21,21)
[5792] 2015/02/20 21:22:22.544 收到 Head 資訊 {Count 2} {Type B } 
[5792] 2015/02/20 21:23:21.728 連線確認 E122828927 (21,21)
[5792] 2015/02/20 21:24:21.742 連線確認 E122828927 (21,21)
[5792] 2015/02/20 21:25:21.756 連線確認 E122828927 (21,21)
[5792] 2015/02/20 21:26:21.770 連線確認 E122828927 (21,21)
[5792] 2015/02/20 21:27:21.783 連線確認 E122828927 (21,21)
[5792] 2015/02/20 21:27:23.539 收到 Head 資訊 {Count 2} {Type B } 
[5792] 2015/02/20 21:28:21.797 連線確認 E122828927 (21,21)
[5792] 2015/02/20 21:29:21.811 連線確認 E122828927 (21,21)
[5792] 2015/02/20 21:30:21.823 連線確認 E122828927 (21,21)
[5792] 2015/02/20 21:31:21.838 連線確認 E122828927 (21,21)
[5792] 2015/02/20 21:32:21.852 連線確認 E122828927 (21,21)
[5792] 2015/02/20 21:32:25.140 收到 Head 資訊 {Count 2} {Type B } 
[5792] 2015/02/20 21:33:21.864 連線確認 E122828927 (21,21)
[5792] 2015/02/20 21:34:21.879 連線確認 E122828927 (21,21)
[5792] 2015/02/20 21:35:21.891 連線確認 E122828927 (21,21)
[5792] 2015/02/20 21:36:21.905 連線確認 E122828927 (21,21)
[5792] 2015/02/20 21:37:21.919 連線確認 E122828927 (21,21)
[5792] 2015/02/20 21:37:26.125 收到 Head 資訊 {Count 2} {Type B } 
[5792] 2015/02/20 21:38:21.933 連線確認 E122828927 (21,21)
[5792] 2015/02/20 21:39:21.946 連線確認 E122828927 (21,21)
[5792] 2015/02/20 21:40:21.959 連線確認 E122828927 (21,21)
[5792] 2015/02/20 21:41:21.973 連線確認 E122828927 (21,21)
[5792] 2015/02/20 21:42:21.987 連線確認 E122828927 (21,21)
[5792] 2015/02/20 21:42:27.129 收到 Head 資訊 {Count 2} {Type B } 
[5792] 2015/02/20 21:43:22.001 連線確認 E122828927 (21,21)
[5792] 2015/02/20 21:44:22.013 連線確認 E122828927 (21,21)
[5792] 2015/02/20 21:45:22.027 連線確認 E122828927 (21,21)
[5792] 2015/02/20 21:46:22.042 連線確認 E122828927 (21,21)
[5792] 2015/02/20 21:47:22.054 連線確認 E122828927 (21,21)
[5792] 2015/02/20 21:47:27.396 收到 Head 資訊 {Count 2} {Type B } 
[5792] 2015/02/20 21:48:22.069 連線確認 E122828927 (21,21)
[5792] 2015/02/20 21:49:22.083 連線確認 E122828927 (21,21)
[5792] 2015/02/20 21:50:22.095 連線確認 E122828927 (21,21)
[5792] 2015/02/20 21:51:22.109 連線確認 E122828927 (21,21)
[5792] 2015/02/20 21:52:22.122 連線確認 E122828927 (21,21)
[5792] 2015/02/20 21:52:28.396 收到 Head 資訊 {Count 2} {Type B } 
[5792] 2015/02/20 21:53:22.137 連線確認 E122828927 (21,21)
[5792] 2015/02/20 21:54:22.149 連線確認 E122828927 (21,21)
[5792] 2015/02/20 21:55:22.164 連線確認 E122828927 (21,21)
[5792] 2015/02/20 21:56:22.178 連線確認 E122828927 (21,21)
[5792] 2015/02/20 21:57:22.191 連線確認 E122828927 (21,21)
[5792] 2015/02/20 21:57:29.395 收到 Head 資訊 {Count 2} {Type B } 
[5792] 2015/02/20 21:58:22.205 連線確認 E122828927 (21,21)
[5792] 2015/02/20 21:59:22.218 連線確認 E122828927 (21,21)
[5792] 2015/02/20 22:00:22.231 連線確認 E122828927 (21,21)
[5792] 2015/02/20 22:01:22.245 連線確認 E122828927 (21,21)
[5792] 2015/02/20 22:02:22.258 連線確認 E122828927 (21,21)
[5792] 2015/02/20 22:02:30.495 收到 Head 資訊 {Count 2} {Type B } 
[5792] 2015/02/20 22:03:22.272 連線確認 E122828927 (21,21)
[5792] 2015/02/20 22:04:22.285 連線確認 E122828927 (21,21)
[5792] 2015/02/20 22:05:22.300 連線確認 E122828927 (21,21)
[5792] 2015/02/20 22:06:22.314 連線確認 E122828927 (21,21)
[5792] 2015/02/20 22:07:22.327 連線確認 E122828927 (21,21)
[5792] 2015/02/20 22:07:31.485 收到 Head 資訊 {Count 2} {Type B } 
[5792] 2015/02/20 22:08:22.341 連線確認 E122828927 (21,21)
[5792] 2015/02/20 22:09:22.353 連線確認 E122828927 (21,21)
[5792] 2015/02/20 22:10:22.368 連線確認 E122828927 (21,21)
[5792] 2015/02/20 22:11:22.380 連線確認 E122828927 (21,21)
[5792] 2015/02/20 22:12:22.395 連線確認 E122828927 (21,21)
[5792] 2015/02/20 22:12:32.495 收到 Head 資訊 {Count 2} {Type B } 
[5792] 2015/02/20 22:13:22.409 連線確認 E122828927 (21,21)
[5792] 2015/02/20 22:14:22.421 連線確認 E122828927 (21,21)
[5792] 2015/02/20 22:15:22.436 連線確認 E122828927 (21,21)
[5792] 2015/02/20 22:16:22.449 連線確認 E122828927 (21,21)
[5792] 2015/02/20 22:17:22.462 連線確認 E122828927 (21,21)
[5792] 2015/02/20 22:17:33.655 收到 Head 資訊 {Count 2} {Type B } 
[5792] 2015/02/20 22:18:22.477 連線確認 E122828927 (21,21)
[5792] 2015/02/20 22:19:22.490 連線確認 E122828927 (21,21)
[5792] 2015/02/20 22:20:22.504 連線確認 E122828927 (21,21)
[5792] 2015/02/20 22:21:22.517 連線確認 E122828927 (21,21)
[5792] 2015/02/20 22:22:22.532 連線確認 E122828927 (21,21)
[5792] 2015/02/20 22:22:34.647 收到 Head 資訊 {Count 2} {Type B } 
[5792] 2015/02/20 22:23:22.544 連線確認 E122828927 (21,21)
[5792] 2015/02/20 22:24:22.557 連線確認 E122828927 (21,21)
[5792] 2015/02/20 22:25:22.571 連線確認 E122828927 (21,21)
[5792] 2015/02/20 22:26:22.584 連線確認 E122828927 (21,21)
[5792] 2015/02/20 22:27:22.599 連線確認 E122828927 (21,21)
[5792] 2015/02/20 22:27:35.638 收到 Head 資訊 {Count 2} {Type B } 
[5792] 2015/02/20 22:28:22.612 連線確認 E122828927 (21,21)
[5792] 2015/02/20 22:29:22.625 連線確認 E122828927 (21,21)
[5792] 2015/02/20 22:30:22.640 連線確認 E122828927 (21,21)
[5792] 2015/02/20 22:31:22.653 連線確認 E122828927 (21,21)
[5792] 2015/02/20 22:32:22.666 連線確認 E122828927 (21,21)
[5792] 2015/02/20 22:32:36.833 收到 Head 資訊 {Count 2} {Type B } 
[5792] 2015/02/20 22:33:22.679 連線確認 E122828927 (21,21)
[5792] 2015/02/20 22:34:22.693 連線確認 E122828927 (21,21)
[5792] 2015/02/20 22:35:22.707 連線確認 E122828927 (21,21)
[5792] 2015/02/20 22:36:22.721 連線確認 E122828927 (21,21)
[5792] 2015/02/20 22:37:22.734 連線確認 E122828927 (21,21)
[5792] 2015/02/20 22:37:37.836 收到 Head 資訊 {Count 2} {Type B } 
[5792] 2015/02/20 22:38:22.747 連線確認 E122828927 (21,21)
[5792] 2015/02/20 22:39:22.761 連線確認 E122828927 (21,21)
[5792] 2015/02/20 22:40:22.775 連線確認 E122828927 (21,21)
[5792] 2015/02/20 22:41:22.788 連線確認 E122828927 (21,21)
[5792] 2015/02/20 22:42:22.803 連線確認 E122828927 (21,21)
[5792] 2015/02/20 22:42:38.840 收到 Head 資訊 {Count 2} {Type B } 
[5792] 2015/02/20 22:43:22.815 連線確認 E122828927 (21,21)
[5792] 2015/02/20 22:44:22.830 連線確認 E122828927 (21,21)
[5792] 2015/02/20 22:45:22.842 連線確認 E122828927 (21,21)
[5792] 2015/02/20 22:46:22.856 連線確認 E122828927 (21,21)
[5792] 2015/02/20 22:47:22.871 連線確認 E122828927 (21,21)
[5792] 2015/02/20 22:47:39.844 收到 Head 資訊 {Count 2} {Type B } 
[5792] 2015/02/20 22:48:22.883 連線確認 E122828927 (21,21)
[5792] 2015/02/20 22:49:22.897 連線確認 E122828927 (21,21)
[5792] 2015/02/20 22:50:22.910 連線確認 E122828927 (21,21)
[5792] 2015/02/20 22:51:22.924 連線確認 E122828927 (21,21)
[5792] 2015/02/20 22:52:22.938 連線確認 E122828927 (21,21)
[5792] 2015/02/20 22:52:40.830 收到 Head 資訊 {Count 2} {Type B } 
[5792] 2015/02/20 22:53:22.951 連線確認 E122828927 (21,21)
[5792] 2015/02/20 22:54:22.966 連線確認 E122828927 (21,21)
[5792] 2015/02/20 22:55:22.978 連線確認 E122828927 (21,21)
[5792] 2015/02/20 22:56:22.993 連線確認 E122828927 (21,21)
[5792] 2015/02/20 22:57:23.005 連線確認 E122828927 (21,21)
[5792] 2015/02/20 22:57:41.843 收到 Head 資訊 {Count 2} {Type B } 
[5792] 2015/02/20 22:58:23.020 連線確認 E122828927 (21,21)
[5792] 2015/02/20 22:59:23.033 連線確認 E122828927 (21,21)
[5792] 2015/02/20 23:00:23.046 連線確認 E122828927 (21,21)
[5792] 2015/02/20 23:01:23.061 連線確認 E122828927 (21,21)
[5792] 2015/02/20 23:02:23.073 連線確認 E122828927 (21,21)
[5792] 2015/02/20 23:02:42.354 收到 Head 資訊 {Count 2} {Type B } 
[5792] 2015/02/20 23:03:23.088 連線確認 E122828927 (21,21)
[5792] 2015/02/20 23:04:23.100 連線確認 E122828927 (21,21)
[5792] 2015/02/20 23:05:23.114 連線確認 E122828927 (21,21)
[5792] 2015/02/20 23:06:23.129 連線確認 E122828927 (21,21)
[5792] 2015/02/20 23:07:23.141 連線確認 E122828927 (21,21)
[5792] 2015/02/20 23:07:43.348 收到 Head 資訊 {Count 2} {Type B } 
[5792] 2015/02/20 23:08:23.156 連線確認 E122828927 (21,21)
[5792] 2015/02/20 23:09:23.169 連線確認 E122828927 (21,21)
[5792] 2015/02/20 23:10:23.182 連線確認 E122828927 (21,21)
[5792] 2015/02/20 23:11:23.196 連線確認 E122828927 (21,21)
[5792] 2015/02/20 23:12:23.209 連線確認 E122828927 (21,21)
[5792] 2015/02/20 23:12:44.364 收到 Head 資訊 {Count 2} {Type B } 
[5792] 2015/02/20 23:13:23.224 連線確認 E122828927 (21,21)
[5792] 2015/02/20 23:14:23.236 連線確認 E122828927 (21,21)
[5792] 2015/02/20 23:15:23.251 連線確認 E122828927 (21,21)
[5792] 2015/02/20 23:16:23.264 連線確認 E122828927 (21,21)
[5792] 2015/02/20 23:17:23.277 連線確認 E122828927 (21,21)
[5792] 2015/02/20 23:17:45.274 收到 Head 資訊 {Count 2} {Type B } 
[5792] 2015/02/20 23:18:23.291 連線確認 E122828927 (21,21)
[5792] 2015/02/20 23:19:23.305 連線確認 E122828927 (21,21)
[5792] 2015/02/20 23:20:23.317 連線確認 E122828927 (21,21)
[5792] 2015/02/20 23:21:23.332 連線確認 E122828927 (21,21)
[5792] 2015/02/20 23:22:23.346 連線確認 E122828927 (21,21)
[5792] 2015/02/20 23:22:46.246 收到 Head 資訊 {Count 2} {Type B } 
[5792] 2015/02/20 23:23:23.359 連線確認 E122828927 (21,21)
[5792] 2015/02/20 23:24:23.373 連線確認 E122828927 (21,21)
[5792] 2015/02/20 23:25:23.387 連線確認 E122828927 (21,21)
[5792] 2015/02/20 23:26:23.400 連線確認 E122828927 (21,21)
[5792] 2015/02/20 23:27:23.414 連線確認 E122828927 (21,21)
[5792] 2015/02/20 23:27:47.253 收到 Head 資訊 {Count 2} {Type B } 
[5792] 2015/02/20 23:28:23.427 連線確認 E122828927 (21,21)
[5792] 2015/02/20 23:29:23.440 連線確認 E122828927 (21,21)
[5792] 2015/02/20 23:30:23.455 連線確認 E122828927 (21,21)
[5792] 2015/02/20 23:31:23.468 連線確認 E122828927 (21,21)
[5792] 2015/02/20 23:32:23.481 連線確認 E122828927 (21,21)
[5792] 2015/02/20 23:32:48.519 收到 Head 資訊 {Count 2} {Type B } 
[5792] 2015/02/20 23:33:23.495 連線確認 E122828927 (21,21)
[5792] 2015/02/20 23:34:23.508 連線確認 E122828927 (21,21)
[5792] 2015/02/20 23:35:23.523 連線確認 E122828927 (21,21)
[5792] 2015/02/20 23:36:23.536 連線確認 E122828927 (21,21)
[5792] 2015/02/20 23:37:23.548 連線確認 E122828927 (21,21)
[5792] 2015/02/20 23:37:49.513 收到 Head 資訊 {Count 2} {Type B } 
[5792] 2015/02/20 23:38:23.563 連線確認 E122828927 (21,21)
[5792] 2015/02/20 23:39:23.577 連線確認 E122828927 (21,21)
[5792] 2015/02/20 23:40:23.590 連線確認 E122828927 (21,21)
[5792] 2015/02/20 23:41:23.603 連線確認 E122828927 (21,21)
[5792] 2015/02/20 23:42:23.617 連線確認 E122828927 (21,21)
[5792] 2015/02/20 23:42:50.510 收到 Head 資訊 {Count 2} {Type B } 
[5792] 2015/02/20 23:43:23.631 連線確認 E122828927 (21,21)
[5792] 2015/02/20 23:44:23.644 連線確認 E122828927 (21,21)
[5792] 2015/02/20 23:45:23.658 連線確認 E122828927 (21,21)
[5792] 2015/02/20 23:46:23.671 連線確認 E122828927 (21,21)
[5792] 2015/02/20 23:47:23.685 連線確認 E122828927 (21,21)
[5792] 2015/02/20 23:47:51.841 收到 Head 資訊 {Count 2} {Type B } 
[5792] 2015/02/20 23:48:23.698 連線確認 E122828927 (21,21)
[5792] 2015/02/20 23:49:23.712 連線確認 E122828927 (21,21)
[5792] 2015/02/20 23:50:23.726 連線確認 E122828927 (21,21)
[5792] 2015/02/20 23:51:23.739 連線確認 E122828927 (21,21)
[5792] 2015/02/20 23:52:23.752 連線確認 E122828927 (21,21)
[5792] 2015/02/20 23:52:52.845 收到 Head 資訊 {Count 2} {Type B } 
[5792] 2015/02/20 23:53:23.767 連線確認 E122828927 (21,21)
[5792] 2015/02/20 23:54:23.779 連線確認 E122828927 (21,21)
[5792] 2015/02/20 23:55:23.793 連線確認 E122828927 (21,21)
[5792] 2015/02/20 23:56:23.807 連線確認 E122828927 (21,21)
[5792] 2015/02/20 23:57:23.822 連線確認 E122828927 (21,21)
[5792] 2015/02/20 23:57:53.837 收到 Head 資訊 {Count 2} {Type B } 
[5792] 2015/02/20 23:58:23.834 連線確認 E122828927 (21,21)
[5792] 2015/02/20 23:59:23.849 連線確認 E122828927 (21,21)
[5792] 2015/02/21 00:00:23.861 連線確認 E122828927 (21,21)
[5792] 2015/02/21 00:01:23.875 連線確認 E122828927 (21,21)
[5792] 2015/02/21 00:02:23.890 連線確認 E122828927 (21,21)
[5792] 2015/02/21 00:02:54.954 收到 Head 資訊 {Count 2} {Type B } 
[5792] 2015/02/21 00:03:23.903 連線確認 E122828927 (21,21)
[5792] 2015/02/21 00:04:23.917 連線確認 E122828927 (21,21)
[5792] 2015/02/21 00:05:23.930 連線確認 E122828927 (21,21)
[5792] 2015/02/21 00:06:23.942 連線確認 E122828927 (21,21)
[5792] 2015/02/21 00:07:23.957 連線確認 E122828927 (21,21)
[5792] 2015/02/21 00:07:55.962 收到 Head 資訊 {Count 2} {Type B } 
[5792] 2015/02/21 00:08:23.971 連線確認 E122828927 (21,21)
[5792] 2015/02/21 00:09:23.985 連線確認 E122828927 (21,21)
[5792] 2015/02/21 00:10:23.998 連線確認 E122828927 (21,21)
[5792] 2015/02/21 00:11:24.011 連線確認 E122828927 (21,21)
[5792] 2015/02/21 00:12:24.025 連線確認 E122828927 (21,21)
[5792] 2015/02/21 00:12:56.960 收到 Head 資訊 {Count 2} {Type B } 
[5792] 2015/02/21 00:13:24.038 連線確認 E122828927 (21,21)
[5792] 2015/02/21 00:14:24.053 連線確認 E122828927 (21,21)
[5792] 2015/02/21 00:15:24.066 連線確認 E122828927 (21,21)
[5792] 2015/02/21 00:16:24.079 連線確認 E122828927 (21,21)
[5792] 2015/02/21 00:17:24.092 連線確認 E122828927 (21,21)
[5792] 2015/02/21 00:17:57.774 收到 Head 資訊 {Count 2} {Type B } 
[5792] 2015/02/21 00:18:24.107 連線確認 E122828927 (21,21)
[5792] 2015/02/21 00:19:24.120 連線確認 E122828927 (21,21)
[5792] 2015/02/21 00:20:24.133 連線確認 E122828927 (21,21)
[5792] 2015/02/21 00:21:24.146 連線確認 E122828927 (21,21)
[5792] 2015/02/21 00:22:24.161 連線確認 E122828927 (21,21)
[5792] 2015/02/21 00:22:58.759 收到 Head 資訊 {Count 2} {Type B } 
[5792] 2015/02/21 00:23:24.173 連線確認 E122828927 (21,21)
[5792] 2015/02/21 00:24:24.189 連線確認 E122828927 (21,21)
[5792] 2015/02/21 00:25:24.201 連線確認 E122828927 (21,21)
[5792] 2015/02/21 00:26:24.215 連線確認 E122828927 (21,21)
[5792] 2015/02/21 00:27:24.229 連線確認 E122828927 (21,21)
[5792] 2015/02/21 00:27:59.776 收到 Head 資訊 {Count 2} {Type B } 
[5792] 2015/02/21 00:28:24.242 連線確認 E122828927 (21,21)
[5792] 2015/02/21 00:29:24.255 連線確認 E122828927 (21,21)
[5792] 2015/02/21 00:30:24.269 連線確認 E122828927 (21,21)
[5792] 2015/02/21 00:31:24.283 連線確認 E122828927 (21,21)
[5792] 2015/02/21 00:32:24.297 連線確認 E122828927 (21,21)
[5792] 2015/02/21 00:33:00.177 收到 Head 資訊 {Count 2} {Type B } 
[5792] 2015/02/21 00:33:24.310 連線確認 E122828927 (21,21)
[5792] 2015/02/21 00:34:24.323 連線確認 E122828927 (21,21)
[5792] 2015/02/21 00:35:24.337 連線確認 E122828927 (21,21)
[5792] 2015/02/21 00:36:24.350 連線確認 E122828927 (21,21)
[5792] 2015/02/21 00:37:24.364 連線確認 E122828927 (21,21)
[5792] 2015/02/21 00:38:01.170 收到 Head 資訊 {Count 2} {Type B } 
[5792] 2015/02/21 00:38:24.379 連線確認 E122828927 (21,21)
[5792] 2015/02/21 00:39:24.391 連線確認 E122828927 (21,21)
[5792] 2015/02/21 00:40:24.405 連線確認 E122828927 (21,21)
[5792] 2015/02/21 00:41:24.418 連線確認 E122828927 (21,21)
[5792] 2015/02/21 00:42:24.432 連線確認 E122828927 (21,21)
[5792] 2015/02/21 00:43:02.177 收到 Head 資訊 {Count 2} {Type B } 
[5792] 2015/02/21 00:43:24.446 連線確認 E122828927 (21,21)
[5792] 2015/02/21 00:44:24.459 連線確認 E122828927 (21,21)
[5792] 2015/02/21 00:45:24.474 連線確認 E122828927 (21,21)
[5792] 2015/02/21 00:46:24.487 連線確認 E122828927 (21,21)
[5792] 2015/02/21 00:47:29.512 連線確認 E122828927 (21,21)
[5792] 2015/02/21 00:48:03.568 收到 Head 資訊 {Count 2} {Type B } 
[5792] 2015/02/21 00:48:29.505 連線確認 E122828927 (21,21)
[5792] 2015/02/21 00:49:29.520 連線確認 E122828927 (21,21)
[5792] 2015/02/21 00:50:29.533 連線確認 E122828927 (21,21)
[5792] 2015/02/21 00:51:29.547 連線確認 E122828927 (21,21)
[5792] 2015/02/21 00:52:29.560 連線確認 E122828927 (21,21)
[5792] 2015/02/21 00:53:04.579 收到 Head 資訊 {Count 2} {Type B } 
[5792] 2015/02/21 00:53:29.573 連線確認 E122828927 (21,21)
[5792] 2015/02/21 00:54:29.588 連線確認 E122828927 (21,21)
[5792] 2015/02/21 00:55:29.600 連線確認 E122828927 (21,21)
[5792] 2015/02/21 00:56:29.614 連線確認 E122828927 (21,21)
[5792] 2015/02/21 00:57:29.629 連線確認 E122828927 (21,21)
[5792] 2015/02/21 00:58:05.566 收到 Head 資訊 {Count 2} {Type B } 
[5792] 2015/02/21 00:58:29.642 連線確認 E122828927 (21,21)
[5792] 2015/02/21 00:59:29.655 連線確認 E122828927 (21,21)
[5792] 2015/02/21 01:00:29.668 連線確認 E122828927 (21,21)
[5792] 2015/02/21 01:01:29.683 連線確認 E122828927 (21,21)
[5792] 2015/02/21 01:02:29.696 連線確認 E122828927 (21,21)
[5792] 2015/02/21 01:03:08.626 收到 Head 資訊 {Count 2} {Type B } 
[5792] 2015/02/21 01:03:29.709 連線確認 E122828927 (21,21)
[5792] 2015/02/21 01:04:29.723 連線確認 E122828927 (21,21)
[5792] 2015/02/21 01:05:29.737 連線確認 E122828927 (21,21)
[5792] 2015/02/21 01:06:29.750 連線確認 E122828927 (21,21)
[5792] 2015/02/21 01:07:29.764 連線確認 E122828927 (21,21)
[5792] 2015/02/21 01:08:09.624 收到 Head 資訊 {Count 2} {Type B } 
[5792] 2015/02/21 01:08:29.777 連線確認 E122828927 (21,21)
[5792] 2015/02/21 01:09:29.792 連線確認 E122828927 (21,21)
[5792] 2015/02/21 01:10:29.804 連線確認 E122828927 (21,21)
[5792] 2015/02/21 01:11:29.818 連線確認 E122828927 (21,21)
[5792] 2015/02/21 01:12:29.832 連線確認 E122828927 (21,21)
[5792] 2015/02/21 01:13:10.623 收到 Head 資訊 {Count 2} {Type B } 
[5792] 2015/02/21 01:13:29.844 連線確認 E122828927 (21,21)
[5792] 2015/02/21 01:14:29.859 連線確認 E122828927 (21,21)
[5792] 2015/02/21 01:15:29.873 連線確認 E122828927 (21,21)
[5792] 2015/02/21 01:16:29.886 連線確認 E122828927 (21,21)
[5792] 2015/02/21 01:17:29.900 連線確認 E122828927 (21,21)
[5792] 2015/02/21 01:18:11.795 收到 Head 資訊 {Count 2} {Type B } 
[5792] 2015/02/21 01:18:29.913 連線確認 E122828927 (21,21)
[5792] 2015/02/21 01:19:29.928 連線確認 E122828927 (21,21)
[5792] 2015/02/21 01:20:29.940 連線確認 E122828927 (21,21)
[5792] 2015/02/21 01:21:29.954 連線確認 E122828927 (21,21)
[5792] 2015/02/21 01:22:29.967 連線確認 E122828927 (21,21)
[5792] 2015/02/21 01:23:12.797 收到 Head 資訊 {Count 2} {Type B } 
[5792] 2015/02/21 01:23:29.981 連線確認 E122828927 (21,21)
[5792] 2015/02/21 01:24:29.995 連線確認 E122828927 (21,21)
[5792] 2015/02/21 01:25:30.008 連線確認 E122828927 (21,21)
[5792] 2015/02/21 01:26:30.022 連線確認 E122828927 (21,21)
[5792] 2015/02/21 01:27:30.035 連線確認 E122828927 (21,21)
[5792] 2015/02/21 01:28:13.809 收到 Head 資訊 {Count 2} {Type B } 
[5792] 2015/02/21 01:28:30.050 連線確認 E122828927 (21,21)
[5792] 2015/02/21 01:29:30.063 連線確認 E122828927 (21,21)
[5792] 2015/02/21 01:30:30.076 連線確認 E122828927 (21,21)
[5792] 2015/02/21 01:31:30.090 連線確認 E122828927 (21,21)
[5792] 2015/02/21 01:32:30.103 連線確認 E122828927 (21,21)
[5792] 2015/02/21 01:33:18.720 收到 Head 資訊 {Count 2} {Type B } 
[5792] 2015/02/21 01:33:30.117 連線確認 E122828927 (21,21)
[5792] 2015/02/21 01:34:30.131 連線確認 E122828927 (21,21)
[5792] 2015/02/21 01:35:30.145 連線確認 E122828927 (21,21)
[5792] 2015/02/21 01:36:30.158 連線確認 E122828927 (21,21)
[5792] 2015/02/21 01:37:30.172 連線確認 E122828927 (21,21)
[5792] 2015/02/21 01:38:15.064 收到 Head 資訊 {Count 2} {Type B } 
[5792] 2015/02/21 01:38:30.184 連線確認 E122828927 (21,21)
[5792] 2015/02/21 01:39:30.199 連線確認 E122828927 (21,21)
[5792] 2015/02/21 01:40:30.212 連線確認 E122828927 (21,21)
[5792] 2015/02/21 01:41:30.225 連線確認 E122828927 (21,21)
[5792] 2015/02/21 01:42:30.240 連線確認 E122828927 (21,21)
[5792] 2015/02/21 01:43:16.052 收到 Head 資訊 {Count 2} {Type B } 
[5792] 2015/02/21 01:43:30.254 連線確認 E122828927 (21,21)
[5792] 2015/02/21 01:44:30.266 連線確認 E122828927 (21,21)
[5792] 2015/02/21 01:45:30.281 連線確認 E122828927 (21,21)
[5792] 2015/02/21 01:46:30.293 連線確認 E122828927 (21,21)
[5792] 2015/02/21 01:47:30.306 連線確認 E122828927 (21,21)
[5792] 2015/02/21 01:48:17.042 收到 Head 資訊 {Count 2} {Type B } 
[5792] 2015/02/21 01:48:30.321 連線確認 E122828927 (21,21)
[5792] 2015/02/21 01:49:30.334 連線確認 E122828927 (21,21)
[5792] 2015/02/21 01:50:30.349 連線確認 E122828927 (21,21)
[5792] 2015/02/21 01:51:30.362 連線確認 E122828927 (21,21)
[5792] 2015/02/21 01:52:30.375 連線確認 E122828927 (21,21)
[5792] 2015/02/21 01:53:18.183 收到 Head 資訊 {Count 2} {Type B } 
[5792] 2015/02/21 01:53:30.389 連線確認 E122828927 (21,21)
[5792] 2015/02/21 01:54:30.403 連線確認 E122828927 (21,21)
[5792] 2015/02/21 01:55:30.417 連線確認 E122828927 (21,21)
[5792] 2015/02/21 01:56:30.429 連線確認 E122828927 (21,21)
[5792] 2015/02/21 01:57:30.443 連線確認 E122828927 (21,21)
[5792] 2015/02/21 01:58:19.173 收到 Head 資訊 {Count 2} {Type B } 
[5792] 2015/02/21 01:58:30.457 連線確認 E122828927 (21,21)
[5792] 2015/02/21 01:59:30.470 連線確認 E122828927 (21,21)
