[1904] 2015/02/04 07:50:12.989 API InitInstance 
[1904] 2015/02/04 07:50:13.330 E122828927 連線 Code：0
[1904] 2015/02/04 07:50:14.334 收到 Head 資訊 {Count 2} {Type C } 
[1904] 2015/02/04 07:50:14.336 收到 Head 資訊 {Count 2} {Type C } 
[1904] 2015/02/04 07:50:14.338 收到 Head 資訊 {Count 2} {Type C } 
[1904] 2015/02/04 07:50:14.340 收到 Head 資訊 {Count 2} {Type C } 
[1904] 2015/02/04 07:50:14.342 收到 Head 資訊 {Count 2} {Type C } 
[1904] 2015/02/04 07:50:14.343 收到 Head 資訊 {Count 2} {Type C } 
[1904] 2015/02/04 07:50:14.345 收到 Head 資訊 {Count 2} {Type C } 
[1904] 2015/02/04 07:50:14.347 收到 Head 資訊 {Count 2} {Type C } 
[1904] 2015/02/04 07:50:14.349 收到 Head 資訊 {Count 2} {Type C } 
[1904] 2015/02/04 07:50:14.351 收到 Head 資訊 {Count 2} {Type C } 
[1904] 2015/02/04 07:50:14.353 收到 Head 資訊 {Count 2} {Type C } 
[1904] 2015/02/04 07:50:14.354 收到 Head 資訊 {Count 2} {Type C } 
[1904] 2015/02/04 07:50:14.356 收到 Head 資訊 {Count 2} {Type C } 
[1904] 2015/02/04 07:50:14.358 收到 Head 資訊 {Count 2} {Type C } 
[1904] 2015/02/04 07:50:14.359 收到 Head 資訊 {Count 2} {Type C } 
[1904] 2015/02/04 07:50:14.361 收到 Head 資訊 {Count 2} {Type C } 
[1904] 2015/02/04 07:50:14.363 收到 Head 資訊 {Count 2} {Type C } 
[1904] 2015/02/04 07:50:14.365 收到 Head 資訊 {Count 2} {Type C } 
[1904] 2015/02/04 07:50:14.366 收到 Head 資訊 {Count 2} {Type C } 
[1904] 2015/02/04 07:50:14.368 收到 Head 資訊 {Count 2} {Type C } 
[1904] 2015/02/04 07:50:14.370 收到 Head 資訊 {Count 2} {Type C } 
[1904] 2015/02/04 07:50:14.372 收到 Head 資訊 {Count 2} {Type C } 
[1904] 2015/02/04 07:50:14.374 收到 Head 資訊 {Count 2} {Type C } 
[1904] 2015/02/04 07:50:14.375 收到 Head 資訊 {Count 2} {Type C } 
[1904] 2015/02/04 07:50:14.377 收到 Head 資訊 {Count 2} {Type C } 
[1904] 2015/02/04 07:50:14.379 收到 Head 資訊 {Count 2} {Type C } 
[1904] 2015/02/04 07:50:14.381 收到 Head 資訊 {Count 2} {Type C } 
[1904] 2015/02/04 07:50:14.383 收到 Head 資訊 {Count 2} {Type C } 
[1904] 2015/02/04 07:50:14.384 收到 Head 資訊 {Count 2} {Type C } 
[1904] 2015/02/04 07:50:14.386 收到 Head 資訊 {Count 2} {Type C } 
[1904] 2015/02/04 07:50:14.388 收到 Head 資訊 {Count 2} {Type C } 
[1904] 2015/02/04 07:50:14.390 收到 Head 資訊 {Count 2} {Type C } 
[1904] 2015/02/04 07:50:14.392 收到 Head 資訊 {Count 2} {Type C } 
[1904] 2015/02/04 07:50:14.394 收到 Head 資訊 {Count 2} {Type C } 
[1904] 2015/02/04 07:50:14.397 收到 Head 資訊 {Count 2} {Type C } 
[1904] 2015/02/04 07:50:14.399 收到 Head 資訊 {Count 2} {Type C } 
[1904] 2015/02/04 07:50:14.401 收到 Head 資訊 {Count 2} {Type C } 
[1904] 2015/02/04 07:50:14.402 收到 Head 資訊 {Count 2} {Type C } 
[1904] 2015/02/04 07:50:14.404 收到 Head 資訊 {Count 2} {Type C } 
[1904] 2015/02/04 07:50:14.406 收到 Head 資訊 {Count 2} {Type C } 
[1904] 2015/02/04 07:50:14.408 收到 Head 資訊 {Count 2} {Type C } 
[1904] 2015/02/04 07:50:14.409 收到 Head 資訊 {Count 2} {Type C } 
[1904] 2015/02/04 07:50:14.411 收到 Head 資訊 {Count 2} {Type C } 
[1904] 2015/02/04 07:50:14.413 收到 Head 資訊 {Count 2} {Type C } 
[1904] 2015/02/04 07:50:14.415 收到 Head 資訊 {Count 2} {Type C } 
[1904] 2015/02/04 07:50:14.416 收到 Head 資訊 {Count 2} {Type C } 
[1904] 2015/02/04 07:50:14.418 收到 Head 資訊 {Count 2} {Type C } 
[1904] 2015/02/04 07:50:14.420 收到 Head 資訊 {Count 2} {Type C } 
[1904] 2015/02/04 07:50:14.422 收到 Head 資訊 {Count 2} {Type C } 
[1904] 2015/02/04 07:50:14.423 收到 Head 資訊 {Count 2} {Type C } 
[1904] 2015/02/04 07:50:14.425 收到 Head 資訊 {Count 2} {Type C } 
[1904] 2015/02/04 07:50:14.427 收到 Head 資訊 {Count 2} {Type C } 
[1904] 2015/02/04 07:50:14.429 收到 Head 資訊 {Count 2} {Type C } 
[1904] 2015/02/04 07:50:14.430 收到 Head 資訊 {Count 2} {Type C } 
[1904] 2015/02/04 07:50:14.432 收到 Head 資訊 {Count 2} {Type C } 
[1904] 2015/02/04 07:50:14.434 收到 Head 資訊 {Count 2} {Type C } 
[1904] 2015/02/04 07:50:14.436 收到 Head 資訊 {Count 2} {Type C } 
[1904] 2015/02/04 07:50:14.437 收到 Head 資訊 {Count 2} {Type C } 
[1904] 2015/02/04 07:50:14.439 收到 Head 資訊 {Count 2} {Type C } 
[1904] 2015/02/04 07:50:14.441 收到 Head 資訊 {Count 2} {Type C } 
[1904] 2015/02/04 07:50:14.443 收到 Head 資訊 {Count 2} {Type C } 
[1904] 2015/02/04 07:50:14.445 收到 Head 資訊 {Count 2} {Type C } 
[1904] 2015/02/04 07:50:14.446 收到 Head 資訊 {Count 2} {Type C } 
[1904] 2015/02/04 07:50:14.448 收到 Head 資訊 {Count 2} {Type C } 
[1904] 2015/02/04 07:50:14.450 收到 Head 資訊 {Count 2} {Type C } 
[1904] 2015/02/04 07:50:14.452 收到 Head 資訊 {Count 2} {Type C } 
[1904] 2015/02/04 07:50:14.454 收到 Head 資訊 {Count 2} {Type C } 
[1904] 2015/02/04 07:50:14.455 收到 Head 資訊 {Count 2} {Type C } 
[1904] 2015/02/04 07:50:14.457 收到 Head 資訊 {Count 2} {Type C } 
[1904] 2015/02/04 07:50:14.459 收到 Head 資訊 {Count 2} {Type C } 
[1904] 2015/02/04 07:50:14.461 收到 Head 資訊 {Count 2} {Type C } 
[1904] 2015/02/04 07:50:14.462 收到 Head 資訊 {Count 2} {Type C } 
[1904] 2015/02/04 07:50:14.464 收到 Head 資訊 {Count 2} {Type C } 
[1904] 2015/02/04 07:50:14.466 收到 Head 資訊 {Count 2} {Type C } 
[1904] 2015/02/04 07:50:14.468 收到 Head 資訊 {Count 2} {Type C } 
[1904] 2015/02/04 07:50:14.469 收到 Head 資訊 {Count 2} {Type C } 
[1904] 2015/02/04 07:50:14.471 收到 Head 資訊 {Count 2} {Type C } 
[1904] 2015/02/04 07:50:14.473 收到 Head 資訊 {Count 2} {Type C } 
[1904] 2015/02/04 07:50:14.475 收到 Head 資訊 {Count 2} {Type C } 
[1904] 2015/02/04 07:50:14.476 收到 Head 資訊 {Count 2} {Type C } 
[1904] 2015/02/04 07:50:14.478 收到 Head 資訊 {Count 2} {Type C } 
[1904] 2015/02/04 07:50:14.480 收到 Head 資訊 {Count 2} {Type C } 
[1904] 2015/02/04 07:50:14.482 收到 Head 資訊 {Count 2} {Type C } 
[1904] 2015/02/04 07:50:14.483 收到 Head 資訊 {Count 2} {Type C } 
[1904] 2015/02/04 07:50:14.485 收到 Head 資訊 {Count 2} {Type C } 
[1904] 2015/02/04 07:50:14.487 收到 Head 資訊 {Count 2} {Type C } 
[1904] 2015/02/04 07:50:14.489 收到 Head 資訊 {Count 2} {Type C } 
[1904] 2015/02/04 07:50:14.490 收到 Head 資訊 {Count 2} {Type C } 
[1904] 2015/02/04 07:50:14.492 收到 Head 資訊 {Count 2} {Type C } 
[1904] 2015/02/04 07:50:14.494 收到 Head 資訊 {Count 2} {Type C } 
[1904] 2015/02/04 07:50:14.496 收到 Head 資訊 {Count 2} {Type C } 
[1904] 2015/02/04 07:50:14.497 收到 Head 資訊 {Count 2} {Type C } 
[1904] 2015/02/04 07:50:14.499 收到 Head 資訊 {Count 2} {Type C } 
[1904] 2015/02/04 07:50:14.501 收到 Head 資訊 {Count 2} {Type C } 
[1904] 2015/02/04 07:50:14.503 收到 Head 資訊 {Count 2} {Type C } 
[1904] 2015/02/04 07:50:14.504 收到 Head 資訊 {Count 2} {Type C } 
[1904] 2015/02/04 07:50:14.506 收到 Head 資訊 {Count 2} {Type C } 
[1904] 2015/02/04 07:50:14.508 收到 Head 資訊 {Count 2} {Type C } 
[1904] 2015/02/04 07:50:14.510 收到 Head 資訊 {Count 2} {Type C } 
[1904] 2015/02/04 07:50:14.512 收到 Head 資訊 {Count 2} {Type C } 
[1904] 2015/02/04 07:50:14.514 收到 Head 資訊 {Count 2} {Type C } 
[1904] 2015/02/04 07:50:14.515 收到 Head 資訊 {Count 2} {Type C } 
[1904] 2015/02/04 07:50:14.517 收到 Head 資訊 {Count 2} {Type C } 
[1904] 2015/02/04 07:50:14.519 收到 Head 資訊 {Count 2} {Type B } 
[1904] 2015/02/04 07:51:13.308 連線確認 E122828927 (21,21)
[1904] 2015/02/04 07:52:13.322 連線確認 E122828927 (21,21)
[1904] 2015/02/04 07:53:13.335 連線確認 E122828927 (21,21)
[1904] 2015/02/04 07:54:13.348 連線確認 E122828927 (21,21)
[1904] 2015/02/04 07:55:13.363 連線確認 E122828927 (21,21)
[1904] 2015/02/04 07:55:13.836 收到 Head 資訊 {Count 2} {Type B } 
[1904] 2015/02/04 07:56:13.376 連線確認 E122828927 (21,21)
[1904] 2015/02/04 07:57:13.390 連線確認 E122828927 (21,21)
[1904] 2015/02/04 07:58:13.402 連線確認 E122828927 (21,21)
[1904] 2015/02/04 07:59:13.418 連線確認 E122828927 (21,21)
[1904] 2015/02/04 08:00:13.431 連線確認 E122828927 (21,21)
[1904] 2015/02/04 08:00:15.184 收到 Head 資訊 {Count 2} {Type B } 
[1904] 2015/02/04 08:01:13.443 連線確認 E122828927 (21,21)
[1904] 2015/02/04 08:02:13.457 連線確認 E122828927 (21,21)
[1904] 2015/02/04 08:03:13.471 連線確認 E122828927 (21,21)
[1904] 2015/02/04 08:04:13.485 連線確認 E122828927 (21,21)
[1904] 2015/02/04 08:05:13.498 連線確認 E122828927 (21,21)
[1904] 2015/02/04 08:05:16.154 收到 Head 資訊 {Count 2} {Type B } 
[1904] 2015/02/04 08:06:13.512 連線確認 E122828927 (21,21)
[1904] 2015/02/04 08:07:13.526 連線確認 E122828927 (21,21)
[1904] 2015/02/04 08:08:13.538 連線確認 E122828927 (21,21)
[1904] 2015/02/04 08:09:13.552 連線確認 E122828927 (21,21)
[1904] 2015/02/04 08:10:13.566 連線確認 E122828927 (21,21)
[1904] 2015/02/04 08:10:17.169 收到 Head 資訊 {Count 2} {Type B } 
[1904] 2015/02/04 08:11:13.580 連線確認 E122828927 (21,21)
[1904] 2015/02/04 08:11:21.156 收到 Head 資訊 {Count 2} {Type C } 
[1904] 2015/02/04 08:11:31.146 收到 Head 資訊 {Count 2} {Type C } 
[1904] 2015/02/04 08:11:41.175 收到 Head 資訊 {Count 2} {Type C } 
[1904] 2015/02/04 08:11:51.156 收到 Head 資訊 {Count 2} {Type C } 
[1904] 2015/02/04 08:12:13.594 連線確認 E122828927 (21,21)
[1904] 2015/02/04 08:13:13.606 連線確認 E122828927 (21,21)
[1904] 2015/02/04 08:14:13.620 連線確認 E122828927 (21,21)
[1904] 2015/02/04 08:15:13.634 連線確認 E122828927 (21,21)
[1904] 2015/02/04 08:15:18.148 收到 Head 資訊 {Count 2} {Type B } 
[1904] 2015/02/04 08:16:13.648 連線確認 E122828927 (21,21)
[1904] 2015/02/04 08:17:13.661 連線確認 E122828927 (21,21)
[1904] 2015/02/04 08:18:13.674 連線確認 E122828927 (21,21)
[1904] 2015/02/04 08:19:13.689 連線確認 E122828927 (21,21)
[1904] 2015/02/04 08:20:13.701 連線確認 E122828927 (21,21)
[1904] 2015/02/04 08:20:19.108 收到 Head 資訊 {Count 2} {Type B } 
[1904] 2015/02/04 08:21:13.716 連線確認 E122828927 (21,21)
[1904] 2015/02/04 08:22:13.729 連線確認 E122828927 (21,21)
[1904] 2015/02/04 08:23:13.742 連線確認 E122828927 (21,21)
[1904] 2015/02/04 08:24:13.757 連線確認 E122828927 (21,21)
[1904] 2015/02/04 08:25:13.770 連線確認 E122828927 (21,21)
[1904] 2015/02/04 08:25:20.130 收到 Head 資訊 {Count 2} {Type B } 
[1904] 2015/02/04 08:26:13.783 連線確認 E122828927 (21,21)
[1904] 2015/02/04 08:27:13.796 連線確認 E122828927 (21,21)
[1904] 2015/02/04 08:28:13.810 連線確認 E122828927 (21,21)
[1904] 2015/02/04 08:29:13.824 連線確認 E122828927 (21,21)
[1904] 2015/02/04 08:30:13.838 連線確認 E122828927 (21,21)
[1904] 2015/02/04 08:30:21.114 收到 Head 資訊 {Count 2} {Type B } 
[1904] 2015/02/04 08:31:13.852 連線確認 E122828927 (21,21)
[1904] 2015/02/04 08:31:21.694 收到 Head 資訊 {Count 2} {Type C } 
[1904] 2015/02/04 08:32:13.865 連線確認 E122828927 (21,21)
[1904] 2015/02/04 08:33:13.879 連線確認 E122828927 (21,21)
[1904] 2015/02/04 08:34:13.891 連線確認 E122828927 (21,21)
[1904] 2015/02/04 08:35:11.530 收到 Head 資訊 {Count 2} {Type C } 
[1904] 2015/02/04 08:35:13.907 連線確認 E122828927 (21,21)
[1904] 2015/02/04 08:35:21.510 收到 Head 資訊 {Count 2} {Type C } 
[1904] 2015/02/04 08:35:22.052 收到 Head 資訊 {Count 2} {Type B } 
[1904] 2015/02/04 08:36:13.920 連線確認 E122828927 (21,21)
[1904] 2015/02/04 08:37:13.932 連線確認 E122828927 (21,21)
[1904] 2015/02/04 08:38:13.946 連線確認 E122828927 (21,21)
[1904] 2015/02/04 08:39:13.960 連線確認 E122828927 (21,21)
[1904] 2015/02/04 08:40:13.973 連線確認 E122828927 (21,21)
[1904] 2015/02/04 08:40:23.124 收到 Head 資訊 {Count 2} {Type B } 
[1904] 2015/02/04 08:41:13.988 連線確認 E122828927 (21,21)
[1904] 2015/02/04 08:42:14.001 連線確認 E122828927 (21,21)
[1904] 2015/02/04 08:43:14.014 連線確認 E122828927 (21,21)
[1904] 2015/02/04 08:44:14.027 連線確認 E122828927 (21,21)
[1904] 2015/02/04 08:45:14.042 連線確認 E122828927 (21,21)
[1904] 2015/02/04 08:45:24.209 收到 Head 資訊 {Count 2} {Type B } 
[1904] 2015/02/04 08:46:14.056 連線確認 E122828927 (21,21)
[1904] 2015/02/04 08:47:14.068 連線確認 E122828927 (21,21)
[1904] 2015/02/04 08:48:14.083 連線確認 E122828927 (21,21)
[1904] 2015/02/04 08:49:14.095 連線確認 E122828927 (21,21)
[1904] 2015/02/04 08:50:14.109 連線確認 E122828927 (21,21)
[1904] 2015/02/04 08:50:25.136 收到 Head 資訊 {Count 2} {Type B } 
[1904] 2015/02/04 08:51:14.122 連線確認 E122828927 (21,21)
[1904] 2015/02/04 08:51:21.795 收到 Head 資訊 {Count 2} {Type C } 
[1904] 2015/02/04 08:51:31.718 收到 Head 資訊 {Count 2} {Type C } 
[1904] 2015/02/04 08:51:41.815 收到 Head 資訊 {Count 2} {Type C } 
[1904] 2015/02/04 08:51:51.790 收到 Head 資訊 {Count 2} {Type C } 
[1904] 2015/02/04 08:52:14.137 連線確認 E122828927 (21,21)
[1904] 2015/02/04 08:53:14.150 連線確認 E122828927 (21,21)
[1904] 2015/02/04 08:54:14.163 連線確認 E122828927 (21,21)
[1904] 2015/02/04 08:55:11.823 收到 Head 資訊 {Count 2} {Type C } 
[1904] 2015/02/04 08:55:14.178 連線確認 E122828927 (21,21)
[1904] 2015/02/04 08:55:21.840 收到 Head 資訊 {Count 2} {Type C } 
[1904] 2015/02/04 08:55:26.208 收到 Head 資訊 {Count 2} {Type B } 
[1904] 2015/02/04 08:56:14.191 連線確認 E122828927 (21,21)
[1904] 2015/02/04 08:57:14.204 連線確認 E122828927 (21,21)
[1904] 2015/02/04 08:58:14.218 連線確認 E122828927 (21,21)
[1904] 2015/02/04 08:59:14.231 連線確認 E122828927 (21,21)
[1904] 2015/02/04 09:00:14.245 連線確認 E122828927 (21,21)
[1904] 2015/02/04 09:00:26.540 收到 Head 資訊 {Count 2} {Type B } 
[1904] 2015/02/04 09:01:14.259 連線確認 E122828927 (21,21)
[1904] 2015/02/04 09:02:14.273 連線確認 E122828927 (21,21)
[1904] 2015/02/04 09:03:14.287 連線確認 E122828927 (21,21)
[1904] 2015/02/04 09:04:14.299 連線確認 E122828927 (21,21)
[1904] 2015/02/04 09:05:14.314 連線確認 E122828927 (21,21)
[1904] 2015/02/04 09:05:27.412 收到 Head 資訊 {Count 2} {Type B } 
[1904] 2015/02/04 09:06:14.326 連線確認 E122828927 (21,21)
[1904] 2015/02/04 09:07:14.340 連線確認 E122828927 (21,21)
[1904] 2015/02/04 09:08:14.354 連線確認 E122828927 (21,21)
[1904] 2015/02/04 09:09:14.368 連線確認 E122828927 (21,21)
[1904] 2015/02/04 09:10:14.381 連線確認 E122828927 (21,21)
[1904] 2015/02/04 09:10:28.624 收到 Head 資訊 {Count 2} {Type B } 
[1904] 2015/02/04 09:11:14.395 連線確認 E122828927 (21,21)
[1904] 2015/02/04 09:11:21.556 收到 Head 資訊 {Count 2} {Type C } 
[1904] 2015/02/04 09:11:31.500 收到 Head 資訊 {Count 2} {Type C } 
[1904] 2015/02/04 09:11:41.445 收到 Head 資訊 {Count 2} {Type C } 
[1904] 2015/02/04 09:11:51.616 收到 Head 資訊 {Count 2} {Type C } 
[1904] 2015/02/04 09:12:01.566 收到 Head 資訊 {Count 2} {Type C } 
[1904] 2015/02/04 09:12:11.533 收到 Head 資訊 {Count 2} {Type C } 
[1904] 2015/02/04 09:12:14.408 連線確認 E122828927 (21,21)
[1904] 2015/02/04 09:13:14.422 連線確認 E122828927 (21,21)
[1904] 2015/02/04 09:14:14.435 連線確認 E122828927 (21,21)
[1904] 2015/02/04 09:15:14.450 連線確認 E122828927 (21,21)
[1904] 2015/02/04 09:15:29.624 收到 Head 資訊 {Count 2} {Type B } 
[1904] 2015/02/04 09:16:14.462 連線確認 E122828927 (21,21)
[1904] 2015/02/04 09:17:14.477 連線確認 E122828927 (21,21)
[1904] 2015/02/04 09:18:14.490 連線確認 E122828927 (21,21)
[1904] 2015/02/04 09:19:14.503 連線確認 E122828927 (21,21)
[1904] 2015/02/04 09:20:14.518 連線確認 E122828927 (21,21)
[1904] 2015/02/04 09:20:30.635 收到 Head 資訊 {Count 2} {Type B } 
[1904] 2015/02/04 09:21:14.530 連線確認 E122828927 (21,21)
[1904] 2015/02/04 09:22:14.545 連線確認 E122828927 (21,21)
[1904] 2015/02/04 09:23:14.557 連線確認 E122828927 (21,21)
[1904] 2015/02/04 09:24:14.572 連線確認 E122828927 (21,21)
[1904] 2015/02/04 09:25:14.585 連線確認 E122828927 (21,21)
[1904] 2015/02/04 09:25:31.547 收到 Head 資訊 {Count 2} {Type B } 
[1904] 2015/02/04 09:26:14.599 連線確認 E122828927 (21,21)
[1904] 2015/02/04 09:27:14.613 連線確認 E122828927 (21,21)
[1904] 2015/02/04 09:28:14.626 連線確認 E122828927 (21,21)
[1904] 2015/02/04 09:29:14.638 連線確認 E122828927 (21,21)
[1904] 2015/02/04 09:30:14.653 連線確認 E122828927 (21,21)
[1904] 2015/02/04 09:30:33.263 收到 Head 資訊 {Count 2} {Type B } 
[1904] 2015/02/04 09:31:14.667 連線確認 E122828927 (21,21)
[1904] 2015/02/04 09:31:21.212 收到 Head 資訊 {Count 2} {Type C } 
[1904] 2015/02/04 09:31:31.300 收到 Head 資訊 {Count 2} {Type C } 
[1904] 2015/02/04 09:31:41.359 收到 Head 資訊 {Count 2} {Type C } 
[1904] 2015/02/04 09:31:51.212 收到 Head 資訊 {Count 2} {Type C } 
[1904] 2015/02/04 09:32:14.681 連線確認 E122828927 (21,21)
[1904] 2015/02/04 09:33:14.694 連線確認 E122828927 (21,21)
[1904] 2015/02/04 09:34:14.708 連線確認 E122828927 (21,21)
[1904] 2015/02/04 09:35:11.147 收到 Head 資訊 {Count 2} {Type C } 
[1904] 2015/02/04 09:35:14.721 連線確認 E122828927 (21,21)
[1904] 2015/02/04 09:35:21.096 收到 Head 資訊 {Count 2} {Type C } 
[1904] 2015/02/04 09:35:34.117 收到 Head 資訊 {Count 2} {Type B } 
[1904] 2015/02/04 09:36:14.735 連線確認 E122828927 (21,21)
[1904] 2015/02/04 09:37:14.747 連線確認 E122828927 (21,21)
[1904] 2015/02/04 09:38:14.762 連線確認 E122828927 (21,21)
[1904] 2015/02/04 09:39:14.775 連線確認 E122828927 (21,21)
[1904] 2015/02/04 09:40:14.789 連線確認 E122828927 (21,21)
[1904] 2015/02/04 09:40:35.178 收到 Head 資訊 {Count 2} {Type B } 
[1904] 2015/02/04 09:41:14.803 連線確認 E122828927 (21,21)
[1904] 2015/02/04 09:42:14.816 連線確認 E122828927 (21,21)
[1904] 2015/02/04 09:43:14.829 連線確認 E122828927 (21,21)
[1904] 2015/02/04 09:44:14.843 連線確認 E122828927 (21,21)
[1904] 2015/02/04 09:45:14.856 連線確認 E122828927 (21,21)
[1904] 2015/02/04 09:45:36.341 收到 Head 資訊 {Count 2} {Type B } 
[1904] 2015/02/04 09:46:14.870 連線確認 E122828927 (21,21)
[1904] 2015/02/04 09:47:14.884 連線確認 E122828927 (21,21)
[1904] 2015/02/04 09:48:14.897 連線確認 E122828927 (21,21)
[1904] 2015/02/04 09:49:14.911 連線確認 E122828927 (21,21)
[1904] 2015/02/04 09:50:14.924 連線確認 E122828927 (21,21)
[1904] 2015/02/04 09:50:37.267 收到 Head 資訊 {Count 2} {Type B } 
[1904] 2015/02/04 09:51:14.939 連線確認 E122828927 (21,21)
[1904] 2015/02/04 09:51:31.644 收到 Head 資訊 {Count 2} {Type C } 
[1904] 2015/02/04 09:51:41.645 收到 Head 資訊 {Count 2} {Type C } 
[1904] 2015/02/04 09:51:51.589 收到 Head 資訊 {Count 2} {Type C } 
[1904] 2015/02/04 09:52:01.561 收到 Head 資訊 {Count 2} {Type C } 
[1904] 2015/02/04 09:52:14.951 連線確認 E122828927 (21,21)
[1904] 2015/02/04 09:53:14.966 連線確認 E122828927 (21,21)
[1904] 2015/02/04 09:54:14.979 連線確認 E122828927 (21,21)
[1904] 2015/02/04 09:55:11.539 收到 Head 資訊 {Count 2} {Type C } 
[1904] 2015/02/04 09:55:14.993 連線確認 E122828927 (21,21)
[1904] 2015/02/04 09:55:38.344 收到 Head 資訊 {Count 2} {Type B } 
[1904] 2015/02/04 09:56:15.007 連線確認 E122828927 (21,21)
[1904] 2015/02/04 09:57:15.019 連線確認 E122828927 (21,21)
[1904] 2015/02/04 09:58:15.034 連線確認 E122828927 (21,21)
[1904] 2015/02/04 09:59:15.047 連線確認 E122828927 (21,21)
[1904] 2015/02/04 10:00:15.061 連線確認 E122828927 (21,21)
[1904] 2015/02/04 10:00:38.331 收到 Head 資訊 {Count 2} {Type B } 
[1904] 2015/02/04 10:01:15.074 連線確認 E122828927 (21,21)
[1904] 2015/02/04 10:02:15.088 連線確認 E122828927 (21,21)
[1904] 2015/02/04 10:03:15.101 連線確認 E122828927 (21,21)
[1904] 2015/02/04 10:04:15.114 連線確認 E122828927 (21,21)
[1904] 2015/02/04 10:05:15.127 連線確認 E122828927 (21,21)
[1904] 2015/02/04 10:05:39.452 收到 Head 資訊 {Count 2} {Type B } 
[1904] 2015/02/04 10:06:15.142 連線確認 E122828927 (21,21)
[1904] 2015/02/04 10:07:15.155 連線確認 E122828927 (21,21)
[1904] 2015/02/04 10:08:15.170 連線確認 E122828927 (21,21)
[1904] 2015/02/04 10:09:15.182 連線確認 E122828927 (21,21)
[1904] 2015/02/04 10:10:15.197 連線確認 E122828927 (21,21)
[1904] 2015/02/04 10:10:40.270 收到 Head 資訊 {Count 2} {Type B } 
[1904] 2015/02/04 10:11:15.210 連線確認 E122828927 (21,21)
[1904] 2015/02/04 10:11:30.683 收到 Head 資訊 {Count 2} {Type C } 
[1904] 2015/02/04 10:11:40.742 收到 Head 資訊 {Count 2} {Type C } 
[1904] 2015/02/04 10:11:50.745 收到 Head 資訊 {Count 2} {Type C } 
[1904] 2015/02/04 10:12:00.683 收到 Head 資訊 {Count 2} {Type C } 
[1904] 2015/02/04 10:12:15.223 連線確認 E122828927 (21,21)
[1904] 2015/02/04 10:13:15.238 連線確認 E122828927 (21,21)
[1904] 2015/02/04 10:14:15.250 連線確認 E122828927 (21,21)
[1904] 2015/02/04 10:15:10.864 收到 Head 資訊 {Count 2} {Type C } 
[1904] 2015/02/04 10:15:15.263 連線確認 E122828927 (21,21)
[1904] 2015/02/04 10:15:41.485 收到 Head 資訊 {Count 2} {Type B } 
[1904] 2015/02/04 10:16:15.278 連線確認 E122828927 (21,21)
[1904] 2015/02/04 10:17:15.291 連線確認 E122828927 (21,21)
[1904] 2015/02/04 10:18:15.305 連線確認 E122828927 (21,21)
[1904] 2015/02/04 10:19:15.318 連線確認 E122828927 (21,21)
[1904] 2015/02/04 10:20:15.332 連線確認 E122828927 (21,21)
[1904] 2015/02/04 10:20:42.410 收到 Head 資訊 {Count 2} {Type B } 
[1904] 2015/02/04 10:21:15.345 連線確認 E122828927 (21,21)
[1904] 2015/02/04 10:22:15.358 連線確認 E122828927 (21,21)
[1904] 2015/02/04 10:23:15.372 連線確認 E122828927 (21,21)
[1904] 2015/02/04 10:24:15.386 連線確認 E122828927 (21,21)
[1904] 2015/02/04 10:25:15.400 連線確認 E122828927 (21,21)
[1904] 2015/02/04 10:25:43.585 收到 Head 資訊 {Count 2} {Type B } 
[1904] 2015/02/04 10:26:15.413 連線確認 E122828927 (21,21)
[1904] 2015/02/04 10:27:15.427 連線確認 E122828927 (21,21)
[1904] 2015/02/04 10:28:15.440 連線確認 E122828927 (21,21)
[1904] 2015/02/04 10:29:15.454 連線確認 E122828927 (21,21)
[1904] 2015/02/04 10:30:15.469 連線確認 E122828927 (21,21)
[1904] 2015/02/04 10:30:44.966 收到 Head 資訊 {Count 2} {Type B } 
[1904] 2015/02/04 10:31:15.482 連線確認 E122828927 (21,21)
[1904] 2015/02/04 10:31:31.666 收到 Head 資訊 {Count 2} {Type C } 
[1904] 2015/02/04 10:31:41.528 收到 Head 資訊 {Count 2} {Type C } 
[1904] 2015/02/04 10:31:51.505 收到 Head 資訊 {Count 2} {Type C } 
[1904] 2015/02/04 10:32:01.600 收到 Head 資訊 {Count 2} {Type C } 
[1904] 2015/02/04 10:32:11.644 收到 Head 資訊 {Count 2} {Type C } 
[1904] 2015/02/04 10:32:15.495 連線確認 E122828927 (21,21)
[1904] 2015/02/04 10:32:21.706 收到 Head 資訊 {Count 2} {Type C } 
[1904] 2015/02/04 10:32:31.732 收到 Head 資訊 {Count 2} {Type C } 
[1904] 2015/02/04 10:32:41.502 收到 Head 資訊 {Count 2} {Type C } 
[1904] 2015/02/04 10:32:51.531 收到 Head 資訊 {Count 2} {Type C } 
[1904] 2015/02/04 10:33:15.508 連線確認 E122828927 (21,21)
[1904] 2015/02/04 10:34:15.522 連線確認 E122828927 (21,21)
[1904] 2015/02/04 10:35:11.454 收到 Head 資訊 {Count 2} {Type C } 
[1904] 2015/02/04 10:35:15.536 連線確認 E122828927 (21,21)
[1904] 2015/02/04 10:35:46.126 收到 Head 資訊 {Count 2} {Type B } 
[1904] 2015/02/04 10:36:15.550 連線確認 E122828927 (21,21)
[1904] 2015/02/04 10:37:15.564 連線確認 E122828927 (21,21)
[1904] 2015/02/04 10:38:15.577 連線確認 E122828927 (21,21)
[1904] 2015/02/04 10:39:15.590 連線確認 E122828927 (21,21)
[1904] 2015/02/04 10:40:15.604 連線確認 E122828927 (21,21)
[1904] 2015/02/04 10:40:46.992 收到 Head 資訊 {Count 2} {Type B } 
[1904] 2015/02/04 10:41:15.617 連線確認 E122828927 (21,21)
[1904] 2015/02/04 10:42:15.633 連線確認 E122828927 (21,21)
[1904] 2015/02/04 10:43:15.644 連線確認 E122828927 (21,21)
[1904] 2015/02/04 10:44:15.658 連線確認 E122828927 (21,21)
[1904] 2015/02/04 10:45:15.671 連線確認 E122828927 (21,21)
[1904] 2015/02/04 10:45:47.633 收到 Head 資訊 {Count 2} {Type B } 
[1904] 2015/02/04 10:46:15.685 連線確認 E122828927 (21,21)
[1904] 2015/02/04 10:47:15.699 連線確認 E122828927 (21,21)
[1904] 2015/02/04 10:48:15.712 連線確認 E122828927 (21,21)
[1904] 2015/02/04 10:49:15.727 連線確認 E122828927 (21,21)
[1904] 2015/02/04 10:50:15.740 連線確認 E122828927 (21,21)
[1904] 2015/02/04 10:50:48.714 收到 Head 資訊 {Count 2} {Type B } 
[1904] 2015/02/04 10:51:15.753 連線確認 E122828927 (21,21)
[1904] 2015/02/04 10:51:51.346 收到 Head 資訊 {Count 2} {Type C } 
[1904] 2015/02/04 10:52:01.386 收到 Head 資訊 {Count 2} {Type C } 
[1904] 2015/02/04 10:52:11.405 收到 Head 資訊 {Count 2} {Type C } 
[1904] 2015/02/04 10:52:15.767 連線確認 E122828927 (21,21)
[1904] 2015/02/04 10:52:21.413 收到 Head 資訊 {Count 2} {Type C } 
[1904] 2015/02/04 10:52:31.471 收到 Head 資訊 {Count 2} {Type C } 
[1904] 2015/02/04 10:52:41.274 收到 Head 資訊 {Count 2} {Type C } 
[1904] 2015/02/04 10:52:51.416 收到 Head 資訊 {Count 2} {Type C } 
[1904] 2015/02/04 10:53:01.339 收到 Head 資訊 {Count 2} {Type C } 
[1904] 2015/02/04 10:53:11.289 收到 Head 資訊 {Count 2} {Type C } 
[1904] 2015/02/04 10:53:15.781 連線確認 E122828927 (21,21)
[1904] 2015/02/04 10:53:21.245 收到 Head 資訊 {Count 2} {Type C } 
[1904] 2015/02/04 10:53:31.427 收到 Head 資訊 {Count 2} {Type C } 
[1904] 2015/02/04 10:53:41.301 收到 Head 資訊 {Count 2} {Type C } 
[1904] 2015/02/04 10:53:51.242 收到 Head 資訊 {Count 2} {Type C } 
[1904] 2015/02/04 10:54:15.794 連線確認 E122828927 (21,21)
[1904] 2015/02/04 10:55:11.221 收到 Head 資訊 {Count 2} {Type C } 
[1904] 2015/02/04 10:55:15.808 連線確認 E122828927 (21,21)
[1904] 2015/02/04 10:55:21.235 收到 Head 資訊 {Count 2} {Type C } 
[1904] 2015/02/04 10:55:49.554 收到 Head 資訊 {Count 2} {Type B } 
[1904] 2015/02/04 10:56:15.821 連線確認 E122828927 (21,21)
[1904] 2015/02/04 10:57:15.834 連線確認 E122828927 (21,21)
[1904] 2015/02/04 10:58:15.848 連線確認 E122828927 (21,21)
[1904] 2015/02/04 10:59:15.861 連線確認 E122828927 (21,21)
[1904] 2015/02/04 11:00:15.875 連線確認 E122828927 (21,21)
[1904] 2015/02/04 11:00:50.664 收到 Head 資訊 {Count 2} {Type B } 
[1904] 2015/02/04 11:01:15.890 連線確認 E122828927 (21,21)
[1904] 2015/02/04 11:02:15.903 連線確認 E122828927 (21,21)
[1904] 2015/02/04 11:03:15.916 連線確認 E122828927 (21,21)
[1904] 2015/02/04 11:04:15.930 連線確認 E122828927 (21,21)
[1904] 2015/02/04 11:05:15.943 連線確認 E122828927 (21,21)
[1904] 2015/02/04 11:05:51.524 收到 Head 資訊 {Count 2} {Type B } 
[1904] 2015/02/04 11:06:15.957 連線確認 E122828927 (21,21)
[1904] 2015/02/04 11:07:15.970 連線確認 E122828927 (21,21)
[1904] 2015/02/04 11:08:15.984 連線確認 E122828927 (21,21)
[1904] 2015/02/04 11:09:15.999 連線確認 E122828927 (21,21)
[1904] 2015/02/04 11:10:16.012 連線確認 E122828927 (21,21)
[1904] 2015/02/04 11:10:52.626 收到 Head 資訊 {Count 2} {Type B } 
[1904] 2015/02/04 11:11:16.024 連線確認 E122828927 (21,21)
[1904] 2015/02/04 11:11:51.536 收到 Head 資訊 {Count 2} {Type C } 
[1904] 2015/02/04 11:12:01.494 收到 Head 資訊 {Count 2} {Type C } 
[1904] 2015/02/04 11:12:11.520 收到 Head 資訊 {Count 2} {Type C } 
[1904] 2015/02/04 11:12:16.038 連線確認 E122828927 (21,21)
[1904] 2015/02/04 11:12:21.599 收到 Head 資訊 {Count 2} {Type C } 
[1904] 2015/02/04 11:12:31.588 收到 Head 資訊 {Count 2} {Type C } 
[1904] 2015/02/04 11:12:41.391 收到 Head 資訊 {Count 2} {Type C } 
[1904] 2015/02/04 11:12:51.443 收到 Head 資訊 {Count 2} {Type C } 
[1904] 2015/02/04 11:13:01.514 收到 Head 資訊 {Count 2} {Type C } 
[1904] 2015/02/04 11:13:11.556 收到 Head 資訊 {Count 2} {Type C } 
[1904] 2015/02/04 11:13:16.052 連線確認 E122828927 (21,21)
[1904] 2015/02/04 11:13:21.594 收到 Head 資訊 {Count 2} {Type C } 
[1904] 2015/02/04 11:13:31.403 收到 Head 資訊 {Count 2} {Type C } 
[1904] 2015/02/04 11:14:16.065 連線確認 E122828927 (21,21)
[1904] 2015/02/04 11:15:11.330 收到 Head 資訊 {Count 2} {Type C } 
[1904] 2015/02/04 11:15:16.080 連線確認 E122828927 (21,21)
[1904] 2015/02/04 11:15:21.371 收到 Head 資訊 {Count 2} {Type C } 
[1904] 2015/02/04 11:15:31.403 收到 Head 資訊 {Count 2} {Type C } 
[1904] 2015/02/04 11:15:41.434 收到 Head 資訊 {Count 2} {Type C } 
[1904] 2015/02/04 11:15:51.274 收到 Head 資訊 {Count 2} {Type C } 
[1904] 2015/02/04 11:15:53.528 收到 Head 資訊 {Count 2} {Type B } 
[1904] 2015/02/04 11:16:16.093 連線確認 E122828927 (21,21)
[1904] 2015/02/04 11:17:16.106 連線確認 E122828927 (21,21)
[1904] 2015/02/04 11:18:16.119 連線確認 E122828927 (21,21)
[1904] 2015/02/04 11:19:16.134 連線確認 E122828927 (21,21)
[1904] 2015/02/04 11:20:16.147 連線確認 E122828927 (21,21)
[1904] 2015/02/04 11:20:54.854 收到 Head 資訊 {Count 2} {Type B } 
[1904] 2015/02/04 11:21:16.160 連線確認 E122828927 (21,21)
[1904] 2015/02/04 11:22:16.175 連線確認 E122828927 (21,21)
[1904] 2015/02/04 11:23:16.188 連線確認 E122828927 (21,21)
[1904] 2015/02/04 11:24:16.201 連線確認 E122828927 (21,21)
[1904] 2015/02/04 11:25:16.215 連線確認 E122828927 (21,21)
[1904] 2015/02/04 11:25:55.773 收到 Head 資訊 {Count 2} {Type B } 
[1904] 2015/02/04 11:26:16.228 連線確認 E122828927 (21,21)
[1904] 2015/02/04 11:27:16.242 連線確認 E122828927 (21,21)
[1904] 2015/02/04 11:28:16.255 連線確認 E122828927 (21,21)
[1904] 2015/02/04 11:29:16.269 連線確認 E122828927 (21,21)
[1904] 2015/02/04 11:30:16.282 連線確認 E122828927 (21,21)
[1904] 2015/02/04 11:30:56.753 收到 Head 資訊 {Count 2} {Type B } 
[1904] 2015/02/04 11:31:16.297 連線確認 E122828927 (21,21)
[1904] 2015/02/04 11:32:16.310 連線確認 E122828927 (21,21)
[1904] 2015/02/04 11:32:21.957 收到 Head 資訊 {Count 2} {Type C } 
[1904] 2015/02/04 11:32:31.913 收到 Head 資訊 {Count 2} {Type C } 
[1904] 2015/02/04 11:32:42.009 收到 Head 資訊 {Count 2} {Type C } 
[1904] 2015/02/04 11:32:51.979 收到 Head 資訊 {Count 2} {Type C } 
[1904] 2015/02/04 11:33:01.971 收到 Head 資訊 {Count 2} {Type C } 
[1904] 2015/02/04 11:33:16.323 連線確認 E122828927 (21,21)
[1904] 2015/02/04 11:34:16.338 連線確認 E122828927 (21,21)
[1904] 2015/02/04 11:35:11.768 收到 Head 資訊 {Count 2} {Type C } 
[1904] 2015/02/04 11:35:16.350 連線確認 E122828927 (21,21)
[1904] 2015/02/04 11:35:21.973 收到 Head 資訊 {Count 2} {Type C } 
[1904] 2015/02/04 11:35:31.789 收到 Head 資訊 {Count 2} {Type C } 
[1904] 2015/02/04 11:35:57.919 收到 Head 資訊 {Count 2} {Type B } 
[1904] 2015/02/04 11:36:16.365 連線確認 E122828927 (21,21)
[1904] 2015/02/04 11:37:16.378 連線確認 E122828927 (21,21)
[1904] 2015/02/04 11:38:16.391 連線確認 E122828927 (21,21)
[1904] 2015/02/04 11:39:16.405 連線確認 E122828927 (21,21)
[1904] 2015/02/04 11:40:16.418 連線確認 E122828927 (21,21)
[1904] 2015/02/04 11:40:58.888 收到 Head 資訊 {Count 2} {Type B } 
[1904] 2015/02/04 11:41:16.433 連線確認 E122828927 (21,21)
[1904] 2015/02/04 11:42:16.446 連線確認 E122828927 (21,21)
[1904] 2015/02/04 11:43:16.459 連線確認 E122828927 (21,21)
[1904] 2015/02/04 11:44:16.474 連線確認 E122828927 (21,21)
[1904] 2015/02/04 11:45:16.486 連線確認 E122828927 (21,21)
[1904] 2015/02/04 11:45:59.868 收到 Head 資訊 {Count 2} {Type B } 
[1904] 2015/02/04 11:46:16.501 連線確認 E122828927 (21,21)
[1904] 2015/02/04 11:47:16.515 連線確認 E122828927 (21,21)
[1904] 2015/02/04 11:48:16.528 連線確認 E122828927 (21,21)
[1904] 2015/02/04 11:49:16.543 連線確認 E122828927 (21,21)
[1904] 2015/02/04 11:50:16.555 連線確認 E122828927 (21,21)
[1904] 2015/02/04 11:51:00.974 收到 Head 資訊 {Count 2} {Type B } 
[1904] 2015/02/04 11:51:16.568 連線確認 E122828927 (21,21)
[1904] 2015/02/04 11:52:16.581 連線確認 E122828927 (21,21)
[1904] 2015/02/04 11:52:22.109 收到 Head 資訊 {Count 2} {Type C } 
[1904] 2015/02/04 11:52:32.049 收到 Head 資訊 {Count 2} {Type C } 
[1904] 2015/02/04 11:52:42.122 收到 Head 資訊 {Count 2} {Type C } 
[1904] 2015/02/04 11:52:52.267 收到 Head 資訊 {Count 2} {Type C } 
[1904] 2015/02/04 11:53:02.215 收到 Head 資訊 {Count 2} {Type C } 
[1904] 2015/02/04 11:53:16.594 連線確認 E122828927 (21,21)
[1904] 2015/02/04 11:54:16.609 連線確認 E122828927 (21,21)
[1904] 2015/02/04 11:55:11.258 收到 Head 資訊 {Count 2} {Type C } 
[1904] 2015/02/04 11:55:16.622 連線確認 E122828927 (21,21)
[1904] 2015/02/04 11:56:01.883 收到 Head 資訊 {Count 2} {Type B } 
[1904] 2015/02/04 11:56:16.637 連線確認 E122828927 (21,21)
[1904] 2015/02/04 11:57:16.650 連線確認 E122828927 (21,21)
[1904] 2015/02/04 11:58:16.664 連線確認 E122828927 (21,21)
[1904] 2015/02/04 11:59:16.677 連線確認 E122828927 (21,21)
[1904] 2015/02/04 12:00:16.690 連線確認 E122828927 (21,21)
[1904] 2015/02/04 12:01:02.863 收到 Head 資訊 {Count 2} {Type B } 
[1904] 2015/02/04 12:01:16.705 連線確認 E122828927 (21,21)
[1904] 2015/02/04 12:02:16.717 連線確認 E122828927 (21,21)
[1904] 2015/02/04 12:03:16.732 連線確認 E122828927 (21,21)
[1904] 2015/02/04 12:04:16.745 連線確認 E122828927 (21,21)
[1904] 2015/02/04 12:05:16.759 連線確認 E122828927 (21,21)
[1904] 2015/02/04 12:06:03.794 收到 Head 資訊 {Count 2} {Type B } 
[1904] 2015/02/04 12:06:16.773 連線確認 E122828927 (21,21)
[1904] 2015/02/04 12:07:16.785 連線確認 E122828927 (21,21)
[1904] 2015/02/04 12:08:16.799 連線確認 E122828927 (21,21)
[1904] 2015/02/04 12:09:16.813 連線確認 E122828927 (21,21)
[1904] 2015/02/04 12:10:16.825 連線確認 E122828927 (21,21)
[1904] 2015/02/04 12:11:04.823 收到 Head 資訊 {Count 2} {Type B } 
[1904] 2015/02/04 12:11:16.840 連線確認 E122828927 (21,21)
[1904] 2015/02/04 12:12:16.854 連線確認 E122828927 (21,21)
[1904] 2015/02/04 12:12:21.413 收到 Head 資訊 {Count 2} {Type C } 
[1904] 2015/02/04 12:12:31.292 收到 Head 資訊 {Count 2} {Type C } 
[1904] 2015/02/04 12:12:41.364 收到 Head 資訊 {Count 2} {Type C } 
[1904] 2015/02/04 12:12:51.394 收到 Head 資訊 {Count 2} {Type C } 
[1904] 2015/02/04 12:13:01.430 收到 Head 資訊 {Count 2} {Type C } 
[1904] 2015/02/04 12:13:11.276 收到 Head 資訊 {Count 2} {Type C } 
[1904] 2015/02/04 12:13:16.868 連線確認 E122828927 (21,21)
[1904] 2015/02/04 12:13:21.336 收到 Head 資訊 {Count 2} {Type C } 
[1904] 2015/02/04 12:13:31.415 收到 Head 資訊 {Count 2} {Type C } 
[1904] 2015/02/04 12:13:41.458 收到 Head 資訊 {Count 2} {Type C } 
[1904] 2015/02/04 12:13:51.318 收到 Head 資訊 {Count 2} {Type C } 
[1904] 2015/02/04 12:14:16.881 連線確認 E122828927 (21,21)
[1904] 2015/02/04 12:15:11.301 收到 Head 資訊 {Count 2} {Type C } 
[1904] 2015/02/04 12:15:16.894 連線確認 E122828927 (21,21)
[1904] 2015/02/04 12:15:21.092 收到 Head 資訊 {Count 2} {Type C } 
[1904] 2015/02/04 12:15:31.315 收到 Head 資訊 {Count 2} {Type C } 
[1904] 2015/02/04 12:16:05.807 收到 Head 資訊 {Count 2} {Type B } 
[1904] 2015/02/04 12:16:16.908 連線確認 E122828927 (21,21)
[1904] 2015/02/04 12:17:16.922 連線確認 E122828927 (21,21)
[1904] 2015/02/04 12:18:16.935 連線確認 E122828927 (21,21)
[1904] 2015/02/04 12:19:16.948 連線確認 E122828927 (21,21)
[1904] 2015/02/04 12:20:16.963 連線確認 E122828927 (21,21)
[1904] 2015/02/04 12:21:06.269 收到 Head 資訊 {Count 2} {Type B } 
[1904] 2015/02/04 12:21:16.975 連線確認 E122828927 (21,21)
[1904] 2015/02/04 12:22:16.988 連線確認 E122828927 (21,21)
[1904] 2015/02/04 12:23:17.003 連線確認 E122828927 (21,21)
[1904] 2015/02/04 12:24:17.016 連線確認 E122828927 (21,21)
[1904] 2015/02/04 12:25:17.031 連線確認 E122828927 (21,21)
[1904] 2015/02/04 12:26:07.216 收到 Head 資訊 {Count 2} {Type B } 
[1904] 2015/02/04 12:26:17.044 連線確認 E122828927 (21,21)
[1904] 2015/02/04 12:27:17.058 連線確認 E122828927 (21,21)
[1904] 2015/02/04 12:28:17.071 連線確認 E122828927 (21,21)
[1904] 2015/02/04 12:29:17.084 連線確認 E122828927 (21,21)
[1904] 2015/02/04 12:30:17.098 連線確認 E122828927 (21,21)
[1904] 2015/02/04 12:31:08.182 收到 Head 資訊 {Count 2} {Type B } 
[1904] 2015/02/04 12:31:17.111 連線確認 E122828927 (21,21)
[1904] 2015/02/04 12:32:17.126 連線確認 E122828927 (21,21)
[1904] 2015/02/04 12:32:20.884 收到 Head 資訊 {Count 2} {Type C } 
[1904] 2015/02/04 12:33:17.138 連線確認 E122828927 (21,21)
[1904] 2015/02/04 12:34:17.153 連線確認 E122828927 (21,21)
[1904] 2015/02/04 12:35:17.167 連線確認 E122828927 (21,21)
[1904] 2015/02/04 12:36:09.345 收到 Head 資訊 {Count 2} {Type B } 
[1904] 2015/02/04 12:36:17.179 連線確認 E122828927 (21,21)
[1904] 2015/02/04 12:37:17.193 連線確認 E122828927 (21,21)
[1904] 2015/02/04 12:38:17.206 連線確認 E122828927 (21,21)
[1904] 2015/02/04 12:39:17.220 連線確認 E122828927 (21,21)
[1904] 2015/02/04 12:40:17.234 連線確認 E122828927 (21,21)
[1904] 2015/02/04 12:41:10.342 收到 Head 資訊 {Count 2} {Type B } 
[1904] 2015/02/04 12:41:17.248 連線確認 E122828927 (21,21)
[1904] 2015/02/04 12:42:17.263 連線確認 E122828927 (21,21)
[1904] 2015/02/04 12:43:17.274 連線確認 E122828927 (21,21)
[1904] 2015/02/04 12:44:17.289 連線確認 E122828927 (21,21)
[1904] 2015/02/04 12:45:17.302 連線確認 E122828927 (21,21)
[1904] 2015/02/04 12:46:11.263 收到 Head 資訊 {Count 2} {Type B } 
[1904] 2015/02/04 12:46:17.315 連線確認 E122828927 (21,21)
[1904] 2015/02/04 12:47:17.329 連線確認 E122828927 (21,21)
[1904] 2015/02/04 12:48:17.342 連線確認 E122828927 (21,21)
[1904] 2015/02/04 12:49:17.357 連線確認 E122828927 (21,21)
[1904] 2015/02/04 12:50:17.505 連線確認 E122828927 (21,21)
[1904] 2015/02/04 12:51:12.567 收到 Head 資訊 {Count 2} {Type B } 
[1904] 2015/02/04 12:51:17.509 連線確認 E122828927 (21,21)
[1904] 2015/02/04 12:52:17.521 連線確認 E122828927 (21,21)
[1904] 2015/02/04 12:52:21.377 收到 Head 資訊 {Count 2} {Type C } 
[1904] 2015/02/04 12:52:31.427 收到 Head 資訊 {Count 2} {Type C } 
[1904] 2015/02/04 12:53:17.535 連線確認 E122828927 (21,21)
[1904] 2015/02/04 12:54:17.549 連線確認 E122828927 (21,21)
[1904] 2015/02/04 12:55:11.280 收到 Head 資訊 {Count 2} {Type C } 
[1904] 2015/02/04 12:55:17.563 連線確認 E122828927 (21,21)
[1904] 2015/02/04 12:55:21.308 收到 Head 資訊 {Count 2} {Type C } 
[1904] 2015/02/04 12:55:31.302 收到 Head 資訊 {Count 2} {Type C } 
[1904] 2015/02/04 12:56:13.657 收到 Head 資訊 {Count 2} {Type B } 
[1904] 2015/02/04 12:56:17.575 連線確認 E122828927 (21,21)
[1904] 2015/02/04 12:57:17.590 連線確認 E122828927 (21,21)
[1904] 2015/02/04 12:58:17.603 連線確認 E122828927 (21,21)
[1904] 2015/02/04 12:59:17.616 連線確認 E122828927 (21,21)
[1904] 2015/02/04 13:00:17.630 連線確認 E122828927 (21,21)
[1904] 2015/02/04 13:01:14.686 收到 Head 資訊 {Count 2} {Type B } 
[1904] 2015/02/04 13:01:17.644 連線確認 E122828927 (21,21)
[1904] 2015/02/04 13:02:17.657 連線確認 E122828927 (21,21)
[1904] 2015/02/04 13:03:17.672 連線確認 E122828927 (21,21)
[1904] 2015/02/04 13:04:17.685 連線確認 E122828927 (21,21)
[1904] 2015/02/04 13:05:17.698 連線確認 E122828927 (21,21)
[1904] 2015/02/04 13:06:15.874 收到 Head 資訊 {Count 2} {Type B } 
[1904] 2015/02/04 13:06:17.711 連線確認 E122828927 (21,21)
[1904] 2015/02/04 13:07:17.726 連線確認 E122828927 (21,21)
[1904] 2015/02/04 13:08:17.739 連線確認 E122828927 (21,21)
[1904] 2015/02/04 13:09:17.753 連線確認 E122828927 (21,21)
[1904] 2015/02/04 13:10:17.766 連線確認 E122828927 (21,21)
[1904] 2015/02/04 13:11:17.071 收到 Head 資訊 {Count 2} {Type B } 
[1904] 2015/02/04 13:11:17.779 連線確認 E122828927 (21,21)
[1904] 2015/02/04 13:12:17.793 連線確認 E122828927 (21,21)
[1904] 2015/02/04 13:12:21.974 收到 Head 資訊 {Count 2} {Type C } 
[1904] 2015/02/04 13:12:31.959 收到 Head 資訊 {Count 2} {Type C } 
[1904] 2015/02/04 13:13:17.806 連線確認 E122828927 (21,21)
[1904] 2015/02/04 13:14:17.821 連線確認 E122828927 (21,21)
[1904] 2015/02/04 13:15:11.909 收到 Head 資訊 {Count 2} {Type C } 
[1904] 2015/02/04 13:15:17.834 連線確認 E122828927 (21,21)
[1904] 2015/02/04 13:16:17.848 連線確認 E122828927 (21,21)
[1904] 2015/02/04 13:16:18.066 收到 Head 資訊 {Count 2} {Type B } 
[1904] 2015/02/04 13:17:17.861 連線確認 E122828927 (21,21)
[1904] 2015/02/04 13:18:17.876 連線確認 E122828927 (21,21)
[1904] 2015/02/04 13:19:17.889 連線確認 E122828927 (21,21)
[1904] 2015/02/04 13:20:17.902 連線確認 E122828927 (21,21)
[1904] 2015/02/04 13:21:17.917 連線確認 E122828927 (21,21)
[1904] 2015/02/04 13:21:18.099 收到 Head 資訊 {Count 2} {Type B } 
[1904] 2015/02/04 13:22:17.929 連線確認 E122828927 (21,21)
[1904] 2015/02/04 13:23:17.942 連線確認 E122828927 (21,21)
[1904] 2015/02/04 13:24:17.957 連線確認 E122828927 (21,21)
[1904] 2015/02/04 13:25:17.969 連線確認 E122828927 (21,21)
[1904] 2015/02/04 13:26:17.984 連線確認 E122828927 (21,21)
[1904] 2015/02/04 13:26:19.235 收到 Head 資訊 {Count 2} {Type B } 
[1904] 2015/02/04 13:27:17.997 連線確認 E122828927 (21,21)
[1904] 2015/02/04 13:28:18.012 連線確認 E122828927 (21,21)
[1904] 2015/02/04 13:29:18.025 連線確認 E122828927 (21,21)
[1904] 2015/02/04 13:30:18.038 連線確認 E122828927 (21,21)
[1904] 2015/02/04 13:31:18.052 連線確認 E122828927 (21,21)
[1904] 2015/02/04 13:31:20.261 收到 Head 資訊 {Count 2} {Type B } 
[1904] 2015/02/04 13:32:18.064 連線確認 E122828927 (21,21)
[1904] 2015/02/04 13:32:21.428 收到 Head 資訊 {Count 2} {Type C } 
[1904] 2015/02/04 13:32:31.436 收到 Head 資訊 {Count 2} {Type C } 
[1904] 2015/02/04 13:32:41.356 收到 Head 資訊 {Count 2} {Type C } 
[1904] 2015/02/04 13:32:51.379 收到 Head 資訊 {Count 2} {Type C } 
[1904] 2015/02/04 13:33:01.423 收到 Head 資訊 {Count 2} {Type C } 
[1904] 2015/02/04 13:33:18.079 連線確認 E122828927 (21,21)
[1904] 2015/02/04 13:34:18.093 連線確認 E122828927 (21,21)
[1904] 2015/02/04 13:35:11.208 收到 Head 資訊 {Count 2} {Type C } 
[1904] 2015/02/04 13:35:18.106 連線確認 E122828927 (21,21)
[1904] 2015/02/04 13:36:18.119 連線確認 E122828927 (21,21)
[1904] 2015/02/04 13:36:21.752 收到 Head 資訊 {Count 2} {Type B } 
[1904] 2015/02/04 13:37:18.133 連線確認 E122828927 (21,21)
[1904] 2015/02/04 13:38:18.147 連線確認 E122828927 (21,21)
[1904] 2015/02/04 13:39:18.160 連線確認 E122828927 (21,21)
[1904] 2015/02/04 13:40:18.174 連線確認 E122828927 (21,21)
[1904] 2015/02/04 13:41:18.188 連線確認 E122828927 (21,21)
[1904] 2015/02/04 13:41:22.816 收到 Head 資訊 {Count 2} {Type B } 
[1904] 2015/02/04 13:42:18.201 連線確認 E122828927 (21,21)
[1904] 2015/02/04 13:43:18.215 連線確認 E122828927 (21,21)
[1904] 2015/02/04 13:44:18.228 連線確認 E122828927 (21,21)
[1904] 2015/02/04 13:45:18.243 連線確認 E122828927 (21,21)
[1904] 2015/02/04 13:46:18.256 連線確認 E122828927 (21,21)
[1904] 2015/02/04 13:46:23.688 收到 Head 資訊 {Count 2} {Type B } 
[1904] 2015/02/04 13:47:18.268 連線確認 E122828927 (21,21)
[1904] 2015/02/04 13:48:18.282 連線確認 E122828927 (21,21)
[1904] 2015/02/04 13:49:18.296 連線確認 E122828927 (21,21)
[1904] 2015/02/04 13:50:18.309 連線確認 E122828927 (21,21)
[1904] 2015/02/04 13:51:18.324 連線確認 E122828927 (21,21)
[1904] 2015/02/04 13:51:24.845 收到 Head 資訊 {Count 2} {Type B } 
[1904] 2015/02/04 13:52:18.336 連線確認 E122828927 (21,21)
[1904] 2015/02/04 13:52:22.113 收到 Head 資訊 {Count 2} {Type C } 
[1904] 2015/02/04 13:52:32.188 收到 Head 資訊 {Count 2} {Type C } 
[1904] 2015/02/04 13:52:42.074 收到 Head 資訊 {Count 2} {Type C } 
[1904] 2015/02/04 13:52:52.118 收到 Head 資訊 {Count 2} {Type C } 
[1904] 2015/02/04 13:53:02.158 收到 Head 資訊 {Count 2} {Type C } 
[1904] 2015/02/04 13:53:12.174 收到 Head 資訊 {Count 2} {Type C } 
[1904] 2015/02/04 13:53:18.350 連線確認 E122828927 (21,21)
[1904] 2015/02/04 13:53:22.115 收到 Head 資訊 {Count 2} {Type C } 
[1904] 2015/02/04 13:54:18.364 連線確認 E122828927 (21,21)
[1904] 2015/02/04 13:55:12.034 收到 Head 資訊 {Count 2} {Type C } 
[1904] 2015/02/04 13:55:18.378 連線確認 E122828927 (21,21)
[1904] 2015/02/04 13:55:22.026 收到 Head 資訊 {Count 2} {Type C } 
[1904] 2015/02/04 13:56:18.392 連線確認 E122828927 (21,21)
[1904] 2015/02/04 13:56:25.733 收到 Head 資訊 {Count 2} {Type B } 
[1904] 2015/02/04 13:57:18.405 連線確認 E122828927 (21,21)
[1904] 2015/02/04 13:58:18.418 連線確認 E122828927 (21,21)
[1904] 2015/02/04 13:59:18.432 連線確認 E122828927 (21,21)
[1904] 2015/02/04 14:00:18.446 連線確認 E122828927 (21,21)
[1904] 2015/02/04 14:01:18.458 連線確認 E122828927 (21,21)
[1904] 2015/02/04 14:01:26.815 收到 Head 資訊 {Count 2} {Type B } 
[1904] 2015/02/04 14:02:18.474 連線確認 E122828927 (21,21)
[1904] 2015/02/04 14:03:18.487 連線確認 E122828927 (21,21)
[1904] 2015/02/04 14:04:18.499 連線確認 E122828927 (21,21)
[1904] 2015/02/04 14:05:18.513 連線確認 E122828927 (21,21)
[1904] 2015/02/04 14:06:18.527 連線確認 E122828927 (21,21)
[1904] 2015/02/04 14:06:29.839 收到 Head 資訊 {Count 2} {Type B } 
[1904] 2015/02/04 14:07:18.541 連線確認 E122828927 (21,21)
[1904] 2015/02/04 14:08:18.555 連線確認 E122828927 (21,21)
[1904] 2015/02/04 14:09:18.567 連線確認 E122828927 (21,21)
[1904] 2015/02/04 14:10:18.582 連線確認 E122828927 (21,21)
[1904] 2015/02/04 14:11:21.040 連線確認 E122828927 (21,21)
[1904] 2015/02/04 14:11:28.844 收到 Head 資訊 {Count 2} {Type B } 
[1904] 2015/02/04 14:12:02.368 收到 Head 資訊 {Count 2} {Type C } 
[1904] 2015/02/04 14:12:12.403 收到 Head 資訊 {Count 2} {Type C } 
[1904] 2015/02/04 14:12:18.608 連線確認 E122828927 (21,21)
[1904] 2015/02/04 14:12:22.288 收到 Head 資訊 {Count 2} {Type C } 
[1904] 2015/02/04 14:12:32.311 收到 Head 資訊 {Count 2} {Type C } 
[1904] 2015/02/04 14:12:42.300 收到 Head 資訊 {Count 2} {Type C } 
[1904] 2015/02/04 14:12:52.365 收到 Head 資訊 {Count 2} {Type C } 
[1904] 2015/02/04 14:13:02.302 收到 Head 資訊 {Count 2} {Type C } 
[1904] 2015/02/04 14:13:12.398 收到 Head 資訊 {Count 2} {Type C } 
[1904] 2015/02/04 14:13:18.622 連線確認 E122828927 (21,21)
[1904] 2015/02/04 14:13:22.380 收到 Head 資訊 {Count 2} {Type C } 
[1904] 2015/02/04 14:13:32.333 收到 Head 資訊 {Count 2} {Type C } 
[1904] 2015/02/04 14:14:18.635 連線確認 E122828927 (21,21)
[1904] 2015/02/04 14:15:10.188 收到 Head 資訊 {Count 2} {Type C } 
[1904] 2015/02/04 14:15:18.650 連線確認 E122828927 (21,21)
[1904] 2015/02/04 14:15:20.164 收到 Head 資訊 {Count 2} {Type C } 
[1904] 2015/02/04 14:15:30.253 收到 Head 資訊 {Count 2} {Type C } 
[1904] 2015/02/04 14:15:40.224 收到 Head 資訊 {Count 2} {Type C } 
[1904] 2015/02/04 14:15:50.185 收到 Head 資訊 {Count 2} {Type C } 
[1904] 2015/02/04 14:16:00.219 收到 Head 資訊 {Count 2} {Type C } 
[1904] 2015/02/04 14:16:18.662 連線確認 E122828927 (21,21)
[1904] 2015/02/04 14:16:29.834 收到 Head 資訊 {Count 2} {Type B } 
[1904] 2015/02/04 14:17:18.676 連線確認 E122828927 (21,21)
[1904] 2015/02/04 14:18:18.689 連線確認 E122828927 (21,21)
[1904] 2015/02/04 14:19:18.704 連線確認 E122828927 (21,21)
[1904] 2015/02/04 14:20:18.718 連線確認 E122828927 (21,21)
[1904] 2015/02/04 14:21:18.730 連線確認 E122828927 (21,21)
[1904] 2015/02/04 14:21:30.847 收到 Head 資訊 {Count 2} {Type B } 
[1904] 2015/02/04 14:22:18.745 連線確認 E122828927 (21,21)
[1904] 2015/02/04 14:23:18.759 連線確認 E122828927 (21,21)
[1904] 2015/02/04 14:24:18.772 連線確認 E122828927 (21,21)
[1904] 2015/02/04 14:25:18.785 連線確認 E122828927 (21,21)
[1904] 2015/02/04 14:26:18.799 連線確認 E122828927 (21,21)
[1904] 2015/02/04 14:26:31.790 收到 Head 資訊 {Count 2} {Type B } 
[1904] 2015/02/04 14:27:18.813 連線確認 E122828927 (21,21)
[1904] 2015/02/04 14:28:18.826 連線確認 E122828927 (21,21)
[1904] 2015/02/04 14:29:18.840 連線確認 E122828927 (21,21)
[1904] 2015/02/04 14:30:18.852 連線確認 E122828927 (21,21)
[3156] 2015/02/04 15:26:12.666 API InitInstance 
[3156] 2015/02/04 15:26:12.986 E122828927 連線 Code：0
[3156] 2015/02/04 15:26:13.994 收到 Head 資訊 {Count 2} {Type C } 
[3156] 2015/02/04 15:26:13.995 收到 Head 資訊 {Count 2} {Type C } 
[3156] 2015/02/04 15:26:13.996 收到 Head 資訊 {Count 2} {Type C } 
[3156] 2015/02/04 15:26:13.998 收到 Head 資訊 {Count 2} {Type C } 
[3156] 2015/02/04 15:26:13.999 收到 Head 資訊 {Count 2} {Type C } 
[3156] 2015/02/04 15:26:14.001 收到 Head 資訊 {Count 2} {Type C } 
[3156] 2015/02/04 15:26:14.002 收到 Head 資訊 {Count 2} {Type C } 
[3156] 2015/02/04 15:26:14.003 收到 Head 資訊 {Count 2} {Type C } 
[3156] 2015/02/04 15:26:14.005 收到 Head 資訊 {Count 2} {Type C } 
[3156] 2015/02/04 15:26:14.006 收到 Head 資訊 {Count 2} {Type C } 
[3156] 2015/02/04 15:26:14.007 收到 Head 資訊 {Count 2} {Type C } 
[3156] 2015/02/04 15:26:14.008 收到 Head 資訊 {Count 2} {Type C } 
[3156] 2015/02/04 15:26:14.010 收到 Head 資訊 {Count 2} {Type C } 
[3156] 2015/02/04 15:26:14.011 收到 Head 資訊 {Count 2} {Type C } 
[3156] 2015/02/04 15:26:14.013 收到 Head 資訊 {Count 2} {Type C } 
[3156] 2015/02/04 15:26:14.014 收到 Head 資訊 {Count 2} {Type C } 
[3156] 2015/02/04 15:26:14.015 收到 Head 資訊 {Count 2} {Type C } 
[3156] 2015/02/04 15:26:14.017 收到 Head 資訊 {Count 2} {Type C } 
[3156] 2015/02/04 15:26:14.018 收到 Head 資訊 {Count 2} {Type C } 
[3156] 2015/02/04 15:26:14.019 收到 Head 資訊 {Count 2} {Type C } 
[3156] 2015/02/04 15:26:14.021 收到 Head 資訊 {Count 2} {Type C } 
[3156] 2015/02/04 15:26:14.022 收到 Head 資訊 {Count 2} {Type C } 
[3156] 2015/02/04 15:26:14.024 收到 Head 資訊 {Count 2} {Type C } 
[3156] 2015/02/04 15:26:14.025 收到 Head 資訊 {Count 2} {Type C } 
[3156] 2015/02/04 15:26:14.027 收到 Head 資訊 {Count 2} {Type C } 
[3156] 2015/02/04 15:26:14.028 收到 Head 資訊 {Count 2} {Type C } 
[3156] 2015/02/04 15:26:14.029 收到 Head 資訊 {Count 2} {Type C } 
[3156] 2015/02/04 15:26:14.030 收到 Head 資訊 {Count 2} {Type C } 
[3156] 2015/02/04 15:26:14.032 收到 Head 資訊 {Count 2} {Type C } 
[3156] 2015/02/04 15:26:14.033 收到 Head 資訊 {Count 2} {Type C } 
[3156] 2015/02/04 15:26:14.034 收到 Head 資訊 {Count 2} {Type C } 
[3156] 2015/02/04 15:26:14.036 收到 Head 資訊 {Count 2} {Type C } 
[3156] 2015/02/04 15:26:14.037 收到 Head 資訊 {Count 2} {Type C } 
[3156] 2015/02/04 15:26:14.038 收到 Head 資訊 {Count 2} {Type C } 
[3156] 2015/02/04 15:26:14.040 收到 Head 資訊 {Count 2} {Type C } 
[3156] 2015/02/04 15:26:14.041 收到 Head 資訊 {Count 2} {Type C } 
[3156] 2015/02/04 15:26:14.042 收到 Head 資訊 {Count 2} {Type C } 
[3156] 2015/02/04 15:26:14.043 收到 Head 資訊 {Count 2} {Type C } 
[3156] 2015/02/04 15:26:14.045 收到 Head 資訊 {Count 2} {Type C } 
[3156] 2015/02/04 15:26:14.046 收到 Head 資訊 {Count 2} {Type C } 
[3156] 2015/02/04 15:26:14.047 收到 Head 資訊 {Count 2} {Type C } 
[3156] 2015/02/04 15:26:14.049 收到 Head 資訊 {Count 2} {Type C } 
[3156] 2015/02/04 15:26:14.050 收到 Head 資訊 {Count 2} {Type C } 
[3156] 2015/02/04 15:26:14.051 收到 Head 資訊 {Count 2} {Type C } 
[3156] 2015/02/04 15:26:14.053 收到 Head 資訊 {Count 2} {Type C } 
[3156] 2015/02/04 15:26:14.054 收到 Head 資訊 {Count 2} {Type C } 
[3156] 2015/02/04 15:26:14.055 收到 Head 資訊 {Count 2} {Type C } 
[3156] 2015/02/04 15:26:14.057 收到 Head 資訊 {Count 2} {Type C } 
[3156] 2015/02/04 15:26:14.058 收到 Head 資訊 {Count 2} {Type C } 
[3156] 2015/02/04 15:26:14.059 收到 Head 資訊 {Count 2} {Type C } 
[3156] 2015/02/04 15:26:14.061 收到 Head 資訊 {Count 2} {Type C } 
[3156] 2015/02/04 15:26:14.062 收到 Head 資訊 {Count 2} {Type C } 
[3156] 2015/02/04 15:26:14.063 收到 Head 資訊 {Count 2} {Type C } 
[3156] 2015/02/04 15:26:14.064 收到 Head 資訊 {Count 2} {Type C } 
[3156] 2015/02/04 15:26:14.066 收到 Head 資訊 {Count 2} {Type C } 
[3156] 2015/02/04 15:26:14.067 收到 Head 資訊 {Count 2} {Type C } 
[3156] 2015/02/04 15:26:14.068 收到 Head 資訊 {Count 2} {Type C } 
[3156] 2015/02/04 15:26:14.070 收到 Head 資訊 {Count 2} {Type C } 
[3156] 2015/02/04 15:26:14.071 收到 Head 資訊 {Count 2} {Type C } 
[3156] 2015/02/04 15:26:14.072 收到 Head 資訊 {Count 2} {Type C } 
[3156] 2015/02/04 15:26:14.074 收到 Head 資訊 {Count 2} {Type C } 
[3156] 2015/02/04 15:26:14.075 收到 Head 資訊 {Count 2} {Type C } 
[3156] 2015/02/04 15:26:14.076 收到 Head 資訊 {Count 2} {Type C } 
[3156] 2015/02/04 15:26:14.077 收到 Head 資訊 {Count 2} {Type C } 
[3156] 2015/02/04 15:26:14.079 收到 Head 資訊 {Count 2} {Type C } 
[3156] 2015/02/04 15:26:14.080 收到 Head 資訊 {Count 2} {Type C } 
[3156] 2015/02/04 15:26:14.081 收到 Head 資訊 {Count 2} {Type C } 
[3156] 2015/02/04 15:26:14.083 收到 Head 資訊 {Count 2} {Type C } 
[3156] 2015/02/04 15:26:14.084 收到 Head 資訊 {Count 2} {Type C } 
[3156] 2015/02/04 15:26:14.085 收到 Head 資訊 {Count 2} {Type C } 
[3156] 2015/02/04 15:26:14.087 收到 Head 資訊 {Count 2} {Type C } 
[3156] 2015/02/04 15:26:14.088 收到 Head 資訊 {Count 2} {Type C } 
[3156] 2015/02/04 15:26:14.089 收到 Head 資訊 {Count 2} {Type C } 
[3156] 2015/02/04 15:26:14.090 收到 Head 資訊 {Count 2} {Type C } 
[3156] 2015/02/04 15:26:14.092 收到 Head 資訊 {Count 2} {Type C } 
[3156] 2015/02/04 15:26:14.093 收到 Head 資訊 {Count 2} {Type C } 
[3156] 2015/02/04 15:26:14.094 收到 Head 資訊 {Count 2} {Type C } 
[3156] 2015/02/04 15:26:14.096 收到 Head 資訊 {Count 2} {Type C } 
[3156] 2015/02/04 15:26:14.097 收到 Head 資訊 {Count 2} {Type C } 
[3156] 2015/02/04 15:26:14.098 收到 Head 資訊 {Count 2} {Type C } 
[3156] 2015/02/04 15:26:14.099 收到 Head 資訊 {Count 2} {Type C } 
[3156] 2015/02/04 15:26:14.101 收到 Head 資訊 {Count 2} {Type C } 
[3156] 2015/02/04 15:26:14.102 收到 Head 資訊 {Count 2} {Type C } 
[3156] 2015/02/04 15:26:14.103 收到 Head 資訊 {Count 2} {Type C } 
[3156] 2015/02/04 15:26:14.104 收到 Head 資訊 {Count 2} {Type C } 
[3156] 2015/02/04 15:26:14.106 收到 Head 資訊 {Count 2} {Type C } 
[3156] 2015/02/04 15:26:14.107 收到 Head 資訊 {Count 2} {Type C } 
[3156] 2015/02/04 15:26:14.108 收到 Head 資訊 {Count 2} {Type C } 
[3156] 2015/02/04 15:26:14.109 收到 Head 資訊 {Count 2} {Type C } 
[3156] 2015/02/04 15:26:14.111 收到 Head 資訊 {Count 2} {Type C } 
[3156] 2015/02/04 15:26:14.112 收到 Head 資訊 {Count 2} {Type C } 
[3156] 2015/02/04 15:26:14.113 收到 Head 資訊 {Count 2} {Type C } 
[3156] 2015/02/04 15:26:14.115 收到 Head 資訊 {Count 2} {Type C } 
[3156] 2015/02/04 15:26:14.116 收到 Head 資訊 {Count 2} {Type C } 
[3156] 2015/02/04 15:26:14.117 收到 Head 資訊 {Count 2} {Type C } 
[3156] 2015/02/04 15:26:14.118 收到 Head 資訊 {Count 2} {Type C } 
[3156] 2015/02/04 15:26:14.120 收到 Head 資訊 {Count 2} {Type C } 
[3156] 2015/02/04 15:26:14.121 收到 Head 資訊 {Count 2} {Type C } 
[3156] 2015/02/04 15:26:14.122 收到 Head 資訊 {Count 2} {Type C } 
[3156] 2015/02/04 15:26:14.123 收到 Head 資訊 {Count 2} {Type C } 
[3156] 2015/02/04 15:26:14.125 收到 Head 資訊 {Count 2} {Type C } 
[3156] 2015/02/04 15:26:14.126 收到 Head 資訊 {Count 2} {Type C } 
[3156] 2015/02/04 15:26:14.127 收到 Head 資訊 {Count 2} {Type C } 
[3156] 2015/02/04 15:26:14.129 收到 Head 資訊 {Count 2} {Type C } 
[3156] 2015/02/04 15:26:14.130 收到 Head 資訊 {Count 2} {Type C } 
[3156] 2015/02/04 15:26:14.131 收到 Head 資訊 {Count 2} {Type C } 
[3156] 2015/02/04 15:26:14.133 收到 Head 資訊 {Count 2} {Type C } 
[3156] 2015/02/04 15:26:14.134 收到 Head 資訊 {Count 2} {Type C } 
[3156] 2015/02/04 15:26:14.135 收到 Head 資訊 {Count 2} {Type C } 
[3156] 2015/02/04 15:26:14.137 收到 Head 資訊 {Count 2} {Type C } 
[3156] 2015/02/04 15:26:14.138 收到 Head 資訊 {Count 2} {Type C } 
[3156] 2015/02/04 15:26:14.139 收到 Head 資訊 {Count 2} {Type C } 
[3156] 2015/02/04 15:26:14.140 收到 Head 資訊 {Count 2} {Type C } 
[3156] 2015/02/04 15:26:14.142 收到 Head 資訊 {Count 2} {Type C } 
[3156] 2015/02/04 15:26:14.143 收到 Head 資訊 {Count 2} {Type C } 
[3156] 2015/02/04 15:26:14.144 收到 Head 資訊 {Count 2} {Type C } 
[3156] 2015/02/04 15:26:14.146 收到 Head 資訊 {Count 2} {Type C } 
[3156] 2015/02/04 15:26:14.147 收到 Head 資訊 {Count 2} {Type C } 
[3156] 2015/02/04 15:26:14.148 收到 Head 資訊 {Count 2} {Type C } 
[3156] 2015/02/04 15:26:14.150 收到 Head 資訊 {Count 2} {Type C } 
[3156] 2015/02/04 15:26:14.151 收到 Head 資訊 {Count 2} {Type C } 
[3156] 2015/02/04 15:26:14.152 收到 Head 資訊 {Count 2} {Type C } 
[3156] 2015/02/04 15:26:14.153 收到 Head 資訊 {Count 2} {Type C } 
[3156] 2015/02/04 15:26:14.155 收到 Head 資訊 {Count 2} {Type C } 
[3156] 2015/02/04 15:26:14.156 收到 Head 資訊 {Count 2} {Type C } 
[3156] 2015/02/04 15:26:14.157 收到 Head 資訊 {Count 2} {Type C } 
[3156] 2015/02/04 15:26:14.159 收到 Head 資訊 {Count 2} {Type C } 
[3156] 2015/02/04 15:26:14.160 收到 Head 資訊 {Count 2} {Type C } 
[3156] 2015/02/04 15:26:14.161 收到 Head 資訊 {Count 2} {Type C } 
[3156] 2015/02/04 15:26:14.163 收到 Head 資訊 {Count 2} {Type C } 
[3156] 2015/02/04 15:26:14.164 收到 Head 資訊 {Count 2} {Type C } 
[3156] 2015/02/04 15:26:14.165 收到 Head 資訊 {Count 2} {Type C } 
[3156] 2015/02/04 15:26:14.166 收到 Head 資訊 {Count 2} {Type C } 
[3156] 2015/02/04 15:26:14.168 收到 Head 資訊 {Count 2} {Type C } 
[3156] 2015/02/04 15:26:14.169 收到 Head 資訊 {Count 2} {Type C } 
[3156] 2015/02/04 15:26:14.170 收到 Head 資訊 {Count 2} {Type C } 
[3156] 2015/02/04 15:26:14.171 收到 Head 資訊 {Count 2} {Type C } 
[3156] 2015/02/04 15:26:14.173 收到 Head 資訊 {Count 2} {Type C } 
[3156] 2015/02/04 15:26:14.174 收到 Head 資訊 {Count 2} {Type C } 
[3156] 2015/02/04 15:26:14.175 收到 Head 資訊 {Count 2} {Type C } 
[3156] 2015/02/04 15:26:14.177 收到 Head 資訊 {Count 2} {Type C } 
[3156] 2015/02/04 15:26:14.178 收到 Head 資訊 {Count 2} {Type C } 
[3156] 2015/02/04 15:26:14.179 收到 Head 資訊 {Count 2} {Type C } 
[3156] 2015/02/04 15:26:14.180 收到 Head 資訊 {Count 2} {Type C } 
[3156] 2015/02/04 15:26:14.182 收到 Head 資訊 {Count 2} {Type C } 
[3156] 2015/02/04 15:26:14.183 收到 Head 資訊 {Count 2} {Type C } 
[3156] 2015/02/04 15:26:14.184 收到 Head 資訊 {Count 2} {Type C } 
[3156] 2015/02/04 15:26:14.186 收到 Head 資訊 {Count 2} {Type C } 
[3156] 2015/02/04 15:26:14.187 收到 Head 資訊 {Count 2} {Type C } 
[3156] 2015/02/04 15:26:14.188 收到 Head 資訊 {Count 2} {Type C } 
[3156] 2015/02/04 15:26:14.189 收到 Head 資訊 {Count 2} {Type C } 
[3156] 2015/02/04 15:26:14.191 收到 Head 資訊 {Count 2} {Type C } 
[3156] 2015/02/04 15:26:14.192 收到 Head 資訊 {Count 2} {Type C } 
[3156] 2015/02/04 15:26:14.193 收到 Head 資訊 {Count 2} {Type C } 
[3156] 2015/02/04 15:26:14.195 收到 Head 資訊 {Count 2} {Type C } 
[3156] 2015/02/04 15:26:14.196 收到 Head 資訊 {Count 2} {Type C } 
[3156] 2015/02/04 15:26:14.197 收到 Head 資訊 {Count 2} {Type C } 
[3156] 2015/02/04 15:26:14.198 收到 Head 資訊 {Count 2} {Type C } 
[3156] 2015/02/04 15:26:14.200 收到 Head 資訊 {Count 2} {Type C } 
[3156] 2015/02/04 15:26:14.201 收到 Head 資訊 {Count 2} {Type C } 
[3156] 2015/02/04 15:26:14.202 收到 Head 資訊 {Count 2} {Type C } 
[3156] 2015/02/04 15:26:14.204 收到 Head 資訊 {Count 2} {Type C } 
[3156] 2015/02/04 15:26:14.205 收到 Head 資訊 {Count 2} {Type C } 
[3156] 2015/02/04 15:26:14.206 收到 Head 資訊 {Count 2} {Type C } 
[3156] 2015/02/04 15:26:14.207 收到 Head 資訊 {Count 2} {Type C } 
[3156] 2015/02/04 15:26:14.209 收到 Head 資訊 {Count 2} {Type C } 
[3156] 2015/02/04 15:26:14.210 收到 Head 資訊 {Count 2} {Type C } 
[3156] 2015/02/04 15:26:14.211 收到 Head 資訊 {Count 2} {Type C } 
[3156] 2015/02/04 15:26:14.213 收到 Head 資訊 {Count 2} {Type C } 
[3156] 2015/02/04 15:26:14.214 收到 Head 資訊 {Count 2} {Type C } 
[3156] 2015/02/04 15:26:14.215 收到 Head 資訊 {Count 2} {Type C } 
[3156] 2015/02/04 15:26:14.217 收到 Head 資訊 {Count 2} {Type C } 
[3156] 2015/02/04 15:26:14.218 收到 Head 資訊 {Count 2} {Type C } 
[3156] 2015/02/04 15:26:14.219 收到 Head 資訊 {Count 2} {Type C } 
[3156] 2015/02/04 15:26:14.220 收到 Head 資訊 {Count 2} {Type C } 
[3156] 2015/02/04 15:26:14.222 收到 Head 資訊 {Count 2} {Type C } 
[3156] 2015/02/04 15:26:14.223 收到 Head 資訊 {Count 2} {Type C } 
[3156] 2015/02/04 15:26:14.224 收到 Head 資訊 {Count 2} {Type C } 
[3156] 2015/02/04 15:26:14.226 收到 Head 資訊 {Count 2} {Type C } 
[3156] 2015/02/04 15:26:14.227 收到 Head 資訊 {Count 2} {Type C } 
[3156] 2015/02/04 15:26:14.228 收到 Head 資訊 {Count 2} {Type C } 
[3156] 2015/02/04 15:26:14.229 收到 Head 資訊 {Count 2} {Type C } 
[3156] 2015/02/04 15:26:14.231 收到 Head 資訊 {Count 2} {Type C } 
[3156] 2015/02/04 15:26:14.232 收到 Head 資訊 {Count 2} {Type C } 
[3156] 2015/02/04 15:26:14.233 收到 Head 資訊 {Count 2} {Type C } 
[3156] 2015/02/04 15:26:14.235 收到 Head 資訊 {Count 2} {Type C } 
[3156] 2015/02/04 15:26:14.236 收到 Head 資訊 {Count 2} {Type C } 
[3156] 2015/02/04 15:26:14.237 收到 Head 資訊 {Count 2} {Type C } 
[3156] 2015/02/04 15:26:14.238 收到 Head 資訊 {Count 2} {Type C } 
[3156] 2015/02/04 15:26:14.240 收到 Head 資訊 {Count 2} {Type C } 
[3156] 2015/02/04 15:26:14.241 收到 Head 資訊 {Count 2} {Type C } 
[3156] 2015/02/04 15:26:14.242 收到 Head 資訊 {Count 2} {Type C } 
[3156] 2015/02/04 15:26:14.244 收到 Head 資訊 {Count 2} {Type C } 
[3156] 2015/02/04 15:26:14.245 收到 Head 資訊 {Count 2} {Type C } 
[3156] 2015/02/04 15:26:14.246 收到 Head 資訊 {Count 2} {Type C } 
[3156] 2015/02/04 15:26:14.247 收到 Head 資訊 {Count 2} {Type C } 
[3156] 2015/02/04 15:26:14.249 收到 Head 資訊 {Count 2} {Type C } 
[3156] 2015/02/04 15:26:14.250 收到 Head 資訊 {Count 2} {Type C } 
[3156] 2015/02/04 15:26:14.251 收到 Head 資訊 {Count 2} {Type C } 
[3156] 2015/02/04 15:26:14.253 收到 Head 資訊 {Count 2} {Type C } 
[3156] 2015/02/04 15:26:14.254 收到 Head 資訊 {Count 2} {Type C } 
[3156] 2015/02/04 15:26:14.255 收到 Head 資訊 {Count 2} {Type C } 
[3156] 2015/02/04 15:26:14.256 收到 Head 資訊 {Count 2} {Type C } 
[3156] 2015/02/04 15:26:14.258 收到 Head 資訊 {Count 2} {Type C } 
[3156] 2015/02/04 15:26:14.259 收到 Head 資訊 {Count 2} {Type C } 
[3156] 2015/02/04 15:26:14.260 收到 Head 資訊 {Count 2} {Type C } 
[3156] 2015/02/04 15:26:14.262 收到 Head 資訊 {Count 2} {Type C } 
[3156] 2015/02/04 15:26:14.263 收到 Head 資訊 {Count 2} {Type C } 
[3156] 2015/02/04 15:26:14.264 收到 Head 資訊 {Count 2} {Type C } 
[3156] 2015/02/04 15:26:14.265 收到 Head 資訊 {Count 2} {Type C } 
[3156] 2015/02/04 15:26:14.267 收到 Head 資訊 {Count 2} {Type C } 
[3156] 2015/02/04 15:26:14.268 收到 Head 資訊 {Count 2} {Type C } 
[3156] 2015/02/04 15:26:14.269 收到 Head 資訊 {Count 2} {Type C } 
[3156] 2015/02/04 15:26:14.271 收到 Head 資訊 {Count 2} {Type C } 
[3156] 2015/02/04 15:26:14.272 收到 Head 資訊 {Count 2} {Type C } 
[3156] 2015/02/04 15:26:14.273 收到 Head 資訊 {Count 2} {Type C } 
[3156] 2015/02/04 15:26:14.275 收到 Head 資訊 {Count 2} {Type C } 
[3156] 2015/02/04 15:26:14.276 收到 Head 資訊 {Count 2} {Type C } 
[3156] 2015/02/04 15:26:14.277 收到 Head 資訊 {Count 2} {Type C } 
[3156] 2015/02/04 15:26:14.278 收到 Head 資訊 {Count 2} {Type C } 
[3156] 2015/02/04 15:26:14.280 收到 Head 資訊 {Count 2} {Type C } 
[3156] 2015/02/04 15:26:14.281 收到 Head 資訊 {Count 2} {Type C } 
[3156] 2015/02/04 15:26:14.282 收到 Head 資訊 {Count 2} {Type C } 
[3156] 2015/02/04 15:26:14.284 收到 Head 資訊 {Count 2} {Type C } 
[3156] 2015/02/04 15:26:14.285 收到 Head 資訊 {Count 2} {Type C } 
[3156] 2015/02/04 15:26:14.286 收到 Head 資訊 {Count 2} {Type C } 
[3156] 2015/02/04 15:26:14.287 收到 Head 資訊 {Count 2} {Type C } 
[3156] 2015/02/04 15:26:14.289 收到 Head 資訊 {Count 2} {Type C } 
[3156] 2015/02/04 15:26:14.290 收到 Head 資訊 {Count 2} {Type C } 
[3156] 2015/02/04 15:26:14.291 收到 Head 資訊 {Count 2} {Type C } 
[3156] 2015/02/04 15:26:14.292 收到 Head 資訊 {Count 2} {Type C } 
[3156] 2015/02/04 15:26:14.294 收到 Head 資訊 {Count 2} {Type C } 
[3156] 2015/02/04 15:26:14.295 收到 Head 資訊 {Count 2} {Type C } 
[3156] 2015/02/04 15:26:14.297 收到 Head 資訊 {Count 2} {Type C } 
[3156] 2015/02/04 15:26:14.298 收到 Head 資訊 {Count 2} {Type C } 
[3156] 2015/02/04 15:26:14.299 收到 Head 資訊 {Count 2} {Type C } 
[3156] 2015/02/04 15:26:14.300 收到 Head 資訊 {Count 2} {Type C } 
[3156] 2015/02/04 15:26:14.302 收到 Head 資訊 {Count 2} {Type C } 
[3156] 2015/02/04 15:26:14.303 收到 Head 資訊 {Count 2} {Type C } 
[3156] 2015/02/04 15:26:14.304 收到 Head 資訊 {Count 2} {Type C } 
[3156] 2015/02/04 15:26:14.306 收到 Head 資訊 {Count 2} {Type C } 
[3156] 2015/02/04 15:26:14.307 收到 Head 資訊 {Count 2} {Type C } 
[3156] 2015/02/04 15:26:14.308 收到 Head 資訊 {Count 2} {Type C } 
[3156] 2015/02/04 15:26:14.310 收到 Head 資訊 {Count 2} {Type C } 
[3156] 2015/02/04 15:26:14.311 收到 Head 資訊 {Count 2} {Type C } 
[3156] 2015/02/04 15:26:14.312 收到 Head 資訊 {Count 2} {Type C } 
[3156] 2015/02/04 15:26:14.313 收到 Head 資訊 {Count 2} {Type C } 
[3156] 2015/02/04 15:26:14.315 收到 Head 資訊 {Count 2} {Type C } 
[3156] 2015/02/04 15:26:14.316 收到 Head 資訊 {Count 2} {Type C } 
[3156] 2015/02/04 15:26:14.317 收到 Head 資訊 {Count 2} {Type C } 
[3156] 2015/02/04 15:26:14.319 收到 Head 資訊 {Count 2} {Type C } 
[3156] 2015/02/04 15:26:14.320 收到 Head 資訊 {Count 2} {Type C } 
[3156] 2015/02/04 15:26:14.321 收到 Head 資訊 {Count 2} {Type C } 
[3156] 2015/02/04 15:26:14.323 收到 Head 資訊 {Count 2} {Type C } 
[3156] 2015/02/04 15:26:14.324 收到 Head 資訊 {Count 2} {Type C } 
[3156] 2015/02/04 15:26:14.325 收到 Head 資訊 {Count 2} {Type C } 
[3156] 2015/02/04 15:26:14.326 收到 Head 資訊 {Count 2} {Type C } 
[3156] 2015/02/04 15:26:14.327 收到 Head 資訊 {Count 2} {Type C } 
[3156] 2015/02/04 15:26:14.329 收到 Head 資訊 {Count 2} {Type C } 
[3156] 2015/02/04 15:26:14.330 收到 Head 資訊 {Count 2} {Type C } 
[3156] 2015/02/04 15:26:14.331 收到 Head 資訊 {Count 2} {Type C } 
[3156] 2015/02/04 15:26:14.332 收到 Head 資訊 {Count 2} {Type C } 
[3156] 2015/02/04 15:26:14.333 收到 Head 資訊 {Count 2} {Type C } 
[3156] 2015/02/04 15:26:14.335 收到 Head 資訊 {Count 2} {Type C } 
[3156] 2015/02/04 15:26:14.336 收到 Head 資訊 {Count 2} {Type C } 
[3156] 2015/02/04 15:26:14.337 收到 Head 資訊 {Count 2} {Type C } 
[3156] 2015/02/04 15:26:14.338 收到 Head 資訊 {Count 2} {Type C } 
[3156] 2015/02/04 15:26:14.339 收到 Head 資訊 {Count 2} {Type C } 
[3156] 2015/02/04 15:26:14.340 收到 Head 資訊 {Count 2} {Type C } 
[3156] 2015/02/04 15:26:14.342 收到 Head 資訊 {Count 2} {Type B } 
[3156] 2015/02/04 15:27:12.967 連線確認 E122828927 (21,21)
[3156] 2015/02/04 15:28:12.980 連線確認 E122828927 (21,21)
[3156] 2015/02/04 15:29:12.993 連線確認 E122828927 (21,21)
[3156] 2015/02/04 15:30:13.007 連線確認 E122828927 (21,21)
[3156] 2015/02/04 15:31:09.643 收到 Head 資訊 {Count 2} {Type C } 
[3156] 2015/02/04 15:31:13.020 連線確認 E122828927 (21,21)
[3156] 2015/02/04 15:31:14.583 收到 Head 資訊 {Count 2} {Type B } 
[3156] 2015/02/04 15:31:19.700 收到 Head 資訊 {Count 2} {Type C } 
[3156] 2015/02/04 15:31:29.644 收到 Head 資訊 {Count 2} {Type C } 
[3156] 2015/02/04 15:31:39.716 收到 Head 資訊 {Count 2} {Type C } 
[3156] 2015/02/04 15:32:13.034 連線確認 E122828927 (21,21)
[3156] 2015/02/04 15:33:13.047 連線確認 E122828927 (21,21)
[3156] 2015/02/04 15:34:13.060 連線確認 E122828927 (21,21)
[3156] 2015/02/04 15:35:08.997 收到 Head 資訊 {Count 2} {Type C } 
[3156] 2015/02/04 15:35:13.076 連線確認 E122828927 (21,21)
[3156] 2015/02/04 15:36:13.088 連線確認 E122828927 (21,21)
[3156] 2015/02/04 15:36:14.947 收到 Head 資訊 {Count 2} {Type B } 
[3156] 2015/02/04 15:37:13.103 連線確認 E122828927 (21,21)
[3156] 2015/02/04 15:38:13.116 連線確認 E122828927 (21,21)
[3156] 2015/02/04 15:39:13.129 連線確認 E122828927 (21,21)
[3156] 2015/02/04 15:40:13.142 連線確認 E122828927 (21,21)
[3156] 2015/02/04 15:41:13.156 連線確認 E122828927 (21,21)
[3156] 2015/02/04 15:41:15.950 收到 Head 資訊 {Count 2} {Type B } 
[3156] 2015/02/04 15:42:13.171 連線確認 E122828927 (21,21)
[3156] 2015/02/04 15:43:13.183 連線確認 E122828927 (21,21)
[3156] 2015/02/04 15:44:13.198 連線確認 E122828927 (21,21)
[3156] 2015/02/04 15:45:13.210 連線確認 E122828927 (21,21)
[3156] 2015/02/04 15:46:13.223 連線確認 E122828927 (21,21)
[3156] 2015/02/04 15:46:17.008 收到 Head 資訊 {Count 2} {Type B } 
[3156] 2015/02/04 15:47:13.237 連線確認 E122828927 (21,21)
[3156] 2015/02/04 15:48:13.251 連線確認 E122828927 (21,21)
[3156] 2015/02/04 15:49:13.265 連線確認 E122828927 (21,21)
[3156] 2015/02/04 15:50:13.279 連線確認 E122828927 (21,21)
[3156] 2015/02/04 15:50:39.899 收到 Head 資訊 {Count 2} {Type C } 
[3156] 2015/02/04 15:50:49.851 收到 Head 資訊 {Count 2} {Type C } 
[3156] 2015/02/04 15:50:59.855 收到 Head 資訊 {Count 2} {Type C } 
[3156] 2015/02/04 15:51:09.904 收到 Head 資訊 {Count 2} {Type C } 
[3156] 2015/02/04 15:51:13.292 連線確認 E122828927 (21,21)
[3156] 2015/02/04 15:51:18.547 收到 Head 資訊 {Count 2} {Type B } 
[3156] 2015/02/04 15:51:19.863 收到 Head 資訊 {Count 2} {Type C } 
[3156] 2015/02/04 15:52:13.306 連線確認 E122828927 (21,21)
[3156] 2015/02/04 15:53:13.319 連線確認 E122828927 (21,21)
[3156] 2015/02/04 15:54:13.332 連線確認 E122828927 (21,21)
[3156] 2015/02/04 15:55:13.347 連線確認 E122828927 (21,21)
[3156] 2015/02/04 15:56:13.360 連線確認 E122828927 (21,21)
[3156] 2015/02/04 15:56:19.617 收到 Head 資訊 {Count 2} {Type B } 
[3156] 2015/02/04 15:57:13.373 連線確認 E122828927 (21,21)
[3156] 2015/02/04 15:58:13.387 連線確認 E122828927 (21,21)
[3156] 2015/02/04 15:59:13.401 連線確認 E122828927 (21,21)
[3156] 2015/02/04 16:00:13.415 連線確認 E122828927 (21,21)
[3156] 2015/02/04 16:01:13.428 連線確認 E122828927 (21,21)
[3156] 2015/02/04 16:01:20.544 收到 Head 資訊 {Count 2} {Type B } 
[3156] 2015/02/04 16:02:13.441 連線確認 E122828927 (21,21)
[3156] 2015/02/04 16:03:13.455 連線確認 E122828927 (21,21)
[3156] 2015/02/04 16:04:13.470 連線確認 E122828927 (21,21)
[3156] 2015/02/04 16:05:13.483 連線確認 E122828927 (21,21)
[3156] 2015/02/04 16:06:13.495 連線確認 E122828927 (21,21)
[3156] 2015/02/04 16:06:20.884 收到 Head 資訊 {Count 2} {Type B } 
[3156] 2015/02/04 16:07:13.509 連線確認 E122828927 (21,21)
[3156] 2015/02/04 16:08:13.522 連線確認 E122828927 (21,21)
[3156] 2015/02/04 16:09:13.537 連線確認 E122828927 (21,21)
[3156] 2015/02/04 16:10:13.550 連線確認 E122828927 (21,21)
[3156] 2015/02/04 16:10:19.365 收到 Head 資訊 {Count 2} {Type C } 
[3156] 2015/02/04 16:10:29.370 收到 Head 資訊 {Count 2} {Type C } 
[3156] 2015/02/04 16:10:39.394 收到 Head 資訊 {Count 2} {Type C } 
[3156] 2015/02/04 16:10:49.394 收到 Head 資訊 {Count 2} {Type C } 
[3156] 2015/02/04 16:11:13.565 連線確認 E122828927 (21,21)
[3156] 2015/02/04 16:11:21.815 收到 Head 資訊 {Count 2} {Type B } 
[3156] 2015/02/04 16:12:13.577 連線確認 E122828927 (21,21)
[3156] 2015/02/04 16:13:13.592 連線確認 E122828927 (21,21)
[3156] 2015/02/04 16:14:13.605 連線確認 E122828927 (21,21)
[3156] 2015/02/04 16:15:09.218 收到 Head 資訊 {Count 2} {Type C } 
[3156] 2015/02/04 16:15:13.617 連線確認 E122828927 (21,21)
[3156] 2015/02/04 16:15:19.216 收到 Head 資訊 {Count 2} {Type C } 
[3156] 2015/02/04 16:15:29.223 收到 Head 資訊 {Count 2} {Type C } 
[3156] 2015/02/04 16:15:39.170 收到 Head 資訊 {Count 2} {Type C } 
[3156] 2015/02/04 16:15:49.193 收到 Head 資訊 {Count 2} {Type C } 
[3156] 2015/02/04 16:16:13.632 連線確認 E122828927 (21,21)
[3156] 2015/02/04 16:16:22.824 收到 Head 資訊 {Count 2} {Type B } 
[3156] 2015/02/04 16:17:13.645 連線確認 E122828927 (21,21)
[3156] 2015/02/04 16:18:13.660 連線確認 E122828927 (21,21)
[3156] 2015/02/04 16:19:13.672 連線確認 E122828927 (21,21)
[3156] 2015/02/04 16:20:13.685 連線確認 E122828927 (21,21)
[3156] 2015/02/04 16:21:13.700 連線確認 E122828927 (21,21)
[3156] 2015/02/04 16:21:23.766 收到 Head 資訊 {Count 2} {Type B } 
[3156] 2015/02/04 16:22:13.713 連線確認 E122828927 (21,21)
[3156] 2015/02/04 16:23:13.726 連線確認 E122828927 (21,21)
[3156] 2015/02/04 16:24:13.741 連線確認 E122828927 (21,21)
[3156] 2015/02/04 16:25:13.754 連線確認 E122828927 (21,21)
[3156] 2015/02/04 16:26:13.768 連線確認 E122828927 (21,21)
[3156] 2015/02/04 16:26:24.816 收到 Head 資訊 {Count 2} {Type B } 
[3156] 2015/02/04 16:27:13.781 連線確認 E122828927 (21,21)
[3156] 2015/02/04 16:28:13.795 連線確認 E122828927 (21,21)
[3156] 2015/02/04 16:29:13.808 連線確認 E122828927 (21,21)
[3156] 2015/02/04 16:29:49.339 收到 Head 資訊 {Count 2} {Type C } 
[3156] 2015/02/04 16:29:59.391 收到 Head 資訊 {Count 2} {Type C } 
[3156] 2015/02/04 16:30:09.336 收到 Head 資訊 {Count 2} {Type C } 
[3156] 2015/02/04 16:30:13.821 連線確認 E122828927 (21,21)
[3156] 2015/02/04 16:30:19.383 收到 Head 資訊 {Count 2} {Type C } 
[3156] 2015/02/04 16:30:29.336 收到 Head 資訊 {Count 2} {Type C } 
[3156] 2015/02/04 16:31:13.835 連線確認 E122828927 (21,21)
[3156] 2015/02/04 16:31:25.778 收到 Head 資訊 {Count 2} {Type B } 
[3156] 2015/02/04 16:32:13.848 連線確認 E122828927 (21,21)
[3156] 2015/02/04 16:33:13.862 連線確認 E122828927 (21,21)
[3156] 2015/02/04 16:33:25.198 API ExitInstance 
