2015/01/19 02:30:11.342 -----------
2015/01/19 02:30:11.343 API InitInstance 
2015/01/19 02:30:15.587 E122828927 連線 Code：0
2015/01/19 02:30:16.589 收到 Head 資訊 {Count 2} {Type C } 
2015/01/19 02:30:16.590 收到 Head 資訊 {Count 2} {Type C } 
2015/01/19 02:30:16.600 收到 Head 資訊 {Count 2} {Type C } 
2015/01/19 02:30:16.602 收到 Head 資訊 {Count 2} {Type C } 
2015/01/19 02:30:16.604 收到 Head 資訊 {Count 2} {Type C } 
2015/01/19 02:30:16.605 收到 Head 資訊 {Count 2} {Type C } 
2015/01/19 02:30:16.607 收到 Head 資訊 {Count 2} {Type C } 
2015/01/19 02:30:16.609 收到 Head 資訊 {Count 2} {Type C } 
2015/01/19 02:30:16.611 收到 Head 資訊 {Count 2} {Type C } 
2015/01/19 02:30:16.613 收到 Head 資訊 {Count 2} {Type C } 
2015/01/19 02:30:16.615 收到 Head 資訊 {Count 2} {Type C } 
2015/01/19 02:30:16.616 收到 Head 資訊 {Count 2} {Type C } 
2015/01/19 02:30:16.618 收到 Head 資訊 {Count 2} {Type C } 
2015/01/19 02:30:16.620 收到 Head 資訊 {Count 2} {Type C } 
2015/01/19 02:30:16.621 收到 Head 資訊 {Count 2} {Type C } 
2015/01/19 02:30:16.623 收到 Head 資訊 {Count 2} {Type C } 
2015/01/19 02:30:16.625 收到 Head 資訊 {Count 2} {Type C } 
2015/01/19 02:30:16.626 收到 Head 資訊 {Count 2} {Type C } 
2015/01/19 02:30:16.628 收到 Head 資訊 {Count 2} {Type C } 
2015/01/19 02:30:16.629 收到 Head 資訊 {Count 2} {Type C } 
2015/01/19 02:30:16.631 收到 Head 資訊 {Count 2} {Type C } 
2015/01/19 02:30:16.633 收到 Head 資訊 {Count 2} {Type C } 
2015/01/19 02:30:16.635 收到 Head 資訊 {Count 2} {Type C } 
2015/01/19 02:30:16.636 收到 Head 資訊 {Count 2} {Type C } 
2015/01/19 02:30:16.638 收到 Head 資訊 {Count 2} {Type C } 
2015/01/19 02:30:16.640 收到 Head 資訊 {Count 2} {Type C } 
2015/01/19 02:30:16.641 收到 Head 資訊 {Count 2} {Type C } 
2015/01/19 02:30:16.643 收到 Head 資訊 {Count 2} {Type C } 
2015/01/19 02:30:16.645 收到 Head 資訊 {Count 2} {Type C } 
2015/01/19 02:30:16.646 收到 Head 資訊 {Count 2} {Type C } 
2015/01/19 02:30:16.648 收到 Head 資訊 {Count 2} {Type C } 
2015/01/19 02:30:16.649 收到 Head 資訊 {Count 2} {Type C } 
2015/01/19 02:30:16.651 收到 Head 資訊 {Count 2} {Type C } 
2015/01/19 02:30:16.652 收到 Head 資訊 {Count 2} {Type C } 
2015/01/19 02:30:16.654 收到 Head 資訊 {Count 2} {Type C } 
2015/01/19 02:30:16.656 收到 Head 資訊 {Count 2} {Type C } 
2015/01/19 02:30:16.657 收到 Head 資訊 {Count 2} {Type C } 
2015/01/19 02:30:16.659 收到 Head 資訊 {Count 2} {Type C } 
2015/01/19 02:30:16.661 收到 Head 資訊 {Count 2} {Type C } 
2015/01/19 02:30:16.662 收到 Head 資訊 {Count 2} {Type C } 
2015/01/19 02:30:16.664 收到 Head 資訊 {Count 2} {Type C } 
2015/01/19 02:30:16.665 收到 Head 資訊 {Count 2} {Type C } 
2015/01/19 02:30:16.667 收到 Head 資訊 {Count 2} {Type C } 
2015/01/19 02:30:16.669 收到 Head 資訊 {Count 2} {Type C } 
2015/01/19 02:30:16.671 收到 Head 資訊 {Count 2} {Type C } 
2015/01/19 02:30:16.672 收到 Head 資訊 {Count 2} {Type C } 
2015/01/19 02:30:16.674 收到 Head 資訊 {Count 2} {Type C } 
2015/01/19 02:30:16.675 收到 Head 資訊 {Count 2} {Type C } 
2015/01/19 02:30:16.677 收到 Head 資訊 {Count 2} {Type C } 
2015/01/19 02:30:16.679 收到 Head 資訊 {Count 2} {Type C } 
2015/01/19 02:30:16.680 收到 Head 資訊 {Count 2} {Type C } 
2015/01/19 02:30:16.682 收到 Head 資訊 {Count 2} {Type C } 
2015/01/19 02:30:16.683 收到 Head 資訊 {Count 2} {Type C } 
2015/01/19 02:30:16.685 收到 Head 資訊 {Count 2} {Type C } 
2015/01/19 02:30:16.687 收到 Head 資訊 {Count 2} {Type C } 
2015/01/19 02:30:16.688 收到 Head 資訊 {Count 2} {Type C } 
2015/01/19 02:30:16.690 收到 Head 資訊 {Count 2} {Type C } 
2015/01/19 02:30:16.692 收到 Head 資訊 {Count 2} {Type C } 
2015/01/19 02:30:16.694 收到 Head 資訊 {Count 2} {Type C } 
2015/01/19 02:30:16.696 收到 Head 資訊 {Count 2} {Type C } 
2015/01/19 02:30:16.697 收到 Head 資訊 {Count 2} {Type C } 
2015/01/19 02:30:16.699 收到 Head 資訊 {Count 2} {Type C } 
2015/01/19 02:30:16.701 收到 Head 資訊 {Count 2} {Type C } 
2015/01/19 02:30:16.702 收到 Head 資訊 {Count 2} {Type C } 
2015/01/19 02:30:16.704 收到 Head 資訊 {Count 2} {Type C } 
2015/01/19 02:30:16.706 收到 Head 資訊 {Count 2} {Type C } 
2015/01/19 02:30:16.707 收到 Head 資訊 {Count 2} {Type C } 
2015/01/19 02:30:16.709 收到 Head 資訊 {Count 2} {Type C } 
2015/01/19 02:30:16.711 收到 Head 資訊 {Count 2} {Type C } 
2015/01/19 02:30:16.712 收到 Head 資訊 {Count 2} {Type C } 
2015/01/19 02:30:16.714 收到 Head 資訊 {Count 2} {Type C } 
2015/01/19 02:30:16.716 收到 Head 資訊 {Count 2} {Type C } 
2015/01/19 02:30:16.717 收到 Head 資訊 {Count 2} {Type C } 
2015/01/19 02:30:16.719 收到 Head 資訊 {Count 2} {Type C } 
2015/01/19 02:30:16.721 收到 Head 資訊 {Count 2} {Type C } 
2015/01/19 02:30:16.722 收到 Head 資訊 {Count 2} {Type C } 
2015/01/19 02:30:16.724 收到 Head 資訊 {Count 2} {Type C } 
2015/01/19 02:30:16.726 收到 Head 資訊 {Count 2} {Type C } 
2015/01/19 02:30:16.727 收到 Head 資訊 {Count 2} {Type C } 
2015/01/19 02:30:16.729 收到 Head 資訊 {Count 2} {Type C } 
2015/01/19 02:30:16.731 收到 Head 資訊 {Count 2} {Type C } 
2015/01/19 02:30:16.732 收到 Head 資訊 {Count 2} {Type C } 
2015/01/19 02:30:16.734 收到 Head 資訊 {Count 2} {Type C } 
2015/01/19 02:30:16.736 收到 Head 資訊 {Count 2} {Type C } 
2015/01/19 02:30:16.737 收到 Head 資訊 {Count 2} {Type C } 
2015/01/19 02:30:16.739 收到 Head 資訊 {Count 2} {Type C } 
2015/01/19 02:30:16.741 收到 Head 資訊 {Count 2} {Type C } 
2015/01/19 02:30:16.742 收到 Head 資訊 {Count 2} {Type C } 
2015/01/19 02:30:16.744 收到 Head 資訊 {Count 2} {Type C } 
2015/01/19 02:30:16.745 收到 Head 資訊 {Count 2} {Type C } 
2015/01/19 02:30:16.747 收到 Head 資訊 {Count 2} {Type D } 
2015/01/19 02:30:16.748 收到 Head 資訊 {Count 2} {Type C } 
2015/01/19 02:30:16.750 收到 Head 資訊 {Count 2} {Type C } 
2015/01/19 02:30:16.752 收到 Head 資訊 {Count 2} {Type C } 
2015/01/19 02:30:16.754 收到 Head 資訊 {Count 2} {Type C } 
2015/01/19 02:30:16.756 收到 Head 資訊 {Count 2} {Type C } 
2015/01/19 02:30:16.757 收到 Head 資訊 {Count 2} {Type C } 
2015/01/19 02:30:16.759 收到 Head 資訊 {Count 2} {Type C } 
2015/01/19 02:30:16.761 收到 Head 資訊 {Count 2} {Type C } 
2015/01/19 02:30:16.763 收到 Head 資訊 {Count 2} {Type C } 
2015/01/19 02:30:16.764 收到 Head 資訊 {Count 2} {Type C } 
2015/01/19 02:30:16.766 收到 Head 資訊 {Count 2} {Type C } 
2015/01/19 02:30:16.767 收到 Head 資訊 {Count 2} {Type C } 
2015/01/19 02:30:16.769 收到 Head 資訊 {Count 2} {Type C } 
2015/01/19 02:30:16.771 收到 Head 資訊 {Count 2} {Type C } 
2015/01/19 02:30:16.772 收到 Head 資訊 {Count 2} {Type C } 
2015/01/19 02:30:16.774 收到 Head 資訊 {Count 2} {Type C } 
2015/01/19 02:30:16.775 收到 Head 資訊 {Count 2} {Type C } 
2015/01/19 02:30:16.777 收到 Head 資訊 {Count 2} {Type C } 
2015/01/19 02:30:16.778 收到 Head 資訊 {Count 2} {Type C } 
2015/01/19 02:30:16.780 收到 Head 資訊 {Count 2} {Type C } 
2015/01/19 02:30:16.782 收到 Head 資訊 {Count 2} {Type C } 
2015/01/19 02:30:16.784 收到 Head 資訊 {Count 2} {Type C } 
2015/01/19 02:30:16.786 收到 Head 資訊 {Count 2} {Type C } 
2015/01/19 02:30:16.787 收到 Head 資訊 {Count 2} {Type C } 
2015/01/19 02:30:16.789 收到 Head 資訊 {Count 2} {Type C } 
2015/01/19 02:30:16.790 收到 Head 資訊 {Count 2} {Type C } 
2015/01/19 02:30:16.792 收到 Head 資訊 {Count 2} {Type C } 
2015/01/19 02:30:16.794 收到 Head 資訊 {Count 2} {Type C } 
2015/01/19 02:30:16.796 收到 Head 資訊 {Count 2} {Type C } 
2015/01/19 02:30:16.797 收到 Head 資訊 {Count 2} {Type C } 
2015/01/19 02:30:16.799 收到 Head 資訊 {Count 2} {Type C } 
2015/01/19 02:30:16.801 收到 Head 資訊 {Count 2} {Type C } 
2015/01/19 02:30:16.803 收到 Head 資訊 {Count 2} {Type C } 
2015/01/19 02:30:16.805 收到 Head 資訊 {Count 2} {Type C } 
2015/01/19 02:30:16.807 收到 Head 資訊 {Count 2} {Type C } 
2015/01/19 02:30:16.808 收到 Head 資訊 {Count 2} {Type C } 
2015/01/19 02:30:16.810 收到 Head 資訊 {Count 2} {Type C } 
2015/01/19 02:30:16.812 收到 Head 資訊 {Count 2} {Type C } 
2015/01/19 02:30:16.814 收到 Head 資訊 {Count 2} {Type C } 
2015/01/19 02:30:16.816 收到 Head 資訊 {Count 2} {Type C } 
2015/01/19 02:30:16.817 收到 Head 資訊 {Count 2} {Type C } 
2015/01/19 02:30:16.819 收到 Head 資訊 {Count 2} {Type C } 
2015/01/19 02:30:16.821 收到 Head 資訊 {Count 2} {Type C } 
2015/01/19 02:30:16.823 收到 Head 資訊 {Count 2} {Type C } 
2015/01/19 02:30:16.824 收到 Head 資訊 {Count 2} {Type C } 
2015/01/19 02:30:16.826 收到 Head 資訊 {Count 2} {Type C } 
2015/01/19 02:30:16.828 收到 Head 資訊 {Count 2} {Type C } 
2015/01/19 02:30:16.830 收到 Head 資訊 {Count 2} {Type C } 
2015/01/19 02:30:16.832 收到 Head 資訊 {Count 2} {Type C } 
2015/01/19 02:30:16.833 收到 Head 資訊 {Count 2} {Type C } 
2015/01/19 02:30:16.835 收到 Head 資訊 {Count 2} {Type C } 
2015/01/19 02:30:16.837 收到 Head 資訊 {Count 2} {Type C } 
2015/01/19 02:30:16.839 收到 Head 資訊 {Count 2} {Type C } 
2015/01/19 02:30:16.841 收到 Head 資訊 {Count 2} {Type C } 
2015/01/19 02:30:16.842 收到 Head 資訊 {Count 2} {Type C } 
2015/01/19 02:30:16.844 收到 Head 資訊 {Count 2} {Type C } 
2015/01/19 02:30:16.846 收到 Head 資訊 {Count 2} {Type C } 
2015/01/19 02:30:16.847 收到 Head 資訊 {Count 2} {Type C } 
2015/01/19 02:30:16.849 收到 Head 資訊 {Count 2} {Type C } 
2015/01/19 02:30:16.850 收到 Head 資訊 {Count 2} {Type C } 
2015/01/19 02:30:16.852 收到 Head 資訊 {Count 2} {Type C } 
2015/01/19 02:30:16.854 收到 Head 資訊 {Count 2} {Type C } 
2015/01/19 02:30:16.855 收到 Head 資訊 {Count 2} {Type C } 
2015/01/19 02:30:16.857 收到 Head 資訊 {Count 2} {Type C } 
2015/01/19 02:30:16.859 收到 Head 資訊 {Count 2} {Type C } 
2015/01/19 02:30:16.860 收到 Head 資訊 {Count 2} {Type C } 
2015/01/19 02:30:16.862 收到 Head 資訊 {Count 2} {Type C } 
2015/01/19 02:30:16.863 收到 Head 資訊 {Count 2} {Type C } 
2015/01/19 02:30:16.865 收到 Head 資訊 {Count 2} {Type C } 
2015/01/19 02:30:16.867 收到 Head 資訊 {Count 2} {Type C } 
2015/01/19 02:30:16.868 收到 Head 資訊 {Count 2} {Type C } 
2015/01/19 02:30:16.870 收到 Head 資訊 {Count 2} {Type C } 
2015/01/19 02:30:16.872 收到 Head 資訊 {Count 2} {Type C } 
2015/01/19 02:30:16.873 收到 Head 資訊 {Count 2} {Type C } 
2015/01/19 02:30:16.875 收到 Head 資訊 {Count 2} {Type C } 
2015/01/19 02:30:16.876 收到 Head 資訊 {Count 2} {Type C } 
2015/01/19 02:30:16.878 收到 Head 資訊 {Count 2} {Type C } 
2015/01/19 02:30:16.879 收到 Head 資訊 {Count 2} {Type B } 
2015/01/19 07:40:10.928 -----------
2015/01/19 07:40:10.930 API InitInstance 
2015/01/19 07:40:18.488 E122828927 連線 Code：0
2015/01/19 07:40:19.490 收到 Head 資訊 {Count 2} {Type C } 
2015/01/19 07:40:19.492 收到 Head 資訊 {Count 2} {Type C } 
2015/01/19 07:40:19.493 收到 Head 資訊 {Count 2} {Type C } 
2015/01/19 07:40:19.495 收到 Head 資訊 {Count 2} {Type C } 
2015/01/19 07:40:19.497 收到 Head 資訊 {Count 2} {Type C } 
2015/01/19 07:40:19.498 收到 Head 資訊 {Count 2} {Type C } 
2015/01/19 07:40:19.500 收到 Head 資訊 {Count 2} {Type C } 
2015/01/19 07:40:19.502 收到 Head 資訊 {Count 2} {Type C } 
2015/01/19 07:40:19.504 收到 Head 資訊 {Count 2} {Type C } 
2015/01/19 07:40:19.505 收到 Head 資訊 {Count 2} {Type C } 
2015/01/19 07:40:19.507 收到 Head 資訊 {Count 2} {Type C } 
2015/01/19 07:40:19.509 收到 Head 資訊 {Count 2} {Type C } 
2015/01/19 07:40:19.510 收到 Head 資訊 {Count 2} {Type C } 
2015/01/19 07:40:19.512 收到 Head 資訊 {Count 2} {Type C } 
2015/01/19 07:40:19.514 收到 Head 資訊 {Count 2} {Type C } 
2015/01/19 07:40:19.515 收到 Head 資訊 {Count 2} {Type C } 
2015/01/19 07:40:19.517 收到 Head 資訊 {Count 2} {Type C } 
2015/01/19 07:40:19.519 收到 Head 資訊 {Count 2} {Type C } 
2015/01/19 07:40:19.520 收到 Head 資訊 {Count 2} {Type C } 
2015/01/19 07:40:19.522 收到 Head 資訊 {Count 2} {Type C } 
2015/01/19 07:40:19.523 收到 Head 資訊 {Count 2} {Type C } 
2015/01/19 07:40:19.525 收到 Head 資訊 {Count 2} {Type C } 
2015/01/19 07:40:19.527 收到 Head 資訊 {Count 2} {Type C } 
2015/01/19 07:40:19.528 收到 Head 資訊 {Count 2} {Type C } 
2015/01/19 07:40:19.530 收到 Head 資訊 {Count 2} {Type C } 
2015/01/19 07:40:19.532 收到 Head 資訊 {Count 2} {Type C } 
2015/01/19 07:40:19.533 收到 Head 資訊 {Count 2} {Type C } 
2015/01/19 07:40:19.535 收到 Head 資訊 {Count 2} {Type C } 
2015/01/19 07:40:19.536 收到 Head 資訊 {Count 2} {Type C } 
2015/01/19 07:40:19.538 收到 Head 資訊 {Count 2} {Type C } 
2015/01/19 07:40:19.540 收到 Head 資訊 {Count 2} {Type C } 
2015/01/19 07:40:19.542 收到 Head 資訊 {Count 2} {Type C } 
2015/01/19 07:40:19.543 收到 Head 資訊 {Count 2} {Type C } 
2015/01/19 07:40:19.545 收到 Head 資訊 {Count 2} {Type C } 
2015/01/19 07:40:19.546 收到 Head 資訊 {Count 2} {Type C } 
2015/01/19 07:40:19.548 收到 Head 資訊 {Count 2} {Type C } 
2015/01/19 07:40:19.550 收到 Head 資訊 {Count 2} {Type C } 
2015/01/19 07:40:19.551 收到 Head 資訊 {Count 2} {Type C } 
2015/01/19 07:40:19.553 收到 Head 資訊 {Count 2} {Type C } 
2015/01/19 07:40:19.554 收到 Head 資訊 {Count 2} {Type C } 
2015/01/19 07:40:19.556 收到 Head 資訊 {Count 2} {Type C } 
2015/01/19 07:40:19.558 收到 Head 資訊 {Count 2} {Type C } 
2015/01/19 07:40:19.559 收到 Head 資訊 {Count 2} {Type C } 
2015/01/19 07:40:19.561 收到 Head 資訊 {Count 2} {Type C } 
2015/01/19 07:40:19.563 收到 Head 資訊 {Count 2} {Type C } 
2015/01/19 07:40:19.564 收到 Head 資訊 {Count 2} {Type C } 
2015/01/19 07:40:19.566 收到 Head 資訊 {Count 2} {Type C } 
2015/01/19 07:40:19.567 收到 Head 資訊 {Count 2} {Type C } 
2015/01/19 07:40:19.569 收到 Head 資訊 {Count 2} {Type C } 
2015/01/19 07:40:19.571 收到 Head 資訊 {Count 2} {Type C } 
2015/01/19 07:40:19.572 收到 Head 資訊 {Count 2} {Type C } 
2015/01/19 07:40:19.574 收到 Head 資訊 {Count 2} {Type C } 
2015/01/19 07:40:19.576 收到 Head 資訊 {Count 2} {Type C } 
2015/01/19 07:40:19.577 收到 Head 資訊 {Count 2} {Type C } 
2015/01/19 07:40:19.579 收到 Head 資訊 {Count 2} {Type C } 
2015/01/19 07:40:19.580 收到 Head 資訊 {Count 2} {Type C } 
2015/01/19 07:40:19.582 收到 Head 資訊 {Count 2} {Type C } 
2015/01/19 07:40:19.584 收到 Head 資訊 {Count 2} {Type C } 
2015/01/19 07:40:19.585 收到 Head 資訊 {Count 2} {Type C } 
2015/01/19 07:40:19.587 收到 Head 資訊 {Count 2} {Type C } 
2015/01/19 07:40:19.588 收到 Head 資訊 {Count 2} {Type C } 
2015/01/19 07:40:19.590 收到 Head 資訊 {Count 2} {Type C } 
2015/01/19 07:40:19.592 收到 Head 資訊 {Count 2} {Type C } 
2015/01/19 07:40:19.593 收到 Head 資訊 {Count 2} {Type C } 
2015/01/19 07:40:19.595 收到 Head 資訊 {Count 2} {Type C } 
2015/01/19 07:40:19.597 收到 Head 資訊 {Count 2} {Type C } 
2015/01/19 07:40:19.598 收到 Head 資訊 {Count 2} {Type C } 
2015/01/19 07:40:19.600 收到 Head 資訊 {Count 2} {Type C } 
2015/01/19 07:40:19.601 收到 Head 資訊 {Count 2} {Type C } 
2015/01/19 07:40:19.603 收到 Head 資訊 {Count 2} {Type C } 
2015/01/19 07:40:19.605 收到 Head 資訊 {Count 2} {Type C } 
2015/01/19 07:40:19.606 收到 Head 資訊 {Count 2} {Type C } 
2015/01/19 07:40:19.608 收到 Head 資訊 {Count 2} {Type C } 
2015/01/19 07:40:19.610 收到 Head 資訊 {Count 2} {Type C } 
2015/01/19 07:40:19.611 收到 Head 資訊 {Count 2} {Type C } 
2015/01/19 07:40:19.613 收到 Head 資訊 {Count 2} {Type C } 
2015/01/19 07:40:19.614 收到 Head 資訊 {Count 2} {Type C } 
2015/01/19 07:40:19.616 收到 Head 資訊 {Count 2} {Type C } 
2015/01/19 07:40:19.618 收到 Head 資訊 {Count 2} {Type C } 
2015/01/19 07:40:19.619 收到 Head 資訊 {Count 2} {Type C } 
2015/01/19 07:40:19.621 收到 Head 資訊 {Count 2} {Type C } 
2015/01/19 07:40:19.623 收到 Head 資訊 {Count 2} {Type C } 
2015/01/19 07:40:19.624 收到 Head 資訊 {Count 2} {Type C } 
2015/01/19 07:40:19.626 收到 Head 資訊 {Count 2} {Type C } 
2015/01/19 07:40:19.627 收到 Head 資訊 {Count 2} {Type C } 
2015/01/19 07:40:19.629 收到 Head 資訊 {Count 2} {Type C } 
2015/01/19 07:40:19.631 收到 Head 資訊 {Count 2} {Type C } 
2015/01/19 07:40:19.632 收到 Head 資訊 {Count 2} {Type C } 
2015/01/19 07:40:19.634 收到 Head 資訊 {Count 2} {Type D } 
2015/01/19 07:40:19.636 收到 Head 資訊 {Count 2} {Type C } 
2015/01/19 07:40:19.638 收到 Head 資訊 {Count 2} {Type C } 
2015/01/19 07:40:19.640 收到 Head 資訊 {Count 2} {Type D } 
2015/01/19 07:40:19.642 收到 Head 資訊 {Count 2} {Type C } 
2015/01/19 07:40:19.643 收到 Head 資訊 {Count 2} {Type C } 
2015/01/19 07:40:19.645 收到 Head 資訊 {Count 2} {Type C } 
2015/01/19 07:40:19.647 收到 Head 資訊 {Count 2} {Type B } 
2015/01/19 14:30:11.058 -----------
2015/01/19 14:30:11.060 API InitInstance 
2015/01/19 14:30:15.391 E122828927 連線 Code：0
2015/01/19 14:30:16.393 收到 Head 資訊 {Count 2} {Type C } 
2015/01/19 14:30:16.394 收到 Head 資訊 {Count 2} {Type C } 
2015/01/19 14:30:16.404 收到 Head 資訊 {Count 2} {Type C } 
2015/01/19 14:30:16.406 收到 Head 資訊 {Count 2} {Type C } 
2015/01/19 14:30:16.407 收到 Head 資訊 {Count 2} {Type C } 
2015/01/19 14:30:16.409 收到 Head 資訊 {Count 2} {Type C } 
2015/01/19 14:30:16.411 收到 Head 資訊 {Count 2} {Type C } 
2015/01/19 14:30:16.413 收到 Head 資訊 {Count 2} {Type C } 
2015/01/19 14:30:16.415 收到 Head 資訊 {Count 2} {Type C } 
2015/01/19 14:30:16.417 收到 Head 資訊 {Count 2} {Type C } 
2015/01/19 14:30:16.418 收到 Head 資訊 {Count 2} {Type C } 
2015/01/19 14:30:16.420 收到 Head 資訊 {Count 2} {Type C } 
2015/01/19 14:30:16.422 收到 Head 資訊 {Count 2} {Type C } 
2015/01/19 14:30:16.423 收到 Head 資訊 {Count 2} {Type C } 
2015/01/19 14:30:16.425 收到 Head 資訊 {Count 2} {Type C } 
2015/01/19 14:30:16.427 收到 Head 資訊 {Count 2} {Type C } 
2015/01/19 14:30:16.428 收到 Head 資訊 {Count 2} {Type C } 
2015/01/19 14:30:16.430 收到 Head 資訊 {Count 2} {Type C } 
2015/01/19 14:30:16.432 收到 Head 資訊 {Count 2} {Type C } 
2015/01/19 14:30:16.433 收到 Head 資訊 {Count 2} {Type C } 
2015/01/19 14:30:16.435 收到 Head 資訊 {Count 2} {Type C } 
2015/01/19 14:30:16.437 收到 Head 資訊 {Count 2} {Type C } 
2015/01/19 14:30:16.438 收到 Head 資訊 {Count 2} {Type C } 
2015/01/19 14:30:16.440 收到 Head 資訊 {Count 2} {Type C } 
2015/01/19 14:30:16.442 收到 Head 資訊 {Count 2} {Type C } 
2015/01/19 14:30:16.444 收到 Head 資訊 {Count 2} {Type C } 
2015/01/19 14:30:16.445 收到 Head 資訊 {Count 2} {Type C } 
2015/01/19 14:30:16.447 收到 Head 資訊 {Count 2} {Type C } 
2015/01/19 14:30:16.449 收到 Head 資訊 {Count 2} {Type C } 
2015/01/19 14:30:16.450 收到 Head 資訊 {Count 2} {Type C } 
2015/01/19 14:30:16.452 收到 Head 資訊 {Count 2} {Type C } 
2015/01/19 14:30:16.453 收到 Head 資訊 {Count 2} {Type C } 
2015/01/19 14:30:16.455 收到 Head 資訊 {Count 2} {Type C } 
2015/01/19 14:30:16.457 收到 Head 資訊 {Count 2} {Type C } 
2015/01/19 14:30:16.458 收到 Head 資訊 {Count 2} {Type C } 
2015/01/19 14:30:16.460 收到 Head 資訊 {Count 2} {Type C } 
2015/01/19 14:30:16.461 收到 Head 資訊 {Count 2} {Type C } 
2015/01/19 14:30:16.463 收到 Head 資訊 {Count 2} {Type C } 
2015/01/19 14:30:16.464 收到 Head 資訊 {Count 2} {Type C } 
2015/01/19 14:30:16.466 收到 Head 資訊 {Count 2} {Type C } 
2015/01/19 14:30:16.468 收到 Head 資訊 {Count 2} {Type C } 
2015/01/19 14:30:16.469 收到 Head 資訊 {Count 2} {Type C } 
2015/01/19 14:30:16.471 收到 Head 資訊 {Count 2} {Type C } 
2015/01/19 14:30:16.472 收到 Head 資訊 {Count 2} {Type C } 
2015/01/19 14:30:16.474 收到 Head 資訊 {Count 2} {Type C } 
2015/01/19 14:30:16.476 收到 Head 資訊 {Count 2} {Type C } 
2015/01/19 14:30:16.477 收到 Head 資訊 {Count 2} {Type C } 
2015/01/19 14:30:16.479 收到 Head 資訊 {Count 2} {Type C } 
2015/01/19 14:30:16.481 收到 Head 資訊 {Count 2} {Type C } 
2015/01/19 14:30:16.482 收到 Head 資訊 {Count 2} {Type C } 
2015/01/19 14:30:16.484 收到 Head 資訊 {Count 2} {Type C } 
2015/01/19 14:30:16.486 收到 Head 資訊 {Count 2} {Type C } 
2015/01/19 14:30:16.487 收到 Head 資訊 {Count 2} {Type C } 
2015/01/19 14:30:16.490 收到 Head 資訊 {Count 2} {Type C } 
2015/01/19 14:30:16.492 收到 Head 資訊 {Count 2} {Type C } 
2015/01/19 14:30:16.494 收到 Head 資訊 {Count 2} {Type C } 
2015/01/19 14:30:16.495 收到 Head 資訊 {Count 2} {Type C } 
2015/01/19 14:30:16.497 收到 Head 資訊 {Count 2} {Type C } 
2015/01/19 14:30:16.499 收到 Head 資訊 {Count 2} {Type C } 
2015/01/19 14:30:16.501 收到 Head 資訊 {Count 2} {Type C } 
2015/01/19 14:30:16.502 收到 Head 資訊 {Count 2} {Type C } 
2015/01/19 14:30:16.504 收到 Head 資訊 {Count 2} {Type C } 
2015/01/19 14:30:16.505 收到 Head 資訊 {Count 2} {Type C } 
2015/01/19 14:30:16.507 收到 Head 資訊 {Count 2} {Type C } 
2015/01/19 14:30:16.509 收到 Head 資訊 {Count 2} {Type C } 
2015/01/19 14:30:16.511 收到 Head 資訊 {Count 2} {Type C } 
2015/01/19 14:30:16.512 收到 Head 資訊 {Count 2} {Type C } 
2015/01/19 14:30:16.514 收到 Head 資訊 {Count 2} {Type C } 
2015/01/19 14:30:16.516 收到 Head 資訊 {Count 2} {Type C } 
2015/01/19 14:30:16.518 收到 Head 資訊 {Count 2} {Type C } 
2015/01/19 14:30:16.519 收到 Head 資訊 {Count 2} {Type C } 
2015/01/19 14:30:16.521 收到 Head 資訊 {Count 2} {Type C } 
2015/01/19 14:30:16.523 收到 Head 資訊 {Count 2} {Type C } 
2015/01/19 14:30:16.524 收到 Head 資訊 {Count 2} {Type C } 
2015/01/19 14:30:16.526 收到 Head 資訊 {Count 2} {Type C } 
2015/01/19 14:30:16.528 收到 Head 資訊 {Count 2} {Type C } 
2015/01/19 14:30:16.530 收到 Head 資訊 {Count 2} {Type C } 
2015/01/19 14:30:16.531 收到 Head 資訊 {Count 2} {Type C } 
2015/01/19 14:30:16.533 收到 Head 資訊 {Count 2} {Type C } 
2015/01/19 14:30:16.535 收到 Head 資訊 {Count 2} {Type C } 
2015/01/19 14:30:16.536 收到 Head 資訊 {Count 2} {Type C } 
2015/01/19 14:30:16.538 收到 Head 資訊 {Count 2} {Type C } 
2015/01/19 14:30:16.540 收到 Head 資訊 {Count 2} {Type C } 
2015/01/19 14:30:16.542 收到 Head 資訊 {Count 2} {Type C } 
2015/01/19 14:30:16.543 收到 Head 資訊 {Count 2} {Type C } 
2015/01/19 14:30:16.545 收到 Head 資訊 {Count 2} {Type C } 
2015/01/19 14:30:16.547 收到 Head 資訊 {Count 2} {Type C } 
2015/01/19 14:30:16.549 收到 Head 資訊 {Count 2} {Type C } 
2015/01/19 14:30:16.551 收到 Head 資訊 {Count 2} {Type D } 
2015/01/19 14:30:16.552 收到 Head 資訊 {Count 2} {Type C } 
2015/01/19 14:30:16.554 收到 Head 資訊 {Count 2} {Type C } 
2015/01/19 14:30:16.556 收到 Head 資訊 {Count 2} {Type D } 
2015/01/19 14:30:16.557 收到 Head 資訊 {Count 2} {Type C } 
2015/01/19 14:30:16.559 收到 Head 資訊 {Count 2} {Type C } 
2015/01/19 14:30:16.561 收到 Head 資訊 {Count 2} {Type C } 
2015/01/19 14:30:16.562 收到 Head 資訊 {Count 2} {Type C } 
2015/01/19 14:30:16.564 收到 Head 資訊 {Count 2} {Type C } 
2015/01/19 14:30:16.565 收到 Head 資訊 {Count 2} {Type C } 
2015/01/19 14:30:16.567 收到 Head 資訊 {Count 2} {Type C } 
2015/01/19 14:30:16.569 收到 Head 資訊 {Count 2} {Type C } 
2015/01/19 14:30:16.571 收到 Head 資訊 {Count 2} {Type C } 
2015/01/19 14:30:16.572 收到 Head 資訊 {Count 2} {Type C } 
2015/01/19 14:30:16.574 收到 Head 資訊 {Count 2} {Type C } 
2015/01/19 14:30:16.576 收到 Head 資訊 {Count 2} {Type C } 
2015/01/19 14:30:16.577 收到 Head 資訊 {Count 2} {Type C } 
2015/01/19 14:30:16.579 收到 Head 資訊 {Count 2} {Type C } 
2015/01/19 14:30:16.581 收到 Head 資訊 {Count 2} {Type C } 
2015/01/19 14:30:16.582 收到 Head 資訊 {Count 2} {Type C } 
2015/01/19 14:30:16.584 收到 Head 資訊 {Count 2} {Type C } 
2015/01/19 14:30:16.585 收到 Head 資訊 {Count 2} {Type D } 
2015/01/19 14:30:16.587 收到 Head 資訊 {Count 2} {Type C } 
2015/01/19 14:30:16.588 收到 Head 資訊 {Count 2} {Type C } 
2015/01/19 14:30:16.590 收到 Head 資訊 {Count 2} {Type C } 
2015/01/19 14:30:16.592 收到 Head 資訊 {Count 2} {Type C } 
2015/01/19 14:30:16.593 收到 Head 資訊 {Count 2} {Type C } 
2015/01/19 14:30:16.595 收到 Head 資訊 {Count 2} {Type C } 
2015/01/19 14:30:16.596 收到 Head 資訊 {Count 2} {Type C } 
2015/01/19 14:30:16.598 收到 Head 資訊 {Count 2} {Type C } 
2015/01/19 14:30:16.600 收到 Head 資訊 {Count 2} {Type C } 
2015/01/19 14:30:16.601 收到 Head 資訊 {Count 2} {Type C } 
2015/01/19 14:30:16.603 收到 Head 資訊 {Count 2} {Type C } 
2015/01/19 14:30:16.604 收到 Head 資訊 {Count 2} {Type C } 
2015/01/19 14:30:16.606 收到 Head 資訊 {Count 2} {Type C } 
2015/01/19 14:30:16.608 收到 Head 資訊 {Count 2} {Type C } 
2015/01/19 14:30:16.609 收到 Head 資訊 {Count 2} {Type C } 
2015/01/19 14:30:16.611 收到 Head 資訊 {Count 2} {Type C } 
2015/01/19 14:30:16.613 收到 Head 資訊 {Count 2} {Type C } 
2015/01/19 14:30:16.615 收到 Head 資訊 {Count 2} {Type C } 
2015/01/19 14:30:16.616 收到 Head 資訊 {Count 2} {Type C } 
2015/01/19 14:30:16.618 收到 Head 資訊 {Count 2} {Type C } 
2015/01/19 14:30:16.619 收到 Head 資訊 {Count 2} {Type C } 
2015/01/19 14:30:16.621 收到 Head 資訊 {Count 2} {Type C } 
2015/01/19 14:30:16.623 收到 Head 資訊 {Count 2} {Type C } 
2015/01/19 14:30:16.624 收到 Head 資訊 {Count 2} {Type C } 
2015/01/19 14:30:16.626 收到 Head 資訊 {Count 2} {Type C } 
2015/01/19 14:30:16.627 收到 Head 資訊 {Count 2} {Type C } 
2015/01/19 14:30:16.629 收到 Head 資訊 {Count 2} {Type C } 
2015/01/19 14:30:16.631 收到 Head 資訊 {Count 2} {Type C } 
2015/01/19 14:30:16.632 收到 Head 資訊 {Count 2} {Type C } 
2015/01/19 14:30:16.634 收到 Head 資訊 {Count 2} {Type C } 
2015/01/19 14:30:16.636 收到 Head 資訊 {Count 2} {Type C } 
2015/01/19 14:30:16.637 收到 Head 資訊 {Count 2} {Type C } 
2015/01/19 14:30:16.639 收到 Head 資訊 {Count 2} {Type C } 
2015/01/19 14:30:16.641 收到 Head 資訊 {Count 2} {Type C } 
2015/01/19 14:30:16.642 收到 Head 資訊 {Count 2} {Type D } 
2015/01/19 14:30:16.644 收到 Head 資訊 {Count 2} {Type C } 
2015/01/19 14:30:16.646 收到 Head 資訊 {Count 2} {Type C } 
2015/01/19 14:30:16.647 收到 Head 資訊 {Count 2} {Type C } 
2015/01/19 14:30:16.649 收到 Head 資訊 {Count 2} {Type C } 
2015/01/19 14:30:16.651 收到 Head 資訊 {Count 2} {Type C } 
2015/01/19 14:30:16.653 收到 Head 資訊 {Count 2} {Type C } 
2015/01/19 14:30:16.654 收到 Head 資訊 {Count 2} {Type C } 
2015/01/19 14:30:16.656 收到 Head 資訊 {Count 2} {Type C } 
2015/01/19 14:30:16.658 收到 Head 資訊 {Count 2} {Type C } 
2015/01/19 14:30:16.659 收到 Head 資訊 {Count 2} {Type C } 
2015/01/19 14:30:16.661 收到 Head 資訊 {Count 2} {Type C } 
2015/01/19 14:30:16.663 收到 Head 資訊 {Count 2} {Type C } 
2015/01/19 14:30:16.665 收到 Head 資訊 {Count 2} {Type D } 
2015/01/19 14:30:16.666 收到 Head 資訊 {Count 2} {Type C } 
2015/01/19 14:30:16.668 收到 Head 資訊 {Count 2} {Type C } 
2015/01/19 14:30:16.670 收到 Head 資訊 {Count 2} {Type C } 
2015/01/19 14:30:16.671 收到 Head 資訊 {Count 2} {Type C } 
2015/01/19 14:30:16.673 收到 Head 資訊 {Count 2} {Type D } 
2015/01/19 14:30:16.674 收到 Head 資訊 {Count 2} {Type D } 
2015/01/19 14:30:16.676 收到 Head 資訊 {Count 2} {Type C } 
2015/01/19 14:30:16.678 收到 Head 資訊 {Count 2} {Type C } 
2015/01/19 14:30:16.679 收到 Head 資訊 {Count 2} {Type C } 
2015/01/19 14:30:16.681 收到 Head 資訊 {Count 2} {Type C } 
2015/01/19 14:30:16.683 收到 Head 資訊 {Count 2} {Type C } 
2015/01/19 14:30:16.684 收到 Head 資訊 {Count 2} {Type C } 
2015/01/19 14:30:16.686 收到 Head 資訊 {Count 2} {Type D } 
2015/01/19 14:30:16.688 收到 Head 資訊 {Count 2} {Type D } 
2015/01/19 14:30:16.689 收到 Head 資訊 {Count 2} {Type C } 
2015/01/19 14:30:16.691 收到 Head 資訊 {Count 2} {Type C } 
2015/01/19 14:30:16.692 收到 Head 資訊 {Count 2} {Type C } 
2015/01/19 14:30:16.694 收到 Head 資訊 {Count 2} {Type C } 
2015/01/19 14:30:16.695 收到 Head 資訊 {Count 2} {Type C } 
2015/01/19 14:30:16.697 收到 Head 資訊 {Count 2} {Type C } 
2015/01/19 14:30:16.699 收到 Head 資訊 {Count 2} {Type C } 
2015/01/19 14:30:16.701 收到 Head 資訊 {Count 2} {Type C } 
2015/01/19 14:30:16.702 收到 Head 資訊 {Count 2} {Type C } 
2015/01/19 14:30:16.704 收到 Head 資訊 {Count 2} {Type C } 
2015/01/19 14:30:16.705 收到 Head 資訊 {Count 2} {Type C } 
2015/01/19 14:30:16.707 收到 Head 資訊 {Count 2} {Type C } 
2015/01/19 14:30:16.709 收到 Head 資訊 {Count 2} {Type C } 
2015/01/19 14:30:16.710 收到 Head 資訊 {Count 2} {Type D } 
2015/01/19 14:30:16.712 收到 Head 資訊 {Count 2} {Type D } 
2015/01/19 14:30:16.713 收到 Head 資訊 {Count 2} {Type D } 
2015/01/19 14:30:16.715 收到 Head 資訊 {Count 2} {Type C } 
2015/01/19 14:30:16.716 收到 Head 資訊 {Count 2} {Type C } 
2015/01/19 14:30:16.718 收到 Head 資訊 {Count 2} {Type C } 
2015/01/19 14:30:16.720 收到 Head 資訊 {Count 2} {Type C } 
2015/01/19 14:30:16.721 收到 Head 資訊 {Count 2} {Type C } 
2015/01/19 14:30:16.723 收到 Head 資訊 {Count 2} {Type C } 
2015/01/19 14:30:16.725 收到 Head 資訊 {Count 2} {Type C } 
2015/01/19 14:30:16.726 收到 Head 資訊 {Count 2} {Type D } 
2015/01/19 14:30:16.728 收到 Head 資訊 {Count 2} {Type D } 
2015/01/19 14:30:16.730 收到 Head 資訊 {Count 2} {Type C } 
2015/01/19 14:30:16.731 收到 Head 資訊 {Count 2} {Type C } 
2015/01/19 14:30:16.733 收到 Head 資訊 {Count 2} {Type C } 
2015/01/19 14:30:16.735 收到 Head 資訊 {Count 2} {Type C } 
2015/01/19 14:30:16.736 收到 Head 資訊 {Count 2} {Type C } 
2015/01/19 14:30:16.738 收到 Head 資訊 {Count 2} {Type C } 
2015/01/19 14:30:16.740 收到 Head 資訊 {Count 2} {Type C } 
2015/01/19 14:30:16.741 收到 Head 資訊 {Count 2} {Type C } 
2015/01/19 14:30:16.743 收到 Head 資訊 {Count 2} {Type C } 
2015/01/19 14:30:16.745 收到 Head 資訊 {Count 2} {Type C } 
2015/01/19 14:30:16.747 收到 Head 資訊 {Count 2} {Type C } 
2015/01/19 14:30:16.748 收到 Head 資訊 {Count 2} {Type C } 
2015/01/19 14:30:16.750 收到 Head 資訊 {Count 2} {Type C } 
2015/01/19 14:30:16.751 收到 Head 資訊 {Count 2} {Type C } 
2015/01/19 14:30:16.753 收到 Head 資訊 {Count 2} {Type C } 
2015/01/19 14:30:16.755 收到 Head 資訊 {Count 2} {Type C } 
2015/01/19 14:30:16.756 收到 Head 資訊 {Count 2} {Type C } 
2015/01/19 14:30:16.758 收到 Head 資訊 {Count 2} {Type C } 
2015/01/19 14:30:16.760 收到 Head 資訊 {Count 2} {Type C } 
2015/01/19 14:30:16.761 收到 Head 資訊 {Count 2} {Type C } 
2015/01/19 14:30:16.763 收到 Head 資訊 {Count 2} {Type C } 
2015/01/19 14:30:16.764 收到 Head 資訊 {Count 2} {Type C } 
2015/01/19 14:30:16.766 收到 Head 資訊 {Count 2} {Type C } 
2015/01/19 14:30:16.768 收到 Head 資訊 {Count 2} {Type C } 
2015/01/19 14:30:16.769 收到 Head 資訊 {Count 2} {Type C } 
2015/01/19 14:30:16.771 收到 Head 資訊 {Count 2} {Type C } 
2015/01/19 14:30:16.772 收到 Head 資訊 {Count 2} {Type C } 
2015/01/19 14:30:16.774 收到 Head 資訊 {Count 2} {Type C } 
2015/01/19 14:30:16.776 收到 Head 資訊 {Count 2} {Type C } 
2015/01/19 14:30:16.777 收到 Head 資訊 {Count 2} {Type C } 
2015/01/19 14:30:16.779 收到 Head 資訊 {Count 2} {Type B } 
