[6816] 2015/02/19 07:50:14.134 API InitInstance 
[6816] 2015/02/19 07:50:14.521 E122828927 連線 Code：0
[6816] 2015/02/19 07:50:15.527 收到 Head 資訊 {Count 2} {Type C } 
[6816] 2015/02/19 07:50:15.530 收到 Head 資訊 {Count 2} {Type C } 
[6816] 2015/02/19 07:50:15.533 收到 Head 資訊 {Count 2} {Type C } 
[6816] 2015/02/19 07:50:15.535 收到 Head 資訊 {Count 2} {Type C } 
[6816] 2015/02/19 07:50:15.537 收到 Head 資訊 {Count 2} {Type C } 
[6816] 2015/02/19 07:50:15.538 收到 Head 資訊 {Count 2} {Type C } 
[6816] 2015/02/19 07:50:15.540 收到 Head 資訊 {Count 2} {Type C } 
[6816] 2015/02/19 07:50:15.542 收到 Head 資訊 {Count 2} {Type C } 
[6816] 2015/02/19 07:50:15.543 收到 Head 資訊 {Count 2} {Type C } 
[6816] 2015/02/19 07:50:15.545 收到 Head 資訊 {Count 2} {Type C } 
[6816] 2015/02/19 07:50:15.546 收到 Head 資訊 {Count 2} {Type C } 
[6816] 2015/02/19 07:50:15.548 收到 Head 資訊 {Count 2} {Type C } 
[6816] 2015/02/19 07:50:15.549 收到 Head 資訊 {Count 2} {Type C } 
[6816] 2015/02/19 07:50:15.551 收到 Head 資訊 {Count 2} {Type C } 
[6816] 2015/02/19 07:50:15.552 收到 Head 資訊 {Count 2} {Type C } 
[6816] 2015/02/19 07:50:15.554 收到 Head 資訊 {Count 2} {Type C } 
[6816] 2015/02/19 07:50:15.555 收到 Head 資訊 {Count 2} {Type C } 
[6816] 2015/02/19 07:50:15.557 收到 Head 資訊 {Count 2} {Type C } 
[6816] 2015/02/19 07:50:15.558 收到 Head 資訊 {Count 2} {Type C } 
[6816] 2015/02/19 07:50:15.560 收到 Head 資訊 {Count 2} {Type C } 
[6816] 2015/02/19 07:50:15.561 收到 Head 資訊 {Count 2} {Type C } 
[6816] 2015/02/19 07:50:15.563 收到 Head 資訊 {Count 2} {Type C } 
[6816] 2015/02/19 07:50:15.565 收到 Head 資訊 {Count 2} {Type C } 
[6816] 2015/02/19 07:50:15.566 收到 Head 資訊 {Count 2} {Type C } 
[6816] 2015/02/19 07:50:15.568 收到 Head 資訊 {Count 2} {Type C } 
[6816] 2015/02/19 07:50:15.569 收到 Head 資訊 {Count 2} {Type C } 
[6816] 2015/02/19 07:50:15.571 收到 Head 資訊 {Count 2} {Type C } 
[6816] 2015/02/19 07:50:15.572 收到 Head 資訊 {Count 2} {Type C } 
[6816] 2015/02/19 07:50:15.574 收到 Head 資訊 {Count 2} {Type C } 
[6816] 2015/02/19 07:50:15.575 收到 Head 資訊 {Count 2} {Type C } 
[6816] 2015/02/19 07:50:15.577 收到 Head 資訊 {Count 2} {Type C } 
[6816] 2015/02/19 07:50:15.579 收到 Head 資訊 {Count 2} {Type C } 
[6816] 2015/02/19 07:50:15.580 收到 Head 資訊 {Count 2} {Type C } 
[6816] 2015/02/19 07:50:15.582 收到 Head 資訊 {Count 2} {Type C } 
[6816] 2015/02/19 07:50:15.583 收到 Head 資訊 {Count 2} {Type C } 
[6816] 2015/02/19 07:50:15.585 收到 Head 資訊 {Count 2} {Type C } 
[6816] 2015/02/19 07:50:15.586 收到 Head 資訊 {Count 2} {Type C } 
[6816] 2015/02/19 07:50:15.588 收到 Head 資訊 {Count 2} {Type C } 
[6816] 2015/02/19 07:50:15.589 收到 Head 資訊 {Count 2} {Type C } 
[6816] 2015/02/19 07:50:15.591 收到 Head 資訊 {Count 2} {Type C } 
[6816] 2015/02/19 07:50:15.592 收到 Head 資訊 {Count 2} {Type C } 
[6816] 2015/02/19 07:50:15.594 收到 Head 資訊 {Count 2} {Type C } 
[6816] 2015/02/19 07:50:15.595 收到 Head 資訊 {Count 2} {Type C } 
[6816] 2015/02/19 07:50:15.597 收到 Head 資訊 {Count 2} {Type C } 
[6816] 2015/02/19 07:50:15.598 收到 Head 資訊 {Count 2} {Type C } 
[6816] 2015/02/19 07:50:15.600 收到 Head 資訊 {Count 2} {Type C } 
[6816] 2015/02/19 07:50:15.601 收到 Head 資訊 {Count 2} {Type C } 
[6816] 2015/02/19 07:50:15.603 收到 Head 資訊 {Count 2} {Type C } 
[6816] 2015/02/19 07:50:15.604 收到 Head 資訊 {Count 2} {Type C } 
[6816] 2015/02/19 07:50:15.606 收到 Head 資訊 {Count 2} {Type C } 
[6816] 2015/02/19 07:50:15.607 收到 Head 資訊 {Count 2} {Type C } 
[6816] 2015/02/19 07:50:15.609 收到 Head 資訊 {Count 2} {Type C } 
[6816] 2015/02/19 07:50:15.610 收到 Head 資訊 {Count 2} {Type C } 
[6816] 2015/02/19 07:50:15.612 收到 Head 資訊 {Count 2} {Type C } 
[6816] 2015/02/19 07:50:15.613 收到 Head 資訊 {Count 2} {Type C } 
[6816] 2015/02/19 07:50:15.615 收到 Head 資訊 {Count 2} {Type C } 
[6816] 2015/02/19 07:50:15.616 收到 Head 資訊 {Count 2} {Type C } 
[6816] 2015/02/19 07:50:15.618 收到 Head 資訊 {Count 2} {Type C } 
[6816] 2015/02/19 07:50:15.619 收到 Head 資訊 {Count 2} {Type C } 
[6816] 2015/02/19 07:50:15.621 收到 Head 資訊 {Count 2} {Type C } 
[6816] 2015/02/19 07:50:15.622 收到 Head 資訊 {Count 2} {Type C } 
[6816] 2015/02/19 07:50:15.624 收到 Head 資訊 {Count 2} {Type C } 
[6816] 2015/02/19 07:50:15.625 收到 Head 資訊 {Count 2} {Type C } 
[6816] 2015/02/19 07:50:15.627 收到 Head 資訊 {Count 2} {Type C } 
[6816] 2015/02/19 07:50:15.628 收到 Head 資訊 {Count 2} {Type C } 
[6816] 2015/02/19 07:50:15.630 收到 Head 資訊 {Count 2} {Type C } 
[6816] 2015/02/19 07:50:15.631 收到 Head 資訊 {Count 2} {Type C } 
[6816] 2015/02/19 07:50:15.633 收到 Head 資訊 {Count 2} {Type C } 
[6816] 2015/02/19 07:50:15.634 收到 Head 資訊 {Count 2} {Type C } 
[6816] 2015/02/19 07:50:15.636 收到 Head 資訊 {Count 2} {Type C } 
[6816] 2015/02/19 07:50:15.637 收到 Head 資訊 {Count 2} {Type C } 
[6816] 2015/02/19 07:50:15.639 收到 Head 資訊 {Count 2} {Type C } 
[6816] 2015/02/19 07:50:15.640 收到 Head 資訊 {Count 2} {Type C } 
[6816] 2015/02/19 07:50:15.642 收到 Head 資訊 {Count 2} {Type C } 
[6816] 2015/02/19 07:50:15.643 收到 Head 資訊 {Count 2} {Type C } 
[6816] 2015/02/19 07:50:15.645 收到 Head 資訊 {Count 2} {Type C } 
[6816] 2015/02/19 07:50:15.647 收到 Head 資訊 {Count 2} {Type C } 
[6816] 2015/02/19 07:50:15.648 收到 Head 資訊 {Count 2} {Type C } 
[6816] 2015/02/19 07:50:15.650 收到 Head 資訊 {Count 2} {Type C } 
[6816] 2015/02/19 07:50:15.651 收到 Head 資訊 {Count 2} {Type C } 
[6816] 2015/02/19 07:50:15.653 收到 Head 資訊 {Count 2} {Type C } 
[6816] 2015/02/19 07:50:15.654 收到 Head 資訊 {Count 2} {Type C } 
[6816] 2015/02/19 07:50:15.655 收到 Head 資訊 {Count 2} {Type C } 
[6816] 2015/02/19 07:50:15.657 收到 Head 資訊 {Count 2} {Type D } 
[6816] 2015/02/19 07:50:15.658 收到 Head 資訊 {Count 2} {Type C } 
[6816] 2015/02/19 07:50:15.660 收到 Head 資訊 {Count 2} {Type C } 
[6816] 2015/02/19 07:50:15.661 收到 Head 資訊 {Count 2} {Type C } 
[6816] 2015/02/19 07:50:15.663 收到 Head 資訊 {Count 2} {Type B } 
[6816] 2015/02/19 07:51:14.506 連線確認 E122828927 (21,21)
[6816] 2015/02/19 07:51:39.018 收到 Head 資訊 {Count 2} {Type C } 
[6816] 2015/02/19 07:51:49.013 收到 Head 資訊 {Count 2} {Type C } 
[6816] 2015/02/19 07:52:14.518 連線確認 E122828927 (21,21)
[6816] 2015/02/19 07:53:14.532 連線確認 E122828927 (21,21)
[6816] 2015/02/19 07:54:14.545 連線確認 E122828927 (21,21)
[6816] 2015/02/19 07:54:47.989 收到 Head 資訊 {Count 2} {Type C } 
[6816] 2015/02/19 07:54:57.987 收到 Head 資訊 {Count 2} {Type C } 
[6816] 2015/02/19 07:55:08.017 收到 Head 資訊 {Count 2} {Type C } 
[6816] 2015/02/19 07:55:14.559 連線確認 E122828927 (21,21)
[6816] 2015/02/19 07:55:14.608 收到 Head 資訊 {Count 2} {Type B } 
[6816] 2015/02/19 07:55:17.990 收到 Head 資訊 {Count 2} {Type C } 
[6816] 2015/02/19 07:56:14.574 連線確認 E122828927 (21,21)
[6816] 2015/02/19 07:57:14.586 連線確認 E122828927 (21,21)
[6816] 2015/02/19 07:57:58.002 收到 Head 資訊 {Count 2} {Type C } 
[6816] 2015/02/19 07:58:08.001 收到 Head 資訊 {Count 2} {Type C } 
[6816] 2015/02/19 07:58:14.601 連線確認 E122828927 (21,21)
[6816] 2015/02/19 07:59:14.613 連線確認 E122828927 (21,21)
[6816] 2015/02/19 08:00:14.628 連線確認 E122828927 (21,21)
[6816] 2015/02/19 08:00:15.618 收到 Head 資訊 {Count 2} {Type B } 
[6816] 2015/02/19 08:01:14.642 連線確認 E122828927 (21,21)
[6816] 2015/02/19 08:02:14.655 連線確認 E122828927 (21,21)
[6816] 2015/02/19 08:03:14.669 連線確認 E122828927 (21,21)
[6816] 2015/02/19 08:04:14.682 連線確認 E122828927 (21,21)
[6816] 2015/02/19 08:04:18.013 收到 Head 資訊 {Count 2} {Type C } 
[6816] 2015/02/19 08:04:28.013 收到 Head 資訊 {Count 2} {Type C } 
[6816] 2015/02/19 08:05:14.695 連線確認 E122828927 (21,21)
[6816] 2015/02/19 08:05:16.630 收到 Head 資訊 {Count 2} {Type B } 
[6816] 2015/02/19 08:06:14.708 連線確認 E122828927 (21,21)
[6816] 2015/02/19 08:07:14.723 連線確認 E122828927 (21,21)
[6816] 2015/02/19 08:08:14.736 連線確認 E122828927 (21,21)
[6816] 2015/02/19 08:09:08.250 收到 Head 資訊 {Count 2} {Type C } 
[6816] 2015/02/19 08:09:14.750 連線確認 E122828927 (21,21)
[6816] 2015/02/19 08:10:14.763 連線確認 E122828927 (21,21)
[6816] 2015/02/19 08:10:17.639 收到 Head 資訊 {Count 2} {Type B } 
[6816] 2015/02/19 08:11:14.776 連線確認 E122828927 (21,21)
[6816] 2015/02/19 08:12:14.791 連線確認 E122828927 (21,21)
[6816] 2015/02/19 08:12:28.256 收到 Head 資訊 {Count 2} {Type C } 
[6816] 2015/02/19 08:12:38.255 收到 Head 資訊 {Count 2} {Type C } 
[6816] 2015/02/19 08:13:14.804 連線確認 E122828927 (21,21)
[6816] 2015/02/19 08:14:14.818 連線確認 E122828927 (21,21)
[6816] 2015/02/19 08:14:48.413 收到 Head 資訊 {Count 2} {Type C } 
[6816] 2015/02/19 08:14:58.413 收到 Head 資訊 {Count 2} {Type C } 
[6816] 2015/02/19 08:15:08.417 收到 Head 資訊 {Count 2} {Type C } 
[6816] 2015/02/19 08:15:14.831 連線確認 E122828927 (21,21)
[6816] 2015/02/19 08:15:18.651 收到 Head 資訊 {Count 2} {Type B } 
[6816] 2015/02/19 08:16:14.845 連線確認 E122828927 (21,21)
[6816] 2015/02/19 08:17:14.859 連線確認 E122828927 (21,21)
[6816] 2015/02/19 08:18:14.873 連線確認 E122828927 (21,21)
[6816] 2015/02/19 08:18:38.431 收到 Head 資訊 {Count 2} {Type C } 
[6816] 2015/02/19 08:18:48.424 收到 Head 資訊 {Count 2} {Type C } 
[6816] 2015/02/19 08:19:14.886 連線確認 E122828927 (21,21)
[6816] 2015/02/19 08:20:14.898 連線確認 E122828927 (21,21)
[6816] 2015/02/19 08:20:19.654 收到 Head 資訊 {Count 2} {Type B } 
[6816] 2015/02/19 08:21:14.913 連線確認 E122828927 (21,21)
[6816] 2015/02/19 08:22:14.926 連線確認 E122828927 (21,21)
[6816] 2015/02/19 08:23:14.940 連線確認 E122828927 (21,21)
[6816] 2015/02/19 08:24:14.953 連線確認 E122828927 (21,21)
[6816] 2015/02/19 08:24:58.441 收到 Head 資訊 {Count 2} {Type C } 
[6816] 2015/02/19 08:25:08.441 收到 Head 資訊 {Count 2} {Type C } 
[6816] 2015/02/19 08:25:14.967 連線確認 E122828927 (21,21)
[6816] 2015/02/19 08:25:20.664 收到 Head 資訊 {Count 2} {Type B } 
[6816] 2015/02/19 08:26:14.980 連線確認 E122828927 (21,21)
[6816] 2015/02/19 08:27:14.994 連線確認 E122828927 (21,21)
[6816] 2015/02/19 08:28:15.008 連線確認 E122828927 (21,21)
[6816] 2015/02/19 08:29:08.695 收到 Head 資訊 {Count 2} {Type C } 
[6816] 2015/02/19 08:29:15.020 連線確認 E122828927 (21,21)
[6816] 2015/02/19 08:29:18.693 收到 Head 資訊 {Count 2} {Type C } 
[6816] 2015/02/19 08:30:15.035 連線確認 E122828927 (21,21)
[6816] 2015/02/19 08:30:21.745 收到 Head 資訊 {Count 2} {Type B } 
[6816] 2015/02/19 08:31:15.062 連線確認 E122828927 (21,21)
[6816] 2015/02/19 08:32:15.062 連線確認 E122828927 (21,21)
[6816] 2015/02/19 08:33:15.076 連線確認 E122828927 (21,21)
[6816] 2015/02/19 08:33:18.711 收到 Head 資訊 {Count 2} {Type C } 
[6816] 2015/02/19 08:33:28.713 收到 Head 資訊 {Count 2} {Type C } 
[6816] 2015/02/19 08:34:15.089 連線確認 E122828927 (21,21)
[6816] 2015/02/19 08:34:48.631 收到 Head 資訊 {Count 2} {Type C } 
[6816] 2015/02/19 08:35:15.102 連線確認 E122828927 (21,21)
[6816] 2015/02/19 08:35:22.751 收到 Head 資訊 {Count 2} {Type B } 
[6816] 2015/02/19 08:36:15.116 連線確認 E122828927 (21,21)
[6816] 2015/02/19 08:37:15.130 連線確認 E122828927 (21,21)
[6816] 2015/02/19 08:38:15.143 連線確認 E122828927 (21,21)
[6816] 2015/02/19 08:39:08.644 收到 Head 資訊 {Count 2} {Type C } 
[6816] 2015/02/19 08:39:15.158 連線確認 E122828927 (21,21)
[6816] 2015/02/19 08:39:18.645 收到 Head 資訊 {Count 2} {Type C } 
[6816] 2015/02/19 08:40:15.171 連線確認 E122828927 (21,21)
[6816] 2015/02/19 08:40:23.759 收到 Head 資訊 {Count 2} {Type B } 
[6816] 2015/02/19 08:41:15.184 連線確認 E122828927 (21,21)
[6816] 2015/02/19 08:42:15.198 連線確認 E122828927 (21,21)
[6816] 2015/02/19 08:43:15.211 連線確認 E122828927 (21,21)
[6816] 2015/02/19 08:44:15.224 連線確認 E122828927 (21,21)
[6816] 2015/02/19 08:45:15.238 連線確認 E122828927 (21,21)
[6816] 2015/02/19 08:45:24.420 收到 Head 資訊 {Count 2} {Type B } 
[6816] 2015/02/19 08:45:28.316 收到 Head 資訊 {Count 2} {Type C } 
[6816] 2015/02/19 08:45:38.316 收到 Head 資訊 {Count 2} {Type C } 
[6816] 2015/02/19 08:46:15.251 連線確認 E122828927 (21,21)
[6816] 2015/02/19 08:47:15.267 連線確認 E122828927 (21,21)
[6816] 2015/02/19 08:48:15.279 連線確認 E122828927 (21,21)
[6816] 2015/02/19 08:49:08.528 收到 Head 資訊 {Count 2} {Type C } 
[6816] 2015/02/19 08:49:15.293 連線確認 E122828927 (21,21)
[6816] 2015/02/19 08:49:18.524 收到 Head 資訊 {Count 2} {Type C } 
[6816] 2015/02/19 08:50:15.307 連線確認 E122828927 (21,21)
[6816] 2015/02/19 08:50:25.435 收到 Head 資訊 {Count 2} {Type B } 
[6816] 2015/02/19 08:51:15.319 連線確認 E122828927 (21,21)
[6816] 2015/02/19 08:52:15.334 連線確認 E122828927 (21,21)
[6816] 2015/02/19 08:53:15.346 連線確認 E122828927 (21,21)
[6816] 2015/02/19 08:53:48.537 收到 Head 資訊 {Count 2} {Type C } 
[6816] 2015/02/19 08:53:58.539 收到 Head 資訊 {Count 2} {Type C } 
[6816] 2015/02/19 08:54:15.362 連線確認 E122828927 (21,21)
[6816] 2015/02/19 08:54:48.439 收到 Head 資訊 {Count 2} {Type C } 
[6816] 2015/02/19 08:54:58.440 收到 Head 資訊 {Count 2} {Type C } 
[6816] 2015/02/19 08:55:15.374 連線確認 E122828927 (21,21)
[6816] 2015/02/19 08:55:26.442 收到 Head 資訊 {Count 2} {Type B } 
[6816] 2015/02/19 08:56:16.501 連線確認 E122828927 (21,21)
[6816] 2015/02/19 08:57:16.510 連線確認 E122828927 (21,21)
[6816] 2015/02/19 08:58:16.522 連線確認 E122828927 (21,21)
[6816] 2015/02/19 08:59:16.536 連線確認 E122828927 (21,21)
[6816] 2015/02/19 08:59:48.573 收到 Head 資訊 {Count 2} {Type C } 
[6816] 2015/02/19 08:59:58.570 收到 Head 資訊 {Count 2} {Type C } 
[6816] 2015/02/19 09:00:16.549 連線確認 E122828927 (21,21)
[6816] 2015/02/19 09:00:27.566 收到 Head 資訊 {Count 2} {Type B } 
[6816] 2015/02/19 09:01:16.564 連線確認 E122828927 (21,21)
[6816] 2015/02/19 09:02:16.577 連線確認 E122828927 (21,21)
[6816] 2015/02/19 09:03:16.593 連線確認 E122828927 (21,21)
[6816] 2015/02/19 09:04:16.605 連線確認 E122828927 (21,21)
[6816] 2015/02/19 09:05:16.617 連線確認 E122828927 (21,21)
[6816] 2015/02/19 09:05:28.585 收到 Head 資訊 {Count 2} {Type B } 
[6816] 2015/02/19 09:06:08.589 收到 Head 資訊 {Count 2} {Type C } 
[6816] 2015/02/19 09:06:16.631 連線確認 E122828927 (21,21)
[6816] 2015/02/19 09:06:18.593 收到 Head 資訊 {Count 2} {Type C } 
[6816] 2015/02/19 09:07:16.645 連線確認 E122828927 (21,21)
[6816] 2015/02/19 09:08:16.659 連線確認 E122828927 (21,21)
[6816] 2015/02/19 09:08:48.819 收到 Head 資訊 {Count 2} {Type C } 
[6816] 2015/02/19 09:09:16.672 連線確認 E122828927 (21,21)
[6816] 2015/02/19 09:10:16.686 連線確認 E122828927 (21,21)
[6816] 2015/02/19 09:10:29.594 收到 Head 資訊 {Count 2} {Type B } 
[6816] 2015/02/19 09:11:16.700 連線確認 E122828927 (21,21)
[6816] 2015/02/19 09:12:16.713 連線確認 E122828927 (21,21)
[6816] 2015/02/19 09:13:16.726 連線確認 E122828927 (21,21)
[6816] 2015/02/19 09:13:58.926 收到 Head 資訊 {Count 2} {Type C } 
[6816] 2015/02/19 09:14:08.932 收到 Head 資訊 {Count 2} {Type C } 
[6816] 2015/02/19 09:14:16.740 連線確認 E122828927 (21,21)
[6816] 2015/02/19 09:14:48.799 收到 Head 資訊 {Count 2} {Type C } 
[6816] 2015/02/19 09:15:16.754 連線確認 E122828927 (21,21)
[6816] 2015/02/19 09:15:30.707 收到 Head 資訊 {Count 2} {Type B } 
[6816] 2015/02/19 09:16:16.767 連線確認 E122828927 (21,21)
[6816] 2015/02/19 09:17:16.781 連線確認 E122828927 (21,21)
[6816] 2015/02/19 09:18:16.794 連線確認 E122828927 (21,21)
[6816] 2015/02/19 09:19:16.808 連線確認 E122828927 (21,21)
[6816] 2015/02/19 09:20:08.809 收到 Head 資訊 {Count 2} {Type C } 
[6816] 2015/02/19 09:20:16.822 連線確認 E122828927 (21,21)
[6816] 2015/02/19 09:20:18.817 收到 Head 資訊 {Count 2} {Type C } 
[6816] 2015/02/19 09:20:31.710 收到 Head 資訊 {Count 2} {Type B } 
[6816] 2015/02/19 09:21:16.836 連線確認 E122828927 (21,21)
[6816] 2015/02/19 09:22:16.848 連線確認 E122828927 (21,21)
[6816] 2015/02/19 09:23:16.863 連線確認 E122828927 (21,21)
[6816] 2015/02/19 09:24:16.876 連線確認 E122828927 (21,21)
[6816] 2015/02/19 09:25:16.890 連線確認 E122828927 (21,21)
[6816] 2015/02/19 09:25:32.728 收到 Head 資訊 {Count 2} {Type B } 
[6816] 2015/02/19 09:26:16.905 連線確認 E122828927 (21,21)
[6816] 2015/02/19 09:26:28.829 收到 Head 資訊 {Count 2} {Type C } 
[6816] 2015/02/19 09:26:58.786 收到 Head 資訊 {Count 2} {Type C } 
[6816] 2015/02/19 09:27:16.916 連線確認 E122828927 (21,21)
[6816] 2015/02/19 09:28:16.931 連線確認 E122828927 (21,21)
[6816] 2015/02/19 09:28:18.380 收到 Head 資訊 {Count 2} {Type C } 
[6816] 2015/02/19 09:28:28.380 收到 Head 資訊 {Count 2} {Type C } 
[6816] 2015/02/19 09:28:38.381 收到 Head 資訊 {Count 2} {Type C } 
[6816] 2015/02/19 09:29:16.944 連線確認 E122828927 (21,21)
[6816] 2015/02/19 09:30:16.959 連線確認 E122828927 (21,21)
[6816] 2015/02/19 09:30:33.092 收到 Head 資訊 {Count 2} {Type B } 
[6816] 2015/02/19 09:31:16.971 連線確認 E122828927 (21,21)
[6816] 2015/02/19 09:32:16.984 連線確認 E122828927 (21,21)
[6816] 2015/02/19 09:32:19.389 收到 Head 資訊 {Count 2} {Type D } 
[6816] 2015/02/19 09:33:16.998 連線確認 E122828927 (21,21)
[6816] 2015/02/19 09:34:08.403 收到 Head 資訊 {Count 2} {Type C } 
[6816] 2015/02/19 09:34:17.012 連線確認 E122828927 (21,21)
[6816] 2015/02/19 09:34:18.402 收到 Head 資訊 {Count 2} {Type C } 
[6816] 2015/02/19 09:34:48.306 收到 Head 資訊 {Count 2} {Type C } 
[6816] 2015/02/19 09:34:58.312 收到 Head 資訊 {Count 2} {Type C } 
[6816] 2015/02/19 09:35:08.315 收到 Head 資訊 {Count 2} {Type C } 
[6816] 2015/02/19 09:35:17.026 連線確認 E122828927 (21,21)
[6816] 2015/02/19 09:35:34.101 收到 Head 資訊 {Count 2} {Type B } 
[6816] 2015/02/19 09:36:17.038 連線確認 E122828927 (21,21)
[6816] 2015/02/19 09:37:17.054 連線確認 E122828927 (21,21)
[6816] 2015/02/19 09:38:17.067 連線確認 E122828927 (21,21)
[6816] 2015/02/19 09:39:17.079 連線確認 E122828927 (21,21)
[6816] 2015/02/19 09:40:17.093 連線確認 E122828927 (21,21)
[6816] 2015/02/19 09:40:35.118 收到 Head 資訊 {Count 2} {Type B } 
[6816] 2015/02/19 09:41:08.333 收到 Head 資訊 {Count 2} {Type C } 
[6816] 2015/02/19 09:41:17.107 連線確認 E122828927 (21,21)
[6816] 2015/02/19 09:41:18.331 收到 Head 資訊 {Count 2} {Type C } 
[6816] 2015/02/19 09:42:17.120 連線確認 E122828927 (21,21)
[6816] 2015/02/19 09:43:17.135 連線確認 E122828927 (21,21)
[6816] 2015/02/19 09:44:17.147 連線確認 E122828927 (21,21)
[6816] 2015/02/19 09:45:17.163 連線確認 E122828927 (21,21)
[6816] 2015/02/19 09:45:36.372 收到 Head 資訊 {Count 2} {Type B } 
[6816] 2015/02/19 09:46:17.174 連線確認 E122828927 (21,21)
[6816] 2015/02/19 09:47:17.188 連線確認 E122828927 (21,21)
[6816] 2015/02/19 09:47:48.790 收到 Head 資訊 {Count 2} {Type C } 
[6816] 2015/02/19 09:48:17.202 連線確認 E122828927 (21,21)
[6816] 2015/02/19 09:49:17.215 連線確認 E122828927 (21,21)
[6816] 2015/02/19 09:50:17.229 連線確認 E122828927 (21,21)
[6816] 2015/02/19 09:50:37.380 收到 Head 資訊 {Count 2} {Type B } 
[6816] 2015/02/19 09:51:17.242 連線確認 E122828927 (21,21)
[6816] 2015/02/19 09:52:17.257 連線確認 E122828927 (21,21)
[6816] 2015/02/19 09:53:17.270 連線確認 E122828927 (21,21)
[6816] 2015/02/19 09:54:17.285 連線確認 E122828927 (21,21)
[6816] 2015/02/19 09:54:18.811 收到 Head 資訊 {Count 2} {Type C } 
[6816] 2015/02/19 09:54:28.816 收到 Head 資訊 {Count 2} {Type C } 
[6816] 2015/02/19 09:55:17.297 連線確認 E122828927 (21,21)
[6816] 2015/02/19 09:55:38.383 收到 Head 資訊 {Count 2} {Type B } 
[6816] 2015/02/19 09:56:17.310 連線確認 E122828927 (21,21)
[6816] 2015/02/19 09:57:18.501 連線確認 E122828927 (21,21)
[6816] 2015/02/19 09:58:18.509 連線確認 E122828927 (21,21)
[6816] 2015/02/19 09:59:18.522 連線確認 E122828927 (21,21)
[6816] 2015/02/19 10:00:18.537 連線確認 E122828927 (21,21)
[6816] 2015/02/19 10:00:39.627 收到 Head 資訊 {Count 2} {Type B } 
[6816] 2015/02/19 10:01:17.977 收到 Head 資訊 {Count 2} {Type C } 
[6816] 2015/02/19 10:01:18.548 連線確認 E122828927 (21,21)
[6816] 2015/02/19 10:01:27.978 收到 Head 資訊 {Count 2} {Type C } 
[6816] 2015/02/19 10:02:18.563 連線確認 E122828927 (21,21)
[6816] 2015/02/19 10:03:18.575 連線確認 E122828927 (21,21)
[6816] 2015/02/19 10:04:18.589 連線確認 E122828927 (21,21)
[6816] 2015/02/19 10:05:18.603 連線確認 E122828927 (21,21)
[6816] 2015/02/19 10:05:40.639 收到 Head 資訊 {Count 2} {Type B } 
[6816] 2015/02/19 10:06:18.618 連線確認 E122828927 (21,21)
[6816] 2015/02/19 10:07:18.631 連線確認 E122828927 (21,21)
[6816] 2015/02/19 10:08:18.643 連線確認 E122828927 (21,21)
[6816] 2015/02/19 10:09:18.657 連線確認 E122828927 (21,21)
[6816] 2015/02/19 10:10:18.671 連線確認 E122828927 (21,21)
[6816] 2015/02/19 10:10:41.645 收到 Head 資訊 {Count 2} {Type B } 
[6816] 2015/02/19 10:11:18.686 連線確認 E122828927 (21,21)
[6816] 2015/02/19 10:12:18.698 連線確認 E122828927 (21,21)
[6816] 2015/02/19 10:13:18.711 連線確認 E122828927 (21,21)
[6816] 2015/02/19 10:14:18.725 連線確認 E122828927 (21,21)
[6816] 2015/02/19 10:14:28.477 收到 Head 資訊 {Count 2} {Type C } 
[6816] 2015/02/19 10:14:38.476 收到 Head 資訊 {Count 2} {Type C } 
[6816] 2015/02/19 10:14:48.327 收到 Head 資訊 {Count 2} {Type C } 
[6816] 2015/02/19 10:15:18.739 連線確認 E122828927 (21,21)
[6816] 2015/02/19 10:15:42.888 收到 Head 資訊 {Count 2} {Type B } 
[6816] 2015/02/19 10:16:18.752 連線確認 E122828927 (21,21)
[6816] 2015/02/19 10:17:18.766 連線確認 E122828927 (21,21)
[6816] 2015/02/19 10:18:18.780 連線確認 E122828927 (21,21)
[6816] 2015/02/19 10:19:18.794 連線確認 E122828927 (21,21)
[6816] 2015/02/19 10:20:18.807 連線確認 E122828927 (21,21)
[6816] 2015/02/19 10:20:43.905 收到 Head 資訊 {Count 2} {Type B } 
[6816] 2015/02/19 10:21:18.820 連線確認 E122828927 (21,21)
[6816] 2015/02/19 10:21:28.356 收到 Head 資訊 {Count 2} {Type C } 
[6816] 2015/02/19 10:21:38.357 收到 Head 資訊 {Count 2} {Type C } 
[6816] 2015/02/19 10:22:18.835 連線確認 E122828927 (21,21)
[6816] 2015/02/19 10:23:18.847 連線確認 E122828927 (21,21)
[6816] 2015/02/19 10:24:18.862 連線確認 E122828927 (21,21)
[6816] 2015/02/19 10:25:18.874 連線確認 E122828927 (21,21)
[6816] 2015/02/19 10:25:44.916 收到 Head 資訊 {Count 2} {Type B } 
[6816] 2015/02/19 10:26:18.889 連線確認 E122828927 (21,21)
[6816] 2015/02/19 10:27:18.902 連線確認 E122828927 (21,21)
[6816] 2015/02/19 10:28:18.915 連線確認 E122828927 (21,21)
[6816] 2015/02/19 10:29:18.930 連線確認 E122828927 (21,21)
[6816] 2015/02/19 10:30:18.942 連線確認 E122828927 (21,21)
[6816] 2015/02/19 10:30:45.250 收到 Head 資訊 {Count 2} {Type B } 
[6816] 2015/02/19 10:31:18.956 連線確認 E122828927 (21,21)
[6816] 2015/02/19 10:32:17.886 收到 Head 資訊 {Count 2} {Type C } 
[6816] 2015/02/19 10:32:18.969 連線確認 E122828927 (21,21)
[6816] 2015/02/19 10:32:27.891 收到 Head 資訊 {Count 2} {Type C } 
[6816] 2015/02/19 10:33:18.983 連線確認 E122828927 (21,21)
[6816] 2015/02/19 10:34:18.998 連線確認 E122828927 (21,21)
[6816] 2015/02/19 10:35:19.011 連線確認 E122828927 (21,21)
[6816] 2015/02/19 10:35:46.267 收到 Head 資訊 {Count 2} {Type B } 
[6816] 2015/02/19 10:36:19.025 連線確認 E122828927 (21,21)
[6816] 2015/02/19 10:37:19.037 連線確認 E122828927 (21,21)
[6816] 2015/02/19 10:38:19.051 連線確認 E122828927 (21,21)
[6816] 2015/02/19 10:39:19.064 連線確認 E122828927 (21,21)
[6816] 2015/02/19 10:40:19.078 連線確認 E122828927 (21,21)
[6816] 2015/02/19 10:40:47.273 收到 Head 資訊 {Count 2} {Type B } 
[6816] 2015/02/19 10:41:19.093 連線確認 E122828927 (21,21)
[6816] 2015/02/19 10:42:19.105 連線確認 E122828927 (21,21)
[6816] 2015/02/19 10:43:19.118 連線確認 E122828927 (21,21)
[6816] 2015/02/19 10:44:19.134 連線確認 E122828927 (21,21)
[6816] 2015/02/19 10:45:19.146 連線確認 E122828927 (21,21)
[6816] 2015/02/19 10:45:48.041 收到 Head 資訊 {Count 2} {Type B } 
[6816] 2015/02/19 10:46:19.161 連線確認 E122828927 (21,21)
[6816] 2015/02/19 10:47:19.174 連線確認 E122828927 (21,21)
[6816] 2015/02/19 10:48:19.188 連線確認 E122828927 (21,21)
[6816] 2015/02/19 10:49:19.200 連線確認 E122828927 (21,21)
[6816] 2015/02/19 10:50:19.214 連線確認 E122828927 (21,21)
[6816] 2015/02/19 10:50:49.051 收到 Head 資訊 {Count 2} {Type B } 
[6816] 2015/02/19 10:51:19.228 連線確認 E122828927 (21,21)
[6816] 2015/02/19 10:52:19.241 連線確認 E122828927 (21,21)
[6816] 2015/02/19 10:53:19.255 連線確認 E122828927 (21,21)
[6816] 2015/02/19 10:54:19.268 連線確認 E122828927 (21,21)
[6816] 2015/02/19 10:54:47.690 收到 Head 資訊 {Count 2} {Type C } 
[6816] 2015/02/19 10:55:19.282 連線確認 E122828927 (21,21)
[6816] 2015/02/19 10:55:50.054 收到 Head 資訊 {Count 2} {Type B } 
[6816] 2015/02/19 10:56:19.297 連線確認 E122828927 (21,21)
[6816] 2015/02/19 10:57:19.309 連線確認 E122828927 (21,21)
[6816] 2015/02/19 10:58:19.323 連線確認 E122828927 (21,21)
[6816] 2015/02/19 10:58:51.365 收到 Head 資訊 {Count 2} {Type D } 
[6816] 2015/02/19 10:59:19.337 連線確認 E122828927 (21,21)
[6816] 2015/02/19 11:00:19.350 連線確認 E122828927 (21,21)
[6816] 2015/02/19 11:00:51.315 收到 Head 資訊 {Count 2} {Type B } 
[6816] 2015/02/19 11:01:19.364 連線確認 E122828927 (21,21)
[6816] 2015/02/19 11:01:37.955 收到 Head 資訊 {Count 2} {Type C } 
[6816] 2015/02/19 11:01:47.958 收到 Head 資訊 {Count 2} {Type C } 
[6816] 2015/02/19 11:02:19.377 連線確認 E122828927 (21,21)
[6816] 2015/02/19 11:03:19.391 連線確認 E122828927 (21,21)
[6816] 2015/02/19 11:04:19.404 連線確認 E122828927 (21,21)
[6816] 2015/02/19 11:05:19.418 連線確認 E122828927 (21,21)
[6816] 2015/02/19 11:05:52.325 收到 Head 資訊 {Count 2} {Type B } 
[6816] 2015/02/19 11:06:19.431 連線確認 E122828927 (21,21)
[6816] 2015/02/19 11:07:19.445 連線確認 E122828927 (21,21)
[6816] 2015/02/19 11:08:19.459 連線確認 E122828927 (21,21)
[6816] 2015/02/19 11:09:19.472 連線確認 E122828927 (21,21)
[6816] 2015/02/19 11:10:19.487 連線確認 E122828927 (21,21)
[6816] 2015/02/19 11:10:53.334 收到 Head 資訊 {Count 2} {Type B } 
[6816] 2015/02/19 11:11:19.500 連線確認 E122828927 (21,21)
[6816] 2015/02/19 11:12:19.513 連線確認 E122828927 (21,21)
[6816] 2015/02/19 11:13:19.527 連線確認 E122828927 (21,21)
[6816] 2015/02/19 11:14:19.540 連線確認 E122828927 (21,21)
[6816] 2015/02/19 11:14:47.862 收到 Head 資訊 {Count 2} {Type C } 
[6816] 2015/02/19 11:15:19.555 連線確認 E122828927 (21,21)
[6816] 2015/02/19 11:15:54.102 收到 Head 資訊 {Count 2} {Type B } 
[6816] 2015/02/19 11:16:19.567 連線確認 E122828927 (21,21)
[6816] 2015/02/19 11:17:19.581 連線確認 E122828927 (21,21)
[6816] 2015/02/19 11:18:19.594 連線確認 E122828927 (21,21)
[6816] 2015/02/19 11:19:19.609 連線確認 E122828927 (21,21)
[6816] 2015/02/19 11:20:19.623 連線確認 E122828927 (21,21)
[6816] 2015/02/19 11:20:55.112 收到 Head 資訊 {Count 2} {Type B } 
[6816] 2015/02/19 11:21:19.635 連線確認 E122828927 (21,21)
[6816] 2015/02/19 11:21:47.881 收到 Head 資訊 {Count 2} {Type C } 
[6816] 2015/02/19 11:21:57.882 收到 Head 資訊 {Count 2} {Type C } 
[6816] 2015/02/19 11:22:19.649 連線確認 E122828927 (21,21)
[6816] 2015/02/19 11:23:19.663 連線確認 E122828927 (21,21)
[6816] 2015/02/19 11:24:19.676 連線確認 E122828927 (21,21)
[6816] 2015/02/19 11:25:19.689 連線確認 E122828927 (21,21)
[6816] 2015/02/19 11:25:56.116 收到 Head 資訊 {Count 2} {Type B } 
[6816] 2015/02/19 11:26:19.703 連線確認 E122828927 (21,21)
[6816] 2015/02/19 11:27:19.718 連線確認 E122828927 (21,21)
[6816] 2015/02/19 11:28:19.730 連線確認 E122828927 (21,21)
[6816] 2015/02/19 11:29:19.744 連線確認 E122828927 (21,21)
[6816] 2015/02/19 11:30:19.759 連線確認 E122828927 (21,21)
[6816] 2015/02/19 11:30:57.335 收到 Head 資訊 {Count 2} {Type B } 
[6816] 2015/02/19 11:31:19.772 連線確認 E122828927 (21,21)
[6816] 2015/02/19 11:32:19.787 連線確認 E122828927 (21,21)
[6816] 2015/02/19 11:33:19.798 連線確認 E122828927 (21,21)
[6816] 2015/02/19 11:34:19.811 連線確認 E122828927 (21,21)
[6816] 2015/02/19 11:35:19.825 連線確認 E122828927 (21,21)
[6816] 2015/02/19 11:35:58.341 收到 Head 資訊 {Count 2} {Type B } 
[6816] 2015/02/19 11:36:19.839 連線確認 E122828927 (21,21)
[6816] 2015/02/19 11:37:19.854 連線確認 E122828927 (21,21)
[6816] 2015/02/19 11:38:19.866 連線確認 E122828927 (21,21)
[6816] 2015/02/19 11:39:19.881 連線確認 E122828927 (21,21)
[6816] 2015/02/19 11:40:19.894 連線確認 E122828927 (21,21)
[6816] 2015/02/19 11:40:59.349 收到 Head 資訊 {Count 2} {Type B } 
[6816] 2015/02/19 11:41:19.907 連線確認 E122828927 (21,21)
[6816] 2015/02/19 11:42:19.920 連線確認 E122828927 (21,21)
[6816] 2015/02/19 11:43:19.934 連線確認 E122828927 (21,21)
[6816] 2015/02/19 11:44:19.949 連線確認 E122828927 (21,21)
[6816] 2015/02/19 11:45:19.962 連線確認 E122828927 (21,21)
[6816] 2015/02/19 11:46:00.361 收到 Head 資訊 {Count 2} {Type B } 
[6816] 2015/02/19 11:46:19.975 連線確認 E122828927 (21,21)
[6816] 2015/02/19 11:47:19.988 連線確認 E122828927 (21,21)
[6816] 2015/02/19 11:48:20.003 連線確認 E122828927 (21,21)
[6816] 2015/02/19 11:49:20.016 連線確認 E122828927 (21,21)
[6816] 2015/02/19 11:50:20.029 連線確認 E122828927 (21,21)
[6816] 2015/02/19 11:51:05.964 收到 Head 資訊 {Count 2} {Type B } 
[6816] 2015/02/19 11:51:20.042 連線確認 E122828927 (21,21)
[6816] 2015/02/19 11:52:20.057 連線確認 E122828927 (21,21)
[6816] 2015/02/19 11:53:20.070 連線確認 E122828927 (21,21)
[6816] 2015/02/19 11:54:20.085 連線確認 E122828927 (21,21)
[6816] 2015/02/19 11:55:20.098 連線確認 E122828927 (21,21)
[6816] 2015/02/19 11:56:02.303 收到 Head 資訊 {Count 2} {Type B } 
[6816] 2015/02/19 11:56:20.112 連線確認 E122828927 (21,21)
[6816] 2015/02/19 11:57:20.124 連線確認 E122828927 (21,21)
[6816] 2015/02/19 11:58:20.138 連線確認 E122828927 (21,21)
[6816] 2015/02/19 11:59:20.151 連線確認 E122828927 (21,21)
[6816] 2015/02/19 12:00:20.165 連線確認 E122828927 (21,21)
[6816] 2015/02/19 12:01:03.317 收到 Head 資訊 {Count 2} {Type B } 
[6816] 2015/02/19 12:01:20.179 連線確認 E122828927 (21,21)
[6816] 2015/02/19 12:02:20.192 連線確認 E122828927 (21,21)
[6816] 2015/02/19 12:03:20.206 連線確認 E122828927 (21,21)
[6816] 2015/02/19 12:04:20.220 連線確認 E122828927 (21,21)
[6816] 2015/02/19 12:05:20.234 連線確認 E122828927 (21,21)
[6816] 2015/02/19 12:06:04.322 收到 Head 資訊 {Count 2} {Type B } 
[6816] 2015/02/19 12:06:20.247 連線確認 E122828927 (21,21)
[6816] 2015/02/19 12:07:20.261 連線確認 E122828927 (21,21)
[6816] 2015/02/19 12:08:20.274 連線確認 E122828927 (21,21)
[6816] 2015/02/19 12:09:20.287 連線確認 E122828927 (21,21)
[6816] 2015/02/19 12:10:20.300 連線確認 E122828927 (21,21)
[6816] 2015/02/19 12:11:05.675 收到 Head 資訊 {Count 2} {Type B } 
[6816] 2015/02/19 12:11:20.315 連線確認 E122828927 (21,21)
[6816] 2015/02/19 12:12:20.328 連線確認 E122828927 (21,21)
[6816] 2015/02/19 12:13:20.343 連線確認 E122828927 (21,21)
[6816] 2015/02/19 12:14:20.356 連線確認 E122828927 (21,21)
[6816] 2015/02/19 12:14:48.798 收到 Head 資訊 {Count 2} {Type C } 
[6816] 2015/02/19 12:15:20.370 連線確認 E122828927 (21,21)
[6816] 2015/02/19 12:16:06.686 收到 Head 資訊 {Count 2} {Type B } 
[6816] 2015/02/19 12:16:20.383 連線確認 E122828927 (21,21)
[6816] 2015/02/19 12:17:20.396 連線確認 E122828927 (21,21)
[6816] 2015/02/19 12:18:20.410 連線確認 E122828927 (21,21)
[6816] 2015/02/19 12:19:20.423 連線確認 E122828927 (21,21)
[6816] 2015/02/19 12:20:20.438 連線確認 E122828927 (21,21)
[6816] 2015/02/19 12:21:07.695 收到 Head 資訊 {Count 2} {Type B } 
[6816] 2015/02/19 12:21:20.451 連線確認 E122828927 (21,21)
[6816] 2015/02/19 12:21:58.374 收到 Head 資訊 {Count 2} {Type C } 
[6816] 2015/02/19 12:22:08.378 收到 Head 資訊 {Count 2} {Type C } 
[6816] 2015/02/19 12:22:20.464 連線確認 E122828927 (21,21)
[6816] 2015/02/19 12:23:20.478 連線確認 E122828927 (21,21)
[6816] 2015/02/19 12:24:20.491 連線確認 E122828927 (21,21)
[6816] 2015/02/19 12:25:20.505 連線確認 E122828927 (21,21)
[6816] 2015/02/19 12:26:08.261 收到 Head 資訊 {Count 2} {Type B } 
[6816] 2015/02/19 12:26:20.518 連線確認 E122828927 (21,21)
[6816] 2015/02/19 12:27:20.531 連線確認 E122828927 (21,21)
[6816] 2015/02/19 12:28:20.546 連線確認 E122828927 (21,21)
[6816] 2015/02/19 12:29:20.559 連線確認 E122828927 (21,21)
[6816] 2015/02/19 12:30:20.573 連線確認 E122828927 (21,21)
[6816] 2015/02/19 12:31:09.277 收到 Head 資訊 {Count 2} {Type B } 
[6816] 2015/02/19 12:31:20.588 連線確認 E122828927 (21,21)
[6816] 2015/02/19 12:32:20.601 連線確認 E122828927 (21,21)
[6816] 2015/02/19 12:33:20.613 連線確認 E122828927 (21,21)
[6816] 2015/02/19 12:34:20.626 連線確認 E122828927 (21,21)
[6816] 2015/02/19 12:35:20.641 連線確認 E122828927 (21,21)
[6816] 2015/02/19 12:36:10.280 收到 Head 資訊 {Count 2} {Type B } 
[6816] 2015/02/19 12:36:20.655 連線確認 E122828927 (21,21)
[6816] 2015/02/19 12:37:20.668 連線確認 E122828927 (21,21)
[6816] 2015/02/19 12:38:20.681 連線確認 E122828927 (21,21)
[6816] 2015/02/19 12:39:20.694 連線確認 E122828927 (21,21)
[6816] 2015/02/19 12:40:20.709 連線確認 E122828927 (21,21)
[6816] 2015/02/19 12:41:11.363 收到 Head 資訊 {Count 2} {Type B } 
[6816] 2015/02/19 12:41:20.722 連線確認 E122828927 (21,21)
[6816] 2015/02/19 12:42:20.736 連線確認 E122828927 (21,21)
[6816] 2015/02/19 12:43:20.750 連線確認 E122828927 (21,21)
[6816] 2015/02/19 12:44:20.762 連線確認 E122828927 (21,21)
[6816] 2015/02/19 12:45:20.776 連線確認 E122828927 (21,21)
[6816] 2015/02/19 12:46:12.368 收到 Head 資訊 {Count 2} {Type B } 
[6816] 2015/02/19 12:46:20.790 連線確認 E122828927 (21,21)
[6816] 2015/02/19 12:47:20.804 連線確認 E122828927 (21,21)
[6816] 2015/02/19 12:48:20.817 連線確認 E122828927 (21,21)
[6816] 2015/02/19 12:49:20.832 連線確認 E122828927 (21,21)
[6816] 2015/02/19 12:50:20.844 連線確認 E122828927 (21,21)
[6816] 2015/02/19 12:51:13.385 收到 Head 資訊 {Count 2} {Type B } 
[6816] 2015/02/19 12:51:20.857 連線確認 E122828927 (21,21)
[6816] 2015/02/19 12:52:20.871 連線確認 E122828927 (21,21)
[6816] 2015/02/19 12:53:20.886 連線確認 E122828927 (21,21)
[6816] 2015/02/19 12:54:20.899 連線確認 E122828927 (21,21)
[6816] 2015/02/19 12:55:20.912 連線確認 E122828927 (21,21)
[6816] 2015/02/19 12:56:15.022 收到 Head 資訊 {Count 2} {Type B } 
[6816] 2015/02/19 12:56:20.925 連線確認 E122828927 (21,21)
[6816] 2015/02/19 12:57:20.941 連線確認 E122828927 (21,21)
[6816] 2015/02/19 12:58:20.953 連線確認 E122828927 (21,21)
[6816] 2015/02/19 12:59:20.966 連線確認 E122828927 (21,21)
[6816] 2015/02/19 13:00:20.981 連線確認 E122828927 (21,21)
[6816] 2015/02/19 13:01:16.031 收到 Head 資訊 {Count 2} {Type B } 
[6816] 2015/02/19 13:01:20.993 連線確認 E122828927 (21,21)
[6816] 2015/02/19 13:02:21.007 連線確認 E122828927 (21,21)
[6816] 2015/02/19 13:03:21.021 連線確認 E122828927 (21,21)
[6816] 2015/02/19 13:04:21.035 連線確認 E122828927 (21,21)
[6816] 2015/02/19 13:05:21.049 連線確認 E122828927 (21,21)
[6816] 2015/02/19 13:06:17.038 收到 Head 資訊 {Count 2} {Type B } 
[6816] 2015/02/19 13:06:21.061 連線確認 E122828927 (21,21)
[6816] 2015/02/19 13:07:21.075 連線確認 E122828927 (21,21)
[6816] 2015/02/19 13:08:21.088 連線確認 E122828927 (21,21)
[6816] 2015/02/19 13:09:21.103 連線確認 E122828927 (21,21)
[6816] 2015/02/19 13:10:21.116 連線確認 E122828927 (21,21)
[6816] 2015/02/19 13:11:17.995 收到 Head 資訊 {Count 2} {Type B } 
[6816] 2015/02/19 13:11:21.129 連線確認 E122828927 (21,21)
[6816] 2015/02/19 13:11:58.531 收到 Head 資訊 {Count 2} {Type C } 
[6816] 2015/02/19 13:12:08.542 收到 Head 資訊 {Count 2} {Type C } 
[6816] 2015/02/19 13:12:21.144 連線確認 E122828927 (21,21)
[6816] 2015/02/19 13:13:21.157 連線確認 E122828927 (21,21)
[6816] 2015/02/19 13:14:21.170 連線確認 E122828927 (21,21)
[6816] 2015/02/19 13:15:21.185 連線確認 E122828927 (21,21)
[6816] 2015/02/19 13:16:19.009 收到 Head 資訊 {Count 2} {Type B } 
[6816] 2015/02/19 13:16:21.198 連線確認 E122828927 (21,21)
[6816] 2015/02/19 13:17:21.211 連線確認 E122828927 (21,21)
[6816] 2015/02/19 13:18:21.224 連線確認 E122828927 (21,21)
[6816] 2015/02/19 13:19:21.239 連線確認 E122828927 (21,21)
[6816] 2015/02/19 13:20:21.252 連線確認 E122828927 (21,21)
[6816] 2015/02/19 13:21:20.012 收到 Head 資訊 {Count 2} {Type B } 
[6816] 2015/02/19 13:21:21.266 連線確認 E122828927 (21,21)
[6816] 2015/02/19 13:22:21.279 連線確認 E122828927 (21,21)
[6816] 2015/02/19 13:23:21.913 連線確認 E122828927 (21,21)
[6816] 2015/02/19 13:24:21.307 連線確認 E122828927 (21,21)
[6816] 2015/02/19 13:25:21.320 連線確認 E122828927 (21,21)
[6816] 2015/02/19 13:26:20.352 收到 Head 資訊 {Count 2} {Type B } 
[6816] 2015/02/19 13:26:21.334 連線確認 E122828927 (21,21)
[6816] 2015/02/19 13:27:21.347 連線確認 E122828927 (21,21)
[6816] 2015/02/19 13:28:21.360 連線確認 E122828927 (21,21)
[6816] 2015/02/19 13:29:21.374 連線確認 E122828927 (21,21)
[6816] 2015/02/19 13:30:21.402 連線確認 E122828927 (21,21)
[6816] 2015/02/19 13:31:21.360 收到 Head 資訊 {Count 2} {Type B } 
[6816] 2015/02/19 13:31:21.401 連線確認 E122828927 (21,21)
[6816] 2015/02/19 13:32:21.414 連線確認 E122828927 (21,21)
[6816] 2015/02/19 13:33:21.430 連線確認 E122828927 (21,21)
[6816] 2015/02/19 13:34:21.443 連線確認 E122828927 (21,21)
[6816] 2015/02/19 13:35:21.455 連線確認 E122828927 (21,21)
[6816] 2015/02/19 13:36:21.470 連線確認 E122828927 (21,21)
[6816] 2015/02/19 13:36:22.376 收到 Head 資訊 {Count 2} {Type B } 
[6816] 2015/02/19 13:37:21.483 連線確認 E122828927 (21,21)
[6816] 2015/02/19 13:38:21.496 連線確認 E122828927 (21,21)
[6816] 2015/02/19 13:39:21.510 連線確認 E122828927 (21,21)
[6816] 2015/02/19 13:40:21.524 連線確認 E122828927 (21,21)
[6816] 2015/02/19 13:41:21.538 連線確認 E122828927 (21,21)
[6816] 2015/02/19 13:41:23.385 收到 Head 資訊 {Count 2} {Type B } 
[6816] 2015/02/19 13:42:21.552 連線確認 E122828927 (21,21)
[6816] 2015/02/19 13:43:21.564 連線確認 E122828927 (21,21)
[6816] 2015/02/19 13:44:21.578 連線確認 E122828927 (21,21)
[6816] 2015/02/19 13:45:21.591 連線確認 E122828927 (21,21)
[6816] 2015/02/19 13:46:21.606 連線確認 E122828927 (21,21)
[6816] 2015/02/19 13:46:24.399 收到 Head 資訊 {Count 2} {Type B } 
[6816] 2015/02/19 13:47:21.620 連線確認 E122828927 (21,21)
[6816] 2015/02/19 13:48:21.633 連線確認 E122828927 (21,21)
[6816] 2015/02/19 13:49:21.647 連線確認 E122828927 (21,21)
[6816] 2015/02/19 13:50:21.660 連線確認 E122828927 (21,21)
[6816] 2015/02/19 13:51:21.673 連線確認 E122828927 (21,21)
[6816] 2015/02/19 13:51:25.405 收到 Head 資訊 {Count 2} {Type B } 
[6816] 2015/02/19 13:52:21.686 連線確認 E122828927 (21,21)
[6816] 2015/02/19 13:53:21.701 連線確認 E122828927 (21,21)
[6816] 2015/02/19 13:54:21.715 連線確認 E122828927 (21,21)
[6816] 2015/02/19 13:55:21.727 連線確認 E122828927 (21,21)
[6816] 2015/02/19 13:56:21.741 連線確認 E122828927 (21,21)
[6816] 2015/02/19 13:56:26.412 收到 Head 資訊 {Count 2} {Type B } 
[6816] 2015/02/19 13:57:21.755 連線確認 E122828927 (21,21)
[6816] 2015/02/19 13:58:21.768 連線確認 E122828927 (21,21)
[6816] 2015/02/19 13:59:21.782 連線確認 E122828927 (21,21)
[6816] 2015/02/19 14:00:21.796 連線確認 E122828927 (21,21)
[6816] 2015/02/19 14:01:21.810 連線確認 E122828927 (21,21)
[6816] 2015/02/19 14:01:27.419 收到 Head 資訊 {Count 2} {Type B } 
[6816] 2015/02/19 14:02:21.822 連線確認 E122828927 (21,21)
[6816] 2015/02/19 14:03:21.836 連線確認 E122828927 (21,21)
[6816] 2015/02/19 14:04:21.849 連線確認 E122828927 (21,21)
[6816] 2015/02/19 14:05:21.863 連線確認 E122828927 (21,21)
[6816] 2015/02/19 14:06:21.876 連線確認 E122828927 (21,21)
[6816] 2015/02/19 14:06:28.336 收到 Head 資訊 {Count 2} {Type B } 
[6816] 2015/02/19 14:07:21.890 連線確認 E122828927 (21,21)
[6816] 2015/02/19 14:08:21.904 連線確認 E122828927 (21,21)
[6816] 2015/02/19 14:09:21.917 連線確認 E122828927 (21,21)
[6816] 2015/02/19 14:10:21.932 連線確認 E122828927 (21,21)
[6816] 2015/02/19 14:11:21.944 連線確認 E122828927 (21,21)
[6816] 2015/02/19 14:11:29.346 收到 Head 資訊 {Count 2} {Type B } 
[6816] 2015/02/19 14:12:21.959 連線確認 E122828927 (21,21)
[6816] 2015/02/19 14:13:21.972 連線確認 E122828927 (21,21)
[6816] 2015/02/19 14:14:21.986 連線確認 E122828927 (21,21)
[6816] 2015/02/19 14:14:46.164 收到 Head 資訊 {Count 2} {Type C } 
[6816] 2015/02/19 14:14:56.162 收到 Head 資訊 {Count 2} {Type C } 
[6816] 2015/02/19 14:15:06.156 收到 Head 資訊 {Count 2} {Type C } 
[6816] 2015/02/19 14:15:21.999 連線確認 E122828927 (21,21)
[3608] 2015/02/19 15:26:14.087 API InitInstance 
[3608] 2015/02/19 15:26:14.412 E122828927 連線 Code：0
[3608] 2015/02/19 15:26:15.421 收到 Head 資訊 {Count 2} {Type C } 
[3608] 2015/02/19 15:26:15.424 收到 Head 資訊 {Count 2} {Type C } 
[3608] 2015/02/19 15:26:15.426 收到 Head 資訊 {Count 2} {Type C } 
[3608] 2015/02/19 15:26:15.427 收到 Head 資訊 {Count 2} {Type C } 
[3608] 2015/02/19 15:26:15.429 收到 Head 資訊 {Count 2} {Type C } 
[3608] 2015/02/19 15:26:15.431 收到 Head 資訊 {Count 2} {Type C } 
[3608] 2015/02/19 15:26:15.432 收到 Head 資訊 {Count 2} {Type C } 
[3608] 2015/02/19 15:26:15.434 收到 Head 資訊 {Count 2} {Type C } 
[3608] 2015/02/19 15:26:15.435 收到 Head 資訊 {Count 2} {Type C } 
[3608] 2015/02/19 15:26:15.437 收到 Head 資訊 {Count 2} {Type C } 
[3608] 2015/02/19 15:26:15.438 收到 Head 資訊 {Count 2} {Type C } 
[3608] 2015/02/19 15:26:15.440 收到 Head 資訊 {Count 2} {Type C } 
[3608] 2015/02/19 15:26:15.442 收到 Head 資訊 {Count 2} {Type C } 
[3608] 2015/02/19 15:26:15.443 收到 Head 資訊 {Count 2} {Type C } 
[3608] 2015/02/19 15:26:15.445 收到 Head 資訊 {Count 2} {Type C } 
[3608] 2015/02/19 15:26:15.446 收到 Head 資訊 {Count 2} {Type C } 
[3608] 2015/02/19 15:26:15.448 收到 Head 資訊 {Count 2} {Type C } 
[3608] 2015/02/19 15:26:15.449 收到 Head 資訊 {Count 2} {Type C } 
[3608] 2015/02/19 15:26:15.451 收到 Head 資訊 {Count 2} {Type C } 
[3608] 2015/02/19 15:26:15.452 收到 Head 資訊 {Count 2} {Type C } 
[3608] 2015/02/19 15:26:15.454 收到 Head 資訊 {Count 2} {Type C } 
[3608] 2015/02/19 15:26:15.455 收到 Head 資訊 {Count 2} {Type C } 
[3608] 2015/02/19 15:26:15.457 收到 Head 資訊 {Count 2} {Type C } 
[3608] 2015/02/19 15:26:15.458 收到 Head 資訊 {Count 2} {Type C } 
[3608] 2015/02/19 15:26:15.460 收到 Head 資訊 {Count 2} {Type C } 
[3608] 2015/02/19 15:26:15.461 收到 Head 資訊 {Count 2} {Type C } 
[3608] 2015/02/19 15:26:15.463 收到 Head 資訊 {Count 2} {Type C } 
[3608] 2015/02/19 15:26:15.464 收到 Head 資訊 {Count 2} {Type C } 
[3608] 2015/02/19 15:26:15.466 收到 Head 資訊 {Count 2} {Type C } 
[3608] 2015/02/19 15:26:15.467 收到 Head 資訊 {Count 2} {Type C } 
[3608] 2015/02/19 15:26:15.469 收到 Head 資訊 {Count 2} {Type C } 
[3608] 2015/02/19 15:26:15.470 收到 Head 資訊 {Count 2} {Type C } 
[3608] 2015/02/19 15:26:15.472 收到 Head 資訊 {Count 2} {Type C } 
[3608] 2015/02/19 15:26:15.473 收到 Head 資訊 {Count 2} {Type C } 
[3608] 2015/02/19 15:26:15.475 收到 Head 資訊 {Count 2} {Type C } 
[3608] 2015/02/19 15:26:15.476 收到 Head 資訊 {Count 2} {Type C } 
[3608] 2015/02/19 15:26:15.478 收到 Head 資訊 {Count 2} {Type C } 
[3608] 2015/02/19 15:26:15.479 收到 Head 資訊 {Count 2} {Type C } 
[3608] 2015/02/19 15:26:15.481 收到 Head 資訊 {Count 2} {Type C } 
[3608] 2015/02/19 15:26:15.482 收到 Head 資訊 {Count 2} {Type C } 
[3608] 2015/02/19 15:26:15.484 收到 Head 資訊 {Count 2} {Type C } 
[3608] 2015/02/19 15:26:15.485 收到 Head 資訊 {Count 2} {Type C } 
[3608] 2015/02/19 15:26:15.487 收到 Head 資訊 {Count 2} {Type C } 
[3608] 2015/02/19 15:26:15.488 收到 Head 資訊 {Count 2} {Type C } 
[3608] 2015/02/19 15:26:15.490 收到 Head 資訊 {Count 2} {Type C } 
[3608] 2015/02/19 15:26:15.491 收到 Head 資訊 {Count 2} {Type C } 
[3608] 2015/02/19 15:26:15.493 收到 Head 資訊 {Count 2} {Type C } 
[3608] 2015/02/19 15:26:15.495 收到 Head 資訊 {Count 2} {Type C } 
[3608] 2015/02/19 15:26:15.496 收到 Head 資訊 {Count 2} {Type C } 
[3608] 2015/02/19 15:26:15.498 收到 Head 資訊 {Count 2} {Type C } 
[3608] 2015/02/19 15:26:15.499 收到 Head 資訊 {Count 2} {Type C } 
[3608] 2015/02/19 15:26:15.501 收到 Head 資訊 {Count 2} {Type C } 
[3608] 2015/02/19 15:26:15.502 收到 Head 資訊 {Count 2} {Type C } 
[3608] 2015/02/19 15:26:15.504 收到 Head 資訊 {Count 2} {Type C } 
[3608] 2015/02/19 15:26:15.505 收到 Head 資訊 {Count 2} {Type C } 
[3608] 2015/02/19 15:26:15.507 收到 Head 資訊 {Count 2} {Type C } 
[3608] 2015/02/19 15:26:15.508 收到 Head 資訊 {Count 2} {Type C } 
[3608] 2015/02/19 15:26:15.510 收到 Head 資訊 {Count 2} {Type C } 
[3608] 2015/02/19 15:26:15.511 收到 Head 資訊 {Count 2} {Type C } 
[3608] 2015/02/19 15:26:15.513 收到 Head 資訊 {Count 2} {Type C } 
[3608] 2015/02/19 15:26:15.515 收到 Head 資訊 {Count 2} {Type C } 
[3608] 2015/02/19 15:26:15.516 收到 Head 資訊 {Count 2} {Type C } 
[3608] 2015/02/19 15:26:15.518 收到 Head 資訊 {Count 2} {Type C } 
[3608] 2015/02/19 15:26:15.519 收到 Head 資訊 {Count 2} {Type C } 
[3608] 2015/02/19 15:26:15.521 收到 Head 資訊 {Count 2} {Type C } 
[3608] 2015/02/19 15:26:15.522 收到 Head 資訊 {Count 2} {Type C } 
[3608] 2015/02/19 15:26:15.524 收到 Head 資訊 {Count 2} {Type C } 
[3608] 2015/02/19 15:26:15.525 收到 Head 資訊 {Count 2} {Type C } 
[3608] 2015/02/19 15:26:15.527 收到 Head 資訊 {Count 2} {Type C } 
[3608] 2015/02/19 15:26:15.529 收到 Head 資訊 {Count 2} {Type C } 
[3608] 2015/02/19 15:26:15.530 收到 Head 資訊 {Count 2} {Type C } 
[3608] 2015/02/19 15:26:15.532 收到 Head 資訊 {Count 2} {Type C } 
[3608] 2015/02/19 15:26:15.533 收到 Head 資訊 {Count 2} {Type C } 
[3608] 2015/02/19 15:26:15.535 收到 Head 資訊 {Count 2} {Type C } 
[3608] 2015/02/19 15:26:15.536 收到 Head 資訊 {Count 2} {Type C } 
[3608] 2015/02/19 15:26:15.538 收到 Head 資訊 {Count 2} {Type C } 
[3608] 2015/02/19 15:26:15.539 收到 Head 資訊 {Count 2} {Type C } 
[3608] 2015/02/19 15:26:15.541 收到 Head 資訊 {Count 2} {Type C } 
[3608] 2015/02/19 15:26:15.542 收到 Head 資訊 {Count 2} {Type C } 
[3608] 2015/02/19 15:26:15.544 收到 Head 資訊 {Count 2} {Type C } 
[3608] 2015/02/19 15:26:15.546 收到 Head 資訊 {Count 2} {Type C } 
[3608] 2015/02/19 15:26:15.547 收到 Head 資訊 {Count 2} {Type C } 
[3608] 2015/02/19 15:26:15.549 收到 Head 資訊 {Count 2} {Type C } 
[3608] 2015/02/19 15:26:15.550 收到 Head 資訊 {Count 2} {Type D } 
[3608] 2015/02/19 15:26:15.552 收到 Head 資訊 {Count 2} {Type C } 
[3608] 2015/02/19 15:26:15.553 收到 Head 資訊 {Count 2} {Type C } 
[3608] 2015/02/19 15:26:15.555 收到 Head 資訊 {Count 2} {Type C } 
[3608] 2015/02/19 15:26:15.556 收到 Head 資訊 {Count 2} {Type C } 
[3608] 2015/02/19 15:26:15.558 收到 Head 資訊 {Count 2} {Type C } 
[3608] 2015/02/19 15:26:15.559 收到 Head 資訊 {Count 2} {Type C } 
[3608] 2015/02/19 15:26:15.561 收到 Head 資訊 {Count 2} {Type C } 
[3608] 2015/02/19 15:26:15.562 收到 Head 資訊 {Count 2} {Type C } 
[3608] 2015/02/19 15:26:15.564 收到 Head 資訊 {Count 2} {Type C } 
[3608] 2015/02/19 15:26:15.565 收到 Head 資訊 {Count 2} {Type C } 
[3608] 2015/02/19 15:26:15.567 收到 Head 資訊 {Count 2} {Type C } 
[3608] 2015/02/19 15:26:15.568 收到 Head 資訊 {Count 2} {Type C } 
[3608] 2015/02/19 15:26:15.570 收到 Head 資訊 {Count 2} {Type C } 
[3608] 2015/02/19 15:26:15.571 收到 Head 資訊 {Count 2} {Type C } 
[3608] 2015/02/19 15:26:15.573 收到 Head 資訊 {Count 2} {Type C } 
[3608] 2015/02/19 15:26:15.574 收到 Head 資訊 {Count 2} {Type C } 
[3608] 2015/02/19 15:26:15.576 收到 Head 資訊 {Count 2} {Type C } 
[3608] 2015/02/19 15:26:15.577 收到 Head 資訊 {Count 2} {Type C } 
[3608] 2015/02/19 15:26:15.579 收到 Head 資訊 {Count 2} {Type C } 
[3608] 2015/02/19 15:26:15.580 收到 Head 資訊 {Count 2} {Type C } 
[3608] 2015/02/19 15:26:15.582 收到 Head 資訊 {Count 2} {Type C } 
[3608] 2015/02/19 15:26:15.583 收到 Head 資訊 {Count 2} {Type C } 
[3608] 2015/02/19 15:26:15.585 收到 Head 資訊 {Count 2} {Type C } 
[3608] 2015/02/19 15:26:15.587 收到 Head 資訊 {Count 2} {Type C } 
[3608] 2015/02/19 15:26:15.588 收到 Head 資訊 {Count 2} {Type C } 
[3608] 2015/02/19 15:26:15.590 收到 Head 資訊 {Count 2} {Type C } 
[3608] 2015/02/19 15:26:15.591 收到 Head 資訊 {Count 2} {Type C } 
[3608] 2015/02/19 15:26:15.593 收到 Head 資訊 {Count 2} {Type C } 
[3608] 2015/02/19 15:26:15.594 收到 Head 資訊 {Count 2} {Type C } 
[3608] 2015/02/19 15:26:15.596 收到 Head 資訊 {Count 2} {Type C } 
[3608] 2015/02/19 15:26:15.597 收到 Head 資訊 {Count 2} {Type C } 
[3608] 2015/02/19 15:26:15.599 收到 Head 資訊 {Count 2} {Type C } 
[3608] 2015/02/19 15:26:15.600 收到 Head 資訊 {Count 2} {Type C } 
[3608] 2015/02/19 15:26:15.602 收到 Head 資訊 {Count 2} {Type C } 
[3608] 2015/02/19 15:26:15.604 收到 Head 資訊 {Count 2} {Type C } 
[3608] 2015/02/19 15:26:15.605 收到 Head 資訊 {Count 2} {Type C } 
[3608] 2015/02/19 15:26:15.607 收到 Head 資訊 {Count 2} {Type C } 
[3608] 2015/02/19 15:26:15.608 收到 Head 資訊 {Count 2} {Type C } 
[3608] 2015/02/19 15:26:15.610 收到 Head 資訊 {Count 2} {Type C } 
[3608] 2015/02/19 15:26:15.611 收到 Head 資訊 {Count 2} {Type C } 
[3608] 2015/02/19 15:26:15.613 收到 Head 資訊 {Count 2} {Type C } 
[3608] 2015/02/19 15:26:15.614 收到 Head 資訊 {Count 2} {Type C } 
[3608] 2015/02/19 15:26:15.616 收到 Head 資訊 {Count 2} {Type C } 
[3608] 2015/02/19 15:26:15.617 收到 Head 資訊 {Count 2} {Type C } 
[3608] 2015/02/19 15:26:15.619 收到 Head 資訊 {Count 2} {Type C } 
[3608] 2015/02/19 15:26:15.620 收到 Head 資訊 {Count 2} {Type C } 
[3608] 2015/02/19 15:26:15.622 收到 Head 資訊 {Count 2} {Type C } 
[3608] 2015/02/19 15:26:15.623 收到 Head 資訊 {Count 2} {Type C } 
[3608] 2015/02/19 15:26:15.625 收到 Head 資訊 {Count 2} {Type D } 
[3608] 2015/02/19 15:26:15.626 收到 Head 資訊 {Count 2} {Type C } 
[3608] 2015/02/19 15:26:15.628 收到 Head 資訊 {Count 2} {Type C } 
[3608] 2015/02/19 15:26:15.629 收到 Head 資訊 {Count 2} {Type C } 
[3608] 2015/02/19 15:26:15.631 收到 Head 資訊 {Count 2} {Type C } 
[3608] 2015/02/19 15:26:15.632 收到 Head 資訊 {Count 2} {Type C } 
[3608] 2015/02/19 15:26:15.634 收到 Head 資訊 {Count 2} {Type C } 
[3608] 2015/02/19 15:26:15.635 收到 Head 資訊 {Count 2} {Type C } 
[3608] 2015/02/19 15:26:15.637 收到 Head 資訊 {Count 2} {Type C } 
[3608] 2015/02/19 15:26:15.638 收到 Head 資訊 {Count 2} {Type C } 
[3608] 2015/02/19 15:26:15.640 收到 Head 資訊 {Count 2} {Type C } 
[3608] 2015/02/19 15:26:15.641 收到 Head 資訊 {Count 2} {Type C } 
[3608] 2015/02/19 15:26:15.643 收到 Head 資訊 {Count 2} {Type C } 
[3608] 2015/02/19 15:26:15.644 收到 Head 資訊 {Count 2} {Type C } 
[3608] 2015/02/19 15:26:15.646 收到 Head 資訊 {Count 2} {Type C } 
[3608] 2015/02/19 15:26:15.647 收到 Head 資訊 {Count 2} {Type C } 
[3608] 2015/02/19 15:26:15.649 收到 Head 資訊 {Count 2} {Type C } 
[3608] 2015/02/19 15:26:15.650 收到 Head 資訊 {Count 2} {Type C } 
[3608] 2015/02/19 15:26:15.652 收到 Head 資訊 {Count 2} {Type C } 
[3608] 2015/02/19 15:26:15.653 收到 Head 資訊 {Count 2} {Type C } 
[3608] 2015/02/19 15:26:15.655 收到 Head 資訊 {Count 2} {Type C } 
[3608] 2015/02/19 15:26:15.656 收到 Head 資訊 {Count 2} {Type C } 
[3608] 2015/02/19 15:26:15.658 收到 Head 資訊 {Count 2} {Type C } 
[3608] 2015/02/19 15:26:15.659 收到 Head 資訊 {Count 2} {Type C } 
[3608] 2015/02/19 15:26:15.661 收到 Head 資訊 {Count 2} {Type C } 
[3608] 2015/02/19 15:26:15.662 收到 Head 資訊 {Count 2} {Type C } 
[3608] 2015/02/19 15:26:15.664 收到 Head 資訊 {Count 2} {Type D } 
[3608] 2015/02/19 15:26:15.666 收到 Head 資訊 {Count 2} {Type C } 
[3608] 2015/02/19 15:26:15.667 收到 Head 資訊 {Count 2} {Type C } 
[3608] 2015/02/19 15:26:15.669 收到 Head 資訊 {Count 2} {Type C } 
[3608] 2015/02/19 15:26:15.671 收到 Head 資訊 {Count 2} {Type C } 
[3608] 2015/02/19 15:26:15.672 收到 Head 資訊 {Count 2} {Type C } 
[3608] 2015/02/19 15:26:15.674 收到 Head 資訊 {Count 2} {Type C } 
[3608] 2015/02/19 15:26:15.675 收到 Head 資訊 {Count 2} {Type C } 
[3608] 2015/02/19 15:26:15.677 收到 Head 資訊 {Count 2} {Type C } 
[3608] 2015/02/19 15:26:15.679 收到 Head 資訊 {Count 2} {Type C } 
[3608] 2015/02/19 15:26:15.680 收到 Head 資訊 {Count 2} {Type C } 
[3608] 2015/02/19 15:26:15.682 收到 Head 資訊 {Count 2} {Type C } 
[3608] 2015/02/19 15:26:15.683 收到 Head 資訊 {Count 2} {Type C } 
[3608] 2015/02/19 15:26:15.685 收到 Head 資訊 {Count 2} {Type C } 
[3608] 2015/02/19 15:26:15.686 收到 Head 資訊 {Count 2} {Type C } 
[3608] 2015/02/19 15:26:15.688 收到 Head 資訊 {Count 2} {Type C } 
[3608] 2015/02/19 15:26:15.689 收到 Head 資訊 {Count 2} {Type C } 
[3608] 2015/02/19 15:26:15.691 收到 Head 資訊 {Count 2} {Type C } 
[3608] 2015/02/19 15:26:15.692 收到 Head 資訊 {Count 2} {Type B } 
[3608] 2015/02/19 15:27:14.381 連線確認 E122828927 (21,21)
[3608] 2015/02/19 15:28:14.396 連線確認 E122828927 (21,21)
[3608] 2015/02/19 15:28:26.529 收到 Head 資訊 {Count 2} {Type D } 
[3608] 2015/02/19 15:29:14.408 連線確認 E122828927 (21,21)
[3608] 2015/02/19 15:30:14.423 連線確認 E122828927 (21,21)
[3608] 2015/02/19 15:31:14.437 連線確認 E122828927 (21,21)
[3608] 2015/02/19 15:31:14.907 收到 Head 資訊 {Count 2} {Type B } 
[3608] 2015/02/19 15:32:14.449 連線確認 E122828927 (21,21)
[3608] 2015/02/19 15:33:14.463 連線確認 E122828927 (21,21)
[3608] 2015/02/19 15:34:14.477 連線確認 E122828927 (21,21)
[3608] 2015/02/19 15:35:14.490 連線確認 E122828927 (21,21)
[3608] 2015/02/19 15:36:14.504 連線確認 E122828927 (21,21)
[3608] 2015/02/19 15:36:16.475 收到 Head 資訊 {Count 2} {Type B } 
[3608] 2015/02/19 15:37:14.518 連線確認 E122828927 (21,21)
[3608] 2015/02/19 15:38:14.532 連線確認 E122828927 (21,21)
[3608] 2015/02/19 15:39:14.545 連線確認 E122828927 (21,21)
[3608] 2015/02/19 15:40:14.558 連線確認 E122828927 (21,21)
[3608] 2015/02/19 15:41:14.573 連線確認 E122828927 (21,21)
[3608] 2015/02/19 15:41:17.471 收到 Head 資訊 {Count 2} {Type B } 
[3608] 2015/02/19 15:42:14.585 連線確認 E122828927 (21,21)
[3608] 2015/02/19 15:43:14.600 連線確認 E122828927 (21,21)
[3608] 2015/02/19 15:44:14.612 連線確認 E122828927 (21,21)
[3608] 2015/02/19 15:45:14.627 連線確認 E122828927 (21,21)
[3608] 2015/02/19 15:46:14.639 連線確認 E122828927 (21,21)
[3608] 2015/02/19 15:46:18.467 收到 Head 資訊 {Count 2} {Type B } 
[3608] 2015/02/19 15:47:14.652 連線確認 E122828927 (21,21)
[3608] 2015/02/19 15:48:14.667 連線確認 E122828927 (21,21)
[3608] 2015/02/19 15:49:14.680 連線確認 E122828927 (21,21)
[3608] 2015/02/19 15:50:14.694 連線確認 E122828927 (21,21)
[3608] 2015/02/19 15:51:14.707 連線確認 E122828927 (21,21)
[3608] 2015/02/19 15:51:19.581 收到 Head 資訊 {Count 2} {Type B } 
[3608] 2015/02/19 15:52:14.722 連線確認 E122828927 (21,21)
[3608] 2015/02/19 15:53:14.735 連線確認 E122828927 (21,21)
[3608] 2015/02/19 15:54:14.748 連線確認 E122828927 (21,21)
[3608] 2015/02/19 15:55:14.763 連線確認 E122828927 (21,21)
[3608] 2015/02/19 15:56:14.775 連線確認 E122828927 (21,21)
[3608] 2015/02/19 15:56:20.577 收到 Head 資訊 {Count 2} {Type B } 
[3608] 2015/02/19 15:57:14.788 連線確認 E122828927 (21,21)
[3608] 2015/02/19 15:58:14.802 連線確認 E122828927 (21,21)
[3608] 2015/02/19 15:59:14.816 連線確認 E122828927 (21,21)
[3608] 2015/02/19 16:00:14.830 連線確認 E122828927 (21,21)
[3608] 2015/02/19 16:01:14.843 連線確認 E122828927 (21,21)
[3608] 2015/02/19 16:01:21.574 收到 Head 資訊 {Count 2} {Type B } 
[3608] 2015/02/19 16:02:14.858 連線確認 E122828927 (21,21)
[3608] 2015/02/19 16:03:14.870 連線確認 E122828927 (21,21)
[3608] 2015/02/19 16:04:14.884 連線確認 E122828927 (21,21)
[3608] 2015/02/19 16:05:14.898 連線確認 E122828927 (21,21)
[3608] 2015/02/19 16:06:14.911 連線確認 E122828927 (21,21)
[3608] 2015/02/19 16:06:22.571 收到 Head 資訊 {Count 2} {Type B } 
[3608] 2015/02/19 16:07:14.925 連線確認 E122828927 (21,21)
[3608] 2015/02/19 16:08:14.938 連線確認 E122828927 (21,21)
[3608] 2015/02/19 16:09:14.952 連線確認 E122828927 (21,21)
[3608] 2015/02/19 16:10:14.965 連線確認 E122828927 (21,21)
[3608] 2015/02/19 16:11:14.978 連線確認 E122828927 (21,21)
[3608] 2015/02/19 16:11:23.567 收到 Head 資訊 {Count 2} {Type B } 
[3608] 2015/02/19 16:12:14.994 連線確認 E122828927 (21,21)
[3608] 2015/02/19 16:13:15.006 連線確認 E122828927 (21,21)
[3608] 2015/02/19 16:14:15.021 連線確認 E122828927 (21,21)
[3608] 2015/02/19 16:14:46.041 收到 Head 資訊 {Count 2} {Type C } 
[3608] 2015/02/19 16:15:15.033 連線確認 E122828927 (21,21)
[3608] 2015/02/19 16:16:15.047 連線確認 E122828927 (21,21)
[3608] 2015/02/19 16:16:23.919 收到 Head 資訊 {Count 2} {Type B } 
[3608] 2015/02/19 16:17:15.060 連線確認 E122828927 (21,21)
[3608] 2015/02/19 16:18:15.074 連線確認 E122828927 (21,21)
[3608] 2015/02/19 16:19:15.089 連線確認 E122828927 (21,21)
[3608] 2015/02/19 16:20:15.102 連線確認 E122828927 (21,21)
[3608] 2015/02/19 16:21:15.115 連線確認 E122828927 (21,21)
[3608] 2015/02/19 16:21:24.915 收到 Head 資訊 {Count 2} {Type B } 
[3608] 2015/02/19 16:22:15.129 連線確認 E122828927 (21,21)
[3608] 2015/02/19 16:22:36.075 收到 Head 資訊 {Count 2} {Type C } 
[3608] 2015/02/19 16:22:46.074 收到 Head 資訊 {Count 2} {Type C } 
[3608] 2015/02/19 16:23:15.156 連線確認 E122828927 (21,21)
[3608] 2015/02/19 16:24:15.155 連線確認 E122828927 (21,21)
[3608] 2015/02/19 16:25:15.169 連線確認 E122828927 (21,21)
[3608] 2015/02/19 16:26:15.184 連線確認 E122828927 (21,21)
[3608] 2015/02/19 16:26:25.913 收到 Head 資訊 {Count 2} {Type B } 
[3608] 2015/02/19 16:27:15.196 連線確認 E122828927 (21,21)
[3608] 2015/02/19 16:28:15.209 連線確認 E122828927 (21,21)
[3608] 2015/02/19 16:29:15.224 連線確認 E122828927 (21,21)
[3608] 2015/02/19 16:30:15.237 連線確認 E122828927 (21,21)
[3608] 2015/02/19 16:31:15.251 連線確認 E122828927 (21,21)
[3608] 2015/02/19 16:31:27.517 收到 Head 資訊 {Count 2} {Type B } 
[3608] 2015/02/19 16:32:15.264 連線確認 E122828927 (21,21)
[3608] 2015/02/19 16:33:15.278 連線確認 E122828927 (21,21)
[3608] 2015/02/19 16:34:15.291 連線確認 E122828927 (21,21)
[3608] 2015/02/19 16:35:15.306 連線確認 E122828927 (21,21)
[3608] 2015/02/19 16:36:15.319 連線確認 E122828927 (21,21)
[3608] 2015/02/19 16:36:28.514 收到 Head 資訊 {Count 2} {Type B } 
[3608] 2015/02/19 16:37:15.332 連線確認 E122828927 (21,21)
[3608] 2015/02/19 16:38:15.347 連線確認 E122828927 (21,21)
[3608] 2015/02/19 16:39:15.360 連線確認 E122828927 (21,21)
[3608] 2015/02/19 16:40:15.374 連線確認 E122828927 (21,21)
[3608] 2015/02/19 16:41:15.387 連線確認 E122828927 (21,21)
[3608] 2015/02/19 16:41:29.510 收到 Head 資訊 {Count 2} {Type B } 
[3608] 2015/02/19 16:42:15.400 連線確認 E122828927 (21,21)
[3608] 2015/02/19 16:43:15.414 連線確認 E122828927 (21,21)
[3608] 2015/02/19 16:44:15.427 連線確認 E122828927 (21,21)
[3608] 2015/02/19 16:44:46.895 收到 Head 資訊 {Count 2} {Type C } 
[3608] 2015/02/19 16:45:15.441 連線確認 E122828927 (21,21)
[3608] 2015/02/19 16:46:15.455 連線確認 E122828927 (21,21)
[3608] 2015/02/19 16:46:30.393 收到 Head 資訊 {Count 2} {Type B } 
[3608] 2015/02/19 16:47:15.468 連線確認 E122828927 (21,21)
[3608] 2015/02/19 16:48:15.483 連線確認 E122828927 (21,21)
[3608] 2015/02/19 16:49:15.496 連線確認 E122828927 (21,21)
[3608] 2015/02/19 16:50:15.510 連線確認 E122828927 (21,21)
[3608] 2015/02/19 16:51:15.522 連線確認 E122828927 (21,21)
[3608] 2015/02/19 16:51:31.390 收到 Head 資訊 {Count 2} {Type B } 
[3608] 2015/02/19 16:52:15.537 連線確認 E122828927 (21,21)
[3608] 2015/02/19 16:52:46.908 收到 Head 資訊 {Count 2} {Type C } 
[3608] 2015/02/19 16:52:56.908 收到 Head 資訊 {Count 2} {Type C } 
[3608] 2015/02/19 16:53:15.550 連線確認 E122828927 (21,21)
[3608] 2015/02/19 16:54:15.563 連線確認 E122828927 (21,21)
[3608] 2015/02/19 16:55:15.577 連線確認 E122828927 (21,21)
[3608] 2015/02/19 16:56:15.591 連線確認 E122828927 (21,21)
[3608] 2015/02/19 16:56:32.385 收到 Head 資訊 {Count 2} {Type B } 
[3608] 2015/02/19 16:57:18.517 連線確認 E122828927 (21,21)
[3608] 2015/02/19 16:58:18.503 連線確認 E122828927 (21,21)
[3608] 2015/02/19 16:59:18.517 連線確認 E122828927 (21,21)
[3608] 2015/02/19 17:00:18.532 連線確認 E122828927 (21,21)
[3608] 2015/02/19 17:01:18.544 連線確認 E122828927 (21,21)
[3608] 2015/02/19 17:01:32.808 收到 Head 資訊 {Count 2} {Type B } 
[3608] 2015/02/19 17:02:18.559 連線確認 E122828927 (21,21)
[3608] 2015/02/19 17:02:56.547 收到 Head 資訊 {Count 2} {Type C } 
[3608] 2015/02/19 17:03:06.546 收到 Head 資訊 {Count 2} {Type C } 
[3608] 2015/02/19 17:03:18.571 連線確認 E122828927 (21,21)
[3608] 2015/02/19 17:04:18.585 連線確認 E122828927 (21,21)
[3608] 2015/02/19 17:05:06.724 收到 Head 資訊 {Count 2} {Type C } 
[3608] 2015/02/19 17:05:16.726 收到 Head 資訊 {Count 2} {Type C } 
[3608] 2015/02/19 17:05:18.600 連線確認 E122828927 (21,21)
[3608] 2015/02/19 17:06:18.612 連線確認 E122828927 (21,21)
[3608] 2015/02/19 17:06:33.804 收到 Head 資訊 {Count 2} {Type B } 
[3608] 2015/02/19 17:07:18.626 連線確認 E122828927 (21,21)
[3608] 2015/02/19 17:08:18.652 連線確認 E122828927 (21,21)
[3608] 2015/02/19 17:09:18.654 連線確認 E122828927 (21,21)
[3608] 2015/02/19 17:10:18.667 連線確認 E122828927 (21,21)
[3608] 2015/02/19 17:11:18.681 連線確認 E122828927 (21,21)
[3608] 2015/02/19 17:11:34.800 收到 Head 資訊 {Count 2} {Type B } 
[3608] 2015/02/19 17:12:18.695 連線確認 E122828927 (21,21)
[3608] 2015/02/19 17:13:18.708 連線確認 E122828927 (21,21)
[3608] 2015/02/19 17:13:26.671 收到 Head 資訊 {Count 2} {Type C } 
[3608] 2015/02/19 17:13:36.668 收到 Head 資訊 {Count 2} {Type C } 
[3608] 2015/02/19 17:14:18.721 連線確認 E122828927 (21,21)
[3608] 2015/02/19 17:15:18.735 連線確認 E122828927 (21,21)
[3608] 2015/02/19 17:16:18.748 連線確認 E122828927 (21,21)
[3608] 2015/02/19 17:16:35.725 收到 Head 資訊 {Count 2} {Type B } 
[3608] 2015/02/19 17:17:18.762 連線確認 E122828927 (21,21)
[3608] 2015/02/19 17:18:18.775 連線確認 E122828927 (21,21)
[3608] 2015/02/19 17:19:18.790 連線確認 E122828927 (21,21)
[3608] 2015/02/19 17:20:18.809 連線確認 E122828927 (21,21)
[3608] 2015/02/19 17:21:18.817 連線確認 E122828927 (21,21)
[3608] 2015/02/19 17:21:36.722 收到 Head 資訊 {Count 2} {Type B } 
[3608] 2015/02/19 17:22:18.829 連線確認 E122828927 (21,21)
[3608] 2015/02/19 17:22:46.882 收到 Head 資訊 {Count 2} {Type C } 
[3608] 2015/02/19 17:23:18.843 連線確認 E122828927 (21,21)
[3608] 2015/02/19 17:23:36.880 收到 Head 資訊 {Count 2} {Type C } 
[3608] 2015/02/19 17:23:46.880 收到 Head 資訊 {Count 2} {Type C } 
[3608] 2015/02/19 17:24:18.857 連線確認 E122828927 (21,21)
[3608] 2015/02/19 17:25:18.870 連線確認 E122828927 (21,21)
[3608] 2015/02/19 17:26:18.886 連線確認 E122828927 (21,21)
[3608] 2015/02/19 17:26:34.998 收到 Head 資訊 {Count 2} {Type D } 
[3608] 2015/02/19 17:26:37.718 收到 Head 資訊 {Count 2} {Type B } 
[3608] 2015/02/19 17:27:18.897 連線確認 E122828927 (21,21)
[3608] 2015/02/19 17:28:18.911 連線確認 E122828927 (21,21)
[3608] 2015/02/19 17:29:18.925 連線確認 E122828927 (21,21)
[3608] 2015/02/19 17:30:18.938 連線確認 E122828927 (21,21)
[3608] 2015/02/19 17:31:18.951 連線確認 E122828927 (21,21)
[3608] 2015/02/19 17:31:39.288 收到 Head 資訊 {Count 2} {Type B } 
[3608] 2015/02/19 17:32:18.966 連線確認 E122828927 (21,21)
[3608] 2015/02/19 17:33:18.979 連線確認 E122828927 (21,21)
[3608] 2015/02/19 17:33:37.645 收到 Head 資訊 {Count 2} {Type C } 
[3608] 2015/02/19 17:33:47.646 收到 Head 資訊 {Count 2} {Type C } 
[3608] 2015/02/19 17:34:18.994 連線確認 E122828927 (21,21)
[3608] 2015/02/19 17:35:19.007 連線確認 E122828927 (21,21)
[3608] 2015/02/19 17:36:19.020 連線確認 E122828927 (21,21)
[3608] 2015/02/19 17:36:40.283 收到 Head 資訊 {Count 2} {Type B } 
[3608] 2015/02/19 17:37:19.033 連線確認 E122828927 (21,21)
[3608] 2015/02/19 17:38:19.048 連線確認 E122828927 (21,21)
[3608] 2015/02/19 17:39:19.061 連線確認 E122828927 (21,21)
[3608] 2015/02/19 17:40:19.076 連線確認 E122828927 (21,21)
[3608] 2015/02/19 17:41:19.089 連線確認 E122828927 (21,21)
[3608] 2015/02/19 17:41:41.280 收到 Head 資訊 {Count 2} {Type B } 
[3608] 2015/02/19 17:42:19.101 連線確認 E122828927 (21,21)
[3608] 2015/02/19 17:43:19.115 連線確認 E122828927 (21,21)
[3608] 2015/02/19 17:43:37.832 收到 Head 資訊 {Count 2} {Type C } 
[3608] 2015/02/19 17:43:47.832 收到 Head 資訊 {Count 2} {Type C } 
[3608] 2015/02/19 17:44:19.128 連線確認 E122828927 (21,21)
[3608] 2015/02/19 17:45:19.143 連線確認 E122828927 (21,21)
[3608] 2015/02/19 17:46:19.156 連線確認 E122828927 (21,21)
[3608] 2015/02/19 17:46:42.250 收到 Head 資訊 {Count 2} {Type B } 
[3608] 2015/02/19 17:47:19.169 連線確認 E122828927 (21,21)
[3608] 2015/02/19 17:48:19.183 連線確認 E122828927 (21,21)
[3608] 2015/02/19 17:49:19.197 連線確認 E122828927 (21,21)
[3608] 2015/02/19 17:50:19.210 連線確認 E122828927 (21,21)
[3608] 2015/02/19 17:51:19.226 連線確認 E122828927 (21,21)
[3608] 2015/02/19 17:51:43.246 收到 Head 資訊 {Count 2} {Type B } 
[3608] 2015/02/19 17:52:19.237 連線確認 E122828927 (21,21)
[3608] 2015/02/19 17:53:19.251 連線確認 E122828927 (21,21)
[3608] 2015/02/19 17:53:38.025 收到 Head 資訊 {Count 2} {Type C } 
[3608] 2015/02/19 17:53:48.024 收到 Head 資訊 {Count 2} {Type C } 
[3608] 2015/02/19 17:54:19.264 連線確認 E122828927 (21,21)
[3608] 2015/02/19 17:55:18.184 收到 Head 資訊 {Count 2} {Type C } 
[3608] 2015/02/19 17:55:19.278 連線確認 E122828927 (21,21)
[3608] 2015/02/19 17:56:19.292 連線確認 E122828927 (21,21)
[3608] 2015/02/19 17:56:44.243 收到 Head 資訊 {Count 2} {Type B } 
[3608] 2015/02/19 17:57:19.305 連線確認 E122828927 (21,21)
[3608] 2015/02/19 17:58:19.559 連線確認 E122828927 (21,21)
[3608] 2015/02/19 17:59:19.505 連線確認 E122828927 (21,21)
[3608] 2015/02/19 18:00:19.517 連線確認 E122828927 (21,21)
[3608] 2015/02/19 18:01:19.531 連線確認 E122828927 (21,21)
[3608] 2015/02/19 18:01:44.609 收到 Head 資訊 {Count 2} {Type B } 
[3608] 2015/02/19 18:02:19.545 連線確認 E122828927 (21,21)
[3608] 2015/02/19 18:03:19.558 連線確認 E122828927 (21,21)
[3608] 2015/02/19 18:03:47.587 收到 Head 資訊 {Count 2} {Type C } 
[3608] 2015/02/19 18:03:57.587 收到 Head 資訊 {Count 2} {Type C } 
[3608] 2015/02/19 18:04:19.572 連線確認 E122828927 (21,21)
[3608] 2015/02/19 18:05:19.586 連線確認 E122828927 (21,21)
[3608] 2015/02/19 18:06:19.600 連線確認 E122828927 (21,21)
[3608] 2015/02/19 18:06:45.605 收到 Head 資訊 {Count 2} {Type B } 
[3608] 2015/02/19 18:07:19.612 連線確認 E122828927 (21,21)
[3608] 2015/02/19 18:08:19.627 連線確認 E122828927 (21,21)
[3608] 2015/02/19 18:09:19.640 連線確認 E122828927 (21,21)
[3608] 2015/02/19 18:10:19.653 連線確認 E122828927 (21,21)
[3608] 2015/02/19 18:11:19.667 連線確認 E122828927 (21,21)
[3608] 2015/02/19 18:11:46.602 收到 Head 資訊 {Count 2} {Type B } 
[3608] 2015/02/19 18:12:19.681 連線確認 E122828927 (21,21)
[3608] 2015/02/19 18:12:57.781 收到 Head 資訊 {Count 2} {Type C } 
[3608] 2015/02/19 18:13:19.695 連線確認 E122828927 (21,21)
[3608] 2015/02/19 18:13:47.759 收到 Head 資訊 {Count 2} {Type C } 
[3608] 2015/02/19 18:13:57.759 收到 Head 資訊 {Count 2} {Type C } 
[3608] 2015/02/19 18:14:19.708 連線確認 E122828927 (21,21)
[3608] 2015/02/19 18:15:17.918 收到 Head 資訊 {Count 2} {Type C } 
[3608] 2015/02/19 18:15:19.722 連線確認 E122828927 (21,21)
[3608] 2015/02/19 18:15:27.918 收到 Head 資訊 {Count 2} {Type C } 
[3608] 2015/02/19 18:16:19.736 連線確認 E122828927 (21,21)
[3608] 2015/02/19 18:16:47.557 收到 Head 資訊 {Count 2} {Type B } 
[3608] 2015/02/19 18:17:19.748 連線確認 E122828927 (21,21)
[3608] 2015/02/19 18:18:19.762 連線確認 E122828927 (21,21)
[3608] 2015/02/19 18:19:19.775 連線確認 E122828927 (21,21)
[3608] 2015/02/19 18:20:19.789 連線確認 E122828927 (21,21)
[3608] 2015/02/19 18:21:19.803 連線確認 E122828927 (21,21)
[3608] 2015/02/19 18:21:48.553 收到 Head 資訊 {Count 2} {Type B } 
[3608] 2015/02/19 18:22:19.817 連線確認 E122828927 (21,21)
[3608] 2015/02/19 18:23:19.831 連線確認 E122828927 (21,21)
[3608] 2015/02/19 18:24:07.952 收到 Head 資訊 {Count 2} {Type C } 
[3608] 2015/02/19 18:24:17.951 收到 Head 資訊 {Count 2} {Type C } 
[3608] 2015/02/19 18:24:19.843 連線確認 E122828927 (21,21)
[3608] 2015/02/19 18:25:18.111 收到 Head 資訊 {Count 2} {Type C } 
[3608] 2015/02/19 18:25:19.858 連線確認 E122828927 (21,21)
[3608] 2015/02/19 18:25:28.110 收到 Head 資訊 {Count 2} {Type C } 
[3608] 2015/02/19 18:26:19.871 連線確認 E122828927 (21,21)
[3608] 2015/02/19 18:26:49.549 收到 Head 資訊 {Count 2} {Type B } 
[3608] 2015/02/19 18:27:19.885 連線確認 E122828927 (21,21)
[3608] 2015/02/19 18:28:19.898 連線確認 E122828927 (21,21)
[3608] 2015/02/19 18:29:19.911 連線確認 E122828927 (21,21)
[3608] 2015/02/19 18:30:19.926 連線確認 E122828927 (21,21)
[3608] 2015/02/19 18:31:19.938 連線確認 E122828927 (21,21)
[3608] 2015/02/19 18:31:51.135 收到 Head 資訊 {Count 2} {Type B } 
[3608] 2015/02/19 18:32:19.953 連線確認 E122828927 (21,21)
[3608] 2015/02/19 18:33:19.966 連線確認 E122828927 (21,21)
[3608] 2015/02/19 18:34:19.979 連線確認 E122828927 (21,21)
[3608] 2015/02/19 18:34:28.733 收到 Head 資訊 {Count 2} {Type C } 
[3608] 2015/02/19 18:34:38.732 收到 Head 資訊 {Count 2} {Type C } 
[3608] 2015/02/19 18:35:19.993 連線確認 E122828927 (21,21)
[3608] 2015/02/19 18:36:20.006 連線確認 E122828927 (21,21)
[3608] 2015/02/19 18:36:52.131 收到 Head 資訊 {Count 2} {Type B } 
[3608] 2015/02/19 18:37:20.021 連線確認 E122828927 (21,21)
[3608] 2015/02/19 18:38:20.034 連線確認 E122828927 (21,21)
[3608] 2015/02/19 18:39:20.047 連線確認 E122828927 (21,21)
[3608] 2015/02/19 18:40:20.061 連線確認 E122828927 (21,21)
[3608] 2015/02/19 18:41:20.074 連線確認 E122828927 (21,21)
[3608] 2015/02/19 18:41:53.127 收到 Head 資訊 {Count 2} {Type B } 
[3608] 2015/02/19 18:42:20.088 連線確認 E122828927 (21,21)
[3608] 2015/02/19 18:43:20.101 連線確認 E122828927 (21,21)
[3608] 2015/02/19 18:44:20.115 連線確認 E122828927 (21,21)
[3608] 2015/02/19 18:44:38.436 收到 Head 資訊 {Count 2} {Type C } 
[3608] 2015/02/19 18:44:48.436 收到 Head 資訊 {Count 2} {Type C } 
[3608] 2015/02/19 18:45:20.129 連線確認 E122828927 (21,21)
[3608] 2015/02/19 18:45:54.136 收到 Head 資訊 {Count 2} {Type D } 
[3608] 2015/02/19 18:45:54.343 收到 Head 資訊 {Count 2} {Type D } 
[3608] 2015/02/19 18:46:20.142 連線確認 E122828927 (21,21)
[3608] 2015/02/19 18:46:53.634 收到 Head 資訊 {Count 2} {Type B } 
[3608] 2015/02/19 18:47:20.157 連線確認 E122828927 (21,21)
[3608] 2015/02/19 18:48:20.169 連線確認 E122828927 (21,21)
[3608] 2015/02/19 18:49:20.184 連線確認 E122828927 (21,21)
[3608] 2015/02/19 18:50:20.197 連線確認 E122828927 (21,21)
[3608] 2015/02/19 18:51:20.211 連線確認 E122828927 (21,21)
[3608] 2015/02/19 18:51:54.631 收到 Head 資訊 {Count 2} {Type B } 
[3608] 2015/02/19 18:52:20.225 連線確認 E122828927 (21,21)
[3608] 2015/02/19 18:53:20.237 連線確認 E122828927 (21,21)
[3608] 2015/02/19 18:53:58.651 收到 Head 資訊 {Count 2} {Type C } 
[3608] 2015/02/19 18:54:20.252 連線確認 E122828927 (21,21)
[3608] 2015/02/19 18:54:48.649 收到 Head 資訊 {Count 2} {Type C } 
[3608] 2015/02/19 18:54:58.649 收到 Head 資訊 {Count 2} {Type C } 
[3608] 2015/02/19 18:55:20.265 連線確認 E122828927 (21,21)
[3608] 2015/02/19 18:56:20.279 連線確認 E122828927 (21,21)
[3608] 2015/02/19 18:56:55.628 收到 Head 資訊 {Count 2} {Type B } 
[3608] 2015/02/19 18:57:20.293 連線確認 E122828927 (21,21)
[3608] 2015/02/19 18:58:20.307 連線確認 E122828927 (21,21)
[3608] 2015/02/19 18:59:20.320 連線確認 E122828927 (21,21)
[3608] 2015/02/19 19:00:20.332 連線確認 E122828927 (21,21)
[3608] 2015/02/19 19:01:20.346 連線確認 E122828927 (21,21)
[3608] 2015/02/19 19:01:56.933 收到 Head 資訊 {Count 2} {Type B } 
[3608] 2015/02/19 19:02:20.360 連線確認 E122828927 (21,21)
[3608] 2015/02/19 19:03:20.374 連線確認 E122828927 (21,21)
[3608] 2015/02/19 19:04:20.388 連線確認 E122828927 (21,21)
[3608] 2015/02/19 19:05:20.400 連線確認 E122828927 (21,21)
[3608] 2015/02/19 19:06:20.414 連線確認 E122828927 (21,21)
[3608] 2015/02/19 19:06:57.929 收到 Head 資訊 {Count 2} {Type B } 
[3608] 2015/02/19 19:07:20.428 連線確認 E122828927 (21,21)
[3608] 2015/02/19 19:08:20.441 連線確認 E122828927 (21,21)
[3608] 2015/02/19 19:09:20.455 連線確認 E122828927 (21,21)
[3608] 2015/02/19 19:10:20.468 連線確認 E122828927 (21,21)
[3608] 2015/02/19 19:11:20.482 連線確認 E122828927 (21,21)
[3608] 2015/02/19 19:11:58.925 收到 Head 資訊 {Count 2} {Type B } 
[3608] 2015/02/19 19:12:20.495 連線確認 E122828927 (21,21)
[3608] 2015/02/19 19:13:20.510 連線確認 E122828927 (21,21)
[3608] 2015/02/19 19:14:20.522 連線確認 E122828927 (21,21)
[3608] 2015/02/19 19:15:20.536 連線確認 E122828927 (21,21)
[3608] 2015/02/19 19:16:20.550 連線確認 E122828927 (21,21)
[3608] 2015/02/19 19:16:59.309 收到 Head 資訊 {Count 2} {Type B } 
[3608] 2015/02/19 19:17:20.564 連線確認 E122828927 (21,21)
[3608] 2015/02/19 19:18:20.577 連線確認 E122828927 (21,21)
[3608] 2015/02/19 19:19:20.591 連線確認 E122828927 (21,21)
[3608] 2015/02/19 19:20:20.604 連線確認 E122828927 (21,21)
[3608] 2015/02/19 19:21:20.618 連線確認 E122828927 (21,21)
[3608] 2015/02/19 19:22:00.305 收到 Head 資訊 {Count 2} {Type B } 
[3608] 2015/02/19 19:22:20.631 連線確認 E122828927 (21,21)
[3608] 2015/02/19 19:23:20.646 連線確認 E122828927 (21,21)
[3608] 2015/02/19 19:24:20.659 連線確認 E122828927 (21,21)
[3608] 2015/02/19 19:25:20.673 連線確認 E122828927 (21,21)
[3608] 2015/02/19 19:26:20.686 連線確認 E122828927 (21,21)
[3608] 2015/02/19 19:27:01.301 收到 Head 資訊 {Count 2} {Type B } 
[3608] 2015/02/19 19:27:20.700 連線確認 E122828927 (21,21)
[3608] 2015/02/19 19:28:20.714 連線確認 E122828927 (21,21)
[3608] 2015/02/19 19:29:20.726 連線確認 E122828927 (21,21)
[3608] 2015/02/19 19:30:20.740 連線確認 E122828927 (21,21)
[3608] 2015/02/19 19:31:20.754 連線確認 E122828927 (21,21)
[3608] 2015/02/19 19:32:02.869 收到 Head 資訊 {Count 2} {Type B } 
[3608] 2015/02/19 19:32:20.767 連線確認 E122828927 (21,21)
[3608] 2015/02/19 19:33:20.781 連線確認 E122828927 (21,21)
[3608] 2015/02/19 19:34:20.795 連線確認 E122828927 (21,21)
[3608] 2015/02/19 19:35:20.808 連線確認 E122828927 (21,21)
[3608] 2015/02/19 19:36:20.822 連線確認 E122828927 (21,21)
[3608] 2015/02/19 19:37:03.865 收到 Head 資訊 {Count 2} {Type B } 
[3608] 2015/02/19 19:37:20.835 連線確認 E122828927 (21,21)
[3608] 2015/02/19 19:38:20.850 連線確認 E122828927 (21,21)
[3608] 2015/02/19 19:39:20.862 連線確認 E122828927 (21,21)
[3608] 2015/02/19 19:40:20.876 連線確認 E122828927 (21,21)
[3608] 2015/02/19 19:41:20.890 連線確認 E122828927 (21,21)
[3608] 2015/02/19 19:42:04.862 收到 Head 資訊 {Count 2} {Type B } 
[3608] 2015/02/19 19:42:20.903 連線確認 E122828927 (21,21)
[3608] 2015/02/19 19:43:20.917 連線確認 E122828927 (21,21)
[3608] 2015/02/19 19:44:20.930 連線確認 E122828927 (21,21)
[3608] 2015/02/19 19:45:20.944 連線確認 E122828927 (21,21)
[3608] 2015/02/19 19:46:20.957 連線確認 E122828927 (21,21)
[3608] 2015/02/19 19:47:05.841 收到 Head 資訊 {Count 2} {Type B } 
[3608] 2015/02/19 19:47:20.970 連線確認 E122828927 (21,21)
[3608] 2015/02/19 19:48:20.986 連線確認 E122828927 (21,21)
[3608] 2015/02/19 19:49:20.999 連線確認 E122828927 (21,21)
[3608] 2015/02/19 19:50:21.013 連線確認 E122828927 (21,21)
[3608] 2015/02/19 19:51:21.025 連線確認 E122828927 (21,21)
[3608] 2015/02/19 19:52:06.838 收到 Head 資訊 {Count 2} {Type B } 
[3608] 2015/02/19 19:52:21.040 連線確認 E122828927 (21,21)
[3608] 2015/02/19 19:53:21.052 連線確認 E122828927 (21,21)
[3608] 2015/02/19 19:54:21.067 連線確認 E122828927 (21,21)
[3608] 2015/02/19 19:55:21.080 連線確認 E122828927 (21,21)
[3608] 2015/02/19 19:56:21.093 連線確認 E122828927 (21,21)
[3608] 2015/02/19 19:57:07.835 收到 Head 資訊 {Count 2} {Type B } 
[3608] 2015/02/19 19:57:21.107 連線確認 E122828927 (21,21)
[3608] 2015/02/19 19:58:21.121 連線確認 E122828927 (21,21)
[3608] 2015/02/19 19:59:21.134 連線確認 E122828927 (21,21)
[3608] 2015/02/19 20:00:21.149 連線確認 E122828927 (21,21)
[3608] 2015/02/19 20:01:21.161 連線確認 E122828927 (21,21)
[3608] 2015/02/19 20:02:08.462 收到 Head 資訊 {Count 2} {Type B } 
[3608] 2015/02/19 20:02:21.176 連線確認 E122828927 (21,21)
[3608] 2015/02/19 20:03:21.188 連線確認 E122828927 (21,21)
[3608] 2015/02/19 20:04:21.201 連線確認 E122828927 (21,21)
[3608] 2015/02/19 20:05:21.216 連線確認 E122828927 (21,21)
[3608] 2015/02/19 20:06:21.229 連線確認 E122828927 (21,21)
[3608] 2015/02/19 20:07:09.458 收到 Head 資訊 {Count 2} {Type B } 
[3608] 2015/02/19 20:07:21.243 連線確認 E122828927 (21,21)
[3608] 2015/02/19 20:08:21.256 連線確認 E122828927 (21,21)
[3608] 2015/02/19 20:09:21.271 連線確認 E122828927 (21,21)
[3608] 2015/02/19 20:10:21.283 連線確認 E122828927 (21,21)
[3608] 2015/02/19 20:11:21.297 連線確認 E122828927 (21,21)
[3608] 2015/02/19 20:12:10.454 收到 Head 資訊 {Count 2} {Type B } 
[3608] 2015/02/19 20:12:21.312 連線確認 E122828927 (21,21)
[3608] 2015/02/19 20:13:21.324 連線確認 E122828927 (21,21)
[3608] 2015/02/19 20:14:21.338 連線確認 E122828927 (21,21)
[3608] 2015/02/19 20:15:21.351 連線確認 E122828927 (21,21)
[3608] 2015/02/19 20:16:21.366 連線確認 E122828927 (21,21)
[3608] 2015/02/19 20:17:11.465 收到 Head 資訊 {Count 2} {Type B } 
[3608] 2015/02/19 20:17:21.379 連線確認 E122828927 (21,21)
[3608] 2015/02/19 20:18:21.392 連線確認 E122828927 (21,21)
[3608] 2015/02/19 20:19:21.407 連線確認 E122828927 (21,21)
[3608] 2015/02/19 20:20:21.420 連線確認 E122828927 (21,21)
[3608] 2015/02/19 20:21:21.432 連線確認 E122828927 (21,21)
[3608] 2015/02/19 20:22:12.481 收到 Head 資訊 {Count 2} {Type B } 
[3608] 2015/02/19 20:22:21.446 連線確認 E122828927 (21,21)
[3608] 2015/02/19 20:23:21.460 連線確認 E122828927 (21,21)
[3608] 2015/02/19 20:24:21.475 連線確認 E122828927 (21,21)
[3608] 2015/02/19 20:25:21.488 連線確認 E122828927 (21,21)
[3608] 2015/02/19 20:26:21.502 連線確認 E122828927 (21,21)
[3608] 2015/02/19 20:27:13.454 收到 Head 資訊 {Count 2} {Type B } 
[3608] 2015/02/19 20:27:21.514 連線確認 E122828927 (21,21)
[3608] 2015/02/19 20:28:21.528 連線確認 E122828927 (21,21)
[3608] 2015/02/19 20:29:21.542 連線確認 E122828927 (21,21)
[3608] 2015/02/19 20:30:21.555 連線確認 E122828927 (21,21)
[3608] 2015/02/19 20:31:21.569 連線確認 E122828927 (21,21)
[3608] 2015/02/19 20:32:14.291 收到 Head 資訊 {Count 2} {Type B } 
[3608] 2015/02/19 20:32:21.582 連線確認 E122828927 (21,21)
[3608] 2015/02/19 20:33:21.596 連線確認 E122828927 (21,21)
[3608] 2015/02/19 20:34:21.610 連線確認 E122828927 (21,21)
[3608] 2015/02/19 20:35:21.624 連線確認 E122828927 (21,21)
[3608] 2015/02/19 20:36:21.638 連線確認 E122828927 (21,21)
[3608] 2015/02/19 20:37:15.289 收到 Head 資訊 {Count 2} {Type B } 
[3608] 2015/02/19 20:37:21.650 連線確認 E122828927 (21,21)
[3608] 2015/02/19 20:38:21.664 連線確認 E122828927 (21,21)
[3608] 2015/02/19 20:39:21.678 連線確認 E122828927 (21,21)
[3608] 2015/02/19 20:40:21.692 連線確認 E122828927 (21,21)
[3608] 2015/02/19 20:41:21.705 連線確認 E122828927 (21,21)
[3608] 2015/02/19 20:42:16.284 收到 Head 資訊 {Count 2} {Type B } 
[3608] 2015/02/19 20:42:21.719 連線確認 E122828927 (21,21)
[3608] 2015/02/19 20:43:21.732 連線確認 E122828927 (21,21)
[3608] 2015/02/19 20:44:21.746 連線確認 E122828927 (21,21)
[3608] 2015/02/19 20:45:21.759 連線確認 E122828927 (21,21)
[3608] 2015/02/19 20:46:21.772 連線確認 E122828927 (21,21)
[3608] 2015/02/19 20:47:17.472 收到 Head 資訊 {Count 2} {Type B } 
[3608] 2015/02/19 20:47:21.787 連線確認 E122828927 (21,21)
[3608] 2015/02/19 20:48:21.800 連線確認 E122828927 (21,21)
[3608] 2015/02/19 20:49:21.813 連線確認 E122828927 (21,21)
[3608] 2015/02/19 20:50:21.826 連線確認 E122828927 (21,21)
[3608] 2015/02/19 20:51:21.842 連線確認 E122828927 (21,21)
[3608] 2015/02/19 20:52:18.459 收到 Head 資訊 {Count 2} {Type B } 
[3608] 2015/02/19 20:52:21.854 連線確認 E122828927 (21,21)
[3608] 2015/02/19 20:53:21.870 連線確認 E122828927 (21,21)
[3608] 2015/02/19 20:54:21.881 連線確認 E122828927 (21,21)
[3608] 2015/02/19 20:55:21.895 連線確認 E122828927 (21,21)
[3608] 2015/02/19 20:56:21.908 連線確認 E122828927 (21,21)
[3608] 2015/02/19 20:57:19.474 收到 Head 資訊 {Count 2} {Type B } 
[3608] 2015/02/19 20:57:21.922 連線確認 E122828927 (21,21)
[3608] 2015/02/19 20:58:21.936 連線確認 E122828927 (21,21)
[3608] 2015/02/19 20:59:21.950 連線確認 E122828927 (21,21)
[3608] 2015/02/19 21:00:21.964 連線確認 E122828927 (21,21)
[3608] 2015/02/19 21:01:21.976 連線確認 E122828927 (21,21)
[3608] 2015/02/19 21:02:20.441 收到 Head 資訊 {Count 2} {Type B } 
[3608] 2015/02/19 21:02:21.990 連線確認 E122828927 (21,21)
[3608] 2015/02/19 21:03:22.005 連線確認 E122828927 (21,21)
[3608] 2015/02/19 21:04:22.017 連線確認 E122828927 (21,21)
[3608] 2015/02/19 21:05:22.031 連線確認 E122828927 (21,21)
[3608] 2015/02/19 21:06:22.045 連線確認 E122828927 (21,21)
[3608] 2015/02/19 21:07:21.447 收到 Head 資訊 {Count 2} {Type B } 
[3608] 2015/02/19 21:07:22.058 連線確認 E122828927 (21,21)
[3608] 2015/02/19 21:08:22.072 連線確認 E122828927 (21,21)
[3608] 2015/02/19 21:09:22.085 連線確認 E122828927 (21,21)
[3608] 2015/02/19 21:10:22.099 連線確認 E122828927 (21,21)
[3608] 2015/02/19 21:11:22.113 連線確認 E122828927 (21,21)
[3608] 2015/02/19 21:12:22.125 連線確認 E122828927 (21,21)
[3608] 2015/02/19 21:12:22.433 收到 Head 資訊 {Count 2} {Type B } 
[3608] 2015/02/19 21:13:22.139 連線確認 E122828927 (21,21)
[3608] 2015/02/19 21:14:22.153 連線確認 E122828927 (21,21)
[3608] 2015/02/19 21:15:22.167 連線確認 E122828927 (21,21)
[3608] 2015/02/19 21:16:22.180 連線確認 E122828927 (21,21)
[3608] 2015/02/19 21:17:22.194 連線確認 E122828927 (21,21)
[3608] 2015/02/19 21:17:23.745 收到 Head 資訊 {Count 2} {Type B } 
[3608] 2015/02/19 21:18:22.207 連線確認 E122828927 (21,21)
[3608] 2015/02/19 21:19:22.221 連線確認 E122828927 (21,21)
[3608] 2015/02/19 21:20:22.235 連線確認 E122828927 (21,21)
[3608] 2015/02/19 21:21:22.249 連線確認 E122828927 (21,21)
[3608] 2015/02/19 21:22:22.261 連線確認 E122828927 (21,21)
[3608] 2015/02/19 21:22:24.761 收到 Head 資訊 {Count 2} {Type B } 
[3608] 2015/02/19 21:23:22.276 連線確認 E122828927 (21,21)
[3608] 2015/02/19 21:24:22.289 連線確認 E122828927 (21,21)
[3608] 2015/02/19 21:25:22.302 連線確認 E122828927 (21,21)
[3608] 2015/02/19 21:26:22.316 連線確認 E122828927 (21,21)
[3608] 2015/02/19 21:27:22.330 連線確認 E122828927 (21,21)
[3608] 2015/02/19 21:27:25.747 收到 Head 資訊 {Count 2} {Type B } 
[3608] 2015/02/19 21:28:22.343 連線確認 E122828927 (21,21)
[3608] 2015/02/19 21:29:22.357 連線確認 E122828927 (21,21)
[3608] 2015/02/19 21:30:22.371 連線確認 E122828927 (21,21)
[3608] 2015/02/19 21:31:22.383 連線確認 E122828927 (21,21)
[3608] 2015/02/19 21:32:22.397 連線確認 E122828927 (21,21)
[3608] 2015/02/19 21:32:26.561 收到 Head 資訊 {Count 2} {Type B } 
[3608] 2015/02/19 21:33:22.412 連線確認 E122828927 (21,21)
[3608] 2015/02/19 21:34:22.424 連線確認 E122828927 (21,21)
[3608] 2015/02/19 21:35:22.439 連線確認 E122828927 (21,21)
[3608] 2015/02/19 21:36:22.452 連線確認 E122828927 (21,21)
[3608] 2015/02/19 21:37:22.466 連線確認 E122828927 (21,21)
[3608] 2015/02/19 21:37:27.568 收到 Head 資訊 {Count 2} {Type B } 
[3608] 2015/02/19 21:38:22.504 連線確認 E122828927 (21,21)
[3608] 2015/02/19 21:39:22.493 連線確認 E122828927 (21,21)
[3608] 2015/02/19 21:40:22.506 連線確認 E122828927 (21,21)
[3608] 2015/02/19 21:41:22.520 連線確認 E122828927 (21,21)
[3608] 2015/02/19 21:42:22.533 連線確認 E122828927 (21,21)
[3608] 2015/02/19 21:42:28.563 收到 Head 資訊 {Count 2} {Type B } 
[3608] 2015/02/19 21:43:22.547 連線確認 E122828927 (21,21)
[3608] 2015/02/19 21:44:22.562 連線確認 E122828927 (21,21)
[3608] 2015/02/19 21:45:22.574 連線確認 E122828927 (21,21)
[3608] 2015/02/19 21:46:22.587 連線確認 E122828927 (21,21)
[3608] 2015/02/19 21:47:22.601 連線確認 E122828927 (21,21)
[3608] 2015/02/19 21:47:29.514 收到 Head 資訊 {Count 2} {Type B } 
[3608] 2015/02/19 21:48:22.616 連線確認 E122828927 (21,21)
[3608] 2015/02/19 21:49:22.629 連線確認 E122828927 (21,21)
[3608] 2015/02/19 21:50:22.642 連線確認 E122828927 (21,21)
[3608] 2015/02/19 21:51:22.655 連線確認 E122828927 (21,21)
[3608] 2015/02/19 21:52:22.669 連線確認 E122828927 (21,21)
[3608] 2015/02/19 21:52:30.530 收到 Head 資訊 {Count 2} {Type B } 
[3608] 2015/02/19 21:53:22.683 連線確認 E122828927 (21,21)
[3608] 2015/02/19 21:54:22.697 連線確認 E122828927 (21,21)
[3608] 2015/02/19 21:55:22.710 連線確認 E122828927 (21,21)
[3608] 2015/02/19 21:56:22.723 連線確認 E122828927 (21,21)
[3608] 2015/02/19 21:57:22.737 連線確認 E122828927 (21,21)
[3608] 2015/02/19 21:57:31.516 收到 Head 資訊 {Count 2} {Type B } 
[3608] 2015/02/19 21:58:22.752 連線確認 E122828927 (21,21)
[3608] 2015/02/19 21:59:22.764 連線確認 E122828927 (21,21)
[3608] 2015/02/19 22:00:22.778 連線確認 E122828927 (21,21)
[3608] 2015/02/19 22:01:22.792 連線確認 E122828927 (21,21)
[3608] 2015/02/19 22:02:22.806 連線確認 E122828927 (21,21)
[3608] 2015/02/19 22:02:32.585 收到 Head 資訊 {Count 2} {Type B } 
[3608] 2015/02/19 22:03:22.819 連線確認 E122828927 (21,21)
[3608] 2015/02/19 22:04:22.832 連線確認 E122828927 (21,21)
[3608] 2015/02/19 22:05:22.846 連線確認 E122828927 (21,21)
[3608] 2015/02/19 22:06:22.859 連線確認 E122828927 (21,21)
[3608] 2015/02/19 22:07:22.874 連線確認 E122828927 (21,21)
[3608] 2015/02/19 22:07:33.592 收到 Head 資訊 {Count 2} {Type B } 
[3608] 2015/02/19 22:08:22.887 連線確認 E122828927 (21,21)
[3608] 2015/02/19 22:09:22.901 連線確認 E122828927 (21,21)
[3608] 2015/02/19 22:10:22.914 連線確認 E122828927 (21,21)
[3608] 2015/02/19 22:11:22.928 連線確認 E122828927 (21,21)
[3608] 2015/02/19 22:12:22.941 連線確認 E122828927 (21,21)
[3608] 2015/02/19 22:12:34.588 收到 Head 資訊 {Count 2} {Type B } 
[3608] 2015/02/19 22:13:22.955 連線確認 E122828927 (21,21)
[3608] 2015/02/19 22:14:22.968 連線確認 E122828927 (21,21)
[3608] 2015/02/19 22:15:22.981 連線確認 E122828927 (21,21)
[3608] 2015/02/19 22:16:22.995 連線確認 E122828927 (21,21)
[3608] 2015/02/19 22:17:23.009 連線確認 E122828927 (21,21)
[3608] 2015/02/19 22:17:35.670 收到 Head 資訊 {Count 2} {Type B } 
[3608] 2015/02/19 22:18:23.030 連線確認 E122828927 (21,21)
[3608] 2015/02/19 22:19:23.037 連線確認 E122828927 (21,21)
[3608] 2015/02/19 22:20:23.050 連線確認 E122828927 (21,21)
[3608] 2015/02/19 22:21:23.063 連線確認 E122828927 (21,21)
[3608] 2015/02/19 22:22:23.076 連線確認 E122828927 (21,21)
[3608] 2015/02/19 22:22:36.677 收到 Head 資訊 {Count 2} {Type B } 
[3608] 2015/02/19 22:23:23.090 連線確認 E122828927 (21,21)
[3608] 2015/02/19 22:24:23.104 連線確認 E122828927 (21,21)
[3608] 2015/02/19 22:25:23.117 連線確認 E122828927 (21,21)
[3608] 2015/02/19 22:26:23.131 連線確認 E122828927 (21,21)
[3608] 2015/02/19 22:27:23.144 連線確認 E122828927 (21,21)
[3608] 2015/02/19 22:27:37.653 收到 Head 資訊 {Count 2} {Type B } 
[3608] 2015/02/19 22:28:23.159 連線確認 E122828927 (21,21)
[3608] 2015/02/19 22:29:23.171 連線確認 E122828927 (21,21)
[3608] 2015/02/19 22:30:23.186 連線確認 E122828927 (21,21)
[3608] 2015/02/19 22:31:23.200 連線確認 E122828927 (21,21)
[3608] 2015/02/19 22:32:23.212 連線確認 E122828927 (21,21)
[3608] 2015/02/19 22:32:38.649 收到 Head 資訊 {Count 2} {Type B } 
[3608] 2015/02/19 22:33:23.225 連線確認 E122828927 (21,21)
[3608] 2015/02/19 22:34:23.240 連線確認 E122828927 (21,21)
[3608] 2015/02/19 22:35:23.253 連線確認 E122828927 (21,21)
[3608] 2015/02/19 22:36:23.267 連線確認 E122828927 (21,21)
[3608] 2015/02/19 22:37:23.280 連線確認 E122828927 (21,21)
[3608] 2015/02/19 22:37:39.297 收到 Head 資訊 {Count 2} {Type B } 
[3608] 2015/02/19 22:38:23.295 連線確認 E122828927 (21,21)
[3608] 2015/02/19 22:39:23.307 連線確認 E122828927 (21,21)
[3608] 2015/02/19 22:40:23.322 連線確認 E122828927 (21,21)
[3608] 2015/02/19 22:41:23.335 連線確認 E122828927 (21,21)
[3608] 2015/02/19 22:42:23.352 連線確認 E122828927 (21,21)
[3608] 2015/02/19 22:42:40.292 收到 Head 資訊 {Count 2} {Type B } 
[3608] 2015/02/19 22:43:23.362 連線確認 E122828927 (21,21)
[3608] 2015/02/19 22:44:23.376 連線確認 E122828927 (21,21)
[3608] 2015/02/19 22:45:23.390 連線確認 E122828927 (21,21)
[3608] 2015/02/19 22:46:23.402 連線確認 E122828927 (21,21)
[3608] 2015/02/19 22:47:23.418 連線確認 E122828927 (21,21)
[3608] 2015/02/19 22:47:41.299 收到 Head 資訊 {Count 2} {Type B } 
[3608] 2015/02/19 22:48:23.430 連線確認 E122828927 (21,21)
[3608] 2015/02/19 22:49:23.443 連線確認 E122828927 (21,21)
[3608] 2015/02/19 22:50:23.458 連線確認 E122828927 (21,21)
[3608] 2015/02/19 22:51:23.470 連線確認 E122828927 (21,21)
[3608] 2015/02/19 22:52:23.484 連線確認 E122828927 (21,21)
[3608] 2015/02/19 22:52:42.070 收到 Head 資訊 {Count 2} {Type B } 
[3608] 2015/02/19 22:53:23.499 連線確認 E122828927 (21,21)
[3608] 2015/02/19 22:54:23.511 連線確認 E122828927 (21,21)
[3608] 2015/02/19 22:55:23.526 連線確認 E122828927 (21,21)
[3608] 2015/02/19 22:56:23.538 連線確認 E122828927 (21,21)
[3608] 2015/02/19 22:57:23.553 連線確認 E122828927 (21,21)
[3608] 2015/02/19 22:57:43.067 收到 Head 資訊 {Count 2} {Type B } 
[3608] 2015/02/19 22:58:23.566 連線確認 E122828927 (21,21)
[3608] 2015/02/19 22:59:23.579 連線確認 E122828927 (21,21)
[3608] 2015/02/19 23:00:23.594 連線確認 E122828927 (21,21)
[3608] 2015/02/19 23:01:23.607 連線確認 E122828927 (21,21)
[3608] 2015/02/19 23:02:23.620 連線確認 E122828927 (21,21)
[3608] 2015/02/19 23:02:44.063 收到 Head 資訊 {Count 2} {Type B } 
[3608] 2015/02/19 23:03:23.636 連線確認 E122828927 (21,21)
[3608] 2015/02/19 23:04:23.647 連線確認 E122828927 (21,21)
[3608] 2015/02/19 23:05:23.661 連線確認 E122828927 (21,21)
[3608] 2015/02/19 23:06:23.674 連線確認 E122828927 (21,21)
[3608] 2015/02/19 23:07:23.689 連線確認 E122828927 (21,21)
[3608] 2015/02/19 23:07:44.851 收到 Head 資訊 {Count 2} {Type B } 
[3608] 2015/02/19 23:08:06.030 收到 Head 資訊 {Count 2} {Type D } 
[3608] 2015/02/19 23:08:06.238 收到 Head 資訊 {Count 2} {Type D } 
[3608] 2015/02/19 23:08:23.701 連線確認 E122828927 (21,21)
[3608] 2015/02/19 23:09:04.630 收到 Head 資訊 {Count 2} {Type D } 
[3608] 2015/02/19 23:09:23.715 連線確認 E122828927 (21,21)
[3608] 2015/02/19 23:09:28.376 收到 Head 資訊 {Count 2} {Type D } 
[3608] 2015/02/19 23:10:23.729 連線確認 E122828927 (21,21)
[3608] 2015/02/19 23:11:23.742 連線確認 E122828927 (21,21)
[3608] 2015/02/19 23:12:23.757 連線確認 E122828927 (21,21)
[3608] 2015/02/19 23:12:45.846 收到 Head 資訊 {Count 2} {Type B } 
[3608] 2015/02/19 23:13:23.769 連線確認 E122828927 (21,21)
[3608] 2015/02/19 23:14:23.784 連線確認 E122828927 (21,21)
[3608] 2015/02/19 23:15:23.797 連線確認 E122828927 (21,21)
[3608] 2015/02/19 23:16:23.811 連線確認 E122828927 (21,21)
[3608] 2015/02/19 23:17:23.824 連線確認 E122828927 (21,21)
[3608] 2015/02/19 23:17:46.843 收到 Head 資訊 {Count 2} {Type B } 
[3608] 2015/02/19 23:18:23.838 連線確認 E122828927 (21,21)
[3608] 2015/02/19 23:19:23.851 連線確認 E122828927 (21,21)
[3608] 2015/02/19 23:20:23.866 連線確認 E122828927 (21,21)
[3608] 2015/02/19 23:21:23.878 連線確認 E122828927 (21,21)
[3608] 2015/02/19 23:22:23.893 連線確認 E122828927 (21,21)
[3608] 2015/02/19 23:22:47.855 收到 Head 資訊 {Count 2} {Type B } 
[3608] 2015/02/19 23:23:23.905 連線確認 E122828927 (21,21)
[3608] 2015/02/19 23:24:23.919 連線確認 E122828927 (21,21)
[3608] 2015/02/19 23:25:23.933 連線確認 E122828927 (21,21)
[3608] 2015/02/19 23:26:23.946 連線確認 E122828927 (21,21)
[3608] 2015/02/19 23:27:23.960 連線確認 E122828927 (21,21)
[3608] 2015/02/19 23:27:48.851 收到 Head 資訊 {Count 2} {Type B } 
[3608] 2015/02/19 23:28:23.973 連線確認 E122828927 (21,21)
[3608] 2015/02/19 23:29:23.988 連線確認 E122828927 (21,21)
[3608] 2015/02/19 23:30:24.000 連線確認 E122828927 (21,21)
[3608] 2015/02/19 23:31:24.014 連線確認 E122828927 (21,21)
[3608] 2015/02/19 23:32:24.027 連線確認 E122828927 (21,21)
[3608] 2015/02/19 23:32:49.847 收到 Head 資訊 {Count 2} {Type B } 
[3608] 2015/02/19 23:33:24.041 連線確認 E122828927 (21,21)
[3608] 2015/02/19 23:34:24.055 連線確認 E122828927 (21,21)
[3608] 2015/02/19 23:35:24.069 連線確認 E122828927 (21,21)
[3608] 2015/02/19 23:36:24.082 連線確認 E122828927 (21,21)
[3608] 2015/02/19 23:37:24.097 連線確認 E122828927 (21,21)
[3608] 2015/02/19 23:37:51.249 收到 Head 資訊 {Count 2} {Type B } 
[3608] 2015/02/19 23:38:24.110 連線確認 E122828927 (21,21)
[3608] 2015/02/19 23:39:24.123 連線確認 E122828927 (21,21)
[3608] 2015/02/19 23:40:24.136 連線確認 E122828927 (21,21)
[3608] 2015/02/19 23:41:24.151 連線確認 E122828927 (21,21)
[3608] 2015/02/19 23:42:24.164 連線確認 E122828927 (21,21)
[3608] 2015/02/19 23:42:52.247 收到 Head 資訊 {Count 2} {Type B } 
[3608] 2015/02/19 23:43:24.176 連線確認 E122828927 (21,21)
[3608] 2015/02/19 23:44:24.191 連線確認 E122828927 (21,21)
[3608] 2015/02/19 23:45:24.205 連線確認 E122828927 (21,21)
[3608] 2015/02/19 23:46:24.219 連線確認 E122828927 (21,21)
[3608] 2015/02/19 23:47:24.231 連線確認 E122828927 (21,21)
[3608] 2015/02/19 23:47:53.243 收到 Head 資訊 {Count 2} {Type B } 
[3608] 2015/02/19 23:48:24.246 連線確認 E122828927 (21,21)
[3608] 2015/02/19 23:49:24.259 連線確認 E122828927 (21,21)
[3608] 2015/02/19 23:50:24.273 連線確認 E122828927 (21,21)
[3608] 2015/02/19 23:51:24.287 連線確認 E122828927 (21,21)
[3608] 2015/02/19 23:52:24.300 連線確認 E122828927 (21,21)
[3608] 2015/02/19 23:52:54.182 收到 Head 資訊 {Count 2} {Type B } 
[3608] 2015/02/19 23:53:24.312 連線確認 E122828927 (21,21)
[3608] 2015/02/19 23:54:24.327 連線確認 E122828927 (21,21)
[3608] 2015/02/19 23:55:24.340 連線確認 E122828927 (21,21)
[3608] 2015/02/19 23:56:24.354 連線確認 E122828927 (21,21)
[3608] 2015/02/19 23:57:24.368 連線確認 E122828927 (21,21)
[3608] 2015/02/19 23:57:55.178 收到 Head 資訊 {Count 2} {Type B } 
[3608] 2015/02/19 23:58:24.381 連線確認 E122828927 (21,21)
[3608] 2015/02/19 23:59:24.395 連線確認 E122828927 (21,21)
[3608] 2015/02/20 00:00:24.408 連線確認 E122828927 (21,21)
[3608] 2015/02/20 00:01:24.421 連線確認 E122828927 (21,21)
[3608] 2015/02/20 00:02:24.435 連線確認 E122828927 (21,21)
[3608] 2015/02/20 00:02:56.174 收到 Head 資訊 {Count 2} {Type B } 
[3608] 2015/02/20 00:03:24.450 連線確認 E122828927 (21,21)
[3608] 2015/02/20 00:04:24.462 連線確認 E122828927 (21,21)
[3608] 2015/02/20 00:05:24.476 連線確認 E122828927 (21,21)
[3608] 2015/02/20 00:06:24.491 連線確認 E122828927 (21,21)
[3608] 2015/02/20 00:07:24.504 連線確認 E122828927 (21,21)
[3608] 2015/02/20 00:07:57.046 收到 Head 資訊 {Count 2} {Type B } 
[3608] 2015/02/20 00:08:24.517 連線確認 E122828927 (21,21)
[3608] 2015/02/20 00:09:24.531 連線確認 E122828927 (21,21)
[3608] 2015/02/20 00:10:24.543 連線確認 E122828927 (21,21)
[3608] 2015/02/20 00:11:24.557 連線確認 E122828927 (21,21)
[3608] 2015/02/20 00:12:24.570 連線確認 E122828927 (21,21)
[3608] 2015/02/20 00:12:58.042 收到 Head 資訊 {Count 2} {Type B } 
[3608] 2015/02/20 00:13:24.592 連線確認 E122828927 (21,21)
[3608] 2015/02/20 00:14:24.598 連線確認 E122828927 (21,21)
[3608] 2015/02/20 00:15:24.613 連線確認 E122828927 (21,21)
[3608] 2015/02/20 00:16:24.625 連線確認 E122828927 (21,21)
[3608] 2015/02/20 00:17:24.639 連線確認 E122828927 (21,21)
[3608] 2015/02/20 00:17:59.038 收到 Head 資訊 {Count 2} {Type B } 
[3608] 2015/02/20 00:18:24.652 連線確認 E122828927 (21,21)
[3608] 2015/02/20 00:19:24.704 連線確認 E122828927 (21,21)
[3608] 2015/02/20 00:20:25.086 連線確認 E122828927 (21,21)
[3608] 2015/02/20 00:21:24.693 連線確認 E122828927 (21,21)
[3608] 2015/02/20 00:22:24.706 連線確認 E122828927 (21,21)
[3608] 2015/02/20 00:22:59.600 收到 Head 資訊 {Count 2} {Type B } 
[3608] 2015/02/20 00:23:24.722 連線確認 E122828927 (21,21)
[3608] 2015/02/20 00:24:24.735 連線確認 E122828927 (21,21)
[3608] 2015/02/20 00:25:24.749 連線確認 E122828927 (21,21)
[3608] 2015/02/20 00:26:24.761 連線確認 E122828927 (21,21)
[3608] 2015/02/20 00:27:24.775 連線確認 E122828927 (21,21)
[3608] 2015/02/20 00:28:00.592 收到 Head 資訊 {Count 2} {Type B } 
[3608] 2015/02/20 00:28:24.789 連線確認 E122828927 (21,21)
[3608] 2015/02/20 00:29:24.802 連線確認 E122828927 (21,21)
[3608] 2015/02/20 00:30:24.816 連線確認 E122828927 (21,21)
[3608] 2015/02/20 00:31:24.830 連線確認 E122828927 (21,21)
[3608] 2015/02/20 00:32:24.844 連線確認 E122828927 (21,21)
[3608] 2015/02/20 00:33:01.589 收到 Head 資訊 {Count 2} {Type B } 
[3608] 2015/02/20 00:33:24.856 連線確認 E122828927 (21,21)
[3608] 2015/02/20 00:34:24.869 連線確認 E122828927 (21,21)
[3608] 2015/02/20 00:35:24.884 連線確認 E122828927 (21,21)
[3608] 2015/02/20 00:36:24.897 連線確認 E122828927 (21,21)
[3608] 2015/02/20 00:37:24.910 連線確認 E122828927 (21,21)
[3608] 2015/02/20 00:38:03.124 收到 Head 資訊 {Count 2} {Type B } 
[3608] 2015/02/20 00:38:24.924 連線確認 E122828927 (21,21)
[3608] 2015/02/20 00:39:24.937 連線確認 E122828927 (21,21)
[3608] 2015/02/20 00:40:24.952 連線確認 E122828927 (21,21)
[3608] 2015/02/20 00:41:24.965 連線確認 E122828927 (21,21)
[3608] 2015/02/20 00:42:24.979 連線確認 E122828927 (21,21)
[3608] 2015/02/20 00:43:04.018 收到 Head 資訊 {Count 2} {Type B } 
[3608] 2015/02/20 00:43:24.992 連線確認 E122828927 (21,21)
[3608] 2015/02/20 00:44:25.006 連線確認 E122828927 (21,21)
[3608] 2015/02/20 00:45:25.019 連線確認 E122828927 (21,21)
[3608] 2015/02/20 00:46:25.032 連線確認 E122828927 (21,21)
[3608] 2015/02/20 00:47:25.048 連線確認 E122828927 (21,21)
[3608] 2015/02/20 00:48:05.014 收到 Head 資訊 {Count 2} {Type B } 
[3608] 2015/02/20 00:48:25.060 連線確認 E122828927 (21,21)
[3608] 2015/02/20 00:49:25.074 連線確認 E122828927 (21,21)
[3608] 2015/02/20 00:50:25.088 連線確認 E122828927 (21,21)
[3608] 2015/02/20 00:51:25.101 連線確認 E122828927 (21,21)
[3608] 2015/02/20 00:52:25.116 連線確認 E122828927 (21,21)
[3608] 2015/02/20 00:53:06.018 收到 Head 資訊 {Count 2} {Type B } 
[3608] 2015/02/20 00:53:25.129 連線確認 E122828927 (21,21)
[3608] 2015/02/20 00:54:25.141 連線確認 E122828927 (21,21)
[3608] 2015/02/20 00:55:25.156 連線確認 E122828927 (21,21)
[3608] 2015/02/20 00:56:25.168 連線確認 E122828927 (21,21)
[3608] 2015/02/20 00:57:25.182 連線確認 E122828927 (21,21)
[3608] 2015/02/20 00:58:07.014 收到 Head 資訊 {Count 2} {Type B } 
[3608] 2015/02/20 00:58:25.196 連線確認 E122828927 (21,21)
[3608] 2015/02/20 00:59:25.210 連線確認 E122828927 (21,21)
[3608] 2015/02/20 01:00:25.224 連線確認 E122828927 (21,21)
[3608] 2015/02/20 01:01:25.237 連線確認 E122828927 (21,21)
[3608] 2015/02/20 01:02:25.251 連線確認 E122828927 (21,21)
[3608] 2015/02/20 01:03:08.010 收到 Head 資訊 {Count 2} {Type B } 
[3608] 2015/02/20 01:03:25.263 連線確認 E122828927 (21,21)
[3608] 2015/02/20 01:04:25.278 連線確認 E122828927 (21,21)
[3608] 2015/02/20 01:05:25.291 連線確認 E122828927 (21,21)
[3608] 2015/02/20 01:06:25.304 連線確認 E122828927 (21,21)
[3608] 2015/02/20 01:07:25.318 連線確認 E122828927 (21,21)
[3608] 2015/02/20 01:08:08.898 收到 Head 資訊 {Count 2} {Type B } 
[3608] 2015/02/20 01:08:25.332 連線確認 E122828927 (21,21)
[3608] 2015/02/20 01:09:25.346 連線確認 E122828927 (21,21)
[3608] 2015/02/20 01:10:25.359 連線確認 E122828927 (21,21)
[3608] 2015/02/20 01:11:25.372 連線確認 E122828927 (21,21)
[3608] 2015/02/20 01:12:25.386 連線確認 E122828927 (21,21)
[3608] 2015/02/20 01:13:09.894 收到 Head 資訊 {Count 2} {Type B } 
[3608] 2015/02/20 01:13:25.399 連線確認 E122828927 (21,21)
[3608] 2015/02/20 01:14:25.413 連線確認 E122828927 (21,21)
[3608] 2015/02/20 01:15:25.426 連線確認 E122828927 (21,21)
[3608] 2015/02/20 01:16:25.442 連線確認 E122828927 (21,21)
[3608] 2015/02/20 01:17:25.455 連線確認 E122828927 (21,21)
[3608] 2015/02/20 01:18:10.891 收到 Head 資訊 {Count 2} {Type B } 
[3608] 2015/02/20 01:18:25.468 連線確認 E122828927 (21,21)
[3608] 2015/02/20 01:19:25.481 連線確認 E122828927 (21,21)
[3608] 2015/02/20 01:20:33.635 連線確認 E122828927 (21,21)
[3608] 2015/02/20 01:21:33.511 連線確認 E122828927 (21,21)
[3608] 2015/02/20 01:22:33.528 連線確認 E122828927 (21,21)
[3608] 2015/02/20 01:23:11.757 收到 Head 資訊 {Count 2} {Type B } 
[3608] 2015/02/20 01:23:33.539 連線確認 E122828927 (21,21)
[3608] 2015/02/20 01:24:33.552 連線確認 E122828927 (21,21)
[3608] 2015/02/20 01:25:33.566 連線確認 E122828927 (21,21)
[3608] 2015/02/20 01:26:33.580 連線確認 E122828927 (21,21)
[3608] 2015/02/20 01:27:33.593 連線確認 E122828927 (21,21)
[3608] 2015/02/20 01:28:12.753 收到 Head 資訊 {Count 2} {Type B } 
[3608] 2015/02/20 01:28:33.607 連線確認 E122828927 (21,21)
[3608] 2015/02/20 01:29:33.620 連線確認 E122828927 (21,21)
[3608] 2015/02/20 01:30:33.633 連線確認 E122828927 (21,21)
[3608] 2015/02/20 01:31:33.647 連線確認 E122828927 (21,21)
[3608] 2015/02/20 01:32:33.661 連線確認 E122828927 (21,21)
[3608] 2015/02/20 01:33:13.749 收到 Head 資訊 {Count 2} {Type B } 
[3608] 2015/02/20 01:33:33.674 連線確認 E122828927 (21,21)
[3608] 2015/02/20 01:34:33.689 連線確認 E122828927 (21,21)
[3608] 2015/02/20 01:35:33.701 連線確認 E122828927 (21,21)
[3608] 2015/02/20 01:36:33.715 連線確認 E122828927 (21,21)
[3608] 2015/02/20 01:37:33.728 連線確認 E122828927 (21,21)
[3608] 2015/02/20 01:38:15.254 收到 Head 資訊 {Count 2} {Type B } 
[3608] 2015/02/20 01:38:33.742 連線確認 E122828927 (21,21)
[3608] 2015/02/20 01:39:33.756 連線確認 E122828927 (21,21)
[3608] 2015/02/20 01:40:33.770 連線確認 E122828927 (21,21)
[3608] 2015/02/20 01:41:33.783 連線確認 E122828927 (21,21)
[3608] 2015/02/20 01:42:33.797 連線確認 E122828927 (21,21)
[3608] 2015/02/20 01:43:16.250 收到 Head 資訊 {Count 2} {Type B } 
[3608] 2015/02/20 01:43:33.811 連線確認 E122828927 (21,21)
[3608] 2015/02/20 01:44:33.823 連線確認 E122828927 (21,21)
[3608] 2015/02/20 01:45:33.838 連線確認 E122828927 (21,21)
[3608] 2015/02/20 01:46:33.850 連線確認 E122828927 (21,21)
[3608] 2015/02/20 01:47:33.864 連線確認 E122828927 (21,21)
[3608] 2015/02/20 01:48:17.247 收到 Head 資訊 {Count 2} {Type B } 
[3608] 2015/02/20 01:48:33.878 連線確認 E122828927 (21,21)
[3608] 2015/02/20 01:49:33.892 連線確認 E122828927 (21,21)
[3608] 2015/02/20 01:50:33.906 連線確認 E122828927 (21,21)
[3608] 2015/02/20 01:51:33.918 連線確認 E122828927 (21,21)
[3608] 2015/02/20 01:52:33.933 連線確認 E122828927 (21,21)
[3608] 2015/02/20 01:53:17.423 收到 Head 資訊 {Count 2} {Type B } 
[3608] 2015/02/20 01:53:33.947 連線確認 E122828927 (21,21)
[3608] 2015/02/20 01:54:33.960 連線確認 E122828927 (21,21)
[3608] 2015/02/20 01:55:33.974 連線確認 E122828927 (21,21)
[3608] 2015/02/20 01:56:33.986 連線確認 E122828927 (21,21)
[3608] 2015/02/20 01:57:34.001 連線確認 E122828927 (21,21)
[3608] 2015/02/20 01:58:20.419 收到 Head 資訊 {Count 2} {Type B } 
[3608] 2015/02/20 01:58:34.014 連線確認 E122828927 (21,21)
[3608] 2015/02/20 01:59:34.027 連線確認 E122828927 (21,21)
