[4120] 2015/02/09 07:50:14.034 API InitInstance 
[4120] 2015/02/09 07:50:14.383 E122828927 連線 Code：0
[4120] 2015/02/09 07:50:15.389 收到 Head 資訊 {Count 2} {Type C } 
[4120] 2015/02/09 07:50:15.391 收到 Head 資訊 {Count 2} {Type C } 
[4120] 2015/02/09 07:50:15.393 收到 Head 資訊 {Count 2} {Type C } 
[4120] 2015/02/09 07:50:15.395 收到 Head 資訊 {Count 2} {Type C } 
[4120] 2015/02/09 07:50:15.397 收到 Head 資訊 {Count 2} {Type C } 
[4120] 2015/02/09 07:50:15.399 收到 Head 資訊 {Count 2} {Type C } 
[4120] 2015/02/09 07:50:15.402 收到 Head 資訊 {Count 2} {Type C } 
[4120] 2015/02/09 07:50:15.404 收到 Head 資訊 {Count 2} {Type C } 
[4120] 2015/02/09 07:50:15.406 收到 Head 資訊 {Count 2} {Type C } 
[4120] 2015/02/09 07:50:15.408 收到 Head 資訊 {Count 2} {Type C } 
[4120] 2015/02/09 07:50:15.409 收到 Head 資訊 {Count 2} {Type C } 
[4120] 2015/02/09 07:50:15.411 收到 Head 資訊 {Count 2} {Type C } 
[4120] 2015/02/09 07:50:15.413 收到 Head 資訊 {Count 2} {Type C } 
[4120] 2015/02/09 07:50:15.415 收到 Head 資訊 {Count 2} {Type C } 
[4120] 2015/02/09 07:50:15.417 收到 Head 資訊 {Count 2} {Type C } 
[4120] 2015/02/09 07:50:15.418 收到 Head 資訊 {Count 2} {Type C } 
[4120] 2015/02/09 07:50:15.420 收到 Head 資訊 {Count 2} {Type C } 
[4120] 2015/02/09 07:50:15.422 收到 Head 資訊 {Count 2} {Type C } 
[4120] 2015/02/09 07:50:15.424 收到 Head 資訊 {Count 2} {Type C } 
[4120] 2015/02/09 07:50:15.426 收到 Head 資訊 {Count 2} {Type C } 
[4120] 2015/02/09 07:50:15.427 收到 Head 資訊 {Count 2} {Type C } 
[4120] 2015/02/09 07:50:15.429 收到 Head 資訊 {Count 2} {Type C } 
[4120] 2015/02/09 07:50:15.431 收到 Head 資訊 {Count 2} {Type C } 
[4120] 2015/02/09 07:50:15.432 收到 Head 資訊 {Count 2} {Type C } 
[4120] 2015/02/09 07:50:15.434 收到 Head 資訊 {Count 2} {Type C } 
[4120] 2015/02/09 07:50:15.436 收到 Head 資訊 {Count 2} {Type C } 
[4120] 2015/02/09 07:50:15.438 收到 Head 資訊 {Count 2} {Type C } 
[4120] 2015/02/09 07:50:15.440 收到 Head 資訊 {Count 2} {Type C } 
[4120] 2015/02/09 07:50:15.442 收到 Head 資訊 {Count 2} {Type C } 
[4120] 2015/02/09 07:50:15.444 收到 Head 資訊 {Count 2} {Type C } 
[4120] 2015/02/09 07:50:15.446 收到 Head 資訊 {Count 2} {Type C } 
[4120] 2015/02/09 07:50:15.447 收到 Head 資訊 {Count 2} {Type C } 
[4120] 2015/02/09 07:50:15.449 收到 Head 資訊 {Count 2} {Type C } 
[4120] 2015/02/09 07:50:15.451 收到 Head 資訊 {Count 2} {Type C } 
[4120] 2015/02/09 07:50:15.453 收到 Head 資訊 {Count 2} {Type C } 
[4120] 2015/02/09 07:50:15.455 收到 Head 資訊 {Count 2} {Type C } 
[4120] 2015/02/09 07:50:15.457 收到 Head 資訊 {Count 2} {Type C } 
[4120] 2015/02/09 07:50:15.459 收到 Head 資訊 {Count 2} {Type C } 
[4120] 2015/02/09 07:50:15.461 收到 Head 資訊 {Count 2} {Type C } 
[4120] 2015/02/09 07:50:15.463 收到 Head 資訊 {Count 2} {Type C } 
[4120] 2015/02/09 07:50:15.464 收到 Head 資訊 {Count 2} {Type C } 
[4120] 2015/02/09 07:50:15.466 收到 Head 資訊 {Count 2} {Type C } 
[4120] 2015/02/09 07:50:15.468 收到 Head 資訊 {Count 2} {Type C } 
[4120] 2015/02/09 07:50:15.470 收到 Head 資訊 {Count 2} {Type C } 
[4120] 2015/02/09 07:50:15.472 收到 Head 資訊 {Count 2} {Type C } 
[4120] 2015/02/09 07:50:15.474 收到 Head 資訊 {Count 2} {Type C } 
[4120] 2015/02/09 07:50:15.476 收到 Head 資訊 {Count 2} {Type C } 
[4120] 2015/02/09 07:50:15.478 收到 Head 資訊 {Count 2} {Type C } 
[4120] 2015/02/09 07:50:15.480 收到 Head 資訊 {Count 2} {Type C } 
[4120] 2015/02/09 07:50:15.482 收到 Head 資訊 {Count 2} {Type C } 
[4120] 2015/02/09 07:50:15.484 收到 Head 資訊 {Count 2} {Type C } 
[4120] 2015/02/09 07:50:15.486 收到 Head 資訊 {Count 2} {Type C } 
[4120] 2015/02/09 07:50:15.488 收到 Head 資訊 {Count 2} {Type C } 
[4120] 2015/02/09 07:50:15.490 收到 Head 資訊 {Count 2} {Type C } 
[4120] 2015/02/09 07:50:15.492 收到 Head 資訊 {Count 2} {Type C } 
[4120] 2015/02/09 07:50:15.494 收到 Head 資訊 {Count 2} {Type C } 
[4120] 2015/02/09 07:50:15.496 收到 Head 資訊 {Count 2} {Type C } 
[4120] 2015/02/09 07:50:15.498 收到 Head 資訊 {Count 2} {Type C } 
[4120] 2015/02/09 07:50:15.500 收到 Head 資訊 {Count 2} {Type C } 
[4120] 2015/02/09 07:50:15.502 收到 Head 資訊 {Count 2} {Type C } 
[4120] 2015/02/09 07:50:15.504 收到 Head 資訊 {Count 2} {Type C } 
[4120] 2015/02/09 07:50:15.506 收到 Head 資訊 {Count 2} {Type C } 
[4120] 2015/02/09 07:50:15.508 收到 Head 資訊 {Count 2} {Type C } 
[4120] 2015/02/09 07:50:15.510 收到 Head 資訊 {Count 2} {Type C } 
[4120] 2015/02/09 07:50:15.512 收到 Head 資訊 {Count 2} {Type C } 
[4120] 2015/02/09 07:50:15.514 收到 Head 資訊 {Count 2} {Type C } 
[4120] 2015/02/09 07:50:15.516 收到 Head 資訊 {Count 2} {Type C } 
[4120] 2015/02/09 07:50:15.518 收到 Head 資訊 {Count 2} {Type C } 
[4120] 2015/02/09 07:50:15.520 收到 Head 資訊 {Count 2} {Type C } 
[4120] 2015/02/09 07:50:15.522 收到 Head 資訊 {Count 2} {Type C } 
[4120] 2015/02/09 07:50:15.524 收到 Head 資訊 {Count 2} {Type C } 
[4120] 2015/02/09 07:50:15.526 收到 Head 資訊 {Count 2} {Type C } 
[4120] 2015/02/09 07:50:15.528 收到 Head 資訊 {Count 2} {Type C } 
[4120] 2015/02/09 07:50:15.530 收到 Head 資訊 {Count 2} {Type C } 
[4120] 2015/02/09 07:50:15.532 收到 Head 資訊 {Count 2} {Type C } 
[4120] 2015/02/09 07:50:15.534 收到 Head 資訊 {Count 2} {Type C } 
[4120] 2015/02/09 07:50:15.536 收到 Head 資訊 {Count 2} {Type C } 
[4120] 2015/02/09 07:50:15.538 收到 Head 資訊 {Count 2} {Type C } 
[4120] 2015/02/09 07:50:15.540 收到 Head 資訊 {Count 2} {Type C } 
[4120] 2015/02/09 07:50:15.542 收到 Head 資訊 {Count 2} {Type C } 
[4120] 2015/02/09 07:50:15.544 收到 Head 資訊 {Count 2} {Type C } 
[4120] 2015/02/09 07:50:15.546 收到 Head 資訊 {Count 2} {Type C } 
[4120] 2015/02/09 07:50:15.548 收到 Head 資訊 {Count 2} {Type C } 
[4120] 2015/02/09 07:50:15.550 收到 Head 資訊 {Count 2} {Type C } 
[4120] 2015/02/09 07:50:15.552 收到 Head 資訊 {Count 2} {Type C } 
[4120] 2015/02/09 07:50:15.554 收到 Head 資訊 {Count 2} {Type B } 
[4120] 2015/02/09 07:51:14.361 連線確認 E122828927 (21,21)
[4120] 2015/02/09 07:52:14.376 連線確認 E122828927 (21,21)
[4120] 2015/02/09 07:53:14.389 連線確認 E122828927 (21,21)
[4120] 2015/02/09 07:54:14.403 連線確認 E122828927 (21,21)
[4120] 2015/02/09 07:55:04.059 收到 Head 資訊 {Count 2} {Type C } 
[4120] 2015/02/09 07:55:14.416 連線確認 E122828927 (21,21)
[4120] 2015/02/09 07:55:14.618 收到 Head 資訊 {Count 2} {Type B } 
[4120] 2015/02/09 07:56:14.429 連線確認 E122828927 (21,21)
[4120] 2015/02/09 07:57:14.442 連線確認 E122828927 (21,21)
[4120] 2015/02/09 07:58:14.456 連線確認 E122828927 (21,21)
[4120] 2015/02/09 07:59:14.471 連線確認 E122828927 (21,21)
[4120] 2015/02/09 08:00:17.501 連線確認 E122828927 (21,21)
[4120] 2015/02/09 08:00:25.881 收到 Head 資訊 {Count 2} {Type B } 
[4120] 2015/02/09 08:01:17.509 連線確認 E122828927 (21,21)
[4120] 2015/02/09 08:02:17.521 連線確認 E122828927 (21,21)
[4120] 2015/02/09 08:03:17.536 連線確認 E122828927 (21,21)
[4120] 2015/02/09 08:04:17.549 連線確認 E122828927 (21,21)
[4120] 2015/02/09 08:05:13.949 收到 Head 資訊 {Count 2} {Type C } 
[4120] 2015/02/09 08:05:16.510 收到 Head 資訊 {Count 2} {Type B } 
[4120] 2015/02/09 08:05:17.562 連線確認 E122828927 (21,21)
[4120] 2015/02/09 08:06:17.576 連線確認 E122828927 (21,21)
[4120] 2015/02/09 08:07:17.590 連線確認 E122828927 (21,21)
[4120] 2015/02/09 08:07:44.188 收到 Head 資訊 {Count 2} {Type C } 
[4120] 2015/02/09 08:07:54.188 收到 Head 資訊 {Count 2} {Type C } 
[4120] 2015/02/09 08:08:04.187 收到 Head 資訊 {Count 2} {Type C } 
[4120] 2015/02/09 08:08:17.603 連線確認 E122828927 (21,21)
[4120] 2015/02/09 08:09:17.617 連線確認 E122828927 (21,21)
[4120] 2015/02/09 08:10:17.507 收到 Head 資訊 {Count 2} {Type B } 
[4120] 2015/02/09 08:10:17.631 連線確認 E122828927 (21,21)
[4120] 2015/02/09 08:11:17.644 連線確認 E122828927 (21,21)
[4120] 2015/02/09 08:12:17.658 連線確認 E122828927 (21,21)
[4120] 2015/02/09 08:13:17.671 連線確認 E122828927 (21,21)
[4120] 2015/02/09 08:14:17.685 連線確認 E122828927 (21,21)
[4120] 2015/02/09 08:15:03.354 收到 Head 資訊 {Count 2} {Type C } 
[4120] 2015/02/09 08:15:13.374 收到 Head 資訊 {Count 2} {Type C } 
[4120] 2015/02/09 08:15:17.698 連線確認 E122828927 (21,21)
[4120] 2015/02/09 08:15:18.533 收到 Head 資訊 {Count 2} {Type B } 
[4120] 2015/02/09 08:16:17.712 連線確認 E122828927 (21,21)
[4120] 2015/02/09 08:17:17.725 連線確認 E122828927 (21,21)
[4120] 2015/02/09 08:18:17.740 連線確認 E122828927 (21,21)
[4120] 2015/02/09 08:19:17.752 連線確認 E122828927 (21,21)
[4120] 2015/02/09 08:20:17.766 連線確認 E122828927 (21,21)
[4120] 2015/02/09 08:20:19.458 收到 Head 資訊 {Count 2} {Type B } 
[4120] 2015/02/09 08:21:17.779 連線確認 E122828927 (21,21)
[4120] 2015/02/09 08:22:17.793 連線確認 E122828927 (21,21)
[4120] 2015/02/09 08:23:17.807 連線確認 E122828927 (21,21)
[4120] 2015/02/09 08:24:17.821 連線確認 E122828927 (21,21)
[4120] 2015/02/09 08:25:17.834 連線確認 E122828927 (21,21)
[4120] 2015/02/09 08:25:20.455 收到 Head 資訊 {Count 2} {Type B } 
[4120] 2015/02/09 08:26:03.355 收到 Head 資訊 {Count 2} {Type C } 
[4120] 2015/02/09 08:26:17.849 連線確認 E122828927 (21,21)
[4120] 2015/02/09 08:27:17.861 連線確認 E122828927 (21,21)
[4120] 2015/02/09 08:27:43.553 收到 Head 資訊 {Count 2} {Type C } 
[4120] 2015/02/09 08:28:17.875 連線確認 E122828927 (21,21)
[4120] 2015/02/09 08:29:17.889 連線確認 E122828927 (21,21)
[4120] 2015/02/09 08:30:17.902 連線確認 E122828927 (21,21)
[4120] 2015/02/09 08:30:21.482 收到 Head 資訊 {Count 2} {Type B } 
[4120] 2015/02/09 08:31:17.916 連線確認 E122828927 (21,21)
[4120] 2015/02/09 08:32:17.929 連線確認 E122828927 (21,21)
[4120] 2015/02/09 08:33:17.943 連線確認 E122828927 (21,21)
[4120] 2015/02/09 08:34:17.957 連線確認 E122828927 (21,21)
[4120] 2015/02/09 08:35:03.953 收到 Head 資訊 {Count 2} {Type C } 
[4120] 2015/02/09 08:35:13.863 收到 Head 資訊 {Count 2} {Type C } 
[4120] 2015/02/09 08:35:17.969 連線確認 E122828927 (21,21)
[4120] 2015/02/09 08:35:22.882 收到 Head 資訊 {Count 2} {Type B } 
[4120] 2015/02/09 08:35:23.872 收到 Head 資訊 {Count 2} {Type C } 
[4120] 2015/02/09 08:36:17.984 連線確認 E122828927 (21,21)
[4120] 2015/02/09 08:37:17.997 連線確認 E122828927 (21,21)
[4120] 2015/02/09 08:38:18.011 連線確認 E122828927 (21,21)
[4120] 2015/02/09 08:39:18.025 連線確認 E122828927 (21,21)
[4120] 2015/02/09 08:40:18.038 連線確認 E122828927 (21,21)
[4120] 2015/02/09 08:40:23.919 收到 Head 資訊 {Count 2} {Type B } 
[4120] 2015/02/09 08:41:18.051 連線確認 E122828927 (21,21)
[4120] 2015/02/09 08:42:18.065 連線確認 E122828927 (21,21)
[4120] 2015/02/09 08:43:18.079 連線確認 E122828927 (21,21)
[4120] 2015/02/09 08:44:18.092 連線確認 E122828927 (21,21)
[4120] 2015/02/09 08:45:18.105 連線確認 E122828927 (21,21)
[4120] 2015/02/09 08:45:24.897 收到 Head 資訊 {Count 2} {Type B } 
[4120] 2015/02/09 08:46:18.119 連線確認 E122828927 (21,21)
[4120] 2015/02/09 08:46:43.402 收到 Head 資訊 {Count 2} {Type C } 
[4120] 2015/02/09 08:47:18.132 連線確認 E122828927 (21,21)
[4120] 2015/02/09 08:47:43.652 收到 Head 資訊 {Count 2} {Type C } 
[4120] 2015/02/09 08:47:53.681 收到 Head 資訊 {Count 2} {Type C } 
[4120] 2015/02/09 08:48:03.712 收到 Head 資訊 {Count 2} {Type C } 
[4120] 2015/02/09 08:48:13.571 收到 Head 資訊 {Count 2} {Type C } 
[4120] 2015/02/09 08:48:18.146 連線確認 E122828927 (21,21)
[4120] 2015/02/09 08:48:23.602 收到 Head 資訊 {Count 2} {Type C } 
[4120] 2015/02/09 08:48:33.632 收到 Head 資訊 {Count 2} {Type C } 
[4120] 2015/02/09 08:49:18.160 連線確認 E122828927 (21,21)
[4120] 2015/02/09 08:50:18.174 連線確認 E122828927 (21,21)
[4120] 2015/02/09 08:50:25.390 收到 Head 資訊 {Count 2} {Type B } 
[4120] 2015/02/09 08:51:18.188 連線確認 E122828927 (21,21)
[4120] 2015/02/09 08:52:18.201 連線確認 E122828927 (21,21)
[4120] 2015/02/09 08:53:18.214 連線確認 E122828927 (21,21)
[4120] 2015/02/09 08:54:18.228 連線確認 E122828927 (21,21)
[4120] 2015/02/09 08:55:03.518 收到 Head 資訊 {Count 2} {Type C } 
[4120] 2015/02/09 08:55:13.597 收到 Head 資訊 {Count 2} {Type C } 
[4120] 2015/02/09 08:55:18.241 連線確認 E122828927 (21,21)
[4120] 2015/02/09 08:55:23.717 收到 Head 資訊 {Count 2} {Type C } 
[4120] 2015/02/09 08:55:26.447 收到 Head 資訊 {Count 2} {Type B } 
[4120] 2015/02/09 08:55:33.587 收到 Head 資訊 {Count 2} {Type C } 
[4120] 2015/02/09 08:55:43.667 收到 Head 資訊 {Count 2} {Type C } 
[4120] 2015/02/09 08:55:53.538 收到 Head 資訊 {Count 2} {Type C } 
[4120] 2015/02/09 08:56:03.618 收到 Head 資訊 {Count 2} {Type C } 
[4120] 2015/02/09 08:56:18.255 連線確認 E122828927 (21,21)
[4120] 2015/02/09 08:57:18.269 連線確認 E122828927 (21,21)
[4120] 2015/02/09 08:58:18.282 連線確認 E122828927 (21,21)
[4120] 2015/02/09 08:59:18.296 連線確認 E122828927 (21,21)
[4120] 2015/02/09 09:00:18.309 連線確認 E122828927 (21,21)
[4120] 2015/02/09 09:00:27.324 收到 Head 資訊 {Count 2} {Type B } 
[4120] 2015/02/09 09:01:18.323 連線確認 E122828927 (21,21)
[4120] 2015/02/09 09:02:18.336 連線確認 E122828927 (21,21)
[4120] 2015/02/09 09:03:18.351 連線確認 E122828927 (21,21)
[4120] 2015/02/09 09:04:18.364 連線確認 E122828927 (21,21)
[4120] 2015/02/09 09:05:18.379 連線確認 E122828927 (21,21)
[4120] 2015/02/09 09:05:28.355 收到 Head 資訊 {Count 2} {Type B } 
[4120] 2015/02/09 09:06:18.391 連線確認 E122828927 (21,21)
[4120] 2015/02/09 09:07:18.405 連線確認 E122828927 (21,21)
[4120] 2015/02/09 09:08:18.418 連線確認 E122828927 (21,21)
[4120] 2015/02/09 09:08:33.754 收到 Head 資訊 {Count 2} {Type C } 
[4120] 2015/02/09 09:08:43.763 收到 Head 資訊 {Count 2} {Type C } 
[4120] 2015/02/09 09:08:53.774 收到 Head 資訊 {Count 2} {Type C } 
[4120] 2015/02/09 09:09:03.773 收到 Head 資訊 {Count 2} {Type C } 
[4120] 2015/02/09 09:09:13.774 收到 Head 資訊 {Count 2} {Type C } 
[4120] 2015/02/09 09:09:18.432 連線確認 E122828927 (21,21)
[4120] 2015/02/09 09:09:23.774 收到 Head 資訊 {Count 2} {Type C } 
[4120] 2015/02/09 09:10:18.445 連線確認 E122828927 (21,21)
[4120] 2015/02/09 09:10:29.239 收到 Head 資訊 {Count 2} {Type B } 
[4120] 2015/02/09 09:11:18.459 連線確認 E122828927 (21,21)
[4120] 2015/02/09 09:12:18.474 連線確認 E122828927 (21,21)
[4120] 2015/02/09 09:13:18.486 連線確認 E122828927 (21,21)
[4120] 2015/02/09 09:14:18.499 連線確認 E122828927 (21,21)
[4120] 2015/02/09 09:15:03.531 收到 Head 資訊 {Count 2} {Type C } 
[4120] 2015/02/09 09:15:13.690 收到 Head 資訊 {Count 2} {Type C } 
[4120] 2015/02/09 09:15:18.513 連線確認 E122828927 (21,21)
[4120] 2015/02/09 09:15:23.579 收到 Head 資訊 {Count 2} {Type C } 
[4120] 2015/02/09 09:15:30.340 收到 Head 資訊 {Count 2} {Type B } 
[4120] 2015/02/09 09:15:33.720 收到 Head 資訊 {Count 2} {Type C } 
[4120] 2015/02/09 09:16:18.526 連線確認 E122828927 (21,21)
[4120] 2015/02/09 09:17:18.541 連線確認 E122828927 (21,21)
[4120] 2015/02/09 09:18:18.554 連線確認 E122828927 (21,21)
[4120] 2015/02/09 09:19:18.569 連線確認 E122828927 (21,21)
[4120] 2015/02/09 09:20:18.581 連線確認 E122828927 (21,21)
[4120] 2015/02/09 09:20:31.489 收到 Head 資訊 {Count 2} {Type B } 
[4120] 2015/02/09 09:21:18.596 連線確認 E122828927 (21,21)
[4120] 2015/02/09 09:22:18.608 連線確認 E122828927 (21,21)
[4120] 2015/02/09 09:23:18.622 連線確認 E122828927 (21,21)
[4120] 2015/02/09 09:24:18.636 連線確認 E122828927 (21,21)
[4120] 2015/02/09 09:25:18.649 連線確認 E122828927 (21,21)
[4120] 2015/02/09 09:25:32.366 收到 Head 資訊 {Count 2} {Type B } 
[4120] 2015/02/09 09:26:18.663 連線確認 E122828927 (21,21)
[4120] 2015/02/09 09:27:18.676 連線確認 E122828927 (21,21)
[4120] 2015/02/09 09:28:18.691 連線確認 E122828927 (21,21)
[4120] 2015/02/09 09:29:18.703 連線確認 E122828927 (21,21)
[4120] 2015/02/09 09:30:04.244 收到 Head 資訊 {Count 2} {Type C } 
[4120] 2015/02/09 09:30:14.113 收到 Head 資訊 {Count 2} {Type C } 
[4120] 2015/02/09 09:30:18.717 連線確認 E122828927 (21,21)
[4120] 2015/02/09 09:30:24.143 收到 Head 資訊 {Count 2} {Type C } 
[4120] 2015/02/09 09:30:33.322 收到 Head 資訊 {Count 2} {Type B } 
[4120] 2015/02/09 09:30:34.134 收到 Head 資訊 {Count 2} {Type C } 
[4120] 2015/02/09 09:30:44.123 收到 Head 資訊 {Count 2} {Type C } 
[4120] 2015/02/09 09:31:18.731 連線確認 E122828927 (21,21)
[4120] 2015/02/09 09:32:18.745 連線確認 E122828927 (21,21)
[4120] 2015/02/09 09:33:18.759 連線確認 E122828927 (21,21)
[4120] 2015/02/09 09:34:18.772 連線確認 E122828927 (21,21)
[4120] 2015/02/09 09:35:18.786 連線確認 E122828927 (21,21)
[4120] 2015/02/09 09:35:34.400 收到 Head 資訊 {Count 2} {Type B } 
[4120] 2015/02/09 09:36:18.799 連線確認 E122828927 (21,21)
[4120] 2015/02/09 09:37:18.813 連線確認 E122828927 (21,21)
[4120] 2015/02/09 09:38:18.826 連線確認 E122828927 (21,21)
[4120] 2015/02/09 09:39:18.840 連線確認 E122828927 (21,21)
[4120] 2015/02/09 09:40:18.853 連線確認 E122828927 (21,21)
[4120] 2015/02/09 09:40:35.485 收到 Head 資訊 {Count 2} {Type B } 
[4120] 2015/02/09 09:41:18.867 連線確認 E122828927 (21,21)
[4120] 2015/02/09 09:42:18.880 連線確認 E122828927 (21,21)
[4120] 2015/02/09 09:43:18.894 連線確認 E122828927 (21,21)
[4120] 2015/02/09 09:44:18.908 連線確認 E122828927 (21,21)
[4120] 2015/02/09 09:45:18.921 連線確認 E122828927 (21,21)
[4120] 2015/02/09 09:45:36.494 收到 Head 資訊 {Count 2} {Type B } 
[4120] 2015/02/09 09:46:18.935 連線確認 E122828927 (21,21)
[4120] 2015/02/09 09:47:18.949 連線確認 E122828927 (21,21)
[4120] 2015/02/09 09:48:18.961 連線確認 E122828927 (21,21)
[4120] 2015/02/09 09:49:18.975 連線確認 E122828927 (21,21)
[4120] 2015/02/09 09:49:54.128 收到 Head 資訊 {Count 2} {Type C } 
[4120] 2015/02/09 09:50:04.087 收到 Head 資訊 {Count 2} {Type C } 
[4120] 2015/02/09 09:50:14.187 收到 Head 資訊 {Count 2} {Type C } 
[4120] 2015/02/09 09:50:18.989 連線確認 E122828927 (21,21)
[4120] 2015/02/09 09:50:37.156 收到 Head 資訊 {Count 2} {Type B } 
[4120] 2015/02/09 09:51:19.003 連線確認 E122828927 (21,21)
[4120] 2015/02/09 09:52:19.016 連線確認 E122828927 (21,21)
[4120] 2015/02/09 09:53:19.032 連線確認 E122828927 (21,21)
[4120] 2015/02/09 09:54:19.043 連線確認 E122828927 (21,21)
[4120] 2015/02/09 09:55:03.954 收到 Head 資訊 {Count 2} {Type C } 
[4120] 2015/02/09 09:55:13.874 收到 Head 資訊 {Count 2} {Type C } 
[4120] 2015/02/09 09:55:19.056 連線確認 E122828927 (21,21)
[4120] 2015/02/09 09:55:38.252 收到 Head 資訊 {Count 2} {Type B } 
[4120] 2015/02/09 09:56:19.070 連線確認 E122828927 (21,21)
[4120] 2015/02/09 09:57:19.084 連線確認 E122828927 (21,21)
[4120] 2015/02/09 09:58:19.098 連線確認 E122828927 (21,21)
[4120] 2015/02/09 09:59:19.111 連線確認 E122828927 (21,21)
[4120] 2015/02/09 10:00:19.125 連線確認 E122828927 (21,21)
[4120] 2015/02/09 10:00:39.270 收到 Head 資訊 {Count 2} {Type B } 
[4120] 2015/02/09 10:01:19.138 連線確認 E122828927 (21,21)
[4120] 2015/02/09 10:02:19.152 連線確認 E122828927 (21,21)
[4120] 2015/02/09 10:03:19.165 連線確認 E122828927 (21,21)
[4120] 2015/02/09 10:04:19.179 連線確認 E122828927 (21,21)
[4120] 2015/02/09 10:05:02.068 API ExitInstance 
[4596] 2015/02/09 15:26:12.708 API InitInstance 
[4596] 2015/02/09 15:26:13.008 E122828927 連線 Code：0
[4596] 2015/02/09 15:26:14.014 收到 Head 資訊 {Count 2} {Type C } 
[4596] 2015/02/09 15:26:14.015 收到 Head 資訊 {Count 2} {Type C } 
[4596] 2015/02/09 15:26:14.017 收到 Head 資訊 {Count 2} {Type C } 
[4596] 2015/02/09 15:26:14.019 收到 Head 資訊 {Count 2} {Type C } 
[4596] 2015/02/09 15:26:14.021 收到 Head 資訊 {Count 2} {Type C } 
[4596] 2015/02/09 15:26:14.023 收到 Head 資訊 {Count 2} {Type C } 
[4596] 2015/02/09 15:26:14.025 收到 Head 資訊 {Count 2} {Type C } 
[4596] 2015/02/09 15:26:14.027 收到 Head 資訊 {Count 2} {Type C } 
[4596] 2015/02/09 15:26:14.029 收到 Head 資訊 {Count 2} {Type C } 
[4596] 2015/02/09 15:26:14.030 收到 Head 資訊 {Count 2} {Type C } 
[4596] 2015/02/09 15:26:14.032 收到 Head 資訊 {Count 2} {Type C } 
[4596] 2015/02/09 15:26:14.034 收到 Head 資訊 {Count 2} {Type C } 
[4596] 2015/02/09 15:26:14.036 收到 Head 資訊 {Count 2} {Type C } 
[4596] 2015/02/09 15:26:14.039 收到 Head 資訊 {Count 2} {Type C } 
[4596] 2015/02/09 15:26:14.040 收到 Head 資訊 {Count 2} {Type C } 
[4596] 2015/02/09 15:26:14.042 收到 Head 資訊 {Count 2} {Type C } 
[4596] 2015/02/09 15:26:14.044 收到 Head 資訊 {Count 2} {Type C } 
[4596] 2015/02/09 15:26:14.046 收到 Head 資訊 {Count 2} {Type C } 
[4596] 2015/02/09 15:26:14.048 收到 Head 資訊 {Count 2} {Type C } 
[4596] 2015/02/09 15:26:14.050 收到 Head 資訊 {Count 2} {Type C } 
[4596] 2015/02/09 15:26:14.052 收到 Head 資訊 {Count 2} {Type C } 
[4596] 2015/02/09 15:26:14.054 收到 Head 資訊 {Count 2} {Type C } 
[4596] 2015/02/09 15:26:14.056 收到 Head 資訊 {Count 2} {Type C } 
[4596] 2015/02/09 15:26:14.058 收到 Head 資訊 {Count 2} {Type C } 
[4596] 2015/02/09 15:26:14.060 收到 Head 資訊 {Count 2} {Type C } 
[4596] 2015/02/09 15:26:14.062 收到 Head 資訊 {Count 2} {Type C } 
[4596] 2015/02/09 15:26:14.064 收到 Head 資訊 {Count 2} {Type C } 
[4596] 2015/02/09 15:26:14.066 收到 Head 資訊 {Count 2} {Type C } 
[4596] 2015/02/09 15:26:14.068 收到 Head 資訊 {Count 2} {Type C } 
[4596] 2015/02/09 15:26:14.069 收到 Head 資訊 {Count 2} {Type C } 
[4596] 2015/02/09 15:26:14.071 收到 Head 資訊 {Count 2} {Type C } 
[4596] 2015/02/09 15:26:14.073 收到 Head 資訊 {Count 2} {Type C } 
[4596] 2015/02/09 15:26:14.075 收到 Head 資訊 {Count 2} {Type C } 
[4596] 2015/02/09 15:26:14.076 收到 Head 資訊 {Count 2} {Type C } 
[4596] 2015/02/09 15:26:14.078 收到 Head 資訊 {Count 2} {Type C } 
[4596] 2015/02/09 15:26:14.080 收到 Head 資訊 {Count 2} {Type C } 
[4596] 2015/02/09 15:26:14.082 收到 Head 資訊 {Count 2} {Type C } 
[4596] 2015/02/09 15:26:14.084 收到 Head 資訊 {Count 2} {Type C } 
[4596] 2015/02/09 15:26:14.085 收到 Head 資訊 {Count 2} {Type C } 
[4596] 2015/02/09 15:26:14.087 收到 Head 資訊 {Count 2} {Type C } 
[4596] 2015/02/09 15:26:14.089 收到 Head 資訊 {Count 2} {Type C } 
[4596] 2015/02/09 15:26:14.091 收到 Head 資訊 {Count 2} {Type C } 
[4596] 2015/02/09 15:26:14.093 收到 Head 資訊 {Count 2} {Type C } 
[4596] 2015/02/09 15:26:14.094 收到 Head 資訊 {Count 2} {Type C } 
[4596] 2015/02/09 15:26:14.096 收到 Head 資訊 {Count 2} {Type C } 
[4596] 2015/02/09 15:26:14.098 收到 Head 資訊 {Count 2} {Type C } 
[4596] 2015/02/09 15:26:14.100 收到 Head 資訊 {Count 2} {Type C } 
[4596] 2015/02/09 15:26:14.101 收到 Head 資訊 {Count 2} {Type C } 
[4596] 2015/02/09 15:26:14.103 收到 Head 資訊 {Count 2} {Type C } 
[4596] 2015/02/09 15:26:14.105 收到 Head 資訊 {Count 2} {Type C } 
[4596] 2015/02/09 15:26:14.107 收到 Head 資訊 {Count 2} {Type C } 
[4596] 2015/02/09 15:26:14.109 收到 Head 資訊 {Count 2} {Type C } 
[4596] 2015/02/09 15:26:14.111 收到 Head 資訊 {Count 2} {Type C } 
[4596] 2015/02/09 15:26:14.112 收到 Head 資訊 {Count 2} {Type C } 
[4596] 2015/02/09 15:26:14.114 收到 Head 資訊 {Count 2} {Type C } 
[4596] 2015/02/09 15:26:14.116 收到 Head 資訊 {Count 2} {Type C } 
[4596] 2015/02/09 15:26:14.118 收到 Head 資訊 {Count 2} {Type C } 
[4596] 2015/02/09 15:26:14.120 收到 Head 資訊 {Count 2} {Type C } 
[4596] 2015/02/09 15:26:14.121 收到 Head 資訊 {Count 2} {Type C } 
[4596] 2015/02/09 15:26:14.123 收到 Head 資訊 {Count 2} {Type C } 
[4596] 2015/02/09 15:26:14.125 收到 Head 資訊 {Count 2} {Type C } 
[4596] 2015/02/09 15:26:14.127 收到 Head 資訊 {Count 2} {Type C } 
[4596] 2015/02/09 15:26:14.129 收到 Head 資訊 {Count 2} {Type C } 
[4596] 2015/02/09 15:26:14.130 收到 Head 資訊 {Count 2} {Type C } 
[4596] 2015/02/09 15:26:14.132 收到 Head 資訊 {Count 2} {Type C } 
[4596] 2015/02/09 15:26:14.134 收到 Head 資訊 {Count 2} {Type C } 
[4596] 2015/02/09 15:26:14.136 收到 Head 資訊 {Count 2} {Type C } 
[4596] 2015/02/09 15:26:14.138 收到 Head 資訊 {Count 2} {Type C } 
[4596] 2015/02/09 15:26:14.139 收到 Head 資訊 {Count 2} {Type C } 
[4596] 2015/02/09 15:26:14.141 收到 Head 資訊 {Count 2} {Type C } 
[4596] 2015/02/09 15:26:14.143 收到 Head 資訊 {Count 2} {Type C } 
[4596] 2015/02/09 15:26:14.145 收到 Head 資訊 {Count 2} {Type C } 
[4596] 2015/02/09 15:26:14.147 收到 Head 資訊 {Count 2} {Type C } 
[4596] 2015/02/09 15:26:14.148 收到 Head 資訊 {Count 2} {Type C } 
[4596] 2015/02/09 15:26:14.150 收到 Head 資訊 {Count 2} {Type C } 
[4596] 2015/02/09 15:26:14.152 收到 Head 資訊 {Count 2} {Type C } 
[4596] 2015/02/09 15:26:14.154 收到 Head 資訊 {Count 2} {Type C } 
[4596] 2015/02/09 15:26:14.156 收到 Head 資訊 {Count 2} {Type C } 
[4596] 2015/02/09 15:26:14.157 收到 Head 資訊 {Count 2} {Type C } 
[4596] 2015/02/09 15:26:14.159 收到 Head 資訊 {Count 2} {Type C } 
[4596] 2015/02/09 15:26:14.161 收到 Head 資訊 {Count 2} {Type C } 
[4596] 2015/02/09 15:26:14.163 收到 Head 資訊 {Count 2} {Type C } 
[4596] 2015/02/09 15:26:14.165 收到 Head 資訊 {Count 2} {Type C } 
[4596] 2015/02/09 15:26:14.167 收到 Head 資訊 {Count 2} {Type C } 
[4596] 2015/02/09 15:26:14.168 收到 Head 資訊 {Count 2} {Type C } 
[4596] 2015/02/09 15:26:14.170 收到 Head 資訊 {Count 2} {Type C } 
[4596] 2015/02/09 15:26:14.172 收到 Head 資訊 {Count 2} {Type C } 
[4596] 2015/02/09 15:26:14.174 收到 Head 資訊 {Count 2} {Type C } 
[4596] 2015/02/09 15:26:14.175 收到 Head 資訊 {Count 2} {Type C } 
[4596] 2015/02/09 15:26:14.177 收到 Head 資訊 {Count 2} {Type C } 
[4596] 2015/02/09 15:26:14.179 收到 Head 資訊 {Count 2} {Type C } 
[4596] 2015/02/09 15:26:14.181 收到 Head 資訊 {Count 2} {Type C } 
[4596] 2015/02/09 15:26:14.183 收到 Head 資訊 {Count 2} {Type C } 
[4596] 2015/02/09 15:26:14.185 收到 Head 資訊 {Count 2} {Type C } 
[4596] 2015/02/09 15:26:14.186 收到 Head 資訊 {Count 2} {Type C } 
[4596] 2015/02/09 15:26:14.188 收到 Head 資訊 {Count 2} {Type C } 
[4596] 2015/02/09 15:26:14.190 收到 Head 資訊 {Count 2} {Type C } 
[4596] 2015/02/09 15:26:14.192 收到 Head 資訊 {Count 2} {Type C } 
[4596] 2015/02/09 15:26:14.194 收到 Head 資訊 {Count 2} {Type C } 
[4596] 2015/02/09 15:26:14.196 收到 Head 資訊 {Count 2} {Type C } 
[4596] 2015/02/09 15:26:14.197 收到 Head 資訊 {Count 2} {Type C } 
[4596] 2015/02/09 15:26:14.199 收到 Head 資訊 {Count 2} {Type C } 
[4596] 2015/02/09 15:26:14.201 收到 Head 資訊 {Count 2} {Type C } 
[4596] 2015/02/09 15:26:14.203 收到 Head 資訊 {Count 2} {Type C } 
[4596] 2015/02/09 15:26:14.205 收到 Head 資訊 {Count 2} {Type C } 
[4596] 2015/02/09 15:26:14.206 收到 Head 資訊 {Count 2} {Type C } 
[4596] 2015/02/09 15:26:14.208 收到 Head 資訊 {Count 2} {Type C } 
[4596] 2015/02/09 15:26:14.210 收到 Head 資訊 {Count 2} {Type C } 
[4596] 2015/02/09 15:26:14.212 收到 Head 資訊 {Count 2} {Type C } 
[4596] 2015/02/09 15:26:14.213 收到 Head 資訊 {Count 2} {Type C } 
[4596] 2015/02/09 15:26:14.215 收到 Head 資訊 {Count 2} {Type C } 
[4596] 2015/02/09 15:26:14.217 收到 Head 資訊 {Count 2} {Type C } 
[4596] 2015/02/09 15:26:14.219 收到 Head 資訊 {Count 2} {Type C } 
[4596] 2015/02/09 15:26:14.221 收到 Head 資訊 {Count 2} {Type C } 
[4596] 2015/02/09 15:26:14.222 收到 Head 資訊 {Count 2} {Type C } 
[4596] 2015/02/09 15:26:14.224 收到 Head 資訊 {Count 2} {Type C } 
[4596] 2015/02/09 15:26:14.226 收到 Head 資訊 {Count 2} {Type C } 
[4596] 2015/02/09 15:26:14.228 收到 Head 資訊 {Count 2} {Type C } 
[4596] 2015/02/09 15:26:14.230 收到 Head 資訊 {Count 2} {Type C } 
[4596] 2015/02/09 15:26:14.231 收到 Head 資訊 {Count 2} {Type C } 
[4596] 2015/02/09 15:26:14.233 收到 Head 資訊 {Count 2} {Type C } 
[4596] 2015/02/09 15:26:14.235 收到 Head 資訊 {Count 2} {Type C } 
[4596] 2015/02/09 15:26:14.237 收到 Head 資訊 {Count 2} {Type C } 
[4596] 2015/02/09 15:26:14.238 收到 Head 資訊 {Count 2} {Type C } 
[4596] 2015/02/09 15:26:14.240 收到 Head 資訊 {Count 2} {Type C } 
[4596] 2015/02/09 15:26:14.242 收到 Head 資訊 {Count 2} {Type C } 
[4596] 2015/02/09 15:26:14.244 收到 Head 資訊 {Count 2} {Type C } 
[4596] 2015/02/09 15:26:14.245 收到 Head 資訊 {Count 2} {Type C } 
[4596] 2015/02/09 15:26:14.247 收到 Head 資訊 {Count 2} {Type C } 
[4596] 2015/02/09 15:26:14.249 收到 Head 資訊 {Count 2} {Type C } 
[4596] 2015/02/09 15:26:14.251 收到 Head 資訊 {Count 2} {Type C } 
[4596] 2015/02/09 15:26:14.253 收到 Head 資訊 {Count 2} {Type C } 
[4596] 2015/02/09 15:26:14.255 收到 Head 資訊 {Count 2} {Type C } 
[4596] 2015/02/09 15:26:14.256 收到 Head 資訊 {Count 2} {Type C } 
[4596] 2015/02/09 15:26:14.258 收到 Head 資訊 {Count 2} {Type C } 
[4596] 2015/02/09 15:26:14.260 收到 Head 資訊 {Count 2} {Type C } 
[4596] 2015/02/09 15:26:14.262 收到 Head 資訊 {Count 2} {Type C } 
[4596] 2015/02/09 15:26:14.263 收到 Head 資訊 {Count 2} {Type C } 
[4596] 2015/02/09 15:26:14.265 收到 Head 資訊 {Count 2} {Type C } 
[4596] 2015/02/09 15:26:14.267 收到 Head 資訊 {Count 2} {Type C } 
[4596] 2015/02/09 15:26:14.269 收到 Head 資訊 {Count 2} {Type C } 
[4596] 2015/02/09 15:26:14.270 收到 Head 資訊 {Count 2} {Type C } 
[4596] 2015/02/09 15:26:14.272 收到 Head 資訊 {Count 2} {Type C } 
[4596] 2015/02/09 15:26:14.274 收到 Head 資訊 {Count 2} {Type C } 
[4596] 2015/02/09 15:26:14.276 收到 Head 資訊 {Count 2} {Type C } 
[4596] 2015/02/09 15:26:14.278 收到 Head 資訊 {Count 2} {Type C } 
[4596] 2015/02/09 15:26:14.280 收到 Head 資訊 {Count 2} {Type C } 
[4596] 2015/02/09 15:26:14.282 收到 Head 資訊 {Count 2} {Type C } 
[4596] 2015/02/09 15:26:14.284 收到 Head 資訊 {Count 2} {Type C } 
[4596] 2015/02/09 15:26:14.285 收到 Head 資訊 {Count 2} {Type C } 
[4596] 2015/02/09 15:26:14.288 收到 Head 資訊 {Count 2} {Type C } 
[4596] 2015/02/09 15:26:14.289 收到 Head 資訊 {Count 2} {Type C } 
[4596] 2015/02/09 15:26:14.291 收到 Head 資訊 {Count 2} {Type C } 
[4596] 2015/02/09 15:26:14.293 收到 Head 資訊 {Count 2} {Type C } 
[4596] 2015/02/09 15:26:14.295 收到 Head 資訊 {Count 2} {Type C } 
[4596] 2015/02/09 15:26:14.297 收到 Head 資訊 {Count 2} {Type C } 
[4596] 2015/02/09 15:26:14.299 收到 Head 資訊 {Count 2} {Type C } 
[4596] 2015/02/09 15:26:14.301 收到 Head 資訊 {Count 2} {Type C } 
[4596] 2015/02/09 15:26:14.302 收到 Head 資訊 {Count 2} {Type C } 
[4596] 2015/02/09 15:26:14.304 收到 Head 資訊 {Count 2} {Type C } 
[4596] 2015/02/09 15:26:14.306 收到 Head 資訊 {Count 2} {Type C } 
[4596] 2015/02/09 15:26:14.308 收到 Head 資訊 {Count 2} {Type C } 
[4596] 2015/02/09 15:26:14.310 收到 Head 資訊 {Count 2} {Type C } 
[4596] 2015/02/09 15:26:14.312 收到 Head 資訊 {Count 2} {Type C } 
[4596] 2015/02/09 15:26:14.314 收到 Head 資訊 {Count 2} {Type C } 
[4596] 2015/02/09 15:26:14.315 收到 Head 資訊 {Count 2} {Type C } 
[4596] 2015/02/09 15:26:14.317 收到 Head 資訊 {Count 2} {Type C } 
[4596] 2015/02/09 15:26:14.319 收到 Head 資訊 {Count 2} {Type C } 
[4596] 2015/02/09 15:26:14.321 收到 Head 資訊 {Count 2} {Type C } 
[4596] 2015/02/09 15:26:14.323 收到 Head 資訊 {Count 2} {Type C } 
[4596] 2015/02/09 15:26:14.324 收到 Head 資訊 {Count 2} {Type C } 
[4596] 2015/02/09 15:26:14.326 收到 Head 資訊 {Count 2} {Type C } 
[4596] 2015/02/09 15:26:14.328 收到 Head 資訊 {Count 2} {Type C } 
[4596] 2015/02/09 15:26:14.330 收到 Head 資訊 {Count 2} {Type C } 
[4596] 2015/02/09 15:26:14.332 收到 Head 資訊 {Count 2} {Type C } 
[4596] 2015/02/09 15:26:14.334 收到 Head 資訊 {Count 2} {Type C } 
[4596] 2015/02/09 15:26:14.336 收到 Head 資訊 {Count 2} {Type C } 
[4596] 2015/02/09 15:26:14.338 收到 Head 資訊 {Count 2} {Type C } 
[4596] 2015/02/09 15:26:14.340 收到 Head 資訊 {Count 2} {Type C } 
[4596] 2015/02/09 15:26:14.342 收到 Head 資訊 {Count 2} {Type C } 
[4596] 2015/02/09 15:26:14.344 收到 Head 資訊 {Count 2} {Type C } 
[4596] 2015/02/09 15:26:14.346 收到 Head 資訊 {Count 2} {Type C } 
[4596] 2015/02/09 15:26:14.348 收到 Head 資訊 {Count 2} {Type C } 
[4596] 2015/02/09 15:26:14.349 收到 Head 資訊 {Count 2} {Type C } 
[4596] 2015/02/09 15:26:14.351 收到 Head 資訊 {Count 2} {Type C } 
[4596] 2015/02/09 15:26:14.353 收到 Head 資訊 {Count 2} {Type C } 
[4596] 2015/02/09 15:26:14.355 收到 Head 資訊 {Count 2} {Type C } 
[4596] 2015/02/09 15:26:14.357 收到 Head 資訊 {Count 2} {Type C } 
[4596] 2015/02/09 15:26:14.359 收到 Head 資訊 {Count 2} {Type C } 
[4596] 2015/02/09 15:26:14.362 收到 Head 資訊 {Count 2} {Type C } 
[4596] 2015/02/09 15:26:14.364 收到 Head 資訊 {Count 2} {Type C } 
[4596] 2015/02/09 15:26:14.366 收到 Head 資訊 {Count 2} {Type C } 
[4596] 2015/02/09 15:26:14.368 收到 Head 資訊 {Count 2} {Type C } 
[4596] 2015/02/09 15:26:14.370 收到 Head 資訊 {Count 2} {Type C } 
[4596] 2015/02/09 15:26:14.372 收到 Head 資訊 {Count 2} {Type C } 
[4596] 2015/02/09 15:26:14.374 收到 Head 資訊 {Count 2} {Type C } 
[4596] 2015/02/09 15:26:14.376 收到 Head 資訊 {Count 2} {Type C } 
[4596] 2015/02/09 15:26:14.378 收到 Head 資訊 {Count 2} {Type C } 
[4596] 2015/02/09 15:26:14.380 收到 Head 資訊 {Count 2} {Type C } 
[4596] 2015/02/09 15:26:14.382 收到 Head 資訊 {Count 2} {Type C } 
[4596] 2015/02/09 15:26:14.384 收到 Head 資訊 {Count 2} {Type C } 
[4596] 2015/02/09 15:26:14.386 收到 Head 資訊 {Count 2} {Type C } 
[4596] 2015/02/09 15:26:14.388 收到 Head 資訊 {Count 2} {Type C } 
[4596] 2015/02/09 15:26:14.390 收到 Head 資訊 {Count 2} {Type C } 
[4596] 2015/02/09 15:26:14.391 收到 Head 資訊 {Count 2} {Type C } 
[4596] 2015/02/09 15:26:14.393 收到 Head 資訊 {Count 2} {Type C } 
[4596] 2015/02/09 15:26:14.395 收到 Head 資訊 {Count 2} {Type C } 
[4596] 2015/02/09 15:26:14.397 收到 Head 資訊 {Count 2} {Type C } 
[4596] 2015/02/09 15:26:14.400 收到 Head 資訊 {Count 2} {Type C } 
[4596] 2015/02/09 15:26:14.401 收到 Head 資訊 {Count 2} {Type C } 
[4596] 2015/02/09 15:26:14.403 收到 Head 資訊 {Count 2} {Type C } 
[4596] 2015/02/09 15:26:14.405 收到 Head 資訊 {Count 2} {Type C } 
[4596] 2015/02/09 15:26:14.407 收到 Head 資訊 {Count 2} {Type C } 
[4596] 2015/02/09 15:26:14.410 收到 Head 資訊 {Count 2} {Type C } 
[4596] 2015/02/09 15:26:14.412 收到 Head 資訊 {Count 2} {Type C } 
[4596] 2015/02/09 15:26:14.414 收到 Head 資訊 {Count 2} {Type C } 
[4596] 2015/02/09 15:26:14.416 收到 Head 資訊 {Count 2} {Type C } 
[4596] 2015/02/09 15:26:14.418 收到 Head 資訊 {Count 2} {Type C } 
[4596] 2015/02/09 15:26:14.420 收到 Head 資訊 {Count 2} {Type C } 
[4596] 2015/02/09 15:26:14.422 收到 Head 資訊 {Count 2} {Type C } 
[4596] 2015/02/09 15:26:14.423 收到 Head 資訊 {Count 2} {Type C } 
[4596] 2015/02/09 15:26:14.425 收到 Head 資訊 {Count 2} {Type C } 
[4596] 2015/02/09 15:26:14.427 收到 Head 資訊 {Count 2} {Type C } 
[4596] 2015/02/09 15:26:14.429 收到 Head 資訊 {Count 2} {Type C } 
[4596] 2015/02/09 15:26:14.431 收到 Head 資訊 {Count 2} {Type C } 
[4596] 2015/02/09 15:26:14.433 收到 Head 資訊 {Count 2} {Type C } 
[4596] 2015/02/09 15:26:14.435 收到 Head 資訊 {Count 2} {Type C } 
[4596] 2015/02/09 15:26:14.437 收到 Head 資訊 {Count 2} {Type C } 
[4596] 2015/02/09 15:26:14.439 收到 Head 資訊 {Count 2} {Type C } 
[4596] 2015/02/09 15:26:14.441 收到 Head 資訊 {Count 2} {Type C } 
[4596] 2015/02/09 15:26:14.443 收到 Head 資訊 {Count 2} {Type C } 
[4596] 2015/02/09 15:26:14.445 收到 Head 資訊 {Count 2} {Type C } 
[4596] 2015/02/09 15:26:14.447 收到 Head 資訊 {Count 2} {Type C } 
[4596] 2015/02/09 15:26:14.449 收到 Head 資訊 {Count 2} {Type C } 
[4596] 2015/02/09 15:26:14.451 收到 Head 資訊 {Count 2} {Type C } 
[4596] 2015/02/09 15:26:14.453 收到 Head 資訊 {Count 2} {Type C } 
[4596] 2015/02/09 15:26:14.455 收到 Head 資訊 {Count 2} {Type C } 
[4596] 2015/02/09 15:26:14.457 收到 Head 資訊 {Count 2} {Type C } 
[4596] 2015/02/09 15:26:14.459 收到 Head 資訊 {Count 2} {Type C } 
[4596] 2015/02/09 15:26:14.461 收到 Head 資訊 {Count 2} {Type C } 
[4596] 2015/02/09 15:26:14.463 收到 Head 資訊 {Count 2} {Type C } 
[4596] 2015/02/09 15:26:14.465 收到 Head 資訊 {Count 2} {Type C } 
[4596] 2015/02/09 15:26:14.467 收到 Head 資訊 {Count 2} {Type C } 
[4596] 2015/02/09 15:26:14.469 收到 Head 資訊 {Count 2} {Type C } 
[4596] 2015/02/09 15:26:14.471 收到 Head 資訊 {Count 2} {Type C } 
[4596] 2015/02/09 15:26:14.473 收到 Head 資訊 {Count 2} {Type C } 
[4596] 2015/02/09 15:26:14.474 收到 Head 資訊 {Count 2} {Type C } 
[4596] 2015/02/09 15:26:14.476 收到 Head 資訊 {Count 2} {Type C } 
[4596] 2015/02/09 15:26:14.477 收到 Head 資訊 {Count 2} {Type C } 
[4596] 2015/02/09 15:26:14.479 收到 Head 資訊 {Count 2} {Type C } 
[4596] 2015/02/09 15:26:14.480 收到 Head 資訊 {Count 2} {Type C } 
[4596] 2015/02/09 15:26:14.482 收到 Head 資訊 {Count 2} {Type C } 
[4596] 2015/02/09 15:26:14.483 收到 Head 資訊 {Count 2} {Type C } 
[4596] 2015/02/09 15:26:14.485 收到 Head 資訊 {Count 2} {Type C } 
[4596] 2015/02/09 15:26:14.487 收到 Head 資訊 {Count 2} {Type C } 
[4596] 2015/02/09 15:26:14.488 收到 Head 資訊 {Count 2} {Type C } 
[4596] 2015/02/09 15:26:14.489 收到 Head 資訊 {Count 2} {Type C } 
[4596] 2015/02/09 15:26:14.491 收到 Head 資訊 {Count 2} {Type C } 
[4596] 2015/02/09 15:26:14.493 收到 Head 資訊 {Count 2} {Type C } 
[4596] 2015/02/09 15:26:14.494 收到 Head 資訊 {Count 2} {Type C } 
[4596] 2015/02/09 15:26:14.496 收到 Head 資訊 {Count 2} {Type C } 
[4596] 2015/02/09 15:26:14.497 收到 Head 資訊 {Count 2} {Type C } 
[4596] 2015/02/09 15:26:14.499 收到 Head 資訊 {Count 2} {Type C } 
[4596] 2015/02/09 15:26:14.500 收到 Head 資訊 {Count 2} {Type C } 
[4596] 2015/02/09 15:26:14.502 收到 Head 資訊 {Count 2} {Type C } 
[4596] 2015/02/09 15:26:14.503 收到 Head 資訊 {Count 2} {Type C } 
[4596] 2015/02/09 15:26:14.505 收到 Head 資訊 {Count 2} {Type C } 
[4596] 2015/02/09 15:26:14.506 收到 Head 資訊 {Count 2} {Type C } 
[4596] 2015/02/09 15:26:14.508 收到 Head 資訊 {Count 2} {Type C } 
[4596] 2015/02/09 15:26:14.510 收到 Head 資訊 {Count 2} {Type C } 
[4596] 2015/02/09 15:26:14.511 收到 Head 資訊 {Count 2} {Type C } 
[4596] 2015/02/09 15:26:14.513 收到 Head 資訊 {Count 2} {Type C } 
[4596] 2015/02/09 15:26:14.515 收到 Head 資訊 {Count 2} {Type C } 
[4596] 2015/02/09 15:26:14.516 收到 Head 資訊 {Count 2} {Type C } 
[4596] 2015/02/09 15:26:14.518 收到 Head 資訊 {Count 2} {Type C } 
[4596] 2015/02/09 15:26:14.519 收到 Head 資訊 {Count 2} {Type C } 
[4596] 2015/02/09 15:26:14.521 收到 Head 資訊 {Count 2} {Type C } 
[4596] 2015/02/09 15:26:14.523 收到 Head 資訊 {Count 2} {Type C } 
[4596] 2015/02/09 15:26:14.524 收到 Head 資訊 {Count 2} {Type C } 
[4596] 2015/02/09 15:26:14.526 收到 Head 資訊 {Count 2} {Type C } 
[4596] 2015/02/09 15:26:14.527 收到 Head 資訊 {Count 2} {Type C } 
[4596] 2015/02/09 15:26:14.529 收到 Head 資訊 {Count 2} {Type C } 
[4596] 2015/02/09 15:26:14.530 收到 Head 資訊 {Count 2} {Type C } 
[4596] 2015/02/09 15:26:14.532 收到 Head 資訊 {Count 2} {Type C } 
[4596] 2015/02/09 15:26:14.533 收到 Head 資訊 {Count 2} {Type C } 
[4596] 2015/02/09 15:26:14.535 收到 Head 資訊 {Count 2} {Type C } 
[4596] 2015/02/09 15:26:14.536 收到 Head 資訊 {Count 2} {Type C } 
[4596] 2015/02/09 15:26:14.538 收到 Head 資訊 {Count 2} {Type C } 
[4596] 2015/02/09 15:26:14.540 收到 Head 資訊 {Count 2} {Type C } 
[4596] 2015/02/09 15:26:14.541 收到 Head 資訊 {Count 2} {Type C } 
[4596] 2015/02/09 15:26:14.543 收到 Head 資訊 {Count 2} {Type C } 
[4596] 2015/02/09 15:26:14.544 收到 Head 資訊 {Count 2} {Type C } 
[4596] 2015/02/09 15:26:14.546 收到 Head 資訊 {Count 2} {Type C } 
[4596] 2015/02/09 15:26:14.548 收到 Head 資訊 {Count 2} {Type C } 
[4596] 2015/02/09 15:26:14.549 收到 Head 資訊 {Count 2} {Type C } 
[4596] 2015/02/09 15:26:14.551 收到 Head 資訊 {Count 2} {Type C } 
[4596] 2015/02/09 15:26:14.553 收到 Head 資訊 {Count 2} {Type C } 
[4596] 2015/02/09 15:26:14.555 收到 Head 資訊 {Count 2} {Type C } 
[4596] 2015/02/09 15:26:14.556 收到 Head 資訊 {Count 2} {Type C } 
[4596] 2015/02/09 15:26:14.558 收到 Head 資訊 {Count 2} {Type C } 
[4596] 2015/02/09 15:26:14.559 收到 Head 資訊 {Count 2} {Type C } 
[4596] 2015/02/09 15:26:14.561 收到 Head 資訊 {Count 2} {Type B } 
[4596] 2015/02/09 15:27:12.973 連線確認 E122828927 (21,21)
[4596] 2015/02/09 15:28:12.989 連線確認 E122828927 (21,21)
[4596] 2015/02/09 15:29:13.002 連線確認 E122828927 (21,21)
[4596] 2015/02/09 15:30:13.015 連線確認 E122828927 (21,21)
[4596] 2015/02/09 15:31:13.030 連線確認 E122828927 (21,21)
[4596] 2015/02/09 15:31:14.000 收到 Head 資訊 {Count 2} {Type B } 
[4596] 2015/02/09 15:31:52.192 收到 Head 資訊 {Count 2} {Type C } 
[4596] 2015/02/09 15:32:02.187 收到 Head 資訊 {Count 2} {Type C } 
[4596] 2015/02/09 15:32:12.219 收到 Head 資訊 {Count 2} {Type C } 
[4596] 2015/02/09 15:32:13.042 連線確認 E122828927 (21,21)
[4596] 2015/02/09 15:32:22.208 收到 Head 資訊 {Count 2} {Type C } 
[4596] 2015/02/09 15:33:13.056 連線確認 E122828927 (21,21)
[4596] 2015/02/09 15:34:13.069 連線確認 E122828927 (21,21)
[4596] 2015/02/09 15:35:13.083 連線確認 E122828927 (21,21)
[4596] 2015/02/09 15:36:13.096 連線確認 E122828927 (21,21)
[4596] 2015/02/09 15:36:14.948 收到 Head 資訊 {Count 2} {Type B } 
[4596] 2015/02/09 15:37:13.110 連線確認 E122828927 (21,21)
[4596] 2015/02/09 15:38:13.125 連線確認 E122828927 (21,21)
[4596] 2015/02/09 15:39:13.138 連線確認 E122828927 (21,21)
[4596] 2015/02/09 15:40:13.152 連線確認 E122828927 (21,21)
[4596] 2015/02/09 15:41:13.164 連線確認 E122828927 (21,21)
[4596] 2015/02/09 15:41:16.007 收到 Head 資訊 {Count 2} {Type B } 
[4596] 2015/02/09 15:42:13.177 連線確認 E122828927 (21,21)
[4596] 2015/02/09 15:43:13.192 連線確認 E122828927 (21,21)
[4596] 2015/02/09 15:44:13.205 連線確認 E122828927 (21,21)
[4596] 2015/02/09 15:45:13.218 連線確認 E122828927 (21,21)
[4596] 2015/02/09 15:46:13.232 連線確認 E122828927 (21,21)
[4596] 2015/02/09 15:46:17.696 收到 Head 資訊 {Count 2} {Type B } 
[4596] 2015/02/09 15:47:13.246 連線確認 E122828927 (21,21)
[4596] 2015/02/09 15:48:13.260 連線確認 E122828927 (21,21)
[4596] 2015/02/09 15:49:13.273 連線確認 E122828927 (21,21)
[4596] 2015/02/09 15:50:13.288 連線確認 E122828927 (21,21)
[4596] 2015/02/09 15:51:13.301 連線確認 E122828927 (21,21)
[4596] 2015/02/09 15:51:18.697 收到 Head 資訊 {Count 2} {Type B } 
[4596] 2015/02/09 15:51:53.173 收到 Head 資訊 {Count 2} {Type C } 
[4596] 2015/02/09 15:52:03.176 收到 Head 資訊 {Count 2} {Type C } 
[4596] 2015/02/09 15:52:13.314 連線確認 E122828927 (21,21)
[4596] 2015/02/09 15:53:13.328 連線確認 E122828927 (21,21)
[4596] 2015/02/09 15:54:13.341 連線確認 E122828927 (21,21)
[4596] 2015/02/09 15:55:13.356 連線確認 E122828927 (21,21)
[4596] 2015/02/09 15:56:13.368 連線確認 E122828927 (21,21)
[4596] 2015/02/09 15:56:19.782 收到 Head 資訊 {Count 2} {Type B } 
[4596] 2015/02/09 15:57:13.382 連線確認 E122828927 (21,21)
[4596] 2015/02/09 15:58:13.395 連線確認 E122828927 (21,21)
[4596] 2015/02/09 15:59:13.409 連線確認 E122828927 (21,21)
[4596] 2015/02/09 16:00:13.424 連線確認 E122828927 (21,21)
[4596] 2015/02/09 16:01:13.437 連線確認 E122828927 (21,21)
[4596] 2015/02/09 16:01:20.700 收到 Head 資訊 {Count 2} {Type B } 
[4596] 2015/02/09 16:02:13.450 連線確認 E122828927 (21,21)
[4596] 2015/02/09 16:03:13.463 連線確認 E122828927 (21,21)
[4596] 2015/02/09 16:04:13.476 連線確認 E122828927 (21,21)
[4596] 2015/02/09 16:05:13.491 連線確認 E122828927 (21,21)
[4596] 2015/02/09 16:06:13.504 連線確認 E122828927 (21,21)
[4596] 2015/02/09 16:06:21.688 收到 Head 資訊 {Count 2} {Type B } 
[4596] 2015/02/09 16:07:13.518 連線確認 E122828927 (21,21)
[4596] 2015/02/09 16:08:13.531 連線確認 E122828927 (21,21)
[4596] 2015/02/09 16:09:13.546 連線確認 E122828927 (21,21)
[4596] 2015/02/09 16:10:13.559 連線確認 E122828927 (21,21)
[4596] 2015/02/09 16:11:13.572 連線確認 E122828927 (21,21)
[4596] 2015/02/09 16:11:22.690 收到 Head 資訊 {Count 2} {Type B } 
[4596] 2015/02/09 16:11:33.267 收到 Head 資訊 {Count 2} {Type C } 
[4596] 2015/02/09 16:11:43.274 收到 Head 資訊 {Count 2} {Type C } 
[4596] 2015/02/09 16:11:53.269 收到 Head 資訊 {Count 2} {Type C } 
[4596] 2015/02/09 16:12:13.586 連線確認 E122828927 (21,21)
[4596] 2015/02/09 16:13:13.599 連線確認 E122828927 (21,21)
[4596] 2015/02/09 16:14:16.548 連線確認 E122828927 (21,21)
[4596] 2015/02/09 16:15:02.233 收到 Head 資訊 {Count 2} {Type C } 
[4596] 2015/02/09 16:15:16.513 連線確認 E122828927 (21,21)
[4596] 2015/02/09 16:16:16.526 連線確認 E122828927 (21,21)
[4596] 2015/02/09 16:16:23.818 收到 Head 資訊 {Count 2} {Type B } 
[4596] 2015/02/09 16:17:16.540 連線確認 E122828927 (21,21)
[4596] 2015/02/09 16:18:16.553 連線確認 E122828927 (21,21)
[4596] 2015/02/09 16:19:16.568 連線確認 E122828927 (21,21)
[4596] 2015/02/09 16:20:16.580 連線確認 E122828927 (21,21)
[4596] 2015/02/09 16:21:16.595 連線確認 E122828927 (21,21)
[4596] 2015/02/09 16:21:24.885 收到 Head 資訊 {Count 2} {Type B } 
[4596] 2015/02/09 16:22:16.608 連線確認 E122828927 (21,21)
[4596] 2015/02/09 16:23:16.621 連線確認 E122828927 (21,21)
[4596] 2015/02/09 16:24:16.634 連線確認 E122828927 (21,21)
[4596] 2015/02/09 16:25:16.648 連線確認 E122828927 (21,21)
[4596] 2015/02/09 16:26:16.662 連線確認 E122828927 (21,21)
[4596] 2015/02/09 16:26:25.860 收到 Head 資訊 {Count 2} {Type B } 
[4596] 2015/02/09 16:27:16.675 連線確認 E122828927 (21,21)
[4596] 2015/02/09 16:28:16.689 連線確認 E122828927 (21,21)
[4596] 2015/02/09 16:29:16.702 連線確認 E122828927 (21,21)
[4596] 2015/02/09 16:30:16.717 連線確認 E122828927 (21,21)
[4596] 2015/02/09 16:31:16.730 連線確認 E122828927 (21,21)
[4596] 2015/02/09 16:31:26.332 收到 Head 資訊 {Count 2} {Type B } 
[4596] 2015/02/09 16:31:31.949 收到 Head 資訊 {Count 2} {Type C } 
[4596] 2015/02/09 16:31:41.958 收到 Head 資訊 {Count 2} {Type C } 
[4596] 2015/02/09 16:31:51.994 收到 Head 資訊 {Count 2} {Type C } 
[4596] 2015/02/09 16:32:16.744 連線確認 E122828927 (21,21)
[4596] 2015/02/09 16:33:16.757 連線確認 E122828927 (21,21)
[4596] 2015/02/09 16:34:16.771 連線確認 E122828927 (21,21)
[4596] 2015/02/09 16:35:16.784 連線確認 E122828927 (21,21)
[4596] 2015/02/09 16:36:16.799 連線確認 E122828927 (21,21)
[4596] 2015/02/09 16:36:27.410 收到 Head 資訊 {Count 2} {Type B } 
[4596] 2015/02/09 16:37:16.811 連線確認 E122828927 (21,21)
[4596] 2015/02/09 16:38:16.825 連線確認 E122828927 (21,21)
[4596] 2015/02/09 16:39:16.838 連線確認 E122828927 (21,21)
[4596] 2015/02/09 16:40:16.851 連線確認 E122828927 (21,21)
[4596] 2015/02/09 16:41:16.866 連線確認 E122828927 (21,21)
[4596] 2015/02/09 16:41:28.419 收到 Head 資訊 {Count 2} {Type B } 
[4596] 2015/02/09 16:42:16.879 連線確認 E122828927 (21,21)
[4596] 2015/02/09 16:43:16.894 連線確認 E122828927 (21,21)
[4596] 2015/02/09 16:44:16.907 連線確認 E122828927 (21,21)
[4596] 2015/02/09 16:45:16.920 連線確認 E122828927 (21,21)
[4596] 2015/02/09 16:46:16.934 連線確認 E122828927 (21,21)
[4596] 2015/02/09 16:46:29.554 收到 Head 資訊 {Count 2} {Type B } 
[4596] 2015/02/09 16:47:16.947 連線確認 E122828927 (21,21)
[4596] 2015/02/09 16:48:16.962 連線確認 E122828927 (21,21)
[4596] 2015/02/09 16:49:16.974 連線確認 E122828927 (21,21)
[4596] 2015/02/09 16:50:16.989 連線確認 E122828927 (21,21)
[4596] 2015/02/09 16:51:17.001 連線確認 E122828927 (21,21)
[4596] 2015/02/09 16:51:30.601 收到 Head 資訊 {Count 2} {Type B } 
[4596] 2015/02/09 16:51:32.280 收到 Head 資訊 {Count 2} {Type C } 
[4596] 2015/02/09 16:51:42.302 收到 Head 資訊 {Count 2} {Type C } 
[4596] 2015/02/09 16:51:52.275 收到 Head 資訊 {Count 2} {Type C } 
[4596] 2015/02/09 16:52:17.015 連線確認 E122828927 (21,21)
[4596] 2015/02/09 16:53:17.028 連線確認 E122828927 (21,21)
[4596] 2015/02/09 16:54:17.041 連線確認 E122828927 (21,21)
[4596] 2015/02/09 16:55:17.056 連線確認 E122828927 (21,21)
[4596] 2015/02/09 16:56:17.069 連線確認 E122828927 (21,21)
[4596] 2015/02/09 16:56:31.549 收到 Head 資訊 {Count 2} {Type B } 
[4596] 2015/02/09 16:57:17.084 連線確認 E122828927 (21,21)
[4596] 2015/02/09 16:58:17.097 連線確認 E122828927 (21,21)
[4596] 2015/02/09 16:59:17.111 連線確認 E122828927 (21,21)
[4596] 2015/02/09 17:00:17.123 連線確認 E122828927 (21,21)
[4596] 2015/02/09 17:01:17.138 連線確認 E122828927 (21,21)
[4596] 2015/02/09 17:01:32.413 收到 Head 資訊 {Count 2} {Type B } 
[4596] 2015/02/09 17:02:17.151 連線確認 E122828927 (21,21)
[4596] 2015/02/09 17:03:17.164 連線確認 E122828927 (21,21)
[4596] 2015/02/09 17:04:17.178 連線確認 E122828927 (21,21)
[4596] 2015/02/09 17:05:17.191 連線確認 E122828927 (21,21)
[4596] 2015/02/09 17:06:17.205 連線確認 E122828927 (21,21)
[4596] 2015/02/09 17:06:33.386 收到 Head 資訊 {Count 2} {Type B } 
[4596] 2015/02/09 17:07:17.219 連線確認 E122828927 (21,21)
[4596] 2015/02/09 17:07:52.371 收到 Head 資訊 {Count 2} {Type C } 
[4596] 2015/02/09 17:08:17.232 連線確認 E122828927 (21,21)
[4596] 2015/02/09 17:09:17.247 連線確認 E122828927 (21,21)
[4596] 2015/02/09 17:10:17.259 連線確認 E122828927 (21,21)
[4596] 2015/02/09 17:11:17.273 連線確認 E122828927 (21,21)
[4596] 2015/02/09 17:11:34.383 收到 Head 資訊 {Count 2} {Type B } 
[4596] 2015/02/09 17:12:17.286 連線確認 E122828927 (21,21)
[4596] 2015/02/09 17:13:17.301 連線確認 E122828927 (21,21)
[4596] 2015/02/09 17:14:17.314 連線確認 E122828927 (21,21)
[4596] 2015/02/09 17:15:17.327 連線確認 E122828927 (21,21)
[4596] 2015/02/09 17:16:17.341 連線確認 E122828927 (21,21)
[4596] 2015/02/09 17:16:35.403 收到 Head 資訊 {Count 2} {Type B } 
[4596] 2015/02/09 17:17:17.356 連線確認 E122828927 (21,21)
[4596] 2015/02/09 17:18:17.368 連線確認 E122828927 (21,21)
[4596] 2015/02/09 17:19:17.383 連線確認 E122828927 (21,21)
[4596] 2015/02/09 17:20:17.396 連線確認 E122828927 (21,21)
[4596] 2015/02/09 17:21:17.409 連線確認 E122828927 (21,21)
[4596] 2015/02/09 17:21:36.364 收到 Head 資訊 {Count 2} {Type B } 
[4596] 2015/02/09 17:22:17.422 連線確認 E122828927 (21,21)
[4596] 2015/02/09 17:23:17.437 連線確認 E122828927 (21,21)
[4596] 2015/02/09 17:24:12.572 收到 Head 資訊 {Count 2} {Type C } 
[4596] 2015/02/09 17:24:17.451 連線確認 E122828927 (21,21)
[4596] 2015/02/09 17:25:17.463 連線確認 E122828927 (21,21)
[4596] 2015/02/09 17:25:52.596 收到 Head 資訊 {Count 2} {Type C } 
[4596] 2015/02/09 17:26:17.477 連線確認 E122828927 (21,21)
[4596] 2015/02/09 17:26:37.366 收到 Head 資訊 {Count 2} {Type B } 
[4596] 2015/02/09 17:27:17.491 連線確認 E122828927 (21,21)
[4596] 2015/02/09 17:28:17.504 連線確認 E122828927 (21,21)
[4596] 2015/02/09 17:29:17.517 連線確認 E122828927 (21,21)
[4596] 2015/02/09 17:30:17.531 連線確認 E122828927 (21,21)
[4596] 2015/02/09 17:31:17.544 連線確認 E122828927 (21,21)
[4596] 2015/02/09 17:31:38.751 收到 Head 資訊 {Count 2} {Type B } 
[4596] 2015/02/09 17:32:17.558 連線確認 E122828927 (21,21)
[4596] 2015/02/09 17:33:17.572 連線確認 E122828927 (21,21)
[4596] 2015/02/09 17:34:17.586 連線確認 E122828927 (21,21)
[4596] 2015/02/09 17:35:17.600 連線確認 E122828927 (21,21)
[4596] 2015/02/09 17:36:17.613 連線確認 E122828927 (21,21)
[4596] 2015/02/09 17:36:39.771 收到 Head 資訊 {Count 2} {Type B } 
[4596] 2015/02/09 17:37:17.626 連線確認 E122828927 (21,21)
[4596] 2015/02/09 17:38:17.640 連線確認 E122828927 (21,21)
[4596] 2015/02/09 17:39:17.653 連線確認 E122828927 (21,21)
[4596] 2015/02/09 17:40:17.666 連線確認 E122828927 (21,21)
[4596] 2015/02/09 17:40:33.225 收到 Head 資訊 {Count 2} {Type C } 
[4596] 2015/02/09 17:40:43.216 收到 Head 資訊 {Count 2} {Type C } 
[4596] 2015/02/09 17:41:17.682 連線確認 E122828927 (21,21)
[4596] 2015/02/09 17:41:40.785 收到 Head 資訊 {Count 2} {Type B } 
[4596] 2015/02/09 17:42:17.694 連線確認 E122828927 (21,21)
[4596] 2015/02/09 17:43:17.709 連線確認 E122828927 (21,21)
[4596] 2015/02/09 17:44:17.721 連線確認 E122828927 (21,21)
[4596] 2015/02/09 17:45:17.734 連線確認 E122828927 (21,21)
[4596] 2015/02/09 17:46:17.749 連線確認 E122828927 (21,21)
[4596] 2015/02/09 17:46:41.826 收到 Head 資訊 {Count 2} {Type B } 
[4596] 2015/02/09 17:47:17.762 連線確認 E122828927 (21,21)
[4596] 2015/02/09 17:48:17.775 連線確認 E122828927 (21,21)
[4596] 2015/02/09 17:49:17.789 連線確認 E122828927 (21,21)
[4596] 2015/02/09 17:50:17.803 連線確認 E122828927 (21,21)
[4596] 2015/02/09 17:51:17.816 連線確認 E122828927 (21,21)
[4596] 2015/02/09 17:51:42.359 收到 Head 資訊 {Count 2} {Type B } 
[4596] 2015/02/09 17:52:17.831 連線確認 E122828927 (21,21)
[4596] 2015/02/09 17:53:17.844 連線確認 E122828927 (21,21)
[4596] 2015/02/09 17:54:17.858 連線確認 E122828927 (21,21)
[4596] 2015/02/09 17:55:17.871 連線確認 E122828927 (21,21)
[4596] 2015/02/09 17:56:17.884 連線確認 E122828927 (21,21)
[4596] 2015/02/09 17:56:43.353 收到 Head 資訊 {Count 2} {Type B } 
[4596] 2015/02/09 17:56:53.046 收到 Head 資訊 {Count 2} {Type C } 
[4596] 2015/02/09 17:57:03.050 收到 Head 資訊 {Count 2} {Type C } 
[4596] 2015/02/09 17:57:13.043 收到 Head 資訊 {Count 2} {Type C } 
[4596] 2015/02/09 17:57:17.898 連線確認 E122828927 (21,21)
[4596] 2015/02/09 17:58:17.911 連線確認 E122828927 (21,21)
[4596] 2015/02/09 17:59:17.925 連線確認 E122828927 (21,21)
[4596] 2015/02/09 18:00:17.939 連線確認 E122828927 (21,21)
[4596] 2015/02/09 18:01:17.952 連線確認 E122828927 (21,21)
[4596] 2015/02/09 18:01:44.358 收到 Head 資訊 {Count 2} {Type B } 
[4596] 2015/02/09 18:02:17.966 連線確認 E122828927 (21,21)
[4596] 2015/02/09 18:03:17.980 連線確認 E122828927 (21,21)
[4596] 2015/02/09 18:04:17.992 連線確認 E122828927 (21,21)
[4596] 2015/02/09 18:05:18.008 連線確認 E122828927 (21,21)
[4596] 2015/02/09 18:06:25.468 連線確認 E122828927 (21,21)
[4596] 2015/02/09 18:06:48.856 收到 Head 資訊 {Count 2} {Type B } 
[4596] 2015/02/09 18:07:25.476 連線確認 E122828927 (21,21)
[4596] 2015/02/09 18:07:33.228 API ExitInstance 
