[3924] 2015/01/18 07:32:30.735 SKOrderLib ª©¥» 2.1.22
[3924] 2015/01/18 07:32:30.738 Login ID: E122828927
[3924] 2015/01/18 07:32:31.536 CALL SKOrderLib_ReadCertByID(E122828927)
[3924] 2015/01/18 07:32:33.378 CALL RegisterOnAccountCallBack()
[3924] 2015/01/18 07:32:33.380 CALL GetUserAccount()
[3924] 2015/01/18 07:32:33.382 TS,918J,918J,0456453,E122828927,±d§Óºú,0,0
[3924] 2015/01/18 07:32:33.384 TF,F020000,B17,1709003,E122828927,±d§Óºú,0,0
[3924] 2015/01/18 07:32:33.386 OF,F020000,000,1709003,E122828927,±d§Óºú,0,0
[3924] 2015/01/18 07:32:33.389 CALL RegisterOnOrderAsyncReportCallBack()
[3924] 2015/01/18 07:32:33.391 CALL RegisterOnExecutionReportCallBack()
[944] 2015/01/18 07:38:46.403 SKOrderLib ª©¥» 2.1.22
[944] 2015/01/18 07:38:46.406 Login ID: E122828927
[944] 2015/01/18 07:38:47.172 CALL SKOrderLib_ReadCertByID(E122828927)
[944] 2015/01/18 07:38:48.938 CALL RegisterOnAccountCallBack()
[944] 2015/01/18 07:38:48.940 CALL GetUserAccount()
[944] 2015/01/18 07:38:48.942 TS,918J,918J,0456453,E122828927,±d§Óºú,0,0
[944] 2015/01/18 07:38:48.944 TF,F020000,B17,1709003,E122828927,±d§Óºú,0,0
[944] 2015/01/18 07:38:48.946 OF,F020000,000,1709003,E122828927,±d§Óºú,0,0
[944] 2015/01/18 07:38:48.948 CALL RegisterOnOrderAsyncReportCallBack()
[944] 2015/01/18 07:38:48.951 CALL RegisterOnExecutionReportCallBack()
[3980] 2015/01/18 07:39:29.198 SKOrderLib ª©¥» 2.1.22
[3980] 2015/01/18 07:39:29.201 Login ID: E122828927
[3980] 2015/01/18 07:39:31.414 CALL SKOrderLib_ReadCertByID(E122828927)
[3980] 2015/01/18 07:39:33.887 CALL RegisterOnAccountCallBack()
[3980] 2015/01/18 07:39:33.889 CALL GetUserAccount()
[3980] 2015/01/18 07:39:33.891 TS,918J,918J,0456453,E122828927,±d§Óºú,0,0
[3980] 2015/01/18 07:39:33.893 TF,F020000,B17,1709003,E122828927,±d§Óºú,0,0
[3980] 2015/01/18 07:39:33.895 OF,F020000,000,1709003,E122828927,±d§Óºú,0,0
[3980] 2015/01/18 07:39:33.897 CALL RegisterOnOrderAsyncReportCallBack()
[3980] 2015/01/18 07:39:33.900 CALL RegisterOnExecutionReportCallBack()
[2608] 2015/01/18 07:56:30.163 SKOrderLib ª©¥» 2.1.22
[2608] 2015/01/18 07:56:30.166 Login ID: E122828927
[2608] 2015/01/18 07:56:33.029 CALL SKOrderLib_ReadCertByID(E122828927)
[2608] 2015/01/18 07:56:34.482 CALL RegisterOnAccountCallBack()
[2608] 2015/01/18 07:56:34.484 CALL GetUserAccount()
[2608] 2015/01/18 07:56:34.485 TS,918J,918J,0456453,E122828927,±d§Óºú,0,0
[2608] 2015/01/18 07:56:34.487 TF,F020000,B17,1709003,E122828927,±d§Óºú,0,0
[2608] 2015/01/18 07:56:34.489 OF,F020000,000,1709003,E122828927,±d§Óºú,0,0
[2608] 2015/01/18 07:56:34.492 CALL RegisterOnOrderAsyncReportCallBack()
[2608] 2015/01/18 07:56:34.494 CALL RegisterOnExecutionReportCallBack()
[1352] 2015/01/18 08:15:01.683 SKOrderLib ª©¥» 2.1.22
[1352] 2015/01/18 08:15:01.686 Login ID: E122828927
[1352] 2015/01/18 08:15:02.339 CALL SKOrderLib_ReadCertByID(E122828927)
[1352] 2015/01/18 08:15:02.542 CALL RegisterOnAccountCallBack()
[1352] 2015/01/18 08:15:02.543 CALL GetUserAccount()
[1352] 2015/01/18 08:15:02.544 TS,918J,918J,0456453,E122828927,±d§Óºú,0,0
[1352] 2015/01/18 08:15:02.546 TF,F020000,B17,1709003,E122828927,±d§Óºú,0,0
[1352] 2015/01/18 08:15:02.547 OF,F020000,000,1709003,E122828927,±d§Óºú,0,0
[1352] 2015/01/18 08:15:02.549 CALL RegisterOnOrderAsyncReportCallBack()
[1352] 2015/01/18 08:15:02.551 CALL RegisterOnExecutionReportCallBack()
[2384] 2015/01/18 08:17:16.584 SKOrderLib ª©¥» 2.1.22
[2384] 2015/01/18 08:17:16.587 Login ID: E122828927
[2384] 2015/01/18 08:17:17.275 CALL SKOrderLib_ReadCertByID(E122828927)
[2384] 2015/01/18 08:17:24.561 CALL RegisterOnAccountCallBack()
[2384] 2015/01/18 08:17:24.563 CALL GetUserAccount()
[2384] 2015/01/18 08:17:24.564 TS,918J,918J,0456453,E122828927,±d§Óºú,0,0
[2384] 2015/01/18 08:17:24.566 TF,F020000,B17,1709003,E122828927,±d§Óºú,0,0
[2384] 2015/01/18 08:17:24.568 OF,F020000,000,1709003,E122828927,±d§Óºú,0,0
[2384] 2015/01/18 08:17:24.571 CALL RegisterOnOrderAsyncReportCallBack()
[2384] 2015/01/18 08:17:24.573 CALL RegisterOnExecutionReportCallBack()
[4988] 2015/01/18 08:17:55.185 SKOrderLib ª©¥» 2.1.22
[4988] 2015/01/18 08:17:55.188 Login ID: E122828927
[4988] 2015/01/18 08:17:55.812 CALL SKOrderLib_ReadCertByID(E122828927)
[4988] 2015/01/18 08:17:55.994 CALL RegisterOnAccountCallBack()
[4988] 2015/01/18 08:17:55.996 CALL GetUserAccount()
[4988] 2015/01/18 08:17:55.997 TS,918J,918J,0456453,E122828927,±d§Óºú,0,0
[4988] 2015/01/18 08:17:55.999 TF,F020000,B17,1709003,E122828927,±d§Óºú,0,0
[4988] 2015/01/18 08:17:56.001 OF,F020000,000,1709003,E122828927,±d§Óºú,0,0
[4988] 2015/01/18 08:17:56.003 CALL RegisterOnOrderAsyncReportCallBack()
[4988] 2015/01/18 08:17:56.005 CALL RegisterOnExecutionReportCallBack()
[3672] 2015/01/18 08:20:59.782 SKOrderLib ª©¥» 2.1.22
[3672] 2015/01/18 08:20:59.785 Login ID: E122828927
[3672] 2015/01/18 08:21:00.408 CALL SKOrderLib_ReadCertByID(E122828927)
[3672] 2015/01/18 08:21:00.597 CALL RegisterOnAccountCallBack()
[3672] 2015/01/18 08:21:00.599 CALL GetUserAccount()
[3672] 2015/01/18 08:21:00.600 TS,918J,918J,0456453,E122828927,±d§Óºú,0,0
[3672] 2015/01/18 08:21:00.602 TF,F020000,B17,1709003,E122828927,±d§Óºú,0,0
[3672] 2015/01/18 08:21:00.603 OF,F020000,000,1709003,E122828927,±d§Óºú,0,0
[3672] 2015/01/18 08:21:00.605 CALL RegisterOnOrderAsyncReportCallBack()
[3672] 2015/01/18 08:21:00.607 CALL RegisterOnExecutionReportCallBack()
