[4756] 2015/02/06 07:50:11.778 SKOrderLib ª©¥» 2.1.22
[4756] 2015/02/06 07:50:11.780 Login ID: E122828927
[4756] 2015/02/06 07:50:12.464 CALL SKOrderLib_ReadCertByID(E122828927)
[4756] 2015/02/06 07:50:12.762 CALL RegisterOnAccountCallBack()
[4756] 2015/02/06 07:50:12.763 CALL GetUserAccount()
[4756] 2015/02/06 07:50:12.764 TS,918J,918J,0456453,E122828927,±d§Óºú,0,0
[4756] 2015/02/06 07:50:12.766 TF,F020000,B17,1709003,E122828927,±d§Óºú,0,0
[4756] 2015/02/06 07:50:12.768 OF,F020000,000,1709003,E122828927,±d§Óºú,0,0
[4756] 2015/02/06 07:50:12.770 CALL RegisterOnOrderAsyncReportCallBack()
[4756] 2015/02/06 07:50:12.773 CALL RegisterOnExecutionReportCallBack()
[1952] 2015/02/06 15:26:11.944 SKOrderLib ª©¥» 2.1.22
[1952] 2015/02/06 15:26:11.947 Login ID: E122828927
[1952] 2015/02/06 15:26:12.610 CALL SKOrderLib_ReadCertByID(E122828927)
[1952] 2015/02/06 15:26:12.740 CALL RegisterOnAccountCallBack()
[1952] 2015/02/06 15:26:12.741 CALL GetUserAccount()
[1952] 2015/02/06 15:26:12.742 TS,918J,918J,0456453,E122828927,±d§Óºú,0,0
[1952] 2015/02/06 15:26:12.744 TF,F020000,B17,1709003,E122828927,±d§Óºú,0,0
[1952] 2015/02/06 15:26:12.745 OF,F020000,000,1709003,E122828927,±d§Óºú,0,0
[1952] 2015/02/06 15:26:12.748 CALL RegisterOnOrderAsyncReportCallBack()
[1952] 2015/02/06 15:26:12.749 CALL RegisterOnExecutionReportCallBack()
[1952] 2015/02/06 15:26:13.078 CALL RegisterOnOverseaFutureOpenInterestCallBack()
[1952] 2015/02/06 15:26:13.079 CALL GetOverseaFutureOpenInterest(F0200001709003)
