[5008] 2015/02/23 07:50:15.783 API InitInstance 
[5008] 2015/02/23 07:50:16.176 E122828927 連線 Code：0
[5008] 2015/02/23 07:50:17.231 收到 Head 資訊 {Count 2} {Type C } 
[5008] 2015/02/23 07:50:17.233 收到 Head 資訊 {Count 2} {Type C } 
[5008] 2015/02/23 07:50:17.234 收到 Head 資訊 {Count 2} {Type C } 
[5008] 2015/02/23 07:50:17.236 收到 Head 資訊 {Count 2} {Type C } 
[5008] 2015/02/23 07:50:17.238 收到 Head 資訊 {Count 2} {Type C } 
[5008] 2015/02/23 07:50:17.239 收到 Head 資訊 {Count 2} {Type C } 
[5008] 2015/02/23 07:50:17.241 收到 Head 資訊 {Count 2} {Type C } 
[5008] 2015/02/23 07:50:17.243 收到 Head 資訊 {Count 2} {Type C } 
[5008] 2015/02/23 07:50:17.245 收到 Head 資訊 {Count 2} {Type C } 
[5008] 2015/02/23 07:50:17.246 收到 Head 資訊 {Count 2} {Type C } 
[5008] 2015/02/23 07:50:17.248 收到 Head 資訊 {Count 2} {Type C } 
[5008] 2015/02/23 07:50:17.249 收到 Head 資訊 {Count 2} {Type C } 
[5008] 2015/02/23 07:50:17.251 收到 Head 資訊 {Count 2} {Type C } 
[5008] 2015/02/23 07:50:17.253 收到 Head 資訊 {Count 2} {Type C } 
[5008] 2015/02/23 07:50:17.254 收到 Head 資訊 {Count 2} {Type C } 
[5008] 2015/02/23 07:50:17.256 收到 Head 資訊 {Count 2} {Type C } 
[5008] 2015/02/23 07:50:17.257 收到 Head 資訊 {Count 2} {Type C } 
[5008] 2015/02/23 07:50:17.259 收到 Head 資訊 {Count 2} {Type C } 
[5008] 2015/02/23 07:50:17.261 收到 Head 資訊 {Count 2} {Type C } 
[5008] 2015/02/23 07:50:17.262 收到 Head 資訊 {Count 2} {Type C } 
[5008] 2015/02/23 07:50:17.264 收到 Head 資訊 {Count 2} {Type C } 
[5008] 2015/02/23 07:50:17.265 收到 Head 資訊 {Count 2} {Type C } 
[5008] 2015/02/23 07:50:17.267 收到 Head 資訊 {Count 2} {Type C } 
[5008] 2015/02/23 07:50:17.268 收到 Head 資訊 {Count 2} {Type C } 
[5008] 2015/02/23 07:50:17.270 收到 Head 資訊 {Count 2} {Type C } 
[5008] 2015/02/23 07:50:17.272 收到 Head 資訊 {Count 2} {Type C } 
[5008] 2015/02/23 07:50:17.273 收到 Head 資訊 {Count 2} {Type C } 
[5008] 2015/02/23 07:50:17.275 收到 Head 資訊 {Count 2} {Type C } 
[5008] 2015/02/23 07:50:17.276 收到 Head 資訊 {Count 2} {Type C } 
[5008] 2015/02/23 07:50:17.278 收到 Head 資訊 {Count 2} {Type C } 
[5008] 2015/02/23 07:50:17.280 收到 Head 資訊 {Count 2} {Type C } 
[5008] 2015/02/23 07:50:17.281 收到 Head 資訊 {Count 2} {Type C } 
[5008] 2015/02/23 07:50:17.283 收到 Head 資訊 {Count 2} {Type C } 
[5008] 2015/02/23 07:50:17.284 收到 Head 資訊 {Count 2} {Type C } 
[5008] 2015/02/23 07:50:17.286 收到 Head 資訊 {Count 2} {Type C } 
[5008] 2015/02/23 07:50:17.287 收到 Head 資訊 {Count 2} {Type C } 
[5008] 2015/02/23 07:50:17.289 收到 Head 資訊 {Count 2} {Type C } 
[5008] 2015/02/23 07:50:17.291 收到 Head 資訊 {Count 2} {Type C } 
[5008] 2015/02/23 07:50:17.292 收到 Head 資訊 {Count 2} {Type C } 
[5008] 2015/02/23 07:50:17.294 收到 Head 資訊 {Count 2} {Type C } 
[5008] 2015/02/23 07:50:17.295 收到 Head 資訊 {Count 2} {Type C } 
[5008] 2015/02/23 07:50:17.297 收到 Head 資訊 {Count 2} {Type C } 
[5008] 2015/02/23 07:50:17.299 收到 Head 資訊 {Count 2} {Type C } 
[5008] 2015/02/23 07:50:17.300 收到 Head 資訊 {Count 2} {Type C } 
[5008] 2015/02/23 07:50:17.302 收到 Head 資訊 {Count 2} {Type C } 
[5008] 2015/02/23 07:50:17.303 收到 Head 資訊 {Count 2} {Type C } 
[5008] 2015/02/23 07:50:17.305 收到 Head 資訊 {Count 2} {Type C } 
[5008] 2015/02/23 07:50:17.306 收到 Head 資訊 {Count 2} {Type C } 
[5008] 2015/02/23 07:50:17.308 收到 Head 資訊 {Count 2} {Type C } 
[5008] 2015/02/23 07:50:17.310 收到 Head 資訊 {Count 2} {Type C } 
[5008] 2015/02/23 07:50:17.311 收到 Head 資訊 {Count 2} {Type C } 
[5008] 2015/02/23 07:50:17.313 收到 Head 資訊 {Count 2} {Type C } 
[5008] 2015/02/23 07:50:17.314 收到 Head 資訊 {Count 2} {Type C } 
[5008] 2015/02/23 07:50:17.316 收到 Head 資訊 {Count 2} {Type C } 
[5008] 2015/02/23 07:50:17.317 收到 Head 資訊 {Count 2} {Type C } 
[5008] 2015/02/23 07:50:17.319 收到 Head 資訊 {Count 2} {Type C } 
[5008] 2015/02/23 07:50:17.321 收到 Head 資訊 {Count 2} {Type C } 
[5008] 2015/02/23 07:50:17.322 收到 Head 資訊 {Count 2} {Type C } 
[5008] 2015/02/23 07:50:17.324 收到 Head 資訊 {Count 2} {Type C } 
[5008] 2015/02/23 07:50:17.325 收到 Head 資訊 {Count 2} {Type C } 
[5008] 2015/02/23 07:50:17.327 收到 Head 資訊 {Count 2} {Type C } 
[5008] 2015/02/23 07:50:17.329 收到 Head 資訊 {Count 2} {Type B } 
[5008] 2015/02/23 07:51:16.094 連線確認 E122828927 (21,21)
[5008] 2015/02/23 07:52:16.108 連線確認 E122828927 (21,21)
[5008] 2015/02/23 07:53:16.122 連線確認 E122828927 (21,21)
[5008] 2015/02/23 07:54:16.135 連線確認 E122828927 (21,21)
[5008] 2015/02/23 07:55:16.149 連線確認 E122828927 (21,21)
[5008] 2015/02/23 07:55:16.945 收到 Head 資訊 {Count 2} {Type B } 
[5008] 2015/02/23 07:56:16.162 連線確認 E122828927 (21,21)
[5008] 2015/02/23 07:57:16.176 連線確認 E122828927 (21,21)
[5008] 2015/02/23 07:58:16.189 連線確認 E122828927 (21,21)
[5008] 2015/02/23 07:59:16.202 連線確認 E122828927 (21,21)
[5008] 2015/02/23 08:00:16.217 連線確認 E122828927 (21,21)
[5008] 2015/02/23 08:00:17.942 收到 Head 資訊 {Count 2} {Type B } 
[5008] 2015/02/23 08:01:16.231 連線確認 E122828927 (21,21)
[5008] 2015/02/23 08:02:16.243 連線確認 E122828927 (21,21)
[5008] 2015/02/23 08:03:16.257 連線確認 E122828927 (21,21)
[5008] 2015/02/23 08:04:16.271 連線確認 E122828927 (21,21)
[5008] 2015/02/23 08:05:16.283 連線確認 E122828927 (21,21)
[5008] 2015/02/23 08:05:18.939 收到 Head 資訊 {Count 2} {Type B } 
[5008] 2015/02/23 08:06:16.298 連線確認 E122828927 (21,21)
[5008] 2015/02/23 08:07:16.311 連線確認 E122828927 (21,21)
[5008] 2015/02/23 08:08:16.325 連線確認 E122828927 (21,21)
