[3416] 2015/02/05 07:50:14.170 API InitInstance 
[3416] 2015/02/05 07:50:14.499 E122828927 連線 Code：0
[3416] 2015/02/05 07:50:15.503 收到 Head 資訊 {Count 2} {Type C } 
[3416] 2015/02/05 07:50:15.504 收到 Head 資訊 {Count 2} {Type C } 
[3416] 2015/02/05 07:50:15.506 收到 Head 資訊 {Count 2} {Type C } 
[3416] 2015/02/05 07:50:15.508 收到 Head 資訊 {Count 2} {Type C } 
[3416] 2015/02/05 07:50:15.509 收到 Head 資訊 {Count 2} {Type C } 
[3416] 2015/02/05 07:50:15.511 收到 Head 資訊 {Count 2} {Type C } 
[3416] 2015/02/05 07:50:15.512 收到 Head 資訊 {Count 2} {Type C } 
[3416] 2015/02/05 07:50:15.514 收到 Head 資訊 {Count 2} {Type C } 
[3416] 2015/02/05 07:50:15.516 收到 Head 資訊 {Count 2} {Type C } 
[3416] 2015/02/05 07:50:15.517 收到 Head 資訊 {Count 2} {Type C } 
[3416] 2015/02/05 07:50:15.519 收到 Head 資訊 {Count 2} {Type C } 
[3416] 2015/02/05 07:50:15.521 收到 Head 資訊 {Count 2} {Type C } 
[3416] 2015/02/05 07:50:15.522 收到 Head 資訊 {Count 2} {Type C } 
[3416] 2015/02/05 07:50:15.524 收到 Head 資訊 {Count 2} {Type C } 
[3416] 2015/02/05 07:50:15.525 收到 Head 資訊 {Count 2} {Type C } 
[3416] 2015/02/05 07:50:15.527 收到 Head 資訊 {Count 2} {Type C } 
[3416] 2015/02/05 07:50:15.528 收到 Head 資訊 {Count 2} {Type C } 
[3416] 2015/02/05 07:50:15.530 收到 Head 資訊 {Count 2} {Type C } 
[3416] 2015/02/05 07:50:15.531 收到 Head 資訊 {Count 2} {Type C } 
[3416] 2015/02/05 07:50:15.533 收到 Head 資訊 {Count 2} {Type C } 
[3416] 2015/02/05 07:50:15.534 收到 Head 資訊 {Count 2} {Type C } 
[3416] 2015/02/05 07:50:15.536 收到 Head 資訊 {Count 2} {Type C } 
[3416] 2015/02/05 07:50:15.537 收到 Head 資訊 {Count 2} {Type C } 
[3416] 2015/02/05 07:50:15.539 收到 Head 資訊 {Count 2} {Type C } 
[3416] 2015/02/05 07:50:15.540 收到 Head 資訊 {Count 2} {Type C } 
[3416] 2015/02/05 07:50:15.542 收到 Head 資訊 {Count 2} {Type C } 
[3416] 2015/02/05 07:50:15.543 收到 Head 資訊 {Count 2} {Type C } 
[3416] 2015/02/05 07:50:15.545 收到 Head 資訊 {Count 2} {Type C } 
[3416] 2015/02/05 07:50:15.547 收到 Head 資訊 {Count 2} {Type C } 
[3416] 2015/02/05 07:50:15.548 收到 Head 資訊 {Count 2} {Type C } 
[3416] 2015/02/05 07:50:15.550 收到 Head 資訊 {Count 2} {Type C } 
[3416] 2015/02/05 07:50:15.551 收到 Head 資訊 {Count 2} {Type C } 
[3416] 2015/02/05 07:50:15.553 收到 Head 資訊 {Count 2} {Type C } 
[3416] 2015/02/05 07:50:15.554 收到 Head 資訊 {Count 2} {Type C } 
[3416] 2015/02/05 07:50:15.556 收到 Head 資訊 {Count 2} {Type C } 
[3416] 2015/02/05 07:50:15.558 收到 Head 資訊 {Count 2} {Type C } 
[3416] 2015/02/05 07:50:15.559 收到 Head 資訊 {Count 2} {Type C } 
[3416] 2015/02/05 07:50:15.561 收到 Head 資訊 {Count 2} {Type C } 
[3416] 2015/02/05 07:50:15.562 收到 Head 資訊 {Count 2} {Type C } 
[3416] 2015/02/05 07:50:15.564 收到 Head 資訊 {Count 2} {Type C } 
[3416] 2015/02/05 07:50:15.565 收到 Head 資訊 {Count 2} {Type C } 
[3416] 2015/02/05 07:50:15.567 收到 Head 資訊 {Count 2} {Type C } 
[3416] 2015/02/05 07:50:15.568 收到 Head 資訊 {Count 2} {Type C } 
[3416] 2015/02/05 07:50:15.570 收到 Head 資訊 {Count 2} {Type C } 
[3416] 2015/02/05 07:50:15.571 收到 Head 資訊 {Count 2} {Type C } 
[3416] 2015/02/05 07:50:15.573 收到 Head 資訊 {Count 2} {Type C } 
[3416] 2015/02/05 07:50:15.574 收到 Head 資訊 {Count 2} {Type C } 
[3416] 2015/02/05 07:50:15.576 收到 Head 資訊 {Count 2} {Type C } 
[3416] 2015/02/05 07:50:15.577 收到 Head 資訊 {Count 2} {Type C } 
[3416] 2015/02/05 07:50:15.579 收到 Head 資訊 {Count 2} {Type C } 
[3416] 2015/02/05 07:50:15.580 收到 Head 資訊 {Count 2} {Type C } 
[3416] 2015/02/05 07:50:15.582 收到 Head 資訊 {Count 2} {Type C } 
[3416] 2015/02/05 07:50:15.583 收到 Head 資訊 {Count 2} {Type C } 
[3416] 2015/02/05 07:50:15.585 收到 Head 資訊 {Count 2} {Type C } 
[3416] 2015/02/05 07:50:15.586 收到 Head 資訊 {Count 2} {Type C } 
[3416] 2015/02/05 07:50:15.588 收到 Head 資訊 {Count 2} {Type C } 
[3416] 2015/02/05 07:50:15.590 收到 Head 資訊 {Count 2} {Type C } 
[3416] 2015/02/05 07:50:15.591 收到 Head 資訊 {Count 2} {Type C } 
[3416] 2015/02/05 07:50:15.593 收到 Head 資訊 {Count 2} {Type C } 
[3416] 2015/02/05 07:50:15.594 收到 Head 資訊 {Count 2} {Type C } 
[3416] 2015/02/05 07:50:15.596 收到 Head 資訊 {Count 2} {Type C } 
[3416] 2015/02/05 07:50:15.597 收到 Head 資訊 {Count 2} {Type C } 
[3416] 2015/02/05 07:50:15.599 收到 Head 資訊 {Count 2} {Type C } 
[3416] 2015/02/05 07:50:15.600 收到 Head 資訊 {Count 2} {Type C } 
[3416] 2015/02/05 07:50:15.602 收到 Head 資訊 {Count 2} {Type C } 
[3416] 2015/02/05 07:50:15.603 收到 Head 資訊 {Count 2} {Type C } 
[3416] 2015/02/05 07:50:15.605 收到 Head 資訊 {Count 2} {Type C } 
[3416] 2015/02/05 07:50:15.606 收到 Head 資訊 {Count 2} {Type C } 
[3416] 2015/02/05 07:50:15.608 收到 Head 資訊 {Count 2} {Type C } 
[3416] 2015/02/05 07:50:15.609 收到 Head 資訊 {Count 2} {Type C } 
[3416] 2015/02/05 07:50:15.611 收到 Head 資訊 {Count 2} {Type C } 
[3416] 2015/02/05 07:50:15.612 收到 Head 資訊 {Count 2} {Type C } 
[3416] 2015/02/05 07:50:15.614 收到 Head 資訊 {Count 2} {Type C } 
[3416] 2015/02/05 07:50:15.615 收到 Head 資訊 {Count 2} {Type C } 
[3416] 2015/02/05 07:50:15.617 收到 Head 資訊 {Count 2} {Type C } 
[3416] 2015/02/05 07:50:15.618 收到 Head 資訊 {Count 2} {Type C } 
[3416] 2015/02/05 07:50:15.620 收到 Head 資訊 {Count 2} {Type C } 
[3416] 2015/02/05 07:50:15.621 收到 Head 資訊 {Count 2} {Type C } 
[3416] 2015/02/05 07:50:15.623 收到 Head 資訊 {Count 2} {Type C } 
[3416] 2015/02/05 07:50:15.624 收到 Head 資訊 {Count 2} {Type C } 
[3416] 2015/02/05 07:50:15.626 收到 Head 資訊 {Count 2} {Type C } 
[3416] 2015/02/05 07:50:15.627 收到 Head 資訊 {Count 2} {Type C } 
[3416] 2015/02/05 07:50:15.629 收到 Head 資訊 {Count 2} {Type C } 
[3416] 2015/02/05 07:50:15.630 收到 Head 資訊 {Count 2} {Type C } 
[3416] 2015/02/05 07:50:15.632 收到 Head 資訊 {Count 2} {Type C } 
[3416] 2015/02/05 07:50:15.633 收到 Head 資訊 {Count 2} {Type C } 
[3416] 2015/02/05 07:50:15.635 收到 Head 資訊 {Count 2} {Type C } 
[3416] 2015/02/05 07:50:15.636 收到 Head 資訊 {Count 2} {Type C } 
[3416] 2015/02/05 07:50:15.638 收到 Head 資訊 {Count 2} {Type C } 
[3416] 2015/02/05 07:50:15.639 收到 Head 資訊 {Count 2} {Type C } 
[3416] 2015/02/05 07:50:15.640 收到 Head 資訊 {Count 2} {Type C } 
[3416] 2015/02/05 07:50:15.642 收到 Head 資訊 {Count 2} {Type C } 
[3416] 2015/02/05 07:50:15.643 收到 Head 資訊 {Count 2} {Type C } 
[3416] 2015/02/05 07:50:15.645 收到 Head 資訊 {Count 2} {Type B } 
[3416] 2015/02/05 07:51:14.478 連線確認 E122828927 (21,21)
[3416] 2015/02/05 07:52:14.491 連線確認 E122828927 (21,21)
[3416] 2015/02/05 07:53:14.504 連線確認 E122828927 (21,21)
[3416] 2015/02/05 07:54:14.519 連線確認 E122828927 (21,21)
[3416] 2015/02/05 07:55:14.531 連線確認 E122828927 (21,21)
[3416] 2015/02/05 07:55:15.438 收到 Head 資訊 {Count 2} {Type B } 
[3416] 2015/02/05 07:56:14.544 連線確認 E122828927 (21,21)
[3416] 2015/02/05 07:57:14.559 連線確認 E122828927 (21,21)
[3416] 2015/02/05 07:58:14.572 連線確認 E122828927 (21,21)
[3416] 2015/02/05 07:59:14.586 連線確認 E122828927 (21,21)
[3416] 2015/02/05 08:00:14.600 連線確認 E122828927 (21,21)
[3416] 2015/02/05 08:00:16.588 收到 Head 資訊 {Count 2} {Type B } 
[3416] 2015/02/05 08:01:14.614 連線確認 E122828927 (21,21)
[3416] 2015/02/05 08:02:14.628 連線確認 E122828927 (21,21)
[3416] 2015/02/05 08:03:14.640 連線確認 E122828927 (21,21)
[3416] 2015/02/05 08:04:14.653 連線確認 E122828927 (21,21)
[3416] 2015/02/05 08:05:14.668 連線確認 E122828927 (21,21)
[3416] 2015/02/05 08:05:17.576 收到 Head 資訊 {Count 2} {Type B } 
[3416] 2015/02/05 08:06:14.681 連線確認 E122828927 (21,21)
[3416] 2015/02/05 08:07:14.694 連線確認 E122828927 (21,21)
[3416] 2015/02/05 08:08:14.709 連線確認 E122828927 (21,21)
[3416] 2015/02/05 08:09:14.722 連線確認 E122828927 (21,21)
[3416] 2015/02/05 08:10:09.687 收到 Head 資訊 {Count 2} {Type C } 
[3416] 2015/02/05 08:10:14.736 連線確認 E122828927 (21,21)
[3416] 2015/02/05 08:10:18.597 收到 Head 資訊 {Count 2} {Type B } 
[3416] 2015/02/05 08:10:19.709 收到 Head 資訊 {Count 2} {Type C } 
[3416] 2015/02/05 08:10:29.717 收到 Head 資訊 {Count 2} {Type C } 
[3416] 2015/02/05 08:10:39.697 收到 Head 資訊 {Count 2} {Type C } 
[3416] 2015/02/05 08:11:14.749 連線確認 E122828927 (21,21)
[3416] 2015/02/05 08:12:14.763 連線確認 E122828927 (21,21)
[3416] 2015/02/05 08:13:14.776 連線確認 E122828927 (21,21)
[3416] 2015/02/05 08:14:14.789 連線確認 E122828927 (21,21)
[3416] 2015/02/05 08:15:14.804 連線確認 E122828927 (21,21)
[3416] 2015/02/05 08:15:19.677 收到 Head 資訊 {Count 2} {Type B } 
[3416] 2015/02/05 08:16:14.817 連線確認 E122828927 (21,21)
[3416] 2015/02/05 08:17:14.831 連線確認 E122828927 (21,21)
[3416] 2015/02/05 08:18:14.843 連線確認 E122828927 (21,21)
[3416] 2015/02/05 08:19:14.859 連線確認 E122828927 (21,21)
[3416] 2015/02/05 08:20:14.871 連線確認 E122828927 (21,21)
[3416] 2015/02/05 08:20:20.715 收到 Head 資訊 {Count 2} {Type B } 
[3416] 2015/02/05 08:21:14.884 連線確認 E122828927 (21,21)
[3416] 2015/02/05 08:22:14.899 連線確認 E122828927 (21,21)
[3416] 2015/02/05 08:23:14.912 連線確認 E122828927 (21,21)
[3416] 2015/02/05 08:24:14.925 連線確認 E122828927 (21,21)
[3416] 2015/02/05 08:25:14.940 連線確認 E122828927 (21,21)
[3416] 2015/02/05 08:25:21.749 收到 Head 資訊 {Count 2} {Type B } 
[3416] 2015/02/05 08:26:14.954 連線確認 E122828927 (21,21)
[3416] 2015/02/05 08:27:14.966 連線確認 E122828927 (21,21)
[3416] 2015/02/05 08:28:14.979 連線確認 E122828927 (21,21)
[3416] 2015/02/05 08:29:14.993 連線確認 E122828927 (21,21)
[3416] 2015/02/05 08:30:09.963 收到 Head 資訊 {Count 2} {Type C } 
[3416] 2015/02/05 08:30:15.007 連線確認 E122828927 (21,21)
[3416] 2015/02/05 08:30:19.950 收到 Head 資訊 {Count 2} {Type C } 
[3416] 2015/02/05 08:30:22.448 收到 Head 資訊 {Count 2} {Type B } 
[3416] 2015/02/05 08:30:29.945 收到 Head 資訊 {Count 2} {Type C } 
[3416] 2015/02/05 08:30:39.934 收到 Head 資訊 {Count 2} {Type C } 
[3416] 2015/02/05 08:30:49.955 收到 Head 資訊 {Count 2} {Type C } 
[3416] 2015/02/05 08:31:15.021 連線確認 E122828927 (21,21)
[3416] 2015/02/05 08:32:15.034 連線確認 E122828927 (21,21)
[3416] 2015/02/05 08:33:15.048 連線確認 E122828927 (21,21)
[3416] 2015/02/05 08:34:15.062 連線確認 E122828927 (21,21)
[3416] 2015/02/05 08:35:15.075 連線確認 E122828927 (21,21)
[3416] 2015/02/05 08:35:23.461 收到 Head 資訊 {Count 2} {Type B } 
[3416] 2015/02/05 08:36:15.089 連線確認 E122828927 (21,21)
[3416] 2015/02/05 08:37:15.102 連線確認 E122828927 (21,21)
[3416] 2015/02/05 08:38:15.116 連線確認 E122828927 (21,21)
[3416] 2015/02/05 08:39:15.129 連線確認 E122828927 (21,21)
[3416] 2015/02/05 08:40:15.143 連線確認 E122828927 (21,21)
[3416] 2015/02/05 08:40:24.467 收到 Head 資訊 {Count 2} {Type B } 
[3416] 2015/02/05 08:41:15.156 連線確認 E122828927 (21,21)
[3416] 2015/02/05 08:42:15.170 連線確認 E122828927 (21,21)
[3416] 2015/02/05 08:43:15.183 連線確認 E122828927 (21,21)
[3416] 2015/02/05 08:44:15.197 連線確認 E122828927 (21,21)
[3416] 2015/02/05 08:45:15.211 連線確認 E122828927 (21,21)
[3416] 2015/02/05 08:45:25.889 收到 Head 資訊 {Count 2} {Type B } 
[3416] 2015/02/05 08:46:15.224 連線確認 E122828927 (21,21)
[3416] 2015/02/05 08:47:15.239 連線確認 E122828927 (21,21)
[3416] 2015/02/05 08:48:15.251 連線確認 E122828927 (21,21)
[3416] 2015/02/05 08:49:15.266 連線確認 E122828927 (21,21)
[3416] 2015/02/05 08:50:15.278 連線確認 E122828927 (21,21)
[3416] 2015/02/05 08:50:26.868 收到 Head 資訊 {Count 2} {Type B } 
[3416] 2015/02/05 08:50:29.493 收到 Head 資訊 {Count 2} {Type C } 
[3416] 2015/02/05 08:50:39.551 收到 Head 資訊 {Count 2} {Type C } 
[3416] 2015/02/05 08:50:49.472 收到 Head 資訊 {Count 2} {Type C } 
[3416] 2015/02/05 08:50:59.524 收到 Head 資訊 {Count 2} {Type C } 
[3416] 2015/02/05 08:51:09.477 收到 Head 資訊 {Count 2} {Type C } 
[3416] 2015/02/05 08:51:15.293 連線確認 E122828927 (21,21)
[3416] 2015/02/05 08:52:15.305 連線確認 E122828927 (21,21)
[3416] 2015/02/05 08:53:15.320 連線確認 E122828927 (21,21)
[3416] 2015/02/05 08:54:15.333 連線確認 E122828927 (21,21)
[3416] 2015/02/05 08:55:09.427 收到 Head 資訊 {Count 2} {Type C } 
[3416] 2015/02/05 08:55:15.348 連線確認 E122828927 (21,21)
[3416] 2015/02/05 08:55:27.943 收到 Head 資訊 {Count 2} {Type B } 
[3416] 2015/02/05 08:56:03.033 收到 Head 資訊 {Count 2} {Type D } 
[3416] 2015/02/05 08:56:15.361 連線確認 E122828927 (21,21)
[3416] 2015/02/05 08:57:15.373 連線確認 E122828927 (21,21)
[3416] 2015/02/05 08:58:15.388 連線確認 E122828927 (21,21)
[3416] 2015/02/05 08:59:15.401 連線確認 E122828927 (21,21)
[3416] 2015/02/05 09:00:15.415 連線確認 E122828927 (21,21)
[3416] 2015/02/05 09:00:29.018 收到 Head 資訊 {Count 2} {Type B } 
[3416] 2015/02/05 09:01:15.429 連線確認 E122828927 (21,21)
[3416] 2015/02/05 09:01:33.230 收到 Head 資訊 {Count 2} {Type D } 
[3416] 2015/02/05 09:02:15.441 連線確認 E122828927 (21,21)
[3416] 2015/02/05 09:03:15.456 連線確認 E122828927 (21,21)
[3416] 2015/02/05 09:04:15.469 連線確認 E122828927 (21,21)
[3416] 2015/02/05 09:05:15.482 連線確認 E122828927 (21,21)
[3416] 2015/02/05 09:05:30.126 收到 Head 資訊 {Count 2} {Type B } 
[3416] 2015/02/05 09:06:15.497 連線確認 E122828927 (21,21)
[3416] 2015/02/05 09:07:15.509 連線確認 E122828927 (21,21)
[3416] 2015/02/05 09:08:15.523 連線確認 E122828927 (21,21)
[3416] 2015/02/05 09:09:15.536 連線確認 E122828927 (21,21)
[3416] 2015/02/05 09:10:15.551 連線確認 E122828927 (21,21)
[3416] 2015/02/05 09:10:29.944 收到 Head 資訊 {Count 2} {Type C } 
[3416] 2015/02/05 09:10:31.071 收到 Head 資訊 {Count 2} {Type B } 
[3416] 2015/02/05 09:10:39.883 收到 Head 資訊 {Count 2} {Type C } 
[3416] 2015/02/05 09:10:49.981 收到 Head 資訊 {Count 2} {Type C } 
[3416] 2015/02/05 09:10:59.910 收到 Head 資訊 {Count 2} {Type C } 
[3416] 2015/02/05 09:11:09.963 收到 Head 資訊 {Count 2} {Type C } 
[3416] 2015/02/05 09:11:15.565 連線確認 E122828927 (21,21)
[3416] 2015/02/05 09:11:19.916 收到 Head 資訊 {Count 2} {Type C } 
[3416] 2015/02/05 09:12:15.578 連線確認 E122828927 (21,21)
[3416] 2015/02/05 09:13:15.591 連線確認 E122828927 (21,21)
[3416] 2015/02/05 09:14:15.604 連線確認 E122828927 (21,21)
[3416] 2015/02/05 09:15:09.684 收到 Head 資訊 {Count 2} {Type C } 
[3416] 2015/02/05 09:15:15.618 連線確認 E122828927 (21,21)
[3416] 2015/02/05 09:15:32.160 收到 Head 資訊 {Count 2} {Type B } 
[3416] 2015/02/05 09:16:15.632 連線確認 E122828927 (21,21)
[3416] 2015/02/05 09:17:15.645 連線確認 E122828927 (21,21)
[3416] 2015/02/05 09:18:15.659 連線確認 E122828927 (21,21)
[3416] 2015/02/05 09:19:15.673 連線確認 E122828927 (21,21)
[3416] 2015/02/05 09:20:15.686 連線確認 E122828927 (21,21)
[3416] 2015/02/05 09:20:33.116 收到 Head 資訊 {Count 2} {Type B } 
[3416] 2015/02/05 09:21:15.699 連線確認 E122828927 (21,21)
[3416] 2015/02/05 09:22:15.714 連線確認 E122828927 (21,21)
[3416] 2015/02/05 09:23:15.728 連線確認 E122828927 (21,21)
[3416] 2015/02/05 09:24:15.740 連線確認 E122828927 (21,21)
[3416] 2015/02/05 09:25:15.754 連線確認 E122828927 (21,21)
[3416] 2015/02/05 09:25:34.117 收到 Head 資訊 {Count 2} {Type B } 
[3416] 2015/02/05 09:26:15.768 連線確認 E122828927 (21,21)
[3416] 2015/02/05 09:27:15.782 連線確認 E122828927 (21,21)
[3416] 2015/02/05 09:28:15.795 連線確認 E122828927 (21,21)
[3416] 2015/02/05 09:29:15.810 連線確認 E122828927 (21,21)
[3416] 2015/02/05 09:30:15.822 連線確認 E122828927 (21,21)
[3416] 2015/02/05 09:30:30.038 收到 Head 資訊 {Count 2} {Type C } 
[3416] 2015/02/05 09:30:35.230 收到 Head 資訊 {Count 2} {Type B } 
[3416] 2015/02/05 09:30:39.988 收到 Head 資訊 {Count 2} {Type C } 
[3416] 2015/02/05 09:30:49.961 收到 Head 資訊 {Count 2} {Type C } 
[3416] 2015/02/05 09:30:59.933 收到 Head 資訊 {Count 2} {Type C } 
[3416] 2015/02/05 09:31:10.054 收到 Head 資訊 {Count 2} {Type C } 
[3416] 2015/02/05 09:31:15.835 連線確認 E122828927 (21,21)
[3416] 2015/02/05 09:31:20.064 收到 Head 資訊 {Count 2} {Type C } 
[3416] 2015/02/05 09:31:30.016 收到 Head 資訊 {Count 2} {Type C } 
[3416] 2015/02/05 09:31:39.989 收到 Head 資訊 {Count 2} {Type C } 
[3416] 2015/02/05 09:31:50.086 收到 Head 資訊 {Count 2} {Type C } 
[3416] 2015/02/05 09:32:15.850 連線確認 E122828927 (21,21)
[3416] 2015/02/05 09:33:15.863 連線確認 E122828927 (21,21)
[3416] 2015/02/05 09:34:15.897 連線確認 E122828927 (21,21)
[3416] 2015/02/05 09:35:09.959 收到 Head 資訊 {Count 2} {Type C } 
[3416] 2015/02/05 09:35:15.891 連線確認 E122828927 (21,21)
[3416] 2015/02/05 09:35:19.917 收到 Head 資訊 {Count 2} {Type C } 
[3416] 2015/02/05 09:35:30.031 收到 Head 資訊 {Count 2} {Type C } 
[3416] 2015/02/05 09:35:36.146 收到 Head 資訊 {Count 2} {Type B } 
[3416] 2015/02/05 09:36:15.904 連線確認 E122828927 (21,21)
[3416] 2015/02/05 09:37:15.917 連線確認 E122828927 (21,21)
[3416] 2015/02/05 09:38:15.931 連線確認 E122828927 (21,21)
[3416] 2015/02/05 09:38:16.761 收到 Head 資訊 {Count 2} {Type D } 
[3416] 2015/02/05 09:39:15.944 連線確認 E122828927 (21,21)
[3416] 2015/02/05 09:40:15.958 連線確認 E122828927 (21,21)
[3416] 2015/02/05 09:40:37.276 收到 Head 資訊 {Count 2} {Type B } 
[3416] 2015/02/05 09:41:15.972 連線確認 E122828927 (21,21)
[3416] 2015/02/05 09:42:15.985 連線確認 E122828927 (21,21)
[3416] 2015/02/05 09:43:15.999 連線確認 E122828927 (21,21)
[3416] 2015/02/05 09:44:16.013 連線確認 E122828927 (21,21)
[3416] 2015/02/05 09:45:16.026 連線確認 E122828927 (21,21)
[3416] 2015/02/05 09:45:38.246 收到 Head 資訊 {Count 2} {Type B } 
[3416] 2015/02/05 09:46:16.040 連線確認 E122828927 (21,21)
[3416] 2015/02/05 09:47:16.052 連線確認 E122828927 (21,21)
[3416] 2015/02/05 09:48:16.067 連線確認 E122828927 (21,21)
[3416] 2015/02/05 09:49:16.080 連線確認 E122828927 (21,21)
[3416] 2015/02/05 09:50:16.094 連線確認 E122828927 (21,21)
[3416] 2015/02/05 09:50:39.201 收到 Head 資訊 {Count 2} {Type B } 
[3416] 2015/02/05 09:50:40.185 收到 Head 資訊 {Count 2} {Type C } 
[3416] 2015/02/05 09:51:16.108 連線確認 E122828927 (21,21)
[3416] 2015/02/05 09:52:16.121 連線確認 E122828927 (21,21)
[3416] 2015/02/05 09:53:16.134 連線確認 E122828927 (21,21)
[3416] 2015/02/05 09:54:16.147 連線確認 E122828927 (21,21)
[3416] 2015/02/05 09:55:10.017 收到 Head 資訊 {Count 2} {Type C } 
[3416] 2015/02/05 09:55:16.162 連線確認 E122828927 (21,21)
[3416] 2015/02/05 09:55:20.000 收到 Head 資訊 {Count 2} {Type C } 
[3416] 2015/02/05 09:55:40.311 收到 Head 資訊 {Count 2} {Type B } 
[3416] 2015/02/05 09:56:16.175 連線確認 E122828927 (21,21)
[3416] 2015/02/05 09:57:16.189 連線確認 E122828927 (21,21)
[3416] 2015/02/05 09:58:16.202 連線確認 E122828927 (21,21)
[3416] 2015/02/05 09:59:16.216 連線確認 E122828927 (21,21)
[3416] 2015/02/05 10:00:16.229 連線確認 E122828927 (21,21)
[3416] 2015/02/05 10:00:41.276 收到 Head 資訊 {Count 2} {Type B } 
[3416] 2015/02/05 10:01:16.244 連線確認 E122828927 (21,21)
[3416] 2015/02/05 10:02:16.257 連線確認 E122828927 (21,21)
[3416] 2015/02/05 10:03:15.221 連線確認 E122828927 (21,21)
[3416] 2015/02/05 10:04:15.234 連線確認 E122828927 (21,21)
[3416] 2015/02/05 10:05:15.248 連線確認 E122828927 (21,21)
[3416] 2015/02/05 10:05:42.047 收到 Head 資訊 {Count 2} {Type B } 
[3416] 2015/02/05 10:06:15.261 連線確認 E122828927 (21,21)
[3416] 2015/02/05 10:07:15.275 連線確認 E122828927 (21,21)
[3416] 2015/02/05 10:08:15.289 連線確認 E122828927 (21,21)
[3416] 2015/02/05 10:09:15.303 連線確認 E122828927 (21,21)
[3416] 2015/02/05 10:10:15.315 連線確認 E122828927 (21,21)
[3416] 2015/02/05 10:10:39.985 收到 Head 資訊 {Count 2} {Type C } 
[3416] 2015/02/05 10:10:42.949 收到 Head 資訊 {Count 2} {Type B } 
[3416] 2015/02/05 10:10:50.017 收到 Head 資訊 {Count 2} {Type C } 
[3416] 2015/02/05 10:11:00.064 收到 Head 資訊 {Count 2} {Type C } 
[3416] 2015/02/05 10:11:10.099 收到 Head 資訊 {Count 2} {Type C } 
[3416] 2015/02/05 10:11:15.330 連線確認 E122828927 (21,21)
[3416] 2015/02/05 10:11:19.975 收到 Head 資訊 {Count 2} {Type C } 
[3416] 2015/02/05 10:12:15.343 連線確認 E122828927 (21,21)
[3416] 2015/02/05 10:13:15.357 連線確認 E122828927 (21,21)
[3416] 2015/02/05 10:14:15.370 連線確認 E122828927 (21,21)
[3416] 2015/02/05 10:15:10.040 收到 Head 資訊 {Count 2} {Type C } 
[3416] 2015/02/05 10:15:15.384 連線確認 E122828927 (21,21)
[3416] 2015/02/05 10:15:44.062 收到 Head 資訊 {Count 2} {Type B } 
[3416] 2015/02/05 10:16:15.398 連線確認 E122828927 (21,21)
[3416] 2015/02/05 10:17:15.410 連線確認 E122828927 (21,21)
[3416] 2015/02/05 10:18:15.424 連線確認 E122828927 (21,21)
[3416] 2015/02/05 10:19:15.438 連線確認 E122828927 (21,21)
[3416] 2015/02/05 10:20:15.452 連線確認 E122828927 (21,21)
[3416] 2015/02/05 10:20:44.177 收到 Head 資訊 {Count 2} {Type B } 
[3416] 2015/02/05 10:21:15.466 連線確認 E122828927 (21,21)
[3416] 2015/02/05 10:22:15.479 連線確認 E122828927 (21,21)
[3416] 2015/02/05 10:23:15.492 連線確認 E122828927 (21,21)
[3416] 2015/02/05 10:24:15.506 連線確認 E122828927 (21,21)
[3416] 2015/02/05 10:25:15.520 連線確認 E122828927 (21,21)
[3416] 2015/02/05 10:25:45.301 收到 Head 資訊 {Count 2} {Type B } 
[3416] 2015/02/05 10:26:15.535 連線確認 E122828927 (21,21)
[3416] 2015/02/05 10:27:15.547 連線確認 E122828927 (21,21)
[3416] 2015/02/05 10:28:15.560 連線確認 E122828927 (21,21)
[3416] 2015/02/05 10:29:15.573 連線確認 E122828927 (21,21)
[3416] 2015/02/05 10:30:15.588 連線確認 E122828927 (21,21)
[3416] 2015/02/05 10:30:46.225 收到 Head 資訊 {Count 2} {Type B } 
[3416] 2015/02/05 10:31:15.602 連線確認 E122828927 (21,21)
[3416] 2015/02/05 10:32:15.614 連線確認 E122828927 (21,21)
[3416] 2015/02/05 10:33:15.628 連線確認 E122828927 (21,21)
[3416] 2015/02/05 10:34:15.642 連線確認 E122828927 (21,21)
[3416] 2015/02/05 10:35:10.064 收到 Head 資訊 {Count 2} {Type C } 
[3416] 2015/02/05 10:35:15.656 連線確認 E122828927 (21,21)
[3416] 2015/02/05 10:35:48.014 收到 Head 資訊 {Count 2} {Type B } 
[3416] 2015/02/05 10:36:15.670 連線確認 E122828927 (21,21)
[3416] 2015/02/05 10:37:15.682 連線確認 E122828927 (21,21)
[3416] 2015/02/05 10:38:15.697 連線確認 E122828927 (21,21)
[3416] 2015/02/05 10:39:15.710 連線確認 E122828927 (21,21)
[3416] 2015/02/05 10:40:15.725 連線確認 E122828927 (21,21)
[3416] 2015/02/05 10:40:49.057 收到 Head 資訊 {Count 2} {Type B } 
[3416] 2015/02/05 10:41:15.737 連線確認 E122828927 (21,21)
[3416] 2015/02/05 10:42:15.750 連線確認 E122828927 (21,21)
[3416] 2015/02/05 10:43:15.765 連線確認 E122828927 (21,21)
[3416] 2015/02/05 10:44:15.777 連線確認 E122828927 (21,21)
[3416] 2015/02/05 10:45:15.792 連線確認 E122828927 (21,21)
[3416] 2015/02/05 10:45:49.958 收到 Head 資訊 {Count 2} {Type B } 
[3416] 2015/02/05 10:46:15.804 連線確認 E122828927 (21,21)
[3416] 2015/02/05 10:47:15.820 連線確認 E122828927 (21,21)
[3416] 2015/02/05 10:48:15.832 連線確認 E122828927 (21,21)
[3416] 2015/02/05 10:49:15.845 連線確認 E122828927 (21,21)
[3416] 2015/02/05 10:49:25.077 API ExitInstance 
[2752] 2015/02/05 15:26:12.471 API InitInstance 
[2752] 2015/02/05 15:26:13.120 E122828927 連線 Code：0
[2752] 2015/02/05 15:26:14.129 收到 Head 資訊 {Count 2} {Type C } 
[2752] 2015/02/05 15:26:14.130 收到 Head 資訊 {Count 2} {Type C } 
[2752] 2015/02/05 15:26:14.132 收到 Head 資訊 {Count 2} {Type C } 
[2752] 2015/02/05 15:26:14.133 收到 Head 資訊 {Count 2} {Type C } 
[2752] 2015/02/05 15:26:14.135 收到 Head 資訊 {Count 2} {Type C } 
[2752] 2015/02/05 15:26:14.136 收到 Head 資訊 {Count 2} {Type C } 
[2752] 2015/02/05 15:26:14.137 收到 Head 資訊 {Count 2} {Type C } 
[2752] 2015/02/05 15:26:14.139 收到 Head 資訊 {Count 2} {Type C } 
[2752] 2015/02/05 15:26:14.140 收到 Head 資訊 {Count 2} {Type C } 
[2752] 2015/02/05 15:26:14.142 收到 Head 資訊 {Count 2} {Type C } 
[2752] 2015/02/05 15:26:14.143 收到 Head 資訊 {Count 2} {Type C } 
[2752] 2015/02/05 15:26:14.145 收到 Head 資訊 {Count 2} {Type C } 
[2752] 2015/02/05 15:26:14.146 收到 Head 資訊 {Count 2} {Type C } 
[2752] 2015/02/05 15:26:14.148 收到 Head 資訊 {Count 2} {Type C } 
[2752] 2015/02/05 15:26:14.149 收到 Head 資訊 {Count 2} {Type C } 
[2752] 2015/02/05 15:26:14.151 收到 Head 資訊 {Count 2} {Type C } 
[2752] 2015/02/05 15:26:14.152 收到 Head 資訊 {Count 2} {Type C } 
[2752] 2015/02/05 15:26:14.153 收到 Head 資訊 {Count 2} {Type C } 
[2752] 2015/02/05 15:26:14.155 收到 Head 資訊 {Count 2} {Type C } 
[2752] 2015/02/05 15:26:14.156 收到 Head 資訊 {Count 2} {Type C } 
[2752] 2015/02/05 15:26:14.158 收到 Head 資訊 {Count 2} {Type C } 
[2752] 2015/02/05 15:26:14.159 收到 Head 資訊 {Count 2} {Type C } 
[2752] 2015/02/05 15:26:14.161 收到 Head 資訊 {Count 2} {Type C } 
[2752] 2015/02/05 15:26:14.162 收到 Head 資訊 {Count 2} {Type C } 
[2752] 2015/02/05 15:26:14.164 收到 Head 資訊 {Count 2} {Type C } 
[2752] 2015/02/05 15:26:14.165 收到 Head 資訊 {Count 2} {Type C } 
[2752] 2015/02/05 15:26:14.166 收到 Head 資訊 {Count 2} {Type C } 
[2752] 2015/02/05 15:26:14.168 收到 Head 資訊 {Count 2} {Type C } 
[2752] 2015/02/05 15:26:14.169 收到 Head 資訊 {Count 2} {Type C } 
[2752] 2015/02/05 15:26:14.171 收到 Head 資訊 {Count 2} {Type C } 
[2752] 2015/02/05 15:26:14.172 收到 Head 資訊 {Count 2} {Type C } 
[2752] 2015/02/05 15:26:14.174 收到 Head 資訊 {Count 2} {Type C } 
[2752] 2015/02/05 15:26:14.175 收到 Head 資訊 {Count 2} {Type C } 
[2752] 2015/02/05 15:26:14.176 收到 Head 資訊 {Count 2} {Type C } 
[2752] 2015/02/05 15:26:14.178 收到 Head 資訊 {Count 2} {Type C } 
[2752] 2015/02/05 15:26:14.179 收到 Head 資訊 {Count 2} {Type C } 
[2752] 2015/02/05 15:26:14.181 收到 Head 資訊 {Count 2} {Type C } 
[2752] 2015/02/05 15:26:14.182 收到 Head 資訊 {Count 2} {Type C } 
[2752] 2015/02/05 15:26:14.183 收到 Head 資訊 {Count 2} {Type C } 
[2752] 2015/02/05 15:26:14.185 收到 Head 資訊 {Count 2} {Type C } 
[2752] 2015/02/05 15:26:14.186 收到 Head 資訊 {Count 2} {Type C } 
[2752] 2015/02/05 15:26:14.188 收到 Head 資訊 {Count 2} {Type C } 
[2752] 2015/02/05 15:26:14.189 收到 Head 資訊 {Count 2} {Type C } 
[2752] 2015/02/05 15:26:14.190 收到 Head 資訊 {Count 2} {Type C } 
[2752] 2015/02/05 15:26:14.192 收到 Head 資訊 {Count 2} {Type C } 
[2752] 2015/02/05 15:26:14.193 收到 Head 資訊 {Count 2} {Type C } 
[2752] 2015/02/05 15:26:14.195 收到 Head 資訊 {Count 2} {Type C } 
[2752] 2015/02/05 15:26:14.196 收到 Head 資訊 {Count 2} {Type C } 
[2752] 2015/02/05 15:26:14.197 收到 Head 資訊 {Count 2} {Type C } 
[2752] 2015/02/05 15:26:14.199 收到 Head 資訊 {Count 2} {Type C } 
[2752] 2015/02/05 15:26:14.200 收到 Head 資訊 {Count 2} {Type C } 
[2752] 2015/02/05 15:26:14.202 收到 Head 資訊 {Count 2} {Type C } 
[2752] 2015/02/05 15:26:14.203 收到 Head 資訊 {Count 2} {Type C } 
[2752] 2015/02/05 15:26:14.205 收到 Head 資訊 {Count 2} {Type C } 
[2752] 2015/02/05 15:26:14.206 收到 Head 資訊 {Count 2} {Type C } 
[2752] 2015/02/05 15:26:14.207 收到 Head 資訊 {Count 2} {Type C } 
[2752] 2015/02/05 15:26:14.209 收到 Head 資訊 {Count 2} {Type C } 
[2752] 2015/02/05 15:26:14.210 收到 Head 資訊 {Count 2} {Type C } 
[2752] 2015/02/05 15:26:14.212 收到 Head 資訊 {Count 2} {Type C } 
[2752] 2015/02/05 15:26:14.213 收到 Head 資訊 {Count 2} {Type C } 
[2752] 2015/02/05 15:26:14.215 收到 Head 資訊 {Count 2} {Type C } 
[2752] 2015/02/05 15:26:14.216 收到 Head 資訊 {Count 2} {Type C } 
[2752] 2015/02/05 15:26:14.217 收到 Head 資訊 {Count 2} {Type C } 
[2752] 2015/02/05 15:26:14.219 收到 Head 資訊 {Count 2} {Type C } 
[2752] 2015/02/05 15:26:14.220 收到 Head 資訊 {Count 2} {Type C } 
[2752] 2015/02/05 15:26:14.221 收到 Head 資訊 {Count 2} {Type C } 
[2752] 2015/02/05 15:26:14.223 收到 Head 資訊 {Count 2} {Type C } 
[2752] 2015/02/05 15:26:14.224 收到 Head 資訊 {Count 2} {Type C } 
[2752] 2015/02/05 15:26:14.226 收到 Head 資訊 {Count 2} {Type C } 
[2752] 2015/02/05 15:26:14.227 收到 Head 資訊 {Count 2} {Type C } 
[2752] 2015/02/05 15:26:14.229 收到 Head 資訊 {Count 2} {Type C } 
[2752] 2015/02/05 15:26:14.230 收到 Head 資訊 {Count 2} {Type C } 
[2752] 2015/02/05 15:26:14.232 收到 Head 資訊 {Count 2} {Type C } 
[2752] 2015/02/05 15:26:14.233 收到 Head 資訊 {Count 2} {Type C } 
[2752] 2015/02/05 15:26:14.234 收到 Head 資訊 {Count 2} {Type C } 
[2752] 2015/02/05 15:26:14.236 收到 Head 資訊 {Count 2} {Type C } 
[2752] 2015/02/05 15:26:14.237 收到 Head 資訊 {Count 2} {Type C } 
[2752] 2015/02/05 15:26:14.239 收到 Head 資訊 {Count 2} {Type C } 
[2752] 2015/02/05 15:26:14.240 收到 Head 資訊 {Count 2} {Type C } 
[2752] 2015/02/05 15:26:14.242 收到 Head 資訊 {Count 2} {Type C } 
[2752] 2015/02/05 15:26:14.243 收到 Head 資訊 {Count 2} {Type C } 
[2752] 2015/02/05 15:26:14.244 收到 Head 資訊 {Count 2} {Type C } 
[2752] 2015/02/05 15:26:14.246 收到 Head 資訊 {Count 2} {Type C } 
[2752] 2015/02/05 15:26:14.247 收到 Head 資訊 {Count 2} {Type C } 
[2752] 2015/02/05 15:26:14.249 收到 Head 資訊 {Count 2} {Type C } 
[2752] 2015/02/05 15:26:14.250 收到 Head 資訊 {Count 2} {Type C } 
[2752] 2015/02/05 15:26:14.252 收到 Head 資訊 {Count 2} {Type C } 
[2752] 2015/02/05 15:26:14.253 收到 Head 資訊 {Count 2} {Type C } 
[2752] 2015/02/05 15:26:14.254 收到 Head 資訊 {Count 2} {Type C } 
[2752] 2015/02/05 15:26:14.256 收到 Head 資訊 {Count 2} {Type C } 
[2752] 2015/02/05 15:26:14.257 收到 Head 資訊 {Count 2} {Type C } 
[2752] 2015/02/05 15:26:14.259 收到 Head 資訊 {Count 2} {Type C } 
[2752] 2015/02/05 15:26:14.260 收到 Head 資訊 {Count 2} {Type C } 
[2752] 2015/02/05 15:26:14.262 收到 Head 資訊 {Count 2} {Type C } 
[2752] 2015/02/05 15:26:14.263 收到 Head 資訊 {Count 2} {Type C } 
[2752] 2015/02/05 15:26:14.264 收到 Head 資訊 {Count 2} {Type C } 
[2752] 2015/02/05 15:26:14.266 收到 Head 資訊 {Count 2} {Type C } 
[2752] 2015/02/05 15:26:14.267 收到 Head 資訊 {Count 2} {Type C } 
[2752] 2015/02/05 15:26:14.269 收到 Head 資訊 {Count 2} {Type C } 
[2752] 2015/02/05 15:26:14.270 收到 Head 資訊 {Count 2} {Type C } 
[2752] 2015/02/05 15:26:14.271 收到 Head 資訊 {Count 2} {Type C } 
[2752] 2015/02/05 15:26:14.273 收到 Head 資訊 {Count 2} {Type C } 
[2752] 2015/02/05 15:26:14.274 收到 Head 資訊 {Count 2} {Type D } 
[2752] 2015/02/05 15:26:14.276 收到 Head 資訊 {Count 2} {Type C } 
[2752] 2015/02/05 15:26:14.277 收到 Head 資訊 {Count 2} {Type C } 
[2752] 2015/02/05 15:26:14.278 收到 Head 資訊 {Count 2} {Type C } 
[2752] 2015/02/05 15:26:14.279 收到 Head 資訊 {Count 2} {Type C } 
[2752] 2015/02/05 15:26:14.281 收到 Head 資訊 {Count 2} {Type C } 
[2752] 2015/02/05 15:26:14.282 收到 Head 資訊 {Count 2} {Type C } 
[2752] 2015/02/05 15:26:14.283 收到 Head 資訊 {Count 2} {Type D } 
[2752] 2015/02/05 15:26:14.285 收到 Head 資訊 {Count 2} {Type C } 
[2752] 2015/02/05 15:26:14.286 收到 Head 資訊 {Count 2} {Type C } 
[2752] 2015/02/05 15:26:14.287 收到 Head 資訊 {Count 2} {Type C } 
[2752] 2015/02/05 15:26:14.288 收到 Head 資訊 {Count 2} {Type C } 
[2752] 2015/02/05 15:26:14.290 收到 Head 資訊 {Count 2} {Type C } 
[2752] 2015/02/05 15:26:14.291 收到 Head 資訊 {Count 2} {Type C } 
[2752] 2015/02/05 15:26:14.292 收到 Head 資訊 {Count 2} {Type C } 
[2752] 2015/02/05 15:26:14.294 收到 Head 資訊 {Count 2} {Type C } 
[2752] 2015/02/05 15:26:14.295 收到 Head 資訊 {Count 2} {Type C } 
[2752] 2015/02/05 15:26:14.296 收到 Head 資訊 {Count 2} {Type C } 
[2752] 2015/02/05 15:26:14.298 收到 Head 資訊 {Count 2} {Type C } 
[2752] 2015/02/05 15:26:14.299 收到 Head 資訊 {Count 2} {Type C } 
[2752] 2015/02/05 15:26:14.300 收到 Head 資訊 {Count 2} {Type C } 
[2752] 2015/02/05 15:26:14.301 收到 Head 資訊 {Count 2} {Type C } 
[2752] 2015/02/05 15:26:14.303 收到 Head 資訊 {Count 2} {Type C } 
[2752] 2015/02/05 15:26:14.304 收到 Head 資訊 {Count 2} {Type C } 
[2752] 2015/02/05 15:26:14.305 收到 Head 資訊 {Count 2} {Type C } 
[2752] 2015/02/05 15:26:14.306 收到 Head 資訊 {Count 2} {Type C } 
[2752] 2015/02/05 15:26:14.308 收到 Head 資訊 {Count 2} {Type C } 
[2752] 2015/02/05 15:26:14.309 收到 Head 資訊 {Count 2} {Type D } 
[2752] 2015/02/05 15:26:14.311 收到 Head 資訊 {Count 2} {Type C } 
[2752] 2015/02/05 15:26:14.312 收到 Head 資訊 {Count 2} {Type C } 
[2752] 2015/02/05 15:26:14.313 收到 Head 資訊 {Count 2} {Type C } 
[2752] 2015/02/05 15:26:14.314 收到 Head 資訊 {Count 2} {Type C } 
[2752] 2015/02/05 15:26:14.316 收到 Head 資訊 {Count 2} {Type C } 
[2752] 2015/02/05 15:26:14.317 收到 Head 資訊 {Count 2} {Type C } 
[2752] 2015/02/05 15:26:14.318 收到 Head 資訊 {Count 2} {Type C } 
[2752] 2015/02/05 15:26:14.320 收到 Head 資訊 {Count 2} {Type C } 
[2752] 2015/02/05 15:26:14.321 收到 Head 資訊 {Count 2} {Type C } 
[2752] 2015/02/05 15:26:14.322 收到 Head 資訊 {Count 2} {Type C } 
[2752] 2015/02/05 15:26:14.323 收到 Head 資訊 {Count 2} {Type C } 
[2752] 2015/02/05 15:26:14.325 收到 Head 資訊 {Count 2} {Type C } 
[2752] 2015/02/05 15:26:14.326 收到 Head 資訊 {Count 2} {Type C } 
[2752] 2015/02/05 15:26:14.327 收到 Head 資訊 {Count 2} {Type C } 
[2752] 2015/02/05 15:26:14.329 收到 Head 資訊 {Count 2} {Type C } 
[2752] 2015/02/05 15:26:14.330 收到 Head 資訊 {Count 2} {Type C } 
[2752] 2015/02/05 15:26:14.331 收到 Head 資訊 {Count 2} {Type C } 
[2752] 2015/02/05 15:26:14.333 收到 Head 資訊 {Count 2} {Type C } 
[2752] 2015/02/05 15:26:14.334 收到 Head 資訊 {Count 2} {Type C } 
[2752] 2015/02/05 15:26:14.335 收到 Head 資訊 {Count 2} {Type C } 
[2752] 2015/02/05 15:26:14.336 收到 Head 資訊 {Count 2} {Type C } 
[2752] 2015/02/05 15:26:14.338 收到 Head 資訊 {Count 2} {Type C } 
[2752] 2015/02/05 15:26:14.339 收到 Head 資訊 {Count 2} {Type C } 
[2752] 2015/02/05 15:26:14.340 收到 Head 資訊 {Count 2} {Type C } 
[2752] 2015/02/05 15:26:14.342 收到 Head 資訊 {Count 2} {Type C } 
[2752] 2015/02/05 15:26:14.343 收到 Head 資訊 {Count 2} {Type C } 
[2752] 2015/02/05 15:26:14.344 收到 Head 資訊 {Count 2} {Type C } 
[2752] 2015/02/05 15:26:14.346 收到 Head 資訊 {Count 2} {Type C } 
[2752] 2015/02/05 15:26:14.347 收到 Head 資訊 {Count 2} {Type C } 
[2752] 2015/02/05 15:26:14.348 收到 Head 資訊 {Count 2} {Type C } 
[2752] 2015/02/05 15:26:14.349 收到 Head 資訊 {Count 2} {Type C } 
[2752] 2015/02/05 15:26:14.351 收到 Head 資訊 {Count 2} {Type C } 
[2752] 2015/02/05 15:26:14.352 收到 Head 資訊 {Count 2} {Type C } 
[2752] 2015/02/05 15:26:14.353 收到 Head 資訊 {Count 2} {Type C } 
[2752] 2015/02/05 15:26:14.355 收到 Head 資訊 {Count 2} {Type C } 
[2752] 2015/02/05 15:26:14.356 收到 Head 資訊 {Count 2} {Type C } 
[2752] 2015/02/05 15:26:14.357 收到 Head 資訊 {Count 2} {Type C } 
[2752] 2015/02/05 15:26:14.359 收到 Head 資訊 {Count 2} {Type C } 
[2752] 2015/02/05 15:26:14.360 收到 Head 資訊 {Count 2} {Type C } 
[2752] 2015/02/05 15:26:14.361 收到 Head 資訊 {Count 2} {Type C } 
[2752] 2015/02/05 15:26:14.363 收到 Head 資訊 {Count 2} {Type C } 
[2752] 2015/02/05 15:26:14.364 收到 Head 資訊 {Count 2} {Type C } 
[2752] 2015/02/05 15:26:14.365 收到 Head 資訊 {Count 2} {Type C } 
[2752] 2015/02/05 15:26:14.367 收到 Head 資訊 {Count 2} {Type C } 
[2752] 2015/02/05 15:26:14.368 收到 Head 資訊 {Count 2} {Type C } 
[2752] 2015/02/05 15:26:14.369 收到 Head 資訊 {Count 2} {Type C } 
[2752] 2015/02/05 15:26:14.371 收到 Head 資訊 {Count 2} {Type C } 
[2752] 2015/02/05 15:26:14.372 收到 Head 資訊 {Count 2} {Type C } 
[2752] 2015/02/05 15:26:14.373 收到 Head 資訊 {Count 2} {Type C } 
[2752] 2015/02/05 15:26:14.375 收到 Head 資訊 {Count 2} {Type C } 
[2752] 2015/02/05 15:26:14.376 收到 Head 資訊 {Count 2} {Type C } 
[2752] 2015/02/05 15:26:14.377 收到 Head 資訊 {Count 2} {Type C } 
[2752] 2015/02/05 15:26:14.379 收到 Head 資訊 {Count 2} {Type C } 
[2752] 2015/02/05 15:26:14.380 收到 Head 資訊 {Count 2} {Type C } 
[2752] 2015/02/05 15:26:14.381 收到 Head 資訊 {Count 2} {Type C } 
[2752] 2015/02/05 15:26:14.383 收到 Head 資訊 {Count 2} {Type C } 
[2752] 2015/02/05 15:26:14.384 收到 Head 資訊 {Count 2} {Type C } 
[2752] 2015/02/05 15:26:14.385 收到 Head 資訊 {Count 2} {Type C } 
[2752] 2015/02/05 15:26:14.387 收到 Head 資訊 {Count 2} {Type C } 
[2752] 2015/02/05 15:26:14.388 收到 Head 資訊 {Count 2} {Type C } 
[2752] 2015/02/05 15:26:14.389 收到 Head 資訊 {Count 2} {Type C } 
[2752] 2015/02/05 15:26:14.391 收到 Head 資訊 {Count 2} {Type C } 
[2752] 2015/02/05 15:26:14.392 收到 Head 資訊 {Count 2} {Type C } 
[2752] 2015/02/05 15:26:14.393 收到 Head 資訊 {Count 2} {Type C } 
[2752] 2015/02/05 15:26:14.394 收到 Head 資訊 {Count 2} {Type C } 
[2752] 2015/02/05 15:26:14.396 收到 Head 資訊 {Count 2} {Type C } 
[2752] 2015/02/05 15:26:14.397 收到 Head 資訊 {Count 2} {Type C } 
[2752] 2015/02/05 15:26:14.398 收到 Head 資訊 {Count 2} {Type C } 
[2752] 2015/02/05 15:26:14.400 收到 Head 資訊 {Count 2} {Type C } 
[2752] 2015/02/05 15:26:14.401 收到 Head 資訊 {Count 2} {Type C } 
[2752] 2015/02/05 15:26:14.402 收到 Head 資訊 {Count 2} {Type C } 
[2752] 2015/02/05 15:26:14.404 收到 Head 資訊 {Count 2} {Type C } 
[2752] 2015/02/05 15:26:14.405 收到 Head 資訊 {Count 2} {Type C } 
[2752] 2015/02/05 15:26:14.406 收到 Head 資訊 {Count 2} {Type C } 
[2752] 2015/02/05 15:26:14.408 收到 Head 資訊 {Count 2} {Type C } 
[2752] 2015/02/05 15:26:14.409 收到 Head 資訊 {Count 2} {Type C } 
[2752] 2015/02/05 15:26:14.410 收到 Head 資訊 {Count 2} {Type C } 
[2752] 2015/02/05 15:26:14.411 收到 Head 資訊 {Count 2} {Type C } 
[2752] 2015/02/05 15:26:14.413 收到 Head 資訊 {Count 2} {Type C } 
[2752] 2015/02/05 15:26:14.414 收到 Head 資訊 {Count 2} {Type C } 
[2752] 2015/02/05 15:26:14.416 收到 Head 資訊 {Count 2} {Type C } 
[2752] 2015/02/05 15:26:14.417 收到 Head 資訊 {Count 2} {Type C } 
[2752] 2015/02/05 15:26:14.418 收到 Head 資訊 {Count 2} {Type C } 
[2752] 2015/02/05 15:26:14.420 收到 Head 資訊 {Count 2} {Type C } 
[2752] 2015/02/05 15:26:14.421 收到 Head 資訊 {Count 2} {Type C } 
[2752] 2015/02/05 15:26:14.422 收到 Head 資訊 {Count 2} {Type C } 
[2752] 2015/02/05 15:26:14.423 收到 Head 資訊 {Count 2} {Type C } 
[2752] 2015/02/05 15:26:14.425 收到 Head 資訊 {Count 2} {Type C } 
[2752] 2015/02/05 15:26:14.426 收到 Head 資訊 {Count 2} {Type C } 
[2752] 2015/02/05 15:26:14.427 收到 Head 資訊 {Count 2} {Type C } 
[2752] 2015/02/05 15:26:14.429 收到 Head 資訊 {Count 2} {Type C } 
[2752] 2015/02/05 15:26:14.430 收到 Head 資訊 {Count 2} {Type C } 
[2752] 2015/02/05 15:26:14.431 收到 Head 資訊 {Count 2} {Type C } 
[2752] 2015/02/05 15:26:14.433 收到 Head 資訊 {Count 2} {Type C } 
[2752] 2015/02/05 15:26:14.434 收到 Head 資訊 {Count 2} {Type C } 
[2752] 2015/02/05 15:26:14.435 收到 Head 資訊 {Count 2} {Type C } 
[2752] 2015/02/05 15:26:14.437 收到 Head 資訊 {Count 2} {Type C } 
[2752] 2015/02/05 15:26:14.438 收到 Head 資訊 {Count 2} {Type C } 
[2752] 2015/02/05 15:26:14.439 收到 Head 資訊 {Count 2} {Type C } 
[2752] 2015/02/05 15:26:14.440 收到 Head 資訊 {Count 2} {Type C } 
[2752] 2015/02/05 15:26:14.442 收到 Head 資訊 {Count 2} {Type C } 
[2752] 2015/02/05 15:26:14.443 收到 Head 資訊 {Count 2} {Type C } 
[2752] 2015/02/05 15:26:14.444 收到 Head 資訊 {Count 2} {Type C } 
[2752] 2015/02/05 15:26:14.446 收到 Head 資訊 {Count 2} {Type C } 
[2752] 2015/02/05 15:26:14.447 收到 Head 資訊 {Count 2} {Type C } 
[2752] 2015/02/05 15:26:14.448 收到 Head 資訊 {Count 2} {Type C } 
[2752] 2015/02/05 15:26:14.450 收到 Head 資訊 {Count 2} {Type C } 
[2752] 2015/02/05 15:26:14.451 收到 Head 資訊 {Count 2} {Type C } 
[2752] 2015/02/05 15:26:14.452 收到 Head 資訊 {Count 2} {Type C } 
[2752] 2015/02/05 15:26:14.454 收到 Head 資訊 {Count 2} {Type C } 
[2752] 2015/02/05 15:26:14.455 收到 Head 資訊 {Count 2} {Type C } 
[2752] 2015/02/05 15:26:14.456 收到 Head 資訊 {Count 2} {Type C } 
[2752] 2015/02/05 15:26:14.458 收到 Head 資訊 {Count 2} {Type C } 
[2752] 2015/02/05 15:26:14.459 收到 Head 資訊 {Count 2} {Type C } 
[2752] 2015/02/05 15:26:14.460 收到 Head 資訊 {Count 2} {Type C } 
[2752] 2015/02/05 15:26:14.462 收到 Head 資訊 {Count 2} {Type C } 
[2752] 2015/02/05 15:26:14.463 收到 Head 資訊 {Count 2} {Type C } 
[2752] 2015/02/05 15:26:14.464 收到 Head 資訊 {Count 2} {Type C } 
[2752] 2015/02/05 15:26:14.465 收到 Head 資訊 {Count 2} {Type C } 
[2752] 2015/02/05 15:26:14.467 收到 Head 資訊 {Count 2} {Type C } 
[2752] 2015/02/05 15:26:14.468 收到 Head 資訊 {Count 2} {Type C } 
[2752] 2015/02/05 15:26:14.469 收到 Head 資訊 {Count 2} {Type C } 
[2752] 2015/02/05 15:26:14.471 收到 Head 資訊 {Count 2} {Type C } 
[2752] 2015/02/05 15:26:14.472 收到 Head 資訊 {Count 2} {Type C } 
[2752] 2015/02/05 15:26:14.473 收到 Head 資訊 {Count 2} {Type C } 
[2752] 2015/02/05 15:26:14.475 收到 Head 資訊 {Count 2} {Type C } 
[2752] 2015/02/05 15:26:14.476 收到 Head 資訊 {Count 2} {Type C } 
[2752] 2015/02/05 15:26:14.477 收到 Head 資訊 {Count 2} {Type C } 
[2752] 2015/02/05 15:26:14.479 收到 Head 資訊 {Count 2} {Type C } 
[2752] 2015/02/05 15:26:14.480 收到 Head 資訊 {Count 2} {Type C } 
[2752] 2015/02/05 15:26:14.481 收到 Head 資訊 {Count 2} {Type C } 
[2752] 2015/02/05 15:26:14.483 收到 Head 資訊 {Count 2} {Type C } 
[2752] 2015/02/05 15:26:14.484 收到 Head 資訊 {Count 2} {Type C } 
[2752] 2015/02/05 15:26:14.485 收到 Head 資訊 {Count 2} {Type C } 
[2752] 2015/02/05 15:26:14.487 收到 Head 資訊 {Count 2} {Type B } 
[2752] 2015/02/05 15:27:12.743 連線確認 E122828927 (21,21)
[2752] 2015/02/05 15:28:12.756 連線確認 E122828927 (21,21)
[2752] 2015/02/05 15:29:12.771 連線確認 E122828927 (21,21)
[2752] 2015/02/05 15:30:12.783 連線確認 E122828927 (21,21)
[2752] 2015/02/05 15:31:12.797 連線確認 E122828927 (21,21)
[2752] 2015/02/05 15:31:14.741 收到 Head 資訊 {Count 2} {Type B } 
[2752] 2015/02/05 15:31:17.861 收到 Head 資訊 {Count 2} {Type C } 
[2752] 2015/02/05 15:31:27.933 收到 Head 資訊 {Count 2} {Type C } 
[2752] 2015/02/05 15:31:37.934 收到 Head 資訊 {Count 2} {Type C } 
[2752] 2015/02/05 15:31:47.934 收到 Head 資訊 {Count 2} {Type C } 
[2752] 2015/02/05 15:32:12.811 連線確認 E122828927 (21,21)
[2752] 2015/02/05 15:32:17.934 收到 Head 資訊 {Count 2} {Type C } 
[2752] 2015/02/05 15:32:27.934 收到 Head 資訊 {Count 2} {Type C } 
[2752] 2015/02/05 15:33:12.823 連線確認 E122828927 (21,21)
[2752] 2015/02/05 15:34:12.838 連線確認 E122828927 (21,21)
[2752] 2015/02/05 15:35:07.614 收到 Head 資訊 {Count 2} {Type C } 
[2752] 2015/02/05 15:35:12.851 連線確認 E122828927 (21,21)
[2752] 2015/02/05 15:35:17.614 收到 Head 資訊 {Count 2} {Type C } 
[2752] 2015/02/05 15:36:12.864 連線確認 E122828927 (21,21)
[2752] 2015/02/05 15:36:16.297 收到 Head 資訊 {Count 2} {Type B } 
[2752] 2015/02/05 15:37:12.879 連線確認 E122828927 (21,21)
[2752] 2015/02/05 15:38:12.891 連線確認 E122828927 (21,21)
[2752] 2015/02/05 15:39:12.906 連線確認 E122828927 (21,21)
[2752] 2015/02/05 15:40:12.919 連線確認 E122828927 (21,21)
[2752] 2015/02/05 15:41:12.932 連線確認 E122828927 (21,21)
[2752] 2015/02/05 15:41:17.267 收到 Head 資訊 {Count 2} {Type B } 
[2752] 2015/02/05 15:42:12.947 連線確認 E122828927 (21,21)
[2752] 2015/02/05 15:43:12.959 連線確認 E122828927 (21,21)
[2752] 2015/02/05 15:44:12.973 連線確認 E122828927 (21,21)
[2752] 2015/02/05 15:45:12.986 連線確認 E122828927 (21,21)
[2752] 2015/02/05 15:46:13.001 連線確認 E122828927 (21,21)
[2752] 2015/02/05 15:46:18.298 收到 Head 資訊 {Count 2} {Type B } 
[2752] 2015/02/05 15:47:13.014 連線確認 E122828927 (21,21)
[2752] 2015/02/05 15:48:13.028 連線確認 E122828927 (21,21)
[2752] 2015/02/05 15:49:13.042 連線確認 E122828927 (21,21)
[2752] 2015/02/05 15:50:13.055 連線確認 E122828927 (21,21)
[2752] 2015/02/05 15:51:13.069 連線確認 E122828927 (21,21)
[2752] 2015/02/05 15:51:18.764 收到 Head 資訊 {Count 2} {Type C } 
[2752] 2015/02/05 15:51:18.972 收到 Head 資訊 {Count 2} {Type C } 
[2752] 2015/02/05 15:51:19.188 收到 Head 資訊 {Count 2} {Type B } 
[2752] 2015/02/05 15:51:28.844 收到 Head 資訊 {Count 2} {Type C } 
[2752] 2015/02/05 15:51:38.845 收到 Head 資訊 {Count 2} {Type C } 
[2752] 2015/02/05 15:51:48.845 收到 Head 資訊 {Count 2} {Type C } 
[2752] 2015/02/05 15:51:58.844 收到 Head 資訊 {Count 2} {Type C } 
[2752] 2015/02/05 15:52:08.846 收到 Head 資訊 {Count 2} {Type C } 
[2752] 2015/02/05 15:52:13.082 連線確認 E122828927 (21,21)
[2752] 2015/02/05 15:52:18.845 收到 Head 資訊 {Count 2} {Type C } 
[2752] 2015/02/05 15:52:28.847 收到 Head 資訊 {Count 2} {Type C } 
[2752] 2015/02/05 15:52:48.845 收到 Head 資訊 {Count 2} {Type C } 
[2752] 2015/02/05 15:53:13.095 連線確認 E122828927 (21,21)
[2752] 2015/02/05 15:54:13.110 連線確認 E122828927 (21,21)
[2752] 2015/02/05 15:55:08.059 收到 Head 資訊 {Count 2} {Type C } 
[2752] 2015/02/05 15:55:13.122 連線確認 E122828927 (21,21)
[2752] 2015/02/05 15:55:18.045 收到 Head 資訊 {Count 2} {Type C } 
[2752] 2015/02/05 15:55:28.044 收到 Head 資訊 {Count 2} {Type C } 
[2752] 2015/02/05 15:55:38.046 收到 Head 資訊 {Count 2} {Type C } 
[2752] 2015/02/05 15:56:13.137 連線確認 E122828927 (21,21)
[2752] 2015/02/05 15:56:20.043 收到 Head 資訊 {Count 2} {Type B } 
[2752] 2015/02/05 15:57:13.150 連線確認 E122828927 (21,21)
[2752] 2015/02/05 15:58:13.165 連線確認 E122828927 (21,21)
[2752] 2015/02/05 15:59:13.178 連線確認 E122828927 (21,21)
[2752] 2015/02/05 16:00:13.191 連線確認 E122828927 (21,21)
[2752] 2015/02/05 16:01:13.204 連線確認 E122828927 (21,21)
[2752] 2015/02/05 16:01:21.003 收到 Head 資訊 {Count 2} {Type B } 
[2752] 2015/02/05 16:02:13.218 連線確認 E122828927 (21,21)
[2752] 2015/02/05 16:03:13.232 連線確認 E122828927 (21,21)
[2752] 2015/02/05 16:04:13.246 連線確認 E122828927 (21,21)
[2752] 2015/02/05 16:05:13.260 連線確認 E122828927 (21,21)
[2752] 2015/02/05 16:06:13.273 連線確認 E122828927 (21,21)
[2752] 2015/02/05 16:06:32.080 收到 Head 資訊 {Count 2} {Type B } 
[2752] 2015/02/05 16:07:13.287 連線確認 E122828927 (21,21)
[2752] 2015/02/05 16:08:13.299 連線確認 E122828927 (21,21)
[2752] 2015/02/05 16:09:13.313 連線確認 E122828927 (21,21)
[2752] 2015/02/05 16:10:13.327 連線確認 E122828927 (21,21)
[2752] 2015/02/05 16:11:13.341 連線確認 E122828927 (21,21)
[2752] 2015/02/05 16:11:18.540 收到 Head 資訊 {Count 2} {Type C } 
[2752] 2015/02/05 16:11:23.170 收到 Head 資訊 {Count 2} {Type B } 
[2752] 2015/02/05 16:11:28.534 收到 Head 資訊 {Count 2} {Type C } 
[2752] 2015/02/05 16:11:38.533 收到 Head 資訊 {Count 2} {Type C } 
[2752] 2015/02/05 16:11:48.534 收到 Head 資訊 {Count 2} {Type C } 
[2752] 2015/02/05 16:11:58.533 收到 Head 資訊 {Count 2} {Type C } 
[2752] 2015/02/05 16:12:08.534 收到 Head 資訊 {Count 2} {Type C } 
[2752] 2015/02/05 16:12:13.354 連線確認 E122828927 (21,21)
[2752] 2015/02/05 16:12:18.535 收到 Head 資訊 {Count 2} {Type C } 
[2752] 2015/02/05 16:12:28.534 收到 Head 資訊 {Count 2} {Type C } 
[2752] 2015/02/05 16:13:13.368 連線確認 E122828927 (21,21)
[2752] 2015/02/05 16:14:13.381 連線確認 E122828927 (21,21)
[2752] 2015/02/05 16:15:08.373 收到 Head 資訊 {Count 2} {Type C } 
[2752] 2015/02/05 16:15:13.395 連線確認 E122828927 (21,21)
[2752] 2015/02/05 16:15:18.371 收到 Head 資訊 {Count 2} {Type C } 
[2752] 2015/02/05 16:15:28.373 收到 Head 資訊 {Count 2} {Type C } 
[2752] 2015/02/05 16:15:38.373 收到 Head 資訊 {Count 2} {Type C } 
[2752] 2015/02/05 16:15:48.374 收到 Head 資訊 {Count 2} {Type C } 
[2752] 2015/02/05 16:15:58.333 收到 Head 資訊 {Count 2} {Type C } 
[2752] 2015/02/05 16:16:13.408 連線確認 E122828927 (21,21)
[2752] 2015/02/05 16:16:24.171 收到 Head 資訊 {Count 2} {Type B } 
[2752] 2015/02/05 16:17:13.422 連線確認 E122828927 (21,21)
[2752] 2015/02/05 16:18:13.436 連線確認 E122828927 (21,21)
[2752] 2015/02/05 16:19:13.449 連線確認 E122828927 (21,21)
[2752] 2015/02/05 16:20:13.462 連線確認 E122828927 (21,21)
[2752] 2015/02/05 16:21:13.476 連線確認 E122828927 (21,21)
[2752] 2015/02/05 16:21:25.210 收到 Head 資訊 {Count 2} {Type B } 
[2752] 2015/02/05 16:22:13.489 連線確認 E122828927 (21,21)
[2752] 2015/02/05 16:23:13.503 連線確認 E122828927 (21,21)
[2752] 2015/02/05 16:24:13.517 連線確認 E122828927 (21,21)
[2752] 2015/02/05 16:25:13.531 連線確認 E122828927 (21,21)
[2752] 2015/02/05 16:26:13.544 連線確認 E122828927 (21,21)
[2752] 2015/02/05 16:26:26.238 收到 Head 資訊 {Count 2} {Type B } 
[2752] 2015/02/05 16:27:13.558 連線確認 E122828927 (21,21)
[2752] 2015/02/05 16:28:13.572 連線確認 E122828927 (21,21)
[2752] 2015/02/05 16:29:13.584 連線確認 E122828927 (21,21)
[2752] 2015/02/05 16:30:13.599 連線確認 E122828927 (21,21)
[2752] 2015/02/05 16:31:13.612 連線確認 E122828927 (21,21)
[2752] 2015/02/05 16:31:18.629 收到 Head 資訊 {Count 2} {Type C } 
[2752] 2015/02/05 16:31:27.237 收到 Head 資訊 {Count 2} {Type B } 
[2752] 2015/02/05 16:31:28.639 收到 Head 資訊 {Count 2} {Type C } 
[2752] 2015/02/05 16:31:38.650 收到 Head 資訊 {Count 2} {Type C } 
[2752] 2015/02/05 16:31:48.659 收到 Head 資訊 {Count 2} {Type C } 
[2752] 2015/02/05 16:31:58.670 收到 Head 資訊 {Count 2} {Type C } 
[2752] 2015/02/05 16:32:08.610 收到 Head 資訊 {Count 2} {Type C } 
[2752] 2015/02/05 16:32:13.626 連線確認 E122828927 (21,21)
[2752] 2015/02/05 16:32:18.618 收到 Head 資訊 {Count 2} {Type C } 
[2752] 2015/02/05 16:32:28.629 收到 Head 資訊 {Count 2} {Type C } 
[2752] 2015/02/05 16:32:38.639 收到 Head 資訊 {Count 2} {Type C } 
[2752] 2015/02/05 16:32:48.650 收到 Head 資訊 {Count 2} {Type C } 
[2752] 2015/02/05 16:32:58.659 收到 Head 資訊 {Count 2} {Type C } 
[2752] 2015/02/05 16:33:08.669 收到 Head 資訊 {Count 2} {Type C } 
[2752] 2015/02/05 16:33:13.639 連線確認 E122828927 (21,21)
[2752] 2015/02/05 16:33:18.609 收到 Head 資訊 {Count 2} {Type C } 
[2752] 2015/02/05 16:33:28.619 收到 Head 資訊 {Count 2} {Type C } 
[2752] 2015/02/05 16:34:13.652 連線確認 E122828927 (21,21)
[2752] 2015/02/05 16:34:28.679 收到 Head 資訊 {Count 2} {Type C } 
[2752] 2015/02/05 16:34:48.629 收到 Head 資訊 {Count 2} {Type C } 
[2752] 2015/02/05 16:35:08.578 收到 Head 資訊 {Count 2} {Type C } 
[2752] 2015/02/05 16:35:13.666 連線確認 E122828927 (21,21)
[2752] 2015/02/05 16:35:18.589 收到 Head 資訊 {Count 2} {Type C } 
[2752] 2015/02/05 16:35:28.529 收到 Head 資訊 {Count 2} {Type C } 
[2752] 2015/02/05 16:35:38.538 收到 Head 資訊 {Count 2} {Type C } 
[2752] 2015/02/05 16:35:48.549 收到 Head 資訊 {Count 2} {Type C } 
[2752] 2015/02/05 16:35:58.558 收到 Head 資訊 {Count 2} {Type C } 
[2752] 2015/02/05 16:36:13.679 連線確認 E122828927 (21,21)
[2752] 2015/02/05 16:36:28.237 收到 Head 資訊 {Count 2} {Type B } 
[2752] 2015/02/05 16:37:13.694 連線確認 E122828927 (21,21)
[2752] 2015/02/05 16:38:13.708 連線確認 E122828927 (21,21)
[2752] 2015/02/05 16:39:13.721 連線確認 E122828927 (21,21)
[2752] 2015/02/05 16:40:13.734 連線確認 E122828927 (21,21)
[2752] 2015/02/05 16:41:13.748 連線確認 E122828927 (21,21)
[2752] 2015/02/05 16:41:29.162 收到 Head 資訊 {Count 2} {Type B } 
[2752] 2015/02/05 16:42:13.762 連線確認 E122828927 (21,21)
[2752] 2015/02/05 16:43:13.775 連線確認 E122828927 (21,21)
[2752] 2015/02/05 16:44:13.788 連線確認 E122828927 (21,21)
[2752] 2015/02/05 16:45:13.802 連線確認 E122828927 (21,21)
[2752] 2015/02/05 16:46:13.816 連線確認 E122828927 (21,21)
[2752] 2015/02/05 16:46:30.162 收到 Head 資訊 {Count 2} {Type B } 
[2752] 2015/02/05 16:47:13.830 連線確認 E122828927 (21,21)
[2752] 2015/02/05 16:48:13.843 連線確認 E122828927 (21,21)
[2752] 2015/02/05 16:49:13.857 連線確認 E122828927 (21,21)
[2752] 2015/02/05 16:50:13.870 連線確認 E122828927 (21,21)
[2752] 2015/02/05 16:51:13.884 連線確認 E122828927 (21,21)
[2752] 2015/02/05 16:51:28.782 收到 Head 資訊 {Count 2} {Type C } 
[2752] 2015/02/05 16:51:31.161 收到 Head 資訊 {Count 2} {Type B } 
[2752] 2015/02/05 16:51:38.723 收到 Head 資訊 {Count 2} {Type C } 
[2752] 2015/02/05 16:51:48.732 收到 Head 資訊 {Count 2} {Type C } 
[2752] 2015/02/05 16:51:58.743 收到 Head 資訊 {Count 2} {Type C } 
[2752] 2015/02/05 16:52:13.898 連線確認 E122828927 (21,21)
[2752] 2015/02/05 16:52:18.303 收到 Head 資訊 {Count 2} {Type C } 
[2752] 2015/02/05 16:52:18.512 收到 Head 資訊 {Count 2} {Type C } 
[2752] 2015/02/05 16:52:28.513 收到 Head 資訊 {Count 2} {Type C } 
[2752] 2015/02/05 16:52:38.524 收到 Head 資訊 {Count 2} {Type C } 
[2752] 2015/02/05 16:52:48.534 收到 Head 資訊 {Count 2} {Type C } 
[2752] 2015/02/05 16:52:58.473 收到 Head 資訊 {Count 2} {Type C } 
[2752] 2015/02/05 16:53:08.484 收到 Head 資訊 {Count 2} {Type C } 
[2752] 2015/02/05 16:53:13.911 連線確認 E122828927 (21,21)
[2752] 2015/02/05 16:54:13.924 連線確認 E122828927 (21,21)
[2752] 2015/02/05 16:55:13.938 連線確認 E122828927 (21,21)
[2752] 2015/02/05 16:56:13.952 連線確認 E122828927 (21,21)
[2752] 2015/02/05 16:56:31.902 收到 Head 資訊 {Count 2} {Type B } 
[2752] 2015/02/05 16:57:13.966 連線確認 E122828927 (21,21)
[2752] 2015/02/05 16:58:13.979 連線確認 E122828927 (21,21)
[2752] 2015/02/05 16:59:13.992 連線確認 E122828927 (21,21)
[2752] 2015/02/05 17:00:14.006 連線確認 E122828927 (21,21)
[2752] 2015/02/05 17:01:14.020 連線確認 E122828927 (21,21)
[2752] 2015/02/05 17:01:32.903 收到 Head 資訊 {Count 2} {Type B } 
[2752] 2015/02/05 17:02:14.033 連線確認 E122828927 (21,21)
[2752] 2015/02/05 17:03:14.047 連線確認 E122828927 (21,21)
[2752] 2015/02/05 17:04:14.060 連線確認 E122828927 (21,21)
[2752] 2015/02/05 17:05:14.074 連線確認 E122828927 (21,21)
[2752] 2015/02/05 17:06:14.088 連線確認 E122828927 (21,21)
[2752] 2015/02/05 17:06:33.903 收到 Head 資訊 {Count 2} {Type B } 
[2752] 2015/02/05 17:07:14.102 連線確認 E122828927 (21,21)
[2752] 2015/02/05 17:07:48.415 收到 Head 資訊 {Count 2} {Type C } 
[2752] 2015/02/05 17:07:58.426 收到 Head 資訊 {Count 2} {Type C } 
[2752] 2015/02/05 17:08:08.436 收到 Head 資訊 {Count 2} {Type C } 
[2752] 2015/02/05 17:08:14.115 連線確認 E122828927 (21,21)
[2752] 2015/02/05 17:08:18.444 收到 Head 資訊 {Count 2} {Type C } 
[2752] 2015/02/05 17:08:28.456 收到 Head 資訊 {Count 2} {Type C } 
[2752] 2015/02/05 17:08:38.395 收到 Head 資訊 {Count 2} {Type C } 
[2752] 2015/02/05 17:09:14.129 連線確認 E122828927 (21,21)
[2752] 2015/02/05 17:10:14.142 連線確認 E122828927 (21,21)
[2752] 2015/02/05 17:11:14.155 連線確認 E122828927 (21,21)
[2752] 2015/02/05 17:11:34.513 收到 Head 資訊 {Count 2} {Type B } 
[2752] 2015/02/05 17:12:14.169 連線確認 E122828927 (21,21)
[2752] 2015/02/05 17:13:14.183 連線確認 E122828927 (21,21)
[2752] 2015/02/05 17:14:14.196 連線確認 E122828927 (21,21)
[2752] 2015/02/05 17:15:14.209 連線確認 E122828927 (21,21)
[2752] 2015/02/05 17:16:14.224 連線確認 E122828927 (21,21)
[2752] 2015/02/05 17:16:35.513 收到 Head 資訊 {Count 2} {Type B } 
[2752] 2015/02/05 17:17:14.237 連線確認 E122828927 (21,21)
[2752] 2015/02/05 17:18:14.250 連線確認 E122828927 (21,21)
[2752] 2015/02/05 17:19:14.264 連線確認 E122828927 (21,21)
[2752] 2015/02/05 17:20:14.277 連線確認 E122828927 (21,21)
[2752] 2015/02/05 17:21:14.292 連線確認 E122828927 (21,21)
[2752] 2015/02/05 17:21:36.512 收到 Head 資訊 {Count 2} {Type B } 
[2752] 2015/02/05 17:22:14.305 連線確認 E122828927 (21,21)
[2752] 2015/02/05 17:23:14.318 連線確認 E122828927 (21,21)
[2752] 2015/02/05 17:24:09.175 收到 Head 資訊 {Count 2} {Type C } 
[2752] 2015/02/05 17:24:14.332 連線確認 E122828927 (21,21)
[2752] 2015/02/05 17:24:19.155 收到 Head 資訊 {Count 2} {Type C } 
[2752] 2015/02/05 17:24:29.167 收到 Head 資訊 {Count 2} {Type C } 
[2752] 2015/02/05 17:24:39.175 收到 Head 資訊 {Count 2} {Type C } 
[2752] 2015/02/05 17:24:49.185 收到 Head 資訊 {Count 2} {Type C } 
[2752] 2015/02/05 17:24:59.195 收到 Head 資訊 {Count 2} {Type C } 
[2752] 2015/02/05 17:25:09.205 收到 Head 資訊 {Count 2} {Type C } 
[2752] 2015/02/05 17:25:14.346 連線確認 E122828927 (21,21)
[2752] 2015/02/05 17:25:19.216 收到 Head 資訊 {Count 2} {Type C } 
[2752] 2015/02/05 17:25:29.155 收到 Head 資訊 {Count 2} {Type C } 
[2752] 2015/02/05 17:25:39.165 收到 Head 資訊 {Count 2} {Type C } 
[2752] 2015/02/05 17:25:49.175 收到 Head 資訊 {Count 2} {Type C } 
[2752] 2015/02/05 17:25:59.223 收到 Head 資訊 {Count 2} {Type C } 
[2752] 2015/02/05 17:26:14.360 連線確認 E122828927 (21,21)
[2752] 2015/02/05 17:26:37.963 收到 Head 資訊 {Count 2} {Type B } 
[2752] 2015/02/05 17:27:14.373 連線確認 E122828927 (21,21)
[2752] 2015/02/05 17:28:14.387 連線確認 E122828927 (21,21)
[2752] 2015/02/05 17:29:14.400 連線確認 E122828927 (21,21)
[2752] 2015/02/05 17:30:14.415 連線確認 E122828927 (21,21)
[2752] 2015/02/05 17:31:14.427 連線確認 E122828927 (21,21)
[2752] 2015/02/05 17:31:38.963 收到 Head 資訊 {Count 2} {Type B } 
[2752] 2015/02/05 17:32:14.440 連線確認 E122828927 (21,21)
[2752] 2015/02/05 17:33:14.455 連線確認 E122828927 (21,21)
[2752] 2015/02/05 17:34:14.468 連線確認 E122828927 (21,21)
[2752] 2015/02/05 17:35:14.482 連線確認 E122828927 (21,21)
[2752] 2015/02/05 17:36:14.496 連線確認 E122828927 (21,21)
[2752] 2015/02/05 17:36:39.962 收到 Head 資訊 {Count 2} {Type B } 
[2752] 2015/02/05 17:37:14.508 連線確認 E122828927 (21,21)
[2752] 2015/02/05 17:38:14.521 連線確認 E122828927 (21,21)
[2752] 2015/02/05 17:39:14.536 連線確認 E122828927 (21,21)
[2752] 2015/02/05 17:40:14.549 連線確認 E122828927 (21,21)
[2752] 2015/02/05 17:40:39.405 收到 Head 資訊 {Count 2} {Type C } 
[2752] 2015/02/05 17:40:49.354 收到 Head 資訊 {Count 2} {Type C } 
[2752] 2015/02/05 17:40:59.375 收到 Head 資訊 {Count 2} {Type C } 
[2752] 2015/02/05 17:41:09.394 收到 Head 資訊 {Count 2} {Type C } 
[2752] 2015/02/05 17:41:14.586 連線確認 E122828927 (21,21)
[2752] 2015/02/05 17:41:19.354 收到 Head 資訊 {Count 2} {Type C } 
[2752] 2015/02/05 17:41:29.375 收到 Head 資訊 {Count 2} {Type C } 
[2752] 2015/02/05 17:41:39.393 收到 Head 資訊 {Count 2} {Type C } 
[2752] 2015/02/05 17:41:40.952 收到 Head 資訊 {Count 2} {Type B } 
[2752] 2015/02/05 17:41:49.415 收到 Head 資訊 {Count 2} {Type C } 
[2752] 2015/02/05 17:41:59.374 收到 Head 資訊 {Count 2} {Type C } 
[2752] 2015/02/05 17:42:09.394 收到 Head 資訊 {Count 2} {Type C } 
[2752] 2015/02/05 17:42:14.577 連線確認 E122828927 (21,21)
[2752] 2015/02/05 17:42:19.414 收到 Head 資訊 {Count 2} {Type C } 
[2752] 2015/02/05 17:42:29.375 收到 Head 資訊 {Count 2} {Type C } 
[2752] 2015/02/05 17:42:39.395 收到 Head 資訊 {Count 2} {Type C } 
[2752] 2015/02/05 17:42:49.414 收到 Head 資訊 {Count 2} {Type C } 
[2752] 2015/02/05 17:42:59.374 收到 Head 資訊 {Count 2} {Type C } 
[2752] 2015/02/05 17:43:09.394 收到 Head 資訊 {Count 2} {Type C } 
[2752] 2015/02/05 17:43:14.590 連線確認 E122828927 (21,21)
[2752] 2015/02/05 17:43:19.417 收到 Head 資訊 {Count 2} {Type C } 
[2752] 2015/02/05 17:43:29.373 收到 Head 資訊 {Count 2} {Type C } 
[2752] 2015/02/05 17:43:39.394 收到 Head 資訊 {Count 2} {Type C } 
[2752] 2015/02/05 17:44:14.604 連線確認 E122828927 (21,21)
[2752] 2015/02/05 17:45:14.617 連線確認 E122828927 (21,21)
[2752] 2015/02/05 17:46:14.631 連線確認 E122828927 (21,21)
[2752] 2015/02/05 17:46:41.913 收到 Head 資訊 {Count 2} {Type B } 
[2752] 2015/02/05 17:47:14.644 連線確認 E122828927 (21,21)
[2752] 2015/02/05 17:48:14.658 連線確認 E122828927 (21,21)
[2752] 2015/02/05 17:49:14.672 連線確認 E122828927 (21,21)
[2752] 2015/02/05 17:50:14.686 連線確認 E122828927 (21,21)
[2752] 2015/02/05 17:51:14.699 連線確認 E122828927 (21,21)
[2752] 2015/02/05 17:51:42.933 收到 Head 資訊 {Count 2} {Type B } 
[2752] 2015/02/05 17:52:14.712 連線確認 E122828927 (21,21)
[2752] 2015/02/05 17:53:14.726 連線確認 E122828927 (21,21)
[2752] 2015/02/05 17:54:14.739 連線確認 E122828927 (21,21)
[2752] 2015/02/05 17:55:14.752 連線確認 E122828927 (21,21)
[2752] 2015/02/05 17:56:14.767 連線確認 E122828927 (21,21)
[2752] 2015/02/05 17:56:43.228 收到 Head 資訊 {Count 2} {Type B } 
[2752] 2015/02/05 17:57:08.967 收到 Head 資訊 {Count 2} {Type C } 
[2752] 2015/02/05 17:57:14.781 連線確認 E122828927 (21,21)
[2752] 2015/02/05 17:57:18.928 收到 Head 資訊 {Count 2} {Type C } 
[2752] 2015/02/05 17:57:28.947 收到 Head 資訊 {Count 2} {Type C } 
[2752] 2015/02/05 17:57:38.967 收到 Head 資訊 {Count 2} {Type C } 
[2752] 2015/02/05 17:57:48.927 收到 Head 資訊 {Count 2} {Type C } 
[2752] 2015/02/05 17:57:58.947 收到 Head 資訊 {Count 2} {Type C } 
[2752] 2015/02/05 17:58:08.967 收到 Head 資訊 {Count 2} {Type C } 
[2752] 2015/02/05 17:58:14.795 連線確認 E122828927 (21,21)
[2752] 2015/02/05 17:58:18.927 收到 Head 資訊 {Count 2} {Type C } 
[2752] 2015/02/05 17:58:28.948 收到 Head 資訊 {Count 2} {Type C } 
[2752] 2015/02/05 17:58:38.967 收到 Head 資訊 {Count 2} {Type C } 
[2752] 2015/02/05 17:58:48.927 收到 Head 資訊 {Count 2} {Type C } 
[2752] 2015/02/05 17:58:58.947 收到 Head 資訊 {Count 2} {Type C } 
[2752] 2015/02/05 17:59:08.967 收到 Head 資訊 {Count 2} {Type C } 
[2752] 2015/02/05 17:59:14.808 連線確認 E122828927 (21,21)
[2752] 2015/02/05 17:59:18.927 收到 Head 資訊 {Count 2} {Type C } 
[2752] 2015/02/05 17:59:28.947 收到 Head 資訊 {Count 2} {Type C } 
[2752] 2015/02/05 17:59:38.967 收到 Head 資訊 {Count 2} {Type C } 
[2752] 2015/02/05 17:59:48.927 收到 Head 資訊 {Count 2} {Type C } 
[2752] 2015/02/05 17:59:58.950 收到 Head 資訊 {Count 2} {Type C } 
[2752] 2015/02/05 18:00:08.967 收到 Head 資訊 {Count 2} {Type C } 
[2752] 2015/02/05 18:00:14.822 連線確認 E122828927 (21,21)
[2752] 2015/02/05 18:00:18.927 收到 Head 資訊 {Count 2} {Type C } 
[2752] 2015/02/05 18:01:14.834 連線確認 E122828927 (21,21)
[2752] 2015/02/05 18:01:44.187 收到 Head 資訊 {Count 2} {Type B } 
[2752] 2015/02/05 18:02:14.849 連線確認 E122828927 (21,21)
[2752] 2015/02/05 18:03:14.862 連線確認 E122828927 (21,21)
[2752] 2015/02/05 18:04:14.875 連線確認 E122828927 (21,21)
[2752] 2015/02/05 18:05:14.889 連線確認 E122828927 (21,21)
[2752] 2015/02/05 18:06:14.903 連線確認 E122828927 (21,21)
[2752] 2015/02/05 18:06:45.207 收到 Head 資訊 {Count 2} {Type B } 
[2752] 2015/02/05 18:07:14.916 連線確認 E122828927 (21,21)
[2752] 2015/02/05 18:08:14.930 連線確認 E122828927 (21,21)
[2752] 2015/02/05 18:09:14.944 連線確認 E122828927 (21,21)
[2752] 2015/02/05 18:10:14.957 連線確認 E122828927 (21,21)
[2752] 2015/02/05 18:11:14.970 連線確認 E122828927 (21,21)
[2752] 2015/02/05 18:11:46.226 收到 Head 資訊 {Count 2} {Type B } 
[2752] 2015/02/05 18:12:14.984 連線確認 E122828927 (21,21)
[2752] 2015/02/05 18:13:14.998 連線確認 E122828927 (21,21)
[2752] 2015/02/05 18:13:49.245 收到 Head 資訊 {Count 2} {Type C } 
[2752] 2015/02/05 18:14:02.033 收到 Head 資訊 {Count 2} {Type C } 
[2752] 2015/02/05 18:14:10.077 收到 Head 資訊 {Count 2} {Type C } 
[2752] 2015/02/05 18:14:15.010 連線確認 E122828927 (21,21)
[2752] 2015/02/05 18:14:20.097 收到 Head 資訊 {Count 2} {Type C } 
[2752] 2015/02/05 18:14:30.116 收到 Head 資訊 {Count 2} {Type C } 
[2752] 2015/02/05 18:15:15.025 連線確認 E122828927 (21,21)
[2752] 2015/02/05 18:16:15.039 連線確認 E122828927 (21,21)
[2752] 2015/02/05 18:16:48.113 收到 Head 資訊 {Count 2} {Type B } 
[2752] 2015/02/05 18:17:15.052 連線確認 E122828927 (21,21)
[2752] 2015/02/05 18:18:15.066 連線確認 E122828927 (21,21)
[2752] 2015/02/05 18:19:15.079 連線確認 E122828927 (21,21)
[2752] 2015/02/05 18:20:15.093 連線確認 E122828927 (21,21)
[2752] 2015/02/05 18:21:15.106 連線確認 E122828927 (21,21)
[2752] 2015/02/05 18:21:49.073 收到 Head 資訊 {Count 2} {Type B } 
[2752] 2015/02/05 18:22:15.120 連線確認 E122828927 (21,21)
[2752] 2015/02/05 18:23:15.133 連線確認 E122828927 (21,21)
[2752] 2015/02/05 18:24:15.147 連線確認 E122828927 (21,21)
[2752] 2015/02/05 18:25:15.161 連線確認 E122828927 (21,21)
[2752] 2015/02/05 18:26:15.175 連線確認 E122828927 (21,21)
[2752] 2015/02/05 18:26:50.093 收到 Head 資訊 {Count 2} {Type B } 
[2752] 2015/02/05 18:27:15.188 連線確認 E122828927 (21,21)
[2752] 2015/02/05 18:28:15.202 連線確認 E122828927 (21,21)
[2752] 2015/02/05 18:29:15.215 連線確認 E122828927 (21,21)
[2752] 2015/02/05 18:30:15.228 連線確認 E122828927 (21,21)
[2752] 2015/02/05 18:30:30.159 收到 Head 資訊 {Count 2} {Type C } 
[2752] 2015/02/05 18:30:40.119 收到 Head 資訊 {Count 2} {Type C } 
[2752] 2015/02/05 18:30:50.138 收到 Head 資訊 {Count 2} {Type C } 
[2752] 2015/02/05 18:31:00.159 收到 Head 資訊 {Count 2} {Type C } 
[2752] 2015/02/05 18:31:10.178 收到 Head 資訊 {Count 2} {Type C } 
[2752] 2015/02/05 18:31:15.243 連線確認 E122828927 (21,21)
[2752] 2015/02/05 18:31:20.139 收到 Head 資訊 {Count 2} {Type C } 
[2752] 2015/02/05 18:31:30.159 收到 Head 資訊 {Count 2} {Type C } 
[2752] 2015/02/05 18:31:40.178 收到 Head 資訊 {Count 2} {Type C } 
[2752] 2015/02/05 18:31:50.139 收到 Head 資訊 {Count 2} {Type C } 
[2752] 2015/02/05 18:31:50.916 收到 Head 資訊 {Count 2} {Type B } 
[2752] 2015/02/05 18:32:00.158 收到 Head 資訊 {Count 2} {Type C } 
[2752] 2015/02/05 18:32:10.179 收到 Head 資訊 {Count 2} {Type C } 
[2752] 2015/02/05 18:32:15.255 連線確認 E122828927 (21,21)
[2752] 2015/02/05 18:32:20.138 收到 Head 資訊 {Count 2} {Type C } 
[2752] 2015/02/05 18:32:30.159 收到 Head 資訊 {Count 2} {Type C } 
[2752] 2015/02/05 18:32:40.178 收到 Head 資訊 {Count 2} {Type C } 
[2752] 2015/02/05 18:32:50.139 收到 Head 資訊 {Count 2} {Type C } 
[2752] 2015/02/05 18:33:00.159 收到 Head 資訊 {Count 2} {Type C } 
[2752] 2015/02/05 18:33:10.178 收到 Head 資訊 {Count 2} {Type C } 
[2752] 2015/02/05 18:33:15.269 連線確認 E122828927 (21,21)
[2752] 2015/02/05 18:33:20.138 收到 Head 資訊 {Count 2} {Type C } 
[2752] 2015/02/05 18:34:15.283 連線確認 E122828927 (21,21)
[2752] 2015/02/05 18:35:15.296 連線確認 E122828927 (21,21)
[2752] 2015/02/05 18:36:15.310 連線確認 E122828927 (21,21)
[2752] 2015/02/05 18:36:51.875 收到 Head 資訊 {Count 2} {Type B } 
[2752] 2015/02/05 18:37:15.324 連線確認 E122828927 (21,21)
[2752] 2015/02/05 18:38:15.338 連線確認 E122828927 (21,21)
[2752] 2015/02/05 18:39:15.350 連線確認 E122828927 (21,21)
[2752] 2015/02/05 18:40:15.364 連線確認 E122828927 (21,21)
[2752] 2015/02/05 18:41:15.378 連線確認 E122828927 (21,21)
[2752] 2015/02/05 18:41:52.895 收到 Head 資訊 {Count 2} {Type B } 
[2752] 2015/02/05 18:42:15.392 連線確認 E122828927 (21,21)
[2752] 2015/02/05 18:43:15.406 連線確認 E122828927 (21,21)
[2752] 2015/02/05 18:44:15.418 連線確認 E122828927 (21,21)
[2752] 2015/02/05 18:44:16.168 API ExitInstance 
