[3152] 2015/03/03 07:50:16.633 API InitInstance 
[3152] 2015/03/03 07:50:16.952 E122828927 連線 Code：0
[3152] 2015/03/03 07:50:17.962 收到 Head 資訊 {Count 2} {Type C } 
[3152] 2015/03/03 07:50:17.966 收到 Head 資訊 {Count 2} {Type C } 
[3152] 2015/03/03 07:50:17.968 收到 Head 資訊 {Count 2} {Type C } 
[3152] 2015/03/03 07:50:17.970 收到 Head 資訊 {Count 2} {Type C } 
[3152] 2015/03/03 07:50:17.972 收到 Head 資訊 {Count 2} {Type C } 
[3152] 2015/03/03 07:50:17.974 收到 Head 資訊 {Count 2} {Type C } 
[3152] 2015/03/03 07:50:17.976 收到 Head 資訊 {Count 2} {Type C } 
[3152] 2015/03/03 07:50:17.978 收到 Head 資訊 {Count 2} {Type C } 
[3152] 2015/03/03 07:50:17.980 收到 Head 資訊 {Count 2} {Type C } 
[3152] 2015/03/03 07:50:17.981 收到 Head 資訊 {Count 2} {Type C } 
[3152] 2015/03/03 07:50:17.983 收到 Head 資訊 {Count 2} {Type C } 
[3152] 2015/03/03 07:50:17.985 收到 Head 資訊 {Count 2} {Type C } 
[3152] 2015/03/03 07:50:17.987 收到 Head 資訊 {Count 2} {Type C } 
[3152] 2015/03/03 07:50:17.989 收到 Head 資訊 {Count 2} {Type C } 
[3152] 2015/03/03 07:50:17.991 收到 Head 資訊 {Count 2} {Type C } 
[3152] 2015/03/03 07:50:17.993 收到 Head 資訊 {Count 2} {Type C } 
[3152] 2015/03/03 07:50:17.995 收到 Head 資訊 {Count 2} {Type C } 
[3152] 2015/03/03 07:50:17.997 收到 Head 資訊 {Count 2} {Type C } 
[3152] 2015/03/03 07:50:17.999 收到 Head 資訊 {Count 2} {Type C } 
[3152] 2015/03/03 07:50:18.001 收到 Head 資訊 {Count 2} {Type C } 
[3152] 2015/03/03 07:50:18.002 收到 Head 資訊 {Count 2} {Type C } 
[3152] 2015/03/03 07:50:18.004 收到 Head 資訊 {Count 2} {Type C } 
[3152] 2015/03/03 07:50:18.006 收到 Head 資訊 {Count 2} {Type C } 
[3152] 2015/03/03 07:50:18.008 收到 Head 資訊 {Count 2} {Type C } 
[3152] 2015/03/03 07:50:18.010 收到 Head 資訊 {Count 2} {Type C } 
[3152] 2015/03/03 07:50:18.011 收到 Head 資訊 {Count 2} {Type C } 
[3152] 2015/03/03 07:50:18.013 收到 Head 資訊 {Count 2} {Type C } 
[3152] 2015/03/03 07:50:18.015 收到 Head 資訊 {Count 2} {Type C } 
[3152] 2015/03/03 07:50:18.017 收到 Head 資訊 {Count 2} {Type C } 
[3152] 2015/03/03 07:50:18.018 收到 Head 資訊 {Count 2} {Type C } 
[3152] 2015/03/03 07:50:18.020 收到 Head 資訊 {Count 2} {Type C } 
[3152] 2015/03/03 07:50:18.022 收到 Head 資訊 {Count 2} {Type C } 
[3152] 2015/03/03 07:50:18.023 收到 Head 資訊 {Count 2} {Type C } 
[3152] 2015/03/03 07:50:18.025 收到 Head 資訊 {Count 2} {Type C } 
[3152] 2015/03/03 07:50:18.027 收到 Head 資訊 {Count 2} {Type C } 
[3152] 2015/03/03 07:50:18.028 收到 Head 資訊 {Count 2} {Type C } 
[3152] 2015/03/03 07:50:18.030 收到 Head 資訊 {Count 2} {Type C } 
[3152] 2015/03/03 07:50:18.032 收到 Head 資訊 {Count 2} {Type C } 
[3152] 2015/03/03 07:50:18.033 收到 Head 資訊 {Count 2} {Type C } 
[3152] 2015/03/03 07:50:18.035 收到 Head 資訊 {Count 2} {Type C } 
[3152] 2015/03/03 07:50:18.037 收到 Head 資訊 {Count 2} {Type C } 
[3152] 2015/03/03 07:50:18.039 收到 Head 資訊 {Count 2} {Type C } 
[3152] 2015/03/03 07:50:18.040 收到 Head 資訊 {Count 2} {Type C } 
[3152] 2015/03/03 07:50:18.042 收到 Head 資訊 {Count 2} {Type C } 
[3152] 2015/03/03 07:50:18.044 收到 Head 資訊 {Count 2} {Type C } 
[3152] 2015/03/03 07:50:18.046 收到 Head 資訊 {Count 2} {Type C } 
[3152] 2015/03/03 07:50:18.047 收到 Head 資訊 {Count 2} {Type C } 
[3152] 2015/03/03 07:50:18.049 收到 Head 資訊 {Count 2} {Type C } 
[3152] 2015/03/03 07:50:18.051 收到 Head 資訊 {Count 2} {Type C } 
[3152] 2015/03/03 07:50:18.053 收到 Head 資訊 {Count 2} {Type C } 
[3152] 2015/03/03 07:50:18.055 收到 Head 資訊 {Count 2} {Type C } 
[3152] 2015/03/03 07:50:18.056 收到 Head 資訊 {Count 2} {Type C } 
[3152] 2015/03/03 07:50:18.058 收到 Head 資訊 {Count 2} {Type C } 
[3152] 2015/03/03 07:50:18.060 收到 Head 資訊 {Count 2} {Type C } 
[3152] 2015/03/03 07:50:18.062 收到 Head 資訊 {Count 2} {Type C } 
[3152] 2015/03/03 07:50:18.063 收到 Head 資訊 {Count 2} {Type C } 
[3152] 2015/03/03 07:50:18.065 收到 Head 資訊 {Count 2} {Type C } 
[3152] 2015/03/03 07:50:18.067 收到 Head 資訊 {Count 2} {Type C } 
[3152] 2015/03/03 07:50:18.069 收到 Head 資訊 {Count 2} {Type C } 
[3152] 2015/03/03 07:50:18.070 收到 Head 資訊 {Count 2} {Type C } 
[3152] 2015/03/03 07:50:18.072 收到 Head 資訊 {Count 2} {Type C } 
[3152] 2015/03/03 07:50:18.074 收到 Head 資訊 {Count 2} {Type C } 
[3152] 2015/03/03 07:50:18.075 收到 Head 資訊 {Count 2} {Type C } 
[3152] 2015/03/03 07:50:18.077 收到 Head 資訊 {Count 2} {Type C } 
[3152] 2015/03/03 07:50:18.079 收到 Head 資訊 {Count 2} {Type C } 
[3152] 2015/03/03 07:50:18.080 收到 Head 資訊 {Count 2} {Type C } 
[3152] 2015/03/03 07:50:18.082 收到 Head 資訊 {Count 2} {Type C } 
[3152] 2015/03/03 07:50:18.084 收到 Head 資訊 {Count 2} {Type C } 
[3152] 2015/03/03 07:50:18.086 收到 Head 資訊 {Count 2} {Type C } 
[3152] 2015/03/03 07:50:18.087 收到 Head 資訊 {Count 2} {Type C } 
[3152] 2015/03/03 07:50:18.089 收到 Head 資訊 {Count 2} {Type C } 
[3152] 2015/03/03 07:50:18.090 收到 Head 資訊 {Count 2} {Type C } 
[3152] 2015/03/03 07:50:18.092 收到 Head 資訊 {Count 2} {Type C } 
[3152] 2015/03/03 07:50:18.094 收到 Head 資訊 {Count 2} {Type C } 
[3152] 2015/03/03 07:50:18.096 收到 Head 資訊 {Count 2} {Type C } 
[3152] 2015/03/03 07:50:18.097 收到 Head 資訊 {Count 2} {Type C } 
[3152] 2015/03/03 07:50:18.099 收到 Head 資訊 {Count 2} {Type C } 
[3152] 2015/03/03 07:50:18.101 收到 Head 資訊 {Count 2} {Type C } 
[3152] 2015/03/03 07:50:18.103 收到 Head 資訊 {Count 2} {Type C } 
[3152] 2015/03/03 07:50:18.104 收到 Head 資訊 {Count 2} {Type C } 
[3152] 2015/03/03 07:50:18.106 收到 Head 資訊 {Count 2} {Type C } 
[3152] 2015/03/03 07:50:18.108 收到 Head 資訊 {Count 2} {Type C } 
[3152] 2015/03/03 07:50:18.109 收到 Head 資訊 {Count 2} {Type C } 
[3152] 2015/03/03 07:50:18.111 收到 Head 資訊 {Count 2} {Type C } 
[3152] 2015/03/03 07:50:18.113 收到 Head 資訊 {Count 2} {Type C } 
[3152] 2015/03/03 07:50:18.114 收到 Head 資訊 {Count 2} {Type C } 
[3152] 2015/03/03 07:50:18.116 收到 Head 資訊 {Count 2} {Type C } 
[3152] 2015/03/03 07:50:18.118 收到 Head 資訊 {Count 2} {Type C } 
[3152] 2015/03/03 07:50:18.119 收到 Head 資訊 {Count 2} {Type C } 
[3152] 2015/03/03 07:50:18.121 收到 Head 資訊 {Count 2} {Type C } 
[3152] 2015/03/03 07:50:18.123 收到 Head 資訊 {Count 2} {Type C } 
[3152] 2015/03/03 07:50:18.125 收到 Head 資訊 {Count 2} {Type C } 
[3152] 2015/03/03 07:50:18.126 收到 Head 資訊 {Count 2} {Type C } 
[3152] 2015/03/03 07:50:18.128 收到 Head 資訊 {Count 2} {Type C } 
[3152] 2015/03/03 07:50:18.129 收到 Head 資訊 {Count 2} {Type C } 
[3152] 2015/03/03 07:50:18.131 收到 Head 資訊 {Count 2} {Type C } 
[3152] 2015/03/03 07:50:18.133 收到 Head 資訊 {Count 2} {Type C } 
[3152] 2015/03/03 07:50:18.134 收到 Head 資訊 {Count 2} {Type C } 
[3152] 2015/03/03 07:50:18.136 收到 Head 資訊 {Count 2} {Type C } 
[3152] 2015/03/03 07:50:18.137 收到 Head 資訊 {Count 2} {Type C } 
[3152] 2015/03/03 07:50:18.139 收到 Head 資訊 {Count 2} {Type C } 
[3152] 2015/03/03 07:50:18.141 收到 Head 資訊 {Count 2} {Type C } 
[3152] 2015/03/03 07:50:18.142 收到 Head 資訊 {Count 2} {Type C } 
[3152] 2015/03/03 07:50:18.144 收到 Head 資訊 {Count 2} {Type C } 
[3152] 2015/03/03 07:50:18.145 收到 Head 資訊 {Count 2} {Type C } 
[3152] 2015/03/03 07:50:18.147 收到 Head 資訊 {Count 2} {Type C } 
[3152] 2015/03/03 07:50:18.149 收到 Head 資訊 {Count 2} {Type C } 
[3152] 2015/03/03 07:50:18.150 收到 Head 資訊 {Count 2} {Type B } 
[3152] 2015/03/03 07:50:54.892 收到 Head 資訊 {Count 2} {Type C } 
[3152] 2015/03/03 07:51:04.893 收到 Head 資訊 {Count 2} {Type C } 
[3152] 2015/03/03 07:51:14.887 收到 Head 資訊 {Count 2} {Type C } 
[3152] 2015/03/03 07:51:16.928 連線確認 E122828927 (21,21)
[3152] 2015/03/03 07:52:16.942 連線確認 E122828927 (21,21)
[3152] 2015/03/03 07:53:16.956 連線確認 E122828927 (21,21)
[3152] 2015/03/03 07:54:16.968 連線確認 E122828927 (21,21)
[3152] 2015/03/03 07:55:16.982 連線確認 E122828927 (21,21)
[3152] 2015/03/03 07:55:18.011 收到 Head 資訊 {Count 2} {Type B } 
[3152] 2015/03/03 07:56:16.995 連線確認 E122828927 (21,21)
[3152] 2015/03/03 07:57:17.010 連線確認 E122828927 (21,21)
[3152] 2015/03/03 07:58:17.023 連線確認 E122828927 (21,21)
[3152] 2015/03/03 07:59:17.037 連線確認 E122828927 (21,21)
[3152] 2015/03/03 08:00:17.050 連線確認 E122828927 (21,21)
[3152] 2015/03/03 08:00:19.035 收到 Head 資訊 {Count 2} {Type B } 
[3152] 2015/03/03 08:01:17.064 連線確認 E122828927 (21,21)
[3152] 2015/03/03 08:02:17.078 連線確認 E122828927 (21,21)
[3152] 2015/03/03 08:03:17.091 連線確認 E122828927 (21,21)
[3152] 2015/03/03 08:04:14.921 收到 Head 資訊 {Count 2} {Type C } 
[3152] 2015/03/03 08:04:17.104 連線確認 E122828927 (21,21)
[3152] 2015/03/03 08:04:44.909 收到 Head 資訊 {Count 2} {Type C } 
[3152] 2015/03/03 08:05:17.118 連線確認 E122828927 (21,21)
[3152] 2015/03/03 08:05:20.038 收到 Head 資訊 {Count 2} {Type B } 
[3152] 2015/03/03 08:06:17.132 連線確認 E122828927 (21,21)
[3152] 2015/03/03 08:07:17.145 連線確認 E122828927 (21,21)
[3152] 2015/03/03 08:08:17.159 連線確認 E122828927 (21,21)
[3152] 2015/03/03 08:09:17.173 連線確認 E122828927 (21,21)
[3152] 2015/03/03 08:10:17.186 連線確認 E122828927 (21,21)
[3152] 2015/03/03 08:10:21.047 收到 Head 資訊 {Count 2} {Type B } 
[3152] 2015/03/03 08:11:17.200 連線確認 E122828927 (21,21)
[3152] 2015/03/03 08:12:17.214 連線確認 E122828927 (21,21)
[3152] 2015/03/03 08:13:17.227 連線確認 E122828927 (21,21)
[3152] 2015/03/03 08:14:17.241 連線確認 E122828927 (21,21)
[3152] 2015/03/03 08:15:17.254 連線確認 E122828927 (21,21)
[3152] 2015/03/03 08:15:21.961 收到 Head 資訊 {Count 2} {Type B } 
[3152] 2015/03/03 08:16:17.268 連線確認 E122828927 (21,21)
[3152] 2015/03/03 08:17:17.282 連線確認 E122828927 (21,21)
[3152] 2015/03/03 08:18:17.295 連線確認 E122828927 (21,21)
[3152] 2015/03/03 08:19:17.308 連線確認 E122828927 (21,21)
[3152] 2015/03/03 08:20:17.322 連線確認 E122828927 (21,21)
[3152] 2015/03/03 08:20:22.908 收到 Head 資訊 {Count 2} {Type B } 
[3152] 2015/03/03 08:21:17.335 連線確認 E122828927 (21,21)
[3152] 2015/03/03 08:22:17.348 連線確認 E122828927 (21,21)
[3152] 2015/03/03 08:23:17.363 連線確認 E122828927 (21,21)
[3152] 2015/03/03 08:24:17.377 連線確認 E122828927 (21,21)
[3152] 2015/03/03 08:25:17.391 連線確認 E122828927 (21,21)
[3152] 2015/03/03 08:25:23.909 收到 Head 資訊 {Count 2} {Type B } 
[3152] 2015/03/03 08:26:17.403 連線確認 E122828927 (21,21)
[3152] 2015/03/03 08:27:17.418 連線確認 E122828927 (21,21)
[3152] 2015/03/03 08:28:17.430 連線確認 E122828927 (21,21)
[3152] 2015/03/03 08:29:17.445 連線確認 E122828927 (21,21)
[3152] 2015/03/03 08:30:17.458 連線確認 E122828927 (21,21)
[3152] 2015/03/03 08:30:25.273 收到 Head 資訊 {Count 2} {Type B } 
[3152] 2015/03/03 08:30:56.002 收到 Head 資訊 {Count 2} {Type C } 
[3152] 2015/03/03 08:31:05.967 收到 Head 資訊 {Count 2} {Type C } 
[3152] 2015/03/03 08:31:17.472 連線確認 E122828927 (21,21)
[3152] 2015/03/03 08:32:17.484 連線確認 E122828927 (21,21)
[3152] 2015/03/03 08:33:17.498 連線確認 E122828927 (21,21)
[3152] 2015/03/03 08:34:17.511 連線確認 E122828927 (21,21)
[3152] 2015/03/03 08:34:24.894 收到 Head 資訊 {Count 2} {Type C } 
[3152] 2015/03/03 08:34:34.921 收到 Head 資訊 {Count 2} {Type C } 
[3152] 2015/03/03 08:35:17.526 連線確認 E122828927 (21,21)
[3152] 2015/03/03 08:35:26.270 收到 Head 資訊 {Count 2} {Type B } 
[3152] 2015/03/03 08:36:17.540 連線確認 E122828927 (21,21)
[3152] 2015/03/03 08:37:17.554 連線確認 E122828927 (21,21)
[3152] 2015/03/03 08:38:17.566 連線確認 E122828927 (21,21)
[3152] 2015/03/03 08:39:17.580 連線確認 E122828927 (21,21)
[3152] 2015/03/03 08:40:17.594 連線確認 E122828927 (21,21)
[3152] 2015/03/03 08:40:27.327 收到 Head 資訊 {Count 2} {Type B } 
[3152] 2015/03/03 08:41:17.606 連線確認 E122828927 (21,21)
[3152] 2015/03/03 08:42:17.622 連線確認 E122828927 (21,21)
[3152] 2015/03/03 08:43:17.635 連線確認 E122828927 (21,21)
[3152] 2015/03/03 08:44:19.535 連線確認 E122828927 (21,21)
[3152] 2015/03/03 08:44:55.161 收到 Head 資訊 {Count 2} {Type C } 
[3152] 2015/03/03 08:45:19.519 連線確認 E122828927 (21,21)
[3152] 2015/03/03 08:45:25.252 收到 Head 資訊 {Count 2} {Type C } 
[3152] 2015/03/03 08:45:28.457 收到 Head 資訊 {Count 2} {Type B } 
[3152] 2015/03/03 08:46:19.532 連線確認 E122828927 (21,21)
[3152] 2015/03/03 08:47:19.546 連線確認 E122828927 (21,21)
[3152] 2015/03/03 08:48:19.558 連線確認 E122828927 (21,21)
[3152] 2015/03/03 08:49:19.573 連線確認 E122828927 (21,21)
[3152] 2015/03/03 08:50:19.585 連線確認 E122828927 (21,21)
[3152] 2015/03/03 08:50:29.501 收到 Head 資訊 {Count 2} {Type B } 
[3152] 2015/03/03 08:50:55.401 收到 Head 資訊 {Count 2} {Type C } 
[3152] 2015/03/03 08:51:05.349 收到 Head 資訊 {Count 2} {Type C } 
[3152] 2015/03/03 08:51:15.476 收到 Head 資訊 {Count 2} {Type C } 
[3152] 2015/03/03 08:51:19.600 連線確認 E122828927 (21,21)
[3152] 2015/03/03 08:51:25.460 收到 Head 資訊 {Count 2} {Type C } 
[3152] 2015/03/03 08:51:35.386 收到 Head 資訊 {Count 2} {Type C } 
[3152] 2015/03/03 08:52:19.613 連線確認 E122828927 (21,21)
[3152] 2015/03/03 08:53:19.626 連線確認 E122828927 (21,21)
[3152] 2015/03/03 08:54:19.641 連線確認 E122828927 (21,21)
[3152] 2015/03/03 08:54:25.455 收到 Head 資訊 {Count 2} {Type C } 
[3152] 2015/03/03 08:55:19.654 連線確認 E122828927 (21,21)
[3152] 2015/03/03 08:55:30.620 收到 Head 資訊 {Count 2} {Type B } 
[3152] 2015/03/03 08:56:19.668 連線確認 E122828927 (21,21)
[3152] 2015/03/03 08:57:19.680 連線確認 E122828927 (21,21)
[3152] 2015/03/03 08:58:19.695 連線確認 E122828927 (21,21)
[3152] 2015/03/03 08:59:19.709 連線確認 E122828927 (21,21)
[3152] 2015/03/03 09:00:19.721 連線確認 E122828927 (21,21)
[3152] 2015/03/03 09:00:31.530 收到 Head 資訊 {Count 2} {Type B } 
[3152] 2015/03/03 09:01:19.735 連線確認 E122828927 (21,21)
[3152] 2015/03/03 09:02:19.749 連線確認 E122828927 (21,21)
[3152] 2015/03/03 09:03:19.762 連線確認 E122828927 (21,21)
[3152] 2015/03/03 09:04:19.776 連線確認 E122828927 (21,21)
[3152] 2015/03/03 09:05:19.790 連線確認 E122828927 (21,21)
[3152] 2015/03/03 09:05:31.833 收到 Head 資訊 {Count 2} {Type B } 
[3152] 2015/03/03 09:05:54.746 收到 Head 資訊 {Count 2} {Type C } 
[3152] 2015/03/03 09:06:19.804 連線確認 E122828927 (21,21)
[3152] 2015/03/03 09:06:24.900 收到 Head 資訊 {Count 2} {Type C } 
[3152] 2015/03/03 09:07:19.817 連線確認 E122828927 (21,21)
[3152] 2015/03/03 09:08:19.831 連線確認 E122828927 (21,21)
[3152] 2015/03/03 09:09:19.845 連線確認 E122828927 (21,21)
[3152] 2015/03/03 09:10:19.857 連線確認 E122828927 (21,21)
[3152] 2015/03/03 09:10:32.788 收到 Head 資訊 {Count 2} {Type B } 
[3152] 2015/03/03 09:10:45.073 收到 Head 資訊 {Count 2} {Type C } 
[3152] 2015/03/03 09:10:55.099 收到 Head 資訊 {Count 2} {Type C } 
[3152] 2015/03/03 09:11:05.114 收到 Head 資訊 {Count 2} {Type C } 
[3152] 2015/03/03 09:11:15.073 收到 Head 資訊 {Count 2} {Type C } 
[3152] 2015/03/03 09:11:19.872 連線確認 E122828927 (21,21)
[3152] 2015/03/03 09:12:19.885 連線確認 E122828927 (21,21)
[3152] 2015/03/03 09:13:19.898 連線確認 E122828927 (21,21)
[3152] 2015/03/03 09:14:19.912 連線確認 E122828927 (21,21)
[3152] 2015/03/03 09:14:24.873 收到 Head 資訊 {Count 2} {Type C } 
[3152] 2015/03/03 09:15:19.925 連線確認 E122828927 (21,21)
[3152] 2015/03/03 09:15:33.899 收到 Head 資訊 {Count 2} {Type B } 
[3152] 2015/03/03 09:16:19.940 連線確認 E122828927 (21,21)
[3152] 2015/03/03 09:17:19.953 連線確認 E122828927 (21,21)
[3152] 2015/03/03 09:18:19.966 連線確認 E122828927 (21,21)
[3152] 2015/03/03 09:19:19.980 連線確認 E122828927 (21,21)
[3152] 2015/03/03 09:20:19.994 連線確認 E122828927 (21,21)
[3152] 2015/03/03 09:20:34.795 收到 Head 資訊 {Count 2} {Type B } 
[3152] 2015/03/03 09:21:20.007 連線確認 E122828927 (21,21)
[3152] 2015/03/03 09:22:20.021 連線確認 E122828927 (21,21)
[3152] 2015/03/03 09:23:20.035 連線確認 E122828927 (21,21)
[3152] 2015/03/03 09:24:20.048 連線確認 E122828927 (21,21)
[3152] 2015/03/03 09:25:20.061 連線確認 E122828927 (21,21)
[3152] 2015/03/03 09:25:35.807 收到 Head 資訊 {Count 2} {Type B } 
[3152] 2015/03/03 09:26:20.075 連線確認 E122828927 (21,21)
[3152] 2015/03/03 09:26:44.770 收到 Head 資訊 {Count 2} {Type C } 
[3152] 2015/03/03 09:27:14.824 收到 Head 資訊 {Count 2} {Type C } 
[3152] 2015/03/03 09:27:20.088 連線確認 E122828927 (21,21)
[3152] 2015/03/03 09:28:20.103 連線確認 E122828927 (21,21)
[3152] 2015/03/03 09:29:20.116 連線確認 E122828927 (21,21)
[3152] 2015/03/03 09:30:20.130 連線確認 E122828927 (21,21)
[3152] 2015/03/03 09:30:35.063 收到 Head 資訊 {Count 2} {Type C } 
[3152] 2015/03/03 09:30:36.709 收到 Head 資訊 {Count 2} {Type B } 
[3152] 2015/03/03 09:31:20.143 連線確認 E122828927 (21,21)
[3152] 2015/03/03 09:32:20.156 連線確認 E122828927 (21,21)
[3152] 2015/03/03 09:33:20.170 連線確認 E122828927 (21,21)
[3152] 2015/03/03 09:34:20.183 連線確認 E122828927 (21,21)
[3152] 2015/03/03 09:35:20.196 連線確認 E122828927 (21,21)
[3152] 2015/03/03 09:35:37.730 收到 Head 資訊 {Count 2} {Type B } 
[3152] 2015/03/03 09:36:20.212 連線確認 E122828927 (21,21)
[3152] 2015/03/03 09:37:20.224 連線確認 E122828927 (21,21)
[3152] 2015/03/03 09:38:20.238 連線確認 E122828927 (21,21)
[3152] 2015/03/03 09:39:20.252 連線確認 E122828927 (21,21)
[3152] 2015/03/03 09:40:20.265 連線確認 E122828927 (21,21)
[3152] 2015/03/03 09:40:38.861 收到 Head 資訊 {Count 2} {Type B } 
[3152] 2015/03/03 09:41:20.278 連線確認 E122828927 (21,21)
[3152] 2015/03/03 09:42:20.292 連線確認 E122828927 (21,21)
[3152] 2015/03/03 09:43:20.306 連線確認 E122828927 (21,21)
[3152] 2015/03/03 09:44:20.319 連線確認 E122828927 (21,21)
[3152] 2015/03/03 09:45:20.333 連線確認 E122828927 (21,21)
[3152] 2015/03/03 09:45:39.798 收到 Head 資訊 {Count 2} {Type B } 
[3152] 2015/03/03 09:46:20.347 連線確認 E122828927 (21,21)
[3152] 2015/03/03 09:46:55.885 收到 Head 資訊 {Count 2} {Type C } 
[3152] 2015/03/03 09:47:20.360 連線確認 E122828927 (21,21)
[3152] 2015/03/03 09:47:25.831 收到 Head 資訊 {Count 2} {Type C } 
[3152] 2015/03/03 09:48:20.374 連線確認 E122828927 (21,21)
[3152] 2015/03/03 09:49:20.388 連線確認 E122828927 (21,21)
[3152] 2015/03/03 09:50:20.401 連線確認 E122828927 (21,21)
[3152] 2015/03/03 09:50:41.544 收到 Head 資訊 {Count 2} {Type B } 
[3152] 2015/03/03 09:51:20.414 連線確認 E122828927 (21,21)
[3152] 2015/03/03 09:52:20.427 連線確認 E122828927 (21,21)
[3152] 2015/03/03 09:53:20.443 連線確認 E122828927 (21,21)
[3152] 2015/03/03 09:54:20.456 連線確認 E122828927 (21,21)
[3152] 2015/03/03 09:54:25.919 收到 Head 資訊 {Count 2} {Type C } 
[3152] 2015/03/03 09:55:20.469 連線確認 E122828927 (21,21)
[3152] 2015/03/03 09:55:42.637 收到 Head 資訊 {Count 2} {Type B } 
[3152] 2015/03/03 09:56:20.482 連線確認 E122828927 (21,21)
[3152] 2015/03/03 09:57:20.497 連線確認 E122828927 (21,21)
[3152] 2015/03/03 09:58:20.510 連線確認 E122828927 (21,21)
[3152] 2015/03/03 09:59:20.524 連線確認 E122828927 (21,21)
[3152] 2015/03/03 10:00:20.538 連線確認 E122828927 (21,21)
[3152] 2015/03/03 10:00:43.515 收到 Head 資訊 {Count 2} {Type B } 
[3152] 2015/03/03 10:01:20.551 連線確認 E122828927 (21,21)
[3152] 2015/03/03 10:02:20.563 連線確認 E122828927 (21,21)
[3152] 2015/03/03 10:03:20.578 連線確認 E122828927 (21,21)
[3152] 2015/03/03 10:04:20.591 連線確認 E122828927 (21,21)
[3152] 2015/03/03 10:05:20.606 連線確認 E122828927 (21,21)
[3152] 2015/03/03 10:05:44.163 收到 Head 資訊 {Count 2} {Type B } 
[3152] 2015/03/03 10:06:20.618 連線確認 E122828927 (21,21)
[3152] 2015/03/03 10:07:05.590 收到 Head 資訊 {Count 2} {Type C } 
[3152] 2015/03/03 10:07:20.632 連線確認 E122828927 (21,21)
[3152] 2015/03/03 10:07:35.518 收到 Head 資訊 {Count 2} {Type C } 
[3152] 2015/03/03 10:08:20.646 連線確認 E122828927 (21,21)
[3152] 2015/03/03 10:09:20.659 連線確認 E122828927 (21,21)
[3152] 2015/03/03 10:10:20.672 連線確認 E122828927 (21,21)
[3152] 2015/03/03 10:10:35.764 收到 Head 資訊 {Count 2} {Type C } 
[3152] 2015/03/03 10:10:45.019 收到 Head 資訊 {Count 2} {Type B } 
[3152] 2015/03/03 10:10:45.759 收到 Head 資訊 {Count 2} {Type C } 
[3152] 2015/03/03 10:10:55.779 收到 Head 資訊 {Count 2} {Type C } 
[3152] 2015/03/03 10:11:05.755 收到 Head 資訊 {Count 2} {Type C } 
[3152] 2015/03/03 10:11:15.790 收到 Head 資訊 {Count 2} {Type C } 
[3152] 2015/03/03 10:11:20.687 連線確認 E122828927 (21,21)
[3152] 2015/03/03 10:12:20.700 連線確認 E122828927 (21,21)
[3152] 2015/03/03 10:13:20.713 連線確認 E122828927 (21,21)
[3152] 2015/03/03 10:14:20.727 連線確認 E122828927 (21,21)
[3152] 2015/03/03 10:14:25.653 收到 Head 資訊 {Count 2} {Type C } 
[3152] 2015/03/03 10:15:20.741 連線確認 E122828927 (21,21)
[3152] 2015/03/03 10:15:46.216 收到 Head 資訊 {Count 2} {Type B } 
[3152] 2015/03/03 10:16:20.753 連線確認 E122828927 (21,21)
[3152] 2015/03/03 10:17:20.774 連線確認 E122828927 (21,21)
[3152] 2015/03/03 10:18:20.782 連線確認 E122828927 (21,21)
[3152] 2015/03/03 10:19:20.795 連線確認 E122828927 (21,21)
[3152] 2015/03/03 10:20:20.809 連線確認 E122828927 (21,21)
[3152] 2015/03/03 10:20:46.791 收到 Head 資訊 {Count 2} {Type B } 
[3152] 2015/03/03 10:21:20.822 連線確認 E122828927 (21,21)
[3152] 2015/03/03 10:22:20.836 連線確認 E122828927 (21,21)
[3152] 2015/03/03 10:23:20.850 連線確認 E122828927 (21,21)
[3152] 2015/03/03 10:24:20.864 連線確認 E122828927 (21,21)
[3152] 2015/03/03 10:25:20.877 連線確認 E122828927 (21,21)
[3152] 2015/03/03 10:25:47.961 收到 Head 資訊 {Count 2} {Type B } 
[3152] 2015/03/03 10:26:20.889 連線確認 E122828927 (21,21)
[3152] 2015/03/03 10:27:20.904 連線確認 E122828927 (21,21)
[3152] 2015/03/03 10:28:05.321 收到 Head 資訊 {Count 2} {Type C } 
[3152] 2015/03/03 10:28:20.918 連線確認 E122828927 (21,21)
[3152] 2015/03/03 10:28:35.378 收到 Head 資訊 {Count 2} {Type C } 
[3152] 2015/03/03 10:29:20.932 連線確認 E122828927 (21,21)
[3152] 2015/03/03 10:30:20.945 連線確認 E122828927 (21,21)
[3152] 2015/03/03 10:30:35.589 收到 Head 資訊 {Count 2} {Type C } 
[3152] 2015/03/03 10:30:45.668 收到 Head 資訊 {Count 2} {Type C } 
[3152] 2015/03/03 10:30:48.924 收到 Head 資訊 {Count 2} {Type B } 
[3152] 2015/03/03 10:31:20.958 連線確認 E122828927 (21,21)
[3152] 2015/03/03 10:32:20.972 連線確認 E122828927 (21,21)
[3152] 2015/03/03 10:33:20.985 連線確認 E122828927 (21,21)
[3152] 2015/03/03 10:34:20.999 連線確認 E122828927 (21,21)
[3152] 2015/03/03 10:34:25.444 收到 Head 資訊 {Count 2} {Type C } 
[3152] 2015/03/03 10:35:21.012 連線確認 E122828927 (21,21)
[3152] 2015/03/03 10:35:49.782 收到 Head 資訊 {Count 2} {Type B } 
[3152] 2015/03/03 10:36:21.025 連線確認 E122828927 (21,21)
[3152] 2015/03/03 10:37:21.040 連線確認 E122828927 (21,21)
[3152] 2015/03/03 10:38:21.053 連線確認 E122828927 (21,21)
[3152] 2015/03/03 10:39:21.067 連線確認 E122828927 (21,21)
[3152] 2015/03/03 10:40:21.081 連線確認 E122828927 (21,21)
[3152] 2015/03/03 10:40:50.842 收到 Head 資訊 {Count 2} {Type B } 
[3152] 2015/03/03 10:41:21.094 連線確認 E122828927 (21,21)
[3152] 2015/03/03 10:42:21.107 連線確認 E122828927 (21,21)
[3152] 2015/03/03 10:43:21.121 連線確認 E122828927 (21,21)
[3152] 2015/03/03 10:44:21.135 連線確認 E122828927 (21,21)
[3152] 2015/03/03 10:45:21.160 連線確認 E122828927 (21,21)
[3152] 2015/03/03 10:45:51.742 收到 Head 資訊 {Count 2} {Type B } 
[3152] 2015/03/03 10:46:21.162 連線確認 E122828927 (21,21)
[3152] 2015/03/03 10:47:21.175 連線確認 E122828927 (21,21)
[3152] 2015/03/03 10:48:21.189 連線確認 E122828927 (21,21)
[3152] 2015/03/03 10:48:35.778 收到 Head 資訊 {Count 2} {Type C } 
[3152] 2015/03/03 10:49:05.787 收到 Head 資訊 {Count 2} {Type C } 
[3152] 2015/03/03 10:49:21.203 連線確認 E122828927 (21,21)
[3152] 2015/03/03 10:50:21.217 連線確認 E122828927 (21,21)
[3152] 2015/03/03 10:50:45.954 收到 Head 資訊 {Count 2} {Type C } 
[3152] 2015/03/03 10:50:53.056 收到 Head 資訊 {Count 2} {Type B } 
[3152] 2015/03/03 10:50:56.141 收到 Head 資訊 {Count 2} {Type C } 
[3152] 2015/03/03 10:51:06.031 收到 Head 資訊 {Count 2} {Type C } 
[3152] 2015/03/03 10:51:16.160 收到 Head 資訊 {Count 2} {Type C } 
[3152] 2015/03/03 10:51:21.231 連線確認 E122828927 (21,21)
[3152] 2015/03/03 10:51:26.084 收到 Head 資訊 {Count 2} {Type C } 
[3152] 2015/03/03 10:51:36.033 收到 Head 資訊 {Count 2} {Type C } 
[3152] 2015/03/03 10:52:21.244 連線確認 E122828927 (21,21)
[3152] 2015/03/03 10:53:21.256 連線確認 E122828927 (21,21)
[3152] 2015/03/03 10:54:21.270 連線確認 E122828927 (21,21)
[3152] 2015/03/03 10:55:21.284 連線確認 E122828927 (21,21)
[3152] 2015/03/03 10:55:53.974 收到 Head 資訊 {Count 2} {Type B } 
[3152] 2015/03/03 10:56:21.298 連線確認 E122828927 (21,21)
[3152] 2015/03/03 10:57:21.311 連線確認 E122828927 (21,21)
[3152] 2015/03/03 10:58:21.325 連線確認 E122828927 (21,21)
[3152] 2015/03/03 10:59:21.338 連線確認 E122828927 (21,21)
[3152] 2015/03/03 11:00:21.351 連線確認 E122828927 (21,21)
[3152] 2015/03/03 11:00:55.013 收到 Head 資訊 {Count 2} {Type B } 
[3152] 2015/03/03 11:01:21.365 連線確認 E122828927 (21,21)
[3152] 2015/03/03 11:02:21.380 連線確認 E122828927 (21,21)
[3152] 2015/03/03 11:03:21.393 連線確認 E122828927 (21,21)
[3152] 2015/03/03 11:04:21.407 連線確認 E122828927 (21,21)
[3152] 2015/03/03 11:05:21.420 連線確認 E122828927 (21,21)
[3152] 2015/03/03 11:05:55.772 收到 Head 資訊 {Count 2} {Type B } 
[3152] 2015/03/03 11:06:21.433 連線確認 E122828927 (21,21)
[3152] 2015/03/03 11:07:21.447 連線確認 E122828927 (21,21)
[3152] 2015/03/03 11:08:21.461 連線確認 E122828927 (21,21)
[3152] 2015/03/03 11:09:21.474 連線確認 E122828927 (21,21)
[3152] 2015/03/03 11:09:35.716 收到 Head 資訊 {Count 2} {Type C } 
[3152] 2015/03/03 11:10:05.651 收到 Head 資訊 {Count 2} {Type C } 
[3152] 2015/03/03 11:10:21.487 連線確認 E122828927 (21,21)
[3152] 2015/03/03 11:10:45.822 收到 Head 資訊 {Count 2} {Type C } 
[3152] 2015/03/03 11:10:55.758 收到 Head 資訊 {Count 2} {Type C } 
[3152] 2015/03/03 11:10:56.766 收到 Head 資訊 {Count 2} {Type B } 
[3152] 2015/03/03 11:11:05.938 收到 Head 資訊 {Count 2} {Type C } 
[3152] 2015/03/03 11:11:15.790 收到 Head 資訊 {Count 2} {Type C } 
[3152] 2015/03/03 11:11:21.502 連線確認 E122828927 (21,21)
[3152] 2015/03/03 11:11:25.949 收到 Head 資訊 {Count 2} {Type C } 
[3152] 2015/03/03 11:11:35.847 收到 Head 資訊 {Count 2} {Type C } 
[3152] 2015/03/03 11:11:45.761 收到 Head 資訊 {Count 2} {Type C } 
[3152] 2015/03/03 11:12:21.514 連線確認 E122828927 (21,21)
[3152] 2015/03/03 11:13:21.529 連線確認 E122828927 (21,21)
[3152] 2015/03/03 11:14:21.543 連線確認 E122828927 (21,21)
[3152] 2015/03/03 11:15:21.557 連線確認 E122828927 (21,21)
[3152] 2015/03/03 11:15:57.745 收到 Head 資訊 {Count 2} {Type B } 
[3152] 2015/03/03 11:16:21.570 連線確認 E122828927 (21,21)
[3152] 2015/03/03 11:17:21.583 連線確認 E122828927 (21,21)
[3152] 2015/03/03 11:18:21.597 連線確認 E122828927 (21,21)
[3152] 2015/03/03 11:19:21.610 連線確認 E122828927 (21,21)
[3152] 2015/03/03 11:20:21.624 連線確認 E122828927 (21,21)
[3152] 2015/03/03 11:20:58.488 收到 Head 資訊 {Count 2} {Type B } 
[3152] 2015/03/03 11:21:21.638 連線確認 E122828927 (21,21)
[3152] 2015/03/03 11:22:21.651 連線確認 E122828927 (21,21)
[3152] 2015/03/03 11:23:21.665 連線確認 E122828927 (21,21)
[3152] 2015/03/03 11:24:21.677 連線確認 E122828927 (21,21)
[3152] 2015/03/03 11:25:21.692 連線確認 E122828927 (21,21)
[3152] 2015/03/03 11:25:59.476 收到 Head 資訊 {Count 2} {Type B } 
[3152] 2015/03/03 11:26:21.705 連線確認 E122828927 (21,21)
[3152] 2015/03/03 11:27:21.719 連線確認 E122828927 (21,21)
[3152] 2015/03/03 11:28:21.733 連線確認 E122828927 (21,21)
[3152] 2015/03/03 11:29:21.746 連線確認 E122828927 (21,21)
[3152] 2015/03/03 11:30:21.759 連線確認 E122828927 (21,21)
[3152] 2015/03/03 11:30:45.953 收到 Head 資訊 {Count 2} {Type C } 
[3152] 2015/03/03 11:30:55.907 收到 Head 資訊 {Count 2} {Type C } 
[3152] 2015/03/03 11:31:00.479 收到 Head 資訊 {Count 2} {Type B } 
[3152] 2015/03/03 11:31:05.826 收到 Head 資訊 {Count 2} {Type C } 
[3152] 2015/03/03 11:31:15.762 收到 Head 資訊 {Count 2} {Type C } 
[3152] 2015/03/03 11:31:21.773 連線確認 E122828927 (21,21)
[3152] 2015/03/03 11:32:21.787 連線確認 E122828927 (21,21)
[3152] 2015/03/03 11:33:21.801 連線確認 E122828927 (21,21)
[3152] 2015/03/03 11:34:21.814 連線確認 E122828927 (21,21)
[3152] 2015/03/03 11:35:21.828 連線確認 E122828927 (21,21)
[3152] 2015/03/03 11:36:02.475 收到 Head 資訊 {Count 2} {Type B } 
[3152] 2015/03/03 11:36:21.841 連線確認 E122828927 (21,21)
[3152] 2015/03/03 11:37:21.854 連線確認 E122828927 (21,21)
[3152] 2015/03/03 11:38:21.869 連線確認 E122828927 (21,21)
[3152] 2015/03/03 11:39:21.881 連線確認 E122828927 (21,21)
[3152] 2015/03/03 11:40:21.896 連線確認 E122828927 (21,21)
[3152] 2015/03/03 11:41:03.381 收到 Head 資訊 {Count 2} {Type B } 
[3152] 2015/03/03 11:41:21.908 連線確認 E122828927 (21,21)
[3152] 2015/03/03 11:42:21.923 連線確認 E122828927 (21,21)
[3152] 2015/03/03 11:43:21.936 連線確認 E122828927 (21,21)
[3152] 2015/03/03 11:44:21.950 連線確認 E122828927 (21,21)
[3152] 2015/03/03 11:45:21.963 連線確認 E122828927 (21,21)
[3152] 2015/03/03 11:46:04.458 收到 Head 資訊 {Count 2} {Type B } 
[3152] 2015/03/03 11:46:22.001 連線確認 E122828927 (21,21)
[3152] 2015/03/03 11:47:21.991 連線確認 E122828927 (21,21)
[3152] 2015/03/03 11:48:22.004 連線確認 E122828927 (21,21)
[3152] 2015/03/03 11:49:22.018 連線確認 E122828927 (21,21)
[3152] 2015/03/03 11:50:22.032 連線確認 E122828927 (21,21)
[3152] 2015/03/03 11:50:35.839 收到 Head 資訊 {Count 2} {Type C } 
[3152] 2015/03/03 11:50:45.848 收到 Head 資訊 {Count 2} {Type C } 
[3152] 2015/03/03 11:51:05.334 收到 Head 資訊 {Count 2} {Type B } 
[3152] 2015/03/03 11:51:22.044 連線確認 E122828927 (21,21)
[3152] 2015/03/03 11:52:22.059 連線確認 E122828927 (21,21)
[3152] 2015/03/03 11:53:22.072 連線確認 E122828927 (21,21)
[3152] 2015/03/03 11:54:22.086 連線確認 E122828927 (21,21)
[3152] 2015/03/03 11:55:22.100 連線確認 E122828927 (21,21)
[3152] 2015/03/03 11:56:06.402 收到 Head 資訊 {Count 2} {Type B } 
[3152] 2015/03/03 11:56:22.113 連線確認 E122828927 (21,21)
[3152] 2015/03/03 11:57:22.127 連線確認 E122828927 (21,21)
[3152] 2015/03/03 11:58:22.139 連線確認 E122828927 (21,21)
[3152] 2015/03/03 11:59:22.154 連線確認 E122828927 (21,21)
[3152] 2015/03/03 12:00:22.167 連線確認 E122828927 (21,21)
[3152] 2015/03/03 12:01:07.406 收到 Head 資訊 {Count 2} {Type B } 
[3152] 2015/03/03 12:01:22.180 連線確認 E122828927 (21,21)
[3152] 2015/03/03 12:02:22.194 連線確認 E122828927 (21,21)
[3152] 2015/03/03 12:03:22.208 連線確認 E122828927 (21,21)
[3152] 2015/03/03 12:04:22.221 連線確認 E122828927 (21,21)
[3152] 2015/03/03 12:05:22.236 連線確認 E122828927 (21,21)
[3152] 2015/03/03 12:06:07.928 收到 Head 資訊 {Count 2} {Type B } 
[3152] 2015/03/03 12:06:22.248 連線確認 E122828927 (21,21)
[3152] 2015/03/03 12:07:22.263 連線確認 E122828927 (21,21)
[3152] 2015/03/03 12:08:22.275 連線確認 E122828927 (21,21)
[3152] 2015/03/03 12:09:22.290 連線確認 E122828927 (21,21)
[3152] 2015/03/03 12:10:22.302 連線確認 E122828927 (21,21)
[3152] 2015/03/03 12:10:35.756 收到 Head 資訊 {Count 2} {Type C } 
[3152] 2015/03/03 12:10:45.784 收到 Head 資訊 {Count 2} {Type C } 
[3152] 2015/03/03 12:10:55.579 收到 Head 資訊 {Count 2} {Type C } 
[3152] 2015/03/03 12:11:05.630 收到 Head 資訊 {Count 2} {Type C } 
[3152] 2015/03/03 12:11:09.071 收到 Head 資訊 {Count 2} {Type B } 
[3152] 2015/03/03 12:11:15.712 收到 Head 資訊 {Count 2} {Type C } 
[3152] 2015/03/03 12:11:22.316 連線確認 E122828927 (21,21)
[3152] 2015/03/03 12:12:22.331 連線確認 E122828927 (21,21)
[3152] 2015/03/03 12:13:22.343 連線確認 E122828927 (21,21)
[3152] 2015/03/03 12:14:22.358 連線確認 E122828927 (21,21)
[3152] 2015/03/03 12:14:25.521 收到 Head 資訊 {Count 2} {Type C } 
[3152] 2015/03/03 12:15:22.370 連線確認 E122828927 (21,21)
[3152] 2015/03/03 12:16:09.985 收到 Head 資訊 {Count 2} {Type B } 
[3152] 2015/03/03 12:16:22.385 連線確認 E122828927 (21,21)
[3152] 2015/03/03 12:17:22.398 連線確認 E122828927 (21,21)
[3152] 2015/03/03 12:18:22.412 連線確認 E122828927 (21,21)
[3152] 2015/03/03 12:19:22.426 連線確認 E122828927 (21,21)
[3152] 2015/03/03 12:20:22.439 連線確認 E122828927 (21,21)
[3152] 2015/03/03 12:21:10.603 收到 Head 資訊 {Count 2} {Type B } 
[3152] 2015/03/03 12:21:22.451 連線確認 E122828927 (21,21)
[3152] 2015/03/03 12:22:22.467 連線確認 E122828927 (21,21)
[3152] 2015/03/03 12:23:22.480 連線確認 E122828927 (21,21)
[3152] 2015/03/03 12:24:22.493 連線確認 E122828927 (21,21)
[3152] 2015/03/03 12:25:22.507 連線確認 E122828927 (21,21)
[3152] 2015/03/03 12:26:11.644 收到 Head 資訊 {Count 2} {Type B } 
[3152] 2015/03/03 12:26:22.521 連線確認 E122828927 (21,21)
[3152] 2015/03/03 12:27:22.533 連線確認 E122828927 (21,21)
[3152] 2015/03/03 12:28:22.548 連線確認 E122828927 (21,21)
[3152] 2015/03/03 12:29:22.561 連線確認 E122828927 (21,21)
[3152] 2015/03/03 12:30:22.574 連線確認 E122828927 (21,21)
[3152] 2015/03/03 12:30:35.708 收到 Head 資訊 {Count 2} {Type C } 
[3152] 2015/03/03 12:31:12.608 收到 Head 資訊 {Count 2} {Type B } 
[3152] 2015/03/03 12:31:22.589 連線確認 E122828927 (21,21)
[3152] 2015/03/03 12:32:22.601 連線確認 E122828927 (21,21)
[3152] 2015/03/03 12:33:22.615 連線確認 E122828927 (21,21)
[3152] 2015/03/03 12:34:22.629 連線確認 E122828927 (21,21)
[3152] 2015/03/03 12:35:22.642 連線確認 E122828927 (21,21)
[3152] 2015/03/03 12:36:13.668 收到 Head 資訊 {Count 2} {Type B } 
[3152] 2015/03/03 12:36:22.656 連線確認 E122828927 (21,21)
[3152] 2015/03/03 12:37:22.669 連線確認 E122828927 (21,21)
[3152] 2015/03/03 12:38:22.682 連線確認 E122828927 (21,21)
[3152] 2015/03/03 12:39:22.697 連線確認 E122828927 (21,21)
[3152] 2015/03/03 12:40:22.710 連線確認 E122828927 (21,21)
[3152] 2015/03/03 12:41:14.656 收到 Head 資訊 {Count 2} {Type B } 
[3152] 2015/03/03 12:41:22.724 連線確認 E122828927 (21,21)
[3152] 2015/03/03 12:42:22.737 連線確認 E122828927 (21,21)
[3152] 2015/03/03 12:43:22.752 連線確認 E122828927 (21,21)
[3152] 2015/03/03 12:44:22.764 連線確認 E122828927 (21,21)
[3152] 2015/03/03 12:45:22.778 連線確認 E122828927 (21,21)
[3152] 2015/03/03 12:46:15.636 收到 Head 資訊 {Count 2} {Type B } 
[3152] 2015/03/03 12:46:22.793 連線確認 E122828927 (21,21)
[3152] 2015/03/03 12:47:22.806 連線確認 E122828927 (21,21)
[3152] 2015/03/03 12:48:22.820 連線確認 E122828927 (21,21)
[3152] 2015/03/03 12:49:22.833 連線確認 E122828927 (21,21)
[3152] 2015/03/03 12:50:22.846 連線確認 E122828927 (21,21)
[3152] 2015/03/03 12:50:36.019 收到 Head 資訊 {Count 2} {Type C } 
[3152] 2015/03/03 12:51:17.222 收到 Head 資訊 {Count 2} {Type B } 
[3152] 2015/03/03 12:51:22.860 連線確認 E122828927 (21,21)
[3152] 2015/03/03 12:52:22.873 連線確認 E122828927 (21,21)
[3152] 2015/03/03 12:53:22.887 連線確認 E122828927 (21,21)
[3152] 2015/03/03 12:54:22.900 連線確認 E122828927 (21,21)
[3152] 2015/03/03 12:55:22.913 連線確認 E122828927 (21,21)
[3152] 2015/03/03 12:56:18.057 收到 Head 資訊 {Count 2} {Type B } 
[3152] 2015/03/03 12:56:22.929 連線確認 E122828927 (21,21)
[3152] 2015/03/03 12:57:22.941 連線確認 E122828927 (21,21)
[3152] 2015/03/03 12:58:22.955 連線確認 E122828927 (21,21)
[3152] 2015/03/03 12:59:22.968 連線確認 E122828927 (21,21)
[3152] 2015/03/03 13:00:22.984 連線確認 E122828927 (21,21)
[3152] 2015/03/03 13:01:19.231 收到 Head 資訊 {Count 2} {Type B } 
[3152] 2015/03/03 13:01:22.995 連線確認 E122828927 (21,21)
[3152] 2015/03/03 13:02:23.009 連線確認 E122828927 (21,21)
[3152] 2015/03/03 13:03:23.023 連線確認 E122828927 (21,21)
[3152] 2015/03/03 13:04:23.036 連線確認 E122828927 (21,21)
[3152] 2015/03/03 13:05:23.051 連線確認 E122828927 (21,21)
[3152] 2015/03/03 13:06:19.720 收到 Head 資訊 {Count 2} {Type B } 
[3152] 2015/03/03 13:06:23.091 連線確認 E122828927 (21,21)
[3152] 2015/03/03 13:07:23.077 連線確認 E122828927 (21,21)
[3152] 2015/03/03 13:08:23.091 連線確認 E122828927 (21,21)
[3152] 2015/03/03 13:09:23.105 連線確認 E122828927 (21,21)
[3152] 2015/03/03 13:10:23.118 連線確認 E122828927 (21,21)
[3152] 2015/03/03 13:10:35.840 收到 Head 資訊 {Count 2} {Type C } 
[3152] 2015/03/03 13:11:20.690 收到 Head 資訊 {Count 2} {Type B } 
[3152] 2015/03/03 13:11:23.131 連線確認 E122828927 (21,21)
[3152] 2015/03/03 13:12:23.146 連線確認 E122828927 (21,21)
[3152] 2015/03/03 13:13:23.159 連線確認 E122828927 (21,21)
[3152] 2015/03/03 13:14:23.171 連線確認 E122828927 (21,21)
[3152] 2015/03/03 13:14:25.703 收到 Head 資訊 {Count 2} {Type C } 
[3152] 2015/03/03 13:15:23.186 連線確認 E122828927 (21,21)
[3152] 2015/03/03 13:16:21.649 收到 Head 資訊 {Count 2} {Type B } 
[3152] 2015/03/03 13:16:23.200 連線確認 E122828927 (21,21)
[3152] 2015/03/03 13:17:23.213 連線確認 E122828927 (21,21)
[3152] 2015/03/03 13:18:23.227 連線確認 E122828927 (21,21)
[3152] 2015/03/03 13:19:23.241 連線確認 E122828927 (21,21)
[3152] 2015/03/03 13:20:23.254 連線確認 E122828927 (21,21)
[3152] 2015/03/03 13:21:22.665 收到 Head 資訊 {Count 2} {Type B } 
[3152] 2015/03/03 13:21:23.268 連線確認 E122828927 (21,21)
[3152] 2015/03/03 13:22:23.281 連線確認 E122828927 (21,21)
[3152] 2015/03/03 13:23:23.295 連線確認 E122828927 (21,21)
[3152] 2015/03/03 13:24:23.309 連線確認 E122828927 (21,21)
[3152] 2015/03/03 13:25:23.321 連線確認 E122828927 (21,21)
[3152] 2015/03/03 13:26:23.335 連線確認 E122828927 (21,21)
[3152] 2015/03/03 13:26:23.794 收到 Head 資訊 {Count 2} {Type B } 
[3152] 2015/03/03 13:27:23.349 連線確認 E122828927 (21,21)
[3152] 2015/03/03 13:28:23.363 連線確認 E122828927 (21,21)
[3152] 2015/03/03 13:29:23.377 連線確認 E122828927 (21,21)
[3152] 2015/03/03 13:30:23.390 連線確認 E122828927 (21,21)
[3152] 2015/03/03 13:30:36.373 收到 Head 資訊 {Count 2} {Type C } 
[3152] 2015/03/03 13:30:46.369 收到 Head 資訊 {Count 2} {Type C } 
[3152] 2015/03/03 13:31:23.402 連線確認 E122828927 (21,21)
[3152] 2015/03/03 13:31:24.839 收到 Head 資訊 {Count 2} {Type B } 
[3152] 2015/03/03 13:32:23.418 連線確認 E122828927 (21,21)
[3152] 2015/03/03 13:33:23.431 連線確認 E122828927 (21,21)
[3152] 2015/03/03 13:34:23.444 連線確認 E122828927 (21,21)
[3152] 2015/03/03 13:34:25.854 收到 Head 資訊 {Count 2} {Type C } 
[3152] 2015/03/03 13:35:23.458 連線確認 E122828927 (21,21)
[3152] 2015/03/03 13:36:23.471 連線確認 E122828927 (21,21)
[3152] 2015/03/03 13:36:25.760 收到 Head 資訊 {Count 2} {Type B } 
[3152] 2015/03/03 13:37:23.485 連線確認 E122828927 (21,21)
[3152] 2015/03/03 13:38:23.498 連線確認 E122828927 (21,21)
[3152] 2015/03/03 13:39:23.513 連線確認 E122828927 (21,21)
[3152] 2015/03/03 13:40:23.525 連線確認 E122828927 (21,21)
[3152] 2015/03/03 13:41:23.538 連線確認 E122828927 (21,21)
[3152] 2015/03/03 13:41:26.805 收到 Head 資訊 {Count 2} {Type B } 
[3152] 2015/03/03 13:42:23.553 連線確認 E122828927 (21,21)
[3152] 2015/03/03 13:43:23.566 連線確認 E122828927 (21,21)
[3152] 2015/03/03 13:44:23.580 連線確認 E122828927 (21,21)
[3152] 2015/03/03 13:45:23.593 連線確認 E122828927 (21,21)
[3152] 2015/03/03 13:46:23.607 連線確認 E122828927 (21,21)
[3152] 2015/03/03 13:46:27.713 收到 Head 資訊 {Count 2} {Type B } 
[3152] 2015/03/03 13:47:23.620 連線確認 E122828927 (21,21)
[3152] 2015/03/03 13:48:23.634 連線確認 E122828927 (21,21)
[3152] 2015/03/03 13:49:23.648 連線確認 E122828927 (21,21)
[3152] 2015/03/03 13:50:23.662 連線確認 E122828927 (21,21)
[3152] 2015/03/03 13:50:26.212 收到 Head 資訊 {Count 2} {Type C } 
[3152] 2015/03/03 13:50:36.231 收到 Head 資訊 {Count 2} {Type C } 
[3152] 2015/03/03 13:50:56.238 收到 Head 資訊 {Count 2} {Type C } 
[3152] 2015/03/03 13:50:56.446 收到 Head 資訊 {Count 2} {Type C } 
[3152] 2015/03/03 13:51:06.284 收到 Head 資訊 {Count 2} {Type C } 
[3152] 2015/03/03 13:51:16.352 收到 Head 資訊 {Count 2} {Type C } 
[3152] 2015/03/03 13:51:23.674 連線確認 E122828927 (21,21)
[3152] 2015/03/03 13:51:26.220 收到 Head 資訊 {Count 2} {Type C } 
[3152] 2015/03/03 13:51:28.718 收到 Head 資訊 {Count 2} {Type B } 
[3152] 2015/03/03 13:51:36.274 收到 Head 資訊 {Count 2} {Type C } 
[3152] 2015/03/03 13:52:23.690 連線確認 E122828927 (21,21)
[3152] 2015/03/03 13:53:23.702 連線確認 E122828927 (21,21)
[3152] 2015/03/03 13:54:23.716 連線確認 E122828927 (21,21)
[3152] 2015/03/03 13:54:26.025 收到 Head 資訊 {Count 2} {Type C } 
[3152] 2015/03/03 13:55:23.730 連線確認 E122828927 (21,21)
[3152] 2015/03/03 13:56:23.743 連線確認 E122828927 (21,21)
[3152] 2015/03/03 13:56:29.677 收到 Head 資訊 {Count 2} {Type B } 
[3152] 2015/03/03 13:57:23.756 連線確認 E122828927 (21,21)
[3152] 2015/03/03 13:58:23.770 連線確認 E122828927 (21,21)
[3152] 2015/03/03 13:59:23.784 連線確認 E122828927 (21,21)
[3152] 2015/03/03 14:00:23.797 連線確認 E122828927 (21,21)
[3152] 2015/03/03 14:01:23.812 連線確認 E122828927 (21,21)
[3152] 2015/03/03 14:01:30.780 收到 Head 資訊 {Count 2} {Type B } 
[3152] 2015/03/03 14:02:23.824 連線確認 E122828927 (21,21)
[3152] 2015/03/03 14:03:23.838 連線確認 E122828927 (21,21)
[3152] 2015/03/03 14:04:23.851 連線確認 E122828927 (21,21)
[3152] 2015/03/03 14:05:23.864 連線確認 E122828927 (21,21)
[3152] 2015/03/03 14:06:23.879 連線確認 E122828927 (21,21)
[3152] 2015/03/03 14:06:31.712 收到 Head 資訊 {Count 2} {Type B } 
[3152] 2015/03/03 14:07:23.892 連線確認 E122828927 (21,21)
[3152] 2015/03/03 14:08:23.906 連線確認 E122828927 (21,21)
[3152] 2015/03/03 14:09:23.920 連線確認 E122828927 (21,21)
[3152] 2015/03/03 14:10:16.397 收到 Head 資訊 {Count 2} {Type C } 
[3152] 2015/03/03 14:10:23.934 連線確認 E122828927 (21,21)
[3152] 2015/03/03 14:10:26.318 收到 Head 資訊 {Count 2} {Type C } 
[3152] 2015/03/03 14:10:36.392 收到 Head 資訊 {Count 2} {Type C } 
[3152] 2015/03/03 14:10:46.332 收到 Head 資訊 {Count 2} {Type C } 
[3152] 2015/03/03 14:10:56.400 收到 Head 資訊 {Count 2} {Type C } 
[3152] 2015/03/03 14:11:06.366 收到 Head 資訊 {Count 2} {Type C } 
[3152] 2015/03/03 14:11:16.404 收到 Head 資訊 {Count 2} {Type C } 
[3152] 2015/03/03 14:11:23.947 連線確認 E122828927 (21,21)
[3152] 2015/03/03 14:11:26.344 收到 Head 資訊 {Count 2} {Type C } 
[3152] 2015/03/03 14:11:32.784 收到 Head 資訊 {Count 2} {Type B } 
[3152] 2015/03/03 14:12:23.960 連線確認 E122828927 (21,21)
[3152] 2015/03/03 14:13:23.973 連線確認 E122828927 (21,21)
[3152] 2015/03/03 14:14:23.988 連線確認 E122828927 (21,21)
[3152] 2015/03/03 14:14:25.207 收到 Head 資訊 {Count 2} {Type C } 
[3152] 2015/03/03 14:15:24.001 連線確認 E122828927 (21,21)
[3152] 2015/03/03 14:16:24.014 連線確認 E122828927 (21,21)
[3152] 2015/03/03 14:16:33.704 收到 Head 資訊 {Count 2} {Type B } 
[3152] 2015/03/03 14:17:24.028 連線確認 E122828927 (21,21)
[3152] 2015/03/03 14:18:24.042 連線確認 E122828927 (21,21)
[3152] 2015/03/03 14:19:24.054 連線確認 E122828927 (21,21)
[3152] 2015/03/03 14:20:24.069 連線確認 E122828927 (21,21)
[3152] 2015/03/03 14:21:24.082 連線確認 E122828927 (21,21)
[3152] 2015/03/03 14:21:34.068 收到 Head 資訊 {Count 2} {Type B } 
[3152] 2015/03/03 14:22:24.096 連線確認 E122828927 (21,21)
[3152] 2015/03/03 14:23:24.110 連線確認 E122828927 (21,21)
[3152] 2015/03/03 14:24:24.123 連線確認 E122828927 (21,21)
[3152] 2015/03/03 14:25:24.137 連線確認 E122828927 (21,21)
[3152] 2015/03/03 14:26:24.150 連線確認 E122828927 (21,21)
[3152] 2015/03/03 14:26:35.124 收到 Head 資訊 {Count 2} {Type B } 
[3152] 2015/03/03 14:27:24.165 連線確認 E122828927 (21,21)
[3152] 2015/03/03 14:28:24.177 連線確認 E122828927 (21,21)
[3152] 2015/03/03 14:29:24.192 連線確認 E122828927 (21,21)
[3152] 2015/03/03 14:30:14.940 收到 Head 資訊 {Count 2} {Type C } 
[3152] 2015/03/03 14:30:24.204 連線確認 E122828927 (21,21)
[3152] 2015/03/03 14:30:24.925 收到 Head 資訊 {Count 2} {Type C } 
[3152] 2015/03/03 14:30:34.873 收到 Head 資訊 {Count 2} {Type C } 
[3152] 2015/03/03 14:30:44.949 收到 Head 資訊 {Count 2} {Type C } 
[3152] 2015/03/03 14:30:54.917 收到 Head 資訊 {Count 2} {Type C } 
[3152] 2015/03/03 14:31:04.866 收到 Head 資訊 {Count 2} {Type C } 
[3152] 2015/03/03 14:31:14.929 收到 Head 資訊 {Count 2} {Type C } 
[3152] 2015/03/03 14:31:24.219 連線確認 E122828927 (21,21)
[3152] 2015/03/03 14:31:24.971 收到 Head 資訊 {Count 2} {Type C } 
[3152] 2015/03/03 14:31:34.928 收到 Head 資訊 {Count 2} {Type C } 
[3152] 2015/03/03 14:31:36.128 收到 Head 資訊 {Count 2} {Type B } 
[3152] 2015/03/03 14:31:44.982 收到 Head 資訊 {Count 2} {Type C } 
[3152] 2015/03/03 14:31:54.888 收到 Head 資訊 {Count 2} {Type C } 
[3152] 2015/03/03 14:32:24.232 連線確認 E122828927 (21,21)
[3152] 2015/03/03 14:33:24.246 連線確認 E122828927 (21,21)
[3152] 2015/03/03 14:34:24.259 連線確認 E122828927 (21,21)
[3152] 2015/03/03 14:35:24.272 連線確認 E122828927 (21,21)
[3152] 2015/03/03 14:36:24.287 連線確認 E122828927 (21,21)
[3152] 2015/03/03 14:36:37.431 收到 Head 資訊 {Count 2} {Type B } 
[3152] 2015/03/03 14:37:24.300 連線確認 E122828927 (21,21)
[3152] 2015/03/03 14:38:24.313 連線確認 E122828927 (21,21)
[3152] 2015/03/03 14:39:24.357 連線確認 E122828927 (21,21)
[3152] 2015/03/03 14:40:24.341 連線確認 E122828927 (21,21)
[3152] 2015/03/03 14:41:24.354 連線確認 E122828927 (21,21)
[3152] 2015/03/03 14:41:38.376 收到 Head 資訊 {Count 2} {Type B } 
[3152] 2015/03/03 14:42:24.368 連線確認 E122828927 (21,21)
[3152] 2015/03/03 14:43:24.382 連線確認 E122828927 (21,21)
[3152] 2015/03/03 14:44:24.395 連線確認 E122828927 (21,21)
[3152] 2015/03/03 14:45:24.408 連線確認 E122828927 (21,21)
[3152] 2015/03/03 14:46:24.422 連線確認 E122828927 (21,21)
[3152] 2015/03/03 14:46:39.430 收到 Head 資訊 {Count 2} {Type B } 
[3152] 2015/03/03 14:47:24.436 連線確認 E122828927 (21,21)
[3152] 2015/03/03 14:48:24.449 連線確認 E122828927 (21,21)
[3152] 2015/03/03 14:49:24.462 連線確認 E122828927 (21,21)
[3152] 2015/03/03 14:50:24.476 連線確認 E122828927 (21,21)
[3152] 2015/03/03 14:50:35.879 收到 Head 資訊 {Count 2} {Type C } 
[3152] 2015/03/03 14:50:45.820 收到 Head 資訊 {Count 2} {Type C } 
[3152] 2015/03/03 14:50:55.850 收到 Head 資訊 {Count 2} {Type C } 
[3152] 2015/03/03 14:51:05.809 收到 Head 資訊 {Count 2} {Type C } 
[3152] 2015/03/03 14:51:15.885 收到 Head 資訊 {Count 2} {Type C } 
[3152] 2015/03/03 14:51:24.490 連線確認 E122828927 (21,21)
[3152] 2015/03/03 14:51:25.797 收到 Head 資訊 {Count 2} {Type C } 
[3152] 2015/03/03 14:51:35.820 收到 Head 資訊 {Count 2} {Type C } 
[3152] 2015/03/03 14:51:40.842 收到 Head 資訊 {Count 2} {Type B } 
[3152] 2015/03/03 14:51:45.789 收到 Head 資訊 {Count 2} {Type C } 
[3152] 2015/03/03 14:51:55.820 收到 Head 資訊 {Count 2} {Type C } 
[3152] 2015/03/03 14:52:24.503 連線確認 E122828927 (21,21)
[3152] 2015/03/03 14:53:24.518 連線確認 E122828927 (21,21)
[3152] 2015/03/03 14:54:24.531 連線確認 E122828927 (21,21)
[3152] 2015/03/03 14:54:25.711 收到 Head 資訊 {Count 2} {Type C } 
[3152] 2015/03/03 14:54:35.606 收到 Head 資訊 {Count 2} {Type C } 
[3152] 2015/03/03 14:54:45.697 收到 Head 資訊 {Count 2} {Type C } 
[3152] 2015/03/03 14:55:24.544 連線確認 E122828927 (21,21)
[3152] 2015/03/03 14:56:24.559 連線確認 E122828927 (21,21)
[3152] 2015/03/03 14:56:41.887 收到 Head 資訊 {Count 2} {Type B } 
[3152] 2015/03/03 14:57:24.571 連線確認 E122828927 (21,21)
[3152] 2015/03/03 14:58:24.585 連線確認 E122828927 (21,21)
[3152] 2015/03/03 14:59:24.598 連線確認 E122828927 (21,21)
[3152] 2015/03/03 15:00:24.613 連線確認 E122828927 (21,21)
[3152] 2015/03/03 15:01:24.625 連線確認 E122828927 (21,21)
[3152] 2015/03/03 15:01:42.799 收到 Head 資訊 {Count 2} {Type B } 
[3152] 2015/03/03 15:02:24.664 連線確認 E122828927 (21,21)
[3152] 2015/03/03 15:03:24.654 連線確認 E122828927 (21,21)
[3152] 2015/03/03 15:04:24.667 連線確認 E122828927 (21,21)
[3152] 2015/03/03 15:05:24.679 連線確認 E122828927 (21,21)
[3152] 2015/03/03 15:06:24.694 連線確認 E122828927 (21,21)
[3152] 2015/03/03 15:06:43.143 收到 Head 資訊 {Count 2} {Type B } 
[3152] 2015/03/03 15:07:24.707 連線確認 E122828927 (21,21)
[3152] 2015/03/03 15:08:24.722 連線確認 E122828927 (21,21)
[3152] 2015/03/03 15:09:24.734 連線確認 E122828927 (21,21)
[3152] 2015/03/03 15:10:24.748 連線確認 E122828927 (21,21)
[3152] 2015/03/03 15:10:35.273 收到 Head 資訊 {Count 2} {Type C } 
[3152] 2015/03/03 15:10:45.300 收到 Head 資訊 {Count 2} {Type C } 
[3152] 2015/03/03 15:10:55.254 收到 Head 資訊 {Count 2} {Type C } 
[3152] 2015/03/03 15:11:05.281 收到 Head 資訊 {Count 2} {Type C } 
[3152] 2015/03/03 15:11:15.239 收到 Head 資訊 {Count 2} {Type C } 
[3152] 2015/03/03 15:11:24.762 連線確認 E122828927 (21,21)
[3152] 2015/03/03 15:11:25.269 收到 Head 資訊 {Count 2} {Type C } 
[3152] 2015/03/03 15:11:44.057 收到 Head 資訊 {Count 2} {Type B } 
[3152] 2015/03/03 15:12:24.774 連線確認 E122828927 (21,21)
[3152] 2015/03/03 15:13:24.790 連線確認 E122828927 (21,21)
[3152] 2015/03/03 15:14:24.802 連線確認 E122828927 (21,21)
[3152] 2015/03/03 15:15:24.816 連線確認 E122828927 (21,21)
[3152] 2015/03/03 15:16:24.829 連線確認 E122828927 (21,21)
[3152] 2015/03/03 15:16:45.066 收到 Head 資訊 {Count 2} {Type B } 
[3152] 2015/03/03 15:17:24.843 連線確認 E122828927 (21,21)
[3152] 2015/03/03 15:18:24.857 連線確認 E122828927 (21,21)
[3152] 2015/03/03 15:19:24.870 連線確認 E122828927 (21,21)
[3152] 2015/03/03 15:20:24.884 連線確認 E122828927 (21,21)
[3152] 2015/03/03 15:21:24.897 連線確認 E122828927 (21,21)
[3152] 2015/03/03 15:21:46.161 收到 Head 資訊 {Count 2} {Type B } 
[3152] 2015/03/03 15:22:24.911 連線確認 E122828927 (21,21)
[3152] 2015/03/03 15:23:24.924 連線確認 E122828927 (21,21)
[3152] 2015/03/03 15:24:24.939 連線確認 E122828927 (21,21)
[3152] 2015/03/03 15:25:24.952 連線確認 E122828927 (21,21)
[3152] 2015/03/03 15:26:24.966 連線確認 E122828927 (21,21)
[3152] 2015/03/03 15:26:47.181 收到 Head 資訊 {Count 2} {Type B } 
[3152] 2015/03/03 15:27:24.979 連線確認 E122828927 (21,21)
[3152] 2015/03/03 15:28:24.992 連線確認 E122828927 (21,21)
[3152] 2015/03/03 15:29:25.007 連線確認 E122828927 (21,21)
[3152] 2015/03/03 15:30:25.020 連線確認 E122828927 (21,21)
[3152] 2015/03/03 15:30:35.577 收到 Head 資訊 {Count 2} {Type C } 
[3152] 2015/03/03 15:30:45.551 收到 Head 資訊 {Count 2} {Type C } 
[3152] 2015/03/03 15:30:55.621 收到 Head 資訊 {Count 2} {Type C } 
[3152] 2015/03/03 15:31:25.033 連線確認 E122828927 (21,21)
[3152] 2015/03/03 15:31:48.192 收到 Head 資訊 {Count 2} {Type B } 
[3152] 2015/03/03 15:32:25.048 連線確認 E122828927 (21,21)
[3152] 2015/03/03 15:33:25.060 連線確認 E122828927 (21,21)
[3152] 2015/03/03 15:34:25.074 連線確認 E122828927 (21,21)
[3152] 2015/03/03 15:34:25.329 收到 Head 資訊 {Count 2} {Type C } 
[3152] 2015/03/03 15:34:35.300 收到 Head 資訊 {Count 2} {Type C } 
[3152] 2015/03/03 15:34:45.336 收到 Head 資訊 {Count 2} {Type C } 
[3152] 2015/03/03 15:34:55.292 收到 Head 資訊 {Count 2} {Type C } 
[3152] 2015/03/03 15:35:05.335 收到 Head 資訊 {Count 2} {Type C } 
[3152] 2015/03/03 15:35:25.088 連線確認 E122828927 (21,21)
[3152] 2015/03/03 15:36:25.102 連線確認 E122828927 (21,21)
[3152] 2015/03/03 15:36:49.900 收到 Head 資訊 {Count 2} {Type B } 
[3152] 2015/03/03 15:37:25.115 連線確認 E122828927 (21,21)
[3152] 2015/03/03 15:38:25.128 連線確認 E122828927 (21,21)
[3152] 2015/03/03 15:39:25.141 連線確認 E122828927 (21,21)
[3152] 2015/03/03 15:40:25.156 連線確認 E122828927 (21,21)
[3152] 2015/03/03 15:41:25.170 連線確認 E122828927 (21,21)
[3152] 2015/03/03 15:41:50.889 收到 Head 資訊 {Count 2} {Type B } 
[3152] 2015/03/03 15:42:25.183 連線確認 E122828927 (21,21)
[3152] 2015/03/03 15:43:25.196 連線確認 E122828927 (21,21)
[3152] 2015/03/03 15:44:25.211 連線確認 E122828927 (21,21)
[3152] 2015/03/03 15:45:25.224 連線確認 E122828927 (21,21)
[3152] 2015/03/03 15:46:25.237 連線確認 E122828927 (21,21)
[3152] 2015/03/03 15:46:51.836 收到 Head 資訊 {Count 2} {Type B } 
[3152] 2015/03/03 15:47:25.251 連線確認 E122828927 (21,21)
[3152] 2015/03/03 15:48:25.264 連線確認 E122828927 (21,21)
[3152] 2015/03/03 15:49:25.278 連線確認 E122828927 (21,21)
[3152] 2015/03/03 15:50:25.291 連線確認 E122828927 (21,21)
[3152] 2015/03/03 15:50:45.811 收到 Head 資訊 {Count 2} {Type C } 
[3152] 2015/03/03 15:51:25.305 連線確認 E122828927 (21,21)
[3152] 2015/03/03 15:51:52.298 收到 Head 資訊 {Count 2} {Type B } 
[3152] 2015/03/03 15:52:25.319 連線確認 E122828927 (21,21)
[3152] 2015/03/03 15:53:25.332 連線確認 E122828927 (21,21)
[3152] 2015/03/03 15:54:25.346 連線確認 E122828927 (21,21)
[3152] 2015/03/03 15:54:25.651 收到 Head 資訊 {Count 2} {Type C } 
[3152] 2015/03/03 15:55:25.359 連線確認 E122828927 (21,21)
[3152] 2015/03/03 15:56:25.373 連線確認 E122828927 (21,21)
[3152] 2015/03/03 15:56:53.328 收到 Head 資訊 {Count 2} {Type B } 
[3152] 2015/03/03 15:57:25.387 連線確認 E122828927 (21,21)
[3152] 2015/03/03 15:58:25.400 連線確認 E122828927 (21,21)
[3152] 2015/03/03 15:59:25.415 連線確認 E122828927 (21,21)
[3152] 2015/03/03 16:00:25.428 連線確認 E122828927 (21,21)
[3152] 2015/03/03 16:01:25.441 連線確認 E122828927 (21,21)
[3152] 2015/03/03 16:01:54.327 收到 Head 資訊 {Count 2} {Type B } 
[3152] 2015/03/03 16:02:25.455 連線確認 E122828927 (21,21)
[3152] 2015/03/03 16:03:25.468 連線確認 E122828927 (21,21)
[3152] 2015/03/03 16:04:25.482 連線確認 E122828927 (21,21)
[3152] 2015/03/03 16:05:25.494 連線確認 E122828927 (21,21)
[3152] 2015/03/03 16:06:25.509 連線確認 E122828927 (21,21)
[3152] 2015/03/03 16:06:55.353 收到 Head 資訊 {Count 2} {Type B } 
[3152] 2015/03/03 16:07:25.523 連線確認 E122828927 (21,21)
[3152] 2015/03/03 16:08:25.535 連線確認 E122828927 (21,21)
[3152] 2015/03/03 16:09:25.549 連線確認 E122828927 (21,21)
[3152] 2015/03/03 16:10:25.564 連線確認 E122828927 (21,21)
[3152] 2015/03/03 16:10:46.211 收到 Head 資訊 {Count 2} {Type C } 
[3152] 2015/03/03 16:10:56.206 收到 Head 資訊 {Count 2} {Type C } 
[3152] 2015/03/03 16:11:06.185 收到 Head 資訊 {Count 2} {Type C } 
[3152] 2015/03/03 16:11:16.147 收到 Head 資訊 {Count 2} {Type C } 
[3152] 2015/03/03 16:11:25.577 連線確認 E122828927 (21,21)
[3152] 2015/03/03 16:11:26.141 收到 Head 資訊 {Count 2} {Type C } 
[3152] 2015/03/03 16:11:36.209 收到 Head 資訊 {Count 2} {Type C } 
[3152] 2015/03/03 16:11:56.373 收到 Head 資訊 {Count 2} {Type B } 
[3152] 2015/03/03 16:12:25.591 連線確認 E122828927 (21,21)
[3152] 2015/03/03 16:13:25.604 連線確認 E122828927 (21,21)
[3152] 2015/03/03 16:14:25.618 連線確認 E122828927 (21,21)
[3152] 2015/03/03 16:14:25.908 收到 Head 資訊 {Count 2} {Type C } 
[3152] 2015/03/03 16:14:35.882 收到 Head 資訊 {Count 2} {Type C } 
[3152] 2015/03/03 16:14:45.871 收到 Head 資訊 {Count 2} {Type C } 
[3152] 2015/03/03 16:14:55.924 收到 Head 資訊 {Count 2} {Type C } 
[3152] 2015/03/03 16:15:25.630 連線確認 E122828927 (21,21)
[3152] 2015/03/03 16:15:35.854 收到 Head 資訊 {Count 2} {Type C } 
[3152] 2015/03/03 16:16:25.645 連線確認 E122828927 (21,21)
[3152] 2015/03/03 16:16:57.388 收到 Head 資訊 {Count 2} {Type B } 
[3152] 2015/03/03 16:17:25.658 連線確認 E122828927 (21,21)
[3152] 2015/03/03 16:18:25.673 連線確認 E122828927 (21,21)
[3152] 2015/03/03 16:19:25.685 連線確認 E122828927 (21,21)
[3152] 2015/03/03 16:20:25.699 連線確認 E122828927 (21,21)
[3152] 2015/03/03 16:21:25.713 連線確認 E122828927 (21,21)
[3152] 2015/03/03 16:21:57.884 收到 Head 資訊 {Count 2} {Type B } 
[3152] 2015/03/03 16:22:25.726 連線確認 E122828927 (21,21)
[3152] 2015/03/03 16:23:25.741 連線確認 E122828927 (21,21)
[3152] 2015/03/03 16:24:25.753 連線確認 E122828927 (21,21)
[3152] 2015/03/03 16:25:25.766 連線確認 E122828927 (21,21)
[3152] 2015/03/03 16:26:25.781 連線確認 E122828927 (21,21)
[3152] 2015/03/03 16:26:58.855 收到 Head 資訊 {Count 2} {Type B } 
[3152] 2015/03/03 16:27:25.794 連線確認 E122828927 (21,21)
[3152] 2015/03/03 16:28:25.808 連線確認 E122828927 (21,21)
[3152] 2015/03/03 16:29:25.821 連線確認 E122828927 (21,21)
[3152] 2015/03/03 16:30:25.835 連線確認 E122828927 (21,21)
[3152] 2015/03/03 16:30:35.684 收到 Head 資訊 {Count 2} {Type C } 
[3152] 2015/03/03 16:30:45.676 收到 Head 資訊 {Count 2} {Type C } 
[3152] 2015/03/03 16:30:55.632 收到 Head 資訊 {Count 2} {Type C } 
[3152] 2015/03/03 16:31:05.633 收到 Head 資訊 {Count 2} {Type C } 
[3152] 2015/03/03 16:31:15.610 收到 Head 資訊 {Count 2} {Type C } 
[3152] 2015/03/03 16:31:25.613 收到 Head 資訊 {Count 2} {Type C } 
[3152] 2015/03/03 16:31:25.848 連線確認 E122828927 (21,21)
[3152] 2015/03/03 16:31:59.789 收到 Head 資訊 {Count 2} {Type B } 
[3152] 2015/03/03 16:32:25.862 連線確認 E122828927 (21,21)
[3152] 2015/03/03 16:32:45.678 收到 Head 資訊 {Count 2} {Type C } 
[3152] 2015/03/03 16:33:25.876 連線確認 E122828927 (21,21)
[3152] 2015/03/03 16:34:25.889 連線確認 E122828927 (21,21)
[3152] 2015/03/03 16:35:25.903 連線確認 E122828927 (21,21)
[3152] 2015/03/03 16:36:25.917 連線確認 E122828927 (21,21)
[3152] 2015/03/03 16:36:36.265 收到 Head 資訊 {Count 2} {Type C } 
[3152] 2015/03/03 16:37:01.606 收到 Head 資訊 {Count 2} {Type B } 
[3152] 2015/03/03 16:37:25.929 連線確認 E122828927 (21,21)
[3152] 2015/03/03 16:38:25.944 連線確認 E122828927 (21,21)
[3152] 2015/03/03 16:39:25.957 連線確認 E122828927 (21,21)
[3152] 2015/03/03 16:40:25.971 連線確認 E122828927 (21,21)
[3152] 2015/03/03 16:41:25.985 連線確認 E122828927 (21,21)
[3152] 2015/03/03 16:42:02.590 收到 Head 資訊 {Count 2} {Type B } 
[3152] 2015/03/03 16:42:25.998 連線確認 E122828927 (21,21)
[3152] 2015/03/03 16:43:26.012 連線確認 E122828927 (21,21)
[3152] 2015/03/03 16:44:26.024 連線確認 E122828927 (21,21)
[3152] 2015/03/03 16:45:26.039 連線確認 E122828927 (21,21)
[3152] 2015/03/03 16:46:26.052 連線確認 E122828927 (21,21)
[3152] 2015/03/03 16:47:03.598 收到 Head 資訊 {Count 2} {Type B } 
[3152] 2015/03/03 16:47:26.066 連線確認 E122828927 (21,21)
[3152] 2015/03/03 16:48:26.080 連線確認 E122828927 (21,21)
[3152] 2015/03/03 16:49:26.092 連線確認 E122828927 (21,21)
[3152] 2015/03/03 16:50:26.107 連線確認 E122828927 (21,21)
[3152] 2015/03/03 16:50:36.562 收到 Head 資訊 {Count 2} {Type C } 
[3152] 2015/03/03 16:51:26.120 連線確認 E122828927 (21,21)
[3152] 2015/03/03 16:52:04.153 收到 Head 資訊 {Count 2} {Type B } 
[3152] 2015/03/03 16:52:26.133 連線確認 E122828927 (21,21)
[3152] 2015/03/03 16:52:56.286 收到 Head 資訊 {Count 2} {Type C } 
[3152] 2015/03/03 16:53:26.148 連線確認 E122828927 (21,21)
[3152] 2015/03/03 16:54:26.160 連線確認 E122828927 (21,21)
[3152] 2015/03/03 16:55:26.175 連線確認 E122828927 (21,21)
[3152] 2015/03/03 16:56:26.189 連線確認 E122828927 (21,21)
[3152] 2015/03/03 16:57:05.202 收到 Head 資訊 {Count 2} {Type B } 
[3152] 2015/03/03 16:57:26.202 連線確認 E122828927 (21,21)
[3152] 2015/03/03 16:58:26.216 連線確認 E122828927 (21,21)
[3152] 2015/03/03 16:59:26.228 連線確認 E122828927 (21,21)
[3152] 2015/03/03 17:00:26.243 連線確認 E122828927 (21,21)
[3152] 2015/03/03 17:01:26.255 連線確認 E122828927 (21,21)
[3152] 2015/03/03 17:02:06.194 收到 Head 資訊 {Count 2} {Type B } 
[3152] 2015/03/03 17:02:26.270 連線確認 E122828927 (21,21)
[3152] 2015/03/03 17:03:26.284 連線確認 E122828927 (21,21)
[3152] 2015/03/03 17:04:26.298 連線確認 E122828927 (21,21)
[3152] 2015/03/03 17:05:26.311 連線確認 E122828927 (21,21)
[3152] 2015/03/03 17:06:26.324 連線確認 E122828927 (21,21)
[3152] 2015/03/03 17:06:56.847 收到 Head 資訊 {Count 2} {Type C } 
[3152] 2015/03/03 17:06:57.055 收到 Head 資訊 {Count 2} {Type C } 
[3152] 2015/03/03 17:07:06.867 收到 Head 資訊 {Count 2} {Type C } 
[3152] 2015/03/03 17:07:07.561 收到 Head 資訊 {Count 2} {Type B } 
[3152] 2015/03/03 17:07:16.836 收到 Head 資訊 {Count 2} {Type C } 
[3152] 2015/03/03 17:07:26.338 連線確認 E122828927 (21,21)
[3152] 2015/03/03 17:07:26.858 收到 Head 資訊 {Count 2} {Type C } 
[3152] 2015/03/03 17:07:36.834 收到 Head 資訊 {Count 2} {Type C } 
[3152] 2015/03/03 17:07:46.876 收到 Head 資訊 {Count 2} {Type C } 
[3152] 2015/03/03 17:07:56.841 收到 Head 資訊 {Count 2} {Type C } 
[3152] 2015/03/03 17:08:06.828 收到 Head 資訊 {Count 2} {Type C } 
[3152] 2015/03/03 17:08:16.875 收到 Head 資訊 {Count 2} {Type C } 
[3152] 2015/03/03 17:08:26.358 連線確認 E122828927 (21,21)
[3152] 2015/03/03 17:08:26.875 收到 Head 資訊 {Count 2} {Type C } 
[3152] 2015/03/03 17:08:36.856 收到 Head 資訊 {Count 2} {Type C } 
[3152] 2015/03/03 17:09:26.365 連線確認 E122828927 (21,21)
[3152] 2015/03/03 17:10:26.378 連線確認 E122828927 (21,21)
[3152] 2015/03/03 17:11:06.879 收到 Head 資訊 {Count 2} {Type C } 
[3152] 2015/03/03 17:11:26.392 連線確認 E122828927 (21,21)
[3152] 2015/03/03 17:12:08.562 收到 Head 資訊 {Count 2} {Type B } 
[3152] 2015/03/03 17:12:26.407 連線確認 E122828927 (21,21)
[3152] 2015/03/03 17:13:26.419 連線確認 E122828927 (21,21)
[3152] 2015/03/03 17:14:26.433 連線確認 E122828927 (21,21)
[3152] 2015/03/03 17:15:26.446 連線確認 E122828927 (21,21)
[3152] 2015/03/03 17:16:26.460 連線確認 E122828927 (21,21)
[3152] 2015/03/03 17:17:09.492 收到 Head 資訊 {Count 2} {Type B } 
[3152] 2015/03/03 17:17:11.697 API ExitInstance 
