[6816] 2015/02/19 07:50:11.656 SKOrderLib ª©¥» 2.1.22
[6816] 2015/02/19 07:50:11.659 Login ID: E122828927
[6816] 2015/02/19 07:50:13.692 CALL SKOrderLib_ReadCertByID(E122828927)
[6816] 2015/02/19 07:50:13.922 CALL RegisterOnAccountCallBack()
[6816] 2015/02/19 07:50:13.925 CALL GetUserAccount()
[6816] 2015/02/19 07:50:13.926 TS,918J,918J,0456453,E122828927,±d§Óºú,0,0
[6816] 2015/02/19 07:50:13.929 TF,F020000,B17,1709003,E122828927,±d§Óºú,0,0
[6816] 2015/02/19 07:50:13.931 OF,F020000,000,1709003,E122828927,±d§Óºú,0,0
[6816] 2015/02/19 07:50:13.933 CALL RegisterOnOrderAsyncReportCallBack()
[6816] 2015/02/19 07:50:13.936 CALL RegisterOnExecutionReportCallBack()
[3608] 2015/02/19 15:26:11.837 SKOrderLib ª©¥» 2.1.22
[3608] 2015/02/19 15:26:11.841 Login ID: E122828927
[3608] 2015/02/19 15:26:13.795 CALL SKOrderLib_ReadCertByID(E122828927)
[3608] 2015/02/19 15:26:13.948 CALL RegisterOnAccountCallBack()
[3608] 2015/02/19 15:26:13.949 CALL GetUserAccount()
[3608] 2015/02/19 15:26:13.951 TS,918J,918J,0456453,E122828927,±d§Óºú,0,0
[3608] 2015/02/19 15:26:13.953 TF,F020000,B17,1709003,E122828927,±d§Óºú,0,0
[3608] 2015/02/19 15:26:13.954 OF,F020000,000,1709003,E122828927,±d§Óºú,0,0
[3608] 2015/02/19 15:26:13.957 CALL RegisterOnOrderAsyncReportCallBack()
[3608] 2015/02/19 15:26:13.960 CALL RegisterOnExecutionReportCallBack()
[3608] 2015/02/19 15:26:14.416 CALL RegisterOnOverseaFutureOpenInterestCallBack()
[3608] 2015/02/19 15:26:14.418 CALL GetOverseaFutureOpenInterest(F0200001709003)
