[5044] 2015/02/17 07:50:11.381 SKOrderLib ª©¥» 2.1.22
[5044] 2015/02/17 07:50:11.384 Login ID: E122828927
[5044] 2015/02/17 07:50:12.224 CALL SKOrderLib_ReadCertByID(E122828927)
[5044] 2015/02/17 07:50:12.412 CALL RegisterOnAccountCallBack()
[5044] 2015/02/17 07:50:12.414 CALL GetUserAccount()
[5044] 2015/02/17 07:50:12.416 TS,918J,918J,0456453,E122828927,±d§Óºú,0,0
[5044] 2015/02/17 07:50:12.418 TF,F020000,B17,1709003,E122828927,±d§Óºú,0,0
[5044] 2015/02/17 07:50:12.420 OF,F020000,000,1709003,E122828927,±d§Óºú,0,0
[5044] 2015/02/17 07:50:12.423 CALL RegisterOnOrderAsyncReportCallBack()
[5044] 2015/02/17 07:50:12.425 CALL RegisterOnExecutionReportCallBack()
[5396] 2015/02/17 15:26:11.294 SKOrderLib ª©¥» 2.1.22
[5396] 2015/02/17 15:26:11.296 Login ID: E122828927
[5396] 2015/02/17 15:26:13.123 CALL SKOrderLib_ReadCertByID(E122828927)
[5396] 2015/02/17 15:26:13.283 CALL RegisterOnAccountCallBack()
[5396] 2015/02/17 15:26:13.285 CALL GetUserAccount()
[5396] 2015/02/17 15:26:13.286 TS,918J,918J,0456453,E122828927,±d§Óºú,0,0
[5396] 2015/02/17 15:26:13.289 TF,F020000,B17,1709003,E122828927,±d§Óºú,0,0
[5396] 2015/02/17 15:26:13.290 OF,F020000,000,1709003,E122828927,±d§Óºú,0,0
[5396] 2015/02/17 15:26:13.293 CALL RegisterOnOrderAsyncReportCallBack()
[5396] 2015/02/17 15:26:13.295 CALL RegisterOnExecutionReportCallBack()
[5396] 2015/02/17 15:26:13.688 CALL RegisterOnOverseaFutureOpenInterestCallBack()
[5396] 2015/02/17 15:26:13.690 CALL GetOverseaFutureOpenInterest(F0200001709003)
