[4756] 2015/02/06 07:50:13.146 API InitInstance 
[4756] 2015/02/06 07:50:13.467 E122828927 連線 Code：0
[4756] 2015/02/06 07:50:14.472 收到 Head 資訊 {Count 2} {Type C } 
[4756] 2015/02/06 07:50:14.474 收到 Head 資訊 {Count 2} {Type C } 
[4756] 2015/02/06 07:50:14.476 收到 Head 資訊 {Count 2} {Type C } 
[4756] 2015/02/06 07:50:14.478 收到 Head 資訊 {Count 2} {Type C } 
[4756] 2015/02/06 07:50:14.479 收到 Head 資訊 {Count 2} {Type C } 
[4756] 2015/02/06 07:50:14.481 收到 Head 資訊 {Count 2} {Type C } 
[4756] 2015/02/06 07:50:14.483 收到 Head 資訊 {Count 2} {Type C } 
[4756] 2015/02/06 07:50:14.485 收到 Head 資訊 {Count 2} {Type C } 
[4756] 2015/02/06 07:50:14.488 收到 Head 資訊 {Count 2} {Type C } 
[4756] 2015/02/06 07:50:14.489 收到 Head 資訊 {Count 2} {Type C } 
[4756] 2015/02/06 07:50:14.491 收到 Head 資訊 {Count 2} {Type C } 
[4756] 2015/02/06 07:50:14.493 收到 Head 資訊 {Count 2} {Type C } 
[4756] 2015/02/06 07:50:14.495 收到 Head 資訊 {Count 2} {Type C } 
[4756] 2015/02/06 07:50:14.497 收到 Head 資訊 {Count 2} {Type C } 
[4756] 2015/02/06 07:50:14.499 收到 Head 資訊 {Count 2} {Type C } 
[4756] 2015/02/06 07:50:14.500 收到 Head 資訊 {Count 2} {Type C } 
[4756] 2015/02/06 07:50:14.502 收到 Head 資訊 {Count 2} {Type C } 
[4756] 2015/02/06 07:50:14.504 收到 Head 資訊 {Count 2} {Type C } 
[4756] 2015/02/06 07:50:14.506 收到 Head 資訊 {Count 2} {Type C } 
[4756] 2015/02/06 07:50:14.507 收到 Head 資訊 {Count 2} {Type C } 
[4756] 2015/02/06 07:50:14.509 收到 Head 資訊 {Count 2} {Type C } 
[4756] 2015/02/06 07:50:14.511 收到 Head 資訊 {Count 2} {Type C } 
[4756] 2015/02/06 07:50:14.513 收到 Head 資訊 {Count 2} {Type C } 
[4756] 2015/02/06 07:50:14.514 收到 Head 資訊 {Count 2} {Type C } 
[4756] 2015/02/06 07:50:14.516 收到 Head 資訊 {Count 2} {Type C } 
[4756] 2015/02/06 07:50:14.518 收到 Head 資訊 {Count 2} {Type C } 
[4756] 2015/02/06 07:50:14.520 收到 Head 資訊 {Count 2} {Type C } 
[4756] 2015/02/06 07:50:14.521 收到 Head 資訊 {Count 2} {Type C } 
[4756] 2015/02/06 07:50:14.523 收到 Head 資訊 {Count 2} {Type C } 
[4756] 2015/02/06 07:50:14.525 收到 Head 資訊 {Count 2} {Type C } 
[4756] 2015/02/06 07:50:14.527 收到 Head 資訊 {Count 2} {Type C } 
[4756] 2015/02/06 07:50:14.529 收到 Head 資訊 {Count 2} {Type C } 
[4756] 2015/02/06 07:50:14.530 收到 Head 資訊 {Count 2} {Type C } 
[4756] 2015/02/06 07:50:14.532 收到 Head 資訊 {Count 2} {Type C } 
[4756] 2015/02/06 07:50:14.534 收到 Head 資訊 {Count 2} {Type C } 
[4756] 2015/02/06 07:50:14.536 收到 Head 資訊 {Count 2} {Type C } 
[4756] 2015/02/06 07:50:14.537 收到 Head 資訊 {Count 2} {Type C } 
[4756] 2015/02/06 07:50:14.539 收到 Head 資訊 {Count 2} {Type C } 
[4756] 2015/02/06 07:50:14.541 收到 Head 資訊 {Count 2} {Type C } 
[4756] 2015/02/06 07:50:14.543 收到 Head 資訊 {Count 2} {Type C } 
[4756] 2015/02/06 07:50:14.544 收到 Head 資訊 {Count 2} {Type C } 
[4756] 2015/02/06 07:50:14.546 收到 Head 資訊 {Count 2} {Type C } 
[4756] 2015/02/06 07:50:14.548 收到 Head 資訊 {Count 2} {Type C } 
[4756] 2015/02/06 07:50:14.550 收到 Head 資訊 {Count 2} {Type C } 
[4756] 2015/02/06 07:50:14.552 收到 Head 資訊 {Count 2} {Type C } 
[4756] 2015/02/06 07:50:14.553 收到 Head 資訊 {Count 2} {Type C } 
[4756] 2015/02/06 07:50:14.555 收到 Head 資訊 {Count 2} {Type C } 
[4756] 2015/02/06 07:50:14.557 收到 Head 資訊 {Count 2} {Type C } 
[4756] 2015/02/06 07:50:14.559 收到 Head 資訊 {Count 2} {Type C } 
[4756] 2015/02/06 07:50:14.561 收到 Head 資訊 {Count 2} {Type C } 
[4756] 2015/02/06 07:50:14.562 收到 Head 資訊 {Count 2} {Type C } 
[4756] 2015/02/06 07:50:14.564 收到 Head 資訊 {Count 2} {Type C } 
[4756] 2015/02/06 07:50:14.566 收到 Head 資訊 {Count 2} {Type C } 
[4756] 2015/02/06 07:50:14.568 收到 Head 資訊 {Count 2} {Type C } 
[4756] 2015/02/06 07:50:14.569 收到 Head 資訊 {Count 2} {Type C } 
[4756] 2015/02/06 07:50:14.571 收到 Head 資訊 {Count 2} {Type C } 
[4756] 2015/02/06 07:50:14.573 收到 Head 資訊 {Count 2} {Type C } 
[4756] 2015/02/06 07:50:14.575 收到 Head 資訊 {Count 2} {Type C } 
[4756] 2015/02/06 07:50:14.577 收到 Head 資訊 {Count 2} {Type C } 
[4756] 2015/02/06 07:50:14.579 收到 Head 資訊 {Count 2} {Type C } 
[4756] 2015/02/06 07:50:14.580 收到 Head 資訊 {Count 2} {Type C } 
[4756] 2015/02/06 07:50:14.582 收到 Head 資訊 {Count 2} {Type C } 
[4756] 2015/02/06 07:50:14.584 收到 Head 資訊 {Count 2} {Type C } 
[4756] 2015/02/06 07:50:14.586 收到 Head 資訊 {Count 2} {Type C } 
[4756] 2015/02/06 07:50:14.588 收到 Head 資訊 {Count 2} {Type C } 
[4756] 2015/02/06 07:50:14.589 收到 Head 資訊 {Count 2} {Type C } 
[4756] 2015/02/06 07:50:14.591 收到 Head 資訊 {Count 2} {Type C } 
[4756] 2015/02/06 07:50:14.593 收到 Head 資訊 {Count 2} {Type C } 
[4756] 2015/02/06 07:50:14.595 收到 Head 資訊 {Count 2} {Type C } 
[4756] 2015/02/06 07:50:14.596 收到 Head 資訊 {Count 2} {Type C } 
[4756] 2015/02/06 07:50:14.598 收到 Head 資訊 {Count 2} {Type C } 
[4756] 2015/02/06 07:50:14.600 收到 Head 資訊 {Count 2} {Type C } 
[4756] 2015/02/06 07:50:14.602 收到 Head 資訊 {Count 2} {Type C } 
[4756] 2015/02/06 07:50:14.603 收到 Head 資訊 {Count 2} {Type C } 
[4756] 2015/02/06 07:50:14.605 收到 Head 資訊 {Count 2} {Type C } 
[4756] 2015/02/06 07:50:14.607 收到 Head 資訊 {Count 2} {Type C } 
[4756] 2015/02/06 07:50:14.609 收到 Head 資訊 {Count 2} {Type C } 
[4756] 2015/02/06 07:50:14.610 收到 Head 資訊 {Count 2} {Type C } 
[4756] 2015/02/06 07:50:14.612 收到 Head 資訊 {Count 2} {Type C } 
[4756] 2015/02/06 07:50:14.614 收到 Head 資訊 {Count 2} {Type C } 
[4756] 2015/02/06 07:50:14.616 收到 Head 資訊 {Count 2} {Type C } 
[4756] 2015/02/06 07:50:14.618 收到 Head 資訊 {Count 2} {Type C } 
[4756] 2015/02/06 07:50:14.619 收到 Head 資訊 {Count 2} {Type C } 
[4756] 2015/02/06 07:50:14.621 收到 Head 資訊 {Count 2} {Type C } 
[4756] 2015/02/06 07:50:14.623 收到 Head 資訊 {Count 2} {Type C } 
[4756] 2015/02/06 07:50:14.625 收到 Head 資訊 {Count 2} {Type C } 
[4756] 2015/02/06 07:50:14.626 收到 Head 資訊 {Count 2} {Type C } 
[4756] 2015/02/06 07:50:14.628 收到 Head 資訊 {Count 2} {Type C } 
[4756] 2015/02/06 07:50:14.630 收到 Head 資訊 {Count 2} {Type C } 
[4756] 2015/02/06 07:50:14.632 收到 Head 資訊 {Count 2} {Type C } 
[4756] 2015/02/06 07:50:14.633 收到 Head 資訊 {Count 2} {Type C } 
[4756] 2015/02/06 07:50:14.635 收到 Head 資訊 {Count 2} {Type C } 
[4756] 2015/02/06 07:50:14.637 收到 Head 資訊 {Count 2} {Type C } 
[4756] 2015/02/06 07:50:14.639 收到 Head 資訊 {Count 2} {Type C } 
[4756] 2015/02/06 07:50:14.640 收到 Head 資訊 {Count 2} {Type C } 
[4756] 2015/02/06 07:50:14.642 收到 Head 資訊 {Count 2} {Type C } 
[4756] 2015/02/06 07:50:14.644 收到 Head 資訊 {Count 2} {Type C } 
[4756] 2015/02/06 07:50:14.646 收到 Head 資訊 {Count 2} {Type C } 
[4756] 2015/02/06 07:50:14.648 收到 Head 資訊 {Count 2} {Type C } 
[4756] 2015/02/06 07:50:14.650 收到 Head 資訊 {Count 2} {Type C } 
[4756] 2015/02/06 07:50:14.651 收到 Head 資訊 {Count 2} {Type C } 
[4756] 2015/02/06 07:50:14.653 收到 Head 資訊 {Count 2} {Type C } 
[4756] 2015/02/06 07:50:14.655 收到 Head 資訊 {Count 2} {Type C } 
[4756] 2015/02/06 07:50:14.657 收到 Head 資訊 {Count 2} {Type C } 
[4756] 2015/02/06 07:50:14.658 收到 Head 資訊 {Count 2} {Type C } 
[4756] 2015/02/06 07:50:14.660 收到 Head 資訊 {Count 2} {Type C } 
[4756] 2015/02/06 07:50:14.662 收到 Head 資訊 {Count 2} {Type C } 
[4756] 2015/02/06 07:50:14.664 收到 Head 資訊 {Count 2} {Type C } 
[4756] 2015/02/06 07:50:14.666 收到 Head 資訊 {Count 2} {Type B } 
[4756] 2015/02/06 07:51:13.443 連線確認 E122828927 (21,21)
[4756] 2015/02/06 07:51:17.917 收到 Head 資訊 {Count 2} {Type C } 
[4756] 2015/02/06 07:51:27.913 收到 Head 資訊 {Count 2} {Type C } 
[4756] 2015/02/06 07:52:13.455 連線確認 E122828927 (21,21)
[4756] 2015/02/06 07:53:13.471 連線確認 E122828927 (21,21)
[4756] 2015/02/06 07:54:13.483 連線確認 E122828927 (21,21)
[4756] 2015/02/06 07:55:13.497 連線確認 E122828927 (21,21)
[4756] 2015/02/06 07:55:14.265 收到 Head 資訊 {Count 2} {Type B } 
[4756] 2015/02/06 07:56:13.511 連線確認 E122828927 (21,21)
[4756] 2015/02/06 07:57:13.525 連線確認 E122828927 (21,21)
[4756] 2015/02/06 07:58:13.538 連線確認 E122828927 (21,21)
[4756] 2015/02/06 07:59:13.550 連線確認 E122828927 (21,21)
[4756] 2015/02/06 08:00:13.565 連線確認 E122828927 (21,21)
[4756] 2015/02/06 08:00:15.263 收到 Head 資訊 {Count 2} {Type B } 
[4756] 2015/02/06 08:01:13.579 連線確認 E122828927 (21,21)
[4756] 2015/02/06 08:02:13.592 連線確認 E122828927 (21,21)
[4756] 2015/02/06 08:03:13.606 連線確認 E122828927 (21,21)
[4756] 2015/02/06 08:04:13.619 連線確認 E122828927 (21,21)
[4756] 2015/02/06 08:05:13.633 連線確認 E122828927 (21,21)
[4756] 2015/02/06 08:05:16.278 收到 Head 資訊 {Count 2} {Type B } 
[4756] 2015/02/06 08:06:13.647 連線確認 E122828927 (21,21)
[4756] 2015/02/06 08:07:13.660 連線確認 E122828927 (21,21)
[4756] 2015/02/06 08:08:13.673 連線確認 E122828927 (21,21)
[4756] 2015/02/06 08:09:13.688 連線確認 E122828927 (21,21)
[4756] 2015/02/06 08:10:13.700 連線確認 E122828927 (21,21)
[4756] 2015/02/06 08:10:17.274 收到 Head 資訊 {Count 2} {Type B } 
[4756] 2015/02/06 08:11:13.716 連線確認 E122828927 (21,21)
[4756] 2015/02/06 08:11:18.035 收到 Head 資訊 {Count 2} {Type C } 
[4756] 2015/02/06 08:11:28.031 收到 Head 資訊 {Count 2} {Type C } 
[4756] 2015/02/06 08:11:38.045 收到 Head 資訊 {Count 2} {Type C } 
[4756] 2015/02/06 08:12:13.728 連線確認 E122828927 (21,21)
[4756] 2015/02/06 08:13:13.742 連線確認 E122828927 (21,21)
[4756] 2015/02/06 08:14:13.755 連線確認 E122828927 (21,21)
[4756] 2015/02/06 08:15:08.241 收到 Head 資訊 {Count 2} {Type C } 
[4756] 2015/02/06 08:15:13.768 連線確認 E122828927 (21,21)
[4756] 2015/02/06 08:15:18.285 收到 Head 資訊 {Count 2} {Type B } 
[4756] 2015/02/06 08:16:13.782 連線確認 E122828927 (21,21)
[4756] 2015/02/06 08:17:13.796 連線確認 E122828927 (21,21)
[4756] 2015/02/06 08:18:13.810 連線確認 E122828927 (21,21)
[4756] 2015/02/06 08:19:13.822 連線確認 E122828927 (21,21)
[4756] 2015/02/06 08:20:13.837 連線確認 E122828927 (21,21)
[4756] 2015/02/06 08:20:19.329 收到 Head 資訊 {Count 2} {Type B } 
[4756] 2015/02/06 08:21:13.850 連線確認 E122828927 (21,21)
[4756] 2015/02/06 08:22:13.864 連線確認 E122828927 (21,21)
[4756] 2015/02/06 08:23:13.878 連線確認 E122828927 (21,21)
[4756] 2015/02/06 08:24:13.890 連線確認 E122828927 (21,21)
[4756] 2015/02/06 08:25:13.905 連線確認 E122828927 (21,21)
[4756] 2015/02/06 08:25:20.338 收到 Head 資訊 {Count 2} {Type B } 
[4756] 2015/02/06 08:26:13.918 連線確認 E122828927 (21,21)
[4756] 2015/02/06 08:27:13.932 連線確認 E122828927 (21,21)
[4756] 2015/02/06 08:28:13.945 連線確認 E122828927 (21,21)
[4756] 2015/02/06 08:29:13.958 連線確認 E122828927 (21,21)
[4756] 2015/02/06 08:30:13.973 連線確認 E122828927 (21,21)
[4756] 2015/02/06 08:30:21.384 收到 Head 資訊 {Count 2} {Type B } 
[4756] 2015/02/06 08:31:13.986 連線確認 E122828927 (21,21)
[4756] 2015/02/06 08:32:14.000 連線確認 E122828927 (21,21)
[4756] 2015/02/06 08:33:14.013 連線確認 E122828927 (21,21)
[4756] 2015/02/06 08:34:14.027 連線確認 E122828927 (21,21)
[4756] 2015/02/06 08:35:08.421 收到 Head 資訊 {Count 2} {Type C } 
[4756] 2015/02/06 08:35:14.041 連線確認 E122828927 (21,21)
[4756] 2015/02/06 08:35:18.401 收到 Head 資訊 {Count 2} {Type C } 
[4756] 2015/02/06 08:35:22.390 收到 Head 資訊 {Count 2} {Type B } 
[4756] 2015/02/06 08:35:28.440 收到 Head 資訊 {Count 2} {Type C } 
[4756] 2015/02/06 08:35:38.461 收到 Head 資訊 {Count 2} {Type C } 
[4756] 2015/02/06 08:36:14.054 連線確認 E122828927 (21,21)
[4756] 2015/02/06 08:37:14.067 連線確認 E122828927 (21,21)
[4756] 2015/02/06 08:38:14.081 連線確認 E122828927 (21,21)
[4756] 2015/02/06 08:39:14.095 連線確認 E122828927 (21,21)
[4756] 2015/02/06 08:40:14.108 連線確認 E122828927 (21,21)
[4756] 2015/02/06 08:40:23.344 收到 Head 資訊 {Count 2} {Type B } 
[4756] 2015/02/06 08:41:14.122 連線確認 E122828927 (21,21)
[4756] 2015/02/06 08:42:14.135 連線確認 E122828927 (21,21)
[4756] 2015/02/06 08:43:14.150 連線確認 E122828927 (21,21)
[4756] 2015/02/06 08:44:14.163 連線確認 E122828927 (21,21)
[4756] 2015/02/06 08:45:14.175 連線確認 E122828927 (21,21)
[4756] 2015/02/06 08:45:24.422 收到 Head 資訊 {Count 2} {Type B } 
[4756] 2015/02/06 08:46:14.190 連線確認 E122828927 (21,21)
[4756] 2015/02/06 08:47:14.203 連線確認 E122828927 (21,21)
[4756] 2015/02/06 08:48:14.217 連線確認 E122828927 (21,21)
[4756] 2015/02/06 08:49:14.231 連線確認 E122828927 (21,21)
[4756] 2015/02/06 08:50:14.245 連線確認 E122828927 (21,21)
[4756] 2015/02/06 08:50:25.293 收到 Head 資訊 {Count 2} {Type B } 
[4756] 2015/02/06 08:51:14.259 連線確認 E122828927 (21,21)
[4756] 2015/02/06 08:51:18.646 收到 Head 資訊 {Count 2} {Type C } 
[4756] 2015/02/06 08:51:28.640 收到 Head 資訊 {Count 2} {Type C } 
[4756] 2015/02/06 08:51:38.661 收到 Head 資訊 {Count 2} {Type C } 
[4756] 2015/02/06 08:51:48.614 收到 Head 資訊 {Count 2} {Type C } 
[4756] 2015/02/06 08:51:58.654 收到 Head 資訊 {Count 2} {Type C } 
[4756] 2015/02/06 08:52:14.271 連線確認 E122828927 (21,21)
[4756] 2015/02/06 08:53:14.285 連線確認 E122828927 (21,21)
[4756] 2015/02/06 08:54:14.299 連線確認 E122828927 (21,21)
[4756] 2015/02/06 08:55:08.656 收到 Head 資訊 {Count 2} {Type C } 
[4756] 2015/02/06 08:55:14.312 連線確認 E122828927 (21,21)
[4756] 2015/02/06 08:55:18.662 收到 Head 資訊 {Count 2} {Type C } 
[4756] 2015/02/06 08:55:26.417 收到 Head 資訊 {Count 2} {Type B } 
[4756] 2015/02/06 08:56:14.325 連線確認 E122828927 (21,21)
[4756] 2015/02/06 08:57:14.339 連線確認 E122828927 (21,21)
[4756] 2015/02/06 08:58:14.353 連線確認 E122828927 (21,21)
[4756] 2015/02/06 08:59:14.366 連線確認 E122828927 (21,21)
[4756] 2015/02/06 09:00:14.380 連線確認 E122828927 (21,21)
[4756] 2015/02/06 09:00:27.388 收到 Head 資訊 {Count 2} {Type B } 
[4756] 2015/02/06 09:01:14.394 連線確認 E122828927 (21,21)
[4756] 2015/02/06 09:02:14.407 連線確認 E122828927 (21,21)
[4756] 2015/02/06 09:03:14.420 連線確認 E122828927 (21,21)
[4756] 2015/02/06 09:04:14.435 連線確認 E122828927 (21,21)
[4756] 2015/02/06 09:05:14.448 連線確認 E122828927 (21,21)
[4756] 2015/02/06 09:05:27.650 收到 Head 資訊 {Count 2} {Type B } 
[4756] 2015/02/06 09:06:14.461 連線確認 E122828927 (21,21)
[4756] 2015/02/06 09:07:14.475 連線確認 E122828927 (21,21)
[4756] 2015/02/06 09:08:14.489 連線確認 E122828927 (21,21)
[4756] 2015/02/06 09:09:14.503 連線確認 E122828927 (21,21)
[4756] 2015/02/06 09:10:14.515 連線確認 E122828927 (21,21)
[4756] 2015/02/06 09:10:28.637 收到 Head 資訊 {Count 2} {Type B } 
[4756] 2015/02/06 09:11:14.529 連線確認 E122828927 (21,21)
[4756] 2015/02/06 09:11:18.112 收到 Head 資訊 {Count 2} {Type C } 
[4756] 2015/02/06 09:11:28.131 收到 Head 資訊 {Count 2} {Type C } 
[4756] 2015/02/06 09:11:38.297 收到 Head 資訊 {Count 2} {Type C } 
[4756] 2015/02/06 09:11:48.143 收到 Head 資訊 {Count 2} {Type C } 
[4756] 2015/02/06 09:11:58.205 收到 Head 資訊 {Count 2} {Type C } 
[4756] 2015/02/06 09:12:08.222 收到 Head 資訊 {Count 2} {Type C } 
[4756] 2015/02/06 09:12:14.543 連線確認 E122828927 (21,21)
[4756] 2015/02/06 09:13:14.557 連線確認 E122828927 (21,21)
[4756] 2015/02/06 09:14:14.570 連線確認 E122828927 (21,21)
[4756] 2015/02/06 09:15:07.039 收到 Head 資訊 {Count 2} {Type C } 
[4756] 2015/02/06 09:15:14.583 連線確認 E122828927 (21,21)
[4756] 2015/02/06 09:15:17.162 收到 Head 資訊 {Count 2} {Type C } 
[4756] 2015/02/06 09:15:29.728 收到 Head 資訊 {Count 2} {Type B } 
[4756] 2015/02/06 09:16:14.598 連線確認 E122828927 (21,21)
[4756] 2015/02/06 09:17:14.611 連線確認 E122828927 (21,21)
[4756] 2015/02/06 09:18:14.625 連線確認 E122828927 (21,21)
[4756] 2015/02/06 09:19:14.639 連線確認 E122828927 (21,21)
[4756] 2015/02/06 09:20:14.652 連線確認 E122828927 (21,21)
[4756] 2015/02/06 09:20:30.676 收到 Head 資訊 {Count 2} {Type B } 
[4756] 2015/02/06 09:21:14.665 連線確認 E122828927 (21,21)
[4756] 2015/02/06 09:22:14.678 連線確認 E122828927 (21,21)
[4756] 2015/02/06 09:23:14.693 連線確認 E122828927 (21,21)
[4756] 2015/02/06 09:24:14.706 連線確認 E122828927 (21,21)
[4756] 2015/02/06 09:25:14.720 連線確認 E122828927 (21,21)
[4756] 2015/02/06 09:25:31.643 收到 Head 資訊 {Count 2} {Type B } 
[4756] 2015/02/06 09:26:14.733 連線確認 E122828927 (21,21)
[4756] 2015/02/06 09:27:14.746 連線確認 E122828927 (21,21)
[4756] 2015/02/06 09:28:14.760 連線確認 E122828927 (21,21)
[4756] 2015/02/06 09:29:14.773 連線確認 E122828927 (21,21)
[4756] 2015/02/06 09:30:14.788 連線確認 E122828927 (21,21)
[4756] 2015/02/06 09:30:32.660 收到 Head 資訊 {Count 2} {Type B } 
[4756] 2015/02/06 09:31:14.801 連線確認 E122828927 (21,21)
[4756] 2015/02/06 09:31:17.411 收到 Head 資訊 {Count 2} {Type C } 
[4756] 2015/02/06 09:31:27.347 收到 Head 資訊 {Count 2} {Type C } 
[4756] 2015/02/06 09:31:37.341 收到 Head 資訊 {Count 2} {Type C } 
[4756] 2015/02/06 09:31:47.294 收到 Head 資訊 {Count 2} {Type C } 
[4756] 2015/02/06 09:31:57.453 收到 Head 資訊 {Count 2} {Type C } 
[4756] 2015/02/06 09:32:07.359 收到 Head 資訊 {Count 2} {Type C } 
[4756] 2015/02/06 09:32:14.816 連線確認 E122828927 (21,21)
[4756] 2015/02/06 09:33:14.828 連線確認 E122828927 (21,21)
[4756] 2015/02/06 09:34:14.842 連線確認 E122828927 (21,21)
[4756] 2015/02/06 09:35:07.090 收到 Head 資訊 {Count 2} {Type C } 
[4756] 2015/02/06 09:35:14.856 連線確認 E122828927 (21,21)
[4756] 2015/02/06 09:35:17.242 收到 Head 資訊 {Count 2} {Type C } 
[4756] 2015/02/06 09:35:27.235 收到 Head 資訊 {Count 2} {Type C } 
[4756] 2015/02/06 09:35:33.681 收到 Head 資訊 {Count 2} {Type B } 
[4756] 2015/02/06 09:35:37.173 收到 Head 資訊 {Count 2} {Type C } 
[4756] 2015/02/06 09:36:14.868 連線確認 E122828927 (21,21)
[4756] 2015/02/06 09:37:14.883 連線確認 E122828927 (21,21)
[4756] 2015/02/06 09:38:14.896 連線確認 E122828927 (21,21)
[4756] 2015/02/06 09:39:14.910 連線確認 E122828927 (21,21)
[4756] 2015/02/06 09:40:14.923 連線確認 E122828927 (21,21)
[4756] 2015/02/06 09:40:34.732 收到 Head 資訊 {Count 2} {Type B } 
[4756] 2015/02/06 09:41:14.937 連線確認 E122828927 (21,21)
[4756] 2015/02/06 09:42:14.951 連線確認 E122828927 (21,21)
[4756] 2015/02/06 09:43:14.963 連線確認 E122828927 (21,21)
[4756] 2015/02/06 09:44:14.977 連線確認 E122828927 (21,21)
[4756] 2015/02/06 09:45:14.991 連線確認 E122828927 (21,21)
[4756] 2015/02/06 09:45:35.653 收到 Head 資訊 {Count 2} {Type B } 
[4756] 2015/02/06 09:46:15.005 連線確認 E122828927 (21,21)
[4756] 2015/02/06 09:47:15.019 連線確認 E122828927 (21,21)
[4756] 2015/02/06 09:48:15.032 連線確認 E122828927 (21,21)
[4756] 2015/02/06 09:49:15.045 連線確認 E122828927 (21,21)
[4756] 2015/02/06 09:50:15.059 連線確認 E122828927 (21,21)
[4756] 2015/02/06 09:50:47.336 收到 Head 資訊 {Count 2} {Type B } 
[4756] 2015/02/06 09:51:15.073 連線確認 E122828927 (21,21)
[4756] 2015/02/06 09:51:28.128 收到 Head 資訊 {Count 2} {Type C } 
[4756] 2015/02/06 09:51:38.078 收到 Head 資訊 {Count 2} {Type C } 
[4756] 2015/02/06 09:51:48.068 收到 Head 資訊 {Count 2} {Type C } 
[4756] 2015/02/06 09:51:58.028 收到 Head 資訊 {Count 2} {Type C } 
[4756] 2015/02/06 09:52:15.087 連線確認 E122828927 (21,21)
[4756] 2015/02/06 09:53:15.100 連線確認 E122828927 (21,21)
[4756] 2015/02/06 09:54:15.114 連線確認 E122828927 (21,21)
[4756] 2015/02/06 09:55:08.064 收到 Head 資訊 {Count 2} {Type C } 
[4756] 2015/02/06 09:55:15.127 連線確認 E122828927 (21,21)
[4756] 2015/02/06 09:55:38.381 收到 Head 資訊 {Count 2} {Type B } 
[4756] 2015/02/06 09:56:15.141 連線確認 E122828927 (21,21)
[4756] 2015/02/06 09:57:15.154 連線確認 E122828927 (21,21)
[4756] 2015/02/06 09:58:15.168 連線確認 E122828927 (21,21)
[4756] 2015/02/06 09:59:15.181 連線確認 E122828927 (21,21)
[4756] 2015/02/06 10:00:15.195 連線確認 E122828927 (21,21)
[4756] 2015/02/06 10:00:39.300 收到 Head 資訊 {Count 2} {Type B } 
[4756] 2015/02/06 10:01:15.209 連線確認 E122828927 (21,21)
[4756] 2015/02/06 10:02:15.222 連線確認 E122828927 (21,21)
[4756] 2015/02/06 10:03:15.235 連線確認 E122828927 (21,21)
[4756] 2015/02/06 10:04:15.250 連線確認 E122828927 (21,21)
[4756] 2015/02/06 10:05:15.262 連線確認 E122828927 (21,21)
[4756] 2015/02/06 10:05:40.386 收到 Head 資訊 {Count 2} {Type B } 
[4756] 2015/02/06 10:06:15.276 連線確認 E122828927 (21,21)
[4756] 2015/02/06 10:07:15.291 連線確認 E122828927 (21,21)
[4756] 2015/02/06 10:08:15.305 連線確認 E122828927 (21,21)
[4756] 2015/02/06 10:09:15.317 連線確認 E122828927 (21,21)
[4756] 2015/02/06 10:10:15.331 連線確認 E122828927 (21,21)
[4756] 2015/02/06 10:10:41.438 收到 Head 資訊 {Count 2} {Type B } 
[4756] 2015/02/06 10:11:15.344 連線確認 E122828927 (21,21)
[4756] 2015/02/06 10:11:28.296 收到 Head 資訊 {Count 2} {Type C } 
[4756] 2015/02/06 10:11:38.453 收到 Head 資訊 {Count 2} {Type C } 
[4756] 2015/02/06 10:11:48.337 收到 Head 資訊 {Count 2} {Type C } 
[4756] 2015/02/06 10:11:58.374 收到 Head 資訊 {Count 2} {Type C } 
[4756] 2015/02/06 10:12:08.388 收到 Head 資訊 {Count 2} {Type C } 
[4756] 2015/02/06 10:12:15.357 連線確認 E122828927 (21,21)
[4756] 2015/02/06 10:13:15.372 連線確認 E122828927 (21,21)
[4756] 2015/02/06 10:14:15.385 連線確認 E122828927 (21,21)
[4756] 2015/02/06 10:15:07.541 收到 Head 資訊 {Count 2} {Type C } 
[4756] 2015/02/06 10:15:15.398 連線確認 E122828927 (21,21)
[4756] 2015/02/06 10:15:17.571 收到 Head 資訊 {Count 2} {Type C } 
[4756] 2015/02/06 10:15:41.664 收到 Head 資訊 {Count 2} {Type B } 
[4756] 2015/02/06 10:16:15.413 連線確認 E122828927 (21,21)
[4756] 2015/02/06 10:17:15.426 連線確認 E122828927 (21,21)
[4756] 2015/02/06 10:18:15.439 連線確認 E122828927 (21,21)
[4756] 2015/02/06 10:19:15.454 連線確認 E122828927 (21,21)
[4756] 2015/02/06 10:20:15.467 連線確認 E122828927 (21,21)
[4756] 2015/02/06 10:20:42.765 收到 Head 資訊 {Count 2} {Type B } 
[4756] 2015/02/06 10:21:15.480 連線確認 E122828927 (21,21)
[4756] 2015/02/06 10:22:15.494 連線確認 E122828927 (21,21)
[4756] 2015/02/06 10:23:15.508 連線確認 E122828927 (21,21)
[4756] 2015/02/06 10:24:15.522 連線確認 E122828927 (21,21)
[4756] 2015/02/06 10:25:15.534 連線確認 E122828927 (21,21)
[4756] 2015/02/06 10:25:43.763 收到 Head 資訊 {Count 2} {Type B } 
[4756] 2015/02/06 10:26:15.548 連線確認 E122828927 (21,21)
[4756] 2015/02/06 10:27:15.562 連線確認 E122828927 (21,21)
[4756] 2015/02/06 10:28:15.576 連線確認 E122828927 (21,21)
[4756] 2015/02/06 10:29:15.590 連線確認 E122828927 (21,21)
[4756] 2015/02/06 10:30:15.603 連線確認 E122828927 (21,21)
[4756] 2015/02/06 10:30:45.075 收到 Head 資訊 {Count 2} {Type B } 
[4756] 2015/02/06 10:31:15.616 連線確認 E122828927 (21,21)
[4756] 2015/02/06 10:31:28.225 收到 Head 資訊 {Count 2} {Type C } 
[4756] 2015/02/06 10:31:38.286 收到 Head 資訊 {Count 2} {Type C } 
[4756] 2015/02/06 10:31:48.311 收到 Head 資訊 {Count 2} {Type C } 
[4756] 2015/02/06 10:31:58.176 收到 Head 資訊 {Count 2} {Type C } 
[4756] 2015/02/06 10:32:15.629 連線確認 E122828927 (21,21)
[4756] 2015/02/06 10:33:15.643 連線確認 E122828927 (21,21)
[4756] 2015/02/06 10:34:15.658 連線確認 E122828927 (21,21)
[4756] 2015/02/06 10:35:07.950 收到 Head 資訊 {Count 2} {Type C } 
[4756] 2015/02/06 10:35:15.671 連線確認 E122828927 (21,21)
[4756] 2015/02/06 10:35:18.005 收到 Head 資訊 {Count 2} {Type C } 
[4756] 2015/02/06 10:35:46.215 收到 Head 資訊 {Count 2} {Type B } 
[4756] 2015/02/06 10:36:15.685 連線確認 E122828927 (21,21)
[4756] 2015/02/06 10:37:15.697 連線確認 E122828927 (21,21)
[4756] 2015/02/06 10:38:15.711 連線確認 E122828927 (21,21)
[4756] 2015/02/06 10:39:15.725 連線確認 E122828927 (21,21)
[4756] 2015/02/06 10:40:15.739 連線確認 E122828927 (21,21)
[4756] 2015/02/06 10:40:47.246 收到 Head 資訊 {Count 2} {Type B } 
[4756] 2015/02/06 10:41:15.752 連線確認 E122828927 (21,21)
[4756] 2015/02/06 10:42:15.765 連線確認 E122828927 (21,21)
[4756] 2015/02/06 10:43:15.779 連線確認 E122828927 (21,21)
[4756] 2015/02/06 10:44:15.793 連線確認 E122828927 (21,21)
[4756] 2015/02/06 10:45:15.807 連線確認 E122828927 (21,21)
[4756] 2015/02/06 10:45:48.517 收到 Head 資訊 {Count 2} {Type B } 
[4756] 2015/02/06 10:46:15.821 連線確認 E122828927 (21,21)
[4756] 2015/02/06 10:47:15.833 連線確認 E122828927 (21,21)
[4756] 2015/02/06 10:48:15.847 連線確認 E122828927 (21,21)
[4756] 2015/02/06 10:49:15.861 連線確認 E122828927 (21,21)
[4756] 2015/02/06 10:50:15.874 連線確認 E122828927 (21,21)
[4756] 2015/02/06 10:50:49.450 收到 Head 資訊 {Count 2} {Type B } 
[4756] 2015/02/06 10:51:15.889 連線確認 E122828927 (21,21)
[4756] 2015/02/06 10:51:28.667 收到 Head 資訊 {Count 2} {Type C } 
[4756] 2015/02/06 10:51:38.523 收到 Head 資訊 {Count 2} {Type C } 
[4756] 2015/02/06 10:51:48.573 收到 Head 資訊 {Count 2} {Type C } 
[4756] 2015/02/06 10:51:58.636 收到 Head 資訊 {Count 2} {Type C } 
[4756] 2015/02/06 10:52:08.685 收到 Head 資訊 {Count 2} {Type C } 
[4756] 2015/02/06 10:52:15.901 連線確認 E122828927 (21,21)
[4756] 2015/02/06 10:52:18.664 收到 Head 資訊 {Count 2} {Type C } 
[4756] 2015/02/06 10:52:28.565 收到 Head 資訊 {Count 2} {Type C } 
[4756] 2015/02/06 10:53:15.916 連線確認 E122828927 (21,21)
[4756] 2015/02/06 10:54:15.929 連線確認 E122828927 (21,21)
[4756] 2015/02/06 10:55:08.372 收到 Head 資訊 {Count 2} {Type C } 
[4756] 2015/02/06 10:55:15.943 連線確認 E122828927 (21,21)
[4756] 2015/02/06 10:55:50.382 收到 Head 資訊 {Count 2} {Type B } 
[4756] 2015/02/06 10:56:15.956 連線確認 E122828927 (21,21)
[4756] 2015/02/06 10:57:15.970 連線確認 E122828927 (21,21)
[4756] 2015/02/06 10:58:15.983 連線確認 E122828927 (21,21)
[4756] 2015/02/06 10:59:15.997 連線確認 E122828927 (21,21)
[4756] 2015/02/06 11:00:16.010 連線確認 E122828927 (21,21)
[4756] 2015/02/06 11:00:50.607 收到 Head 資訊 {Count 2} {Type B } 
[4756] 2015/02/06 11:01:16.024 連線確認 E122828927 (21,21)
[4756] 2015/02/06 11:02:16.037 連線確認 E122828927 (21,21)
[4756] 2015/02/06 11:03:16.052 連線確認 E122828927 (21,21)
[4756] 2015/02/06 11:04:16.064 連線確認 E122828927 (21,21)
[4756] 2015/02/06 11:05:16.079 連線確認 E122828927 (21,21)
[4756] 2015/02/06 11:05:51.697 收到 Head 資訊 {Count 2} {Type B } 
[4756] 2015/02/06 11:06:16.092 連線確認 E122828927 (21,21)
[4756] 2015/02/06 11:07:16.105 連線確認 E122828927 (21,21)
[4756] 2015/02/06 11:08:16.119 連線確認 E122828927 (21,21)
[4756] 2015/02/06 11:09:16.132 連線確認 E122828927 (21,21)
[4756] 2015/02/06 11:10:16.146 連線確認 E122828927 (21,21)
[4756] 2015/02/06 11:10:52.699 收到 Head 資訊 {Count 2} {Type B } 
[4756] 2015/02/06 11:11:16.160 連線確認 E122828927 (21,21)
[4756] 2015/02/06 11:11:27.976 收到 Head 資訊 {Count 2} {Type C } 
[4756] 2015/02/06 11:11:38.035 收到 Head 資訊 {Count 2} {Type C } 
[4756] 2015/02/06 11:11:48.118 收到 Head 資訊 {Count 2} {Type C } 
[4756] 2015/02/06 11:11:57.957 收到 Head 資訊 {Count 2} {Type C } 
[4756] 2015/02/06 11:12:08.027 收到 Head 資訊 {Count 2} {Type C } 
[4756] 2015/02/06 11:12:16.174 連線確認 E122828927 (21,21)
[4756] 2015/02/06 11:12:18.113 收到 Head 資訊 {Count 2} {Type C } 
[4756] 2015/02/06 11:12:27.949 收到 Head 資訊 {Count 2} {Type C } 
[4756] 2015/02/06 11:12:38.022 收到 Head 資訊 {Count 2} {Type C } 
[4756] 2015/02/06 11:12:48.073 收到 Head 資訊 {Count 2} {Type C } 
[4756] 2015/02/06 11:12:57.912 收到 Head 資訊 {Count 2} {Type C } 
[4756] 2015/02/06 11:13:16.186 連線確認 E122828927 (21,21)
[4756] 2015/02/06 11:14:16.202 連線確認 E122828927 (21,21)
[4756] 2015/02/06 11:15:08.420 收到 Head 資訊 {Count 2} {Type C } 
[4756] 2015/02/06 11:15:16.213 連線確認 E122828927 (21,21)
[4756] 2015/02/06 11:15:54.325 收到 Head 資訊 {Count 2} {Type B } 
[4756] 2015/02/06 11:16:16.228 連線確認 E122828927 (21,21)
[4756] 2015/02/06 11:17:16.241 連線確認 E122828927 (21,21)
[4756] 2015/02/06 11:18:16.255 連線確認 E122828927 (21,21)
[4756] 2015/02/06 11:19:16.268 連線確認 E122828927 (21,21)
[4756] 2015/02/06 11:20:16.283 連線確認 E122828927 (21,21)
[4756] 2015/02/06 11:20:55.162 收到 Head 資訊 {Count 2} {Type B } 
[4756] 2015/02/06 11:21:16.295 連線確認 E122828927 (21,21)
[4756] 2015/02/06 11:22:16.309 連線確認 E122828927 (21,21)
[4756] 2015/02/06 11:23:16.323 連線確認 E122828927 (21,21)
[4756] 2015/02/06 11:24:16.336 連線確認 E122828927 (21,21)
[4756] 2015/02/06 11:25:16.350 連線確認 E122828927 (21,21)
[4756] 2015/02/06 11:25:56.266 收到 Head 資訊 {Count 2} {Type B } 
[4756] 2015/02/06 11:26:16.364 連線確認 E122828927 (21,21)
[4756] 2015/02/06 11:27:16.378 連線確認 E122828927 (21,21)
[4756] 2015/02/06 11:28:16.390 連線確認 E122828927 (21,21)
[4756] 2015/02/06 11:29:16.404 連線確認 E122828927 (21,21)
[4756] 2015/02/06 11:30:16.418 連線確認 E122828927 (21,21)
[4756] 2015/02/06 11:30:57.425 收到 Head 資訊 {Count 2} {Type B } 
[4756] 2015/02/06 11:31:16.431 連線確認 E122828927 (21,21)
[4756] 2015/02/06 11:32:08.777 收到 Head 資訊 {Count 2} {Type C } 
[4756] 2015/02/06 11:32:16.445 連線確認 E122828927 (21,21)
[4756] 2015/02/06 11:32:18.851 收到 Head 資訊 {Count 2} {Type C } 
[4756] 2015/02/06 11:32:28.948 收到 Head 資訊 {Count 2} {Type C } 
[4756] 2015/02/06 11:32:38.945 收到 Head 資訊 {Count 2} {Type C } 
[4756] 2015/02/06 11:32:48.957 收到 Head 資訊 {Count 2} {Type C } 
[4756] 2015/02/06 11:32:58.806 收到 Head 資訊 {Count 2} {Type C } 
[4756] 2015/02/06 11:33:16.459 連線確認 E122828927 (21,21)
[4756] 2015/02/06 11:34:16.472 連線確認 E122828927 (21,21)
[4756] 2015/02/06 11:35:08.757 收到 Head 資訊 {Count 2} {Type C } 
[4756] 2015/02/06 11:35:16.486 連線確認 E122828927 (21,21)
[4756] 2015/02/06 11:35:18.643 收到 Head 資訊 {Count 2} {Type C } 
[4756] 2015/02/06 11:35:58.312 收到 Head 資訊 {Count 2} {Type B } 
[4756] 2015/02/06 11:36:16.499 連線確認 E122828927 (21,21)
[4756] 2015/02/06 11:37:16.513 連線確認 E122828927 (21,21)
[4756] 2015/02/06 11:38:16.527 連線確認 E122828927 (21,21)
[4756] 2015/02/06 11:39:16.541 連線確認 E122828927 (21,21)
[4756] 2015/02/06 11:40:16.554 連線確認 E122828927 (21,21)
[4756] 2015/02/06 11:40:59.501 收到 Head 資訊 {Count 2} {Type B } 
[4756] 2015/02/06 11:41:16.567 連線確認 E122828927 (21,21)
[4756] 2015/02/06 11:42:16.581 連線確認 E122828927 (21,21)
[4756] 2015/02/06 11:43:16.595 連線確認 E122828927 (21,21)
[4756] 2015/02/06 11:44:16.608 連線確認 E122828927 (21,21)
[4756] 2015/02/06 11:45:16.621 連線確認 E122828927 (21,21)
[4756] 2015/02/06 11:46:00.130 收到 Head 資訊 {Count 2} {Type B } 
[4756] 2015/02/06 11:46:16.634 連線確認 E122828927 (21,21)
[4756] 2015/02/06 11:47:16.648 連線確認 E122828927 (21,21)
[4756] 2015/02/06 11:48:16.663 連線確認 E122828927 (21,21)
[4756] 2015/02/06 11:49:16.677 連線確認 E122828927 (21,21)
[4756] 2015/02/06 11:50:16.689 連線確認 E122828927 (21,21)
[4756] 2015/02/06 11:51:01.024 收到 Head 資訊 {Count 2} {Type B } 
[4756] 2015/02/06 11:51:16.703 連線確認 E122828927 (21,21)
[4756] 2015/02/06 11:52:16.717 連線確認 E122828927 (21,21)
[4756] 2015/02/06 11:52:18.715 收到 Head 資訊 {Count 2} {Type C } 
[4756] 2015/02/06 11:52:28.580 收到 Head 資訊 {Count 2} {Type C } 
[4756] 2015/02/06 11:52:38.651 收到 Head 資訊 {Count 2} {Type C } 
[4756] 2015/02/06 11:52:48.516 收到 Head 資訊 {Count 2} {Type C } 
[4756] 2015/02/06 11:52:58.619 收到 Head 資訊 {Count 2} {Type C } 
[4756] 2015/02/06 11:53:16.730 連線確認 E122828927 (21,21)
[4756] 2015/02/06 11:54:16.744 連線確認 E122828927 (21,21)
[4756] 2015/02/06 11:55:08.366 收到 Head 資訊 {Count 2} {Type C } 
[4756] 2015/02/06 11:55:16.757 連線確認 E122828927 (21,21)
[4756] 2015/02/06 11:56:01.980 收到 Head 資訊 {Count 2} {Type B } 
[4756] 2015/02/06 11:56:16.772 連線確認 E122828927 (21,21)
[4756] 2015/02/06 11:57:16.785 連線確認 E122828927 (21,21)
[4756] 2015/02/06 11:58:16.799 連線確認 E122828927 (21,21)
[4756] 2015/02/06 11:59:16.811 連線確認 E122828927 (21,21)
[4756] 2015/02/06 12:00:16.825 連線確認 E122828927 (21,21)
[4756] 2015/02/06 12:01:02.700 收到 Head 資訊 {Count 2} {Type B } 
[4756] 2015/02/06 12:01:16.839 連線確認 E122828927 (21,21)
[4756] 2015/02/06 12:02:16.852 連線確認 E122828927 (21,21)
[4756] 2015/02/06 12:03:16.865 連線確認 E122828927 (21,21)
[4756] 2015/02/06 12:04:16.880 連線確認 E122828927 (21,21)
[4756] 2015/02/06 12:05:16.893 連線確認 E122828927 (21,21)
[4756] 2015/02/06 12:06:03.837 收到 Head 資訊 {Count 2} {Type B } 
[4756] 2015/02/06 12:06:16.907 連線確認 E122828927 (21,21)
[4756] 2015/02/06 12:07:16.920 連線確認 E122828927 (21,21)
[4756] 2015/02/06 12:08:16.934 連線確認 E122828927 (21,21)
[4756] 2015/02/06 12:09:16.947 連線確認 E122828927 (21,21)
[4756] 2015/02/06 12:10:16.960 連線確認 E122828927 (21,21)
[4756] 2015/02/06 12:11:04.887 收到 Head 資訊 {Count 2} {Type B } 
[4756] 2015/02/06 12:11:16.975 連線確認 E122828927 (21,21)
[4756] 2015/02/06 12:12:08.545 收到 Head 資訊 {Count 2} {Type C } 
[4756] 2015/02/06 12:12:16.989 連線確認 E122828927 (21,21)
[4756] 2015/02/06 12:12:18.489 收到 Head 資訊 {Count 2} {Type C } 
[4756] 2015/02/06 12:12:28.517 收到 Head 資訊 {Count 2} {Type C } 
[4756] 2015/02/06 12:12:38.474 收到 Head 資訊 {Count 2} {Type C } 
[4756] 2015/02/06 12:12:48.521 收到 Head 資訊 {Count 2} {Type C } 
[4756] 2015/02/06 12:12:58.533 收到 Head 資訊 {Count 2} {Type C } 
[4756] 2015/02/06 12:13:08.425 收到 Head 資訊 {Count 2} {Type C } 
[4756] 2015/02/06 12:13:17.003 連線確認 E122828927 (21,21)
[4756] 2015/02/06 12:13:18.499 收到 Head 資訊 {Count 2} {Type C } 
[4756] 2015/02/06 12:13:28.551 收到 Head 資訊 {Count 2} {Type C } 
[4756] 2015/02/06 12:13:38.386 收到 Head 資訊 {Count 2} {Type C } 
[4756] 2015/02/06 12:13:48.369 收到 Head 資訊 {Count 2} {Type C } 
[4756] 2015/02/06 12:13:58.391 收到 Head 資訊 {Count 2} {Type C } 
[4756] 2015/02/06 12:14:08.464 收到 Head 資訊 {Count 2} {Type C } 
[4756] 2015/02/06 12:14:17.016 連線確認 E122828927 (21,21)
[4756] 2015/02/06 12:14:18.536 收到 Head 資訊 {Count 2} {Type C } 
[4756] 2015/02/06 12:14:28.392 收到 Head 資訊 {Count 2} {Type C } 
[4756] 2015/02/06 12:14:38.485 收到 Head 資訊 {Count 2} {Type C } 
[4756] 2015/02/06 12:14:48.512 收到 Head 資訊 {Count 2} {Type C } 
[4756] 2015/02/06 12:15:17.029 連線確認 E122828927 (21,21)
[4756] 2015/02/06 12:16:05.895 收到 Head 資訊 {Count 2} {Type B } 
[4756] 2015/02/06 12:16:17.044 連線確認 E122828927 (21,21)
[4756] 2015/02/06 12:17:17.056 連線確認 E122828927 (21,21)
[4756] 2015/02/06 12:18:17.069 連線確認 E122828927 (21,21)
[4756] 2015/02/06 12:19:17.084 連線確認 E122828927 (21,21)
[4756] 2015/02/06 12:20:17.097 連線確認 E122828927 (21,21)
[4756] 2015/02/06 12:21:07.073 收到 Head 資訊 {Count 2} {Type B } 
[4756] 2015/02/06 12:21:17.111 連線確認 E122828927 (21,21)
[4756] 2015/02/06 12:22:17.125 連線確認 E122828927 (21,21)
[4756] 2015/02/06 12:23:17.138 連線確認 E122828927 (21,21)
[4756] 2015/02/06 12:24:17.152 連線確認 E122828927 (21,21)
[4756] 2015/02/06 12:25:17.165 連線確認 E122828927 (21,21)
[4756] 2015/02/06 12:26:07.935 收到 Head 資訊 {Count 2} {Type B } 
[4756] 2015/02/06 12:26:17.179 連線確認 E122828927 (21,21)
[4756] 2015/02/06 12:27:17.192 連線確認 E122828927 (21,21)
[4756] 2015/02/06 12:28:17.205 連線確認 E122828927 (21,21)
[4756] 2015/02/06 12:29:17.220 連線確認 E122828927 (21,21)
[4756] 2015/02/06 12:30:17.233 連線確認 E122828927 (21,21)
[4756] 2015/02/06 12:31:17.247 連線確認 E122828927 (21,21)
[4756] 2015/02/06 12:31:18.955 收到 Head 資訊 {Count 2} {Type B } 
[4756] 2015/02/06 12:31:57.780 收到 Head 資訊 {Count 2} {Type C } 
[4756] 2015/02/06 12:32:07.660 收到 Head 資訊 {Count 2} {Type C } 
[4756] 2015/02/06 12:32:17.260 連線確認 E122828927 (21,21)
[4756] 2015/02/06 12:32:17.734 收到 Head 資訊 {Count 2} {Type C } 
[4756] 2015/02/06 12:32:27.846 收到 Head 資訊 {Count 2} {Type C } 
[4756] 2015/02/06 12:32:37.705 收到 Head 資訊 {Count 2} {Type C } 
[4756] 2015/02/06 12:33:17.274 連線確認 E122828927 (21,21)
[4756] 2015/02/06 12:34:17.287 連線確認 E122828927 (21,21)
[4756] 2015/02/06 12:35:07.602 收到 Head 資訊 {Count 2} {Type C } 
[4756] 2015/02/06 12:35:17.301 連線確認 E122828927 (21,21)
[4756] 2015/02/06 12:35:17.687 收到 Head 資訊 {Count 2} {Type C } 
[4756] 2015/02/06 12:35:27.548 收到 Head 資訊 {Count 2} {Type C } 
[4756] 2015/02/06 12:36:10.046 收到 Head 資訊 {Count 2} {Type B } 
[4756] 2015/02/06 12:36:17.314 連線確認 E122828927 (21,21)
[4756] 2015/02/06 12:37:17.328 連線確認 E122828927 (21,21)
[4756] 2015/02/06 12:38:17.342 連線確認 E122828927 (21,21)
[4756] 2015/02/06 12:39:17.355 連線確認 E122828927 (21,21)
[4756] 2015/02/06 12:40:17.369 連線確認 E122828927 (21,21)
[4756] 2015/02/06 12:41:10.892 收到 Head 資訊 {Count 2} {Type B } 
[4756] 2015/02/06 12:41:17.382 連線確認 E122828927 (21,21)
[4756] 2015/02/06 12:42:17.397 連線確認 E122828927 (21,21)
[4756] 2015/02/06 12:43:17.409 連線確認 E122828927 (21,21)
[4756] 2015/02/06 12:44:17.423 連線確認 E122828927 (21,21)
[4756] 2015/02/06 12:45:17.437 連線確認 E122828927 (21,21)
[4756] 2015/02/06 12:46:11.929 收到 Head 資訊 {Count 2} {Type B } 
[4756] 2015/02/06 12:46:17.449 連線確認 E122828927 (21,21)
[4756] 2015/02/06 12:47:17.464 連線確認 E122828927 (21,21)
[4756] 2015/02/06 12:48:17.477 連線確認 E122828927 (21,21)
[4756] 2015/02/06 12:49:17.490 連線確認 E122828927 (21,21)
[4756] 2015/02/06 12:50:17.504 連線確認 E122828927 (21,21)
[4756] 2015/02/06 12:51:13.203 收到 Head 資訊 {Count 2} {Type B } 
[4756] 2015/02/06 12:51:17.518 連線確認 E122828927 (21,21)
[4756] 2015/02/06 12:51:58.151 收到 Head 資訊 {Count 2} {Type C } 
[4756] 2015/02/06 12:52:08.220 收到 Head 資訊 {Count 2} {Type C } 
[4756] 2015/02/06 12:52:17.531 連線確認 E122828927 (21,21)
[4756] 2015/02/06 12:53:17.545 連線確認 E122828927 (21,21)
[4756] 2015/02/06 12:54:17.559 連線確認 E122828927 (21,21)
[4756] 2015/02/06 12:55:07.948 收到 Head 資訊 {Count 2} {Type C } 
[4756] 2015/02/06 12:55:17.573 連線確認 E122828927 (21,21)
[4756] 2015/02/06 12:56:14.260 收到 Head 資訊 {Count 2} {Type B } 
[4756] 2015/02/06 12:56:17.585 連線確認 E122828927 (21,21)
[4756] 2015/02/06 12:57:17.600 連線確認 E122828927 (21,21)
[4756] 2015/02/06 12:58:17.613 連線確認 E122828927 (21,21)
[4756] 2015/02/06 12:59:17.627 連線確認 E122828927 (21,21)
[4756] 2015/02/06 13:00:17.641 連線確認 E122828927 (21,21)
[4756] 2015/02/06 13:01:15.248 收到 Head 資訊 {Count 2} {Type B } 
[4756] 2015/02/06 13:01:17.653 連線確認 E122828927 (21,21)
[4756] 2015/02/06 13:02:17.668 連線確認 E122828927 (21,21)
[4756] 2015/02/06 13:03:17.681 連線確認 E122828927 (21,21)
[4756] 2015/02/06 13:04:17.694 連線確認 E122828927 (21,21)
[4756] 2015/02/06 13:05:17.709 連線確認 E122828927 (21,21)
[4756] 2015/02/06 13:06:16.155 收到 Head 資訊 {Count 2} {Type B } 
[4756] 2015/02/06 13:06:17.722 連線確認 E122828927 (21,21)
[4756] 2015/02/06 13:07:17.736 連線確認 E122828927 (21,21)
[4756] 2015/02/06 13:08:17.750 連線確認 E122828927 (21,21)
[4756] 2015/02/06 13:09:17.762 連線確認 E122828927 (21,21)
[4756] 2015/02/06 13:10:17.777 連線確認 E122828927 (21,21)
[4756] 2015/02/06 13:11:16.992 收到 Head 資訊 {Count 2} {Type B } 
[4756] 2015/02/06 13:11:17.790 連線確認 E122828927 (21,21)
[4756] 2015/02/06 13:11:58.168 收到 Head 資訊 {Count 2} {Type C } 
[4756] 2015/02/06 13:12:08.144 收到 Head 資訊 {Count 2} {Type C } 
[4756] 2015/02/06 13:12:17.804 連線確認 E122828927 (21,21)
[4756] 2015/02/06 13:12:18.127 收到 Head 資訊 {Count 2} {Type C } 
[4756] 2015/02/06 13:13:17.816 連線確認 E122828927 (21,21)
[4756] 2015/02/06 13:14:17.831 連線確認 E122828927 (21,21)
[4756] 2015/02/06 13:15:17.844 連線確認 E122828927 (21,21)
[4756] 2015/02/06 13:16:17.858 連線確認 E122828927 (21,21)
[4756] 2015/02/06 13:16:18.078 收到 Head 資訊 {Count 2} {Type B } 
[4756] 2015/02/06 13:17:07.766 API ExitInstance 
[1952] 2015/02/06 15:26:12.764 API InitInstance 
[1952] 2015/02/06 15:26:13.074 E122828927 連線 Code：0
[1952] 2015/02/06 15:26:14.082 收到 Head 資訊 {Count 2} {Type C } 
[1952] 2015/02/06 15:26:14.083 收到 Head 資訊 {Count 2} {Type C } 
[1952] 2015/02/06 15:26:14.084 收到 Head 資訊 {Count 2} {Type C } 
[1952] 2015/02/06 15:26:14.086 收到 Head 資訊 {Count 2} {Type C } 
[1952] 2015/02/06 15:26:14.087 收到 Head 資訊 {Count 2} {Type C } 
[1952] 2015/02/06 15:26:14.088 收到 Head 資訊 {Count 2} {Type C } 
[1952] 2015/02/06 15:26:14.089 收到 Head 資訊 {Count 2} {Type C } 
[1952] 2015/02/06 15:26:14.091 收到 Head 資訊 {Count 2} {Type C } 
[1952] 2015/02/06 15:26:14.092 收到 Head 資訊 {Count 2} {Type C } 
[1952] 2015/02/06 15:26:14.093 收到 Head 資訊 {Count 2} {Type C } 
[1952] 2015/02/06 15:26:14.094 收到 Head 資訊 {Count 2} {Type C } 
[1952] 2015/02/06 15:26:14.096 收到 Head 資訊 {Count 2} {Type C } 
[1952] 2015/02/06 15:26:14.097 收到 Head 資訊 {Count 2} {Type C } 
[1952] 2015/02/06 15:26:14.098 收到 Head 資訊 {Count 2} {Type C } 
[1952] 2015/02/06 15:26:14.099 收到 Head 資訊 {Count 2} {Type C } 
[1952] 2015/02/06 15:26:14.101 收到 Head 資訊 {Count 2} {Type C } 
[1952] 2015/02/06 15:26:14.102 收到 Head 資訊 {Count 2} {Type C } 
[1952] 2015/02/06 15:26:14.103 收到 Head 資訊 {Count 2} {Type C } 
[1952] 2015/02/06 15:26:14.104 收到 Head 資訊 {Count 2} {Type C } 
[1952] 2015/02/06 15:26:14.105 收到 Head 資訊 {Count 2} {Type C } 
[1952] 2015/02/06 15:26:14.107 收到 Head 資訊 {Count 2} {Type C } 
[1952] 2015/02/06 15:26:14.108 收到 Head 資訊 {Count 2} {Type C } 
[1952] 2015/02/06 15:26:14.109 收到 Head 資訊 {Count 2} {Type C } 
[1952] 2015/02/06 15:26:14.111 收到 Head 資訊 {Count 2} {Type C } 
[1952] 2015/02/06 15:26:14.112 收到 Head 資訊 {Count 2} {Type C } 
[1952] 2015/02/06 15:26:14.113 收到 Head 資訊 {Count 2} {Type C } 
[1952] 2015/02/06 15:26:14.114 收到 Head 資訊 {Count 2} {Type C } 
[1952] 2015/02/06 15:26:14.116 收到 Head 資訊 {Count 2} {Type C } 
[1952] 2015/02/06 15:26:14.117 收到 Head 資訊 {Count 2} {Type C } 
[1952] 2015/02/06 15:26:14.118 收到 Head 資訊 {Count 2} {Type C } 
[1952] 2015/02/06 15:26:14.120 收到 Head 資訊 {Count 2} {Type C } 
[1952] 2015/02/06 15:26:14.121 收到 Head 資訊 {Count 2} {Type C } 
[1952] 2015/02/06 15:26:14.122 收到 Head 資訊 {Count 2} {Type C } 
[1952] 2015/02/06 15:26:14.123 收到 Head 資訊 {Count 2} {Type C } 
[1952] 2015/02/06 15:26:14.125 收到 Head 資訊 {Count 2} {Type C } 
[1952] 2015/02/06 15:26:14.126 收到 Head 資訊 {Count 2} {Type C } 
[1952] 2015/02/06 15:26:14.127 收到 Head 資訊 {Count 2} {Type C } 
[1952] 2015/02/06 15:26:14.128 收到 Head 資訊 {Count 2} {Type C } 
[1952] 2015/02/06 15:26:14.130 收到 Head 資訊 {Count 2} {Type C } 
[1952] 2015/02/06 15:26:14.131 收到 Head 資訊 {Count 2} {Type C } 
[1952] 2015/02/06 15:26:14.132 收到 Head 資訊 {Count 2} {Type C } 
[1952] 2015/02/06 15:26:14.133 收到 Head 資訊 {Count 2} {Type C } 
[1952] 2015/02/06 15:26:14.135 收到 Head 資訊 {Count 2} {Type C } 
[1952] 2015/02/06 15:26:14.136 收到 Head 資訊 {Count 2} {Type C } 
[1952] 2015/02/06 15:26:14.137 收到 Head 資訊 {Count 2} {Type C } 
[1952] 2015/02/06 15:26:14.138 收到 Head 資訊 {Count 2} {Type C } 
[1952] 2015/02/06 15:26:14.139 收到 Head 資訊 {Count 2} {Type C } 
[1952] 2015/02/06 15:26:14.141 收到 Head 資訊 {Count 2} {Type C } 
[1952] 2015/02/06 15:26:14.142 收到 Head 資訊 {Count 2} {Type C } 
[1952] 2015/02/06 15:26:14.143 收到 Head 資訊 {Count 2} {Type C } 
[1952] 2015/02/06 15:26:14.144 收到 Head 資訊 {Count 2} {Type C } 
[1952] 2015/02/06 15:26:14.146 收到 Head 資訊 {Count 2} {Type C } 
[1952] 2015/02/06 15:26:14.147 收到 Head 資訊 {Count 2} {Type C } 
[1952] 2015/02/06 15:26:14.148 收到 Head 資訊 {Count 2} {Type C } 
[1952] 2015/02/06 15:26:14.149 收到 Head 資訊 {Count 2} {Type C } 
[1952] 2015/02/06 15:26:14.151 收到 Head 資訊 {Count 2} {Type C } 
[1952] 2015/02/06 15:26:14.152 收到 Head 資訊 {Count 2} {Type C } 
[1952] 2015/02/06 15:26:14.153 收到 Head 資訊 {Count 2} {Type C } 
[1952] 2015/02/06 15:26:14.154 收到 Head 資訊 {Count 2} {Type C } 
[1952] 2015/02/06 15:26:14.156 收到 Head 資訊 {Count 2} {Type C } 
[1952] 2015/02/06 15:26:14.157 收到 Head 資訊 {Count 2} {Type C } 
[1952] 2015/02/06 15:26:14.158 收到 Head 資訊 {Count 2} {Type C } 
[1952] 2015/02/06 15:26:14.159 收到 Head 資訊 {Count 2} {Type C } 
[1952] 2015/02/06 15:26:14.160 收到 Head 資訊 {Count 2} {Type C } 
[1952] 2015/02/06 15:26:14.162 收到 Head 資訊 {Count 2} {Type C } 
[1952] 2015/02/06 15:26:14.163 收到 Head 資訊 {Count 2} {Type C } 
[1952] 2015/02/06 15:26:14.164 收到 Head 資訊 {Count 2} {Type C } 
[1952] 2015/02/06 15:26:14.165 收到 Head 資訊 {Count 2} {Type C } 
[1952] 2015/02/06 15:26:14.166 收到 Head 資訊 {Count 2} {Type C } 
[1952] 2015/02/06 15:26:14.168 收到 Head 資訊 {Count 2} {Type C } 
[1952] 2015/02/06 15:26:14.169 收到 Head 資訊 {Count 2} {Type C } 
[1952] 2015/02/06 15:26:14.170 收到 Head 資訊 {Count 2} {Type C } 
[1952] 2015/02/06 15:26:14.171 收到 Head 資訊 {Count 2} {Type C } 
[1952] 2015/02/06 15:26:14.173 收到 Head 資訊 {Count 2} {Type C } 
[1952] 2015/02/06 15:26:14.174 收到 Head 資訊 {Count 2} {Type C } 
[1952] 2015/02/06 15:26:14.175 收到 Head 資訊 {Count 2} {Type C } 
[1952] 2015/02/06 15:26:14.176 收到 Head 資訊 {Count 2} {Type C } 
[1952] 2015/02/06 15:26:14.177 收到 Head 資訊 {Count 2} {Type C } 
[1952] 2015/02/06 15:26:14.179 收到 Head 資訊 {Count 2} {Type C } 
[1952] 2015/02/06 15:26:14.180 收到 Head 資訊 {Count 2} {Type C } 
[1952] 2015/02/06 15:26:14.181 收到 Head 資訊 {Count 2} {Type C } 
[1952] 2015/02/06 15:26:14.182 收到 Head 資訊 {Count 2} {Type C } 
[1952] 2015/02/06 15:26:14.184 收到 Head 資訊 {Count 2} {Type C } 
[1952] 2015/02/06 15:26:14.185 收到 Head 資訊 {Count 2} {Type C } 
[1952] 2015/02/06 15:26:14.186 收到 Head 資訊 {Count 2} {Type C } 
[1952] 2015/02/06 15:26:14.187 收到 Head 資訊 {Count 2} {Type C } 
[1952] 2015/02/06 15:26:14.189 收到 Head 資訊 {Count 2} {Type C } 
[1952] 2015/02/06 15:26:14.190 收到 Head 資訊 {Count 2} {Type C } 
[1952] 2015/02/06 15:26:14.191 收到 Head 資訊 {Count 2} {Type C } 
[1952] 2015/02/06 15:26:14.195 收到 Head 資訊 {Count 2} {Type C } 
[1952] 2015/02/06 15:26:14.197 收到 Head 資訊 {Count 2} {Type C } 
[1952] 2015/02/06 15:26:14.198 收到 Head 資訊 {Count 2} {Type C } 
[1952] 2015/02/06 15:26:14.199 收到 Head 資訊 {Count 2} {Type C } 
[1952] 2015/02/06 15:26:14.200 收到 Head 資訊 {Count 2} {Type C } 
[1952] 2015/02/06 15:26:14.202 收到 Head 資訊 {Count 2} {Type C } 
[1952] 2015/02/06 15:26:14.203 收到 Head 資訊 {Count 2} {Type C } 
[1952] 2015/02/06 15:26:14.204 收到 Head 資訊 {Count 2} {Type C } 
[1952] 2015/02/06 15:26:14.205 收到 Head 資訊 {Count 2} {Type C } 
[1952] 2015/02/06 15:26:14.206 收到 Head 資訊 {Count 2} {Type C } 
[1952] 2015/02/06 15:26:14.208 收到 Head 資訊 {Count 2} {Type C } 
[1952] 2015/02/06 15:26:14.209 收到 Head 資訊 {Count 2} {Type C } 
[1952] 2015/02/06 15:26:14.210 收到 Head 資訊 {Count 2} {Type C } 
[1952] 2015/02/06 15:26:14.211 收到 Head 資訊 {Count 2} {Type C } 
[1952] 2015/02/06 15:26:14.213 收到 Head 資訊 {Count 2} {Type C } 
[1952] 2015/02/06 15:26:14.214 收到 Head 資訊 {Count 2} {Type C } 
[1952] 2015/02/06 15:26:14.215 收到 Head 資訊 {Count 2} {Type C } 
[1952] 2015/02/06 15:26:14.216 收到 Head 資訊 {Count 2} {Type C } 
[1952] 2015/02/06 15:26:14.217 收到 Head 資訊 {Count 2} {Type C } 
[1952] 2015/02/06 15:26:14.219 收到 Head 資訊 {Count 2} {Type C } 
[1952] 2015/02/06 15:26:14.220 收到 Head 資訊 {Count 2} {Type C } 
[1952] 2015/02/06 15:26:14.221 收到 Head 資訊 {Count 2} {Type C } 
[1952] 2015/02/06 15:26:14.222 收到 Head 資訊 {Count 2} {Type C } 
[1952] 2015/02/06 15:26:14.224 收到 Head 資訊 {Count 2} {Type C } 
[1952] 2015/02/06 15:26:14.225 收到 Head 資訊 {Count 2} {Type C } 
[1952] 2015/02/06 15:26:14.226 收到 Head 資訊 {Count 2} {Type C } 
[1952] 2015/02/06 15:26:14.227 收到 Head 資訊 {Count 2} {Type C } 
[1952] 2015/02/06 15:26:14.228 收到 Head 資訊 {Count 2} {Type C } 
[1952] 2015/02/06 15:26:14.230 收到 Head 資訊 {Count 2} {Type C } 
[1952] 2015/02/06 15:26:14.231 收到 Head 資訊 {Count 2} {Type C } 
[1952] 2015/02/06 15:26:14.232 收到 Head 資訊 {Count 2} {Type C } 
[1952] 2015/02/06 15:26:14.233 收到 Head 資訊 {Count 2} {Type C } 
[1952] 2015/02/06 15:26:14.235 收到 Head 資訊 {Count 2} {Type C } 
[1952] 2015/02/06 15:26:14.236 收到 Head 資訊 {Count 2} {Type C } 
[1952] 2015/02/06 15:26:14.237 收到 Head 資訊 {Count 2} {Type C } 
[1952] 2015/02/06 15:26:14.238 收到 Head 資訊 {Count 2} {Type C } 
[1952] 2015/02/06 15:26:14.239 收到 Head 資訊 {Count 2} {Type C } 
[1952] 2015/02/06 15:26:14.241 收到 Head 資訊 {Count 2} {Type C } 
[1952] 2015/02/06 15:26:14.242 收到 Head 資訊 {Count 2} {Type C } 
[1952] 2015/02/06 15:26:14.243 收到 Head 資訊 {Count 2} {Type C } 
[1952] 2015/02/06 15:26:14.244 收到 Head 資訊 {Count 2} {Type C } 
[1952] 2015/02/06 15:26:14.246 收到 Head 資訊 {Count 2} {Type C } 
[1952] 2015/02/06 15:26:14.247 收到 Head 資訊 {Count 2} {Type C } 
[1952] 2015/02/06 15:26:14.248 收到 Head 資訊 {Count 2} {Type C } 
[1952] 2015/02/06 15:26:14.249 收到 Head 資訊 {Count 2} {Type C } 
[1952] 2015/02/06 15:26:14.251 收到 Head 資訊 {Count 2} {Type C } 
[1952] 2015/02/06 15:26:14.252 收到 Head 資訊 {Count 2} {Type C } 
[1952] 2015/02/06 15:26:14.253 收到 Head 資訊 {Count 2} {Type C } 
[1952] 2015/02/06 15:26:14.254 收到 Head 資訊 {Count 2} {Type C } 
[1952] 2015/02/06 15:26:14.255 收到 Head 資訊 {Count 2} {Type C } 
[1952] 2015/02/06 15:26:14.257 收到 Head 資訊 {Count 2} {Type C } 
[1952] 2015/02/06 15:26:14.258 收到 Head 資訊 {Count 2} {Type C } 
[1952] 2015/02/06 15:26:14.259 收到 Head 資訊 {Count 2} {Type C } 
[1952] 2015/02/06 15:26:14.260 收到 Head 資訊 {Count 2} {Type C } 
[1952] 2015/02/06 15:26:14.262 收到 Head 資訊 {Count 2} {Type C } 
[1952] 2015/02/06 15:26:14.263 收到 Head 資訊 {Count 2} {Type C } 
[1952] 2015/02/06 15:26:14.264 收到 Head 資訊 {Count 2} {Type C } 
[1952] 2015/02/06 15:26:14.265 收到 Head 資訊 {Count 2} {Type C } 
[1952] 2015/02/06 15:26:14.266 收到 Head 資訊 {Count 2} {Type C } 
[1952] 2015/02/06 15:26:14.268 收到 Head 資訊 {Count 2} {Type C } 
[1952] 2015/02/06 15:26:14.269 收到 Head 資訊 {Count 2} {Type C } 
[1952] 2015/02/06 15:26:14.270 收到 Head 資訊 {Count 2} {Type C } 
[1952] 2015/02/06 15:26:14.271 收到 Head 資訊 {Count 2} {Type C } 
[1952] 2015/02/06 15:26:14.272 收到 Head 資訊 {Count 2} {Type C } 
[1952] 2015/02/06 15:26:14.274 收到 Head 資訊 {Count 2} {Type C } 
[1952] 2015/02/06 15:26:14.275 收到 Head 資訊 {Count 2} {Type C } 
[1952] 2015/02/06 15:26:14.277 收到 Head 資訊 {Count 2} {Type C } 
[1952] 2015/02/06 15:26:14.278 收到 Head 資訊 {Count 2} {Type C } 
[1952] 2015/02/06 15:26:14.279 收到 Head 資訊 {Count 2} {Type C } 
[1952] 2015/02/06 15:26:14.280 收到 Head 資訊 {Count 2} {Type C } 
[1952] 2015/02/06 15:26:14.282 收到 Head 資訊 {Count 2} {Type C } 
[1952] 2015/02/06 15:26:14.283 收到 Head 資訊 {Count 2} {Type C } 
[1952] 2015/02/06 15:26:14.284 收到 Head 資訊 {Count 2} {Type C } 
[1952] 2015/02/06 15:26:14.286 收到 Head 資訊 {Count 2} {Type C } 
[1952] 2015/02/06 15:26:14.287 收到 Head 資訊 {Count 2} {Type C } 
[1952] 2015/02/06 15:26:14.288 收到 Head 資訊 {Count 2} {Type C } 
[1952] 2015/02/06 15:26:14.290 收到 Head 資訊 {Count 2} {Type C } 
[1952] 2015/02/06 15:26:14.291 收到 Head 資訊 {Count 2} {Type C } 
[1952] 2015/02/06 15:26:14.292 收到 Head 資訊 {Count 2} {Type C } 
[1952] 2015/02/06 15:26:14.294 收到 Head 資訊 {Count 2} {Type C } 
[1952] 2015/02/06 15:26:14.295 收到 Head 資訊 {Count 2} {Type C } 
[1952] 2015/02/06 15:26:14.296 收到 Head 資訊 {Count 2} {Type C } 
[1952] 2015/02/06 15:26:14.298 收到 Head 資訊 {Count 2} {Type C } 
[1952] 2015/02/06 15:26:14.299 收到 Head 資訊 {Count 2} {Type C } 
[1952] 2015/02/06 15:26:14.300 收到 Head 資訊 {Count 2} {Type C } 
[1952] 2015/02/06 15:26:14.301 收到 Head 資訊 {Count 2} {Type C } 
[1952] 2015/02/06 15:26:14.303 收到 Head 資訊 {Count 2} {Type C } 
[1952] 2015/02/06 15:26:14.304 收到 Head 資訊 {Count 2} {Type C } 
[1952] 2015/02/06 15:26:14.305 收到 Head 資訊 {Count 2} {Type C } 
[1952] 2015/02/06 15:26:14.307 收到 Head 資訊 {Count 2} {Type C } 
[1952] 2015/02/06 15:26:14.308 收到 Head 資訊 {Count 2} {Type C } 
[1952] 2015/02/06 15:26:14.309 收到 Head 資訊 {Count 2} {Type C } 
[1952] 2015/02/06 15:26:14.311 收到 Head 資訊 {Count 2} {Type C } 
[1952] 2015/02/06 15:26:14.312 收到 Head 資訊 {Count 2} {Type C } 
[1952] 2015/02/06 15:26:14.313 收到 Head 資訊 {Count 2} {Type C } 
[1952] 2015/02/06 15:26:14.315 收到 Head 資訊 {Count 2} {Type C } 
[1952] 2015/02/06 15:26:14.316 收到 Head 資訊 {Count 2} {Type C } 
[1952] 2015/02/06 15:26:14.318 收到 Head 資訊 {Count 2} {Type C } 
[1952] 2015/02/06 15:26:14.319 收到 Head 資訊 {Count 2} {Type C } 
[1952] 2015/02/06 15:26:14.320 收到 Head 資訊 {Count 2} {Type C } 
[1952] 2015/02/06 15:26:14.322 收到 Head 資訊 {Count 2} {Type C } 
[1952] 2015/02/06 15:26:14.323 收到 Head 資訊 {Count 2} {Type C } 
[1952] 2015/02/06 15:26:14.324 收到 Head 資訊 {Count 2} {Type C } 
[1952] 2015/02/06 15:26:14.326 收到 Head 資訊 {Count 2} {Type C } 
[1952] 2015/02/06 15:26:14.327 收到 Head 資訊 {Count 2} {Type C } 
[1952] 2015/02/06 15:26:14.328 收到 Head 資訊 {Count 2} {Type C } 
[1952] 2015/02/06 15:26:14.329 收到 Head 資訊 {Count 2} {Type C } 
[1952] 2015/02/06 15:26:14.331 收到 Head 資訊 {Count 2} {Type C } 
[1952] 2015/02/06 15:26:14.332 收到 Head 資訊 {Count 2} {Type C } 
[1952] 2015/02/06 15:26:14.333 收到 Head 資訊 {Count 2} {Type C } 
[1952] 2015/02/06 15:26:14.335 收到 Head 資訊 {Count 2} {Type C } 
[1952] 2015/02/06 15:26:14.336 收到 Head 資訊 {Count 2} {Type C } 
[1952] 2015/02/06 15:26:14.337 收到 Head 資訊 {Count 2} {Type C } 
[1952] 2015/02/06 15:26:14.339 收到 Head 資訊 {Count 2} {Type C } 
[1952] 2015/02/06 15:26:14.340 收到 Head 資訊 {Count 2} {Type C } 
[1952] 2015/02/06 15:26:14.341 收到 Head 資訊 {Count 2} {Type C } 
[1952] 2015/02/06 15:26:14.343 收到 Head 資訊 {Count 2} {Type C } 
[1952] 2015/02/06 15:26:14.344 收到 Head 資訊 {Count 2} {Type C } 
[1952] 2015/02/06 15:26:14.345 收到 Head 資訊 {Count 2} {Type C } 
[1952] 2015/02/06 15:26:14.346 收到 Head 資訊 {Count 2} {Type C } 
[1952] 2015/02/06 15:26:14.348 收到 Head 資訊 {Count 2} {Type C } 
[1952] 2015/02/06 15:26:14.349 收到 Head 資訊 {Count 2} {Type C } 
[1952] 2015/02/06 15:26:14.350 收到 Head 資訊 {Count 2} {Type C } 
[1952] 2015/02/06 15:26:14.352 收到 Head 資訊 {Count 2} {Type C } 
[1952] 2015/02/06 15:26:14.353 收到 Head 資訊 {Count 2} {Type C } 
[1952] 2015/02/06 15:26:14.355 收到 Head 資訊 {Count 2} {Type C } 
[1952] 2015/02/06 15:26:14.356 收到 Head 資訊 {Count 2} {Type C } 
[1952] 2015/02/06 15:26:14.357 收到 Head 資訊 {Count 2} {Type C } 
[1952] 2015/02/06 15:26:14.359 收到 Head 資訊 {Count 2} {Type C } 
[1952] 2015/02/06 15:26:14.360 收到 Head 資訊 {Count 2} {Type C } 
[1952] 2015/02/06 15:26:14.361 收到 Head 資訊 {Count 2} {Type C } 
[1952] 2015/02/06 15:26:14.363 收到 Head 資訊 {Count 2} {Type C } 
[1952] 2015/02/06 15:26:14.364 收到 Head 資訊 {Count 2} {Type C } 
[1952] 2015/02/06 15:26:14.366 收到 Head 資訊 {Count 2} {Type C } 
[1952] 2015/02/06 15:26:14.367 收到 Head 資訊 {Count 2} {Type C } 
[1952] 2015/02/06 15:26:14.368 收到 Head 資訊 {Count 2} {Type C } 
[1952] 2015/02/06 15:26:14.370 收到 Head 資訊 {Count 2} {Type C } 
[1952] 2015/02/06 15:26:14.371 收到 Head 資訊 {Count 2} {Type C } 
[1952] 2015/02/06 15:26:14.373 收到 Head 資訊 {Count 2} {Type C } 
[1952] 2015/02/06 15:26:14.374 收到 Head 資訊 {Count 2} {Type C } 
[1952] 2015/02/06 15:26:14.375 收到 Head 資訊 {Count 2} {Type C } 
[1952] 2015/02/06 15:26:14.377 收到 Head 資訊 {Count 2} {Type C } 
[1952] 2015/02/06 15:26:14.378 收到 Head 資訊 {Count 2} {Type C } 
[1952] 2015/02/06 15:26:14.380 收到 Head 資訊 {Count 2} {Type C } 
[1952] 2015/02/06 15:26:14.381 收到 Head 資訊 {Count 2} {Type C } 
[1952] 2015/02/06 15:26:14.382 收到 Head 資訊 {Count 2} {Type C } 
[1952] 2015/02/06 15:26:14.384 收到 Head 資訊 {Count 2} {Type C } 
[1952] 2015/02/06 15:26:14.385 收到 Head 資訊 {Count 2} {Type C } 
[1952] 2015/02/06 15:26:14.386 收到 Head 資訊 {Count 2} {Type C } 
[1952] 2015/02/06 15:26:14.388 收到 Head 資訊 {Count 2} {Type C } 
[1952] 2015/02/06 15:26:14.389 收到 Head 資訊 {Count 2} {Type C } 
[1952] 2015/02/06 15:26:14.390 收到 Head 資訊 {Count 2} {Type C } 
[1952] 2015/02/06 15:26:14.392 收到 Head 資訊 {Count 2} {Type C } 
[1952] 2015/02/06 15:26:14.393 收到 Head 資訊 {Count 2} {Type C } 
[1952] 2015/02/06 15:26:14.394 收到 Head 資訊 {Count 2} {Type C } 
[1952] 2015/02/06 15:26:14.396 收到 Head 資訊 {Count 2} {Type C } 
[1952] 2015/02/06 15:26:14.397 收到 Head 資訊 {Count 2} {Type C } 
[1952] 2015/02/06 15:26:14.399 收到 Head 資訊 {Count 2} {Type C } 
[1952] 2015/02/06 15:26:14.400 收到 Head 資訊 {Count 2} {Type C } 
[1952] 2015/02/06 15:26:14.402 收到 Head 資訊 {Count 2} {Type C } 
[1952] 2015/02/06 15:26:14.403 收到 Head 資訊 {Count 2} {Type C } 
[1952] 2015/02/06 15:26:14.405 收到 Head 資訊 {Count 2} {Type C } 
[1952] 2015/02/06 15:26:14.406 收到 Head 資訊 {Count 2} {Type C } 
[1952] 2015/02/06 15:26:14.407 收到 Head 資訊 {Count 2} {Type C } 
[1952] 2015/02/06 15:26:14.409 收到 Head 資訊 {Count 2} {Type C } 
[1952] 2015/02/06 15:26:14.410 收到 Head 資訊 {Count 2} {Type C } 
[1952] 2015/02/06 15:26:14.411 收到 Head 資訊 {Count 2} {Type C } 
[1952] 2015/02/06 15:26:14.413 收到 Head 資訊 {Count 2} {Type C } 
[1952] 2015/02/06 15:26:14.414 收到 Head 資訊 {Count 2} {Type C } 
[1952] 2015/02/06 15:26:14.415 收到 Head 資訊 {Count 2} {Type C } 
[1952] 2015/02/06 15:26:14.417 收到 Head 資訊 {Count 2} {Type C } 
[1952] 2015/02/06 15:26:14.418 收到 Head 資訊 {Count 2} {Type C } 
[1952] 2015/02/06 15:26:14.419 收到 Head 資訊 {Count 2} {Type C } 
[1952] 2015/02/06 15:26:14.421 收到 Head 資訊 {Count 2} {Type C } 
[1952] 2015/02/06 15:26:14.422 收到 Head 資訊 {Count 2} {Type C } 
[1952] 2015/02/06 15:26:14.423 收到 Head 資訊 {Count 2} {Type C } 
[1952] 2015/02/06 15:26:14.425 收到 Head 資訊 {Count 2} {Type C } 
[1952] 2015/02/06 15:26:14.426 收到 Head 資訊 {Count 2} {Type C } 
[1952] 2015/02/06 15:26:14.427 收到 Head 資訊 {Count 2} {Type C } 
[1952] 2015/02/06 15:26:14.429 收到 Head 資訊 {Count 2} {Type C } 
[1952] 2015/02/06 15:26:14.430 收到 Head 資訊 {Count 2} {Type C } 
[1952] 2015/02/06 15:26:14.432 收到 Head 資訊 {Count 2} {Type C } 
[1952] 2015/02/06 15:26:14.433 收到 Head 資訊 {Count 2} {Type C } 
[1952] 2015/02/06 15:26:14.434 收到 Head 資訊 {Count 2} {Type C } 
[1952] 2015/02/06 15:26:14.436 收到 Head 資訊 {Count 2} {Type C } 
[1952] 2015/02/06 15:26:14.437 收到 Head 資訊 {Count 2} {Type C } 
[1952] 2015/02/06 15:26:14.439 收到 Head 資訊 {Count 2} {Type C } 
[1952] 2015/02/06 15:26:14.440 收到 Head 資訊 {Count 2} {Type C } 
[1952] 2015/02/06 15:26:14.441 收到 Head 資訊 {Count 2} {Type C } 
[1952] 2015/02/06 15:26:14.443 收到 Head 資訊 {Count 2} {Type C } 
[1952] 2015/02/06 15:26:14.444 收到 Head 資訊 {Count 2} {Type C } 
[1952] 2015/02/06 15:26:14.445 收到 Head 資訊 {Count 2} {Type C } 
[1952] 2015/02/06 15:26:14.447 收到 Head 資訊 {Count 2} {Type C } 
[1952] 2015/02/06 15:26:14.448 收到 Head 資訊 {Count 2} {Type C } 
[1952] 2015/02/06 15:26:14.449 收到 Head 資訊 {Count 2} {Type C } 
[1952] 2015/02/06 15:26:14.451 收到 Head 資訊 {Count 2} {Type C } 
[1952] 2015/02/06 15:26:14.452 收到 Head 資訊 {Count 2} {Type C } 
[1952] 2015/02/06 15:26:14.454 收到 Head 資訊 {Count 2} {Type C } 
[1952] 2015/02/06 15:26:14.455 收到 Head 資訊 {Count 2} {Type C } 
[1952] 2015/02/06 15:26:14.456 收到 Head 資訊 {Count 2} {Type C } 
[1952] 2015/02/06 15:26:14.458 收到 Head 資訊 {Count 2} {Type C } 
[1952] 2015/02/06 15:26:14.459 收到 Head 資訊 {Count 2} {Type C } 
[1952] 2015/02/06 15:26:14.460 收到 Head 資訊 {Count 2} {Type C } 
[1952] 2015/02/06 15:26:14.462 收到 Head 資訊 {Count 2} {Type C } 
[1952] 2015/02/06 15:26:14.463 收到 Head 資訊 {Count 2} {Type C } 
[1952] 2015/02/06 15:26:14.465 收到 Head 資訊 {Count 2} {Type C } 
[1952] 2015/02/06 15:26:14.466 收到 Head 資訊 {Count 2} {Type C } 
[1952] 2015/02/06 15:26:14.467 收到 Head 資訊 {Count 2} {Type C } 
[1952] 2015/02/06 15:26:14.469 收到 Head 資訊 {Count 2} {Type C } 
[1952] 2015/02/06 15:26:14.470 收到 Head 資訊 {Count 2} {Type C } 
[1952] 2015/02/06 15:26:14.471 收到 Head 資訊 {Count 2} {Type C } 
[1952] 2015/02/06 15:26:14.473 收到 Head 資訊 {Count 2} {Type C } 
[1952] 2015/02/06 15:26:14.474 收到 Head 資訊 {Count 2} {Type C } 
[1952] 2015/02/06 15:26:14.476 收到 Head 資訊 {Count 2} {Type C } 
[1952] 2015/02/06 15:26:14.477 收到 Head 資訊 {Count 2} {Type C } 
[1952] 2015/02/06 15:26:14.479 收到 Head 資訊 {Count 2} {Type C } 
[1952] 2015/02/06 15:26:14.480 收到 Head 資訊 {Count 2} {Type C } 
[1952] 2015/02/06 15:26:14.482 收到 Head 資訊 {Count 2} {Type C } 
[1952] 2015/02/06 15:26:14.483 收到 Head 資訊 {Count 2} {Type C } 
[1952] 2015/02/06 15:26:14.484 收到 Head 資訊 {Count 2} {Type C } 
[1952] 2015/02/06 15:26:14.485 收到 Head 資訊 {Count 2} {Type C } 
[1952] 2015/02/06 15:26:14.487 收到 Head 資訊 {Count 2} {Type C } 
[1952] 2015/02/06 15:26:14.488 收到 Head 資訊 {Count 2} {Type C } 
[1952] 2015/02/06 15:26:14.490 收到 Head 資訊 {Count 2} {Type C } 
[1952] 2015/02/06 15:26:14.491 收到 Head 資訊 {Count 2} {Type C } 
[1952] 2015/02/06 15:26:14.493 收到 Head 資訊 {Count 2} {Type C } 
[1952] 2015/02/06 15:26:14.494 收到 Head 資訊 {Count 2} {Type C } 
[1952] 2015/02/06 15:26:14.495 收到 Head 資訊 {Count 2} {Type C } 
[1952] 2015/02/06 15:26:14.497 收到 Head 資訊 {Count 2} {Type C } 
[1952] 2015/02/06 15:26:14.498 收到 Head 資訊 {Count 2} {Type C } 
[1952] 2015/02/06 15:26:14.500 收到 Head 資訊 {Count 2} {Type C } 
[1952] 2015/02/06 15:26:14.501 收到 Head 資訊 {Count 2} {Type C } 
[1952] 2015/02/06 15:26:14.502 收到 Head 資訊 {Count 2} {Type C } 
[1952] 2015/02/06 15:26:14.504 收到 Head 資訊 {Count 2} {Type C } 
[1952] 2015/02/06 15:26:14.505 收到 Head 資訊 {Count 2} {Type C } 
[1952] 2015/02/06 15:26:14.506 收到 Head 資訊 {Count 2} {Type C } 
[1952] 2015/02/06 15:26:14.508 收到 Head 資訊 {Count 2} {Type C } 
[1952] 2015/02/06 15:26:14.509 收到 Head 資訊 {Count 2} {Type C } 
[1952] 2015/02/06 15:26:14.511 收到 Head 資訊 {Count 2} {Type C } 
[1952] 2015/02/06 15:26:14.512 收到 Head 資訊 {Count 2} {Type C } 
[1952] 2015/02/06 15:26:14.514 收到 Head 資訊 {Count 2} {Type C } 
[1952] 2015/02/06 15:26:14.515 收到 Head 資訊 {Count 2} {Type C } 
[1952] 2015/02/06 15:26:14.516 收到 Head 資訊 {Count 2} {Type C } 
[1952] 2015/02/06 15:26:14.518 收到 Head 資訊 {Count 2} {Type C } 
[1952] 2015/02/06 15:26:14.519 收到 Head 資訊 {Count 2} {Type C } 
[1952] 2015/02/06 15:26:14.520 收到 Head 資訊 {Count 2} {Type C } 
[1952] 2015/02/06 15:26:14.522 收到 Head 資訊 {Count 2} {Type C } 
[1952] 2015/02/06 15:26:14.523 收到 Head 資訊 {Count 2} {Type C } 
[1952] 2015/02/06 15:26:14.525 收到 Head 資訊 {Count 2} {Type C } 
[1952] 2015/02/06 15:26:14.526 收到 Head 資訊 {Count 2} {Type C } 
[1952] 2015/02/06 15:26:14.527 收到 Head 資訊 {Count 2} {Type C } 
[1952] 2015/02/06 15:26:14.529 收到 Head 資訊 {Count 2} {Type C } 
[1952] 2015/02/06 15:26:14.530 收到 Head 資訊 {Count 2} {Type C } 
[1952] 2015/02/06 15:26:14.532 收到 Head 資訊 {Count 2} {Type C } 
[1952] 2015/02/06 15:26:14.533 收到 Head 資訊 {Count 2} {Type B } 
[1952] 2015/02/06 15:27:13.040 連線確認 E122828927 (21,21)
[1952] 2015/02/06 15:28:13.052 連線確認 E122828927 (21,21)
[1952] 2015/02/06 15:29:13.066 連線確認 E122828927 (21,21)
[1952] 2015/02/06 15:30:13.079 連線確認 E122828927 (21,21)
[1952] 2015/02/06 15:31:13.093 連線確認 E122828927 (21,21)
[1952] 2015/02/06 15:31:14.950 收到 Head 資訊 {Count 2} {Type B } 
[1952] 2015/02/06 15:32:13.106 連線確認 E122828927 (21,21)
[1952] 2015/02/06 15:32:15.675 收到 Head 資訊 {Count 2} {Type C } 
[1952] 2015/02/06 15:32:25.668 收到 Head 資訊 {Count 2} {Type C } 
[1952] 2015/02/06 15:32:35.712 收到 Head 資訊 {Count 2} {Type C } 
[1952] 2015/02/06 15:32:45.711 收到 Head 資訊 {Count 2} {Type C } 
[1952] 2015/02/06 15:32:55.673 收到 Head 資訊 {Count 2} {Type C } 
[1952] 2015/02/06 15:33:05.705 收到 Head 資訊 {Count 2} {Type C } 
[1952] 2015/02/06 15:33:13.120 連線確認 E122828927 (21,21)
[1952] 2015/02/06 15:33:15.679 收到 Head 資訊 {Count 2} {Type C } 
[1952] 2015/02/06 15:34:13.134 連線確認 E122828927 (21,21)
[1952] 2015/02/06 15:35:13.147 連線確認 E122828927 (21,21)
[1952] 2015/02/06 15:36:13.160 連線確認 E122828927 (21,21)
[1952] 2015/02/06 15:36:15.955 收到 Head 資訊 {Count 2} {Type B } 
[1952] 2015/02/06 15:37:13.174 連線確認 E122828927 (21,21)
[1952] 2015/02/06 15:38:13.187 連線確認 E122828927 (21,21)
[1952] 2015/02/06 15:39:13.202 連線確認 E122828927 (21,21)
[1952] 2015/02/06 15:40:13.215 連線確認 E122828927 (21,21)
[1952] 2015/02/06 15:41:13.229 連線確認 E122828927 (21,21)
[1952] 2015/02/06 15:41:17.014 收到 Head 資訊 {Count 2} {Type B } 
[1952] 2015/02/06 15:42:13.243 連線確認 E122828927 (21,21)
[1952] 2015/02/06 15:43:13.257 連線確認 E122828927 (21,21)
[1952] 2015/02/06 15:44:13.271 連線確認 E122828927 (21,21)
[1952] 2015/02/06 15:45:13.282 連線確認 E122828927 (21,21)
[1952] 2015/02/06 15:46:13.296 連線確認 E122828927 (21,21)
[1952] 2015/02/06 15:46:17.968 收到 Head 資訊 {Count 2} {Type B } 
[1952] 2015/02/06 15:47:13.309 連線確認 E122828927 (21,21)
[1952] 2015/02/06 15:48:13.324 連線確認 E122828927 (21,21)
[1952] 2015/02/06 15:49:13.337 連線確認 E122828927 (21,21)
[1952] 2015/02/06 15:50:13.351 連線確認 E122828927 (21,21)
[1952] 2015/02/06 15:51:13.364 連線確認 E122828927 (21,21)
[1952] 2015/02/06 15:51:19.903 收到 Head 資訊 {Count 2} {Type B } 
[1952] 2015/02/06 15:51:46.726 收到 Head 資訊 {Count 2} {Type C } 
[1952] 2015/02/06 15:51:56.710 收到 Head 資訊 {Count 2} {Type C } 
[1952] 2015/02/06 15:52:06.715 收到 Head 資訊 {Count 2} {Type C } 
[1952] 2015/02/06 15:52:13.378 連線確認 E122828927 (21,21)
[1952] 2015/02/06 15:52:16.723 收到 Head 資訊 {Count 2} {Type C } 
[1952] 2015/02/06 15:52:26.708 收到 Head 資訊 {Count 2} {Type C } 
[1952] 2015/02/06 15:52:36.703 收到 Head 資訊 {Count 2} {Type C } 
[1952] 2015/02/06 15:52:46.736 收到 Head 資訊 {Count 2} {Type C } 
[1952] 2015/02/06 15:52:56.726 收到 Head 資訊 {Count 2} {Type C } 
[1952] 2015/02/06 15:53:06.730 收到 Head 資訊 {Count 2} {Type C } 
[1952] 2015/02/06 15:53:13.391 連線確認 E122828927 (21,21)
[1952] 2015/02/06 15:53:16.743 收到 Head 資訊 {Count 2} {Type C } 
[1952] 2015/02/06 15:53:26.720 收到 Head 資訊 {Count 2} {Type C } 
[1952] 2015/02/06 15:53:36.714 收到 Head 資訊 {Count 2} {Type C } 
[1952] 2015/02/06 15:53:46.730 收到 Head 資訊 {Count 2} {Type C } 
[1952] 2015/02/06 15:53:56.732 收到 Head 資訊 {Count 2} {Type C } 
[1952] 2015/02/06 15:54:06.741 收到 Head 資訊 {Count 2} {Type C } 
[1952] 2015/02/06 15:54:13.406 連線確認 E122828927 (21,21)
[1952] 2015/02/06 15:54:16.718 收到 Head 資訊 {Count 2} {Type C } 
[1952] 2015/02/06 15:54:26.711 收到 Head 資訊 {Count 2} {Type C } 
[1952] 2015/02/06 15:54:36.705 收到 Head 資訊 {Count 2} {Type C } 
[1952] 2015/02/06 15:54:46.706 收到 Head 資訊 {Count 2} {Type C } 
[1952] 2015/02/06 15:54:56.720 收到 Head 資訊 {Count 2} {Type C } 
[1952] 2015/02/06 15:55:06.552 收到 Head 資訊 {Count 2} {Type C } 
[1952] 2015/02/06 15:55:13.418 連線確認 E122828927 (21,21)
[1952] 2015/02/06 15:55:16.558 收到 Head 資訊 {Count 2} {Type C } 
[1952] 2015/02/06 15:55:26.585 收到 Head 資訊 {Count 2} {Type C } 
[1952] 2015/02/06 15:55:36.569 收到 Head 資訊 {Count 2} {Type C } 
[1952] 2015/02/06 15:55:46.541 收到 Head 資訊 {Count 2} {Type C } 
[1952] 2015/02/06 15:55:56.577 收到 Head 資訊 {Count 2} {Type C } 
[1952] 2015/02/06 15:56:13.432 連線確認 E122828927 (21,21)
[1952] 2015/02/06 15:56:20.929 收到 Head 資訊 {Count 2} {Type B } 
[1952] 2015/02/06 15:57:13.446 連線確認 E122828927 (21,21)
[1952] 2015/02/06 15:58:13.460 連線確認 E122828927 (21,21)
[1952] 2015/02/06 15:59:13.474 連線確認 E122828927 (21,21)
[1952] 2015/02/06 16:00:13.486 連線確認 E122828927 (21,21)
[1952] 2015/02/06 16:01:13.501 連線確認 E122828927 (21,21)
[1952] 2015/02/06 16:01:21.963 收到 Head 資訊 {Count 2} {Type B } 
[1952] 2015/02/06 16:02:13.513 連線確認 E122828927 (21,21)
[1952] 2015/02/06 16:03:13.528 連線確認 E122828927 (21,21)
[1952] 2015/02/06 16:04:13.540 連線確認 E122828927 (21,21)
[1952] 2015/02/06 16:05:13.554 連線確認 E122828927 (21,21)
[1952] 2015/02/06 16:06:13.568 連線確認 E122828927 (21,21)
[1952] 2015/02/06 16:06:22.876 收到 Head 資訊 {Count 2} {Type B } 
[1952] 2015/02/06 16:07:13.582 連線確認 E122828927 (21,21)
[1952] 2015/02/06 16:08:13.596 連線確認 E122828927 (21,21)
[1952] 2015/02/06 16:09:13.609 連線確認 E122828927 (21,21)
[1952] 2015/02/06 16:10:13.624 連線確認 E122828927 (21,21)
[1952] 2015/02/06 16:11:13.637 連線確認 E122828927 (21,21)
[1952] 2015/02/06 16:11:16.816 收到 Head 資訊 {Count 2} {Type C } 
[1952] 2015/02/06 16:11:23.939 收到 Head 資訊 {Count 2} {Type B } 
[1952] 2015/02/06 16:11:26.836 收到 Head 資訊 {Count 2} {Type C } 
[1952] 2015/02/06 16:11:36.801 收到 Head 資訊 {Count 2} {Type C } 
[1952] 2015/02/06 16:11:46.788 收到 Head 資訊 {Count 2} {Type C } 
[1952] 2015/02/06 16:11:56.791 收到 Head 資訊 {Count 2} {Type C } 
[1952] 2015/02/06 16:12:06.820 收到 Head 資訊 {Count 2} {Type C } 
[1952] 2015/02/06 16:12:13.650 連線確認 E122828927 (21,21)
[1952] 2015/02/06 16:12:16.820 收到 Head 資訊 {Count 2} {Type C } 
[1952] 2015/02/06 16:12:26.813 收到 Head 資訊 {Count 2} {Type C } 
[1952] 2015/02/06 16:12:36.825 收到 Head 資訊 {Count 2} {Type C } 
[1952] 2015/02/06 16:12:46.822 收到 Head 資訊 {Count 2} {Type C } 
[1952] 2015/02/06 16:12:56.796 收到 Head 資訊 {Count 2} {Type C } 
[1952] 2015/02/06 16:13:06.826 收到 Head 資訊 {Count 2} {Type C } 
[1952] 2015/02/06 16:13:13.664 連線確認 E122828927 (21,21)
[1952] 2015/02/06 16:13:16.797 收到 Head 資訊 {Count 2} {Type C } 
[1952] 2015/02/06 16:13:26.811 收到 Head 資訊 {Count 2} {Type C } 
[1952] 2015/02/06 16:13:36.804 收到 Head 資訊 {Count 2} {Type C } 
[1952] 2015/02/06 16:13:46.805 收到 Head 資訊 {Count 2} {Type C } 
[1952] 2015/02/06 16:13:56.800 收到 Head 資訊 {Count 2} {Type C } 
[1952] 2015/02/06 16:14:06.832 收到 Head 資訊 {Count 2} {Type C } 
[1952] 2015/02/06 16:14:13.676 連線確認 E122828927 (21,21)
[1952] 2015/02/06 16:14:16.830 收到 Head 資訊 {Count 2} {Type C } 
[1952] 2015/02/06 16:14:26.814 收到 Head 資訊 {Count 2} {Type C } 
[1952] 2015/02/06 16:14:36.835 收到 Head 資訊 {Count 2} {Type C } 
[1952] 2015/02/06 16:14:46.834 收到 Head 資訊 {Count 2} {Type C } 
[1952] 2015/02/06 16:14:56.843 收到 Head 資訊 {Count 2} {Type C } 
[1952] 2015/02/06 16:15:06.714 收到 Head 資訊 {Count 2} {Type C } 
[1952] 2015/02/06 16:15:13.691 連線確認 E122828927 (21,21)
[1952] 2015/02/06 16:15:16.713 收到 Head 資訊 {Count 2} {Type C } 
[1952] 2015/02/06 16:15:26.695 收到 Head 資訊 {Count 2} {Type C } 
[1952] 2015/02/06 16:15:36.702 收到 Head 資訊 {Count 2} {Type C } 
[1952] 2015/02/06 16:16:13.704 連線確認 E122828927 (21,21)
[1952] 2015/02/06 16:16:24.922 收到 Head 資訊 {Count 2} {Type B } 
[1952] 2015/02/06 16:17:13.719 連線確認 E122828927 (21,21)
[1952] 2015/02/06 16:18:13.731 連線確認 E122828927 (21,21)
[1952] 2015/02/06 16:19:13.744 連線確認 E122828927 (21,21)
[1952] 2015/02/06 16:19:36.737 收到 Head 資訊 {Count 2} {Type C } 
[1952] 2015/02/06 16:20:13.761 連線確認 E122828927 (21,21)
[1952] 2015/02/06 16:20:26.266 收到 Head 資訊 {Count 2} {Type C } 
[1952] 2015/02/06 16:20:36.249 收到 Head 資訊 {Count 2} {Type C } 
[1952] 2015/02/06 16:21:13.772 連線確認 E122828927 (21,21)
[1952] 2015/02/06 16:21:25.481 收到 Head 資訊 {Count 2} {Type B } 
[1952] 2015/02/06 16:22:13.785 連線確認 E122828927 (21,21)
[1952] 2015/02/06 16:23:13.799 連線確認 E122828927 (21,21)
[1952] 2015/02/06 16:24:13.812 連線確認 E122828927 (21,21)
[1952] 2015/02/06 16:25:13.827 連線確認 E122828927 (21,21)
[1952] 2015/02/06 16:26:13.839 連線確認 E122828927 (21,21)
[1952] 2015/02/06 16:26:26.483 收到 Head 資訊 {Count 2} {Type B } 
[1952] 2015/02/06 16:27:13.855 連線確認 E122828927 (21,21)
[1952] 2015/02/06 16:28:13.867 連線確認 E122828927 (21,21)
[1952] 2015/02/06 16:29:13.881 連線確認 E122828927 (21,21)
[1952] 2015/02/06 16:30:13.894 連線確認 E122828927 (21,21)
[1952] 2015/02/06 16:31:06.517 收到 Head 資訊 {Count 2} {Type C } 
[1952] 2015/02/06 16:31:13.907 連線確認 E122828927 (21,21)
[1952] 2015/02/06 16:31:16.564 收到 Head 資訊 {Count 2} {Type C } 
[1952] 2015/02/06 16:31:26.538 收到 Head 資訊 {Count 2} {Type C } 
[1952] 2015/02/06 16:31:27.535 收到 Head 資訊 {Count 2} {Type B } 
[1952] 2015/02/06 16:31:36.538 收到 Head 資訊 {Count 2} {Type C } 
[1952] 2015/02/06 16:31:46.545 收到 Head 資訊 {Count 2} {Type C } 
[1952] 2015/02/06 16:31:56.552 收到 Head 資訊 {Count 2} {Type C } 
[1952] 2015/02/06 16:32:06.543 收到 Head 資訊 {Count 2} {Type C } 
[1952] 2015/02/06 16:32:13.921 連線確認 E122828927 (21,21)
[1952] 2015/02/06 16:32:16.553 收到 Head 資訊 {Count 2} {Type C } 
[1952] 2015/02/06 16:32:26.522 收到 Head 資訊 {Count 2} {Type C } 
[1952] 2015/02/06 16:32:36.524 收到 Head 資訊 {Count 2} {Type C } 
[1952] 2015/02/06 16:32:46.553 收到 Head 資訊 {Count 2} {Type C } 
[1952] 2015/02/06 16:32:56.568 收到 Head 資訊 {Count 2} {Type C } 
[1952] 2015/02/06 16:33:06.538 收到 Head 資訊 {Count 2} {Type C } 
[1952] 2015/02/06 16:33:13.935 連線確認 E122828927 (21,21)
[1952] 2015/02/06 16:33:16.540 收到 Head 資訊 {Count 2} {Type C } 
[1952] 2015/02/06 16:33:26.548 收到 Head 資訊 {Count 2} {Type C } 
[1952] 2015/02/06 16:33:46.530 收到 Head 資訊 {Count 2} {Type C } 
[1952] 2015/02/06 16:33:56.524 收到 Head 資訊 {Count 2} {Type C } 
[1952] 2015/02/06 16:34:06.551 收到 Head 資訊 {Count 2} {Type C } 
[1952] 2015/02/06 16:34:13.949 連線確認 E122828927 (21,21)
[1952] 2015/02/06 16:34:16.568 收到 Head 資訊 {Count 2} {Type C } 
[1952] 2015/02/06 16:34:26.543 收到 Head 資訊 {Count 2} {Type C } 
[1952] 2015/02/06 16:35:08.862 收到 Head 資訊 {Count 2} {Type C } 
[1952] 2015/02/06 16:35:13.962 連線確認 E122828927 (21,21)
[1952] 2015/02/06 16:35:18.875 收到 Head 資訊 {Count 2} {Type C } 
[1952] 2015/02/06 16:35:31.192 收到 Head 資訊 {Count 2} {Type C } 
[1952] 2015/02/06 16:35:39.227 收到 Head 資訊 {Count 2} {Type C } 
[1952] 2015/02/06 16:35:49.188 收到 Head 資訊 {Count 2} {Type C } 
[1952] 2015/02/06 16:35:59.219 收到 Head 資訊 {Count 2} {Type C } 
[1952] 2015/02/06 16:36:09.189 收到 Head 資訊 {Count 2} {Type C } 
[1952] 2015/02/06 16:36:13.976 連線確認 E122828927 (21,21)
[1952] 2015/02/06 16:36:28.847 收到 Head 資訊 {Count 2} {Type B } 
[1952] 2015/02/06 16:37:13.990 連線確認 E122828927 (21,21)
[1952] 2015/02/06 16:38:14.004 連線確認 E122828927 (21,21)
[1952] 2015/02/06 16:39:14.016 連線確認 E122828927 (21,21)
[1952] 2015/02/06 16:40:14.031 連線確認 E122828927 (21,21)
[1952] 2015/02/06 16:41:14.043 連線確認 E122828927 (21,21)
[1952] 2015/02/06 16:41:29.825 收到 Head 資訊 {Count 2} {Type B } 
[1952] 2015/02/06 16:42:14.058 連線確認 E122828927 (21,21)
[1952] 2015/02/06 16:43:14.070 連線確認 E122828927 (21,21)
[1952] 2015/02/06 16:44:14.084 連線確認 E122828927 (21,21)
[1952] 2015/02/06 16:45:14.098 連線確認 E122828927 (21,21)
[1952] 2015/02/06 16:46:14.112 連線確認 E122828927 (21,21)
[1952] 2015/02/06 16:46:30.840 收到 Head 資訊 {Count 2} {Type B } 
[1952] 2015/02/06 16:47:14.125 連線確認 E122828927 (21,21)
[1952] 2015/02/06 16:48:14.139 連線確認 E122828927 (21,21)
[1952] 2015/02/06 16:49:14.152 連線確認 E122828927 (21,21)
[1952] 2015/02/06 16:50:14.165 連線確認 E122828927 (21,21)
[1952] 2015/02/06 16:51:09.559 收到 Head 資訊 {Count 2} {Type C } 
[1952] 2015/02/06 16:51:14.180 連線確認 E122828927 (21,21)
[1952] 2015/02/06 16:51:19.551 收到 Head 資訊 {Count 2} {Type C } 
[1952] 2015/02/06 16:51:29.549 收到 Head 資訊 {Count 2} {Type C } 
[1952] 2015/02/06 16:51:31.880 收到 Head 資訊 {Count 2} {Type B } 
[1952] 2015/02/06 16:51:39.581 收到 Head 資訊 {Count 2} {Type C } 
[1952] 2015/02/06 16:51:49.557 收到 Head 資訊 {Count 2} {Type C } 
[1952] 2015/02/06 16:51:59.585 收到 Head 資訊 {Count 2} {Type C } 
[1952] 2015/02/06 16:52:09.561 收到 Head 資訊 {Count 2} {Type C } 
[1952] 2015/02/06 16:52:14.193 連線確認 E122828927 (21,21)
[1952] 2015/02/06 16:52:19.555 收到 Head 資訊 {Count 2} {Type C } 
[1952] 2015/02/06 16:52:29.556 收到 Head 資訊 {Count 2} {Type C } 
[1952] 2015/02/06 16:52:39.568 收到 Head 資訊 {Count 2} {Type C } 
[1952] 2015/02/06 16:52:49.551 收到 Head 資訊 {Count 2} {Type C } 
[1952] 2015/02/06 16:52:59.569 收到 Head 資訊 {Count 2} {Type C } 
[1952] 2015/02/06 16:53:09.602 收到 Head 資訊 {Count 2} {Type C } 
[1952] 2015/02/06 16:53:14.206 連線確認 E122828927 (21,21)
[1952] 2015/02/06 16:53:19.555 收到 Head 資訊 {Count 2} {Type C } 
[1952] 2015/02/06 16:53:29.595 收到 Head 資訊 {Count 2} {Type C } 
[1952] 2015/02/06 16:53:39.603 收到 Head 資訊 {Count 2} {Type C } 
[1952] 2015/02/06 16:53:49.557 收到 Head 資訊 {Count 2} {Type C } 
[1952] 2015/02/06 16:53:59.580 收到 Head 資訊 {Count 2} {Type C } 
[1952] 2015/02/06 16:54:09.593 收到 Head 資訊 {Count 2} {Type C } 
[1952] 2015/02/06 16:54:14.221 連線確認 E122828927 (21,21)
[1952] 2015/02/06 16:54:19.558 收到 Head 資訊 {Count 2} {Type C } 
[1952] 2015/02/06 16:54:29.561 收到 Head 資訊 {Count 2} {Type C } 
[1952] 2015/02/06 16:54:39.567 收到 Head 資訊 {Count 2} {Type C } 
[1952] 2015/02/06 16:54:49.558 收到 Head 資訊 {Count 2} {Type C } 
[1952] 2015/02/06 16:54:59.591 收到 Head 資訊 {Count 2} {Type C } 
[1952] 2015/02/06 16:55:09.567 收到 Head 資訊 {Count 2} {Type C } 
[1952] 2015/02/06 16:55:14.234 連線確認 E122828927 (21,21)
[1952] 2015/02/06 16:56:14.248 連線確認 E122828927 (21,21)
[1952] 2015/02/06 16:56:19.577 收到 Head 資訊 {Count 2} {Type C } 
[1952] 2015/02/06 16:56:29.560 收到 Head 資訊 {Count 2} {Type C } 
[1952] 2015/02/06 16:56:32.886 收到 Head 資訊 {Count 2} {Type B } 
[1952] 2015/02/06 16:56:39.579 收到 Head 資訊 {Count 2} {Type C } 
[1952] 2015/02/06 16:56:49.584 收到 Head 資訊 {Count 2} {Type C } 
[1952] 2015/02/06 16:56:59.576 收到 Head 資訊 {Count 2} {Type C } 
[1952] 2015/02/06 16:57:09.561 收到 Head 資訊 {Count 2} {Type C } 
[1952] 2015/02/06 16:57:14.262 連線確認 E122828927 (21,21)
[1952] 2015/02/06 16:58:14.275 連線確認 E122828927 (21,21)
[1952] 2015/02/06 16:59:14.289 連線確認 E122828927 (21,21)
[1952] 2015/02/06 17:00:14.302 連線確認 E122828927 (21,21)
[1952] 2015/02/06 17:01:14.316 連線確認 E122828927 (21,21)
[1952] 2015/02/06 17:01:33.910 收到 Head 資訊 {Count 2} {Type B } 
[1952] 2015/02/06 17:02:14.329 連線確認 E122828927 (21,21)
[1952] 2015/02/06 17:03:14.342 連線確認 E122828927 (21,21)
[1952] 2015/02/06 17:04:14.356 連線確認 E122828927 (21,21)
[1952] 2015/02/06 17:05:14.370 連線確認 E122828927 (21,21)
[1952] 2015/02/06 17:06:14.383 連線確認 E122828927 (21,21)
[1952] 2015/02/06 17:06:34.562 收到 Head 資訊 {Count 2} {Type B } 
[1952] 2015/02/06 17:07:14.397 連線確認 E122828927 (21,21)
[1952] 2015/02/06 17:07:49.464 收到 Head 資訊 {Count 2} {Type C } 
[1952] 2015/02/06 17:07:59.465 收到 Head 資訊 {Count 2} {Type C } 
[1952] 2015/02/06 17:08:09.477 收到 Head 資訊 {Count 2} {Type C } 
[1952] 2015/02/06 17:08:14.410 連線確認 E122828927 (21,21)
[1952] 2015/02/06 17:08:19.477 收到 Head 資訊 {Count 2} {Type C } 
[1952] 2015/02/06 17:08:29.500 收到 Head 資訊 {Count 2} {Type C } 
[1952] 2015/02/06 17:08:39.502 收到 Head 資訊 {Count 2} {Type C } 
[1952] 2015/02/06 17:08:49.469 收到 Head 資訊 {Count 2} {Type C } 
[1952] 2015/02/06 17:08:59.503 收到 Head 資訊 {Count 2} {Type C } 
[1952] 2015/02/06 17:09:09.465 收到 Head 資訊 {Count 2} {Type C } 
[1952] 2015/02/06 17:09:14.424 連線確認 E122828927 (21,21)
[1952] 2015/02/06 17:09:19.475 收到 Head 資訊 {Count 2} {Type C } 
[1952] 2015/02/06 17:09:29.477 收到 Head 資訊 {Count 2} {Type C } 
[1952] 2015/02/06 17:09:39.467 收到 Head 資訊 {Count 2} {Type C } 
[1952] 2015/02/06 17:09:49.503 收到 Head 資訊 {Count 2} {Type C } 
[1952] 2015/02/06 17:09:59.495 收到 Head 資訊 {Count 2} {Type C } 
[1952] 2015/02/06 17:10:09.510 收到 Head 資訊 {Count 2} {Type C } 
[1952] 2015/02/06 17:10:14.437 連線確認 E122828927 (21,21)
[1952] 2015/02/06 17:10:19.491 收到 Head 資訊 {Count 2} {Type C } 
[1952] 2015/02/06 17:10:29.497 收到 Head 資訊 {Count 2} {Type C } 
[1952] 2015/02/06 17:11:14.451 連線確認 E122828927 (21,21)
[1952] 2015/02/06 17:11:35.596 收到 Head 資訊 {Count 2} {Type B } 
[1952] 2015/02/06 17:12:14.465 連線確認 E122828927 (21,21)
[1952] 2015/02/06 17:13:14.479 連線確認 E122828927 (21,21)
[1952] 2015/02/06 17:14:14.492 連線確認 E122828927 (21,21)
[1952] 2015/02/06 17:15:14.505 連線確認 E122828927 (21,21)
[1952] 2015/02/06 17:16:14.519 連線確認 E122828927 (21,21)
[1952] 2015/02/06 17:16:36.589 收到 Head 資訊 {Count 2} {Type B } 
[1952] 2015/02/06 17:17:14.532 連線確認 E122828927 (21,21)
[1952] 2015/02/06 17:18:14.547 連線確認 E122828927 (21,21)
[1952] 2015/02/06 17:19:14.560 連線確認 E122828927 (21,21)
[1952] 2015/02/06 17:20:14.574 連線確認 E122828927 (21,21)
[1952] 2015/02/06 17:21:14.588 連線確認 E122828927 (21,21)
[1952] 2015/02/06 17:21:37.428 收到 Head 資訊 {Count 2} {Type B } 
[1952] 2015/02/06 17:22:14.600 連線確認 E122828927 (21,21)
[1952] 2015/02/06 17:23:14.614 連線確認 E122828927 (21,21)
[1952] 2015/02/06 17:24:14.628 連線確認 E122828927 (21,21)
[1952] 2015/02/06 17:24:49.603 收到 Head 資訊 {Count 2} {Type C } 
[1952] 2015/02/06 17:24:59.593 收到 Head 資訊 {Count 2} {Type C } 
[1952] 2015/02/06 17:25:09.592 收到 Head 資訊 {Count 2} {Type C } 
[1952] 2015/02/06 17:25:14.641 連線確認 E122828927 (21,21)
[1952] 2015/02/06 17:25:19.620 收到 Head 資訊 {Count 2} {Type C } 
[1952] 2015/02/06 17:25:29.614 收到 Head 資訊 {Count 2} {Type C } 
[1952] 2015/02/06 17:25:39.609 收到 Head 資訊 {Count 2} {Type C } 
[1952] 2015/02/06 17:25:49.611 收到 Head 資訊 {Count 2} {Type C } 
[1952] 2015/02/06 17:25:59.584 收到 Head 資訊 {Count 2} {Type C } 
[1952] 2015/02/06 17:26:09.605 收到 Head 資訊 {Count 2} {Type C } 
[1952] 2015/02/06 17:26:14.656 連線確認 E122828927 (21,21)
[1952] 2015/02/06 17:26:19.580 收到 Head 資訊 {Count 2} {Type C } 
[1952] 2015/02/06 17:26:29.600 收到 Head 資訊 {Count 2} {Type C } 
[1952] 2015/02/06 17:26:38.440 收到 Head 資訊 {Count 2} {Type B } 
[1952] 2015/02/06 17:26:39.590 收到 Head 資訊 {Count 2} {Type C } 
[1952] 2015/02/06 17:26:49.624 收到 Head 資訊 {Count 2} {Type C } 
[1952] 2015/02/06 17:26:59.607 收到 Head 資訊 {Count 2} {Type C } 
[1952] 2015/02/06 17:27:09.605 收到 Head 資訊 {Count 2} {Type C } 
[1952] 2015/02/06 17:27:14.669 連線確認 E122828927 (21,21)
[1952] 2015/02/06 17:27:19.622 收到 Head 資訊 {Count 2} {Type C } 
[1952] 2015/02/06 17:27:29.628 收到 Head 資訊 {Count 2} {Type C } 
[1952] 2015/02/06 17:27:39.597 收到 Head 資訊 {Count 2} {Type C } 
[1952] 2015/02/06 17:27:49.627 收到 Head 資訊 {Count 2} {Type C } 
[1952] 2015/02/06 17:27:59.610 收到 Head 資訊 {Count 2} {Type C } 
[1952] 2015/02/06 17:28:09.597 收到 Head 資訊 {Count 2} {Type C } 
[1952] 2015/02/06 17:28:14.683 連線確認 E122828927 (21,21)
[1952] 2015/02/06 17:28:19.599 收到 Head 資訊 {Count 2} {Type C } 
[1952] 2015/02/06 17:29:14.695 連線確認 E122828927 (21,21)
[1952] 2015/02/06 17:30:14.709 連線確認 E122828927 (21,21)
[1952] 2015/02/06 17:31:14.737 連線確認 E122828927 (21,21)
[1952] 2015/02/06 17:31:39.455 收到 Head 資訊 {Count 2} {Type B } 
[1952] 2015/02/06 17:32:14.737 連線確認 E122828927 (21,21)
[1952] 2015/02/06 17:33:14.751 連線確認 E122828927 (21,21)
[1952] 2015/02/06 17:34:14.763 連線確認 E122828927 (21,21)
[1952] 2015/02/06 17:35:14.777 連線確認 E122828927 (21,21)
[1952] 2015/02/06 17:36:14.790 連線確認 E122828927 (21,21)
[1952] 2015/02/06 17:36:40.447 收到 Head 資訊 {Count 2} {Type B } 
[1952] 2015/02/06 17:37:14.805 連線確認 E122828927 (21,21)
[1952] 2015/02/06 17:38:14.818 連線確認 E122828927 (21,21)
[1952] 2015/02/06 17:39:14.831 連線確認 E122828927 (21,21)
[1952] 2015/02/06 17:40:14.844 連線確認 E122828927 (21,21)
[1952] 2015/02/06 17:41:14.858 連線確認 E122828927 (21,21)
[1952] 2015/02/06 17:41:19.897 收到 Head 資訊 {Count 2} {Type C } 
[1952] 2015/02/06 17:41:29.894 收到 Head 資訊 {Count 2} {Type C } 
[1952] 2015/02/06 17:41:39.923 收到 Head 資訊 {Count 2} {Type C } 
[1952] 2015/02/06 17:41:41.449 收到 Head 資訊 {Count 2} {Type B } 
[1952] 2015/02/06 17:41:49.920 收到 Head 資訊 {Count 2} {Type C } 
[1952] 2015/02/06 17:41:59.931 收到 Head 資訊 {Count 2} {Type C } 
[1952] 2015/02/06 17:42:09.918 收到 Head 資訊 {Count 2} {Type C } 
[1952] 2015/02/06 17:42:14.873 連線確認 E122828927 (21,21)
[1952] 2015/02/06 17:42:19.905 收到 Head 資訊 {Count 2} {Type C } 
[1952] 2015/02/06 17:42:29.905 收到 Head 資訊 {Count 2} {Type C } 
[1952] 2015/02/06 17:42:39.898 收到 Head 資訊 {Count 2} {Type C } 
[1952] 2015/02/06 17:42:49.938 收到 Head 資訊 {Count 2} {Type C } 
[1952] 2015/02/06 17:42:59.936 收到 Head 資訊 {Count 2} {Type C } 
[1952] 2015/02/06 17:43:09.911 收到 Head 資訊 {Count 2} {Type C } 
[1952] 2015/02/06 17:43:14.886 連線確認 E122828927 (21,21)
[1952] 2015/02/06 17:43:19.921 收到 Head 資訊 {Count 2} {Type C } 
[1952] 2015/02/06 17:43:29.927 收到 Head 資訊 {Count 2} {Type C } 
[1952] 2015/02/06 17:43:39.927 收到 Head 資訊 {Count 2} {Type C } 
[1952] 2015/02/06 17:43:49.924 收到 Head 資訊 {Count 2} {Type C } 
[1952] 2015/02/06 17:43:59.913 收到 Head 資訊 {Count 2} {Type C } 
[1952] 2015/02/06 17:44:09.917 收到 Head 資訊 {Count 2} {Type C } 
[1952] 2015/02/06 17:44:14.900 連線確認 E122828927 (21,21)
[1952] 2015/02/06 17:44:19.901 收到 Head 資訊 {Count 2} {Type C } 
[1952] 2015/02/06 17:44:29.904 收到 Head 資訊 {Count 2} {Type C } 
[1952] 2015/02/06 17:44:39.936 收到 Head 資訊 {Count 2} {Type C } 
[1952] 2015/02/06 17:44:49.937 收到 Head 資訊 {Count 2} {Type C } 
[1952] 2015/02/06 17:44:59.917 收到 Head 資訊 {Count 2} {Type C } 
[1952] 2015/02/06 17:45:09.923 收到 Head 資訊 {Count 2} {Type C } 
[1952] 2015/02/06 17:45:14.913 連線確認 E122828927 (21,21)
[1952] 2015/02/06 17:45:19.924 收到 Head 資訊 {Count 2} {Type C } 
[1952] 2015/02/06 17:45:29.929 收到 Head 資訊 {Count 2} {Type C } 
[1952] 2015/02/06 17:45:39.926 收到 Head 資訊 {Count 2} {Type C } 
[1952] 2015/02/06 17:46:14.926 連線確認 E122828927 (21,21)
[1952] 2015/02/06 17:46:42.458 收到 Head 資訊 {Count 2} {Type B } 
[1952] 2015/02/06 17:47:14.939 連線確認 E122828927 (21,21)
[1952] 2015/02/06 17:48:14.955 連線確認 E122828927 (21,21)
[1952] 2015/02/06 17:49:14.967 連線確認 E122828927 (21,21)
[1952] 2015/02/06 17:50:14.981 連線確認 E122828927 (21,21)
[1952] 2015/02/06 17:51:14.996 連線確認 E122828927 (21,21)
[1952] 2015/02/06 17:51:45.722 收到 Head 資訊 {Count 2} {Type B } 
[1952] 2015/02/06 17:52:15.008 連線確認 E122828927 (21,21)
[1952] 2015/02/06 17:53:15.022 連線確認 E122828927 (21,21)
[1952] 2015/02/06 17:54:15.037 連線確認 E122828927 (21,21)
[1952] 2015/02/06 17:55:15.050 連線確認 E122828927 (21,21)
[1952] 2015/02/06 17:56:15.062 連線確認 E122828927 (21,21)
[1952] 2015/02/06 17:56:44.661 收到 Head 資訊 {Count 2} {Type B } 
[1952] 2015/02/06 17:57:15.076 連線確認 E122828927 (21,21)
[1952] 2015/02/06 17:57:50.390 收到 Head 資訊 {Count 2} {Type C } 
[1952] 2015/02/06 17:58:00.389 收到 Head 資訊 {Count 2} {Type C } 
[1952] 2015/02/06 17:58:10.358 收到 Head 資訊 {Count 2} {Type C } 
[1952] 2015/02/06 17:58:15.090 連線確認 E122828927 (21,21)
[1952] 2015/02/06 17:58:20.365 收到 Head 資訊 {Count 2} {Type C } 
[1952] 2015/02/06 17:58:30.374 收到 Head 資訊 {Count 2} {Type C } 
[1952] 2015/02/06 17:58:40.378 收到 Head 資訊 {Count 2} {Type C } 
[1952] 2015/02/06 17:58:50.363 收到 Head 資訊 {Count 2} {Type C } 
[1952] 2015/02/06 17:59:00.389 收到 Head 資訊 {Count 2} {Type C } 
[1952] 2015/02/06 17:59:10.383 收到 Head 資訊 {Count 2} {Type C } 
[1952] 2015/02/06 17:59:15.104 連線確認 E122828927 (21,21)
[1952] 2015/02/06 17:59:20.394 收到 Head 資訊 {Count 2} {Type C } 
[1952] 2015/02/06 17:59:30.362 收到 Head 資訊 {Count 2} {Type C } 
[1952] 2015/02/06 17:59:40.376 收到 Head 資訊 {Count 2} {Type C } 
[1952] 2015/02/06 17:59:50.390 收到 Head 資訊 {Count 2} {Type C } 
[1952] 2015/02/06 18:00:00.399 收到 Head 資訊 {Count 2} {Type C } 
[1952] 2015/02/06 18:00:10.396 收到 Head 資訊 {Count 2} {Type C } 
[1952] 2015/02/06 18:00:15.117 連線確認 E122828927 (21,21)
[1952] 2015/02/06 18:00:20.373 收到 Head 資訊 {Count 2} {Type C } 
[1952] 2015/02/06 18:00:30.399 收到 Head 資訊 {Count 2} {Type C } 
[1952] 2015/02/06 18:00:40.394 收到 Head 資訊 {Count 2} {Type C } 
[1952] 2015/02/06 18:00:50.389 收到 Head 資訊 {Count 2} {Type C } 
[1952] 2015/02/06 18:01:00.400 收到 Head 資訊 {Count 2} {Type C } 
[1952] 2015/02/06 18:01:10.377 收到 Head 資訊 {Count 2} {Type C } 
[1952] 2015/02/06 18:01:15.131 連線確認 E122828927 (21,21)
[1952] 2015/02/06 18:01:20.390 收到 Head 資訊 {Count 2} {Type C } 
[1952] 2015/02/06 18:01:30.380 收到 Head 資訊 {Count 2} {Type C } 
[1952] 2015/02/06 18:01:40.386 收到 Head 資訊 {Count 2} {Type C } 
[1952] 2015/02/06 18:01:45.653 收到 Head 資訊 {Count 2} {Type B } 
[1952] 2015/02/06 18:01:50.380 收到 Head 資訊 {Count 2} {Type C } 
[1952] 2015/02/06 18:02:00.396 收到 Head 資訊 {Count 2} {Type C } 
[1952] 2015/02/06 18:02:10.373 收到 Head 資訊 {Count 2} {Type C } 
[1952] 2015/02/06 18:02:15.144 連線確認 E122828927 (21,21)
[1952] 2015/02/06 18:02:20.387 收到 Head 資訊 {Count 2} {Type C } 
[1952] 2015/02/06 18:02:30.373 收到 Head 資訊 {Count 2} {Type C } 
[1952] 2015/02/06 18:02:40.399 收到 Head 資訊 {Count 2} {Type C } 
[1952] 2015/02/06 18:02:55.489 API ExitInstance 
