[4916] 2015/01/17 15:00:26.842 -------------------------------
[4916] 2015/01/17 15:00:26.845 CERT ID:E122828927   BeginDate: 2014-02-22 12:42:18  EndDate: 2015-02-22 23:59:59 
[4916] 2015/01/17 15:00:26.854 SKOrderLib 版本 2.1.22
[4916] 2015/01/17 15:00:27.610 主機: https://order10.capital.com.tw/ap2005/new_trade.php
[4916] 2015/01/17 15:00:27.612 OF主機: https://order10.capital.com.tw/ap2005/of_new_trade.php
[4148] 2015/01/17 15:00:50.211 -------------------------------
[4148] 2015/01/17 15:00:50.215 CERT ID:E122828927   BeginDate: 2014-02-22 12:42:18  EndDate: 2015-02-22 23:59:59 
[4148] 2015/01/17 15:00:50.223 SKOrderLib 版本 2.1.22
[4148] 2015/01/17 15:00:50.909 主機: https://order10.capital.com.tw/ap2005/new_trade.php
[4148] 2015/01/17 15:00:50.912 OF主機: https://order10.capital.com.tw/ap2005/of_new_trade.php
[4748] 2015/01/17 15:01:18.519 -------------------------------
[4748] 2015/01/17 15:01:18.523 CERT ID:E122828927   BeginDate: 2014-02-22 12:42:18  EndDate: 2015-02-22 23:59:59 
[4748] 2015/01/17 15:01:18.531 SKOrderLib 版本 2.1.22
[4748] 2015/01/17 15:01:19.168 主機: https://order10.capital.com.tw/ap2005/new_trade.php
[4748] 2015/01/17 15:01:19.170 OF主機: https://order10.capital.com.tw/ap2005/of_new_trade.php
[4928] 2015/01/17 15:14:39.368 -------------------------------
[4928] 2015/01/17 15:14:39.372 CERT ID:E122828927   BeginDate: 2014-02-22 12:42:18  EndDate: 2015-02-22 23:59:59 
[4928] 2015/01/17 15:14:39.380 SKOrderLib 版本 2.1.22
[4928] 2015/01/17 15:14:40.077 主機: https://order10.capital.com.tw/ap2005/new_trade.php
[4928] 2015/01/17 15:14:40.079 OF主機: https://order10.capital.com.tw/ap2005/of_new_trade.php
[4640] 2015/01/17 15:20:01.441 -------------------------------
[4640] 2015/01/17 15:20:01.445 CERT ID:E122828927   BeginDate: 2014-02-22 12:42:18  EndDate: 2015-02-22 23:59:59 
[4640] 2015/01/17 15:20:01.456 SKOrderLib 版本 2.1.22
[4640] 2015/01/17 15:20:03.308 主機: https://order10.capital.com.tw/ap2005/new_trade.php
[4640] 2015/01/17 15:20:03.311 OF主機: https://order10.capital.com.tw/ap2005/of_new_trade.php
[3924] 2015/01/18 07:32:30.725 -------------------------------
[3924] 2015/01/18 07:32:30.728 CERT ID:E122828927   BeginDate: 2014-02-22 12:42:18  EndDate: 2015-02-22 23:59:59 
[3924] 2015/01/18 07:32:30.737 SKOrderLib 版本 2.1.22
[3924] 2015/01/18 07:32:31.530 主機: https://order10.capital.com.tw/ap2005/new_trade.php
[3924] 2015/01/18 07:32:31.532 OF主機: https://order10.capital.com.tw/ap2005/of_new_trade.php
[944] 2015/01/18 07:38:46.393 -------------------------------
[944] 2015/01/18 07:38:46.396 CERT ID:E122828927   BeginDate: 2014-02-22 12:42:18  EndDate: 2015-02-22 23:59:59 
[944] 2015/01/18 07:38:46.404 SKOrderLib 版本 2.1.22
[944] 2015/01/18 07:38:47.168 主機: https://order11.capital.com.tw/ap2005/new_trade.php
[944] 2015/01/18 07:38:47.170 OF主機: https://order11.capital.com.tw/ap2005/of_new_trade.php
[3980] 2015/01/18 07:39:29.183 -------------------------------
[3980] 2015/01/18 07:39:29.187 CERT ID:E122828927   BeginDate: 2014-02-22 12:42:18  EndDate: 2015-02-22 23:59:59 
[3980] 2015/01/18 07:39:29.200 SKOrderLib 版本 2.1.22
[3980] 2015/01/18 07:39:30.025 主機: https://order10.capital.com.tw/ap2005/new_trade.php
[3980] 2015/01/18 07:39:30.027 OF主機: https://order10.capital.com.tw/ap2005/of_new_trade.php
[2608] 2015/01/18 07:56:30.151 -------------------------------
[2608] 2015/01/18 07:56:30.155 CERT ID:E122828927   BeginDate: 2014-02-22 12:42:18  EndDate: 2015-02-22 23:59:59 
[2608] 2015/01/18 07:56:30.165 SKOrderLib 版本 2.1.22
[2608] 2015/01/18 07:56:30.944 主機: https://order10.capital.com.tw/ap2005/new_trade.php
[2608] 2015/01/18 07:56:30.946 OF主機: https://order10.capital.com.tw/ap2005/of_new_trade.php
[1352] 2015/01/18 08:15:01.674 -------------------------------
[1352] 2015/01/18 08:15:01.677 CERT ID:E122828927   BeginDate: 2014-02-22 12:42:18  EndDate: 2015-02-22 23:59:59 
[1352] 2015/01/18 08:15:01.684 SKOrderLib 版本 2.1.22
[1352] 2015/01/18 08:15:02.335 主機: https://order10.capital.com.tw/ap2005/new_trade.php
[1352] 2015/01/18 08:15:02.337 OF主機: https://order10.capital.com.tw/ap2005/of_new_trade.php
[2384] 2015/01/18 08:17:16.576 -------------------------------
[2384] 2015/01/18 08:17:16.579 CERT ID:E122828927   BeginDate: 2014-02-22 12:42:18  EndDate: 2015-02-22 23:59:59 
[2384] 2015/01/18 08:17:16.586 SKOrderLib 版本 2.1.22
[2384] 2015/01/18 08:17:17.271 主機: https://order10.capital.com.tw/ap2005/new_trade.php
[2384] 2015/01/18 08:17:17.273 OF主機: https://order10.capital.com.tw/ap2005/of_new_trade.php
[2384] 2015/01/18 08:17:24.559 Add Sign error!
[4988] 2015/01/18 08:17:55.175 -------------------------------
[4988] 2015/01/18 08:17:55.178 CERT ID:E122828927   BeginDate: 2014-02-22 12:42:18  EndDate: 2015-02-22 23:59:59 
[4988] 2015/01/18 08:17:55.187 SKOrderLib 版本 2.1.22
[4988] 2015/01/18 08:17:55.808 主機: https://order10.capital.com.tw/ap2005/new_trade.php
[4988] 2015/01/18 08:17:55.810 OF主機: https://order10.capital.com.tw/ap2005/of_new_trade.php
[3672] 2015/01/18 08:20:59.771 -------------------------------
[3672] 2015/01/18 08:20:59.776 CERT ID:E122828927   BeginDate: 2014-02-22 12:42:18  EndDate: 2015-02-22 23:59:59 
[3672] 2015/01/18 08:20:59.784 SKOrderLib 版本 2.1.22
[3672] 2015/01/18 08:21:00.405 主機: https://order11.capital.com.tw/ap2005/new_trade.php
[3672] 2015/01/18 08:21:00.406 OF主機: https://order11.capital.com.tw/ap2005/of_new_trade.php
[5112] 2015/01/19 02:30:11.424 -------------------------------
[5112] 2015/01/19 02:30:11.426 CERT ID:E122828927   BeginDate: 2014-02-22 12:42:18  EndDate: 2015-02-22 23:59:59 
[5112] 2015/01/19 02:30:11.432 SKOrderLib 版本 2.1.22
[5112] 2015/01/19 02:30:12.042 主機: https://order10.capital.com.tw/ap2005/new_trade.php
[5112] 2015/01/19 02:30:12.043 OF主機: https://order10.capital.com.tw/ap2005/of_new_trade.php
[4672] 2015/01/19 07:40:11.021 -------------------------------
[4672] 2015/01/19 07:40:11.026 CERT ID:E122828927   BeginDate: 2014-02-22 12:42:18  EndDate: 2015-02-22 23:59:59 
[4672] 2015/01/19 07:40:11.035 SKOrderLib 版本 2.1.22
[4672] 2015/01/19 07:40:11.676 主機: https://order11.capital.com.tw/ap2005/new_trade.php
[4672] 2015/01/19 07:40:11.678 OF主機: https://order11.capital.com.tw/ap2005/of_new_trade.php
[120] 2015/01/19 14:30:11.091 -------------------------------
[120] 2015/01/19 14:30:11.095 CERT ID:E122828927   BeginDate: 2014-02-22 12:42:18  EndDate: 2015-02-22 23:59:59 
[120] 2015/01/19 14:30:11.103 SKOrderLib 版本 2.1.22
[120] 2015/01/19 14:30:11.911 主機: https://order11.capital.com.tw/ap2005/new_trade.php
[120] 2015/01/19 14:30:11.913 OF主機: https://order11.capital.com.tw/ap2005/of_new_trade.php
[3868] 2015/01/20 02:30:17.712 -------------------------------
[3868] 2015/01/20 02:30:17.717 CERT ID:E122828927   BeginDate: 2014-02-22 12:42:18  EndDate: 2015-02-22 23:59:59 
[3868] 2015/01/20 02:30:17.736 SKOrderLib 版本 2.1.22
[3868] 2015/01/20 02:30:18.587 主機: https://order10.capital.com.tw/ap2005/new_trade.php
[3868] 2015/01/20 02:30:18.589 OF主機: https://order10.capital.com.tw/ap2005/of_new_trade.php
[4840] 2015/01/20 07:40:11.357 -------------------------------
[4840] 2015/01/20 07:40:11.360 CERT ID:E122828927   BeginDate: 2014-02-22 12:42:18  EndDate: 2015-02-22 23:59:59 
[4840] 2015/01/20 07:40:11.367 SKOrderLib 版本 2.1.22
[4840] 2015/01/20 07:40:13.334 主機: https://order10.capital.com.tw/ap2005/new_trade.php
[4840] 2015/01/20 07:40:13.336 OF主機: https://order10.capital.com.tw/ap2005/of_new_trade.php
[4224] 2015/01/20 14:30:14.308 -------------------------------
[4224] 2015/01/20 14:30:14.312 CERT ID:E122828927   BeginDate: 2014-02-22 12:42:18  EndDate: 2015-02-22 23:59:59 
[4224] 2015/01/20 14:30:14.320 SKOrderLib 版本 2.1.22
[4224] 2015/01/20 14:30:15.110 主機: https://order10.capital.com.tw/ap2005/new_trade.php
[4224] 2015/01/20 14:30:15.112 OF主機: https://order10.capital.com.tw/ap2005/of_new_trade.php
[2844] 2015/01/21 02:30:15.263 -------------------------------
[2844] 2015/01/21 02:30:15.270 CERT ID:E122828927   BeginDate: 2014-02-22 12:42:18  EndDate: 2015-02-22 23:59:59 
[2844] 2015/01/21 02:30:15.278 SKOrderLib 版本 2.1.22
[2844] 2015/01/21 02:30:16.010 主機: https://order10.capital.com.tw/ap2005/new_trade.php
[2844] 2015/01/21 02:30:16.012 OF主機: https://order10.capital.com.tw/ap2005/of_new_trade.php
[1388] 2015/01/21 07:40:13.456 -------------------------------
[1388] 2015/01/21 07:40:13.459 CERT ID:E122828927   BeginDate: 2014-02-22 12:42:18  EndDate: 2015-02-22 23:59:59 
[1388] 2015/01/21 07:40:13.467 SKOrderLib 版本 2.1.22
[1388] 2015/01/21 07:40:14.101 主機: https://order10.capital.com.tw/ap2005/new_trade.php
[1388] 2015/01/21 07:40:14.103 OF主機: https://order10.capital.com.tw/ap2005/of_new_trade.php
[3832] 2015/01/21 14:30:12.561 -------------------------------
[3832] 2015/01/21 14:30:12.564 CERT ID:E122828927   BeginDate: 2014-02-22 12:42:18  EndDate: 2015-02-22 23:59:59 
[3832] 2015/01/21 14:30:12.570 SKOrderLib 版本 2.1.22
[3832] 2015/01/21 14:30:14.491 主機: https://order10.capital.com.tw/ap2005/new_trade.php
[3832] 2015/01/21 14:30:14.493 OF主機: https://order10.capital.com.tw/ap2005/of_new_trade.php
[736] 2015/01/22 02:30:13.460 -------------------------------
[736] 2015/01/22 02:30:13.464 CERT ID:E122828927   BeginDate: 2014-02-22 12:42:18  EndDate: 2015-02-22 23:59:59 
[736] 2015/01/22 02:30:13.472 SKOrderLib 版本 2.1.22
[736] 2015/01/22 02:30:14.220 主機: https://order11.capital.com.tw/ap2005/new_trade.php
[736] 2015/01/22 02:30:14.222 OF主機: https://order11.capital.com.tw/ap2005/of_new_trade.php
[4860] 2015/01/22 05:36:17.607 -------------------------------
[4860] 2015/01/22 05:36:17.611 CERT ID:E122828927   BeginDate: 2014-02-22 12:42:18  EndDate: 2015-02-22 23:59:59 
[4860] 2015/01/22 05:36:17.619 SKOrderLib 版本 2.1.22
[4860] 2015/01/22 05:36:19.608 主機: https://order11.capital.com.tw/ap2005/new_trade.php
[4860] 2015/01/22 05:36:19.610 OF主機: https://order11.capital.com.tw/ap2005/of_new_trade.php
[4496] 2015/01/22 06:26:11.700 -------------------------------
[4496] 2015/01/22 06:26:11.704 CERT ID:E122828927   BeginDate: 2014-02-22 12:42:18  EndDate: 2015-02-22 23:59:59 
[4496] 2015/01/22 06:26:11.712 SKOrderLib 版本 2.1.22
[4496] 2015/01/22 06:26:12.507 主機: https://order10.capital.com.tw/ap2005/new_trade.php
[4496] 2015/01/22 06:26:12.509 OF主機: https://order10.capital.com.tw/ap2005/of_new_trade.php
[1044] 2015/01/22 06:33:13.574 -------------------------------
[1044] 2015/01/22 06:33:13.578 CERT ID:E122828927   BeginDate: 2014-02-22 12:42:18  EndDate: 2015-02-22 23:59:59 
[1044] 2015/01/22 06:33:13.586 SKOrderLib 版本 2.1.22
[1044] 2015/01/22 06:33:14.330 主機: https://order10.capital.com.tw/ap2005/new_trade.php
[1044] 2015/01/22 06:33:14.332 OF主機: https://order10.capital.com.tw/ap2005/of_new_trade.php
[732] 2015/01/22 06:38:40.815 -------------------------------
[732] 2015/01/22 06:38:40.819 CERT ID:E122828927   BeginDate: 2014-02-22 12:42:18  EndDate: 2015-02-22 23:59:59 
[732] 2015/01/22 06:38:40.827 SKOrderLib 版本 2.1.22
[732] 2015/01/22 06:38:41.578 主機: https://order10.capital.com.tw/ap2005/new_trade.php
[732] 2015/01/22 06:38:41.580 OF主機: https://order10.capital.com.tw/ap2005/of_new_trade.php
[3948] 2015/01/22 07:40:12.819 -------------------------------
[3948] 2015/01/22 07:40:12.822 CERT ID:E122828927   BeginDate: 2014-02-22 12:42:18  EndDate: 2015-02-22 23:59:59 
[3948] 2015/01/22 07:40:12.831 SKOrderLib 版本 2.1.22
[3948] 2015/01/22 07:40:13.548 主機: https://order10.capital.com.tw/ap2005/new_trade.php
[3948] 2015/01/22 07:40:13.550 OF主機: https://order10.capital.com.tw/ap2005/of_new_trade.php
[2384] 2015/01/22 14:30:11.930 -------------------------------
[2384] 2015/01/22 14:30:11.932 CERT ID:E122828927   BeginDate: 2014-02-22 12:42:18  EndDate: 2015-02-22 23:59:59 
[2384] 2015/01/22 14:30:11.936 SKOrderLib 版本 2.1.22
[2384] 2015/01/22 14:30:13.662 主機: https://order10.capital.com.tw/ap2005/new_trade.php
[2384] 2015/01/22 14:30:13.663 OF主機: https://order10.capital.com.tw/ap2005/of_new_trade.php
[5116] 2015/01/23 02:30:13.463 -------------------------------
[5116] 2015/01/23 02:30:13.467 CERT ID:E122828927   BeginDate: 2014-02-22 12:42:18  EndDate: 2015-02-22 23:59:59 
[5116] 2015/01/23 02:30:13.475 SKOrderLib 版本 2.1.22
[5116] 2015/01/23 02:30:14.135 主機: https://order10.capital.com.tw/ap2005/new_trade.php
[5116] 2015/01/23 02:30:14.137 OF主機: https://order10.capital.com.tw/ap2005/of_new_trade.php
[4028] 2015/01/23 07:40:12.906 -------------------------------
[4028] 2015/01/23 07:40:12.911 CERT ID:E122828927   BeginDate: 2014-02-22 12:42:18  EndDate: 2015-02-22 23:59:59 
[4028] 2015/01/23 07:40:12.920 SKOrderLib 版本 2.1.22
[4028] 2015/01/23 07:40:13.589 主機: https://order10.capital.com.tw/ap2005/new_trade.php
[4028] 2015/01/23 07:40:13.592 OF主機: https://order10.capital.com.tw/ap2005/of_new_trade.php
[3416] 2015/01/23 14:30:12.903 -------------------------------
[3416] 2015/01/23 14:30:12.907 CERT ID:E122828927   BeginDate: 2014-02-22 12:42:18  EndDate: 2015-02-22 23:59:59 
[3416] 2015/01/23 14:30:12.915 SKOrderLib 版本 2.1.22
[3416] 2015/01/23 14:30:13.593 主機: https://order10.capital.com.tw/ap2005/new_trade.php
[3416] 2015/01/23 14:30:13.595 OF主機: https://order10.capital.com.tw/ap2005/of_new_trade.php
[708] 2015/01/24 07:07:22.564 -------------------------------
[708] 2015/01/24 07:07:22.567 CERT ID:E122828927   BeginDate: 2014-02-22 12:42:18  EndDate: 2015-02-22 23:59:59 
[708] 2015/01/24 07:07:22.575 SKOrderLib 版本 2.1.22
[708] 2015/01/24 07:07:23.237 主機: https://order10.capital.com.tw/ap2005/new_trade.php
[708] 2015/01/24 07:07:23.239 OF主機: https://order10.capital.com.tw/ap2005/of_new_trade.php
[3068] 2015/01/26 07:40:13.712 -------------------------------
[3068] 2015/01/26 07:40:13.718 CERT ID:E122828927   BeginDate: 2015-01-24 11:01:08  EndDate: 2016-01-24 23:59:59 
[3068] 2015/01/26 07:40:13.725 SKOrderLib 版本 2.1.22
[3068] 2015/01/26 07:40:14.528 主機: https://order10.capital.com.tw/ap2005/new_trade.php
[3068] 2015/01/26 07:40:14.530 OF主機: https://order10.capital.com.tw/ap2005/of_new_trade.php
[2336] 2015/01/26 07:50:11.010 -------------------------------
[2336] 2015/01/26 07:50:11.015 CERT ID:E122828927   BeginDate: 2015-01-24 11:01:08  EndDate: 2016-01-24 23:59:59 
[2336] 2015/01/26 07:50:11.021 SKOrderLib 版本 2.1.22
[2336] 2015/01/26 07:50:11.753 主機: https://order10.capital.com.tw/ap2005/new_trade.php
[2336] 2015/01/26 07:50:11.755 OF主機: https://order10.capital.com.tw/ap2005/of_new_trade.php
[4552] 2015/01/26 10:07:02.345 -------------------------------
[4552] 2015/01/26 10:07:02.349 CERT ID:E122828927   BeginDate: 2015-01-24 11:01:08  EndDate: 2016-01-24 23:59:59 
[4552] 2015/01/26 10:07:02.353 SKOrderLib 版本 2.1.22
[4552] 2015/01/26 10:07:02.898 主機: https://order10.capital.com.tw/ap2005/new_trade.php
[4552] 2015/01/26 10:07:02.899 OF主機: https://order10.capital.com.tw/ap2005/of_new_trade.php
[1924] 2015/01/26 10:08:22.585 -------------------------------
[1924] 2015/01/26 10:08:22.588 CERT ID:E122828927   BeginDate: 2015-01-24 11:01:08  EndDate: 2016-01-24 23:59:59 
[1924] 2015/01/26 10:08:22.593 SKOrderLib 版本 2.1.22
[1924] 2015/01/26 10:08:23.143 主機: https://order10.capital.com.tw/ap2005/new_trade.php
[1924] 2015/01/26 10:08:23.144 OF主機: https://order10.capital.com.tw/ap2005/of_new_trade.php
[3004] 2015/01/26 10:20:24.039 -------------------------------
[3004] 2015/01/26 10:20:24.042 CERT ID:E122828927   BeginDate: 2015-01-24 11:01:08  EndDate: 2016-01-24 23:59:59 
[3004] 2015/01/26 10:20:24.046 SKOrderLib 版本 2.1.22
[3004] 2015/01/26 10:20:24.609 主機: https://order11.capital.com.tw/ap2005/new_trade.php
[3004] 2015/01/26 10:20:24.610 OF主機: https://order11.capital.com.tw/ap2005/of_new_trade.php
[2832] 2015/01/26 10:22:17.982 -------------------------------
[2832] 2015/01/26 10:22:17.987 CERT ID:E122828927   BeginDate: 2015-01-24 11:01:08  EndDate: 2016-01-24 23:59:59 
[2832] 2015/01/26 10:22:17.992 SKOrderLib 版本 2.1.22
[2832] 2015/01/26 10:22:18.551 主機: https://order10.capital.com.tw/ap2005/new_trade.php
[2832] 2015/01/26 10:22:18.553 OF主機: https://order10.capital.com.tw/ap2005/of_new_trade.php
[3324] 2015/01/26 10:24:19.101 -------------------------------
[3324] 2015/01/26 10:24:19.106 CERT ID:E122828927   BeginDate: 2015-01-24 11:01:08  EndDate: 2016-01-24 23:59:59 
[3324] 2015/01/26 10:24:19.112 SKOrderLib 版本 2.1.22
[3324] 2015/01/26 10:24:19.640 主機: https://order10.capital.com.tw/ap2005/new_trade.php
[3324] 2015/01/26 10:24:19.641 OF主機: https://order10.capital.com.tw/ap2005/of_new_trade.php
[3428] 2015/01/26 10:25:40.815 -------------------------------
[3428] 2015/01/26 10:25:40.819 CERT ID:E122828927   BeginDate: 2015-01-24 11:01:08  EndDate: 2016-01-24 23:59:59 
[3428] 2015/01/26 10:25:40.825 SKOrderLib 版本 2.1.22
[3428] 2015/01/26 10:25:41.345 主機: https://order10.capital.com.tw/ap2005/new_trade.php
[3428] 2015/01/26 10:25:41.346 OF主機: https://order10.capital.com.tw/ap2005/of_new_trade.php
[184] 2015/01/26 10:30:31.729 -------------------------------
[184] 2015/01/26 10:30:31.733 CERT ID:E122828927   BeginDate: 2015-01-24 11:01:08  EndDate: 2016-01-24 23:59:59 
[184] 2015/01/26 10:30:31.738 SKOrderLib 版本 2.1.22
[184] 2015/01/26 10:30:32.320 主機: https://order10.capital.com.tw/ap2005/new_trade.php
[184] 2015/01/26 10:30:32.321 OF主機: https://order10.capital.com.tw/ap2005/of_new_trade.php
[4412] 2015/01/26 10:30:49.637 -------------------------------
[4412] 2015/01/26 10:30:49.641 CERT ID:E122828927   BeginDate: 2015-01-24 11:01:08  EndDate: 2016-01-24 23:59:59 
[4412] 2015/01/26 10:30:49.647 SKOrderLib 版本 2.1.22
[4412] 2015/01/26 10:30:50.296 主機: https://order11.capital.com.tw/ap2005/new_trade.php
[4412] 2015/01/26 10:30:50.297 OF主機: https://order11.capital.com.tw/ap2005/of_new_trade.php
[4920] 2015/01/26 10:49:56.212 -------------------------------
[4920] 2015/01/26 10:49:56.217 CERT ID:E122828927   BeginDate: 2015-01-24 11:01:08  EndDate: 2016-01-24 23:59:59 
[4920] 2015/01/26 10:49:56.224 SKOrderLib 版本 2.1.22
[4920] 2015/01/26 10:49:57.104 主機: https://order11.capital.com.tw/ap2005/new_trade.php
[4920] 2015/01/26 10:49:57.106 OF主機: https://order11.capital.com.tw/ap2005/of_new_trade.php
[4164] 2015/01/26 11:00:19.673 -------------------------------
[4164] 2015/01/26 11:00:19.680 CERT ID:E122828927   BeginDate: 2015-01-24 11:01:08  EndDate: 2016-01-24 23:59:59 
[4164] 2015/01/26 11:00:19.687 SKOrderLib 版本 2.1.22
[4164] 2015/01/26 11:00:20.256 主機: https://order11.capital.com.tw/ap2005/new_trade.php
[4164] 2015/01/26 11:00:20.258 OF主機: https://order11.capital.com.tw/ap2005/of_new_trade.php
[4264] 2015/01/26 11:56:51.195 -------------------------------
[4264] 2015/01/26 11:56:51.202 CERT ID:E122828927   BeginDate: 2015-01-24 11:01:08  EndDate: 2016-01-24 23:59:59 
[4264] 2015/01/26 11:56:51.208 SKOrderLib 版本 2.1.22
[4264] 2015/01/26 11:56:51.785 主機: https://order10.capital.com.tw/ap2005/new_trade.php
[4264] 2015/01/26 11:56:51.787 OF主機: https://order10.capital.com.tw/ap2005/of_new_trade.php
[4128] 2015/01/26 11:59:50.292 -------------------------------
[4128] 2015/01/26 11:59:50.299 CERT ID:E122828927   BeginDate: 2015-01-24 11:01:08  EndDate: 2016-01-24 23:59:59 
[4128] 2015/01/26 11:59:50.306 SKOrderLib 版本 2.1.22
[4128] 2015/01/26 11:59:51.677 主機: https://order11.capital.com.tw/ap2005/new_trade.php
[4128] 2015/01/26 11:59:51.679 OF主機: https://order11.capital.com.tw/ap2005/of_new_trade.php
[184] 2015/01/26 12:00:16.350 -------------------------------
[184] 2015/01/26 12:00:16.355 CERT ID:E122828927   BeginDate: 2015-01-24 11:01:08  EndDate: 2016-01-24 23:59:59 
[184] 2015/01/26 12:00:16.361 SKOrderLib 版本 2.1.22
[184] 2015/01/26 12:00:16.981 主機: https://order10.capital.com.tw/ap2005/new_trade.php
[184] 2015/01/26 12:00:16.983 OF主機: https://order10.capital.com.tw/ap2005/of_new_trade.php
[4968] 2015/01/26 12:17:47.901 -------------------------------
[4968] 2015/01/26 12:17:47.908 CERT ID:E122828927   BeginDate: 2015-01-24 11:01:08  EndDate: 2016-01-24 23:59:59 
[4968] 2015/01/26 12:17:47.915 SKOrderLib 版本 2.1.22
[4968] 2015/01/26 12:17:48.613 主機: https://order11.capital.com.tw/ap2005/new_trade.php
[4968] 2015/01/26 12:17:48.615 OF主機: https://order11.capital.com.tw/ap2005/of_new_trade.php
[576] 2015/01/26 12:26:13.114 -------------------------------
[576] 2015/01/26 12:26:13.119 CERT ID:E122828927   BeginDate: 2015-01-24 11:01:08  EndDate: 2016-01-24 23:59:59 
[576] 2015/01/26 12:26:13.125 SKOrderLib 版本 2.1.22
[576] 2015/01/26 12:26:13.774 主機: https://order10.capital.com.tw/ap2005/new_trade.php
[576] 2015/01/26 12:26:13.776 OF主機: https://order10.capital.com.tw/ap2005/of_new_trade.php
[3760] 2015/01/26 12:28:23.945 -------------------------------
[3760] 2015/01/26 12:28:23.949 CERT ID:E122828927   BeginDate: 2015-01-24 11:01:08  EndDate: 2016-01-24 23:59:59 
[3760] 2015/01/26 12:28:23.956 SKOrderLib 版本 2.1.22
[3760] 2015/01/26 12:28:24.511 主機: https://order10.capital.com.tw/ap2005/new_trade.php
[3760] 2015/01/26 12:28:24.513 OF主機: https://order10.capital.com.tw/ap2005/of_new_trade.php
[3696] 2015/01/26 12:30:50.116 -------------------------------
[3696] 2015/01/26 12:30:50.122 CERT ID:E122828927   BeginDate: 2015-01-24 11:01:08  EndDate: 2016-01-24 23:59:59 
[3696] 2015/01/26 12:30:50.131 SKOrderLib 版本 2.1.22
[3696] 2015/01/26 12:30:50.720 主機: https://order10.capital.com.tw/ap2005/new_trade.php
[3696] 2015/01/26 12:30:50.722 OF主機: https://order10.capital.com.tw/ap2005/of_new_trade.php
[4708] 2015/01/26 12:32:14.523 -------------------------------
[4708] 2015/01/26 12:32:14.528 CERT ID:E122828927   BeginDate: 2015-01-24 11:01:08  EndDate: 2016-01-24 23:59:59 
[4708] 2015/01/26 12:32:14.535 SKOrderLib 版本 2.1.22
[4708] 2015/01/26 12:32:15.074 主機: https://order10.capital.com.tw/ap2005/new_trade.php
[4708] 2015/01/26 12:32:15.076 OF主機: https://order10.capital.com.tw/ap2005/of_new_trade.php
[1520] 2015/01/26 12:34:52.509 -------------------------------
[1520] 2015/01/26 12:34:52.514 CERT ID:E122828927   BeginDate: 2015-01-24 11:01:08  EndDate: 2016-01-24 23:59:59 
[1520] 2015/01/26 12:34:52.521 SKOrderLib 版本 2.1.22
[1520] 2015/01/26 12:34:53.106 主機: https://order10.capital.com.tw/ap2005/new_trade.php
[1520] 2015/01/26 12:34:53.108 OF主機: https://order10.capital.com.tw/ap2005/of_new_trade.php
[4640] 2015/01/26 12:35:04.801 -------------------------------
[4640] 2015/01/26 12:35:04.806 CERT ID:E122828927   BeginDate: 2015-01-24 11:01:08  EndDate: 2016-01-24 23:59:59 
[4640] 2015/01/26 12:35:04.813 SKOrderLib 版本 2.1.22
[4640] 2015/01/26 12:35:05.391 主機: https://order10.capital.com.tw/ap2005/new_trade.php
[4640] 2015/01/26 12:35:05.393 OF主機: https://order10.capital.com.tw/ap2005/of_new_trade.php
[2108] 2015/01/26 12:39:21.824 -------------------------------
[2108] 2015/01/26 12:39:21.829 CERT ID:E122828927   BeginDate: 2015-01-24 11:01:08  EndDate: 2016-01-24 23:59:59 
[2108] 2015/01/26 12:39:21.836 SKOrderLib 版本 2.1.22
[2108] 2015/01/26 12:39:22.446 主機: https://order10.capital.com.tw/ap2005/new_trade.php
[2108] 2015/01/26 12:39:22.448 OF主機: https://order10.capital.com.tw/ap2005/of_new_trade.php
[4136] 2015/01/26 12:43:24.009 -------------------------------
[4136] 2015/01/26 12:43:24.014 CERT ID:E122828927   BeginDate: 2015-01-24 11:01:08  EndDate: 2016-01-24 23:59:59 
[4136] 2015/01/26 12:43:24.021 SKOrderLib 版本 2.1.22
[4136] 2015/01/26 12:43:24.592 主機: https://order10.capital.com.tw/ap2005/new_trade.php
[4136] 2015/01/26 12:43:24.595 OF主機: https://order10.capital.com.tw/ap2005/of_new_trade.php
[1912] 2015/01/26 12:43:52.714 -------------------------------
[1912] 2015/01/26 12:43:52.719 CERT ID:E122828927   BeginDate: 2015-01-24 11:01:08  EndDate: 2016-01-24 23:59:59 
[1912] 2015/01/26 12:43:52.726 SKOrderLib 版本 2.1.22
[1912] 2015/01/26 12:43:53.310 主機: https://order10.capital.com.tw/ap2005/new_trade.php
[1912] 2015/01/26 12:43:53.312 OF主機: https://order10.capital.com.tw/ap2005/of_new_trade.php
[4044] 2015/01/26 12:44:30.439 -------------------------------
[4044] 2015/01/26 12:44:30.444 CERT ID:E122828927   BeginDate: 2015-01-24 11:01:08  EndDate: 2016-01-24 23:59:59 
[4044] 2015/01/26 12:44:30.451 SKOrderLib 版本 2.1.22
[4044] 2015/01/26 12:44:31.040 主機: https://order11.capital.com.tw/ap2005/new_trade.php
[4044] 2015/01/26 12:44:31.043 OF主機: https://order11.capital.com.tw/ap2005/of_new_trade.php
[3600] 2015/01/26 13:22:23.064 -------------------------------
[3600] 2015/01/26 13:22:23.069 CERT ID:E122828927   BeginDate: 2015-01-24 11:01:08  EndDate: 2016-01-24 23:59:59 
[3600] 2015/01/26 13:22:23.076 SKOrderLib 版本 2.1.22
[3600] 2015/01/26 13:22:24.867 主機: https://order10.capital.com.tw/ap2005/new_trade.php
[3600] 2015/01/26 13:22:24.870 OF主機: https://order10.capital.com.tw/ap2005/of_new_trade.php
[2444] 2015/01/26 13:23:27.423 -------------------------------
[2444] 2015/01/26 13:23:27.428 CERT ID:E122828927   BeginDate: 2015-01-24 11:01:08  EndDate: 2016-01-24 23:59:59 
[2444] 2015/01/26 13:23:27.435 SKOrderLib 版本 2.1.22
[2444] 2015/01/26 13:23:28.026 主機: https://order11.capital.com.tw/ap2005/new_trade.php
[2444] 2015/01/26 13:23:28.028 OF主機: https://order11.capital.com.tw/ap2005/of_new_trade.php
[3088] 2015/01/26 14:30:10.816 -------------------------------
[3088] 2015/01/26 14:30:10.821 CERT ID:E122828927   BeginDate: 2015-01-24 11:01:08  EndDate: 2016-01-24 23:59:59 
[3088] 2015/01/26 14:30:10.827 SKOrderLib 版本 2.1.22
[3088] 2015/01/26 14:30:11.379 主機: https://order10.capital.com.tw/ap2005/new_trade.php
[3088] 2015/01/26 14:30:11.381 OF主機: https://order10.capital.com.tw/ap2005/of_new_trade.php
[1868] 2015/01/26 21:28:32.989 -------------------------------
[1868] 2015/01/26 21:28:32.993 CERT ID:E122828927   BeginDate: 2015-01-24 11:01:08  EndDate: 2016-01-24 23:59:59 
[1868] 2015/01/26 21:28:32.999 SKOrderLib 版本 2.1.22
[1868] 2015/01/26 21:28:33.629 主機: https://order10.capital.com.tw/ap2005/new_trade.php
[1868] 2015/01/26 21:28:33.630 OF主機: https://order10.capital.com.tw/ap2005/of_new_trade.php
[3748] 2015/01/27 02:30:18.894 -------------------------------
[3748] 2015/01/27 02:30:18.900 CERT ID:E122828927   BeginDate: 2015-01-24 11:01:08  EndDate: 2016-01-24 23:59:59 
[3748] 2015/01/27 02:30:19.041 SKOrderLib 版本 2.1.22
[3748] 2015/01/27 02:30:19.591 主機: https://order10.capital.com.tw/ap2005/new_trade.php
[3748] 2015/01/27 02:30:19.592 OF主機: https://order10.capital.com.tw/ap2005/of_new_trade.php
[1656] 2015/01/27 06:53:15.597 -------------------------------
[1656] 2015/01/27 06:53:15.603 CERT ID:E122828927   BeginDate: 2015-01-24 11:01:08  EndDate: 2016-01-24 23:59:59 
[1656] 2015/01/27 06:53:15.609 SKOrderLib 版本 2.1.22
[1656] 2015/01/27 06:53:16.245 主機: https://order11.capital.com.tw/ap2005/new_trade.php
[1656] 2015/01/27 06:53:16.247 OF主機: https://order11.capital.com.tw/ap2005/of_new_trade.php
[964] 2015/01/27 06:56:44.953 -------------------------------
[964] 2015/01/27 06:56:44.958 CERT ID:E122828927   BeginDate: 2015-01-24 11:01:08  EndDate: 2016-01-24 23:59:59 
[964] 2015/01/27 06:56:44.964 SKOrderLib 版本 2.1.22
[964] 2015/01/27 06:56:45.685 主機: https://order11.capital.com.tw/ap2005/new_trade.php
[964] 2015/01/27 06:56:45.687 OF主機: https://order11.capital.com.tw/ap2005/of_new_trade.php
[4156] 2015/01/27 06:57:29.199 -------------------------------
[4156] 2015/01/27 06:57:29.205 CERT ID:E122828927   BeginDate: 2015-01-24 11:01:08  EndDate: 2016-01-24 23:59:59 
[4156] 2015/01/27 06:57:29.212 SKOrderLib 版本 2.1.22
[4156] 2015/01/27 06:57:29.828 主機: https://order10.capital.com.tw/ap2005/new_trade.php
[4156] 2015/01/27 06:57:29.830 OF主機: https://order10.capital.com.tw/ap2005/of_new_trade.php
[4132] 2015/01/27 07:12:45.827 -------------------------------
[4132] 2015/01/27 07:12:45.834 CERT ID:E122828927   BeginDate: 2015-01-24 11:01:08  EndDate: 2016-01-24 23:59:59 
[4132] 2015/01/27 07:12:45.841 SKOrderLib 版本 2.1.22
[4132] 2015/01/27 07:12:46.495 主機: https://order11.capital.com.tw/ap2005/new_trade.php
[4132] 2015/01/27 07:12:46.497 OF主機: https://order11.capital.com.tw/ap2005/of_new_trade.php
[4924] 2015/01/27 07:13:46.541 -------------------------------
[4924] 2015/01/27 07:13:46.546 CERT ID:E122828927   BeginDate: 2015-01-24 11:01:08  EndDate: 2016-01-24 23:59:59 
[4924] 2015/01/27 07:13:46.553 SKOrderLib 版本 2.1.22
[4924] 2015/01/27 07:13:47.304 主機: https://order10.capital.com.tw/ap2005/new_trade.php
[4924] 2015/01/27 07:13:47.306 OF主機: https://order10.capital.com.tw/ap2005/of_new_trade.php
[1804] 2015/01/27 07:14:12.573 -------------------------------
[1804] 2015/01/27 07:14:12.578 CERT ID:E122828927   BeginDate: 2015-01-24 11:01:08  EndDate: 2016-01-24 23:59:59 
[1804] 2015/01/27 07:14:12.586 SKOrderLib 版本 2.1.22
[1804] 2015/01/27 07:14:13.526 主機: https://order10.capital.com.tw/ap2005/new_trade.php
[1804] 2015/01/27 07:14:13.528 OF主機: https://order10.capital.com.tw/ap2005/of_new_trade.php
[4560] 2015/01/27 07:18:29.666 -------------------------------
[4560] 2015/01/27 07:18:29.671 CERT ID:E122828927   BeginDate: 2015-01-24 11:01:08  EndDate: 2016-01-24 23:59:59 
[4560] 2015/01/27 07:18:29.678 SKOrderLib 版本 2.1.22
[4560] 2015/01/27 07:18:30.346 主機: https://order11.capital.com.tw/ap2005/new_trade.php
[4560] 2015/01/27 07:18:30.348 OF主機: https://order11.capital.com.tw/ap2005/of_new_trade.php
[4704] 2015/01/27 07:18:46.634 -------------------------------
[4704] 2015/01/27 07:18:46.639 CERT ID:E122828927   BeginDate: 2015-01-24 11:01:08  EndDate: 2016-01-24 23:59:59 
[4704] 2015/01/27 07:18:46.646 SKOrderLib 版本 2.1.22
[4704] 2015/01/27 07:18:47.309 主機: https://order10.capital.com.tw/ap2005/new_trade.php
[4704] 2015/01/27 07:18:47.312 OF主機: https://order10.capital.com.tw/ap2005/of_new_trade.php
[5100] 2015/01/27 07:20:21.274 -------------------------------
[5100] 2015/01/27 07:20:21.281 CERT ID:E122828927   BeginDate: 2015-01-24 11:01:08  EndDate: 2016-01-24 23:59:59 
[5100] 2015/01/27 07:20:21.288 SKOrderLib 版本 2.1.22
[5100] 2015/01/27 07:20:22.037 主機: https://order10.capital.com.tw/ap2005/new_trade.php
[5100] 2015/01/27 07:20:22.039 OF主機: https://order10.capital.com.tw/ap2005/of_new_trade.php
[2096] 2015/01/27 07:32:17.136 -------------------------------
[2096] 2015/01/27 07:32:17.145 CERT ID:E122828927   BeginDate: 2015-01-24 11:01:08  EndDate: 2016-01-24 23:59:59 
[2096] 2015/01/27 07:32:17.154 SKOrderLib 版本 2.1.22
[2096] 2015/01/27 07:32:20.493 主機: https://order11.capital.com.tw/ap2005/new_trade.php
[2096] 2015/01/27 07:32:20.496 OF主機: https://order11.capital.com.tw/ap2005/of_new_trade.php
[3468] 2015/01/27 07:33:32.838 -------------------------------
[3468] 2015/01/27 07:33:32.851 CERT ID:E122828927   BeginDate: 2015-01-24 11:01:08  EndDate: 2016-01-24 23:59:59 
[3468] 2015/01/27 07:33:32.862 SKOrderLib 版本 2.1.22
[3468] 2015/01/27 07:33:33.739 主機: https://order11.capital.com.tw/ap2005/new_trade.php
[3468] 2015/01/27 07:33:33.741 OF主機: https://order11.capital.com.tw/ap2005/of_new_trade.php
[4260] 2015/01/27 07:35:43.928 -------------------------------
[4260] 2015/01/27 07:35:43.943 CERT ID:E122828927   BeginDate: 2015-01-24 11:01:08  EndDate: 2016-01-24 23:59:59 
[4260] 2015/01/27 07:35:43.951 SKOrderLib 版本 2.1.22
[4260] 2015/01/27 07:35:44.764 主機: https://order11.capital.com.tw/ap2005/new_trade.php
[4260] 2015/01/27 07:35:44.766 OF主機: https://order11.capital.com.tw/ap2005/of_new_trade.php
[808] 2015/01/27 07:40:10.983 -------------------------------
[808] 2015/01/27 07:40:10.988 CERT ID:E122828927   BeginDate: 2015-01-24 11:01:08  EndDate: 2016-01-24 23:59:59 
[808] 2015/01/27 07:40:10.995 SKOrderLib 版本 2.1.22
[808] 2015/01/27 07:40:11.649 主機: https://order10.capital.com.tw/ap2005/new_trade.php
[808] 2015/01/27 07:40:11.651 OF主機: https://order10.capital.com.tw/ap2005/of_new_trade.php
[3292] 2015/01/27 07:50:12.164 -------------------------------
[3292] 2015/01/27 07:50:12.169 CERT ID:E122828927   BeginDate: 2015-01-24 11:01:08  EndDate: 2016-01-24 23:59:59 
[3292] 2015/01/27 07:50:12.175 SKOrderLib 版本 2.1.22
[3292] 2015/01/27 07:50:12.823 主機: https://order10.capital.com.tw/ap2005/new_trade.php
[3292] 2015/01/27 07:50:12.825 OF主機: https://order10.capital.com.tw/ap2005/of_new_trade.php
[1680] 2015/01/27 15:26:21.518 -------------------------------
[1680] 2015/01/27 15:26:21.525 CERT ID:E122828927   BeginDate: 2015-01-24 11:01:08  EndDate: 2016-01-24 23:59:59 
[1680] 2015/01/27 15:26:21.530 ERROR: Initialization is not complete, you should call Initialize() first
[840] 2015/01/28 15:26:27.712 -------------------------------
[840] 2015/01/28 15:26:27.768 CERT ID:E122828927   BeginDate: 2015-01-24 11:01:08  EndDate: 2016-01-24 23:59:59 
[840] 2015/01/28 15:26:27.769 ERROR: Initialization is not complete, you should call Initialize() first
[2848] 2015/01/29 07:40:10.953 -------------------------------
[2848] 2015/01/29 07:40:11.007 CERT ID:E122828927   BeginDate: 2015-01-24 11:01:08  EndDate: 2016-01-24 23:59:59 
[2848] 2015/01/29 07:40:11.014 SKOrderLib 版本 2.1.22
[2848] 2015/01/29 07:40:11.596 主機: https://order11.capital.com.tw/ap2005/new_trade.php
[2848] 2015/01/29 07:40:11.597 OF主機: https://order11.capital.com.tw/ap2005/of_new_trade.php
[568] 2015/01/29 14:30:11.246 -------------------------------
[568] 2015/01/29 14:30:11.250 CERT ID:E122828927   BeginDate: 2015-01-24 11:01:08  EndDate: 2016-01-24 23:59:59 
[568] 2015/01/29 14:30:11.255 SKOrderLib 版本 2.1.22
[568] 2015/01/29 14:30:13.105 主機: https://order10.capital.com.tw/ap2005/new_trade.php
[568] 2015/01/29 14:30:13.107 OF主機: https://order10.capital.com.tw/ap2005/of_new_trade.php
[3268] 2015/01/29 15:26:10.782 -------------------------------
[3268] 2015/01/29 15:26:10.786 CERT ID:E122828927   BeginDate: 2015-01-24 11:01:08  EndDate: 2016-01-24 23:59:59 
[3268] 2015/01/29 15:26:10.792 SKOrderLib 版本 2.1.22
[3268] 2015/01/29 15:26:11.353 主機: https://order10.capital.com.tw/ap2005/new_trade.php
[3268] 2015/01/29 15:26:11.354 OF主機: https://order10.capital.com.tw/ap2005/of_new_trade.php
[3148] 2015/01/30 15:26:21.527 -------------------------------
[3148] 2015/01/30 15:26:21.535 CERT ID:E122828927   BeginDate: 2015-01-24 11:01:08  EndDate: 2016-01-24 23:59:59 
[3148] 2015/01/30 15:26:21.538 ERROR: Initialization is not complete, you should call Initialize() first
[1904] 2015/02/04 07:50:11.266 -------------------------------
[1904] 2015/02/04 07:50:11.272 CERT ID:E122828927   BeginDate: 2015-01-24 11:01:08  EndDate: 2016-01-24 23:59:59 
[1904] 2015/02/04 07:50:11.279 SKOrderLib 版本 2.1.22
[1904] 2015/02/04 07:50:12.088 主機: https://order10.capital.com.tw/ap2005/new_trade.php
[1904] 2015/02/04 07:50:12.090 OF主機: https://order10.capital.com.tw/ap2005/of_new_trade.php
[3156] 2015/02/04 15:26:11.666 -------------------------------
[3156] 2015/02/04 15:26:11.670 CERT ID:E122828927   BeginDate: 2015-01-24 11:01:08  EndDate: 2016-01-24 23:59:59 
[3156] 2015/02/04 15:26:11.676 SKOrderLib 版本 2.1.22
[3156] 2015/02/04 15:26:12.461 主機: https://order11.capital.com.tw/ap2005/new_trade.php
[3156] 2015/02/04 15:26:12.462 OF主機: https://order11.capital.com.tw/ap2005/of_new_trade.php
[3416] 2015/02/05 07:50:11.737 -------------------------------
[3416] 2015/02/05 07:50:11.742 CERT ID:E122828927   BeginDate: 2015-01-24 11:01:08  EndDate: 2016-01-24 23:59:59 
[3416] 2015/02/05 07:50:11.747 SKOrderLib 版本 2.1.22
[3416] 2015/02/05 07:50:13.662 主機: https://order10.capital.com.tw/ap2005/new_trade.php
[3416] 2015/02/05 07:50:13.664 OF主機: https://order10.capital.com.tw/ap2005/of_new_trade.php
[2752] 2015/02/05 15:26:11.512 -------------------------------
[2752] 2015/02/05 15:26:11.517 CERT ID:E122828927   BeginDate: 2015-01-24 11:01:08  EndDate: 2016-01-24 23:59:59 
[2752] 2015/02/05 15:26:11.524 SKOrderLib 版本 2.1.22
[2752] 2015/02/05 15:26:12.280 主機: https://order11.capital.com.tw/ap2005/new_trade.php
[2752] 2015/02/05 15:26:12.282 OF主機: https://order11.capital.com.tw/ap2005/of_new_trade.php
[4756] 2015/02/06 07:50:11.766 -------------------------------
[4756] 2015/02/06 07:50:11.772 CERT ID:E122828927   BeginDate: 2015-01-24 11:01:08  EndDate: 2016-01-24 23:59:59 
[4756] 2015/02/06 07:50:11.779 SKOrderLib 版本 2.1.22
[4756] 2015/02/06 07:50:12.459 主機: https://order11.capital.com.tw/ap2005/new_trade.php
[4756] 2015/02/06 07:50:12.461 OF主機: https://order11.capital.com.tw/ap2005/of_new_trade.php
[1952] 2015/02/06 15:26:11.935 -------------------------------
[1952] 2015/02/06 15:26:11.939 CERT ID:E122828927   BeginDate: 2015-01-24 11:01:08  EndDate: 2016-01-24 23:59:59 
[1952] 2015/02/06 15:26:11.945 SKOrderLib 版本 2.1.22
[1952] 2015/02/06 15:26:12.606 主機: https://order11.capital.com.tw/ap2005/new_trade.php
[1952] 2015/02/06 15:26:12.607 OF主機: https://order11.capital.com.tw/ap2005/of_new_trade.php
[4120] 2015/02/09 07:50:12.410 -------------------------------
[4120] 2015/02/09 07:50:12.415 CERT ID:E122828927   BeginDate: 2015-01-24 11:01:08  EndDate: 2016-01-24 23:59:59 
[4120] 2015/02/09 07:50:12.422 SKOrderLib 版本 2.1.22
[4120] 2015/02/09 07:50:13.204 主機: https://order11.capital.com.tw/ap2005/new_trade.php
[4120] 2015/02/09 07:50:13.206 OF主機: https://order11.capital.com.tw/ap2005/of_new_trade.php
[4596] 2015/02/09 15:26:11.778 -------------------------------
[4596] 2015/02/09 15:26:11.783 CERT ID:E122828927   BeginDate: 2015-01-24 11:01:08  EndDate: 2016-01-24 23:59:59 
[4596] 2015/02/09 15:26:11.789 SKOrderLib 版本 2.1.22
[4596] 2015/02/09 15:26:12.538 主機: https://order10.capital.com.tw/ap2005/new_trade.php
[4596] 2015/02/09 15:26:12.539 OF主機: https://order10.capital.com.tw/ap2005/of_new_trade.php
[4724] 2015/02/10 07:50:10.410 -------------------------------
[4724] 2015/02/10 07:50:10.410 CERT ID:E122828927   BeginDate: 2015-01-24 11:01:08  EndDate: 2016-01-24 23:59:59 
[4724] 2015/02/10 07:50:10.410 SKOrderLib 版本 2.1.22
[4724] 2015/02/10 07:50:11.346 主機: https://order10.capital.com.tw/ap2005/new_trade.php
[4724] 2015/02/10 07:50:11.346 OF主機: https://order10.capital.com.tw/ap2005/of_new_trade.php
[2516] 2015/02/10 15:26:10.971 -------------------------------
[2516] 2015/02/10 15:26:10.987 CERT ID:E122828927   BeginDate: 2015-01-24 11:01:08  EndDate: 2016-01-24 23:59:59 
[2516] 2015/02/10 15:26:10.987 SKOrderLib 版本 2.1.22
[2516] 2015/02/10 15:26:12.952 主機: https://order11.capital.com.tw/ap2005/new_trade.php
[2516] 2015/02/10 15:26:12.952 OF主機: https://order11.capital.com.tw/ap2005/of_new_trade.php
[5012] 2015/02/11 07:50:10.300 -------------------------------
[5012] 2015/02/11 07:50:10.304 CERT ID:E122828927   BeginDate: 2015-01-24 11:01:08  EndDate: 2016-01-24 23:59:59 
[5012] 2015/02/11 07:50:10.309 SKOrderLib 版本 2.1.22
[5012] 2015/02/11 07:50:10.914 主機: https://order10.capital.com.tw/ap2005/new_trade.php
[5012] 2015/02/11 07:50:10.915 OF主機: https://order10.capital.com.tw/ap2005/of_new_trade.php
[4632] 2015/02/11 15:26:10.204 -------------------------------
[4632] 2015/02/11 15:26:10.209 CERT ID:E122828927   BeginDate: 2015-01-24 11:01:08  EndDate: 2016-01-24 23:59:59 
[4632] 2015/02/11 15:26:10.216 SKOrderLib 版本 2.1.22
[4632] 2015/02/11 15:26:11.397 主機: https://order11.capital.com.tw/ap2005/new_trade.php
[4632] 2015/02/11 15:26:11.399 OF主機: https://order11.capital.com.tw/ap2005/of_new_trade.php
[3408] 2015/02/12 07:50:11.381 -------------------------------
[3408] 2015/02/12 07:50:11.387 CERT ID:E122828927   BeginDate: 2015-01-24 11:01:08  EndDate: 2016-01-24 23:59:59 
[3408] 2015/02/12 07:50:11.394 SKOrderLib 版本 2.1.22
[3408] 2015/02/12 07:50:13.504 主機: https://order11.capital.com.tw/ap2005/new_trade.php
[3408] 2015/02/12 07:50:13.506 OF主機: https://order11.capital.com.tw/ap2005/of_new_trade.php
[6444] 2015/02/12 15:26:11.850 -------------------------------
[6444] 2015/02/12 15:26:11.855 CERT ID:E122828927   BeginDate: 2015-01-24 11:01:08  EndDate: 2016-01-24 23:59:59 
[6444] 2015/02/12 15:26:11.862 SKOrderLib 版本 2.1.22
[6444] 2015/02/12 15:26:12.530 主機: https://order10.capital.com.tw/ap2005/new_trade.php
[6444] 2015/02/12 15:26:12.532 OF主機: https://order10.capital.com.tw/ap2005/of_new_trade.php
[2236] 2015/02/13 07:50:11.484 -------------------------------
[2236] 2015/02/13 07:50:11.490 CERT ID:E122828927   BeginDate: 2015-01-24 11:01:08  EndDate: 2016-01-24 23:59:59 
[2236] 2015/02/13 07:50:11.497 SKOrderLib 版本 2.1.22
[2236] 2015/02/13 07:50:12.226 主機: https://order10.capital.com.tw/ap2005/new_trade.php
[2236] 2015/02/13 07:50:12.228 OF主機: https://order10.capital.com.tw/ap2005/of_new_trade.php
[5684] 2015/02/13 15:26:11.585 -------------------------------
[5684] 2015/02/13 15:26:11.590 CERT ID:E122828927   BeginDate: 2015-01-24 11:01:08  EndDate: 2016-01-24 23:59:59 
[5684] 2015/02/13 15:26:11.596 SKOrderLib 版本 2.1.22
[5684] 2015/02/13 15:26:13.471 主機: https://order10.capital.com.tw/ap2005/new_trade.php
[5684] 2015/02/13 15:26:13.473 OF主機: https://order10.capital.com.tw/ap2005/of_new_trade.php
[6340] 2015/02/14 16:58:40.421 -------------------------------
[6340] 2015/02/14 16:58:40.429 CERT ID:E122828927   BeginDate: 2015-01-24 11:01:08  EndDate: 2016-01-24 23:59:59 
[6340] 2015/02/14 16:58:40.436 SKOrderLib 版本 2.1.22
[6340] 2015/02/14 16:58:42.351 主機: https://order10.capital.com.tw/ap2005/new_trade.php
[6340] 2015/02/14 16:58:42.353 OF主機: https://order10.capital.com.tw/ap2005/of_new_trade.php
[2788] 2015/02/16 07:50:11.332 -------------------------------
[2788] 2015/02/16 07:50:11.338 CERT ID:E122828927   BeginDate: 2015-01-24 11:01:08  EndDate: 2016-01-24 23:59:59 
[2788] 2015/02/16 07:50:11.345 SKOrderLib 版本 2.1.22
[2788] 2015/02/16 07:50:12.174 主機: https://order10.capital.com.tw/ap2005/new_trade.php
[2788] 2015/02/16 07:50:12.176 OF主機: https://order10.capital.com.tw/ap2005/of_new_trade.php
[1504] 2015/02/16 15:26:11.526 -------------------------------
[1504] 2015/02/16 15:26:11.532 CERT ID:E122828927   BeginDate: 2015-01-24 11:01:08  EndDate: 2016-01-24 23:59:59 
[1504] 2015/02/16 15:26:11.539 SKOrderLib 版本 2.1.22
[1504] 2015/02/16 15:26:12.231 主機: https://order10.capital.com.tw/ap2005/new_trade.php
[1504] 2015/02/16 15:26:12.233 OF主機: https://order10.capital.com.tw/ap2005/of_new_trade.php
[5044] 2015/02/17 07:50:11.370 -------------------------------
[5044] 2015/02/17 07:50:11.376 CERT ID:E122828927   BeginDate: 2015-01-24 11:01:08  EndDate: 2016-01-24 23:59:59 
[5044] 2015/02/17 07:50:11.383 SKOrderLib 版本 2.1.22
[5044] 2015/02/17 07:50:12.219 主機: https://order11.capital.com.tw/ap2005/new_trade.php
[5044] 2015/02/17 07:50:12.222 OF主機: https://order11.capital.com.tw/ap2005/of_new_trade.php
[5396] 2015/02/17 15:26:11.285 -------------------------------
[5396] 2015/02/17 15:26:11.290 CERT ID:E122828927   BeginDate: 2015-01-24 11:01:08  EndDate: 2016-01-24 23:59:59 
[5396] 2015/02/17 15:26:11.295 SKOrderLib 版本 2.1.22
[5396] 2015/02/17 15:26:13.118 主機: https://order11.capital.com.tw/ap2005/new_trade.php
[5396] 2015/02/17 15:26:13.120 OF主機: https://order11.capital.com.tw/ap2005/of_new_trade.php
[7012] 2015/02/18 07:50:11.617 -------------------------------
[7012] 2015/02/18 07:50:11.623 CERT ID:E122828927   BeginDate: 2015-01-24 11:01:08  EndDate: 2016-01-24 23:59:59 
[7012] 2015/02/18 07:50:11.630 SKOrderLib 版本 2.1.22
[7012] 2015/02/18 07:50:12.380 主機: https://order11.capital.com.tw/ap2005/new_trade.php
[7012] 2015/02/18 07:50:12.383 OF主機: https://order11.capital.com.tw/ap2005/of_new_trade.php
[2752] 2015/02/18 15:26:11.375 -------------------------------
[2752] 2015/02/18 15:26:11.381 CERT ID:E122828927   BeginDate: 2015-01-24 11:01:08  EndDate: 2016-01-24 23:59:59 
[2752] 2015/02/18 15:26:11.387 SKOrderLib 版本 2.1.22
[2752] 2015/02/18 15:26:12.116 主機: https://order11.capital.com.tw/ap2005/new_trade.php
[2752] 2015/02/18 15:26:12.118 OF主機: https://order11.capital.com.tw/ap2005/of_new_trade.php
[6816] 2015/02/19 07:50:11.645 -------------------------------
[6816] 2015/02/19 07:50:11.651 CERT ID:E122828927   BeginDate: 2015-01-24 11:01:08  EndDate: 2016-01-24 23:59:59 
[6816] 2015/02/19 07:50:11.658 SKOrderLib 版本 2.1.22
[6816] 2015/02/19 07:50:13.686 主機: https://order11.capital.com.tw/ap2005/new_trade.php
[6816] 2015/02/19 07:50:13.688 OF主機: https://order11.capital.com.tw/ap2005/of_new_trade.php
[3608] 2015/02/19 15:26:11.827 -------------------------------
[3608] 2015/02/19 15:26:11.832 CERT ID:E122828927   BeginDate: 2015-01-24 11:01:08  EndDate: 2016-01-24 23:59:59 
[3608] 2015/02/19 15:26:11.839 SKOrderLib 版本 2.1.22
[3608] 2015/02/19 15:26:13.790 主機: https://order11.capital.com.tw/ap2005/new_trade.php
[3608] 2015/02/19 15:26:13.792 OF主機: https://order11.capital.com.tw/ap2005/of_new_trade.php
[5732] 2015/02/20 07:50:11.523 -------------------------------
[5732] 2015/02/20 07:50:11.529 CERT ID:E122828927   BeginDate: 2015-01-24 11:01:08  EndDate: 2016-01-24 23:59:59 
[5732] 2015/02/20 07:50:11.536 SKOrderLib 版本 2.1.22
[5732] 2015/02/20 07:50:12.304 主機: https://order11.capital.com.tw/ap2005/new_trade.php
[5732] 2015/02/20 07:50:12.306 OF主機: https://order11.capital.com.tw/ap2005/of_new_trade.php
[5792] 2015/02/20 15:26:11.063 -------------------------------
[5792] 2015/02/20 15:26:11.068 CERT ID:E122828927   BeginDate: 2015-01-24 11:01:08  EndDate: 2016-01-24 23:59:59 
[5792] 2015/02/20 15:26:11.075 SKOrderLib 版本 2.1.22
[5792] 2015/02/20 15:26:11.830 主機: https://order11.capital.com.tw/ap2005/new_trade.php
[5792] 2015/02/20 15:26:11.831 OF主機: https://order11.capital.com.tw/ap2005/of_new_trade.php
[5008] 2015/02/23 07:50:13.911 -------------------------------
[5008] 2015/02/23 07:50:13.917 CERT ID:E122828927   BeginDate: 2015-01-24 11:01:08  EndDate: 2016-01-24 23:59:59 
[5008] 2015/02/23 07:50:13.924 SKOrderLib 版本 2.1.22
[5008] 2015/02/23 07:50:14.654 主機: https://order11.capital.com.tw/ap2005/new_trade.php
[5008] 2015/02/23 07:50:14.657 OF主機: https://order11.capital.com.tw/ap2005/of_new_trade.php
[256] 2015/02/24 07:50:11.437 -------------------------------
[256] 2015/02/24 07:50:11.442 CERT ID:E122828927   BeginDate: 2015-01-24 11:01:08  EndDate: 2016-01-24 23:59:59 
[256] 2015/02/24 07:50:11.450 SKOrderLib 版本 2.1.22
[256] 2015/02/24 07:50:12.178 主機: https://order10.capital.com.tw/ap2005/new_trade.php
[256] 2015/02/24 07:50:12.180 OF主機: https://order10.capital.com.tw/ap2005/of_new_trade.php
[3948] 2015/02/25 07:50:11.648 -------------------------------
[3948] 2015/02/25 07:50:11.655 CERT ID:E122828927   BeginDate: 2015-01-24 11:01:08  EndDate: 2016-01-24 23:59:59 
[3948] 2015/02/25 07:50:11.662 SKOrderLib 版本 2.1.22
[3948] 2015/02/25 07:50:12.381 主機: https://order10.capital.com.tw/ap2005/new_trade.php
[3948] 2015/02/25 07:50:12.383 OF主機: https://order10.capital.com.tw/ap2005/of_new_trade.php
[3256] 2015/02/26 07:50:11.650 -------------------------------
[3256] 2015/02/26 07:50:11.656 CERT ID:E122828927   BeginDate: 2015-01-24 11:01:08  EndDate: 2016-01-24 23:59:59 
[3256] 2015/02/26 07:50:11.663 SKOrderLib 版本 2.1.22
[3256] 2015/02/26 07:50:13.934 主機: https://order11.capital.com.tw/ap2005/new_trade.php
[3256] 2015/02/26 07:50:13.936 OF主機: https://order11.capital.com.tw/ap2005/of_new_trade.php
[3256] 2015/02/26 16:55:10.773 SendOverseaFutureOrderAsync : &=OFF0200001709003,BNMY02,OSE,JNM,201503,1,18815,0,1,0,0,1
[3256] 2015/02/26 16:55:11.038 非同步後驗
[3256] 2015/02/26 16:55:11.039 非同步傳送 Thread ID： 2092
[3256] 2015/02/26 16:55:11.089 CertWorker 驗章ID：E122828927
[3256] 2015/02/26 16:55:11.397 {2092} M000 0402264507958
[3256] 2015/02/26 16:55:11.399  非同步訊息通知 
[3256] 2015/02/26 16:55:12.534 CertWorker 下單驗章完成
[3256] 2015/02/26 18:56:00.842 SendOverseaFutureOrderAsync : &=OFF0200001709003,SNMY02,OSE,JNM,201503,1,18845,0,1,0,0,1
[3256] 2015/02/26 18:56:00.883 CertWorker 驗章ID：E122828927
[3256] 2015/02/26 18:56:00.892 非同步後驗
[3256] 2015/02/26 18:56:00.905 非同步傳送 Thread ID： 4848
[3256] 2015/02/26 18:56:01.011 CertWorker 下單驗章完成
[3256] 2015/02/26 18:56:01.087 {4848} M000 0402264509066
[3256] 2015/02/26 18:56:01.088  非同步訊息通知 
[3272] 2015/02/27 07:50:10.761 -------------------------------
[3272] 2015/02/27 07:50:10.764 CERT ID:E122828927   BeginDate: 2015-01-24 11:01:08  EndDate: 2016-01-24 23:59:59 
[3272] 2015/02/27 07:50:10.767 SKOrderLib 版本 2.1.22
[3272] 2015/02/27 07:50:11.597 主機: https://order10.capital.com.tw/ap2005/new_trade.php
[3272] 2015/02/27 07:50:11.599 OF主機: https://order10.capital.com.tw/ap2005/of_new_trade.php
[4064] 2015/03/02 07:50:15.154 -------------------------------
[4064] 2015/03/02 07:50:15.160 CERT ID:E122828927   BeginDate: 2015-01-24 11:01:08  EndDate: 2016-01-24 23:59:59 
[4064] 2015/03/02 07:50:15.167 SKOrderLib 版本 2.1.22
[4064] 2015/03/02 07:50:15.897 主機: https://order10.capital.com.tw/ap2005/new_trade.php
[4064] 2015/03/02 07:50:15.899 OF主機: https://order10.capital.com.tw/ap2005/of_new_trade.php
[4064] 2015/03/02 07:50:34.877 SKOrderLib 版本 2.1.22
[3152] 2015/03/03 07:50:15.287 -------------------------------
[3152] 2015/03/03 07:50:15.293 CERT ID:E122828927   BeginDate: 2015-01-24 11:01:08  EndDate: 2016-01-24 23:59:59 
[3152] 2015/03/03 07:50:15.300 SKOrderLib 版本 2.1.22
[3152] 2015/03/03 07:50:16.153 主機: https://order11.capital.com.tw/ap2005/new_trade.php
[3152] 2015/03/03 07:50:16.155 OF主機: https://order11.capital.com.tw/ap2005/of_new_trade.php
[2140] 2015/03/04 07:50:14.207 -------------------------------
[2140] 2015/03/04 07:50:14.213 CERT ID:E122828927   BeginDate: 2015-01-24 11:01:08  EndDate: 2016-01-24 23:59:59 
[2140] 2015/03/04 07:50:14.220 SKOrderLib 版本 2.1.22
[2140] 2015/03/04 07:50:15.542 主機: https://order10.capital.com.tw/ap2005/new_trade.php
[2140] 2015/03/04 07:50:15.544 OF主機: https://order10.capital.com.tw/ap2005/of_new_trade.php
[356] 2015/03/09 09:50:07.560 -------------------------------
[356] 2015/03/09 09:50:07.566 CERT ID:E122828927   BeginDate: 2015-01-24 11:01:08  EndDate: 2016-01-24 23:59:59 
[356] 2015/03/09 09:50:07.573 SKOrderLib 版本 2.1.22
[356] 2015/03/09 09:50:08.304 主機: https://order10.capital.com.tw/ap2005/new_trade.php
[356] 2015/03/09 09:50:08.306 OF主機: https://order10.capital.com.tw/ap2005/of_new_trade.php
[356] 2015/03/09 09:50:08.985 SKOrderLib 版本 2.1.22
[2560] 2015/03/10 07:50:11.742 -------------------------------
[2560] 2015/03/10 07:50:11.748 CERT ID:E122828927   BeginDate: 2015-01-24 11:01:08  EndDate: 2016-01-24 23:59:59 
[2560] 2015/03/10 07:50:11.755 SKOrderLib 版本 2.1.22
[2560] 2015/03/10 07:50:12.616 主機: https://order10.capital.com.tw/ap2005/new_trade.php
[2560] 2015/03/10 07:50:12.618 OF主機: https://order10.capital.com.tw/ap2005/of_new_trade.php
[956] 2015/03/11 07:50:11.784 -------------------------------
[956] 2015/03/11 07:50:11.789 CERT ID:E122828927   BeginDate: 2015-01-24 11:01:08  EndDate: 2016-01-24 23:59:59 
[956] 2015/03/11 07:50:11.796 SKOrderLib 版本 2.1.22
[956] 2015/03/11 07:50:12.829 主機: https://order10.capital.com.tw/ap2005/new_trade.php
[956] 2015/03/11 07:50:12.831 OF主機: https://order10.capital.com.tw/ap2005/of_new_trade.php
[2072] 2015/03/12 07:50:10.872 -------------------------------
[2072] 2015/03/12 07:50:10.878 CERT ID:E122828927   BeginDate: 2015-01-24 11:01:08  EndDate: 2016-01-24 23:59:59 
[2072] 2015/03/12 07:50:10.885 SKOrderLib 版本 2.1.22
[2072] 2015/03/12 07:50:11.736 主機: https://order10.capital.com.tw/ap2005/new_trade.php
[2072] 2015/03/12 07:50:11.738 OF主機: https://order10.capital.com.tw/ap2005/of_new_trade.php
