[4916] 2015/01/17 15:00:26.586 -------------------------------
[4916] 2015/01/17 15:00:29.862 Login ID: E122828927
[4916] 2015/01/17 15:00:29.863 回報API版本：2.3.7
[4916] 2015/01/17 15:00:30.311 Code: 0
[4916] 2015/01/17 15:00:33.321 reply Serverreal4.capital.com.tw
[4148] 2015/01/17 15:00:50.173 -------------------------------
[4148] 2015/01/17 15:00:53.259 Login ID: E122828927
[4148] 2015/01/17 15:00:53.260 回報API版本：2.3.7
[4148] 2015/01/17 15:00:53.489 Code: 0
[4148] 2015/01/17 15:00:56.497 reply Serverreal7.capital.com.tw
[4748] 2015/01/17 15:01:18.483 -------------------------------
[4748] 2015/01/17 15:01:21.422 Login ID: E122828927
[4748] 2015/01/17 15:01:21.424 回報API版本：2.3.7
[4748] 2015/01/17 15:01:21.674 Code: 0
[4748] 2015/01/17 15:01:24.683 reply Serverreal6.capital.com.tw
[4928] 2015/01/17 15:14:39.336 -------------------------------
[4928] 2015/01/17 15:14:42.371 Login ID: E122828927
[4928] 2015/01/17 15:14:42.372 回報API版本：2.3.7
[4928] 2015/01/17 15:14:42.621 Code: 0
[4928] 2015/01/17 15:14:57.108 reply Serverreal6.capital.com.tw
[4640] 2015/01/17 15:20:01.394 -------------------------------
[4640] 2015/01/17 15:20:05.250 Login ID: E122828927
[4640] 2015/01/17 15:20:05.251 回報API版本：2.3.7
[4640] 2015/01/17 15:20:05.513 Code: 0
[4640] 2015/01/17 15:20:26.800 reply Serverreal3.capital.com.tw
[4640] 2015/01/17 15:20:30.469 reply Serverreal3.capital.com.tw
[4776] 2015/01/27 07:24:09.733 -------------------------------
[2096] 2015/01/27 07:32:16.999 -------------------------------
[2096] 2015/01/27 07:32:20.700 Login ID: E122828927
[2096] 2015/01/27 07:32:20.702 回報API版本：2.3.7
[2096] 2015/01/27 07:32:20.997 Code: 0
[2096] 2015/01/27 07:32:24.005 reply Serverreal8.capital.com.tw
[3468] 2015/01/27 07:33:32.743 -------------------------------
[3468] 2015/01/27 07:33:33.922 Login ID: E122828927
[3468] 2015/01/27 07:33:33.924 回報API版本：2.3.7
[3468] 2015/01/27 07:33:34.224 Code: 0
[3468] 2015/01/27 07:33:37.233 reply Serverreal4.capital.com.tw
[4260] 2015/01/27 07:35:43.841 -------------------------------
[4260] 2015/01/27 07:35:44.939 Login ID: E122828927
[4260] 2015/01/27 07:35:44.940 回報API版本：2.3.7
[4260] 2015/01/27 07:35:45.299 Code: 0
[4260] 2015/01/27 07:35:48.308 reply Serverreal7.capital.com.tw
[808] 2015/01/27 07:40:10.948 -------------------------------
[808] 2015/01/27 07:40:11.836 Login ID: E122828927
[808] 2015/01/27 07:40:11.837 回報API版本：2.3.7
[808] 2015/01/27 07:40:12.113 Code: 0
[808] 2015/01/27 07:40:15.120 reply Serverreal6.capital.com.tw
[3292] 2015/01/27 07:50:12.128 -------------------------------
[3292] 2015/01/27 07:50:12.992 Login ID: E122828927
[3292] 2015/01/27 07:50:12.993 回報API版本：2.3.7
[3292] 2015/01/27 07:50:13.345 Code: 0
[3292] 2015/01/27 07:50:16.353 reply Serverreal4.capital.com.tw
[1488] 2015/01/27 14:30:12.450 -------------------------------
[1680] 2015/01/27 15:26:12.258 -------------------------------
[3720] 2015/01/28 07:40:11.304 -------------------------------
[3304] 2015/01/28 07:50:12.121 -------------------------------
[2772] 2015/01/28 14:30:12.737 -------------------------------
[4812] 2015/01/29 02:30:12.783 -------------------------------
[2848] 2015/01/29 07:40:10.916 -------------------------------
[2848] 2015/01/29 07:40:11.752 Login ID: E122828927
[2848] 2015/01/29 07:40:11.753 回報API版本：2.3.7
[2848] 2015/01/29 07:40:12.151 Code: 0
[2848] 2015/01/29 07:40:15.156 reply Serverreal8.capital.com.tw
[568] 2015/01/29 14:30:11.175 -------------------------------
[568] 2015/01/29 14:30:13.266 Login ID: E122828927
[568] 2015/01/29 14:30:13.267 回報API版本：2.3.7
[568] 2015/01/29 14:30:13.515 Code: 0
[568] 2015/01/29 14:30:16.521 reply Serverreal6.capital.com.tw
[3268] 2015/01/29 15:26:10.755 -------------------------------
[3268] 2015/01/29 15:26:11.519 Login ID: E122828927
[3268] 2015/01/29 15:26:11.520 回報API版本：2.3.7
[3268] 2015/01/29 15:26:11.760 Code: 0
[3268] 2015/01/29 15:26:14.766 reply Serverreal8.capital.com.tw
[5024] 2015/01/30 02:30:12.153 -------------------------------
[4448] 2015/01/30 07:40:13.285 -------------------------------
[3144] 2015/01/30 07:50:12.074 -------------------------------
[3356] 2015/01/30 14:30:13.247 -------------------------------
[3148] 2015/01/30 15:26:12.105 -------------------------------
[1748] 2015/01/31 02:30:13.823 -------------------------------
[1904] 2015/02/04 07:50:12.986 -------------------------------
[1904] 2015/02/04 07:50:12.992 Login ID: E122828927
[1904] 2015/02/04 07:50:12.993 回報API版本：2.3.7
[1904] 2015/02/04 07:50:13.270 Code: 0
[1904] 2015/02/04 07:50:13.301 reply Serverreal6.capital.com.tw
[3156] 2015/02/04 15:26:12.665 -------------------------------
[3156] 2015/02/04 15:26:12.668 Login ID: E122828927
[3156] 2015/02/04 15:26:12.669 回報API版本：2.3.7
[3156] 2015/02/04 15:26:12.932 Code: 0
[3156] 2015/02/04 15:26:12.955 reply Serverreal6.capital.com.tw
[3416] 2015/02/05 07:50:14.167 -------------------------------
[3416] 2015/02/05 07:50:14.172 Login ID: E122828927
[3416] 2015/02/05 07:50:14.174 回報API版本：2.3.7
[3416] 2015/02/05 07:50:14.441 Code: 0
[3416] 2015/02/05 07:50:14.471 reply Serverreal4.capital.com.tw
[2752] 2015/02/05 15:26:12.469 -------------------------------
[2752] 2015/02/05 15:26:12.474 Login ID: E122828927
[2752] 2015/02/05 15:26:12.475 回報API版本：2.3.7
[2752] 2015/02/05 15:26:12.711 Code: 0
[2752] 2015/02/05 15:26:12.741 reply Serverreal7.capital.com.tw
[4756] 2015/02/06 07:50:13.144 -------------------------------
[4756] 2015/02/06 07:50:13.148 Login ID: E122828927
[4756] 2015/02/06 07:50:13.149 回報API版本：2.3.7
[4756] 2015/02/06 07:50:13.396 Code: 0
[4756] 2015/02/06 07:50:13.432 reply Serverreal3.capital.com.tw
[1952] 2015/02/06 15:26:12.762 -------------------------------
[1952] 2015/02/06 15:26:12.766 Login ID: E122828927
[1952] 2015/02/06 15:26:12.767 回報API版本：2.3.7
[1952] 2015/02/06 15:26:13.000 Code: 0
[1952] 2015/02/06 15:26:13.028 reply Serverreal4.capital.com.tw
[4120] 2015/02/09 07:50:14.032 -------------------------------
[4120] 2015/02/09 07:50:14.037 Login ID: E122828927
[4120] 2015/02/09 07:50:14.039 回報API版本：2.3.7
[4120] 2015/02/09 07:50:14.296 Code: 0
[4120] 2015/02/09 07:50:14.359 reply Serverreal8.capital.com.tw
[4596] 2015/02/09 15:26:12.707 -------------------------------
[4596] 2015/02/09 15:26:12.710 Login ID: E122828927
[4596] 2015/02/09 15:26:12.711 回報API版本：2.3.7
[4596] 2015/02/09 15:26:12.934 Code: 0
[4596] 2015/02/09 15:26:12.963 reply Serverreal4.capital.com.tw
[4724] 2015/02/10 07:50:11.860 -------------------------------
[4724] 2015/02/10 07:50:11.876 Login ID: E122828927
[4724] 2015/02/10 07:50:11.876 回報API版本：2.3.7
[4724] 2015/02/10 07:50:12.172 Code: 0
[4724] 2015/02/10 07:50:12.219 reply Serverreal7.capital.com.tw
[2516] 2015/02/10 15:26:13.155 -------------------------------
[2516] 2015/02/10 15:26:13.155 Login ID: E122828927
[2516] 2015/02/10 15:26:13.155 回報API版本：2.3.7
[2516] 2015/02/10 15:26:13.405 Code: 0
[2516] 2015/02/10 15:26:13.436 reply Serverreal6.capital.com.tw
[5012] 2015/02/11 07:50:11.363 -------------------------------
[5012] 2015/02/11 07:50:11.367 Login ID: E122828927
[5012] 2015/02/11 07:50:11.368 回報API版本：2.3.7
[5012] 2015/02/11 07:50:11.587 Code: 0
[5012] 2015/02/11 07:50:11.612 reply Serverreal8.capital.com.tw
[4632] 2015/02/11 15:26:11.837 -------------------------------
[4632] 2015/02/11 15:26:11.893 Login ID: E122828927
[4632] 2015/02/11 15:26:11.894 回報API版本：2.3.7
[4632] 2015/02/11 15:26:12.169 Code: 0
[3408] 2015/02/12 07:50:14.028 -------------------------------
[3408] 2015/02/12 07:50:14.034 Login ID: E122828927
[3408] 2015/02/12 07:50:14.035 回報API版本：2.3.7
[3408] 2015/02/12 07:50:14.288 Code: 0
[3408] 2015/02/12 07:50:14.317 reply Serverreal6.capital.com.tw
[6444] 2015/02/12 15:26:12.833 -------------------------------
[6444] 2015/02/12 15:26:12.837 Login ID: E122828927
[6444] 2015/02/12 15:26:12.838 回報API版本：2.3.7
[6444] 2015/02/12 15:26:13.079 Code: 0
[6444] 2015/02/12 15:26:13.105 reply Serverreal6.capital.com.tw
[2236] 2015/02/13 07:50:12.943 -------------------------------
[2236] 2015/02/13 07:50:12.949 Login ID: E122828927
[2236] 2015/02/13 07:50:12.950 回報API版本：2.3.7
[2236] 2015/02/13 07:50:13.215 Code: 0
[2236] 2015/02/13 07:50:13.248 reply Serverreal6.capital.com.tw
[5684] 2015/02/13 15:26:13.710 -------------------------------
[5684] 2015/02/13 15:26:13.716 Login ID: E122828927
[5684] 2015/02/13 15:26:13.717 回報API版本：2.3.7
[5684] 2015/02/13 15:26:13.958 Code: 0
[5684] 2015/02/13 15:26:13.990 reply Serverreal6.capital.com.tw
[6340] 2015/02/14 16:58:42.676 -------------------------------
[6340] 2015/02/14 16:58:42.681 Login ID: E122828927
[6340] 2015/02/14 16:58:42.683 回報API版本：2.3.7
[6340] 2015/02/14 16:58:42.909 Code: 0
[6340] 2015/02/14 16:58:42.938 reply Serverreal3.capital.com.tw
[2788] 2015/02/16 07:50:12.615 -------------------------------
[2788] 2015/02/16 07:50:12.621 Login ID: E122828927
[2788] 2015/02/16 07:50:12.622 回報API版本：2.3.7
[2788] 2015/02/16 07:50:12.903 Code: 0
[2788] 2015/02/16 07:50:12.935 reply Serverreal8.capital.com.tw
[1504] 2015/02/16 15:26:12.413 -------------------------------
[1504] 2015/02/16 15:26:12.418 Login ID: E122828927
[1504] 2015/02/16 15:26:12.420 回報API版本：2.3.7
[1504] 2015/02/16 15:26:12.663 Code: 0
[1504] 2015/02/16 15:26:12.690 reply Serverreal6.capital.com.tw
[5044] 2015/02/17 07:50:12.493 -------------------------------
[5044] 2015/02/17 07:50:12.498 Login ID: E122828927
[5044] 2015/02/17 07:50:12.500 回報API版本：2.3.7
[5044] 2015/02/17 07:50:12.772 Code: 0
[5044] 2015/02/17 07:50:12.800 reply Serverreal9.capital.com.tw
[5396] 2015/02/17 15:26:13.348 -------------------------------
[5396] 2015/02/17 15:26:13.353 Login ID: E122828927
[5396] 2015/02/17 15:26:13.354 回報API版本：2.3.7
[5396] 2015/02/17 15:26:13.593 Code: 0
[5396] 2015/02/17 15:26:13.641 reply Serverreal9.capital.com.tw
[7012] 2015/02/18 07:50:13.106 -------------------------------
[7012] 2015/02/18 07:50:13.111 Login ID: E122828927
[7012] 2015/02/18 07:50:13.113 回報API版本：2.3.7
[7012] 2015/02/18 07:50:13.372 Code: 0
[7012] 2015/02/18 07:50:13.441 reply Serverreal6.capital.com.tw
[2752] 2015/02/18 15:26:12.307 -------------------------------
[2752] 2015/02/18 15:26:12.311 Login ID: E122828927
[2752] 2015/02/18 15:26:12.313 回報API版本：2.3.7
[2752] 2015/02/18 15:26:12.562 Code: 0
[2752] 2015/02/18 15:26:12.611 reply Serverreal4.capital.com.tw
[6816] 2015/02/19 07:50:14.132 -------------------------------
[6816] 2015/02/19 07:50:14.138 Login ID: E122828927
[6816] 2015/02/19 07:50:14.139 回報API版本：2.3.7
[6816] 2015/02/19 07:50:14.451 Code: 0
[6816] 2015/02/19 07:50:14.491 reply Serverreal4.capital.com.tw
[3608] 2015/02/19 15:26:14.086 -------------------------------
[3608] 2015/02/19 15:26:14.090 Login ID: E122828927
[3608] 2015/02/19 15:26:14.091 回報API版本：2.3.7
[3608] 2015/02/19 15:26:14.327 Code: 0
[3608] 2015/02/19 15:26:14.368 reply Serverreal9.capital.com.tw
[5732] 2015/02/20 07:50:12.976 -------------------------------
[5732] 2015/02/20 07:50:12.981 Login ID: E122828927
[5732] 2015/02/20 07:50:12.983 回報API版本：2.3.7
[5732] 2015/02/20 07:50:13.284 Code: 0
[5732] 2015/02/20 07:50:13.438 reply Serverreal6.capital.com.tw
[5792] 2015/02/20 15:26:12.282 -------------------------------
[5792] 2015/02/20 15:26:12.286 Login ID: E122828927
[5792] 2015/02/20 15:26:12.287 回報API版本：2.3.7
[5792] 2015/02/20 15:26:12.516 Code: 0
[5792] 2015/02/20 15:26:12.661 reply Serverreal6.capital.com.tw
[5008] 2015/02/23 07:50:15.781 -------------------------------
[5008] 2015/02/23 07:50:15.787 Login ID: E122828927
[5008] 2015/02/23 07:50:15.788 回報API版本：2.3.7
[5008] 2015/02/23 07:50:16.035 Code: 0
[5008] 2015/02/23 07:50:16.082 reply Serverreal8.capital.com.tw
[256] 2015/02/24 07:50:12.618 -------------------------------
[256] 2015/02/24 07:50:12.623 Login ID: E122828927
[256] 2015/02/24 07:50:12.624 回報API版本：2.3.7
[256] 2015/02/24 07:50:12.869 Code: 0
[256] 2015/02/24 07:50:12.904 reply Serverreal4.capital.com.tw
[3948] 2015/02/25 07:50:12.925 -------------------------------
[3948] 2015/02/25 07:50:12.930 Login ID: E122828927
[3948] 2015/02/25 07:50:12.931 回報API版本：2.3.7
[3948] 2015/02/25 07:50:13.177 Code: 0
[3948] 2015/02/25 07:50:13.414 reply Serverreal6.capital.com.tw
[3256] 2015/02/26 07:50:14.601 -------------------------------
[3256] 2015/02/26 07:50:14.607 Login ID: E122828927
[3256] 2015/02/26 07:50:14.608 回報API版本：2.3.7
[3256] 2015/02/26 07:50:15.101 Code: 0
[3256] 2015/02/26 07:50:15.190 reply Serverreal7.capital.com.tw
[3272] 2015/02/27 07:50:11.779 -------------------------------
[3272] 2015/02/27 07:50:11.782 Login ID: E122828927
[3272] 2015/02/27 07:50:11.782 回報API版本：2.3.7
[3272] 2015/02/27 07:50:12.027 Code: 0
[3272] 2015/02/27 07:50:12.041 reply Serverreal6.capital.com.tw
[4064] 2015/03/02 07:50:16.344 -------------------------------
[4064] 2015/03/02 07:50:16.350 Login ID: E122828927
[4064] 2015/03/02 07:50:16.351 回報API版本：2.3.7
[4064] 2015/03/02 07:50:16.608 Code: 0
[4064] 2015/03/02 07:50:16.640 reply Serverreal6.capital.com.tw
[4064] 2015/03/02 07:50:38.474 Login ID: E122828927
[4064] 2015/03/02 07:50:38.475 回報API版本：2.3.7
[4064] 2015/03/02 07:50:38.727 Code: 0
[3152] 2015/03/03 07:50:16.630 -------------------------------
[3152] 2015/03/03 07:50:16.635 Login ID: E122828927
[3152] 2015/03/03 07:50:16.636 回報API版本：2.3.7
[3152] 2015/03/03 07:50:16.888 Code: 0
[3152] 2015/03/03 07:50:16.925 reply Serverreal6.capital.com.tw
[2140] 2015/03/04 07:50:16.077 -------------------------------
[2140] 2015/03/04 07:50:16.082 Login ID: E122828927
[2140] 2015/03/04 07:50:16.084 回報API版本：2.3.7
[2140] 2015/03/04 07:50:16.519 Code: 0
[2140] 2015/03/04 07:50:16.558 reply Serverreal9.capital.com.tw
[356] 2015/03/09 09:50:08.649 -------------------------------
[356] 2015/03/09 09:50:08.655 Login ID: E122828927
[356] 2015/03/09 09:50:08.656 回報API版本：2.3.7
[356] 2015/03/09 09:50:08.911 Code: 0
[356] 2015/03/09 09:50:08.943 reply Serverreal6.capital.com.tw
[356] 2015/03/09 10:09:02.530 Login ID: E122828927
[356] 2015/03/09 10:09:02.531 回報API版本：2.3.7
[356] 2015/03/09 10:09:02.833 Code: 0
[2560] 2015/03/10 07:50:13.115 -------------------------------
[2560] 2015/03/10 07:50:13.121 Login ID: E122828927
[2560] 2015/03/10 07:50:13.122 回報API版本：2.3.7
[2560] 2015/03/10 07:50:13.390 Code: 0
[2560] 2015/03/10 07:50:13.421 reply Serverreal6.capital.com.tw
[956] 2015/03/11 07:50:13.332 -------------------------------
[956] 2015/03/11 07:50:13.337 Login ID: E122828927
[956] 2015/03/11 07:50:13.339 回報API版本：2.3.7
[956] 2015/03/11 07:50:14.070 Code: 0
[956] 2015/03/11 07:50:14.155 reply Serverreal8.capital.com.tw
[2072] 2015/03/12 07:50:12.143 -------------------------------
[2072] 2015/03/12 07:50:12.149 Login ID: E122828927
[2072] 2015/03/12 07:50:12.150 回報API版本：2.3.7
[2072] 2015/03/12 07:50:12.463 Code: 0
[2072] 2015/03/12 07:50:12.498 reply Serverreal8.capital.com.tw
